2018-10-18 02:22:42.452 [aurora.application.session_check] [CONFIG] Session data copied to context
2018-10-18 02:22:42.453 [aurora.application.session_check] [CONFIG] Access check result for modules/exp/EXP2410/exp_sob_batch_companies.svc => success
2018-10-18 02:22:42.453 [uncertain.proc] [CONFIG] [action] AccessCheck
2018-10-18 02:22:42.458 [uncertain.proc] [CONFIG] [action] CheckServiceLock
2018-10-18 02:22:42.458 [uncertain.proc] [CONFIG] [action] ParseParameter
2018-10-18 02:22:42.458 [uncertain.proc] [CONFIG] [action] ValidateInput
2018-10-18 02:22:42.458 [uncertain.proc] [CONFIG] [action] InvokeService
2018-10-18 02:22:42.458 [aurora.database] [CONFIG] Running batch-apply with data from path /parameter/detail1, total 1 records
2018-10-18 02:22:42.458 [aurora.database] [CONFIG] Executing batch-apply on parameter No.0
2018-10-18 02:22:42.458 [aurora.database] [CONFIG] Running batch-apply with data from path @current_parameter/detail2, total 5 records
2018-10-18 02:22:42.458 [aurora.database] [CONFIG] Executing batch-apply on parameter No.0
2018-10-18 02:22:42.485 [uncertain.proc] [CONFIG] [action] DecideStatement
2018-10-18 02:22:42.486 [uncertain.proc] [CONFIG] [action] DecideSqlGenerationMode
2018-10-18 02:22:42.487 [uncertain.proc] [FINE] aurora.database.service.BusinessModelService.onDecideSqlGenerationMode
2018-10-18 02:22:42.487 [uncertain.proc] [CONFIG] [action] CreateOperationSql
2018-10-18 02:22:42.487 [uncertain.proc] [CONFIG] [action] PopulateOperationSql
2018-10-18 02:22:42.487 [uncertain.proc] [FINE] aurora.database.features.OrderByClauseCreator.onPopulateOperationSql
2018-10-18 02:22:42.487 [uncertain.proc] [FINE] aurora.database.features.WhereClauseCreator.onPopulateOperationSql
2018-10-18 02:22:42.487 [uncertain.proc] [CONFIG] [action] CreateSqlRunner
2018-10-18 02:22:42.487 [uncertain.proc] [FINE] aurora.database.service.BusinessModelService.onCreateSqlRunner
2018-10-18 02:22:42.487 [uncertain.proc] [CONFIG] [action] ExecuteDmlStatement
2018-10-18 02:22:42.487 [uncertain.proc] [FINE] aurora.database.service.BusinessModelService.onExecuteDmlStatement
2018-10-18 02:22:42.985 [aurora.database] [CONFIG] 
============= BEGIN [execute] SQL Statement execution dump ============

                begin
                    EXP_SOB_EMPLOYEE_GROUPS_PKG.EXP_EMP_COM_SELECT_ASSIGN
                    (
                        p_set_of_books_id=>?,
                        p_company_id=>?,
                        p_user_groups_code=>?,
                        p_user_id=>?,
                        p_language_code=>?
                    );
                end;
---------------------Binding info---------------------
No.1	Access path:@set_of_books_id	Data type of passed value :java.lang.Integer	Value:122	Output:false	Database Type:null	
No.2	Access path:../../@company_id	Data type of passed value :java.lang.Integer	Value:2555	Output:false	Database Type:null	
No.3	Access path:@exp_groups_code	Data type of passed value :java.lang.String	Value:10	Output:false	Database Type:null	
No.4	Access path:/session/@user_id	Data type of passed value :java.lang.Long	Value:2242	Output:false	Database Type:null	
No.5	Access path:/session/@lang	Data type of passed value :java.lang.String	Value:ZHS	Output:false	Database Type:null	

=============== END [execute] SQL Statement execution dump ============

2018-10-18 02:22:42.985 [aurora.database] [CONFIG] Executing batch-apply on parameter No.1
2018-10-18 02:22:42.987 [uncertain.proc] [CONFIG] [action] DecideStatement
2018-10-18 02:22:42.989 [uncertain.proc] [CONFIG] [action] DecideSqlGenerationMode
2018-10-18 02:22:42.989 [uncertain.proc] [FINE] aurora.database.service.BusinessModelService.onDecideSqlGenerationMode
2018-10-18 02:22:42.989 [uncertain.proc] [CONFIG] [action] CreateOperationSql
2018-10-18 02:22:42.989 [uncertain.proc] [CONFIG] [action] PopulateOperationSql
2018-10-18 02:22:42.989 [uncertain.proc] [FINE] aurora.database.features.OrderByClauseCreator.onPopulateOperationSql
2018-10-18 02:22:42.989 [uncertain.proc] [FINE] aurora.database.features.WhereClauseCreator.onPopulateOperationSql
2018-10-18 02:22:42.989 [uncertain.proc] [CONFIG] [action] CreateSqlRunner
2018-10-18 02:22:42.989 [uncertain.proc] [FINE] aurora.database.service.BusinessModelService.onCreateSqlRunner
2018-10-18 02:22:42.989 [uncertain.proc] [CONFIG] [action] ExecuteDmlStatement
2018-10-18 02:22:42.989 [uncertain.proc] [FINE] aurora.database.service.BusinessModelService.onExecuteDmlStatement
2018-10-18 02:22:42.997 [aurora.database] [CONFIG] 
============= BEGIN [execute] SQL Statement execution dump ============

                begin
                    EXP_SOB_EMPLOYEE_GROUPS_PKG.EXP_EMP_COM_SELECT_ASSIGN
                    (
                        p_set_of_books_id=>?,
                        p_company_id=>?,
                        p_user_groups_code=>?,
                        p_user_id=>?,
                        p_language_code=>?
                    );
                end;
---------------------Binding info---------------------
No.1	Access path:@set_of_books_id	Data type of passed value :java.lang.Integer	Value:122	Output:false	Database Type:null	
No.2	Access path:../../@company_id	Data type of passed value :java.lang.Integer	Value:2555	Output:false	Database Type:null	
No.3	Access path:@exp_groups_code	Data type of passed value :java.lang.String	Value:20	Output:false	Database Type:null	
No.4	Access path:/session/@user_id	Data type of passed value :java.lang.Long	Value:2242	Output:false	Database Type:null	
No.5	Access path:/session/@lang	Data type of passed value :java.lang.String	Value:ZHS	Output:false	Database Type:null	

=============== END [execute] SQL Statement execution dump ============

2018-10-18 02:22:42.998 [aurora.database] [CONFIG] Executing batch-apply on parameter No.2
2018-10-18 02:22:43.0 [uncertain.proc] [CONFIG] [action] DecideStatement
2018-10-18 02:22:43.1 [uncertain.proc] [CONFIG] [action] DecideSqlGenerationMode
2018-10-18 02:22:43.1 [uncertain.proc] [FINE] aurora.database.service.BusinessModelService.onDecideSqlGenerationMode
2018-10-18 02:22:43.1 [uncertain.proc] [CONFIG] [action] CreateOperationSql
2018-10-18 02:22:43.1 [uncertain.proc] [CONFIG] [action] PopulateOperationSql
2018-10-18 02:22:43.1 [uncertain.proc] [FINE] aurora.database.features.OrderByClauseCreator.onPopulateOperationSql
2018-10-18 02:22:43.1 [uncertain.proc] [FINE] aurora.database.features.WhereClauseCreator.onPopulateOperationSql
2018-10-18 02:22:43.1 [uncertain.proc] [CONFIG] [action] CreateSqlRunner
2018-10-18 02:22:43.1 [uncertain.proc] [FINE] aurora.database.service.BusinessModelService.onCreateSqlRunner
2018-10-18 02:22:43.1 [uncertain.proc] [CONFIG] [action] ExecuteDmlStatement
2018-10-18 02:22:43.1 [uncertain.proc] [FINE] aurora.database.service.BusinessModelService.onExecuteDmlStatement
2018-10-18 02:22:43.6 [aurora.database] [CONFIG] 
============= BEGIN [execute] SQL Statement execution dump ============

                begin
                    EXP_SOB_EMPLOYEE_GROUPS_PKG.EXP_EMP_COM_SELECT_ASSIGN
                    (
                        p_set_of_books_id=>?,
                        p_company_id=>?,
                        p_user_groups_code=>?,
                        p_user_id=>?,
                        p_language_code=>?
                    );
                end;
---------------------Binding info---------------------
No.1	Access path:@set_of_books_id	Data type of passed value :java.lang.Integer	Value:122	Output:false	Database Type:null	
No.2	Access path:../../@company_id	Data type of passed value :java.lang.Integer	Value:2555	Output:false	Database Type:null	
No.3	Access path:@exp_groups_code	Data type of passed value :java.lang.String	Value:30	Output:false	Database Type:null	
No.4	Access path:/session/@user_id	Data type of passed value :java.lang.Long	Value:2242	Output:false	Database Type:null	
No.5	Access path:/session/@lang	Data type of passed value :java.lang.String	Value:ZHS	Output:false	Database Type:null	

=============== END [execute] SQL Statement execution dump ============

2018-10-18 02:22:43.6 [aurora.database] [CONFIG] Executing batch-apply on parameter No.3
2018-10-18 02:22:43.9 [uncertain.proc] [CONFIG] [action] DecideStatement
2018-10-18 02:22:43.11 [uncertain.proc] [CONFIG] [action] DecideSqlGenerationMode
2018-10-18 02:22:43.11 [uncertain.proc] [FINE] aurora.database.service.BusinessModelService.onDecideSqlGenerationMode
2018-10-18 02:22:43.11 [uncertain.proc] [CONFIG] [action] CreateOperationSql
2018-10-18 02:22:43.11 [uncertain.proc] [CONFIG] [action] PopulateOperationSql
2018-10-18 02:22:43.11 [uncertain.proc] [FINE] aurora.database.features.OrderByClauseCreator.onPopulateOperationSql
2018-10-18 02:22:43.11 [uncertain.proc] [FINE] aurora.database.features.WhereClauseCreator.onPopulateOperationSql
2018-10-18 02:22:43.11 [uncertain.proc] [CONFIG] [action] CreateSqlRunner
2018-10-18 02:22:43.11 [uncertain.proc] [FINE] aurora.database.service.BusinessModelService.onCreateSqlRunner
2018-10-18 02:22:43.11 [uncertain.proc] [CONFIG] [action] ExecuteDmlStatement
2018-10-18 02:22:43.11 [uncertain.proc] [FINE] aurora.database.service.BusinessModelService.onExecuteDmlStatement
2018-10-18 02:22:43.13 [aurora.database] [CONFIG] 
============= BEGIN [execute] SQL Statement execution dump ============

                begin
                    EXP_SOB_EMPLOYEE_GROUPS_PKG.EXP_EMP_COM_SELECT_ASSIGN
                    (
                        p_set_of_books_id=>?,
                        p_company_id=>?,
                        p_user_groups_code=>?,
                        p_user_id=>?,
                        p_language_code=>?
                    );
                end;
---------------------Binding info---------------------
No.1	Access path:@set_of_books_id	Data type of passed value :java.lang.Integer	Value:122	Output:false	Database Type:null	
No.2	Access path:../../@company_id	Data type of passed value :java.lang.Integer	Value:2555	Output:false	Database Type:null	
No.3	Access path:@exp_groups_code	Data type of passed value :java.lang.String	Value:40	Output:false	Database Type:null	
No.4	Access path:/session/@user_id	Data type of passed value :java.lang.Long	Value:2242	Output:false	Database Type:null	
No.5	Access path:/session/@lang	Data type of passed value :java.lang.String	Value:ZHS	Output:false	Database Type:null	

=============== END [execute] SQL Statement execution dump ============

2018-10-18 02:22:43.13 [aurora.database] [CONFIG] Executing batch-apply on parameter No.4
2018-10-18 02:22:43.16 [uncertain.proc] [CONFIG] [action] DecideStatement
2018-10-18 02:22:43.17 [uncertain.proc] [CONFIG] [action] DecideSqlGenerationMode
2018-10-18 02:22:43.17 [uncertain.proc] [FINE] aurora.database.service.BusinessModelService.onDecideSqlGenerationMode
2018-10-18 02:22:43.17 [uncertain.proc] [CONFIG] [action] CreateOperationSql
2018-10-18 02:22:43.17 [uncertain.proc] [CONFIG] [action] PopulateOperationSql
2018-10-18 02:22:43.17 [uncertain.proc] [FINE] aurora.database.features.OrderByClauseCreator.onPopulateOperationSql
2018-10-18 02:22:43.17 [uncertain.proc] [FINE] aurora.database.features.WhereClauseCreator.onPopulateOperationSql
2018-10-18 02:22:43.17 [uncertain.proc] [CONFIG] [action] CreateSqlRunner
2018-10-18 02:22:43.17 [uncertain.proc] [FINE] aurora.database.service.BusinessModelService.onCreateSqlRunner
2018-10-18 02:22:43.17 [uncertain.proc] [CONFIG] [action] ExecuteDmlStatement
2018-10-18 02:22:43.17 [uncertain.proc] [FINE] aurora.database.service.BusinessModelService.onExecuteDmlStatement
2018-10-18 02:22:43.19 [aurora.database] [CONFIG] 
============= BEGIN [execute] SQL Statement execution dump ============

                begin
                    EXP_SOB_EMPLOYEE_GROUPS_PKG.EXP_EMP_COM_SELECT_ASSIGN
                    (
                        p_set_of_books_id=>?,
                        p_company_id=>?,
                        p_user_groups_code=>?,
                        p_user_id=>?,
                        p_language_code=>?
                    );
                end;
---------------------Binding info---------------------
No.1	Access path:@set_of_books_id	Data type of passed value :java.lang.Integer	Value:122	Output:false	Database Type:null	
No.2	Access path:../../@company_id	Data type of passed value :java.lang.Integer	Value:2555	Output:false	Database Type:null	
No.3	Access path:@exp_groups_code	Data type of passed value :java.lang.String	Value:50	Output:false	Database Type:null	
No.4	Access path:/session/@user_id	Data type of passed value :java.lang.Long	Value:2242	Output:false	Database Type:null	
No.5	Access path:/session/@lang	Data type of passed value :java.lang.String	Value:ZHS	Output:false	Database Type:null	

=============== END [execute] SQL Statement execution dump ============

2018-10-18 02:22:43.19 [uncertain.proc] [CONFIG] [action] CreateSuccessResponse
