2018-10-16 08:38:52.324 [aurora.application.session_check] [CONFIG] Session data copied to context
2018-10-16 08:38:52.329 [aurora.application.session_check] [CONFIG] Access check result for modules/exp/EXP1040/exp_employee_jobs.screen => success
2018-10-16 08:38:52.329 [uncertain.proc] [CONFIG] [action] AccessCheck
2018-10-16 08:38:52.373 [uncertain.proc] [CONFIG] [action] InitService
2018-10-16 08:38:52.373 [uncertain.proc] [CONFIG] [action] ParseParameter
2018-10-16 08:38:52.373 [uncertain.proc] [CONFIG] [action] CreateModel
2018-10-16 08:38:52.373 [aurora.database] [CONFIG] ===================================== prepare to run model-query exp.exp_level_series_select==============================
2018-10-16 08:38:52.383 [uncertain.proc] [CONFIG] [action] DecideSqlGenerationMode
2018-10-16 08:38:52.383 [uncertain.proc] [FINE] aurora.database.service.BusinessModelService.onDecideSqlGenerationMode
2018-10-16 08:38:52.383 [uncertain.proc] [CONFIG] [action] CreateOperationSql
2018-10-16 08:38:52.383 [uncertain.proc] [CONFIG] [action] PopulateOperationSql
2018-10-16 08:38:52.383 [uncertain.proc] [FINE] aurora.database.features.OrderByClauseCreator.onPopulateOperationSql
2018-10-16 08:38:52.383 [uncertain.proc] [FINE] aurora.database.features.WhereClauseCreator.onPopulateOperationSql
2018-10-16 08:38:52.383 [uncertain.proc] [CONFIG] [action] ExecuteQuery
2018-10-16 08:38:52.383 [uncertain.proc] [FINE] aurora.bm.QuerySqlCreator.onExecuteQuery
2018-10-16 08:38:52.391 [uncertain.proc] [CONFIG] [action] QueryFinish
2018-10-16 08:38:52.391 [uncertain.proc] [FINE] aurora.database.features.AutoQueryCounter.onQueryFinish
2018-10-16 08:38:52.391 [uncertain.proc] [CONFIG] [action] FetchResultSet
2018-10-16 08:38:52.391 [uncertain.proc] [FINE] aurora.database.features.CacheBasedLookUpField.postFetchResultSet
2018-10-16 08:38:52.391 [aurora.database] [CONFIG] 
============= BEGIN [query] SQL Statement execution dump ============

            SELECT * FROM (
    			SELECT
    				els.level_series_id,
				    els.level_series_code,
				    (els.level_series_code
				    || '-'
				    ||
				    (SELECT
				        fd.description_text
				    FROM
				        fnd_descriptions fd
				    WHERE
				        els.description_id=fd.description_id AND
				        fd.language       =?
				    )) AS level_series_code_display,
				    els.DESCRIPTION_ID,
				    (SELECT
				        DESCRIPTION_TEXT
				    FROM
				        fnd_descriptions
				    WHERE
				        DESCRIPTION_ID=els.description_id AND
				        Language      =?
				    ) AS level_series_description
				FROM
   					 EXP_LEVEL_SERIES els
				WHERE
   					 els.enabled_flag = 'Y') t
   				
				ORDER BY
   					 level_series_code
    		
---------------------Binding info---------------------
No.1	Access path:/session/@lang	Data type of passed value :java.lang.String	Value:ZHS	Output:false	Database Type:null	
No.2	Access path:/session/@lang	Data type of passed value :java.lang.String	Value:ZHS	Output:false	Database Type:null	

=============== END [query] SQL Statement execution dump ============

2018-10-16 08:38:52.392 [uncertain.proc] [CONFIG] [action] CreateView
2018-10-16 08:38:52.392 [uncertain.proc] [CONFIG] [action] BuildOutputContent
2018-10-16 08:38:52.392 [aurora.presentation.buildsession] [CONFIG] Start build session
2018-10-16 08:38:52.392 [aurora.presentation.buildsession] [CONFIG] building view: <html-page> -> aurora.presentation.component.HtmlPage@79320310
2018-10-16 08:38:52.392 [aurora.presentation.buildsession] [CONFIG] building view: <script> -> aurora.presentation.DefaultViewBuilder@35f5c5a3
2018-10-16 08:38:52.393 [aurora.presentation.buildsession] [CONFIG] building view: <dataSets> -> aurora.application.features.DataSetInit@1ced2b57
2018-10-16 08:38:52.393 [aurora.presentation.buildsession] [CONFIG] building view: <dataSet> -> aurora.presentation.TemplateBasedView@3dda489e
2018-10-16 08:38:52.395 [aurora.presentation.buildsession] [CONFIG] building view: <dataSet> -> aurora.presentation.TemplateBasedView@3dda489e
2018-10-16 08:38:52.396 [aurora.presentation.buildsession] [CONFIG] building view: <dataSet> -> aurora.presentation.TemplateBasedView@3dda489e
2018-10-16 08:38:52.398 [aurora.presentation.buildsession] [CONFIG] building view: <screenBody> -> aurora.presentation.component.std.ScreenBody@476a2a0f
2018-10-16 08:38:52.398 [aurora.presentation.buildsession] [CONFIG] building view: <screenTopToolbar> -> aurora.presentation.component.std.ScreenTopToolbar@67f9f5c9
2018-10-16 08:38:52.398 [aurora.presentation.buildsession] [CONFIG] building view: <screenTitle> -> aurora.presentation.component.std.ScreenTitle@e3a40a5
2018-10-16 08:38:52.403 [uncertain.proc] [CONFIG] [action] DecideSqlGenerationMode
2018-10-16 08:38:52.403 [uncertain.proc] [FINE] aurora.database.service.BusinessModelService.onDecideSqlGenerationMode
2018-10-16 08:38:52.403 [uncertain.proc] [CONFIG] [action] CreatequeryStatement
2018-10-16 08:38:52.403 [uncertain.proc] [FINE] aurora.bm.QuerySqlCreator.onCreateQueryStatement
2018-10-16 08:38:52.403 [uncertain.proc] [CONFIG] [action] PopulatequeryStatement
2018-10-16 08:38:52.403 [uncertain.proc] [FINE] aurora.database.features.OrderByClauseCreator.onPopulateQueryStatement
2018-10-16 08:38:52.403 [uncertain.proc] [FINE] aurora.database.features.WhereClauseCreator.onPopulateQueryStatement
2018-10-16 08:38:52.403 [uncertain.proc] [CONFIG] [action] CreatequerySql
2018-10-16 08:38:52.403 [uncertain.proc] [FINE] aurora.bm.QuerySqlCreator.onCreateQuerySql
2018-10-16 08:38:52.403 [uncertain.proc] [CONFIG] [action] ExecuteQuery
2018-10-16 08:38:52.403 [uncertain.proc] [FINE] aurora.bm.QuerySqlCreator.onExecuteQuery
2018-10-16 08:38:52.404 [uncertain.proc] [CONFIG] [action] QueryFinish
2018-10-16 08:38:52.404 [uncertain.proc] [FINE] aurora.database.features.AutoQueryCounter.onQueryFinish
2018-10-16 08:38:52.404 [uncertain.proc] [CONFIG] [action] FetchResultSet
2018-10-16 08:38:52.404 [uncertain.proc] [FINE] aurora.database.features.CacheBasedLookUpField.postFetchResultSet
2018-10-16 08:38:52.404 [aurora.database] [CONFIG] 
============= BEGIN [query] SQL Statement execution dump ============
SELECT f.service_id,f.service_name,f.is_entry_page,f.is_access_checked,f.is_login_required,f.is_system_access,? AS language,(select d.description_text from fnd_descriptions d where d.description_id = f.title_id and d.language = ?) AS title,f.title_id,f.weixin_flag
FROM sys_service f
WHERE f.service_name = ?
ORDER BY service_name
---------------------Binding info---------------------
No.1	Access path:/session/@lang	Data type of passed value :java.lang.String	Value:ZHS	Output:false	Database Type:null	
No.2	Access path:/session/@lang	Data type of passed value :java.lang.String	Value:ZHS	Output:false	Database Type:null	
No.3	Access path:@service_name	Data type of passed value :java.lang.String	Value:modules/exp/EXP1040/exp_employee_jobs.screen	Output:false	Database Type:null	

=============== END [query] SQL Statement execution dump ============

2018-10-16 08:38:52.404 [aurora.presentation.buildsession] [CONFIG] building view: <toolbarButton> -> aurora.presentation.TemplateBasedView@3dda489e
2018-10-16 08:38:52.404 [aurora.presentation.buildsession] [CONFIG] building view: <gridButton> -> aurora.presentation.TemplateBasedView@3dda489e
2018-10-16 08:38:52.404 [aurora.presentation.buildsession] [CONFIG] building view: <gridButton> -> aurora.presentation.TemplateBasedView@3dda489e
2018-10-16 08:38:52.405 [aurora.presentation.buildsession] [CONFIG] building view: <gridButton> -> aurora.presentation.TemplateBasedView@3dda489e
2018-10-16 08:38:52.405 [aurora.presentation.buildsession] [CONFIG] building view: <queryForm> -> aurora.presentation.component.std.QueryForm@1c83af18
2018-10-16 08:38:52.405 [aurora.presentation.buildsession] [CONFIG] building view: <hBox> -> aurora.presentation.component.std.HBox@10cae3b
2018-10-16 08:38:52.405 [aurora.presentation.buildsession] [CONFIG] building view: <textField> -> aurora.presentation.TemplateBasedView@3dda489e
2018-10-16 08:38:52.406 [aurora.presentation.buildsession] [CONFIG] building view: <textField> -> aurora.presentation.TemplateBasedView@3dda489e
2018-10-16 08:38:52.406 [aurora.presentation.buildsession] [CONFIG] building view: <toolbarButton> -> aurora.presentation.TemplateBasedView@3dda489e
2018-10-16 08:38:52.406 [aurora.presentation.buildsession] [CONFIG] building view: <grid> -> aurora.presentation.TemplateBasedView@3dda489e
2018-10-16 08:38:52.406 [aurora.presentation.buildsession] [CONFIG] building view: <navBar> -> aurora.presentation.TemplateBasedView@3dda489e
2018-10-16 08:38:52.408 [aurora.presentation.buildsession] [CONFIG] building view: <button> -> aurora.presentation.TemplateBasedView@3dda489e
2018-10-16 08:38:52.408 [aurora.presentation.buildsession] [CONFIG] building view: <button> -> aurora.presentation.TemplateBasedView@3dda489e
2018-10-16 08:38:52.408 [aurora.presentation.buildsession] [CONFIG] building view: <separator> -> aurora.presentation.TemplateBasedView@3dda489e
2018-10-16 08:38:52.409 [aurora.presentation.buildsession] [CONFIG] building view: <div> -> aurora.presentation.DefaultViewBuilder@35f5c5a3
2018-10-16 08:38:52.409 [aurora.presentation.buildsession] [CONFIG] building view: <numberField> -> aurora.presentation.TemplateBasedView@3dda489e
2018-10-16 08:38:52.409 [aurora.presentation.buildsession] [CONFIG] building view: <div> -> aurora.presentation.DefaultViewBuilder@35f5c5a3
2018-10-16 08:38:52.409 [aurora.presentation.buildsession] [CONFIG] building view: <separator> -> aurora.presentation.TemplateBasedView@3dda489e
2018-10-16 08:38:52.409 [aurora.presentation.buildsession] [CONFIG] building view: <button> -> aurora.presentation.TemplateBasedView@3dda489e
2018-10-16 08:38:52.409 [aurora.presentation.buildsession] [CONFIG] building view: <button> -> aurora.presentation.TemplateBasedView@3dda489e
2018-10-16 08:38:52.409 [aurora.presentation.buildsession] [CONFIG] building view: <button> -> aurora.presentation.TemplateBasedView@3dda489e
2018-10-16 08:38:52.410 [aurora.presentation.buildsession] [CONFIG] building view: <separator> -> aurora.presentation.TemplateBasedView@3dda489e
2018-10-16 08:38:52.410 [aurora.presentation.buildsession] [CONFIG] building view: <div> -> aurora.presentation.DefaultViewBuilder@35f5c5a3
2018-10-16 08:38:52.410 [aurora.presentation.buildsession] [CONFIG] building view: <comboBox> -> aurora.presentation.TemplateBasedView@3dda489e
2018-10-16 08:38:52.410 [aurora.presentation.buildsession] [CONFIG] building view: <div> -> aurora.presentation.DefaultViewBuilder@35f5c5a3
2018-10-16 08:38:52.410 [aurora.presentation.buildsession] [CONFIG] building view: <separator> -> aurora.presentation.TemplateBasedView@3dda489e
2018-10-16 08:38:52.410 [aurora.presentation.buildsession] [CONFIG] building view: <div> -> aurora.presentation.DefaultViewBuilder@35f5c5a3
2018-10-16 08:38:52.411 [aurora.presentation.buildsession] [CONFIG] building view: <textField> -> aurora.presentation.TemplateBasedView@3dda489e
2018-10-16 08:38:52.411 [aurora.presentation.buildsession] [CONFIG] building view: <textField> -> aurora.presentation.TemplateBasedView@3dda489e
2018-10-16 08:38:52.411 [aurora.presentation.buildsession] [CONFIG] building view: <comboBox> -> aurora.presentation.TemplateBasedView@3dda489e
2018-10-16 08:38:52.411 [aurora.presentation.buildsession] [CONFIG] building view: <checkBox> -> aurora.presentation.TemplateBasedView@3dda489e
2018-10-16 08:38:52.412 [aurora.presentation.buildsession] [CONFIG] building view: <script> -> aurora.presentation.DefaultViewBuilder@35f5c5a3
2018-10-16 08:38:52.412 [aurora.presentation.buildsession] [CONFIG] End build session
