2018-09-30 03:22:12.353 [aurora.application.session_check] [CONFIG] Session data copied to context
2018-09-30 03:22:12.353 [aurora.application.session_check] [CONFIG] Access check result for modules/wfl/WFL2010/wfl_workflow_edit.screen => success
2018-09-30 03:22:12.353 [uncertain.proc] [CONFIG] [action] AccessCheck
2018-09-30 03:22:12.364 [uncertain.proc] [CONFIG] [action] InitService
2018-09-30 03:22:12.364 [uncertain.proc] [CONFIG] [action] ParseParameter
2018-09-30 03:22:12.364 [uncertain.proc] [CONFIG] [action] CreateModel
2018-09-30 03:22:12.364 [aurora.database] [CONFIG] ===================================== prepare to run model-query wfl.wfl_workflow_page_vl==============================
2018-09-30 03:22:12.369 [uncertain.proc] [CONFIG] [action] DecideSqlGenerationMode
2018-09-30 03:22:12.369 [uncertain.proc] [FINE] aurora.database.service.BusinessModelService.onDecideSqlGenerationMode
2018-09-30 03:22:12.369 [uncertain.proc] [CONFIG] [action] CreatequeryStatement
2018-09-30 03:22:12.369 [uncertain.proc] [FINE] aurora.bm.QuerySqlCreator.onCreateQueryStatement
2018-09-30 03:22:12.369 [uncertain.proc] [CONFIG] [action] PopulatequeryStatement
2018-09-30 03:22:12.369 [uncertain.proc] [FINE] aurora.database.features.OrderByClauseCreator.onPopulateQueryStatement
2018-09-30 03:22:12.369 [uncertain.proc] [FINE] aurora.database.features.WhereClauseCreator.onPopulateQueryStatement
2018-09-30 03:22:12.369 [uncertain.proc] [CONFIG] [action] CreatequerySql
2018-09-30 03:22:12.369 [uncertain.proc] [FINE] aurora.bm.QuerySqlCreator.onCreateQuerySql
2018-09-30 03:22:12.369 [uncertain.proc] [CONFIG] [action] ExecuteQuery
2018-09-30 03:22:12.369 [uncertain.proc] [FINE] aurora.bm.QuerySqlCreator.onExecuteQuery
2018-09-30 03:22:12.373 [uncertain.proc] [CONFIG] [action] QueryFinish
2018-09-30 03:22:12.373 [uncertain.proc] [FINE] aurora.database.features.AutoQueryCounter.onQueryFinish
2018-09-30 03:22:12.373 [uncertain.proc] [CONFIG] [action] FetchResultSet
2018-09-30 03:22:12.373 [uncertain.proc] [FINE] aurora.database.features.CacheBasedLookUpField.postFetchResultSet
2018-09-30 03:22:12.373 [aurora.database] [CONFIG] 
============= BEGIN [query] SQL Statement execution dump ============
SELECT t1.RECORD_ID,t1.SERVICE_NAME,t1.SERVICE_DISPLAY,t1.DESCRIPTION
FROM WFL_WORKFLOW_PAGE_VL t1

---------------------Binding info---------------------
null
=============== END [query] SQL Statement execution dump ============

2018-09-30 03:22:12.373 [aurora.database] [CONFIG] ===================================== prepare to run model-query wfl.wfl_workflow==============================
2018-09-30 03:22:12.385 [uncertain.proc] [CONFIG] [action] DecideSqlGenerationMode
2018-09-30 03:22:12.385 [uncertain.proc] [FINE] aurora.database.service.BusinessModelService.onDecideSqlGenerationMode
2018-09-30 03:22:12.385 [uncertain.proc] [CONFIG] [action] CreatequeryStatement
2018-09-30 03:22:12.385 [uncertain.proc] [FINE] aurora.bm.QuerySqlCreator.onCreateQueryStatement
2018-09-30 03:22:12.388 [uncertain.proc] [CONFIG] [action] PopulatequeryStatement
2018-09-30 03:22:12.388 [uncertain.proc] [FINE] aurora.database.features.OrderByClauseCreator.onPopulateQueryStatement
2018-09-30 03:22:12.388 [uncertain.proc] [FINE] aurora.database.features.WhereClauseCreator.onPopulateQueryStatement
2018-09-30 03:22:12.388 [uncertain.proc] [CONFIG] [action] CreatequerySql
2018-09-30 03:22:12.388 [uncertain.proc] [FINE] aurora.bm.QuerySqlCreator.onCreateQuerySql
2018-09-30 03:22:12.388 [uncertain.proc] [CONFIG] [action] ExecuteQuery
2018-09-30 03:22:12.388 [uncertain.proc] [FINE] aurora.bm.QuerySqlCreator.onExecuteQuery
2018-09-30 03:22:12.391 [uncertain.proc] [CONFIG] [action] QueryFinish
2018-09-30 03:22:12.391 [uncertain.proc] [FINE] aurora.database.features.AutoQueryCounter.onQueryFinish
2018-09-30 03:22:12.391 [uncertain.proc] [CONFIG] [action] FetchResultSet
2018-09-30 03:22:12.391 [uncertain.proc] [FINE] aurora.database.features.CacheBasedLookUpField.postFetchResultSet
2018-09-30 03:22:12.393 [aurora.database] [CONFIG] 
============= BEGIN [query] SQL Statement execution dump ============
SELECT e.workflow_id,e.workflow_code,e.name_id,(select DESCRIPTION_TEXT from fnd_descriptions where DESCRIPTION_ID=e.name_id and Language=?) AS name,e.display_form,e.update_form,e.can_cancel,decode(e.can_cancel, 1, '是', 0, '否') AS can_cancel_display,e.status,decode(e.status, 0, '有效', -1, '无效') AS status_display,e.workflow_category,e.finish_procedure,pc.PROC_DISPLAY AS finish_procedure_name,disf.SERVICE_DISPLAY AS display_form_display,updf.SERVICE_DISPLAY AS update_form_display
FROM wfl_workflow e
	LEFT OUTER JOIN WFL_WORKFLOW_PROCEDURE_VL pc ON e.finish_procedure = pc.PROC_NAME AND e.workflow_id = pc.WORKFLOW_ID
	LEFT OUTER JOIN WFL_WORKFLOW_PAGE_VL disf ON e.display_form = disf.SERVICE_NAME
	LEFT OUTER JOIN WFL_WORKFLOW_PAGE_VL updf ON e.update_form = updf.SERVICE_NAME
WHERE e.workflow_id = ?
---------------------Binding info---------------------
No.1	Access path:/session/@lang	Data type of passed value :java.lang.String	Value:ZHS	Output:false	Database Type:null	
No.2	Access path:@workflow_id	Data type of passed value :java.lang.String	Value:121	Output:false	Database Type:null	

=============== END [query] SQL Statement execution dump ============

2018-09-30 03:22:12.393 [aurora.database] [CONFIG] ===================================== prepare to run model-query wfl.wfl_workflow_node==============================
2018-09-30 03:22:12.396 [uncertain.proc] [CONFIG] [action] DecideSqlGenerationMode
2018-09-30 03:22:12.396 [uncertain.proc] [FINE] aurora.database.service.BusinessModelService.onDecideSqlGenerationMode
2018-09-30 03:22:12.396 [uncertain.proc] [CONFIG] [action] CreatequeryStatement
2018-09-30 03:22:12.396 [uncertain.proc] [FINE] aurora.bm.QuerySqlCreator.onCreateQueryStatement
2018-09-30 03:22:12.396 [uncertain.proc] [CONFIG] [action] PopulatequeryStatement
2018-09-30 03:22:12.396 [uncertain.proc] [FINE] aurora.database.features.OrderByClauseCreator.onPopulateQueryStatement
2018-09-30 03:22:12.396 [uncertain.proc] [FINE] aurora.database.features.WhereClauseCreator.onPopulateQueryStatement
2018-09-30 03:22:12.396 [uncertain.proc] [CONFIG] [action] CreatequerySql
2018-09-30 03:22:12.396 [uncertain.proc] [FINE] aurora.bm.QuerySqlCreator.onCreateQuerySql
2018-09-30 03:22:12.396 [uncertain.proc] [CONFIG] [action] ExecuteQuery
2018-09-30 03:22:12.396 [uncertain.proc] [FINE] aurora.bm.QuerySqlCreator.onExecuteQuery
2018-09-30 03:22:12.397 [uncertain.proc] [CONFIG] [action] QueryFinish
2018-09-30 03:22:12.397 [uncertain.proc] [FINE] aurora.database.features.AutoQueryCounter.onQueryFinish
2018-09-30 03:22:12.397 [uncertain.proc] [CONFIG] [action] FetchResultSet
2018-09-30 03:22:12.397 [uncertain.proc] [FINE] aurora.database.features.CacheBasedLookUpField.postFetchResultSet
2018-09-30 03:22:12.397 [aurora.database] [CONFIG] 
============= BEGIN [query] SQL Statement execution dump ============
SELECT e.node_id,e.workflow_id,e.sequence_num,e.approval_type,e.quantity,e.recipient_type,e.can_deliver_to,e.can_auto_pass,e.can_add_approver,e.can_no_approver,e.can_add_notification,e.form_name,(select service_display from wfl_workflow_page_vl where  service_name=e.form_name) AS form_name_display,e.form_width,e.form_height,(select DESCRIPTION_TEXT from fnd_descriptions where DESCRIPTION_ID=e.name_id and Language=?) AS name,e.name_id,e.notify_period,e.notify_period_length,e.process_date,e.process_date_unit_id,e.mail_notify,e.is_date_limited,e.is_self_re_commit,e.notify_on_finish,e.is_comment_access_control,(select DESCRIPTION_TEXT from fnd_descriptions where DESCRIPTION_ID=e.description_id and Language=?) AS description,e.description_id,e.check_proc,e.pre_node_proc
FROM wfl_workflow_node e
WHERE e.workflow_id = ?
ORDER BY e.sequence_num asc
---------------------Binding info---------------------
No.1	Access path:/session/@lang	Data type of passed value :java.lang.String	Value:ZHS	Output:false	Database Type:null	
No.2	Access path:/session/@lang	Data type of passed value :java.lang.String	Value:ZHS	Output:false	Database Type:null	
No.3	Access path:@workflow_id	Data type of passed value :java.lang.String	Value:121	Output:false	Database Type:null	

=============== END [query] SQL Statement execution dump ============

2018-09-30 03:22:12.397 [aurora.database] [CONFIG] ===================================== prepare to run model-query wfl.WFL2010.wfl_workflow_procedure_vl==============================
2018-09-30 03:22:12.399 [uncertain.proc] [CONFIG] [action] DecideSqlGenerationMode
2018-09-30 03:22:12.399 [uncertain.proc] [FINE] aurora.database.service.BusinessModelService.onDecideSqlGenerationMode
2018-09-30 03:22:12.399 [uncertain.proc] [CONFIG] [action] CreatequeryStatement
2018-09-30 03:22:12.399 [uncertain.proc] [FINE] aurora.bm.QuerySqlCreator.onCreateQueryStatement
2018-09-30 03:22:12.400 [uncertain.proc] [CONFIG] [action] PopulatequeryStatement
2018-09-30 03:22:12.400 [uncertain.proc] [FINE] aurora.database.features.OrderByClauseCreator.onPopulateQueryStatement
2018-09-30 03:22:12.400 [uncertain.proc] [FINE] aurora.database.features.WhereClauseCreator.onPopulateQueryStatement
2018-09-30 03:22:12.400 [uncertain.proc] [CONFIG] [action] CreatequerySql
2018-09-30 03:22:12.400 [uncertain.proc] [FINE] aurora.bm.QuerySqlCreator.onCreateQuerySql
2018-09-30 03:22:12.400 [uncertain.proc] [CONFIG] [action] ExecuteQuery
2018-09-30 03:22:12.400 [uncertain.proc] [FINE] aurora.bm.QuerySqlCreator.onExecuteQuery
2018-09-30 03:22:12.400 [uncertain.proc] [CONFIG] [action] QueryFinish
2018-09-30 03:22:12.400 [uncertain.proc] [FINE] aurora.database.features.AutoQueryCounter.onQueryFinish
2018-09-30 03:22:12.400 [uncertain.proc] [CONFIG] [action] FetchResultSet
2018-09-30 03:22:12.400 [uncertain.proc] [FINE] aurora.database.features.CacheBasedLookUpField.postFetchResultSet
2018-09-30 03:22:12.400 [aurora.database] [CONFIG] 
============= BEGIN [query] SQL Statement execution dump ============
SELECT t1.RECORD_ID,t1.WORKFLOW_ID,t1.PROC_NAME,t1.PROC_DISPLAY,t1.DESCRIPTION,t1.PROC_TYPE
FROM WFL_WORKFLOW_PROCEDURE_VL t1
WHERE workflow_id=? and proc_type = 60
---------------------Binding info---------------------
No.1	Access path:/parameter/@workflow_id	Data type of passed value :java.lang.String	Value:121	Output:false	Database Type:null	

=============== END [query] SQL Statement execution dump ============

2018-09-30 03:22:12.400 [aurora.database] [CONFIG] ===================================== prepare to run model-query wfl.wfl_workflow_recipient_type==============================
2018-09-30 03:22:12.402 [uncertain.proc] [CONFIG] [action] DecideSqlGenerationMode
2018-09-30 03:22:12.402 [uncertain.proc] [FINE] aurora.database.service.BusinessModelService.onDecideSqlGenerationMode
2018-09-30 03:22:12.402 [uncertain.proc] [CONFIG] [action] CreateOperationSql
2018-09-30 03:22:12.402 [uncertain.proc] [CONFIG] [action] PopulateOperationSql
2018-09-30 03:22:12.402 [uncertain.proc] [FINE] aurora.database.features.OrderByClauseCreator.onPopulateOperationSql
2018-09-30 03:22:12.402 [uncertain.proc] [FINE] aurora.database.features.WhereClauseCreator.onPopulateOperationSql
2018-09-30 03:22:12.402 [uncertain.proc] [CONFIG] [action] ExecuteQuery
2018-09-30 03:22:12.402 [uncertain.proc] [FINE] aurora.bm.QuerySqlCreator.onExecuteQuery
2018-09-30 03:22:12.404 [uncertain.proc] [CONFIG] [action] QueryFinish
2018-09-30 03:22:12.404 [uncertain.proc] [FINE] aurora.database.features.AutoQueryCounter.onQueryFinish
2018-09-30 03:22:12.404 [uncertain.proc] [CONFIG] [action] FetchResultSet
2018-09-30 03:22:12.404 [uncertain.proc] [FINE] aurora.database.features.CacheBasedLookUpField.postFetchResultSet
2018-09-30 03:22:12.404 [aurora.database] [CONFIG] 
============= BEGIN [query] SQL Statement execution dump ============

                select to_number(code_value) value, 
                       code_value_name name
                  from sys_service_lookup_v
                 where code = 'WFL_WORKFLOW_RECIPIENT_TYPE' 
                 and language=?
            
---------------------Binding info---------------------
No.1	Access path:/session/@lang	Data type of passed value :java.lang.String	Value:ZHS	Output:false	Database Type:null	

=============== END [query] SQL Statement execution dump ============

2018-09-30 03:22:12.404 [aurora.database] [CONFIG] ===================================== prepare to run model-query wfl.wfl_workflow_approval_type==============================
2018-09-30 03:22:12.407 [uncertain.proc] [CONFIG] [action] DecideSqlGenerationMode
2018-09-30 03:22:12.407 [uncertain.proc] [FINE] aurora.database.service.BusinessModelService.onDecideSqlGenerationMode
2018-09-30 03:22:12.407 [uncertain.proc] [CONFIG] [action] CreateOperationSql
2018-09-30 03:22:12.407 [uncertain.proc] [CONFIG] [action] PopulateOperationSql
2018-09-30 03:22:12.407 [uncertain.proc] [FINE] aurora.database.features.OrderByClauseCreator.onPopulateOperationSql
2018-09-30 03:22:12.407 [uncertain.proc] [FINE] aurora.database.features.WhereClauseCreator.onPopulateOperationSql
2018-09-30 03:22:12.407 [uncertain.proc] [CONFIG] [action] ExecuteQuery
2018-09-30 03:22:12.407 [uncertain.proc] [FINE] aurora.bm.QuerySqlCreator.onExecuteQuery
2018-09-30 03:22:12.408 [uncertain.proc] [CONFIG] [action] QueryFinish
2018-09-30 03:22:12.408 [uncertain.proc] [FINE] aurora.database.features.AutoQueryCounter.onQueryFinish
2018-09-30 03:22:12.408 [uncertain.proc] [CONFIG] [action] FetchResultSet
2018-09-30 03:22:12.408 [uncertain.proc] [FINE] aurora.database.features.CacheBasedLookUpField.postFetchResultSet
2018-09-30 03:22:12.408 [aurora.database] [CONFIG] 
============= BEGIN [query] SQL Statement execution dump ============

                select to_number(code_value) value, 
                       code_value_name name
                  from sys_service_lookup_v
                 where code = 'WFL_WORKFLOW_APPROVAL_TYPE'
                 and language=?
            
---------------------Binding info---------------------
No.1	Access path:/session/@lang	Data type of passed value :java.lang.String	Value:ZHS	Output:false	Database Type:null	

=============== END [query] SQL Statement execution dump ============

2018-09-30 03:22:12.408 [aurora.database] [CONFIG] ===================================== prepare to run model-query wfl.wfl_workflow_category==============================
2018-09-30 03:22:12.410 [uncertain.proc] [CONFIG] [action] DecideSqlGenerationMode
2018-09-30 03:22:12.410 [uncertain.proc] [FINE] aurora.database.service.BusinessModelService.onDecideSqlGenerationMode
2018-09-30 03:22:12.410 [uncertain.proc] [CONFIG] [action] CreateOperationSql
2018-09-30 03:22:12.410 [uncertain.proc] [CONFIG] [action] PopulateOperationSql
2018-09-30 03:22:12.410 [uncertain.proc] [FINE] aurora.database.features.OrderByClauseCreator.onPopulateOperationSql
2018-09-30 03:22:12.410 [uncertain.proc] [FINE] aurora.database.features.WhereClauseCreator.onPopulateOperationSql
2018-09-30 03:22:12.410 [uncertain.proc] [CONFIG] [action] ExecuteQuery
2018-09-30 03:22:12.410 [uncertain.proc] [FINE] aurora.bm.QuerySqlCreator.onExecuteQuery
2018-09-30 03:22:12.411 [uncertain.proc] [CONFIG] [action] QueryFinish
2018-09-30 03:22:12.411 [uncertain.proc] [FINE] aurora.database.features.AutoQueryCounter.onQueryFinish
2018-09-30 03:22:12.411 [uncertain.proc] [CONFIG] [action] FetchResultSet
2018-09-30 03:22:12.411 [uncertain.proc] [FINE] aurora.database.features.CacheBasedLookUpField.postFetchResultSet
2018-09-30 03:22:12.411 [aurora.database] [CONFIG] 
============= BEGIN [query] SQL Statement execution dump ============

                select code_value,
                       code_value_name
                  from sys_service_lookup_v v
                 where code = 'WFL_WORKFLOW_CATEGORY' 
                 and v.enabled_flag = 'Y'
                 and language=?
                 ORDER BY code_value 
            
---------------------Binding info---------------------
No.1	Access path:/session/@lang	Data type of passed value :java.lang.String	Value:ZHS	Output:false	Database Type:null	

=============== END [query] SQL Statement execution dump ============

2018-09-30 03:22:12.411 [aurora.database] [CONFIG] ===================================== prepare to run model-query wfl.wfl_workflow_page_vl==============================
2018-09-30 03:22:12.414 [uncertain.proc] [CONFIG] [action] DecideSqlGenerationMode
2018-09-30 03:22:12.414 [uncertain.proc] [FINE] aurora.database.service.BusinessModelService.onDecideSqlGenerationMode
2018-09-30 03:22:12.414 [uncertain.proc] [CONFIG] [action] CreatequeryStatement
2018-09-30 03:22:12.414 [uncertain.proc] [FINE] aurora.bm.QuerySqlCreator.onCreateQueryStatement
2018-09-30 03:22:12.414 [uncertain.proc] [CONFIG] [action] PopulatequeryStatement
2018-09-30 03:22:12.414 [uncertain.proc] [FINE] aurora.database.features.OrderByClauseCreator.onPopulateQueryStatement
2018-09-30 03:22:12.414 [uncertain.proc] [FINE] aurora.database.features.WhereClauseCreator.onPopulateQueryStatement
2018-09-30 03:22:12.414 [uncertain.proc] [CONFIG] [action] CreatequerySql
2018-09-30 03:22:12.414 [uncertain.proc] [FINE] aurora.bm.QuerySqlCreator.onCreateQuerySql
2018-09-30 03:22:12.414 [uncertain.proc] [CONFIG] [action] ExecuteQuery
2018-09-30 03:22:12.414 [uncertain.proc] [FINE] aurora.bm.QuerySqlCreator.onExecuteQuery
2018-09-30 03:22:12.417 [uncertain.proc] [CONFIG] [action] QueryFinish
2018-09-30 03:22:12.417 [uncertain.proc] [FINE] aurora.database.features.AutoQueryCounter.onQueryFinish
2018-09-30 03:22:12.417 [uncertain.proc] [CONFIG] [action] FetchResultSet
2018-09-30 03:22:12.417 [uncertain.proc] [FINE] aurora.database.features.CacheBasedLookUpField.postFetchResultSet
2018-09-30 03:22:12.417 [aurora.database] [CONFIG] 
============= BEGIN [query] SQL Statement execution dump ============
SELECT t1.RECORD_ID,t1.SERVICE_NAME,t1.SERVICE_DISPLAY,t1.DESCRIPTION
FROM WFL_WORKFLOW_PAGE_VL t1

---------------------Binding info---------------------
null
=============== END [query] SQL Statement execution dump ============

2018-09-30 03:22:12.417 [uncertain.proc] [CONFIG] [action] CreateView
2018-09-30 03:22:12.417 [uncertain.proc] [CONFIG] [action] BuildOutputContent
2018-09-30 03:22:12.417 [aurora.presentation.buildsession] [CONFIG] Start build session
2018-09-30 03:22:12.417 [aurora.presentation.buildsession] [CONFIG] building view: <html-page> -> aurora.presentation.component.HtmlPage@2461ef9d
2018-09-30 03:22:12.418 [aurora.presentation.buildsession] [CONFIG] building view: <link> -> aurora.presentation.TemplateBasedView@314dc5c8
2018-09-30 03:22:12.418 [aurora.presentation.buildsession] [CONFIG] building view: <link> -> aurora.presentation.TemplateBasedView@314dc5c8
2018-09-30 03:22:12.418 [aurora.presentation.buildsession] [CONFIG] building view: <link> -> aurora.presentation.TemplateBasedView@314dc5c8
2018-09-30 03:22:12.418 [aurora.presentation.buildsession] [CONFIG] building view: <div> -> aurora.presentation.DefaultViewBuilder@59d097e
2018-09-30 03:22:12.418 [aurora.presentation.buildsession] [CONFIG] building view: <script> -> aurora.presentation.DefaultViewBuilder@59d097e
2018-09-30 03:22:12.418 [aurora.presentation.buildsession] [CONFIG] building view: <dataSets> -> aurora.application.features.DataSetInit@1c555ad4
2018-09-30 03:22:12.419 [aurora.presentation.buildsession] [CONFIG] building view: <dataSet> -> aurora.presentation.TemplateBasedView@314dc5c8
2018-09-30 03:22:12.419 [aurora.presentation.buildsession] [CONFIG] building view: <dataSet> -> aurora.presentation.TemplateBasedView@314dc5c8
2018-09-30 03:22:12.420 [aurora.presentation.buildsession] [CONFIG] building view: <dataSet> -> aurora.presentation.TemplateBasedView@314dc5c8
2018-09-30 03:22:12.420 [aurora.presentation.buildsession] [CONFIG] building view: <dataSet> -> aurora.presentation.TemplateBasedView@314dc5c8
2018-09-30 03:22:12.421 [aurora.presentation.buildsession] [CONFIG] building view: <dataSet> -> aurora.presentation.TemplateBasedView@314dc5c8
2018-09-30 03:22:12.422 [aurora.presentation.buildsession] [CONFIG] building view: <dataSet> -> aurora.presentation.TemplateBasedView@314dc5c8
2018-09-30 03:22:12.422 [aurora.presentation.buildsession] [CONFIG] building view: <dataSet> -> aurora.presentation.TemplateBasedView@314dc5c8
2018-09-30 03:22:12.425 [aurora.presentation.buildsession] [CONFIG] building view: <dataSet> -> aurora.presentation.TemplateBasedView@314dc5c8
2018-09-30 03:22:12.426 [aurora.presentation.buildsession] [CONFIG] building view: <screenBody> -> aurora.presentation.component.std.ScreenBody@11f7013a
2018-09-30 03:22:12.426 [aurora.presentation.buildsession] [CONFIG] building view: <screenTopToolbar> -> aurora.presentation.component.std.ScreenTopToolbar@75c7e104
2018-09-30 03:22:12.426 [aurora.presentation.buildsession] [CONFIG] building view: <screenTitle> -> aurora.presentation.component.std.ScreenTitle@5ef1e526
2018-09-30 03:22:12.430 [uncertain.proc] [CONFIG] [action] DecideSqlGenerationMode
2018-09-30 03:22:12.430 [uncertain.proc] [FINE] aurora.database.service.BusinessModelService.onDecideSqlGenerationMode
2018-09-30 03:22:12.430 [uncertain.proc] [CONFIG] [action] CreatequeryStatement
2018-09-30 03:22:12.430 [uncertain.proc] [FINE] aurora.bm.QuerySqlCreator.onCreateQueryStatement
2018-09-30 03:22:12.430 [uncertain.proc] [CONFIG] [action] PopulatequeryStatement
2018-09-30 03:22:12.430 [uncertain.proc] [FINE] aurora.database.features.OrderByClauseCreator.onPopulateQueryStatement
2018-09-30 03:22:12.430 [uncertain.proc] [FINE] aurora.database.features.WhereClauseCreator.onPopulateQueryStatement
2018-09-30 03:22:12.430 [uncertain.proc] [CONFIG] [action] CreatequerySql
2018-09-30 03:22:12.430 [uncertain.proc] [FINE] aurora.bm.QuerySqlCreator.onCreateQuerySql
2018-09-30 03:22:12.430 [uncertain.proc] [CONFIG] [action] ExecuteQuery
2018-09-30 03:22:12.430 [uncertain.proc] [FINE] aurora.bm.QuerySqlCreator.onExecuteQuery
2018-09-30 03:22:12.430 [uncertain.proc] [CONFIG] [action] QueryFinish
2018-09-30 03:22:12.430 [uncertain.proc] [FINE] aurora.database.features.AutoQueryCounter.onQueryFinish
2018-09-30 03:22:12.430 [uncertain.proc] [CONFIG] [action] FetchResultSet
2018-09-30 03:22:12.430 [uncertain.proc] [FINE] aurora.database.features.CacheBasedLookUpField.postFetchResultSet
2018-09-30 03:22:12.430 [aurora.database] [CONFIG] 
============= BEGIN [query] SQL Statement execution dump ============
SELECT f.service_id,f.service_name,f.is_entry_page,f.is_access_checked,f.is_login_required,f.is_system_access,? AS language,(select d.description_text from fnd_descriptions d where d.description_id = f.title_id and d.language = ?) AS title,f.title_id,f.weixin_flag
FROM sys_service f
WHERE f.service_name = ?
ORDER BY service_name
---------------------Binding info---------------------
No.1	Access path:/session/@lang	Data type of passed value :java.lang.String	Value:ZHS	Output:false	Database Type:null	
No.2	Access path:/session/@lang	Data type of passed value :java.lang.String	Value:ZHS	Output:false	Database Type:null	
No.3	Access path:@service_name	Data type of passed value :java.lang.String	Value:modules/wfl/WFL2010/wfl_workflow_edit.screen	Output:false	Database Type:null	

=============== END [query] SQL Statement execution dump ============

2018-09-30 03:22:12.430 [aurora.presentation.buildsession] [CONFIG] building view: <toolbarButton> -> aurora.presentation.TemplateBasedView@314dc5c8
2018-09-30 03:22:12.431 [aurora.presentation.buildsession] [CONFIG] building view: <toolbarButton> -> aurora.presentation.TemplateBasedView@314dc5c8
2018-09-30 03:22:12.431 [aurora.presentation.buildsession] [CONFIG] building view: <form> -> aurora.presentation.component.std.Form@5ebd4d77
2018-09-30 03:22:12.431 [aurora.presentation.buildsession] [CONFIG] building view: <box> -> aurora.presentation.component.std.Box@888e994
2018-09-30 03:22:12.431 [aurora.presentation.buildsession] [CONFIG] building view: <textField> -> aurora.presentation.TemplateBasedView@314dc5c8
2018-09-30 03:22:12.431 [aurora.presentation.buildsession] [CONFIG] building view: <textField> -> aurora.presentation.TemplateBasedView@314dc5c8
2018-09-30 03:22:12.431 [aurora.presentation.buildsession] [CONFIG] building view: <comboBox> -> aurora.presentation.TemplateBasedView@314dc5c8
2018-09-30 03:22:12.431 [aurora.presentation.buildsession] [CONFIG] building view: <textField> -> aurora.presentation.TemplateBasedView@314dc5c8
2018-09-30 03:22:12.431 [aurora.presentation.buildsession] [CONFIG] building view: <comboBox> -> aurora.presentation.TemplateBasedView@314dc5c8
2018-09-30 03:22:12.431 [aurora.presentation.buildsession] [CONFIG] building view: <comboBox> -> aurora.presentation.TemplateBasedView@314dc5c8
2018-09-30 03:22:12.432 [aurora.presentation.buildsession] [CONFIG] building view: <comboBox> -> aurora.presentation.TemplateBasedView@314dc5c8
2018-09-30 03:22:12.432 [aurora.presentation.buildsession] [CONFIG] building view: <checkBox> -> aurora.presentation.TemplateBasedView@314dc5c8
2018-09-30 03:22:12.432 [aurora.presentation.buildsession] [CONFIG] building view: <comboBox> -> aurora.presentation.TemplateBasedView@314dc5c8
2018-09-30 03:22:12.432 [aurora.presentation.buildsession] [CONFIG] building view: <tabPanel> -> aurora.presentation.TemplateBasedView@314dc5c8
2018-09-30 03:22:12.432 [aurora.presentation.buildsession] [CONFIG] building view: <grid> -> aurora.presentation.TemplateBasedView@314dc5c8
2018-09-30 03:22:12.432 [aurora.presentation.buildsession] [CONFIG] building view: <toolBar> -> aurora.presentation.TemplateBasedView@314dc5c8
2018-09-30 03:22:12.432 [aurora.presentation.buildsession] [CONFIG] building view: <button> -> aurora.presentation.TemplateBasedView@314dc5c8
2018-09-30 03:22:12.433 [aurora.presentation.buildsession] [CONFIG] building view: <button> -> aurora.presentation.TemplateBasedView@314dc5c8
2018-09-30 03:22:12.433 [aurora.presentation.buildsession] [CONFIG] building view: <navBar> -> aurora.presentation.TemplateBasedView@314dc5c8
2018-09-30 03:22:12.434 [aurora.presentation.buildsession] [CONFIG] building view: <button> -> aurora.presentation.TemplateBasedView@314dc5c8
2018-09-30 03:22:12.434 [aurora.presentation.buildsession] [CONFIG] building view: <button> -> aurora.presentation.TemplateBasedView@314dc5c8
2018-09-30 03:22:12.434 [aurora.presentation.buildsession] [CONFIG] building view: <separator> -> aurora.presentation.TemplateBasedView@314dc5c8
2018-09-30 03:22:12.434 [aurora.presentation.buildsession] [CONFIG] building view: <div> -> aurora.presentation.DefaultViewBuilder@59d097e
2018-09-30 03:22:12.434 [aurora.presentation.buildsession] [CONFIG] building view: <numberField> -> aurora.presentation.TemplateBasedView@314dc5c8
2018-09-30 03:22:12.434 [aurora.presentation.buildsession] [CONFIG] building view: <div> -> aurora.presentation.DefaultViewBuilder@59d097e
2018-09-30 03:22:12.435 [aurora.presentation.buildsession] [CONFIG] building view: <separator> -> aurora.presentation.TemplateBasedView@314dc5c8
2018-09-30 03:22:12.435 [aurora.presentation.buildsession] [CONFIG] building view: <button> -> aurora.presentation.TemplateBasedView@314dc5c8
2018-09-30 03:22:12.435 [aurora.presentation.buildsession] [CONFIG] building view: <button> -> aurora.presentation.TemplateBasedView@314dc5c8
2018-09-30 03:22:12.435 [aurora.presentation.buildsession] [CONFIG] building view: <button> -> aurora.presentation.TemplateBasedView@314dc5c8
2018-09-30 03:22:12.435 [aurora.presentation.buildsession] [CONFIG] building view: <separator> -> aurora.presentation.TemplateBasedView@314dc5c8
2018-09-30 03:22:12.435 [aurora.presentation.buildsession] [CONFIG] building view: <div> -> aurora.presentation.DefaultViewBuilder@59d097e
2018-09-30 03:22:12.435 [aurora.presentation.buildsession] [CONFIG] building view: <comboBox> -> aurora.presentation.TemplateBasedView@314dc5c8
2018-09-30 03:22:12.435 [aurora.presentation.buildsession] [CONFIG] building view: <div> -> aurora.presentation.DefaultViewBuilder@59d097e
2018-09-30 03:22:12.435 [aurora.presentation.buildsession] [CONFIG] building view: <separator> -> aurora.presentation.TemplateBasedView@314dc5c8
2018-09-30 03:22:12.435 [aurora.presentation.buildsession] [CONFIG] building view: <div> -> aurora.presentation.DefaultViewBuilder@59d097e
2018-09-30 03:22:12.436 [aurora.presentation.buildsession] [CONFIG] building view: <numberField> -> aurora.presentation.TemplateBasedView@314dc5c8
2018-09-30 03:22:12.436 [aurora.presentation.buildsession] [CONFIG] building view: <textField> -> aurora.presentation.TemplateBasedView@314dc5c8
2018-09-30 03:22:12.436 [aurora.presentation.buildsession] [CONFIG] building view: <comboBox> -> aurora.presentation.TemplateBasedView@314dc5c8
2018-09-30 03:22:12.437 [aurora.presentation.buildsession] [CONFIG] building view: <script> -> aurora.presentation.DefaultViewBuilder@59d097e
2018-09-30 03:22:12.437 [aurora.presentation.buildsession] [CONFIG] End build session
