2018-10-12 02:55:06.743 [aurora.application.session_check] [CONFIG] Session data copied to context
2018-10-12 02:55:06.744 [aurora.application.session_check] [CONFIG] Access check result for modules/wfl/WFL2010/wfl_workflow_procedures.screen => success
2018-10-12 02:55:06.744 [uncertain.proc] [CONFIG] [action] AccessCheck
2018-10-12 02:55:06.750 [uncertain.proc] [CONFIG] [action] InitService
2018-10-12 02:55:06.750 [uncertain.proc] [CONFIG] [action] ParseParameter
2018-10-12 02:55:06.750 [uncertain.proc] [CONFIG] [action] CreateModel
2018-10-12 02:55:06.750 [aurora.database] [CONFIG] ===================================== prepare to run model-query wfl.WFL2010.wfl_workflow_proc_type==============================
2018-10-12 02:55:06.768 [uncertain.proc] [CONFIG] [action] DecideSqlGenerationMode
2018-10-12 02:55:06.768 [uncertain.proc] [FINE] aurora.database.service.BusinessModelService.onDecideSqlGenerationMode
2018-10-12 02:55:06.768 [uncertain.proc] [CONFIG] [action] CreateOperationSql
2018-10-12 02:55:06.768 [uncertain.proc] [CONFIG] [action] PopulateOperationSql
2018-10-12 02:55:06.768 [uncertain.proc] [FINE] aurora.database.features.OrderByClauseCreator.onPopulateOperationSql
2018-10-12 02:55:06.768 [uncertain.proc] [FINE] aurora.database.features.WhereClauseCreator.onPopulateOperationSql
2018-10-12 02:55:06.768 [uncertain.proc] [CONFIG] [action] ExecuteQuery
2018-10-12 02:55:06.768 [uncertain.proc] [FINE] aurora.bm.QuerySqlCreator.onExecuteQuery
2018-10-12 02:55:06.773 [uncertain.proc] [CONFIG] [action] QueryFinish
2018-10-12 02:55:06.773 [uncertain.proc] [FINE] aurora.database.features.AutoQueryCounter.onQueryFinish
2018-10-12 02:55:06.773 [uncertain.proc] [CONFIG] [action] FetchResultSet
2018-10-12 02:55:06.773 [uncertain.proc] [FINE] aurora.database.features.CacheBasedLookUpField.postFetchResultSet
2018-10-12 02:55:06.773 [aurora.database] [CONFIG] 
============= BEGIN [query] SQL Statement execution dump ============

                select to_number(code_value) value,
               code_value_name name 
          from sys_service_lookup_v
         where code = 'WFL_WORKFLOW_PROC_TYPE'
         and language=?
            
---------------------Binding info---------------------
No.1	Access path:/session/@lang	Data type of passed value :java.lang.String	Value:ZHS	Output:false	Database Type:null	

=============== END [query] SQL Statement execution dump ============

2018-10-12 02:55:06.773 [aurora.database] [CONFIG] ===================================== prepare to run model-query wfl.wfl_workflow_procedure==============================
2018-10-12 02:55:06.779 [uncertain.proc] [CONFIG] [action] DecideSqlGenerationMode
2018-10-12 02:55:06.779 [uncertain.proc] [FINE] aurora.database.service.BusinessModelService.onDecideSqlGenerationMode
2018-10-12 02:55:06.779 [uncertain.proc] [CONFIG] [action] CreatequeryStatement
2018-10-12 02:55:06.779 [uncertain.proc] [FINE] aurora.bm.QuerySqlCreator.onCreateQueryStatement
2018-10-12 02:55:06.779 [uncertain.proc] [CONFIG] [action] PopulatequeryStatement
2018-10-12 02:55:06.779 [uncertain.proc] [FINE] aurora.database.features.OrderByClauseCreator.onPopulateQueryStatement
2018-10-12 02:55:06.779 [uncertain.proc] [FINE] aurora.database.features.WhereClauseCreator.onPopulateQueryStatement
2018-10-12 02:55:06.779 [uncertain.proc] [CONFIG] [action] CreatequerySql
2018-10-12 02:55:06.779 [uncertain.proc] [FINE] aurora.bm.QuerySqlCreator.onCreateQuerySql
2018-10-12 02:55:06.779 [uncertain.proc] [CONFIG] [action] ExecuteQuery
2018-10-12 02:55:06.779 [uncertain.proc] [FINE] aurora.bm.QuerySqlCreator.onExecuteQuery
2018-10-12 02:55:06.813 [uncertain.proc] [CONFIG] [action] QueryFinish
2018-10-12 02:55:06.813 [uncertain.proc] [FINE] aurora.database.features.AutoQueryCounter.onQueryFinish
2018-10-12 02:55:06.813 [uncertain.proc] [CONFIG] [action] FetchResultSet
2018-10-12 02:55:06.813 [uncertain.proc] [FINE] aurora.database.features.CacheBasedLookUpField.postFetchResultSet
2018-10-12 02:55:06.813 [aurora.database] [CONFIG] 
============= BEGIN [query] SQL Statement execution dump ============
SELECT e.record_id,e.workflow_id,e.proc_name,(select DESCRIPTION_TEXT from fnd_descriptions where DESCRIPTION_ID=e.proc_display_id and Language=?) AS proc_display,e.PROC_DISPLAY_ID,(select DESCRIPTION_TEXT from fnd_descriptions where DESCRIPTION_ID=e.description_id and Language=?) AS description,e.DESCRIPTION_ID,e.proc_type,(select code_value_name from sys_service_lookup_v where code = 'WFL_WORKFLOW_PROC_TYPE' and code_value=to_char(e.proc_type) and language=?)  AS proc_type_display
FROM wfl_workflow_procedure e
WHERE e.workflow_id = ?
---------------------Binding info---------------------
No.1	Access path:/session/@lang	Data type of passed value :java.lang.String	Value:ZHS	Output:false	Database Type:null	
No.2	Access path:/session/@lang	Data type of passed value :java.lang.String	Value:ZHS	Output:false	Database Type:null	
No.3	Access path:/session/@lang	Data type of passed value :java.lang.String	Value:ZHS	Output:false	Database Type:null	
No.4	Access path:@workflow_id	Data type of passed value :java.lang.String	Value:91	Output:false	Database Type:null	

=============== END [query] SQL Statement execution dump ============

2018-10-12 02:55:06.813 [uncertain.proc] [CONFIG] [action] CreateView
2018-10-12 02:55:06.813 [uncertain.proc] [CONFIG] [action] BuildOutputContent
2018-10-12 02:55:06.813 [aurora.presentation.buildsession] [CONFIG] Start build session
2018-10-12 02:55:06.813 [aurora.presentation.buildsession] [CONFIG] building view: <html-page> -> aurora.presentation.component.HtmlPage@f9373a7
2018-10-12 02:55:06.814 [aurora.presentation.buildsession] [CONFIG] building view: <script> -> aurora.presentation.DefaultViewBuilder@35f5c5a3
2018-10-12 02:55:06.814 [aurora.presentation.buildsession] [CONFIG] building view: <dataSets> -> aurora.application.features.DataSetInit@7f100497
2018-10-12 02:55:06.814 [aurora.presentation.buildsession] [CONFIG] building view: <dataSet> -> aurora.presentation.TemplateBasedView@3dda489e
2018-10-12 02:55:06.814 [aurora.presentation.buildsession] [CONFIG] building view: <dataSet> -> aurora.presentation.TemplateBasedView@3dda489e
2018-10-12 02:55:06.816 [aurora.presentation.buildsession] [CONFIG] building view: <grid> -> aurora.presentation.TemplateBasedView@3dda489e
2018-10-12 02:55:06.816 [aurora.presentation.buildsession] [CONFIG] building view: <toolBar> -> aurora.presentation.TemplateBasedView@3dda489e
2018-10-12 02:55:06.816 [aurora.presentation.buildsession] [CONFIG] building view: <button> -> aurora.presentation.TemplateBasedView@3dda489e
2018-10-12 02:55:06.816 [aurora.presentation.buildsession] [CONFIG] building view: <button> -> aurora.presentation.TemplateBasedView@3dda489e
2018-10-12 02:55:06.816 [aurora.presentation.buildsession] [CONFIG] building view: <navBar> -> aurora.presentation.TemplateBasedView@3dda489e
2018-10-12 02:55:06.818 [aurora.presentation.buildsession] [CONFIG] building view: <button> -> aurora.presentation.TemplateBasedView@3dda489e
2018-10-12 02:55:06.818 [aurora.presentation.buildsession] [CONFIG] building view: <button> -> aurora.presentation.TemplateBasedView@3dda489e
2018-10-12 02:55:06.818 [aurora.presentation.buildsession] [CONFIG] building view: <separator> -> aurora.presentation.TemplateBasedView@3dda489e
2018-10-12 02:55:06.818 [aurora.presentation.buildsession] [CONFIG] building view: <div> -> aurora.presentation.DefaultViewBuilder@35f5c5a3
2018-10-12 02:55:06.818 [aurora.presentation.buildsession] [CONFIG] building view: <numberField> -> aurora.presentation.TemplateBasedView@3dda489e
2018-10-12 02:55:06.825 [aurora.presentation.buildsession] [CONFIG] building view: <div> -> aurora.presentation.DefaultViewBuilder@35f5c5a3
2018-10-12 02:55:06.826 [aurora.presentation.buildsession] [CONFIG] building view: <separator> -> aurora.presentation.TemplateBasedView@3dda489e
2018-10-12 02:55:06.826 [aurora.presentation.buildsession] [CONFIG] building view: <button> -> aurora.presentation.TemplateBasedView@3dda489e
2018-10-12 02:55:06.826 [aurora.presentation.buildsession] [CONFIG] building view: <button> -> aurora.presentation.TemplateBasedView@3dda489e
2018-10-12 02:55:06.826 [aurora.presentation.buildsession] [CONFIG] building view: <button> -> aurora.presentation.TemplateBasedView@3dda489e
2018-10-12 02:55:06.826 [aurora.presentation.buildsession] [CONFIG] building view: <separator> -> aurora.presentation.TemplateBasedView@3dda489e
2018-10-12 02:55:06.827 [aurora.presentation.buildsession] [CONFIG] building view: <div> -> aurora.presentation.DefaultViewBuilder@35f5c5a3
2018-10-12 02:55:06.827 [aurora.presentation.buildsession] [CONFIG] building view: <comboBox> -> aurora.presentation.TemplateBasedView@3dda489e
2018-10-12 02:55:06.827 [aurora.presentation.buildsession] [CONFIG] building view: <div> -> aurora.presentation.DefaultViewBuilder@35f5c5a3
2018-10-12 02:55:06.827 [aurora.presentation.buildsession] [CONFIG] building view: <separator> -> aurora.presentation.TemplateBasedView@3dda489e
2018-10-12 02:55:06.827 [aurora.presentation.buildsession] [CONFIG] building view: <div> -> aurora.presentation.DefaultViewBuilder@35f5c5a3
2018-10-12 02:55:06.828 [aurora.presentation.buildsession] [CONFIG] building view: <textField> -> aurora.presentation.TemplateBasedView@3dda489e
2018-10-12 02:55:06.828 [aurora.presentation.buildsession] [CONFIG] building view: <comboBox> -> aurora.presentation.TemplateBasedView@3dda489e
2018-10-12 02:55:06.828 [aurora.presentation.buildsession] [CONFIG] building view: <lov> -> aurora.presentation.TemplateBasedView@3dda489e
2018-10-12 02:55:06.852 [aurora.presentation.buildsession] [CONFIG] building view: <script> -> aurora.presentation.DefaultViewBuilder@35f5c5a3
2018-10-12 02:55:06.852 [aurora.presentation.buildsession] [CONFIG] End build session
