2018-10-17 07:48:02.435 [aurora.application.session_check] [CONFIG] Session data copied to context
2018-10-17 07:48:02.435 [aurora.application.session_check] [CONFIG] Access check result for modules/wfl/WFL2010/wfl_workflow_action.screen => success
2018-10-17 07:48:02.436 [uncertain.proc] [CONFIG] [action] AccessCheck
2018-10-17 07:48:02.439 [uncertain.proc] [CONFIG] [action] InitService
2018-10-17 07:48:02.439 [uncertain.proc] [CONFIG] [action] ParseParameter
2018-10-17 07:48:02.439 [uncertain.proc] [CONFIG] [action] CreateModel
2018-10-17 07:48:02.440 [aurora.database] [CONFIG] ===================================== prepare to run model-query wfl.WFL2010.wfl_workflow_action==============================
2018-10-17 07:48:02.444 [uncertain.proc] [CONFIG] [action] DecideSqlGenerationMode
2018-10-17 07:48:02.444 [uncertain.proc] [FINE] aurora.database.service.BusinessModelService.onDecideSqlGenerationMode
2018-10-17 07:48:02.444 [uncertain.proc] [CONFIG] [action] CreatequeryStatement
2018-10-17 07:48:02.444 [uncertain.proc] [FINE] aurora.bm.QuerySqlCreator.onCreateQueryStatement
2018-10-17 07:48:02.444 [uncertain.proc] [CONFIG] [action] PopulatequeryStatement
2018-10-17 07:48:02.444 [uncertain.proc] [FINE] aurora.database.features.OrderByClauseCreator.onPopulateQueryStatement
2018-10-17 07:48:02.444 [uncertain.proc] [FINE] aurora.database.features.WhereClauseCreator.onPopulateQueryStatement
2018-10-17 07:48:02.444 [uncertain.proc] [CONFIG] [action] CreatequerySql
2018-10-17 07:48:02.444 [uncertain.proc] [FINE] aurora.bm.QuerySqlCreator.onCreateQuerySql
2018-10-17 07:48:02.444 [uncertain.proc] [CONFIG] [action] ExecuteQuery
2018-10-17 07:48:02.444 [uncertain.proc] [FINE] aurora.bm.QuerySqlCreator.onExecuteQuery
2018-10-17 07:48:02.445 [uncertain.proc] [CONFIG] [action] QueryFinish
2018-10-17 07:48:02.445 [uncertain.proc] [FINE] aurora.database.features.AutoQueryCounter.onQueryFinish
2018-10-17 07:48:02.445 [uncertain.proc] [CONFIG] [action] FetchResultSet
2018-10-17 07:48:02.445 [uncertain.proc] [FINE] aurora.database.features.CacheBasedLookUpField.postFetchResultSet
2018-10-17 07:48:02.445 [aurora.database] [CONFIG] 
============= BEGIN [query] SQL Statement execution dump ============
SELECT e.action_id,? AS workflow_id,e.is_reserved,e.action_type,(select code_value_name from sys_service_lookup_v where code = 'WFL_WORKFLOW_ACTION_TYPE' and code_value = to_char(e.action_type) and language=?) AS action_type_display,e.perform_procedure,(select DESCRIPTION_TEXT from fnd_descriptions where DESCRIPTION_ID=e.action_title_id and Language=?) AS action_title,e.action_title_id,e.status,e.sendback_node_id,(select name from wfl_workflow_node_vl where node_id = e.sendback_node_id) AS sendback_node_id_display
FROM wfl_workflow_action e
WHERE workflow_id = ?
---------------------Binding info---------------------
No.1	Access path:/parameter/@workflow_id	Data type of passed value :java.lang.Long	Value:170	Output:false	Database Type:null	
No.2	Access path:/session/@lang	Data type of passed value :java.lang.String	Value:ZHS	Output:false	Database Type:null	
No.3	Access path:/session/@lang	Data type of passed value :java.lang.String	Value:ZHS	Output:false	Database Type:null	
No.4	Access path:@workflow_id	Data type of passed value :java.lang.Long	Value:170	Output:false	Database Type:null	

=============== END [query] SQL Statement execution dump ============

2018-10-17 07:48:02.445 [aurora.database] [CONFIG] ===================================== prepare to run model-query wfl.WFL2010.wfl_workflow_action_type==============================
2018-10-17 07:48:02.448 [uncertain.proc] [CONFIG] [action] DecideSqlGenerationMode
2018-10-17 07:48:02.449 [uncertain.proc] [FINE] aurora.database.service.BusinessModelService.onDecideSqlGenerationMode
2018-10-17 07:48:02.449 [uncertain.proc] [CONFIG] [action] CreateOperationSql
2018-10-17 07:48:02.449 [uncertain.proc] [CONFIG] [action] PopulateOperationSql
2018-10-17 07:48:02.449 [uncertain.proc] [FINE] aurora.database.features.OrderByClauseCreator.onPopulateOperationSql
2018-10-17 07:48:02.449 [uncertain.proc] [FINE] aurora.database.features.WhereClauseCreator.onPopulateOperationSql
2018-10-17 07:48:02.449 [uncertain.proc] [CONFIG] [action] ExecuteQuery
2018-10-17 07:48:02.449 [uncertain.proc] [FINE] aurora.bm.QuerySqlCreator.onExecuteQuery
2018-10-17 07:48:02.451 [uncertain.proc] [CONFIG] [action] QueryFinish
2018-10-17 07:48:02.451 [uncertain.proc] [FINE] aurora.database.features.AutoQueryCounter.onQueryFinish
2018-10-17 07:48:02.451 [uncertain.proc] [CONFIG] [action] FetchResultSet
2018-10-17 07:48:02.451 [uncertain.proc] [FINE] aurora.database.features.CacheBasedLookUpField.postFetchResultSet
2018-10-17 07:48:02.451 [aurora.database] [CONFIG] 
============= BEGIN [query] SQL Statement execution dump ============

                select to_number(code_value) value ,
                      code_value_name name 
                 from sys_service_lookup_v
                where code = 'WFL_WORKFLOW_ACTION_TYPE'
                and language=?
            
---------------------Binding info---------------------
No.1	Access path:/session/@lang	Data type of passed value :java.lang.String	Value:ZHS	Output:false	Database Type:null	

=============== END [query] SQL Statement execution dump ============

2018-10-17 07:48:02.451 [uncertain.proc] [CONFIG] [action] CreateView
2018-10-17 07:48:02.452 [uncertain.proc] [CONFIG] [action] BuildOutputContent
2018-10-17 07:48:02.452 [aurora.presentation.buildsession] [CONFIG] Start build session
2018-10-17 07:48:02.452 [aurora.presentation.buildsession] [CONFIG] building view: <html-page> -> aurora.presentation.component.HtmlPage@70d8fa36
2018-10-17 07:48:02.452 [aurora.presentation.buildsession] [CONFIG] building view: <link> -> aurora.presentation.TemplateBasedView@3dda489e
2018-10-17 07:48:02.452 [aurora.presentation.buildsession] [CONFIG] building view: <div> -> aurora.presentation.DefaultViewBuilder@35f5c5a3
2018-10-17 07:48:02.452 [aurora.presentation.buildsession] [CONFIG] building view: <script> -> aurora.presentation.DefaultViewBuilder@35f5c5a3
2018-10-17 07:48:02.453 [aurora.presentation.buildsession] [CONFIG] building view: <dataSets> -> aurora.application.features.DataSetInit@133e06a3
2018-10-17 07:48:02.453 [aurora.presentation.buildsession] [CONFIG] building view: <dataSet> -> aurora.presentation.TemplateBasedView@3dda489e
2018-10-17 07:48:02.454 [aurora.presentation.buildsession] [CONFIG] building view: <dataSet> -> aurora.presentation.TemplateBasedView@3dda489e
2018-10-17 07:48:02.455 [aurora.presentation.buildsession] [CONFIG] building view: <grid> -> aurora.presentation.TemplateBasedView@3dda489e
2018-10-17 07:48:02.455 [aurora.presentation.buildsession] [CONFIG] building view: <toolBar> -> aurora.presentation.TemplateBasedView@3dda489e
2018-10-17 07:48:02.455 [aurora.presentation.buildsession] [CONFIG] building view: <button> -> aurora.presentation.TemplateBasedView@3dda489e
2018-10-17 07:48:02.455 [aurora.presentation.buildsession] [CONFIG] building view: <button> -> aurora.presentation.TemplateBasedView@3dda489e
2018-10-17 07:48:02.455 [aurora.presentation.buildsession] [CONFIG] building view: <button> -> aurora.presentation.TemplateBasedView@3dda489e
2018-10-17 07:48:02.456 [aurora.presentation.buildsession] [CONFIG] building view: <navBar> -> aurora.presentation.TemplateBasedView@3dda489e
2018-10-17 07:48:02.457 [aurora.presentation.buildsession] [CONFIG] building view: <button> -> aurora.presentation.TemplateBasedView@3dda489e
2018-10-17 07:48:02.457 [aurora.presentation.buildsession] [CONFIG] building view: <button> -> aurora.presentation.TemplateBasedView@3dda489e
2018-10-17 07:48:02.457 [aurora.presentation.buildsession] [CONFIG] building view: <separator> -> aurora.presentation.TemplateBasedView@3dda489e
2018-10-17 07:48:02.458 [aurora.presentation.buildsession] [CONFIG] building view: <div> -> aurora.presentation.DefaultViewBuilder@35f5c5a3
2018-10-17 07:48:02.458 [aurora.presentation.buildsession] [CONFIG] building view: <numberField> -> aurora.presentation.TemplateBasedView@3dda489e
2018-10-17 07:48:02.458 [aurora.presentation.buildsession] [CONFIG] building view: <div> -> aurora.presentation.DefaultViewBuilder@35f5c5a3
2018-10-17 07:48:02.458 [aurora.presentation.buildsession] [CONFIG] building view: <separator> -> aurora.presentation.TemplateBasedView@3dda489e
2018-10-17 07:48:02.458 [aurora.presentation.buildsession] [CONFIG] building view: <button> -> aurora.presentation.TemplateBasedView@3dda489e
2018-10-17 07:48:02.458 [aurora.presentation.buildsession] [CONFIG] building view: <button> -> aurora.presentation.TemplateBasedView@3dda489e
2018-10-17 07:48:02.458 [aurora.presentation.buildsession] [CONFIG] building view: <button> -> aurora.presentation.TemplateBasedView@3dda489e
2018-10-17 07:48:02.459 [aurora.presentation.buildsession] [CONFIG] building view: <separator> -> aurora.presentation.TemplateBasedView@3dda489e
2018-10-17 07:48:02.459 [aurora.presentation.buildsession] [CONFIG] building view: <div> -> aurora.presentation.DefaultViewBuilder@35f5c5a3
2018-10-17 07:48:02.459 [aurora.presentation.buildsession] [CONFIG] building view: <comboBox> -> aurora.presentation.TemplateBasedView@3dda489e
2018-10-17 07:48:02.459 [aurora.presentation.buildsession] [CONFIG] building view: <div> -> aurora.presentation.DefaultViewBuilder@35f5c5a3
2018-10-17 07:48:02.459 [aurora.presentation.buildsession] [CONFIG] building view: <separator> -> aurora.presentation.TemplateBasedView@3dda489e
2018-10-17 07:48:02.459 [aurora.presentation.buildsession] [CONFIG] building view: <div> -> aurora.presentation.DefaultViewBuilder@35f5c5a3
2018-10-17 07:48:02.460 [aurora.presentation.buildsession] [CONFIG] building view: <textField> -> aurora.presentation.TemplateBasedView@3dda489e
2018-10-17 07:48:02.460 [aurora.presentation.buildsession] [CONFIG] building view: <comboBox> -> aurora.presentation.TemplateBasedView@3dda489e
2018-10-17 07:48:02.460 [aurora.presentation.buildsession] [CONFIG] building view: <script> -> aurora.presentation.DefaultViewBuilder@35f5c5a3
2018-10-17 07:48:02.460 [aurora.presentation.buildsession] [CONFIG] End build session
