2018-09-30 03:15:23.71 [aurora.application.session_check] [CONFIG] Session data copied to context
2018-09-30 03:15:23.81 [aurora.application.session_check] [CONFIG] Access check result for modules/wfl/WFL2010/wfl_workflow_chart.screen => success
2018-09-30 03:15:23.81 [uncertain.proc] [CONFIG] [action] AccessCheck
2018-09-30 03:15:23.98 [uncertain.proc] [CONFIG] [action] InitService
2018-09-30 03:15:23.98 [uncertain.proc] [CONFIG] [action] ParseParameter
2018-09-30 03:15:23.98 [uncertain.proc] [CONFIG] [action] CreateModel
2018-09-30 03:15:23.98 [aurora.database] [CONFIG] ===================================== prepare to run model-query wfl.WFL2010.wfl_workflow_chart==============================
2018-09-30 03:15:23.105 [uncertain.proc] [CONFIG] [action] DecideSqlGenerationMode
2018-09-30 03:15:23.105 [uncertain.proc] [FINE] aurora.database.service.BusinessModelService.onDecideSqlGenerationMode
2018-09-30 03:15:23.105 [uncertain.proc] [CONFIG] [action] CreateOperationSql
2018-09-30 03:15:23.105 [uncertain.proc] [CONFIG] [action] PopulateOperationSql
2018-09-30 03:15:23.105 [uncertain.proc] [FINE] aurora.database.features.OrderByClauseCreator.onPopulateOperationSql
2018-09-30 03:15:23.105 [uncertain.proc] [FINE] aurora.database.features.WhereClauseCreator.onPopulateOperationSql
2018-09-30 03:15:23.105 [uncertain.proc] [CONFIG] [action] ExecuteQuery
2018-09-30 03:15:23.105 [uncertain.proc] [FINE] aurora.bm.QuerySqlCreator.onExecuteQuery
2018-09-30 03:15:23.225 [uncertain.proc] [CONFIG] [action] QueryFinish
2018-09-30 03:15:23.225 [uncertain.proc] [FINE] aurora.database.features.AutoQueryCounter.onQueryFinish
2018-09-30 03:15:23.225 [uncertain.proc] [CONFIG] [action] FetchResultSet
2018-09-30 03:15:23.225 [uncertain.proc] [FINE] aurora.database.features.CacheBasedLookUpField.postFetchResultSet
2018-09-30 03:15:23.225 [aurora.database] [CONFIG] 
============= BEGIN [query] SQL Statement execution dump ============

select * from wfl_workflow_chart_v v where v.workflow_id = ?
            
---------------------Binding info---------------------
No.1	Access path:/parameter/@workflow_id	Data type of passed value :java.lang.String	Value:121	Output:false	Database Type:null	

=============== END [query] SQL Statement execution dump ============

2018-09-30 03:15:23.225 [uncertain.proc] [CONFIG] [action] CreateView
2018-09-30 03:15:23.225 [uncertain.proc] [CONFIG] [action] BuildOutputContent
2018-09-30 03:15:23.225 [aurora.presentation.buildsession] [CONFIG] Start build session
2018-09-30 03:15:23.225 [aurora.presentation.buildsession] [CONFIG] building view: <html-page> -> aurora.presentation.component.HtmlPage@3121d696
2018-09-30 03:15:23.258 [aurora.presentation.buildsession] [CONFIG] building view: <dataSets> -> aurora.application.features.DataSetInit@218b0e34
2018-09-30 03:15:23.259 [aurora.presentation.buildsession] [CONFIG] building view: <dataSet> -> aurora.presentation.TemplateBasedView@314dc5c8
2018-09-30 03:15:23.260 [aurora.presentation.buildsession] [CONFIG] building view: <dataSet> -> aurora.presentation.TemplateBasedView@314dc5c8
2018-09-30 03:15:23.260 [aurora.presentation.buildsession] [CONFIG] building view: <graphic> -> aurora.presentation.TemplateBasedView@314dc5c8
2018-09-30 03:15:23.272 [aurora.presentation.buildsession] [CONFIG] building view: <script> -> aurora.presentation.DefaultViewBuilder@59d097e
2018-09-30 03:15:23.273 [aurora.presentation.buildsession] [CONFIG] End build session
