2018-10-10 07:38:52.436 [aurora.application.session_check] [CONFIG] Session data copied to context
2018-10-10 07:38:52.436 [aurora.application.session_check] [CONFIG] Access check result for modules/wfl/WFL2010/wfl_workflow_chart.screen => success
2018-10-10 07:38:52.436 [uncertain.proc] [CONFIG] [action] AccessCheck
2018-10-10 07:38:52.448 [uncertain.proc] [CONFIG] [action] InitService
2018-10-10 07:38:52.448 [uncertain.proc] [CONFIG] [action] ParseParameter
2018-10-10 07:38:52.448 [uncertain.proc] [CONFIG] [action] CreateModel
2018-10-10 07:38:52.449 [aurora.database] [CONFIG] ===================================== prepare to run model-query wfl.WFL2010.wfl_workflow_chart==============================
2018-10-10 07:38:52.460 [uncertain.proc] [CONFIG] [action] DecideSqlGenerationMode
2018-10-10 07:38:52.460 [uncertain.proc] [FINE] aurora.database.service.BusinessModelService.onDecideSqlGenerationMode
2018-10-10 07:38:52.460 [uncertain.proc] [CONFIG] [action] CreateOperationSql
2018-10-10 07:38:52.460 [uncertain.proc] [CONFIG] [action] PopulateOperationSql
2018-10-10 07:38:52.460 [uncertain.proc] [FINE] aurora.database.features.OrderByClauseCreator.onPopulateOperationSql
2018-10-10 07:38:52.460 [uncertain.proc] [FINE] aurora.database.features.WhereClauseCreator.onPopulateOperationSql
2018-10-10 07:38:52.460 [uncertain.proc] [CONFIG] [action] ExecuteQuery
2018-10-10 07:38:52.460 [uncertain.proc] [FINE] aurora.bm.QuerySqlCreator.onExecuteQuery
2018-10-10 07:38:52.464 [uncertain.proc] [CONFIG] [action] QueryFinish
2018-10-10 07:38:52.464 [uncertain.proc] [FINE] aurora.database.features.AutoQueryCounter.onQueryFinish
2018-10-10 07:38:52.464 [uncertain.proc] [CONFIG] [action] FetchResultSet
2018-10-10 07:38:52.465 [uncertain.proc] [FINE] aurora.database.features.CacheBasedLookUpField.postFetchResultSet
2018-10-10 07:38:52.465 [aurora.database] [CONFIG] 
============= BEGIN [query] SQL Statement execution dump ============

select * from wfl_workflow_chart_v v where v.workflow_id = ?
            
---------------------Binding info---------------------
No.1	Access path:/parameter/@workflow_id	Data type of passed value :java.lang.String	Value:146	Output:false	Database Type:null	

=============== END [query] SQL Statement execution dump ============

2018-10-10 07:38:52.465 [uncertain.proc] [CONFIG] [action] CreateView
2018-10-10 07:38:52.465 [uncertain.proc] [CONFIG] [action] BuildOutputContent
2018-10-10 07:38:52.465 [aurora.presentation.buildsession] [CONFIG] Start build session
2018-10-10 07:38:52.465 [aurora.presentation.buildsession] [CONFIG] building view: <html-page> -> aurora.presentation.component.HtmlPage@2ac15ba8
2018-10-10 07:38:52.466 [aurora.presentation.buildsession] [CONFIG] building view: <dataSets> -> aurora.application.features.DataSetInit@5fbb395f
2018-10-10 07:38:52.466 [aurora.presentation.buildsession] [CONFIG] building view: <dataSet> -> aurora.presentation.TemplateBasedView@3dda489e
2018-10-10 07:38:52.467 [aurora.presentation.buildsession] [CONFIG] building view: <dataSet> -> aurora.presentation.TemplateBasedView@3dda489e
2018-10-10 07:38:52.467 [aurora.presentation.buildsession] [CONFIG] building view: <graphic> -> aurora.presentation.TemplateBasedView@3dda489e
2018-10-10 07:38:52.467 [aurora.presentation.buildsession] [CONFIG] building view: <script> -> aurora.presentation.DefaultViewBuilder@35f5c5a3
2018-10-10 07:38:52.468 [aurora.presentation.buildsession] [CONFIG] End build session
