2018-10-11 01:32:25.526 [aurora.application.session_check] [CONFIG] Session data copied to context
2018-10-11 01:32:25.526 [aurora.application.session_check] [CONFIG] Access check result for modules/wfl/WFL2010/wfl_workflow_edit.screen => success
2018-10-11 01:32:25.526 [uncertain.proc] [CONFIG] [action] AccessCheck
2018-10-11 01:32:25.533 [uncertain.proc] [CONFIG] [action] InitService
2018-10-11 01:32:25.533 [uncertain.proc] [CONFIG] [action] ParseParameter
2018-10-11 01:32:25.533 [uncertain.proc] [CONFIG] [action] CreateModel
2018-10-11 01:32:25.533 [aurora.database] [CONFIG] ===================================== prepare to run model-query wfl.wfl_workflow_page_vl==============================
2018-10-11 01:32:25.537 [uncertain.proc] [CONFIG] [action] DecideSqlGenerationMode
2018-10-11 01:32:25.537 [uncertain.proc] [FINE] aurora.database.service.BusinessModelService.onDecideSqlGenerationMode
2018-10-11 01:32:25.537 [uncertain.proc] [CONFIG] [action] CreatequeryStatement
2018-10-11 01:32:25.537 [uncertain.proc] [FINE] aurora.bm.QuerySqlCreator.onCreateQueryStatement
2018-10-11 01:32:25.537 [uncertain.proc] [CONFIG] [action] PopulatequeryStatement
2018-10-11 01:32:25.537 [uncertain.proc] [FINE] aurora.database.features.OrderByClauseCreator.onPopulateQueryStatement
2018-10-11 01:32:25.537 [uncertain.proc] [FINE] aurora.database.features.WhereClauseCreator.onPopulateQueryStatement
2018-10-11 01:32:25.537 [uncertain.proc] [CONFIG] [action] CreatequerySql
2018-10-11 01:32:25.537 [uncertain.proc] [FINE] aurora.bm.QuerySqlCreator.onCreateQuerySql
2018-10-11 01:32:25.537 [uncertain.proc] [CONFIG] [action] ExecuteQuery
2018-10-11 01:32:25.537 [uncertain.proc] [FINE] aurora.bm.QuerySqlCreator.onExecuteQuery
2018-10-11 01:32:25.540 [uncertain.proc] [CONFIG] [action] QueryFinish
2018-10-11 01:32:25.540 [uncertain.proc] [FINE] aurora.database.features.AutoQueryCounter.onQueryFinish
2018-10-11 01:32:25.540 [uncertain.proc] [CONFIG] [action] FetchResultSet
2018-10-11 01:32:25.540 [uncertain.proc] [FINE] aurora.database.features.CacheBasedLookUpField.postFetchResultSet
2018-10-11 01:32:25.540 [aurora.database] [CONFIG] 
============= BEGIN [query] SQL Statement execution dump ============
SELECT t1.RECORD_ID,t1.SERVICE_NAME,t1.SERVICE_DISPLAY,t1.DESCRIPTION
FROM WFL_WORKFLOW_PAGE_VL t1

---------------------Binding info---------------------
null
=============== END [query] SQL Statement execution dump ============

2018-10-11 01:32:25.540 [aurora.database] [CONFIG] ===================================== prepare to run model-query wfl.wfl_workflow==============================
2018-10-11 01:32:25.552 [uncertain.proc] [CONFIG] [action] DecideSqlGenerationMode
2018-10-11 01:32:25.552 [uncertain.proc] [FINE] aurora.database.service.BusinessModelService.onDecideSqlGenerationMode
2018-10-11 01:32:25.552 [uncertain.proc] [CONFIG] [action] CreatequeryStatement
2018-10-11 01:32:25.552 [uncertain.proc] [FINE] aurora.bm.QuerySqlCreator.onCreateQueryStatement
2018-10-11 01:32:25.556 [uncertain.proc] [CONFIG] [action] PopulatequeryStatement
2018-10-11 01:32:25.556 [uncertain.proc] [FINE] aurora.database.features.OrderByClauseCreator.onPopulateQueryStatement
2018-10-11 01:32:25.556 [uncertain.proc] [FINE] aurora.database.features.WhereClauseCreator.onPopulateQueryStatement
2018-10-11 01:32:25.556 [uncertain.proc] [CONFIG] [action] CreatequerySql
2018-10-11 01:32:25.556 [uncertain.proc] [FINE] aurora.bm.QuerySqlCreator.onCreateQuerySql
2018-10-11 01:32:25.556 [uncertain.proc] [CONFIG] [action] ExecuteQuery
2018-10-11 01:32:25.556 [uncertain.proc] [FINE] aurora.bm.QuerySqlCreator.onExecuteQuery
2018-10-11 01:32:25.559 [uncertain.proc] [CONFIG] [action] QueryFinish
2018-10-11 01:32:25.559 [uncertain.proc] [FINE] aurora.database.features.AutoQueryCounter.onQueryFinish
2018-10-11 01:32:25.559 [uncertain.proc] [CONFIG] [action] FetchResultSet
2018-10-11 01:32:25.559 [uncertain.proc] [FINE] aurora.database.features.CacheBasedLookUpField.postFetchResultSet
2018-10-11 01:32:25.560 [aurora.database] [CONFIG] 
============= BEGIN [query] SQL Statement execution dump ============
SELECT e.workflow_id,e.workflow_code,e.name_id,(select DESCRIPTION_TEXT from fnd_descriptions where DESCRIPTION_ID=e.name_id and Language=?) AS name,e.display_form,e.update_form,e.can_cancel,decode(e.can_cancel, 1, '是', 0, '否') AS can_cancel_display,e.status,decode(e.status, 0, '有效', -1, '无效') AS status_display,e.workflow_category,e.finish_procedure,pc.PROC_DISPLAY AS finish_procedure_name,disf.SERVICE_DISPLAY AS display_form_display,updf.SERVICE_DISPLAY AS update_form_display
FROM wfl_workflow e
	LEFT OUTER JOIN WFL_WORKFLOW_PROCEDURE_VL pc ON e.finish_procedure = pc.PROC_NAME AND e.workflow_id = pc.WORKFLOW_ID
	LEFT OUTER JOIN WFL_WORKFLOW_PAGE_VL disf ON e.display_form = disf.SERVICE_NAME
	LEFT OUTER JOIN WFL_WORKFLOW_PAGE_VL updf ON e.update_form = updf.SERVICE_NAME
WHERE e.workflow_id = ?
---------------------Binding info---------------------
No.1	Access path:/session/@lang	Data type of passed value :java.lang.String	Value:ZHS	Output:false	Database Type:null	
No.2	Access path:@workflow_id	Data type of passed value :java.lang.String	Value:51	Output:false	Database Type:null	

=============== END [query] SQL Statement execution dump ============

2018-10-11 01:32:25.561 [aurora.database] [CONFIG] ===================================== prepare to run model-query wfl.wfl_workflow_node==============================
2018-10-11 01:32:25.564 [uncertain.proc] [CONFIG] [action] DecideSqlGenerationMode
2018-10-11 01:32:25.564 [uncertain.proc] [FINE] aurora.database.service.BusinessModelService.onDecideSqlGenerationMode
2018-10-11 01:32:25.564 [uncertain.proc] [CONFIG] [action] CreatequeryStatement
2018-10-11 01:32:25.564 [uncertain.proc] [FINE] aurora.bm.QuerySqlCreator.onCreateQueryStatement
2018-10-11 01:32:25.564 [uncertain.proc] [CONFIG] [action] PopulatequeryStatement
2018-10-11 01:32:25.564 [uncertain.proc] [FINE] aurora.database.features.OrderByClauseCreator.onPopulateQueryStatement
2018-10-11 01:32:25.564 [uncertain.proc] [FINE] aurora.database.features.WhereClauseCreator.onPopulateQueryStatement
2018-10-11 01:32:25.564 [uncertain.proc] [CONFIG] [action] CreatequerySql
2018-10-11 01:32:25.564 [uncertain.proc] [FINE] aurora.bm.QuerySqlCreator.onCreateQuerySql
2018-10-11 01:32:25.564 [uncertain.proc] [CONFIG] [action] ExecuteQuery
2018-10-11 01:32:25.564 [uncertain.proc] [FINE] aurora.bm.QuerySqlCreator.onExecuteQuery
2018-10-11 01:32:25.571 [uncertain.proc] [CONFIG] [action] QueryFinish
2018-10-11 01:32:25.571 [uncertain.proc] [FINE] aurora.database.features.AutoQueryCounter.onQueryFinish
2018-10-11 01:32:25.571 [uncertain.proc] [CONFIG] [action] FetchResultSet
2018-10-11 01:32:25.571 [uncertain.proc] [FINE] aurora.database.features.CacheBasedLookUpField.postFetchResultSet
2018-10-11 01:32:25.572 [aurora.database] [CONFIG] 
============= BEGIN [query] SQL Statement execution dump ============
SELECT e.node_id,e.workflow_id,e.sequence_num,e.approval_type,e.quantity,e.recipient_type,e.can_deliver_to,e.can_auto_pass,e.can_add_approver,e.can_no_approver,e.can_add_notification,e.form_name,(select service_display from wfl_workflow_page_vl where  service_name=e.form_name) AS form_name_display,e.form_width,e.form_height,(select DESCRIPTION_TEXT from fnd_descriptions where DESCRIPTION_ID=e.name_id and Language=?) AS name,e.name_id,e.notify_period,e.notify_period_length,e.process_date,e.process_date_unit_id,e.mail_notify,e.is_date_limited,e.is_self_re_commit,e.notify_on_finish,e.is_comment_access_control,(select DESCRIPTION_TEXT from fnd_descriptions where DESCRIPTION_ID=e.description_id and Language=?) AS description,e.description_id,e.check_proc,e.pre_node_proc
FROM wfl_workflow_node e
WHERE e.workflow_id = ?
ORDER BY e.sequence_num asc
---------------------Binding info---------------------
No.1	Access path:/session/@lang	Data type of passed value :java.lang.String	Value:ZHS	Output:false	Database Type:null	
No.2	Access path:/session/@lang	Data type of passed value :java.lang.String	Value:ZHS	Output:false	Database Type:null	
No.3	Access path:@workflow_id	Data type of passed value :java.lang.String	Value:51	Output:false	Database Type:null	

=============== END [query] SQL Statement execution dump ============

2018-10-11 01:32:25.572 [aurora.database] [CONFIG] ===================================== prepare to run model-query wfl.WFL2010.wfl_workflow_procedure_vl==============================
2018-10-11 01:32:25.575 [uncertain.proc] [CONFIG] [action] DecideSqlGenerationMode
2018-10-11 01:32:25.575 [uncertain.proc] [FINE] aurora.database.service.BusinessModelService.onDecideSqlGenerationMode
2018-10-11 01:32:25.575 [uncertain.proc] [CONFIG] [action] CreatequeryStatement
2018-10-11 01:32:25.575 [uncertain.proc] [FINE] aurora.bm.QuerySqlCreator.onCreateQueryStatement
2018-10-11 01:32:25.575 [uncertain.proc] [CONFIG] [action] PopulatequeryStatement
2018-10-11 01:32:25.575 [uncertain.proc] [FINE] aurora.database.features.OrderByClauseCreator.onPopulateQueryStatement
2018-10-11 01:32:25.575 [uncertain.proc] [FINE] aurora.database.features.WhereClauseCreator.onPopulateQueryStatement
2018-10-11 01:32:25.575 [uncertain.proc] [CONFIG] [action] CreatequerySql
2018-10-11 01:32:25.575 [uncertain.proc] [FINE] aurora.bm.QuerySqlCreator.onCreateQuerySql
2018-10-11 01:32:25.575 [uncertain.proc] [CONFIG] [action] ExecuteQuery
2018-10-11 01:32:25.575 [uncertain.proc] [FINE] aurora.bm.QuerySqlCreator.onExecuteQuery
2018-10-11 01:32:25.576 [uncertain.proc] [CONFIG] [action] QueryFinish
2018-10-11 01:32:25.576 [uncertain.proc] [FINE] aurora.database.features.AutoQueryCounter.onQueryFinish
2018-10-11 01:32:25.576 [uncertain.proc] [CONFIG] [action] FetchResultSet
2018-10-11 01:32:25.576 [uncertain.proc] [FINE] aurora.database.features.CacheBasedLookUpField.postFetchResultSet
2018-10-11 01:32:25.576 [aurora.database] [CONFIG] 
============= BEGIN [query] SQL Statement execution dump ============
SELECT t1.RECORD_ID,t1.WORKFLOW_ID,t1.PROC_NAME,t1.PROC_DISPLAY,t1.DESCRIPTION,t1.PROC_TYPE
FROM WFL_WORKFLOW_PROCEDURE_VL t1
WHERE workflow_id=? and proc_type = 60
---------------------Binding info---------------------
No.1	Access path:/parameter/@workflow_id	Data type of passed value :java.lang.String	Value:51	Output:false	Database Type:null	

=============== END [query] SQL Statement execution dump ============

2018-10-11 01:32:25.576 [aurora.database] [CONFIG] ===================================== prepare to run model-query wfl.wfl_workflow_recipient_type==============================
2018-10-11 01:32:25.578 [uncertain.proc] [CONFIG] [action] DecideSqlGenerationMode
2018-10-11 01:32:25.578 [uncertain.proc] [FINE] aurora.database.service.BusinessModelService.onDecideSqlGenerationMode
2018-10-11 01:32:25.578 [uncertain.proc] [CONFIG] [action] CreateOperationSql
2018-10-11 01:32:25.578 [uncertain.proc] [CONFIG] [action] PopulateOperationSql
2018-10-11 01:32:25.578 [uncertain.proc] [FINE] aurora.database.features.OrderByClauseCreator.onPopulateOperationSql
2018-10-11 01:32:25.578 [uncertain.proc] [FINE] aurora.database.features.WhereClauseCreator.onPopulateOperationSql
2018-10-11 01:32:25.578 [uncertain.proc] [CONFIG] [action] ExecuteQuery
2018-10-11 01:32:25.578 [uncertain.proc] [FINE] aurora.bm.QuerySqlCreator.onExecuteQuery
2018-10-11 01:32:25.580 [uncertain.proc] [CONFIG] [action] QueryFinish
2018-10-11 01:32:25.580 [uncertain.proc] [FINE] aurora.database.features.AutoQueryCounter.onQueryFinish
2018-10-11 01:32:25.580 [uncertain.proc] [CONFIG] [action] FetchResultSet
2018-10-11 01:32:25.580 [uncertain.proc] [FINE] aurora.database.features.CacheBasedLookUpField.postFetchResultSet
2018-10-11 01:32:25.580 [aurora.database] [CONFIG] 
============= BEGIN [query] SQL Statement execution dump ============

                select to_number(code_value) value, 
                       code_value_name name
                  from sys_service_lookup_v
                 where code = 'WFL_WORKFLOW_RECIPIENT_TYPE' 
                 and language=?
            
---------------------Binding info---------------------
No.1	Access path:/session/@lang	Data type of passed value :java.lang.String	Value:ZHS	Output:false	Database Type:null	

=============== END [query] SQL Statement execution dump ============

2018-10-11 01:32:25.580 [aurora.database] [CONFIG] ===================================== prepare to run model-query wfl.wfl_workflow_approval_type==============================
2018-10-11 01:32:25.582 [uncertain.proc] [CONFIG] [action] DecideSqlGenerationMode
2018-10-11 01:32:25.582 [uncertain.proc] [FINE] aurora.database.service.BusinessModelService.onDecideSqlGenerationMode
2018-10-11 01:32:25.582 [uncertain.proc] [CONFIG] [action] CreateOperationSql
2018-10-11 01:32:25.582 [uncertain.proc] [CONFIG] [action] PopulateOperationSql
2018-10-11 01:32:25.582 [uncertain.proc] [FINE] aurora.database.features.OrderByClauseCreator.onPopulateOperationSql
2018-10-11 01:32:25.582 [uncertain.proc] [FINE] aurora.database.features.WhereClauseCreator.onPopulateOperationSql
2018-10-11 01:32:25.582 [uncertain.proc] [CONFIG] [action] ExecuteQuery
2018-10-11 01:32:25.582 [uncertain.proc] [FINE] aurora.bm.QuerySqlCreator.onExecuteQuery
2018-10-11 01:32:25.584 [uncertain.proc] [CONFIG] [action] QueryFinish
2018-10-11 01:32:25.584 [uncertain.proc] [FINE] aurora.database.features.AutoQueryCounter.onQueryFinish
2018-10-11 01:32:25.584 [uncertain.proc] [CONFIG] [action] FetchResultSet
2018-10-11 01:32:25.584 [uncertain.proc] [FINE] aurora.database.features.CacheBasedLookUpField.postFetchResultSet
2018-10-11 01:32:25.584 [aurora.database] [CONFIG] 
============= BEGIN [query] SQL Statement execution dump ============

                select to_number(code_value) value, 
                       code_value_name name
                  from sys_service_lookup_v
                 where code = 'WFL_WORKFLOW_APPROVAL_TYPE'
                 and language=?
            
---------------------Binding info---------------------
No.1	Access path:/session/@lang	Data type of passed value :java.lang.String	Value:ZHS	Output:false	Database Type:null	

=============== END [query] SQL Statement execution dump ============

2018-10-11 01:32:25.584 [aurora.database] [CONFIG] ===================================== prepare to run model-query wfl.wfl_workflow_category==============================
2018-10-11 01:32:25.586 [uncertain.proc] [CONFIG] [action] DecideSqlGenerationMode
2018-10-11 01:32:25.586 [uncertain.proc] [FINE] aurora.database.service.BusinessModelService.onDecideSqlGenerationMode
2018-10-11 01:32:25.586 [uncertain.proc] [CONFIG] [action] CreateOperationSql
2018-10-11 01:32:25.586 [uncertain.proc] [CONFIG] [action] PopulateOperationSql
2018-10-11 01:32:25.586 [uncertain.proc] [FINE] aurora.database.features.OrderByClauseCreator.onPopulateOperationSql
2018-10-11 01:32:25.586 [uncertain.proc] [FINE] aurora.database.features.WhereClauseCreator.onPopulateOperationSql
2018-10-11 01:32:25.586 [uncertain.proc] [CONFIG] [action] ExecuteQuery
2018-10-11 01:32:25.586 [uncertain.proc] [FINE] aurora.bm.QuerySqlCreator.onExecuteQuery
2018-10-11 01:32:25.588 [uncertain.proc] [CONFIG] [action] QueryFinish
2018-10-11 01:32:25.588 [uncertain.proc] [FINE] aurora.database.features.AutoQueryCounter.onQueryFinish
2018-10-11 01:32:25.588 [uncertain.proc] [CONFIG] [action] FetchResultSet
2018-10-11 01:32:25.588 [uncertain.proc] [FINE] aurora.database.features.CacheBasedLookUpField.postFetchResultSet
2018-10-11 01:32:25.588 [aurora.database] [CONFIG] 
============= BEGIN [query] SQL Statement execution dump ============

                select code_value,
                       code_value_name
                  from sys_service_lookup_v v
                 where code = 'WFL_WORKFLOW_CATEGORY' 
                 and v.enabled_flag = 'Y'
                 and language=?
                 ORDER BY code_value 
            
---------------------Binding info---------------------
No.1	Access path:/session/@lang	Data type of passed value :java.lang.String	Value:ZHS	Output:false	Database Type:null	

=============== END [query] SQL Statement execution dump ============

2018-10-11 01:32:25.588 [aurora.database] [CONFIG] ===================================== prepare to run model-query wfl.wfl_workflow_page_vl==============================
2018-10-11 01:32:25.591 [uncertain.proc] [CONFIG] [action] DecideSqlGenerationMode
2018-10-11 01:32:25.591 [uncertain.proc] [FINE] aurora.database.service.BusinessModelService.onDecideSqlGenerationMode
2018-10-11 01:32:25.591 [uncertain.proc] [CONFIG] [action] CreatequeryStatement
2018-10-11 01:32:25.591 [uncertain.proc] [FINE] aurora.bm.QuerySqlCreator.onCreateQueryStatement
2018-10-11 01:32:25.591 [uncertain.proc] [CONFIG] [action] PopulatequeryStatement
2018-10-11 01:32:25.591 [uncertain.proc] [FINE] aurora.database.features.OrderByClauseCreator.onPopulateQueryStatement
2018-10-11 01:32:25.591 [uncertain.proc] [FINE] aurora.database.features.WhereClauseCreator.onPopulateQueryStatement
2018-10-11 01:32:25.591 [uncertain.proc] [CONFIG] [action] CreatequerySql
2018-10-11 01:32:25.591 [uncertain.proc] [FINE] aurora.bm.QuerySqlCreator.onCreateQuerySql
2018-10-11 01:32:25.591 [uncertain.proc] [CONFIG] [action] ExecuteQuery
2018-10-11 01:32:25.591 [uncertain.proc] [FINE] aurora.bm.QuerySqlCreator.onExecuteQuery
2018-10-11 01:32:25.593 [uncertain.proc] [CONFIG] [action] QueryFinish
2018-10-11 01:32:25.593 [uncertain.proc] [FINE] aurora.database.features.AutoQueryCounter.onQueryFinish
2018-10-11 01:32:25.593 [uncertain.proc] [CONFIG] [action] FetchResultSet
2018-10-11 01:32:25.593 [uncertain.proc] [FINE] aurora.database.features.CacheBasedLookUpField.postFetchResultSet
2018-10-11 01:32:25.593 [aurora.database] [CONFIG] 
============= BEGIN [query] SQL Statement execution dump ============
SELECT t1.RECORD_ID,t1.SERVICE_NAME,t1.SERVICE_DISPLAY,t1.DESCRIPTION
FROM WFL_WORKFLOW_PAGE_VL t1

---------------------Binding info---------------------
null
=============== END [query] SQL Statement execution dump ============

2018-10-11 01:32:25.593 [uncertain.proc] [CONFIG] [action] CreateView
2018-10-11 01:32:25.593 [uncertain.proc] [CONFIG] [action] BuildOutputContent
2018-10-11 01:32:25.593 [aurora.presentation.buildsession] [CONFIG] Start build session
2018-10-11 01:32:25.593 [aurora.presentation.buildsession] [CONFIG] building view: <html-page> -> aurora.presentation.component.HtmlPage@7d5afe9e
2018-10-11 01:32:25.595 [aurora.presentation.buildsession] [CONFIG] building view: <link> -> aurora.presentation.TemplateBasedView@3dda489e
2018-10-11 01:32:25.595 [aurora.presentation.buildsession] [CONFIG] building view: <link> -> aurora.presentation.TemplateBasedView@3dda489e
2018-10-11 01:32:25.595 [aurora.presentation.buildsession] [CONFIG] building view: <link> -> aurora.presentation.TemplateBasedView@3dda489e
2018-10-11 01:32:25.595 [aurora.presentation.buildsession] [CONFIG] building view: <div> -> aurora.presentation.DefaultViewBuilder@35f5c5a3
2018-10-11 01:32:25.595 [aurora.presentation.buildsession] [CONFIG] building view: <script> -> aurora.presentation.DefaultViewBuilder@35f5c5a3
2018-10-11 01:32:25.595 [aurora.presentation.buildsession] [CONFIG] building view: <dataSets> -> aurora.application.features.DataSetInit@2890f27b
2018-10-11 01:32:25.595 [aurora.presentation.buildsession] [CONFIG] building view: <dataSet> -> aurora.presentation.TemplateBasedView@3dda489e
2018-10-11 01:32:25.595 [aurora.presentation.buildsession] [CONFIG] building view: <dataSet> -> aurora.presentation.TemplateBasedView@3dda489e
2018-10-11 01:32:25.596 [aurora.presentation.buildsession] [CONFIG] building view: <dataSet> -> aurora.presentation.TemplateBasedView@3dda489e
2018-10-11 01:32:25.597 [aurora.presentation.buildsession] [CONFIG] building view: <dataSet> -> aurora.presentation.TemplateBasedView@3dda489e
2018-10-11 01:32:25.597 [aurora.presentation.buildsession] [CONFIG] building view: <dataSet> -> aurora.presentation.TemplateBasedView@3dda489e
2018-10-11 01:32:25.598 [aurora.presentation.buildsession] [CONFIG] building view: <dataSet> -> aurora.presentation.TemplateBasedView@3dda489e
2018-10-11 01:32:25.598 [aurora.presentation.buildsession] [CONFIG] building view: <dataSet> -> aurora.presentation.TemplateBasedView@3dda489e
2018-10-11 01:32:25.600 [aurora.presentation.buildsession] [CONFIG] building view: <dataSet> -> aurora.presentation.TemplateBasedView@3dda489e
2018-10-11 01:32:25.602 [aurora.presentation.buildsession] [CONFIG] building view: <screenBody> -> aurora.presentation.component.std.ScreenBody@664b32b8
2018-10-11 01:32:25.602 [aurora.presentation.buildsession] [CONFIG] building view: <screenTopToolbar> -> aurora.presentation.component.std.ScreenTopToolbar@487d89b9
2018-10-11 01:32:25.602 [aurora.presentation.buildsession] [CONFIG] building view: <screenTitle> -> aurora.presentation.component.std.ScreenTitle@62792026
2018-10-11 01:32:25.606 [uncertain.proc] [CONFIG] [action] DecideSqlGenerationMode
2018-10-11 01:32:25.606 [uncertain.proc] [FINE] aurora.database.service.BusinessModelService.onDecideSqlGenerationMode
2018-10-11 01:32:25.606 [uncertain.proc] [CONFIG] [action] CreatequeryStatement
2018-10-11 01:32:25.606 [uncertain.proc] [FINE] aurora.bm.QuerySqlCreator.onCreateQueryStatement
2018-10-11 01:32:25.606 [uncertain.proc] [CONFIG] [action] PopulatequeryStatement
2018-10-11 01:32:25.606 [uncertain.proc] [FINE] aurora.database.features.OrderByClauseCreator.onPopulateQueryStatement
2018-10-11 01:32:25.606 [uncertain.proc] [FINE] aurora.database.features.WhereClauseCreator.onPopulateQueryStatement
2018-10-11 01:32:25.606 [uncertain.proc] [CONFIG] [action] CreatequerySql
2018-10-11 01:32:25.606 [uncertain.proc] [FINE] aurora.bm.QuerySqlCreator.onCreateQuerySql
2018-10-11 01:32:25.606 [uncertain.proc] [CONFIG] [action] ExecuteQuery
2018-10-11 01:32:25.606 [uncertain.proc] [FINE] aurora.bm.QuerySqlCreator.onExecuteQuery
2018-10-11 01:32:25.607 [uncertain.proc] [CONFIG] [action] QueryFinish
2018-10-11 01:32:25.607 [uncertain.proc] [FINE] aurora.database.features.AutoQueryCounter.onQueryFinish
2018-10-11 01:32:25.607 [uncertain.proc] [CONFIG] [action] FetchResultSet
2018-10-11 01:32:25.607 [uncertain.proc] [FINE] aurora.database.features.CacheBasedLookUpField.postFetchResultSet
2018-10-11 01:32:25.607 [aurora.database] [CONFIG] 
============= BEGIN [query] SQL Statement execution dump ============
SELECT f.service_id,f.service_name,f.is_entry_page,f.is_access_checked,f.is_login_required,f.is_system_access,? AS language,(select d.description_text from fnd_descriptions d where d.description_id = f.title_id and d.language = ?) AS title,f.title_id,f.weixin_flag
FROM sys_service f
WHERE f.service_name = ?
ORDER BY service_name
---------------------Binding info---------------------
No.1	Access path:/session/@lang	Data type of passed value :java.lang.String	Value:ZHS	Output:false	Database Type:null	
No.2	Access path:/session/@lang	Data type of passed value :java.lang.String	Value:ZHS	Output:false	Database Type:null	
No.3	Access path:@service_name	Data type of passed value :java.lang.String	Value:modules/wfl/WFL2010/wfl_workflow_edit.screen	Output:false	Database Type:null	

=============== END [query] SQL Statement execution dump ============

2018-10-11 01:32:25.607 [aurora.presentation.buildsession] [CONFIG] building view: <toolbarButton> -> aurora.presentation.TemplateBasedView@3dda489e
2018-10-11 01:32:25.607 [aurora.presentation.buildsession] [CONFIG] building view: <toolbarButton> -> aurora.presentation.TemplateBasedView@3dda489e
2018-10-11 01:32:25.607 [aurora.presentation.buildsession] [CONFIG] building view: <form> -> aurora.presentation.component.std.Form@3a25c19b
2018-10-11 01:32:25.607 [aurora.presentation.buildsession] [CONFIG] building view: <box> -> aurora.presentation.component.std.Box@75d72b1e
2018-10-11 01:32:25.607 [aurora.presentation.buildsession] [CONFIG] building view: <textField> -> aurora.presentation.TemplateBasedView@3dda489e
2018-10-11 01:32:25.607 [aurora.presentation.buildsession] [CONFIG] building view: <textField> -> aurora.presentation.TemplateBasedView@3dda489e
2018-10-11 01:32:25.608 [aurora.presentation.buildsession] [CONFIG] building view: <comboBox> -> aurora.presentation.TemplateBasedView@3dda489e
2018-10-11 01:32:25.608 [aurora.presentation.buildsession] [CONFIG] building view: <textField> -> aurora.presentation.TemplateBasedView@3dda489e
2018-10-11 01:32:25.608 [aurora.presentation.buildsession] [CONFIG] building view: <comboBox> -> aurora.presentation.TemplateBasedView@3dda489e
2018-10-11 01:32:25.608 [aurora.presentation.buildsession] [CONFIG] building view: <comboBox> -> aurora.presentation.TemplateBasedView@3dda489e
2018-10-11 01:32:25.609 [aurora.presentation.buildsession] [CONFIG] building view: <comboBox> -> aurora.presentation.TemplateBasedView@3dda489e
2018-10-11 01:32:25.609 [aurora.presentation.buildsession] [CONFIG] building view: <checkBox> -> aurora.presentation.TemplateBasedView@3dda489e
2018-10-11 01:32:25.609 [aurora.presentation.buildsession] [CONFIG] building view: <comboBox> -> aurora.presentation.TemplateBasedView@3dda489e
2018-10-11 01:32:25.609 [aurora.presentation.buildsession] [CONFIG] building view: <tabPanel> -> aurora.presentation.TemplateBasedView@3dda489e
2018-10-11 01:32:25.609 [aurora.presentation.buildsession] [CONFIG] building view: <grid> -> aurora.presentation.TemplateBasedView@3dda489e
2018-10-11 01:32:25.609 [aurora.presentation.buildsession] [CONFIG] building view: <toolBar> -> aurora.presentation.TemplateBasedView@3dda489e
2018-10-11 01:32:25.609 [aurora.presentation.buildsession] [CONFIG] building view: <button> -> aurora.presentation.TemplateBasedView@3dda489e
2018-10-11 01:32:25.609 [aurora.presentation.buildsession] [CONFIG] building view: <button> -> aurora.presentation.TemplateBasedView@3dda489e
2018-10-11 01:32:25.610 [aurora.presentation.buildsession] [CONFIG] building view: <navBar> -> aurora.presentation.TemplateBasedView@3dda489e
2018-10-11 01:32:25.611 [aurora.presentation.buildsession] [CONFIG] building view: <button> -> aurora.presentation.TemplateBasedView@3dda489e
2018-10-11 01:32:25.611 [aurora.presentation.buildsession] [CONFIG] building view: <button> -> aurora.presentation.TemplateBasedView@3dda489e
2018-10-11 01:32:25.611 [aurora.presentation.buildsession] [CONFIG] building view: <separator> -> aurora.presentation.TemplateBasedView@3dda489e
2018-10-11 01:32:25.611 [aurora.presentation.buildsession] [CONFIG] building view: <div> -> aurora.presentation.DefaultViewBuilder@35f5c5a3
2018-10-11 01:32:25.611 [aurora.presentation.buildsession] [CONFIG] building view: <numberField> -> aurora.presentation.TemplateBasedView@3dda489e
2018-10-11 01:32:25.611 [aurora.presentation.buildsession] [CONFIG] building view: <div> -> aurora.presentation.DefaultViewBuilder@35f5c5a3
2018-10-11 01:32:25.611 [aurora.presentation.buildsession] [CONFIG] building view: <separator> -> aurora.presentation.TemplateBasedView@3dda489e
2018-10-11 01:32:25.611 [aurora.presentation.buildsession] [CONFIG] building view: <button> -> aurora.presentation.TemplateBasedView@3dda489e
2018-10-11 01:32:25.612 [aurora.presentation.buildsession] [CONFIG] building view: <button> -> aurora.presentation.TemplateBasedView@3dda489e
2018-10-11 01:32:25.612 [aurora.presentation.buildsession] [CONFIG] building view: <button> -> aurora.presentation.TemplateBasedView@3dda489e
2018-10-11 01:32:25.612 [aurora.presentation.buildsession] [CONFIG] building view: <separator> -> aurora.presentation.TemplateBasedView@3dda489e
2018-10-11 01:32:25.612 [aurora.presentation.buildsession] [CONFIG] building view: <div> -> aurora.presentation.DefaultViewBuilder@35f5c5a3
2018-10-11 01:32:25.612 [aurora.presentation.buildsession] [CONFIG] building view: <comboBox> -> aurora.presentation.TemplateBasedView@3dda489e
2018-10-11 01:32:25.612 [aurora.presentation.buildsession] [CONFIG] building view: <div> -> aurora.presentation.DefaultViewBuilder@35f5c5a3
2018-10-11 01:32:25.612 [aurora.presentation.buildsession] [CONFIG] building view: <separator> -> aurora.presentation.TemplateBasedView@3dda489e
2018-10-11 01:32:25.612 [aurora.presentation.buildsession] [CONFIG] building view: <div> -> aurora.presentation.DefaultViewBuilder@35f5c5a3
2018-10-11 01:32:25.613 [aurora.presentation.buildsession] [CONFIG] building view: <numberField> -> aurora.presentation.TemplateBasedView@3dda489e
2018-10-11 01:32:25.613 [aurora.presentation.buildsession] [CONFIG] building view: <textField> -> aurora.presentation.TemplateBasedView@3dda489e
2018-10-11 01:32:25.613 [aurora.presentation.buildsession] [CONFIG] building view: <comboBox> -> aurora.presentation.TemplateBasedView@3dda489e
2018-10-11 01:32:25.614 [aurora.presentation.buildsession] [CONFIG] building view: <script> -> aurora.presentation.DefaultViewBuilder@35f5c5a3
2018-10-11 01:32:25.614 [aurora.presentation.buildsession] [CONFIG] End build session
