2018-10-12 08:56:25.786 [aurora.application.session_check] [CONFIG] Session data copied to context
2018-10-12 08:56:25.786 [aurora.application.session_check] [CONFIG] Access check result for modules/sys/public/sys_parameter_values_query.svc => success
2018-10-12 08:56:25.786 [uncertain.proc] [CONFIG] [action] AccessCheck
2018-10-12 08:56:25.788 [uncertain.proc] [CONFIG] [action] CheckServiceLock
2018-10-12 08:56:25.788 [uncertain.proc] [CONFIG] [action] ParseParameter
2018-10-12 08:56:25.788 [uncertain.proc] [CONFIG] [action] ValidateInput
2018-10-12 08:56:25.788 [uncertain.proc] [CONFIG] [action] InvokeService
2018-10-12 08:56:25.789 [uncertain.proc] [INFO] <context SERVICE_LOGGING_FILE="/u01/web_projects/excs/logs/modules/sys/public/sys_parameter_values_query.svc_55386_2018-10-12.log" __configuration__="uncertain.event.Configuration@103c129f" service_name="modules/sys/public/sys_parameter_values_query.svc" _instance.uncertain.logging.ILoggerProvider="uncertain.logging.LoggerProvider@7b212563" _instance.aurora.service.IService="aurora.service.http.HttpServiceInstance@70149b8e" _instance.aurora.application.features.msg.IMessageDispatcher="aurora.application.features.msg.TrxMessageDispatcher@13ef0338" __procedure_name__="aurora.service.controller.InvokeService" _instance.javax.servlet.http.HttpServletRequest="weblogic.servlet.internal.ServletRequestImpl@5838c97f[
POST /excs/modules/sys/public/sys_parameter_values_query.svc?pagesize=19&amp;pagenum=1&amp;_fetchall=false&amp;_autocount=true HTTP/1.1
Accept: */*
X-Requested-With: XMLHttpRequest
Accept-Language: zh-cn
Accept-Encoding: gzip, deflate
Content-Type: application/x-www-form-urlencoded; charset=UTF-8
Origin: http://116.228.77.180:22501
User-Agent: Mozilla/5.0 (Macintosh; Intel Mac OS X 10_13_1) AppleWebKit/604.3.5 (KHTML, like Gecko) Version/11.0.1 Safari/604.3.5
Connection: keep-alive
Referer: http://116.228.77.180:22501/excs/modules/sys/SYS1120/sys_parameter_values.screen
Content-Length: 178

]" _instance.uncertain.proc.trace.StackTraceManager="uncertain.proc.trace.StackTraceManager@18d5d296" success="true" _instance.javax.servlet.http.HttpServletResponse="weblogic.servlet.internal.ServletResponseImpl@65bcdd49[
HTTP/1.1 200 OK
Cache-Control: : no-cache
Pragma: : no-cache
Expires: : 0
]" _instance.uncertain.logging.BasicFileHandler="uncertain.logging.BasicFileHandler@4e944ae6">
    <request Origin="http://116.228.77.180:22501" Cookie="TARGETURL=modules/sys/SYS1120/sys_parameter_values.screen; ISTIMEOUT=false; RECHOOSEROLE=true; LANG=ZHS; USERNAME=admin; vh=684; vw=1393; IS_NTLM=N; JSID=DFEE90D7F554160A; JSESSIONID=SD5mETNMzj5tMH-__FF69lDNOEZNDahChAfvO10bdUGd_1I5jy2b!1667985354" server_name="116.228.77.180" address="172.26.1.9" context_path="/excs" Accept="*/*" X-Requested-With="XMLHttpRequest" User-Agent="Mozilla/5.0 (Macintosh; Intel Mac OS X 10_13_1) AppleWebKit/604.3.5 (KHTML, like Gecko) Version/11.0.1 Safari/604.3.5" Connection="keep-alive" Referer="http://116.228.77.180:22501/excs/modules/sys/SYS1120/sys_parameter_values.screen" Host="116.228.77.180:22501" Accept-Encoding="gzip, deflate" url="/excs/modules/sys/public/sys_parameter_values_query.svc" server_port="22501" Accept-Language="zh-cn" Content-Length="178" request_id="8fa00703-842f-4fe5-9f2f-7c2781b0f45d" Content-Type="application/x-www-form-urlencoded; charset=UTF-8"/>
    <cookie RECHOOSEROLE="{secure=false, path=null, maxage=-1, domain=null, name=RECHOOSEROLE, value=true}" vw="{secure=false, path=null, maxage=-1, domain=null, name=vw, value=1393}" TARGETURL="{secure=false, path=null, maxage=-1, domain=null, name=TARGETURL, value=modules/sys/SYS1120/sys_parameter_values.screen}" JSID="{secure=false, path=null, maxage=-1, domain=null, name=JSID, value=DFEE90D7F554160A}" JSESSIONID="{secure=false, path=null, maxage=-1, domain=null, name=JSESSIONID, value=SD5mETNMzj5tMH-__FF69lDNOEZNDahChAfvO10bdUGd_1I5jy2b!1667985354}" LANG="{secure=false, path=null, maxage=-1, domain=null, name=LANG, value=ZHS}" vh="{secure=false, path=null, maxage=-1, domain=null, name=vh, value=684}" IS_NTLM="{secure=false, path=null, maxage=-1, domain=null, name=IS_NTLM, value=N}" ISTIMEOUT="{secure=false, path=null, maxage=-1, domain=null, name=ISTIMEOUT, value=false}" USERNAME="{secure=false, path=null, maxage=-1, domain=null, name=USERNAME, value=admin}"/>
    <parameter level_id="101" parameter_name="%预算%" pagenum="1" _fetchall="false" pagesize="19" _autocount="true" level_id_display="系统"/>
    <session company_id="835" is_ipad="N" session_id="55386" user_id="1" role_id="1" lang="ZHS"/>
    <access-check status_code="success"/>
    <model/>
</context>

2018-10-12 08:56:25.789 [aurora.database] [CONFIG] ===================================== prepare to run model-query sys.sys_parameter_system==============================
2018-10-12 08:56:25.798 [uncertain.proc] [CONFIG] [action] DecideSqlGenerationMode
2018-10-12 08:56:25.798 [uncertain.proc] [FINE] aurora.database.service.BusinessModelService.onDecideSqlGenerationMode
2018-10-12 08:56:25.798 [uncertain.proc] [CONFIG] [action] CreatequeryStatement
2018-10-12 08:56:25.798 [uncertain.proc] [FINE] aurora.bm.QuerySqlCreator.onCreateQueryStatement
2018-10-12 08:56:25.800 [uncertain.proc] [CONFIG] [action] PopulatequeryStatement
2018-10-12 08:56:25.800 [uncertain.proc] [FINE] aurora.database.features.OrderByClauseCreator.onPopulateQueryStatement
2018-10-12 08:56:25.800 [uncertain.proc] [FINE] aurora.database.features.WhereClauseCreator.onPopulateQueryStatement
2018-10-12 08:56:25.800 [uncertain.proc] [CONFIG] [action] CreatequerySql
2018-10-12 08:56:25.800 [uncertain.proc] [FINE] aurora.bm.QuerySqlCreator.onCreateQuerySql
2018-10-12 08:56:25.800 [uncertain.proc] [CONFIG] [action] ExecuteQuery
2018-10-12 08:56:25.800 [uncertain.proc] [FINE] aurora.bm.QuerySqlCreator.onExecuteQuery
2018-10-12 08:56:25.825 [uncertain.proc] [CONFIG] [action] QueryFinish
2018-10-12 08:56:25.825 [uncertain.proc] [FINE] aurora.database.features.AutoQueryCounter.onQueryFinish
2018-10-12 08:56:25.829 [uncertain.proc] [CONFIG] [action] FetchResultSet
2018-10-12 08:56:25.830 [uncertain.proc] [FINE] aurora.database.features.CacheBasedLookUpField.postFetchResultSet
2018-10-12 08:56:25.830 [aurora.database] [CONFIG] 
============= BEGIN [query] SQL Statement execution dump ============
SELECT              (select v.level_id             from sys_parameter_values v             where v.module_id = p.module_id             and v.parameter_id = p.parameter_id             and v.level_id = 101             and (v.level_value = ? or v.level_value=1))              AS level_id,             (select v.level_value             from sys_parameter_values v             where v.module_id = p.module_id             and v.parameter_id = p.parameter_id             and v.level_id = 101             and (v.level_value = ? or v.level_value=1))              AS level_value,             (select v.parameter_value             from sys_parameter_values v             where v.module_id = p.module_id             and v.parameter_id = p.parameter_id             and v.level_id = 101             and (v.level_value = ? or v.level_value=1))              AS parameter_value,             (select v.value_Code             from sys_parameter_values v             where v.module_id = p.module_id             and v.parameter_id = p.parameter_id             and v.level_id = 101             and (v.level_value = ? or v.level_value=1))              AS value_code,             (select v.Value_Name             from sys_parameter_values v             where v.module_id = p.module_id             and v.parameter_id = p.parameter_id             and v.level_id = 101             and (v.level_value = ? or v.level_value=1))              AS value_name,p.parameter_id,p.module_id,p.parameter_code,p.validation_type,p.validation_type AS validation_type_display,p.description,p.user_changeable_flag,p.user_visible_flag,p.system_enabled_flag,p.role_enabled_flag,p.user_enabled_flag,p.sql_validation,p.start_date_active,p.end_date_active,p.parameter_name_id,(select DESCRIPTION_TEXT from fnd_descriptions where DESCRIPTION_ID=p.parameter_name_id and Language=?) AS parameter_name,p.encrypt_value_flag,p.app_enabled_flag,p.company_enabled_flag,(select DESCRIPTION_TEXT from fnd_descriptions where DESCRIPTION_ID=sm.module_name_id and Language=?) AS module_name,sm.module_name_id
FROM sys_parameters p
	LEFT OUTER JOIN sys_module sm ON p.module_id = sm.module_id
WHERE  p.system_enabled_flag = 'Y'  AND  SYSDATE BETWEEN START_DATE_ACTIVE AND NVL(END_DATE_ACTIVE,SYSDATE+1)  AND exists (select 1 from fnd_descriptions fd where p.parameter_name_id=fd.description_id and fd.description_text like ? and fd.language = ?)
ORDER BY parameter_code
---------------------Binding info---------------------
No.1	Access path:@level_value	Data type of passed value :[null]	Value:null	Output:false	Database Type:null	
No.2	Access path:@level_value	Data type of passed value :[null]	Value:null	Output:false	Database Type:null	
No.3	Access path:@level_value	Data type of passed value :[null]	Value:null	Output:false	Database Type:null	
No.4	Access path:@level_value	Data type of passed value :[null]	Value:null	Output:false	Database Type:null	
No.5	Access path:@level_value	Data type of passed value :[null]	Value:null	Output:false	Database Type:null	
No.6	Access path:/session/@lang	Data type of passed value :java.lang.String	Value:ZHS	Output:false	Database Type:null	
No.7	Access path:/session/@lang	Data type of passed value :java.lang.String	Value:ZHS	Output:false	Database Type:null	
No.8	Access path:@parameter_name	Data type of passed value :java.lang.String	Value:%预算%	Output:false	Database Type:null	
No.9	Access path:/session/@lang	Data type of passed value :java.lang.String	Value:ZHS	Output:false	Database Type:null	

=============== END [query] SQL Statement execution dump ============

2018-10-12 08:56:25.830 [uncertain.proc] [CONFIG] [action] CreateSuccessResponse
