2018-10-22 06:35:26.996 [aurora.application.session_check] [CONFIG] Session data copied to context
2018-10-22 06:35:26.996 [aurora.application.session_check] [CONFIG] Access check result for modules/eam/EAM0310/eam_asset_rec_batch_ref_req.svc => success
2018-10-22 06:35:26.996 [uncertain.proc] [CONFIG] [action] AccessCheck
2018-10-22 06:35:26.998 [uncertain.proc] [CONFIG] [action] CheckServiceLock
2018-10-22 06:35:26.998 [uncertain.proc] [CONFIG] [action] ParseParameter
2018-10-22 06:35:26.999 [uncertain.proc] [CONFIG] [action] ValidateInput
2018-10-22 06:35:26.999 [uncertain.proc] [CONFIG] [action] InvokeService
2018-10-22 06:35:27.2 [uncertain.proc] [CONFIG] [action] DecideStatement
2018-10-22 06:35:27.6 [uncertain.proc] [CONFIG] [action] DecideSqlGenerationMode
2018-10-22 06:35:27.6 [uncertain.proc] [FINE] aurora.database.service.BusinessModelService.onDecideSqlGenerationMode
2018-10-22 06:35:27.6 [uncertain.proc] [CONFIG] [action] CreateOperationSql
2018-10-22 06:35:27.6 [uncertain.proc] [CONFIG] [action] PopulateOperationSql
2018-10-22 06:35:27.6 [uncertain.proc] [FINE] aurora.database.features.OrderByClauseCreator.onPopulateOperationSql
2018-10-22 06:35:27.6 [uncertain.proc] [FINE] aurora.database.features.WhereClauseCreator.onPopulateOperationSql
2018-10-22 06:35:27.6 [uncertain.proc] [CONFIG] [action] CreateSqlRunner
2018-10-22 06:35:27.6 [uncertain.proc] [FINE] aurora.database.service.BusinessModelService.onCreateSqlRunner
2018-10-22 06:35:27.6 [uncertain.proc] [CONFIG] [action] ExecuteDmlStatement
2018-10-22 06:35:27.6 [uncertain.proc] [FINE] aurora.database.service.BusinessModelService.onExecuteDmlStatement
2018-10-22 06:35:27.8 [aurora.database] [CONFIG] 
============= BEGIN [execute] SQL Statement execution dump ============

				 begin
    				eam_asset_batch_ref_req_pkg.clear_batch_tmp_record(p_session_id => ?);                                                 
    			end;        
			
---------------------Binding info---------------------
No.1	Access path:/session/@session_id	Data type of passed value :java.lang.Long	Value:55568	Output:false	Database Type:null	

=============== END [execute] SQL Statement execution dump ============

2018-10-22 06:35:27.9 [aurora.database] [CONFIG] Running batch-apply with data from path /parameter, total 2 records
2018-10-22 06:35:27.9 [aurora.database] [CONFIG] Executing batch-apply on parameter No.0
2018-10-22 06:35:27.11 [uncertain.proc] [CONFIG] [action] DecideStatement
2018-10-22 06:35:27.12 [uncertain.proc] [CONFIG] [action] DecideSqlGenerationMode
2018-10-22 06:35:27.12 [uncertain.proc] [FINE] aurora.database.service.BusinessModelService.onDecideSqlGenerationMode
2018-10-22 06:35:27.12 [uncertain.proc] [CONFIG] [action] CreateOperationSql
2018-10-22 06:35:27.12 [uncertain.proc] [CONFIG] [action] PopulateOperationSql
2018-10-22 06:35:27.12 [uncertain.proc] [FINE] aurora.database.features.OrderByClauseCreator.onPopulateOperationSql
2018-10-22 06:35:27.12 [uncertain.proc] [FINE] aurora.database.features.WhereClauseCreator.onPopulateOperationSql
2018-10-22 06:35:27.12 [uncertain.proc] [CONFIG] [action] CreateSqlRunner
2018-10-22 06:35:27.12 [uncertain.proc] [FINE] aurora.database.service.BusinessModelService.onCreateSqlRunner
2018-10-22 06:35:27.12 [uncertain.proc] [CONFIG] [action] ExecuteDmlStatement
2018-10-22 06:35:27.12 [uncertain.proc] [FINE] aurora.database.service.BusinessModelService.onExecuteDmlStatement
2018-10-22 06:35:27.13 [aurora.database] [CONFIG] 
============= BEGIN [execute] SQL Statement execution dump ============

				 begin
					eam_asset_batch_ref_req_pkg.create_batch_tmp_record(p_session_id            => ?,
									                                    p_requisition_header_id => ?,
									                                    p_requisition_line_id   => ?,
									                                    p_asset_id				=> ?,
									                                    p_user_id               => ?);                                                   
    			end;        
			
---------------------Binding info---------------------
No.1	Access path:/session/@session_id	Data type of passed value :java.lang.Long	Value:55568	Output:false	Database Type:null	
No.2	Access path:@requisition_header_id	Data type of passed value :java.lang.String	Value:571	Output:false	Database Type:null	
No.3	Access path:@requisition_line_id	Data type of passed value :java.lang.Integer	Value:621	Output:false	Database Type:null	
No.4	Access path:@asset_id	Data type of passed value :java.lang.Integer	Value:731	Output:false	Database Type:null	
No.5	Access path:/session/@user_id	Data type of passed value :java.lang.Long	Value:1	Output:false	Database Type:null	

=============== END [execute] SQL Statement execution dump ============

2018-10-22 06:35:27.13 [aurora.database] [CONFIG] Executing batch-apply on parameter No.1
2018-10-22 06:35:27.15 [uncertain.proc] [CONFIG] [action] DecideStatement
2018-10-22 06:35:27.16 [uncertain.proc] [CONFIG] [action] DecideSqlGenerationMode
2018-10-22 06:35:27.16 [uncertain.proc] [FINE] aurora.database.service.BusinessModelService.onDecideSqlGenerationMode
2018-10-22 06:35:27.16 [uncertain.proc] [CONFIG] [action] CreateOperationSql
2018-10-22 06:35:27.16 [uncertain.proc] [CONFIG] [action] PopulateOperationSql
2018-10-22 06:35:27.16 [uncertain.proc] [FINE] aurora.database.features.OrderByClauseCreator.onPopulateOperationSql
2018-10-22 06:35:27.16 [uncertain.proc] [FINE] aurora.database.features.WhereClauseCreator.onPopulateOperationSql
2018-10-22 06:35:27.16 [uncertain.proc] [CONFIG] [action] CreateSqlRunner
2018-10-22 06:35:27.16 [uncertain.proc] [FINE] aurora.database.service.BusinessModelService.onCreateSqlRunner
2018-10-22 06:35:27.16 [uncertain.proc] [CONFIG] [action] ExecuteDmlStatement
2018-10-22 06:35:27.16 [uncertain.proc] [FINE] aurora.database.service.BusinessModelService.onExecuteDmlStatement
2018-10-22 06:35:27.17 [aurora.database] [CONFIG] 
============= BEGIN [execute] SQL Statement execution dump ============

				 begin
					eam_asset_batch_ref_req_pkg.create_batch_tmp_record(p_session_id            => ?,
									                                    p_requisition_header_id => ?,
									                                    p_requisition_line_id   => ?,
									                                    p_asset_id				=> ?,
									                                    p_user_id               => ?);                                                   
    			end;        
			
---------------------Binding info---------------------
No.1	Access path:/session/@session_id	Data type of passed value :java.lang.Long	Value:55568	Output:false	Database Type:null	
No.2	Access path:@requisition_header_id	Data type of passed value :java.lang.String	Value:571	Output:false	Database Type:null	
No.3	Access path:@requisition_line_id	Data type of passed value :java.lang.Integer	Value:622	Output:false	Database Type:null	
No.4	Access path:@asset_id	Data type of passed value :java.lang.Integer	Value:732	Output:false	Database Type:null	
No.5	Access path:/session/@user_id	Data type of passed value :java.lang.Long	Value:1	Output:false	Database Type:null	

=============== END [execute] SQL Statement execution dump ============

2018-10-22 06:35:27.17 [uncertain.proc] [CONFIG] [action] CreateSuccessResponse
