2018-10-21 08:10:54.307 [aurora.application.session_check] [CONFIG] Session data copied to context
2018-10-21 08:10:54.335 [aurora.application.session_check] [CONFIG] Access check result for modules/bgt/BGT2910/bgt_control_strategies.screen => success
2018-10-21 08:10:54.335 [uncertain.proc] [CONFIG] [action] AccessCheck
2018-10-21 08:10:54.353 [uncertain.proc] [CONFIG] [action] InitService
2018-10-21 08:10:54.353 [uncertain.proc] [CONFIG] [action] ParseParameter
2018-10-21 08:10:54.353 [uncertain.proc] [CONFIG] [action] CreateModel
2018-10-21 08:10:54.353 [aurora.database] [CONFIG] ===================================== prepare to run model-query bgt.BGT2910.bgt_control_strategy_method==============================
2018-10-21 08:10:54.361 [uncertain.proc] [CONFIG] [action] DecideSqlGenerationMode
2018-10-21 08:10:54.362 [uncertain.proc] [FINE] aurora.database.service.BusinessModelService.onDecideSqlGenerationMode
2018-10-21 08:10:54.362 [uncertain.proc] [CONFIG] [action] CreateOperationSql
2018-10-21 08:10:54.362 [uncertain.proc] [CONFIG] [action] PopulateOperationSql
2018-10-21 08:10:54.362 [uncertain.proc] [FINE] aurora.database.features.OrderByClauseCreator.onPopulateOperationSql
2018-10-21 08:10:54.362 [uncertain.proc] [FINE] aurora.database.features.WhereClauseCreator.onPopulateOperationSql
2018-10-21 08:10:54.362 [uncertain.proc] [CONFIG] [action] ExecuteQuery
2018-10-21 08:10:54.362 [uncertain.proc] [FINE] aurora.bm.QuerySqlCreator.onExecuteQuery
2018-10-21 08:10:54.378 [uncertain.proc] [CONFIG] [action] QueryFinish
2018-10-21 08:10:54.378 [uncertain.proc] [FINE] aurora.database.features.AutoQueryCounter.onQueryFinish
2018-10-21 08:10:54.378 [uncertain.proc] [CONFIG] [action] FetchResultSet
2018-10-21 08:10:54.378 [uncertain.proc] [FINE] aurora.database.features.CacheBasedLookUpField.postFetchResultSet
2018-10-21 08:10:54.378 [aurora.database] [CONFIG] 
============= BEGIN [query] SQL Statement execution dump ============
 select code_value,code_value_name from sys_code_values_v where code = 'BGT_STRATEGY_METHOD'
---------------------Binding info---------------------
null
=============== END [query] SQL Statement execution dump ============

2018-10-21 08:10:54.379 [aurora.database] [CONFIG] ===================================== prepare to run model-query bgt.BGT2910.bgt_control_message_code==============================
2018-10-21 08:10:54.387 [uncertain.proc] [CONFIG] [action] DecideSqlGenerationMode
2018-10-21 08:10:54.387 [uncertain.proc] [FINE] aurora.database.service.BusinessModelService.onDecideSqlGenerationMode
2018-10-21 08:10:54.387 [uncertain.proc] [CONFIG] [action] CreateOperationSql
2018-10-21 08:10:54.387 [uncertain.proc] [CONFIG] [action] PopulateOperationSql
2018-10-21 08:10:54.387 [uncertain.proc] [FINE] aurora.database.features.OrderByClauseCreator.onPopulateOperationSql
2018-10-21 08:10:54.387 [uncertain.proc] [FINE] aurora.database.features.WhereClauseCreator.onPopulateOperationSql
2018-10-21 08:10:54.387 [uncertain.proc] [CONFIG] [action] ExecuteQuery
2018-10-21 08:10:54.387 [uncertain.proc] [FINE] aurora.bm.QuerySqlCreator.onExecuteQuery
2018-10-21 08:10:54.437 [uncertain.proc] [CONFIG] [action] QueryFinish
2018-10-21 08:10:54.437 [uncertain.proc] [FINE] aurora.database.features.AutoQueryCounter.onQueryFinish
2018-10-21 08:10:54.437 [uncertain.proc] [CONFIG] [action] FetchResultSet
2018-10-21 08:10:54.437 [uncertain.proc] [FINE] aurora.database.features.CacheBasedLookUpField.postFetchResultSet
2018-10-21 08:10:54.437 [aurora.database] [CONFIG] 
============= BEGIN [query] SQL Statement execution dump ============
 SELECT t.MESSAGE_CODE, t.MESSAGE
  FROM SYS_MESSAGES t, sys_module_vl a
 where t.module_id = a.module_id
   and a.installed_flag = 'Y'
   and a.module_code = 'BCM'
   and t.language = ?
   			
---------------------Binding info---------------------
No.1	Access path:/session/@lang	Data type of passed value :java.lang.String	Value:ZHS	Output:false	Database Type:null	

=============== END [query] SQL Statement execution dump ============

2018-10-21 08:10:54.437 [aurora.database] [CONFIG] ===================================== prepare to run model-query bgt.BGT2910.bgt_control_strategy_groups==============================
2018-10-21 08:10:54.441 [uncertain.proc] [CONFIG] [action] DecideSqlGenerationMode
2018-10-21 08:10:54.442 [uncertain.proc] [FINE] aurora.database.service.BusinessModelService.onDecideSqlGenerationMode
2018-10-21 08:10:54.442 [uncertain.proc] [CONFIG] [action] CreatequeryStatement
2018-10-21 08:10:54.442 [uncertain.proc] [FINE] aurora.bm.QuerySqlCreator.onCreateQueryStatement
2018-10-21 08:10:54.442 [uncertain.proc] [CONFIG] [action] PopulatequeryStatement
2018-10-21 08:10:54.442 [uncertain.proc] [FINE] aurora.database.features.OrderByClauseCreator.onPopulateQueryStatement
2018-10-21 08:10:54.442 [uncertain.proc] [FINE] aurora.database.features.WhereClauseCreator.onPopulateQueryStatement
2018-10-21 08:10:54.442 [uncertain.proc] [CONFIG] [action] CreatequerySql
2018-10-21 08:10:54.442 [uncertain.proc] [FINE] aurora.bm.QuerySqlCreator.onCreateQuerySql
2018-10-21 08:10:54.442 [uncertain.proc] [CONFIG] [action] ExecuteQuery
2018-10-21 08:10:54.442 [uncertain.proc] [FINE] aurora.bm.QuerySqlCreator.onExecuteQuery
2018-10-21 08:10:54.444 [uncertain.proc] [CONFIG] [action] QueryFinish
2018-10-21 08:10:54.444 [uncertain.proc] [FINE] aurora.database.features.AutoQueryCounter.onQueryFinish
2018-10-21 08:10:54.444 [uncertain.proc] [CONFIG] [action] FetchResultSet
2018-10-21 08:10:54.444 [uncertain.proc] [FINE] aurora.database.features.CacheBasedLookUpField.postFetchResultSet
2018-10-21 08:10:54.444 [aurora.database] [CONFIG] 
============= BEGIN [query] SQL Statement execution dump ============
SELECT t1.control_strategy_group_id,t1.control_strategy_group_code,t1.control_strategy_group_desc,t1.enabled_flag
FROM BGT_CONTROL_STRATEGY_GROUPS t1
WHERE t1.control_strategy_group_id = ?
---------------------Binding info---------------------
No.1	Access path:@control_strategy_group_id	Data type of passed value :java.lang.String	Value:1	Output:false	Database Type:null	

=============== END [query] SQL Statement execution dump ============

2018-10-21 08:10:54.444 [uncertain.proc] [CONFIG] [action] CreateView
2018-10-21 08:10:54.444 [uncertain.proc] [CONFIG] [action] BuildOutputContent
2018-10-21 08:10:54.444 [aurora.presentation.buildsession] [CONFIG] Start build session
2018-10-21 08:10:54.444 [aurora.presentation.buildsession] [CONFIG] building view: <html-page> -> aurora.presentation.component.HtmlPage@4e67822f
2018-10-21 08:10:54.444 [aurora.presentation.buildsession] [CONFIG] building view: <link> -> aurora.presentation.TemplateBasedView@3dda489e
2018-10-21 08:10:54.444 [aurora.presentation.buildsession] [CONFIG] building view: <script> -> aurora.presentation.DefaultViewBuilder@35f5c5a3
2018-10-21 08:10:54.445 [aurora.presentation.buildsession] [CONFIG] building view: <dataSets> -> aurora.application.features.DataSetInit@2d5c8b3f
2018-10-21 08:10:54.445 [aurora.presentation.buildsession] [CONFIG] building view: <dataSet> -> aurora.presentation.TemplateBasedView@3dda489e
2018-10-21 08:10:54.445 [aurora.presentation.buildsession] [CONFIG] building view: <dataSet> -> aurora.presentation.TemplateBasedView@3dda489e
2018-10-21 08:10:54.445 [aurora.presentation.buildsession] [CONFIG] building view: <dataSet> -> aurora.presentation.TemplateBasedView@3dda489e
2018-10-21 08:10:54.446 [aurora.presentation.buildsession] [CONFIG] building view: <dataSet> -> aurora.presentation.TemplateBasedView@3dda489e
2018-10-21 08:10:54.465 [aurora.presentation.buildsession] [CONFIG] building view: <screenBody> -> aurora.presentation.component.std.ScreenBody@7b7eeb65
2018-10-21 08:10:54.465 [aurora.presentation.buildsession] [CONFIG] building view: <screenTopToolbar> -> aurora.presentation.component.std.ScreenTopToolbar@1cf46515
2018-10-21 08:10:54.466 [aurora.presentation.buildsession] [CONFIG] building view: <screenTitle> -> aurora.presentation.component.std.ScreenTitle@6ef0fa5e
2018-10-21 08:10:54.469 [uncertain.proc] [CONFIG] [action] DecideSqlGenerationMode
2018-10-21 08:10:54.469 [uncertain.proc] [FINE] aurora.database.service.BusinessModelService.onDecideSqlGenerationMode
2018-10-21 08:10:54.469 [uncertain.proc] [CONFIG] [action] CreatequeryStatement
2018-10-21 08:10:54.469 [uncertain.proc] [FINE] aurora.bm.QuerySqlCreator.onCreateQueryStatement
2018-10-21 08:10:54.469 [uncertain.proc] [CONFIG] [action] PopulatequeryStatement
2018-10-21 08:10:54.469 [uncertain.proc] [FINE] aurora.database.features.OrderByClauseCreator.onPopulateQueryStatement
2018-10-21 08:10:54.469 [uncertain.proc] [FINE] aurora.database.features.WhereClauseCreator.onPopulateQueryStatement
2018-10-21 08:10:54.469 [uncertain.proc] [CONFIG] [action] CreatequerySql
2018-10-21 08:10:54.469 [uncertain.proc] [FINE] aurora.bm.QuerySqlCreator.onCreateQuerySql
2018-10-21 08:10:54.469 [uncertain.proc] [CONFIG] [action] ExecuteQuery
2018-10-21 08:10:54.469 [uncertain.proc] [FINE] aurora.bm.QuerySqlCreator.onExecuteQuery
2018-10-21 08:10:54.470 [uncertain.proc] [CONFIG] [action] QueryFinish
2018-10-21 08:10:54.470 [uncertain.proc] [FINE] aurora.database.features.AutoQueryCounter.onQueryFinish
2018-10-21 08:10:54.470 [uncertain.proc] [CONFIG] [action] FetchResultSet
2018-10-21 08:10:54.470 [uncertain.proc] [FINE] aurora.database.features.CacheBasedLookUpField.postFetchResultSet
2018-10-21 08:10:54.470 [aurora.database] [CONFIG] 
============= BEGIN [query] SQL Statement execution dump ============
SELECT f.service_id,f.service_name,f.is_entry_page,f.is_access_checked,f.is_login_required,f.is_system_access,? AS language,(select d.description_text from fnd_descriptions d where d.description_id = f.title_id and d.language = ?) AS title,f.title_id,f.weixin_flag
FROM sys_service f
WHERE f.service_name = ?
ORDER BY service_name
---------------------Binding info---------------------
No.1	Access path:/session/@lang	Data type of passed value :java.lang.String	Value:ZHS	Output:false	Database Type:null	
No.2	Access path:/session/@lang	Data type of passed value :java.lang.String	Value:ZHS	Output:false	Database Type:null	
No.3	Access path:@service_name	Data type of passed value :java.lang.String	Value:modules/bgt/BGT2910/bgt_control_strategies.screen	Output:false	Database Type:null	

=============== END [query] SQL Statement execution dump ============

2018-10-21 08:10:54.470 [aurora.presentation.buildsession] [CONFIG] building view: <toolbarButton> -> aurora.presentation.TemplateBasedView@3dda489e
2018-10-21 08:10:54.470 [aurora.presentation.buildsession] [CONFIG] building view: <form> -> aurora.presentation.component.std.Form@4348c17
2018-10-21 08:10:54.470 [aurora.presentation.buildsession] [CONFIG] building view: <textField> -> aurora.presentation.TemplateBasedView@3dda489e
2018-10-21 08:10:54.470 [aurora.presentation.buildsession] [CONFIG] building view: <textField> -> aurora.presentation.TemplateBasedView@3dda489e
2018-10-21 08:10:54.470 [aurora.presentation.buildsession] [CONFIG] building view: <grid> -> aurora.presentation.TemplateBasedView@3dda489e
2018-10-21 08:10:54.470 [aurora.presentation.buildsession] [CONFIG] building view: <toolBar> -> aurora.presentation.TemplateBasedView@3dda489e
2018-10-21 08:10:54.470 [aurora.presentation.buildsession] [CONFIG] building view: <button> -> aurora.presentation.TemplateBasedView@3dda489e
2018-10-21 08:10:54.471 [aurora.presentation.buildsession] [CONFIG] building view: <button> -> aurora.presentation.TemplateBasedView@3dda489e
2018-10-21 08:10:54.471 [aurora.presentation.buildsession] [CONFIG] building view: <button> -> aurora.presentation.TemplateBasedView@3dda489e
2018-10-21 08:10:54.471 [aurora.presentation.buildsession] [CONFIG] building view: <navBar> -> aurora.presentation.TemplateBasedView@3dda489e
2018-10-21 08:10:54.472 [aurora.presentation.buildsession] [CONFIG] building view: <button> -> aurora.presentation.TemplateBasedView@3dda489e
2018-10-21 08:10:54.472 [aurora.presentation.buildsession] [CONFIG] building view: <button> -> aurora.presentation.TemplateBasedView@3dda489e
2018-10-21 08:10:54.472 [aurora.presentation.buildsession] [CONFIG] building view: <separator> -> aurora.presentation.TemplateBasedView@3dda489e
2018-10-21 08:10:54.472 [aurora.presentation.buildsession] [CONFIG] building view: <div> -> aurora.presentation.DefaultViewBuilder@35f5c5a3
2018-10-21 08:10:54.472 [aurora.presentation.buildsession] [CONFIG] building view: <numberField> -> aurora.presentation.TemplateBasedView@3dda489e
2018-10-21 08:10:54.473 [aurora.presentation.buildsession] [CONFIG] building view: <div> -> aurora.presentation.DefaultViewBuilder@35f5c5a3
2018-10-21 08:10:54.473 [aurora.presentation.buildsession] [CONFIG] building view: <separator> -> aurora.presentation.TemplateBasedView@3dda489e
2018-10-21 08:10:54.473 [aurora.presentation.buildsession] [CONFIG] building view: <button> -> aurora.presentation.TemplateBasedView@3dda489e
2018-10-21 08:10:54.473 [aurora.presentation.buildsession] [CONFIG] building view: <button> -> aurora.presentation.TemplateBasedView@3dda489e
2018-10-21 08:10:54.473 [aurora.presentation.buildsession] [CONFIG] building view: <button> -> aurora.presentation.TemplateBasedView@3dda489e
2018-10-21 08:10:54.473 [aurora.presentation.buildsession] [CONFIG] building view: <separator> -> aurora.presentation.TemplateBasedView@3dda489e
2018-10-21 08:10:54.473 [aurora.presentation.buildsession] [CONFIG] building view: <div> -> aurora.presentation.DefaultViewBuilder@35f5c5a3
2018-10-21 08:10:54.473 [aurora.presentation.buildsession] [CONFIG] building view: <comboBox> -> aurora.presentation.TemplateBasedView@3dda489e
2018-10-21 08:10:54.473 [aurora.presentation.buildsession] [CONFIG] building view: <div> -> aurora.presentation.DefaultViewBuilder@35f5c5a3
2018-10-21 08:10:54.473 [aurora.presentation.buildsession] [CONFIG] building view: <separator> -> aurora.presentation.TemplateBasedView@3dda489e
2018-10-21 08:10:54.473 [aurora.presentation.buildsession] [CONFIG] building view: <div> -> aurora.presentation.DefaultViewBuilder@35f5c5a3
2018-10-21 08:10:54.474 [aurora.presentation.buildsession] [CONFIG] building view: <comboBox> -> aurora.presentation.TemplateBasedView@3dda489e
2018-10-21 08:10:54.474 [aurora.presentation.buildsession] [CONFIG] building view: <textField> -> aurora.presentation.TemplateBasedView@3dda489e
2018-10-21 08:10:54.474 [aurora.presentation.buildsession] [CONFIG] building view: <numberField> -> aurora.presentation.TemplateBasedView@3dda489e
2018-10-21 08:10:54.474 [aurora.presentation.buildsession] [CONFIG] building view: <lov> -> aurora.presentation.TemplateBasedView@3dda489e
2018-10-21 08:10:54.475 [aurora.presentation.buildsession] [CONFIG] End build session
