2018-10-17 09:27:25.216 [aurora.application.session_check] [CONFIG] Session data copied to context
2018-10-17 09:27:25.216 [aurora.application.session_check] [CONFIG] Access check result for modules/bgt/BGT2910/bgt_ctrl_strategy_mp_conds.screen => success
2018-10-17 09:27:25.216 [uncertain.proc] [CONFIG] [action] AccessCheck
2018-10-17 09:27:25.249 [uncertain.proc] [CONFIG] [action] InitService
2018-10-17 09:27:25.249 [uncertain.proc] [CONFIG] [action] ParseParameter
2018-10-17 09:27:25.249 [uncertain.proc] [CONFIG] [action] CreateModel
2018-10-17 09:27:25.249 [aurora.database] [CONFIG] ===================================== prepare to run model-query bgt.BGT2910.bgt_ctrl_conds_type==============================
2018-10-17 09:27:25.253 [uncertain.proc] [CONFIG] [action] DecideSqlGenerationMode
2018-10-17 09:27:25.253 [uncertain.proc] [FINE] aurora.database.service.BusinessModelService.onDecideSqlGenerationMode
2018-10-17 09:27:25.253 [uncertain.proc] [CONFIG] [action] CreateOperationSql
2018-10-17 09:27:25.253 [uncertain.proc] [CONFIG] [action] PopulateOperationSql
2018-10-17 09:27:25.253 [uncertain.proc] [FINE] aurora.database.features.OrderByClauseCreator.onPopulateOperationSql
2018-10-17 09:27:25.253 [uncertain.proc] [FINE] aurora.database.features.WhereClauseCreator.onPopulateOperationSql
2018-10-17 09:27:25.253 [uncertain.proc] [CONFIG] [action] ExecuteQuery
2018-10-17 09:27:25.253 [uncertain.proc] [FINE] aurora.bm.QuerySqlCreator.onExecuteQuery
2018-10-17 09:27:25.259 [uncertain.proc] [CONFIG] [action] QueryFinish
2018-10-17 09:27:25.259 [uncertain.proc] [FINE] aurora.database.features.AutoQueryCounter.onQueryFinish
2018-10-17 09:27:25.259 [uncertain.proc] [CONFIG] [action] FetchResultSet
2018-10-17 09:27:25.259 [uncertain.proc] [FINE] aurora.database.features.CacheBasedLookUpField.postFetchResultSet
2018-10-17 09:27:25.259 [aurora.database] [CONFIG] 
============= BEGIN [query] SQL Statement execution dump ============
select d.code_value, d.code_value_name          from sys_codes t, sys_code_values_vl d         where t.code ='BGT_STRATEGY_TYPE'           and t.code_id = d.code_id
---------------------Binding info---------------------
null
=============== END [query] SQL Statement execution dump ============

2018-10-17 09:27:25.259 [aurora.database] [CONFIG] ===================================== prepare to run model-query bgt.BGT2910.bgt_ctrl_conds_range==============================
2018-10-17 09:27:25.262 [uncertain.proc] [CONFIG] [action] DecideSqlGenerationMode
2018-10-17 09:27:25.262 [uncertain.proc] [FINE] aurora.database.service.BusinessModelService.onDecideSqlGenerationMode
2018-10-17 09:27:25.262 [uncertain.proc] [CONFIG] [action] CreateOperationSql
2018-10-17 09:27:25.262 [uncertain.proc] [CONFIG] [action] PopulateOperationSql
2018-10-17 09:27:25.262 [uncertain.proc] [FINE] aurora.database.features.OrderByClauseCreator.onPopulateOperationSql
2018-10-17 09:27:25.262 [uncertain.proc] [FINE] aurora.database.features.WhereClauseCreator.onPopulateOperationSql
2018-10-17 09:27:25.262 [uncertain.proc] [CONFIG] [action] ExecuteQuery
2018-10-17 09:27:25.262 [uncertain.proc] [FINE] aurora.bm.QuerySqlCreator.onExecuteQuery
2018-10-17 09:27:25.267 [uncertain.proc] [CONFIG] [action] QueryFinish
2018-10-17 09:27:25.267 [uncertain.proc] [FINE] aurora.database.features.AutoQueryCounter.onQueryFinish
2018-10-17 09:27:25.267 [uncertain.proc] [CONFIG] [action] FetchResultSet
2018-10-17 09:27:25.267 [uncertain.proc] [FINE] aurora.database.features.CacheBasedLookUpField.postFetchResultSet
2018-10-17 09:27:25.267 [aurora.database] [CONFIG] 
============= BEGIN [query] SQL Statement execution dump ============
select d.code_value, d.code_value_name          from sys_codes t, sys_code_values_vl d         where t.code ='BGT_STRATEGY_RANGE'           and t.code_id = d.code_id
---------------------Binding info---------------------
null
=============== END [query] SQL Statement execution dump ============

2018-10-17 09:27:25.267 [aurora.database] [CONFIG] ===================================== prepare to run model-query bgt.BGT2910.bgt_ctrl_conds_object==============================
2018-10-17 09:27:25.280 [uncertain.proc] [CONFIG] [action] DecideSqlGenerationMode
2018-10-17 09:27:25.280 [uncertain.proc] [FINE] aurora.database.service.BusinessModelService.onDecideSqlGenerationMode
2018-10-17 09:27:25.281 [uncertain.proc] [CONFIG] [action] CreateOperationSql
2018-10-17 09:27:25.281 [uncertain.proc] [CONFIG] [action] PopulateOperationSql
2018-10-17 09:27:25.281 [uncertain.proc] [FINE] aurora.database.features.OrderByClauseCreator.onPopulateOperationSql
2018-10-17 09:27:25.281 [uncertain.proc] [FINE] aurora.database.features.WhereClauseCreator.onPopulateOperationSql
2018-10-17 09:27:25.281 [uncertain.proc] [CONFIG] [action] ExecuteQuery
2018-10-17 09:27:25.281 [uncertain.proc] [FINE] aurora.bm.QuerySqlCreator.onExecuteQuery
2018-10-17 09:27:25.285 [uncertain.proc] [CONFIG] [action] QueryFinish
2018-10-17 09:27:25.285 [uncertain.proc] [FINE] aurora.database.features.AutoQueryCounter.onQueryFinish
2018-10-17 09:27:25.285 [uncertain.proc] [CONFIG] [action] FetchResultSet
2018-10-17 09:27:25.285 [uncertain.proc] [FINE] aurora.database.features.CacheBasedLookUpField.postFetchResultSet
2018-10-17 09:27:25.285 [aurora.database] [CONFIG] 
============= BEGIN [query] SQL Statement execution dump ============
select d.code_value, d.code_value_name          from sys_codes t, sys_code_values_vl d         where t.code ='BGT_STRATEGY_OBJECT'           and t.code_id = d.code_id
---------------------Binding info---------------------
null
=============== END [query] SQL Statement execution dump ============

2018-10-17 09:27:25.285 [aurora.database] [CONFIG] ===================================== prepare to run model-query bgt.BGT2910.bgt_ctrl_conds_manner==============================
2018-10-17 09:27:25.306 [uncertain.proc] [CONFIG] [action] DecideSqlGenerationMode
2018-10-17 09:27:25.306 [uncertain.proc] [FINE] aurora.database.service.BusinessModelService.onDecideSqlGenerationMode
2018-10-17 09:27:25.306 [uncertain.proc] [CONFIG] [action] CreateOperationSql
2018-10-17 09:27:25.306 [uncertain.proc] [CONFIG] [action] PopulateOperationSql
2018-10-17 09:27:25.306 [uncertain.proc] [FINE] aurora.database.features.OrderByClauseCreator.onPopulateOperationSql
2018-10-17 09:27:25.306 [uncertain.proc] [FINE] aurora.database.features.WhereClauseCreator.onPopulateOperationSql
2018-10-17 09:27:25.306 [uncertain.proc] [CONFIG] [action] ExecuteQuery
2018-10-17 09:27:25.306 [uncertain.proc] [FINE] aurora.bm.QuerySqlCreator.onExecuteQuery
2018-10-17 09:27:25.312 [uncertain.proc] [CONFIG] [action] QueryFinish
2018-10-17 09:27:25.312 [uncertain.proc] [FINE] aurora.database.features.AutoQueryCounter.onQueryFinish
2018-10-17 09:27:25.312 [uncertain.proc] [CONFIG] [action] FetchResultSet
2018-10-17 09:27:25.312 [uncertain.proc] [FINE] aurora.database.features.CacheBasedLookUpField.postFetchResultSet
2018-10-17 09:27:25.312 [aurora.database] [CONFIG] 
============= BEGIN [query] SQL Statement execution dump ============
select d.code_value, d.code_value_name          from sys_codes t, sys_code_values_vl d         where t.code ='BGT_STRATEGY_MANNER'           and t.code_id = d.code_id
---------------------Binding info---------------------
null
=============== END [query] SQL Statement execution dump ============

2018-10-17 09:27:25.312 [aurora.database] [CONFIG] ===================================== prepare to run model-query bgt.BGT2910.bgt_ctrl_conds_operator==============================
2018-10-17 09:27:25.316 [uncertain.proc] [CONFIG] [action] DecideSqlGenerationMode
2018-10-17 09:27:25.316 [uncertain.proc] [FINE] aurora.database.service.BusinessModelService.onDecideSqlGenerationMode
2018-10-17 09:27:25.316 [uncertain.proc] [CONFIG] [action] CreateOperationSql
2018-10-17 09:27:25.316 [uncertain.proc] [CONFIG] [action] PopulateOperationSql
2018-10-17 09:27:25.316 [uncertain.proc] [FINE] aurora.database.features.OrderByClauseCreator.onPopulateOperationSql
2018-10-17 09:27:25.316 [uncertain.proc] [FINE] aurora.database.features.WhereClauseCreator.onPopulateOperationSql
2018-10-17 09:27:25.316 [uncertain.proc] [CONFIG] [action] ExecuteQuery
2018-10-17 09:27:25.316 [uncertain.proc] [FINE] aurora.bm.QuerySqlCreator.onExecuteQuery
2018-10-17 09:27:25.320 [uncertain.proc] [CONFIG] [action] QueryFinish
2018-10-17 09:27:25.321 [uncertain.proc] [FINE] aurora.database.features.AutoQueryCounter.onQueryFinish
2018-10-17 09:27:25.321 [uncertain.proc] [CONFIG] [action] FetchResultSet
2018-10-17 09:27:25.321 [uncertain.proc] [FINE] aurora.database.features.CacheBasedLookUpField.postFetchResultSet
2018-10-17 09:27:25.321 [aurora.database] [CONFIG] 
============= BEGIN [query] SQL Statement execution dump ============

            select d.code_value, d.code_value_name
                      from sys_codes t, sys_code_values_vl d 
                              where t.code ='BGT_STRATEGY_OPERATOR' 
                                        and t.code_id = d.code_id
            
---------------------Binding info---------------------
null
=============== END [query] SQL Statement execution dump ============

2018-10-17 09:27:25.321 [aurora.database] [CONFIG] ===================================== prepare to run model-query bgt.BGT2910.bgt_ctrl_conds_period_strategy==============================
2018-10-17 09:27:25.324 [uncertain.proc] [CONFIG] [action] DecideSqlGenerationMode
2018-10-17 09:27:25.324 [uncertain.proc] [FINE] aurora.database.service.BusinessModelService.onDecideSqlGenerationMode
2018-10-17 09:27:25.324 [uncertain.proc] [CONFIG] [action] CreateOperationSql
2018-10-17 09:27:25.324 [uncertain.proc] [CONFIG] [action] PopulateOperationSql
2018-10-17 09:27:25.324 [uncertain.proc] [FINE] aurora.database.features.OrderByClauseCreator.onPopulateOperationSql
2018-10-17 09:27:25.324 [uncertain.proc] [FINE] aurora.database.features.WhereClauseCreator.onPopulateOperationSql
2018-10-17 09:27:25.324 [uncertain.proc] [CONFIG] [action] ExecuteQuery
2018-10-17 09:27:25.324 [uncertain.proc] [FINE] aurora.bm.QuerySqlCreator.onExecuteQuery
2018-10-17 09:27:25.328 [uncertain.proc] [CONFIG] [action] QueryFinish
2018-10-17 09:27:25.328 [uncertain.proc] [FINE] aurora.database.features.AutoQueryCounter.onQueryFinish
2018-10-17 09:27:25.328 [uncertain.proc] [CONFIG] [action] FetchResultSet
2018-10-17 09:27:25.328 [uncertain.proc] [FINE] aurora.database.features.CacheBasedLookUpField.postFetchResultSet
2018-10-17 09:27:25.328 [aurora.database] [CONFIG] 
============= BEGIN [query] SQL Statement execution dump ============
select d.code_value, d.code_value_name          from sys_codes t, sys_code_values_vl d         where t.code ='BGT_STRATEGY_PERIOD'           and t.code_id = d.code_id
---------------------Binding info---------------------
null
=============== END [query] SQL Statement execution dump ============

2018-10-17 09:27:25.328 [aurora.database] [CONFIG] ===================================== prepare to run model-query bgt.BGT2910.bgt_control_strategies==============================
2018-10-17 09:27:25.331 [uncertain.proc] [CONFIG] [action] DecideSqlGenerationMode
2018-10-17 09:27:25.331 [uncertain.proc] [FINE] aurora.database.service.BusinessModelService.onDecideSqlGenerationMode
2018-10-17 09:27:25.331 [uncertain.proc] [CONFIG] [action] CreatequeryStatement
2018-10-17 09:27:25.331 [uncertain.proc] [FINE] aurora.bm.QuerySqlCreator.onCreateQueryStatement
2018-10-17 09:27:25.331 [uncertain.proc] [CONFIG] [action] PopulatequeryStatement
2018-10-17 09:27:25.331 [uncertain.proc] [FINE] aurora.database.features.OrderByClauseCreator.onPopulateQueryStatement
2018-10-17 09:27:25.331 [uncertain.proc] [FINE] aurora.database.features.WhereClauseCreator.onPopulateQueryStatement
2018-10-17 09:27:25.332 [uncertain.proc] [CONFIG] [action] CreatequerySql
2018-10-17 09:27:25.332 [uncertain.proc] [FINE] aurora.bm.QuerySqlCreator.onCreateQuerySql
2018-10-17 09:27:25.332 [uncertain.proc] [CONFIG] [action] ExecuteQuery
2018-10-17 09:27:25.332 [uncertain.proc] [FINE] aurora.bm.QuerySqlCreator.onExecuteQuery
2018-10-17 09:27:25.333 [uncertain.proc] [CONFIG] [action] QueryFinish
2018-10-17 09:27:25.333 [uncertain.proc] [FINE] aurora.database.features.AutoQueryCounter.onQueryFinish
2018-10-17 09:27:25.333 [uncertain.proc] [CONFIG] [action] FetchResultSet
2018-10-17 09:27:25.333 [uncertain.proc] [FINE] aurora.database.features.CacheBasedLookUpField.postFetchResultSet
2018-10-17 09:27:25.333 [aurora.database] [CONFIG] 
============= BEGIN [query] SQL Statement execution dump ============
SELECT t1.CONTROL_STRATEGY_GROUP_ID,t1.CONTROL_STRATEGY_ID,t1.CONTROL_STRATEGY_SEQUENCE,t1.CONTROL_STRATEGY_CODE,t1.CONTROL_STRATEGY_DESC,t1.CONTROL_METHOD,t1.MESSAGE_CODE,t1.EXP_WF_EVENT
FROM BGT_CONTROL_STRATEGIES t1
WHERE CONTROL_STRATEGY_ID = ?
---------------------Binding info---------------------
No.1	Access path:@control_strategy_id	Data type of passed value :java.lang.String	Value:1	Output:false	Database Type:null	

=============== END [query] SQL Statement execution dump ============

2018-10-17 09:27:25.333 [uncertain.proc] [CONFIG] [action] CreateView
2018-10-17 09:27:25.333 [uncertain.proc] [CONFIG] [action] BuildOutputContent
2018-10-17 09:27:25.334 [aurora.presentation.buildsession] [CONFIG] Start build session
2018-10-17 09:27:25.334 [aurora.presentation.buildsession] [CONFIG] building view: <html-page> -> aurora.presentation.component.HtmlPage@7634b9af
2018-10-17 09:27:25.334 [aurora.presentation.buildsession] [CONFIG] building view: <script> -> aurora.presentation.DefaultViewBuilder@35f5c5a3
2018-10-17 09:27:25.334 [aurora.presentation.buildsession] [CONFIG] building view: <dataSets> -> aurora.application.features.DataSetInit@4baff94f
2018-10-17 09:27:25.334 [aurora.presentation.buildsession] [CONFIG] building view: <dataSet> -> aurora.presentation.TemplateBasedView@3dda489e
2018-10-17 09:27:25.335 [aurora.presentation.buildsession] [CONFIG] building view: <dataSet> -> aurora.presentation.TemplateBasedView@3dda489e
2018-10-17 09:27:25.335 [aurora.presentation.buildsession] [CONFIG] building view: <dataSet> -> aurora.presentation.TemplateBasedView@3dda489e
2018-10-17 09:27:25.335 [aurora.presentation.buildsession] [CONFIG] building view: <dataSet> -> aurora.presentation.TemplateBasedView@3dda489e
2018-10-17 09:27:25.335 [aurora.presentation.buildsession] [CONFIG] building view: <dataSet> -> aurora.presentation.TemplateBasedView@3dda489e
2018-10-17 09:27:25.335 [aurora.presentation.buildsession] [CONFIG] building view: <dataSet> -> aurora.presentation.TemplateBasedView@3dda489e
2018-10-17 09:27:25.335 [aurora.presentation.buildsession] [CONFIG] building view: <dataSet> -> aurora.presentation.TemplateBasedView@3dda489e
2018-10-17 09:27:25.336 [aurora.presentation.buildsession] [CONFIG] building view: <dataSet> -> aurora.presentation.TemplateBasedView@3dda489e
2018-10-17 09:27:25.337 [aurora.presentation.buildsession] [CONFIG] building view: <screenBody> -> aurora.presentation.component.std.ScreenBody@435b7543
2018-10-17 09:27:25.337 [aurora.presentation.buildsession] [CONFIG] building view: <form> -> aurora.presentation.component.std.Form@3f0e9292
2018-10-17 09:27:25.337 [aurora.presentation.buildsession] [CONFIG] building view: <textField> -> aurora.presentation.TemplateBasedView@3dda489e
2018-10-17 09:27:25.337 [aurora.presentation.buildsession] [CONFIG] building view: <textField> -> aurora.presentation.TemplateBasedView@3dda489e
2018-10-17 09:27:25.338 [aurora.presentation.buildsession] [CONFIG] building view: <hBox> -> aurora.presentation.component.std.HBox@6c24ad1d
2018-10-17 09:27:25.338 [aurora.presentation.buildsession] [CONFIG] building view: <button> -> aurora.presentation.TemplateBasedView@3dda489e
2018-10-17 09:27:25.338 [aurora.presentation.buildsession] [CONFIG] building view: <grid> -> aurora.presentation.TemplateBasedView@3dda489e
2018-10-17 09:27:25.338 [aurora.presentation.buildsession] [CONFIG] building view: <toolBar> -> aurora.presentation.TemplateBasedView@3dda489e
2018-10-17 09:27:25.338 [aurora.presentation.buildsession] [CONFIG] building view: <button> -> aurora.presentation.TemplateBasedView@3dda489e
2018-10-17 09:27:25.338 [aurora.presentation.buildsession] [CONFIG] building view: <button> -> aurora.presentation.TemplateBasedView@3dda489e
2018-10-17 09:27:25.338 [aurora.presentation.buildsession] [CONFIG] building view: <button> -> aurora.presentation.TemplateBasedView@3dda489e
2018-10-17 09:27:25.339 [aurora.presentation.buildsession] [CONFIG] building view: <navBar> -> aurora.presentation.TemplateBasedView@3dda489e
2018-10-17 09:27:25.340 [aurora.presentation.buildsession] [CONFIG] building view: <button> -> aurora.presentation.TemplateBasedView@3dda489e
2018-10-17 09:27:25.340 [aurora.presentation.buildsession] [CONFIG] building view: <button> -> aurora.presentation.TemplateBasedView@3dda489e
2018-10-17 09:27:25.340 [aurora.presentation.buildsession] [CONFIG] building view: <separator> -> aurora.presentation.TemplateBasedView@3dda489e
2018-10-17 09:27:25.340 [aurora.presentation.buildsession] [CONFIG] building view: <div> -> aurora.presentation.DefaultViewBuilder@35f5c5a3
2018-10-17 09:27:25.340 [aurora.presentation.buildsession] [CONFIG] building view: <numberField> -> aurora.presentation.TemplateBasedView@3dda489e
2018-10-17 09:27:25.340 [aurora.presentation.buildsession] [CONFIG] building view: <div> -> aurora.presentation.DefaultViewBuilder@35f5c5a3
2018-10-17 09:27:25.340 [aurora.presentation.buildsession] [CONFIG] building view: <separator> -> aurora.presentation.TemplateBasedView@3dda489e
2018-10-17 09:27:25.340 [aurora.presentation.buildsession] [CONFIG] building view: <button> -> aurora.presentation.TemplateBasedView@3dda489e
2018-10-17 09:27:25.341 [aurora.presentation.buildsession] [CONFIG] building view: <button> -> aurora.presentation.TemplateBasedView@3dda489e
2018-10-17 09:27:25.341 [aurora.presentation.buildsession] [CONFIG] building view: <button> -> aurora.presentation.TemplateBasedView@3dda489e
2018-10-17 09:27:25.341 [aurora.presentation.buildsession] [CONFIG] building view: <separator> -> aurora.presentation.TemplateBasedView@3dda489e
2018-10-17 09:27:25.341 [aurora.presentation.buildsession] [CONFIG] building view: <div> -> aurora.presentation.DefaultViewBuilder@35f5c5a3
2018-10-17 09:27:25.341 [aurora.presentation.buildsession] [CONFIG] building view: <comboBox> -> aurora.presentation.TemplateBasedView@3dda489e
2018-10-17 09:27:25.341 [aurora.presentation.buildsession] [CONFIG] building view: <div> -> aurora.presentation.DefaultViewBuilder@35f5c5a3
2018-10-17 09:27:25.341 [aurora.presentation.buildsession] [CONFIG] building view: <separator> -> aurora.presentation.TemplateBasedView@3dda489e
2018-10-17 09:27:25.341 [aurora.presentation.buildsession] [CONFIG] building view: <div> -> aurora.presentation.DefaultViewBuilder@35f5c5a3
2018-10-17 09:27:25.342 [aurora.presentation.buildsession] [CONFIG] building view: <comboBox> -> aurora.presentation.TemplateBasedView@3dda489e
2018-10-17 09:27:25.342 [aurora.presentation.buildsession] [CONFIG] building view: <textField> -> aurora.presentation.TemplateBasedView@3dda489e
2018-10-17 09:27:25.342 [aurora.presentation.buildsession] [CONFIG] building view: <script> -> aurora.presentation.DefaultViewBuilder@35f5c5a3
2018-10-17 09:27:25.342 [aurora.presentation.buildsession] [CONFIG] End build session
