2018-09-30 06:17:45.976 [aurora.application.session_check] [CONFIG] Session data copied to context
2018-09-30 06:17:45.976 [aurora.application.session_check] [CONFIG] Access check result for modules/bgt/BGT2910/bgt_ctrl_strategy_mp_conds.screen => success
2018-09-30 06:17:45.976 [uncertain.proc] [CONFIG] [action] AccessCheck
2018-09-30 06:17:45.988 [uncertain.proc] [CONFIG] [action] InitService
2018-09-30 06:17:45.988 [uncertain.proc] [CONFIG] [action] ParseParameter
2018-09-30 06:17:45.988 [uncertain.proc] [CONFIG] [action] CreateModel
2018-09-30 06:17:45.988 [aurora.database] [CONFIG] ===================================== prepare to run model-query bgt.BGT2910.bgt_ctrl_conds_type==============================
2018-09-30 06:17:45.993 [uncertain.proc] [CONFIG] [action] DecideSqlGenerationMode
2018-09-30 06:17:45.993 [uncertain.proc] [FINE] aurora.database.service.BusinessModelService.onDecideSqlGenerationMode
2018-09-30 06:17:45.993 [uncertain.proc] [CONFIG] [action] CreateOperationSql
2018-09-30 06:17:45.993 [uncertain.proc] [CONFIG] [action] PopulateOperationSql
2018-09-30 06:17:45.993 [uncertain.proc] [FINE] aurora.database.features.OrderByClauseCreator.onPopulateOperationSql
2018-09-30 06:17:45.993 [uncertain.proc] [FINE] aurora.database.features.WhereClauseCreator.onPopulateOperationSql
2018-09-30 06:17:45.993 [uncertain.proc] [CONFIG] [action] ExecuteQuery
2018-09-30 06:17:45.993 [uncertain.proc] [FINE] aurora.bm.QuerySqlCreator.onExecuteQuery
2018-09-30 06:17:45.994 [uncertain.proc] [CONFIG] [action] QueryFinish
2018-09-30 06:17:45.994 [uncertain.proc] [FINE] aurora.database.features.AutoQueryCounter.onQueryFinish
2018-09-30 06:17:45.994 [uncertain.proc] [CONFIG] [action] FetchResultSet
2018-09-30 06:17:45.994 [uncertain.proc] [FINE] aurora.database.features.CacheBasedLookUpField.postFetchResultSet
2018-09-30 06:17:45.994 [aurora.database] [CONFIG] 
============= BEGIN [query] SQL Statement execution dump ============
select d.code_value, d.code_value_name          from sys_codes t, sys_code_values_vl d         where t.code ='BGT_STRATEGY_TYPE'           and t.code_id = d.code_id
---------------------Binding info---------------------
null
=============== END [query] SQL Statement execution dump ============

2018-09-30 06:17:45.994 [aurora.database] [CONFIG] ===================================== prepare to run model-query bgt.BGT2910.bgt_ctrl_conds_range==============================
2018-09-30 06:17:45.997 [uncertain.proc] [CONFIG] [action] DecideSqlGenerationMode
2018-09-30 06:17:45.997 [uncertain.proc] [FINE] aurora.database.service.BusinessModelService.onDecideSqlGenerationMode
2018-09-30 06:17:45.997 [uncertain.proc] [CONFIG] [action] CreateOperationSql
2018-09-30 06:17:45.997 [uncertain.proc] [CONFIG] [action] PopulateOperationSql
2018-09-30 06:17:45.997 [uncertain.proc] [FINE] aurora.database.features.OrderByClauseCreator.onPopulateOperationSql
2018-09-30 06:17:45.997 [uncertain.proc] [FINE] aurora.database.features.WhereClauseCreator.onPopulateOperationSql
2018-09-30 06:17:45.997 [uncertain.proc] [CONFIG] [action] ExecuteQuery
2018-09-30 06:17:45.997 [uncertain.proc] [FINE] aurora.bm.QuerySqlCreator.onExecuteQuery
2018-09-30 06:17:45.997 [uncertain.proc] [CONFIG] [action] QueryFinish
2018-09-30 06:17:45.997 [uncertain.proc] [FINE] aurora.database.features.AutoQueryCounter.onQueryFinish
2018-09-30 06:17:45.997 [uncertain.proc] [CONFIG] [action] FetchResultSet
2018-09-30 06:17:45.997 [uncertain.proc] [FINE] aurora.database.features.CacheBasedLookUpField.postFetchResultSet
2018-09-30 06:17:45.997 [aurora.database] [CONFIG] 
============= BEGIN [query] SQL Statement execution dump ============
select d.code_value, d.code_value_name          from sys_codes t, sys_code_values_vl d         where t.code ='BGT_STRATEGY_RANGE'           and t.code_id = d.code_id
---------------------Binding info---------------------
null
=============== END [query] SQL Statement execution dump ============

2018-09-30 06:17:45.997 [aurora.database] [CONFIG] ===================================== prepare to run model-query bgt.BGT2910.bgt_ctrl_conds_object==============================
2018-09-30 06:17:46.0 [uncertain.proc] [CONFIG] [action] DecideSqlGenerationMode
2018-09-30 06:17:46.0 [uncertain.proc] [FINE] aurora.database.service.BusinessModelService.onDecideSqlGenerationMode
2018-09-30 06:17:46.0 [uncertain.proc] [CONFIG] [action] CreateOperationSql
2018-09-30 06:17:46.0 [uncertain.proc] [CONFIG] [action] PopulateOperationSql
2018-09-30 06:17:46.0 [uncertain.proc] [FINE] aurora.database.features.OrderByClauseCreator.onPopulateOperationSql
2018-09-30 06:17:46.0 [uncertain.proc] [FINE] aurora.database.features.WhereClauseCreator.onPopulateOperationSql
2018-09-30 06:17:46.0 [uncertain.proc] [CONFIG] [action] ExecuteQuery
2018-09-30 06:17:46.0 [uncertain.proc] [FINE] aurora.bm.QuerySqlCreator.onExecuteQuery
2018-09-30 06:17:46.1 [uncertain.proc] [CONFIG] [action] QueryFinish
2018-09-30 06:17:46.1 [uncertain.proc] [FINE] aurora.database.features.AutoQueryCounter.onQueryFinish
2018-09-30 06:17:46.1 [uncertain.proc] [CONFIG] [action] FetchResultSet
2018-09-30 06:17:46.1 [uncertain.proc] [FINE] aurora.database.features.CacheBasedLookUpField.postFetchResultSet
2018-09-30 06:17:46.1 [aurora.database] [CONFIG] 
============= BEGIN [query] SQL Statement execution dump ============
select d.code_value, d.code_value_name          from sys_codes t, sys_code_values_vl d         where t.code ='BGT_STRATEGY_OBJECT'           and t.code_id = d.code_id
---------------------Binding info---------------------
null
=============== END [query] SQL Statement execution dump ============

2018-09-30 06:17:46.1 [aurora.database] [CONFIG] ===================================== prepare to run model-query bgt.BGT2910.bgt_ctrl_conds_manner==============================
2018-09-30 06:17:46.4 [uncertain.proc] [CONFIG] [action] DecideSqlGenerationMode
2018-09-30 06:17:46.4 [uncertain.proc] [FINE] aurora.database.service.BusinessModelService.onDecideSqlGenerationMode
2018-09-30 06:17:46.4 [uncertain.proc] [CONFIG] [action] CreateOperationSql
2018-09-30 06:17:46.4 [uncertain.proc] [CONFIG] [action] PopulateOperationSql
2018-09-30 06:17:46.4 [uncertain.proc] [FINE] aurora.database.features.OrderByClauseCreator.onPopulateOperationSql
2018-09-30 06:17:46.4 [uncertain.proc] [FINE] aurora.database.features.WhereClauseCreator.onPopulateOperationSql
2018-09-30 06:17:46.4 [uncertain.proc] [CONFIG] [action] ExecuteQuery
2018-09-30 06:17:46.4 [uncertain.proc] [FINE] aurora.bm.QuerySqlCreator.onExecuteQuery
2018-09-30 06:17:46.5 [uncertain.proc] [CONFIG] [action] QueryFinish
2018-09-30 06:17:46.5 [uncertain.proc] [FINE] aurora.database.features.AutoQueryCounter.onQueryFinish
2018-09-30 06:17:46.5 [uncertain.proc] [CONFIG] [action] FetchResultSet
2018-09-30 06:17:46.5 [uncertain.proc] [FINE] aurora.database.features.CacheBasedLookUpField.postFetchResultSet
2018-09-30 06:17:46.5 [aurora.database] [CONFIG] 
============= BEGIN [query] SQL Statement execution dump ============
select d.code_value, d.code_value_name          from sys_codes t, sys_code_values_vl d         where t.code ='BGT_STRATEGY_MANNER'           and t.code_id = d.code_id
---------------------Binding info---------------------
null
=============== END [query] SQL Statement execution dump ============

2018-09-30 06:17:46.5 [aurora.database] [CONFIG] ===================================== prepare to run model-query bgt.BGT2910.bgt_ctrl_conds_operator==============================
2018-09-30 06:17:46.7 [uncertain.proc] [CONFIG] [action] DecideSqlGenerationMode
2018-09-30 06:17:46.7 [uncertain.proc] [FINE] aurora.database.service.BusinessModelService.onDecideSqlGenerationMode
2018-09-30 06:17:46.7 [uncertain.proc] [CONFIG] [action] CreateOperationSql
2018-09-30 06:17:46.7 [uncertain.proc] [CONFIG] [action] PopulateOperationSql
2018-09-30 06:17:46.7 [uncertain.proc] [FINE] aurora.database.features.OrderByClauseCreator.onPopulateOperationSql
2018-09-30 06:17:46.7 [uncertain.proc] [FINE] aurora.database.features.WhereClauseCreator.onPopulateOperationSql
2018-09-30 06:17:46.7 [uncertain.proc] [CONFIG] [action] ExecuteQuery
2018-09-30 06:17:46.7 [uncertain.proc] [FINE] aurora.bm.QuerySqlCreator.onExecuteQuery
2018-09-30 06:17:46.8 [uncertain.proc] [CONFIG] [action] QueryFinish
2018-09-30 06:17:46.8 [uncertain.proc] [FINE] aurora.database.features.AutoQueryCounter.onQueryFinish
2018-09-30 06:17:46.8 [uncertain.proc] [CONFIG] [action] FetchResultSet
2018-09-30 06:17:46.8 [uncertain.proc] [FINE] aurora.database.features.CacheBasedLookUpField.postFetchResultSet
2018-09-30 06:17:46.8 [aurora.database] [CONFIG] 
============= BEGIN [query] SQL Statement execution dump ============

            select d.code_value, d.code_value_name
                      from sys_codes t, sys_code_values_vl d 
                              where t.code ='BGT_STRATEGY_OPERATOR' 
                                        and t.code_id = d.code_id
            
---------------------Binding info---------------------
null
=============== END [query] SQL Statement execution dump ============

2018-09-30 06:17:46.8 [aurora.database] [CONFIG] ===================================== prepare to run model-query bgt.BGT2910.bgt_ctrl_conds_period_strategy==============================
2018-09-30 06:17:46.10 [uncertain.proc] [CONFIG] [action] DecideSqlGenerationMode
2018-09-30 06:17:46.10 [uncertain.proc] [FINE] aurora.database.service.BusinessModelService.onDecideSqlGenerationMode
2018-09-30 06:17:46.10 [uncertain.proc] [CONFIG] [action] CreateOperationSql
2018-09-30 06:17:46.10 [uncertain.proc] [CONFIG] [action] PopulateOperationSql
2018-09-30 06:17:46.10 [uncertain.proc] [FINE] aurora.database.features.OrderByClauseCreator.onPopulateOperationSql
2018-09-30 06:17:46.10 [uncertain.proc] [FINE] aurora.database.features.WhereClauseCreator.onPopulateOperationSql
2018-09-30 06:17:46.10 [uncertain.proc] [CONFIG] [action] ExecuteQuery
2018-09-30 06:17:46.10 [uncertain.proc] [FINE] aurora.bm.QuerySqlCreator.onExecuteQuery
2018-09-30 06:17:46.11 [uncertain.proc] [CONFIG] [action] QueryFinish
2018-09-30 06:17:46.11 [uncertain.proc] [FINE] aurora.database.features.AutoQueryCounter.onQueryFinish
2018-09-30 06:17:46.11 [uncertain.proc] [CONFIG] [action] FetchResultSet
2018-09-30 06:17:46.11 [uncertain.proc] [FINE] aurora.database.features.CacheBasedLookUpField.postFetchResultSet
2018-09-30 06:17:46.11 [aurora.database] [CONFIG] 
============= BEGIN [query] SQL Statement execution dump ============
select d.code_value, d.code_value_name          from sys_codes t, sys_code_values_vl d         where t.code ='BGT_STRATEGY_PERIOD'           and t.code_id = d.code_id
---------------------Binding info---------------------
null
=============== END [query] SQL Statement execution dump ============

2018-09-30 06:17:46.11 [aurora.database] [CONFIG] ===================================== prepare to run model-query bgt.BGT2910.bgt_control_strategies==============================
2018-09-30 06:17:46.14 [uncertain.proc] [CONFIG] [action] DecideSqlGenerationMode
2018-09-30 06:17:46.14 [uncertain.proc] [FINE] aurora.database.service.BusinessModelService.onDecideSqlGenerationMode
2018-09-30 06:17:46.14 [uncertain.proc] [CONFIG] [action] CreatequeryStatement
2018-09-30 06:17:46.14 [uncertain.proc] [FINE] aurora.bm.QuerySqlCreator.onCreateQueryStatement
2018-09-30 06:17:46.14 [uncertain.proc] [CONFIG] [action] PopulatequeryStatement
2018-09-30 06:17:46.14 [uncertain.proc] [FINE] aurora.database.features.OrderByClauseCreator.onPopulateQueryStatement
2018-09-30 06:17:46.14 [uncertain.proc] [FINE] aurora.database.features.WhereClauseCreator.onPopulateQueryStatement
2018-09-30 06:17:46.14 [uncertain.proc] [CONFIG] [action] CreatequerySql
2018-09-30 06:17:46.14 [uncertain.proc] [FINE] aurora.bm.QuerySqlCreator.onCreateQuerySql
2018-09-30 06:17:46.14 [uncertain.proc] [CONFIG] [action] ExecuteQuery
2018-09-30 06:17:46.14 [uncertain.proc] [FINE] aurora.bm.QuerySqlCreator.onExecuteQuery
2018-09-30 06:17:46.15 [uncertain.proc] [CONFIG] [action] QueryFinish
2018-09-30 06:17:46.15 [uncertain.proc] [FINE] aurora.database.features.AutoQueryCounter.onQueryFinish
2018-09-30 06:17:46.15 [uncertain.proc] [CONFIG] [action] FetchResultSet
2018-09-30 06:17:46.15 [uncertain.proc] [FINE] aurora.database.features.CacheBasedLookUpField.postFetchResultSet
2018-09-30 06:17:46.15 [aurora.database] [CONFIG] 
============= BEGIN [query] SQL Statement execution dump ============
SELECT t1.CONTROL_STRATEGY_GROUP_ID,t1.CONTROL_STRATEGY_ID,t1.CONTROL_STRATEGY_SEQUENCE,t1.CONTROL_STRATEGY_CODE,t1.CONTROL_STRATEGY_DESC,t1.CONTROL_METHOD,t1.MESSAGE_CODE,t1.EXP_WF_EVENT
FROM BGT_CONTROL_STRATEGIES t1
WHERE CONTROL_STRATEGY_ID = ?
---------------------Binding info---------------------
No.1	Access path:@control_strategy_id	Data type of passed value :java.lang.String	Value:1	Output:false	Database Type:null	

=============== END [query] SQL Statement execution dump ============

2018-09-30 06:17:46.15 [uncertain.proc] [CONFIG] [action] CreateView
2018-09-30 06:17:46.15 [uncertain.proc] [CONFIG] [action] BuildOutputContent
2018-09-30 06:17:46.15 [aurora.presentation.buildsession] [CONFIG] Start build session
2018-09-30 06:17:46.15 [aurora.presentation.buildsession] [CONFIG] building view: <html-page> -> aurora.presentation.component.HtmlPage@6d57ada1
2018-09-30 06:17:46.15 [aurora.presentation.buildsession] [CONFIG] building view: <script> -> aurora.presentation.DefaultViewBuilder@59d097e
2018-09-30 06:17:46.16 [aurora.presentation.buildsession] [CONFIG] building view: <dataSets> -> aurora.application.features.DataSetInit@82e6932
2018-09-30 06:17:46.16 [aurora.presentation.buildsession] [CONFIG] building view: <dataSet> -> aurora.presentation.TemplateBasedView@314dc5c8
2018-09-30 06:17:46.16 [aurora.presentation.buildsession] [CONFIG] building view: <dataSet> -> aurora.presentation.TemplateBasedView@314dc5c8
2018-09-30 06:17:46.16 [aurora.presentation.buildsession] [CONFIG] building view: <dataSet> -> aurora.presentation.TemplateBasedView@314dc5c8
2018-09-30 06:17:46.16 [aurora.presentation.buildsession] [CONFIG] building view: <dataSet> -> aurora.presentation.TemplateBasedView@314dc5c8
2018-09-30 06:17:46.16 [aurora.presentation.buildsession] [CONFIG] building view: <dataSet> -> aurora.presentation.TemplateBasedView@314dc5c8
2018-09-30 06:17:46.16 [aurora.presentation.buildsession] [CONFIG] building view: <dataSet> -> aurora.presentation.TemplateBasedView@314dc5c8
2018-09-30 06:17:46.16 [aurora.presentation.buildsession] [CONFIG] building view: <dataSet> -> aurora.presentation.TemplateBasedView@314dc5c8
2018-09-30 06:17:46.17 [aurora.presentation.buildsession] [CONFIG] building view: <dataSet> -> aurora.presentation.TemplateBasedView@314dc5c8
2018-09-30 06:17:46.18 [aurora.presentation.buildsession] [CONFIG] building view: <screenBody> -> aurora.presentation.component.std.ScreenBody@369bcd62
2018-09-30 06:17:46.18 [aurora.presentation.buildsession] [CONFIG] building view: <form> -> aurora.presentation.component.std.Form@fdf6d2b
2018-09-30 06:17:46.18 [aurora.presentation.buildsession] [CONFIG] building view: <textField> -> aurora.presentation.TemplateBasedView@314dc5c8
2018-09-30 06:17:46.18 [aurora.presentation.buildsession] [CONFIG] building view: <textField> -> aurora.presentation.TemplateBasedView@314dc5c8
2018-09-30 06:17:46.19 [aurora.presentation.buildsession] [CONFIG] building view: <hBox> -> aurora.presentation.component.std.HBox@5f35f3d4
2018-09-30 06:17:46.19 [aurora.presentation.buildsession] [CONFIG] building view: <button> -> aurora.presentation.TemplateBasedView@314dc5c8
2018-09-30 06:17:46.19 [aurora.presentation.buildsession] [CONFIG] building view: <grid> -> aurora.presentation.TemplateBasedView@314dc5c8
2018-09-30 06:17:46.19 [aurora.presentation.buildsession] [CONFIG] building view: <toolBar> -> aurora.presentation.TemplateBasedView@314dc5c8
2018-09-30 06:17:46.19 [aurora.presentation.buildsession] [CONFIG] building view: <button> -> aurora.presentation.TemplateBasedView@314dc5c8
2018-09-30 06:17:46.19 [aurora.presentation.buildsession] [CONFIG] building view: <button> -> aurora.presentation.TemplateBasedView@314dc5c8
2018-09-30 06:17:46.19 [aurora.presentation.buildsession] [CONFIG] building view: <button> -> aurora.presentation.TemplateBasedView@314dc5c8
2018-09-30 06:17:46.20 [aurora.presentation.buildsession] [CONFIG] building view: <navBar> -> aurora.presentation.TemplateBasedView@314dc5c8
2018-09-30 06:17:46.21 [aurora.presentation.buildsession] [CONFIG] building view: <button> -> aurora.presentation.TemplateBasedView@314dc5c8
2018-09-30 06:17:46.21 [aurora.presentation.buildsession] [CONFIG] building view: <button> -> aurora.presentation.TemplateBasedView@314dc5c8
2018-09-30 06:17:46.22 [aurora.presentation.buildsession] [CONFIG] building view: <separator> -> aurora.presentation.TemplateBasedView@314dc5c8
2018-09-30 06:17:46.22 [aurora.presentation.buildsession] [CONFIG] building view: <div> -> aurora.presentation.DefaultViewBuilder@59d097e
2018-09-30 06:17:46.22 [aurora.presentation.buildsession] [CONFIG] building view: <numberField> -> aurora.presentation.TemplateBasedView@314dc5c8
2018-09-30 06:17:46.22 [aurora.presentation.buildsession] [CONFIG] building view: <div> -> aurora.presentation.DefaultViewBuilder@59d097e
2018-09-30 06:17:46.22 [aurora.presentation.buildsession] [CONFIG] building view: <separator> -> aurora.presentation.TemplateBasedView@314dc5c8
2018-09-30 06:17:46.22 [aurora.presentation.buildsession] [CONFIG] building view: <button> -> aurora.presentation.TemplateBasedView@314dc5c8
2018-09-30 06:17:46.22 [aurora.presentation.buildsession] [CONFIG] building view: <button> -> aurora.presentation.TemplateBasedView@314dc5c8
2018-09-30 06:17:46.22 [aurora.presentation.buildsession] [CONFIG] building view: <button> -> aurora.presentation.TemplateBasedView@314dc5c8
2018-09-30 06:17:46.22 [aurora.presentation.buildsession] [CONFIG] building view: <separator> -> aurora.presentation.TemplateBasedView@314dc5c8
2018-09-30 06:17:46.22 [aurora.presentation.buildsession] [CONFIG] building view: <div> -> aurora.presentation.DefaultViewBuilder@59d097e
2018-09-30 06:17:46.22 [aurora.presentation.buildsession] [CONFIG] building view: <comboBox> -> aurora.presentation.TemplateBasedView@314dc5c8
2018-09-30 06:17:46.23 [aurora.presentation.buildsession] [CONFIG] building view: <div> -> aurora.presentation.DefaultViewBuilder@59d097e
2018-09-30 06:17:46.23 [aurora.presentation.buildsession] [CONFIG] building view: <separator> -> aurora.presentation.TemplateBasedView@314dc5c8
2018-09-30 06:17:46.23 [aurora.presentation.buildsession] [CONFIG] building view: <div> -> aurora.presentation.DefaultViewBuilder@59d097e
2018-09-30 06:17:46.23 [aurora.presentation.buildsession] [CONFIG] building view: <comboBox> -> aurora.presentation.TemplateBasedView@314dc5c8
2018-09-30 06:17:46.23 [aurora.presentation.buildsession] [CONFIG] building view: <textField> -> aurora.presentation.TemplateBasedView@314dc5c8
2018-09-30 06:17:46.24 [aurora.presentation.buildsession] [CONFIG] building view: <script> -> aurora.presentation.DefaultViewBuilder@59d097e
2018-09-30 06:17:46.24 [aurora.presentation.buildsession] [CONFIG] End build session
