2018-10-11 08:53:46.520 [aurora.application.session_check] [CONFIG] Session data copied to context
2018-10-11 08:53:46.520 [aurora.application.session_check] [CONFIG] Access check result for modules/sys/SYS1020/sys_messages.screen => success
2018-10-11 08:53:46.520 [uncertain.proc] [CONFIG] [action] AccessCheck
2018-10-11 08:53:46.622 [uncertain.proc] [CONFIG] [action] InitService
2018-10-11 08:53:46.623 [uncertain.proc] [CONFIG] [action] ParseParameter
2018-10-11 08:53:46.623 [uncertain.proc] [CONFIG] [action] CreateModel
2018-10-11 08:53:46.623 [aurora.database] [CONFIG] ===================================== prepare to run model-query fnd.SYS1020.fnd_language_code==============================
2018-10-11 08:53:46.629 [uncertain.proc] [CONFIG] [action] DecideSqlGenerationMode
2018-10-11 08:53:46.629 [uncertain.proc] [FINE] aurora.database.service.BusinessModelService.onDecideSqlGenerationMode
2018-10-11 08:53:46.629 [uncertain.proc] [CONFIG] [action] CreatequeryStatement
2018-10-11 08:53:46.629 [uncertain.proc] [FINE] aurora.bm.QuerySqlCreator.onCreateQueryStatement
2018-10-11 08:53:46.629 [uncertain.proc] [CONFIG] [action] PopulatequeryStatement
2018-10-11 08:53:46.629 [uncertain.proc] [FINE] aurora.database.features.OrderByClauseCreator.onPopulateQueryStatement
2018-10-11 08:53:46.629 [uncertain.proc] [FINE] aurora.database.features.WhereClauseCreator.onPopulateQueryStatement
2018-10-11 08:53:46.629 [uncertain.proc] [CONFIG] [action] CreatequerySql
2018-10-11 08:53:46.629 [uncertain.proc] [FINE] aurora.bm.QuerySqlCreator.onCreateQuerySql
2018-10-11 08:53:46.629 [uncertain.proc] [CONFIG] [action] ExecuteQuery
2018-10-11 08:53:46.629 [uncertain.proc] [FINE] aurora.bm.QuerySqlCreator.onExecuteQuery
2018-10-11 08:53:46.673 [uncertain.proc] [CONFIG] [action] QueryFinish
2018-10-11 08:53:46.673 [uncertain.proc] [FINE] aurora.database.features.AutoQueryCounter.onQueryFinish
2018-10-11 08:53:46.673 [uncertain.proc] [CONFIG] [action] FetchResultSet
2018-10-11 08:53:46.673 [uncertain.proc] [FINE] aurora.database.features.CacheBasedLookUpField.postFetchResultSet
2018-10-11 08:53:46.673 [aurora.database] [CONFIG] 
============= BEGIN [query] SQL Statement execution dump ============
SELECT fc.language_code,fc.installed_flag,fc.locale_code,fc.description_id,(select description_text from fnd_descriptions fd where fd.description_id=fc.description_id         and fd.language=?) AS description
FROM fnd_language_code fc

---------------------Binding info---------------------
No.1	Access path:/session/@lang	Data type of passed value :java.lang.String	Value:ZHS	Output:false	Database Type:null	

=============== END [query] SQL Statement execution dump ============

2018-10-11 08:53:46.673 [aurora.database] [CONFIG] ===================================== prepare to run model-query sys.sys_module==============================
2018-10-11 08:53:46.680 [uncertain.proc] [CONFIG] [action] DecideSqlGenerationMode
2018-10-11 08:53:46.680 [uncertain.proc] [FINE] aurora.database.service.BusinessModelService.onDecideSqlGenerationMode
2018-10-11 08:53:46.680 [uncertain.proc] [CONFIG] [action] CreatequeryStatement
2018-10-11 08:53:46.680 [uncertain.proc] [FINE] aurora.bm.QuerySqlCreator.onCreateQueryStatement
2018-10-11 08:53:46.680 [uncertain.proc] [CONFIG] [action] PopulatequeryStatement
2018-10-11 08:53:46.680 [uncertain.proc] [FINE] aurora.database.features.OrderByClauseCreator.onPopulateQueryStatement
2018-10-11 08:53:46.680 [uncertain.proc] [FINE] aurora.database.features.WhereClauseCreator.onPopulateQueryStatement
2018-10-11 08:53:46.680 [uncertain.proc] [CONFIG] [action] CreatequerySql
2018-10-11 08:53:46.680 [uncertain.proc] [FINE] aurora.bm.QuerySqlCreator.onCreateQuerySql
2018-10-11 08:53:46.680 [uncertain.proc] [CONFIG] [action] ExecuteQuery
2018-10-11 08:53:46.680 [uncertain.proc] [FINE] aurora.bm.QuerySqlCreator.onExecuteQuery
2018-10-11 08:53:46.686 [uncertain.proc] [CONFIG] [action] QueryFinish
2018-10-11 08:53:46.686 [uncertain.proc] [FINE] aurora.database.features.AutoQueryCounter.onQueryFinish
2018-10-11 08:53:46.686 [uncertain.proc] [CONFIG] [action] FetchResultSet
2018-10-11 08:53:46.686 [uncertain.proc] [FINE] aurora.database.features.CacheBasedLookUpField.postFetchResultSet
2018-10-11 08:53:46.686 [aurora.database] [CONFIG] 
============= BEGIN [query] SQL Statement execution dump ============
SELECT fc.module_id,fc.module_code,fc.module_name_id,(select DESCRIPTION_TEXT from fnd_descriptions where DESCRIPTION_ID=fc.module_name_id and Language=?) AS module_name,fc.installed_flag
FROM sys_module fc

ORDER BY module_code
---------------------Binding info---------------------
No.1	Access path:/session/@lang	Data type of passed value :java.lang.String	Value:ZHS	Output:false	Database Type:null	

=============== END [query] SQL Statement execution dump ============

2018-10-11 08:53:46.686 [uncertain.proc] [CONFIG] [action] CreateView
2018-10-11 08:53:46.686 [uncertain.proc] [CONFIG] [action] BuildOutputContent
2018-10-11 08:53:46.687 [aurora.presentation.buildsession] [CONFIG] Start build session
2018-10-11 08:53:46.687 [aurora.presentation.buildsession] [CONFIG] building view: <html-page> -> aurora.presentation.component.HtmlPage@4b00776a
2018-10-11 08:53:46.687 [aurora.presentation.buildsession] [CONFIG] building view: <script> -> aurora.presentation.DefaultViewBuilder@35f5c5a3
2018-10-11 08:53:46.688 [aurora.presentation.buildsession] [CONFIG] building view: <dataSets> -> aurora.application.features.DataSetInit@3657588f
2018-10-11 08:53:46.688 [aurora.presentation.buildsession] [CONFIG] building view: <dataSet> -> aurora.presentation.TemplateBasedView@3dda489e
2018-10-11 08:53:46.689 [aurora.presentation.buildsession] [CONFIG] building view: <dataSet> -> aurora.presentation.TemplateBasedView@3dda489e
2018-10-11 08:53:46.690 [aurora.presentation.buildsession] [CONFIG] building view: <dataSet> -> aurora.presentation.TemplateBasedView@3dda489e
2018-10-11 08:53:46.692 [aurora.presentation.buildsession] [CONFIG] building view: <dataSet> -> aurora.presentation.TemplateBasedView@3dda489e
2018-10-11 08:53:46.694 [aurora.presentation.buildsession] [CONFIG] building view: <screenBody> -> aurora.presentation.component.std.ScreenBody@67eee40a
2018-10-11 08:53:46.694 [aurora.presentation.buildsession] [CONFIG] building view: <screenTopToolbar> -> aurora.presentation.component.std.ScreenTopToolbar@7653caa0
2018-10-11 08:53:46.694 [aurora.presentation.buildsession] [CONFIG] building view: <screenTitle> -> aurora.presentation.component.std.ScreenTitle@3ea05827
2018-10-11 08:53:46.698 [uncertain.proc] [CONFIG] [action] DecideSqlGenerationMode
2018-10-11 08:53:46.698 [uncertain.proc] [FINE] aurora.database.service.BusinessModelService.onDecideSqlGenerationMode
2018-10-11 08:53:46.698 [uncertain.proc] [CONFIG] [action] CreatequeryStatement
2018-10-11 08:53:46.699 [uncertain.proc] [FINE] aurora.bm.QuerySqlCreator.onCreateQueryStatement
2018-10-11 08:53:46.699 [uncertain.proc] [CONFIG] [action] PopulatequeryStatement
2018-10-11 08:53:46.699 [uncertain.proc] [FINE] aurora.database.features.OrderByClauseCreator.onPopulateQueryStatement
2018-10-11 08:53:46.699 [uncertain.proc] [FINE] aurora.database.features.WhereClauseCreator.onPopulateQueryStatement
2018-10-11 08:53:46.699 [uncertain.proc] [CONFIG] [action] CreatequerySql
2018-10-11 08:53:46.699 [uncertain.proc] [FINE] aurora.bm.QuerySqlCreator.onCreateQuerySql
2018-10-11 08:53:46.699 [uncertain.proc] [CONFIG] [action] ExecuteQuery
2018-10-11 08:53:46.699 [uncertain.proc] [FINE] aurora.bm.QuerySqlCreator.onExecuteQuery
2018-10-11 08:53:46.700 [uncertain.proc] [CONFIG] [action] QueryFinish
2018-10-11 08:53:46.700 [uncertain.proc] [FINE] aurora.database.features.AutoQueryCounter.onQueryFinish
2018-10-11 08:53:46.700 [uncertain.proc] [CONFIG] [action] FetchResultSet
2018-10-11 08:53:46.700 [uncertain.proc] [FINE] aurora.database.features.CacheBasedLookUpField.postFetchResultSet
2018-10-11 08:53:46.700 [aurora.database] [CONFIG] 
============= BEGIN [query] SQL Statement execution dump ============
SELECT f.service_id,f.service_name,f.is_entry_page,f.is_access_checked,f.is_login_required,f.is_system_access,? AS language,(select d.description_text from fnd_descriptions d where d.description_id = f.title_id and d.language = ?) AS title,f.title_id,f.weixin_flag
FROM sys_service f
WHERE f.service_name = ?
ORDER BY service_name
---------------------Binding info---------------------
No.1	Access path:/session/@lang	Data type of passed value :java.lang.String	Value:ZHS	Output:false	Database Type:null	
No.2	Access path:/session/@lang	Data type of passed value :java.lang.String	Value:ZHS	Output:false	Database Type:null	
No.3	Access path:@service_name	Data type of passed value :java.lang.String	Value:modules/sys/SYS1020/sys_messages.screen	Output:false	Database Type:null	

=============== END [query] SQL Statement execution dump ============

2018-10-11 08:53:46.700 [aurora.presentation.buildsession] [CONFIG] building view: <toolbarButton> -> aurora.presentation.TemplateBasedView@3dda489e
2018-10-11 08:53:46.700 [aurora.presentation.buildsession] [CONFIG] building view: <gridButton> -> aurora.presentation.TemplateBasedView@3dda489e
2018-10-11 08:53:46.700 [aurora.presentation.buildsession] [CONFIG] building view: <gridButton> -> aurora.presentation.TemplateBasedView@3dda489e
2018-10-11 08:53:46.700 [aurora.presentation.buildsession] [CONFIG] building view: <gridButton> -> aurora.presentation.TemplateBasedView@3dda489e
2018-10-11 08:53:46.701 [aurora.presentation.buildsession] [CONFIG] building view: <queryForm> -> aurora.presentation.component.std.QueryForm@33405b89
2018-10-11 08:53:46.701 [aurora.presentation.buildsession] [CONFIG] building view: <hBox> -> aurora.presentation.component.std.HBox@454643bc
2018-10-11 08:53:46.701 [aurora.presentation.buildsession] [CONFIG] building view: <textField> -> aurora.presentation.TemplateBasedView@3dda489e
2018-10-11 08:53:46.701 [aurora.presentation.buildsession] [CONFIG] building view: <textField> -> aurora.presentation.TemplateBasedView@3dda489e
2018-10-11 08:53:46.701 [aurora.presentation.buildsession] [CONFIG] building view: <textField> -> aurora.presentation.TemplateBasedView@3dda489e
2018-10-11 08:53:46.701 [aurora.presentation.buildsession] [CONFIG] building view: <toolbarButton> -> aurora.presentation.TemplateBasedView@3dda489e
2018-10-11 08:53:46.701 [aurora.presentation.buildsession] [CONFIG] building view: <grid> -> aurora.presentation.TemplateBasedView@3dda489e
2018-10-11 08:53:46.702 [aurora.presentation.buildsession] [CONFIG] building view: <navBar> -> aurora.presentation.TemplateBasedView@3dda489e
2018-10-11 08:53:46.703 [aurora.presentation.buildsession] [CONFIG] building view: <button> -> aurora.presentation.TemplateBasedView@3dda489e
2018-10-11 08:53:46.703 [aurora.presentation.buildsession] [CONFIG] building view: <button> -> aurora.presentation.TemplateBasedView@3dda489e
2018-10-11 08:53:46.703 [aurora.presentation.buildsession] [CONFIG] building view: <separator> -> aurora.presentation.TemplateBasedView@3dda489e
2018-10-11 08:53:46.703 [aurora.presentation.buildsession] [CONFIG] building view: <div> -> aurora.presentation.DefaultViewBuilder@35f5c5a3
2018-10-11 08:53:46.703 [aurora.presentation.buildsession] [CONFIG] building view: <numberField> -> aurora.presentation.TemplateBasedView@3dda489e
2018-10-11 08:53:46.704 [aurora.presentation.buildsession] [CONFIG] building view: <div> -> aurora.presentation.DefaultViewBuilder@35f5c5a3
2018-10-11 08:53:46.704 [aurora.presentation.buildsession] [CONFIG] building view: <separator> -> aurora.presentation.TemplateBasedView@3dda489e
2018-10-11 08:53:46.704 [aurora.presentation.buildsession] [CONFIG] building view: <button> -> aurora.presentation.TemplateBasedView@3dda489e
2018-10-11 08:53:46.704 [aurora.presentation.buildsession] [CONFIG] building view: <button> -> aurora.presentation.TemplateBasedView@3dda489e
2018-10-11 08:53:46.704 [aurora.presentation.buildsession] [CONFIG] building view: <button> -> aurora.presentation.TemplateBasedView@3dda489e
2018-10-11 08:53:46.704 [aurora.presentation.buildsession] [CONFIG] building view: <separator> -> aurora.presentation.TemplateBasedView@3dda489e
2018-10-11 08:53:46.704 [aurora.presentation.buildsession] [CONFIG] building view: <div> -> aurora.presentation.DefaultViewBuilder@35f5c5a3
2018-10-11 08:53:46.704 [aurora.presentation.buildsession] [CONFIG] building view: <comboBox> -> aurora.presentation.TemplateBasedView@3dda489e
2018-10-11 08:53:46.705 [aurora.presentation.buildsession] [CONFIG] building view: <div> -> aurora.presentation.DefaultViewBuilder@35f5c5a3
2018-10-11 08:53:46.705 [aurora.presentation.buildsession] [CONFIG] building view: <separator> -> aurora.presentation.TemplateBasedView@3dda489e
2018-10-11 08:53:46.705 [aurora.presentation.buildsession] [CONFIG] building view: <div> -> aurora.presentation.DefaultViewBuilder@35f5c5a3
2018-10-11 08:53:46.705 [aurora.presentation.buildsession] [CONFIG] building view: <textField> -> aurora.presentation.TemplateBasedView@3dda489e
2018-10-11 08:53:46.705 [aurora.presentation.buildsession] [CONFIG] building view: <comboBox> -> aurora.presentation.TemplateBasedView@3dda489e
2018-10-11 08:53:46.706 [aurora.presentation.buildsession] [CONFIG] building view: <textField> -> aurora.presentation.TemplateBasedView@3dda489e
2018-10-11 08:53:46.706 [aurora.presentation.buildsession] [CONFIG] building view: <comboBox> -> aurora.presentation.TemplateBasedView@3dda489e
2018-10-11 08:53:46.706 [aurora.presentation.buildsession] [CONFIG] building view: <script> -> aurora.presentation.DefaultViewBuilder@35f5c5a3
2018-10-11 08:53:46.706 [aurora.presentation.buildsession] [CONFIG] End build session
