2018-10-15 08:15:24.122 [aurora.application.session_check] [CONFIG] Session data copied to context
2018-10-15 08:15:24.122 [aurora.application.session_check] [CONFIG] Access check result for modules/expm/EXP3110/exp_report_query_finance.screen => success
2018-10-15 08:15:24.122 [uncertain.proc] [CONFIG] [action] AccessCheck
2018-10-15 08:15:24.130 [uncertain.proc] [CONFIG] [action] InitService
2018-10-15 08:15:24.130 [uncertain.proc] [CONFIG] [action] ParseParameter
2018-10-15 08:15:24.130 [uncertain.proc] [CONFIG] [action] CreateModel
2018-10-15 08:15:24.130 [aurora.database] [CONFIG] ===================================== prepare to run model-query gld.gld_currency_vl==============================
2018-10-15 08:15:24.135 [uncertain.proc] [CONFIG] [action] DecideSqlGenerationMode
2018-10-15 08:15:24.135 [uncertain.proc] [FINE] aurora.database.service.BusinessModelService.onDecideSqlGenerationMode
2018-10-15 08:15:24.135 [uncertain.proc] [CONFIG] [action] CreatequeryStatement
2018-10-15 08:15:24.135 [uncertain.proc] [FINE] aurora.bm.QuerySqlCreator.onCreateQueryStatement
2018-10-15 08:15:24.136 [uncertain.proc] [CONFIG] [action] PopulatequeryStatement
2018-10-15 08:15:24.136 [uncertain.proc] [FINE] aurora.database.features.OrderByClauseCreator.onPopulateQueryStatement
2018-10-15 08:15:24.136 [uncertain.proc] [FINE] aurora.database.features.WhereClauseCreator.onPopulateQueryStatement
2018-10-15 08:15:24.136 [uncertain.proc] [CONFIG] [action] CreatequerySql
2018-10-15 08:15:24.136 [uncertain.proc] [FINE] aurora.bm.QuerySqlCreator.onCreateQuerySql
2018-10-15 08:15:24.136 [uncertain.proc] [CONFIG] [action] ExecuteQuery
2018-10-15 08:15:24.136 [uncertain.proc] [FINE] aurora.bm.QuerySqlCreator.onExecuteQuery
2018-10-15 08:15:24.140 [uncertain.proc] [CONFIG] [action] QueryFinish
2018-10-15 08:15:24.140 [uncertain.proc] [FINE] aurora.database.features.AutoQueryCounter.onQueryFinish
2018-10-15 08:15:24.140 [uncertain.proc] [CONFIG] [action] FetchResultSet
2018-10-15 08:15:24.140 [uncertain.proc] [FINE] aurora.database.features.CacheBasedLookUpField.postFetchResultSet
2018-10-15 08:15:24.140 [aurora.database] [CONFIG] 
============= BEGIN [query] SQL Statement execution dump ============
SELECT t1.ROW_ID,t1.CURRENCY_CODE,t1.ENABLED_FLAG,t1.CURRENCY_NAME,t1.COUNTRY_CODE,t1.PRECISION,t1.TRANSACTION_PRECISION,t1.CURRENCY_SYMBOL
FROM GLD_CURRENCY_VL t1
WHERE  t1.ENABLED_FLAG ='Y' AND  enabled_flag = 'Y' 
ORDER BY currency_code
---------------------Binding info---------------------
null
=============== END [query] SQL Statement execution dump ============

2018-10-15 08:15:24.140 [aurora.database] [CONFIG] ===================================== prepare to run model-query bpm.BPM1020.fnd_companies_lov==============================
2018-10-15 08:15:24.143 [uncertain.proc] [CONFIG] [action] DecideSqlGenerationMode
2018-10-15 08:15:24.143 [uncertain.proc] [FINE] aurora.database.service.BusinessModelService.onDecideSqlGenerationMode
2018-10-15 08:15:24.143 [uncertain.proc] [CONFIG] [action] CreateOperationSql
2018-10-15 08:15:24.143 [uncertain.proc] [CONFIG] [action] PopulateOperationSql
2018-10-15 08:15:24.143 [uncertain.proc] [FINE] aurora.database.features.OrderByClauseCreator.onPopulateOperationSql
2018-10-15 08:15:24.143 [uncertain.proc] [FINE] aurora.database.features.WhereClauseCreator.onPopulateOperationSql
2018-10-15 08:15:24.143 [uncertain.proc] [CONFIG] [action] ExecuteQuery
2018-10-15 08:15:24.143 [uncertain.proc] [FINE] aurora.bm.QuerySqlCreator.onExecuteQuery
2018-10-15 08:15:24.148 [uncertain.proc] [CONFIG] [action] QueryFinish
2018-10-15 08:15:24.148 [uncertain.proc] [FINE] aurora.database.features.AutoQueryCounter.onQueryFinish
2018-10-15 08:15:24.148 [uncertain.proc] [CONFIG] [action] FetchResultSet
2018-10-15 08:15:24.148 [uncertain.proc] [FINE] aurora.database.features.CacheBasedLookUpField.postFetchResultSet
2018-10-15 08:15:24.148 [aurora.database] [CONFIG] 
============= BEGIN [query] SQL Statement execution dump ============

				select fv.company_id, 
   					   fv.company_code, 
					   fv.company_short_name,
					   fv.company_short_name code_name    
				 from fnd_companies_vl fv        
				 WHERE fv.start_date_active <= sysdate and (fv.end_date_active is null or end_date_active > sysdate)  AND company_id = ? 
				order by  fv.company_code
            
---------------------Binding info---------------------
No.1	Access path:/session/@company_id	Data type of passed value :java.lang.String	Value:835	Output:false	Database Type:null	

=============== END [query] SQL Statement execution dump ============

2018-10-15 08:15:24.148 [aurora.database] [CONFIG] ===================================== prepare to run model-query exp.exp_expense_report_types_vl==============================
2018-10-15 08:15:24.151 [uncertain.proc] [CONFIG] [action] DecideSqlGenerationMode
2018-10-15 08:15:24.151 [uncertain.proc] [FINE] aurora.database.service.BusinessModelService.onDecideSqlGenerationMode
2018-10-15 08:15:24.151 [uncertain.proc] [CONFIG] [action] CreatequeryStatement
2018-10-15 08:15:24.151 [uncertain.proc] [FINE] aurora.bm.QuerySqlCreator.onCreateQueryStatement
2018-10-15 08:15:24.151 [uncertain.proc] [CONFIG] [action] PopulatequeryStatement
2018-10-15 08:15:24.151 [uncertain.proc] [FINE] aurora.database.features.OrderByClauseCreator.onPopulateQueryStatement
2018-10-15 08:15:24.151 [uncertain.proc] [FINE] aurora.database.features.WhereClauseCreator.onPopulateQueryStatement
2018-10-15 08:15:24.151 [uncertain.proc] [CONFIG] [action] CreatequerySql
2018-10-15 08:15:24.151 [uncertain.proc] [FINE] aurora.bm.QuerySqlCreator.onCreateQuerySql
2018-10-15 08:15:24.151 [uncertain.proc] [CONFIG] [action] ExecuteQuery
2018-10-15 08:15:24.151 [uncertain.proc] [FINE] aurora.bm.QuerySqlCreator.onExecuteQuery
2018-10-15 08:15:24.335 [uncertain.proc] [CONFIG] [action] QueryFinish
2018-10-15 08:15:24.335 [uncertain.proc] [FINE] aurora.database.features.AutoQueryCounter.onQueryFinish
2018-10-15 08:15:24.335 [uncertain.proc] [CONFIG] [action] FetchResultSet
2018-10-15 08:15:24.335 [uncertain.proc] [FINE] aurora.database.features.CacheBasedLookUpField.postFetchResultSet
2018-10-15 08:15:24.335 [aurora.database] [CONFIG] 
============= BEGIN [query] SQL Statement execution dump ============
SELECT eertvl.EXPENSE_REPORT_TYPE_ID,eertvl.COMPANY_ID,eertvl.EXPENSE_REPORT_TYPE_CODE,eertvl.DESCRIPTION,(expense_report_type_code||'-'||description) AS code_name,eertvl.CURRENCY_CODE,eertvl.CODING_RULE,eertvl.ENABLED_FLAG,eertvl.LINE_NUMBER_BEGINNING,eertvl.STEP_LENGTH,eertvl.AUTO_APPROVE_FLAG,eertvl.AUTO_AUDIT_FLAG,eertvl.PAYMENT_OBJECT,eertvl.REQ_REQUIRED_FLAG,eertvl.ADJUSTMENT_FLAG,eertvl.REPORT_NAME,eertvl.PAYMENT_FLAG,eertvl.AMORTIZATION_FLAG,eertvl.TEMPLATE_FLAG,eertvl.RESERVE_BUDGET,eertvl.BUDGET_CONTROL_ENABLED,eertvl.payment_method,(select pmv.description from csh_payment_methods_vl pmv where pmv.payment_method_id = eertvl.payment_method) AS payment_method_desc,(SELECT errt.EXPENSE_TYPE_ID FROM exp_report_ref_types errt WHERE errt.EXPENSE_REPORT_TYPE_ID=eertvl.expense_report_type_id AND errt.DEFAULT_FLAG='Y') AS default_expense_type,(SELECT (SELECT eetv.description  FROM EXP_EXPENSE_TYPES_VL eetv WHERE eetv.expense_type_id=errt.EXPENSE_TYPE_ID) FROM exp_report_ref_types errt WHERE errt.EXPENSE_REPORT_TYPE_ID=eertvl.expense_report_type_id AND errt.DEFAULT_FLAG='Y') AS default_expense_type_desc,(SELECT (SELECT eriv.EXPENSE_ITEM_ID FROM EXP_EXPENSE_ITEMS_VL eriv WHERE eriv.EXPENSE_ITEM_CODE=ectri.EXPENSE_ITEM_CODE) FROM EXP_COM_TYPE_REF_ITEM ectri WHERE ectri.EXPENSE_TYPE_REF_ID=(SELECT errt.EXPENSE_REPORT_REF_TYPE_ID FROM exp_report_ref_types errt WHERE errt.EXPENSE_REPORT_TYPE_ID=eertvl.expense_report_type_id AND errt.DEFAULT_FLAG='Y') AND ectri.ITEM_CATEGORY='TRAVEL_ROUTE' AND ectri.DEFAULT_FLAG='Y') AS default_trans_item,(SELECT (SELECT eriv.description FROM EXP_EXPENSE_ITEMS_VL eriv WHERE eriv.EXPENSE_ITEM_CODE=ectri.EXPENSE_ITEM_CODE) FROM EXP_COM_TYPE_REF_ITEM ectri WHERE ectri.EXPENSE_TYPE_REF_ID=(SELECT errt.EXPENSE_REPORT_REF_TYPE_ID FROM exp_report_ref_types errt WHERE errt.EXPENSE_REPORT_TYPE_ID=eertvl.expense_report_type_id AND errt.DEFAULT_FLAG='Y') AND ectri.ITEM_CATEGORY='TRAVEL_ROUTE' AND ectri.DEFAULT_FLAG='Y') AS default_trans_item_desc,(SELECT (SELECT eriv.EXPENSE_ITEM_ID FROM EXP_EXPENSE_ITEMS_VL eriv WHERE eriv.EXPENSE_ITEM_CODE=ectri.EXPENSE_ITEM_CODE) FROM EXP_COM_TYPE_REF_ITEM ectri WHERE ectri.EXPENSE_TYPE_REF_ID=(SELECT errt.EXPENSE_REPORT_REF_TYPE_ID FROM exp_report_ref_types errt WHERE errt.EXPENSE_REPORT_TYPE_ID=eertvl.expense_report_type_id AND errt.DEFAULT_FLAG='Y') AND ectri.ITEM_CATEGORY='QUARTER' AND ectri.DEFAULT_FLAG='Y') AS default_accomm_item,(SELECT (SELECT eriv.description FROM EXP_EXPENSE_ITEMS_VL eriv WHERE eriv.EXPENSE_ITEM_CODE=ectri.EXPENSE_ITEM_CODE) FROM EXP_COM_TYPE_REF_ITEM ectri WHERE ectri.EXPENSE_TYPE_REF_ID=(SELECT errt.EXPENSE_REPORT_REF_TYPE_ID FROM exp_report_ref_types errt WHERE errt.EXPENSE_REPORT_TYPE_ID=eertvl.expense_report_type_id AND errt.DEFAULT_FLAG='Y') AND ectri.ITEM_CATEGORY='QUARTER' AND ectri.DEFAULT_FLAG='Y') AS default_accomm_item_desc,(SELECT (SELECT eriv.EXPENSE_ITEM_ID FROM EXP_EXPENSE_ITEMS_VL eriv WHERE eriv.EXPENSE_ITEM_CODE=ectri.EXPENSE_ITEM_CODE) FROM EXP_COM_TYPE_REF_ITEM ectri WHERE ectri.EXPENSE_TYPE_REF_ID=(SELECT errt.EXPENSE_REPORT_REF_TYPE_ID FROM exp_report_ref_types errt WHERE errt.EXPENSE_REPORT_TYPE_ID=eertvl.expense_report_type_id AND errt.DEFAULT_FLAG='Y') AND ectri.ITEM_CATEGORY='OTHERS' AND ectri.DEFAULT_FLAG='Y') AS default_others_item,(SELECT (SELECT eriv.description FROM EXP_EXPENSE_ITEMS_VL eriv WHERE eriv.EXPENSE_ITEM_CODE=ectri.EXPENSE_ITEM_CODE) FROM EXP_COM_TYPE_REF_ITEM ectri WHERE ectri.EXPENSE_TYPE_REF_ID=(SELECT errt.EXPENSE_REPORT_REF_TYPE_ID FROM exp_report_ref_types errt WHERE errt.EXPENSE_REPORT_TYPE_ID=eertvl.expense_report_type_id AND errt.DEFAULT_FLAG='Y') AND ectri.ITEM_CATEGORY='OTHERS' AND ectri.DEFAULT_FLAG='Y') AS default_others_item_desc,eertvl.ref_pay_flag,eertvl.ref_gather_flag,eertvl.company_flag,eertvl.unit_flag
FROM EXP_EXPENSE_REPORT_TYPES_VL eertvl
WHERE  eertvl.company_id = ? and exists (select *  from exp_report_ref_user_groups egs where egs.expense_report_type_id = eertvl.expense_report_type_id and exists (select 1 from exp_user_group_lines el where el.expense_user_group_id = egs.expense_user_group_id and el.employee_id = (select employee_id from  sys_user where user_id=?))) and eertvl.ENABLED_FLAG = 'Y'
ORDER BY expense_report_type_code
---------------------Binding info---------------------
No.1	Access path:/session/@company_id	Data type of passed value :java.lang.String	Value:835	Output:false	Database Type:null	
No.2	Access path:/session/@user_id	Data type of passed value :java.lang.Long	Value:2242	Output:false	Database Type:null	

=============== END [query] SQL Statement execution dump ============

2018-10-15 08:15:24.336 [uncertain.proc] [CONFIG] [action] CreateView
2018-10-15 08:15:24.336 [uncertain.proc] [CONFIG] [action] BuildOutputContent
2018-10-15 08:15:24.336 [aurora.presentation.buildsession] [CONFIG] Start build session
2018-10-15 08:15:24.336 [aurora.presentation.buildsession] [CONFIG] building view: <html-page> -> aurora.presentation.component.HtmlPage@63060b40
2018-10-15 08:15:24.336 [aurora.presentation.buildsession] [CONFIG] building view: <link> -> aurora.presentation.TemplateBasedView@3dda489e
2018-10-15 08:15:24.336 [aurora.presentation.buildsession] [CONFIG] building view: <link> -> aurora.presentation.TemplateBasedView@3dda489e
2018-10-15 08:15:24.337 [aurora.presentation.buildsession] [CONFIG] building view: <link> -> aurora.presentation.TemplateBasedView@3dda489e
2018-10-15 08:15:24.337 [aurora.presentation.buildsession] [CONFIG] building view: <link> -> aurora.presentation.TemplateBasedView@3dda489e
2018-10-15 08:15:24.337 [aurora.presentation.buildsession] [CONFIG] building view: <link> -> aurora.presentation.TemplateBasedView@3dda489e
2018-10-15 08:15:24.337 [aurora.presentation.buildsession] [CONFIG] building view: <link> -> aurora.presentation.TemplateBasedView@3dda489e
2018-10-15 08:15:24.337 [aurora.presentation.buildsession] [CONFIG] building view: <link> -> aurora.presentation.TemplateBasedView@3dda489e
2018-10-15 08:15:24.337 [aurora.presentation.buildsession] [CONFIG] building view: <link> -> aurora.presentation.TemplateBasedView@3dda489e
2018-10-15 08:15:24.337 [aurora.presentation.buildsession] [CONFIG] building view: <div> -> aurora.presentation.DefaultViewBuilder@35f5c5a3
2018-10-15 08:15:24.337 [aurora.presentation.buildsession] [CONFIG] building view: <script> -> aurora.presentation.DefaultViewBuilder@35f5c5a3
2018-10-15 08:15:24.338 [aurora.presentation.buildsession] [CONFIG] building view: <dataSets> -> aurora.application.features.DataSetInit@202fa61e
2018-10-15 08:15:24.338 [aurora.presentation.buildsession] [CONFIG] building view: <dataSet> -> aurora.presentation.TemplateBasedView@3dda489e
2018-10-15 08:15:24.338 [aurora.presentation.buildsession] [CONFIG] building view: <dataSet> -> aurora.presentation.TemplateBasedView@3dda489e
2018-10-15 08:15:24.338 [aurora.presentation.buildsession] [CONFIG] building view: <dataSet> -> aurora.presentation.TemplateBasedView@3dda489e
2018-10-15 08:15:24.338 [aurora.presentation.buildsession] [CONFIG] building view: <dataSet> -> aurora.presentation.TemplateBasedView@3dda489e
2018-10-15 08:15:24.338 [aurora.presentation.buildsession] [CONFIG] building view: <dataSet> -> aurora.presentation.TemplateBasedView@3dda489e
2018-10-15 08:15:24.338 [aurora.presentation.buildsession] [CONFIG] building view: <dataSet> -> aurora.presentation.TemplateBasedView@3dda489e
2018-10-15 08:15:24.338 [aurora.presentation.buildsession] [CONFIG] building view: <dataSet> -> aurora.presentation.TemplateBasedView@3dda489e
2018-10-15 08:15:24.338 [aurora.presentation.buildsession] [CONFIG] building view: <dataSet> -> aurora.presentation.TemplateBasedView@3dda489e
2018-10-15 08:15:24.343 [aurora.presentation.buildsession] [CONFIG] building view: <dataSet> -> aurora.presentation.TemplateBasedView@3dda489e
2018-10-15 08:15:24.344 [aurora.presentation.buildsession] [CONFIG] building view: <dataSet> -> aurora.presentation.TemplateBasedView@3dda489e
2018-10-15 08:15:24.344 [aurora.presentation.buildsession] [CONFIG] building view: <screenBody> -> aurora.presentation.component.std.ScreenBody@79b5d787
2018-10-15 08:15:24.344 [aurora.presentation.buildsession] [CONFIG] building view: <screenTopToolbar> -> aurora.presentation.component.std.ScreenTopToolbar@26a1cfb8
2018-10-15 08:15:24.344 [aurora.presentation.buildsession] [CONFIG] building view: <screenTitle> -> aurora.presentation.component.std.ScreenTitle@752e9c27
2018-10-15 08:15:24.348 [uncertain.proc] [CONFIG] [action] DecideSqlGenerationMode
2018-10-15 08:15:24.348 [uncertain.proc] [FINE] aurora.database.service.BusinessModelService.onDecideSqlGenerationMode
2018-10-15 08:15:24.348 [uncertain.proc] [CONFIG] [action] CreatequeryStatement
2018-10-15 08:15:24.348 [uncertain.proc] [FINE] aurora.bm.QuerySqlCreator.onCreateQueryStatement
2018-10-15 08:15:24.348 [uncertain.proc] [CONFIG] [action] PopulatequeryStatement
2018-10-15 08:15:24.348 [uncertain.proc] [FINE] aurora.database.features.OrderByClauseCreator.onPopulateQueryStatement
2018-10-15 08:15:24.348 [uncertain.proc] [FINE] aurora.database.features.WhereClauseCreator.onPopulateQueryStatement
2018-10-15 08:15:24.348 [uncertain.proc] [CONFIG] [action] CreatequerySql
2018-10-15 08:15:24.348 [uncertain.proc] [FINE] aurora.bm.QuerySqlCreator.onCreateQuerySql
2018-10-15 08:15:24.348 [uncertain.proc] [CONFIG] [action] ExecuteQuery
2018-10-15 08:15:24.348 [uncertain.proc] [FINE] aurora.bm.QuerySqlCreator.onExecuteQuery
2018-10-15 08:15:24.349 [uncertain.proc] [CONFIG] [action] QueryFinish
2018-10-15 08:15:24.349 [uncertain.proc] [FINE] aurora.database.features.AutoQueryCounter.onQueryFinish
2018-10-15 08:15:24.349 [uncertain.proc] [CONFIG] [action] FetchResultSet
2018-10-15 08:15:24.349 [uncertain.proc] [FINE] aurora.database.features.CacheBasedLookUpField.postFetchResultSet
2018-10-15 08:15:24.349 [aurora.database] [CONFIG] 
============= BEGIN [query] SQL Statement execution dump ============
SELECT f.service_id,f.service_name,f.is_entry_page,f.is_access_checked,f.is_login_required,f.is_system_access,? AS language,(select d.description_text from fnd_descriptions d where d.description_id = f.title_id and d.language = ?) AS title,f.title_id,f.weixin_flag
FROM sys_service f
WHERE f.service_name = ?
ORDER BY service_name
---------------------Binding info---------------------
No.1	Access path:/session/@lang	Data type of passed value :java.lang.String	Value:ZHS	Output:false	Database Type:null	
No.2	Access path:/session/@lang	Data type of passed value :java.lang.String	Value:ZHS	Output:false	Database Type:null	
No.3	Access path:@service_name	Data type of passed value :java.lang.String	Value:modules/expm/EXP3110/exp_report_query_finance.screen	Output:false	Database Type:null	

=============== END [query] SQL Statement execution dump ============

2018-10-15 08:15:24.349 [aurora.presentation.buildsession] [CONFIG] building view: <toolbarButton> -> aurora.presentation.TemplateBasedView@3dda489e
2018-10-15 08:15:24.350 [aurora.presentation.buildsession] [CONFIG] building view: <toolbarButton> -> aurora.presentation.TemplateBasedView@3dda489e
2018-10-15 08:15:24.350 [aurora.presentation.buildsession] [CONFIG] building view: <gridButton> -> aurora.presentation.TemplateBasedView@3dda489e
2018-10-15 08:15:24.350 [aurora.presentation.buildsession] [CONFIG] building view: <toolbarButton> -> aurora.presentation.TemplateBasedView@3dda489e
2018-10-15 08:15:24.350 [aurora.presentation.buildsession] [CONFIG] building view: <toolbarButton> -> aurora.presentation.TemplateBasedView@3dda489e
2018-10-15 08:15:25.401 [aurora.presentation.buildsession] [CONFIG] building view: <queryForm> -> aurora.presentation.component.std.QueryForm@3d5d6a33
2018-10-15 08:15:25.402 [aurora.presentation.buildsession] [CONFIG] building view: <hBox> -> aurora.presentation.component.std.HBox@3d11b432
2018-10-15 08:15:25.402 [aurora.presentation.buildsession] [CONFIG] building view: <textField> -> aurora.presentation.TemplateBasedView@3dda489e
2018-10-15 08:15:25.402 [aurora.presentation.buildsession] [CONFIG] building view: <lov> -> aurora.presentation.TemplateBasedView@3dda489e
2018-10-15 08:15:25.402 [aurora.presentation.buildsession] [CONFIG] building view: <lov> -> aurora.presentation.TemplateBasedView@3dda489e
2018-10-15 08:15:25.402 [aurora.presentation.buildsession] [CONFIG] building view: <comboBox> -> aurora.presentation.TemplateBasedView@3dda489e
2018-10-15 08:15:25.403 [aurora.presentation.buildsession] [CONFIG] building view: <toolbarButton> -> aurora.presentation.TemplateBasedView@3dda489e
2018-10-15 08:15:25.403 [aurora.presentation.buildsession] [CONFIG] building view: <toolbarButton> -> aurora.presentation.TemplateBasedView@3dda489e
2018-10-15 08:15:25.403 [aurora.presentation.buildsession] [CONFIG] building view: <box> -> aurora.presentation.component.std.Box@34f43767
2018-10-15 08:15:25.403 [aurora.presentation.buildsession] [CONFIG] building view: <hBox> -> aurora.presentation.component.std.HBox@223667ea
2018-10-15 08:15:25.403 [aurora.presentation.buildsession] [CONFIG] building view: <lov> -> aurora.presentation.TemplateBasedView@3dda489e
2018-10-15 08:15:25.403 [aurora.presentation.buildsession] [CONFIG] building view: <lov> -> aurora.presentation.TemplateBasedView@3dda489e
2018-10-15 08:15:25.403 [aurora.presentation.buildsession] [CONFIG] building view: <datePicker> -> aurora.presentation.TemplateBasedView@3dda489e
2018-10-15 08:15:25.404 [aurora.presentation.buildsession] [CONFIG] building view: <datePicker> -> aurora.presentation.TemplateBasedView@3dda489e
2018-10-15 08:15:25.404 [aurora.presentation.buildsession] [CONFIG] building view: <events> -> aurora.presentation.DefaultViewBuilder@35f5c5a3
2018-10-15 08:15:25.404 [aurora.presentation.buildsession] [CONFIG] building view: <event> -> aurora.presentation.DefaultViewBuilder@35f5c5a3
2018-10-15 08:15:25.404 [aurora.presentation.buildsession] [CONFIG] building view: <hBox> -> aurora.presentation.component.std.HBox@356fdfce
2018-10-15 08:15:25.404 [aurora.presentation.buildsession] [CONFIG] building view: <lov> -> aurora.presentation.TemplateBasedView@3dda489e
2018-10-15 08:15:25.404 [aurora.presentation.buildsession] [CONFIG] building view: <comboBox> -> aurora.presentation.TemplateBasedView@3dda489e
2018-10-15 08:15:25.404 [aurora.presentation.buildsession] [CONFIG] building view: <numberField> -> aurora.presentation.TemplateBasedView@3dda489e
2018-10-15 08:15:25.404 [aurora.presentation.buildsession] [CONFIG] building view: <numberField> -> aurora.presentation.TemplateBasedView@3dda489e
2018-10-15 08:15:25.404 [aurora.presentation.buildsession] [CONFIG] building view: <events> -> aurora.presentation.DefaultViewBuilder@35f5c5a3
2018-10-15 08:15:25.404 [aurora.presentation.buildsession] [CONFIG] building view: <event> -> aurora.presentation.DefaultViewBuilder@35f5c5a3
2018-10-15 08:15:25.404 [aurora.presentation.buildsession] [CONFIG] building view: <hBox> -> aurora.presentation.component.std.HBox@1642c56c
2018-10-15 08:15:25.405 [aurora.presentation.buildsession] [CONFIG] building view: <comboBox> -> aurora.presentation.TemplateBasedView@3dda489e
2018-10-15 08:15:25.405 [aurora.presentation.buildsession] [CONFIG] building view: <textField> -> aurora.presentation.TemplateBasedView@3dda489e
2018-10-15 08:15:25.405 [aurora.presentation.buildsession] [CONFIG] building view: <checkBox> -> aurora.presentation.TemplateBasedView@3dda489e
2018-10-15 08:15:25.405 [aurora.presentation.buildsession] [CONFIG] building view: <comboBox> -> aurora.presentation.TemplateBasedView@3dda489e
2018-10-15 08:15:25.405 [aurora.presentation.buildsession] [CONFIG] building view: <events> -> aurora.presentation.DefaultViewBuilder@35f5c5a3
2018-10-15 08:15:25.405 [aurora.presentation.buildsession] [CONFIG] building view: <event> -> aurora.presentation.DefaultViewBuilder@35f5c5a3
2018-10-15 08:15:25.526 [aurora.presentation.buildsession] [CONFIG] building view: <hBox> -> aurora.presentation.component.std.HBox@1280b972
2018-10-15 08:15:25.526 [aurora.presentation.buildsession] [CONFIG] building view: <datePicker> -> aurora.presentation.TemplateBasedView@3dda489e
2018-10-15 08:15:25.526 [aurora.presentation.buildsession] [CONFIG] building view: <datePicker> -> aurora.presentation.TemplateBasedView@3dda489e
2018-10-15 08:15:25.527 [aurora.presentation.buildsession] [CONFIG] building view: <events> -> aurora.presentation.DefaultViewBuilder@35f5c5a3
2018-10-15 08:15:25.527 [aurora.presentation.buildsession] [CONFIG] building view: <event> -> aurora.presentation.DefaultViewBuilder@35f5c5a3
2018-10-15 08:15:25.527 [aurora.presentation.buildsession] [CONFIG] building view: <grid> -> aurora.presentation.TemplateBasedView@3dda489e
2018-10-15 08:15:25.527 [aurora.presentation.buildsession] [CONFIG] building view: <navBar> -> aurora.presentation.TemplateBasedView@3dda489e
2018-10-15 08:15:25.528 [aurora.presentation.buildsession] [CONFIG] building view: <button> -> aurora.presentation.TemplateBasedView@3dda489e
2018-10-15 08:15:25.528 [aurora.presentation.buildsession] [CONFIG] building view: <button> -> aurora.presentation.TemplateBasedView@3dda489e
2018-10-15 08:15:25.528 [aurora.presentation.buildsession] [CONFIG] building view: <separator> -> aurora.presentation.TemplateBasedView@3dda489e
2018-10-15 08:15:25.528 [aurora.presentation.buildsession] [CONFIG] building view: <div> -> aurora.presentation.DefaultViewBuilder@35f5c5a3
2018-10-15 08:15:25.529 [aurora.presentation.buildsession] [CONFIG] building view: <numberField> -> aurora.presentation.TemplateBasedView@3dda489e
2018-10-15 08:15:25.529 [aurora.presentation.buildsession] [CONFIG] building view: <div> -> aurora.presentation.DefaultViewBuilder@35f5c5a3
2018-10-15 08:15:25.529 [aurora.presentation.buildsession] [CONFIG] building view: <separator> -> aurora.presentation.TemplateBasedView@3dda489e
2018-10-15 08:15:25.529 [aurora.presentation.buildsession] [CONFIG] building view: <button> -> aurora.presentation.TemplateBasedView@3dda489e
2018-10-15 08:15:25.529 [aurora.presentation.buildsession] [CONFIG] building view: <button> -> aurora.presentation.TemplateBasedView@3dda489e
2018-10-15 08:15:25.529 [aurora.presentation.buildsession] [CONFIG] building view: <button> -> aurora.presentation.TemplateBasedView@3dda489e
2018-10-15 08:15:25.529 [aurora.presentation.buildsession] [CONFIG] building view: <separator> -> aurora.presentation.TemplateBasedView@3dda489e
2018-10-15 08:15:25.529 [aurora.presentation.buildsession] [CONFIG] building view: <div> -> aurora.presentation.DefaultViewBuilder@35f5c5a3
2018-10-15 08:15:25.529 [aurora.presentation.buildsession] [CONFIG] building view: <comboBox> -> aurora.presentation.TemplateBasedView@3dda489e
2018-10-15 08:15:25.530 [aurora.presentation.buildsession] [CONFIG] building view: <div> -> aurora.presentation.DefaultViewBuilder@35f5c5a3
2018-10-15 08:15:25.530 [aurora.presentation.buildsession] [CONFIG] building view: <separator> -> aurora.presentation.TemplateBasedView@3dda489e
2018-10-15 08:15:25.530 [aurora.presentation.buildsession] [CONFIG] building view: <div> -> aurora.presentation.DefaultViewBuilder@35f5c5a3
2018-10-15 08:15:25.531 [aurora.presentation.buildsession] [CONFIG] building view: <grid> -> aurora.presentation.TemplateBasedView@3dda489e
2018-10-15 08:15:25.531 [aurora.presentation.buildsession] [CONFIG] building view: <navBar> -> aurora.presentation.TemplateBasedView@3dda489e
2018-10-15 08:15:25.532 [aurora.presentation.buildsession] [CONFIG] building view: <button> -> aurora.presentation.TemplateBasedView@3dda489e
2018-10-15 08:15:25.532 [aurora.presentation.buildsession] [CONFIG] building view: <button> -> aurora.presentation.TemplateBasedView@3dda489e
2018-10-15 08:15:25.532 [aurora.presentation.buildsession] [CONFIG] building view: <separator> -> aurora.presentation.TemplateBasedView@3dda489e
2018-10-15 08:15:25.532 [aurora.presentation.buildsession] [CONFIG] building view: <div> -> aurora.presentation.DefaultViewBuilder@35f5c5a3
2018-10-15 08:15:25.532 [aurora.presentation.buildsession] [CONFIG] building view: <numberField> -> aurora.presentation.TemplateBasedView@3dda489e
2018-10-15 08:15:25.533 [aurora.presentation.buildsession] [CONFIG] building view: <div> -> aurora.presentation.DefaultViewBuilder@35f5c5a3
2018-10-15 08:15:25.533 [aurora.presentation.buildsession] [CONFIG] building view: <separator> -> aurora.presentation.TemplateBasedView@3dda489e
2018-10-15 08:15:25.533 [aurora.presentation.buildsession] [CONFIG] building view: <button> -> aurora.presentation.TemplateBasedView@3dda489e
2018-10-15 08:15:25.533 [aurora.presentation.buildsession] [CONFIG] building view: <button> -> aurora.presentation.TemplateBasedView@3dda489e
2018-10-15 08:15:25.533 [aurora.presentation.buildsession] [CONFIG] building view: <button> -> aurora.presentation.TemplateBasedView@3dda489e
2018-10-15 08:15:25.533 [aurora.presentation.buildsession] [CONFIG] building view: <separator> -> aurora.presentation.TemplateBasedView@3dda489e
2018-10-15 08:15:25.533 [aurora.presentation.buildsession] [CONFIG] building view: <div> -> aurora.presentation.DefaultViewBuilder@35f5c5a3
2018-10-15 08:15:25.533 [aurora.presentation.buildsession] [CONFIG] building view: <comboBox> -> aurora.presentation.TemplateBasedView@3dda489e
2018-10-15 08:15:25.533 [aurora.presentation.buildsession] [CONFIG] building view: <div> -> aurora.presentation.DefaultViewBuilder@35f5c5a3
2018-10-15 08:15:25.533 [aurora.presentation.buildsession] [CONFIG] building view: <separator> -> aurora.presentation.TemplateBasedView@3dda489e
2018-10-15 08:15:25.533 [aurora.presentation.buildsession] [CONFIG] building view: <div> -> aurora.presentation.DefaultViewBuilder@35f5c5a3
2018-10-15 08:15:25.593 [aurora.presentation.buildsession] [CONFIG] End build session
