2018-10-17 09:59:47.672 [aurora.application.session_check] [CONFIG] Session data copied to context
2018-10-17 09:59:47.672 [aurora.application.session_check] [CONFIG] Access check result for modules/bgt/BGT3010/bgt_budget_balance_budget_insert_control.svc => success
2018-10-17 09:59:47.672 [uncertain.proc] [CONFIG] [action] AccessCheck
2018-10-17 09:59:47.675 [uncertain.proc] [CONFIG] [action] CheckServiceLock
2018-10-17 09:59:47.675 [uncertain.proc] [CONFIG] [action] ParseParameter
2018-10-17 09:59:47.675 [uncertain.proc] [CONFIG] [action] ValidateInput
2018-10-17 09:59:47.675 [uncertain.proc] [CONFIG] [action] InvokeService
2018-10-17 09:59:47.678 [uncertain.proc] [CONFIG] [action] DecideStatement
2018-10-17 09:59:47.680 [uncertain.proc] [CONFIG] [action] DecideSqlGenerationMode
2018-10-17 09:59:47.680 [uncertain.proc] [FINE] aurora.database.service.BusinessModelService.onDecideSqlGenerationMode
2018-10-17 09:59:47.680 [uncertain.proc] [CONFIG] [action] CreateOperationSql
2018-10-17 09:59:47.680 [uncertain.proc] [CONFIG] [action] PopulateOperationSql
2018-10-17 09:59:47.680 [uncertain.proc] [FINE] aurora.database.features.OrderByClauseCreator.onPopulateOperationSql
2018-10-17 09:59:47.680 [uncertain.proc] [FINE] aurora.database.features.WhereClauseCreator.onPopulateOperationSql
2018-10-17 09:59:47.680 [uncertain.proc] [CONFIG] [action] CreateSqlRunner
2018-10-17 09:59:47.680 [uncertain.proc] [FINE] aurora.database.service.BusinessModelService.onCreateSqlRunner
2018-10-17 09:59:47.680 [uncertain.proc] [CONFIG] [action] ExecuteDmlStatement
2018-10-17 09:59:47.680 [uncertain.proc] [FINE] aurora.database.service.BusinessModelService.onExecuteDmlStatement
2018-10-17 09:59:47.681 [aurora.database] [CONFIG] 
============= BEGIN [Delete] SQL Statement execution dump ============

                begin
                    BGT_BALANCE_QUERY_PKG.DELETE_BALANCE_QUREY_CONDS_TMP
                    (
                        p_session_id=>?
                    );
                end;
---------------------Binding info---------------------
No.1	Access path:/session/@session_id	Data type of passed value :java.lang.Long	Value:55483	Output:false	Database Type:null	

=============== END [Delete] SQL Statement execution dump ============

2018-10-17 09:59:47.681 [aurora.database] [CONFIG] Running batch-apply with data from path /parameter/details, total 13 records
2018-10-17 09:59:47.681 [aurora.database] [CONFIG] Executing batch-apply on parameter No.0
2018-10-17 09:59:47.683 [uncertain.proc] [CONFIG] [action] DecideStatement
2018-10-17 09:59:47.684 [uncertain.proc] [CONFIG] [action] DecideSqlGenerationMode
2018-10-17 09:59:47.684 [uncertain.proc] [FINE] aurora.database.service.BusinessModelService.onDecideSqlGenerationMode
2018-10-17 09:59:47.684 [uncertain.proc] [CONFIG] [action] CreateOperationSql
2018-10-17 09:59:47.684 [uncertain.proc] [CONFIG] [action] PopulateOperationSql
2018-10-17 09:59:47.684 [uncertain.proc] [FINE] aurora.database.features.OrderByClauseCreator.onPopulateOperationSql
2018-10-17 09:59:47.684 [uncertain.proc] [FINE] aurora.database.features.WhereClauseCreator.onPopulateOperationSql
2018-10-17 09:59:47.684 [uncertain.proc] [CONFIG] [action] CreateSqlRunner
2018-10-17 09:59:47.684 [uncertain.proc] [FINE] aurora.database.service.BusinessModelService.onCreateSqlRunner
2018-10-17 09:59:47.684 [uncertain.proc] [CONFIG] [action] ExecuteDmlStatement
2018-10-17 09:59:47.684 [uncertain.proc] [FINE] aurora.database.service.BusinessModelService.onExecuteDmlStatement
2018-10-17 09:59:47.685 [aurora.database] [CONFIG] 
============= BEGIN [Insert] SQL Statement execution dump ============

                begin
                    BGT_BALANCE_QUERY_PKG.INSERT_BALANCE_QUREY_CONDS_TMP
                    (
                        p_session_id=>?,
                        p_parameter=>?,
                        p_id=>null,
                        p_code=>?,
                        p_control_rule_range=>?,
                        p_parameter_lower_limit=>?,
                        p_parameter_upper_limit=>?,
                        p_user_id=>?
                    );
                end;
---------------------Binding info---------------------
No.1	Access path:/session/@session_id	Data type of passed value :java.lang.Long	Value:55483	Output:false	Database Type:null	
No.2	Access path:@parameter_code	Data type of passed value :java.lang.String	Value:COMPANY	Output:false	Database Type:null	
No.3	Access path:@position_code	Data type of passed value :java.lang.String	Value:8600000000	Output:false	Database Type:null	
No.4	Access path:@control_rule_range	Data type of passed value :java.lang.String	Value:ALL	Output:false	Database Type:null	
No.5	Access path:@position_code_from	Data type of passed value :java.lang.String	Value:8600000000	Output:false	Database Type:null	
No.6	Access path:@position_code_to	Data type of passed value :java.lang.String	Value:8600000000	Output:false	Database Type:null	
No.7	Access path:/session/@user_id	Data type of passed value :java.lang.Long	Value:2242	Output:false	Database Type:null	

=============== END [Insert] SQL Statement execution dump ============

2018-10-17 09:59:47.685 [aurora.database] [CONFIG] Executing batch-apply on parameter No.1
2018-10-17 09:59:47.687 [uncertain.proc] [CONFIG] [action] DecideStatement
2018-10-17 09:59:47.688 [uncertain.proc] [CONFIG] [action] DecideSqlGenerationMode
2018-10-17 09:59:47.688 [uncertain.proc] [FINE] aurora.database.service.BusinessModelService.onDecideSqlGenerationMode
2018-10-17 09:59:47.688 [uncertain.proc] [CONFIG] [action] CreateOperationSql
2018-10-17 09:59:47.688 [uncertain.proc] [CONFIG] [action] PopulateOperationSql
2018-10-17 09:59:47.688 [uncertain.proc] [FINE] aurora.database.features.OrderByClauseCreator.onPopulateOperationSql
2018-10-17 09:59:47.688 [uncertain.proc] [FINE] aurora.database.features.WhereClauseCreator.onPopulateOperationSql
2018-10-17 09:59:47.688 [uncertain.proc] [CONFIG] [action] CreateSqlRunner
2018-10-17 09:59:47.688 [uncertain.proc] [FINE] aurora.database.service.BusinessModelService.onCreateSqlRunner
2018-10-17 09:59:47.688 [uncertain.proc] [CONFIG] [action] ExecuteDmlStatement
2018-10-17 09:59:47.688 [uncertain.proc] [FINE] aurora.database.service.BusinessModelService.onExecuteDmlStatement
2018-10-17 09:59:47.688 [aurora.database] [CONFIG] 
============= BEGIN [Insert] SQL Statement execution dump ============

                begin
                    BGT_BALANCE_QUERY_PKG.INSERT_BALANCE_QUREY_CONDS_TMP
                    (
                        p_session_id=>?,
                        p_parameter=>?,
                        p_id=>null,
                        p_code=>?,
                        p_control_rule_range=>?,
                        p_parameter_lower_limit=>?,
                        p_parameter_upper_limit=>?,
                        p_user_id=>?
                    );
                end;
---------------------Binding info---------------------
No.1	Access path:/session/@session_id	Data type of passed value :java.lang.Long	Value:55483	Output:false	Database Type:null	
No.2	Access path:@parameter_code	Data type of passed value :java.lang.String	Value:BUDGET_VERSION	Output:false	Database Type:null	
No.3	Access path:@position_code	Data type of passed value :java.lang.String	Value:TEST1017_1	Output:false	Database Type:null	
No.4	Access path:@control_rule_range	Data type of passed value :java.lang.String	Value:ALL	Output:false	Database Type:null	
No.5	Access path:@position_code_from	Data type of passed value :java.lang.String	Value:TEST1017_1	Output:false	Database Type:null	
No.6	Access path:@position_code_to	Data type of passed value :java.lang.String	Value:TEST1017_1	Output:false	Database Type:null	
No.7	Access path:/session/@user_id	Data type of passed value :java.lang.Long	Value:2242	Output:false	Database Type:null	

=============== END [Insert] SQL Statement execution dump ============

2018-10-17 09:59:47.688 [aurora.database] [CONFIG] Executing batch-apply on parameter No.2
2018-10-17 09:59:47.691 [uncertain.proc] [CONFIG] [action] DecideStatement
2018-10-17 09:59:47.692 [uncertain.proc] [CONFIG] [action] DecideSqlGenerationMode
2018-10-17 09:59:47.692 [uncertain.proc] [FINE] aurora.database.service.BusinessModelService.onDecideSqlGenerationMode
2018-10-17 09:59:47.692 [uncertain.proc] [CONFIG] [action] CreateOperationSql
2018-10-17 09:59:47.692 [uncertain.proc] [CONFIG] [action] PopulateOperationSql
2018-10-17 09:59:47.692 [uncertain.proc] [FINE] aurora.database.features.OrderByClauseCreator.onPopulateOperationSql
2018-10-17 09:59:47.692 [uncertain.proc] [FINE] aurora.database.features.WhereClauseCreator.onPopulateOperationSql
2018-10-17 09:59:47.692 [uncertain.proc] [CONFIG] [action] CreateSqlRunner
2018-10-17 09:59:47.692 [uncertain.proc] [FINE] aurora.database.service.BusinessModelService.onCreateSqlRunner
2018-10-17 09:59:47.692 [uncertain.proc] [CONFIG] [action] ExecuteDmlStatement
2018-10-17 09:59:47.692 [uncertain.proc] [FINE] aurora.database.service.BusinessModelService.onExecuteDmlStatement
2018-10-17 09:59:47.693 [aurora.database] [CONFIG] 
============= BEGIN [Insert] SQL Statement execution dump ============

                begin
                    BGT_BALANCE_QUERY_PKG.INSERT_BALANCE_QUREY_CONDS_TMP
                    (
                        p_session_id=>?,
                        p_parameter=>?,
                        p_id=>null,
                        p_code=>?,
                        p_control_rule_range=>?,
                        p_parameter_lower_limit=>?,
                        p_parameter_upper_limit=>?,
                        p_user_id=>?
                    );
                end;
---------------------Binding info---------------------
No.1	Access path:/session/@session_id	Data type of passed value :java.lang.Long	Value:55483	Output:false	Database Type:null	
No.2	Access path:@parameter_code	Data type of passed value :java.lang.String	Value:BUDGET_SCENARIO	Output:false	Database Type:null	
No.3	Access path:@position_code	Data type of passed value :java.lang.String	Value:TEST1017_1	Output:false	Database Type:null	
No.4	Access path:@control_rule_range	Data type of passed value :java.lang.String	Value:ALL	Output:false	Database Type:null	
No.5	Access path:@position_code_from	Data type of passed value :java.lang.String	Value:TEST1017_1	Output:false	Database Type:null	
No.6	Access path:@position_code_to	Data type of passed value :java.lang.String	Value:TEST1017_1	Output:false	Database Type:null	
No.7	Access path:/session/@user_id	Data type of passed value :java.lang.Long	Value:2242	Output:false	Database Type:null	

=============== END [Insert] SQL Statement execution dump ============

2018-10-17 09:59:47.693 [aurora.database] [CONFIG] Executing batch-apply on parameter No.3
2018-10-17 09:59:47.695 [uncertain.proc] [CONFIG] [action] DecideStatement
2018-10-17 09:59:47.695 [uncertain.proc] [CONFIG] [action] DecideSqlGenerationMode
2018-10-17 09:59:47.695 [uncertain.proc] [FINE] aurora.database.service.BusinessModelService.onDecideSqlGenerationMode
2018-10-17 09:59:47.696 [uncertain.proc] [CONFIG] [action] CreateOperationSql
2018-10-17 09:59:47.696 [uncertain.proc] [CONFIG] [action] PopulateOperationSql
2018-10-17 09:59:47.696 [uncertain.proc] [FINE] aurora.database.features.OrderByClauseCreator.onPopulateOperationSql
2018-10-17 09:59:47.696 [uncertain.proc] [FINE] aurora.database.features.WhereClauseCreator.onPopulateOperationSql
2018-10-17 09:59:47.696 [uncertain.proc] [CONFIG] [action] CreateSqlRunner
2018-10-17 09:59:47.696 [uncertain.proc] [FINE] aurora.database.service.BusinessModelService.onCreateSqlRunner
2018-10-17 09:59:47.696 [uncertain.proc] [CONFIG] [action] ExecuteDmlStatement
2018-10-17 09:59:47.696 [uncertain.proc] [FINE] aurora.database.service.BusinessModelService.onExecuteDmlStatement
2018-10-17 09:59:47.696 [aurora.database] [CONFIG] 
============= BEGIN [Insert] SQL Statement execution dump ============

                begin
                    BGT_BALANCE_QUERY_PKG.INSERT_BALANCE_QUREY_CONDS_TMP
                    (
                        p_session_id=>?,
                        p_parameter=>?,
                        p_id=>null,
                        p_code=>?,
                        p_control_rule_range=>?,
                        p_parameter_lower_limit=>?,
                        p_parameter_upper_limit=>?,
                        p_user_id=>?
                    );
                end;
---------------------Binding info---------------------
No.1	Access path:/session/@session_id	Data type of passed value :java.lang.Long	Value:55483	Output:false	Database Type:null	
No.2	Access path:@parameter_code	Data type of passed value :java.lang.String	Value:BUDGET_STRUCTURE	Output:false	Database Type:null	
No.3	Access path:@position_code	Data type of passed value :java.lang.String	Value:TEST1017_1	Output:false	Database Type:null	
No.4	Access path:@control_rule_range	Data type of passed value :java.lang.String	Value:ALL	Output:false	Database Type:null	
No.5	Access path:@position_code_from	Data type of passed value :java.lang.String	Value:TEST1017_1	Output:false	Database Type:null	
No.6	Access path:@position_code_to	Data type of passed value :java.lang.String	Value:TEST1017_1	Output:false	Database Type:null	
No.7	Access path:/session/@user_id	Data type of passed value :java.lang.Long	Value:2242	Output:false	Database Type:null	

=============== END [Insert] SQL Statement execution dump ============

2018-10-17 09:59:47.696 [aurora.database] [CONFIG] Executing batch-apply on parameter No.4
2018-10-17 09:59:47.698 [uncertain.proc] [CONFIG] [action] DecideStatement
2018-10-17 09:59:47.698 [uncertain.proc] [CONFIG] [action] DecideSqlGenerationMode
2018-10-17 09:59:47.698 [uncertain.proc] [FINE] aurora.database.service.BusinessModelService.onDecideSqlGenerationMode
2018-10-17 09:59:47.698 [uncertain.proc] [CONFIG] [action] CreateOperationSql
2018-10-17 09:59:47.698 [uncertain.proc] [CONFIG] [action] PopulateOperationSql
2018-10-17 09:59:47.698 [uncertain.proc] [FINE] aurora.database.features.OrderByClauseCreator.onPopulateOperationSql
2018-10-17 09:59:47.698 [uncertain.proc] [FINE] aurora.database.features.WhereClauseCreator.onPopulateOperationSql
2018-10-17 09:59:47.699 [uncertain.proc] [CONFIG] [action] CreateSqlRunner
2018-10-17 09:59:47.699 [uncertain.proc] [FINE] aurora.database.service.BusinessModelService.onCreateSqlRunner
2018-10-17 09:59:47.699 [uncertain.proc] [CONFIG] [action] ExecuteDmlStatement
2018-10-17 09:59:47.699 [uncertain.proc] [FINE] aurora.database.service.BusinessModelService.onExecuteDmlStatement
2018-10-17 09:59:47.699 [aurora.database] [CONFIG] 
============= BEGIN [Insert] SQL Statement execution dump ============

                begin
                    BGT_BALANCE_QUERY_PKG.INSERT_BALANCE_QUREY_CONDS_TMP
                    (
                        p_session_id=>?,
                        p_parameter=>?,
                        p_id=>null,
                        p_code=>?,
                        p_control_rule_range=>?,
                        p_parameter_lower_limit=>?,
                        p_parameter_upper_limit=>?,
                        p_user_id=>?
                    );
                end;
---------------------Binding info---------------------
No.1	Access path:/session/@session_id	Data type of passed value :java.lang.Long	Value:55483	Output:false	Database Type:null	
No.2	Access path:@parameter_code	Data type of passed value :java.lang.String	Value:PERIOD	Output:false	Database Type:null	
No.3	Access path:@position_code	Data type of passed value :java.lang.String	Value:	Output:false	Database Type:null	
No.4	Access path:@control_rule_range	Data type of passed value :java.lang.String	Value:ALL	Output:false	Database Type:null	
No.5	Access path:@position_code_from	Data type of passed value :java.lang.String	Value:2018-01	Output:false	Database Type:null	
No.6	Access path:@position_code_to	Data type of passed value :java.lang.String	Value:2018-12	Output:false	Database Type:null	
No.7	Access path:/session/@user_id	Data type of passed value :java.lang.Long	Value:2242	Output:false	Database Type:null	

=============== END [Insert] SQL Statement execution dump ============

2018-10-17 09:59:47.699 [aurora.database] [CONFIG] Executing batch-apply on parameter No.5
2018-10-17 09:59:47.701 [uncertain.proc] [CONFIG] [action] DecideStatement
2018-10-17 09:59:47.702 [uncertain.proc] [CONFIG] [action] DecideSqlGenerationMode
2018-10-17 09:59:47.702 [uncertain.proc] [FINE] aurora.database.service.BusinessModelService.onDecideSqlGenerationMode
2018-10-17 09:59:47.702 [uncertain.proc] [CONFIG] [action] CreateOperationSql
2018-10-17 09:59:47.702 [uncertain.proc] [CONFIG] [action] PopulateOperationSql
2018-10-17 09:59:47.702 [uncertain.proc] [FINE] aurora.database.features.OrderByClauseCreator.onPopulateOperationSql
2018-10-17 09:59:47.702 [uncertain.proc] [FINE] aurora.database.features.WhereClauseCreator.onPopulateOperationSql
2018-10-17 09:59:47.702 [uncertain.proc] [CONFIG] [action] CreateSqlRunner
2018-10-17 09:59:47.702 [uncertain.proc] [FINE] aurora.database.service.BusinessModelService.onCreateSqlRunner
2018-10-17 09:59:47.702 [uncertain.proc] [CONFIG] [action] ExecuteDmlStatement
2018-10-17 09:59:47.702 [uncertain.proc] [FINE] aurora.database.service.BusinessModelService.onExecuteDmlStatement
2018-10-17 09:59:47.702 [aurora.database] [CONFIG] 
============= BEGIN [Insert] SQL Statement execution dump ============

                begin
                    BGT_BALANCE_QUERY_PKG.INSERT_BALANCE_QUREY_CONDS_TMP
                    (
                        p_session_id=>?,
                        p_parameter=>?,
                        p_id=>null,
                        p_code=>?,
                        p_control_rule_range=>?,
                        p_parameter_lower_limit=>?,
                        p_parameter_upper_limit=>?,
                        p_user_id=>?
                    );
                end;
---------------------Binding info---------------------
No.1	Access path:/session/@session_id	Data type of passed value :java.lang.Long	Value:55483	Output:false	Database Type:null	
No.2	Access path:@parameter_code	Data type of passed value :java.lang.String	Value:PERIOD_QUARTER	Output:false	Database Type:null	
No.3	Access path:@position_code	Data type of passed value :java.lang.String	Value:	Output:false	Database Type:null	
No.4	Access path:@control_rule_range	Data type of passed value :java.lang.String	Value:ALL	Output:false	Database Type:null	
No.5	Access path:@position_code_from	Data type of passed value :[null]	Value:null	Output:false	Database Type:null	
No.6	Access path:@position_code_to	Data type of passed value :[null]	Value:null	Output:false	Database Type:null	
No.7	Access path:/session/@user_id	Data type of passed value :java.lang.Long	Value:2242	Output:false	Database Type:null	

=============== END [Insert] SQL Statement execution dump ============

2018-10-17 09:59:47.702 [aurora.database] [CONFIG] Executing batch-apply on parameter No.6
2018-10-17 09:59:47.704 [uncertain.proc] [CONFIG] [action] DecideStatement
2018-10-17 09:59:47.705 [uncertain.proc] [CONFIG] [action] DecideSqlGenerationMode
2018-10-17 09:59:47.705 [uncertain.proc] [FINE] aurora.database.service.BusinessModelService.onDecideSqlGenerationMode
2018-10-17 09:59:47.705 [uncertain.proc] [CONFIG] [action] CreateOperationSql
2018-10-17 09:59:47.705 [uncertain.proc] [CONFIG] [action] PopulateOperationSql
2018-10-17 09:59:47.705 [uncertain.proc] [FINE] aurora.database.features.OrderByClauseCreator.onPopulateOperationSql
2018-10-17 09:59:47.705 [uncertain.proc] [FINE] aurora.database.features.WhereClauseCreator.onPopulateOperationSql
2018-10-17 09:59:47.705 [uncertain.proc] [CONFIG] [action] CreateSqlRunner
2018-10-17 09:59:47.705 [uncertain.proc] [FINE] aurora.database.service.BusinessModelService.onCreateSqlRunner
2018-10-17 09:59:47.705 [uncertain.proc] [CONFIG] [action] ExecuteDmlStatement
2018-10-17 09:59:47.705 [uncertain.proc] [FINE] aurora.database.service.BusinessModelService.onExecuteDmlStatement
2018-10-17 09:59:47.705 [aurora.database] [CONFIG] 
============= BEGIN [Insert] SQL Statement execution dump ============

                begin
                    BGT_BALANCE_QUERY_PKG.INSERT_BALANCE_QUREY_CONDS_TMP
                    (
                        p_session_id=>?,
                        p_parameter=>?,
                        p_id=>null,
                        p_code=>?,
                        p_control_rule_range=>?,
                        p_parameter_lower_limit=>?,
                        p_parameter_upper_limit=>?,
                        p_user_id=>?
                    );
                end;
---------------------Binding info---------------------
No.1	Access path:/session/@session_id	Data type of passed value :java.lang.Long	Value:55483	Output:false	Database Type:null	
No.2	Access path:@parameter_code	Data type of passed value :java.lang.String	Value:PERIOD_YEAR	Output:false	Database Type:null	
No.3	Access path:@position_code	Data type of passed value :java.lang.String	Value:	Output:false	Database Type:null	
No.4	Access path:@control_rule_range	Data type of passed value :java.lang.String	Value:ALL	Output:false	Database Type:null	
No.5	Access path:@position_code_from	Data type of passed value :[null]	Value:null	Output:false	Database Type:null	
No.6	Access path:@position_code_to	Data type of passed value :[null]	Value:null	Output:false	Database Type:null	
No.7	Access path:/session/@user_id	Data type of passed value :java.lang.Long	Value:2242	Output:false	Database Type:null	

=============== END [Insert] SQL Statement execution dump ============

2018-10-17 09:59:47.705 [aurora.database] [CONFIG] Executing batch-apply on parameter No.7
2018-10-17 09:59:47.707 [uncertain.proc] [CONFIG] [action] DecideStatement
2018-10-17 09:59:47.708 [uncertain.proc] [CONFIG] [action] DecideSqlGenerationMode
2018-10-17 09:59:47.708 [uncertain.proc] [FINE] aurora.database.service.BusinessModelService.onDecideSqlGenerationMode
2018-10-17 09:59:47.708 [uncertain.proc] [CONFIG] [action] CreateOperationSql
2018-10-17 09:59:47.708 [uncertain.proc] [CONFIG] [action] PopulateOperationSql
2018-10-17 09:59:47.708 [uncertain.proc] [FINE] aurora.database.features.OrderByClauseCreator.onPopulateOperationSql
2018-10-17 09:59:47.708 [uncertain.proc] [FINE] aurora.database.features.WhereClauseCreator.onPopulateOperationSql
2018-10-17 09:59:47.708 [uncertain.proc] [CONFIG] [action] CreateSqlRunner
2018-10-17 09:59:47.708 [uncertain.proc] [FINE] aurora.database.service.BusinessModelService.onCreateSqlRunner
2018-10-17 09:59:47.708 [uncertain.proc] [CONFIG] [action] ExecuteDmlStatement
2018-10-17 09:59:47.708 [uncertain.proc] [FINE] aurora.database.service.BusinessModelService.onExecuteDmlStatement
2018-10-17 09:59:47.709 [aurora.database] [CONFIG] 
============= BEGIN [Insert] SQL Statement execution dump ============

                begin
                    BGT_BALANCE_QUERY_PKG.INSERT_BALANCE_QUREY_CONDS_TMP
                    (
                        p_session_id=>?,
                        p_parameter=>?,
                        p_id=>null,
                        p_code=>?,
                        p_control_rule_range=>?,
                        p_parameter_lower_limit=>?,
                        p_parameter_upper_limit=>?,
                        p_user_id=>?
                    );
                end;
---------------------Binding info---------------------
No.1	Access path:/session/@session_id	Data type of passed value :java.lang.Long	Value:55483	Output:false	Database Type:null	
No.2	Access path:@parameter_code	Data type of passed value :java.lang.String	Value:BUDGET_ITEM	Output:false	Database Type:null	
No.3	Access path:@position_code	Data type of passed value :[null]	Value:null	Output:false	Database Type:null	
No.4	Access path:@control_rule_range	Data type of passed value :java.lang.String	Value:ALL	Output:false	Database Type:null	
No.5	Access path:@position_code_from	Data type of passed value :java.lang.String	Value:	Output:false	Database Type:null	
No.6	Access path:@position_code_to	Data type of passed value :java.lang.String	Value:	Output:false	Database Type:null	
No.7	Access path:/session/@user_id	Data type of passed value :java.lang.Long	Value:2242	Output:false	Database Type:null	

=============== END [Insert] SQL Statement execution dump ============

2018-10-17 09:59:47.709 [aurora.database] [CONFIG] Executing batch-apply on parameter No.8
2018-10-17 09:59:47.710 [uncertain.proc] [CONFIG] [action] DecideStatement
2018-10-17 09:59:47.711 [uncertain.proc] [CONFIG] [action] DecideSqlGenerationMode
2018-10-17 09:59:47.711 [uncertain.proc] [FINE] aurora.database.service.BusinessModelService.onDecideSqlGenerationMode
2018-10-17 09:59:47.711 [uncertain.proc] [CONFIG] [action] CreateOperationSql
2018-10-17 09:59:47.711 [uncertain.proc] [CONFIG] [action] PopulateOperationSql
2018-10-17 09:59:47.711 [uncertain.proc] [FINE] aurora.database.features.OrderByClauseCreator.onPopulateOperationSql
2018-10-17 09:59:47.711 [uncertain.proc] [FINE] aurora.database.features.WhereClauseCreator.onPopulateOperationSql
2018-10-17 09:59:47.711 [uncertain.proc] [CONFIG] [action] CreateSqlRunner
2018-10-17 09:59:47.711 [uncertain.proc] [FINE] aurora.database.service.BusinessModelService.onCreateSqlRunner
2018-10-17 09:59:47.711 [uncertain.proc] [CONFIG] [action] ExecuteDmlStatement
2018-10-17 09:59:47.711 [uncertain.proc] [FINE] aurora.database.service.BusinessModelService.onExecuteDmlStatement
2018-10-17 09:59:47.712 [aurora.database] [CONFIG] 
============= BEGIN [Insert] SQL Statement execution dump ============

                begin
                    BGT_BALANCE_QUERY_PKG.INSERT_BALANCE_QUREY_CONDS_TMP
                    (
                        p_session_id=>?,
                        p_parameter=>?,
                        p_id=>null,
                        p_code=>?,
                        p_control_rule_range=>?,
                        p_parameter_lower_limit=>?,
                        p_parameter_upper_limit=>?,
                        p_user_id=>?
                    );
                end;
---------------------Binding info---------------------
No.1	Access path:/session/@session_id	Data type of passed value :java.lang.Long	Value:55483	Output:false	Database Type:null	
No.2	Access path:@parameter_code	Data type of passed value :java.lang.String	Value:BUDGET_ITEM_TYPE	Output:false	Database Type:null	
No.3	Access path:@position_code	Data type of passed value :[null]	Value:null	Output:false	Database Type:null	
No.4	Access path:@control_rule_range	Data type of passed value :[null]	Value:null	Output:false	Database Type:null	
No.5	Access path:@position_code_from	Data type of passed value :[null]	Value:null	Output:false	Database Type:null	
No.6	Access path:@position_code_to	Data type of passed value :[null]	Value:null	Output:false	Database Type:null	
No.7	Access path:/session/@user_id	Data type of passed value :java.lang.Long	Value:2242	Output:false	Database Type:null	

=============== END [Insert] SQL Statement execution dump ============

2018-10-17 09:59:47.712 [aurora.database] [CONFIG] Executing batch-apply on parameter No.9
2018-10-17 09:59:47.713 [uncertain.proc] [CONFIG] [action] DecideStatement
2018-10-17 09:59:47.714 [uncertain.proc] [CONFIG] [action] DecideSqlGenerationMode
2018-10-17 09:59:47.714 [uncertain.proc] [FINE] aurora.database.service.BusinessModelService.onDecideSqlGenerationMode
2018-10-17 09:59:47.714 [uncertain.proc] [CONFIG] [action] CreateOperationSql
2018-10-17 09:59:47.714 [uncertain.proc] [CONFIG] [action] PopulateOperationSql
2018-10-17 09:59:47.714 [uncertain.proc] [FINE] aurora.database.features.OrderByClauseCreator.onPopulateOperationSql
2018-10-17 09:59:47.714 [uncertain.proc] [FINE] aurora.database.features.WhereClauseCreator.onPopulateOperationSql
2018-10-17 09:59:47.714 [uncertain.proc] [CONFIG] [action] CreateSqlRunner
2018-10-17 09:59:47.714 [uncertain.proc] [FINE] aurora.database.service.BusinessModelService.onCreateSqlRunner
2018-10-17 09:59:47.714 [uncertain.proc] [CONFIG] [action] ExecuteDmlStatement
2018-10-17 09:59:47.714 [uncertain.proc] [FINE] aurora.database.service.BusinessModelService.onExecuteDmlStatement
2018-10-17 09:59:47.715 [aurora.database] [CONFIG] 
============= BEGIN [Insert] SQL Statement execution dump ============

                begin
                    BGT_BALANCE_QUERY_PKG.INSERT_BALANCE_QUREY_CONDS_TMP
                    (
                        p_session_id=>?,
                        p_parameter=>?,
                        p_id=>null,
                        p_code=>?,
                        p_control_rule_range=>?,
                        p_parameter_lower_limit=>?,
                        p_parameter_upper_limit=>?,
                        p_user_id=>?
                    );
                end;
---------------------Binding info---------------------
No.1	Access path:/session/@session_id	Data type of passed value :java.lang.Long	Value:55483	Output:false	Database Type:null	
No.2	Access path:@parameter_code	Data type of passed value :java.lang.String	Value:RESPONSIBILITY_CENTER	Output:false	Database Type:null	
No.3	Access path:@position_code	Data type of passed value :[null]	Value:null	Output:false	Database Type:null	
No.4	Access path:@control_rule_range	Data type of passed value :java.lang.String	Value:ALL	Output:false	Database Type:null	
No.5	Access path:@position_code_from	Data type of passed value :java.lang.String	Value:ZB-1399	Output:false	Database Type:null	
No.6	Access path:@position_code_to	Data type of passed value :java.lang.String	Value:ZB-1399	Output:false	Database Type:null	
No.7	Access path:/session/@user_id	Data type of passed value :java.lang.Long	Value:2242	Output:false	Database Type:null	

=============== END [Insert] SQL Statement execution dump ============

2018-10-17 09:59:47.715 [aurora.database] [CONFIG] Executing batch-apply on parameter No.10
2018-10-17 09:59:47.717 [uncertain.proc] [CONFIG] [action] DecideStatement
2018-10-17 09:59:47.717 [uncertain.proc] [CONFIG] [action] DecideSqlGenerationMode
2018-10-17 09:59:47.717 [uncertain.proc] [FINE] aurora.database.service.BusinessModelService.onDecideSqlGenerationMode
2018-10-17 09:59:47.717 [uncertain.proc] [CONFIG] [action] CreateOperationSql
2018-10-17 09:59:47.717 [uncertain.proc] [CONFIG] [action] PopulateOperationSql
2018-10-17 09:59:47.717 [uncertain.proc] [FINE] aurora.database.features.OrderByClauseCreator.onPopulateOperationSql
2018-10-17 09:59:47.717 [uncertain.proc] [FINE] aurora.database.features.WhereClauseCreator.onPopulateOperationSql
2018-10-17 09:59:47.717 [uncertain.proc] [CONFIG] [action] CreateSqlRunner
2018-10-17 09:59:47.718 [uncertain.proc] [FINE] aurora.database.service.BusinessModelService.onCreateSqlRunner
2018-10-17 09:59:47.718 [uncertain.proc] [CONFIG] [action] ExecuteDmlStatement
2018-10-17 09:59:47.718 [uncertain.proc] [FINE] aurora.database.service.BusinessModelService.onExecuteDmlStatement
2018-10-17 09:59:47.718 [aurora.database] [CONFIG] 
============= BEGIN [Insert] SQL Statement execution dump ============

                begin
                    BGT_BALANCE_QUERY_PKG.INSERT_BALANCE_QUREY_CONDS_TMP
                    (
                        p_session_id=>?,
                        p_parameter=>?,
                        p_id=>null,
                        p_code=>?,
                        p_control_rule_range=>?,
                        p_parameter_lower_limit=>?,
                        p_parameter_upper_limit=>?,
                        p_user_id=>?
                    );
                end;
---------------------Binding info---------------------
No.1	Access path:/session/@session_id	Data type of passed value :java.lang.Long	Value:55483	Output:false	Database Type:null	
No.2	Access path:@parameter_code	Data type of passed value :java.lang.String	Value:TEST	Output:false	Database Type:null	
No.3	Access path:@position_code	Data type of passed value :[null]	Value:null	Output:false	Database Type:null	
No.4	Access path:@control_rule_range	Data type of passed value :[null]	Value:null	Output:false	Database Type:null	
No.5	Access path:@position_code_from	Data type of passed value :[null]	Value:null	Output:false	Database Type:null	
No.6	Access path:@position_code_to	Data type of passed value :[null]	Value:null	Output:false	Database Type:null	
No.7	Access path:/session/@user_id	Data type of passed value :java.lang.Long	Value:2242	Output:false	Database Type:null	

=============== END [Insert] SQL Statement execution dump ============

2018-10-17 09:59:47.718 [aurora.database] [CONFIG] Executing batch-apply on parameter No.11
2018-10-17 09:59:47.720 [uncertain.proc] [CONFIG] [action] DecideStatement
2018-10-17 09:59:47.721 [uncertain.proc] [CONFIG] [action] DecideSqlGenerationMode
2018-10-17 09:59:47.721 [uncertain.proc] [FINE] aurora.database.service.BusinessModelService.onDecideSqlGenerationMode
2018-10-17 09:59:47.721 [uncertain.proc] [CONFIG] [action] CreateOperationSql
2018-10-17 09:59:47.721 [uncertain.proc] [CONFIG] [action] PopulateOperationSql
2018-10-17 09:59:47.721 [uncertain.proc] [FINE] aurora.database.features.OrderByClauseCreator.onPopulateOperationSql
2018-10-17 09:59:47.721 [uncertain.proc] [FINE] aurora.database.features.WhereClauseCreator.onPopulateOperationSql
2018-10-17 09:59:47.721 [uncertain.proc] [CONFIG] [action] CreateSqlRunner
2018-10-17 09:59:47.721 [uncertain.proc] [FINE] aurora.database.service.BusinessModelService.onCreateSqlRunner
2018-10-17 09:59:47.721 [uncertain.proc] [CONFIG] [action] ExecuteDmlStatement
2018-10-17 09:59:47.721 [uncertain.proc] [FINE] aurora.database.service.BusinessModelService.onExecuteDmlStatement
2018-10-17 09:59:47.722 [aurora.database] [CONFIG] 
============= BEGIN [Insert] SQL Statement execution dump ============

                begin
                    BGT_BALANCE_QUERY_PKG.INSERT_BALANCE_QUREY_CONDS_TMP
                    (
                        p_session_id=>?,
                        p_parameter=>?,
                        p_id=>null,
                        p_code=>?,
                        p_control_rule_range=>?,
                        p_parameter_lower_limit=>?,
                        p_parameter_upper_limit=>?,
                        p_user_id=>?
                    );
                end;
---------------------Binding info---------------------
No.1	Access path:/session/@session_id	Data type of passed value :java.lang.Long	Value:55483	Output:false	Database Type:null	
No.2	Access path:@parameter_code	Data type of passed value :java.lang.String	Value:PRODUCT	Output:false	Database Type:null	
No.3	Access path:@position_code	Data type of passed value :[null]	Value:null	Output:false	Database Type:null	
No.4	Access path:@control_rule_range	Data type of passed value :[null]	Value:null	Output:false	Database Type:null	
No.5	Access path:@position_code_from	Data type of passed value :[null]	Value:null	Output:false	Database Type:null	
No.6	Access path:@position_code_to	Data type of passed value :[null]	Value:null	Output:false	Database Type:null	
No.7	Access path:/session/@user_id	Data type of passed value :java.lang.Long	Value:2242	Output:false	Database Type:null	

=============== END [Insert] SQL Statement execution dump ============

2018-10-17 09:59:47.722 [aurora.database] [CONFIG] Executing batch-apply on parameter No.12
2018-10-17 09:59:47.723 [uncertain.proc] [CONFIG] [action] DecideStatement
2018-10-17 09:59:47.724 [uncertain.proc] [CONFIG] [action] DecideSqlGenerationMode
2018-10-17 09:59:47.724 [uncertain.proc] [FINE] aurora.database.service.BusinessModelService.onDecideSqlGenerationMode
2018-10-17 09:59:47.724 [uncertain.proc] [CONFIG] [action] CreateOperationSql
2018-10-17 09:59:47.724 [uncertain.proc] [CONFIG] [action] PopulateOperationSql
2018-10-17 09:59:47.724 [uncertain.proc] [FINE] aurora.database.features.OrderByClauseCreator.onPopulateOperationSql
2018-10-17 09:59:47.724 [uncertain.proc] [FINE] aurora.database.features.WhereClauseCreator.onPopulateOperationSql
2018-10-17 09:59:47.724 [uncertain.proc] [CONFIG] [action] CreateSqlRunner
2018-10-17 09:59:47.724 [uncertain.proc] [FINE] aurora.database.service.BusinessModelService.onCreateSqlRunner
2018-10-17 09:59:47.724 [uncertain.proc] [CONFIG] [action] ExecuteDmlStatement
2018-10-17 09:59:47.725 [uncertain.proc] [FINE] aurora.database.service.BusinessModelService.onExecuteDmlStatement
2018-10-17 09:59:47.725 [aurora.database] [CONFIG] 
============= BEGIN [Insert] SQL Statement execution dump ============

                begin
                    BGT_BALANCE_QUERY_PKG.INSERT_BALANCE_QUREY_CONDS_TMP
                    (
                        p_session_id=>?,
                        p_parameter=>?,
                        p_id=>null,
                        p_code=>?,
                        p_control_rule_range=>?,
                        p_parameter_lower_limit=>?,
                        p_parameter_upper_limit=>?,
                        p_user_id=>?
                    );
                end;
---------------------Binding info---------------------
No.1	Access path:/session/@session_id	Data type of passed value :java.lang.Long	Value:55483	Output:false	Database Type:null	
No.2	Access path:@parameter_code	Data type of passed value :java.lang.String	Value:SPECIAL_BUDGET	Output:false	Database Type:null	
No.3	Access path:@position_code	Data type of passed value :[null]	Value:null	Output:false	Database Type:null	
No.4	Access path:@control_rule_range	Data type of passed value :[null]	Value:null	Output:false	Database Type:null	
No.5	Access path:@position_code_from	Data type of passed value :[null]	Value:null	Output:false	Database Type:null	
No.6	Access path:@position_code_to	Data type of passed value :[null]	Value:null	Output:false	Database Type:null	
No.7	Access path:/session/@user_id	Data type of passed value :java.lang.Long	Value:2242	Output:false	Database Type:null	

=============== END [Insert] SQL Statement execution dump ============

2018-10-17 09:59:47.727 [uncertain.proc] [CONFIG] [action] DecideStatement
2018-10-17 09:59:47.728 [uncertain.proc] [CONFIG] [action] DecideSqlGenerationMode
2018-10-17 09:59:47.728 [uncertain.proc] [FINE] aurora.database.service.BusinessModelService.onDecideSqlGenerationMode
2018-10-17 09:59:47.728 [uncertain.proc] [CONFIG] [action] CreateOperationSql
2018-10-17 09:59:47.728 [uncertain.proc] [CONFIG] [action] PopulateOperationSql
2018-10-17 09:59:47.728 [uncertain.proc] [FINE] aurora.database.features.OrderByClauseCreator.onPopulateOperationSql
2018-10-17 09:59:47.728 [uncertain.proc] [FINE] aurora.database.features.WhereClauseCreator.onPopulateOperationSql
2018-10-17 09:59:47.728 [uncertain.proc] [CONFIG] [action] CreateSqlRunner
2018-10-17 09:59:47.728 [uncertain.proc] [FINE] aurora.database.service.BusinessModelService.onCreateSqlRunner
2018-10-17 09:59:47.728 [uncertain.proc] [CONFIG] [action] ExecuteDmlStatement
2018-10-17 09:59:47.728 [uncertain.proc] [FINE] aurora.database.service.BusinessModelService.onExecuteDmlStatement
2018-10-17 09:59:47.934 [aurora.database] [CONFIG] 
============= BEGIN [Update] SQL Statement execution dump ============

                begin
                    BGT_BALANCE_QUERY_PKG.BGT_QUERY_SUMMARY
                    (
                        p_session_id=>?,
                        p_user_id=>?,
                        p_period_summary_flag=>?
                    );
                end;
---------------------Binding info---------------------
No.1	Access path:/session/@session_id	Data type of passed value :java.lang.Long	Value:55483	Output:false	Database Type:null	
No.2	Access path:/session/@user_id	Data type of passed value :java.lang.Long	Value:2242	Output:false	Database Type:null	
No.3	Access path:@period_sum	Data type of passed value :java.lang.String	Value:N	Output:false	Database Type:null	

=============== END [Update] SQL Statement execution dump ============

2018-10-17 09:59:47.935 [uncertain.proc] [CONFIG] [action] CreateSuccessResponse
