2018-10-15 09:51:32.70 [aurora.application.session_check] [CONFIG] Session data copied to context
2018-10-15 09:51:32.71 [aurora.application.session_check] [CONFIG] Access check result for modules/bgt/BGT3010/bgt_budget_balance_budget_insert_control.svc => success
2018-10-15 09:51:32.71 [uncertain.proc] [CONFIG] [action] AccessCheck
2018-10-15 09:51:32.74 [uncertain.proc] [CONFIG] [action] CheckServiceLock
2018-10-15 09:51:32.74 [uncertain.proc] [CONFIG] [action] ParseParameter
2018-10-15 09:51:32.75 [uncertain.proc] [CONFIG] [action] ValidateInput
2018-10-15 09:51:32.75 [uncertain.proc] [CONFIG] [action] InvokeService
2018-10-15 09:51:32.82 [uncertain.proc] [CONFIG] [action] DecideStatement
2018-10-15 09:51:32.84 [uncertain.proc] [CONFIG] [action] DecideSqlGenerationMode
2018-10-15 09:51:32.84 [uncertain.proc] [FINE] aurora.database.service.BusinessModelService.onDecideSqlGenerationMode
2018-10-15 09:51:32.84 [uncertain.proc] [CONFIG] [action] CreateOperationSql
2018-10-15 09:51:32.84 [uncertain.proc] [CONFIG] [action] PopulateOperationSql
2018-10-15 09:51:32.84 [uncertain.proc] [FINE] aurora.database.features.OrderByClauseCreator.onPopulateOperationSql
2018-10-15 09:51:32.84 [uncertain.proc] [FINE] aurora.database.features.WhereClauseCreator.onPopulateOperationSql
2018-10-15 09:51:32.84 [uncertain.proc] [CONFIG] [action] CreateSqlRunner
2018-10-15 09:51:32.84 [uncertain.proc] [FINE] aurora.database.service.BusinessModelService.onCreateSqlRunner
2018-10-15 09:51:32.84 [uncertain.proc] [CONFIG] [action] ExecuteDmlStatement
2018-10-15 09:51:32.84 [uncertain.proc] [FINE] aurora.database.service.BusinessModelService.onExecuteDmlStatement
2018-10-15 09:51:32.85 [aurora.database] [CONFIG] 
============= BEGIN [Delete] SQL Statement execution dump ============

                begin
                    BGT_BALANCE_QUERY_PKG.DELETE_BALANCE_QUREY_CONDS_TMP
                    (
                        p_session_id=>?
                    );
                end;
---------------------Binding info---------------------
No.1	Access path:/session/@session_id	Data type of passed value :java.lang.Long	Value:55419	Output:false	Database Type:null	

=============== END [Delete] SQL Statement execution dump ============

2018-10-15 09:51:32.85 [aurora.database] [CONFIG] Running batch-apply with data from path /parameter/details, total 13 records
2018-10-15 09:51:32.85 [aurora.database] [CONFIG] Executing batch-apply on parameter No.0
2018-10-15 09:51:32.88 [uncertain.proc] [CONFIG] [action] DecideStatement
2018-10-15 09:51:32.90 [uncertain.proc] [CONFIG] [action] DecideSqlGenerationMode
2018-10-15 09:51:32.90 [uncertain.proc] [FINE] aurora.database.service.BusinessModelService.onDecideSqlGenerationMode
2018-10-15 09:51:32.90 [uncertain.proc] [CONFIG] [action] CreateOperationSql
2018-10-15 09:51:32.90 [uncertain.proc] [CONFIG] [action] PopulateOperationSql
2018-10-15 09:51:32.90 [uncertain.proc] [FINE] aurora.database.features.OrderByClauseCreator.onPopulateOperationSql
2018-10-15 09:51:32.90 [uncertain.proc] [FINE] aurora.database.features.WhereClauseCreator.onPopulateOperationSql
2018-10-15 09:51:32.90 [uncertain.proc] [CONFIG] [action] CreateSqlRunner
2018-10-15 09:51:32.90 [uncertain.proc] [FINE] aurora.database.service.BusinessModelService.onCreateSqlRunner
2018-10-15 09:51:32.90 [uncertain.proc] [CONFIG] [action] ExecuteDmlStatement
2018-10-15 09:51:32.90 [uncertain.proc] [FINE] aurora.database.service.BusinessModelService.onExecuteDmlStatement
2018-10-15 09:51:32.91 [aurora.database] [CONFIG] 
============= BEGIN [Insert] SQL Statement execution dump ============

                begin
                    BGT_BALANCE_QUERY_PKG.INSERT_BALANCE_QUREY_CONDS_TMP
                    (
                        p_session_id=>?,
                        p_parameter=>?,
                        p_id=>null,
                        p_code=>?,
                        p_control_rule_range=>?,
                        p_parameter_lower_limit=>?,
                        p_parameter_upper_limit=>?,
                        p_user_id=>?
                    );
                end;
---------------------Binding info---------------------
No.1	Access path:/session/@session_id	Data type of passed value :java.lang.Long	Value:55419	Output:false	Database Type:null	
No.2	Access path:@parameter_code	Data type of passed value :java.lang.String	Value:COMPANY	Output:false	Database Type:null	
No.3	Access path:@position_code	Data type of passed value :java.lang.String	Value:8600000000	Output:false	Database Type:null	
No.4	Access path:@control_rule_range	Data type of passed value :java.lang.String	Value:ALL	Output:false	Database Type:null	
No.5	Access path:@position_code_from	Data type of passed value :java.lang.String	Value:8600000000	Output:false	Database Type:null	
No.6	Access path:@position_code_to	Data type of passed value :java.lang.String	Value:8600000000	Output:false	Database Type:null	
No.7	Access path:/session/@user_id	Data type of passed value :java.lang.Long	Value:2242	Output:false	Database Type:null	

=============== END [Insert] SQL Statement execution dump ============

2018-10-15 09:51:32.91 [aurora.database] [CONFIG] Executing batch-apply on parameter No.1
2018-10-15 09:51:32.95 [uncertain.proc] [CONFIG] [action] DecideStatement
2018-10-15 09:51:32.96 [uncertain.proc] [CONFIG] [action] DecideSqlGenerationMode
2018-10-15 09:51:32.96 [uncertain.proc] [FINE] aurora.database.service.BusinessModelService.onDecideSqlGenerationMode
2018-10-15 09:51:32.96 [uncertain.proc] [CONFIG] [action] CreateOperationSql
2018-10-15 09:51:32.96 [uncertain.proc] [CONFIG] [action] PopulateOperationSql
2018-10-15 09:51:32.96 [uncertain.proc] [FINE] aurora.database.features.OrderByClauseCreator.onPopulateOperationSql
2018-10-15 09:51:32.96 [uncertain.proc] [FINE] aurora.database.features.WhereClauseCreator.onPopulateOperationSql
2018-10-15 09:51:32.96 [uncertain.proc] [CONFIG] [action] CreateSqlRunner
2018-10-15 09:51:32.96 [uncertain.proc] [FINE] aurora.database.service.BusinessModelService.onCreateSqlRunner
2018-10-15 09:51:32.96 [uncertain.proc] [CONFIG] [action] ExecuteDmlStatement
2018-10-15 09:51:32.96 [uncertain.proc] [FINE] aurora.database.service.BusinessModelService.onExecuteDmlStatement
2018-10-15 09:51:32.97 [aurora.database] [CONFIG] 
============= BEGIN [Insert] SQL Statement execution dump ============

                begin
                    BGT_BALANCE_QUERY_PKG.INSERT_BALANCE_QUREY_CONDS_TMP
                    (
                        p_session_id=>?,
                        p_parameter=>?,
                        p_id=>null,
                        p_code=>?,
                        p_control_rule_range=>?,
                        p_parameter_lower_limit=>?,
                        p_parameter_upper_limit=>?,
                        p_user_id=>?
                    );
                end;
---------------------Binding info---------------------
No.1	Access path:/session/@session_id	Data type of passed value :java.lang.Long	Value:55419	Output:false	Database Type:null	
No.2	Access path:@parameter_code	Data type of passed value :java.lang.String	Value:BUDGET_VERSION	Output:false	Database Type:null	
No.3	Access path:@position_code	Data type of passed value :java.lang.String	Value:CCBL_BGT_VERSION	Output:false	Database Type:null	
No.4	Access path:@control_rule_range	Data type of passed value :java.lang.String	Value:ALL	Output:false	Database Type:null	
No.5	Access path:@position_code_from	Data type of passed value :java.lang.String	Value:CCBL_BGT_VERSION	Output:false	Database Type:null	
No.6	Access path:@position_code_to	Data type of passed value :java.lang.String	Value:CCBL_BGT_VERSION	Output:false	Database Type:null	
No.7	Access path:/session/@user_id	Data type of passed value :java.lang.Long	Value:2242	Output:false	Database Type:null	

=============== END [Insert] SQL Statement execution dump ============

2018-10-15 09:51:32.97 [aurora.database] [CONFIG] Executing batch-apply on parameter No.2
2018-10-15 09:51:32.99 [uncertain.proc] [CONFIG] [action] DecideStatement
2018-10-15 09:51:32.100 [uncertain.proc] [CONFIG] [action] DecideSqlGenerationMode
2018-10-15 09:51:32.100 [uncertain.proc] [FINE] aurora.database.service.BusinessModelService.onDecideSqlGenerationMode
2018-10-15 09:51:32.100 [uncertain.proc] [CONFIG] [action] CreateOperationSql
2018-10-15 09:51:32.100 [uncertain.proc] [CONFIG] [action] PopulateOperationSql
2018-10-15 09:51:32.100 [uncertain.proc] [FINE] aurora.database.features.OrderByClauseCreator.onPopulateOperationSql
2018-10-15 09:51:32.100 [uncertain.proc] [FINE] aurora.database.features.WhereClauseCreator.onPopulateOperationSql
2018-10-15 09:51:32.100 [uncertain.proc] [CONFIG] [action] CreateSqlRunner
2018-10-15 09:51:32.100 [uncertain.proc] [FINE] aurora.database.service.BusinessModelService.onCreateSqlRunner
2018-10-15 09:51:32.101 [uncertain.proc] [CONFIG] [action] ExecuteDmlStatement
2018-10-15 09:51:32.101 [uncertain.proc] [FINE] aurora.database.service.BusinessModelService.onExecuteDmlStatement
2018-10-15 09:51:32.101 [aurora.database] [CONFIG] 
============= BEGIN [Insert] SQL Statement execution dump ============

                begin
                    BGT_BALANCE_QUERY_PKG.INSERT_BALANCE_QUREY_CONDS_TMP
                    (
                        p_session_id=>?,
                        p_parameter=>?,
                        p_id=>null,
                        p_code=>?,
                        p_control_rule_range=>?,
                        p_parameter_lower_limit=>?,
                        p_parameter_upper_limit=>?,
                        p_user_id=>?
                    );
                end;
---------------------Binding info---------------------
No.1	Access path:/session/@session_id	Data type of passed value :java.lang.Long	Value:55419	Output:false	Database Type:null	
No.2	Access path:@parameter_code	Data type of passed value :java.lang.String	Value:BUDGET_SCENARIO	Output:false	Database Type:null	
No.3	Access path:@position_code	Data type of passed value :java.lang.String	Value:CCBL_BGT_SCENE	Output:false	Database Type:null	
No.4	Access path:@control_rule_range	Data type of passed value :java.lang.String	Value:ALL	Output:false	Database Type:null	
No.5	Access path:@position_code_from	Data type of passed value :java.lang.String	Value:CCBL_BGT_SCENE	Output:false	Database Type:null	
No.6	Access path:@position_code_to	Data type of passed value :java.lang.String	Value:CCBL_BGT_SCENE	Output:false	Database Type:null	
No.7	Access path:/session/@user_id	Data type of passed value :java.lang.Long	Value:2242	Output:false	Database Type:null	

=============== END [Insert] SQL Statement execution dump ============

2018-10-15 09:51:32.101 [aurora.database] [CONFIG] Executing batch-apply on parameter No.3
2018-10-15 09:51:32.104 [uncertain.proc] [CONFIG] [action] DecideStatement
2018-10-15 09:51:32.106 [uncertain.proc] [CONFIG] [action] DecideSqlGenerationMode
2018-10-15 09:51:32.106 [uncertain.proc] [FINE] aurora.database.service.BusinessModelService.onDecideSqlGenerationMode
2018-10-15 09:51:32.106 [uncertain.proc] [CONFIG] [action] CreateOperationSql
2018-10-15 09:51:32.106 [uncertain.proc] [CONFIG] [action] PopulateOperationSql
2018-10-15 09:51:32.106 [uncertain.proc] [FINE] aurora.database.features.OrderByClauseCreator.onPopulateOperationSql
2018-10-15 09:51:32.106 [uncertain.proc] [FINE] aurora.database.features.WhereClauseCreator.onPopulateOperationSql
2018-10-15 09:51:32.106 [uncertain.proc] [CONFIG] [action] CreateSqlRunner
2018-10-15 09:51:32.106 [uncertain.proc] [FINE] aurora.database.service.BusinessModelService.onCreateSqlRunner
2018-10-15 09:51:32.107 [uncertain.proc] [CONFIG] [action] ExecuteDmlStatement
2018-10-15 09:51:32.107 [uncertain.proc] [FINE] aurora.database.service.BusinessModelService.onExecuteDmlStatement
2018-10-15 09:51:32.108 [aurora.database] [CONFIG] 
============= BEGIN [Insert] SQL Statement execution dump ============

                begin
                    BGT_BALANCE_QUERY_PKG.INSERT_BALANCE_QUREY_CONDS_TMP
                    (
                        p_session_id=>?,
                        p_parameter=>?,
                        p_id=>null,
                        p_code=>?,
                        p_control_rule_range=>?,
                        p_parameter_lower_limit=>?,
                        p_parameter_upper_limit=>?,
                        p_user_id=>?
                    );
                end;
---------------------Binding info---------------------
No.1	Access path:/session/@session_id	Data type of passed value :java.lang.Long	Value:55419	Output:false	Database Type:null	
No.2	Access path:@parameter_code	Data type of passed value :java.lang.String	Value:BUDGET_STRUCTURE	Output:false	Database Type:null	
No.3	Access path:@position_code	Data type of passed value :java.lang.String	Value:CCBL_BGT_JYC10	Output:false	Database Type:null	
No.4	Access path:@control_rule_range	Data type of passed value :java.lang.String	Value:ALL	Output:false	Database Type:null	
No.5	Access path:@position_code_from	Data type of passed value :java.lang.String	Value:CCBL_BGT_JYC10	Output:false	Database Type:null	
No.6	Access path:@position_code_to	Data type of passed value :java.lang.String	Value:CCBL_BGT_JYC10	Output:false	Database Type:null	
No.7	Access path:/session/@user_id	Data type of passed value :java.lang.Long	Value:2242	Output:false	Database Type:null	

=============== END [Insert] SQL Statement execution dump ============

2018-10-15 09:51:32.108 [aurora.database] [CONFIG] Executing batch-apply on parameter No.4
2018-10-15 09:51:32.110 [uncertain.proc] [CONFIG] [action] DecideStatement
2018-10-15 09:51:32.112 [uncertain.proc] [CONFIG] [action] DecideSqlGenerationMode
2018-10-15 09:51:32.112 [uncertain.proc] [FINE] aurora.database.service.BusinessModelService.onDecideSqlGenerationMode
2018-10-15 09:51:32.112 [uncertain.proc] [CONFIG] [action] CreateOperationSql
2018-10-15 09:51:32.112 [uncertain.proc] [CONFIG] [action] PopulateOperationSql
2018-10-15 09:51:32.112 [uncertain.proc] [FINE] aurora.database.features.OrderByClauseCreator.onPopulateOperationSql
2018-10-15 09:51:32.112 [uncertain.proc] [FINE] aurora.database.features.WhereClauseCreator.onPopulateOperationSql
2018-10-15 09:51:32.112 [uncertain.proc] [CONFIG] [action] CreateSqlRunner
2018-10-15 09:51:32.112 [uncertain.proc] [FINE] aurora.database.service.BusinessModelService.onCreateSqlRunner
2018-10-15 09:51:32.112 [uncertain.proc] [CONFIG] [action] ExecuteDmlStatement
2018-10-15 09:51:32.112 [uncertain.proc] [FINE] aurora.database.service.BusinessModelService.onExecuteDmlStatement
2018-10-15 09:51:32.113 [aurora.database] [CONFIG] 
============= BEGIN [Insert] SQL Statement execution dump ============

                begin
                    BGT_BALANCE_QUERY_PKG.INSERT_BALANCE_QUREY_CONDS_TMP
                    (
                        p_session_id=>?,
                        p_parameter=>?,
                        p_id=>null,
                        p_code=>?,
                        p_control_rule_range=>?,
                        p_parameter_lower_limit=>?,
                        p_parameter_upper_limit=>?,
                        p_user_id=>?
                    );
                end;
---------------------Binding info---------------------
No.1	Access path:/session/@session_id	Data type of passed value :java.lang.Long	Value:55419	Output:false	Database Type:null	
No.2	Access path:@parameter_code	Data type of passed value :java.lang.String	Value:PERIOD	Output:false	Database Type:null	
No.3	Access path:@position_code	Data type of passed value :java.lang.String	Value:	Output:false	Database Type:null	
No.4	Access path:@control_rule_range	Data type of passed value :java.lang.String	Value:ALL	Output:false	Database Type:null	
No.5	Access path:@position_code_from	Data type of passed value :java.lang.String	Value:2018-10	Output:false	Database Type:null	
No.6	Access path:@position_code_to	Data type of passed value :java.lang.String	Value:2019-12	Output:false	Database Type:null	
No.7	Access path:/session/@user_id	Data type of passed value :java.lang.Long	Value:2242	Output:false	Database Type:null	

=============== END [Insert] SQL Statement execution dump ============

2018-10-15 09:51:32.113 [aurora.database] [CONFIG] Executing batch-apply on parameter No.5
2018-10-15 09:51:32.115 [uncertain.proc] [CONFIG] [action] DecideStatement
2018-10-15 09:51:32.116 [uncertain.proc] [CONFIG] [action] DecideSqlGenerationMode
2018-10-15 09:51:32.116 [uncertain.proc] [FINE] aurora.database.service.BusinessModelService.onDecideSqlGenerationMode
2018-10-15 09:51:32.116 [uncertain.proc] [CONFIG] [action] CreateOperationSql
2018-10-15 09:51:32.117 [uncertain.proc] [CONFIG] [action] PopulateOperationSql
2018-10-15 09:51:32.117 [uncertain.proc] [FINE] aurora.database.features.OrderByClauseCreator.onPopulateOperationSql
2018-10-15 09:51:32.117 [uncertain.proc] [FINE] aurora.database.features.WhereClauseCreator.onPopulateOperationSql
2018-10-15 09:51:32.117 [uncertain.proc] [CONFIG] [action] CreateSqlRunner
2018-10-15 09:51:32.117 [uncertain.proc] [FINE] aurora.database.service.BusinessModelService.onCreateSqlRunner
2018-10-15 09:51:32.117 [uncertain.proc] [CONFIG] [action] ExecuteDmlStatement
2018-10-15 09:51:32.117 [uncertain.proc] [FINE] aurora.database.service.BusinessModelService.onExecuteDmlStatement
2018-10-15 09:51:32.117 [aurora.database] [CONFIG] 
============= BEGIN [Insert] SQL Statement execution dump ============

                begin
                    BGT_BALANCE_QUERY_PKG.INSERT_BALANCE_QUREY_CONDS_TMP
                    (
                        p_session_id=>?,
                        p_parameter=>?,
                        p_id=>null,
                        p_code=>?,
                        p_control_rule_range=>?,
                        p_parameter_lower_limit=>?,
                        p_parameter_upper_limit=>?,
                        p_user_id=>?
                    );
                end;
---------------------Binding info---------------------
No.1	Access path:/session/@session_id	Data type of passed value :java.lang.Long	Value:55419	Output:false	Database Type:null	
No.2	Access path:@parameter_code	Data type of passed value :java.lang.String	Value:PERIOD_QUARTER	Output:false	Database Type:null	
No.3	Access path:@position_code	Data type of passed value :java.lang.String	Value:	Output:false	Database Type:null	
No.4	Access path:@control_rule_range	Data type of passed value :java.lang.String	Value:ALL	Output:false	Database Type:null	
No.5	Access path:@position_code_from	Data type of passed value :[null]	Value:null	Output:false	Database Type:null	
No.6	Access path:@position_code_to	Data type of passed value :[null]	Value:null	Output:false	Database Type:null	
No.7	Access path:/session/@user_id	Data type of passed value :java.lang.Long	Value:2242	Output:false	Database Type:null	

=============== END [Insert] SQL Statement execution dump ============

2018-10-15 09:51:32.117 [aurora.database] [CONFIG] Executing batch-apply on parameter No.6
2018-10-15 09:51:32.119 [uncertain.proc] [CONFIG] [action] DecideStatement
2018-10-15 09:51:32.120 [uncertain.proc] [CONFIG] [action] DecideSqlGenerationMode
2018-10-15 09:51:32.120 [uncertain.proc] [FINE] aurora.database.service.BusinessModelService.onDecideSqlGenerationMode
2018-10-15 09:51:32.120 [uncertain.proc] [CONFIG] [action] CreateOperationSql
2018-10-15 09:51:32.120 [uncertain.proc] [CONFIG] [action] PopulateOperationSql
2018-10-15 09:51:32.120 [uncertain.proc] [FINE] aurora.database.features.OrderByClauseCreator.onPopulateOperationSql
2018-10-15 09:51:32.120 [uncertain.proc] [FINE] aurora.database.features.WhereClauseCreator.onPopulateOperationSql
2018-10-15 09:51:32.120 [uncertain.proc] [CONFIG] [action] CreateSqlRunner
2018-10-15 09:51:32.120 [uncertain.proc] [FINE] aurora.database.service.BusinessModelService.onCreateSqlRunner
2018-10-15 09:51:32.120 [uncertain.proc] [CONFIG] [action] ExecuteDmlStatement
2018-10-15 09:51:32.120 [uncertain.proc] [FINE] aurora.database.service.BusinessModelService.onExecuteDmlStatement
2018-10-15 09:51:32.121 [aurora.database] [CONFIG] 
============= BEGIN [Insert] SQL Statement execution dump ============

                begin
                    BGT_BALANCE_QUERY_PKG.INSERT_BALANCE_QUREY_CONDS_TMP
                    (
                        p_session_id=>?,
                        p_parameter=>?,
                        p_id=>null,
                        p_code=>?,
                        p_control_rule_range=>?,
                        p_parameter_lower_limit=>?,
                        p_parameter_upper_limit=>?,
                        p_user_id=>?
                    );
                end;
---------------------Binding info---------------------
No.1	Access path:/session/@session_id	Data type of passed value :java.lang.Long	Value:55419	Output:false	Database Type:null	
No.2	Access path:@parameter_code	Data type of passed value :java.lang.String	Value:PERIOD_YEAR	Output:false	Database Type:null	
No.3	Access path:@position_code	Data type of passed value :java.lang.String	Value:	Output:false	Database Type:null	
No.4	Access path:@control_rule_range	Data type of passed value :java.lang.String	Value:ALL	Output:false	Database Type:null	
No.5	Access path:@position_code_from	Data type of passed value :[null]	Value:null	Output:false	Database Type:null	
No.6	Access path:@position_code_to	Data type of passed value :[null]	Value:null	Output:false	Database Type:null	
No.7	Access path:/session/@user_id	Data type of passed value :java.lang.Long	Value:2242	Output:false	Database Type:null	

=============== END [Insert] SQL Statement execution dump ============

2018-10-15 09:51:32.121 [aurora.database] [CONFIG] Executing batch-apply on parameter No.7
2018-10-15 09:51:32.124 [uncertain.proc] [CONFIG] [action] DecideStatement
2018-10-15 09:51:32.125 [uncertain.proc] [CONFIG] [action] DecideSqlGenerationMode
2018-10-15 09:51:32.125 [uncertain.proc] [FINE] aurora.database.service.BusinessModelService.onDecideSqlGenerationMode
2018-10-15 09:51:32.125 [uncertain.proc] [CONFIG] [action] CreateOperationSql
2018-10-15 09:51:32.125 [uncertain.proc] [CONFIG] [action] PopulateOperationSql
2018-10-15 09:51:32.125 [uncertain.proc] [FINE] aurora.database.features.OrderByClauseCreator.onPopulateOperationSql
2018-10-15 09:51:32.125 [uncertain.proc] [FINE] aurora.database.features.WhereClauseCreator.onPopulateOperationSql
2018-10-15 09:51:32.126 [uncertain.proc] [CONFIG] [action] CreateSqlRunner
2018-10-15 09:51:32.126 [uncertain.proc] [FINE] aurora.database.service.BusinessModelService.onCreateSqlRunner
2018-10-15 09:51:32.126 [uncertain.proc] [CONFIG] [action] ExecuteDmlStatement
2018-10-15 09:51:32.126 [uncertain.proc] [FINE] aurora.database.service.BusinessModelService.onExecuteDmlStatement
2018-10-15 09:51:32.127 [aurora.database] [CONFIG] 
============= BEGIN [Insert] SQL Statement execution dump ============

                begin
                    BGT_BALANCE_QUERY_PKG.INSERT_BALANCE_QUREY_CONDS_TMP
                    (
                        p_session_id=>?,
                        p_parameter=>?,
                        p_id=>null,
                        p_code=>?,
                        p_control_rule_range=>?,
                        p_parameter_lower_limit=>?,
                        p_parameter_upper_limit=>?,
                        p_user_id=>?
                    );
                end;
---------------------Binding info---------------------
No.1	Access path:/session/@session_id	Data type of passed value :java.lang.Long	Value:55419	Output:false	Database Type:null	
No.2	Access path:@parameter_code	Data type of passed value :java.lang.String	Value:BUDGET_ITEM	Output:false	Database Type:null	
No.3	Access path:@position_code	Data type of passed value :[null]	Value:null	Output:false	Database Type:null	
No.4	Access path:@control_rule_range	Data type of passed value :java.lang.String	Value:ALL	Output:false	Database Type:null	
No.5	Access path:@position_code_from	Data type of passed value :[null]	Value:null	Output:false	Database Type:null	
No.6	Access path:@position_code_to	Data type of passed value :[null]	Value:null	Output:false	Database Type:null	
No.7	Access path:/session/@user_id	Data type of passed value :java.lang.Long	Value:2242	Output:false	Database Type:null	

=============== END [Insert] SQL Statement execution dump ============

2018-10-15 09:51:32.127 [aurora.database] [CONFIG] Executing batch-apply on parameter No.8
2018-10-15 09:51:32.129 [uncertain.proc] [CONFIG] [action] DecideStatement
2018-10-15 09:51:32.130 [uncertain.proc] [CONFIG] [action] DecideSqlGenerationMode
2018-10-15 09:51:32.130 [uncertain.proc] [FINE] aurora.database.service.BusinessModelService.onDecideSqlGenerationMode
2018-10-15 09:51:32.130 [uncertain.proc] [CONFIG] [action] CreateOperationSql
2018-10-15 09:51:32.130 [uncertain.proc] [CONFIG] [action] PopulateOperationSql
2018-10-15 09:51:32.130 [uncertain.proc] [FINE] aurora.database.features.OrderByClauseCreator.onPopulateOperationSql
2018-10-15 09:51:32.130 [uncertain.proc] [FINE] aurora.database.features.WhereClauseCreator.onPopulateOperationSql
2018-10-15 09:51:32.130 [uncertain.proc] [CONFIG] [action] CreateSqlRunner
2018-10-15 09:51:32.130 [uncertain.proc] [FINE] aurora.database.service.BusinessModelService.onCreateSqlRunner
2018-10-15 09:51:32.130 [uncertain.proc] [CONFIG] [action] ExecuteDmlStatement
2018-10-15 09:51:32.130 [uncertain.proc] [FINE] aurora.database.service.BusinessModelService.onExecuteDmlStatement
2018-10-15 09:51:32.131 [aurora.database] [CONFIG] 
============= BEGIN [Insert] SQL Statement execution dump ============

                begin
                    BGT_BALANCE_QUERY_PKG.INSERT_BALANCE_QUREY_CONDS_TMP
                    (
                        p_session_id=>?,
                        p_parameter=>?,
                        p_id=>null,
                        p_code=>?,
                        p_control_rule_range=>?,
                        p_parameter_lower_limit=>?,
                        p_parameter_upper_limit=>?,
                        p_user_id=>?
                    );
                end;
---------------------Binding info---------------------
No.1	Access path:/session/@session_id	Data type of passed value :java.lang.Long	Value:55419	Output:false	Database Type:null	
No.2	Access path:@parameter_code	Data type of passed value :java.lang.String	Value:BUDGET_ITEM_TYPE	Output:false	Database Type:null	
No.3	Access path:@position_code	Data type of passed value :[null]	Value:null	Output:false	Database Type:null	
No.4	Access path:@control_rule_range	Data type of passed value :[null]	Value:null	Output:false	Database Type:null	
No.5	Access path:@position_code_from	Data type of passed value :[null]	Value:null	Output:false	Database Type:null	
No.6	Access path:@position_code_to	Data type of passed value :[null]	Value:null	Output:false	Database Type:null	
No.7	Access path:/session/@user_id	Data type of passed value :java.lang.Long	Value:2242	Output:false	Database Type:null	

=============== END [Insert] SQL Statement execution dump ============

2018-10-15 09:51:32.131 [aurora.database] [CONFIG] Executing batch-apply on parameter No.9
2018-10-15 09:51:32.134 [uncertain.proc] [CONFIG] [action] DecideStatement
2018-10-15 09:51:32.135 [uncertain.proc] [CONFIG] [action] DecideSqlGenerationMode
2018-10-15 09:51:32.135 [uncertain.proc] [FINE] aurora.database.service.BusinessModelService.onDecideSqlGenerationMode
2018-10-15 09:51:32.135 [uncertain.proc] [CONFIG] [action] CreateOperationSql
2018-10-15 09:51:32.135 [uncertain.proc] [CONFIG] [action] PopulateOperationSql
2018-10-15 09:51:32.135 [uncertain.proc] [FINE] aurora.database.features.OrderByClauseCreator.onPopulateOperationSql
2018-10-15 09:51:32.135 [uncertain.proc] [FINE] aurora.database.features.WhereClauseCreator.onPopulateOperationSql
2018-10-15 09:51:32.135 [uncertain.proc] [CONFIG] [action] CreateSqlRunner
2018-10-15 09:51:32.135 [uncertain.proc] [FINE] aurora.database.service.BusinessModelService.onCreateSqlRunner
2018-10-15 09:51:32.135 [uncertain.proc] [CONFIG] [action] ExecuteDmlStatement
2018-10-15 09:51:32.135 [uncertain.proc] [FINE] aurora.database.service.BusinessModelService.onExecuteDmlStatement
2018-10-15 09:51:32.135 [aurora.database] [CONFIG] 
============= BEGIN [Insert] SQL Statement execution dump ============

                begin
                    BGT_BALANCE_QUERY_PKG.INSERT_BALANCE_QUREY_CONDS_TMP
                    (
                        p_session_id=>?,
                        p_parameter=>?,
                        p_id=>null,
                        p_code=>?,
                        p_control_rule_range=>?,
                        p_parameter_lower_limit=>?,
                        p_parameter_upper_limit=>?,
                        p_user_id=>?
                    );
                end;
---------------------Binding info---------------------
No.1	Access path:/session/@session_id	Data type of passed value :java.lang.Long	Value:55419	Output:false	Database Type:null	
No.2	Access path:@parameter_code	Data type of passed value :java.lang.String	Value:RESPONSIBILITY_CENTER	Output:false	Database Type:null	
No.3	Access path:@position_code	Data type of passed value :[null]	Value:null	Output:false	Database Type:null	
No.4	Access path:@control_rule_range	Data type of passed value :java.lang.String	Value:ALL	Output:false	Database Type:null	
No.5	Access path:@position_code_from	Data type of passed value :java.lang.String	Value:ZB-1399	Output:false	Database Type:null	
No.6	Access path:@position_code_to	Data type of passed value :java.lang.String	Value:ZB-1399	Output:false	Database Type:null	
No.7	Access path:/session/@user_id	Data type of passed value :java.lang.Long	Value:2242	Output:false	Database Type:null	

=============== END [Insert] SQL Statement execution dump ============

2018-10-15 09:51:32.135 [aurora.database] [CONFIG] Executing batch-apply on parameter No.10
2018-10-15 09:51:32.137 [uncertain.proc] [CONFIG] [action] DecideStatement
2018-10-15 09:51:32.138 [uncertain.proc] [CONFIG] [action] DecideSqlGenerationMode
2018-10-15 09:51:32.138 [uncertain.proc] [FINE] aurora.database.service.BusinessModelService.onDecideSqlGenerationMode
2018-10-15 09:51:32.138 [uncertain.proc] [CONFIG] [action] CreateOperationSql
2018-10-15 09:51:32.138 [uncertain.proc] [CONFIG] [action] PopulateOperationSql
2018-10-15 09:51:32.138 [uncertain.proc] [FINE] aurora.database.features.OrderByClauseCreator.onPopulateOperationSql
2018-10-15 09:51:32.138 [uncertain.proc] [FINE] aurora.database.features.WhereClauseCreator.onPopulateOperationSql
2018-10-15 09:51:32.138 [uncertain.proc] [CONFIG] [action] CreateSqlRunner
2018-10-15 09:51:32.138 [uncertain.proc] [FINE] aurora.database.service.BusinessModelService.onCreateSqlRunner
2018-10-15 09:51:32.138 [uncertain.proc] [CONFIG] [action] ExecuteDmlStatement
2018-10-15 09:51:32.138 [uncertain.proc] [FINE] aurora.database.service.BusinessModelService.onExecuteDmlStatement
2018-10-15 09:51:32.139 [aurora.database] [CONFIG] 
============= BEGIN [Insert] SQL Statement execution dump ============

                begin
                    BGT_BALANCE_QUERY_PKG.INSERT_BALANCE_QUREY_CONDS_TMP
                    (
                        p_session_id=>?,
                        p_parameter=>?,
                        p_id=>null,
                        p_code=>?,
                        p_control_rule_range=>?,
                        p_parameter_lower_limit=>?,
                        p_parameter_upper_limit=>?,
                        p_user_id=>?
                    );
                end;
---------------------Binding info---------------------
No.1	Access path:/session/@session_id	Data type of passed value :java.lang.Long	Value:55419	Output:false	Database Type:null	
No.2	Access path:@parameter_code	Data type of passed value :java.lang.String	Value:TEST	Output:false	Database Type:null	
No.3	Access path:@position_code	Data type of passed value :[null]	Value:null	Output:false	Database Type:null	
No.4	Access path:@control_rule_range	Data type of passed value :[null]	Value:null	Output:false	Database Type:null	
No.5	Access path:@position_code_from	Data type of passed value :[null]	Value:null	Output:false	Database Type:null	
No.6	Access path:@position_code_to	Data type of passed value :[null]	Value:null	Output:false	Database Type:null	
No.7	Access path:/session/@user_id	Data type of passed value :java.lang.Long	Value:2242	Output:false	Database Type:null	

=============== END [Insert] SQL Statement execution dump ============

2018-10-15 09:51:32.139 [aurora.database] [CONFIG] Executing batch-apply on parameter No.11
2018-10-15 09:51:32.140 [uncertain.proc] [CONFIG] [action] DecideStatement
2018-10-15 09:51:32.142 [uncertain.proc] [CONFIG] [action] DecideSqlGenerationMode
2018-10-15 09:51:32.142 [uncertain.proc] [FINE] aurora.database.service.BusinessModelService.onDecideSqlGenerationMode
2018-10-15 09:51:32.142 [uncertain.proc] [CONFIG] [action] CreateOperationSql
2018-10-15 09:51:32.142 [uncertain.proc] [CONFIG] [action] PopulateOperationSql
2018-10-15 09:51:32.142 [uncertain.proc] [FINE] aurora.database.features.OrderByClauseCreator.onPopulateOperationSql
2018-10-15 09:51:32.142 [uncertain.proc] [FINE] aurora.database.features.WhereClauseCreator.onPopulateOperationSql
2018-10-15 09:51:32.142 [uncertain.proc] [CONFIG] [action] CreateSqlRunner
2018-10-15 09:51:32.142 [uncertain.proc] [FINE] aurora.database.service.BusinessModelService.onCreateSqlRunner
2018-10-15 09:51:32.142 [uncertain.proc] [CONFIG] [action] ExecuteDmlStatement
2018-10-15 09:51:32.142 [uncertain.proc] [FINE] aurora.database.service.BusinessModelService.onExecuteDmlStatement
2018-10-15 09:51:32.142 [aurora.database] [CONFIG] 
============= BEGIN [Insert] SQL Statement execution dump ============

                begin
                    BGT_BALANCE_QUERY_PKG.INSERT_BALANCE_QUREY_CONDS_TMP
                    (
                        p_session_id=>?,
                        p_parameter=>?,
                        p_id=>null,
                        p_code=>?,
                        p_control_rule_range=>?,
                        p_parameter_lower_limit=>?,
                        p_parameter_upper_limit=>?,
                        p_user_id=>?
                    );
                end;
---------------------Binding info---------------------
No.1	Access path:/session/@session_id	Data type of passed value :java.lang.Long	Value:55419	Output:false	Database Type:null	
No.2	Access path:@parameter_code	Data type of passed value :java.lang.String	Value:PRODUCT	Output:false	Database Type:null	
No.3	Access path:@position_code	Data type of passed value :[null]	Value:null	Output:false	Database Type:null	
No.4	Access path:@control_rule_range	Data type of passed value :[null]	Value:null	Output:false	Database Type:null	
No.5	Access path:@position_code_from	Data type of passed value :[null]	Value:null	Output:false	Database Type:null	
No.6	Access path:@position_code_to	Data type of passed value :[null]	Value:null	Output:false	Database Type:null	
No.7	Access path:/session/@user_id	Data type of passed value :java.lang.Long	Value:2242	Output:false	Database Type:null	

=============== END [Insert] SQL Statement execution dump ============

2018-10-15 09:51:32.142 [aurora.database] [CONFIG] Executing batch-apply on parameter No.12
2018-10-15 09:51:32.144 [uncertain.proc] [CONFIG] [action] DecideStatement
2018-10-15 09:51:32.145 [uncertain.proc] [CONFIG] [action] DecideSqlGenerationMode
2018-10-15 09:51:32.145 [uncertain.proc] [FINE] aurora.database.service.BusinessModelService.onDecideSqlGenerationMode
2018-10-15 09:51:32.145 [uncertain.proc] [CONFIG] [action] CreateOperationSql
2018-10-15 09:51:32.145 [uncertain.proc] [CONFIG] [action] PopulateOperationSql
2018-10-15 09:51:32.145 [uncertain.proc] [FINE] aurora.database.features.OrderByClauseCreator.onPopulateOperationSql
2018-10-15 09:51:32.145 [uncertain.proc] [FINE] aurora.database.features.WhereClauseCreator.onPopulateOperationSql
2018-10-15 09:51:32.145 [uncertain.proc] [CONFIG] [action] CreateSqlRunner
2018-10-15 09:51:32.145 [uncertain.proc] [FINE] aurora.database.service.BusinessModelService.onCreateSqlRunner
2018-10-15 09:51:32.145 [uncertain.proc] [CONFIG] [action] ExecuteDmlStatement
2018-10-15 09:51:32.145 [uncertain.proc] [FINE] aurora.database.service.BusinessModelService.onExecuteDmlStatement
2018-10-15 09:51:32.146 [aurora.database] [CONFIG] 
============= BEGIN [Insert] SQL Statement execution dump ============

                begin
                    BGT_BALANCE_QUERY_PKG.INSERT_BALANCE_QUREY_CONDS_TMP
                    (
                        p_session_id=>?,
                        p_parameter=>?,
                        p_id=>null,
                        p_code=>?,
                        p_control_rule_range=>?,
                        p_parameter_lower_limit=>?,
                        p_parameter_upper_limit=>?,
                        p_user_id=>?
                    );
                end;
---------------------Binding info---------------------
No.1	Access path:/session/@session_id	Data type of passed value :java.lang.Long	Value:55419	Output:false	Database Type:null	
No.2	Access path:@parameter_code	Data type of passed value :java.lang.String	Value:SPECIAL_BUDGET	Output:false	Database Type:null	
No.3	Access path:@position_code	Data type of passed value :[null]	Value:null	Output:false	Database Type:null	
No.4	Access path:@control_rule_range	Data type of passed value :[null]	Value:null	Output:false	Database Type:null	
No.5	Access path:@position_code_from	Data type of passed value :[null]	Value:null	Output:false	Database Type:null	
No.6	Access path:@position_code_to	Data type of passed value :[null]	Value:null	Output:false	Database Type:null	
No.7	Access path:/session/@user_id	Data type of passed value :java.lang.Long	Value:2242	Output:false	Database Type:null	

=============== END [Insert] SQL Statement execution dump ============

2018-10-15 09:51:32.148 [uncertain.proc] [CONFIG] [action] DecideStatement
2018-10-15 09:51:32.150 [uncertain.proc] [CONFIG] [action] DecideSqlGenerationMode
2018-10-15 09:51:32.150 [uncertain.proc] [FINE] aurora.database.service.BusinessModelService.onDecideSqlGenerationMode
2018-10-15 09:51:32.150 [uncertain.proc] [CONFIG] [action] CreateOperationSql
2018-10-15 09:51:32.150 [uncertain.proc] [CONFIG] [action] PopulateOperationSql
2018-10-15 09:51:32.150 [uncertain.proc] [FINE] aurora.database.features.OrderByClauseCreator.onPopulateOperationSql
2018-10-15 09:51:32.150 [uncertain.proc] [FINE] aurora.database.features.WhereClauseCreator.onPopulateOperationSql
2018-10-15 09:51:32.150 [uncertain.proc] [CONFIG] [action] CreateSqlRunner
2018-10-15 09:51:32.150 [uncertain.proc] [FINE] aurora.database.service.BusinessModelService.onCreateSqlRunner
2018-10-15 09:51:32.150 [uncertain.proc] [CONFIG] [action] ExecuteDmlStatement
2018-10-15 09:51:32.150 [uncertain.proc] [FINE] aurora.database.service.BusinessModelService.onExecuteDmlStatement
2018-10-15 09:51:32.392 [aurora.database] [CONFIG] 
============= BEGIN [Update] SQL Statement execution dump ============

                begin
                    BGT_BALANCE_QUERY_PKG.BGT_QUERY_SUMMARY
                    (
                        p_session_id=>?,
                        p_user_id=>?,
                        p_period_summary_flag=>?
                    );
                end;
---------------------Binding info---------------------
No.1	Access path:/session/@session_id	Data type of passed value :java.lang.Long	Value:55419	Output:false	Database Type:null	
No.2	Access path:/session/@user_id	Data type of passed value :java.lang.Long	Value:2242	Output:false	Database Type:null	
No.3	Access path:@period_sum	Data type of passed value :java.lang.String	Value:N	Output:false	Database Type:null	

=============== END [Update] SQL Statement execution dump ============

2018-10-15 09:51:32.392 [uncertain.proc] [CONFIG] [action] CreateSuccessResponse
