2018-10-17 09:55:40.412 [aurora.application.session_check] [CONFIG] Session data copied to context
2018-10-17 09:55:40.412 [aurora.application.session_check] [CONFIG] Access check result for modules/bgt/BGT3010/bgt_position_lov.screen => success
2018-10-17 09:55:40.412 [uncertain.proc] [CONFIG] [action] AccessCheck
2018-10-17 09:55:40.417 [uncertain.proc] [CONFIG] [action] InitService
2018-10-17 09:55:40.417 [uncertain.proc] [CONFIG] [action] ParseParameter
2018-10-17 09:55:40.417 [uncertain.proc] [CONFIG] [action] CreateModel
2018-10-17 09:55:40.417 [aurora.database] [CONFIG] ===================================== prepare to run model-query bgt.BGT3010.bgt_workflow_company==============================
2018-10-17 09:55:40.422 [uncertain.proc] [CONFIG] [action] DecideSqlGenerationMode
2018-10-17 09:55:40.422 [uncertain.proc] [FINE] aurora.database.service.BusinessModelService.onDecideSqlGenerationMode
2018-10-17 09:55:40.422 [uncertain.proc] [CONFIG] [action] CreateOperationSql
2018-10-17 09:55:40.422 [uncertain.proc] [CONFIG] [action] PopulateOperationSql
2018-10-17 09:55:40.422 [uncertain.proc] [FINE] aurora.database.features.OrderByClauseCreator.onPopulateOperationSql
2018-10-17 09:55:40.422 [uncertain.proc] [FINE] aurora.database.features.WhereClauseCreator.onPopulateOperationSql
2018-10-17 09:55:40.422 [uncertain.proc] [CONFIG] [action] ExecuteQuery
2018-10-17 09:55:40.422 [uncertain.proc] [FINE] aurora.bm.QuerySqlCreator.onExecuteQuery
2018-10-17 09:55:40.431 [uncertain.proc] [CONFIG] [action] QueryFinish
2018-10-17 09:55:40.431 [uncertain.proc] [FINE] aurora.database.features.AutoQueryCounter.onQueryFinish
2018-10-17 09:55:40.431 [uncertain.proc] [CONFIG] [action] FetchResultSet
2018-10-17 09:55:40.431 [uncertain.proc] [FINE] aurora.database.features.CacheBasedLookUpField.postFetchResultSet
2018-10-17 09:55:40.431 [aurora.database] [CONFIG] 
============= BEGIN [query] SQL Statement execution dump ============

                 select *
				    from (select *
				            from (select f.company_short_name as text,
				                         'COMPANY' type,
				                         '' as leaf,
				                         'C' || f.company_id as id,
				                         'C' || f.PARENT_COMPANY_ID as parent_id
				                    from fnd_companies_vl f
				                   order by company_code)
				          -- union all
				          -- select *
				            -- from (select o.description as text,
				                         -- 'ORG' type,
				                         -- 'true' as leaf,
				                         -- 'U' || o.unit_id as id,
				                         -- 'C' || o.COMPANY_ID as parent_id
				                    -- from exp_org_unit_vl o
				                   -- order by o.unit_code)
				                   ) a

              

---------------------Binding info---------------------
null
=============== END [query] SQL Statement execution dump ============

2018-10-17 09:55:40.431 [uncertain.proc] [CONFIG] [action] CreateView
2018-10-17 09:55:40.431 [uncertain.proc] [CONFIG] [action] BuildOutputContent
2018-10-17 09:55:40.431 [aurora.presentation.buildsession] [CONFIG] Start build session
2018-10-17 09:55:40.431 [aurora.presentation.buildsession] [CONFIG] building view: <html-page> -> aurora.presentation.component.HtmlPage@7ff66a73
2018-10-17 09:55:40.432 [aurora.presentation.buildsession] [CONFIG] building view: <div> -> aurora.presentation.DefaultViewBuilder@35f5c5a3
2018-10-17 09:55:40.432 [aurora.presentation.buildsession] [CONFIG] building view: <script> -> aurora.presentation.DefaultViewBuilder@35f5c5a3
2018-10-17 09:55:40.432 [aurora.presentation.buildsession] [CONFIG] building view: <dataSets> -> aurora.application.features.DataSetInit@4f8fc0e5
2018-10-17 09:55:40.432 [aurora.presentation.buildsession] [CONFIG] building view: <dataSet> -> aurora.presentation.TemplateBasedView@3dda489e
2018-10-17 09:55:40.434 [aurora.presentation.buildsession] [CONFIG] building view: <dataSet> -> aurora.presentation.TemplateBasedView@3dda489e
2018-10-17 09:55:40.435 [aurora.presentation.buildsession] [CONFIG] building view: <dataSet> -> aurora.presentation.TemplateBasedView@3dda489e
2018-10-17 09:55:40.437 [aurora.presentation.buildsession] [CONFIG] building view: <screenBody> -> aurora.presentation.component.std.ScreenBody@50b26a8
2018-10-17 09:55:40.437 [aurora.presentation.buildsession] [CONFIG] building view: <hBox> -> aurora.presentation.component.std.HBox@64bd509a
2018-10-17 09:55:40.437 [aurora.presentation.buildsession] [CONFIG] building view: <vBox> -> aurora.presentation.component.std.VBox@28540b8c
2018-10-17 09:55:40.437 [aurora.presentation.buildsession] [CONFIG] building view: <form> -> aurora.presentation.component.std.Form@196d6e8b
2018-10-17 09:55:40.437 [aurora.presentation.buildsession] [CONFIG] building view: <tree> -> aurora.presentation.TemplateBasedView@3dda489e
2018-10-17 09:55:40.437 [aurora.presentation.buildsession] [CONFIG] building view: <vBox> -> aurora.presentation.component.std.VBox@458f2568
2018-10-17 09:55:40.437 [aurora.presentation.buildsession] [CONFIG] building view: <form> -> aurora.presentation.component.std.Form@4b3894c3
2018-10-17 09:55:40.437 [aurora.presentation.buildsession] [CONFIG] building view: <textField> -> aurora.presentation.TemplateBasedView@3dda489e
2018-10-17 09:55:40.438 [aurora.presentation.buildsession] [CONFIG] building view: <textField> -> aurora.presentation.TemplateBasedView@3dda489e
2018-10-17 09:55:40.438 [aurora.presentation.buildsession] [CONFIG] building view: <hBox> -> aurora.presentation.component.std.HBox@43b8ee43
2018-10-17 09:55:40.438 [aurora.presentation.buildsession] [CONFIG] building view: <button> -> aurora.presentation.TemplateBasedView@3dda489e
2018-10-17 09:55:40.438 [aurora.presentation.buildsession] [CONFIG] building view: <grid> -> aurora.presentation.TemplateBasedView@3dda489e
2018-10-17 09:55:40.438 [aurora.presentation.buildsession] [CONFIG] building view: <navBar> -> aurora.presentation.TemplateBasedView@3dda489e
2018-10-17 09:55:40.440 [aurora.presentation.buildsession] [CONFIG] building view: <button> -> aurora.presentation.TemplateBasedView@3dda489e
2018-10-17 09:55:40.440 [aurora.presentation.buildsession] [CONFIG] building view: <button> -> aurora.presentation.TemplateBasedView@3dda489e
2018-10-17 09:55:40.440 [aurora.presentation.buildsession] [CONFIG] building view: <separator> -> aurora.presentation.TemplateBasedView@3dda489e
2018-10-17 09:55:40.440 [aurora.presentation.buildsession] [CONFIG] building view: <div> -> aurora.presentation.DefaultViewBuilder@35f5c5a3
2018-10-17 09:55:40.440 [aurora.presentation.buildsession] [CONFIG] building view: <numberField> -> aurora.presentation.TemplateBasedView@3dda489e
2018-10-17 09:55:40.440 [aurora.presentation.buildsession] [CONFIG] building view: <div> -> aurora.presentation.DefaultViewBuilder@35f5c5a3
2018-10-17 09:55:40.440 [aurora.presentation.buildsession] [CONFIG] building view: <separator> -> aurora.presentation.TemplateBasedView@3dda489e
2018-10-17 09:55:40.440 [aurora.presentation.buildsession] [CONFIG] building view: <button> -> aurora.presentation.TemplateBasedView@3dda489e
2018-10-17 09:55:40.441 [aurora.presentation.buildsession] [CONFIG] building view: <button> -> aurora.presentation.TemplateBasedView@3dda489e
2018-10-17 09:55:40.441 [aurora.presentation.buildsession] [CONFIG] building view: <button> -> aurora.presentation.TemplateBasedView@3dda489e
2018-10-17 09:55:40.441 [aurora.presentation.buildsession] [CONFIG] building view: <separator> -> aurora.presentation.TemplateBasedView@3dda489e
2018-10-17 09:55:40.441 [aurora.presentation.buildsession] [CONFIG] building view: <div> -> aurora.presentation.DefaultViewBuilder@35f5c5a3
2018-10-17 09:55:40.441 [aurora.presentation.buildsession] [CONFIG] building view: <comboBox> -> aurora.presentation.TemplateBasedView@3dda489e
2018-10-17 09:55:40.441 [aurora.presentation.buildsession] [CONFIG] building view: <div> -> aurora.presentation.DefaultViewBuilder@35f5c5a3
2018-10-17 09:55:40.441 [aurora.presentation.buildsession] [CONFIG] building view: <separator> -> aurora.presentation.TemplateBasedView@3dda489e
2018-10-17 09:55:40.441 [aurora.presentation.buildsession] [CONFIG] building view: <div> -> aurora.presentation.DefaultViewBuilder@35f5c5a3
2018-10-17 09:55:40.442 [aurora.presentation.buildsession] [CONFIG] End build session
