2018-10-21 07:39:45.769 [aurora.application.session_check] [CONFIG] Session data copied to context
2018-10-21 07:39:45.769 [aurora.application.session_check] [CONFIG] Access check result for modules/bgt/BGT3010/bgt_budget_balance_qurey_results.screen => success
2018-10-21 07:39:45.769 [uncertain.proc] [CONFIG] [action] AccessCheck
2018-10-21 07:39:45.776 [uncertain.proc] [CONFIG] [action] InitService
2018-10-21 07:39:45.776 [uncertain.proc] [CONFIG] [action] ParseParameter
2018-10-21 07:39:45.776 [uncertain.proc] [CONFIG] [action] CreateModel
2018-10-21 07:39:45.776 [aurora.database] [CONFIG] ===================================== prepare to run model-query bgt.bgt_budget_balance_query_result_get_dimension_desc==============================
2018-10-21 07:39:45.779 [uncertain.proc] [CONFIG] [action] DecideSqlGenerationMode
2018-10-21 07:39:45.779 [uncertain.proc] [FINE] aurora.database.service.BusinessModelService.onDecideSqlGenerationMode
2018-10-21 07:39:45.779 [uncertain.proc] [CONFIG] [action] CreateOperationSql
2018-10-21 07:39:45.779 [uncertain.proc] [CONFIG] [action] PopulateOperationSql
2018-10-21 07:39:45.779 [uncertain.proc] [FINE] aurora.database.features.OrderByClauseCreator.onPopulateOperationSql
2018-10-21 07:39:45.779 [uncertain.proc] [FINE] aurora.database.features.WhereClauseCreator.onPopulateOperationSql
2018-10-21 07:39:45.779 [uncertain.proc] [CONFIG] [action] ExecuteQuery
2018-10-21 07:39:45.779 [uncertain.proc] [FINE] aurora.bm.QuerySqlCreator.onExecuteQuery
2018-10-21 07:39:45.780 [uncertain.proc] [CONFIG] [action] QueryFinish
2018-10-21 07:39:45.780 [uncertain.proc] [FINE] aurora.database.features.AutoQueryCounter.onQueryFinish
2018-10-21 07:39:45.780 [uncertain.proc] [CONFIG] [action] FetchResultSet
2018-10-21 07:39:45.780 [uncertain.proc] [FINE] aurora.database.features.CacheBasedLookUpField.postFetchResultSet
2018-10-21 07:39:45.780 [aurora.database] [CONFIG] 
============= BEGIN [query] SQL Statement execution dump ============
select 
(select description from fnd_dimensions_vl where dimension_sequence = 1) dimension1,
(select description from fnd_dimensions_vl where dimension_sequence = 2) dimension2,
(select description from fnd_dimensions_vl where dimension_sequence = 3) dimension3,
(select description from fnd_dimensions_vl where dimension_sequence = 4) dimension4,
(select description from fnd_dimensions_vl where dimension_sequence = 5) dimension5,
(select description from fnd_dimensions_vl where dimension_sequence = 6) dimension6,
(select description from fnd_dimensions_vl where dimension_sequence = 7) dimension7,
(select description from fnd_dimensions_vl where dimension_sequence = 8) dimension8,
(select description from fnd_dimensions_vl where dimension_sequence = 9) dimension9,
(select description from fnd_dimensions_vl where dimension_sequence = 10) dimension10
from dual
---------------------Binding info---------------------
null
=============== END [query] SQL Statement execution dump ============

2018-10-21 07:39:45.780 [aurora.database] [CONFIG] ===================================== prepare to run model-query bgt.BGT3010.bgt_budget_balance_query_company==============================
2018-10-21 07:39:45.783 [uncertain.proc] [CONFIG] [action] DecideSqlGenerationMode
2018-10-21 07:39:45.783 [uncertain.proc] [FINE] aurora.database.service.BusinessModelService.onDecideSqlGenerationMode
2018-10-21 07:39:45.783 [uncertain.proc] [CONFIG] [action] CreateOperationSql
2018-10-21 07:39:45.783 [uncertain.proc] [CONFIG] [action] PopulateOperationSql
2018-10-21 07:39:45.783 [uncertain.proc] [FINE] aurora.database.features.OrderByClauseCreator.onPopulateOperationSql
2018-10-21 07:39:45.783 [uncertain.proc] [FINE] aurora.database.features.WhereClauseCreator.onPopulateOperationSql
2018-10-21 07:39:45.783 [uncertain.proc] [CONFIG] [action] ExecuteQuery
2018-10-21 07:39:45.783 [uncertain.proc] [FINE] aurora.bm.QuerySqlCreator.onExecuteQuery
2018-10-21 07:39:45.791 [uncertain.proc] [CONFIG] [action] QueryFinish
2018-10-21 07:39:45.791 [uncertain.proc] [FINE] aurora.database.features.AutoQueryCounter.onQueryFinish
2018-10-21 07:39:45.791 [uncertain.proc] [CONFIG] [action] FetchResultSet
2018-10-21 07:39:45.791 [uncertain.proc] [FINE] aurora.database.features.CacheBasedLookUpField.postFetchResultSet
2018-10-21 07:39:45.791 [aurora.database] [CONFIG] 
============= BEGIN [query] SQL Statement execution dump ============
select fc.COMPANY_ID,
				   fc.COMPANY_CODE,
				   fc.COMPANY_SHORT_NAME
			from  fnd_companies_vl fc
			where (sysdate between fc.START_DATE_ACTIVE and fc.END_DATE_ACTIVE )
			or fc.END_DATE_ACTIVE is null
			order by fc.COMPANY_CODE
---------------------Binding info---------------------
null
=============== END [query] SQL Statement execution dump ============

2018-10-21 07:39:45.791 [aurora.database] [CONFIG] ===================================== prepare to run model-query bgt.bgt_budget_balance_query_bgt_versions==============================
2018-10-21 07:39:45.794 [uncertain.proc] [CONFIG] [action] DecideSqlGenerationMode
2018-10-21 07:39:45.794 [uncertain.proc] [FINE] aurora.database.service.BusinessModelService.onDecideSqlGenerationMode
2018-10-21 07:39:45.794 [uncertain.proc] [CONFIG] [action] CreateOperationSql
2018-10-21 07:39:45.794 [uncertain.proc] [CONFIG] [action] PopulateOperationSql
2018-10-21 07:39:45.794 [uncertain.proc] [FINE] aurora.database.features.OrderByClauseCreator.onPopulateOperationSql
2018-10-21 07:39:45.794 [uncertain.proc] [FINE] aurora.database.features.WhereClauseCreator.onPopulateOperationSql
2018-10-21 07:39:45.794 [uncertain.proc] [CONFIG] [action] ExecuteQuery
2018-10-21 07:39:45.794 [uncertain.proc] [FINE] aurora.bm.QuerySqlCreator.onExecuteQuery
2018-10-21 07:39:45.795 [uncertain.proc] [CONFIG] [action] QueryFinish
2018-10-21 07:39:45.795 [uncertain.proc] [FINE] aurora.database.features.AutoQueryCounter.onQueryFinish
2018-10-21 07:39:45.795 [uncertain.proc] [CONFIG] [action] FetchResultSet
2018-10-21 07:39:45.795 [uncertain.proc] [FINE] aurora.database.features.CacheBasedLookUpField.postFetchResultSet
2018-10-21 07:39:45.795 [aurora.database] [CONFIG] 
============= BEGIN [query] SQL Statement execution dump ============
select t.version_id,t.version_code,t.description 
			from bgt_versions_vl t,
				 bgt_company_versions bcv
			where t.enabled_flag ='Y'
			and t.version_id = bcv.version_id
			and bcv.enabled_flag ='Y'
			and bcv.company_id = ?
			and t.budget_org_id = (select bgt_org_id from bgt_organizations where set_of_books_id = (select set_of_books_id from fnd_companies where company_id = ?))
---------------------Binding info---------------------
No.1	Access path:/session/@company_id	Data type of passed value :java.lang.String	Value:2555	Output:false	Database Type:null	
No.2	Access path:/session/@company_id	Data type of passed value :java.lang.String	Value:2555	Output:false	Database Type:null	

=============== END [query] SQL Statement execution dump ============

2018-10-21 07:39:45.795 [aurora.database] [CONFIG] ===================================== prepare to run model-query bgt.bgt_budget_balance_query_budget_strc==============================
2018-10-21 07:39:45.797 [uncertain.proc] [CONFIG] [action] DecideSqlGenerationMode
2018-10-21 07:39:45.798 [uncertain.proc] [FINE] aurora.database.service.BusinessModelService.onDecideSqlGenerationMode
2018-10-21 07:39:45.798 [uncertain.proc] [CONFIG] [action] CreateOperationSql
2018-10-21 07:39:45.798 [uncertain.proc] [CONFIG] [action] PopulateOperationSql
2018-10-21 07:39:45.798 [uncertain.proc] [FINE] aurora.database.features.OrderByClauseCreator.onPopulateOperationSql
2018-10-21 07:39:45.798 [uncertain.proc] [FINE] aurora.database.features.WhereClauseCreator.onPopulateOperationSql
2018-10-21 07:39:45.798 [uncertain.proc] [CONFIG] [action] ExecuteQuery
2018-10-21 07:39:45.798 [uncertain.proc] [FINE] aurora.bm.QuerySqlCreator.onExecuteQuery
2018-10-21 07:39:45.799 [uncertain.proc] [CONFIG] [action] QueryFinish
2018-10-21 07:39:45.799 [uncertain.proc] [FINE] aurora.database.features.AutoQueryCounter.onQueryFinish
2018-10-21 07:39:45.799 [uncertain.proc] [CONFIG] [action] FetchResultSet
2018-10-21 07:39:45.799 [uncertain.proc] [FINE] aurora.database.features.CacheBasedLookUpField.postFetchResultSet
2018-10-21 07:39:45.799 [aurora.database] [CONFIG] 
============= BEGIN [query] SQL Statement execution dump ============

                SELECT
                    *
                FROM
                    (SELECT
                        V.BUDGET_STRUCTURE_ID,
                        V.BUDGET_STRC_CODE,
                        V.DESCRIPTION,
                        v.PERIOD_STRATEGY,
                        V.PERIOD_SET_CODE
                    FROM
                        BGT_BUDGET_STRUCTURES_VL V
                    WHERE
                        V.ENABLED_FLAG          = 'Y' AND
                        V.BUDGET_STRC_CODE NOT IN ('CCBL_BGT_DSH10') AND
                        EXISTS
                        (SELECT
                            bo.BGT_ORG_ID
                        FROM
                            bgt_organizations_vl bo
                        WHERE
                            bo.BGT_ORG_ID = V.BGT_ORG_ID AND
                            EXISTS
                            (SELECT
                                fc.SET_OF_BOOKS_ID
                            FROM
                                fnd_companies_vl fc
                            WHERE
                                fc.SET_OF_BOOKS_ID = bo.SET_OF_BOOKS_ID AND
                                fc.COMPANY_ID      = ?
                            )
                        )
                    ORDER BY
                        V.BUDGET_STRC_CODE DESC
                    ) o 
            
---------------------Binding info---------------------
No.1	Access path:/session/@company_id	Data type of passed value :java.lang.String	Value:2555	Output:false	Database Type:null	

=============== END [query] SQL Statement execution dump ============

2018-10-21 07:39:45.799 [aurora.database] [CONFIG] ===================================== prepare to run model-query bgt.bgt_budget_balance_query_scenario==============================
2018-10-21 07:39:45.802 [uncertain.proc] [CONFIG] [action] DecideSqlGenerationMode
2018-10-21 07:39:45.802 [uncertain.proc] [FINE] aurora.database.service.BusinessModelService.onDecideSqlGenerationMode
2018-10-21 07:39:45.802 [uncertain.proc] [CONFIG] [action] CreateOperationSql
2018-10-21 07:39:45.802 [uncertain.proc] [CONFIG] [action] PopulateOperationSql
2018-10-21 07:39:45.802 [uncertain.proc] [FINE] aurora.database.features.OrderByClauseCreator.onPopulateOperationSql
2018-10-21 07:39:45.802 [uncertain.proc] [FINE] aurora.database.features.WhereClauseCreator.onPopulateOperationSql
2018-10-21 07:39:45.802 [uncertain.proc] [CONFIG] [action] ExecuteQuery
2018-10-21 07:39:45.802 [uncertain.proc] [FINE] aurora.bm.QuerySqlCreator.onExecuteQuery
2018-10-21 07:39:45.803 [uncertain.proc] [CONFIG] [action] QueryFinish
2018-10-21 07:39:45.803 [uncertain.proc] [FINE] aurora.database.features.AutoQueryCounter.onQueryFinish
2018-10-21 07:39:45.803 [uncertain.proc] [CONFIG] [action] FetchResultSet
2018-10-21 07:39:45.803 [uncertain.proc] [FINE] aurora.database.features.CacheBasedLookUpField.postFetchResultSet
2018-10-21 07:39:45.803 [aurora.database] [CONFIG] 
============= BEGIN [query] SQL Statement execution dump ============
SELECT T.SCENARIO_CODE, T.SCENARIO_ID, T.DESCRIPTION
											  FROM FND_COMPANIES S, BGT_ORGANIZATIONS ORG, BGT_SCENARIOS_VL T
											 WHERE S.COMPANY_ID =?	
											   AND ORG.SET_OF_BOOKS_ID = S.SET_OF_BOOKS_ID
											   AND T.BUDGET_ORG_ID = ORG.BGT_ORG_ID
---------------------Binding info---------------------
No.1	Access path:/session/@company_id	Data type of passed value :java.lang.String	Value:2555	Output:false	Database Type:null	

=============== END [query] SQL Statement execution dump ============

2018-10-21 07:39:45.803 [aurora.database] [CONFIG] ===================================== prepare to run model-query bgt.BGT3010.bgt_budget_banlance_query_quantity_amount==============================
2018-10-21 07:39:45.806 [uncertain.proc] [CONFIG] [action] DecideSqlGenerationMode
2018-10-21 07:39:45.806 [uncertain.proc] [FINE] aurora.database.service.BusinessModelService.onDecideSqlGenerationMode
2018-10-21 07:39:45.806 [uncertain.proc] [CONFIG] [action] CreateOperationSql
2018-10-21 07:39:45.806 [uncertain.proc] [CONFIG] [action] PopulateOperationSql
2018-10-21 07:39:45.806 [uncertain.proc] [FINE] aurora.database.features.OrderByClauseCreator.onPopulateOperationSql
2018-10-21 07:39:45.806 [uncertain.proc] [FINE] aurora.database.features.WhereClauseCreator.onPopulateOperationSql
2018-10-21 07:39:45.806 [uncertain.proc] [CONFIG] [action] ExecuteQuery
2018-10-21 07:39:45.806 [uncertain.proc] [FINE] aurora.bm.QuerySqlCreator.onExecuteQuery
2018-10-21 07:39:45.807 [uncertain.proc] [CONFIG] [action] QueryFinish
2018-10-21 07:39:45.807 [uncertain.proc] [FINE] aurora.database.features.AutoQueryCounter.onQueryFinish
2018-10-21 07:39:45.807 [uncertain.proc] [CONFIG] [action] FetchResultSet
2018-10-21 07:39:45.807 [uncertain.proc] [FINE] aurora.database.features.CacheBasedLookUpField.postFetchResultSet
2018-10-21 07:39:45.807 [aurora.database] [CONFIG] 
============= BEGIN [query] SQL Statement execution dump ============
select (select description
          from sys_prompts
         where prompt_code = 'BGT_CHECK_LOGS.QUANTITY'
           and Language =?) as description,
       'QUANTITY' as code
  from dual
union
select (select description
          from sys_prompts
         where prompt_code = 'BGT_BUDGET_RESERVES.AMOUNT'
           and Language =?) as description,
       'AMOUNT' as code
  from dual
---------------------Binding info---------------------
No.1	Access path:/session/@lang	Data type of passed value :java.lang.String	Value:ZHS	Output:false	Database Type:null	
No.2	Access path:/session/@lang	Data type of passed value :java.lang.String	Value:ZHS	Output:false	Database Type:null	

=============== END [query] SQL Statement execution dump ============

2018-10-21 07:39:45.807 [uncertain.proc] [CONFIG] [action] CreateView
2018-10-21 07:39:45.807 [uncertain.proc] [CONFIG] [action] BuildOutputContent
2018-10-21 07:39:45.807 [aurora.presentation.buildsession] [CONFIG] Start build session
2018-10-21 07:39:45.807 [aurora.presentation.buildsession] [CONFIG] building view: <html-page> -> aurora.presentation.component.HtmlPage@293888f0
2018-10-21 07:39:45.808 [aurora.presentation.buildsession] [CONFIG] building view: <link> -> aurora.presentation.TemplateBasedView@3dda489e
2018-10-21 07:39:45.808 [aurora.presentation.buildsession] [CONFIG] building view: <link> -> aurora.presentation.TemplateBasedView@3dda489e
2018-10-21 07:39:45.808 [aurora.presentation.buildsession] [CONFIG] building view: <link> -> aurora.presentation.TemplateBasedView@3dda489e
2018-10-21 07:39:45.808 [aurora.presentation.buildsession] [CONFIG] building view: <script> -> aurora.presentation.DefaultViewBuilder@35f5c5a3
2018-10-21 07:39:45.808 [aurora.presentation.buildsession] [CONFIG] building view: <dataSets> -> aurora.application.features.DataSetInit@69ed33c7
2018-10-21 07:39:45.808 [aurora.presentation.buildsession] [CONFIG] building view: <dataSet> -> aurora.presentation.TemplateBasedView@3dda489e
2018-10-21 07:39:45.810 [aurora.presentation.buildsession] [CONFIG] building view: <dataSet> -> aurora.presentation.TemplateBasedView@3dda489e
2018-10-21 07:39:45.811 [aurora.presentation.buildsession] [CONFIG] building view: <dataSet> -> aurora.presentation.TemplateBasedView@3dda489e
2018-10-21 07:39:45.811 [aurora.presentation.buildsession] [CONFIG] building view: <dataSet> -> aurora.presentation.TemplateBasedView@3dda489e
2018-10-21 07:39:45.812 [aurora.presentation.buildsession] [CONFIG] building view: <dataSet> -> aurora.presentation.TemplateBasedView@3dda489e
2018-10-21 07:39:45.813 [aurora.presentation.buildsession] [CONFIG] building view: <dataSet> -> aurora.presentation.TemplateBasedView@3dda489e
2018-10-21 07:39:45.813 [aurora.presentation.buildsession] [CONFIG] building view: <dataSet> -> aurora.presentation.TemplateBasedView@3dda489e
2018-10-21 07:39:45.814 [aurora.presentation.buildsession] [CONFIG] building view: <screenBody> -> aurora.presentation.component.std.ScreenBody@29c60a38
2018-10-21 07:39:45.814 [aurora.presentation.buildsession] [CONFIG] building view: <screenTopToolbar> -> aurora.presentation.component.std.ScreenTopToolbar@6b8bbc99
2018-10-21 07:39:45.814 [aurora.presentation.buildsession] [CONFIG] building view: <screenTitle> -> aurora.presentation.component.std.ScreenTitle@619c610
2018-10-21 07:39:45.818 [uncertain.proc] [CONFIG] [action] DecideSqlGenerationMode
2018-10-21 07:39:45.818 [uncertain.proc] [FINE] aurora.database.service.BusinessModelService.onDecideSqlGenerationMode
2018-10-21 07:39:45.818 [uncertain.proc] [CONFIG] [action] CreatequeryStatement
2018-10-21 07:39:45.818 [uncertain.proc] [FINE] aurora.bm.QuerySqlCreator.onCreateQueryStatement
2018-10-21 07:39:45.818 [uncertain.proc] [CONFIG] [action] PopulatequeryStatement
2018-10-21 07:39:45.818 [uncertain.proc] [FINE] aurora.database.features.OrderByClauseCreator.onPopulateQueryStatement
2018-10-21 07:39:45.818 [uncertain.proc] [FINE] aurora.database.features.WhereClauseCreator.onPopulateQueryStatement
2018-10-21 07:39:45.818 [uncertain.proc] [CONFIG] [action] CreatequerySql
2018-10-21 07:39:45.818 [uncertain.proc] [FINE] aurora.bm.QuerySqlCreator.onCreateQuerySql
2018-10-21 07:39:45.818 [uncertain.proc] [CONFIG] [action] ExecuteQuery
2018-10-21 07:39:45.818 [uncertain.proc] [FINE] aurora.bm.QuerySqlCreator.onExecuteQuery
2018-10-21 07:39:45.819 [uncertain.proc] [CONFIG] [action] QueryFinish
2018-10-21 07:39:45.819 [uncertain.proc] [FINE] aurora.database.features.AutoQueryCounter.onQueryFinish
2018-10-21 07:39:45.819 [uncertain.proc] [CONFIG] [action] FetchResultSet
2018-10-21 07:39:45.819 [uncertain.proc] [FINE] aurora.database.features.CacheBasedLookUpField.postFetchResultSet
2018-10-21 07:39:45.819 [aurora.database] [CONFIG] 
============= BEGIN [query] SQL Statement execution dump ============
SELECT f.service_id,f.service_name,f.is_entry_page,f.is_access_checked,f.is_login_required,f.is_system_access,? AS language,(select d.description_text from fnd_descriptions d where d.description_id = f.title_id and d.language = ?) AS title,f.title_id,f.weixin_flag
FROM sys_service f
WHERE f.service_name = ?
ORDER BY service_name
---------------------Binding info---------------------
No.1	Access path:/session/@lang	Data type of passed value :java.lang.String	Value:ZHS	Output:false	Database Type:null	
No.2	Access path:/session/@lang	Data type of passed value :java.lang.String	Value:ZHS	Output:false	Database Type:null	
No.3	Access path:@service_name	Data type of passed value :java.lang.String	Value:modules/bgt/BGT3010/bgt_budget_balance_qurey_results.screen	Output:false	Database Type:null	

=============== END [query] SQL Statement execution dump ============

2018-10-21 07:39:45.819 [aurora.presentation.buildsession] [CONFIG] building view: <toolbarButton> -> aurora.presentation.TemplateBasedView@3dda489e
2018-10-21 07:39:45.819 [aurora.presentation.buildsession] [CONFIG] building view: <toolbarButton> -> aurora.presentation.TemplateBasedView@3dda489e
2018-10-21 07:39:45.819 [aurora.presentation.buildsession] [CONFIG] building view: <toolbarButton> -> aurora.presentation.TemplateBasedView@3dda489e
2018-10-21 07:39:45.819 [aurora.presentation.buildsession] [CONFIG] building view: <gridButton> -> aurora.presentation.TemplateBasedView@3dda489e
2018-10-21 07:39:45.820 [aurora.presentation.buildsession] [CONFIG] building view: <form> -> aurora.presentation.component.std.Form@31a80c29
2018-10-21 07:39:45.820 [aurora.presentation.buildsession] [CONFIG] building view: <box> -> aurora.presentation.component.std.Box@3da0f57a
2018-10-21 07:39:45.820 [aurora.presentation.buildsession] [CONFIG] building view: <textField> -> aurora.presentation.TemplateBasedView@3dda489e
2018-10-21 07:39:45.820 [aurora.presentation.buildsession] [CONFIG] building view: <textField> -> aurora.presentation.TemplateBasedView@3dda489e
2018-10-21 07:39:45.820 [aurora.presentation.buildsession] [CONFIG] building view: <textField> -> aurora.presentation.TemplateBasedView@3dda489e
2018-10-21 07:39:45.820 [aurora.presentation.buildsession] [CONFIG] building view: <textField> -> aurora.presentation.TemplateBasedView@3dda489e
2018-10-21 07:39:45.820 [aurora.presentation.buildsession] [CONFIG] building view: <textField> -> aurora.presentation.TemplateBasedView@3dda489e
2018-10-21 07:39:45.820 [aurora.presentation.buildsession] [CONFIG] building view: <grid> -> aurora.presentation.TemplateBasedView@3dda489e
2018-10-21 07:39:45.820 [aurora.presentation.buildsession] [CONFIG] building view: <navBar> -> aurora.presentation.TemplateBasedView@3dda489e
2018-10-21 07:39:45.822 [aurora.presentation.buildsession] [CONFIG] building view: <button> -> aurora.presentation.TemplateBasedView@3dda489e
2018-10-21 07:39:45.822 [aurora.presentation.buildsession] [CONFIG] building view: <button> -> aurora.presentation.TemplateBasedView@3dda489e
2018-10-21 07:39:45.822 [aurora.presentation.buildsession] [CONFIG] building view: <separator> -> aurora.presentation.TemplateBasedView@3dda489e
2018-10-21 07:39:45.822 [aurora.presentation.buildsession] [CONFIG] building view: <div> -> aurora.presentation.DefaultViewBuilder@35f5c5a3
2018-10-21 07:39:45.822 [aurora.presentation.buildsession] [CONFIG] building view: <numberField> -> aurora.presentation.TemplateBasedView@3dda489e
2018-10-21 07:39:45.822 [aurora.presentation.buildsession] [CONFIG] building view: <div> -> aurora.presentation.DefaultViewBuilder@35f5c5a3
2018-10-21 07:39:45.822 [aurora.presentation.buildsession] [CONFIG] building view: <separator> -> aurora.presentation.TemplateBasedView@3dda489e
2018-10-21 07:39:45.822 [aurora.presentation.buildsession] [CONFIG] building view: <button> -> aurora.presentation.TemplateBasedView@3dda489e
2018-10-21 07:39:45.822 [aurora.presentation.buildsession] [CONFIG] building view: <button> -> aurora.presentation.TemplateBasedView@3dda489e
2018-10-21 07:39:45.823 [aurora.presentation.buildsession] [CONFIG] building view: <button> -> aurora.presentation.TemplateBasedView@3dda489e
2018-10-21 07:39:45.823 [aurora.presentation.buildsession] [CONFIG] building view: <separator> -> aurora.presentation.TemplateBasedView@3dda489e
2018-10-21 07:39:45.823 [aurora.presentation.buildsession] [CONFIG] building view: <div> -> aurora.presentation.DefaultViewBuilder@35f5c5a3
2018-10-21 07:39:45.823 [aurora.presentation.buildsession] [CONFIG] building view: <comboBox> -> aurora.presentation.TemplateBasedView@3dda489e
2018-10-21 07:39:45.823 [aurora.presentation.buildsession] [CONFIG] building view: <div> -> aurora.presentation.DefaultViewBuilder@35f5c5a3
2018-10-21 07:39:45.823 [aurora.presentation.buildsession] [CONFIG] building view: <separator> -> aurora.presentation.TemplateBasedView@3dda489e
2018-10-21 07:39:45.823 [aurora.presentation.buildsession] [CONFIG] building view: <div> -> aurora.presentation.DefaultViewBuilder@35f5c5a3
2018-10-21 07:39:45.835 [aurora.presentation.buildsession] [CONFIG] building view: <script> -> aurora.presentation.DefaultViewBuilder@35f5c5a3
2018-10-21 07:39:45.836 [aurora.presentation.buildsession] [CONFIG] End build session
