2018-10-17 08:32:50.176 [aurora.application.session_check] [CONFIG] Session data copied to context
2018-10-17 08:32:50.176 [aurora.application.session_check] [CONFIG] Access check result for modules/bgt/BGT3010/bgt_budget_balance_budget_insert_control.svc => success
2018-10-17 08:32:50.176 [uncertain.proc] [CONFIG] [action] AccessCheck
2018-10-17 08:32:50.178 [uncertain.proc] [CONFIG] [action] CheckServiceLock
2018-10-17 08:32:50.178 [uncertain.proc] [CONFIG] [action] ParseParameter
2018-10-17 08:32:50.178 [uncertain.proc] [CONFIG] [action] ValidateInput
2018-10-17 08:32:50.179 [uncertain.proc] [CONFIG] [action] InvokeService
2018-10-17 08:32:50.182 [uncertain.proc] [CONFIG] [action] DecideStatement
2018-10-17 08:32:50.184 [uncertain.proc] [CONFIG] [action] DecideSqlGenerationMode
2018-10-17 08:32:50.184 [uncertain.proc] [FINE] aurora.database.service.BusinessModelService.onDecideSqlGenerationMode
2018-10-17 08:32:50.184 [uncertain.proc] [CONFIG] [action] CreateOperationSql
2018-10-17 08:32:50.184 [uncertain.proc] [CONFIG] [action] PopulateOperationSql
2018-10-17 08:32:50.184 [uncertain.proc] [FINE] aurora.database.features.OrderByClauseCreator.onPopulateOperationSql
2018-10-17 08:32:50.184 [uncertain.proc] [FINE] aurora.database.features.WhereClauseCreator.onPopulateOperationSql
2018-10-17 08:32:50.184 [uncertain.proc] [CONFIG] [action] CreateSqlRunner
2018-10-17 08:32:50.184 [uncertain.proc] [FINE] aurora.database.service.BusinessModelService.onCreateSqlRunner
2018-10-17 08:32:50.184 [uncertain.proc] [CONFIG] [action] ExecuteDmlStatement
2018-10-17 08:32:50.184 [uncertain.proc] [FINE] aurora.database.service.BusinessModelService.onExecuteDmlStatement
2018-10-17 08:32:50.185 [aurora.database] [CONFIG] 
============= BEGIN [Delete] SQL Statement execution dump ============

                begin
                    BGT_BALANCE_QUERY_PKG.DELETE_BALANCE_QUREY_CONDS_TMP
                    (
                        p_session_id=>?
                    );
                end;
---------------------Binding info---------------------
No.1	Access path:/session/@session_id	Data type of passed value :java.lang.Long	Value:55497	Output:false	Database Type:null	

=============== END [Delete] SQL Statement execution dump ============

2018-10-17 08:32:50.185 [aurora.database] [CONFIG] Running batch-apply with data from path /parameter/details, total 13 records
2018-10-17 08:32:50.185 [aurora.database] [CONFIG] Executing batch-apply on parameter No.0
2018-10-17 08:32:50.188 [uncertain.proc] [CONFIG] [action] DecideStatement
2018-10-17 08:32:50.190 [uncertain.proc] [CONFIG] [action] DecideSqlGenerationMode
2018-10-17 08:32:50.190 [uncertain.proc] [FINE] aurora.database.service.BusinessModelService.onDecideSqlGenerationMode
2018-10-17 08:32:50.190 [uncertain.proc] [CONFIG] [action] CreateOperationSql
2018-10-17 08:32:50.190 [uncertain.proc] [CONFIG] [action] PopulateOperationSql
2018-10-17 08:32:50.190 [uncertain.proc] [FINE] aurora.database.features.OrderByClauseCreator.onPopulateOperationSql
2018-10-17 08:32:50.190 [uncertain.proc] [FINE] aurora.database.features.WhereClauseCreator.onPopulateOperationSql
2018-10-17 08:32:50.190 [uncertain.proc] [CONFIG] [action] CreateSqlRunner
2018-10-17 08:32:50.190 [uncertain.proc] [FINE] aurora.database.service.BusinessModelService.onCreateSqlRunner
2018-10-17 08:32:50.190 [uncertain.proc] [CONFIG] [action] ExecuteDmlStatement
2018-10-17 08:32:50.190 [uncertain.proc] [FINE] aurora.database.service.BusinessModelService.onExecuteDmlStatement
2018-10-17 08:32:50.191 [aurora.database] [CONFIG] 
============= BEGIN [Insert] SQL Statement execution dump ============

                begin
                    BGT_BALANCE_QUERY_PKG.INSERT_BALANCE_QUREY_CONDS_TMP
                    (
                        p_session_id=>?,
                        p_parameter=>?,
                        p_id=>null,
                        p_code=>?,
                        p_control_rule_range=>?,
                        p_parameter_lower_limit=>?,
                        p_parameter_upper_limit=>?,
                        p_user_id=>?
                    );
                end;
---------------------Binding info---------------------
No.1	Access path:/session/@session_id	Data type of passed value :java.lang.Long	Value:55497	Output:false	Database Type:null	
No.2	Access path:@parameter_code	Data type of passed value :java.lang.String	Value:COMPANY	Output:false	Database Type:null	
No.3	Access path:@position_code	Data type of passed value :java.lang.String	Value:8600000000	Output:false	Database Type:null	
No.4	Access path:@control_rule_range	Data type of passed value :java.lang.String	Value:ALL	Output:false	Database Type:null	
No.5	Access path:@position_code_from	Data type of passed value :java.lang.String	Value:8600000000	Output:false	Database Type:null	
No.6	Access path:@position_code_to	Data type of passed value :java.lang.String	Value:8600000000	Output:false	Database Type:null	
No.7	Access path:/session/@user_id	Data type of passed value :java.lang.Long	Value:1	Output:false	Database Type:null	

=============== END [Insert] SQL Statement execution dump ============

2018-10-17 08:32:50.191 [aurora.database] [CONFIG] Executing batch-apply on parameter No.1
2018-10-17 08:32:50.194 [uncertain.proc] [CONFIG] [action] DecideStatement
2018-10-17 08:32:50.196 [uncertain.proc] [CONFIG] [action] DecideSqlGenerationMode
2018-10-17 08:32:50.196 [uncertain.proc] [FINE] aurora.database.service.BusinessModelService.onDecideSqlGenerationMode
2018-10-17 08:32:50.196 [uncertain.proc] [CONFIG] [action] CreateOperationSql
2018-10-17 08:32:50.196 [uncertain.proc] [CONFIG] [action] PopulateOperationSql
2018-10-17 08:32:50.196 [uncertain.proc] [FINE] aurora.database.features.OrderByClauseCreator.onPopulateOperationSql
2018-10-17 08:32:50.196 [uncertain.proc] [FINE] aurora.database.features.WhereClauseCreator.onPopulateOperationSql
2018-10-17 08:32:50.196 [uncertain.proc] [CONFIG] [action] CreateSqlRunner
2018-10-17 08:32:50.196 [uncertain.proc] [FINE] aurora.database.service.BusinessModelService.onCreateSqlRunner
2018-10-17 08:32:50.196 [uncertain.proc] [CONFIG] [action] ExecuteDmlStatement
2018-10-17 08:32:50.196 [uncertain.proc] [FINE] aurora.database.service.BusinessModelService.onExecuteDmlStatement
2018-10-17 08:32:50.197 [aurora.database] [CONFIG] 
============= BEGIN [Insert] SQL Statement execution dump ============

                begin
                    BGT_BALANCE_QUERY_PKG.INSERT_BALANCE_QUREY_CONDS_TMP
                    (
                        p_session_id=>?,
                        p_parameter=>?,
                        p_id=>null,
                        p_code=>?,
                        p_control_rule_range=>?,
                        p_parameter_lower_limit=>?,
                        p_parameter_upper_limit=>?,
                        p_user_id=>?
                    );
                end;
---------------------Binding info---------------------
No.1	Access path:/session/@session_id	Data type of passed value :java.lang.Long	Value:55497	Output:false	Database Type:null	
No.2	Access path:@parameter_code	Data type of passed value :java.lang.String	Value:BUDGET_VERSION	Output:false	Database Type:null	
No.3	Access path:@position_code	Data type of passed value :java.lang.String	Value:TEST1017_1	Output:false	Database Type:null	
No.4	Access path:@control_rule_range	Data type of passed value :java.lang.String	Value:ALL	Output:false	Database Type:null	
No.5	Access path:@position_code_from	Data type of passed value :java.lang.String	Value:TEST1017_1	Output:false	Database Type:null	
No.6	Access path:@position_code_to	Data type of passed value :java.lang.String	Value:TEST1017_1	Output:false	Database Type:null	
No.7	Access path:/session/@user_id	Data type of passed value :java.lang.Long	Value:1	Output:false	Database Type:null	

=============== END [Insert] SQL Statement execution dump ============

2018-10-17 08:32:50.197 [aurora.database] [CONFIG] Executing batch-apply on parameter No.2
2018-10-17 08:32:50.199 [uncertain.proc] [CONFIG] [action] DecideStatement
2018-10-17 08:32:50.201 [uncertain.proc] [CONFIG] [action] DecideSqlGenerationMode
2018-10-17 08:32:50.201 [uncertain.proc] [FINE] aurora.database.service.BusinessModelService.onDecideSqlGenerationMode
2018-10-17 08:32:50.201 [uncertain.proc] [CONFIG] [action] CreateOperationSql
2018-10-17 08:32:50.201 [uncertain.proc] [CONFIG] [action] PopulateOperationSql
2018-10-17 08:32:50.201 [uncertain.proc] [FINE] aurora.database.features.OrderByClauseCreator.onPopulateOperationSql
2018-10-17 08:32:50.201 [uncertain.proc] [FINE] aurora.database.features.WhereClauseCreator.onPopulateOperationSql
2018-10-17 08:32:50.201 [uncertain.proc] [CONFIG] [action] CreateSqlRunner
2018-10-17 08:32:50.201 [uncertain.proc] [FINE] aurora.database.service.BusinessModelService.onCreateSqlRunner
2018-10-17 08:32:50.201 [uncertain.proc] [CONFIG] [action] ExecuteDmlStatement
2018-10-17 08:32:50.201 [uncertain.proc] [FINE] aurora.database.service.BusinessModelService.onExecuteDmlStatement
2018-10-17 08:32:50.202 [aurora.database] [CONFIG] 
============= BEGIN [Insert] SQL Statement execution dump ============

                begin
                    BGT_BALANCE_QUERY_PKG.INSERT_BALANCE_QUREY_CONDS_TMP
                    (
                        p_session_id=>?,
                        p_parameter=>?,
                        p_id=>null,
                        p_code=>?,
                        p_control_rule_range=>?,
                        p_parameter_lower_limit=>?,
                        p_parameter_upper_limit=>?,
                        p_user_id=>?
                    );
                end;
---------------------Binding info---------------------
No.1	Access path:/session/@session_id	Data type of passed value :java.lang.Long	Value:55497	Output:false	Database Type:null	
No.2	Access path:@parameter_code	Data type of passed value :java.lang.String	Value:BUDGET_SCENARIO	Output:false	Database Type:null	
No.3	Access path:@position_code	Data type of passed value :java.lang.String	Value:TEST1017_1	Output:false	Database Type:null	
No.4	Access path:@control_rule_range	Data type of passed value :java.lang.String	Value:ALL	Output:false	Database Type:null	
No.5	Access path:@position_code_from	Data type of passed value :java.lang.String	Value:TEST1017_1	Output:false	Database Type:null	
No.6	Access path:@position_code_to	Data type of passed value :java.lang.String	Value:TEST1017_1	Output:false	Database Type:null	
No.7	Access path:/session/@user_id	Data type of passed value :java.lang.Long	Value:1	Output:false	Database Type:null	

=============== END [Insert] SQL Statement execution dump ============

2018-10-17 08:32:50.202 [aurora.database] [CONFIG] Executing batch-apply on parameter No.3
2018-10-17 08:32:50.204 [uncertain.proc] [CONFIG] [action] DecideStatement
2018-10-17 08:32:50.206 [uncertain.proc] [CONFIG] [action] DecideSqlGenerationMode
2018-10-17 08:32:50.206 [uncertain.proc] [FINE] aurora.database.service.BusinessModelService.onDecideSqlGenerationMode
2018-10-17 08:32:50.206 [uncertain.proc] [CONFIG] [action] CreateOperationSql
2018-10-17 08:32:50.206 [uncertain.proc] [CONFIG] [action] PopulateOperationSql
2018-10-17 08:32:50.206 [uncertain.proc] [FINE] aurora.database.features.OrderByClauseCreator.onPopulateOperationSql
2018-10-17 08:32:50.206 [uncertain.proc] [FINE] aurora.database.features.WhereClauseCreator.onPopulateOperationSql
2018-10-17 08:32:50.206 [uncertain.proc] [CONFIG] [action] CreateSqlRunner
2018-10-17 08:32:50.206 [uncertain.proc] [FINE] aurora.database.service.BusinessModelService.onCreateSqlRunner
2018-10-17 08:32:50.206 [uncertain.proc] [CONFIG] [action] ExecuteDmlStatement
2018-10-17 08:32:50.206 [uncertain.proc] [FINE] aurora.database.service.BusinessModelService.onExecuteDmlStatement
2018-10-17 08:32:50.207 [aurora.database] [CONFIG] 
============= BEGIN [Insert] SQL Statement execution dump ============

                begin
                    BGT_BALANCE_QUERY_PKG.INSERT_BALANCE_QUREY_CONDS_TMP
                    (
                        p_session_id=>?,
                        p_parameter=>?,
                        p_id=>null,
                        p_code=>?,
                        p_control_rule_range=>?,
                        p_parameter_lower_limit=>?,
                        p_parameter_upper_limit=>?,
                        p_user_id=>?
                    );
                end;
---------------------Binding info---------------------
No.1	Access path:/session/@session_id	Data type of passed value :java.lang.Long	Value:55497	Output:false	Database Type:null	
No.2	Access path:@parameter_code	Data type of passed value :java.lang.String	Value:BUDGET_STRUCTURE	Output:false	Database Type:null	
No.3	Access path:@position_code	Data type of passed value :java.lang.String	Value:TEST1017_1	Output:false	Database Type:null	
No.4	Access path:@control_rule_range	Data type of passed value :java.lang.String	Value:ALL	Output:false	Database Type:null	
No.5	Access path:@position_code_from	Data type of passed value :java.lang.String	Value:TEST1017_1	Output:false	Database Type:null	
No.6	Access path:@position_code_to	Data type of passed value :java.lang.String	Value:TEST1017_1	Output:false	Database Type:null	
No.7	Access path:/session/@user_id	Data type of passed value :java.lang.Long	Value:1	Output:false	Database Type:null	

=============== END [Insert] SQL Statement execution dump ============

2018-10-17 08:32:50.207 [aurora.database] [CONFIG] Executing batch-apply on parameter No.4
2018-10-17 08:32:50.210 [uncertain.proc] [CONFIG] [action] DecideStatement
2018-10-17 08:32:50.218 [uncertain.proc] [CONFIG] [action] DecideSqlGenerationMode
2018-10-17 08:32:50.218 [uncertain.proc] [FINE] aurora.database.service.BusinessModelService.onDecideSqlGenerationMode
2018-10-17 08:32:50.218 [uncertain.proc] [CONFIG] [action] CreateOperationSql
2018-10-17 08:32:50.218 [uncertain.proc] [CONFIG] [action] PopulateOperationSql
2018-10-17 08:32:50.218 [uncertain.proc] [FINE] aurora.database.features.OrderByClauseCreator.onPopulateOperationSql
2018-10-17 08:32:50.218 [uncertain.proc] [FINE] aurora.database.features.WhereClauseCreator.onPopulateOperationSql
2018-10-17 08:32:50.218 [uncertain.proc] [CONFIG] [action] CreateSqlRunner
2018-10-17 08:32:50.218 [uncertain.proc] [FINE] aurora.database.service.BusinessModelService.onCreateSqlRunner
2018-10-17 08:32:50.218 [uncertain.proc] [CONFIG] [action] ExecuteDmlStatement
2018-10-17 08:32:50.218 [uncertain.proc] [FINE] aurora.database.service.BusinessModelService.onExecuteDmlStatement
2018-10-17 08:32:50.222 [aurora.database] [CONFIG] 
============= BEGIN [Insert] SQL Statement execution dump ============

                begin
                    BGT_BALANCE_QUERY_PKG.INSERT_BALANCE_QUREY_CONDS_TMP
                    (
                        p_session_id=>?,
                        p_parameter=>?,
                        p_id=>null,
                        p_code=>?,
                        p_control_rule_range=>?,
                        p_parameter_lower_limit=>?,
                        p_parameter_upper_limit=>?,
                        p_user_id=>?
                    );
                end;
---------------------Binding info---------------------
No.1	Access path:/session/@session_id	Data type of passed value :java.lang.Long	Value:55497	Output:false	Database Type:null	
No.2	Access path:@parameter_code	Data type of passed value :java.lang.String	Value:PERIOD	Output:false	Database Type:null	
No.3	Access path:@position_code	Data type of passed value :java.lang.String	Value:	Output:false	Database Type:null	
No.4	Access path:@control_rule_range	Data type of passed value :java.lang.String	Value:ALL	Output:false	Database Type:null	
No.5	Access path:@position_code_from	Data type of passed value :java.lang.String	Value:2018-10	Output:false	Database Type:null	
No.6	Access path:@position_code_to	Data type of passed value :java.lang.String	Value:2018-10	Output:false	Database Type:null	
No.7	Access path:/session/@user_id	Data type of passed value :java.lang.Long	Value:1	Output:false	Database Type:null	

=============== END [Insert] SQL Statement execution dump ============

2018-10-17 08:32:50.222 [aurora.database] [CONFIG] Executing batch-apply on parameter No.5
2018-10-17 08:32:50.228 [uncertain.proc] [CONFIG] [action] DecideStatement
2018-10-17 08:32:50.229 [uncertain.proc] [CONFIG] [action] DecideSqlGenerationMode
2018-10-17 08:32:50.229 [uncertain.proc] [FINE] aurora.database.service.BusinessModelService.onDecideSqlGenerationMode
2018-10-17 08:32:50.229 [uncertain.proc] [CONFIG] [action] CreateOperationSql
2018-10-17 08:32:50.229 [uncertain.proc] [CONFIG] [action] PopulateOperationSql
2018-10-17 08:32:50.229 [uncertain.proc] [FINE] aurora.database.features.OrderByClauseCreator.onPopulateOperationSql
2018-10-17 08:32:50.229 [uncertain.proc] [FINE] aurora.database.features.WhereClauseCreator.onPopulateOperationSql
2018-10-17 08:32:50.229 [uncertain.proc] [CONFIG] [action] CreateSqlRunner
2018-10-17 08:32:50.229 [uncertain.proc] [FINE] aurora.database.service.BusinessModelService.onCreateSqlRunner
2018-10-17 08:32:50.229 [uncertain.proc] [CONFIG] [action] ExecuteDmlStatement
2018-10-17 08:32:50.229 [uncertain.proc] [FINE] aurora.database.service.BusinessModelService.onExecuteDmlStatement
2018-10-17 08:32:50.229 [aurora.database] [CONFIG] 
============= BEGIN [Insert] SQL Statement execution dump ============

                begin
                    BGT_BALANCE_QUERY_PKG.INSERT_BALANCE_QUREY_CONDS_TMP
                    (
                        p_session_id=>?,
                        p_parameter=>?,
                        p_id=>null,
                        p_code=>?,
                        p_control_rule_range=>?,
                        p_parameter_lower_limit=>?,
                        p_parameter_upper_limit=>?,
                        p_user_id=>?
                    );
                end;
---------------------Binding info---------------------
No.1	Access path:/session/@session_id	Data type of passed value :java.lang.Long	Value:55497	Output:false	Database Type:null	
No.2	Access path:@parameter_code	Data type of passed value :java.lang.String	Value:PERIOD_QUARTER	Output:false	Database Type:null	
No.3	Access path:@position_code	Data type of passed value :java.lang.String	Value:	Output:false	Database Type:null	
No.4	Access path:@control_rule_range	Data type of passed value :java.lang.String	Value:ALL	Output:false	Database Type:null	
No.5	Access path:@position_code_from	Data type of passed value :[null]	Value:null	Output:false	Database Type:null	
No.6	Access path:@position_code_to	Data type of passed value :[null]	Value:null	Output:false	Database Type:null	
No.7	Access path:/session/@user_id	Data type of passed value :java.lang.Long	Value:1	Output:false	Database Type:null	

=============== END [Insert] SQL Statement execution dump ============

2018-10-17 08:32:50.229 [aurora.database] [CONFIG] Executing batch-apply on parameter No.6
2018-10-17 08:32:50.231 [uncertain.proc] [CONFIG] [action] DecideStatement
2018-10-17 08:32:50.232 [uncertain.proc] [CONFIG] [action] DecideSqlGenerationMode
2018-10-17 08:32:50.232 [uncertain.proc] [FINE] aurora.database.service.BusinessModelService.onDecideSqlGenerationMode
2018-10-17 08:32:50.232 [uncertain.proc] [CONFIG] [action] CreateOperationSql
2018-10-17 08:32:50.232 [uncertain.proc] [CONFIG] [action] PopulateOperationSql
2018-10-17 08:32:50.233 [uncertain.proc] [FINE] aurora.database.features.OrderByClauseCreator.onPopulateOperationSql
2018-10-17 08:32:50.233 [uncertain.proc] [FINE] aurora.database.features.WhereClauseCreator.onPopulateOperationSql
2018-10-17 08:32:50.233 [uncertain.proc] [CONFIG] [action] CreateSqlRunner
2018-10-17 08:32:50.233 [uncertain.proc] [FINE] aurora.database.service.BusinessModelService.onCreateSqlRunner
2018-10-17 08:32:50.233 [uncertain.proc] [CONFIG] [action] ExecuteDmlStatement
2018-10-17 08:32:50.233 [uncertain.proc] [FINE] aurora.database.service.BusinessModelService.onExecuteDmlStatement
2018-10-17 08:32:50.233 [aurora.database] [CONFIG] 
============= BEGIN [Insert] SQL Statement execution dump ============

                begin
                    BGT_BALANCE_QUERY_PKG.INSERT_BALANCE_QUREY_CONDS_TMP
                    (
                        p_session_id=>?,
                        p_parameter=>?,
                        p_id=>null,
                        p_code=>?,
                        p_control_rule_range=>?,
                        p_parameter_lower_limit=>?,
                        p_parameter_upper_limit=>?,
                        p_user_id=>?
                    );
                end;
---------------------Binding info---------------------
No.1	Access path:/session/@session_id	Data type of passed value :java.lang.Long	Value:55497	Output:false	Database Type:null	
No.2	Access path:@parameter_code	Data type of passed value :java.lang.String	Value:PERIOD_YEAR	Output:false	Database Type:null	
No.3	Access path:@position_code	Data type of passed value :java.lang.String	Value:	Output:false	Database Type:null	
No.4	Access path:@control_rule_range	Data type of passed value :java.lang.String	Value:ALL	Output:false	Database Type:null	
No.5	Access path:@position_code_from	Data type of passed value :[null]	Value:null	Output:false	Database Type:null	
No.6	Access path:@position_code_to	Data type of passed value :[null]	Value:null	Output:false	Database Type:null	
No.7	Access path:/session/@user_id	Data type of passed value :java.lang.Long	Value:1	Output:false	Database Type:null	

=============== END [Insert] SQL Statement execution dump ============

2018-10-17 08:32:50.233 [aurora.database] [CONFIG] Executing batch-apply on parameter No.7
2018-10-17 08:32:50.236 [uncertain.proc] [CONFIG] [action] DecideStatement
2018-10-17 08:32:50.237 [uncertain.proc] [CONFIG] [action] DecideSqlGenerationMode
2018-10-17 08:32:50.237 [uncertain.proc] [FINE] aurora.database.service.BusinessModelService.onDecideSqlGenerationMode
2018-10-17 08:32:50.237 [uncertain.proc] [CONFIG] [action] CreateOperationSql
2018-10-17 08:32:50.237 [uncertain.proc] [CONFIG] [action] PopulateOperationSql
2018-10-17 08:32:50.237 [uncertain.proc] [FINE] aurora.database.features.OrderByClauseCreator.onPopulateOperationSql
2018-10-17 08:32:50.237 [uncertain.proc] [FINE] aurora.database.features.WhereClauseCreator.onPopulateOperationSql
2018-10-17 08:32:50.237 [uncertain.proc] [CONFIG] [action] CreateSqlRunner
2018-10-17 08:32:50.237 [uncertain.proc] [FINE] aurora.database.service.BusinessModelService.onCreateSqlRunner
2018-10-17 08:32:50.237 [uncertain.proc] [CONFIG] [action] ExecuteDmlStatement
2018-10-17 08:32:50.237 [uncertain.proc] [FINE] aurora.database.service.BusinessModelService.onExecuteDmlStatement
2018-10-17 08:32:50.237 [aurora.database] [CONFIG] 
============= BEGIN [Insert] SQL Statement execution dump ============

                begin
                    BGT_BALANCE_QUERY_PKG.INSERT_BALANCE_QUREY_CONDS_TMP
                    (
                        p_session_id=>?,
                        p_parameter=>?,
                        p_id=>null,
                        p_code=>?,
                        p_control_rule_range=>?,
                        p_parameter_lower_limit=>?,
                        p_parameter_upper_limit=>?,
                        p_user_id=>?
                    );
                end;
---------------------Binding info---------------------
No.1	Access path:/session/@session_id	Data type of passed value :java.lang.Long	Value:55497	Output:false	Database Type:null	
No.2	Access path:@parameter_code	Data type of passed value :java.lang.String	Value:BUDGET_ITEM	Output:false	Database Type:null	
No.3	Access path:@position_code	Data type of passed value :[null]	Value:null	Output:false	Database Type:null	
No.4	Access path:@control_rule_range	Data type of passed value :java.lang.String	Value:ALL	Output:false	Database Type:null	
No.5	Access path:@position_code_from	Data type of passed value :[null]	Value:null	Output:false	Database Type:null	
No.6	Access path:@position_code_to	Data type of passed value :[null]	Value:null	Output:false	Database Type:null	
No.7	Access path:/session/@user_id	Data type of passed value :java.lang.Long	Value:1	Output:false	Database Type:null	

=============== END [Insert] SQL Statement execution dump ============

2018-10-17 08:32:50.237 [aurora.database] [CONFIG] Executing batch-apply on parameter No.8
2018-10-17 08:32:50.239 [uncertain.proc] [CONFIG] [action] DecideStatement
2018-10-17 08:32:50.240 [uncertain.proc] [CONFIG] [action] DecideSqlGenerationMode
2018-10-17 08:32:50.240 [uncertain.proc] [FINE] aurora.database.service.BusinessModelService.onDecideSqlGenerationMode
2018-10-17 08:32:50.240 [uncertain.proc] [CONFIG] [action] CreateOperationSql
2018-10-17 08:32:50.240 [uncertain.proc] [CONFIG] [action] PopulateOperationSql
2018-10-17 08:32:50.240 [uncertain.proc] [FINE] aurora.database.features.OrderByClauseCreator.onPopulateOperationSql
2018-10-17 08:32:50.240 [uncertain.proc] [FINE] aurora.database.features.WhereClauseCreator.onPopulateOperationSql
2018-10-17 08:32:50.240 [uncertain.proc] [CONFIG] [action] CreateSqlRunner
2018-10-17 08:32:50.240 [uncertain.proc] [FINE] aurora.database.service.BusinessModelService.onCreateSqlRunner
2018-10-17 08:32:50.240 [uncertain.proc] [CONFIG] [action] ExecuteDmlStatement
2018-10-17 08:32:50.240 [uncertain.proc] [FINE] aurora.database.service.BusinessModelService.onExecuteDmlStatement
2018-10-17 08:32:50.240 [aurora.database] [CONFIG] 
============= BEGIN [Insert] SQL Statement execution dump ============

                begin
                    BGT_BALANCE_QUERY_PKG.INSERT_BALANCE_QUREY_CONDS_TMP
                    (
                        p_session_id=>?,
                        p_parameter=>?,
                        p_id=>null,
                        p_code=>?,
                        p_control_rule_range=>?,
                        p_parameter_lower_limit=>?,
                        p_parameter_upper_limit=>?,
                        p_user_id=>?
                    );
                end;
---------------------Binding info---------------------
No.1	Access path:/session/@session_id	Data type of passed value :java.lang.Long	Value:55497	Output:false	Database Type:null	
No.2	Access path:@parameter_code	Data type of passed value :java.lang.String	Value:BUDGET_ITEM_TYPE	Output:false	Database Type:null	
No.3	Access path:@position_code	Data type of passed value :[null]	Value:null	Output:false	Database Type:null	
No.4	Access path:@control_rule_range	Data type of passed value :[null]	Value:null	Output:false	Database Type:null	
No.5	Access path:@position_code_from	Data type of passed value :[null]	Value:null	Output:false	Database Type:null	
No.6	Access path:@position_code_to	Data type of passed value :[null]	Value:null	Output:false	Database Type:null	
No.7	Access path:/session/@user_id	Data type of passed value :java.lang.Long	Value:1	Output:false	Database Type:null	

=============== END [Insert] SQL Statement execution dump ============

2018-10-17 08:32:50.240 [aurora.database] [CONFIG] Executing batch-apply on parameter No.9
2018-10-17 08:32:50.242 [uncertain.proc] [CONFIG] [action] DecideStatement
2018-10-17 08:32:50.243 [uncertain.proc] [CONFIG] [action] DecideSqlGenerationMode
2018-10-17 08:32:50.243 [uncertain.proc] [FINE] aurora.database.service.BusinessModelService.onDecideSqlGenerationMode
2018-10-17 08:32:50.243 [uncertain.proc] [CONFIG] [action] CreateOperationSql
2018-10-17 08:32:50.243 [uncertain.proc] [CONFIG] [action] PopulateOperationSql
2018-10-17 08:32:50.243 [uncertain.proc] [FINE] aurora.database.features.OrderByClauseCreator.onPopulateOperationSql
2018-10-17 08:32:50.243 [uncertain.proc] [FINE] aurora.database.features.WhereClauseCreator.onPopulateOperationSql
2018-10-17 08:32:50.243 [uncertain.proc] [CONFIG] [action] CreateSqlRunner
2018-10-17 08:32:50.243 [uncertain.proc] [FINE] aurora.database.service.BusinessModelService.onCreateSqlRunner
2018-10-17 08:32:50.243 [uncertain.proc] [CONFIG] [action] ExecuteDmlStatement
2018-10-17 08:32:50.243 [uncertain.proc] [FINE] aurora.database.service.BusinessModelService.onExecuteDmlStatement
2018-10-17 08:32:50.243 [aurora.database] [CONFIG] 
============= BEGIN [Insert] SQL Statement execution dump ============

                begin
                    BGT_BALANCE_QUERY_PKG.INSERT_BALANCE_QUREY_CONDS_TMP
                    (
                        p_session_id=>?,
                        p_parameter=>?,
                        p_id=>null,
                        p_code=>?,
                        p_control_rule_range=>?,
                        p_parameter_lower_limit=>?,
                        p_parameter_upper_limit=>?,
                        p_user_id=>?
                    );
                end;
---------------------Binding info---------------------
No.1	Access path:/session/@session_id	Data type of passed value :java.lang.Long	Value:55497	Output:false	Database Type:null	
No.2	Access path:@parameter_code	Data type of passed value :java.lang.String	Value:RESPONSIBILITY_CENTER	Output:false	Database Type:null	
No.3	Access path:@position_code	Data type of passed value :[null]	Value:null	Output:false	Database Type:null	
No.4	Access path:@control_rule_range	Data type of passed value :[null]	Value:null	Output:false	Database Type:null	
No.5	Access path:@position_code_from	Data type of passed value :[null]	Value:null	Output:false	Database Type:null	
No.6	Access path:@position_code_to	Data type of passed value :[null]	Value:null	Output:false	Database Type:null	
No.7	Access path:/session/@user_id	Data type of passed value :java.lang.Long	Value:1	Output:false	Database Type:null	

=============== END [Insert] SQL Statement execution dump ============

2018-10-17 08:32:50.243 [aurora.database] [CONFIG] Executing batch-apply on parameter No.10
2018-10-17 08:32:50.245 [uncertain.proc] [CONFIG] [action] DecideStatement
2018-10-17 08:32:50.245 [uncertain.proc] [CONFIG] [action] DecideSqlGenerationMode
2018-10-17 08:32:50.245 [uncertain.proc] [FINE] aurora.database.service.BusinessModelService.onDecideSqlGenerationMode
2018-10-17 08:32:50.245 [uncertain.proc] [CONFIG] [action] CreateOperationSql
2018-10-17 08:32:50.245 [uncertain.proc] [CONFIG] [action] PopulateOperationSql
2018-10-17 08:32:50.245 [uncertain.proc] [FINE] aurora.database.features.OrderByClauseCreator.onPopulateOperationSql
2018-10-17 08:32:50.245 [uncertain.proc] [FINE] aurora.database.features.WhereClauseCreator.onPopulateOperationSql
2018-10-17 08:32:50.245 [uncertain.proc] [CONFIG] [action] CreateSqlRunner
2018-10-17 08:32:50.245 [uncertain.proc] [FINE] aurora.database.service.BusinessModelService.onCreateSqlRunner
2018-10-17 08:32:50.246 [uncertain.proc] [CONFIG] [action] ExecuteDmlStatement
2018-10-17 08:32:50.246 [uncertain.proc] [FINE] aurora.database.service.BusinessModelService.onExecuteDmlStatement
2018-10-17 08:32:50.246 [aurora.database] [CONFIG] 
============= BEGIN [Insert] SQL Statement execution dump ============

                begin
                    BGT_BALANCE_QUERY_PKG.INSERT_BALANCE_QUREY_CONDS_TMP
                    (
                        p_session_id=>?,
                        p_parameter=>?,
                        p_id=>null,
                        p_code=>?,
                        p_control_rule_range=>?,
                        p_parameter_lower_limit=>?,
                        p_parameter_upper_limit=>?,
                        p_user_id=>?
                    );
                end;
---------------------Binding info---------------------
No.1	Access path:/session/@session_id	Data type of passed value :java.lang.Long	Value:55497	Output:false	Database Type:null	
No.2	Access path:@parameter_code	Data type of passed value :java.lang.String	Value:TEST	Output:false	Database Type:null	
No.3	Access path:@position_code	Data type of passed value :[null]	Value:null	Output:false	Database Type:null	
No.4	Access path:@control_rule_range	Data type of passed value :[null]	Value:null	Output:false	Database Type:null	
No.5	Access path:@position_code_from	Data type of passed value :[null]	Value:null	Output:false	Database Type:null	
No.6	Access path:@position_code_to	Data type of passed value :[null]	Value:null	Output:false	Database Type:null	
No.7	Access path:/session/@user_id	Data type of passed value :java.lang.Long	Value:1	Output:false	Database Type:null	

=============== END [Insert] SQL Statement execution dump ============

2018-10-17 08:32:50.246 [aurora.database] [CONFIG] Executing batch-apply on parameter No.11
2018-10-17 08:32:50.248 [uncertain.proc] [CONFIG] [action] DecideStatement
2018-10-17 08:32:50.249 [uncertain.proc] [CONFIG] [action] DecideSqlGenerationMode
2018-10-17 08:32:50.249 [uncertain.proc] [FINE] aurora.database.service.BusinessModelService.onDecideSqlGenerationMode
2018-10-17 08:32:50.249 [uncertain.proc] [CONFIG] [action] CreateOperationSql
2018-10-17 08:32:50.249 [uncertain.proc] [CONFIG] [action] PopulateOperationSql
2018-10-17 08:32:50.249 [uncertain.proc] [FINE] aurora.database.features.OrderByClauseCreator.onPopulateOperationSql
2018-10-17 08:32:50.249 [uncertain.proc] [FINE] aurora.database.features.WhereClauseCreator.onPopulateOperationSql
2018-10-17 08:32:50.249 [uncertain.proc] [CONFIG] [action] CreateSqlRunner
2018-10-17 08:32:50.249 [uncertain.proc] [FINE] aurora.database.service.BusinessModelService.onCreateSqlRunner
2018-10-17 08:32:50.249 [uncertain.proc] [CONFIG] [action] ExecuteDmlStatement
2018-10-17 08:32:50.249 [uncertain.proc] [FINE] aurora.database.service.BusinessModelService.onExecuteDmlStatement
2018-10-17 08:32:50.250 [aurora.database] [CONFIG] 
============= BEGIN [Insert] SQL Statement execution dump ============

                begin
                    BGT_BALANCE_QUERY_PKG.INSERT_BALANCE_QUREY_CONDS_TMP
                    (
                        p_session_id=>?,
                        p_parameter=>?,
                        p_id=>null,
                        p_code=>?,
                        p_control_rule_range=>?,
                        p_parameter_lower_limit=>?,
                        p_parameter_upper_limit=>?,
                        p_user_id=>?
                    );
                end;
---------------------Binding info---------------------
No.1	Access path:/session/@session_id	Data type of passed value :java.lang.Long	Value:55497	Output:false	Database Type:null	
No.2	Access path:@parameter_code	Data type of passed value :java.lang.String	Value:PRODUCT	Output:false	Database Type:null	
No.3	Access path:@position_code	Data type of passed value :[null]	Value:null	Output:false	Database Type:null	
No.4	Access path:@control_rule_range	Data type of passed value :[null]	Value:null	Output:false	Database Type:null	
No.5	Access path:@position_code_from	Data type of passed value :[null]	Value:null	Output:false	Database Type:null	
No.6	Access path:@position_code_to	Data type of passed value :[null]	Value:null	Output:false	Database Type:null	
No.7	Access path:/session/@user_id	Data type of passed value :java.lang.Long	Value:1	Output:false	Database Type:null	

=============== END [Insert] SQL Statement execution dump ============

2018-10-17 08:32:50.250 [aurora.database] [CONFIG] Executing batch-apply on parameter No.12
2018-10-17 08:32:50.251 [uncertain.proc] [CONFIG] [action] DecideStatement
2018-10-17 08:32:50.252 [uncertain.proc] [CONFIG] [action] DecideSqlGenerationMode
2018-10-17 08:32:50.252 [uncertain.proc] [FINE] aurora.database.service.BusinessModelService.onDecideSqlGenerationMode
2018-10-17 08:32:50.252 [uncertain.proc] [CONFIG] [action] CreateOperationSql
2018-10-17 08:32:50.252 [uncertain.proc] [CONFIG] [action] PopulateOperationSql
2018-10-17 08:32:50.252 [uncertain.proc] [FINE] aurora.database.features.OrderByClauseCreator.onPopulateOperationSql
2018-10-17 08:32:50.252 [uncertain.proc] [FINE] aurora.database.features.WhereClauseCreator.onPopulateOperationSql
2018-10-17 08:32:50.252 [uncertain.proc] [CONFIG] [action] CreateSqlRunner
2018-10-17 08:32:50.252 [uncertain.proc] [FINE] aurora.database.service.BusinessModelService.onCreateSqlRunner
2018-10-17 08:32:50.252 [uncertain.proc] [CONFIG] [action] ExecuteDmlStatement
2018-10-17 08:32:50.252 [uncertain.proc] [FINE] aurora.database.service.BusinessModelService.onExecuteDmlStatement
2018-10-17 08:32:50.253 [aurora.database] [CONFIG] 
============= BEGIN [Insert] SQL Statement execution dump ============

                begin
                    BGT_BALANCE_QUERY_PKG.INSERT_BALANCE_QUREY_CONDS_TMP
                    (
                        p_session_id=>?,
                        p_parameter=>?,
                        p_id=>null,
                        p_code=>?,
                        p_control_rule_range=>?,
                        p_parameter_lower_limit=>?,
                        p_parameter_upper_limit=>?,
                        p_user_id=>?
                    );
                end;
---------------------Binding info---------------------
No.1	Access path:/session/@session_id	Data type of passed value :java.lang.Long	Value:55497	Output:false	Database Type:null	
No.2	Access path:@parameter_code	Data type of passed value :java.lang.String	Value:SPECIAL_BUDGET	Output:false	Database Type:null	
No.3	Access path:@position_code	Data type of passed value :[null]	Value:null	Output:false	Database Type:null	
No.4	Access path:@control_rule_range	Data type of passed value :[null]	Value:null	Output:false	Database Type:null	
No.5	Access path:@position_code_from	Data type of passed value :[null]	Value:null	Output:false	Database Type:null	
No.6	Access path:@position_code_to	Data type of passed value :[null]	Value:null	Output:false	Database Type:null	
No.7	Access path:/session/@user_id	Data type of passed value :java.lang.Long	Value:1	Output:false	Database Type:null	

=============== END [Insert] SQL Statement execution dump ============

2018-10-17 08:32:50.254 [uncertain.proc] [CONFIG] [action] DecideStatement
2018-10-17 08:32:50.255 [uncertain.proc] [CONFIG] [action] DecideSqlGenerationMode
2018-10-17 08:32:50.255 [uncertain.proc] [FINE] aurora.database.service.BusinessModelService.onDecideSqlGenerationMode
2018-10-17 08:32:50.255 [uncertain.proc] [CONFIG] [action] CreateOperationSql
2018-10-17 08:32:50.255 [uncertain.proc] [CONFIG] [action] PopulateOperationSql
2018-10-17 08:32:50.255 [uncertain.proc] [FINE] aurora.database.features.OrderByClauseCreator.onPopulateOperationSql
2018-10-17 08:32:50.255 [uncertain.proc] [FINE] aurora.database.features.WhereClauseCreator.onPopulateOperationSql
2018-10-17 08:32:50.255 [uncertain.proc] [CONFIG] [action] CreateSqlRunner
2018-10-17 08:32:50.255 [uncertain.proc] [FINE] aurora.database.service.BusinessModelService.onCreateSqlRunner
2018-10-17 08:32:50.255 [uncertain.proc] [CONFIG] [action] ExecuteDmlStatement
2018-10-17 08:32:50.255 [uncertain.proc] [FINE] aurora.database.service.BusinessModelService.onExecuteDmlStatement
2018-10-17 08:32:50.445 [aurora.database] [CONFIG] 
============= BEGIN [Update] SQL Statement execution dump ============

                begin
                    BGT_BALANCE_QUERY_PKG.BGT_QUERY_SUMMARY
                    (
                        p_session_id=>?,
                        p_user_id=>?,
                        p_period_summary_flag=>?
                    );
                end;
---------------------Binding info---------------------
No.1	Access path:/session/@session_id	Data type of passed value :java.lang.Long	Value:55497	Output:false	Database Type:null	
No.2	Access path:/session/@user_id	Data type of passed value :java.lang.Long	Value:1	Output:false	Database Type:null	
No.3	Access path:@period_sum	Data type of passed value :java.lang.String	Value:N	Output:false	Database Type:null	

=============== END [Update] SQL Statement execution dump ============

2018-10-17 08:32:50.446 [uncertain.proc] [CONFIG] [action] CreateSuccessResponse
