2018-10-19 08:07:01.161 [aurora.application.session_check] [CONFIG] Session data copied to context
2018-10-19 08:07:01.161 [aurora.application.session_check] [CONFIG] Access check result for modules/csh/CSH1035/csh_bank_account_auth_detail_hct.screen => success
2018-10-19 08:07:01.161 [uncertain.proc] [CONFIG] [action] AccessCheck
2018-10-19 08:07:01.165 [uncertain.proc] [CONFIG] [action] InitService
2018-10-19 08:07:01.165 [uncertain.proc] [CONFIG] [action] ParseParameter
2018-10-19 08:07:01.165 [uncertain.proc] [CONFIG] [action] CreateModel
2018-10-19 08:07:01.165 [aurora.database] [CONFIG] ===================================== prepare to run model-query csh.CSH1035.csh_bank_account_auth_hct==============================
2018-10-19 08:07:01.169 [uncertain.proc] [CONFIG] [action] DecideSqlGenerationMode
2018-10-19 08:07:01.169 [uncertain.proc] [FINE] aurora.database.service.BusinessModelService.onDecideSqlGenerationMode
2018-10-19 08:07:01.169 [uncertain.proc] [CONFIG] [action] CreateOperationSql
2018-10-19 08:07:01.169 [uncertain.proc] [CONFIG] [action] PopulateOperationSql
2018-10-19 08:07:01.169 [uncertain.proc] [FINE] aurora.database.features.OrderByClauseCreator.onPopulateOperationSql
2018-10-19 08:07:01.169 [uncertain.proc] [FINE] aurora.database.features.WhereClauseCreator.onPopulateOperationSql
2018-10-19 08:07:01.169 [uncertain.proc] [CONFIG] [action] ExecuteQuery
2018-10-19 08:07:01.169 [uncertain.proc] [FINE] aurora.bm.QuerySqlCreator.onExecuteQuery
2018-10-19 08:07:01.171 [uncertain.proc] [CONFIG] [action] QueryFinish
2018-10-19 08:07:01.171 [uncertain.proc] [FINE] aurora.database.features.AutoQueryCounter.onQueryFinish
2018-10-19 08:07:01.171 [uncertain.proc] [CONFIG] [action] FetchResultSet
2018-10-19 08:07:01.171 [uncertain.proc] [FINE] aurora.database.features.CacheBasedLookUpField.postFetchResultSet
2018-10-19 08:07:01.171 [aurora.database] [CONFIG] 
============= BEGIN [query] SQL Statement execution dump ============
	   
          select
          cba_v.bank_account_id,
          cba_v.bank_account_name,
          cba_v.bank_account_code,
          cba_v.bank_account_num,
          cba_v.bank_branch_id,   
          cbv.bank_name bank_name,
          cbv.bank_alt_name,
          cbbv.branch_name,
          cbv.bank_code,    
          cbv.bank_type,  
          cba_v.currency_code,
          gc_vl.currency_name,
          cba_v.enabled_flag,
          cba_v.cash_account_id,
          ga_v.account_code cash_account_code,
          cba_v.responsibility_center_id,
          re_vl.responsibility_center_name,
          cba_v.account_type bank_account_type,
          cba_v.vender_id,
          cp_v_v.partner_code vender_code,
          cp_v_v.partner_description vender_description,
          cba_v.customer_id,
          cp_v_c.partner_code customer_code,
          cp_v_c.partner_description customer_description,
          (csh_bank_account_auth_pkg.exist_bank_account_authorities(cba_v.bank_account_id)) ajust_flag
         from csh_bank_accounts_vl cba_v,
          GLD_ACCOUNTS_VL      ga_v,
          csh_partner_v       cp_v_c,
          csh_partner_v       cp_v_v,
          csh_bank_branches_vl cbbv,
          csh_banks_vl cbv,
          gld_currency_vl gc_vl,
          fnd_responsibility_centers_vl re_vl
         WHERE cba_v.company_id=? AND cba_v.cash_account_id = ga_v.ACCOUNT_ID(+) AND cba_v.customer_id = cp_v_c.partner_id(+) AND cp_v_c.partner_category(+) = 'CUSTOMER' AND cba_v.vender_id = cp_v_v.partner_id(+) AND cp_v_v.partner_category(+) = 'VENDER' AND cba_v.company_id=cp_v_c.company_id(+) AND cba_v.company_id=cp_v_v.company_id(+) AND cbv.bank_code = cbbv.bank_code AND cbbv.BANK_BRANCH_ID = cba_v.bank_branch_id AND gc_vl.currency_code(+) = cba_v.currency_code AND re_vl.responsibility_center_id(+) = cba_v.responsibility_center_id AND cbv.bank_code like '%' || ? || '%' AND cba_v.bank_account_id =?
        order by cbv.bank_code
        
---------------------Binding info---------------------
No.1	Access path:/session/@company_id	Data type of passed value :java.lang.Integer	Value:835	Output:false	Database Type:null	
No.2	Access path:@bank_code	Data type of passed value :java.lang.String	Value:CCB	Output:false	Database Type:null	
No.3	Access path:@bank_account_id	Data type of passed value :java.lang.String	Value:71	Output:false	Database Type:null	

=============== END [query] SQL Statement execution dump ============

2018-10-19 08:07:01.171 [uncertain.proc] [CONFIG] [action] CreateView
2018-10-19 08:07:01.171 [uncertain.proc] [CONFIG] [action] BuildOutputContent
2018-10-19 08:07:01.171 [aurora.presentation.buildsession] [CONFIG] Start build session
2018-10-19 08:07:01.171 [aurora.presentation.buildsession] [CONFIG] building view: <html-page> -> aurora.presentation.component.HtmlPage@2d1be168
2018-10-19 08:07:01.171 [aurora.presentation.buildsession] [CONFIG] building view: <script> -> aurora.presentation.DefaultViewBuilder@35f5c5a3
2018-10-19 08:07:01.172 [aurora.presentation.buildsession] [CONFIG] building view: <dataSets> -> aurora.application.features.DataSetInit@584b4d0a
2018-10-19 08:07:01.172 [aurora.presentation.buildsession] [CONFIG] building view: <dataSet> -> aurora.presentation.TemplateBasedView@3dda489e
2018-10-19 08:07:01.173 [aurora.presentation.buildsession] [CONFIG] building view: <dataSet> -> aurora.presentation.TemplateBasedView@3dda489e
2018-10-19 08:07:01.175 [aurora.presentation.buildsession] [CONFIG] building view: <screenBody> -> aurora.presentation.component.std.ScreenBody@77059bfe
2018-10-19 08:07:01.175 [aurora.presentation.buildsession] [CONFIG] building view: <screenTopToolbar> -> aurora.presentation.component.std.ScreenTopToolbar@65d4dd58
2018-10-19 08:07:01.175 [aurora.presentation.buildsession] [CONFIG] building view: <screenTitle> -> aurora.presentation.component.std.ScreenTitle@1736602b
2018-10-19 08:07:01.179 [uncertain.proc] [CONFIG] [action] DecideSqlGenerationMode
2018-10-19 08:07:01.179 [uncertain.proc] [FINE] aurora.database.service.BusinessModelService.onDecideSqlGenerationMode
2018-10-19 08:07:01.179 [uncertain.proc] [CONFIG] [action] CreatequeryStatement
2018-10-19 08:07:01.179 [uncertain.proc] [FINE] aurora.bm.QuerySqlCreator.onCreateQueryStatement
2018-10-19 08:07:01.179 [uncertain.proc] [CONFIG] [action] PopulatequeryStatement
2018-10-19 08:07:01.179 [uncertain.proc] [FINE] aurora.database.features.OrderByClauseCreator.onPopulateQueryStatement
2018-10-19 08:07:01.179 [uncertain.proc] [FINE] aurora.database.features.WhereClauseCreator.onPopulateQueryStatement
2018-10-19 08:07:01.179 [uncertain.proc] [CONFIG] [action] CreatequerySql
2018-10-19 08:07:01.179 [uncertain.proc] [FINE] aurora.bm.QuerySqlCreator.onCreateQuerySql
2018-10-19 08:07:01.179 [uncertain.proc] [CONFIG] [action] ExecuteQuery
2018-10-19 08:07:01.179 [uncertain.proc] [FINE] aurora.bm.QuerySqlCreator.onExecuteQuery
2018-10-19 08:07:01.179 [uncertain.proc] [CONFIG] [action] QueryFinish
2018-10-19 08:07:01.179 [uncertain.proc] [FINE] aurora.database.features.AutoQueryCounter.onQueryFinish
2018-10-19 08:07:01.179 [uncertain.proc] [CONFIG] [action] FetchResultSet
2018-10-19 08:07:01.179 [uncertain.proc] [FINE] aurora.database.features.CacheBasedLookUpField.postFetchResultSet
2018-10-19 08:07:01.179 [aurora.database] [CONFIG] 
============= BEGIN [query] SQL Statement execution dump ============
SELECT f.service_id,f.service_name,f.is_entry_page,f.is_access_checked,f.is_login_required,f.is_system_access,? AS language,(select d.description_text from fnd_descriptions d where d.description_id = f.title_id and d.language = ?) AS title,f.title_id,f.weixin_flag
FROM sys_service f
WHERE f.service_name = ?
ORDER BY service_name
---------------------Binding info---------------------
No.1	Access path:/session/@lang	Data type of passed value :java.lang.String	Value:ZHS	Output:false	Database Type:null	
No.2	Access path:/session/@lang	Data type of passed value :java.lang.String	Value:ZHS	Output:false	Database Type:null	
No.3	Access path:@service_name	Data type of passed value :java.lang.String	Value:modules/csh/CSH1035/csh_bank_account_auth_detail_hct.screen	Output:false	Database Type:null	

=============== END [query] SQL Statement execution dump ============

2018-10-19 08:07:01.179 [aurora.presentation.buildsession] [CONFIG] building view: <toolbarButton> -> aurora.presentation.TemplateBasedView@3dda489e
2018-10-19 08:07:01.180 [aurora.presentation.buildsession] [CONFIG] building view: <gridButton> -> aurora.presentation.TemplateBasedView@3dda489e
2018-10-19 08:07:01.180 [aurora.presentation.buildsession] [CONFIG] building view: <toolbarButton> -> aurora.presentation.TemplateBasedView@3dda489e
2018-10-19 08:07:01.180 [aurora.presentation.buildsession] [CONFIG] building view: <gridButton> -> aurora.presentation.TemplateBasedView@3dda489e
2018-10-19 08:07:01.180 [aurora.presentation.buildsession] [CONFIG] building view: <form> -> aurora.presentation.component.std.Form@cf7c8cb
2018-10-19 08:07:01.180 [aurora.presentation.buildsession] [CONFIG] building view: <textField> -> aurora.presentation.TemplateBasedView@3dda489e
2018-10-19 08:07:01.180 [aurora.presentation.buildsession] [CONFIG] building view: <textField> -> aurora.presentation.TemplateBasedView@3dda489e
2018-10-19 08:07:01.180 [aurora.presentation.buildsession] [CONFIG] building view: <textField> -> aurora.presentation.TemplateBasedView@3dda489e
2018-10-19 08:07:01.180 [aurora.presentation.buildsession] [CONFIG] building view: <textField> -> aurora.presentation.TemplateBasedView@3dda489e
2018-10-19 08:07:01.181 [aurora.presentation.buildsession] [CONFIG] building view: <grid> -> aurora.presentation.TemplateBasedView@3dda489e
2018-10-19 08:07:01.181 [aurora.presentation.buildsession] [CONFIG] building view: <navBar> -> aurora.presentation.TemplateBasedView@3dda489e
2018-10-19 08:07:01.182 [aurora.presentation.buildsession] [CONFIG] building view: <button> -> aurora.presentation.TemplateBasedView@3dda489e
2018-10-19 08:07:01.182 [aurora.presentation.buildsession] [CONFIG] building view: <button> -> aurora.presentation.TemplateBasedView@3dda489e
2018-10-19 08:07:01.182 [aurora.presentation.buildsession] [CONFIG] building view: <separator> -> aurora.presentation.TemplateBasedView@3dda489e
2018-10-19 08:07:01.182 [aurora.presentation.buildsession] [CONFIG] building view: <div> -> aurora.presentation.DefaultViewBuilder@35f5c5a3
2018-10-19 08:07:01.182 [aurora.presentation.buildsession] [CONFIG] building view: <numberField> -> aurora.presentation.TemplateBasedView@3dda489e
2018-10-19 08:07:01.182 [aurora.presentation.buildsession] [CONFIG] building view: <div> -> aurora.presentation.DefaultViewBuilder@35f5c5a3
2018-10-19 08:07:01.182 [aurora.presentation.buildsession] [CONFIG] building view: <separator> -> aurora.presentation.TemplateBasedView@3dda489e
2018-10-19 08:07:01.182 [aurora.presentation.buildsession] [CONFIG] building view: <button> -> aurora.presentation.TemplateBasedView@3dda489e
2018-10-19 08:07:01.183 [aurora.presentation.buildsession] [CONFIG] building view: <button> -> aurora.presentation.TemplateBasedView@3dda489e
2018-10-19 08:07:01.183 [aurora.presentation.buildsession] [CONFIG] building view: <button> -> aurora.presentation.TemplateBasedView@3dda489e
2018-10-19 08:07:01.183 [aurora.presentation.buildsession] [CONFIG] building view: <separator> -> aurora.presentation.TemplateBasedView@3dda489e
2018-10-19 08:07:01.183 [aurora.presentation.buildsession] [CONFIG] building view: <div> -> aurora.presentation.DefaultViewBuilder@35f5c5a3
2018-10-19 08:07:01.183 [aurora.presentation.buildsession] [CONFIG] building view: <comboBox> -> aurora.presentation.TemplateBasedView@3dda489e
2018-10-19 08:07:01.183 [aurora.presentation.buildsession] [CONFIG] building view: <div> -> aurora.presentation.DefaultViewBuilder@35f5c5a3
2018-10-19 08:07:01.183 [aurora.presentation.buildsession] [CONFIG] building view: <separator> -> aurora.presentation.TemplateBasedView@3dda489e
2018-10-19 08:07:01.183 [aurora.presentation.buildsession] [CONFIG] building view: <div> -> aurora.presentation.DefaultViewBuilder@35f5c5a3
2018-10-19 08:07:01.184 [aurora.presentation.buildsession] [CONFIG] building view: <datePicker> -> aurora.presentation.TemplateBasedView@3dda489e
2018-10-19 08:07:01.184 [aurora.presentation.buildsession] [CONFIG] building view: <textField> -> aurora.presentation.TemplateBasedView@3dda489e
2018-10-19 08:07:01.184 [aurora.presentation.buildsession] [CONFIG] building view: <lov> -> aurora.presentation.TemplateBasedView@3dda489e
2018-10-19 08:07:01.184 [aurora.presentation.buildsession] [CONFIG] building view: <lov> -> aurora.presentation.TemplateBasedView@3dda489e
2018-10-19 08:07:01.184 [aurora.presentation.buildsession] [CONFIG] building view: <script> -> aurora.presentation.DefaultViewBuilder@35f5c5a3
2018-10-19 08:07:01.184 [aurora.presentation.buildsession] [CONFIG] End build session
