2018-10-16 07:34:43.891 [aurora.application.session_check] [CONFIG] Session data copied to context
2018-10-16 07:34:43.920 [aurora.application.session_check] [CONFIG] Access check result for modules/exp/EXP1020/exp_org_position.screen => success
2018-10-16 07:34:43.920 [uncertain.proc] [CONFIG] [action] AccessCheck
2018-10-16 07:34:43.958 [uncertain.proc] [CONFIG] [action] InitService
2018-10-16 07:34:43.958 [uncertain.proc] [CONFIG] [action] ParseParameter
2018-10-16 07:34:43.958 [uncertain.proc] [CONFIG] [action] CreateModel
2018-10-16 07:34:43.958 [aurora.database] [CONFIG] ===================================== prepare to run model-query exp.EXP1020.exp_org_position_unit_select==============================
2018-10-16 07:34:43.965 [uncertain.proc] [CONFIG] [action] DecideSqlGenerationMode
2018-10-16 07:34:43.965 [uncertain.proc] [FINE] aurora.database.service.BusinessModelService.onDecideSqlGenerationMode
2018-10-16 07:34:43.965 [uncertain.proc] [CONFIG] [action] CreatequeryStatement
2018-10-16 07:34:43.965 [uncertain.proc] [FINE] aurora.bm.QuerySqlCreator.onCreateQueryStatement
2018-10-16 07:34:43.965 [uncertain.proc] [CONFIG] [action] PopulatequeryStatement
2018-10-16 07:34:43.965 [uncertain.proc] [FINE] aurora.database.features.OrderByClauseCreator.onPopulateQueryStatement
2018-10-16 07:34:43.965 [uncertain.proc] [FINE] aurora.database.features.WhereClauseCreator.onPopulateQueryStatement
2018-10-16 07:34:43.965 [uncertain.proc] [CONFIG] [action] CreatequerySql
2018-10-16 07:34:43.965 [uncertain.proc] [FINE] aurora.bm.QuerySqlCreator.onCreateQuerySql
2018-10-16 07:34:43.965 [uncertain.proc] [CONFIG] [action] ExecuteQuery
2018-10-16 07:34:43.965 [uncertain.proc] [FINE] aurora.bm.QuerySqlCreator.onExecuteQuery
2018-10-16 07:34:43.969 [uncertain.proc] [CONFIG] [action] QueryFinish
2018-10-16 07:34:43.969 [uncertain.proc] [FINE] aurora.database.features.AutoQueryCounter.onQueryFinish
2018-10-16 07:34:43.969 [uncertain.proc] [CONFIG] [action] FetchResultSet
2018-10-16 07:34:43.969 [uncertain.proc] [FINE] aurora.database.features.CacheBasedLookUpField.postFetchResultSet
2018-10-16 07:34:43.969 [aurora.database] [CONFIG] 
============= BEGIN [query] SQL Statement execution dump ============
SELECT u.unit_id,(u.unit_code || '-' || (select fd.description_text from fnd_descriptions fd where u.description_id=fd.description_id and fd.language=?)) AS org_unit_description_display
FROM EXP_ORG_UNIT u
WHERE  u.enabled_flag = 'Y' and u.company_id=?
ORDER BY org_unit_description_display
---------------------Binding info---------------------
No.1	Access path:/session/@lang	Data type of passed value :java.lang.String	Value:ZHS	Output:false	Database Type:null	
No.2	Access path:/session/@company_id	Data type of passed value :java.lang.Integer	Value:835	Output:false	Database Type:null	

=============== END [query] SQL Statement execution dump ============

2018-10-16 07:34:43.969 [aurora.database] [CONFIG] ===================================== prepare to run model-query exp.EXP1020.exp_org_position_job_select==============================
2018-10-16 07:34:43.974 [uncertain.proc] [CONFIG] [action] DecideSqlGenerationMode
2018-10-16 07:34:43.974 [uncertain.proc] [FINE] aurora.database.service.BusinessModelService.onDecideSqlGenerationMode
2018-10-16 07:34:43.974 [uncertain.proc] [CONFIG] [action] CreatequeryStatement
2018-10-16 07:34:43.974 [uncertain.proc] [FINE] aurora.bm.QuerySqlCreator.onCreateQueryStatement
2018-10-16 07:34:43.974 [uncertain.proc] [CONFIG] [action] PopulatequeryStatement
2018-10-16 07:34:43.974 [uncertain.proc] [FINE] aurora.database.features.OrderByClauseCreator.onPopulateQueryStatement
2018-10-16 07:34:43.974 [uncertain.proc] [FINE] aurora.database.features.WhereClauseCreator.onPopulateQueryStatement
2018-10-16 07:34:43.974 [uncertain.proc] [CONFIG] [action] CreatequerySql
2018-10-16 07:34:43.974 [uncertain.proc] [FINE] aurora.bm.QuerySqlCreator.onCreateQuerySql
2018-10-16 07:34:43.974 [uncertain.proc] [CONFIG] [action] ExecuteQuery
2018-10-16 07:34:43.974 [uncertain.proc] [FINE] aurora.bm.QuerySqlCreator.onExecuteQuery
2018-10-16 07:34:43.977 [uncertain.proc] [CONFIG] [action] QueryFinish
2018-10-16 07:34:43.977 [uncertain.proc] [FINE] aurora.database.features.AutoQueryCounter.onQueryFinish
2018-10-16 07:34:43.977 [uncertain.proc] [CONFIG] [action] FetchResultSet
2018-10-16 07:34:43.977 [uncertain.proc] [FINE] aurora.database.features.CacheBasedLookUpField.postFetchResultSet
2018-10-16 07:34:43.977 [aurora.database] [CONFIG] 
============= BEGIN [query] SQL Statement execution dump ============
SELECT job.employee_job_id,(job.employee_job_code || '-' || (select fd.description_text from fnd_descriptions fd where job.description_id=fd.description_id and fd.language=?)) AS employee_job_desc_display
FROM exp_employee_jobs job
WHERE  job.enabled_flag = 'Y'
ORDER BY employee_job_desc_display
---------------------Binding info---------------------
No.1	Access path:/session/@lang	Data type of passed value :java.lang.String	Value:ZHS	Output:false	Database Type:null	

=============== END [query] SQL Statement execution dump ============

2018-10-16 07:34:43.977 [uncertain.proc] [CONFIG] [action] CreateView
2018-10-16 07:34:43.977 [uncertain.proc] [CONFIG] [action] BuildOutputContent
2018-10-16 07:34:43.977 [aurora.presentation.buildsession] [CONFIG] Start build session
2018-10-16 07:34:43.977 [aurora.presentation.buildsession] [CONFIG] building view: <html-page> -> aurora.presentation.component.HtmlPage@40024b1
2018-10-16 07:34:43.978 [aurora.presentation.buildsession] [CONFIG] building view: <script> -> aurora.presentation.DefaultViewBuilder@35f5c5a3
2018-10-16 07:34:43.978 [aurora.presentation.buildsession] [CONFIG] building view: <dataSets> -> aurora.application.features.DataSetInit@49fcb9fa
2018-10-16 07:34:43.978 [aurora.presentation.buildsession] [CONFIG] building view: <dataSet> -> aurora.presentation.TemplateBasedView@3dda489e
2018-10-16 07:34:43.980 [aurora.presentation.buildsession] [CONFIG] building view: <dataSet> -> aurora.presentation.TemplateBasedView@3dda489e
2018-10-16 07:34:43.982 [aurora.presentation.buildsession] [CONFIG] building view: <dataSet> -> aurora.presentation.TemplateBasedView@3dda489e
2018-10-16 07:34:43.991 [aurora.presentation.buildsession] [CONFIG] building view: <dataSet> -> aurora.presentation.TemplateBasedView@3dda489e
2018-10-16 07:34:43.995 [aurora.presentation.buildsession] [CONFIG] building view: <screenBody> -> aurora.presentation.component.std.ScreenBody@7b5d2a2
2018-10-16 07:34:43.995 [aurora.presentation.buildsession] [CONFIG] building view: <screenTopToolbar> -> aurora.presentation.component.std.ScreenTopToolbar@71867b81
2018-10-16 07:34:43.995 [aurora.presentation.buildsession] [CONFIG] building view: <screenTitle> -> aurora.presentation.component.std.ScreenTitle@74a6ecac
2018-10-16 07:34:44.0 [uncertain.proc] [CONFIG] [action] DecideSqlGenerationMode
2018-10-16 07:34:44.0 [uncertain.proc] [FINE] aurora.database.service.BusinessModelService.onDecideSqlGenerationMode
2018-10-16 07:34:44.0 [uncertain.proc] [CONFIG] [action] CreatequeryStatement
2018-10-16 07:34:44.0 [uncertain.proc] [FINE] aurora.bm.QuerySqlCreator.onCreateQueryStatement
2018-10-16 07:34:44.0 [uncertain.proc] [CONFIG] [action] PopulatequeryStatement
2018-10-16 07:34:44.0 [uncertain.proc] [FINE] aurora.database.features.OrderByClauseCreator.onPopulateQueryStatement
2018-10-16 07:34:44.0 [uncertain.proc] [FINE] aurora.database.features.WhereClauseCreator.onPopulateQueryStatement
2018-10-16 07:34:44.0 [uncertain.proc] [CONFIG] [action] CreatequerySql
2018-10-16 07:34:44.0 [uncertain.proc] [FINE] aurora.bm.QuerySqlCreator.onCreateQuerySql
2018-10-16 07:34:44.0 [uncertain.proc] [CONFIG] [action] ExecuteQuery
2018-10-16 07:34:44.0 [uncertain.proc] [FINE] aurora.bm.QuerySqlCreator.onExecuteQuery
2018-10-16 07:34:44.1 [uncertain.proc] [CONFIG] [action] QueryFinish
2018-10-16 07:34:44.1 [uncertain.proc] [FINE] aurora.database.features.AutoQueryCounter.onQueryFinish
2018-10-16 07:34:44.1 [uncertain.proc] [CONFIG] [action] FetchResultSet
2018-10-16 07:34:44.1 [uncertain.proc] [FINE] aurora.database.features.CacheBasedLookUpField.postFetchResultSet
2018-10-16 07:34:44.1 [aurora.database] [CONFIG] 
============= BEGIN [query] SQL Statement execution dump ============
SELECT f.service_id,f.service_name,f.is_entry_page,f.is_access_checked,f.is_login_required,f.is_system_access,? AS language,(select d.description_text from fnd_descriptions d where d.description_id = f.title_id and d.language = ?) AS title,f.title_id,f.weixin_flag
FROM sys_service f
WHERE f.service_name = ?
ORDER BY service_name
---------------------Binding info---------------------
No.1	Access path:/session/@lang	Data type of passed value :java.lang.String	Value:ZHS	Output:false	Database Type:null	
No.2	Access path:/session/@lang	Data type of passed value :java.lang.String	Value:ZHS	Output:false	Database Type:null	
No.3	Access path:@service_name	Data type of passed value :java.lang.String	Value:modules/exp/EXP1020/exp_org_position.screen	Output:false	Database Type:null	

=============== END [query] SQL Statement execution dump ============

2018-10-16 07:34:44.1 [aurora.presentation.buildsession] [CONFIG] building view: <toolbarButton> -> aurora.presentation.TemplateBasedView@3dda489e
2018-10-16 07:34:44.2 [aurora.presentation.buildsession] [CONFIG] building view: <gridButton> -> aurora.presentation.TemplateBasedView@3dda489e
2018-10-16 07:34:44.2 [aurora.presentation.buildsession] [CONFIG] building view: <gridButton> -> aurora.presentation.TemplateBasedView@3dda489e
2018-10-16 07:34:44.2 [aurora.presentation.buildsession] [CONFIG] building view: <gridButton> -> aurora.presentation.TemplateBasedView@3dda489e
2018-10-16 07:34:44.2 [aurora.presentation.buildsession] [CONFIG] building view: <queryForm> -> aurora.presentation.component.std.QueryForm@1d981bf5
2018-10-16 07:34:44.2 [aurora.presentation.buildsession] [CONFIG] building view: <hBox> -> aurora.presentation.component.std.HBox@7f66710e
2018-10-16 07:34:44.3 [aurora.presentation.buildsession] [CONFIG] building view: <textField> -> aurora.presentation.TemplateBasedView@3dda489e
2018-10-16 07:34:44.3 [aurora.presentation.buildsession] [CONFIG] building view: <textField> -> aurora.presentation.TemplateBasedView@3dda489e
2018-10-16 07:34:44.3 [aurora.presentation.buildsession] [CONFIG] building view: <textField> -> aurora.presentation.TemplateBasedView@3dda489e
2018-10-16 07:34:44.3 [aurora.presentation.buildsession] [CONFIG] building view: <toolbarButton> -> aurora.presentation.TemplateBasedView@3dda489e
2018-10-16 07:34:44.3 [aurora.presentation.buildsession] [CONFIG] building view: <toolbarButton> -> aurora.presentation.TemplateBasedView@3dda489e
2018-10-16 07:34:44.3 [aurora.presentation.buildsession] [CONFIG] building view: <box> -> aurora.presentation.component.std.Box@35d6d945
2018-10-16 07:34:44.3 [aurora.presentation.buildsession] [CONFIG] building view: <lov> -> aurora.presentation.TemplateBasedView@3dda489e
2018-10-16 07:34:44.4 [aurora.presentation.buildsession] [CONFIG] building view: <grid> -> aurora.presentation.TemplateBasedView@3dda489e
2018-10-16 07:34:44.4 [aurora.presentation.buildsession] [CONFIG] building view: <navBar> -> aurora.presentation.TemplateBasedView@3dda489e
2018-10-16 07:34:44.5 [aurora.presentation.buildsession] [CONFIG] building view: <button> -> aurora.presentation.TemplateBasedView@3dda489e
2018-10-16 07:34:44.5 [aurora.presentation.buildsession] [CONFIG] building view: <button> -> aurora.presentation.TemplateBasedView@3dda489e
2018-10-16 07:34:44.5 [aurora.presentation.buildsession] [CONFIG] building view: <separator> -> aurora.presentation.TemplateBasedView@3dda489e
2018-10-16 07:34:44.5 [aurora.presentation.buildsession] [CONFIG] building view: <div> -> aurora.presentation.DefaultViewBuilder@35f5c5a3
2018-10-16 07:34:44.6 [aurora.presentation.buildsession] [CONFIG] building view: <numberField> -> aurora.presentation.TemplateBasedView@3dda489e
2018-10-16 07:34:44.6 [aurora.presentation.buildsession] [CONFIG] building view: <div> -> aurora.presentation.DefaultViewBuilder@35f5c5a3
2018-10-16 07:34:44.6 [aurora.presentation.buildsession] [CONFIG] building view: <separator> -> aurora.presentation.TemplateBasedView@3dda489e
2018-10-16 07:34:44.6 [aurora.presentation.buildsession] [CONFIG] building view: <button> -> aurora.presentation.TemplateBasedView@3dda489e
2018-10-16 07:34:44.6 [aurora.presentation.buildsession] [CONFIG] building view: <button> -> aurora.presentation.TemplateBasedView@3dda489e
2018-10-16 07:34:44.6 [aurora.presentation.buildsession] [CONFIG] building view: <button> -> aurora.presentation.TemplateBasedView@3dda489e
2018-10-16 07:34:44.7 [aurora.presentation.buildsession] [CONFIG] building view: <separator> -> aurora.presentation.TemplateBasedView@3dda489e
2018-10-16 07:34:44.8 [aurora.presentation.buildsession] [CONFIG] building view: <div> -> aurora.presentation.DefaultViewBuilder@35f5c5a3
2018-10-16 07:34:44.8 [aurora.presentation.buildsession] [CONFIG] building view: <comboBox> -> aurora.presentation.TemplateBasedView@3dda489e
2018-10-16 07:34:44.8 [aurora.presentation.buildsession] [CONFIG] building view: <div> -> aurora.presentation.DefaultViewBuilder@35f5c5a3
2018-10-16 07:34:44.8 [aurora.presentation.buildsession] [CONFIG] building view: <separator> -> aurora.presentation.TemplateBasedView@3dda489e
2018-10-16 07:34:44.8 [aurora.presentation.buildsession] [CONFIG] building view: <div> -> aurora.presentation.DefaultViewBuilder@35f5c5a3
2018-10-16 07:34:44.8 [aurora.presentation.buildsession] [CONFIG] building view: <textField> -> aurora.presentation.TemplateBasedView@3dda489e
2018-10-16 07:34:44.9 [aurora.presentation.buildsession] [CONFIG] building view: <textField> -> aurora.presentation.TemplateBasedView@3dda489e
2018-10-16 07:34:44.9 [aurora.presentation.buildsession] [CONFIG] building view: <lov> -> aurora.presentation.TemplateBasedView@3dda489e
2018-10-16 07:34:44.9 [aurora.presentation.buildsession] [CONFIG] building view: <comboBox> -> aurora.presentation.TemplateBasedView@3dda489e
2018-10-16 07:34:44.9 [aurora.presentation.buildsession] [CONFIG] building view: <comboBox> -> aurora.presentation.TemplateBasedView@3dda489e
2018-10-16 07:34:44.9 [aurora.presentation.buildsession] [CONFIG] building view: <checkBox> -> aurora.presentation.TemplateBasedView@3dda489e
2018-10-16 07:34:44.9 [aurora.presentation.buildsession] [CONFIG] building view: <lov> -> aurora.presentation.TemplateBasedView@3dda489e
2018-10-16 07:34:44.10 [aurora.presentation.buildsession] [CONFIG] building view: <script> -> aurora.presentation.DefaultViewBuilder@35f5c5a3
2018-10-16 07:34:44.10 [aurora.presentation.buildsession] [CONFIG] End build session
