2018-10-10 09:06:49.891 [aurora.application.session_check] [CONFIG] Session data copied to context
2018-10-10 09:06:49.892 [aurora.application.session_check] [CONFIG] Access check result for modules/exp/EXP1020/exp_org_position.screen => success
2018-10-10 09:06:49.892 [uncertain.proc] [CONFIG] [action] AccessCheck
2018-10-10 09:06:49.899 [uncertain.proc] [CONFIG] [action] InitService
2018-10-10 09:06:49.899 [uncertain.proc] [CONFIG] [action] ParseParameter
2018-10-10 09:06:49.899 [uncertain.proc] [CONFIG] [action] CreateModel
2018-10-10 09:06:49.900 [aurora.database] [CONFIG] ===================================== prepare to run model-query exp.EXP1020.exp_org_position_unit_select==============================
2018-10-10 09:06:49.906 [uncertain.proc] [CONFIG] [action] DecideSqlGenerationMode
2018-10-10 09:06:49.906 [uncertain.proc] [FINE] aurora.database.service.BusinessModelService.onDecideSqlGenerationMode
2018-10-10 09:06:49.906 [uncertain.proc] [CONFIG] [action] CreatequeryStatement
2018-10-10 09:06:49.906 [uncertain.proc] [FINE] aurora.bm.QuerySqlCreator.onCreateQueryStatement
2018-10-10 09:06:49.906 [uncertain.proc] [CONFIG] [action] PopulatequeryStatement
2018-10-10 09:06:49.906 [uncertain.proc] [FINE] aurora.database.features.OrderByClauseCreator.onPopulateQueryStatement
2018-10-10 09:06:49.906 [uncertain.proc] [FINE] aurora.database.features.WhereClauseCreator.onPopulateQueryStatement
2018-10-10 09:06:49.906 [uncertain.proc] [CONFIG] [action] CreatequerySql
2018-10-10 09:06:49.906 [uncertain.proc] [FINE] aurora.bm.QuerySqlCreator.onCreateQuerySql
2018-10-10 09:06:49.906 [uncertain.proc] [CONFIG] [action] ExecuteQuery
2018-10-10 09:06:49.906 [uncertain.proc] [FINE] aurora.bm.QuerySqlCreator.onExecuteQuery
2018-10-10 09:06:49.907 [uncertain.proc] [CONFIG] [action] QueryFinish
2018-10-10 09:06:49.907 [uncertain.proc] [FINE] aurora.database.features.AutoQueryCounter.onQueryFinish
2018-10-10 09:06:49.907 [uncertain.proc] [CONFIG] [action] FetchResultSet
2018-10-10 09:06:49.907 [uncertain.proc] [FINE] aurora.database.features.CacheBasedLookUpField.postFetchResultSet
2018-10-10 09:06:49.907 [aurora.database] [CONFIG] 
============= BEGIN [query] SQL Statement execution dump ============
SELECT u.unit_id,(u.unit_code || '-' || (select fd.description_text from fnd_descriptions fd where u.description_id=fd.description_id and fd.language=?)) AS org_unit_description_display
FROM EXP_ORG_UNIT u
WHERE  u.enabled_flag = 'Y' and u.company_id=?
ORDER BY org_unit_description_display
---------------------Binding info---------------------
No.1	Access path:/session/@lang	Data type of passed value :java.lang.String	Value:ZHS	Output:false	Database Type:null	
No.2	Access path:/session/@company_id	Data type of passed value :java.lang.Integer	Value:2281	Output:false	Database Type:null	

=============== END [query] SQL Statement execution dump ============

2018-10-10 09:06:49.907 [aurora.database] [CONFIG] ===================================== prepare to run model-query exp.EXP1020.exp_org_position_job_select==============================
2018-10-10 09:06:49.914 [uncertain.proc] [CONFIG] [action] DecideSqlGenerationMode
2018-10-10 09:06:49.914 [uncertain.proc] [FINE] aurora.database.service.BusinessModelService.onDecideSqlGenerationMode
2018-10-10 09:06:49.914 [uncertain.proc] [CONFIG] [action] CreatequeryStatement
2018-10-10 09:06:49.914 [uncertain.proc] [FINE] aurora.bm.QuerySqlCreator.onCreateQueryStatement
2018-10-10 09:06:49.914 [uncertain.proc] [CONFIG] [action] PopulatequeryStatement
2018-10-10 09:06:49.914 [uncertain.proc] [FINE] aurora.database.features.OrderByClauseCreator.onPopulateQueryStatement
2018-10-10 09:06:49.914 [uncertain.proc] [FINE] aurora.database.features.WhereClauseCreator.onPopulateQueryStatement
2018-10-10 09:06:49.914 [uncertain.proc] [CONFIG] [action] CreatequerySql
2018-10-10 09:06:49.914 [uncertain.proc] [FINE] aurora.bm.QuerySqlCreator.onCreateQuerySql
2018-10-10 09:06:49.914 [uncertain.proc] [CONFIG] [action] ExecuteQuery
2018-10-10 09:06:49.914 [uncertain.proc] [FINE] aurora.bm.QuerySqlCreator.onExecuteQuery
2018-10-10 09:06:49.915 [uncertain.proc] [CONFIG] [action] QueryFinish
2018-10-10 09:06:49.915 [uncertain.proc] [FINE] aurora.database.features.AutoQueryCounter.onQueryFinish
2018-10-10 09:06:49.915 [uncertain.proc] [CONFIG] [action] FetchResultSet
2018-10-10 09:06:49.915 [uncertain.proc] [FINE] aurora.database.features.CacheBasedLookUpField.postFetchResultSet
2018-10-10 09:06:49.915 [aurora.database] [CONFIG] 
============= BEGIN [query] SQL Statement execution dump ============
SELECT job.employee_job_id,(job.employee_job_code || '-' || (select fd.description_text from fnd_descriptions fd where job.description_id=fd.description_id and fd.language=?)) AS employee_job_desc_display
FROM exp_employee_jobs job
WHERE  job.enabled_flag = 'Y'
ORDER BY employee_job_desc_display
---------------------Binding info---------------------
No.1	Access path:/session/@lang	Data type of passed value :java.lang.String	Value:ZHS	Output:false	Database Type:null	

=============== END [query] SQL Statement execution dump ============

2018-10-10 09:06:49.915 [uncertain.proc] [CONFIG] [action] CreateView
2018-10-10 09:06:49.916 [uncertain.proc] [CONFIG] [action] BuildOutputContent
2018-10-10 09:06:49.916 [aurora.presentation.buildsession] [CONFIG] Start build session
2018-10-10 09:06:49.916 [aurora.presentation.buildsession] [CONFIG] building view: <html-page> -> aurora.presentation.component.HtmlPage@748186d2
2018-10-10 09:06:49.917 [aurora.presentation.buildsession] [CONFIG] building view: <script> -> aurora.presentation.DefaultViewBuilder@35f5c5a3
2018-10-10 09:06:49.917 [aurora.presentation.buildsession] [CONFIG] building view: <dataSets> -> aurora.application.features.DataSetInit@7f7dce08
2018-10-10 09:06:49.917 [aurora.presentation.buildsession] [CONFIG] building view: <dataSet> -> aurora.presentation.TemplateBasedView@3dda489e
2018-10-10 09:06:49.920 [aurora.presentation.buildsession] [CONFIG] building view: <dataSet> -> aurora.presentation.TemplateBasedView@3dda489e
2018-10-10 09:06:49.922 [aurora.presentation.buildsession] [CONFIG] building view: <dataSet> -> aurora.presentation.TemplateBasedView@3dda489e
2018-10-10 09:06:49.925 [aurora.presentation.buildsession] [CONFIG] building view: <dataSet> -> aurora.presentation.TemplateBasedView@3dda489e
2018-10-10 09:06:49.930 [aurora.presentation.buildsession] [CONFIG] building view: <screenBody> -> aurora.presentation.component.std.ScreenBody@5fc41c63
2018-10-10 09:06:49.930 [aurora.presentation.buildsession] [CONFIG] building view: <screenTopToolbar> -> aurora.presentation.component.std.ScreenTopToolbar@5722d50a
2018-10-10 09:06:49.930 [aurora.presentation.buildsession] [CONFIG] building view: <screenTitle> -> aurora.presentation.component.std.ScreenTitle@2fed6e2a
2018-10-10 09:06:49.935 [uncertain.proc] [CONFIG] [action] DecideSqlGenerationMode
2018-10-10 09:06:49.935 [uncertain.proc] [FINE] aurora.database.service.BusinessModelService.onDecideSqlGenerationMode
2018-10-10 09:06:49.935 [uncertain.proc] [CONFIG] [action] CreatequeryStatement
2018-10-10 09:06:49.935 [uncertain.proc] [FINE] aurora.bm.QuerySqlCreator.onCreateQueryStatement
2018-10-10 09:06:49.935 [uncertain.proc] [CONFIG] [action] PopulatequeryStatement
2018-10-10 09:06:49.935 [uncertain.proc] [FINE] aurora.database.features.OrderByClauseCreator.onPopulateQueryStatement
2018-10-10 09:06:49.935 [uncertain.proc] [FINE] aurora.database.features.WhereClauseCreator.onPopulateQueryStatement
2018-10-10 09:06:49.935 [uncertain.proc] [CONFIG] [action] CreatequerySql
2018-10-10 09:06:49.935 [uncertain.proc] [FINE] aurora.bm.QuerySqlCreator.onCreateQuerySql
2018-10-10 09:06:49.935 [uncertain.proc] [CONFIG] [action] ExecuteQuery
2018-10-10 09:06:49.935 [uncertain.proc] [FINE] aurora.bm.QuerySqlCreator.onExecuteQuery
2018-10-10 09:06:49.936 [uncertain.proc] [CONFIG] [action] QueryFinish
2018-10-10 09:06:49.936 [uncertain.proc] [FINE] aurora.database.features.AutoQueryCounter.onQueryFinish
2018-10-10 09:06:49.936 [uncertain.proc] [CONFIG] [action] FetchResultSet
2018-10-10 09:06:49.936 [uncertain.proc] [FINE] aurora.database.features.CacheBasedLookUpField.postFetchResultSet
2018-10-10 09:06:49.936 [aurora.database] [CONFIG] 
============= BEGIN [query] SQL Statement execution dump ============
SELECT f.service_id,f.service_name,f.is_entry_page,f.is_access_checked,f.is_login_required,f.is_system_access,? AS language,(select d.description_text from fnd_descriptions d where d.description_id = f.title_id and d.language = ?) AS title,f.title_id,f.weixin_flag
FROM sys_service f
WHERE f.service_name = ?
ORDER BY service_name
---------------------Binding info---------------------
No.1	Access path:/session/@lang	Data type of passed value :java.lang.String	Value:ZHS	Output:false	Database Type:null	
No.2	Access path:/session/@lang	Data type of passed value :java.lang.String	Value:ZHS	Output:false	Database Type:null	
No.3	Access path:@service_name	Data type of passed value :java.lang.String	Value:modules/exp/EXP1020/exp_org_position.screen	Output:false	Database Type:null	

=============== END [query] SQL Statement execution dump ============

2018-10-10 09:06:49.936 [aurora.presentation.buildsession] [CONFIG] building view: <toolbarButton> -> aurora.presentation.TemplateBasedView@3dda489e
2018-10-10 09:06:49.937 [aurora.presentation.buildsession] [CONFIG] building view: <gridButton> -> aurora.presentation.TemplateBasedView@3dda489e
2018-10-10 09:06:49.937 [aurora.presentation.buildsession] [CONFIG] building view: <gridButton> -> aurora.presentation.TemplateBasedView@3dda489e
2018-10-10 09:06:49.937 [aurora.presentation.buildsession] [CONFIG] building view: <gridButton> -> aurora.presentation.TemplateBasedView@3dda489e
2018-10-10 09:06:49.937 [aurora.presentation.buildsession] [CONFIG] building view: <queryForm> -> aurora.presentation.component.std.QueryForm@4b42bd0c
2018-10-10 09:06:49.938 [aurora.presentation.buildsession] [CONFIG] building view: <hBox> -> aurora.presentation.component.std.HBox@559fd47d
2018-10-10 09:06:49.938 [aurora.presentation.buildsession] [CONFIG] building view: <textField> -> aurora.presentation.TemplateBasedView@3dda489e
2018-10-10 09:06:49.938 [aurora.presentation.buildsession] [CONFIG] building view: <textField> -> aurora.presentation.TemplateBasedView@3dda489e
2018-10-10 09:06:49.938 [aurora.presentation.buildsession] [CONFIG] building view: <textField> -> aurora.presentation.TemplateBasedView@3dda489e
2018-10-10 09:06:49.938 [aurora.presentation.buildsession] [CONFIG] building view: <toolbarButton> -> aurora.presentation.TemplateBasedView@3dda489e
2018-10-10 09:06:49.939 [aurora.presentation.buildsession] [CONFIG] building view: <toolbarButton> -> aurora.presentation.TemplateBasedView@3dda489e
2018-10-10 09:06:49.939 [aurora.presentation.buildsession] [CONFIG] building view: <box> -> aurora.presentation.component.std.Box@5bf1a868
2018-10-10 09:06:49.939 [aurora.presentation.buildsession] [CONFIG] building view: <lov> -> aurora.presentation.TemplateBasedView@3dda489e
2018-10-10 09:06:49.939 [aurora.presentation.buildsession] [CONFIG] building view: <grid> -> aurora.presentation.TemplateBasedView@3dda489e
2018-10-10 09:06:49.939 [aurora.presentation.buildsession] [CONFIG] building view: <navBar> -> aurora.presentation.TemplateBasedView@3dda489e
2018-10-10 09:06:49.940 [aurora.presentation.buildsession] [CONFIG] building view: <button> -> aurora.presentation.TemplateBasedView@3dda489e
2018-10-10 09:06:49.941 [aurora.presentation.buildsession] [CONFIG] building view: <button> -> aurora.presentation.TemplateBasedView@3dda489e
2018-10-10 09:06:49.941 [aurora.presentation.buildsession] [CONFIG] building view: <separator> -> aurora.presentation.TemplateBasedView@3dda489e
2018-10-10 09:06:49.941 [aurora.presentation.buildsession] [CONFIG] building view: <div> -> aurora.presentation.DefaultViewBuilder@35f5c5a3
2018-10-10 09:06:49.941 [aurora.presentation.buildsession] [CONFIG] building view: <numberField> -> aurora.presentation.TemplateBasedView@3dda489e
2018-10-10 09:06:49.941 [aurora.presentation.buildsession] [CONFIG] building view: <div> -> aurora.presentation.DefaultViewBuilder@35f5c5a3
2018-10-10 09:06:49.941 [aurora.presentation.buildsession] [CONFIG] building view: <separator> -> aurora.presentation.TemplateBasedView@3dda489e
2018-10-10 09:06:49.941 [aurora.presentation.buildsession] [CONFIG] building view: <button> -> aurora.presentation.TemplateBasedView@3dda489e
2018-10-10 09:06:49.941 [aurora.presentation.buildsession] [CONFIG] building view: <button> -> aurora.presentation.TemplateBasedView@3dda489e
2018-10-10 09:06:49.941 [aurora.presentation.buildsession] [CONFIG] building view: <button> -> aurora.presentation.TemplateBasedView@3dda489e
2018-10-10 09:06:49.941 [aurora.presentation.buildsession] [CONFIG] building view: <separator> -> aurora.presentation.TemplateBasedView@3dda489e
2018-10-10 09:06:49.941 [aurora.presentation.buildsession] [CONFIG] building view: <div> -> aurora.presentation.DefaultViewBuilder@35f5c5a3
2018-10-10 09:06:49.941 [aurora.presentation.buildsession] [CONFIG] building view: <comboBox> -> aurora.presentation.TemplateBasedView@3dda489e
2018-10-10 09:06:49.942 [aurora.presentation.buildsession] [CONFIG] building view: <div> -> aurora.presentation.DefaultViewBuilder@35f5c5a3
2018-10-10 09:06:49.942 [aurora.presentation.buildsession] [CONFIG] building view: <separator> -> aurora.presentation.TemplateBasedView@3dda489e
2018-10-10 09:06:49.942 [aurora.presentation.buildsession] [CONFIG] building view: <div> -> aurora.presentation.DefaultViewBuilder@35f5c5a3
2018-10-10 09:06:49.942 [aurora.presentation.buildsession] [CONFIG] building view: <textField> -> aurora.presentation.TemplateBasedView@3dda489e
2018-10-10 09:06:49.942 [aurora.presentation.buildsession] [CONFIG] building view: <textField> -> aurora.presentation.TemplateBasedView@3dda489e
2018-10-10 09:06:49.942 [aurora.presentation.buildsession] [CONFIG] building view: <lov> -> aurora.presentation.TemplateBasedView@3dda489e
2018-10-10 09:06:49.943 [aurora.presentation.buildsession] [CONFIG] building view: <comboBox> -> aurora.presentation.TemplateBasedView@3dda489e
2018-10-10 09:06:49.943 [aurora.presentation.buildsession] [CONFIG] building view: <comboBox> -> aurora.presentation.TemplateBasedView@3dda489e
2018-10-10 09:06:49.943 [aurora.presentation.buildsession] [CONFIG] building view: <checkBox> -> aurora.presentation.TemplateBasedView@3dda489e
2018-10-10 09:06:49.943 [aurora.presentation.buildsession] [CONFIG] building view: <lov> -> aurora.presentation.TemplateBasedView@3dda489e
2018-10-10 09:06:49.943 [aurora.presentation.buildsession] [CONFIG] building view: <script> -> aurora.presentation.DefaultViewBuilder@35f5c5a3
2018-10-10 09:06:49.943 [aurora.presentation.buildsession] [CONFIG] End build session
