2018-10-18 02:20:37.516 [aurora.application.session_check] [CONFIG] Session data copied to context
2018-10-18 02:20:37.516 [aurora.application.session_check] [CONFIG] Access check result for modules/exp/EXP1020/exp_org_position.screen => success
2018-10-18 02:20:37.516 [uncertain.proc] [CONFIG] [action] AccessCheck
2018-10-18 02:20:37.523 [uncertain.proc] [CONFIG] [action] InitService
2018-10-18 02:20:37.524 [uncertain.proc] [CONFIG] [action] ParseParameter
2018-10-18 02:20:37.524 [uncertain.proc] [CONFIG] [action] CreateModel
2018-10-18 02:20:37.524 [aurora.database] [CONFIG] ===================================== prepare to run model-query exp.EXP1020.exp_org_position_unit_select==============================
2018-10-18 02:20:37.529 [uncertain.proc] [CONFIG] [action] DecideSqlGenerationMode
2018-10-18 02:20:37.529 [uncertain.proc] [FINE] aurora.database.service.BusinessModelService.onDecideSqlGenerationMode
2018-10-18 02:20:37.529 [uncertain.proc] [CONFIG] [action] CreatequeryStatement
2018-10-18 02:20:37.529 [uncertain.proc] [FINE] aurora.bm.QuerySqlCreator.onCreateQueryStatement
2018-10-18 02:20:37.529 [uncertain.proc] [CONFIG] [action] PopulatequeryStatement
2018-10-18 02:20:37.529 [uncertain.proc] [FINE] aurora.database.features.OrderByClauseCreator.onPopulateQueryStatement
2018-10-18 02:20:37.529 [uncertain.proc] [FINE] aurora.database.features.WhereClauseCreator.onPopulateQueryStatement
2018-10-18 02:20:37.529 [uncertain.proc] [CONFIG] [action] CreatequerySql
2018-10-18 02:20:37.529 [uncertain.proc] [FINE] aurora.bm.QuerySqlCreator.onCreateQuerySql
2018-10-18 02:20:37.529 [uncertain.proc] [CONFIG] [action] ExecuteQuery
2018-10-18 02:20:37.529 [uncertain.proc] [FINE] aurora.bm.QuerySqlCreator.onExecuteQuery
2018-10-18 02:20:37.530 [uncertain.proc] [CONFIG] [action] QueryFinish
2018-10-18 02:20:37.530 [uncertain.proc] [FINE] aurora.database.features.AutoQueryCounter.onQueryFinish
2018-10-18 02:20:37.530 [uncertain.proc] [CONFIG] [action] FetchResultSet
2018-10-18 02:20:37.530 [uncertain.proc] [FINE] aurora.database.features.CacheBasedLookUpField.postFetchResultSet
2018-10-18 02:20:37.530 [aurora.database] [CONFIG] 
============= BEGIN [query] SQL Statement execution dump ============
SELECT u.unit_id,(u.unit_code || '-' || (select fd.description_text from fnd_descriptions fd where u.description_id=fd.description_id and fd.language=?)) AS org_unit_description_display
FROM EXP_ORG_UNIT u
WHERE  u.enabled_flag = 'Y' and u.company_id=?
ORDER BY org_unit_description_display
---------------------Binding info---------------------
No.1	Access path:/session/@lang	Data type of passed value :java.lang.String	Value:ZHS	Output:false	Database Type:null	
No.2	Access path:/session/@company_id	Data type of passed value :java.lang.Integer	Value:2555	Output:false	Database Type:null	

=============== END [query] SQL Statement execution dump ============

2018-10-18 02:20:37.530 [aurora.database] [CONFIG] ===================================== prepare to run model-query exp.EXP1020.exp_org_position_job_select==============================
2018-10-18 02:20:37.535 [uncertain.proc] [CONFIG] [action] DecideSqlGenerationMode
2018-10-18 02:20:37.535 [uncertain.proc] [FINE] aurora.database.service.BusinessModelService.onDecideSqlGenerationMode
2018-10-18 02:20:37.535 [uncertain.proc] [CONFIG] [action] CreatequeryStatement
2018-10-18 02:20:37.535 [uncertain.proc] [FINE] aurora.bm.QuerySqlCreator.onCreateQueryStatement
2018-10-18 02:20:37.535 [uncertain.proc] [CONFIG] [action] PopulatequeryStatement
2018-10-18 02:20:37.535 [uncertain.proc] [FINE] aurora.database.features.OrderByClauseCreator.onPopulateQueryStatement
2018-10-18 02:20:37.535 [uncertain.proc] [FINE] aurora.database.features.WhereClauseCreator.onPopulateQueryStatement
2018-10-18 02:20:37.535 [uncertain.proc] [CONFIG] [action] CreatequerySql
2018-10-18 02:20:37.535 [uncertain.proc] [FINE] aurora.bm.QuerySqlCreator.onCreateQuerySql
2018-10-18 02:20:37.535 [uncertain.proc] [CONFIG] [action] ExecuteQuery
2018-10-18 02:20:37.535 [uncertain.proc] [FINE] aurora.bm.QuerySqlCreator.onExecuteQuery
2018-10-18 02:20:37.536 [uncertain.proc] [CONFIG] [action] QueryFinish
2018-10-18 02:20:37.536 [uncertain.proc] [FINE] aurora.database.features.AutoQueryCounter.onQueryFinish
2018-10-18 02:20:37.536 [uncertain.proc] [CONFIG] [action] FetchResultSet
2018-10-18 02:20:37.536 [uncertain.proc] [FINE] aurora.database.features.CacheBasedLookUpField.postFetchResultSet
2018-10-18 02:20:37.536 [aurora.database] [CONFIG] 
============= BEGIN [query] SQL Statement execution dump ============
SELECT job.employee_job_id,(job.employee_job_code || '-' || (select fd.description_text from fnd_descriptions fd where job.description_id=fd.description_id and fd.language=?)) AS employee_job_desc_display
FROM exp_employee_jobs job
WHERE  job.enabled_flag = 'Y'
ORDER BY employee_job_desc_display
---------------------Binding info---------------------
No.1	Access path:/session/@lang	Data type of passed value :java.lang.String	Value:ZHS	Output:false	Database Type:null	

=============== END [query] SQL Statement execution dump ============

2018-10-18 02:20:37.536 [uncertain.proc] [CONFIG] [action] CreateView
2018-10-18 02:20:37.536 [uncertain.proc] [CONFIG] [action] BuildOutputContent
2018-10-18 02:20:37.536 [aurora.presentation.buildsession] [CONFIG] Start build session
2018-10-18 02:20:37.536 [aurora.presentation.buildsession] [CONFIG] building view: <html-page> -> aurora.presentation.component.HtmlPage@6125ef28
2018-10-18 02:20:37.537 [aurora.presentation.buildsession] [CONFIG] building view: <script> -> aurora.presentation.DefaultViewBuilder@35f5c5a3
2018-10-18 02:20:37.537 [aurora.presentation.buildsession] [CONFIG] building view: <dataSets> -> aurora.application.features.DataSetInit@3e7b4a32
2018-10-18 02:20:37.537 [aurora.presentation.buildsession] [CONFIG] building view: <dataSet> -> aurora.presentation.TemplateBasedView@3dda489e
2018-10-18 02:20:37.539 [aurora.presentation.buildsession] [CONFIG] building view: <dataSet> -> aurora.presentation.TemplateBasedView@3dda489e
2018-10-18 02:20:37.541 [aurora.presentation.buildsession] [CONFIG] building view: <dataSet> -> aurora.presentation.TemplateBasedView@3dda489e
2018-10-18 02:20:37.543 [aurora.presentation.buildsession] [CONFIG] building view: <dataSet> -> aurora.presentation.TemplateBasedView@3dda489e
2018-10-18 02:20:37.548 [aurora.presentation.buildsession] [CONFIG] building view: <screenBody> -> aurora.presentation.component.std.ScreenBody@2b6b487b
2018-10-18 02:20:37.548 [aurora.presentation.buildsession] [CONFIG] building view: <screenTopToolbar> -> aurora.presentation.component.std.ScreenTopToolbar@53c3ca77
2018-10-18 02:20:37.548 [aurora.presentation.buildsession] [CONFIG] building view: <screenTitle> -> aurora.presentation.component.std.ScreenTitle@1d513388
2018-10-18 02:20:37.552 [uncertain.proc] [CONFIG] [action] DecideSqlGenerationMode
2018-10-18 02:20:37.552 [uncertain.proc] [FINE] aurora.database.service.BusinessModelService.onDecideSqlGenerationMode
2018-10-18 02:20:37.552 [uncertain.proc] [CONFIG] [action] CreatequeryStatement
2018-10-18 02:20:37.552 [uncertain.proc] [FINE] aurora.bm.QuerySqlCreator.onCreateQueryStatement
2018-10-18 02:20:37.552 [uncertain.proc] [CONFIG] [action] PopulatequeryStatement
2018-10-18 02:20:37.552 [uncertain.proc] [FINE] aurora.database.features.OrderByClauseCreator.onPopulateQueryStatement
2018-10-18 02:20:37.552 [uncertain.proc] [FINE] aurora.database.features.WhereClauseCreator.onPopulateQueryStatement
2018-10-18 02:20:37.552 [uncertain.proc] [CONFIG] [action] CreatequerySql
2018-10-18 02:20:37.552 [uncertain.proc] [FINE] aurora.bm.QuerySqlCreator.onCreateQuerySql
2018-10-18 02:20:37.552 [uncertain.proc] [CONFIG] [action] ExecuteQuery
2018-10-18 02:20:37.552 [uncertain.proc] [FINE] aurora.bm.QuerySqlCreator.onExecuteQuery
2018-10-18 02:20:37.553 [uncertain.proc] [CONFIG] [action] QueryFinish
2018-10-18 02:20:37.553 [uncertain.proc] [FINE] aurora.database.features.AutoQueryCounter.onQueryFinish
2018-10-18 02:20:37.553 [uncertain.proc] [CONFIG] [action] FetchResultSet
2018-10-18 02:20:37.553 [uncertain.proc] [FINE] aurora.database.features.CacheBasedLookUpField.postFetchResultSet
2018-10-18 02:20:37.553 [aurora.database] [CONFIG] 
============= BEGIN [query] SQL Statement execution dump ============
SELECT f.service_id,f.service_name,f.is_entry_page,f.is_access_checked,f.is_login_required,f.is_system_access,? AS language,(select d.description_text from fnd_descriptions d where d.description_id = f.title_id and d.language = ?) AS title,f.title_id,f.weixin_flag
FROM sys_service f
WHERE f.service_name = ?
ORDER BY service_name
---------------------Binding info---------------------
No.1	Access path:/session/@lang	Data type of passed value :java.lang.String	Value:ZHS	Output:false	Database Type:null	
No.2	Access path:/session/@lang	Data type of passed value :java.lang.String	Value:ZHS	Output:false	Database Type:null	
No.3	Access path:@service_name	Data type of passed value :java.lang.String	Value:modules/exp/EXP1020/exp_org_position.screen	Output:false	Database Type:null	

=============== END [query] SQL Statement execution dump ============

2018-10-18 02:20:37.553 [aurora.presentation.buildsession] [CONFIG] building view: <toolbarButton> -> aurora.presentation.TemplateBasedView@3dda489e
2018-10-18 02:20:37.553 [aurora.presentation.buildsession] [CONFIG] building view: <gridButton> -> aurora.presentation.TemplateBasedView@3dda489e
2018-10-18 02:20:37.554 [aurora.presentation.buildsession] [CONFIG] building view: <gridButton> -> aurora.presentation.TemplateBasedView@3dda489e
2018-10-18 02:20:37.554 [aurora.presentation.buildsession] [CONFIG] building view: <gridButton> -> aurora.presentation.TemplateBasedView@3dda489e
2018-10-18 02:20:37.554 [aurora.presentation.buildsession] [CONFIG] building view: <queryForm> -> aurora.presentation.component.std.QueryForm@7747cbd5
2018-10-18 02:20:37.554 [aurora.presentation.buildsession] [CONFIG] building view: <hBox> -> aurora.presentation.component.std.HBox@1a44e6ec
2018-10-18 02:20:37.554 [aurora.presentation.buildsession] [CONFIG] building view: <textField> -> aurora.presentation.TemplateBasedView@3dda489e
2018-10-18 02:20:37.554 [aurora.presentation.buildsession] [CONFIG] building view: <textField> -> aurora.presentation.TemplateBasedView@3dda489e
2018-10-18 02:20:37.555 [aurora.presentation.buildsession] [CONFIG] building view: <textField> -> aurora.presentation.TemplateBasedView@3dda489e
2018-10-18 02:20:37.555 [aurora.presentation.buildsession] [CONFIG] building view: <toolbarButton> -> aurora.presentation.TemplateBasedView@3dda489e
2018-10-18 02:20:37.555 [aurora.presentation.buildsession] [CONFIG] building view: <toolbarButton> -> aurora.presentation.TemplateBasedView@3dda489e
2018-10-18 02:20:37.555 [aurora.presentation.buildsession] [CONFIG] building view: <box> -> aurora.presentation.component.std.Box@b3a3c73
2018-10-18 02:20:37.555 [aurora.presentation.buildsession] [CONFIG] building view: <lov> -> aurora.presentation.TemplateBasedView@3dda489e
2018-10-18 02:20:37.555 [aurora.presentation.buildsession] [CONFIG] building view: <grid> -> aurora.presentation.TemplateBasedView@3dda489e
2018-10-18 02:20:37.555 [aurora.presentation.buildsession] [CONFIG] building view: <navBar> -> aurora.presentation.TemplateBasedView@3dda489e
2018-10-18 02:20:37.557 [aurora.presentation.buildsession] [CONFIG] building view: <button> -> aurora.presentation.TemplateBasedView@3dda489e
2018-10-18 02:20:37.557 [aurora.presentation.buildsession] [CONFIG] building view: <button> -> aurora.presentation.TemplateBasedView@3dda489e
2018-10-18 02:20:37.557 [aurora.presentation.buildsession] [CONFIG] building view: <separator> -> aurora.presentation.TemplateBasedView@3dda489e
2018-10-18 02:20:37.557 [aurora.presentation.buildsession] [CONFIG] building view: <div> -> aurora.presentation.DefaultViewBuilder@35f5c5a3
2018-10-18 02:20:37.557 [aurora.presentation.buildsession] [CONFIG] building view: <numberField> -> aurora.presentation.TemplateBasedView@3dda489e
2018-10-18 02:20:37.558 [aurora.presentation.buildsession] [CONFIG] building view: <div> -> aurora.presentation.DefaultViewBuilder@35f5c5a3
2018-10-18 02:20:37.558 [aurora.presentation.buildsession] [CONFIG] building view: <separator> -> aurora.presentation.TemplateBasedView@3dda489e
2018-10-18 02:20:37.558 [aurora.presentation.buildsession] [CONFIG] building view: <button> -> aurora.presentation.TemplateBasedView@3dda489e
2018-10-18 02:20:37.558 [aurora.presentation.buildsession] [CONFIG] building view: <button> -> aurora.presentation.TemplateBasedView@3dda489e
2018-10-18 02:20:37.558 [aurora.presentation.buildsession] [CONFIG] building view: <button> -> aurora.presentation.TemplateBasedView@3dda489e
2018-10-18 02:20:37.558 [aurora.presentation.buildsession] [CONFIG] building view: <separator> -> aurora.presentation.TemplateBasedView@3dda489e
2018-10-18 02:20:37.558 [aurora.presentation.buildsession] [CONFIG] building view: <div> -> aurora.presentation.DefaultViewBuilder@35f5c5a3
2018-10-18 02:20:37.558 [aurora.presentation.buildsession] [CONFIG] building view: <comboBox> -> aurora.presentation.TemplateBasedView@3dda489e
2018-10-18 02:20:37.559 [aurora.presentation.buildsession] [CONFIG] building view: <div> -> aurora.presentation.DefaultViewBuilder@35f5c5a3
2018-10-18 02:20:37.559 [aurora.presentation.buildsession] [CONFIG] building view: <separator> -> aurora.presentation.TemplateBasedView@3dda489e
2018-10-18 02:20:37.559 [aurora.presentation.buildsession] [CONFIG] building view: <div> -> aurora.presentation.DefaultViewBuilder@35f5c5a3
2018-10-18 02:20:37.559 [aurora.presentation.buildsession] [CONFIG] building view: <textField> -> aurora.presentation.TemplateBasedView@3dda489e
2018-10-18 02:20:37.559 [aurora.presentation.buildsession] [CONFIG] building view: <textField> -> aurora.presentation.TemplateBasedView@3dda489e
2018-10-18 02:20:37.560 [aurora.presentation.buildsession] [CONFIG] building view: <lov> -> aurora.presentation.TemplateBasedView@3dda489e
2018-10-18 02:20:37.560 [aurora.presentation.buildsession] [CONFIG] building view: <comboBox> -> aurora.presentation.TemplateBasedView@3dda489e
2018-10-18 02:20:37.560 [aurora.presentation.buildsession] [CONFIG] building view: <comboBox> -> aurora.presentation.TemplateBasedView@3dda489e
2018-10-18 02:20:37.560 [aurora.presentation.buildsession] [CONFIG] building view: <checkBox> -> aurora.presentation.TemplateBasedView@3dda489e
2018-10-18 02:20:37.560 [aurora.presentation.buildsession] [CONFIG] building view: <lov> -> aurora.presentation.TemplateBasedView@3dda489e
2018-10-18 02:20:37.600 [aurora.presentation.buildsession] [CONFIG] building view: <script> -> aurora.presentation.DefaultViewBuilder@35f5c5a3
2018-10-18 02:20:37.600 [aurora.presentation.buildsession] [CONFIG] End build session
