2018-10-21 07:49:01.158 [aurora.application.session_check] [CONFIG] Session data copied to context
2018-10-21 07:49:01.159 [aurora.application.session_check] [CONFIG] Access check result for modules/exp/EXP1020/exp_org_position.screen => success
2018-10-21 07:49:01.159 [uncertain.proc] [CONFIG] [action] AccessCheck
2018-10-21 07:49:01.165 [uncertain.proc] [CONFIG] [action] InitService
2018-10-21 07:49:01.165 [uncertain.proc] [CONFIG] [action] ParseParameter
2018-10-21 07:49:01.165 [uncertain.proc] [CONFIG] [action] CreateModel
2018-10-21 07:49:01.165 [aurora.database] [CONFIG] ===================================== prepare to run model-query exp.EXP1020.exp_org_position_unit_select==============================
2018-10-21 07:49:01.170 [uncertain.proc] [CONFIG] [action] DecideSqlGenerationMode
2018-10-21 07:49:01.170 [uncertain.proc] [FINE] aurora.database.service.BusinessModelService.onDecideSqlGenerationMode
2018-10-21 07:49:01.170 [uncertain.proc] [CONFIG] [action] CreatequeryStatement
2018-10-21 07:49:01.170 [uncertain.proc] [FINE] aurora.bm.QuerySqlCreator.onCreateQueryStatement
2018-10-21 07:49:01.170 [uncertain.proc] [CONFIG] [action] PopulatequeryStatement
2018-10-21 07:49:01.170 [uncertain.proc] [FINE] aurora.database.features.OrderByClauseCreator.onPopulateQueryStatement
2018-10-21 07:49:01.170 [uncertain.proc] [FINE] aurora.database.features.WhereClauseCreator.onPopulateQueryStatement
2018-10-21 07:49:01.170 [uncertain.proc] [CONFIG] [action] CreatequerySql
2018-10-21 07:49:01.170 [uncertain.proc] [FINE] aurora.bm.QuerySqlCreator.onCreateQuerySql
2018-10-21 07:49:01.171 [uncertain.proc] [CONFIG] [action] ExecuteQuery
2018-10-21 07:49:01.171 [uncertain.proc] [FINE] aurora.bm.QuerySqlCreator.onExecuteQuery
2018-10-21 07:49:01.175 [uncertain.proc] [CONFIG] [action] QueryFinish
2018-10-21 07:49:01.175 [uncertain.proc] [FINE] aurora.database.features.AutoQueryCounter.onQueryFinish
2018-10-21 07:49:01.175 [uncertain.proc] [CONFIG] [action] FetchResultSet
2018-10-21 07:49:01.175 [uncertain.proc] [FINE] aurora.database.features.CacheBasedLookUpField.postFetchResultSet
2018-10-21 07:49:01.175 [aurora.database] [CONFIG] 
============= BEGIN [query] SQL Statement execution dump ============
SELECT u.unit_id,(u.unit_code || '-' || (select fd.description_text from fnd_descriptions fd where u.description_id=fd.description_id and fd.language=?)) AS org_unit_description_display
FROM EXP_ORG_UNIT u
WHERE  u.enabled_flag = 'Y' and u.company_id=?
ORDER BY org_unit_description_display
---------------------Binding info---------------------
No.1	Access path:/session/@lang	Data type of passed value :java.lang.String	Value:ZHS	Output:false	Database Type:null	
No.2	Access path:/session/@company_id	Data type of passed value :java.lang.Integer	Value:2575	Output:false	Database Type:null	

=============== END [query] SQL Statement execution dump ============

2018-10-21 07:49:01.175 [aurora.database] [CONFIG] ===================================== prepare to run model-query exp.EXP1020.exp_org_position_job_select==============================
2018-10-21 07:49:01.179 [uncertain.proc] [CONFIG] [action] DecideSqlGenerationMode
2018-10-21 07:49:01.179 [uncertain.proc] [FINE] aurora.database.service.BusinessModelService.onDecideSqlGenerationMode
2018-10-21 07:49:01.179 [uncertain.proc] [CONFIG] [action] CreatequeryStatement
2018-10-21 07:49:01.179 [uncertain.proc] [FINE] aurora.bm.QuerySqlCreator.onCreateQueryStatement
2018-10-21 07:49:01.179 [uncertain.proc] [CONFIG] [action] PopulatequeryStatement
2018-10-21 07:49:01.179 [uncertain.proc] [FINE] aurora.database.features.OrderByClauseCreator.onPopulateQueryStatement
2018-10-21 07:49:01.179 [uncertain.proc] [FINE] aurora.database.features.WhereClauseCreator.onPopulateQueryStatement
2018-10-21 07:49:01.179 [uncertain.proc] [CONFIG] [action] CreatequerySql
2018-10-21 07:49:01.179 [uncertain.proc] [FINE] aurora.bm.QuerySqlCreator.onCreateQuerySql
2018-10-21 07:49:01.179 [uncertain.proc] [CONFIG] [action] ExecuteQuery
2018-10-21 07:49:01.179 [uncertain.proc] [FINE] aurora.bm.QuerySqlCreator.onExecuteQuery
2018-10-21 07:49:01.180 [uncertain.proc] [CONFIG] [action] QueryFinish
2018-10-21 07:49:01.180 [uncertain.proc] [FINE] aurora.database.features.AutoQueryCounter.onQueryFinish
2018-10-21 07:49:01.180 [uncertain.proc] [CONFIG] [action] FetchResultSet
2018-10-21 07:49:01.180 [uncertain.proc] [FINE] aurora.database.features.CacheBasedLookUpField.postFetchResultSet
2018-10-21 07:49:01.180 [aurora.database] [CONFIG] 
============= BEGIN [query] SQL Statement execution dump ============
SELECT job.employee_job_id,(job.employee_job_code || '-' || (select fd.description_text from fnd_descriptions fd where job.description_id=fd.description_id and fd.language=?)) AS employee_job_desc_display
FROM exp_employee_jobs job
WHERE  job.enabled_flag = 'Y'
ORDER BY employee_job_desc_display
---------------------Binding info---------------------
No.1	Access path:/session/@lang	Data type of passed value :java.lang.String	Value:ZHS	Output:false	Database Type:null	

=============== END [query] SQL Statement execution dump ============

2018-10-21 07:49:01.180 [uncertain.proc] [CONFIG] [action] CreateView
2018-10-21 07:49:01.180 [uncertain.proc] [CONFIG] [action] BuildOutputContent
2018-10-21 07:49:01.181 [aurora.presentation.buildsession] [CONFIG] Start build session
2018-10-21 07:49:01.181 [aurora.presentation.buildsession] [CONFIG] building view: <html-page> -> aurora.presentation.component.HtmlPage@7c79f6cf
2018-10-21 07:49:01.181 [aurora.presentation.buildsession] [CONFIG] building view: <script> -> aurora.presentation.DefaultViewBuilder@35f5c5a3
2018-10-21 07:49:01.181 [aurora.presentation.buildsession] [CONFIG] building view: <dataSets> -> aurora.application.features.DataSetInit@740e58d5
2018-10-21 07:49:01.181 [aurora.presentation.buildsession] [CONFIG] building view: <dataSet> -> aurora.presentation.TemplateBasedView@3dda489e
2018-10-21 07:49:01.183 [aurora.presentation.buildsession] [CONFIG] building view: <dataSet> -> aurora.presentation.TemplateBasedView@3dda489e
2018-10-21 07:49:01.184 [aurora.presentation.buildsession] [CONFIG] building view: <dataSet> -> aurora.presentation.TemplateBasedView@3dda489e
2018-10-21 07:49:01.186 [aurora.presentation.buildsession] [CONFIG] building view: <dataSet> -> aurora.presentation.TemplateBasedView@3dda489e
2018-10-21 07:49:01.189 [aurora.presentation.buildsession] [CONFIG] building view: <screenBody> -> aurora.presentation.component.std.ScreenBody@2bc4a7d9
2018-10-21 07:49:01.189 [aurora.presentation.buildsession] [CONFIG] building view: <screenTopToolbar> -> aurora.presentation.component.std.ScreenTopToolbar@64a48a60
2018-10-21 07:49:01.189 [aurora.presentation.buildsession] [CONFIG] building view: <screenTitle> -> aurora.presentation.component.std.ScreenTitle@5758c7b5
2018-10-21 07:49:01.193 [uncertain.proc] [CONFIG] [action] DecideSqlGenerationMode
2018-10-21 07:49:01.193 [uncertain.proc] [FINE] aurora.database.service.BusinessModelService.onDecideSqlGenerationMode
2018-10-21 07:49:01.193 [uncertain.proc] [CONFIG] [action] CreatequeryStatement
2018-10-21 07:49:01.193 [uncertain.proc] [FINE] aurora.bm.QuerySqlCreator.onCreateQueryStatement
2018-10-21 07:49:01.193 [uncertain.proc] [CONFIG] [action] PopulatequeryStatement
2018-10-21 07:49:01.193 [uncertain.proc] [FINE] aurora.database.features.OrderByClauseCreator.onPopulateQueryStatement
2018-10-21 07:49:01.193 [uncertain.proc] [FINE] aurora.database.features.WhereClauseCreator.onPopulateQueryStatement
2018-10-21 07:49:01.193 [uncertain.proc] [CONFIG] [action] CreatequerySql
2018-10-21 07:49:01.193 [uncertain.proc] [FINE] aurora.bm.QuerySqlCreator.onCreateQuerySql
2018-10-21 07:49:01.193 [uncertain.proc] [CONFIG] [action] ExecuteQuery
2018-10-21 07:49:01.193 [uncertain.proc] [FINE] aurora.bm.QuerySqlCreator.onExecuteQuery
2018-10-21 07:49:01.193 [uncertain.proc] [CONFIG] [action] QueryFinish
2018-10-21 07:49:01.194 [uncertain.proc] [FINE] aurora.database.features.AutoQueryCounter.onQueryFinish
2018-10-21 07:49:01.194 [uncertain.proc] [CONFIG] [action] FetchResultSet
2018-10-21 07:49:01.194 [uncertain.proc] [FINE] aurora.database.features.CacheBasedLookUpField.postFetchResultSet
2018-10-21 07:49:01.194 [aurora.database] [CONFIG] 
============= BEGIN [query] SQL Statement execution dump ============
SELECT f.service_id,f.service_name,f.is_entry_page,f.is_access_checked,f.is_login_required,f.is_system_access,? AS language,(select d.description_text from fnd_descriptions d where d.description_id = f.title_id and d.language = ?) AS title,f.title_id,f.weixin_flag
FROM sys_service f
WHERE f.service_name = ?
ORDER BY service_name
---------------------Binding info---------------------
No.1	Access path:/session/@lang	Data type of passed value :java.lang.String	Value:ZHS	Output:false	Database Type:null	
No.2	Access path:/session/@lang	Data type of passed value :java.lang.String	Value:ZHS	Output:false	Database Type:null	
No.3	Access path:@service_name	Data type of passed value :java.lang.String	Value:modules/exp/EXP1020/exp_org_position.screen	Output:false	Database Type:null	

=============== END [query] SQL Statement execution dump ============

2018-10-21 07:49:01.194 [aurora.presentation.buildsession] [CONFIG] building view: <toolbarButton> -> aurora.presentation.TemplateBasedView@3dda489e
2018-10-21 07:49:01.194 [aurora.presentation.buildsession] [CONFIG] building view: <gridButton> -> aurora.presentation.TemplateBasedView@3dda489e
2018-10-21 07:49:01.194 [aurora.presentation.buildsession] [CONFIG] building view: <gridButton> -> aurora.presentation.TemplateBasedView@3dda489e
2018-10-21 07:49:01.194 [aurora.presentation.buildsession] [CONFIG] building view: <gridButton> -> aurora.presentation.TemplateBasedView@3dda489e
2018-10-21 07:49:01.194 [aurora.presentation.buildsession] [CONFIG] building view: <queryForm> -> aurora.presentation.component.std.QueryForm@74917bcc
2018-10-21 07:49:01.194 [aurora.presentation.buildsession] [CONFIG] building view: <hBox> -> aurora.presentation.component.std.HBox@563a38c3
2018-10-21 07:49:01.194 [aurora.presentation.buildsession] [CONFIG] building view: <textField> -> aurora.presentation.TemplateBasedView@3dda489e
2018-10-21 07:49:01.195 [aurora.presentation.buildsession] [CONFIG] building view: <textField> -> aurora.presentation.TemplateBasedView@3dda489e
2018-10-21 07:49:01.195 [aurora.presentation.buildsession] [CONFIG] building view: <textField> -> aurora.presentation.TemplateBasedView@3dda489e
2018-10-21 07:49:01.195 [aurora.presentation.buildsession] [CONFIG] building view: <toolbarButton> -> aurora.presentation.TemplateBasedView@3dda489e
2018-10-21 07:49:01.195 [aurora.presentation.buildsession] [CONFIG] building view: <toolbarButton> -> aurora.presentation.TemplateBasedView@3dda489e
2018-10-21 07:49:01.195 [aurora.presentation.buildsession] [CONFIG] building view: <box> -> aurora.presentation.component.std.Box@48d54fdc
2018-10-21 07:49:01.195 [aurora.presentation.buildsession] [CONFIG] building view: <lov> -> aurora.presentation.TemplateBasedView@3dda489e
2018-10-21 07:49:01.195 [aurora.presentation.buildsession] [CONFIG] building view: <grid> -> aurora.presentation.TemplateBasedView@3dda489e
2018-10-21 07:49:01.195 [aurora.presentation.buildsession] [CONFIG] building view: <navBar> -> aurora.presentation.TemplateBasedView@3dda489e
2018-10-21 07:49:01.197 [aurora.presentation.buildsession] [CONFIG] building view: <button> -> aurora.presentation.TemplateBasedView@3dda489e
2018-10-21 07:49:01.197 [aurora.presentation.buildsession] [CONFIG] building view: <button> -> aurora.presentation.TemplateBasedView@3dda489e
2018-10-21 07:49:01.197 [aurora.presentation.buildsession] [CONFIG] building view: <separator> -> aurora.presentation.TemplateBasedView@3dda489e
2018-10-21 07:49:01.197 [aurora.presentation.buildsession] [CONFIG] building view: <div> -> aurora.presentation.DefaultViewBuilder@35f5c5a3
2018-10-21 07:49:01.197 [aurora.presentation.buildsession] [CONFIG] building view: <numberField> -> aurora.presentation.TemplateBasedView@3dda489e
2018-10-21 07:49:01.197 [aurora.presentation.buildsession] [CONFIG] building view: <div> -> aurora.presentation.DefaultViewBuilder@35f5c5a3
2018-10-21 07:49:01.197 [aurora.presentation.buildsession] [CONFIG] building view: <separator> -> aurora.presentation.TemplateBasedView@3dda489e
2018-10-21 07:49:01.197 [aurora.presentation.buildsession] [CONFIG] building view: <button> -> aurora.presentation.TemplateBasedView@3dda489e
2018-10-21 07:49:01.197 [aurora.presentation.buildsession] [CONFIG] building view: <button> -> aurora.presentation.TemplateBasedView@3dda489e
2018-10-21 07:49:01.198 [aurora.presentation.buildsession] [CONFIG] building view: <button> -> aurora.presentation.TemplateBasedView@3dda489e
2018-10-21 07:49:01.198 [aurora.presentation.buildsession] [CONFIG] building view: <separator> -> aurora.presentation.TemplateBasedView@3dda489e
2018-10-21 07:49:01.198 [aurora.presentation.buildsession] [CONFIG] building view: <div> -> aurora.presentation.DefaultViewBuilder@35f5c5a3
2018-10-21 07:49:01.198 [aurora.presentation.buildsession] [CONFIG] building view: <comboBox> -> aurora.presentation.TemplateBasedView@3dda489e
2018-10-21 07:49:01.198 [aurora.presentation.buildsession] [CONFIG] building view: <div> -> aurora.presentation.DefaultViewBuilder@35f5c5a3
2018-10-21 07:49:01.198 [aurora.presentation.buildsession] [CONFIG] building view: <separator> -> aurora.presentation.TemplateBasedView@3dda489e
2018-10-21 07:49:01.198 [aurora.presentation.buildsession] [CONFIG] building view: <div> -> aurora.presentation.DefaultViewBuilder@35f5c5a3
2018-10-21 07:49:01.198 [aurora.presentation.buildsession] [CONFIG] building view: <textField> -> aurora.presentation.TemplateBasedView@3dda489e
2018-10-21 07:49:01.199 [aurora.presentation.buildsession] [CONFIG] building view: <textField> -> aurora.presentation.TemplateBasedView@3dda489e
2018-10-21 07:49:01.199 [aurora.presentation.buildsession] [CONFIG] building view: <lov> -> aurora.presentation.TemplateBasedView@3dda489e
2018-10-21 07:49:01.199 [aurora.presentation.buildsession] [CONFIG] building view: <comboBox> -> aurora.presentation.TemplateBasedView@3dda489e
2018-10-21 07:49:01.199 [aurora.presentation.buildsession] [CONFIG] building view: <comboBox> -> aurora.presentation.TemplateBasedView@3dda489e
2018-10-21 07:49:01.199 [aurora.presentation.buildsession] [CONFIG] building view: <checkBox> -> aurora.presentation.TemplateBasedView@3dda489e
2018-10-21 07:49:01.199 [aurora.presentation.buildsession] [CONFIG] building view: <lov> -> aurora.presentation.TemplateBasedView@3dda489e
2018-10-21 07:49:01.199 [aurora.presentation.buildsession] [CONFIG] building view: <script> -> aurora.presentation.DefaultViewBuilder@35f5c5a3
2018-10-21 07:49:01.200 [aurora.presentation.buildsession] [CONFIG] End build session
