2018-10-17 02:37:44.67 [aurora.application.session_check] [CONFIG] Session data copied to context
2018-10-17 02:37:44.67 [aurora.application.session_check] [CONFIG] Access check result for modules/bgt/BGT1010/bgt_organizations.screen => success
2018-10-17 02:37:44.67 [uncertain.proc] [CONFIG] [action] AccessCheck
2018-10-17 02:37:44.73 [uncertain.proc] [CONFIG] [action] InitService
2018-10-17 02:37:44.73 [uncertain.proc] [CONFIG] [action] ParseParameter
2018-10-17 02:37:44.73 [uncertain.proc] [CONFIG] [action] CreateModel
2018-10-17 02:37:44.73 [aurora.database] [CONFIG] ===================================== prepare to run model-query gld.gld_set_of_books==============================
2018-10-17 02:37:44.79 [uncertain.proc] [CONFIG] [action] DecideSqlGenerationMode
2018-10-17 02:37:44.79 [uncertain.proc] [FINE] aurora.database.service.BusinessModelService.onDecideSqlGenerationMode
2018-10-17 02:37:44.80 [uncertain.proc] [CONFIG] [action] CreatequeryStatement
2018-10-17 02:37:44.80 [uncertain.proc] [FINE] aurora.bm.QuerySqlCreator.onCreateQueryStatement
2018-10-17 02:37:44.80 [uncertain.proc] [CONFIG] [action] PopulatequeryStatement
2018-10-17 02:37:44.80 [uncertain.proc] [FINE] aurora.database.features.OrderByClauseCreator.onPopulateQueryStatement
2018-10-17 02:37:44.80 [uncertain.proc] [FINE] aurora.database.features.WhereClauseCreator.onPopulateQueryStatement
2018-10-17 02:37:44.80 [uncertain.proc] [CONFIG] [action] CreatequerySql
2018-10-17 02:37:44.80 [uncertain.proc] [FINE] aurora.bm.QuerySqlCreator.onCreateQuerySql
2018-10-17 02:37:44.80 [uncertain.proc] [CONFIG] [action] ExecuteQuery
2018-10-17 02:37:44.80 [uncertain.proc] [FINE] aurora.bm.QuerySqlCreator.onExecuteQuery
2018-10-17 02:37:44.81 [uncertain.proc] [CONFIG] [action] QueryFinish
2018-10-17 02:37:44.81 [uncertain.proc] [FINE] aurora.database.features.AutoQueryCounter.onQueryFinish
2018-10-17 02:37:44.81 [uncertain.proc] [CONFIG] [action] FetchResultSet
2018-10-17 02:37:44.81 [uncertain.proc] [FINE] aurora.database.features.CacheBasedLookUpField.postFetchResultSet
2018-10-17 02:37:44.81 [aurora.database] [CONFIG] 
============= BEGIN [query] SQL Statement execution dump ============
SELECT sob.set_of_books_id,sob.set_of_books_name_id,(select DESCRIPTION_TEXT from fnd_descriptions where DESCRIPTION_ID=sob.set_of_books_name_id and Language=?) AS set_of_books_name,sob.set_of_books_code,sob.period_set_code,(select description_text from fnd_descriptions fn,gld_period_sets gps where fn.description_id=gps.period_set_name_id and gps.period_set_code = sob.period_set_code and language=?) AS period_set_name,sob.functional_currency_code,(select description_text from fnd_descriptions fn,gld_currency gc where fn.description_id=gc.currency_name_id and gc.currency_code = sob.functional_currency_code and language=?) AS currency_name,sob.account_set_id,(select description_text from fnd_descriptions fn,gld_account_sets gas where fn.description_id=gas.account_set_name_id and gas.account_set_id = sob.account_set_id and language=?) AS account_set_name,sob.enabled_flag,sob.main_set_flag,(sob.set_of_books_code || '-' || (select fd.description_text from fnd_descriptions fd where sob.set_of_books_name_id=fd.description_id and fd.language=?)) AS set_of_books_name_display
FROM gld_set_of_books sob

ORDER BY set_of_books_code
---------------------Binding info---------------------
No.1	Access path:/session/@lang	Data type of passed value :java.lang.String	Value:ZHS	Output:false	Database Type:null	
No.2	Access path:/session/@lang	Data type of passed value :java.lang.String	Value:ZHS	Output:false	Database Type:null	
No.3	Access path:/session/@lang	Data type of passed value :java.lang.String	Value:ZHS	Output:false	Database Type:null	
No.4	Access path:/session/@lang	Data type of passed value :java.lang.String	Value:ZHS	Output:false	Database Type:null	
No.5	Access path:/session/@lang	Data type of passed value :java.lang.String	Value:ZHS	Output:false	Database Type:null	

=============== END [query] SQL Statement execution dump ============

2018-10-17 02:37:44.81 [aurora.database] [CONFIG] ===================================== prepare to run model-query gld.gld_set_of_books==============================
2018-10-17 02:37:44.86 [uncertain.proc] [CONFIG] [action] DecideSqlGenerationMode
2018-10-17 02:37:44.86 [uncertain.proc] [FINE] aurora.database.service.BusinessModelService.onDecideSqlGenerationMode
2018-10-17 02:37:44.86 [uncertain.proc] [CONFIG] [action] CreatequeryStatement
2018-10-17 02:37:44.86 [uncertain.proc] [FINE] aurora.bm.QuerySqlCreator.onCreateQueryStatement
2018-10-17 02:37:44.86 [uncertain.proc] [CONFIG] [action] PopulatequeryStatement
2018-10-17 02:37:44.86 [uncertain.proc] [FINE] aurora.database.features.OrderByClauseCreator.onPopulateQueryStatement
2018-10-17 02:37:44.86 [uncertain.proc] [FINE] aurora.database.features.WhereClauseCreator.onPopulateQueryStatement
2018-10-17 02:37:44.86 [uncertain.proc] [CONFIG] [action] CreatequerySql
2018-10-17 02:37:44.86 [uncertain.proc] [FINE] aurora.bm.QuerySqlCreator.onCreateQuerySql
2018-10-17 02:37:44.86 [uncertain.proc] [CONFIG] [action] ExecuteQuery
2018-10-17 02:37:44.86 [uncertain.proc] [FINE] aurora.bm.QuerySqlCreator.onExecuteQuery
2018-10-17 02:37:44.87 [uncertain.proc] [CONFIG] [action] QueryFinish
2018-10-17 02:37:44.87 [uncertain.proc] [FINE] aurora.database.features.AutoQueryCounter.onQueryFinish
2018-10-17 02:37:44.87 [uncertain.proc] [CONFIG] [action] FetchResultSet
2018-10-17 02:37:44.87 [uncertain.proc] [FINE] aurora.database.features.CacheBasedLookUpField.postFetchResultSet
2018-10-17 02:37:44.87 [aurora.database] [CONFIG] 
============= BEGIN [query] SQL Statement execution dump ============
SELECT sob.set_of_books_id,sob.set_of_books_name_id,(select DESCRIPTION_TEXT from fnd_descriptions where DESCRIPTION_ID=sob.set_of_books_name_id and Language=?) AS set_of_books_name,sob.set_of_books_code,sob.period_set_code,(select description_text from fnd_descriptions fn,gld_period_sets gps where fn.description_id=gps.period_set_name_id and gps.period_set_code = sob.period_set_code and language=?) AS period_set_name,sob.functional_currency_code,(select description_text from fnd_descriptions fn,gld_currency gc where fn.description_id=gc.currency_name_id and gc.currency_code = sob.functional_currency_code and language=?) AS currency_name,sob.account_set_id,(select description_text from fnd_descriptions fn,gld_account_sets gas where fn.description_id=gas.account_set_name_id and gas.account_set_id = sob.account_set_id and language=?) AS account_set_name,sob.enabled_flag,sob.main_set_flag,(sob.set_of_books_code || '-' || (select fd.description_text from fnd_descriptions fd where sob.set_of_books_name_id=fd.description_id and fd.language=?)) AS set_of_books_name_display
FROM gld_set_of_books sob

ORDER BY set_of_books_code
---------------------Binding info---------------------
No.1	Access path:/session/@lang	Data type of passed value :java.lang.String	Value:ZHS	Output:false	Database Type:null	
No.2	Access path:/session/@lang	Data type of passed value :java.lang.String	Value:ZHS	Output:false	Database Type:null	
No.3	Access path:/session/@lang	Data type of passed value :java.lang.String	Value:ZHS	Output:false	Database Type:null	
No.4	Access path:/session/@lang	Data type of passed value :java.lang.String	Value:ZHS	Output:false	Database Type:null	
No.5	Access path:/session/@lang	Data type of passed value :java.lang.String	Value:ZHS	Output:false	Database Type:null	

=============== END [query] SQL Statement execution dump ============

2018-10-17 02:37:44.87 [uncertain.proc] [CONFIG] [action] CreateView
2018-10-17 02:37:44.87 [uncertain.proc] [CONFIG] [action] BuildOutputContent
2018-10-17 02:37:44.87 [aurora.presentation.buildsession] [CONFIG] Start build session
2018-10-17 02:37:44.88 [aurora.presentation.buildsession] [CONFIG] building view: <html-page> -> aurora.presentation.component.HtmlPage@169784f0
2018-10-17 02:37:44.88 [aurora.presentation.buildsession] [CONFIG] building view: <script> -> aurora.presentation.DefaultViewBuilder@35f5c5a3
2018-10-17 02:37:44.88 [aurora.presentation.buildsession] [CONFIG] building view: <dataSets> -> aurora.application.features.DataSetInit@706ea94e
2018-10-17 02:37:44.89 [aurora.presentation.buildsession] [CONFIG] building view: <dataSet> -> aurora.presentation.TemplateBasedView@3dda489e
2018-10-17 02:37:44.90 [aurora.presentation.buildsession] [CONFIG] building view: <dataSet> -> aurora.presentation.TemplateBasedView@3dda489e
2018-10-17 02:37:44.90 [aurora.presentation.buildsession] [CONFIG] building view: <dataSet> -> aurora.presentation.TemplateBasedView@3dda489e
2018-10-17 02:37:44.91 [aurora.presentation.buildsession] [CONFIG] building view: <screenBody> -> aurora.presentation.component.std.ScreenBody@24b07381
2018-10-17 02:37:44.91 [aurora.presentation.buildsession] [CONFIG] building view: <screenTopToolbar> -> aurora.presentation.component.std.ScreenTopToolbar@49b54d97
2018-10-17 02:37:44.91 [aurora.presentation.buildsession] [CONFIG] building view: <screenTitle> -> aurora.presentation.component.std.ScreenTitle@63afe055
2018-10-17 02:37:44.94 [uncertain.proc] [CONFIG] [action] DecideSqlGenerationMode
2018-10-17 02:37:44.94 [uncertain.proc] [FINE] aurora.database.service.BusinessModelService.onDecideSqlGenerationMode
2018-10-17 02:37:44.94 [uncertain.proc] [CONFIG] [action] CreatequeryStatement
2018-10-17 02:37:44.94 [uncertain.proc] [FINE] aurora.bm.QuerySqlCreator.onCreateQueryStatement
2018-10-17 02:37:44.94 [uncertain.proc] [CONFIG] [action] PopulatequeryStatement
2018-10-17 02:37:44.94 [uncertain.proc] [FINE] aurora.database.features.OrderByClauseCreator.onPopulateQueryStatement
2018-10-17 02:37:44.94 [uncertain.proc] [FINE] aurora.database.features.WhereClauseCreator.onPopulateQueryStatement
2018-10-17 02:37:44.95 [uncertain.proc] [CONFIG] [action] CreatequerySql
2018-10-17 02:37:44.95 [uncertain.proc] [FINE] aurora.bm.QuerySqlCreator.onCreateQuerySql
2018-10-17 02:37:44.95 [uncertain.proc] [CONFIG] [action] ExecuteQuery
2018-10-17 02:37:44.95 [uncertain.proc] [FINE] aurora.bm.QuerySqlCreator.onExecuteQuery
2018-10-17 02:37:44.96 [uncertain.proc] [CONFIG] [action] QueryFinish
2018-10-17 02:37:44.96 [uncertain.proc] [FINE] aurora.database.features.AutoQueryCounter.onQueryFinish
2018-10-17 02:37:44.96 [uncertain.proc] [CONFIG] [action] FetchResultSet
2018-10-17 02:37:44.96 [uncertain.proc] [FINE] aurora.database.features.CacheBasedLookUpField.postFetchResultSet
2018-10-17 02:37:44.96 [aurora.database] [CONFIG] 
============= BEGIN [query] SQL Statement execution dump ============
SELECT f.service_id,f.service_name,f.is_entry_page,f.is_access_checked,f.is_login_required,f.is_system_access,? AS language,(select d.description_text from fnd_descriptions d where d.description_id = f.title_id and d.language = ?) AS title,f.title_id,f.weixin_flag
FROM sys_service f
WHERE f.service_name = ?
ORDER BY service_name
---------------------Binding info---------------------
No.1	Access path:/session/@lang	Data type of passed value :java.lang.String	Value:ZHS	Output:false	Database Type:null	
No.2	Access path:/session/@lang	Data type of passed value :java.lang.String	Value:ZHS	Output:false	Database Type:null	
No.3	Access path:@service_name	Data type of passed value :java.lang.String	Value:modules/bgt/BGT1010/bgt_organizations.screen	Output:false	Database Type:null	

=============== END [query] SQL Statement execution dump ============

2018-10-17 02:37:44.96 [aurora.presentation.buildsession] [CONFIG] building view: <toolbarButton> -> aurora.presentation.TemplateBasedView@3dda489e
2018-10-17 02:37:44.96 [aurora.presentation.buildsession] [CONFIG] building view: <gridButton> -> aurora.presentation.TemplateBasedView@3dda489e
2018-10-17 02:37:44.96 [aurora.presentation.buildsession] [CONFIG] building view: <gridButton> -> aurora.presentation.TemplateBasedView@3dda489e
2018-10-17 02:37:44.96 [aurora.presentation.buildsession] [CONFIG] building view: <gridButton> -> aurora.presentation.TemplateBasedView@3dda489e
2018-10-17 02:37:44.96 [aurora.presentation.buildsession] [CONFIG] building view: <queryForm> -> aurora.presentation.component.std.QueryForm@639dd400
2018-10-17 02:37:44.97 [aurora.presentation.buildsession] [CONFIG] building view: <hBox> -> aurora.presentation.component.std.HBox@63d6ffed
2018-10-17 02:37:44.97 [aurora.presentation.buildsession] [CONFIG] building view: <comboBox> -> aurora.presentation.TemplateBasedView@3dda489e
2018-10-17 02:37:44.97 [aurora.presentation.buildsession] [CONFIG] building view: <textField> -> aurora.presentation.TemplateBasedView@3dda489e
2018-10-17 02:37:44.97 [aurora.presentation.buildsession] [CONFIG] building view: <textField> -> aurora.presentation.TemplateBasedView@3dda489e
2018-10-17 02:37:44.97 [aurora.presentation.buildsession] [CONFIG] building view: <toolbarButton> -> aurora.presentation.TemplateBasedView@3dda489e
2018-10-17 02:37:44.97 [aurora.presentation.buildsession] [CONFIG] building view: <grid> -> aurora.presentation.TemplateBasedView@3dda489e
2018-10-17 02:37:44.97 [aurora.presentation.buildsession] [CONFIG] building view: <navBar> -> aurora.presentation.TemplateBasedView@3dda489e
2018-10-17 02:37:44.98 [aurora.presentation.buildsession] [CONFIG] building view: <button> -> aurora.presentation.TemplateBasedView@3dda489e
2018-10-17 02:37:44.99 [aurora.presentation.buildsession] [CONFIG] building view: <button> -> aurora.presentation.TemplateBasedView@3dda489e
2018-10-17 02:37:44.99 [aurora.presentation.buildsession] [CONFIG] building view: <separator> -> aurora.presentation.TemplateBasedView@3dda489e
2018-10-17 02:37:44.99 [aurora.presentation.buildsession] [CONFIG] building view: <div> -> aurora.presentation.DefaultViewBuilder@35f5c5a3
2018-10-17 02:37:44.99 [aurora.presentation.buildsession] [CONFIG] building view: <numberField> -> aurora.presentation.TemplateBasedView@3dda489e
2018-10-17 02:37:44.99 [aurora.presentation.buildsession] [CONFIG] building view: <div> -> aurora.presentation.DefaultViewBuilder@35f5c5a3
2018-10-17 02:37:44.99 [aurora.presentation.buildsession] [CONFIG] building view: <separator> -> aurora.presentation.TemplateBasedView@3dda489e
2018-10-17 02:37:44.99 [aurora.presentation.buildsession] [CONFIG] building view: <button> -> aurora.presentation.TemplateBasedView@3dda489e
2018-10-17 02:37:44.99 [aurora.presentation.buildsession] [CONFIG] building view: <button> -> aurora.presentation.TemplateBasedView@3dda489e
2018-10-17 02:37:44.99 [aurora.presentation.buildsession] [CONFIG] building view: <button> -> aurora.presentation.TemplateBasedView@3dda489e
2018-10-17 02:37:44.99 [aurora.presentation.buildsession] [CONFIG] building view: <separator> -> aurora.presentation.TemplateBasedView@3dda489e
2018-10-17 02:37:44.100 [aurora.presentation.buildsession] [CONFIG] building view: <div> -> aurora.presentation.DefaultViewBuilder@35f5c5a3
2018-10-17 02:37:44.100 [aurora.presentation.buildsession] [CONFIG] building view: <comboBox> -> aurora.presentation.TemplateBasedView@3dda489e
2018-10-17 02:37:44.100 [aurora.presentation.buildsession] [CONFIG] building view: <div> -> aurora.presentation.DefaultViewBuilder@35f5c5a3
2018-10-17 02:37:44.100 [aurora.presentation.buildsession] [CONFIG] building view: <separator> -> aurora.presentation.TemplateBasedView@3dda489e
2018-10-17 02:37:44.100 [aurora.presentation.buildsession] [CONFIG] building view: <div> -> aurora.presentation.DefaultViewBuilder@35f5c5a3
2018-10-17 02:37:44.100 [aurora.presentation.buildsession] [CONFIG] building view: <comboBox> -> aurora.presentation.TemplateBasedView@3dda489e
2018-10-17 02:37:44.100 [aurora.presentation.buildsession] [CONFIG] building view: <textField> -> aurora.presentation.TemplateBasedView@3dda489e
2018-10-17 02:37:44.100 [aurora.presentation.buildsession] [CONFIG] building view: <textField> -> aurora.presentation.TemplateBasedView@3dda489e
2018-10-17 02:37:44.100 [aurora.presentation.buildsession] [CONFIG] building view: <checkBox> -> aurora.presentation.TemplateBasedView@3dda489e
2018-10-17 02:37:44.101 [aurora.presentation.buildsession] [CONFIG] End build session
