2018-10-21 08:08:09.442 [aurora.application.session_check] [CONFIG] Session data copied to context
2018-10-21 08:08:09.442 [aurora.application.session_check] [CONFIG] Access check result for modules/exp/EXP1010/exp_org_unit_update.svc => success
2018-10-21 08:08:09.442 [uncertain.proc] [CONFIG] [action] AccessCheck
2018-10-21 08:08:09.446 [uncertain.proc] [CONFIG] [action] CheckServiceLock
2018-10-21 08:08:09.446 [uncertain.proc] [CONFIG] [action] ParseParameter
2018-10-21 08:08:09.446 [uncertain.proc] [CONFIG] [action] ValidateInput
2018-10-21 08:08:09.446 [uncertain.proc] [CONFIG] [action] InvokeService
2018-10-21 08:08:09.446 [aurora.database] [CONFIG] Running batch-apply with data from path /parameter, total 1 records
2018-10-21 08:08:09.446 [aurora.database] [CONFIG] Executing batch-apply on parameter No.0
2018-10-21 08:08:09.450 [uncertain.proc] [CONFIG] [action] DecideStatement
2018-10-21 08:08:09.452 [uncertain.proc] [CONFIG] [action] DecideSqlGenerationMode
2018-10-21 08:08:09.453 [uncertain.proc] [FINE] aurora.database.service.BusinessModelService.onDecideSqlGenerationMode
2018-10-21 08:08:09.453 [uncertain.proc] [CONFIG] [action] CreateOperationSql
2018-10-21 08:08:09.453 [uncertain.proc] [CONFIG] [action] PopulateOperationSql
2018-10-21 08:08:09.453 [uncertain.proc] [FINE] aurora.database.features.OrderByClauseCreator.onPopulateOperationSql
2018-10-21 08:08:09.453 [uncertain.proc] [FINE] aurora.database.features.WhereClauseCreator.onPopulateOperationSql
2018-10-21 08:08:09.453 [uncertain.proc] [CONFIG] [action] CreateSqlRunner
2018-10-21 08:08:09.453 [uncertain.proc] [FINE] aurora.database.service.BusinessModelService.onCreateSqlRunner
2018-10-21 08:08:09.453 [uncertain.proc] [CONFIG] [action] ExecuteDmlStatement
2018-10-21 08:08:09.453 [uncertain.proc] [FINE] aurora.database.service.BusinessModelService.onExecuteDmlStatement
2018-10-21 08:08:09.508 [aurora.database] [CONFIG] 
============= BEGIN [Update] SQL Statement execution dump ============

                begin
                  wfl_pinyin_for_query_pkg.delete_unit_of_chi_py(?,
                                                           		 ?);
                          exp_org_unit_pkg.update_org_unit1(?,
                                                           ?,
                                                           ?,
                                                           ?,
                                                           ?,
                                                           ?,
                                                           nvl(?,'n'),
                                                           ?,
                                                           ?,
                                                           ?,
                                                           ?,
                                                           ?,
                                                           ?,
                                                           ?,
                                                           ?,
                                                           ?,
                                                           ?,
                                                           ?);    
                                 
				  wfl_pinyin_for_query_pkg.insert_wfl_word_of_chi_py(p_name             => ?,
						                                         	 p_user_id          => ?);
                                                            
                end;
            
---------------------Binding info---------------------
No.1	Access path:@description_id	Data type of passed value :java.lang.Integer	Value:269656	Output:false	Database Type:null	
No.2	Access path:/session/@lang	Data type of passed value :java.lang.String	Value:ZHS	Output:false	Database Type:null	
No.3	Access path:@unit_code	Data type of passed value :java.lang.String	Value:TEST1021_1	Output:false	Database Type:null	
No.4	Access path:@org_unit_description	Data type of passed value :java.lang.String	Value:测试部门1021_1	Output:false	Database Type:null	
No.5	Access path:/session/@company_id	Data type of passed value :java.lang.Integer	Value:2575	Output:false	Database Type:null	
No.6	Access path:@responsibility_center_id	Data type of passed value :java.lang.Integer	Value:54262	Output:false	Database Type:null	
No.7	Access path:@parent_unit_id	Data type of passed value :[null]	Value:null	Output:false	Database Type:null	
No.8	Access path:@operate_unit_id	Data type of passed value :[null]	Value:null	Output:false	Database Type:null	
No.9	Access path:@enabled_flag	Data type of passed value :java.lang.String	Value:Y	Output:false	Database Type:null	
No.10	Access path:/session/@user_id	Data type of passed value :java.lang.Long	Value:2252	Output:false	Database Type:null	
No.11	Access path:@chief_position_id	Data type of passed value :[null]	Value:null	Output:false	Database Type:null	
No.12	Access path:@org_unit_level_id	Data type of passed value :[null]	Value:null	Output:false	Database Type:null	
No.13	Access path:@unit_type_id	Data type of passed value :[null]	Value:null	Output:false	Database Type:null	
No.14	Access path:/session/@lang	Data type of passed value :java.lang.String	Value:ZHS	Output:false	Database Type:null	
No.15	Access path:@leader_employee_id	Data type of passed value :[null]	Value:null	Output:false	Database Type:null	
No.16	Access path:@first_unit_code	Data type of passed value :[null]	Value:null	Output:false	Database Type:null	
No.17	Access path:@first_unit_name	Data type of passed value :[null]	Value:null	Output:false	Database Type:null	
No.18	Access path:@leader_position_id	Data type of passed value :[null]	Value:null	Output:false	Database Type:null	
No.19	Access path:@budget_position_id	Data type of passed value :[null]	Value:null	Output:false	Database Type:null	
No.20	Access path:@attend_position_id	Data type of passed value :[null]	Value:null	Output:false	Database Type:null	
No.21	Access path:@org_unit_description	Data type of passed value :java.lang.String	Value:测试部门1021_1	Output:false	Database Type:null	
No.22	Access path:/session/@user_id	Data type of passed value :java.lang.Long	Value:2252	Output:false	Database Type:null	

=============== END [Update] SQL Statement execution dump ============

2018-10-21 08:08:09.511 [uncertain.proc] [CONFIG] [action] DecideStatement
2018-10-21 08:08:09.512 [uncertain.proc] [CONFIG] [action] DecideSqlGenerationMode
2018-10-21 08:08:09.513 [uncertain.proc] [FINE] aurora.database.service.BusinessModelService.onDecideSqlGenerationMode
2018-10-21 08:08:09.513 [uncertain.proc] [CONFIG] [action] CreateOperationSql
2018-10-21 08:08:09.513 [uncertain.proc] [CONFIG] [action] PopulateOperationSql
2018-10-21 08:08:09.513 [uncertain.proc] [FINE] aurora.database.features.OrderByClauseCreator.onPopulateOperationSql
2018-10-21 08:08:09.513 [uncertain.proc] [FINE] aurora.database.features.WhereClauseCreator.onPopulateOperationSql
2018-10-21 08:08:09.513 [uncertain.proc] [CONFIG] [action] CreateSqlRunner
2018-10-21 08:08:09.513 [uncertain.proc] [FINE] aurora.database.service.BusinessModelService.onCreateSqlRunner
2018-10-21 08:08:09.513 [uncertain.proc] [CONFIG] [action] ExecuteDmlStatement
2018-10-21 08:08:09.513 [uncertain.proc] [FINE] aurora.database.service.BusinessModelService.onExecuteDmlStatement
2018-10-21 08:08:09.520 [aurora.database] [CONFIG] 
============= BEGIN [execute] SQL Statement execution dump ============

                begin
                    exp_org_unit_pkg.check_parent_loop(?);
                end;
            
---------------------Binding info---------------------
No.1	Access path:/session/@user_id	Data type of passed value :java.lang.Long	Value:2252	Output:false	Database Type:null	

=============== END [execute] SQL Statement execution dump ============

2018-10-21 08:08:09.520 [uncertain.proc] [CONFIG] [action] CreateSuccessResponse
