2018-10-21 07:57:44.162 [aurora.application.session_check] [CONFIG] Session data copied to context
2018-10-21 07:57:44.162 [aurora.application.session_check] [CONFIG] Access check result for modules/bgt/BGT2200/bgt_jour_t_ref_scenarios.screen => success
2018-10-21 07:57:44.162 [uncertain.proc] [CONFIG] [action] AccessCheck
2018-10-21 07:57:44.165 [uncertain.proc] [CONFIG] [action] InitService
2018-10-21 07:57:44.165 [uncertain.proc] [CONFIG] [action] ParseParameter
2018-10-21 07:57:44.165 [uncertain.proc] [CONFIG] [action] CreateModel
2018-10-21 07:57:44.165 [aurora.database] [CONFIG] ===================================== prepare to run model-query bgt.BGT2200.bgt_journal_types_query==============================
2018-10-21 07:57:44.170 [uncertain.proc] [CONFIG] [action] DecideSqlGenerationMode
2018-10-21 07:57:44.170 [uncertain.proc] [FINE] aurora.database.service.BusinessModelService.onDecideSqlGenerationMode
2018-10-21 07:57:44.170 [uncertain.proc] [CONFIG] [action] CreateOperationSql
2018-10-21 07:57:44.170 [uncertain.proc] [CONFIG] [action] PopulateOperationSql
2018-10-21 07:57:44.170 [uncertain.proc] [FINE] aurora.database.features.OrderByClauseCreator.onPopulateOperationSql
2018-10-21 07:57:44.170 [uncertain.proc] [FINE] aurora.database.features.WhereClauseCreator.onPopulateOperationSql
2018-10-21 07:57:44.170 [uncertain.proc] [CONFIG] [action] ExecuteQuery
2018-10-21 07:57:44.170 [uncertain.proc] [FINE] aurora.bm.QuerySqlCreator.onExecuteQuery
2018-10-21 07:57:44.171 [uncertain.proc] [CONFIG] [action] QueryFinish
2018-10-21 07:57:44.171 [uncertain.proc] [FINE] aurora.database.features.AutoQueryCounter.onQueryFinish
2018-10-21 07:57:44.171 [uncertain.proc] [CONFIG] [action] FetchResultSet
2018-10-21 07:57:44.171 [uncertain.proc] [FINE] aurora.database.features.CacheBasedLookUpField.postFetchResultSet
2018-10-21 07:57:44.171 [aurora.database] [CONFIG] 
============= BEGIN [query] SQL Statement execution dump ============

				select v.* from (
					select t.bgt_journal_type_id,
						   t.bgt_org_id,
						   (select o.set_of_books_id from bgt_organizations o where o.bgt_org_id = t.bgt_org_id) set_of_books_id,
						   t.bgt_journal_type_code,
						   t.description_id,
						   f.description_text description,
						   t.bgt_business_type,
						   t.authority_type,
						   t.auto_approve_flag,
						   t.import_flag,
						   t.enabled_flag,
						   t.document_page_type,
						   (select v.code_value_name
							  from sys_code_values_vl v
							 where v.code_id =
								   (select c.code_id
									  from sys_codes c
									 where c.code = 'BGT_DOCUMENT_PAGE_TYPES')
							   and v.code_value = t.document_page_type) as document_page_type_display,
						   (select v.code_value_name
							  from sys_code_values_vl v
							 where v.code_id =
								   (select c.code_id
									  from sys_codes c
									 where c.code = 'BGT_BUSINESS_TYPES')
							   and v.code_value = t.bgt_business_type) as bgt_business_type_display,
						   (select v.code_value_name
							  from sys_code_values_vl v
							 where v.code_id =
								   (select c.code_id
									  from sys_codes c
									 where c.code = 'BGT_AUTHORITY_TYPES')
							   and v.code_value = t.authority_type) as authority_type_display
					  from bgt_journal_types t,
						   fnd_descriptions  f
					 where t.description_id = f.description_id					
					   and f.language=?
					   and exists
							(select 1
							  from fnd_companies fc
							 where fc.company_id = ?
							   and exists (select 1
									  from gld_set_of_books  g,
										   bgt_organizations bo
									 where g.set_of_books_id = bo.set_of_books_id
									   and fc.set_of_books_id = g.set_of_books_id
									   and bo.bgt_org_id = t.bgt_org_id))					   
					   )v
			 WHERE v.bgt_journal_type_id = ? order by v.bgt_journal_type_code
---------------------Binding info---------------------
No.1	Access path:/session/@lang	Data type of passed value :java.lang.String	Value:ZHS	Output:false	Database Type:null	
No.2	Access path:/session/@company_id	Data type of passed value :java.lang.Integer	Value:2575	Output:false	Database Type:null	
No.3	Access path:/parameter/@bgt_journal_type_id	Data type of passed value :java.lang.String	Value:52	Output:false	Database Type:null	

=============== END [query] SQL Statement execution dump ============

2018-10-21 07:57:44.171 [aurora.database] [CONFIG] ===================================== prepare to run model-query bgt.bgt_scenarios==============================
2018-10-21 07:57:44.176 [uncertain.proc] [CONFIG] [action] DecideSqlGenerationMode
2018-10-21 07:57:44.176 [uncertain.proc] [FINE] aurora.database.service.BusinessModelService.onDecideSqlGenerationMode
2018-10-21 07:57:44.176 [uncertain.proc] [CONFIG] [action] CreatequeryStatement
2018-10-21 07:57:44.176 [uncertain.proc] [FINE] aurora.bm.QuerySqlCreator.onCreateQueryStatement
2018-10-21 07:57:44.179 [uncertain.proc] [CONFIG] [action] PopulatequeryStatement
2018-10-21 07:57:44.179 [uncertain.proc] [FINE] aurora.database.features.OrderByClauseCreator.onPopulateQueryStatement
2018-10-21 07:57:44.179 [uncertain.proc] [FINE] aurora.database.features.WhereClauseCreator.onPopulateQueryStatement
2018-10-21 07:57:44.179 [uncertain.proc] [CONFIG] [action] CreatequerySql
2018-10-21 07:57:44.179 [uncertain.proc] [FINE] aurora.bm.QuerySqlCreator.onCreateQuerySql
2018-10-21 07:57:44.179 [uncertain.proc] [CONFIG] [action] ExecuteQuery
2018-10-21 07:57:44.179 [uncertain.proc] [FINE] aurora.bm.QuerySqlCreator.onExecuteQuery
2018-10-21 07:57:44.204 [uncertain.proc] [CONFIG] [action] QueryFinish
2018-10-21 07:57:44.204 [uncertain.proc] [FINE] aurora.database.features.AutoQueryCounter.onQueryFinish
2018-10-21 07:57:44.204 [uncertain.proc] [CONFIG] [action] FetchResultSet
2018-10-21 07:57:44.204 [uncertain.proc] [FINE] aurora.database.features.CacheBasedLookUpField.postFetchResultSet
2018-10-21 07:57:44.206 [aurora.database] [CONFIG] 
============= BEGIN [query] SQL Statement execution dump ============
SELECT t1.budget_org_id,t1.scenario_id,t1.scenario_code,t1.description_id,(select description_text from fnd_descriptions fd where fd.description_id  = t1.description_id and fd.language = ?) AS description,t1.notes,t1.enabled_flag,t1.default_flag,(select description from bgt_organizations_vl where bgt_org_id = t1.budget_org_id) AS bgt_org_description,r1.bgt_org_code
FROM BGT_SCENARIOS t1
	INNER JOIN BGT_ORGANIZATIONS r1 ON t1.budget_org_id = r1.bgt_org_id
WHERE  exists  (select 1           from fnd_companies fc          where fc.company_id = ?            and exists (select 1                   from gld_set_of_books g, bgt_organizations bo                  where g.set_of_books_id = bo.set_of_books_id      and fc.set_of_books_id=g.set_of_books_id               and bo.bgt_org_id = t1.budget_org_id)) AND t1.enabled_flag = 'Y'
---------------------Binding info---------------------
No.1	Access path:/session/@lang	Data type of passed value :java.lang.String	Value:ZHS	Output:false	Database Type:null	
No.2	Access path:/session/@company_id	Data type of passed value :java.lang.Integer	Value:2575	Output:false	Database Type:null	

=============== END [query] SQL Statement execution dump ============

2018-10-21 07:57:44.206 [uncertain.proc] [CONFIG] [action] CreateView
2018-10-21 07:57:44.206 [uncertain.proc] [CONFIG] [action] BuildOutputContent
2018-10-21 07:57:44.206 [aurora.presentation.buildsession] [CONFIG] Start build session
2018-10-21 07:57:44.206 [aurora.presentation.buildsession] [CONFIG] building view: <html-page> -> aurora.presentation.component.HtmlPage@6e0b28d7
2018-10-21 07:57:44.207 [aurora.presentation.buildsession] [CONFIG] building view: <script> -> aurora.presentation.DefaultViewBuilder@35f5c5a3
2018-10-21 07:57:44.207 [aurora.presentation.buildsession] [CONFIG] building view: <dataSets> -> aurora.application.features.DataSetInit@41f2ded
2018-10-21 07:57:44.207 [aurora.presentation.buildsession] [CONFIG] building view: <dataSet> -> aurora.presentation.TemplateBasedView@3dda489e
2018-10-21 07:57:44.207 [aurora.presentation.buildsession] [CONFIG] building view: <dataSet> -> aurora.presentation.TemplateBasedView@3dda489e
2018-10-21 07:57:44.207 [aurora.presentation.buildsession] [CONFIG] building view: <dataSet> -> aurora.presentation.TemplateBasedView@3dda489e
2018-10-21 07:57:44.207 [aurora.presentation.buildsession] [CONFIG] building view: <screenBody> -> aurora.presentation.component.std.ScreenBody@70e3deba
2018-10-21 07:57:44.207 [aurora.presentation.buildsession] [CONFIG] building view: <form> -> aurora.presentation.component.std.Form@50dcddab
2018-10-21 07:57:44.207 [aurora.presentation.buildsession] [CONFIG] building view: <textField> -> aurora.presentation.TemplateBasedView@3dda489e
2018-10-21 07:57:44.207 [aurora.presentation.buildsession] [CONFIG] building view: <textField> -> aurora.presentation.TemplateBasedView@3dda489e
2018-10-21 07:57:44.208 [aurora.presentation.buildsession] [CONFIG] building view: <hBox> -> aurora.presentation.component.std.HBox@67a61af7
2018-10-21 07:57:44.208 [aurora.presentation.buildsession] [CONFIG] building view: <button> -> aurora.presentation.TemplateBasedView@3dda489e
2018-10-21 07:57:44.208 [aurora.presentation.buildsession] [CONFIG] building view: <grid> -> aurora.presentation.TemplateBasedView@3dda489e
2018-10-21 07:57:44.208 [aurora.presentation.buildsession] [CONFIG] building view: <toolBar> -> aurora.presentation.TemplateBasedView@3dda489e
2018-10-21 07:57:44.208 [aurora.presentation.buildsession] [CONFIG] building view: <button> -> aurora.presentation.TemplateBasedView@3dda489e
2018-10-21 07:57:44.208 [aurora.presentation.buildsession] [CONFIG] building view: <button> -> aurora.presentation.TemplateBasedView@3dda489e
2018-10-21 07:57:44.208 [aurora.presentation.buildsession] [CONFIG] building view: <button> -> aurora.presentation.TemplateBasedView@3dda489e
2018-10-21 07:57:44.208 [aurora.presentation.buildsession] [CONFIG] building view: <navBar> -> aurora.presentation.TemplateBasedView@3dda489e
2018-10-21 07:57:44.209 [aurora.presentation.buildsession] [CONFIG] building view: <button> -> aurora.presentation.TemplateBasedView@3dda489e
2018-10-21 07:57:44.210 [aurora.presentation.buildsession] [CONFIG] building view: <button> -> aurora.presentation.TemplateBasedView@3dda489e
2018-10-21 07:57:44.210 [aurora.presentation.buildsession] [CONFIG] building view: <separator> -> aurora.presentation.TemplateBasedView@3dda489e
2018-10-21 07:57:44.210 [aurora.presentation.buildsession] [CONFIG] building view: <div> -> aurora.presentation.DefaultViewBuilder@35f5c5a3
2018-10-21 07:57:44.210 [aurora.presentation.buildsession] [CONFIG] building view: <numberField> -> aurora.presentation.TemplateBasedView@3dda489e
2018-10-21 07:57:44.210 [aurora.presentation.buildsession] [CONFIG] building view: <div> -> aurora.presentation.DefaultViewBuilder@35f5c5a3
2018-10-21 07:57:44.210 [aurora.presentation.buildsession] [CONFIG] building view: <separator> -> aurora.presentation.TemplateBasedView@3dda489e
2018-10-21 07:57:44.210 [aurora.presentation.buildsession] [CONFIG] building view: <button> -> aurora.presentation.TemplateBasedView@3dda489e
2018-10-21 07:57:44.210 [aurora.presentation.buildsession] [CONFIG] building view: <button> -> aurora.presentation.TemplateBasedView@3dda489e
2018-10-21 07:57:44.210 [aurora.presentation.buildsession] [CONFIG] building view: <button> -> aurora.presentation.TemplateBasedView@3dda489e
2018-10-21 07:57:44.211 [aurora.presentation.buildsession] [CONFIG] building view: <separator> -> aurora.presentation.TemplateBasedView@3dda489e
2018-10-21 07:57:44.211 [aurora.presentation.buildsession] [CONFIG] building view: <div> -> aurora.presentation.DefaultViewBuilder@35f5c5a3
2018-10-21 07:57:44.211 [aurora.presentation.buildsession] [CONFIG] building view: <comboBox> -> aurora.presentation.TemplateBasedView@3dda489e
2018-10-21 07:57:44.211 [aurora.presentation.buildsession] [CONFIG] building view: <div> -> aurora.presentation.DefaultViewBuilder@35f5c5a3
2018-10-21 07:57:44.211 [aurora.presentation.buildsession] [CONFIG] building view: <separator> -> aurora.presentation.TemplateBasedView@3dda489e
2018-10-21 07:57:44.211 [aurora.presentation.buildsession] [CONFIG] building view: <div> -> aurora.presentation.DefaultViewBuilder@35f5c5a3
2018-10-21 07:57:44.211 [aurora.presentation.buildsession] [CONFIG] building view: <comboBox> -> aurora.presentation.TemplateBasedView@3dda489e
2018-10-21 07:57:44.212 [aurora.presentation.buildsession] [CONFIG] End build session
