2018-10-15 01:32:41.122 [aurora.application.session_check] [CONFIG] Session data copied to context
2018-10-15 01:32:41.122 [aurora.application.session_check] [CONFIG] Access check result for modules/eam/EAM0910/eam_asset_management_save.svc => success
2018-10-15 01:32:41.122 [uncertain.proc] [CONFIG] [action] AccessCheck
2018-10-15 01:32:41.125 [uncertain.proc] [CONFIG] [action] CheckServiceLock
2018-10-15 01:32:41.125 [uncertain.proc] [CONFIG] [action] ParseParameter
2018-10-15 01:32:41.125 [uncertain.proc] [CONFIG] [action] ValidateInput
2018-10-15 01:32:41.125 [uncertain.proc] [CONFIG] [action] InvokeService
2018-10-15 01:32:41.125 [aurora.database] [CONFIG] Running batch-apply with data from path /parameter, total 1 records
2018-10-15 01:32:41.125 [aurora.database] [CONFIG] Executing batch-apply on parameter No.0
2018-10-15 01:32:41.130 [uncertain.proc] [CONFIG] [action] DecideStatement
2018-10-15 01:32:41.131 [uncertain.proc] [CONFIG] [action] DecideSqlGenerationMode
2018-10-15 01:32:41.131 [uncertain.proc] [FINE] aurora.database.service.BusinessModelService.onDecideSqlGenerationMode
2018-10-15 01:32:41.131 [uncertain.proc] [CONFIG] [action] CreateOperationSql
2018-10-15 01:32:41.131 [uncertain.proc] [CONFIG] [action] PopulateOperationSql
2018-10-15 01:32:41.131 [uncertain.proc] [FINE] aurora.database.features.OrderByClauseCreator.onPopulateOperationSql
2018-10-15 01:32:41.131 [uncertain.proc] [FINE] aurora.database.features.WhereClauseCreator.onPopulateOperationSql
2018-10-15 01:32:41.131 [uncertain.proc] [CONFIG] [action] CreateSqlRunner
2018-10-15 01:32:41.131 [uncertain.proc] [FINE] aurora.database.service.BusinessModelService.onCreateSqlRunner
2018-10-15 01:32:41.131 [uncertain.proc] [CONFIG] [action] ExecuteDmlStatement
2018-10-15 01:32:41.131 [uncertain.proc] [FINE] aurora.database.service.BusinessModelService.onExecuteDmlStatement
2018-10-15 01:32:41.141 [uncertain.proc] [FINE] aurora.database.features.MultiLanguageStorage.postExecuteDmlStatement
2018-10-15 01:32:41.141 [aurora.database] [CONFIG] 
============= BEGIN [Update] SQL Statement execution dump ============

    			begin
    				eam_asset_pkg.update_eam_asset_headers(p_asset_id                  => ?,
					                                       p_entity_class_id           => ?,
					                                       p_category_id               => ?,
					                                       p_description               => ?,
					                                       p_address				   => ?,
					                                       p_serial_number             => ?,
					                                       p_location_id               => ?,
					                                       p_value_man_company_id      => ?,
					                                       p_value_man_unit_id         => ?,
					                                       p_value_man_position_id     => ?,
					                                       p_entity_company_id         => ?,
					                                       p_entity_unit_id            => ?,
					                                       p_entity_position_id        => ?,
					                                       p_responsibility_company_id => ?,
					                                       p_responsibility_center_id  => ?,
					                                       p_currency_code             => ?, 
					                                       p_cost                      => ?,
					                                       p_asset_unit                => ?,
					                                       p_date_of_purchase          => to_date(?,'yyyy-mm-dd'),
					                                       p_quantity				   => ?,
					                                       p_start_use_date            => to_date(?,'yyyy-mm-dd'),
					                                       p_lock_flag                 => ?,
					                                       p_gain_date                 => to_date(?,'yyyy-mm-dd'),
					                                       p_asset_source_type         => ?,
					                                       p_allocate_element_type     => ?,
                                     					   p_allocate_element_name     => ?,
                                     					   p_reference_number		   => ?,
                                     					   p_invoice_number		   	   => ?,
                                     					   p_fin_class_id			   => ?,
					                                       p_user_id                   => ?,
					                                       p_entity_sub_class_id	   => ?,
					                                       p_contract_num	           => ?,
                                     					   p_price_tax	               => ?,
                                     					   p_price_no_tax              => ?,
                                     					   p_tax                       => ?,
                                     					   p_transfer_rate             => ?,
                                     					   p_transfer_amount           => ?
					                                       );
    			end;
    		
---------------------Binding info---------------------
No.1	Access path:@asset_id	Data type of passed value :java.lang.Integer	Value:704	Output:false	Database Type:null	
No.2	Access path:@entity_class_id	Data type of passed value :java.lang.Integer	Value:121	Output:false	Database Type:null	
No.3	Access path:@category_id	Data type of passed value :java.lang.Integer	Value:31	Output:false	Database Type:null	
No.4	Access path:@description	Data type of passed value :java.lang.String	Value:333	Output:false	Database Type:null	
No.5	Access path:@address	Data type of passed value :[null]	Value:null	Output:false	Database Type:null	
No.6	Access path:@serial_number	Data type of passed value :[null]	Value:null	Output:false	Database Type:null	
No.7	Access path:@location_id	Data type of passed value :java.lang.Integer	Value:476	Output:false	Database Type:null	
No.8	Access path:@value_man_company_id	Data type of passed value :[null]	Value:null	Output:false	Database Type:null	
No.9	Access path:@value_man_unit_id	Data type of passed value :[null]	Value:null	Output:false	Database Type:null	
No.10	Access path:@value_man_position_id	Data type of passed value :[null]	Value:null	Output:false	Database Type:null	
No.11	Access path:@entity_company_id	Data type of passed value :java.lang.Integer	Value:835	Output:false	Database Type:null	
No.12	Access path:@entity_unit_id	Data type of passed value :java.lang.Integer	Value:41	Output:false	Database Type:null	
No.13	Access path:@entity_position_id	Data type of passed value :[null]	Value:null	Output:false	Database Type:null	
No.14	Access path:@responsibility_company_id	Data type of passed value :java.lang.Integer	Value:835	Output:false	Database Type:null	
No.15	Access path:@responsibility_center_id	Data type of passed value :java.lang.Integer	Value:7421	Output:false	Database Type:null	
No.16	Access path:@currency_code	Data type of passed value :java.lang.String	Value:CNY	Output:false	Database Type:null	
No.17	Access path:@cost	Data type of passed value :java.lang.Double	Value:1111101.21	Output:false	Database Type:null	
No.18	Access path:@asset_unit	Data type of passed value :[null]	Value:null	Output:false	Database Type:null	
No.19	Access path:@date_of_purchase	Data type of passed value :[null]	Value:null	Output:false	Database Type:null	
No.20	Access path:@quantity	Data type of passed value :java.lang.Integer	Value:1	Output:false	Database Type:null	
No.21	Access path:@start_use_date	Data type of passed value :java.lang.String	Value:2018-09-01	Output:false	Database Type:null	
No.22	Access path:@lock_flag	Data type of passed value :java.lang.String	Value:Y	Output:false	Database Type:null	
No.23	Access path:@gain_date	Data type of passed value :java.lang.String	Value:2018-10-15	Output:false	Database Type:null	
No.24	Access path:@asset_source_type	Data type of passed value :java.lang.String	Value:FROMCIP	Output:false	Database Type:null	
No.25	Access path:@allocate_element_type	Data type of passed value :[null]	Value:null	Output:false	Database Type:null	
No.26	Access path:@allocate_element_name	Data type of passed value :[null]	Value:null	Output:false	Database Type:null	
No.27	Access path:@reference_number	Data type of passed value :[null]	Value:null	Output:false	Database Type:null	
No.28	Access path:@invoice_number	Data type of passed value :[null]	Value:null	Output:false	Database Type:null	
No.29	Access path:@fin_class_id	Data type of passed value :java.lang.Integer	Value:61	Output:false	Database Type:null	
No.30	Access path:/session/@user_id	Data type of passed value :java.lang.Long	Value:1	Output:false	Database Type:null	
No.31	Access path:@entity_sub_classes_id	Data type of passed value :[null]	Value:null	Output:false	Database Type:null	
No.32	Access path:@contract_num	Data type of passed value :[null]	Value:null	Output:false	Database Type:null	
No.33	Access path:@price_tax	Data type of passed value :java.lang.Integer	Value:1111111	Output:false	Database Type:null	
No.34	Access path:@price_no_tax	Data type of passed value :java.lang.Integer	Value:1111100	Output:false	Database Type:null	
No.35	Access path:@tax	Data type of passed value :java.lang.Integer	Value:11	Output:false	Database Type:null	
No.36	Access path:@transfer_rate	Data type of passed value :java.lang.Integer	Value:11	Output:false	Database Type:null	
No.37	Access path:@transfer_amount	Data type of passed value :java.lang.Double	Value:1.21	Output:false	Database Type:null	

=============== END [Update] SQL Statement execution dump ============

2018-10-15 01:32:41.141 [aurora.database] [CONFIG] Running batch-apply with data from path @current_parameter/finance_info, total 1 records
2018-10-15 01:32:41.141 [aurora.database] [CONFIG] Executing batch-apply on parameter No.0
2018-10-15 01:32:41.144 [uncertain.proc] [CONFIG] [action] DecideStatement
2018-10-15 01:32:41.145 [uncertain.proc] [CONFIG] [action] DecideSqlGenerationMode
2018-10-15 01:32:41.145 [uncertain.proc] [FINE] aurora.database.service.BusinessModelService.onDecideSqlGenerationMode
2018-10-15 01:32:41.146 [uncertain.proc] [CONFIG] [action] CreateOperationSql
2018-10-15 01:32:41.146 [uncertain.proc] [CONFIG] [action] PopulateOperationSql
2018-10-15 01:32:41.146 [uncertain.proc] [FINE] aurora.database.features.OrderByClauseCreator.onPopulateOperationSql
2018-10-15 01:32:41.146 [uncertain.proc] [FINE] aurora.database.features.WhereClauseCreator.onPopulateOperationSql
2018-10-15 01:32:41.146 [uncertain.proc] [CONFIG] [action] CreateSqlRunner
2018-10-15 01:32:41.146 [uncertain.proc] [FINE] aurora.database.service.BusinessModelService.onCreateSqlRunner
2018-10-15 01:32:41.146 [uncertain.proc] [CONFIG] [action] ExecuteDmlStatement
2018-10-15 01:32:41.146 [uncertain.proc] [FINE] aurora.database.service.BusinessModelService.onExecuteDmlStatement
2018-10-15 01:32:41.149 [aurora.database] [CONFIG] 
============= BEGIN [Insert] SQL Statement execution dump ============

    			
    				BEGIN
    					eam_asset_finance_info_pkg.insert_asset_finance_info(
    								  p_asset_finance_info_id   =>?,
                                      p_asset_id                =>?,
                                      p_finance_class_id        =>?,
                                      p_asset_card_num          =>?,
                                      p_depreciate_flag         =>?,
                                      p_currency_code           =>?,
                                      p_cost                    =>?,  
                                      p_current_cost            =>?,
                                      p_accumulated_dep_amt     =>?,
                                      p_impairment_loss_amt     =>?,
                                      p_mount_dep_percent		=>?,
                                      p_month_dep_amount	    =>?,
                                      p_last_depr_period_name	=>?,
                                      p_last_depr_date		    =>to_date(?, 'yyyy-MM-dd'),
                                      p_scrap_amount            =>?,
                                      p_salvage_value           =>?,
                                      p_start_depreciatite_date =>to_date(?, 'yyyy-MM-dd'),
                                      p_life_in_month           =>?,
                                      p_remaining_life_in_month =>?,
                                      p_scrap_cost              =>?,
                                      p_dimension1_id			=>?,
                                      p_user_id                 =>?);
    				END;
    			
    		
---------------------Binding info---------------------
No.1	Access path:@asset_finance_info_id	Data type of passed value :[null]	Value:null	Output:true	Database Type:null	
No.2	Access path:../../@asset_id	Data type of passed value :java.lang.Integer	Value:704	Output:false	Database Type:null	
No.3	Access path:@finance_class_id	Data type of passed value :java.lang.String	Value:61	Output:false	Database Type:null	
No.4	Access path:../../@asset_code	Data type of passed value :[null]	Value:null	Output:false	Database Type:null	
No.5	Access path:@depreciate_flag	Data type of passed value :java.lang.String	Value:Y	Output:false	Database Type:null	
No.6	Access path:@currency_code	Data type of passed value :java.lang.String	Value:CNY	Output:false	Database Type:null	
No.7	Access path:@original_cost	Data type of passed value :java.lang.String	Value:1111101.21	Output:false	Database Type:null	
No.8	Access path:@current_cost	Data type of passed value :java.lang.String	Value:1111101.21	Output:false	Database Type:null	
No.9	Access path:@accumulated_dep_amt	Data type of passed value :[null]	Value:null	Output:false	Database Type:null	
No.10	Access path:@impairment_loss_amt	Data type of passed value :[null]	Value:null	Output:false	Database Type:null	
No.11	Access path:@mount_dep_percent	Data type of passed value :[null]	Value:null	Output:false	Database Type:null	
No.12	Access path:@month_dep_amount	Data type of passed value :[null]	Value:null	Output:false	Database Type:null	
No.13	Access path:@last_depr_period_name	Data type of passed value :[null]	Value:null	Output:false	Database Type:null	
No.14	Access path:@last_depr_date	Data type of passed value :[null]	Value:null	Output:false	Database Type:null	
No.15	Access path:@scrap_amount	Data type of passed value :[null]	Value:null	Output:false	Database Type:null	
No.16	Access path:@salvage_value	Data type of passed value :[null]	Value:null	Output:false	Database Type:null	
No.17	Access path:@start_depreciatite_date	Data type of passed value :[null]	Value:null	Output:false	Database Type:null	
No.18	Access path:@life_in_month	Data type of passed value :java.lang.String	Value:360	Output:false	Database Type:null	
No.19	Access path:@remaining_life_in_month	Data type of passed value :java.lang.String	Value:360	Output:false	Database Type:null	
No.20	Access path:@scrap_cost	Data type of passed value :[null]	Value:null	Output:false	Database Type:null	
No.21	Access path:@dimension1_id	Data type of passed value :[null]	Value:null	Output:false	Database Type:null	
No.22	Access path:/session/@user_id	Data type of passed value :java.lang.Long	Value:1	Output:false	Database Type:null	

=============== END [Insert] SQL Statement execution dump ============

2018-10-15 01:32:41.149 [aurora.database] [INFO] [batch-apply] Data from '@current_parameter/allocations' is null
2018-10-15 01:32:41.149 [aurora.database] [INFO] [batch-apply] Data from '@current_parameter/cost_lines' is null
2018-10-15 01:32:41.149 [uncertain.proc] [CONFIG] [action] CreateSuccessResponse
