2018-10-16 09:01:39.552 [aurora.application.session_check] [CONFIG] Session data copied to context
2018-10-16 09:01:39.552 [aurora.application.session_check] [CONFIG] Access check result for modules/expm/EXP1220/exp_expense_report_auditor.screen => success
2018-10-16 09:01:39.552 [uncertain.proc] [CONFIG] [action] AccessCheck
2018-10-16 09:01:39.588 [uncertain.proc] [CONFIG] [action] InitService
2018-10-16 09:01:39.588 [uncertain.proc] [CONFIG] [action] ParseParameter
2018-10-16 09:01:39.588 [uncertain.proc] [CONFIG] [action] CreateModel
2018-10-16 09:01:39.588 [aurora.database] [CONFIG] ===================================== prepare to run model-query gld.gld_account_lov==============================
2018-10-16 09:01:39.623 [uncertain.proc] [CONFIG] [action] DecideSqlGenerationMode
2018-10-16 09:01:39.623 [uncertain.proc] [FINE] aurora.database.service.BusinessModelService.onDecideSqlGenerationMode
2018-10-16 09:01:39.623 [uncertain.proc] [CONFIG] [action] CreatequeryStatement
2018-10-16 09:01:39.623 [uncertain.proc] [FINE] aurora.bm.QuerySqlCreator.onCreateQueryStatement
2018-10-16 09:01:39.623 [uncertain.proc] [CONFIG] [action] PopulatequeryStatement
2018-10-16 09:01:39.623 [uncertain.proc] [FINE] aurora.database.features.OrderByClauseCreator.onPopulateQueryStatement
2018-10-16 09:01:39.623 [uncertain.proc] [FINE] aurora.database.features.WhereClauseCreator.onPopulateQueryStatement
2018-10-16 09:01:39.623 [uncertain.proc] [CONFIG] [action] CreatequerySql
2018-10-16 09:01:39.623 [uncertain.proc] [FINE] aurora.bm.QuerySqlCreator.onCreateQuerySql
2018-10-16 09:01:39.623 [uncertain.proc] [CONFIG] [action] ExecuteQuery
2018-10-16 09:01:39.623 [uncertain.proc] [FINE] aurora.bm.QuerySqlCreator.onExecuteQuery
2018-10-16 09:01:39.629 [uncertain.proc] [CONFIG] [action] QueryFinish
2018-10-16 09:01:39.629 [uncertain.proc] [FINE] aurora.database.features.AutoQueryCounter.onQueryFinish
2018-10-16 09:01:39.629 [uncertain.proc] [CONFIG] [action] FetchResultSet
2018-10-16 09:01:39.629 [uncertain.proc] [FINE] aurora.database.features.CacheBasedLookUpField.postFetchResultSet
2018-10-16 09:01:39.630 [aurora.database] [CONFIG] 
============= BEGIN [query] SQL Statement execution dump ============
SELECT ga.account_set_id,ga.account_id,ga.account_code,ga.description_id,(select DESCRIPTION_TEXT from fnd_descriptions where DESCRIPTION_ID=ga.description_id and Language=?) AS account_description
FROM gld_accounts ga
WHERE ga.account_set_id = ? and ga.enabled_flag = 'Y' and ga.summary_flag='Y'
ORDER BY account_code
---------------------Binding info---------------------
No.1	Access path:/session/@lang	Data type of passed value :java.lang.String	Value:ZHS	Output:false	Database Type:null	
No.2	Access path:/parameter/@account_set_id	Data type of passed value :[null]	Value:null	Output:false	Database Type:null	

=============== END [query] SQL Statement execution dump ============

2018-10-16 09:01:39.630 [uncertain.proc] [CONFIG] [action] CreateView
2018-10-16 09:01:39.630 [uncertain.proc] [CONFIG] [action] BuildOutputContent
2018-10-16 09:01:39.630 [aurora.presentation.buildsession] [CONFIG] Start build session
2018-10-16 09:01:39.630 [aurora.presentation.buildsession] [CONFIG] building view: <html-page> -> aurora.presentation.component.HtmlPage@42e3d605
2018-10-16 09:01:39.633 [aurora.presentation.buildsession] [CONFIG] building view: <script> -> aurora.presentation.DefaultViewBuilder@35f5c5a3
2018-10-16 09:01:39.634 [aurora.presentation.buildsession] [CONFIG] building view: <dataSets> -> aurora.application.features.DataSetInit@12771471
2018-10-16 09:01:39.634 [aurora.presentation.buildsession] [CONFIG] building view: <dataSet> -> aurora.presentation.TemplateBasedView@3dda489e
2018-10-16 09:01:39.635 [aurora.presentation.buildsession] [CONFIG] building view: <dataSet> -> aurora.presentation.TemplateBasedView@3dda489e
2018-10-16 09:01:39.638 [aurora.presentation.buildsession] [CONFIG] building view: <dataSet> -> aurora.presentation.TemplateBasedView@3dda489e
2018-10-16 09:01:39.673 [aurora.presentation.buildsession] [CONFIG] building view: <dataSet> -> aurora.presentation.TemplateBasedView@3dda489e
2018-10-16 09:01:39.677 [aurora.presentation.buildsession] [CONFIG] building view: <screenBody> -> aurora.presentation.component.std.ScreenBody@225ecfa2
2018-10-16 09:01:39.678 [aurora.presentation.buildsession] [CONFIG] building view: <screenTopToolbar> -> aurora.presentation.component.std.ScreenTopToolbar@1185c9a9
2018-10-16 09:01:39.678 [aurora.presentation.buildsession] [CONFIG] building view: <screenTitle> -> aurora.presentation.component.std.ScreenTitle@4d8a7662
2018-10-16 09:01:39.682 [uncertain.proc] [CONFIG] [action] DecideSqlGenerationMode
2018-10-16 09:01:39.682 [uncertain.proc] [FINE] aurora.database.service.BusinessModelService.onDecideSqlGenerationMode
2018-10-16 09:01:39.682 [uncertain.proc] [CONFIG] [action] CreatequeryStatement
2018-10-16 09:01:39.682 [uncertain.proc] [FINE] aurora.bm.QuerySqlCreator.onCreateQueryStatement
2018-10-16 09:01:39.682 [uncertain.proc] [CONFIG] [action] PopulatequeryStatement
2018-10-16 09:01:39.682 [uncertain.proc] [FINE] aurora.database.features.OrderByClauseCreator.onPopulateQueryStatement
2018-10-16 09:01:39.682 [uncertain.proc] [FINE] aurora.database.features.WhereClauseCreator.onPopulateQueryStatement
2018-10-16 09:01:39.682 [uncertain.proc] [CONFIG] [action] CreatequerySql
2018-10-16 09:01:39.682 [uncertain.proc] [FINE] aurora.bm.QuerySqlCreator.onCreateQuerySql
2018-10-16 09:01:39.682 [uncertain.proc] [CONFIG] [action] ExecuteQuery
2018-10-16 09:01:39.682 [uncertain.proc] [FINE] aurora.bm.QuerySqlCreator.onExecuteQuery
2018-10-16 09:01:39.683 [uncertain.proc] [CONFIG] [action] QueryFinish
2018-10-16 09:01:39.683 [uncertain.proc] [FINE] aurora.database.features.AutoQueryCounter.onQueryFinish
2018-10-16 09:01:39.683 [uncertain.proc] [CONFIG] [action] FetchResultSet
2018-10-16 09:01:39.683 [uncertain.proc] [FINE] aurora.database.features.CacheBasedLookUpField.postFetchResultSet
2018-10-16 09:01:39.683 [aurora.database] [CONFIG] 
============= BEGIN [query] SQL Statement execution dump ============
SELECT f.service_id,f.service_name,f.is_entry_page,f.is_access_checked,f.is_login_required,f.is_system_access,? AS language,(select d.description_text from fnd_descriptions d where d.description_id = f.title_id and d.language = ?) AS title,f.title_id,f.weixin_flag
FROM sys_service f
WHERE f.service_name = ?
ORDER BY service_name
---------------------Binding info---------------------
No.1	Access path:/session/@lang	Data type of passed value :java.lang.String	Value:ZHS	Output:false	Database Type:null	
No.2	Access path:/session/@lang	Data type of passed value :java.lang.String	Value:ZHS	Output:false	Database Type:null	
No.3	Access path:@service_name	Data type of passed value :java.lang.String	Value:modules/expm/EXP1220/exp_expense_report_auditor.screen	Output:false	Database Type:null	

=============== END [query] SQL Statement execution dump ============

2018-10-16 09:01:39.683 [aurora.presentation.buildsession] [CONFIG] building view: <toolbarButton> -> aurora.presentation.TemplateBasedView@3dda489e
2018-10-16 09:01:39.684 [aurora.presentation.buildsession] [CONFIG] building view: <gridButton> -> aurora.presentation.TemplateBasedView@3dda489e
2018-10-16 09:01:39.684 [aurora.presentation.buildsession] [CONFIG] building view: <gridButton> -> aurora.presentation.TemplateBasedView@3dda489e
2018-10-16 09:01:39.684 [aurora.presentation.buildsession] [CONFIG] building view: <gridButton> -> aurora.presentation.TemplateBasedView@3dda489e
2018-10-16 09:01:39.684 [aurora.presentation.buildsession] [CONFIG] building view: <gridButton> -> aurora.presentation.TemplateBasedView@3dda489e
2018-10-16 09:01:39.685 [aurora.presentation.buildsession] [CONFIG] building view: <queryForm> -> aurora.presentation.component.std.QueryForm@79d9cf8a
2018-10-16 09:01:39.685 [aurora.presentation.buildsession] [CONFIG] building view: <hBox> -> aurora.presentation.component.std.HBox@6e184fb4
2018-10-16 09:01:39.685 [aurora.presentation.buildsession] [CONFIG] building view: <lov> -> aurora.presentation.TemplateBasedView@3dda489e
2018-10-16 09:01:39.685 [aurora.presentation.buildsession] [CONFIG] building view: <lov> -> aurora.presentation.TemplateBasedView@3dda489e
2018-10-16 09:01:39.686 [aurora.presentation.buildsession] [CONFIG] building view: <lov> -> aurora.presentation.TemplateBasedView@3dda489e
2018-10-16 09:01:39.686 [aurora.presentation.buildsession] [CONFIG] building view: <lov> -> aurora.presentation.TemplateBasedView@3dda489e
2018-10-16 09:01:39.686 [aurora.presentation.buildsession] [CONFIG] building view: <toolbarButton> -> aurora.presentation.TemplateBasedView@3dda489e
2018-10-16 09:01:39.686 [aurora.presentation.buildsession] [CONFIG] building view: <grid> -> aurora.presentation.TemplateBasedView@3dda489e
2018-10-16 09:01:39.686 [aurora.presentation.buildsession] [CONFIG] building view: <navBar> -> aurora.presentation.TemplateBasedView@3dda489e
2018-10-16 09:01:39.688 [aurora.presentation.buildsession] [CONFIG] building view: <button> -> aurora.presentation.TemplateBasedView@3dda489e
2018-10-16 09:01:39.688 [aurora.presentation.buildsession] [CONFIG] building view: <button> -> aurora.presentation.TemplateBasedView@3dda489e
2018-10-16 09:01:39.689 [aurora.presentation.buildsession] [CONFIG] building view: <separator> -> aurora.presentation.TemplateBasedView@3dda489e
2018-10-16 09:01:39.689 [aurora.presentation.buildsession] [CONFIG] building view: <div> -> aurora.presentation.DefaultViewBuilder@35f5c5a3
2018-10-16 09:01:39.689 [aurora.presentation.buildsession] [CONFIG] building view: <numberField> -> aurora.presentation.TemplateBasedView@3dda489e
2018-10-16 09:01:39.689 [aurora.presentation.buildsession] [CONFIG] building view: <div> -> aurora.presentation.DefaultViewBuilder@35f5c5a3
2018-10-16 09:01:39.689 [aurora.presentation.buildsession] [CONFIG] building view: <separator> -> aurora.presentation.TemplateBasedView@3dda489e
2018-10-16 09:01:39.689 [aurora.presentation.buildsession] [CONFIG] building view: <button> -> aurora.presentation.TemplateBasedView@3dda489e
2018-10-16 09:01:39.689 [aurora.presentation.buildsession] [CONFIG] building view: <button> -> aurora.presentation.TemplateBasedView@3dda489e
2018-10-16 09:01:39.690 [aurora.presentation.buildsession] [CONFIG] building view: <button> -> aurora.presentation.TemplateBasedView@3dda489e
2018-10-16 09:01:39.690 [aurora.presentation.buildsession] [CONFIG] building view: <separator> -> aurora.presentation.TemplateBasedView@3dda489e
2018-10-16 09:01:39.690 [aurora.presentation.buildsession] [CONFIG] building view: <div> -> aurora.presentation.DefaultViewBuilder@35f5c5a3
2018-10-16 09:01:39.690 [aurora.presentation.buildsession] [CONFIG] building view: <comboBox> -> aurora.presentation.TemplateBasedView@3dda489e
2018-10-16 09:01:39.690 [aurora.presentation.buildsession] [CONFIG] building view: <div> -> aurora.presentation.DefaultViewBuilder@35f5c5a3
2018-10-16 09:01:39.690 [aurora.presentation.buildsession] [CONFIG] building view: <separator> -> aurora.presentation.TemplateBasedView@3dda489e
2018-10-16 09:01:39.690 [aurora.presentation.buildsession] [CONFIG] building view: <div> -> aurora.presentation.DefaultViewBuilder@35f5c5a3
2018-10-16 09:01:39.691 [aurora.presentation.buildsession] [CONFIG] building view: <lov> -> aurora.presentation.TemplateBasedView@3dda489e
2018-10-16 09:01:39.691 [aurora.presentation.buildsession] [CONFIG] building view: <textField> -> aurora.presentation.TemplateBasedView@3dda489e
2018-10-16 09:01:39.692 [aurora.presentation.buildsession] [CONFIG] building view: <comboBox> -> aurora.presentation.TemplateBasedView@3dda489e
2018-10-16 09:01:39.692 [aurora.presentation.buildsession] [CONFIG] building view: <script> -> aurora.presentation.DefaultViewBuilder@35f5c5a3
2018-10-16 09:01:39.708 [aurora.presentation.buildsession] [CONFIG] End build session
