2018-10-19 09:30:05.516 [aurora.application.session_check] [CONFIG] Session data copied to context
2018-10-19 09:30:05.565 [aurora.application.session_check] [CONFIG] Access check result for modules/expm/EXP2110/exp_rep_ref_user_groups.screen => success
2018-10-19 09:30:05.565 [uncertain.proc] [CONFIG] [action] AccessCheck
2018-10-19 09:30:05.588 [uncertain.proc] [CONFIG] [action] InitService
2018-10-19 09:30:05.588 [uncertain.proc] [CONFIG] [action] ParseParameter
2018-10-19 09:30:05.588 [uncertain.proc] [CONFIG] [action] CreateModel
2018-10-19 09:30:05.588 [aurora.database] [CONFIG] ===================================== prepare to run model-query exp.exp_expense_report_types_vl==============================
2018-10-19 09:30:05.592 [uncertain.proc] [CONFIG] [action] DecideSqlGenerationMode
2018-10-19 09:30:05.592 [uncertain.proc] [FINE] aurora.database.service.BusinessModelService.onDecideSqlGenerationMode
2018-10-19 09:30:05.592 [uncertain.proc] [CONFIG] [action] CreatequeryStatement
2018-10-19 09:30:05.592 [uncertain.proc] [FINE] aurora.bm.QuerySqlCreator.onCreateQueryStatement
2018-10-19 09:30:05.592 [uncertain.proc] [CONFIG] [action] PopulatequeryStatement
2018-10-19 09:30:05.592 [uncertain.proc] [FINE] aurora.database.features.OrderByClauseCreator.onPopulateQueryStatement
2018-10-19 09:30:05.592 [uncertain.proc] [FINE] aurora.database.features.WhereClauseCreator.onPopulateQueryStatement
2018-10-19 09:30:05.592 [uncertain.proc] [CONFIG] [action] CreatequerySql
2018-10-19 09:30:05.592 [uncertain.proc] [FINE] aurora.bm.QuerySqlCreator.onCreateQuerySql
2018-10-19 09:30:05.592 [uncertain.proc] [CONFIG] [action] ExecuteQuery
2018-10-19 09:30:05.593 [uncertain.proc] [FINE] aurora.bm.QuerySqlCreator.onExecuteQuery
2018-10-19 09:30:05.652 [uncertain.proc] [CONFIG] [action] QueryFinish
2018-10-19 09:30:05.652 [uncertain.proc] [FINE] aurora.database.features.AutoQueryCounter.onQueryFinish
2018-10-19 09:30:05.652 [uncertain.proc] [CONFIG] [action] FetchResultSet
2018-10-19 09:30:05.652 [uncertain.proc] [FINE] aurora.database.features.CacheBasedLookUpField.postFetchResultSet
2018-10-19 09:30:05.652 [aurora.database] [CONFIG] 
============= BEGIN [query] SQL Statement execution dump ============
SELECT eertvl.EXPENSE_REPORT_TYPE_ID,eertvl.COMPANY_ID,eertvl.EXPENSE_REPORT_TYPE_CODE,eertvl.DESCRIPTION,(expense_report_type_code||'-'||description) AS code_name,eertvl.CURRENCY_CODE,eertvl.CODING_RULE,eertvl.ENABLED_FLAG,eertvl.LINE_NUMBER_BEGINNING,eertvl.STEP_LENGTH,eertvl.AUTO_APPROVE_FLAG,eertvl.AUTO_AUDIT_FLAG,eertvl.PAYMENT_OBJECT,eertvl.REQ_REQUIRED_FLAG,eertvl.ADJUSTMENT_FLAG,eertvl.REPORT_NAME,eertvl.PAYMENT_FLAG,eertvl.AMORTIZATION_FLAG,eertvl.TEMPLATE_FLAG,eertvl.RESERVE_BUDGET,eertvl.BUDGET_CONTROL_ENABLED,eertvl.payment_method,(select pmv.description from csh_payment_methods_vl pmv where pmv.payment_method_id = eertvl.payment_method) AS payment_method_desc,(SELECT errt.EXPENSE_TYPE_ID FROM exp_report_ref_types errt WHERE errt.EXPENSE_REPORT_TYPE_ID=eertvl.expense_report_type_id AND errt.DEFAULT_FLAG='Y') AS default_expense_type,(SELECT (SELECT eetv.description  FROM EXP_EXPENSE_TYPES_VL eetv WHERE eetv.expense_type_id=errt.EXPENSE_TYPE_ID) FROM exp_report_ref_types errt WHERE errt.EXPENSE_REPORT_TYPE_ID=eertvl.expense_report_type_id AND errt.DEFAULT_FLAG='Y') AS default_expense_type_desc,(SELECT (SELECT eriv.EXPENSE_ITEM_ID FROM EXP_EXPENSE_ITEMS_VL eriv WHERE eriv.EXPENSE_ITEM_CODE=ectri.EXPENSE_ITEM_CODE) FROM EXP_COM_TYPE_REF_ITEM ectri WHERE ectri.EXPENSE_TYPE_REF_ID=(SELECT errt.EXPENSE_REPORT_REF_TYPE_ID FROM exp_report_ref_types errt WHERE errt.EXPENSE_REPORT_TYPE_ID=eertvl.expense_report_type_id AND errt.DEFAULT_FLAG='Y') AND ectri.ITEM_CATEGORY='TRAVEL_ROUTE' AND ectri.DEFAULT_FLAG='Y') AS default_trans_item,(SELECT (SELECT eriv.description FROM EXP_EXPENSE_ITEMS_VL eriv WHERE eriv.EXPENSE_ITEM_CODE=ectri.EXPENSE_ITEM_CODE) FROM EXP_COM_TYPE_REF_ITEM ectri WHERE ectri.EXPENSE_TYPE_REF_ID=(SELECT errt.EXPENSE_REPORT_REF_TYPE_ID FROM exp_report_ref_types errt WHERE errt.EXPENSE_REPORT_TYPE_ID=eertvl.expense_report_type_id AND errt.DEFAULT_FLAG='Y') AND ectri.ITEM_CATEGORY='TRAVEL_ROUTE' AND ectri.DEFAULT_FLAG='Y') AS default_trans_item_desc,(SELECT (SELECT eriv.EXPENSE_ITEM_ID FROM EXP_EXPENSE_ITEMS_VL eriv WHERE eriv.EXPENSE_ITEM_CODE=ectri.EXPENSE_ITEM_CODE) FROM EXP_COM_TYPE_REF_ITEM ectri WHERE ectri.EXPENSE_TYPE_REF_ID=(SELECT errt.EXPENSE_REPORT_REF_TYPE_ID FROM exp_report_ref_types errt WHERE errt.EXPENSE_REPORT_TYPE_ID=eertvl.expense_report_type_id AND errt.DEFAULT_FLAG='Y') AND ectri.ITEM_CATEGORY='QUARTER' AND ectri.DEFAULT_FLAG='Y') AS default_accomm_item,(SELECT (SELECT eriv.description FROM EXP_EXPENSE_ITEMS_VL eriv WHERE eriv.EXPENSE_ITEM_CODE=ectri.EXPENSE_ITEM_CODE) FROM EXP_COM_TYPE_REF_ITEM ectri WHERE ectri.EXPENSE_TYPE_REF_ID=(SELECT errt.EXPENSE_REPORT_REF_TYPE_ID FROM exp_report_ref_types errt WHERE errt.EXPENSE_REPORT_TYPE_ID=eertvl.expense_report_type_id AND errt.DEFAULT_FLAG='Y') AND ectri.ITEM_CATEGORY='QUARTER' AND ectri.DEFAULT_FLAG='Y') AS default_accomm_item_desc,(SELECT (SELECT eriv.EXPENSE_ITEM_ID FROM EXP_EXPENSE_ITEMS_VL eriv WHERE eriv.EXPENSE_ITEM_CODE=ectri.EXPENSE_ITEM_CODE) FROM EXP_COM_TYPE_REF_ITEM ectri WHERE ectri.EXPENSE_TYPE_REF_ID=(SELECT errt.EXPENSE_REPORT_REF_TYPE_ID FROM exp_report_ref_types errt WHERE errt.EXPENSE_REPORT_TYPE_ID=eertvl.expense_report_type_id AND errt.DEFAULT_FLAG='Y') AND ectri.ITEM_CATEGORY='OTHERS' AND ectri.DEFAULT_FLAG='Y') AS default_others_item,(SELECT (SELECT eriv.description FROM EXP_EXPENSE_ITEMS_VL eriv WHERE eriv.EXPENSE_ITEM_CODE=ectri.EXPENSE_ITEM_CODE) FROM EXP_COM_TYPE_REF_ITEM ectri WHERE ectri.EXPENSE_TYPE_REF_ID=(SELECT errt.EXPENSE_REPORT_REF_TYPE_ID FROM exp_report_ref_types errt WHERE errt.EXPENSE_REPORT_TYPE_ID=eertvl.expense_report_type_id AND errt.DEFAULT_FLAG='Y') AND ectri.ITEM_CATEGORY='OTHERS' AND ectri.DEFAULT_FLAG='Y') AS default_others_item_desc,eertvl.ref_pay_flag,eertvl.ref_gather_flag,eertvl.company_flag,eertvl.unit_flag
FROM EXP_EXPENSE_REPORT_TYPES_VL eertvl
WHERE EXPENSE_REPORT_TYPE_ID = ?
ORDER BY expense_report_type_code
---------------------Binding info---------------------
No.1	Access path:@expense_report_type_id	Data type of passed value :java.lang.Double	Value:8.0	Output:false	Database Type:null	

=============== END [query] SQL Statement execution dump ============

2018-10-19 09:30:05.652 [uncertain.proc] [CONFIG] [action] CreateView
2018-10-19 09:30:05.652 [uncertain.proc] [CONFIG] [action] BuildOutputContent
2018-10-19 09:30:05.653 [aurora.presentation.buildsession] [CONFIG] Start build session
2018-10-19 09:30:05.653 [aurora.presentation.buildsession] [CONFIG] building view: <html-page> -> aurora.presentation.component.HtmlPage@2a2b2598
2018-10-19 09:30:05.653 [aurora.presentation.buildsession] [CONFIG] building view: <div> -> aurora.presentation.DefaultViewBuilder@35f5c5a3
2018-10-19 09:30:05.653 [aurora.presentation.buildsession] [CONFIG] building view: <script> -> aurora.presentation.DefaultViewBuilder@35f5c5a3
2018-10-19 09:30:05.653 [aurora.presentation.buildsession] [CONFIG] building view: <dataSets> -> aurora.application.features.DataSetInit@464a44e7
2018-10-19 09:30:05.653 [aurora.presentation.buildsession] [CONFIG] building view: <dataSet> -> aurora.presentation.TemplateBasedView@3dda489e
2018-10-19 09:30:05.653 [aurora.presentation.buildsession] [CONFIG] building view: <dataSet> -> aurora.presentation.TemplateBasedView@3dda489e
2018-10-19 09:30:05.671 [aurora.presentation.buildsession] [CONFIG] building view: <screenBody> -> aurora.presentation.component.std.ScreenBody@18c34da7
2018-10-19 09:30:05.671 [aurora.presentation.buildsession] [CONFIG] building view: <screenTopToolbar> -> aurora.presentation.component.std.ScreenTopToolbar@3407335b
2018-10-19 09:30:05.671 [aurora.presentation.buildsession] [CONFIG] building view: <screenTitle> -> aurora.presentation.component.std.ScreenTitle@47f3c7a6
2018-10-19 09:30:05.675 [uncertain.proc] [CONFIG] [action] DecideSqlGenerationMode
2018-10-19 09:30:05.675 [uncertain.proc] [FINE] aurora.database.service.BusinessModelService.onDecideSqlGenerationMode
2018-10-19 09:30:05.675 [uncertain.proc] [CONFIG] [action] CreatequeryStatement
2018-10-19 09:30:05.675 [uncertain.proc] [FINE] aurora.bm.QuerySqlCreator.onCreateQueryStatement
2018-10-19 09:30:05.675 [uncertain.proc] [CONFIG] [action] PopulatequeryStatement
2018-10-19 09:30:05.675 [uncertain.proc] [FINE] aurora.database.features.OrderByClauseCreator.onPopulateQueryStatement
2018-10-19 09:30:05.675 [uncertain.proc] [FINE] aurora.database.features.WhereClauseCreator.onPopulateQueryStatement
2018-10-19 09:30:05.675 [uncertain.proc] [CONFIG] [action] CreatequerySql
2018-10-19 09:30:05.675 [uncertain.proc] [FINE] aurora.bm.QuerySqlCreator.onCreateQuerySql
2018-10-19 09:30:05.675 [uncertain.proc] [CONFIG] [action] ExecuteQuery
2018-10-19 09:30:05.675 [uncertain.proc] [FINE] aurora.bm.QuerySqlCreator.onExecuteQuery
2018-10-19 09:30:05.676 [uncertain.proc] [CONFIG] [action] QueryFinish
2018-10-19 09:30:05.676 [uncertain.proc] [FINE] aurora.database.features.AutoQueryCounter.onQueryFinish
2018-10-19 09:30:05.676 [uncertain.proc] [CONFIG] [action] FetchResultSet
2018-10-19 09:30:05.676 [uncertain.proc] [FINE] aurora.database.features.CacheBasedLookUpField.postFetchResultSet
2018-10-19 09:30:05.677 [aurora.database] [CONFIG] 
============= BEGIN [query] SQL Statement execution dump ============
SELECT f.service_id,f.service_name,f.is_entry_page,f.is_access_checked,f.is_login_required,f.is_system_access,? AS language,(select d.description_text from fnd_descriptions d where d.description_id = f.title_id and d.language = ?) AS title,f.title_id,f.weixin_flag
FROM sys_service f
WHERE f.service_name = ?
ORDER BY service_name
---------------------Binding info---------------------
No.1	Access path:/session/@lang	Data type of passed value :java.lang.String	Value:ZHS	Output:false	Database Type:null	
No.2	Access path:/session/@lang	Data type of passed value :java.lang.String	Value:ZHS	Output:false	Database Type:null	
No.3	Access path:@service_name	Data type of passed value :java.lang.String	Value:modules/expm/EXP2110/exp_rep_ref_user_groups.screen	Output:false	Database Type:null	

=============== END [query] SQL Statement execution dump ============

2018-10-19 09:30:05.677 [aurora.presentation.buildsession] [CONFIG] building view: <gridButton> -> aurora.presentation.TemplateBasedView@3dda489e
2018-10-19 09:30:05.677 [aurora.presentation.buildsession] [CONFIG] building view: <gridButton> -> aurora.presentation.TemplateBasedView@3dda489e
2018-10-19 09:30:05.677 [aurora.presentation.buildsession] [CONFIG] building view: <gridButton> -> aurora.presentation.TemplateBasedView@3dda489e
2018-10-19 09:30:05.677 [aurora.presentation.buildsession] [CONFIG] building view: <gridButton> -> aurora.presentation.TemplateBasedView@3dda489e
2018-10-19 09:30:05.677 [aurora.presentation.buildsession] [CONFIG] building view: <form> -> aurora.presentation.component.std.Form@22b677e4
2018-10-19 09:30:05.677 [aurora.presentation.buildsession] [CONFIG] building view: <box> -> aurora.presentation.component.std.Box@3b49987
2018-10-19 09:30:05.677 [aurora.presentation.buildsession] [CONFIG] building view: <textField> -> aurora.presentation.TemplateBasedView@3dda489e
2018-10-19 09:30:05.678 [aurora.presentation.buildsession] [CONFIG] building view: <textField> -> aurora.presentation.TemplateBasedView@3dda489e
2018-10-19 09:30:05.678 [aurora.presentation.buildsession] [CONFIG] building view: <grid> -> aurora.presentation.TemplateBasedView@3dda489e
2018-10-19 09:30:05.678 [aurora.presentation.buildsession] [CONFIG] building view: <navBar> -> aurora.presentation.TemplateBasedView@3dda489e
2018-10-19 09:30:05.679 [aurora.presentation.buildsession] [CONFIG] building view: <button> -> aurora.presentation.TemplateBasedView@3dda489e
2018-10-19 09:30:05.679 [aurora.presentation.buildsession] [CONFIG] building view: <button> -> aurora.presentation.TemplateBasedView@3dda489e
2018-10-19 09:30:05.679 [aurora.presentation.buildsession] [CONFIG] building view: <separator> -> aurora.presentation.TemplateBasedView@3dda489e
2018-10-19 09:30:05.679 [aurora.presentation.buildsession] [CONFIG] building view: <div> -> aurora.presentation.DefaultViewBuilder@35f5c5a3
2018-10-19 09:30:05.679 [aurora.presentation.buildsession] [CONFIG] building view: <numberField> -> aurora.presentation.TemplateBasedView@3dda489e
2018-10-19 09:30:05.680 [aurora.presentation.buildsession] [CONFIG] building view: <div> -> aurora.presentation.DefaultViewBuilder@35f5c5a3
2018-10-19 09:30:05.680 [aurora.presentation.buildsession] [CONFIG] building view: <separator> -> aurora.presentation.TemplateBasedView@3dda489e
2018-10-19 09:30:05.680 [aurora.presentation.buildsession] [CONFIG] building view: <button> -> aurora.presentation.TemplateBasedView@3dda489e
2018-10-19 09:30:05.680 [aurora.presentation.buildsession] [CONFIG] building view: <button> -> aurora.presentation.TemplateBasedView@3dda489e
2018-10-19 09:30:05.680 [aurora.presentation.buildsession] [CONFIG] building view: <button> -> aurora.presentation.TemplateBasedView@3dda489e
2018-10-19 09:30:05.680 [aurora.presentation.buildsession] [CONFIG] building view: <separator> -> aurora.presentation.TemplateBasedView@3dda489e
2018-10-19 09:30:05.680 [aurora.presentation.buildsession] [CONFIG] building view: <div> -> aurora.presentation.DefaultViewBuilder@35f5c5a3
2018-10-19 09:30:05.680 [aurora.presentation.buildsession] [CONFIG] building view: <comboBox> -> aurora.presentation.TemplateBasedView@3dda489e
2018-10-19 09:30:05.680 [aurora.presentation.buildsession] [CONFIG] building view: <div> -> aurora.presentation.DefaultViewBuilder@35f5c5a3
2018-10-19 09:30:05.680 [aurora.presentation.buildsession] [CONFIG] building view: <separator> -> aurora.presentation.TemplateBasedView@3dda489e
2018-10-19 09:30:05.681 [aurora.presentation.buildsession] [CONFIG] building view: <div> -> aurora.presentation.DefaultViewBuilder@35f5c5a3
2018-10-19 09:30:05.681 [aurora.presentation.buildsession] [CONFIG] building view: <lov> -> aurora.presentation.TemplateBasedView@3dda489e
2018-10-19 09:30:05.681 [aurora.presentation.buildsession] [CONFIG] building view: <script> -> aurora.presentation.DefaultViewBuilder@35f5c5a3
2018-10-19 09:30:05.681 [aurora.presentation.buildsession] [CONFIG] End build session
