2018-10-22 09:08:49.176 [aurora.application.session_check] [CONFIG] Session data copied to context
2018-10-22 09:08:49.207 [aurora.application.session_check] [CONFIG] Access check result for modules/fnd/FND2020/fnd_company_update.screen => success
2018-10-22 09:08:49.207 [uncertain.proc] [CONFIG] [action] AccessCheck
2018-10-22 09:08:49.293 [uncertain.proc] [CONFIG] [action] InitService
2018-10-22 09:08:49.293 [uncertain.proc] [CONFIG] [action] ParseParameter
2018-10-22 09:08:49.293 [uncertain.proc] [CONFIG] [action] CreateModel
2018-10-22 09:08:49.293 [aurora.database] [CONFIG] ===================================== prepare to run model-query fnd.fnd_companies==============================
2018-10-22 09:08:49.300 [uncertain.proc] [CONFIG] [action] DecideSqlGenerationMode
2018-10-22 09:08:49.300 [uncertain.proc] [FINE] aurora.database.service.BusinessModelService.onDecideSqlGenerationMode
2018-10-22 09:08:49.300 [uncertain.proc] [CONFIG] [action] CreatequeryStatement
2018-10-22 09:08:49.300 [uncertain.proc] [FINE] aurora.bm.QuerySqlCreator.onCreateQueryStatement
2018-10-22 09:08:49.300 [uncertain.proc] [CONFIG] [action] PopulatequeryStatement
2018-10-22 09:08:49.300 [uncertain.proc] [FINE] aurora.database.features.OrderByClauseCreator.onPopulateQueryStatement
2018-10-22 09:08:49.300 [uncertain.proc] [FINE] aurora.database.features.WhereClauseCreator.onPopulateQueryStatement
2018-10-22 09:08:49.300 [uncertain.proc] [CONFIG] [action] CreatequerySql
2018-10-22 09:08:49.300 [uncertain.proc] [FINE] aurora.bm.QuerySqlCreator.onCreateQuerySql
2018-10-22 09:08:49.300 [uncertain.proc] [CONFIG] [action] ExecuteQuery
2018-10-22 09:08:49.300 [uncertain.proc] [FINE] aurora.bm.QuerySqlCreator.onExecuteQuery
2018-10-22 09:08:49.321 [uncertain.proc] [CONFIG] [action] QueryFinish
2018-10-22 09:08:49.321 [uncertain.proc] [FINE] aurora.database.features.AutoQueryCounter.onQueryFinish
2018-10-22 09:08:49.321 [uncertain.proc] [CONFIG] [action] FetchResultSet
2018-10-22 09:08:49.321 [uncertain.proc] [FINE] aurora.database.features.CacheBasedLookUpField.postFetchResultSet
2018-10-22 09:08:49.321 [aurora.database] [CONFIG] 
============= BEGIN [query] SQL Statement execution dump ============
SELECT fc.company_id,fc.company_level_id,(select d.company_level_code || '-' || fd.description_text from fnd_descriptions fd,fnd_company_levels d where fd.description_id=d.description_id and language=? and d.company_level_id=fc.company_level_id) AS company_level_id_display,(select d.company_level_code || '-' || fd.description_text from fnd_descriptions fd,fnd_company_levels d where fd.description_id=d.description_id and language=? and d.company_level_id=fc.company_level_id and d.enabled_flag = 'Y') AS company_level_display,fc.company_low_level_id,(select f.description from fnd_company_low_level f where f.company_low_level_id = fc.company_low_level_id) AS company_low_level,fc.company_code,fc.company_type,fc.company_short_name_id,(select DESCRIPTION_TEXT from fnd_descriptions where DESCRIPTION_ID=fc.company_short_name_id and Language=?) AS company_short_name,fc.company_full_name_id,(select DESCRIPTION_TEXT from fnd_descriptions where DESCRIPTION_ID=fc.company_full_name_id and Language=?) AS company_full_name,fc.set_of_books_id,fc.chief_position_id,fc.parent_company_id,fc.address,(select op.position_code||'-'|| fd.description_text from exp_org_position op,fnd_descriptions fd where fd.description_id=op.description_id and language=? and op.company_id = fc.company_id and op.position_id=fc.chief_position_id) AS chief_position_id_display,(select parent.company_code||'-'|| fd.description_text from fnd_companies parent,fnd_descriptions fd where fd.description_id=parent.company_short_name_id and language=? and parent.company_id = fc.parent_company_id) AS parent_company_id_display,(select v.set_of_books_code||'-'||fd.description_text from  gld_set_of_books v,fnd_descriptions fd where  fd.description_id=v.set_of_books_name_id and language=? and v.set_of_books_id=fc.set_of_books_id) AS set_of_books_id_display,fc.start_date_active,fc.end_date_active,(select fd.description_text from fnd_descriptions fd,fnd_company_levels fcl where fd.description_id = fcl.description_id and language=? and fc.company_level_id = fcl.company_level_id) AS description,company_code || ' - ' || (select fd.description_text from fnd_descriptions fd where fd.description_id = fc.company_short_name_id and fd.language = ?) AS company_code_name,fc.no_tax_sd_flag,fc.taxpayer_flag,fc.db_code,fc.t3_value,fc.fina_audit_position_id,(select op.position_code||'-'|| fd.description_text from exp_org_position op,fnd_descriptions fd where fd.description_id=op.description_id and language=? and op.position_id=fc.fina_audit_position_id) AS fina_audit_position_display,fc.fina_resp_position_id,(select op.position_code||'-'|| fd.description_text from exp_org_position op,fnd_descriptions fd where fd.description_id=op.description_id and language=?  and op.position_id=fc.fina_resp_position_id) AS fina_resp_position_display,fc.hr_head_position_id,(select op.position_code||'-'|| fd.description_text from exp_org_position op,fnd_descriptions fd where fd.description_id=op.description_id and language=?  and op.position_id=fc.hr_head_position_id) AS hr_head_position_display,fc.fina_head_position_id,(select op.position_code||'-'|| fd.description_text from exp_org_position op,fnd_descriptions fd where fd.description_id=op.description_id and language=?  and op.position_id=fc.fina_head_position_id) AS fina_head_position_display,fc.budget_position_id,(select op.position_code||'-'|| fd.description_text from exp_org_position op,fnd_descriptions fd where fd.description_id=op.description_id and language=?  and op.position_id=fc.budget_position_id) AS budget_position_display,fc.parent_com_charge_man,(select ee.employee_code||'-'||ee.name from exp_employees ee where ee.employee_id = fc.parent_com_charge_man) AS parent_com_charge_display,fc.exec_vice_president,(select op.position_code||'-'|| fd.description_text from exp_org_position op,fnd_descriptions fd where fd.description_id=op.description_id and language=?  and op.position_id=fc.exec_vice_president) AS exec_vice_president_display
FROM fnd_companies fc
WHERE fc.company_id = ?
ORDER BY company_code
---------------------Binding info---------------------
No.1	Access path:/session/@lang	Data type of passed value :java.lang.String	Value:ZHS	Output:false	Database Type:null	
No.2	Access path:/session/@lang	Data type of passed value :java.lang.String	Value:ZHS	Output:false	Database Type:null	
No.3	Access path:/session/@lang	Data type of passed value :java.lang.String	Value:ZHS	Output:false	Database Type:null	
No.4	Access path:/session/@lang	Data type of passed value :java.lang.String	Value:ZHS	Output:false	Database Type:null	
No.5	Access path:/session/@lang	Data type of passed value :java.lang.String	Value:ZHS	Output:false	Database Type:null	
No.6	Access path:/session/@lang	Data type of passed value :java.lang.String	Value:ZHS	Output:false	Database Type:null	
No.7	Access path:/session/@lang	Data type of passed value :java.lang.String	Value:ZHS	Output:false	Database Type:null	
No.8	Access path:/session/@lang	Data type of passed value :java.lang.String	Value:ZHS	Output:false	Database Type:null	
No.9	Access path:/session/@lang	Data type of passed value :java.lang.String	Value:ZHS	Output:false	Database Type:null	
No.10	Access path:/session/@lang	Data type of passed value :java.lang.String	Value:ZHS	Output:false	Database Type:null	
No.11	Access path:/session/@lang	Data type of passed value :java.lang.String	Value:ZHS	Output:false	Database Type:null	
No.12	Access path:/session/@lang	Data type of passed value :java.lang.String	Value:ZHS	Output:false	Database Type:null	
No.13	Access path:/session/@lang	Data type of passed value :java.lang.String	Value:ZHS	Output:false	Database Type:null	
No.14	Access path:/session/@lang	Data type of passed value :java.lang.String	Value:ZHS	Output:false	Database Type:null	
No.15	Access path:/session/@lang	Data type of passed value :java.lang.String	Value:ZHS	Output:false	Database Type:null	
No.16	Access path:@company_id	Data type of passed value :java.lang.Long	Value:835	Output:false	Database Type:null	

=============== END [query] SQL Statement execution dump ============

2018-10-22 09:08:49.321 [aurora.database] [CONFIG] ===================================== prepare to run model-query gld.gld_set_of_books==============================
2018-10-22 09:08:49.325 [uncertain.proc] [CONFIG] [action] DecideSqlGenerationMode
2018-10-22 09:08:49.325 [uncertain.proc] [FINE] aurora.database.service.BusinessModelService.onDecideSqlGenerationMode
2018-10-22 09:08:49.325 [uncertain.proc] [CONFIG] [action] CreatequeryStatement
2018-10-22 09:08:49.325 [uncertain.proc] [FINE] aurora.bm.QuerySqlCreator.onCreateQueryStatement
2018-10-22 09:08:49.325 [uncertain.proc] [CONFIG] [action] PopulatequeryStatement
2018-10-22 09:08:49.325 [uncertain.proc] [FINE] aurora.database.features.OrderByClauseCreator.onPopulateQueryStatement
2018-10-22 09:08:49.325 [uncertain.proc] [FINE] aurora.database.features.WhereClauseCreator.onPopulateQueryStatement
2018-10-22 09:08:49.325 [uncertain.proc] [CONFIG] [action] CreatequerySql
2018-10-22 09:08:49.325 [uncertain.proc] [FINE] aurora.bm.QuerySqlCreator.onCreateQuerySql
2018-10-22 09:08:49.325 [uncertain.proc] [CONFIG] [action] ExecuteQuery
2018-10-22 09:08:49.325 [uncertain.proc] [FINE] aurora.bm.QuerySqlCreator.onExecuteQuery
2018-10-22 09:08:49.327 [uncertain.proc] [CONFIG] [action] QueryFinish
2018-10-22 09:08:49.327 [uncertain.proc] [FINE] aurora.database.features.AutoQueryCounter.onQueryFinish
2018-10-22 09:08:49.328 [uncertain.proc] [CONFIG] [action] FetchResultSet
2018-10-22 09:08:49.328 [uncertain.proc] [FINE] aurora.database.features.CacheBasedLookUpField.postFetchResultSet
2018-10-22 09:08:49.328 [aurora.database] [CONFIG] 
============= BEGIN [query] SQL Statement execution dump ============
SELECT sob.set_of_books_id,sob.set_of_books_name_id,(select DESCRIPTION_TEXT from fnd_descriptions where DESCRIPTION_ID=sob.set_of_books_name_id and Language=?) AS set_of_books_name,sob.set_of_books_code,sob.period_set_code,(select description_text from fnd_descriptions fn,gld_period_sets gps where fn.description_id=gps.period_set_name_id and gps.period_set_code = sob.period_set_code and language=?) AS period_set_name,sob.functional_currency_code,(select description_text from fnd_descriptions fn,gld_currency gc where fn.description_id=gc.currency_name_id and gc.currency_code = sob.functional_currency_code and language=?) AS currency_name,sob.account_set_id,(select description_text from fnd_descriptions fn,gld_account_sets gas where fn.description_id=gas.account_set_name_id and gas.account_set_id = sob.account_set_id and language=?) AS account_set_name,sob.enabled_flag,sob.main_set_flag,(sob.set_of_books_code || '-' || (select fd.description_text from fnd_descriptions fd where sob.set_of_books_name_id=fd.description_id and fd.language=?)) AS set_of_books_name_display
FROM gld_set_of_books sob
WHERE enabled_flag = 'Y'
ORDER BY set_of_books_code
---------------------Binding info---------------------
No.1	Access path:/session/@lang	Data type of passed value :java.lang.String	Value:ZHS	Output:false	Database Type:null	
No.2	Access path:/session/@lang	Data type of passed value :java.lang.String	Value:ZHS	Output:false	Database Type:null	
No.3	Access path:/session/@lang	Data type of passed value :java.lang.String	Value:ZHS	Output:false	Database Type:null	
No.4	Access path:/session/@lang	Data type of passed value :java.lang.String	Value:ZHS	Output:false	Database Type:null	
No.5	Access path:/session/@lang	Data type of passed value :java.lang.String	Value:ZHS	Output:false	Database Type:null	

=============== END [query] SQL Statement execution dump ============

2018-10-22 09:08:49.328 [aurora.database] [CONFIG] ===================================== prepare to run model-query fnd.FND2020.fnd_company_position_cmb==============================
2018-10-22 09:08:49.338 [uncertain.proc] [CONFIG] [action] DecideSqlGenerationMode
2018-10-22 09:08:49.338 [uncertain.proc] [FINE] aurora.database.service.BusinessModelService.onDecideSqlGenerationMode
2018-10-22 09:08:49.338 [uncertain.proc] [CONFIG] [action] CreatequeryStatement
2018-10-22 09:08:49.338 [uncertain.proc] [FINE] aurora.bm.QuerySqlCreator.onCreateQueryStatement
2018-10-22 09:08:49.339 [uncertain.proc] [CONFIG] [action] PopulatequeryStatement
2018-10-22 09:08:49.340 [uncertain.proc] [FINE] aurora.database.features.OrderByClauseCreator.onPopulateQueryStatement
2018-10-22 09:08:49.340 [uncertain.proc] [FINE] aurora.database.features.WhereClauseCreator.onPopulateQueryStatement
2018-10-22 09:08:49.340 [uncertain.proc] [CONFIG] [action] CreatequerySql
2018-10-22 09:08:49.340 [uncertain.proc] [FINE] aurora.bm.QuerySqlCreator.onCreateQuerySql
2018-10-22 09:08:49.340 [uncertain.proc] [CONFIG] [action] ExecuteQuery
2018-10-22 09:08:49.340 [uncertain.proc] [FINE] aurora.bm.QuerySqlCreator.onExecuteQuery
2018-10-22 09:08:49.534 [uncertain.proc] [CONFIG] [action] QueryFinish
2018-10-22 09:08:49.534 [uncertain.proc] [FINE] aurora.database.features.AutoQueryCounter.onQueryFinish
2018-10-22 09:08:49.534 [uncertain.proc] [CONFIG] [action] FetchResultSet
2018-10-22 09:08:49.534 [uncertain.proc] [FINE] aurora.database.features.CacheBasedLookUpField.postFetchResultSet
2018-10-22 09:08:49.534 [aurora.database] [CONFIG] 
============= BEGIN [query] SQL Statement execution dump ============
SELECT op.position_id,op.position_code,(select fd.description_text from fnd_descriptions fd where op.description_id = fd.description_id and fd.language = ?) AS position_name,(select op.position_code || '-' || fd.description_text from fnd_descriptions fd where op.description_id = fd.description_id and fd.language = ?) AS position_name_display,op.company_id,cpy.chief_position_id
FROM exp_org_position op
	INNER JOIN fnd_companies cpy ON op.company_id = cpy.company_id
WHERE  op.enabled_flag = 'Y'  AND op.company_id = ?
ORDER BY position_code
---------------------Binding info---------------------
No.1	Access path:/session/@lang	Data type of passed value :java.lang.String	Value:ZHS	Output:false	Database Type:null	
No.2	Access path:/session/@lang	Data type of passed value :java.lang.String	Value:ZHS	Output:false	Database Type:null	
No.3	Access path:@company_id	Data type of passed value :java.lang.Long	Value:835	Output:false	Database Type:null	

=============== END [query] SQL Statement execution dump ============

2018-10-22 09:08:49.534 [aurora.database] [CONFIG] ===================================== prepare to run model-query fnd.fnd_company_levels==============================
2018-10-22 09:08:49.547 [uncertain.proc] [CONFIG] [action] DecideSqlGenerationMode
2018-10-22 09:08:49.547 [uncertain.proc] [FINE] aurora.database.service.BusinessModelService.onDecideSqlGenerationMode
2018-10-22 09:08:49.547 [uncertain.proc] [CONFIG] [action] CreatequeryStatement
2018-10-22 09:08:49.547 [uncertain.proc] [FINE] aurora.bm.QuerySqlCreator.onCreateQueryStatement
2018-10-22 09:08:49.547 [uncertain.proc] [CONFIG] [action] PopulatequeryStatement
2018-10-22 09:08:49.547 [uncertain.proc] [FINE] aurora.database.features.OrderByClauseCreator.onPopulateQueryStatement
2018-10-22 09:08:49.547 [uncertain.proc] [FINE] aurora.database.features.WhereClauseCreator.onPopulateQueryStatement
2018-10-22 09:08:49.547 [uncertain.proc] [CONFIG] [action] CreatequerySql
2018-10-22 09:08:49.547 [uncertain.proc] [FINE] aurora.bm.QuerySqlCreator.onCreateQuerySql
2018-10-22 09:08:49.547 [uncertain.proc] [CONFIG] [action] ExecuteQuery
2018-10-22 09:08:49.547 [uncertain.proc] [FINE] aurora.bm.QuerySqlCreator.onExecuteQuery
2018-10-22 09:08:49.574 [uncertain.proc] [CONFIG] [action] QueryFinish
2018-10-22 09:08:49.574 [uncertain.proc] [FINE] aurora.database.features.AutoQueryCounter.onQueryFinish
2018-10-22 09:08:49.574 [uncertain.proc] [CONFIG] [action] FetchResultSet
2018-10-22 09:08:49.574 [uncertain.proc] [FINE] aurora.database.features.CacheBasedLookUpField.postFetchResultSet
2018-10-22 09:08:49.574 [aurora.database] [CONFIG] 
============= BEGIN [query] SQL Statement execution dump ============
SELECT fc.company_level_id,fc.company_level_code,fc.description_id,(select DESCRIPTION_TEXT from fnd_descriptions where DESCRIPTION_ID=fc.description_id and Language=?) AS description,fc.enabled_flag,(select fc.company_level_code || '-' || fd.description_text from fnd_descriptions fd where fd.description_id = fc.description_id and fd.language=?) AS description_display
FROM fnd_company_levels fc
WHERE enabled_flag = 'Y'
ORDER BY company_level_code
---------------------Binding info---------------------
No.1	Access path:/session/@lang	Data type of passed value :java.lang.String	Value:ZHS	Output:false	Database Type:null	
No.2	Access path:/session/@lang	Data type of passed value :java.lang.String	Value:ZHS	Output:false	Database Type:null	

=============== END [query] SQL Statement execution dump ============

2018-10-22 09:08:49.574 [aurora.database] [CONFIG] ===================================== prepare to run model-query fnd.FND2020.fnd_companies_parent==============================
2018-10-22 09:08:49.577 [uncertain.proc] [CONFIG] [action] DecideSqlGenerationMode
2018-10-22 09:08:49.577 [uncertain.proc] [FINE] aurora.database.service.BusinessModelService.onDecideSqlGenerationMode
2018-10-22 09:08:49.577 [uncertain.proc] [CONFIG] [action] CreateOperationSql
2018-10-22 09:08:49.577 [uncertain.proc] [CONFIG] [action] PopulateOperationSql
2018-10-22 09:08:49.577 [uncertain.proc] [FINE] aurora.database.features.OrderByClauseCreator.onPopulateOperationSql
2018-10-22 09:08:49.577 [uncertain.proc] [FINE] aurora.database.features.WhereClauseCreator.onPopulateOperationSql
2018-10-22 09:08:49.577 [uncertain.proc] [CONFIG] [action] ExecuteQuery
2018-10-22 09:08:49.577 [uncertain.proc] [FINE] aurora.bm.QuerySqlCreator.onExecuteQuery
2018-10-22 09:08:49.582 [uncertain.proc] [CONFIG] [action] QueryFinish
2018-10-22 09:08:49.582 [uncertain.proc] [FINE] aurora.database.features.AutoQueryCounter.onQueryFinish
2018-10-22 09:08:49.582 [uncertain.proc] [CONFIG] [action] FetchResultSet
2018-10-22 09:08:49.582 [uncertain.proc] [FINE] aurora.database.features.CacheBasedLookUpField.postFetchResultSet
2018-10-22 09:08:49.582 [aurora.database] [CONFIG] 
============= BEGIN [query] SQL Statement execution dump ============

                select cpy.company_id, 
                       cpy.company_code||'-'||(select description_text from fnd_descriptions where description_id=cpy.company_short_name_id and language=? ) company_code
                  from fnd_companies cpy
                 order by cpy.company_code
            
---------------------Binding info---------------------
No.1	Access path:/session/@lang	Data type of passed value :java.lang.String	Value:ZHS	Output:false	Database Type:null	

=============== END [query] SQL Statement execution dump ============

2018-10-22 09:08:49.582 [uncertain.proc] [CONFIG] [action] CreateView
2018-10-22 09:08:49.583 [uncertain.proc] [CONFIG] [action] BuildOutputContent
2018-10-22 09:08:49.583 [aurora.presentation.buildsession] [CONFIG] Start build session
2018-10-22 09:08:49.583 [aurora.presentation.buildsession] [CONFIG] building view: <html-page> -> aurora.presentation.component.HtmlPage@66df0524
2018-10-22 09:08:49.583 [aurora.presentation.buildsession] [CONFIG] building view: <div> -> aurora.presentation.DefaultViewBuilder@35f5c5a3
2018-10-22 09:08:49.583 [aurora.presentation.buildsession] [CONFIG] building view: <script> -> aurora.presentation.DefaultViewBuilder@35f5c5a3
2018-10-22 09:08:49.583 [aurora.presentation.buildsession] [CONFIG] building view: <dataSets> -> aurora.application.features.DataSetInit@2c353f4d
2018-10-22 09:08:49.583 [aurora.presentation.buildsession] [CONFIG] building view: <dataSet> -> aurora.presentation.TemplateBasedView@3dda489e
2018-10-22 09:08:49.584 [aurora.presentation.buildsession] [CONFIG] building view: <dataSet> -> aurora.presentation.TemplateBasedView@3dda489e
2018-10-22 09:08:49.585 [aurora.presentation.buildsession] [CONFIG] building view: <dataSet> -> aurora.presentation.TemplateBasedView@3dda489e
2018-10-22 09:08:49.585 [aurora.presentation.buildsession] [CONFIG] building view: <dataSet> -> aurora.presentation.TemplateBasedView@3dda489e
2018-10-22 09:08:49.585 [aurora.presentation.buildsession] [CONFIG] building view: <dataSet> -> aurora.presentation.TemplateBasedView@3dda489e
2018-10-22 09:08:49.585 [aurora.presentation.buildsession] [CONFIG] building view: <dataSet> -> aurora.presentation.TemplateBasedView@3dda489e
2018-10-22 09:08:49.587 [aurora.presentation.buildsession] [CONFIG] building view: <dataSet> -> aurora.presentation.TemplateBasedView@3dda489e
2018-10-22 09:08:49.618 [aurora.presentation.buildsession] [CONFIG] building view: <screenBody> -> aurora.presentation.component.std.ScreenBody@43b8997b
2018-10-22 09:08:49.618 [aurora.presentation.buildsession] [CONFIG] building view: <screenTopToolbar> -> aurora.presentation.component.std.ScreenTopToolbar@3875e726
2018-10-22 09:08:49.618 [aurora.presentation.buildsession] [CONFIG] building view: <screenTitle> -> aurora.presentation.component.std.ScreenTitle@269d3329
2018-10-22 09:08:49.621 [uncertain.proc] [CONFIG] [action] DecideSqlGenerationMode
2018-10-22 09:08:49.621 [uncertain.proc] [FINE] aurora.database.service.BusinessModelService.onDecideSqlGenerationMode
2018-10-22 09:08:49.621 [uncertain.proc] [CONFIG] [action] CreatequeryStatement
2018-10-22 09:08:49.621 [uncertain.proc] [FINE] aurora.bm.QuerySqlCreator.onCreateQueryStatement
2018-10-22 09:08:49.621 [uncertain.proc] [CONFIG] [action] PopulatequeryStatement
2018-10-22 09:08:49.621 [uncertain.proc] [FINE] aurora.database.features.OrderByClauseCreator.onPopulateQueryStatement
2018-10-22 09:08:49.621 [uncertain.proc] [FINE] aurora.database.features.WhereClauseCreator.onPopulateQueryStatement
2018-10-22 09:08:49.621 [uncertain.proc] [CONFIG] [action] CreatequerySql
2018-10-22 09:08:49.621 [uncertain.proc] [FINE] aurora.bm.QuerySqlCreator.onCreateQuerySql
2018-10-22 09:08:49.621 [uncertain.proc] [CONFIG] [action] ExecuteQuery
2018-10-22 09:08:49.621 [uncertain.proc] [FINE] aurora.bm.QuerySqlCreator.onExecuteQuery
2018-10-22 09:08:49.622 [uncertain.proc] [CONFIG] [action] QueryFinish
2018-10-22 09:08:49.622 [uncertain.proc] [FINE] aurora.database.features.AutoQueryCounter.onQueryFinish
2018-10-22 09:08:49.622 [uncertain.proc] [CONFIG] [action] FetchResultSet
2018-10-22 09:08:49.622 [uncertain.proc] [FINE] aurora.database.features.CacheBasedLookUpField.postFetchResultSet
2018-10-22 09:08:49.622 [aurora.database] [CONFIG] 
============= BEGIN [query] SQL Statement execution dump ============
SELECT f.service_id,f.service_name,f.is_entry_page,f.is_access_checked,f.is_login_required,f.is_system_access,? AS language,(select d.description_text from fnd_descriptions d where d.description_id = f.title_id and d.language = ?) AS title,f.title_id,f.weixin_flag
FROM sys_service f
WHERE f.service_name = ?
ORDER BY service_name
---------------------Binding info---------------------
No.1	Access path:/session/@lang	Data type of passed value :java.lang.String	Value:ZHS	Output:false	Database Type:null	
No.2	Access path:/session/@lang	Data type of passed value :java.lang.String	Value:ZHS	Output:false	Database Type:null	
No.3	Access path:@service_name	Data type of passed value :java.lang.String	Value:modules/fnd/FND2020/fnd_company_update.screen	Output:false	Database Type:null	

=============== END [query] SQL Statement execution dump ============

2018-10-22 09:08:49.622 [aurora.presentation.buildsession] [CONFIG] building view: <toolbarButton> -> aurora.presentation.TemplateBasedView@3dda489e
2018-10-22 09:08:49.622 [aurora.presentation.buildsession] [CONFIG] building view: <toolbarButton> -> aurora.presentation.TemplateBasedView@3dda489e
2018-10-22 09:08:49.623 [aurora.presentation.buildsession] [CONFIG] building view: <fieldSet> -> aurora.presentation.component.std.FieldSet@7a8bbd9b
2018-10-22 09:08:49.623 [aurora.presentation.buildsession] [CONFIG] building view: <hBox> -> aurora.presentation.component.std.HBox@107ddb50
2018-10-22 09:08:49.623 [aurora.presentation.buildsession] [CONFIG] building view: <textField> -> aurora.presentation.TemplateBasedView@3dda489e
2018-10-22 09:08:49.623 [aurora.presentation.buildsession] [CONFIG] building view: <textField> -> aurora.presentation.TemplateBasedView@3dda489e
2018-10-22 09:08:49.623 [aurora.presentation.buildsession] [CONFIG] building view: <hBox> -> aurora.presentation.component.std.HBox@717c1286
2018-10-22 09:08:49.623 [aurora.presentation.buildsession] [CONFIG] building view: <textField> -> aurora.presentation.TemplateBasedView@3dda489e
2018-10-22 09:08:49.623 [aurora.presentation.buildsession] [CONFIG] building view: <hBox> -> aurora.presentation.component.std.HBox@6ea5887d
2018-10-22 09:08:49.623 [aurora.presentation.buildsession] [CONFIG] building view: <comboBox> -> aurora.presentation.TemplateBasedView@3dda489e
2018-10-22 09:08:49.623 [aurora.presentation.buildsession] [CONFIG] building view: <comboBox> -> aurora.presentation.TemplateBasedView@3dda489e
2018-10-22 09:08:49.623 [aurora.presentation.buildsession] [CONFIG] building view: <hBox> -> aurora.presentation.component.std.HBox@49658757
2018-10-22 09:08:49.624 [aurora.presentation.buildsession] [CONFIG] building view: <comboBox> -> aurora.presentation.TemplateBasedView@3dda489e
2018-10-22 09:08:49.624 [aurora.presentation.buildsession] [CONFIG] building view: <lov> -> aurora.presentation.TemplateBasedView@3dda489e
2018-10-22 09:08:49.624 [aurora.presentation.buildsession] [CONFIG] building view: <hBox> -> aurora.presentation.component.std.HBox@37bc6270
2018-10-22 09:08:49.624 [aurora.presentation.buildsession] [CONFIG] building view: <lov> -> aurora.presentation.TemplateBasedView@3dda489e
2018-10-22 09:08:49.624 [aurora.presentation.buildsession] [CONFIG] building view: <lov> -> aurora.presentation.TemplateBasedView@3dda489e
2018-10-22 09:08:49.624 [aurora.presentation.buildsession] [CONFIG] building view: <hBox> -> aurora.presentation.component.std.HBox@26c5be23
2018-10-22 09:08:49.624 [aurora.presentation.buildsession] [CONFIG] building view: <lov> -> aurora.presentation.TemplateBasedView@3dda489e
2018-10-22 09:08:49.624 [aurora.presentation.buildsession] [CONFIG] building view: <lov> -> aurora.presentation.TemplateBasedView@3dda489e
2018-10-22 09:08:49.624 [aurora.presentation.buildsession] [CONFIG] building view: <hBox> -> aurora.presentation.component.std.HBox@64613ce6
2018-10-22 09:08:49.624 [aurora.presentation.buildsession] [CONFIG] building view: <lov> -> aurora.presentation.TemplateBasedView@3dda489e
2018-10-22 09:08:49.624 [aurora.presentation.buildsession] [CONFIG] building view: <lov> -> aurora.presentation.TemplateBasedView@3dda489e
2018-10-22 09:08:49.624 [aurora.presentation.buildsession] [CONFIG] building view: <hBox> -> aurora.presentation.component.std.HBox@1db5002
2018-10-22 09:08:49.624 [aurora.presentation.buildsession] [CONFIG] building view: <comboBox> -> aurora.presentation.TemplateBasedView@3dda489e
2018-10-22 09:08:49.625 [aurora.presentation.buildsession] [CONFIG] building view: <hBox> -> aurora.presentation.component.std.HBox@55200dab
2018-10-22 09:08:49.625 [aurora.presentation.buildsession] [CONFIG] building view: <textField> -> aurora.presentation.TemplateBasedView@3dda489e
2018-10-22 09:08:49.625 [aurora.presentation.buildsession] [CONFIG] building view: <textField> -> aurora.presentation.TemplateBasedView@3dda489e
2018-10-22 09:08:49.625 [aurora.presentation.buildsession] [CONFIG] building view: <hBox> -> aurora.presentation.component.std.HBox@5e1f858a
2018-10-22 09:08:49.625 [aurora.presentation.buildsession] [CONFIG] building view: <datePicker> -> aurora.presentation.TemplateBasedView@3dda489e
2018-10-22 09:08:49.625 [aurora.presentation.buildsession] [CONFIG] building view: <datePicker> -> aurora.presentation.TemplateBasedView@3dda489e
2018-10-22 09:08:49.625 [aurora.presentation.buildsession] [CONFIG] building view: <hBox> -> aurora.presentation.component.std.HBox@33f414a3
2018-10-22 09:08:49.625 [aurora.presentation.buildsession] [CONFIG] building view: <textField> -> aurora.presentation.TemplateBasedView@3dda489e
2018-10-22 09:08:49.625 [aurora.presentation.buildsession] [CONFIG] building view: <hBox> -> aurora.presentation.component.std.HBox@68f4199f
2018-10-22 09:08:49.625 [aurora.presentation.buildsession] [CONFIG] building view: <checkBox> -> aurora.presentation.TemplateBasedView@3dda489e
2018-10-22 09:08:49.625 [aurora.presentation.buildsession] [CONFIG] building view: <checkBox> -> aurora.presentation.TemplateBasedView@3dda489e
2018-10-22 09:08:49.625 [aurora.presentation.buildsession] [CONFIG] building view: <script> -> aurora.presentation.DefaultViewBuilder@35f5c5a3
2018-10-22 09:08:49.626 [aurora.presentation.buildsession] [CONFIG] End build session
