2018-10-21 07:41:49.40 [aurora.application.session_check] [CONFIG] Session data copied to context
2018-10-21 07:41:49.100 [aurora.application.session_check] [CONFIG] Access check result for modules/fnd/FND2020/fnd_company_create.screen => success
2018-10-21 07:41:49.100 [uncertain.proc] [CONFIG] [action] AccessCheck
2018-10-21 07:41:49.158 [uncertain.proc] [CONFIG] [action] InitService
2018-10-21 07:41:49.158 [uncertain.proc] [CONFIG] [action] ParseParameter
2018-10-21 07:41:49.158 [uncertain.proc] [CONFIG] [action] CreateModel
2018-10-21 07:41:49.158 [aurora.database] [CONFIG] ===================================== prepare to run model-query fnd.fnd_companies==============================
2018-10-21 07:41:49.164 [uncertain.proc] [CONFIG] [action] DecideSqlGenerationMode
2018-10-21 07:41:49.164 [uncertain.proc] [FINE] aurora.database.service.BusinessModelService.onDecideSqlGenerationMode
2018-10-21 07:41:49.164 [uncertain.proc] [CONFIG] [action] CreatequeryStatement
2018-10-21 07:41:49.164 [uncertain.proc] [FINE] aurora.bm.QuerySqlCreator.onCreateQueryStatement
2018-10-21 07:41:49.164 [uncertain.proc] [CONFIG] [action] PopulatequeryStatement
2018-10-21 07:41:49.164 [uncertain.proc] [FINE] aurora.database.features.OrderByClauseCreator.onPopulateQueryStatement
2018-10-21 07:41:49.164 [uncertain.proc] [FINE] aurora.database.features.WhereClauseCreator.onPopulateQueryStatement
2018-10-21 07:41:49.164 [uncertain.proc] [CONFIG] [action] CreatequerySql
2018-10-21 07:41:49.164 [uncertain.proc] [FINE] aurora.bm.QuerySqlCreator.onCreateQuerySql
2018-10-21 07:41:49.164 [uncertain.proc] [CONFIG] [action] ExecuteQuery
2018-10-21 07:41:49.164 [uncertain.proc] [FINE] aurora.bm.QuerySqlCreator.onExecuteQuery
2018-10-21 07:41:49.211 [uncertain.proc] [CONFIG] [action] QueryFinish
2018-10-21 07:41:49.211 [uncertain.proc] [FINE] aurora.database.features.AutoQueryCounter.onQueryFinish
2018-10-21 07:41:49.211 [uncertain.proc] [CONFIG] [action] FetchResultSet
2018-10-21 07:41:49.211 [uncertain.proc] [FINE] aurora.database.features.CacheBasedLookUpField.postFetchResultSet
2018-10-21 07:41:49.211 [aurora.database] [CONFIG] 
============= BEGIN [query] SQL Statement execution dump ============
SELECT fc.company_id,fc.company_level_id,(select d.company_level_code || '-' || fd.description_text from fnd_descriptions fd,fnd_company_levels d where fd.description_id=d.description_id and language=? and d.company_level_id=fc.company_level_id) AS company_level_id_display,(select d.company_level_code || '-' || fd.description_text from fnd_descriptions fd,fnd_company_levels d where fd.description_id=d.description_id and language=? and d.company_level_id=fc.company_level_id and d.enabled_flag = 'Y') AS company_level_display,fc.company_low_level_id,(select f.description from fnd_company_low_level f where f.company_low_level_id = fc.company_low_level_id) AS company_low_level,fc.company_code,fc.company_type,fc.company_short_name_id,(select DESCRIPTION_TEXT from fnd_descriptions where DESCRIPTION_ID=fc.company_short_name_id and Language=?) AS company_short_name,fc.company_full_name_id,(select DESCRIPTION_TEXT from fnd_descriptions where DESCRIPTION_ID=fc.company_full_name_id and Language=?) AS company_full_name,fc.set_of_books_id,fc.chief_position_id,fc.parent_company_id,fc.address,(select op.position_code||'-'|| fd.description_text from exp_org_position op,fnd_descriptions fd where fd.description_id=op.description_id and language=? and op.company_id = fc.company_id and op.position_id=fc.chief_position_id) AS chief_position_id_display,(select parent.company_code||'-'|| fd.description_text from fnd_companies parent,fnd_descriptions fd where fd.description_id=parent.company_short_name_id and language=? and parent.company_id = fc.parent_company_id) AS parent_company_id_display,(select v.set_of_books_code||'-'||fd.description_text from  gld_set_of_books v,fnd_descriptions fd where  fd.description_id=v.set_of_books_name_id and language=? and v.set_of_books_id=fc.set_of_books_id) AS set_of_books_id_display,fc.start_date_active,fc.end_date_active,(select fd.description_text from fnd_descriptions fd,fnd_company_levels fcl where fd.description_id = fcl.description_id and language=? and fc.company_level_id = fcl.company_level_id) AS description,company_code || ' - ' || (select fd.description_text from fnd_descriptions fd where fd.description_id = fc.company_short_name_id and fd.language = ?) AS company_code_name,fc.no_tax_sd_flag,fc.taxpayer_flag,fc.db_code,fc.t3_value,fc.fina_audit_position_id,(select op.position_code||'-'|| fd.description_text from exp_org_position op,fnd_descriptions fd where fd.description_id=op.description_id and language=? and op.position_id=fc.fina_audit_position_id) AS fina_audit_position_display,fc.fina_resp_position_id,(select op.position_code||'-'|| fd.description_text from exp_org_position op,fnd_descriptions fd where fd.description_id=op.description_id and language=?  and op.position_id=fc.fina_resp_position_id) AS fina_resp_position_display,fc.hr_head_position_id,(select op.position_code||'-'|| fd.description_text from exp_org_position op,fnd_descriptions fd where fd.description_id=op.description_id and language=?  and op.position_id=fc.hr_head_position_id) AS hr_head_position_display,fc.fina_head_position_id,(select op.position_code||'-'|| fd.description_text from exp_org_position op,fnd_descriptions fd where fd.description_id=op.description_id and language=?  and op.position_id=fc.fina_head_position_id) AS fina_head_position_display,fc.budget_position_id,(select op.position_code||'-'|| fd.description_text from exp_org_position op,fnd_descriptions fd where fd.description_id=op.description_id and language=?  and op.position_id=fc.budget_position_id) AS budget_position_display,fc.parent_com_charge_man,(select ee.employee_code||'-'||ee.name from exp_employees ee where ee.employee_id = fc.parent_com_charge_man) AS parent_com_charge_display,fc.exec_vice_president,(select op.position_code||'-'|| fd.description_text from exp_org_position op,fnd_descriptions fd where fd.description_id=op.description_id and language=?  and op.position_id=fc.exec_vice_president) AS exec_vice_president_display
FROM fnd_companies fc

ORDER BY company_code
---------------------Binding info---------------------
No.1	Access path:/session/@lang	Data type of passed value :java.lang.String	Value:ZHS	Output:false	Database Type:null	
No.2	Access path:/session/@lang	Data type of passed value :java.lang.String	Value:ZHS	Output:false	Database Type:null	
No.3	Access path:/session/@lang	Data type of passed value :java.lang.String	Value:ZHS	Output:false	Database Type:null	
No.4	Access path:/session/@lang	Data type of passed value :java.lang.String	Value:ZHS	Output:false	Database Type:null	
No.5	Access path:/session/@lang	Data type of passed value :java.lang.String	Value:ZHS	Output:false	Database Type:null	
No.6	Access path:/session/@lang	Data type of passed value :java.lang.String	Value:ZHS	Output:false	Database Type:null	
No.7	Access path:/session/@lang	Data type of passed value :java.lang.String	Value:ZHS	Output:false	Database Type:null	
No.8	Access path:/session/@lang	Data type of passed value :java.lang.String	Value:ZHS	Output:false	Database Type:null	
No.9	Access path:/session/@lang	Data type of passed value :java.lang.String	Value:ZHS	Output:false	Database Type:null	
No.10	Access path:/session/@lang	Data type of passed value :java.lang.String	Value:ZHS	Output:false	Database Type:null	
No.11	Access path:/session/@lang	Data type of passed value :java.lang.String	Value:ZHS	Output:false	Database Type:null	
No.12	Access path:/session/@lang	Data type of passed value :java.lang.String	Value:ZHS	Output:false	Database Type:null	
No.13	Access path:/session/@lang	Data type of passed value :java.lang.String	Value:ZHS	Output:false	Database Type:null	
No.14	Access path:/session/@lang	Data type of passed value :java.lang.String	Value:ZHS	Output:false	Database Type:null	
No.15	Access path:/session/@lang	Data type of passed value :java.lang.String	Value:ZHS	Output:false	Database Type:null	

=============== END [query] SQL Statement execution dump ============

2018-10-21 07:41:49.211 [aurora.database] [CONFIG] ===================================== prepare to run model-query gld.gld_set_of_books==============================
2018-10-21 07:41:49.216 [uncertain.proc] [CONFIG] [action] DecideSqlGenerationMode
2018-10-21 07:41:49.216 [uncertain.proc] [FINE] aurora.database.service.BusinessModelService.onDecideSqlGenerationMode
2018-10-21 07:41:49.216 [uncertain.proc] [CONFIG] [action] CreatequeryStatement
2018-10-21 07:41:49.216 [uncertain.proc] [FINE] aurora.bm.QuerySqlCreator.onCreateQueryStatement
2018-10-21 07:41:49.216 [uncertain.proc] [CONFIG] [action] PopulatequeryStatement
2018-10-21 07:41:49.216 [uncertain.proc] [FINE] aurora.database.features.OrderByClauseCreator.onPopulateQueryStatement
2018-10-21 07:41:49.216 [uncertain.proc] [FINE] aurora.database.features.WhereClauseCreator.onPopulateQueryStatement
2018-10-21 07:41:49.216 [uncertain.proc] [CONFIG] [action] CreatequerySql
2018-10-21 07:41:49.216 [uncertain.proc] [FINE] aurora.bm.QuerySqlCreator.onCreateQuerySql
2018-10-21 07:41:49.216 [uncertain.proc] [CONFIG] [action] ExecuteQuery
2018-10-21 07:41:49.216 [uncertain.proc] [FINE] aurora.bm.QuerySqlCreator.onExecuteQuery
2018-10-21 07:41:49.217 [uncertain.proc] [CONFIG] [action] QueryFinish
2018-10-21 07:41:49.217 [uncertain.proc] [FINE] aurora.database.features.AutoQueryCounter.onQueryFinish
2018-10-21 07:41:49.218 [uncertain.proc] [CONFIG] [action] FetchResultSet
2018-10-21 07:41:49.218 [uncertain.proc] [FINE] aurora.database.features.CacheBasedLookUpField.postFetchResultSet
2018-10-21 07:41:49.218 [aurora.database] [CONFIG] 
============= BEGIN [query] SQL Statement execution dump ============
SELECT sob.set_of_books_id,sob.set_of_books_name_id,(select DESCRIPTION_TEXT from fnd_descriptions where DESCRIPTION_ID=sob.set_of_books_name_id and Language=?) AS set_of_books_name,sob.set_of_books_code,sob.period_set_code,(select description_text from fnd_descriptions fn,gld_period_sets gps where fn.description_id=gps.period_set_name_id and gps.period_set_code = sob.period_set_code and language=?) AS period_set_name,sob.functional_currency_code,(select description_text from fnd_descriptions fn,gld_currency gc where fn.description_id=gc.currency_name_id and gc.currency_code = sob.functional_currency_code and language=?) AS currency_name,sob.account_set_id,(select description_text from fnd_descriptions fn,gld_account_sets gas where fn.description_id=gas.account_set_name_id and gas.account_set_id = sob.account_set_id and language=?) AS account_set_name,sob.enabled_flag,sob.main_set_flag,(sob.set_of_books_code || '-' || (select fd.description_text from fnd_descriptions fd where sob.set_of_books_name_id=fd.description_id and fd.language=?)) AS set_of_books_name_display
FROM gld_set_of_books sob
WHERE enabled_flag = 'Y'
ORDER BY set_of_books_code
---------------------Binding info---------------------
No.1	Access path:/session/@lang	Data type of passed value :java.lang.String	Value:ZHS	Output:false	Database Type:null	
No.2	Access path:/session/@lang	Data type of passed value :java.lang.String	Value:ZHS	Output:false	Database Type:null	
No.3	Access path:/session/@lang	Data type of passed value :java.lang.String	Value:ZHS	Output:false	Database Type:null	
No.4	Access path:/session/@lang	Data type of passed value :java.lang.String	Value:ZHS	Output:false	Database Type:null	
No.5	Access path:/session/@lang	Data type of passed value :java.lang.String	Value:ZHS	Output:false	Database Type:null	

=============== END [query] SQL Statement execution dump ============

2018-10-21 07:41:49.218 [aurora.database] [CONFIG] ===================================== prepare to run model-query fnd.FND2020.fnd_company_position_cmb==============================
2018-10-21 07:41:49.232 [uncertain.proc] [CONFIG] [action] DecideSqlGenerationMode
2018-10-21 07:41:49.232 [uncertain.proc] [FINE] aurora.database.service.BusinessModelService.onDecideSqlGenerationMode
2018-10-21 07:41:49.232 [uncertain.proc] [CONFIG] [action] CreatequeryStatement
2018-10-21 07:41:49.232 [uncertain.proc] [FINE] aurora.bm.QuerySqlCreator.onCreateQueryStatement
2018-10-21 07:41:49.234 [uncertain.proc] [CONFIG] [action] PopulatequeryStatement
2018-10-21 07:41:49.234 [uncertain.proc] [FINE] aurora.database.features.OrderByClauseCreator.onPopulateQueryStatement
2018-10-21 07:41:49.234 [uncertain.proc] [FINE] aurora.database.features.WhereClauseCreator.onPopulateQueryStatement
2018-10-21 07:41:49.234 [uncertain.proc] [CONFIG] [action] CreatequerySql
2018-10-21 07:41:49.234 [uncertain.proc] [FINE] aurora.bm.QuerySqlCreator.onCreateQuerySql
2018-10-21 07:41:49.234 [uncertain.proc] [CONFIG] [action] ExecuteQuery
2018-10-21 07:41:49.234 [uncertain.proc] [FINE] aurora.bm.QuerySqlCreator.onExecuteQuery
2018-10-21 07:41:55.579 [uncertain.proc] [CONFIG] [action] QueryFinish
2018-10-21 07:41:55.579 [uncertain.proc] [FINE] aurora.database.features.AutoQueryCounter.onQueryFinish
2018-10-21 07:41:55.579 [uncertain.proc] [CONFIG] [action] FetchResultSet
2018-10-21 07:41:55.579 [uncertain.proc] [FINE] aurora.database.features.CacheBasedLookUpField.postFetchResultSet
2018-10-21 07:41:55.580 [aurora.database] [CONFIG] 
============= BEGIN [query] SQL Statement execution dump ============
SELECT op.position_id,op.position_code,(select fd.description_text from fnd_descriptions fd where op.description_id = fd.description_id and fd.language = ?) AS position_name,(select op.position_code || '-' || fd.description_text from fnd_descriptions fd where op.description_id = fd.description_id and fd.language = ?) AS position_name_display,op.company_id,cpy.chief_position_id
FROM exp_org_position op
	INNER JOIN fnd_companies cpy ON op.company_id = cpy.company_id
WHERE  op.enabled_flag = 'Y' 
ORDER BY position_code
---------------------Binding info---------------------
No.1	Access path:/session/@lang	Data type of passed value :java.lang.String	Value:ZHS	Output:false	Database Type:null	
No.2	Access path:/session/@lang	Data type of passed value :java.lang.String	Value:ZHS	Output:false	Database Type:null	

=============== END [query] SQL Statement execution dump ============

2018-10-21 07:41:55.580 [aurora.database] [CONFIG] ===================================== prepare to run model-query fnd.fnd_company_levels==============================
2018-10-21 07:41:55.614 [uncertain.proc] [CONFIG] [action] DecideSqlGenerationMode
2018-10-21 07:41:55.614 [uncertain.proc] [FINE] aurora.database.service.BusinessModelService.onDecideSqlGenerationMode
2018-10-21 07:41:55.614 [uncertain.proc] [CONFIG] [action] CreatequeryStatement
2018-10-21 07:41:55.614 [uncertain.proc] [FINE] aurora.bm.QuerySqlCreator.onCreateQueryStatement
2018-10-21 07:41:55.614 [uncertain.proc] [CONFIG] [action] PopulatequeryStatement
2018-10-21 07:41:55.614 [uncertain.proc] [FINE] aurora.database.features.OrderByClauseCreator.onPopulateQueryStatement
2018-10-21 07:41:55.614 [uncertain.proc] [FINE] aurora.database.features.WhereClauseCreator.onPopulateQueryStatement
2018-10-21 07:41:55.614 [uncertain.proc] [CONFIG] [action] CreatequerySql
2018-10-21 07:41:55.614 [uncertain.proc] [FINE] aurora.bm.QuerySqlCreator.onCreateQuerySql
2018-10-21 07:41:55.614 [uncertain.proc] [CONFIG] [action] ExecuteQuery
2018-10-21 07:41:55.614 [uncertain.proc] [FINE] aurora.bm.QuerySqlCreator.onExecuteQuery
2018-10-21 07:41:55.619 [uncertain.proc] [CONFIG] [action] QueryFinish
2018-10-21 07:41:55.619 [uncertain.proc] [FINE] aurora.database.features.AutoQueryCounter.onQueryFinish
2018-10-21 07:41:55.619 [uncertain.proc] [CONFIG] [action] FetchResultSet
2018-10-21 07:41:55.619 [uncertain.proc] [FINE] aurora.database.features.CacheBasedLookUpField.postFetchResultSet
2018-10-21 07:41:55.620 [aurora.database] [CONFIG] 
============= BEGIN [query] SQL Statement execution dump ============
SELECT fc.company_level_id,fc.company_level_code,fc.description_id,(select DESCRIPTION_TEXT from fnd_descriptions where DESCRIPTION_ID=fc.description_id and Language=?) AS description,fc.enabled_flag,(select fc.company_level_code || '-' || fd.description_text from fnd_descriptions fd where fd.description_id = fc.description_id and fd.language=?) AS description_display
FROM fnd_company_levels fc
WHERE enabled_flag = 'Y'
ORDER BY company_level_code
---------------------Binding info---------------------
No.1	Access path:/session/@lang	Data type of passed value :java.lang.String	Value:ZHS	Output:false	Database Type:null	
No.2	Access path:/session/@lang	Data type of passed value :java.lang.String	Value:ZHS	Output:false	Database Type:null	

=============== END [query] SQL Statement execution dump ============

2018-10-21 07:41:55.620 [aurora.database] [CONFIG] ===================================== prepare to run model-query fnd.FND2020.fnd_companies_parent==============================
2018-10-21 07:41:55.624 [uncertain.proc] [CONFIG] [action] DecideSqlGenerationMode
2018-10-21 07:41:55.624 [uncertain.proc] [FINE] aurora.database.service.BusinessModelService.onDecideSqlGenerationMode
2018-10-21 07:41:55.624 [uncertain.proc] [CONFIG] [action] CreateOperationSql
2018-10-21 07:41:55.624 [uncertain.proc] [CONFIG] [action] PopulateOperationSql
2018-10-21 07:41:55.624 [uncertain.proc] [FINE] aurora.database.features.OrderByClauseCreator.onPopulateOperationSql
2018-10-21 07:41:55.624 [uncertain.proc] [FINE] aurora.database.features.WhereClauseCreator.onPopulateOperationSql
2018-10-21 07:41:55.624 [uncertain.proc] [CONFIG] [action] ExecuteQuery
2018-10-21 07:41:55.624 [uncertain.proc] [FINE] aurora.bm.QuerySqlCreator.onExecuteQuery
2018-10-21 07:41:55.632 [uncertain.proc] [CONFIG] [action] QueryFinish
2018-10-21 07:41:55.632 [uncertain.proc] [FINE] aurora.database.features.AutoQueryCounter.onQueryFinish
2018-10-21 07:41:55.632 [uncertain.proc] [CONFIG] [action] FetchResultSet
2018-10-21 07:41:55.632 [uncertain.proc] [FINE] aurora.database.features.CacheBasedLookUpField.postFetchResultSet
2018-10-21 07:41:55.632 [aurora.database] [CONFIG] 
============= BEGIN [query] SQL Statement execution dump ============

                select cpy.company_id, 
                       cpy.company_code||'-'||(select description_text from fnd_descriptions where description_id=cpy.company_short_name_id and language=? ) company_code
                  from fnd_companies cpy
                 order by cpy.company_code
            
---------------------Binding info---------------------
No.1	Access path:/session/@lang	Data type of passed value :java.lang.String	Value:ZHS	Output:false	Database Type:null	

=============== END [query] SQL Statement execution dump ============

2018-10-21 07:41:55.632 [uncertain.proc] [CONFIG] [action] CreateView
2018-10-21 07:41:55.632 [uncertain.proc] [CONFIG] [action] BuildOutputContent
2018-10-21 07:41:55.632 [aurora.presentation.buildsession] [CONFIG] Start build session
2018-10-21 07:41:55.633 [aurora.presentation.buildsession] [CONFIG] building view: <html-page> -> aurora.presentation.component.HtmlPage@20d6bca7
2018-10-21 07:41:55.634 [aurora.presentation.buildsession] [CONFIG] building view: <div> -> aurora.presentation.DefaultViewBuilder@35f5c5a3
2018-10-21 07:41:55.634 [aurora.presentation.buildsession] [CONFIG] building view: <script> -> aurora.presentation.DefaultViewBuilder@35f5c5a3
2018-10-21 07:41:55.634 [aurora.presentation.buildsession] [CONFIG] building view: <dataSets> -> aurora.application.features.DataSetInit@166b1314
2018-10-21 07:41:55.634 [aurora.presentation.buildsession] [CONFIG] building view: <dataSet> -> aurora.presentation.TemplateBasedView@3dda489e
2018-10-21 07:41:55.635 [aurora.presentation.buildsession] [CONFIG] building view: <dataSet> -> aurora.presentation.TemplateBasedView@3dda489e
2018-10-21 07:41:55.636 [aurora.presentation.buildsession] [CONFIG] building view: <dataSet> -> aurora.presentation.TemplateBasedView@3dda489e
2018-10-21 07:41:55.636 [aurora.presentation.buildsession] [CONFIG] building view: <dataSet> -> aurora.presentation.TemplateBasedView@3dda489e
2018-10-21 07:41:55.636 [aurora.presentation.buildsession] [CONFIG] building view: <dataSet> -> aurora.presentation.TemplateBasedView@3dda489e
2018-10-21 07:41:55.800 [aurora.presentation.buildsession] [CONFIG] building view: <dataSet> -> aurora.presentation.TemplateBasedView@3dda489e
2018-10-21 07:41:55.803 [aurora.presentation.buildsession] [CONFIG] building view: <dataSet> -> aurora.presentation.TemplateBasedView@3dda489e
2018-10-21 07:41:55.805 [aurora.presentation.buildsession] [CONFIG] building view: <screenBody> -> aurora.presentation.component.std.ScreenBody@5fc49f15
2018-10-21 07:41:55.806 [aurora.presentation.buildsession] [CONFIG] building view: <screenTopToolbar> -> aurora.presentation.component.std.ScreenTopToolbar@44de14c5
2018-10-21 07:41:55.806 [aurora.presentation.buildsession] [CONFIG] building view: <screenTitle> -> aurora.presentation.component.std.ScreenTitle@7b014643
2018-10-21 07:41:55.811 [uncertain.proc] [CONFIG] [action] DecideSqlGenerationMode
2018-10-21 07:41:55.811 [uncertain.proc] [FINE] aurora.database.service.BusinessModelService.onDecideSqlGenerationMode
2018-10-21 07:41:55.811 [uncertain.proc] [CONFIG] [action] CreatequeryStatement
2018-10-21 07:41:55.811 [uncertain.proc] [FINE] aurora.bm.QuerySqlCreator.onCreateQueryStatement
2018-10-21 07:41:55.811 [uncertain.proc] [CONFIG] [action] PopulatequeryStatement
2018-10-21 07:41:55.811 [uncertain.proc] [FINE] aurora.database.features.OrderByClauseCreator.onPopulateQueryStatement
2018-10-21 07:41:55.811 [uncertain.proc] [FINE] aurora.database.features.WhereClauseCreator.onPopulateQueryStatement
2018-10-21 07:41:55.811 [uncertain.proc] [CONFIG] [action] CreatequerySql
2018-10-21 07:41:55.811 [uncertain.proc] [FINE] aurora.bm.QuerySqlCreator.onCreateQuerySql
2018-10-21 07:41:55.811 [uncertain.proc] [CONFIG] [action] ExecuteQuery
2018-10-21 07:41:55.811 [uncertain.proc] [FINE] aurora.bm.QuerySqlCreator.onExecuteQuery
2018-10-21 07:41:55.812 [uncertain.proc] [CONFIG] [action] QueryFinish
2018-10-21 07:41:55.812 [uncertain.proc] [FINE] aurora.database.features.AutoQueryCounter.onQueryFinish
2018-10-21 07:41:55.812 [uncertain.proc] [CONFIG] [action] FetchResultSet
2018-10-21 07:41:55.812 [uncertain.proc] [FINE] aurora.database.features.CacheBasedLookUpField.postFetchResultSet
2018-10-21 07:41:55.812 [aurora.database] [CONFIG] 
============= BEGIN [query] SQL Statement execution dump ============
SELECT f.service_id,f.service_name,f.is_entry_page,f.is_access_checked,f.is_login_required,f.is_system_access,? AS language,(select d.description_text from fnd_descriptions d where d.description_id = f.title_id and d.language = ?) AS title,f.title_id,f.weixin_flag
FROM sys_service f
WHERE f.service_name = ?
ORDER BY service_name
---------------------Binding info---------------------
No.1	Access path:/session/@lang	Data type of passed value :java.lang.String	Value:ZHS	Output:false	Database Type:null	
No.2	Access path:/session/@lang	Data type of passed value :java.lang.String	Value:ZHS	Output:false	Database Type:null	
No.3	Access path:@service_name	Data type of passed value :java.lang.String	Value:modules/fnd/FND2020/fnd_company_create.screen	Output:false	Database Type:null	

=============== END [query] SQL Statement execution dump ============

2018-10-21 07:41:55.812 [aurora.presentation.buildsession] [CONFIG] building view: <toolbarButton> -> aurora.presentation.TemplateBasedView@3dda489e
2018-10-21 07:41:55.813 [aurora.presentation.buildsession] [CONFIG] building view: <toolbarButton> -> aurora.presentation.TemplateBasedView@3dda489e
2018-10-21 07:41:55.813 [aurora.presentation.buildsession] [CONFIG] building view: <fieldSet> -> aurora.presentation.component.std.FieldSet@59ee2db0
2018-10-21 07:41:55.813 [aurora.presentation.buildsession] [CONFIG] building view: <hBox> -> aurora.presentation.component.std.HBox@452208a3
2018-10-21 07:41:55.813 [aurora.presentation.buildsession] [CONFIG] building view: <textField> -> aurora.presentation.TemplateBasedView@3dda489e
2018-10-21 07:41:55.813 [aurora.presentation.buildsession] [CONFIG] building view: <textField> -> aurora.presentation.TemplateBasedView@3dda489e
2018-10-21 07:41:55.813 [aurora.presentation.buildsession] [CONFIG] building view: <hBox> -> aurora.presentation.component.std.HBox@3537314f
2018-10-21 07:41:55.814 [aurora.presentation.buildsession] [CONFIG] building view: <textField> -> aurora.presentation.TemplateBasedView@3dda489e
2018-10-21 07:41:55.814 [aurora.presentation.buildsession] [CONFIG] building view: <hBox> -> aurora.presentation.component.std.HBox@179811de
2018-10-21 07:41:55.814 [aurora.presentation.buildsession] [CONFIG] building view: <comboBox> -> aurora.presentation.TemplateBasedView@3dda489e
2018-10-21 07:41:55.814 [aurora.presentation.buildsession] [CONFIG] building view: <comboBox> -> aurora.presentation.TemplateBasedView@3dda489e
2018-10-21 07:41:55.814 [aurora.presentation.buildsession] [CONFIG] building view: <hBox> -> aurora.presentation.component.std.HBox@3f333d30
2018-10-21 07:41:55.814 [aurora.presentation.buildsession] [CONFIG] building view: <comboBox> -> aurora.presentation.TemplateBasedView@3dda489e
2018-10-21 07:41:55.815 [aurora.presentation.buildsession] [CONFIG] building view: <comboBox> -> aurora.presentation.TemplateBasedView@3dda489e
2018-10-21 07:41:55.815 [aurora.presentation.buildsession] [CONFIG] building view: <comboBox> -> aurora.presentation.TemplateBasedView@3dda489e
2018-10-21 07:41:55.815 [aurora.presentation.buildsession] [CONFIG] building view: <hBox> -> aurora.presentation.component.std.HBox@6a814d65
2018-10-21 07:41:55.815 [aurora.presentation.buildsession] [CONFIG] building view: <comboBox> -> aurora.presentation.TemplateBasedView@3dda489e
2018-10-21 07:41:55.815 [aurora.presentation.buildsession] [CONFIG] building view: <comboBox> -> aurora.presentation.TemplateBasedView@3dda489e
2018-10-21 07:41:55.816 [aurora.presentation.buildsession] [CONFIG] building view: <hBox> -> aurora.presentation.component.std.HBox@6630a433
2018-10-21 07:41:55.816 [aurora.presentation.buildsession] [CONFIG] building view: <comboBox> -> aurora.presentation.TemplateBasedView@3dda489e
2018-10-21 07:41:55.816 [aurora.presentation.buildsession] [CONFIG] building view: <comboBox> -> aurora.presentation.TemplateBasedView@3dda489e
2018-10-21 07:41:55.816 [aurora.presentation.buildsession] [CONFIG] building view: <hBox> -> aurora.presentation.component.std.HBox@31f14fca
2018-10-21 07:41:55.816 [aurora.presentation.buildsession] [CONFIG] building view: <comboBox> -> aurora.presentation.TemplateBasedView@3dda489e
2018-10-21 07:41:55.816 [aurora.presentation.buildsession] [CONFIG] building view: <comboBox> -> aurora.presentation.TemplateBasedView@3dda489e
2018-10-21 07:41:55.816 [aurora.presentation.buildsession] [CONFIG] building view: <hBox> -> aurora.presentation.component.std.HBox@178d2e79
2018-10-21 07:41:55.816 [aurora.presentation.buildsession] [CONFIG] building view: <comboBox> -> aurora.presentation.TemplateBasedView@3dda489e
2018-10-21 07:41:55.817 [aurora.presentation.buildsession] [CONFIG] building view: <hBox> -> aurora.presentation.component.std.HBox@7787b388
2018-10-21 07:41:55.817 [aurora.presentation.buildsession] [CONFIG] building view: <textField> -> aurora.presentation.TemplateBasedView@3dda489e
2018-10-21 07:41:55.817 [aurora.presentation.buildsession] [CONFIG] building view: <textField> -> aurora.presentation.TemplateBasedView@3dda489e
2018-10-21 07:41:55.817 [aurora.presentation.buildsession] [CONFIG] building view: <hBox> -> aurora.presentation.component.std.HBox@14f59077
2018-10-21 07:41:55.817 [aurora.presentation.buildsession] [CONFIG] building view: <datePicker> -> aurora.presentation.TemplateBasedView@3dda489e
2018-10-21 07:41:55.817 [aurora.presentation.buildsession] [CONFIG] building view: <datePicker> -> aurora.presentation.TemplateBasedView@3dda489e
2018-10-21 07:41:55.817 [aurora.presentation.buildsession] [CONFIG] building view: <hBox> -> aurora.presentation.component.std.HBox@2fc1023c
2018-10-21 07:41:55.818 [aurora.presentation.buildsession] [CONFIG] building view: <textField> -> aurora.presentation.TemplateBasedView@3dda489e
2018-10-21 07:41:55.818 [aurora.presentation.buildsession] [CONFIG] building view: <script> -> aurora.presentation.DefaultViewBuilder@35f5c5a3
2018-10-21 07:41:55.818 [aurora.presentation.buildsession] [CONFIG] End build session
