2018-10-18 06:14:13.592 [aurora.application.session_check] [CONFIG] Session data copied to context
2018-10-18 06:14:13.592 [aurora.application.session_check] [CONFIG] Access check result for modules/expm/EXP2030/exp_req_items.screen => success
2018-10-18 06:14:13.592 [uncertain.proc] [CONFIG] [action] AccessCheck
2018-10-18 06:14:13.596 [uncertain.proc] [CONFIG] [action] InitService
2018-10-18 06:14:13.597 [uncertain.proc] [CONFIG] [action] ParseParameter
2018-10-18 06:14:13.597 [uncertain.proc] [CONFIG] [action] CreateModel
2018-10-18 06:14:13.597 [aurora.database] [CONFIG] ===================================== prepare to run model-query expm.EXP2030.exp_req_items_books_path==============================
2018-10-18 06:14:13.601 [uncertain.proc] [CONFIG] [action] DecideSqlGenerationMode
2018-10-18 06:14:13.601 [uncertain.proc] [FINE] aurora.database.service.BusinessModelService.onDecideSqlGenerationMode
2018-10-18 06:14:13.601 [uncertain.proc] [CONFIG] [action] CreatequeryStatement
2018-10-18 06:14:13.601 [uncertain.proc] [FINE] aurora.bm.QuerySqlCreator.onCreateQueryStatement
2018-10-18 06:14:13.601 [uncertain.proc] [CONFIG] [action] PopulatequeryStatement
2018-10-18 06:14:13.601 [uncertain.proc] [FINE] aurora.database.features.OrderByClauseCreator.onPopulateQueryStatement
2018-10-18 06:14:13.601 [uncertain.proc] [FINE] aurora.database.features.WhereClauseCreator.onPopulateQueryStatement
2018-10-18 06:14:13.601 [uncertain.proc] [CONFIG] [action] CreatequerySql
2018-10-18 06:14:13.601 [uncertain.proc] [FINE] aurora.bm.QuerySqlCreator.onCreateQuerySql
2018-10-18 06:14:13.601 [uncertain.proc] [CONFIG] [action] ExecuteQuery
2018-10-18 06:14:13.601 [uncertain.proc] [FINE] aurora.bm.QuerySqlCreator.onExecuteQuery
2018-10-18 06:14:13.602 [uncertain.proc] [CONFIG] [action] QueryFinish
2018-10-18 06:14:13.602 [uncertain.proc] [FINE] aurora.database.features.AutoQueryCounter.onQueryFinish
2018-10-18 06:14:13.602 [uncertain.proc] [CONFIG] [action] FetchResultSet
2018-10-18 06:14:13.602 [uncertain.proc] [FINE] aurora.database.features.CacheBasedLookUpField.postFetchResultSet
2018-10-18 06:14:13.602 [aurora.database] [CONFIG] 
============= BEGIN [query] SQL Statement execution dump ============
SELECT fc.SET_OF_BOOKS_ID,fc.COMPANY_ID
FROM fnd_companies fc
WHERE company_id=?
---------------------Binding info---------------------
No.1	Access path:/session/@company_id	Data type of passed value :java.lang.Integer	Value:2555	Output:false	Database Type:null	

=============== END [query] SQL Statement execution dump ============

2018-10-18 06:14:13.602 [aurora.database] [CONFIG] ===================================== prepare to run model-query expm.EXP2030.exp_req_items_bgt_org_paths==============================
2018-10-18 06:14:13.619 [uncertain.proc] [CONFIG] [action] DecideSqlGenerationMode
2018-10-18 06:14:13.620 [uncertain.proc] [FINE] aurora.database.service.BusinessModelService.onDecideSqlGenerationMode
2018-10-18 06:14:13.620 [uncertain.proc] [CONFIG] [action] CreateOperationSql
2018-10-18 06:14:13.620 [uncertain.proc] [CONFIG] [action] PopulateOperationSql
2018-10-18 06:14:13.620 [uncertain.proc] [FINE] aurora.database.features.OrderByClauseCreator.onPopulateOperationSql
2018-10-18 06:14:13.620 [uncertain.proc] [FINE] aurora.database.features.WhereClauseCreator.onPopulateOperationSql
2018-10-18 06:14:13.620 [uncertain.proc] [CONFIG] [action] ExecuteQuery
2018-10-18 06:14:13.620 [uncertain.proc] [FINE] aurora.bm.QuerySqlCreator.onExecuteQuery
2018-10-18 06:14:13.620 [uncertain.proc] [CONFIG] [action] QueryFinish
2018-10-18 06:14:13.620 [uncertain.proc] [FINE] aurora.database.features.AutoQueryCounter.onQueryFinish
2018-10-18 06:14:13.620 [uncertain.proc] [CONFIG] [action] FetchResultSet
2018-10-18 06:14:13.620 [uncertain.proc] [FINE] aurora.database.features.CacheBasedLookUpField.postFetchResultSet
2018-10-18 06:14:13.620 [aurora.database] [CONFIG] 
============= BEGIN [query] SQL Statement execution dump ============

            	select b.bgt_org_id, f.set_of_books_id
				  from fnd_companies f, bgt_organizations b
				 where f.set_of_books_id = b.set_of_books_id
				   and f.company_id = ?
		
---------------------Binding info---------------------
No.1	Access path:/session/@company_id	Data type of passed value :java.lang.Integer	Value:2555	Output:false	Database Type:null	

=============== END [query] SQL Statement execution dump ============

2018-10-18 06:14:13.621 [uncertain.proc] [CONFIG] [action] CreateView
2018-10-18 06:14:13.621 [uncertain.proc] [CONFIG] [action] BuildOutputContent
2018-10-18 06:14:13.621 [aurora.presentation.buildsession] [CONFIG] Start build session
2018-10-18 06:14:13.621 [aurora.presentation.buildsession] [CONFIG] building view: <html-page> -> aurora.presentation.component.HtmlPage@198a8473
2018-10-18 06:14:13.621 [aurora.presentation.buildsession] [CONFIG] building view: <link> -> aurora.presentation.TemplateBasedView@3dda489e
2018-10-18 06:14:13.621 [aurora.presentation.buildsession] [CONFIG] building view: <link> -> aurora.presentation.TemplateBasedView@3dda489e
2018-10-18 06:14:13.621 [aurora.presentation.buildsession] [CONFIG] building view: <link> -> aurora.presentation.TemplateBasedView@3dda489e
2018-10-18 06:14:13.621 [aurora.presentation.buildsession] [CONFIG] building view: <div> -> aurora.presentation.DefaultViewBuilder@35f5c5a3
2018-10-18 06:14:13.622 [aurora.presentation.buildsession] [CONFIG] building view: <script> -> aurora.presentation.DefaultViewBuilder@35f5c5a3
2018-10-18 06:14:13.622 [aurora.presentation.buildsession] [CONFIG] building view: <dataSets> -> aurora.application.features.DataSetInit@71032578
2018-10-18 06:14:13.622 [aurora.presentation.buildsession] [CONFIG] building view: <dataSet> -> aurora.presentation.TemplateBasedView@3dda489e
2018-10-18 06:14:13.622 [aurora.presentation.buildsession] [CONFIG] building view: <dataSet> -> aurora.presentation.TemplateBasedView@3dda489e
2018-10-18 06:14:13.622 [aurora.presentation.buildsession] [CONFIG] building view: <dataSet> -> aurora.presentation.TemplateBasedView@3dda489e
2018-10-18 06:14:13.623 [aurora.presentation.buildsession] [CONFIG] building view: <dataSet> -> aurora.presentation.TemplateBasedView@3dda489e
2018-10-18 06:14:13.626 [aurora.presentation.buildsession] [CONFIG] building view: <screenBody> -> aurora.presentation.component.std.ScreenBody@38f520b3
2018-10-18 06:14:13.626 [aurora.presentation.buildsession] [CONFIG] building view: <screenTopToolbar> -> aurora.presentation.component.std.ScreenTopToolbar@7653c65a
2018-10-18 06:14:13.626 [aurora.presentation.buildsession] [CONFIG] building view: <screenTitle> -> aurora.presentation.component.std.ScreenTitle@3b376dff
2018-10-18 06:14:13.630 [uncertain.proc] [CONFIG] [action] DecideSqlGenerationMode
2018-10-18 06:14:13.630 [uncertain.proc] [FINE] aurora.database.service.BusinessModelService.onDecideSqlGenerationMode
2018-10-18 06:14:13.630 [uncertain.proc] [CONFIG] [action] CreatequeryStatement
2018-10-18 06:14:13.630 [uncertain.proc] [FINE] aurora.bm.QuerySqlCreator.onCreateQueryStatement
2018-10-18 06:14:13.630 [uncertain.proc] [CONFIG] [action] PopulatequeryStatement
2018-10-18 06:14:13.630 [uncertain.proc] [FINE] aurora.database.features.OrderByClauseCreator.onPopulateQueryStatement
2018-10-18 06:14:13.630 [uncertain.proc] [FINE] aurora.database.features.WhereClauseCreator.onPopulateQueryStatement
2018-10-18 06:14:13.630 [uncertain.proc] [CONFIG] [action] CreatequerySql
2018-10-18 06:14:13.630 [uncertain.proc] [FINE] aurora.bm.QuerySqlCreator.onCreateQuerySql
2018-10-18 06:14:13.630 [uncertain.proc] [CONFIG] [action] ExecuteQuery
2018-10-18 06:14:13.630 [uncertain.proc] [FINE] aurora.bm.QuerySqlCreator.onExecuteQuery
2018-10-18 06:14:13.631 [uncertain.proc] [CONFIG] [action] QueryFinish
2018-10-18 06:14:13.631 [uncertain.proc] [FINE] aurora.database.features.AutoQueryCounter.onQueryFinish
2018-10-18 06:14:13.631 [uncertain.proc] [CONFIG] [action] FetchResultSet
2018-10-18 06:14:13.631 [uncertain.proc] [FINE] aurora.database.features.CacheBasedLookUpField.postFetchResultSet
2018-10-18 06:14:13.631 [aurora.database] [CONFIG] 
============= BEGIN [query] SQL Statement execution dump ============
SELECT f.service_id,f.service_name,f.is_entry_page,f.is_access_checked,f.is_login_required,f.is_system_access,? AS language,(select d.description_text from fnd_descriptions d where d.description_id = f.title_id and d.language = ?) AS title,f.title_id,f.weixin_flag
FROM sys_service f
WHERE f.service_name = ?
ORDER BY service_name
---------------------Binding info---------------------
No.1	Access path:/session/@lang	Data type of passed value :java.lang.String	Value:ZHS	Output:false	Database Type:null	
No.2	Access path:/session/@lang	Data type of passed value :java.lang.String	Value:ZHS	Output:false	Database Type:null	
No.3	Access path:@service_name	Data type of passed value :java.lang.String	Value:modules/expm/EXP2030/exp_req_items.screen	Output:false	Database Type:null	

=============== END [query] SQL Statement execution dump ============

2018-10-18 06:14:13.631 [aurora.presentation.buildsession] [CONFIG] building view: <toolbarButton> -> aurora.presentation.TemplateBasedView@3dda489e
2018-10-18 06:14:13.631 [aurora.presentation.buildsession] [CONFIG] building view: <toolbarButton> -> aurora.presentation.TemplateBasedView@3dda489e
2018-10-18 06:14:13.631 [aurora.presentation.buildsession] [CONFIG] building view: <toolbarButton> -> aurora.presentation.TemplateBasedView@3dda489e
2018-10-18 06:14:13.632 [aurora.presentation.buildsession] [CONFIG] building view: <gridButton> -> aurora.presentation.TemplateBasedView@3dda489e
2018-10-18 06:14:13.632 [aurora.presentation.buildsession] [CONFIG] building view: <gridButton> -> aurora.presentation.TemplateBasedView@3dda489e
2018-10-18 06:14:13.632 [aurora.presentation.buildsession] [CONFIG] building view: <gridButton> -> aurora.presentation.TemplateBasedView@3dda489e
2018-10-18 06:14:13.632 [aurora.presentation.buildsession] [CONFIG] building view: <queryForm> -> aurora.presentation.component.std.QueryForm@629de254
2018-10-18 06:14:13.632 [aurora.presentation.buildsession] [CONFIG] building view: <hBox> -> aurora.presentation.component.std.HBox@48e36226
2018-10-18 06:14:13.632 [aurora.presentation.buildsession] [CONFIG] building view: <textField> -> aurora.presentation.TemplateBasedView@3dda489e
2018-10-18 06:14:13.633 [aurora.presentation.buildsession] [CONFIG] building view: <textField> -> aurora.presentation.TemplateBasedView@3dda489e
2018-10-18 06:14:13.633 [aurora.presentation.buildsession] [CONFIG] building view: <toolbarButton> -> aurora.presentation.TemplateBasedView@3dda489e
2018-10-18 06:14:13.633 [aurora.presentation.buildsession] [CONFIG] building view: <grid> -> aurora.presentation.TemplateBasedView@3dda489e
2018-10-18 06:14:13.633 [aurora.presentation.buildsession] [CONFIG] building view: <navBar> -> aurora.presentation.TemplateBasedView@3dda489e
2018-10-18 06:14:13.634 [aurora.presentation.buildsession] [CONFIG] building view: <button> -> aurora.presentation.TemplateBasedView@3dda489e
2018-10-18 06:14:13.635 [aurora.presentation.buildsession] [CONFIG] building view: <button> -> aurora.presentation.TemplateBasedView@3dda489e
2018-10-18 06:14:13.635 [aurora.presentation.buildsession] [CONFIG] building view: <separator> -> aurora.presentation.TemplateBasedView@3dda489e
2018-10-18 06:14:13.635 [aurora.presentation.buildsession] [CONFIG] building view: <div> -> aurora.presentation.DefaultViewBuilder@35f5c5a3
2018-10-18 06:14:13.635 [aurora.presentation.buildsession] [CONFIG] building view: <numberField> -> aurora.presentation.TemplateBasedView@3dda489e
2018-10-18 06:14:13.635 [aurora.presentation.buildsession] [CONFIG] building view: <div> -> aurora.presentation.DefaultViewBuilder@35f5c5a3
2018-10-18 06:14:13.635 [aurora.presentation.buildsession] [CONFIG] building view: <separator> -> aurora.presentation.TemplateBasedView@3dda489e
2018-10-18 06:14:13.635 [aurora.presentation.buildsession] [CONFIG] building view: <button> -> aurora.presentation.TemplateBasedView@3dda489e
2018-10-18 06:14:13.635 [aurora.presentation.buildsession] [CONFIG] building view: <button> -> aurora.presentation.TemplateBasedView@3dda489e
2018-10-18 06:14:13.636 [aurora.presentation.buildsession] [CONFIG] building view: <button> -> aurora.presentation.TemplateBasedView@3dda489e
2018-10-18 06:14:13.636 [aurora.presentation.buildsession] [CONFIG] building view: <separator> -> aurora.presentation.TemplateBasedView@3dda489e
2018-10-18 06:14:13.636 [aurora.presentation.buildsession] [CONFIG] building view: <div> -> aurora.presentation.DefaultViewBuilder@35f5c5a3
2018-10-18 06:14:13.636 [aurora.presentation.buildsession] [CONFIG] building view: <comboBox> -> aurora.presentation.TemplateBasedView@3dda489e
2018-10-18 06:14:13.636 [aurora.presentation.buildsession] [CONFIG] building view: <div> -> aurora.presentation.DefaultViewBuilder@35f5c5a3
2018-10-18 06:14:13.636 [aurora.presentation.buildsession] [CONFIG] building view: <separator> -> aurora.presentation.TemplateBasedView@3dda489e
2018-10-18 06:14:13.636 [aurora.presentation.buildsession] [CONFIG] building view: <div> -> aurora.presentation.DefaultViewBuilder@35f5c5a3
2018-10-18 06:14:13.637 [aurora.presentation.buildsession] [CONFIG] building view: <textField> -> aurora.presentation.TemplateBasedView@3dda489e
2018-10-18 06:14:13.637 [aurora.presentation.buildsession] [CONFIG] building view: <textField> -> aurora.presentation.TemplateBasedView@3dda489e
2018-10-18 06:14:13.637 [aurora.presentation.buildsession] [CONFIG] building view: <lov> -> aurora.presentation.TemplateBasedView@3dda489e
2018-10-18 06:14:13.637 [aurora.presentation.buildsession] [CONFIG] building view: <checkBox> -> aurora.presentation.TemplateBasedView@3dda489e
2018-10-18 06:14:13.638 [aurora.presentation.buildsession] [CONFIG] building view: <checkBox> -> aurora.presentation.TemplateBasedView@3dda489e
2018-10-18 06:14:13.638 [aurora.presentation.buildsession] [CONFIG] building view: <checkBox> -> aurora.presentation.TemplateBasedView@3dda489e
2018-10-18 06:14:13.638 [aurora.presentation.buildsession] [CONFIG] building view: <checkBox> -> aurora.presentation.TemplateBasedView@3dda489e
2018-10-18 06:14:13.638 [aurora.presentation.buildsession] [CONFIG] End build session
