2018-09-30 07:06:37.197 [aurora.application.session_check] [CONFIG] Session data copied to context
2018-09-30 07:06:37.197 [aurora.application.session_check] [CONFIG] Access check result for modules/bgt/BGT1030/bgt_company_versions.screen => success
2018-09-30 07:06:37.197 [uncertain.proc] [CONFIG] [action] AccessCheck
2018-09-30 07:06:37.211 [uncertain.proc] [CONFIG] [action] InitService
2018-09-30 07:06:37.211 [uncertain.proc] [CONFIG] [action] ParseParameter
2018-09-30 07:06:37.211 [uncertain.proc] [CONFIG] [action] CreateModel
2018-09-30 07:06:37.211 [aurora.database] [CONFIG] ===================================== prepare to run model-query sys.sys_service_lookup_v==============================
2018-09-30 07:06:37.216 [uncertain.proc] [CONFIG] [action] DecideSqlGenerationMode
2018-09-30 07:06:37.216 [uncertain.proc] [FINE] aurora.database.service.BusinessModelService.onDecideSqlGenerationMode
2018-09-30 07:06:37.216 [uncertain.proc] [CONFIG] [action] CreatequeryStatement
2018-09-30 07:06:37.216 [uncertain.proc] [FINE] aurora.bm.QuerySqlCreator.onCreateQueryStatement
2018-09-30 07:06:37.216 [uncertain.proc] [CONFIG] [action] PopulatequeryStatement
2018-09-30 07:06:37.216 [uncertain.proc] [FINE] aurora.database.features.OrderByClauseCreator.onPopulateQueryStatement
2018-09-30 07:06:37.216 [uncertain.proc] [FINE] aurora.database.features.WhereClauseCreator.onPopulateQueryStatement
2018-09-30 07:06:37.216 [uncertain.proc] [CONFIG] [action] CreatequerySql
2018-09-30 07:06:37.216 [uncertain.proc] [FINE] aurora.bm.QuerySqlCreator.onCreateQuerySql
2018-09-30 07:06:37.216 [uncertain.proc] [CONFIG] [action] ExecuteQuery
2018-09-30 07:06:37.216 [uncertain.proc] [FINE] aurora.bm.QuerySqlCreator.onExecuteQuery
2018-09-30 07:06:37.233 [uncertain.proc] [CONFIG] [action] QueryFinish
2018-09-30 07:06:37.234 [uncertain.proc] [FINE] aurora.database.features.AutoQueryCounter.onQueryFinish
2018-09-30 07:06:37.234 [uncertain.proc] [CONFIG] [action] FetchResultSet
2018-09-30 07:06:37.234 [uncertain.proc] [FINE] aurora.database.features.CacheBasedLookUpField.postFetchResultSet
2018-09-30 07:06:37.234 [aurora.database] [CONFIG] 
============= BEGIN [query] SQL Statement execution dump ============
SELECT t1.code,t1.code_value,t1.code_value_name,t1.code_value_id,t1.language
FROM sys_service_lookup_v t1
WHERE t1.enabled_flag = 'Y' AND code='BUDGET_VERSION_STATUS' and language=? 
---------------------Binding info---------------------
No.1	Access path:/session/@lang	Data type of passed value :java.lang.String	Value:ZHS	Output:false	Database Type:null	

=============== END [query] SQL Statement execution dump ============

2018-09-30 07:06:37.234 [aurora.database] [CONFIG] ===================================== prepare to run model-query bgt.BGT1030.bgt_versions_company==============================
2018-09-30 07:06:37.240 [uncertain.proc] [CONFIG] [action] DecideSqlGenerationMode
2018-09-30 07:06:37.240 [uncertain.proc] [FINE] aurora.database.service.BusinessModelService.onDecideSqlGenerationMode
2018-09-30 07:06:37.240 [uncertain.proc] [CONFIG] [action] CreatequeryStatement
2018-09-30 07:06:37.240 [uncertain.proc] [FINE] aurora.bm.QuerySqlCreator.onCreateQueryStatement
2018-09-30 07:06:37.240 [uncertain.proc] [CONFIG] [action] PopulatequeryStatement
2018-09-30 07:06:37.240 [uncertain.proc] [FINE] aurora.database.features.OrderByClauseCreator.onPopulateQueryStatement
2018-09-30 07:06:37.240 [uncertain.proc] [FINE] aurora.database.features.WhereClauseCreator.onPopulateQueryStatement
2018-09-30 07:06:37.240 [uncertain.proc] [CONFIG] [action] CreatequerySql
2018-09-30 07:06:37.240 [uncertain.proc] [FINE] aurora.bm.QuerySqlCreator.onCreateQuerySql
2018-09-30 07:06:37.240 [uncertain.proc] [CONFIG] [action] ExecuteQuery
2018-09-30 07:06:37.240 [uncertain.proc] [FINE] aurora.bm.QuerySqlCreator.onExecuteQuery
2018-09-30 07:06:37.244 [uncertain.proc] [CONFIG] [action] QueryFinish
2018-09-30 07:06:37.244 [uncertain.proc] [FINE] aurora.database.features.AutoQueryCounter.onQueryFinish
2018-09-30 07:06:37.244 [uncertain.proc] [CONFIG] [action] FetchResultSet
2018-09-30 07:06:37.244 [uncertain.proc] [FINE] aurora.database.features.CacheBasedLookUpField.postFetchResultSet
2018-09-30 07:06:37.244 [aurora.database] [CONFIG] 
============= BEGIN [query] SQL Statement execution dump ============
SELECT t1.BUDGET_ORG_ID,t1.VERSION_ID,t1.VERSION_CODE,t1.description_id,(select DESCRIPTION_TEXT from fnd_descriptions where DESCRIPTION_ID=t1.description_id and Language=?) AS description,t1.VERSION_DATE,t1.NOTES,t1.ENABLED_FLAG,t1.STATUS
FROM BGT_VERSIONS t1
WHERE version_id=?
---------------------Binding info---------------------
No.1	Access path:/session/@lang	Data type of passed value :java.lang.String	Value:ZHS	Output:false	Database Type:null	
No.2	Access path:/parameter/@version_id	Data type of passed value :java.lang.String	Value:1	Output:false	Database Type:null	

=============== END [query] SQL Statement execution dump ============

2018-09-30 07:06:37.244 [uncertain.proc] [CONFIG] [action] CreateView
2018-09-30 07:06:37.244 [uncertain.proc] [CONFIG] [action] BuildOutputContent
2018-09-30 07:06:37.244 [aurora.presentation.buildsession] [CONFIG] Start build session
2018-09-30 07:06:37.244 [aurora.presentation.buildsession] [CONFIG] building view: <html-page> -> aurora.presentation.component.HtmlPage@5933f583
2018-09-30 07:06:37.245 [aurora.presentation.buildsession] [CONFIG] building view: <link> -> aurora.presentation.TemplateBasedView@314dc5c8
2018-09-30 07:06:37.245 [aurora.presentation.buildsession] [CONFIG] building view: <script> -> aurora.presentation.DefaultViewBuilder@59d097e
2018-09-30 07:06:37.245 [aurora.presentation.buildsession] [CONFIG] building view: <dataSets> -> aurora.application.features.DataSetInit@5720db5a
2018-09-30 07:06:37.245 [aurora.presentation.buildsession] [CONFIG] building view: <dataSet> -> aurora.presentation.TemplateBasedView@314dc5c8
2018-09-30 07:06:37.245 [aurora.presentation.buildsession] [CONFIG] building view: <dataSet> -> aurora.presentation.TemplateBasedView@314dc5c8
2018-09-30 07:06:37.248 [aurora.presentation.buildsession] [CONFIG] building view: <dataSet> -> aurora.presentation.TemplateBasedView@314dc5c8
2018-09-30 07:06:37.291 [aurora.presentation.buildsession] [CONFIG] building view: <screenBody> -> aurora.presentation.component.std.ScreenBody@22cbe00c
2018-09-30 07:06:37.291 [aurora.presentation.buildsession] [CONFIG] building view: <form> -> aurora.presentation.component.std.Form@1d68eea2
2018-09-30 07:06:37.291 [aurora.presentation.buildsession] [CONFIG] building view: <textField> -> aurora.presentation.TemplateBasedView@314dc5c8
2018-09-30 07:06:37.291 [aurora.presentation.buildsession] [CONFIG] building view: <textField> -> aurora.presentation.TemplateBasedView@314dc5c8
2018-09-30 07:06:37.292 [aurora.presentation.buildsession] [CONFIG] building view: <hBox> -> aurora.presentation.component.std.HBox@5bb19f61
2018-09-30 07:06:37.292 [aurora.presentation.buildsession] [CONFIG] building view: <button> -> aurora.presentation.TemplateBasedView@314dc5c8
2018-09-30 07:06:37.292 [aurora.presentation.buildsession] [CONFIG] building view: <button> -> aurora.presentation.TemplateBasedView@314dc5c8
2018-09-30 07:06:37.292 [aurora.presentation.buildsession] [CONFIG] building view: <grid> -> aurora.presentation.TemplateBasedView@314dc5c8
2018-09-30 07:06:37.292 [aurora.presentation.buildsession] [CONFIG] building view: <toolBar> -> aurora.presentation.TemplateBasedView@314dc5c8
2018-09-30 07:06:37.293 [aurora.presentation.buildsession] [CONFIG] building view: <button> -> aurora.presentation.TemplateBasedView@314dc5c8
2018-09-30 07:06:37.293 [aurora.presentation.buildsession] [CONFIG] building view: <button> -> aurora.presentation.TemplateBasedView@314dc5c8
2018-09-30 07:06:37.293 [aurora.presentation.buildsession] [CONFIG] building view: <button> -> aurora.presentation.TemplateBasedView@314dc5c8
2018-09-30 07:06:37.294 [aurora.presentation.buildsession] [CONFIG] building view: <navBar> -> aurora.presentation.TemplateBasedView@314dc5c8
2018-09-30 07:06:37.295 [aurora.presentation.buildsession] [CONFIG] building view: <button> -> aurora.presentation.TemplateBasedView@314dc5c8
2018-09-30 07:06:37.295 [aurora.presentation.buildsession] [CONFIG] building view: <button> -> aurora.presentation.TemplateBasedView@314dc5c8
2018-09-30 07:06:37.296 [aurora.presentation.buildsession] [CONFIG] building view: <separator> -> aurora.presentation.TemplateBasedView@314dc5c8
2018-09-30 07:06:37.296 [aurora.presentation.buildsession] [CONFIG] building view: <div> -> aurora.presentation.DefaultViewBuilder@59d097e
2018-09-30 07:06:37.296 [aurora.presentation.buildsession] [CONFIG] building view: <numberField> -> aurora.presentation.TemplateBasedView@314dc5c8
2018-09-30 07:06:37.296 [aurora.presentation.buildsession] [CONFIG] building view: <div> -> aurora.presentation.DefaultViewBuilder@59d097e
2018-09-30 07:06:37.296 [aurora.presentation.buildsession] [CONFIG] building view: <separator> -> aurora.presentation.TemplateBasedView@314dc5c8
2018-09-30 07:06:37.296 [aurora.presentation.buildsession] [CONFIG] building view: <button> -> aurora.presentation.TemplateBasedView@314dc5c8
2018-09-30 07:06:37.296 [aurora.presentation.buildsession] [CONFIG] building view: <button> -> aurora.presentation.TemplateBasedView@314dc5c8
2018-09-30 07:06:37.297 [aurora.presentation.buildsession] [CONFIG] building view: <button> -> aurora.presentation.TemplateBasedView@314dc5c8
2018-09-30 07:06:37.297 [aurora.presentation.buildsession] [CONFIG] building view: <separator> -> aurora.presentation.TemplateBasedView@314dc5c8
2018-09-30 07:06:37.297 [aurora.presentation.buildsession] [CONFIG] building view: <div> -> aurora.presentation.DefaultViewBuilder@59d097e
2018-09-30 07:06:37.297 [aurora.presentation.buildsession] [CONFIG] building view: <comboBox> -> aurora.presentation.TemplateBasedView@314dc5c8
2018-09-30 07:06:37.297 [aurora.presentation.buildsession] [CONFIG] building view: <div> -> aurora.presentation.DefaultViewBuilder@59d097e
2018-09-30 07:06:37.297 [aurora.presentation.buildsession] [CONFIG] building view: <separator> -> aurora.presentation.TemplateBasedView@314dc5c8
2018-09-30 07:06:37.297 [aurora.presentation.buildsession] [CONFIG] building view: <div> -> aurora.presentation.DefaultViewBuilder@59d097e
2018-09-30 07:06:37.298 [aurora.presentation.buildsession] [CONFIG] building view: <textField> -> aurora.presentation.TemplateBasedView@314dc5c8
2018-09-30 07:06:37.298 [aurora.presentation.buildsession] [CONFIG] building view: <textField> -> aurora.presentation.TemplateBasedView@314dc5c8
2018-09-30 07:06:37.298 [aurora.presentation.buildsession] [CONFIG] building view: <checkBox> -> aurora.presentation.TemplateBasedView@314dc5c8
2018-09-30 07:06:37.298 [aurora.presentation.buildsession] [CONFIG] building view: <lov> -> aurora.presentation.TemplateBasedView@314dc5c8
2018-09-30 07:06:37.299 [aurora.presentation.buildsession] [CONFIG] building view: <script> -> aurora.presentation.DefaultViewBuilder@59d097e
2018-09-30 07:06:37.299 [aurora.presentation.buildsession] [CONFIG] End build session
