2018-09-30 07:06:33.939 [aurora.application.session_check] [CONFIG] Session data copied to context
2018-09-30 07:06:33.940 [aurora.application.session_check] [CONFIG] Access check result for modules/bgt/BGT1030/bgt_versions.screen => success
2018-09-30 07:06:33.940 [uncertain.proc] [CONFIG] [action] AccessCheck
2018-09-30 07:06:33.979 [uncertain.proc] [CONFIG] [action] InitService
2018-09-30 07:06:33.979 [uncertain.proc] [CONFIG] [action] ParseParameter
2018-09-30 07:06:33.979 [uncertain.proc] [CONFIG] [action] CreateModel
2018-09-30 07:06:33.979 [aurora.database] [CONFIG] ===================================== prepare to run model-query sys.sys_service_lookup_v==============================
2018-09-30 07:06:33.984 [uncertain.proc] [CONFIG] [action] DecideSqlGenerationMode
2018-09-30 07:06:33.984 [uncertain.proc] [FINE] aurora.database.service.BusinessModelService.onDecideSqlGenerationMode
2018-09-30 07:06:33.984 [uncertain.proc] [CONFIG] [action] CreatequeryStatement
2018-09-30 07:06:33.985 [uncertain.proc] [FINE] aurora.bm.QuerySqlCreator.onCreateQueryStatement
2018-09-30 07:06:33.985 [uncertain.proc] [CONFIG] [action] PopulatequeryStatement
2018-09-30 07:06:33.985 [uncertain.proc] [FINE] aurora.database.features.OrderByClauseCreator.onPopulateQueryStatement
2018-09-30 07:06:33.985 [uncertain.proc] [FINE] aurora.database.features.WhereClauseCreator.onPopulateQueryStatement
2018-09-30 07:06:33.985 [uncertain.proc] [CONFIG] [action] CreatequerySql
2018-09-30 07:06:33.985 [uncertain.proc] [FINE] aurora.bm.QuerySqlCreator.onCreateQuerySql
2018-09-30 07:06:33.985 [uncertain.proc] [CONFIG] [action] ExecuteQuery
2018-09-30 07:06:33.985 [uncertain.proc] [FINE] aurora.bm.QuerySqlCreator.onExecuteQuery
2018-09-30 07:06:33.991 [uncertain.proc] [CONFIG] [action] QueryFinish
2018-09-30 07:06:33.991 [uncertain.proc] [FINE] aurora.database.features.AutoQueryCounter.onQueryFinish
2018-09-30 07:06:33.991 [uncertain.proc] [CONFIG] [action] FetchResultSet
2018-09-30 07:06:33.991 [uncertain.proc] [FINE] aurora.database.features.CacheBasedLookUpField.postFetchResultSet
2018-09-30 07:06:33.991 [aurora.database] [CONFIG] 
============= BEGIN [query] SQL Statement execution dump ============
SELECT t1.code,t1.code_value,t1.code_value_name,t1.code_value_id,t1.language
FROM sys_service_lookup_v t1
WHERE t1.enabled_flag = 'Y' AND  code_value in ('NEW','REJECTED','WITHDRAWAL') and language=?        and code='BGT_BUDGET_STATUS' 
---------------------Binding info---------------------
No.1	Access path:/session/@lang	Data type of passed value :java.lang.String	Value:ZHS	Output:false	Database Type:null	

=============== END [query] SQL Statement execution dump ============

2018-09-30 07:06:33.991 [aurora.database] [CONFIG] ===================================== prepare to run model-query bgt.BGT1030.bgt_versions_bgt_org_id_get==============================
2018-09-30 07:06:33.994 [uncertain.proc] [CONFIG] [action] DecideSqlGenerationMode
2018-09-30 07:06:33.994 [uncertain.proc] [FINE] aurora.database.service.BusinessModelService.onDecideSqlGenerationMode
2018-09-30 07:06:33.994 [uncertain.proc] [CONFIG] [action] CreateOperationSql
2018-09-30 07:06:33.994 [uncertain.proc] [CONFIG] [action] PopulateOperationSql
2018-09-30 07:06:33.994 [uncertain.proc] [FINE] aurora.database.features.OrderByClauseCreator.onPopulateOperationSql
2018-09-30 07:06:33.994 [uncertain.proc] [FINE] aurora.database.features.WhereClauseCreator.onPopulateOperationSql
2018-09-30 07:06:33.994 [uncertain.proc] [CONFIG] [action] ExecuteQuery
2018-09-30 07:06:33.994 [uncertain.proc] [FINE] aurora.bm.QuerySqlCreator.onExecuteQuery
2018-09-30 07:06:33.996 [uncertain.proc] [CONFIG] [action] QueryFinish
2018-09-30 07:06:33.996 [uncertain.proc] [FINE] aurora.database.features.AutoQueryCounter.onQueryFinish
2018-09-30 07:06:33.996 [uncertain.proc] [CONFIG] [action] FetchResultSet
2018-09-30 07:06:33.996 [uncertain.proc] [FINE] aurora.database.features.CacheBasedLookUpField.postFetchResultSet
2018-09-30 07:06:33.996 [aurora.database] [CONFIG] 
============= BEGIN [query] SQL Statement execution dump ============

	            select bo.bgt_org_id 
				from bgt_organizations bo,fnd_companies fc
				where bo.set_of_books_id = fc.set_of_books_id
	  				and fc.company_id = ?
  			
---------------------Binding info---------------------
No.1	Access path:/session/@company_id	Data type of passed value :java.lang.Integer	Value:2537	Output:false	Database Type:null	

=============== END [query] SQL Statement execution dump ============

2018-09-30 07:06:33.996 [uncertain.proc] [CONFIG] [action] CreateView
2018-09-30 07:06:33.996 [uncertain.proc] [CONFIG] [action] BuildOutputContent
2018-09-30 07:06:33.996 [aurora.presentation.buildsession] [CONFIG] Start build session
2018-09-30 07:06:33.996 [aurora.presentation.buildsession] [CONFIG] building view: <html-page> -> aurora.presentation.component.HtmlPage@27bd28c5
2018-09-30 07:06:33.997 [aurora.presentation.buildsession] [CONFIG] building view: <link> -> aurora.presentation.TemplateBasedView@314dc5c8
2018-09-30 07:06:33.997 [aurora.presentation.buildsession] [CONFIG] building view: <link> -> aurora.presentation.TemplateBasedView@314dc5c8
2018-09-30 07:06:33.997 [aurora.presentation.buildsession] [CONFIG] building view: <link> -> aurora.presentation.TemplateBasedView@314dc5c8
2018-09-30 07:06:33.997 [aurora.presentation.buildsession] [CONFIG] building view: <script> -> aurora.presentation.DefaultViewBuilder@59d097e
2018-09-30 07:06:33.997 [aurora.presentation.buildsession] [CONFIG] building view: <dataSets> -> aurora.application.features.DataSetInit@687df464
2018-09-30 07:06:33.997 [aurora.presentation.buildsession] [CONFIG] building view: <dataSet> -> aurora.presentation.TemplateBasedView@314dc5c8
2018-09-30 07:06:33.997 [aurora.presentation.buildsession] [CONFIG] building view: <dataSet> -> aurora.presentation.TemplateBasedView@314dc5c8
2018-09-30 07:06:33.998 [aurora.presentation.buildsession] [CONFIG] building view: <dataSet> -> aurora.presentation.TemplateBasedView@314dc5c8
2018-09-30 07:06:33.999 [aurora.presentation.buildsession] [CONFIG] building view: <screenBody> -> aurora.presentation.component.std.ScreenBody@7289eb0d
2018-09-30 07:06:33.999 [aurora.presentation.buildsession] [CONFIG] building view: <screenTopToolbar> -> aurora.presentation.component.std.ScreenTopToolbar@46093c3a
2018-09-30 07:06:33.999 [aurora.presentation.buildsession] [CONFIG] building view: <screenTitle> -> aurora.presentation.component.std.ScreenTitle@83ccf3e
2018-09-30 07:06:34.2 [uncertain.proc] [CONFIG] [action] DecideSqlGenerationMode
2018-09-30 07:06:34.3 [uncertain.proc] [FINE] aurora.database.service.BusinessModelService.onDecideSqlGenerationMode
2018-09-30 07:06:34.3 [uncertain.proc] [CONFIG] [action] CreatequeryStatement
2018-09-30 07:06:34.3 [uncertain.proc] [FINE] aurora.bm.QuerySqlCreator.onCreateQueryStatement
2018-09-30 07:06:34.3 [uncertain.proc] [CONFIG] [action] PopulatequeryStatement
2018-09-30 07:06:34.3 [uncertain.proc] [FINE] aurora.database.features.OrderByClauseCreator.onPopulateQueryStatement
2018-09-30 07:06:34.3 [uncertain.proc] [FINE] aurora.database.features.WhereClauseCreator.onPopulateQueryStatement
2018-09-30 07:06:34.3 [uncertain.proc] [CONFIG] [action] CreatequerySql
2018-09-30 07:06:34.3 [uncertain.proc] [FINE] aurora.bm.QuerySqlCreator.onCreateQuerySql
2018-09-30 07:06:34.3 [uncertain.proc] [CONFIG] [action] ExecuteQuery
2018-09-30 07:06:34.3 [uncertain.proc] [FINE] aurora.bm.QuerySqlCreator.onExecuteQuery
2018-09-30 07:06:34.3 [uncertain.proc] [CONFIG] [action] QueryFinish
2018-09-30 07:06:34.3 [uncertain.proc] [FINE] aurora.database.features.AutoQueryCounter.onQueryFinish
2018-09-30 07:06:34.3 [uncertain.proc] [CONFIG] [action] FetchResultSet
2018-09-30 07:06:34.3 [uncertain.proc] [FINE] aurora.database.features.CacheBasedLookUpField.postFetchResultSet
2018-09-30 07:06:34.4 [aurora.database] [CONFIG] 
============= BEGIN [query] SQL Statement execution dump ============
SELECT f.service_id,f.service_name,f.is_entry_page,f.is_access_checked,f.is_login_required,f.is_system_access,? AS language,(select d.description_text from fnd_descriptions d where d.description_id = f.title_id and d.language = ?) AS title,f.title_id,f.weixin_flag
FROM sys_service f
WHERE f.service_name = ?
ORDER BY service_name
---------------------Binding info---------------------
No.1	Access path:/session/@lang	Data type of passed value :java.lang.String	Value:ZHS	Output:false	Database Type:null	
No.2	Access path:/session/@lang	Data type of passed value :java.lang.String	Value:ZHS	Output:false	Database Type:null	
No.3	Access path:@service_name	Data type of passed value :java.lang.String	Value:modules/bgt/BGT1030/bgt_versions.screen	Output:false	Database Type:null	

=============== END [query] SQL Statement execution dump ============

2018-09-30 07:06:34.4 [aurora.presentation.buildsession] [CONFIG] building view: <toolbarButton> -> aurora.presentation.TemplateBasedView@314dc5c8
2018-09-30 07:06:34.4 [aurora.presentation.buildsession] [CONFIG] building view: <gridButton> -> aurora.presentation.TemplateBasedView@314dc5c8
2018-09-30 07:06:34.4 [aurora.presentation.buildsession] [CONFIG] building view: <gridButton> -> aurora.presentation.TemplateBasedView@314dc5c8
2018-09-30 07:06:34.4 [aurora.presentation.buildsession] [CONFIG] building view: <gridButton> -> aurora.presentation.TemplateBasedView@314dc5c8
2018-09-30 07:06:34.4 [aurora.presentation.buildsession] [CONFIG] building view: <toolbarButton> -> aurora.presentation.TemplateBasedView@314dc5c8
2018-09-30 07:06:34.5 [aurora.presentation.buildsession] [CONFIG] building view: <queryForm> -> aurora.presentation.component.std.QueryForm@2ec0434c
2018-09-30 07:06:34.5 [aurora.presentation.buildsession] [CONFIG] building view: <hBox> -> aurora.presentation.component.std.HBox@7018b8cd
2018-09-30 07:06:34.5 [aurora.presentation.buildsession] [CONFIG] building view: <textField> -> aurora.presentation.TemplateBasedView@314dc5c8
2018-09-30 07:06:34.5 [aurora.presentation.buildsession] [CONFIG] building view: <textField> -> aurora.presentation.TemplateBasedView@314dc5c8
2018-09-30 07:06:34.5 [aurora.presentation.buildsession] [CONFIG] building view: <toolbarButton> -> aurora.presentation.TemplateBasedView@314dc5c8
2018-09-30 07:06:34.5 [aurora.presentation.buildsession] [CONFIG] building view: <grid> -> aurora.presentation.TemplateBasedView@314dc5c8
2018-09-30 07:06:34.5 [aurora.presentation.buildsession] [CONFIG] building view: <navBar> -> aurora.presentation.TemplateBasedView@314dc5c8
2018-09-30 07:06:34.6 [aurora.presentation.buildsession] [CONFIG] building view: <button> -> aurora.presentation.TemplateBasedView@314dc5c8
2018-09-30 07:06:34.7 [aurora.presentation.buildsession] [CONFIG] building view: <button> -> aurora.presentation.TemplateBasedView@314dc5c8
2018-09-30 07:06:34.7 [aurora.presentation.buildsession] [CONFIG] building view: <separator> -> aurora.presentation.TemplateBasedView@314dc5c8
2018-09-30 07:06:34.7 [aurora.presentation.buildsession] [CONFIG] building view: <div> -> aurora.presentation.DefaultViewBuilder@59d097e
2018-09-30 07:06:34.7 [aurora.presentation.buildsession] [CONFIG] building view: <numberField> -> aurora.presentation.TemplateBasedView@314dc5c8
2018-09-30 07:06:34.7 [aurora.presentation.buildsession] [CONFIG] building view: <div> -> aurora.presentation.DefaultViewBuilder@59d097e
2018-09-30 07:06:34.7 [aurora.presentation.buildsession] [CONFIG] building view: <separator> -> aurora.presentation.TemplateBasedView@314dc5c8
2018-09-30 07:06:34.7 [aurora.presentation.buildsession] [CONFIG] building view: <button> -> aurora.presentation.TemplateBasedView@314dc5c8
2018-09-30 07:06:34.7 [aurora.presentation.buildsession] [CONFIG] building view: <button> -> aurora.presentation.TemplateBasedView@314dc5c8
2018-09-30 07:06:34.7 [aurora.presentation.buildsession] [CONFIG] building view: <button> -> aurora.presentation.TemplateBasedView@314dc5c8
2018-09-30 07:06:34.8 [aurora.presentation.buildsession] [CONFIG] building view: <separator> -> aurora.presentation.TemplateBasedView@314dc5c8
2018-09-30 07:06:34.8 [aurora.presentation.buildsession] [CONFIG] building view: <div> -> aurora.presentation.DefaultViewBuilder@59d097e
2018-09-30 07:06:34.8 [aurora.presentation.buildsession] [CONFIG] building view: <comboBox> -> aurora.presentation.TemplateBasedView@314dc5c8
2018-09-30 07:06:34.8 [aurora.presentation.buildsession] [CONFIG] building view: <div> -> aurora.presentation.DefaultViewBuilder@59d097e
2018-09-30 07:06:34.8 [aurora.presentation.buildsession] [CONFIG] building view: <separator> -> aurora.presentation.TemplateBasedView@314dc5c8
2018-09-30 07:06:34.8 [aurora.presentation.buildsession] [CONFIG] building view: <div> -> aurora.presentation.DefaultViewBuilder@59d097e
2018-09-30 07:06:34.9 [aurora.presentation.buildsession] [CONFIG] building view: <textField> -> aurora.presentation.TemplateBasedView@314dc5c8
2018-09-30 07:06:34.9 [aurora.presentation.buildsession] [CONFIG] building view: <textField> -> aurora.presentation.TemplateBasedView@314dc5c8
2018-09-30 07:06:34.9 [aurora.presentation.buildsession] [CONFIG] building view: <datePicker> -> aurora.presentation.TemplateBasedView@314dc5c8
2018-09-30 07:06:34.9 [aurora.presentation.buildsession] [CONFIG] building view: <checkBox> -> aurora.presentation.TemplateBasedView@314dc5c8
2018-09-30 07:06:34.9 [aurora.presentation.buildsession] [CONFIG] building view: <comboBox> -> aurora.presentation.TemplateBasedView@314dc5c8
2018-09-30 07:06:34.10 [aurora.presentation.buildsession] [CONFIG] End build session
