2018-10-18 05:57:20.687 [aurora.application.session_check] [CONFIG] Session data copied to context
2018-10-18 05:57:20.687 [aurora.application.session_check] [CONFIG] Access check result for modules/bgt/BGT1030/bgt_versions_company_assigned_batch_all_control.svc => success
2018-10-18 05:57:20.687 [uncertain.proc] [CONFIG] [action] AccessCheck
2018-10-18 05:57:20.693 [uncertain.proc] [CONFIG] [action] CheckServiceLock
2018-10-18 05:57:20.693 [uncertain.proc] [CONFIG] [action] ParseParameter
2018-10-18 05:57:20.693 [uncertain.proc] [CONFIG] [action] ValidateInput
2018-10-18 05:57:20.693 [uncertain.proc] [CONFIG] [action] InvokeService
2018-10-18 05:57:20.693 [aurora.database] [CONFIG] Running batch-apply with data from path /parameter, total 1 records
2018-10-18 05:57:20.693 [aurora.database] [CONFIG] Executing batch-apply on parameter No.0
2018-10-18 05:57:20.709 [uncertain.proc] [CONFIG] [action] DecideStatement
2018-10-18 05:57:20.711 [uncertain.proc] [CONFIG] [action] DecideSqlGenerationMode
2018-10-18 05:57:20.711 [uncertain.proc] [FINE] aurora.database.service.BusinessModelService.onDecideSqlGenerationMode
2018-10-18 05:57:20.711 [uncertain.proc] [CONFIG] [action] CreateOperationSql
2018-10-18 05:57:20.711 [uncertain.proc] [CONFIG] [action] PopulateOperationSql
2018-10-18 05:57:20.711 [uncertain.proc] [FINE] aurora.database.features.OrderByClauseCreator.onPopulateOperationSql
2018-10-18 05:57:20.711 [uncertain.proc] [FINE] aurora.database.features.WhereClauseCreator.onPopulateOperationSql
2018-10-18 05:57:20.711 [uncertain.proc] [CONFIG] [action] CreateSqlRunner
2018-10-18 05:57:20.711 [uncertain.proc] [FINE] aurora.database.service.BusinessModelService.onCreateSqlRunner
2018-10-18 05:57:20.712 [uncertain.proc] [CONFIG] [action] ExecuteDmlStatement
2018-10-18 05:57:20.712 [uncertain.proc] [FINE] aurora.database.service.BusinessModelService.onExecuteDmlStatement
2018-10-18 05:57:20.736 [aurora.database] [CONFIG] 
============= BEGIN [Insert] SQL Statement execution dump ============

            	declare 
            	set_of_books_id NUMBER;
            		
                begin
                	select fc.set_of_books_id
                	into set_of_books_id
                	from fnd_companies fc where fc.company_id = ?;
			         bgt_versions_pkg.batch_import_com_bgt_versions
					   (			      	   
					      ?,
					      set_of_books_id,
					      ?,	
			              'BGT1030',
			              ?
					   );
				end;
            
---------------------Binding info---------------------
No.1	Access path:/session/@company_id	Data type of passed value :java.lang.Integer	Value:2555	Output:false	Database Type:null	
No.2	Access path:@company_id	Data type of passed value :java.lang.Integer	Value:2555	Output:false	Database Type:null	
No.3	Access path:/session/@session_id	Data type of passed value :java.lang.Long	Value:55505	Output:false	Database Type:null	
No.4	Access path:/session/@user_id	Data type of passed value :java.lang.Long	Value:2242	Output:false	Database Type:null	

=============== END [Insert] SQL Statement execution dump ============

2018-10-18 05:57:20.739 [uncertain.proc] [CONFIG] [action] DecideStatement
2018-10-18 05:57:20.740 [uncertain.proc] [CONFIG] [action] DecideSqlGenerationMode
2018-10-18 05:57:20.740 [uncertain.proc] [FINE] aurora.database.service.BusinessModelService.onDecideSqlGenerationMode
2018-10-18 05:57:20.740 [uncertain.proc] [CONFIG] [action] CreateOperationSql
2018-10-18 05:57:20.740 [uncertain.proc] [CONFIG] [action] PopulateOperationSql
2018-10-18 05:57:20.740 [uncertain.proc] [FINE] aurora.database.features.OrderByClauseCreator.onPopulateOperationSql
2018-10-18 05:57:20.740 [uncertain.proc] [FINE] aurora.database.features.WhereClauseCreator.onPopulateOperationSql
2018-10-18 05:57:20.740 [uncertain.proc] [CONFIG] [action] CreateSqlRunner
2018-10-18 05:57:20.740 [uncertain.proc] [FINE] aurora.database.service.BusinessModelService.onCreateSqlRunner
2018-10-18 05:57:20.740 [uncertain.proc] [CONFIG] [action] ExecuteDmlStatement
2018-10-18 05:57:20.740 [uncertain.proc] [FINE] aurora.database.service.BusinessModelService.onExecuteDmlStatement
2018-10-18 05:57:20.742 [aurora.database] [CONFIG] 
============= BEGIN [Delete] SQL Statement execution dump ============

			    begin
			         bgt_versions_pkg.del_bgt_versions_asgn_company
					   (		      
					      ?,
					      'BGT1030'
					   );
				 end;
            
---------------------Binding info---------------------
No.1	Access path:/session/@session_id	Data type of passed value :java.lang.Long	Value:55505	Output:false	Database Type:null	

=============== END [Delete] SQL Statement execution dump ============

2018-10-18 05:57:20.742 [uncertain.proc] [CONFIG] [action] CreateSuccessResponse
