2018-10-21 07:52:42.841 [aurora.application.session_check] [CONFIG] Session data copied to context
2018-10-21 07:52:42.842 [aurora.application.session_check] [CONFIG] Access check result for modules/bgt/BGT1030/bgt_versions.screen => success
2018-10-21 07:52:42.842 [uncertain.proc] [CONFIG] [action] AccessCheck
2018-10-21 07:52:42.851 [uncertain.proc] [CONFIG] [action] InitService
2018-10-21 07:52:42.851 [uncertain.proc] [CONFIG] [action] ParseParameter
2018-10-21 07:52:42.851 [uncertain.proc] [CONFIG] [action] CreateModel
2018-10-21 07:52:42.852 [aurora.database] [CONFIG] ===================================== prepare to run model-query sys.sys_service_lookup_v==============================
2018-10-21 07:52:42.858 [uncertain.proc] [CONFIG] [action] DecideSqlGenerationMode
2018-10-21 07:52:42.858 [uncertain.proc] [FINE] aurora.database.service.BusinessModelService.onDecideSqlGenerationMode
2018-10-21 07:52:42.858 [uncertain.proc] [CONFIG] [action] CreatequeryStatement
2018-10-21 07:52:42.858 [uncertain.proc] [FINE] aurora.bm.QuerySqlCreator.onCreateQueryStatement
2018-10-21 07:52:42.858 [uncertain.proc] [CONFIG] [action] PopulatequeryStatement
2018-10-21 07:52:42.858 [uncertain.proc] [FINE] aurora.database.features.OrderByClauseCreator.onPopulateQueryStatement
2018-10-21 07:52:42.858 [uncertain.proc] [FINE] aurora.database.features.WhereClauseCreator.onPopulateQueryStatement
2018-10-21 07:52:42.858 [uncertain.proc] [CONFIG] [action] CreatequerySql
2018-10-21 07:52:42.858 [uncertain.proc] [FINE] aurora.bm.QuerySqlCreator.onCreateQuerySql
2018-10-21 07:52:42.858 [uncertain.proc] [CONFIG] [action] ExecuteQuery
2018-10-21 07:52:42.858 [uncertain.proc] [FINE] aurora.bm.QuerySqlCreator.onExecuteQuery
2018-10-21 07:52:42.859 [uncertain.proc] [CONFIG] [action] QueryFinish
2018-10-21 07:52:42.859 [uncertain.proc] [FINE] aurora.database.features.AutoQueryCounter.onQueryFinish
2018-10-21 07:52:42.859 [uncertain.proc] [CONFIG] [action] FetchResultSet
2018-10-21 07:52:42.859 [uncertain.proc] [FINE] aurora.database.features.CacheBasedLookUpField.postFetchResultSet
2018-10-21 07:52:42.859 [aurora.database] [CONFIG] 
============= BEGIN [query] SQL Statement execution dump ============
SELECT t1.code,t1.code_value,t1.code_value_name,t1.code_value_id,t1.language
FROM sys_service_lookup_v t1
WHERE t1.enabled_flag = 'Y' AND  code_value in ('NEW','REJECTED','WITHDRAWAL') and language=?        and code='BGT_BUDGET_STATUS' 
---------------------Binding info---------------------
No.1	Access path:/session/@lang	Data type of passed value :java.lang.String	Value:ZHS	Output:false	Database Type:null	

=============== END [query] SQL Statement execution dump ============

2018-10-21 07:52:42.859 [aurora.database] [CONFIG] ===================================== prepare to run model-query bgt.BGT1030.bgt_versions_bgt_org_id_get==============================
2018-10-21 07:52:42.862 [uncertain.proc] [CONFIG] [action] DecideSqlGenerationMode
2018-10-21 07:52:42.862 [uncertain.proc] [FINE] aurora.database.service.BusinessModelService.onDecideSqlGenerationMode
2018-10-21 07:52:42.862 [uncertain.proc] [CONFIG] [action] CreateOperationSql
2018-10-21 07:52:42.862 [uncertain.proc] [CONFIG] [action] PopulateOperationSql
2018-10-21 07:52:42.862 [uncertain.proc] [FINE] aurora.database.features.OrderByClauseCreator.onPopulateOperationSql
2018-10-21 07:52:42.862 [uncertain.proc] [FINE] aurora.database.features.WhereClauseCreator.onPopulateOperationSql
2018-10-21 07:52:42.862 [uncertain.proc] [CONFIG] [action] ExecuteQuery
2018-10-21 07:52:42.862 [uncertain.proc] [FINE] aurora.bm.QuerySqlCreator.onExecuteQuery
2018-10-21 07:52:42.865 [uncertain.proc] [CONFIG] [action] QueryFinish
2018-10-21 07:52:42.865 [uncertain.proc] [FINE] aurora.database.features.AutoQueryCounter.onQueryFinish
2018-10-21 07:52:42.865 [uncertain.proc] [CONFIG] [action] FetchResultSet
2018-10-21 07:52:42.865 [uncertain.proc] [FINE] aurora.database.features.CacheBasedLookUpField.postFetchResultSet
2018-10-21 07:52:42.865 [aurora.database] [CONFIG] 
============= BEGIN [query] SQL Statement execution dump ============

	            select bo.bgt_org_id 
				from bgt_organizations bo,fnd_companies fc
				where bo.set_of_books_id = fc.set_of_books_id
	  				and fc.company_id = ?
  			
---------------------Binding info---------------------
No.1	Access path:/session/@company_id	Data type of passed value :java.lang.Integer	Value:2575	Output:false	Database Type:null	

=============== END [query] SQL Statement execution dump ============

2018-10-21 07:52:42.865 [uncertain.proc] [CONFIG] [action] CreateView
2018-10-21 07:52:42.866 [uncertain.proc] [CONFIG] [action] BuildOutputContent
2018-10-21 07:52:42.866 [aurora.presentation.buildsession] [CONFIG] Start build session
2018-10-21 07:52:42.866 [aurora.presentation.buildsession] [CONFIG] building view: <html-page> -> aurora.presentation.component.HtmlPage@7af90973
2018-10-21 07:52:42.866 [aurora.presentation.buildsession] [CONFIG] building view: <link> -> aurora.presentation.TemplateBasedView@3dda489e
2018-10-21 07:52:42.867 [aurora.presentation.buildsession] [CONFIG] building view: <link> -> aurora.presentation.TemplateBasedView@3dda489e
2018-10-21 07:52:42.867 [aurora.presentation.buildsession] [CONFIG] building view: <link> -> aurora.presentation.TemplateBasedView@3dda489e
2018-10-21 07:52:42.867 [aurora.presentation.buildsession] [CONFIG] building view: <script> -> aurora.presentation.DefaultViewBuilder@35f5c5a3
2018-10-21 07:52:42.867 [aurora.presentation.buildsession] [CONFIG] building view: <dataSets> -> aurora.application.features.DataSetInit@2c0d23b0
2018-10-21 07:52:42.867 [aurora.presentation.buildsession] [CONFIG] building view: <dataSet> -> aurora.presentation.TemplateBasedView@3dda489e
2018-10-21 07:52:42.867 [aurora.presentation.buildsession] [CONFIG] building view: <dataSet> -> aurora.presentation.TemplateBasedView@3dda489e
2018-10-21 07:52:42.868 [aurora.presentation.buildsession] [CONFIG] building view: <dataSet> -> aurora.presentation.TemplateBasedView@3dda489e
2018-10-21 07:52:42.869 [aurora.presentation.buildsession] [CONFIG] building view: <screenBody> -> aurora.presentation.component.std.ScreenBody@98527a
2018-10-21 07:52:42.869 [aurora.presentation.buildsession] [CONFIG] building view: <screenTopToolbar> -> aurora.presentation.component.std.ScreenTopToolbar@4f6ec4e9
2018-10-21 07:52:42.869 [aurora.presentation.buildsession] [CONFIG] building view: <screenTitle> -> aurora.presentation.component.std.ScreenTitle@7deeeee6
2018-10-21 07:52:42.872 [uncertain.proc] [CONFIG] [action] DecideSqlGenerationMode
2018-10-21 07:52:42.872 [uncertain.proc] [FINE] aurora.database.service.BusinessModelService.onDecideSqlGenerationMode
2018-10-21 07:52:42.872 [uncertain.proc] [CONFIG] [action] CreatequeryStatement
2018-10-21 07:52:42.872 [uncertain.proc] [FINE] aurora.bm.QuerySqlCreator.onCreateQueryStatement
2018-10-21 07:52:42.872 [uncertain.proc] [CONFIG] [action] PopulatequeryStatement
2018-10-21 07:52:42.872 [uncertain.proc] [FINE] aurora.database.features.OrderByClauseCreator.onPopulateQueryStatement
2018-10-21 07:52:42.872 [uncertain.proc] [FINE] aurora.database.features.WhereClauseCreator.onPopulateQueryStatement
2018-10-21 07:52:42.872 [uncertain.proc] [CONFIG] [action] CreatequerySql
2018-10-21 07:52:42.872 [uncertain.proc] [FINE] aurora.bm.QuerySqlCreator.onCreateQuerySql
2018-10-21 07:52:42.872 [uncertain.proc] [CONFIG] [action] ExecuteQuery
2018-10-21 07:52:42.872 [uncertain.proc] [FINE] aurora.bm.QuerySqlCreator.onExecuteQuery
2018-10-21 07:52:42.873 [uncertain.proc] [CONFIG] [action] QueryFinish
2018-10-21 07:52:42.873 [uncertain.proc] [FINE] aurora.database.features.AutoQueryCounter.onQueryFinish
2018-10-21 07:52:42.873 [uncertain.proc] [CONFIG] [action] FetchResultSet
2018-10-21 07:52:42.873 [uncertain.proc] [FINE] aurora.database.features.CacheBasedLookUpField.postFetchResultSet
2018-10-21 07:52:42.873 [aurora.database] [CONFIG] 
============= BEGIN [query] SQL Statement execution dump ============
SELECT f.service_id,f.service_name,f.is_entry_page,f.is_access_checked,f.is_login_required,f.is_system_access,? AS language,(select d.description_text from fnd_descriptions d where d.description_id = f.title_id and d.language = ?) AS title,f.title_id,f.weixin_flag
FROM sys_service f
WHERE f.service_name = ?
ORDER BY service_name
---------------------Binding info---------------------
No.1	Access path:/session/@lang	Data type of passed value :java.lang.String	Value:ZHS	Output:false	Database Type:null	
No.2	Access path:/session/@lang	Data type of passed value :java.lang.String	Value:ZHS	Output:false	Database Type:null	
No.3	Access path:@service_name	Data type of passed value :java.lang.String	Value:modules/bgt/BGT1030/bgt_versions.screen	Output:false	Database Type:null	

=============== END [query] SQL Statement execution dump ============

2018-10-21 07:52:42.873 [aurora.presentation.buildsession] [CONFIG] building view: <toolbarButton> -> aurora.presentation.TemplateBasedView@3dda489e
2018-10-21 07:52:42.873 [aurora.presentation.buildsession] [CONFIG] building view: <gridButton> -> aurora.presentation.TemplateBasedView@3dda489e
2018-10-21 07:52:42.874 [aurora.presentation.buildsession] [CONFIG] building view: <gridButton> -> aurora.presentation.TemplateBasedView@3dda489e
2018-10-21 07:52:42.874 [aurora.presentation.buildsession] [CONFIG] building view: <gridButton> -> aurora.presentation.TemplateBasedView@3dda489e
2018-10-21 07:52:42.874 [aurora.presentation.buildsession] [CONFIG] building view: <toolbarButton> -> aurora.presentation.TemplateBasedView@3dda489e
2018-10-21 07:52:42.874 [aurora.presentation.buildsession] [CONFIG] building view: <queryForm> -> aurora.presentation.component.std.QueryForm@2208ed66
2018-10-21 07:52:42.874 [aurora.presentation.buildsession] [CONFIG] building view: <hBox> -> aurora.presentation.component.std.HBox@34c11ae1
2018-10-21 07:52:42.874 [aurora.presentation.buildsession] [CONFIG] building view: <textField> -> aurora.presentation.TemplateBasedView@3dda489e
2018-10-21 07:52:42.874 [aurora.presentation.buildsession] [CONFIG] building view: <textField> -> aurora.presentation.TemplateBasedView@3dda489e
2018-10-21 07:52:42.875 [aurora.presentation.buildsession] [CONFIG] building view: <toolbarButton> -> aurora.presentation.TemplateBasedView@3dda489e
2018-10-21 07:52:42.875 [aurora.presentation.buildsession] [CONFIG] building view: <grid> -> aurora.presentation.TemplateBasedView@3dda489e
2018-10-21 07:52:42.875 [aurora.presentation.buildsession] [CONFIG] building view: <navBar> -> aurora.presentation.TemplateBasedView@3dda489e
2018-10-21 07:52:42.876 [aurora.presentation.buildsession] [CONFIG] building view: <button> -> aurora.presentation.TemplateBasedView@3dda489e
2018-10-21 07:52:42.876 [aurora.presentation.buildsession] [CONFIG] building view: <button> -> aurora.presentation.TemplateBasedView@3dda489e
2018-10-21 07:52:42.876 [aurora.presentation.buildsession] [CONFIG] building view: <separator> -> aurora.presentation.TemplateBasedView@3dda489e
2018-10-21 07:52:42.876 [aurora.presentation.buildsession] [CONFIG] building view: <div> -> aurora.presentation.DefaultViewBuilder@35f5c5a3
2018-10-21 07:52:42.876 [aurora.presentation.buildsession] [CONFIG] building view: <numberField> -> aurora.presentation.TemplateBasedView@3dda489e
2018-10-21 07:52:42.877 [aurora.presentation.buildsession] [CONFIG] building view: <div> -> aurora.presentation.DefaultViewBuilder@35f5c5a3
2018-10-21 07:52:42.877 [aurora.presentation.buildsession] [CONFIG] building view: <separator> -> aurora.presentation.TemplateBasedView@3dda489e
2018-10-21 07:52:42.877 [aurora.presentation.buildsession] [CONFIG] building view: <button> -> aurora.presentation.TemplateBasedView@3dda489e
2018-10-21 07:52:42.877 [aurora.presentation.buildsession] [CONFIG] building view: <button> -> aurora.presentation.TemplateBasedView@3dda489e
2018-10-21 07:52:42.877 [aurora.presentation.buildsession] [CONFIG] building view: <button> -> aurora.presentation.TemplateBasedView@3dda489e
2018-10-21 07:52:42.877 [aurora.presentation.buildsession] [CONFIG] building view: <separator> -> aurora.presentation.TemplateBasedView@3dda489e
2018-10-21 07:52:42.877 [aurora.presentation.buildsession] [CONFIG] building view: <div> -> aurora.presentation.DefaultViewBuilder@35f5c5a3
2018-10-21 07:52:42.877 [aurora.presentation.buildsession] [CONFIG] building view: <comboBox> -> aurora.presentation.TemplateBasedView@3dda489e
2018-10-21 07:52:42.877 [aurora.presentation.buildsession] [CONFIG] building view: <div> -> aurora.presentation.DefaultViewBuilder@35f5c5a3
2018-10-21 07:52:42.877 [aurora.presentation.buildsession] [CONFIG] building view: <separator> -> aurora.presentation.TemplateBasedView@3dda489e
2018-10-21 07:52:42.877 [aurora.presentation.buildsession] [CONFIG] building view: <div> -> aurora.presentation.DefaultViewBuilder@35f5c5a3
2018-10-21 07:52:42.878 [aurora.presentation.buildsession] [CONFIG] building view: <textField> -> aurora.presentation.TemplateBasedView@3dda489e
2018-10-21 07:52:42.878 [aurora.presentation.buildsession] [CONFIG] building view: <textField> -> aurora.presentation.TemplateBasedView@3dda489e
2018-10-21 07:52:42.878 [aurora.presentation.buildsession] [CONFIG] building view: <datePicker> -> aurora.presentation.TemplateBasedView@3dda489e
2018-10-21 07:52:42.878 [aurora.presentation.buildsession] [CONFIG] building view: <checkBox> -> aurora.presentation.TemplateBasedView@3dda489e
2018-10-21 07:52:42.878 [aurora.presentation.buildsession] [CONFIG] building view: <comboBox> -> aurora.presentation.TemplateBasedView@3dda489e
2018-10-21 07:52:42.879 [aurora.presentation.buildsession] [CONFIG] End build session
