2018-10-19 09:16:45.324 [aurora.application.session_check] [CONFIG] Session data copied to context
2018-10-19 09:16:45.324 [aurora.application.session_check] [CONFIG] Access check result for modules/wfl/WFL3010/wfl_instance_query.screen => success
2018-10-19 09:16:45.324 [uncertain.proc] [CONFIG] [action] AccessCheck
2018-10-19 09:16:45.327 [uncertain.proc] [CONFIG] [action] InitService
2018-10-19 09:16:45.327 [uncertain.proc] [CONFIG] [action] ParseParameter
2018-10-19 09:16:45.327 [uncertain.proc] [CONFIG] [action] CreateModel
2018-10-19 09:16:45.327 [aurora.database] [CONFIG] ===================================== prepare to run model-query wfl.wfl_document_reference==============================
2018-10-19 09:16:45.331 [uncertain.proc] [CONFIG] [action] DecideSqlGenerationMode
2018-10-19 09:16:45.331 [uncertain.proc] [FINE] aurora.database.service.BusinessModelService.onDecideSqlGenerationMode
2018-10-19 09:16:45.331 [uncertain.proc] [CONFIG] [action] CreatequeryStatement
2018-10-19 09:16:45.331 [uncertain.proc] [FINE] aurora.bm.QuerySqlCreator.onCreateQueryStatement
2018-10-19 09:16:45.331 [uncertain.proc] [CONFIG] [action] PopulatequeryStatement
2018-10-19 09:16:45.331 [uncertain.proc] [FINE] aurora.database.features.OrderByClauseCreator.onPopulateQueryStatement
2018-10-19 09:16:45.331 [uncertain.proc] [FINE] aurora.database.features.WhereClauseCreator.onPopulateQueryStatement
2018-10-19 09:16:45.331 [uncertain.proc] [CONFIG] [action] CreatequerySql
2018-10-19 09:16:45.331 [uncertain.proc] [FINE] aurora.bm.QuerySqlCreator.onCreateQuerySql
2018-10-19 09:16:45.331 [uncertain.proc] [CONFIG] [action] ExecuteQuery
2018-10-19 09:16:45.331 [uncertain.proc] [FINE] aurora.bm.QuerySqlCreator.onExecuteQuery
2018-10-19 09:16:45.332 [uncertain.proc] [CONFIG] [action] QueryFinish
2018-10-19 09:16:45.332 [uncertain.proc] [FINE] aurora.database.features.AutoQueryCounter.onQueryFinish
2018-10-19 09:16:45.332 [uncertain.proc] [CONFIG] [action] FetchResultSet
2018-10-19 09:16:45.332 [uncertain.proc] [FINE] aurora.database.features.CacheBasedLookUpField.postFetchResultSet
2018-10-19 09:16:45.332 [aurora.database] [CONFIG] 
============= BEGIN [query] SQL Statement execution dump ============
SELECT wdr.workflow_category,wdr.document_desc,wdr.document_table_name,wdr.ref_id_column_name,wdr.ref_num_column_name,wdr.ref_company_column_name,wdr.ref_created_column_name,wdr.ref_detail,wdr.sys_flag
FROM WFL_DOCUMENT_REFERENCE_VL wdr
WHERE wdr.workflow_category in('EXP_REQUISITION','EXP_REPORT','PAYMENT_REQUISITION','ACP_REQUISITION','BUDGET_JOURNAL')
ORDER BY workflow_category
---------------------Binding info---------------------
null
=============== END [query] SQL Statement execution dump ============

2018-10-19 09:16:45.332 [aurora.database] [CONFIG] ===================================== prepare to run model-query wfl.wfl_instance_query_dual==============================
2018-10-19 09:16:45.334 [uncertain.proc] [CONFIG] [action] DecideSqlGenerationMode
2018-10-19 09:16:45.334 [uncertain.proc] [FINE] aurora.database.service.BusinessModelService.onDecideSqlGenerationMode
2018-10-19 09:16:45.334 [uncertain.proc] [CONFIG] [action] CreateOperationSql
2018-10-19 09:16:45.334 [uncertain.proc] [CONFIG] [action] PopulateOperationSql
2018-10-19 09:16:45.334 [uncertain.proc] [FINE] aurora.database.features.OrderByClauseCreator.onPopulateOperationSql
2018-10-19 09:16:45.334 [uncertain.proc] [FINE] aurora.database.features.WhereClauseCreator.onPopulateOperationSql
2018-10-19 09:16:45.334 [uncertain.proc] [CONFIG] [action] ExecuteQuery
2018-10-19 09:16:45.334 [uncertain.proc] [FINE] aurora.bm.QuerySqlCreator.onExecuteQuery
2018-10-19 09:16:45.341 [uncertain.proc] [CONFIG] [action] QueryFinish
2018-10-19 09:16:45.341 [uncertain.proc] [FINE] aurora.database.features.AutoQueryCounter.onQueryFinish
2018-10-19 09:16:45.341 [uncertain.proc] [CONFIG] [action] FetchResultSet
2018-10-19 09:16:45.341 [uncertain.proc] [FINE] aurora.database.features.CacheBasedLookUpField.postFetchResultSet
2018-10-19 09:16:45.341 [aurora.database] [CONFIG] 
============= BEGIN [query] SQL Statement execution dump ============

                SELECT
                    1 default_status,
                    TO_CHAR(sysdate - 90, 'yyyy-mm-dd') default_s_date,
                    TO_CHAR(sysdate, 'yyyy-mm-dd') default_e_date,
                    ? company_id,
                    (SELECT
                        f.company_code
                    FROM
                        fnd_companies_vl f
                    WHERE
                        f.company_id =?
                    ) company_code,
                    (SELECT
                        f.company_code
                        || '-'
                        || f.company_short_name com_desc
                    FROM
                        fnd_companies_vl f
                    WHERE
                        f.company_id =?
                    ) com_desc
                FROM
                    dual
            
---------------------Binding info---------------------
No.1	Access path:/session/@company_id	Data type of passed value :java.lang.String	Value:835	Output:false	Database Type:null	
No.2	Access path:/session/@company_id	Data type of passed value :java.lang.String	Value:835	Output:false	Database Type:null	
No.3	Access path:/session/@company_id	Data type of passed value :java.lang.String	Value:835	Output:false	Database Type:null	

=============== END [query] SQL Statement execution dump ============

2018-10-19 09:16:45.341 [uncertain.proc] [CONFIG] [action] CreateView
2018-10-19 09:16:45.341 [uncertain.proc] [CONFIG] [action] BuildOutputContent
2018-10-19 09:16:45.341 [aurora.presentation.buildsession] [CONFIG] Start build session
2018-10-19 09:16:45.341 [aurora.presentation.buildsession] [CONFIG] building view: <html-page> -> aurora.presentation.component.HtmlPage@2e5a7a7a
2018-10-19 09:16:45.341 [aurora.presentation.buildsession] [CONFIG] building view: <link> -> aurora.presentation.TemplateBasedView@3dda489e
2018-10-19 09:16:45.342 [aurora.presentation.buildsession] [CONFIG] building view: <link> -> aurora.presentation.TemplateBasedView@3dda489e
2018-10-19 09:16:45.342 [aurora.presentation.buildsession] [CONFIG] building view: <link> -> aurora.presentation.TemplateBasedView@3dda489e
2018-10-19 09:16:45.342 [aurora.presentation.buildsession] [CONFIG] building view: <link> -> aurora.presentation.TemplateBasedView@3dda489e
2018-10-19 09:16:45.342 [aurora.presentation.buildsession] [CONFIG] building view: <link> -> aurora.presentation.TemplateBasedView@3dda489e
2018-10-19 09:16:45.342 [aurora.presentation.buildsession] [CONFIG] building view: <script> -> aurora.presentation.DefaultViewBuilder@35f5c5a3
2018-10-19 09:16:45.342 [aurora.presentation.buildsession] [CONFIG] building view: <dataSets> -> aurora.application.features.DataSetInit@1b68359e
2018-10-19 09:16:45.342 [aurora.presentation.buildsession] [CONFIG] building view: <dataSet> -> aurora.presentation.TemplateBasedView@3dda489e
2018-10-19 09:16:45.342 [aurora.presentation.buildsession] [CONFIG] building view: <dataSet> -> aurora.presentation.TemplateBasedView@3dda489e
2018-10-19 09:16:45.342 [aurora.presentation.buildsession] [CONFIG] building view: <dataSet> -> aurora.presentation.TemplateBasedView@3dda489e
2018-10-19 09:16:45.342 [aurora.presentation.buildsession] [CONFIG] building view: <dataSet> -> aurora.presentation.TemplateBasedView@3dda489e
2018-10-19 09:16:45.344 [aurora.presentation.buildsession] [CONFIG] building view: <dataSet> -> aurora.presentation.TemplateBasedView@3dda489e
2018-10-19 09:16:45.344 [aurora.presentation.buildsession] [CONFIG] building view: <dataSet> -> aurora.presentation.TemplateBasedView@3dda489e
2018-10-19 09:16:45.344 [aurora.presentation.buildsession] [CONFIG] building view: <screenBody> -> aurora.presentation.component.std.ScreenBody@59ebd4
2018-10-19 09:16:45.344 [aurora.presentation.buildsession] [CONFIG] building view: <screenTopToolbar> -> aurora.presentation.component.std.ScreenTopToolbar@13fa1f5e
2018-10-19 09:16:45.344 [aurora.presentation.buildsession] [CONFIG] building view: <screenTitle> -> aurora.presentation.component.std.ScreenTitle@6e8e2ef1
2018-10-19 09:16:45.347 [uncertain.proc] [CONFIG] [action] DecideSqlGenerationMode
2018-10-19 09:16:45.347 [uncertain.proc] [FINE] aurora.database.service.BusinessModelService.onDecideSqlGenerationMode
2018-10-19 09:16:45.348 [uncertain.proc] [CONFIG] [action] CreatequeryStatement
2018-10-19 09:16:45.348 [uncertain.proc] [FINE] aurora.bm.QuerySqlCreator.onCreateQueryStatement
2018-10-19 09:16:45.348 [uncertain.proc] [CONFIG] [action] PopulatequeryStatement
2018-10-19 09:16:45.348 [uncertain.proc] [FINE] aurora.database.features.OrderByClauseCreator.onPopulateQueryStatement
2018-10-19 09:16:45.348 [uncertain.proc] [FINE] aurora.database.features.WhereClauseCreator.onPopulateQueryStatement
2018-10-19 09:16:45.348 [uncertain.proc] [CONFIG] [action] CreatequerySql
2018-10-19 09:16:45.348 [uncertain.proc] [FINE] aurora.bm.QuerySqlCreator.onCreateQuerySql
2018-10-19 09:16:45.348 [uncertain.proc] [CONFIG] [action] ExecuteQuery
2018-10-19 09:16:45.348 [uncertain.proc] [FINE] aurora.bm.QuerySqlCreator.onExecuteQuery
2018-10-19 09:16:45.348 [uncertain.proc] [CONFIG] [action] QueryFinish
2018-10-19 09:16:45.348 [uncertain.proc] [FINE] aurora.database.features.AutoQueryCounter.onQueryFinish
2018-10-19 09:16:45.348 [uncertain.proc] [CONFIG] [action] FetchResultSet
2018-10-19 09:16:45.348 [uncertain.proc] [FINE] aurora.database.features.CacheBasedLookUpField.postFetchResultSet
2018-10-19 09:16:45.348 [aurora.database] [CONFIG] 
============= BEGIN [query] SQL Statement execution dump ============
SELECT f.service_id,f.service_name,f.is_entry_page,f.is_access_checked,f.is_login_required,f.is_system_access,? AS language,(select d.description_text from fnd_descriptions d where d.description_id = f.title_id and d.language = ?) AS title,f.title_id,f.weixin_flag
FROM sys_service f
WHERE f.service_name = ?
ORDER BY service_name
---------------------Binding info---------------------
No.1	Access path:/session/@lang	Data type of passed value :java.lang.String	Value:ZHS	Output:false	Database Type:null	
No.2	Access path:/session/@lang	Data type of passed value :java.lang.String	Value:ZHS	Output:false	Database Type:null	
No.3	Access path:@service_name	Data type of passed value :java.lang.String	Value:modules/wfl/WFL3010/wfl_instance_query.screen	Output:false	Database Type:null	

=============== END [query] SQL Statement execution dump ============

2018-10-19 09:16:45.348 [aurora.presentation.buildsession] [CONFIG] building view: <toolbarButton> -> aurora.presentation.TemplateBasedView@3dda489e
2018-10-19 09:16:45.349 [aurora.presentation.buildsession] [CONFIG] building view: <queryForm> -> aurora.presentation.component.std.QueryForm@79cc751c
2018-10-19 09:16:45.349 [aurora.presentation.buildsession] [CONFIG] building view: <hBox> -> aurora.presentation.component.std.HBox@69ac56dc
2018-10-19 09:16:45.349 [aurora.presentation.buildsession] [CONFIG] building view: <textField> -> aurora.presentation.TemplateBasedView@3dda489e
2018-10-19 09:16:45.349 [aurora.presentation.buildsession] [CONFIG] building view: <comboBox> -> aurora.presentation.TemplateBasedView@3dda489e
2018-10-19 09:16:45.349 [aurora.presentation.buildsession] [CONFIG] building view: <textField> -> aurora.presentation.TemplateBasedView@3dda489e
2018-10-19 09:16:45.349 [aurora.presentation.buildsession] [CONFIG] building view: <toolbarButton> -> aurora.presentation.TemplateBasedView@3dda489e
2018-10-19 09:16:45.349 [aurora.presentation.buildsession] [CONFIG] building view: <toolbarButton> -> aurora.presentation.TemplateBasedView@3dda489e
2018-10-19 09:16:45.349 [aurora.presentation.buildsession] [CONFIG] building view: <box> -> aurora.presentation.component.std.Box@4a75a062
2018-10-19 09:16:45.349 [aurora.presentation.buildsession] [CONFIG] building view: <comboBox> -> aurora.presentation.TemplateBasedView@3dda489e
2018-10-19 09:16:45.350 [aurora.presentation.buildsession] [CONFIG] building view: <lov> -> aurora.presentation.TemplateBasedView@3dda489e
2018-10-19 09:16:45.350 [aurora.presentation.buildsession] [CONFIG] building view: <textField> -> aurora.presentation.TemplateBasedView@3dda489e
2018-10-19 09:16:45.350 [aurora.presentation.buildsession] [CONFIG] building view: <textField> -> aurora.presentation.TemplateBasedView@3dda489e
2018-10-19 09:16:45.350 [aurora.presentation.buildsession] [CONFIG] building view: <datePicker> -> aurora.presentation.TemplateBasedView@3dda489e
2018-10-19 09:16:45.350 [aurora.presentation.buildsession] [CONFIG] building view: <datePicker> -> aurora.presentation.TemplateBasedView@3dda489e
2018-10-19 09:16:45.350 [aurora.presentation.buildsession] [CONFIG] building view: <checkBox> -> aurora.presentation.TemplateBasedView@3dda489e
2018-10-19 09:16:45.350 [aurora.presentation.buildsession] [CONFIG] building view: <grid> -> aurora.presentation.TemplateBasedView@3dda489e
2018-10-19 09:16:45.351 [aurora.presentation.buildsession] [CONFIG] building view: <navBar> -> aurora.presentation.TemplateBasedView@3dda489e
2018-10-19 09:16:45.352 [aurora.presentation.buildsession] [CONFIG] building view: <button> -> aurora.presentation.TemplateBasedView@3dda489e
2018-10-19 09:16:45.352 [aurora.presentation.buildsession] [CONFIG] building view: <button> -> aurora.presentation.TemplateBasedView@3dda489e
2018-10-19 09:16:45.352 [aurora.presentation.buildsession] [CONFIG] building view: <separator> -> aurora.presentation.TemplateBasedView@3dda489e
2018-10-19 09:16:45.352 [aurora.presentation.buildsession] [CONFIG] building view: <div> -> aurora.presentation.DefaultViewBuilder@35f5c5a3
2018-10-19 09:16:45.352 [aurora.presentation.buildsession] [CONFIG] building view: <numberField> -> aurora.presentation.TemplateBasedView@3dda489e
2018-10-19 09:16:45.352 [aurora.presentation.buildsession] [CONFIG] building view: <div> -> aurora.presentation.DefaultViewBuilder@35f5c5a3
2018-10-19 09:16:45.352 [aurora.presentation.buildsession] [CONFIG] building view: <separator> -> aurora.presentation.TemplateBasedView@3dda489e
2018-10-19 09:16:45.352 [aurora.presentation.buildsession] [CONFIG] building view: <button> -> aurora.presentation.TemplateBasedView@3dda489e
2018-10-19 09:16:45.352 [aurora.presentation.buildsession] [CONFIG] building view: <button> -> aurora.presentation.TemplateBasedView@3dda489e
2018-10-19 09:16:45.352 [aurora.presentation.buildsession] [CONFIG] building view: <button> -> aurora.presentation.TemplateBasedView@3dda489e
2018-10-19 09:16:45.353 [aurora.presentation.buildsession] [CONFIG] building view: <separator> -> aurora.presentation.TemplateBasedView@3dda489e
2018-10-19 09:16:45.353 [aurora.presentation.buildsession] [CONFIG] building view: <div> -> aurora.presentation.DefaultViewBuilder@35f5c5a3
2018-10-19 09:16:45.353 [aurora.presentation.buildsession] [CONFIG] building view: <comboBox> -> aurora.presentation.TemplateBasedView@3dda489e
2018-10-19 09:16:45.353 [aurora.presentation.buildsession] [CONFIG] building view: <div> -> aurora.presentation.DefaultViewBuilder@35f5c5a3
2018-10-19 09:16:45.353 [aurora.presentation.buildsession] [CONFIG] building view: <separator> -> aurora.presentation.TemplateBasedView@3dda489e
2018-10-19 09:16:45.353 [aurora.presentation.buildsession] [CONFIG] building view: <div> -> aurora.presentation.DefaultViewBuilder@35f5c5a3
2018-10-19 09:16:45.354 [aurora.presentation.buildsession] [CONFIG] building view: <grid> -> aurora.presentation.TemplateBasedView@3dda489e
2018-10-19 09:16:45.354 [aurora.presentation.buildsession] [CONFIG] building view: <script> -> aurora.presentation.DefaultViewBuilder@35f5c5a3
2018-10-19 09:16:45.354 [aurora.presentation.buildsession] [CONFIG] End build session
