2018-10-17 09:38:01.995 [aurora.application.session_check] [CONFIG] Session data copied to context
2018-10-17 09:38:02.17 [aurora.application.session_check] [CONFIG] Access check result for modules/expm/exp_prepayment_post.screen => success
2018-10-17 09:38:02.17 [uncertain.proc] [CONFIG] [action] AccessCheck
2018-10-17 09:38:02.26 [uncertain.proc] [CONFIG] [action] InitService
2018-10-17 09:38:02.26 [uncertain.proc] [CONFIG] [action] ParseParameter
2018-10-17 09:38:02.26 [uncertain.proc] [CONFIG] [action] CreateModel
2018-10-17 09:38:02.26 [aurora.database] [CONFIG] ===================================== prepare to run model-query expm.exp_prepayment_post_payinfo==============================
2018-10-17 09:38:02.32 [uncertain.proc] [CONFIG] [action] DecideSqlGenerationMode
2018-10-17 09:38:02.32 [uncertain.proc] [FINE] aurora.database.service.BusinessModelService.onDecideSqlGenerationMode
2018-10-17 09:38:02.32 [uncertain.proc] [CONFIG] [action] CreateOperationSql
2018-10-17 09:38:02.32 [uncertain.proc] [CONFIG] [action] PopulateOperationSql
2018-10-17 09:38:02.32 [uncertain.proc] [FINE] aurora.database.features.OrderByClauseCreator.onPopulateOperationSql
2018-10-17 09:38:02.32 [uncertain.proc] [FINE] aurora.database.features.WhereClauseCreator.onPopulateOperationSql
2018-10-17 09:38:02.32 [uncertain.proc] [CONFIG] [action] ExecuteQuery
2018-10-17 09:38:02.32 [uncertain.proc] [FINE] aurora.bm.QuerySqlCreator.onExecuteQuery
2018-10-17 09:38:02.33 [uncertain.proc] [CONFIG] [action] QueryFinish
2018-10-17 09:38:02.33 [uncertain.proc] [FINE] aurora.database.features.AutoQueryCounter.onQueryFinish
2018-10-17 09:38:02.33 [uncertain.proc] [CONFIG] [action] FetchResultSet
2018-10-17 09:38:02.33 [uncertain.proc] [FINE] aurora.database.features.CacheBasedLookUpField.postFetchResultSet
2018-10-17 09:38:02.33 [aurora.database] [CONFIG] 
============= BEGIN [query] SQL Statement execution dump ============
select er.exp_report_number, 
       es.payment_schedule_line_id, 
       to_char(er.report_date, 'yyyy-mm-dd') report_date, 
       er.period_name, 
       er.currency_code, 
       er.exchange_rate, 
       er.exchange_rate_type, 
       er.exchange_rate_quotation, 
       es.due_amount, 
       decode(es.payee_category, 
        'EMPLOYEE', 
        (select employee_code || '-' || name 
        from exp_employees ee 
       where ee.employee_id = es.payee_id), 
        'CUSTOMER', 
        (select vc.customer_code  || '-' || vc.description
        from ord_system_customers_vl vc 
       where vc.customer_id = es.payee_id), 
        (select vv.vender_code || '-' ||  vv.description
        from pur_system_venders_vl vv 
       where vv.vender_id = es.payee_id)) payee_code, 
       (select scv.code_value_name from 
                              sys_code_values_vl scv
                              where scv.code_id=
                              (select sc.code_id from sys_codes_vl sc where sc.code='PAYMENT_OBJECT')
                              and  scv.code_value=es.payee_category)payee_category, 
       (select cch.contract_number 
       from con_document_flows cdf, con_contract_headers cch 
      where cdf.source_document_type = 'EXP_REPORT_PMT_SCHEDULES' 
        and cdf.document_id = cch.contract_header_id 
        and cdf.source_document_id = es.exp_report_header_id 
        and cdf.source_document_line_id = es.payment_schedule_line_id) contract_number, 
       (select cps.payment_schedule_line_number 
       from con_document_flows cdf, con_payment_schedules cps 
      where cdf.source_document_type = 'EXP_REPORT_PMT_SCHEDULES' 
        and cdf.document_line_id = cps.payment_schedule_line_id 
        and cdf.document_id = cps.contract_header_id 
        and cdf.source_document_id = es.exp_report_header_id 
        and cdf.source_document_line_id = es.payment_schedule_line_id) line_number, 
       es.payee_id, 
       es.due_amount - 
       (select nvl(sum(cwo.csh_write_off_amount), 0) 
       from csh_write_off            cwo, 
         exp_report_pmt_schedules es, 
         exp_report_headers       s 
      where cwo.document_line_id = es.payment_schedule_line_id 
        and cwo.document_header_id = es.exp_report_header_id 
        and cwo.document_source = 'EXPENSE_REPORT' 
        and es.exp_report_header_id = s.exp_report_header_id 
        and es.payment_schedule_line_id = ?) due_amount1 
     from exp_report_pmt_schedules es, exp_report_headers er 
    where es.exp_report_header_id = er.exp_report_header_id 
      and es.payment_schedule_line_id = ?
---------------------Binding info---------------------
No.1	Access path:@payment_schedule_line_id	Data type of passed value :java.lang.String	Value:2032	Output:false	Database Type:null	
No.2	Access path:@payment_schedule_line_id	Data type of passed value :java.lang.String	Value:2032	Output:false	Database Type:null	

=============== END [query] SQL Statement execution dump ============

2018-10-17 09:38:02.33 [aurora.database] [CONFIG] ===================================== prepare to run model-query expm.exp_prepayment_post_typelist==============================
2018-10-17 09:38:02.37 [uncertain.proc] [CONFIG] [action] DecideSqlGenerationMode
2018-10-17 09:38:02.37 [uncertain.proc] [FINE] aurora.database.service.BusinessModelService.onDecideSqlGenerationMode
2018-10-17 09:38:02.37 [uncertain.proc] [CONFIG] [action] CreateOperationSql
2018-10-17 09:38:02.37 [uncertain.proc] [CONFIG] [action] PopulateOperationSql
2018-10-17 09:38:02.37 [uncertain.proc] [FINE] aurora.database.features.OrderByClauseCreator.onPopulateOperationSql
2018-10-17 09:38:02.37 [uncertain.proc] [FINE] aurora.database.features.WhereClauseCreator.onPopulateOperationSql
2018-10-17 09:38:02.37 [uncertain.proc] [CONFIG] [action] ExecuteQuery
2018-10-17 09:38:02.37 [uncertain.proc] [FINE] aurora.bm.QuerySqlCreator.onExecuteQuery
2018-10-17 09:38:02.40 [uncertain.proc] [CONFIG] [action] QueryFinish
2018-10-17 09:38:02.40 [uncertain.proc] [FINE] aurora.database.features.AutoQueryCounter.onQueryFinish
2018-10-17 09:38:02.40 [uncertain.proc] [CONFIG] [action] FetchResultSet
2018-10-17 09:38:02.40 [uncertain.proc] [FINE] aurora.database.features.CacheBasedLookUpField.postFetchResultSet
2018-10-17 09:38:02.40 [aurora.database] [CONFIG] 
============= BEGIN [query] SQL Statement execution dump ============
select code_value, code_value_name
			  from sys_code_values_vl b, sys_codes a
			 where b.code_id = a.code_id
			   and a.code = 'PAYMENT_OBJECT'
---------------------Binding info---------------------
null
=============== END [query] SQL Statement execution dump ============

2018-10-17 09:38:02.40 [uncertain.proc] [CONFIG] [action] CreateView
2018-10-17 09:38:02.40 [uncertain.proc] [CONFIG] [action] BuildOutputContent
2018-10-17 09:38:02.40 [aurora.presentation.buildsession] [CONFIG] Start build session
2018-10-17 09:38:02.40 [aurora.presentation.buildsession] [CONFIG] building view: <html-page> -> aurora.presentation.component.HtmlPage@77d2a9a
2018-10-17 09:38:02.41 [aurora.presentation.buildsession] [CONFIG] building view: <link> -> aurora.presentation.TemplateBasedView@3dda489e
2018-10-17 09:38:02.41 [aurora.presentation.buildsession] [CONFIG] building view: <link> -> aurora.presentation.TemplateBasedView@3dda489e
2018-10-17 09:38:02.41 [aurora.presentation.buildsession] [CONFIG] building view: <script> -> aurora.presentation.DefaultViewBuilder@35f5c5a3
2018-10-17 09:38:02.41 [aurora.presentation.buildsession] [CONFIG] building view: <dataSets> -> aurora.application.features.DataSetInit@46cd78db
2018-10-17 09:38:02.42 [aurora.presentation.buildsession] [CONFIG] building view: <dataSet> -> aurora.presentation.TemplateBasedView@3dda489e
2018-10-17 09:38:02.42 [aurora.presentation.buildsession] [CONFIG] building view: <dataSet> -> aurora.presentation.TemplateBasedView@3dda489e
2018-10-17 09:38:02.43 [aurora.presentation.buildsession] [CONFIG] building view: <dataSet> -> aurora.presentation.TemplateBasedView@3dda489e
2018-10-17 09:38:02.44 [aurora.presentation.buildsession] [CONFIG] building view: <dataSet> -> aurora.presentation.TemplateBasedView@3dda489e
2018-10-17 09:38:02.45 [aurora.presentation.buildsession] [CONFIG] building view: <screenBody> -> aurora.presentation.component.std.ScreenBody@45d70454
2018-10-17 09:38:02.45 [aurora.presentation.buildsession] [CONFIG] building view: <screenTopToolbar> -> aurora.presentation.component.std.ScreenTopToolbar@1187037e
2018-10-17 09:38:02.45 [aurora.presentation.buildsession] [CONFIG] building view: <screenTitle> -> aurora.presentation.component.std.ScreenTitle@7f40d22e
2018-10-17 09:38:02.48 [uncertain.proc] [CONFIG] [action] DecideSqlGenerationMode
2018-10-17 09:38:02.48 [uncertain.proc] [FINE] aurora.database.service.BusinessModelService.onDecideSqlGenerationMode
2018-10-17 09:38:02.49 [uncertain.proc] [CONFIG] [action] CreatequeryStatement
2018-10-17 09:38:02.49 [uncertain.proc] [FINE] aurora.bm.QuerySqlCreator.onCreateQueryStatement
2018-10-17 09:38:02.49 [uncertain.proc] [CONFIG] [action] PopulatequeryStatement
2018-10-17 09:38:02.49 [uncertain.proc] [FINE] aurora.database.features.OrderByClauseCreator.onPopulateQueryStatement
2018-10-17 09:38:02.49 [uncertain.proc] [FINE] aurora.database.features.WhereClauseCreator.onPopulateQueryStatement
2018-10-17 09:38:02.49 [uncertain.proc] [CONFIG] [action] CreatequerySql
2018-10-17 09:38:02.49 [uncertain.proc] [FINE] aurora.bm.QuerySqlCreator.onCreateQuerySql
2018-10-17 09:38:02.49 [uncertain.proc] [CONFIG] [action] ExecuteQuery
2018-10-17 09:38:02.49 [uncertain.proc] [FINE] aurora.bm.QuerySqlCreator.onExecuteQuery
2018-10-17 09:38:02.49 [uncertain.proc] [CONFIG] [action] QueryFinish
2018-10-17 09:38:02.49 [uncertain.proc] [FINE] aurora.database.features.AutoQueryCounter.onQueryFinish
2018-10-17 09:38:02.49 [uncertain.proc] [CONFIG] [action] FetchResultSet
2018-10-17 09:38:02.49 [uncertain.proc] [FINE] aurora.database.features.CacheBasedLookUpField.postFetchResultSet
2018-10-17 09:38:02.49 [aurora.database] [CONFIG] 
============= BEGIN [query] SQL Statement execution dump ============
SELECT f.service_id,f.service_name,f.is_entry_page,f.is_access_checked,f.is_login_required,f.is_system_access,? AS language,(select d.description_text from fnd_descriptions d where d.description_id = f.title_id and d.language = ?) AS title,f.title_id,f.weixin_flag
FROM sys_service f
WHERE f.service_name = ?
ORDER BY service_name
---------------------Binding info---------------------
No.1	Access path:/session/@lang	Data type of passed value :java.lang.String	Value:ZHS	Output:false	Database Type:null	
No.2	Access path:/session/@lang	Data type of passed value :java.lang.String	Value:ZHS	Output:false	Database Type:null	
No.3	Access path:@service_name	Data type of passed value :java.lang.String	Value:modules/expm/exp_prepayment_post.screen	Output:false	Database Type:null	

=============== END [query] SQL Statement execution dump ============

2018-10-17 09:38:02.49 [aurora.presentation.buildsession] [CONFIG] building view: <toolbarButton> -> aurora.presentation.TemplateBasedView@3dda489e
2018-10-17 09:38:02.50 [aurora.presentation.buildsession] [CONFIG] building view: <toolbarButton> -> aurora.presentation.TemplateBasedView@3dda489e
2018-10-17 09:38:02.50 [aurora.presentation.buildsession] [CONFIG] building view: <form> -> aurora.presentation.component.std.Form@7d599b3d
2018-10-17 09:38:02.50 [aurora.presentation.buildsession] [CONFIG] building view: <textField> -> aurora.presentation.TemplateBasedView@3dda489e
2018-10-17 09:38:02.50 [aurora.presentation.buildsession] [CONFIG] building view: <datePicker> -> aurora.presentation.TemplateBasedView@3dda489e
2018-10-17 09:38:02.50 [aurora.presentation.buildsession] [CONFIG] building view: <comboBox> -> aurora.presentation.TemplateBasedView@3dda489e
2018-10-17 09:38:02.51 [aurora.presentation.buildsession] [CONFIG] building view: <lov> -> aurora.presentation.TemplateBasedView@3dda489e
2018-10-17 09:38:02.51 [aurora.presentation.buildsession] [CONFIG] building view: <lov> -> aurora.presentation.TemplateBasedView@3dda489e
2018-10-17 09:38:02.51 [aurora.presentation.buildsession] [CONFIG] building view: <lov> -> aurora.presentation.TemplateBasedView@3dda489e
2018-10-17 09:38:02.51 [aurora.presentation.buildsession] [CONFIG] building view: <comboBox> -> aurora.presentation.TemplateBasedView@3dda489e
2018-10-17 09:38:02.51 [aurora.presentation.buildsession] [CONFIG] building view: <textField> -> aurora.presentation.TemplateBasedView@3dda489e
2018-10-17 09:38:02.51 [aurora.presentation.buildsession] [CONFIG] building view: <numberField> -> aurora.presentation.TemplateBasedView@3dda489e
2018-10-17 09:38:02.51 [aurora.presentation.buildsession] [CONFIG] building view: <numberField> -> aurora.presentation.TemplateBasedView@3dda489e
2018-10-17 09:38:02.51 [aurora.presentation.buildsession] [CONFIG] building view: <textField> -> aurora.presentation.TemplateBasedView@3dda489e
2018-10-17 09:38:02.51 [aurora.presentation.buildsession] [CONFIG] building view: <textField> -> aurora.presentation.TemplateBasedView@3dda489e
2018-10-17 09:38:02.52 [aurora.presentation.buildsession] [CONFIG] building view: <tabPanel> -> aurora.presentation.TemplateBasedView@3dda489e
2018-10-17 09:38:02.52 [aurora.presentation.buildsession] [CONFIG] building view: <grid> -> aurora.presentation.TemplateBasedView@3dda489e
2018-10-17 09:38:02.52 [aurora.presentation.buildsession] [CONFIG] building view: <navBar> -> aurora.presentation.TemplateBasedView@3dda489e
2018-10-17 09:38:02.53 [aurora.presentation.buildsession] [CONFIG] building view: <button> -> aurora.presentation.TemplateBasedView@3dda489e
2018-10-17 09:38:02.53 [aurora.presentation.buildsession] [CONFIG] building view: <button> -> aurora.presentation.TemplateBasedView@3dda489e
2018-10-17 09:38:02.54 [aurora.presentation.buildsession] [CONFIG] building view: <separator> -> aurora.presentation.TemplateBasedView@3dda489e
2018-10-17 09:38:02.54 [aurora.presentation.buildsession] [CONFIG] building view: <div> -> aurora.presentation.DefaultViewBuilder@35f5c5a3
2018-10-17 09:38:02.54 [aurora.presentation.buildsession] [CONFIG] building view: <numberField> -> aurora.presentation.TemplateBasedView@3dda489e
2018-10-17 09:38:02.54 [aurora.presentation.buildsession] [CONFIG] building view: <div> -> aurora.presentation.DefaultViewBuilder@35f5c5a3
2018-10-17 09:38:02.54 [aurora.presentation.buildsession] [CONFIG] building view: <separator> -> aurora.presentation.TemplateBasedView@3dda489e
2018-10-17 09:38:02.54 [aurora.presentation.buildsession] [CONFIG] building view: <button> -> aurora.presentation.TemplateBasedView@3dda489e
2018-10-17 09:38:02.54 [aurora.presentation.buildsession] [CONFIG] building view: <button> -> aurora.presentation.TemplateBasedView@3dda489e
2018-10-17 09:38:02.54 [aurora.presentation.buildsession] [CONFIG] building view: <button> -> aurora.presentation.TemplateBasedView@3dda489e
2018-10-17 09:38:02.55 [aurora.presentation.buildsession] [CONFIG] building view: <separator> -> aurora.presentation.TemplateBasedView@3dda489e
2018-10-17 09:38:02.55 [aurora.presentation.buildsession] [CONFIG] building view: <div> -> aurora.presentation.DefaultViewBuilder@35f5c5a3
2018-10-17 09:38:02.55 [aurora.presentation.buildsession] [CONFIG] building view: <comboBox> -> aurora.presentation.TemplateBasedView@3dda489e
2018-10-17 09:38:02.55 [aurora.presentation.buildsession] [CONFIG] building view: <div> -> aurora.presentation.DefaultViewBuilder@35f5c5a3
2018-10-17 09:38:02.55 [aurora.presentation.buildsession] [CONFIG] building view: <separator> -> aurora.presentation.TemplateBasedView@3dda489e
2018-10-17 09:38:02.55 [aurora.presentation.buildsession] [CONFIG] building view: <div> -> aurora.presentation.DefaultViewBuilder@35f5c5a3
2018-10-17 09:38:02.56 [aurora.presentation.buildsession] [CONFIG] building view: <numberField> -> aurora.presentation.TemplateBasedView@3dda489e
2018-10-17 09:38:02.56 [aurora.presentation.buildsession] [CONFIG] building view: <grid> -> aurora.presentation.TemplateBasedView@3dda489e
2018-10-17 09:38:02.56 [aurora.presentation.buildsession] [CONFIG] building view: <toolBar> -> aurora.presentation.TemplateBasedView@3dda489e
2018-10-17 09:38:02.56 [aurora.presentation.buildsession] [CONFIG] building view: <button> -> aurora.presentation.TemplateBasedView@3dda489e
2018-10-17 09:38:02.57 [aurora.presentation.buildsession] [CONFIG] building view: <navBar> -> aurora.presentation.TemplateBasedView@3dda489e
2018-10-17 09:38:02.58 [aurora.presentation.buildsession] [CONFIG] building view: <button> -> aurora.presentation.TemplateBasedView@3dda489e
2018-10-17 09:38:02.58 [aurora.presentation.buildsession] [CONFIG] building view: <button> -> aurora.presentation.TemplateBasedView@3dda489e
2018-10-17 09:38:02.58 [aurora.presentation.buildsession] [CONFIG] building view: <separator> -> aurora.presentation.TemplateBasedView@3dda489e
2018-10-17 09:38:02.61 [aurora.presentation.buildsession] [CONFIG] building view: <div> -> aurora.presentation.DefaultViewBuilder@35f5c5a3
2018-10-17 09:38:02.61 [aurora.presentation.buildsession] [CONFIG] building view: <numberField> -> aurora.presentation.TemplateBasedView@3dda489e
2018-10-17 09:38:02.61 [aurora.presentation.buildsession] [CONFIG] building view: <div> -> aurora.presentation.DefaultViewBuilder@35f5c5a3
2018-10-17 09:38:02.61 [aurora.presentation.buildsession] [CONFIG] building view: <separator> -> aurora.presentation.TemplateBasedView@3dda489e
2018-10-17 09:38:02.61 [aurora.presentation.buildsession] [CONFIG] building view: <button> -> aurora.presentation.TemplateBasedView@3dda489e
2018-10-17 09:38:02.62 [aurora.presentation.buildsession] [CONFIG] building view: <button> -> aurora.presentation.TemplateBasedView@3dda489e
2018-10-17 09:38:02.62 [aurora.presentation.buildsession] [CONFIG] building view: <button> -> aurora.presentation.TemplateBasedView@3dda489e
2018-10-17 09:38:02.62 [aurora.presentation.buildsession] [CONFIG] building view: <separator> -> aurora.presentation.TemplateBasedView@3dda489e
2018-10-17 09:38:02.62 [aurora.presentation.buildsession] [CONFIG] building view: <div> -> aurora.presentation.DefaultViewBuilder@35f5c5a3
2018-10-17 09:38:02.62 [aurora.presentation.buildsession] [CONFIG] building view: <comboBox> -> aurora.presentation.TemplateBasedView@3dda489e
2018-10-17 09:38:02.62 [aurora.presentation.buildsession] [CONFIG] building view: <div> -> aurora.presentation.DefaultViewBuilder@35f5c5a3
2018-10-17 09:38:02.62 [aurora.presentation.buildsession] [CONFIG] building view: <separator> -> aurora.presentation.TemplateBasedView@3dda489e
2018-10-17 09:38:02.63 [aurora.presentation.buildsession] [CONFIG] building view: <div> -> aurora.presentation.DefaultViewBuilder@35f5c5a3
2018-10-17 09:38:02.64 [aurora.presentation.buildsession] [CONFIG] building view: <grid> -> aurora.presentation.TemplateBasedView@3dda489e
2018-10-17 09:38:02.64 [aurora.presentation.buildsession] [CONFIG] building view: <navBar> -> aurora.presentation.TemplateBasedView@3dda489e
2018-10-17 09:38:02.65 [aurora.presentation.buildsession] [CONFIG] building view: <button> -> aurora.presentation.TemplateBasedView@3dda489e
2018-10-17 09:38:02.66 [aurora.presentation.buildsession] [CONFIG] building view: <button> -> aurora.presentation.TemplateBasedView@3dda489e
2018-10-17 09:38:02.66 [aurora.presentation.buildsession] [CONFIG] building view: <separator> -> aurora.presentation.TemplateBasedView@3dda489e
2018-10-17 09:38:02.66 [aurora.presentation.buildsession] [CONFIG] building view: <div> -> aurora.presentation.DefaultViewBuilder@35f5c5a3
2018-10-17 09:38:02.66 [aurora.presentation.buildsession] [CONFIG] building view: <numberField> -> aurora.presentation.TemplateBasedView@3dda489e
2018-10-17 09:38:02.66 [aurora.presentation.buildsession] [CONFIG] building view: <div> -> aurora.presentation.DefaultViewBuilder@35f5c5a3
2018-10-17 09:38:02.66 [aurora.presentation.buildsession] [CONFIG] building view: <separator> -> aurora.presentation.TemplateBasedView@3dda489e
2018-10-17 09:38:02.66 [aurora.presentation.buildsession] [CONFIG] building view: <button> -> aurora.presentation.TemplateBasedView@3dda489e
2018-10-17 09:38:02.66 [aurora.presentation.buildsession] [CONFIG] building view: <button> -> aurora.presentation.TemplateBasedView@3dda489e
2018-10-17 09:38:02.66 [aurora.presentation.buildsession] [CONFIG] building view: <button> -> aurora.presentation.TemplateBasedView@3dda489e
2018-10-17 09:38:02.66 [aurora.presentation.buildsession] [CONFIG] building view: <separator> -> aurora.presentation.TemplateBasedView@3dda489e
2018-10-17 09:38:02.67 [aurora.presentation.buildsession] [CONFIG] building view: <div> -> aurora.presentation.DefaultViewBuilder@35f5c5a3
2018-10-17 09:38:02.67 [aurora.presentation.buildsession] [CONFIG] building view: <comboBox> -> aurora.presentation.TemplateBasedView@3dda489e
2018-10-17 09:38:02.67 [aurora.presentation.buildsession] [CONFIG] building view: <div> -> aurora.presentation.DefaultViewBuilder@35f5c5a3
2018-10-17 09:38:02.67 [aurora.presentation.buildsession] [CONFIG] building view: <separator> -> aurora.presentation.TemplateBasedView@3dda489e
2018-10-17 09:38:02.67 [aurora.presentation.buildsession] [CONFIG] building view: <div> -> aurora.presentation.DefaultViewBuilder@35f5c5a3
2018-10-17 09:38:02.68 [aurora.presentation.buildsession] [CONFIG] building view: <script> -> aurora.presentation.DefaultViewBuilder@35f5c5a3
2018-10-17 09:38:02.68 [aurora.presentation.buildsession] [CONFIG] End build session
