2018-10-15 03:34:47.649 [aurora.application.session_check] [CONFIG] Session data copied to context
2018-10-15 03:34:47.649 [aurora.application.session_check] [CONFIG] Checking BM access acp.acp_req_submit for operation update
2018-10-15 03:34:47.649 [aurora.application.session_check] [CONFIG] Result from aurora.bm.DefaultAccessChecker@bb373cf is true
2018-10-15 03:34:47.650 [uncertain.proc] [CONFIG] [action] AccessCheck
2018-10-15 03:34:47.651 [uncertain.proc] [CONFIG] [action] CheckServiceLock
2018-10-15 03:34:47.651 [uncertain.proc] [CONFIG] [action] ParseParameter
2018-10-15 03:34:47.651 [uncertain.proc] [CONFIG] [action] ValidateInput
2018-10-15 03:34:47.651 [uncertain.proc] [CONFIG] [action] InvokeService
2018-10-15 03:34:47.653 [uncertain.proc] [CONFIG] [action] DecideStatement
2018-10-15 03:34:47.654 [uncertain.proc] [CONFIG] [action] DecideSqlGenerationMode
2018-10-15 03:34:47.654 [uncertain.proc] [FINE] aurora.database.service.BusinessModelService.onDecideSqlGenerationMode
2018-10-15 03:34:47.654 [uncertain.proc] [CONFIG] [action] CreateOperationSql
2018-10-15 03:34:47.654 [uncertain.proc] [CONFIG] [action] PopulateOperationSql
2018-10-15 03:34:47.654 [uncertain.proc] [FINE] aurora.database.features.OrderByClauseCreator.onPopulateOperationSql
2018-10-15 03:34:47.654 [uncertain.proc] [FINE] aurora.database.features.WhereClauseCreator.onPopulateOperationSql
2018-10-15 03:34:47.654 [uncertain.proc] [CONFIG] [action] CreateSqlRunner
2018-10-15 03:34:47.654 [uncertain.proc] [FINE] aurora.database.service.BusinessModelService.onCreateSqlRunner
2018-10-15 03:34:47.654 [uncertain.proc] [CONFIG] [action] ExecuteDmlStatement
2018-10-15 03:34:47.654 [uncertain.proc] [FINE] aurora.database.service.BusinessModelService.onExecuteDmlStatement
2018-10-15 03:34:47.687 [aurora.database] [CONFIG] 
============= BEGIN [Update] SQL Statement execution dump ============

                BEGIN
                    acp_requisition_pkg.submit_acp_req(p_acp_req_header_id => ?,
                                                       p_user_id  => ?);
                END;
            
---------------------Binding info---------------------
No.1	Access path:@acp_requisition_header_id	Data type of passed value :java.lang.String	Value:262	Output:false	Database Type:null	
No.2	Access path:/session/@user_id	Data type of passed value :java.lang.Long	Value:891	Output:false	Database Type:null	

=============== END [Update] SQL Statement execution dump ============

2018-10-15 03:34:47.687 [uncertain.proc] [CONFIG] [action] CreateSuccessResponse
