2018-10-21 08:45:55.90 [aurora.application.session_check] [CONFIG] Session data copied to context
2018-10-21 08:45:55.90 [aurora.application.session_check] [CONFIG] Checking BM access bgt.BGT2920.bgt_control_rule_org_position_lov for operation query
2018-10-21 08:45:55.91 [aurora.application.session_check] [CONFIG] Result from aurora.bm.DefaultAccessChecker@45b7fd45 is true
2018-10-21 08:45:55.91 [uncertain.proc] [CONFIG] [action] AccessCheck
2018-10-21 08:45:55.93 [uncertain.proc] [CONFIG] [action] CheckServiceLock
2018-10-21 08:45:55.93 [uncertain.proc] [CONFIG] [action] ParseParameter
2018-10-21 08:45:55.93 [uncertain.proc] [CONFIG] [action] ValidateInput
2018-10-21 08:45:55.93 [uncertain.proc] [CONFIG] [action] InvokeService
2018-10-21 08:45:55.93 [aurora.database] [CONFIG] ===================================== prepare to run model-query bgt.BGT2920.bgt_control_rule_org_position_lov==============================
2018-10-21 08:45:55.98 [uncertain.proc] [CONFIG] [action] DecideSqlGenerationMode
2018-10-21 08:45:55.98 [uncertain.proc] [FINE] aurora.database.service.BusinessModelService.onDecideSqlGenerationMode
2018-10-21 08:45:55.98 [uncertain.proc] [CONFIG] [action] CreateOperationSql
2018-10-21 08:45:55.98 [uncertain.proc] [CONFIG] [action] PopulateOperationSql
2018-10-21 08:45:55.98 [uncertain.proc] [FINE] aurora.database.features.OrderByClauseCreator.onPopulateOperationSql
2018-10-21 08:45:55.98 [uncertain.proc] [FINE] aurora.database.features.WhereClauseCreator.onPopulateOperationSql
2018-10-21 08:45:55.98 [uncertain.proc] [CONFIG] [action] ExecuteQuery
2018-10-21 08:45:55.98 [uncertain.proc] [FINE] aurora.bm.QuerySqlCreator.onExecuteQuery
2018-10-21 08:45:55.200 [uncertain.proc] [CONFIG] [action] QueryFinish
2018-10-21 08:45:55.200 [uncertain.proc] [FINE] aurora.database.features.AutoQueryCounter.onQueryFinish
2018-10-21 08:45:55.284 [uncertain.proc] [CONFIG] [action] FetchResultSet
2018-10-21 08:45:55.284 [uncertain.proc] [FINE] aurora.database.features.CacheBasedLookUpField.postFetchResultSet
2018-10-21 08:45:55.284 [aurora.database] [CONFIG] 
============= BEGIN [query] SQL Statement execution dump ============
 select * from 
    (    
          SELECT V.POSITION_ID, V.POSITION_CODE code, V.DESCRIPTION name, v.COMPANY_ID ,fd.COMPANY_CODE,fd.COMPANY_SHORT_NAME
           FROM EXP_ORG_POSITION_VL V ,FND_COMPANIES_VL FD 
          WHERE V.ENABLED_FLAG = 'Y'
            and  V.COMPANY_ID = FD.COMPANY_ID
           AND EXISTS
                   (SELECT COM.SET_OF_BOOKS_ID
                            FROM FND_COMPANIES_VL COM
                           WHERE COM.SET_OF_BOOKS_ID = FD.SET_OF_BOOKS_ID
                             AND COM.COMPANY_ID = ?)
         ORDER BY V.POSITION_CODE) V
          WHERE v.code like ?
---------------------Binding info---------------------
No.1	Access path:/session/@company_id	Data type of passed value :java.lang.Integer	Value:2575	Output:false	Database Type:null	
No.2	Access path:@code	Data type of passed value :java.lang.String	Value:TEST1021_1	Output:false	Database Type:null	

=============== END [query] SQL Statement execution dump ============

2018-10-21 08:45:55.284 [uncertain.proc] [CONFIG] [action] CreateSuccessResponse
