2018-10-21 07:53:44.550 [aurora.application.session_check] [CONFIG] Session data copied to context
2018-10-21 07:53:44.551 [aurora.application.session_check] [CONFIG] Checking BM access bgt.BGT1070.bgt_period_assign_com for operation query
2018-10-21 07:53:44.552 [aurora.application.session_check] [CONFIG] Result from aurora.bm.DefaultAccessChecker@2245e3bc is true
2018-10-21 07:53:44.552 [uncertain.proc] [CONFIG] [action] AccessCheck
2018-10-21 07:53:44.553 [uncertain.proc] [CONFIG] [action] CheckServiceLock
2018-10-21 07:53:44.553 [uncertain.proc] [CONFIG] [action] ParseParameter
2018-10-21 07:53:44.553 [uncertain.proc] [CONFIG] [action] ValidateInput
2018-10-21 07:53:44.553 [uncertain.proc] [CONFIG] [action] InvokeService
2018-10-21 07:53:44.553 [aurora.database] [CONFIG] ===================================== prepare to run model-query bgt.BGT1070.bgt_period_assign_com==============================
2018-10-21 07:53:44.556 [uncertain.proc] [CONFIG] [action] DecideSqlGenerationMode
2018-10-21 07:53:44.556 [uncertain.proc] [FINE] aurora.database.service.BusinessModelService.onDecideSqlGenerationMode
2018-10-21 07:53:44.556 [uncertain.proc] [CONFIG] [action] CreateOperationSql
2018-10-21 07:53:44.556 [uncertain.proc] [CONFIG] [action] PopulateOperationSql
2018-10-21 07:53:44.556 [uncertain.proc] [FINE] aurora.database.features.OrderByClauseCreator.onPopulateOperationSql
2018-10-21 07:53:44.556 [uncertain.proc] [FINE] aurora.database.features.WhereClauseCreator.onPopulateOperationSql
2018-10-21 07:53:44.556 [uncertain.proc] [CONFIG] [action] ExecuteQuery
2018-10-21 07:53:44.556 [uncertain.proc] [FINE] aurora.bm.QuerySqlCreator.onExecuteQuery
2018-10-21 07:53:44.601 [uncertain.proc] [CONFIG] [action] QueryFinish
2018-10-21 07:53:44.601 [uncertain.proc] [FINE] aurora.database.features.AutoQueryCounter.onQueryFinish
2018-10-21 07:53:44.642 [uncertain.proc] [CONFIG] [action] FetchResultSet
2018-10-21 07:53:44.642 [uncertain.proc] [FINE] aurora.database.features.CacheBasedLookUpField.postFetchResultSet
2018-10-21 07:53:44.642 [aurora.database] [CONFIG] 
============= BEGIN [query] SQL Statement execution dump ============

        	select rowidtochar(t.rowid)  row_id, 	
		       t.company_id,
		       t.bgt_period_set_code,
		       t.enabled_flag,
		       f.company_code,
		       f.company_short_name company_full_name
			   from bgt_company_period_sets t, fnd_companies_vl f 
			   where t.company_id = f.company_id and 
			   t.bgt_period_set_code =? and 
			   exists (select 1 from fnd_companies_vl fc  
			   where fc.company_id = ? and  
			   fc.set_of_books_id = f.set_of_books_id)
			   
			
---------------------Binding info---------------------
No.1	Access path:@bgt_period_set_code	Data type of passed value :java.lang.String	Value:CCBL_BGT_PERIOD	Output:false	Database Type:null	
No.2	Access path:/session/@company_id	Data type of passed value :java.lang.Integer	Value:2575	Output:false	Database Type:null	

=============== END [query] SQL Statement execution dump ============

2018-10-21 07:53:44.642 [uncertain.proc] [CONFIG] [action] CreateSuccessResponse
