2018-10-21 08:20:24.324 [aurora.application.session_check] [CONFIG] Session data copied to context
2018-10-21 08:20:24.324 [aurora.application.session_check] [CONFIG] Checking BM access bgt.bgt_journal_line_detail for operation query
2018-10-21 08:20:24.325 [aurora.application.session_check] [CONFIG] Result from aurora.bm.DefaultAccessChecker@f3fbe0e is true
2018-10-21 08:20:24.325 [uncertain.proc] [CONFIG] [action] AccessCheck
2018-10-21 08:20:24.327 [uncertain.proc] [CONFIG] [action] CheckServiceLock
2018-10-21 08:20:24.327 [uncertain.proc] [CONFIG] [action] ParseParameter
2018-10-21 08:20:24.327 [uncertain.proc] [CONFIG] [action] ValidateInput
2018-10-21 08:20:24.327 [uncertain.proc] [CONFIG] [action] InvokeService
2018-10-21 08:20:24.327 [aurora.database] [CONFIG] ===================================== prepare to run model-query bgt.bgt_journal_line_detail==============================
2018-10-21 08:20:24.330 [uncertain.proc] [CONFIG] [action] DecideSqlGenerationMode
2018-10-21 08:20:24.330 [uncertain.proc] [FINE] aurora.database.service.BusinessModelService.onDecideSqlGenerationMode
2018-10-21 08:20:24.330 [uncertain.proc] [CONFIG] [action] CreateOperationSql
2018-10-21 08:20:24.330 [uncertain.proc] [CONFIG] [action] PopulateOperationSql
2018-10-21 08:20:24.330 [uncertain.proc] [FINE] aurora.database.features.OrderByClauseCreator.onPopulateOperationSql
2018-10-21 08:20:24.330 [uncertain.proc] [FINE] aurora.database.features.WhereClauseCreator.onPopulateOperationSql
2018-10-21 08:20:24.330 [uncertain.proc] [CONFIG] [action] ExecuteQuery
2018-10-21 08:20:24.330 [uncertain.proc] [FINE] aurora.bm.QuerySqlCreator.onExecuteQuery
2018-10-21 08:20:25.561 [uncertain.proc] [CONFIG] [action] QueryFinish
2018-10-21 08:20:25.561 [uncertain.proc] [FINE] aurora.database.features.AutoQueryCounter.onQueryFinish
2018-10-21 08:20:25.702 [uncertain.proc] [CONFIG] [action] FetchResultSet
2018-10-21 08:20:25.702 [uncertain.proc] [FINE] aurora.database.features.CacheBasedLookUpField.postFetchResultSet
2018-10-21 08:20:25.702 [aurora.database] [CONFIG] 
============= BEGIN [query] SQL Statement execution dump ============

                SELECT
                    *
                FROM
                    (SELECT
                        t.journal_header_id,
                        t.journal_line_id,
                        t.responsibility_center_id center_id,
                        (SELECT
                            responsibility_center_name
                        FROM
                            fnd_responsibility_centers_vl r
                        WHERE
                            r.responsibility_center_id = t.responsibility_center_id
                        ) AS responsibility_center_name,
                        t.budget_item_id,
                        (SELECT
                            description
                        FROM
                            bgt_budget_items_company_vl b
                        WHERE
                            b.budget_item_id = t.budget_item_id AND
                            company_id       = ?
                        ) AS description,
                        t.currency AS currency_code,
                        (SELECT
                            currency_name
                        FROM
                            gld_currency_vl gb
                        WHERE
                            gb.CURRENCY_CODE = t.currency
                        ) AS currency_name,
                        t.line_period_year,
                        t.line_period_quarter,
                        t.line_period_name,
                        t.line_bgt_period_num,
                        t.exchange_rate,
                        t.amount,
                        t.functional_amount,
                        t.quantity,
                        t.journal_lines_notes,
                        t.uom,
                        t.company_id,
                        (SELECT
                            c.company_short_name
                        FROM
                            fnd_companies_vl c
                        WHERE
                            c.company_id = t.company_id
                        ) AS company_name,
                        (SELECT
                            description
                        FROM
                            fnd_dimension_values_vl ff
                        WHERE
                            ff.dimension_value_id = t.dimension7_id
                        ) AS d7,
                        t.dimension8_id AS e8,
                        (SELECT
                            description
                        FROM
                            fnd_dimension_values_vl ff
                        WHERE
                            ff.dimension_value_id = t.dimension3_id
                        ) AS d3,
                        gso.functional_currency_code,
                        fr.responsibility_center_name center_id_display,
                        bb.description budget_item_id_display,
                        bjh.bgt_journal_type_id,
                        bjh.operation_unit_id,
                        (SELECT
                            fo.description
                        FROM
                            fnd_operation_units_vl fo
                        WHERE
                            bjh.operation_unit_id = fo.operation_unit_id
                        ) operation_unit_desc,
                        bjh.bgt_org_id,
                        bjh.budget_structure_id,
                        bbs.description budget_structure_desc,
                        bbs.period_set_code,
                        bpsv.description period_set_desc,
                        bbs.period_strategy,
                        bjh.budget_journal_number,
                        bjh.period_year,
                        bjh.period_quarter,
                        bjh.period_name,
                        bjh.bgt_period_num,
                        bjh.journal_header_notes,
                        bjh.scenario_id,
                        bs.description scenario_desc,
                        bjh.version_id,
                        bv.description version_desc,
                        bjh.status,
                        NVL(bjh.reversed_flag, 'N') reversed_flag,
                        (SELECT
                            scv.code_value_name
                        FROM
                            sys_codes sc,
                            sys_code_values_vl scv
                        WHERE
                            sc.code_id                  = scv.code_id AND
                            sc.code                     = 'CSH_REVERSE_SELECT' AND
                            sc.enabled_flag             = 'Y' AND
                            scv.enabled_flag            = 'Y' AND
                            NVL(bjh.reversed_flag, 'N') = scv.code_value
                        ) reversed_status,
                        (SELECT
                            l.code_value_name
                        FROM
                            sys_codes h,
                            sys_code_values_vl l
                        WHERE
                            h.code       = 'BUDGET_PERIOD' AND
                            h.code_id    = l.code_id AND
                            l.code_value = bbs.period_strategy
                        ) period_strategy_desc,
                        (SELECT
                            scv.code_value_name
                        FROM
                            sys_codes sc,
                            sys_code_values_vl scv
                        WHERE
                            sc.code_id     = scv.code_id AND
                            sc.code        = 'BGT_BUDGET_STATUS' AND
                            scv.code_value = bjh.status
                        ) status_desc,
                        bjh.source_budget_header_id,
                        bjh.approved_date,
                        bjh.approved_by,
                        bjh.posted_date,
                        bjh.posted_by,
                        bjt.description bgt_jour_type_desc,
                        (SELECT
                            pv.page_name
                        FROM
                            bgt_jour_type_pages_v pv
                        WHERE
                            bjt.document_page_type = pv.page_type AND
                            pv.page_usage          = 'QUERY'
                        ) page_name,
                        bjh.employee_id,
                        (SELECT ee.name FROM exp_employees ee WHERE ee.employee_id = bjh.employee_id
                        ) employee_name,
                        bjh.unit_id,
                        (SELECT
                            eou.description
                        FROM
                            exp_org_unit_vl eou
                        WHERE
                            eou.unit_id = bjh.unit_id
                        ) unit_name,
                        (SELECT
                            SUM(bjl.amount)
                        FROM
                            bgt_journal_lines bjl
                        WHERE
                            bjl.journal_header_id = bjh.journal_header_id
                        ) sum_amount,
                        bjh.created_by,
                        bjh.creation_date,
                        TO_CHAR(bjh.creation_date, 'YYYY-MM-DD') creation_date_display
                    FROM
                        bgt_journal_lines t,
                        gld_set_of_books_vl gso,
                        fnd_companies fc,
                        fnd_responsibility_centers_vl fr,
                        bgt_budget_items_company_vl bb,
                        bgt_journal_headers bjh,
                        bgt_budget_structures_vl bbs,
                        bgt_versions_vl bv,
                        bgt_scenarios_vl bs,
                        bgt_period_sets_vl bpsv,
                        bgt_journal_types_vl bjt
                    WHERE
                        gso.set_of_books_id        = fc.set_of_books_id AND
                        bb.company_id              = ? AND
                        t.responsibility_center_id = fr.responsibility_center_id(+) AND
                        t.budget_item_id           = bb.budget_item_id(+) AND
                        fc.company_id              =? AND
                        bjh.budget_structure_id    = bbs.budget_structure_id AND
                        bjh.version_id             = bv.version_id AND
                        bjh.scenario_id            = bs.scenario_id AND
                        bbs.period_set_code        = bpsv.bgt_period_set_code AND
                        bbs.bgt_org_id             = bpsv.bgt_org_id AND
                        bjh.bgt_journal_type_id    = bjt.bgt_journal_type_id AND
                        t.journal_header_id        = bjh.journal_header_id
                    ) v 
                ORDER BY
                    v.journal_line_id DESC
            
---------------------Binding info---------------------
No.1	Access path:/session/@company_id	Data type of passed value :java.lang.Integer	Value:2575	Output:false	Database Type:null	
No.2	Access path:/session/@company_id	Data type of passed value :java.lang.Integer	Value:2575	Output:false	Database Type:null	
No.3	Access path:/session/@company_id	Data type of passed value :java.lang.Integer	Value:2575	Output:false	Database Type:null	

=============== END [query] SQL Statement execution dump ============

2018-10-21 08:20:25.702 [uncertain.proc] [CONFIG] [action] CreateSuccessResponse
