2018-10-18 06:31:54.299 [aurora.application.session_check] [CONFIG] Session data copied to context
2018-10-18 06:31:54.299 [aurora.application.session_check] [CONFIG] Checking BM access bgt.BGT1030.bgt_version_company_assign for operation batch_update
2018-10-18 06:31:54.299 [aurora.application.session_check] [CONFIG] for batch_update, access check will be performed on each record from parameter
2018-10-18 06:31:54.299 [uncertain.proc] [CONFIG] [action] AccessCheck
2018-10-18 06:31:54.301 [uncertain.proc] [CONFIG] [action] CheckServiceLock
2018-10-18 06:31:54.301 [uncertain.proc] [CONFIG] [action] ParseParameter
2018-10-18 06:31:54.301 [uncertain.proc] [CONFIG] [action] ValidateInput
2018-10-18 06:31:54.301 [uncertain.proc] [CONFIG] [action] InvokeService
2018-10-18 06:31:54.303 [aurora.database] [CONFIG] ============ Running model batch update with data from path /parameter, total 1 records
2018-10-18 06:31:54.303 [aurora.database] [CONFIG] execute insert on record No.0 for model bgt.BGT1030.bgt_version_company_assign
2018-10-18 06:31:54.305 [uncertain.proc] [CONFIG] [action] DecideStatement
2018-10-18 06:31:54.307 [uncertain.proc] [CONFIG] [action] DecideSqlGenerationMode
2018-10-18 06:31:54.307 [uncertain.proc] [FINE] aurora.database.service.BusinessModelService.onDecideSqlGenerationMode
2018-10-18 06:31:54.307 [uncertain.proc] [CONFIG] [action] CreateOperationSql
2018-10-18 06:31:54.307 [uncertain.proc] [CONFIG] [action] PopulateOperationSql
2018-10-18 06:31:54.307 [uncertain.proc] [FINE] aurora.database.features.OrderByClauseCreator.onPopulateOperationSql
2018-10-18 06:31:54.307 [uncertain.proc] [FINE] aurora.database.features.WhereClauseCreator.onPopulateOperationSql
2018-10-18 06:31:54.307 [uncertain.proc] [CONFIG] [action] CreateSqlRunner
2018-10-18 06:31:54.307 [uncertain.proc] [FINE] aurora.database.service.BusinessModelService.onCreateSqlRunner
2018-10-18 06:31:54.307 [uncertain.proc] [CONFIG] [action] ExecuteDmlStatement
2018-10-18 06:31:54.307 [uncertain.proc] [FINE] aurora.database.service.BusinessModelService.onExecuteDmlStatement
2018-10-18 06:31:54.313 [aurora.database] [CONFIG] 
============= BEGIN [Insert] SQL Statement execution dump ============
 
            begin
              bgt_versions_pkg.insert_bgt_company_versions(?,
                                                  ?,
                                                  ?,
                                                  ?,
                                                  ?);
                                          
          end;
             
---------------------Binding info---------------------
No.1	Access path:@company_id	Data type of passed value :java.lang.Integer	Value:2555	Output:false	Database Type:null	
No.2	Access path:@version_id	Data type of passed value :java.lang.String	Value:21	Output:false	Database Type:null	
No.3	Access path:@enabled_flag	Data type of passed value :java.lang.String	Value:Y	Output:false	Database Type:null	
No.4	Access path:@status	Data type of passed value :java.lang.String	Value:CURRENT	Output:false	Database Type:null	
No.5	Access path:/session/@user_id	Data type of passed value :java.lang.Long	Value:2242	Output:false	Database Type:null	

=============== END [Insert] SQL Statement execution dump ============

2018-10-18 06:31:54.313 [aurora.database] [CONFIG] ============ End of batch update for /parameter
2018-10-18 06:31:54.314 [uncertain.proc] [CONFIG] [action] CreateSuccessResponse
