2018-10-17 09:54:53.852 [aurora.application.session_check] [CONFIG] Session data copied to context
2018-10-17 09:54:53.852 [aurora.application.session_check] [CONFIG] Checking BM access bgt.BGT2920.bgt_control_rules_detail for operation batch_update
2018-10-17 09:54:53.852 [aurora.application.session_check] [CONFIG] for batch_update, access check will be performed on each record from parameter
2018-10-17 09:54:53.852 [uncertain.proc] [CONFIG] [action] AccessCheck
2018-10-17 09:54:53.855 [uncertain.proc] [CONFIG] [action] CheckServiceLock
2018-10-17 09:54:53.855 [uncertain.proc] [CONFIG] [action] ParseParameter
2018-10-17 09:54:53.855 [uncertain.proc] [CONFIG] [action] ValidateInput
2018-10-17 09:54:53.855 [uncertain.proc] [CONFIG] [action] InvokeService
2018-10-17 09:54:53.858 [aurora.database] [CONFIG] ============ Running model batch update with data from path /parameter, total 1 records
2018-10-17 09:54:53.858 [aurora.database] [CONFIG] execute update on record No.0 for model bgt.BGT2920.bgt_control_rules_detail
2018-10-17 09:54:53.863 [uncertain.proc] [CONFIG] [action] DecideStatement
2018-10-17 09:54:53.866 [uncertain.proc] [CONFIG] [action] DecideSqlGenerationMode
2018-10-17 09:54:53.866 [uncertain.proc] [FINE] aurora.database.service.BusinessModelService.onDecideSqlGenerationMode
2018-10-17 09:54:53.866 [uncertain.proc] [CONFIG] [action] CreateOperationSql
2018-10-17 09:54:53.866 [uncertain.proc] [CONFIG] [action] PopulateOperationSql
2018-10-17 09:54:53.866 [uncertain.proc] [FINE] aurora.database.features.OrderByClauseCreator.onPopulateOperationSql
2018-10-17 09:54:53.866 [uncertain.proc] [FINE] aurora.database.features.WhereClauseCreator.onPopulateOperationSql
2018-10-17 09:54:53.866 [uncertain.proc] [CONFIG] [action] CreateSqlRunner
2018-10-17 09:54:53.866 [uncertain.proc] [FINE] aurora.database.service.BusinessModelService.onCreateSqlRunner
2018-10-17 09:54:53.866 [uncertain.proc] [CONFIG] [action] ExecuteDmlStatement
2018-10-17 09:54:53.866 [uncertain.proc] [FINE] aurora.database.service.BusinessModelService.onExecuteDmlStatement
2018-10-17 09:54:53.871 [aurora.database] [CONFIG] 
============= BEGIN [Update] SQL Statement execution dump ============

        		begin
	 bgt_control_rules_pkg.update_bgt_control_rule_dtl( ?,
													 ?,
													 ?,
													 ?,
													 ?,
													 ?,
													 ?,
													 null,
													 to_date(?,'yyyy-mm-dd'),
													 ?); 
end;
        	
---------------------Binding info---------------------
No.1	Access path:@control_rule_detail_id	Data type of passed value :java.lang.Integer	Value:90	Output:false	Database Type:null	
No.2	Access path:@rule_parameter_type	Data type of passed value :java.lang.String	Value:BGT_CONTROL_PARAMETER_ORG	Output:false	Database Type:null	
No.3	Access path:@rule_parameter	Data type of passed value :java.lang.String	Value:RESPONSIBILITY_CENTER	Output:false	Database Type:null	
No.4	Access path:@filtrate_method	Data type of passed value :java.lang.String	Value:INCLUDE	Output:false	Database Type:null	
No.5	Access path:@summary_or_detail	Data type of passed value :java.lang.String	Value:ALL	Output:false	Database Type:null	
No.6	Access path:@parameter_lower_limit	Data type of passed value :java.lang.String	Value:ZB-1399	Output:false	Database Type:null	
No.7	Access path:@parameter_upper_limit	Data type of passed value :java.lang.String	Value:ZB-1399	Output:false	Database Type:null	
No.8	Access path:@invalid_date	Data type of passed value :[null]	Value:null	Output:false	Database Type:null	
No.9	Access path:/session/@user_id	Data type of passed value :java.lang.Long	Value:2242	Output:false	Database Type:null	

=============== END [Update] SQL Statement execution dump ============

2018-10-17 09:54:53.871 [aurora.database] [CONFIG] ============ End of batch update for /parameter
2018-10-17 09:54:53.871 [uncertain.proc] [CONFIG] [action] CreateSuccessResponse
