2018-10-17 08:11:36.0 [aurora.application.session_check] [CONFIG] Session data copied to context
2018-10-17 08:11:36.1 [aurora.application.session_check] [CONFIG] Checking BM access bgt.BGT2200.bgt_jour_t_ref_scen for operation query
2018-10-17 08:11:36.2 [aurora.application.session_check] [CONFIG] Result from aurora.bm.DefaultAccessChecker@27985e86 is true
2018-10-17 08:11:36.2 [uncertain.proc] [CONFIG] [action] AccessCheck
2018-10-17 08:11:36.4 [uncertain.proc] [CONFIG] [action] CheckServiceLock
2018-10-17 08:11:36.4 [uncertain.proc] [CONFIG] [action] ParseParameter
2018-10-17 08:11:36.4 [uncertain.proc] [CONFIG] [action] ValidateInput
2018-10-17 08:11:36.4 [uncertain.proc] [CONFIG] [action] InvokeService
2018-10-17 08:11:36.4 [aurora.database] [CONFIG] ===================================== prepare to run model-query bgt.BGT2200.bgt_jour_t_ref_scen==============================
2018-10-17 08:11:36.8 [uncertain.proc] [CONFIG] [action] DecideSqlGenerationMode
2018-10-17 08:11:36.8 [uncertain.proc] [FINE] aurora.database.service.BusinessModelService.onDecideSqlGenerationMode
2018-10-17 08:11:36.8 [uncertain.proc] [CONFIG] [action] CreateOperationSql
2018-10-17 08:11:36.8 [uncertain.proc] [CONFIG] [action] PopulateOperationSql
2018-10-17 08:11:36.8 [uncertain.proc] [FINE] aurora.database.features.OrderByClauseCreator.onPopulateOperationSql
2018-10-17 08:11:36.8 [uncertain.proc] [FINE] aurora.database.features.WhereClauseCreator.onPopulateOperationSql
2018-10-17 08:11:36.8 [uncertain.proc] [CONFIG] [action] ExecuteQuery
2018-10-17 08:11:36.8 [uncertain.proc] [FINE] aurora.bm.QuerySqlCreator.onExecuteQuery
2018-10-17 08:11:36.9 [uncertain.proc] [CONFIG] [action] QueryFinish
2018-10-17 08:11:36.9 [uncertain.proc] [FINE] aurora.database.features.AutoQueryCounter.onQueryFinish
2018-10-17 08:11:36.10 [uncertain.proc] [CONFIG] [action] FetchResultSet
2018-10-17 08:11:36.10 [uncertain.proc] [FINE] aurora.database.features.CacheBasedLookUpField.postFetchResultSet
2018-10-17 08:11:36.10 [aurora.database] [CONFIG] 
============= BEGIN [query] SQL Statement execution dump ============

				select t.ref_id,
				       t.bgt_journal_type_id,
				       t.scenario_id,
				       a.scenario_code,
				       a.description_id,
				       c.description_text budget_scen
				  from bgt_jour_t_ref_scen t,
				       bgt_scenarios       a,
				       fnd_descriptions    c
				 where t.scenario_id = a.scenario_id
				   and a.description_id = c.description_id
				   and t.bgt_journal_type_id = ?
			       and c.language=?
				 order by a.scenario_code
   
---------------------Binding info---------------------
No.1	Access path:@bgt_journal_type_id	Data type of passed value :java.lang.String	Value:52	Output:false	Database Type:null	
No.2	Access path:/session/@lang	Data type of passed value :java.lang.String	Value:ZHS	Output:false	Database Type:null	

=============== END [query] SQL Statement execution dump ============

2018-10-17 08:11:36.10 [uncertain.proc] [CONFIG] [action] CreateSuccessResponse
