2018-10-19 06:19:59.777 [aurora.application.session_check] [CONFIG] Session data copied to context
2018-10-19 06:19:59.781 [aurora.application.session_check] [CONFIG] Checking BM access bgt.BGT2110.bgt_budget_structure_update for operation batch_update
2018-10-19 06:19:59.781 [aurora.application.session_check] [CONFIG] for batch_update, access check will be performed on each record from parameter
2018-10-19 06:19:59.781 [uncertain.proc] [CONFIG] [action] AccessCheck
2018-10-19 06:19:59.788 [uncertain.proc] [CONFIG] [action] CheckServiceLock
2018-10-19 06:19:59.788 [uncertain.proc] [CONFIG] [action] ParseParameter
2018-10-19 06:19:59.788 [uncertain.proc] [CONFIG] [action] ValidateInput
2018-10-19 06:19:59.788 [uncertain.proc] [CONFIG] [action] InvokeService
2018-10-19 06:19:59.791 [aurora.database] [CONFIG] ============ Running model batch update with data from path /parameter, total 3 records
2018-10-19 06:19:59.791 [aurora.database] [CONFIG] execute update on record No.0 for model bgt.BGT2110.bgt_budget_structure_update
2018-10-19 06:19:59.805 [uncertain.proc] [CONFIG] [action] DecideStatement
2018-10-19 06:19:59.807 [uncertain.proc] [CONFIG] [action] DecideSqlGenerationMode
2018-10-19 06:19:59.807 [uncertain.proc] [FINE] aurora.database.service.BusinessModelService.onDecideSqlGenerationMode
2018-10-19 06:19:59.807 [uncertain.proc] [CONFIG] [action] CreateOperationSql
2018-10-19 06:19:59.807 [uncertain.proc] [CONFIG] [action] PopulateOperationSql
2018-10-19 06:19:59.807 [uncertain.proc] [FINE] aurora.database.features.OrderByClauseCreator.onPopulateOperationSql
2018-10-19 06:19:59.807 [uncertain.proc] [FINE] aurora.database.features.WhereClauseCreator.onPopulateOperationSql
2018-10-19 06:19:59.807 [uncertain.proc] [CONFIG] [action] CreateSqlRunner
2018-10-19 06:19:59.807 [uncertain.proc] [FINE] aurora.database.service.BusinessModelService.onCreateSqlRunner
2018-10-19 06:19:59.808 [uncertain.proc] [CONFIG] [action] ExecuteDmlStatement
2018-10-19 06:19:59.808 [uncertain.proc] [FINE] aurora.database.service.BusinessModelService.onExecuteDmlStatement
2018-10-19 06:19:59.930 [aurora.database] [CONFIG] 
============= BEGIN [Update] SQL Statement execution dump ============
  
			begin
			  bgt_budget_structures_pkg.update_bgt_budget_structures(?,
			                                                         ?,
			                                                         ?,
			                                                         ?,
			                                                         ?,
			                                                         ?);
			end;
			
			
---------------------Binding info---------------------
No.1	Access path:@budget_structure_id	Data type of passed value :java.lang.Integer	Value:11	Output:false	Database Type:null	
No.2	Access path:@description	Data type of passed value :java.lang.String	Value:测试预算表	Output:false	Database Type:null	
No.3	Access path:@period_strategy	Data type of passed value :java.lang.String	Value:MONTH	Output:false	Database Type:null	
No.4	Access path:@enabled_flag	Data type of passed value :java.lang.String	Value:N	Output:false	Database Type:null	
No.5	Access path:@note	Data type of passed value :[null]	Value:null	Output:false	Database Type:null	
No.6	Access path:/session/@user_id	Data type of passed value :java.lang.Long	Value:1	Output:false	Database Type:null	

=============== END [Update] SQL Statement execution dump ============

2018-10-19 06:19:59.930 [aurora.database] [CONFIG] execute update on record No.1 for model bgt.BGT2110.bgt_budget_structure_update
2018-10-19 06:19:59.933 [uncertain.proc] [CONFIG] [action] DecideStatement
2018-10-19 06:19:59.934 [uncertain.proc] [CONFIG] [action] DecideSqlGenerationMode
2018-10-19 06:19:59.934 [uncertain.proc] [FINE] aurora.database.service.BusinessModelService.onDecideSqlGenerationMode
2018-10-19 06:19:59.934 [uncertain.proc] [CONFIG] [action] CreateOperationSql
2018-10-19 06:19:59.934 [uncertain.proc] [CONFIG] [action] PopulateOperationSql
2018-10-19 06:19:59.934 [uncertain.proc] [FINE] aurora.database.features.OrderByClauseCreator.onPopulateOperationSql
2018-10-19 06:19:59.934 [uncertain.proc] [FINE] aurora.database.features.WhereClauseCreator.onPopulateOperationSql
2018-10-19 06:19:59.934 [uncertain.proc] [CONFIG] [action] CreateSqlRunner
2018-10-19 06:19:59.934 [uncertain.proc] [FINE] aurora.database.service.BusinessModelService.onCreateSqlRunner
2018-10-19 06:19:59.934 [uncertain.proc] [CONFIG] [action] ExecuteDmlStatement
2018-10-19 06:19:59.934 [uncertain.proc] [FINE] aurora.database.service.BusinessModelService.onExecuteDmlStatement
2018-10-19 06:19:59.937 [aurora.database] [CONFIG] 
============= BEGIN [Update] SQL Statement execution dump ============
  
			begin
			  bgt_budget_structures_pkg.update_bgt_budget_structures(?,
			                                                         ?,
			                                                         ?,
			                                                         ?,
			                                                         ?,
			                                                         ?);
			end;
			
			
---------------------Binding info---------------------
No.1	Access path:@budget_structure_id	Data type of passed value :java.lang.Integer	Value:21	Output:false	Database Type:null	
No.2	Access path:@description	Data type of passed value :java.lang.String	Value:测试预算表1017	Output:false	Database Type:null	
No.3	Access path:@period_strategy	Data type of passed value :java.lang.String	Value:MONTH	Output:false	Database Type:null	
No.4	Access path:@enabled_flag	Data type of passed value :java.lang.String	Value:N	Output:false	Database Type:null	
No.5	Access path:@note	Data type of passed value :[null]	Value:null	Output:false	Database Type:null	
No.6	Access path:/session/@user_id	Data type of passed value :java.lang.Long	Value:1	Output:false	Database Type:null	

=============== END [Update] SQL Statement execution dump ============

2018-10-19 06:19:59.937 [aurora.database] [CONFIG] execute update on record No.2 for model bgt.BGT2110.bgt_budget_structure_update
2018-10-19 06:19:59.938 [uncertain.proc] [CONFIG] [action] DecideStatement
2018-10-19 06:19:59.940 [uncertain.proc] [CONFIG] [action] DecideSqlGenerationMode
2018-10-19 06:19:59.940 [uncertain.proc] [FINE] aurora.database.service.BusinessModelService.onDecideSqlGenerationMode
2018-10-19 06:19:59.940 [uncertain.proc] [CONFIG] [action] CreateOperationSql
2018-10-19 06:19:59.940 [uncertain.proc] [CONFIG] [action] PopulateOperationSql
2018-10-19 06:19:59.940 [uncertain.proc] [FINE] aurora.database.features.OrderByClauseCreator.onPopulateOperationSql
2018-10-19 06:19:59.940 [uncertain.proc] [FINE] aurora.database.features.WhereClauseCreator.onPopulateOperationSql
2018-10-19 06:19:59.940 [uncertain.proc] [CONFIG] [action] CreateSqlRunner
2018-10-19 06:19:59.940 [uncertain.proc] [FINE] aurora.database.service.BusinessModelService.onCreateSqlRunner
2018-10-19 06:19:59.940 [uncertain.proc] [CONFIG] [action] ExecuteDmlStatement
2018-10-19 06:19:59.940 [uncertain.proc] [FINE] aurora.database.service.BusinessModelService.onExecuteDmlStatement
2018-10-19 06:19:59.941 [aurora.database] [CONFIG] 
============= BEGIN [Update] SQL Statement execution dump ============
  
			begin
			  bgt_budget_structures_pkg.update_bgt_budget_structures(?,
			                                                         ?,
			                                                         ?,
			                                                         ?,
			                                                         ?,
			                                                         ?);
			end;
			
			
---------------------Binding info---------------------
No.1	Access path:@budget_structure_id	Data type of passed value :java.lang.Integer	Value:22	Output:false	Database Type:null	
No.2	Access path:@description	Data type of passed value :java.lang.String	Value:测试预算表1017_1	Output:false	Database Type:null	
No.3	Access path:@period_strategy	Data type of passed value :java.lang.String	Value:MONTH	Output:false	Database Type:null	
No.4	Access path:@enabled_flag	Data type of passed value :java.lang.String	Value:N	Output:false	Database Type:null	
No.5	Access path:@note	Data type of passed value :[null]	Value:null	Output:false	Database Type:null	
No.6	Access path:/session/@user_id	Data type of passed value :java.lang.Long	Value:1	Output:false	Database Type:null	

=============== END [Update] SQL Statement execution dump ============

2018-10-19 06:19:59.941 [aurora.database] [CONFIG] ============ End of batch update for /parameter
2018-10-19 06:19:59.941 [uncertain.proc] [CONFIG] [action] CreateSuccessResponse
