2018-10-21 07:28:23.289 [aurora.application.session_check] [CONFIG] Session data copied to context
2018-10-21 07:28:23.289 [aurora.application.session_check] [CONFIG] Checking BM access bgt.bgt_periods_query for operation query
2018-10-21 07:28:23.291 [aurora.application.session_check] [CONFIG] Result from aurora.bm.DefaultAccessChecker@7ab50d7f is true
2018-10-21 07:28:23.291 [uncertain.proc] [CONFIG] [action] AccessCheck
2018-10-21 07:28:23.292 [uncertain.proc] [CONFIG] [action] CheckServiceLock
2018-10-21 07:28:23.292 [uncertain.proc] [CONFIG] [action] ParseParameter
2018-10-21 07:28:23.292 [uncertain.proc] [CONFIG] [action] ValidateInput
2018-10-21 07:28:23.292 [uncertain.proc] [CONFIG] [action] InvokeService
2018-10-21 07:28:23.292 [aurora.database] [CONFIG] ===================================== prepare to run model-query bgt.bgt_periods_query==============================
2018-10-21 07:28:23.299 [uncertain.proc] [CONFIG] [action] DecideSqlGenerationMode
2018-10-21 07:28:23.299 [uncertain.proc] [FINE] aurora.database.service.BusinessModelService.onDecideSqlGenerationMode
2018-10-21 07:28:23.299 [uncertain.proc] [CONFIG] [action] CreatequeryStatement
2018-10-21 07:28:23.299 [uncertain.proc] [FINE] aurora.bm.QuerySqlCreator.onCreateQueryStatement
2018-10-21 07:28:23.299 [uncertain.proc] [CONFIG] [action] PopulatequeryStatement
2018-10-21 07:28:23.299 [uncertain.proc] [FINE] aurora.database.features.OrderByClauseCreator.onPopulateQueryStatement
2018-10-21 07:28:23.299 [uncertain.proc] [FINE] aurora.database.features.WhereClauseCreator.onPopulateQueryStatement
2018-10-21 07:28:23.299 [uncertain.proc] [CONFIG] [action] CreatequerySql
2018-10-21 07:28:23.299 [uncertain.proc] [FINE] aurora.bm.QuerySqlCreator.onCreateQuerySql
2018-10-21 07:28:23.299 [uncertain.proc] [CONFIG] [action] ExecuteQuery
2018-10-21 07:28:23.299 [uncertain.proc] [FINE] aurora.bm.QuerySqlCreator.onExecuteQuery
2018-10-21 07:28:23.299 [uncertain.proc] [CONFIG] [action] QueryFinish
2018-10-21 07:28:23.299 [uncertain.proc] [FINE] aurora.database.features.AutoQueryCounter.onQueryFinish
2018-10-21 07:28:23.300 [uncertain.proc] [CONFIG] [action] FetchResultSet
2018-10-21 07:28:23.300 [uncertain.proc] [FINE] aurora.database.features.CacheBasedLookUpField.postFetchResultSet
2018-10-21 07:28:23.300 [aurora.database] [CONFIG] 
============= BEGIN [query] SQL Statement execution dump ============
SELECT t1.BGT_ORG_ID,t1.BGT_PERIOD_SET_CODE,t1.BGT_PERIOD_YEAR,t1.BGT_PERIOD_NUM,t1.BGT_QUARTER_NUM,t1.PERIOD_NAME
FROM BGT_PERIODS t1
WHERE bgt_period_set_code = ? AND PERIOD_NAME = ?
---------------------Binding info---------------------
No.1	Access path:@period_set_code	Data type of passed value :java.lang.String	Value:CCBL_BGT_PERIOD	Output:false	Database Type:null	
No.2	Access path:@period_name	Data type of passed value :java.lang.String	Value:2018-10	Output:false	Database Type:null	

=============== END [query] SQL Statement execution dump ============

2018-10-21 07:28:23.300 [uncertain.proc] [CONFIG] [action] CreateSuccessResponse
