2018-10-17 03:04:09.983 [aurora.application.session_check] [CONFIG] Session data copied to context
2018-10-17 03:04:09.983 [aurora.application.session_check] [CONFIG] Checking BM access bgt.BGT2200.bgt_jour_t_ref_strc for operation batch_update
2018-10-17 03:04:09.983 [aurora.application.session_check] [CONFIG] for batch_update, access check will be performed on each record from parameter
2018-10-17 03:04:09.983 [uncertain.proc] [CONFIG] [action] AccessCheck
2018-10-17 03:04:09.984 [uncertain.proc] [CONFIG] [action] CheckServiceLock
2018-10-17 03:04:09.984 [uncertain.proc] [CONFIG] [action] ParseParameter
2018-10-17 03:04:09.984 [uncertain.proc] [CONFIG] [action] ValidateInput
2018-10-17 03:04:09.984 [uncertain.proc] [CONFIG] [action] InvokeService
2018-10-17 03:04:09.986 [aurora.database] [CONFIG] ============ Running model batch update with data from path /parameter, total 1 records
2018-10-17 03:04:09.986 [aurora.database] [CONFIG] execute insert on record No.0 for model bgt.BGT2200.bgt_jour_t_ref_strc
2018-10-17 03:04:09.992 [uncertain.proc] [CONFIG] [action] DecideStatement
2018-10-17 03:04:09.995 [uncertain.proc] [CONFIG] [action] DecideSqlGenerationMode
2018-10-17 03:04:09.995 [uncertain.proc] [FINE] aurora.database.service.BusinessModelService.onDecideSqlGenerationMode
2018-10-17 03:04:09.995 [uncertain.proc] [CONFIG] [action] CreateInsertStatement
2018-10-17 03:04:09.995 [uncertain.proc] [FINE] aurora.bm.InsertSqlCreator.onCreateInsertStatement
2018-10-17 03:04:09.995 [uncertain.proc] [CONFIG] [action] PopulateInsertStatement
2018-10-17 03:04:09.995 [uncertain.proc] [FINE] aurora.database.local.oracle.SequencePk.postPopulateInsertStatement
2018-10-17 03:04:09.995 [uncertain.proc] [CONFIG] [action] CreateInsertSql
2018-10-17 03:04:09.995 [uncertain.proc] [FINE] aurora.bm.InsertSqlCreator.onCreateInsertSql
2018-10-17 03:04:09.995 [uncertain.proc] [CONFIG] [action] CreateSqlRunner
2018-10-17 03:04:09.995 [uncertain.proc] [FINE] aurora.database.service.BusinessModelService.onCreateSqlRunner
2018-10-17 03:04:09.995 [uncertain.proc] [CONFIG] [action] ExecuteDmlStatement
2018-10-17 03:04:09.995 [uncertain.proc] [FINE] aurora.database.service.BusinessModelService.onExecuteDmlStatement
2018-10-17 03:04:09.998 [aurora.database] [CONFIG] 
============= BEGIN [Insert] SQL Statement execution dump ============
BEGIN INSERT INTO BGT_JOUR_T_REF_STRC ( REF_ID,BGT_JOURNAL_TYPE_ID,BUDGET_STRUCTURE_ID,DEFAULT_FLAG,CREATED_BY,CREATION_DATE,LAST_UPDATED_BY,LAST_UPDATE_DATE) VALUES ( BGT_JOUR_T_REF_STRC_S.NEXTVAL,?,?,?,?,sysdate,?,sysdate)  RETURNING REF_ID INTO ?; END;
---------------------Binding info---------------------
No.1	Access path:@bgt_journal_type_id	Data type of passed value :java.lang.Long	Value:52	Output:false	Database Type:null	
No.2	Access path:@budget_structure_id	Data type of passed value :java.lang.Long	Value:2	Output:false	Database Type:null	
No.3	Access path:@default_flag	Data type of passed value :java.lang.String	Value:N	Output:false	Database Type:null	
No.4	Access path:/session/@user_id	Data type of passed value :java.lang.Long	Value:2242	Output:false	Database Type:null	
No.5	Access path:/session/@user_id	Data type of passed value :java.lang.Long	Value:2242	Output:false	Database Type:null	
No.6	Access path:@ref_id	Data type of passed value :[null]	Value:null	Output:true	Database Type:null	

=============== END [Insert] SQL Statement execution dump ============

2018-10-17 03:04:09.998 [aurora.database] [CONFIG] ============ End of batch update for /parameter
2018-10-17 03:04:09.998 [uncertain.proc] [CONFIG] [action] CreateSuccessResponse
