2018-10-21 08:59:08.441 [aurora.application.session_check] [CONFIG] Session data copied to context
2018-10-21 08:59:08.441 [aurora.application.session_check] [CONFIG] Checking BM access bgt.bgt_budget_structure_query for operation query
2018-10-21 08:59:08.442 [aurora.application.session_check] [CONFIG] Result from aurora.bm.DefaultAccessChecker@6fcab0da is true
2018-10-21 08:59:08.442 [uncertain.proc] [CONFIG] [action] AccessCheck
2018-10-21 08:59:08.444 [uncertain.proc] [CONFIG] [action] CheckServiceLock
2018-10-21 08:59:08.444 [uncertain.proc] [CONFIG] [action] ParseParameter
2018-10-21 08:59:08.444 [uncertain.proc] [CONFIG] [action] ValidateInput
2018-10-21 08:59:08.444 [uncertain.proc] [CONFIG] [action] InvokeService
2018-10-21 08:59:08.444 [aurora.database] [CONFIG] ===================================== prepare to run model-query bgt.bgt_budget_structure_query==============================
2018-10-21 08:59:08.448 [uncertain.proc] [CONFIG] [action] DecideSqlGenerationMode
2018-10-21 08:59:08.448 [uncertain.proc] [FINE] aurora.database.service.BusinessModelService.onDecideSqlGenerationMode
2018-10-21 08:59:08.448 [uncertain.proc] [CONFIG] [action] CreateOperationSql
2018-10-21 08:59:08.448 [uncertain.proc] [CONFIG] [action] PopulateOperationSql
2018-10-21 08:59:08.448 [uncertain.proc] [FINE] aurora.database.features.OrderByClauseCreator.onPopulateOperationSql
2018-10-21 08:59:08.448 [uncertain.proc] [FINE] aurora.database.features.WhereClauseCreator.onPopulateOperationSql
2018-10-21 08:59:08.448 [uncertain.proc] [CONFIG] [action] ExecuteQuery
2018-10-21 08:59:08.448 [uncertain.proc] [FINE] aurora.bm.QuerySqlCreator.onExecuteQuery
2018-10-21 08:59:08.451 [uncertain.proc] [CONFIG] [action] QueryFinish
2018-10-21 08:59:08.451 [uncertain.proc] [FINE] aurora.database.features.AutoQueryCounter.onQueryFinish
2018-10-21 08:59:08.455 [uncertain.proc] [CONFIG] [action] FetchResultSet
2018-10-21 08:59:08.455 [uncertain.proc] [FINE] aurora.database.features.CacheBasedLookUpField.postFetchResultSet
2018-10-21 08:59:08.455 [aurora.database] [CONFIG] 
============= BEGIN [query] SQL Statement execution dump ============

            select * from (select t.budget_structure_id,
			               t.bgt_org_id,
			               bo.bgt_org_code,
			               bo.description     as bgt_org_desc,
			               t.budget_strc_code,
			               t.description,
			               t.period_set_code,
			               bpsv.description   as period_set_desc,
			               t.period_strategy,
			               t.enabled_flag,
			               t.note
			          from bgt_budget_structures_vl t,
			               bgt_organizations_vl     bo,
			               bgt_period_sets_vl       bpsv
			         where t.period_set_code = bpsv.bgt_period_set_code(+)
			           and t.bgt_org_id = bpsv.bgt_org_id
			           and t.bgt_org_id = bo.bgt_org_id
			           and exists
			         (select fc.set_of_books_id
			                  from fnd_companies_vl fc
			                 where fc.set_of_books_id = bo.set_of_books_id
			                   and fc.company_id = ?)) t
			                    
 					 order by budget_strc_code
				
---------------------Binding info---------------------
No.1	Access path:/session/@company_id	Data type of passed value :java.lang.Integer	Value:2575	Output:false	Database Type:null	

=============== END [query] SQL Statement execution dump ============

2018-10-21 08:59:08.455 [uncertain.proc] [CONFIG] [action] CreateSuccessResponse
