2018-10-21 07:15:06.96 [aurora.application.session_check] [CONFIG] Session data copied to context
2018-10-21 07:15:06.96 [aurora.application.session_check] [CONFIG] Checking BM access bgt.BGT3010.bgt_budget_balance_condition_l_insert for operation batch_update
2018-10-21 07:15:06.96 [aurora.application.session_check] [CONFIG] for batch_update, access check will be performed on each record from parameter
2018-10-21 07:15:06.96 [uncertain.proc] [CONFIG] [action] AccessCheck
2018-10-21 07:15:06.98 [uncertain.proc] [CONFIG] [action] CheckServiceLock
2018-10-21 07:15:06.98 [uncertain.proc] [CONFIG] [action] ParseParameter
2018-10-21 07:15:06.98 [uncertain.proc] [CONFIG] [action] ValidateInput
2018-10-21 07:15:06.98 [uncertain.proc] [CONFIG] [action] InvokeService
2018-10-21 07:15:06.100 [aurora.database] [CONFIG] ============ Running model batch update with data from path /parameter, total 13 records
2018-10-21 07:15:06.100 [aurora.database] [CONFIG] execute insert on record No.0 for model bgt.BGT3010.bgt_budget_balance_condition_l_insert
2018-10-21 07:15:06.103 [uncertain.proc] [CONFIG] [action] DecideStatement
2018-10-21 07:15:06.105 [uncertain.proc] [CONFIG] [action] DecideSqlGenerationMode
2018-10-21 07:15:06.105 [uncertain.proc] [FINE] aurora.database.service.BusinessModelService.onDecideSqlGenerationMode
2018-10-21 07:15:06.105 [uncertain.proc] [CONFIG] [action] CreateOperationSql
2018-10-21 07:15:06.105 [uncertain.proc] [CONFIG] [action] PopulateOperationSql
2018-10-21 07:15:06.105 [uncertain.proc] [FINE] aurora.database.features.OrderByClauseCreator.onPopulateOperationSql
2018-10-21 07:15:06.105 [uncertain.proc] [FINE] aurora.database.features.WhereClauseCreator.onPopulateOperationSql
2018-10-21 07:15:06.105 [uncertain.proc] [CONFIG] [action] CreateSqlRunner
2018-10-21 07:15:06.105 [uncertain.proc] [FINE] aurora.database.service.BusinessModelService.onCreateSqlRunner
2018-10-21 07:15:06.105 [uncertain.proc] [CONFIG] [action] ExecuteDmlStatement
2018-10-21 07:15:06.105 [uncertain.proc] [FINE] aurora.database.service.BusinessModelService.onExecuteDmlStatement
2018-10-21 07:15:06.124 [aurora.database] [CONFIG] 
============= BEGIN [Insert] SQL Statement execution dump ============

                begin
                    BGT_BALANCE_QUERY_PKG.INSERT_BALANCE_QUREY_CONDS_L
                    (
                        p_balance_qurey_conds_h_id=>?,
                        p_session_id=>?,
                        p_parameter=>?,
                        p_id=>null,
                        p_code=>?,
                        p_control_rule_range=>?,
                        p_parameter_lower_limit=>?,
                        p_parameter_upper_limit=>?,
                        p_user_id=>?
                    );
                end;
---------------------Binding info---------------------
No.1	Access path:@balance_qurey_conds_h_id	Data type of passed value :java.lang.String	Value:71	Output:false	Database Type:null	
No.2	Access path:/session/@session_id	Data type of passed value :java.lang.Long	Value:55553	Output:false	Database Type:null	
No.3	Access path:@parameter_code	Data type of passed value :java.lang.String	Value:COMPANY	Output:false	Database Type:null	
No.4	Access path:@position_code	Data type of passed value :java.lang.String	Value:TEST1018_1	Output:false	Database Type:null	
No.5	Access path:@control_rule_range	Data type of passed value :java.lang.String	Value:ALL	Output:false	Database Type:null	
No.6	Access path:@position_code_from	Data type of passed value :java.lang.String	Value:TEST1018_1	Output:false	Database Type:null	
No.7	Access path:@position_code_to	Data type of passed value :java.lang.String	Value:TEST1018_1	Output:false	Database Type:null	
No.8	Access path:/session/@user_id	Data type of passed value :java.lang.Long	Value:2242	Output:false	Database Type:null	

=============== END [Insert] SQL Statement execution dump ============

2018-10-21 07:15:06.124 [aurora.database] [CONFIG] execute insert on record No.1 for model bgt.BGT3010.bgt_budget_balance_condition_l_insert
2018-10-21 07:15:06.126 [uncertain.proc] [CONFIG] [action] DecideStatement
2018-10-21 07:15:06.127 [uncertain.proc] [CONFIG] [action] DecideSqlGenerationMode
2018-10-21 07:15:06.127 [uncertain.proc] [FINE] aurora.database.service.BusinessModelService.onDecideSqlGenerationMode
2018-10-21 07:15:06.127 [uncertain.proc] [CONFIG] [action] CreateOperationSql
2018-10-21 07:15:06.127 [uncertain.proc] [CONFIG] [action] PopulateOperationSql
2018-10-21 07:15:06.127 [uncertain.proc] [FINE] aurora.database.features.OrderByClauseCreator.onPopulateOperationSql
2018-10-21 07:15:06.127 [uncertain.proc] [FINE] aurora.database.features.WhereClauseCreator.onPopulateOperationSql
2018-10-21 07:15:06.127 [uncertain.proc] [CONFIG] [action] CreateSqlRunner
2018-10-21 07:15:06.127 [uncertain.proc] [FINE] aurora.database.service.BusinessModelService.onCreateSqlRunner
2018-10-21 07:15:06.127 [uncertain.proc] [CONFIG] [action] ExecuteDmlStatement
2018-10-21 07:15:06.127 [uncertain.proc] [FINE] aurora.database.service.BusinessModelService.onExecuteDmlStatement
2018-10-21 07:15:06.129 [aurora.database] [CONFIG] 
============= BEGIN [Insert] SQL Statement execution dump ============

                begin
                    BGT_BALANCE_QUERY_PKG.INSERT_BALANCE_QUREY_CONDS_L
                    (
                        p_balance_qurey_conds_h_id=>?,
                        p_session_id=>?,
                        p_parameter=>?,
                        p_id=>null,
                        p_code=>?,
                        p_control_rule_range=>?,
                        p_parameter_lower_limit=>?,
                        p_parameter_upper_limit=>?,
                        p_user_id=>?
                    );
                end;
---------------------Binding info---------------------
No.1	Access path:@balance_qurey_conds_h_id	Data type of passed value :java.lang.String	Value:71	Output:false	Database Type:null	
No.2	Access path:/session/@session_id	Data type of passed value :java.lang.Long	Value:55553	Output:false	Database Type:null	
No.3	Access path:@parameter_code	Data type of passed value :java.lang.String	Value:BUDGET_VERSION	Output:false	Database Type:null	
No.4	Access path:@position_code	Data type of passed value :java.lang.String	Value:TEST1017_1	Output:false	Database Type:null	
No.5	Access path:@control_rule_range	Data type of passed value :java.lang.String	Value:ALL	Output:false	Database Type:null	
No.6	Access path:@position_code_from	Data type of passed value :java.lang.String	Value:TEST1017_1	Output:false	Database Type:null	
No.7	Access path:@position_code_to	Data type of passed value :java.lang.String	Value:TEST1017_1	Output:false	Database Type:null	
No.8	Access path:/session/@user_id	Data type of passed value :java.lang.Long	Value:2242	Output:false	Database Type:null	

=============== END [Insert] SQL Statement execution dump ============

2018-10-21 07:15:06.129 [aurora.database] [CONFIG] execute insert on record No.2 for model bgt.BGT3010.bgt_budget_balance_condition_l_insert
2018-10-21 07:15:06.130 [uncertain.proc] [CONFIG] [action] DecideStatement
2018-10-21 07:15:06.131 [uncertain.proc] [CONFIG] [action] DecideSqlGenerationMode
2018-10-21 07:15:06.131 [uncertain.proc] [FINE] aurora.database.service.BusinessModelService.onDecideSqlGenerationMode
2018-10-21 07:15:06.131 [uncertain.proc] [CONFIG] [action] CreateOperationSql
2018-10-21 07:15:06.131 [uncertain.proc] [CONFIG] [action] PopulateOperationSql
2018-10-21 07:15:06.131 [uncertain.proc] [FINE] aurora.database.features.OrderByClauseCreator.onPopulateOperationSql
2018-10-21 07:15:06.131 [uncertain.proc] [FINE] aurora.database.features.WhereClauseCreator.onPopulateOperationSql
2018-10-21 07:15:06.131 [uncertain.proc] [CONFIG] [action] CreateSqlRunner
2018-10-21 07:15:06.131 [uncertain.proc] [FINE] aurora.database.service.BusinessModelService.onCreateSqlRunner
2018-10-21 07:15:06.131 [uncertain.proc] [CONFIG] [action] ExecuteDmlStatement
2018-10-21 07:15:06.131 [uncertain.proc] [FINE] aurora.database.service.BusinessModelService.onExecuteDmlStatement
2018-10-21 07:15:06.131 [aurora.database] [CONFIG] 
============= BEGIN [Insert] SQL Statement execution dump ============

                begin
                    BGT_BALANCE_QUERY_PKG.INSERT_BALANCE_QUREY_CONDS_L
                    (
                        p_balance_qurey_conds_h_id=>?,
                        p_session_id=>?,
                        p_parameter=>?,
                        p_id=>null,
                        p_code=>?,
                        p_control_rule_range=>?,
                        p_parameter_lower_limit=>?,
                        p_parameter_upper_limit=>?,
                        p_user_id=>?
                    );
                end;
---------------------Binding info---------------------
No.1	Access path:@balance_qurey_conds_h_id	Data type of passed value :java.lang.String	Value:71	Output:false	Database Type:null	
No.2	Access path:/session/@session_id	Data type of passed value :java.lang.Long	Value:55553	Output:false	Database Type:null	
No.3	Access path:@parameter_code	Data type of passed value :java.lang.String	Value:BUDGET_SCENARIO	Output:false	Database Type:null	
No.4	Access path:@position_code	Data type of passed value :java.lang.String	Value:TEST1017_1	Output:false	Database Type:null	
No.5	Access path:@control_rule_range	Data type of passed value :java.lang.String	Value:ALL	Output:false	Database Type:null	
No.6	Access path:@position_code_from	Data type of passed value :java.lang.String	Value:TEST1017_1	Output:false	Database Type:null	
No.7	Access path:@position_code_to	Data type of passed value :java.lang.String	Value:TEST1017_1	Output:false	Database Type:null	
No.8	Access path:/session/@user_id	Data type of passed value :java.lang.Long	Value:2242	Output:false	Database Type:null	

=============== END [Insert] SQL Statement execution dump ============

2018-10-21 07:15:06.131 [aurora.database] [CONFIG] execute insert on record No.3 for model bgt.BGT3010.bgt_budget_balance_condition_l_insert
2018-10-21 07:15:06.132 [uncertain.proc] [CONFIG] [action] DecideStatement
2018-10-21 07:15:06.133 [uncertain.proc] [CONFIG] [action] DecideSqlGenerationMode
2018-10-21 07:15:06.133 [uncertain.proc] [FINE] aurora.database.service.BusinessModelService.onDecideSqlGenerationMode
2018-10-21 07:15:06.133 [uncertain.proc] [CONFIG] [action] CreateOperationSql
2018-10-21 07:15:06.133 [uncertain.proc] [CONFIG] [action] PopulateOperationSql
2018-10-21 07:15:06.133 [uncertain.proc] [FINE] aurora.database.features.OrderByClauseCreator.onPopulateOperationSql
2018-10-21 07:15:06.133 [uncertain.proc] [FINE] aurora.database.features.WhereClauseCreator.onPopulateOperationSql
2018-10-21 07:15:06.133 [uncertain.proc] [CONFIG] [action] CreateSqlRunner
2018-10-21 07:15:06.133 [uncertain.proc] [FINE] aurora.database.service.BusinessModelService.onCreateSqlRunner
2018-10-21 07:15:06.133 [uncertain.proc] [CONFIG] [action] ExecuteDmlStatement
2018-10-21 07:15:06.133 [uncertain.proc] [FINE] aurora.database.service.BusinessModelService.onExecuteDmlStatement
2018-10-21 07:15:06.134 [aurora.database] [CONFIG] 
============= BEGIN [Insert] SQL Statement execution dump ============

                begin
                    BGT_BALANCE_QUERY_PKG.INSERT_BALANCE_QUREY_CONDS_L
                    (
                        p_balance_qurey_conds_h_id=>?,
                        p_session_id=>?,
                        p_parameter=>?,
                        p_id=>null,
                        p_code=>?,
                        p_control_rule_range=>?,
                        p_parameter_lower_limit=>?,
                        p_parameter_upper_limit=>?,
                        p_user_id=>?
                    );
                end;
---------------------Binding info---------------------
No.1	Access path:@balance_qurey_conds_h_id	Data type of passed value :java.lang.String	Value:71	Output:false	Database Type:null	
No.2	Access path:/session/@session_id	Data type of passed value :java.lang.Long	Value:55553	Output:false	Database Type:null	
No.3	Access path:@parameter_code	Data type of passed value :java.lang.String	Value:BUDGET_STRUCTURE	Output:false	Database Type:null	
No.4	Access path:@position_code	Data type of passed value :java.lang.String	Value:TEST1017_1	Output:false	Database Type:null	
No.5	Access path:@control_rule_range	Data type of passed value :java.lang.String	Value:ALL	Output:false	Database Type:null	
No.6	Access path:@position_code_from	Data type of passed value :java.lang.String	Value:TEST1017_1	Output:false	Database Type:null	
No.7	Access path:@position_code_to	Data type of passed value :java.lang.String	Value:TEST1017_1	Output:false	Database Type:null	
No.8	Access path:/session/@user_id	Data type of passed value :java.lang.Long	Value:2242	Output:false	Database Type:null	

=============== END [Insert] SQL Statement execution dump ============

2018-10-21 07:15:06.134 [aurora.database] [CONFIG] execute insert on record No.4 for model bgt.BGT3010.bgt_budget_balance_condition_l_insert
2018-10-21 07:15:06.135 [uncertain.proc] [CONFIG] [action] DecideStatement
2018-10-21 07:15:06.135 [uncertain.proc] [CONFIG] [action] DecideSqlGenerationMode
2018-10-21 07:15:06.135 [uncertain.proc] [FINE] aurora.database.service.BusinessModelService.onDecideSqlGenerationMode
2018-10-21 07:15:06.135 [uncertain.proc] [CONFIG] [action] CreateOperationSql
2018-10-21 07:15:06.135 [uncertain.proc] [CONFIG] [action] PopulateOperationSql
2018-10-21 07:15:06.135 [uncertain.proc] [FINE] aurora.database.features.OrderByClauseCreator.onPopulateOperationSql
2018-10-21 07:15:06.135 [uncertain.proc] [FINE] aurora.database.features.WhereClauseCreator.onPopulateOperationSql
2018-10-21 07:15:06.135 [uncertain.proc] [CONFIG] [action] CreateSqlRunner
2018-10-21 07:15:06.135 [uncertain.proc] [FINE] aurora.database.service.BusinessModelService.onCreateSqlRunner
2018-10-21 07:15:06.135 [uncertain.proc] [CONFIG] [action] ExecuteDmlStatement
2018-10-21 07:15:06.135 [uncertain.proc] [FINE] aurora.database.service.BusinessModelService.onExecuteDmlStatement
2018-10-21 07:15:06.136 [aurora.database] [CONFIG] 
============= BEGIN [Insert] SQL Statement execution dump ============

                begin
                    BGT_BALANCE_QUERY_PKG.INSERT_BALANCE_QUREY_CONDS_L
                    (
                        p_balance_qurey_conds_h_id=>?,
                        p_session_id=>?,
                        p_parameter=>?,
                        p_id=>null,
                        p_code=>?,
                        p_control_rule_range=>?,
                        p_parameter_lower_limit=>?,
                        p_parameter_upper_limit=>?,
                        p_user_id=>?
                    );
                end;
---------------------Binding info---------------------
No.1	Access path:@balance_qurey_conds_h_id	Data type of passed value :java.lang.String	Value:71	Output:false	Database Type:null	
No.2	Access path:/session/@session_id	Data type of passed value :java.lang.Long	Value:55553	Output:false	Database Type:null	
No.3	Access path:@parameter_code	Data type of passed value :java.lang.String	Value:PERIOD	Output:false	Database Type:null	
No.4	Access path:@position_code	Data type of passed value :java.lang.String	Value:	Output:false	Database Type:null	
No.5	Access path:@control_rule_range	Data type of passed value :java.lang.String	Value:ALL	Output:false	Database Type:null	
No.6	Access path:@position_code_from	Data type of passed value :java.lang.String	Value:2018-10	Output:false	Database Type:null	
No.7	Access path:@position_code_to	Data type of passed value :java.lang.String	Value:2018-10	Output:false	Database Type:null	
No.8	Access path:/session/@user_id	Data type of passed value :java.lang.Long	Value:2242	Output:false	Database Type:null	

=============== END [Insert] SQL Statement execution dump ============

2018-10-21 07:15:06.136 [aurora.database] [CONFIG] execute insert on record No.5 for model bgt.BGT3010.bgt_budget_balance_condition_l_insert
2018-10-21 07:15:06.137 [uncertain.proc] [CONFIG] [action] DecideStatement
2018-10-21 07:15:06.138 [uncertain.proc] [CONFIG] [action] DecideSqlGenerationMode
2018-10-21 07:15:06.138 [uncertain.proc] [FINE] aurora.database.service.BusinessModelService.onDecideSqlGenerationMode
2018-10-21 07:15:06.138 [uncertain.proc] [CONFIG] [action] CreateOperationSql
2018-10-21 07:15:06.138 [uncertain.proc] [CONFIG] [action] PopulateOperationSql
2018-10-21 07:15:06.138 [uncertain.proc] [FINE] aurora.database.features.OrderByClauseCreator.onPopulateOperationSql
2018-10-21 07:15:06.138 [uncertain.proc] [FINE] aurora.database.features.WhereClauseCreator.onPopulateOperationSql
2018-10-21 07:15:06.138 [uncertain.proc] [CONFIG] [action] CreateSqlRunner
2018-10-21 07:15:06.138 [uncertain.proc] [FINE] aurora.database.service.BusinessModelService.onCreateSqlRunner
2018-10-21 07:15:06.138 [uncertain.proc] [CONFIG] [action] ExecuteDmlStatement
2018-10-21 07:15:06.138 [uncertain.proc] [FINE] aurora.database.service.BusinessModelService.onExecuteDmlStatement
2018-10-21 07:15:06.138 [aurora.database] [CONFIG] 
============= BEGIN [Insert] SQL Statement execution dump ============

                begin
                    BGT_BALANCE_QUERY_PKG.INSERT_BALANCE_QUREY_CONDS_L
                    (
                        p_balance_qurey_conds_h_id=>?,
                        p_session_id=>?,
                        p_parameter=>?,
                        p_id=>null,
                        p_code=>?,
                        p_control_rule_range=>?,
                        p_parameter_lower_limit=>?,
                        p_parameter_upper_limit=>?,
                        p_user_id=>?
                    );
                end;
---------------------Binding info---------------------
No.1	Access path:@balance_qurey_conds_h_id	Data type of passed value :java.lang.String	Value:71	Output:false	Database Type:null	
No.2	Access path:/session/@session_id	Data type of passed value :java.lang.Long	Value:55553	Output:false	Database Type:null	
No.3	Access path:@parameter_code	Data type of passed value :java.lang.String	Value:PERIOD_QUARTER	Output:false	Database Type:null	
No.4	Access path:@position_code	Data type of passed value :java.lang.String	Value:	Output:false	Database Type:null	
No.5	Access path:@control_rule_range	Data type of passed value :java.lang.String	Value:ALL	Output:false	Database Type:null	
No.6	Access path:@position_code_from	Data type of passed value :[null]	Value:null	Output:false	Database Type:null	
No.7	Access path:@position_code_to	Data type of passed value :[null]	Value:null	Output:false	Database Type:null	
No.8	Access path:/session/@user_id	Data type of passed value :java.lang.Long	Value:2242	Output:false	Database Type:null	

=============== END [Insert] SQL Statement execution dump ============

2018-10-21 07:15:06.138 [aurora.database] [CONFIG] execute insert on record No.6 for model bgt.BGT3010.bgt_budget_balance_condition_l_insert
2018-10-21 07:15:06.139 [uncertain.proc] [CONFIG] [action] DecideStatement
2018-10-21 07:15:06.140 [uncertain.proc] [CONFIG] [action] DecideSqlGenerationMode
2018-10-21 07:15:06.140 [uncertain.proc] [FINE] aurora.database.service.BusinessModelService.onDecideSqlGenerationMode
2018-10-21 07:15:06.140 [uncertain.proc] [CONFIG] [action] CreateOperationSql
2018-10-21 07:15:06.140 [uncertain.proc] [CONFIG] [action] PopulateOperationSql
2018-10-21 07:15:06.140 [uncertain.proc] [FINE] aurora.database.features.OrderByClauseCreator.onPopulateOperationSql
2018-10-21 07:15:06.140 [uncertain.proc] [FINE] aurora.database.features.WhereClauseCreator.onPopulateOperationSql
2018-10-21 07:15:06.140 [uncertain.proc] [CONFIG] [action] CreateSqlRunner
2018-10-21 07:15:06.140 [uncertain.proc] [FINE] aurora.database.service.BusinessModelService.onCreateSqlRunner
2018-10-21 07:15:06.140 [uncertain.proc] [CONFIG] [action] ExecuteDmlStatement
2018-10-21 07:15:06.140 [uncertain.proc] [FINE] aurora.database.service.BusinessModelService.onExecuteDmlStatement
2018-10-21 07:15:06.140 [aurora.database] [CONFIG] 
============= BEGIN [Insert] SQL Statement execution dump ============

                begin
                    BGT_BALANCE_QUERY_PKG.INSERT_BALANCE_QUREY_CONDS_L
                    (
                        p_balance_qurey_conds_h_id=>?,
                        p_session_id=>?,
                        p_parameter=>?,
                        p_id=>null,
                        p_code=>?,
                        p_control_rule_range=>?,
                        p_parameter_lower_limit=>?,
                        p_parameter_upper_limit=>?,
                        p_user_id=>?
                    );
                end;
---------------------Binding info---------------------
No.1	Access path:@balance_qurey_conds_h_id	Data type of passed value :java.lang.String	Value:71	Output:false	Database Type:null	
No.2	Access path:/session/@session_id	Data type of passed value :java.lang.Long	Value:55553	Output:false	Database Type:null	
No.3	Access path:@parameter_code	Data type of passed value :java.lang.String	Value:PERIOD_YEAR	Output:false	Database Type:null	
No.4	Access path:@position_code	Data type of passed value :java.lang.String	Value:	Output:false	Database Type:null	
No.5	Access path:@control_rule_range	Data type of passed value :java.lang.String	Value:ALL	Output:false	Database Type:null	
No.6	Access path:@position_code_from	Data type of passed value :[null]	Value:null	Output:false	Database Type:null	
No.7	Access path:@position_code_to	Data type of passed value :[null]	Value:null	Output:false	Database Type:null	
No.8	Access path:/session/@user_id	Data type of passed value :java.lang.Long	Value:2242	Output:false	Database Type:null	

=============== END [Insert] SQL Statement execution dump ============

2018-10-21 07:15:06.140 [aurora.database] [CONFIG] execute insert on record No.7 for model bgt.BGT3010.bgt_budget_balance_condition_l_insert
2018-10-21 07:15:06.141 [uncertain.proc] [CONFIG] [action] DecideStatement
2018-10-21 07:15:06.142 [uncertain.proc] [CONFIG] [action] DecideSqlGenerationMode
2018-10-21 07:15:06.142 [uncertain.proc] [FINE] aurora.database.service.BusinessModelService.onDecideSqlGenerationMode
2018-10-21 07:15:06.142 [uncertain.proc] [CONFIG] [action] CreateOperationSql
2018-10-21 07:15:06.142 [uncertain.proc] [CONFIG] [action] PopulateOperationSql
2018-10-21 07:15:06.142 [uncertain.proc] [FINE] aurora.database.features.OrderByClauseCreator.onPopulateOperationSql
2018-10-21 07:15:06.142 [uncertain.proc] [FINE] aurora.database.features.WhereClauseCreator.onPopulateOperationSql
2018-10-21 07:15:06.142 [uncertain.proc] [CONFIG] [action] CreateSqlRunner
2018-10-21 07:15:06.142 [uncertain.proc] [FINE] aurora.database.service.BusinessModelService.onCreateSqlRunner
2018-10-21 07:15:06.142 [uncertain.proc] [CONFIG] [action] ExecuteDmlStatement
2018-10-21 07:15:06.142 [uncertain.proc] [FINE] aurora.database.service.BusinessModelService.onExecuteDmlStatement
2018-10-21 07:15:06.143 [aurora.database] [CONFIG] 
============= BEGIN [Insert] SQL Statement execution dump ============

                begin
                    BGT_BALANCE_QUERY_PKG.INSERT_BALANCE_QUREY_CONDS_L
                    (
                        p_balance_qurey_conds_h_id=>?,
                        p_session_id=>?,
                        p_parameter=>?,
                        p_id=>null,
                        p_code=>?,
                        p_control_rule_range=>?,
                        p_parameter_lower_limit=>?,
                        p_parameter_upper_limit=>?,
                        p_user_id=>?
                    );
                end;
---------------------Binding info---------------------
No.1	Access path:@balance_qurey_conds_h_id	Data type of passed value :java.lang.String	Value:71	Output:false	Database Type:null	
No.2	Access path:/session/@session_id	Data type of passed value :java.lang.Long	Value:55553	Output:false	Database Type:null	
No.3	Access path:@parameter_code	Data type of passed value :java.lang.String	Value:BUDGET_ITEM	Output:false	Database Type:null	
No.4	Access path:@position_code	Data type of passed value :[null]	Value:null	Output:false	Database Type:null	
No.5	Access path:@control_rule_range	Data type of passed value :java.lang.String	Value:ALL	Output:false	Database Type:null	
No.6	Access path:@position_code_from	Data type of passed value :[null]	Value:null	Output:false	Database Type:null	
No.7	Access path:@position_code_to	Data type of passed value :[null]	Value:null	Output:false	Database Type:null	
No.8	Access path:/session/@user_id	Data type of passed value :java.lang.Long	Value:2242	Output:false	Database Type:null	

=============== END [Insert] SQL Statement execution dump ============

2018-10-21 07:15:06.143 [aurora.database] [CONFIG] execute insert on record No.8 for model bgt.BGT3010.bgt_budget_balance_condition_l_insert
2018-10-21 07:15:06.144 [uncertain.proc] [CONFIG] [action] DecideStatement
2018-10-21 07:15:06.145 [uncertain.proc] [CONFIG] [action] DecideSqlGenerationMode
2018-10-21 07:15:06.145 [uncertain.proc] [FINE] aurora.database.service.BusinessModelService.onDecideSqlGenerationMode
2018-10-21 07:15:06.145 [uncertain.proc] [CONFIG] [action] CreateOperationSql
2018-10-21 07:15:06.145 [uncertain.proc] [CONFIG] [action] PopulateOperationSql
2018-10-21 07:15:06.145 [uncertain.proc] [FINE] aurora.database.features.OrderByClauseCreator.onPopulateOperationSql
2018-10-21 07:15:06.145 [uncertain.proc] [FINE] aurora.database.features.WhereClauseCreator.onPopulateOperationSql
2018-10-21 07:15:06.145 [uncertain.proc] [CONFIG] [action] CreateSqlRunner
2018-10-21 07:15:06.145 [uncertain.proc] [FINE] aurora.database.service.BusinessModelService.onCreateSqlRunner
2018-10-21 07:15:06.145 [uncertain.proc] [CONFIG] [action] ExecuteDmlStatement
2018-10-21 07:15:06.145 [uncertain.proc] [FINE] aurora.database.service.BusinessModelService.onExecuteDmlStatement
2018-10-21 07:15:06.146 [aurora.database] [CONFIG] 
============= BEGIN [Insert] SQL Statement execution dump ============

                begin
                    BGT_BALANCE_QUERY_PKG.INSERT_BALANCE_QUREY_CONDS_L
                    (
                        p_balance_qurey_conds_h_id=>?,
                        p_session_id=>?,
                        p_parameter=>?,
                        p_id=>null,
                        p_code=>?,
                        p_control_rule_range=>?,
                        p_parameter_lower_limit=>?,
                        p_parameter_upper_limit=>?,
                        p_user_id=>?
                    );
                end;
---------------------Binding info---------------------
No.1	Access path:@balance_qurey_conds_h_id	Data type of passed value :java.lang.String	Value:71	Output:false	Database Type:null	
No.2	Access path:/session/@session_id	Data type of passed value :java.lang.Long	Value:55553	Output:false	Database Type:null	
No.3	Access path:@parameter_code	Data type of passed value :java.lang.String	Value:BUDGET_ITEM_TYPE	Output:false	Database Type:null	
No.4	Access path:@position_code	Data type of passed value :[null]	Value:null	Output:false	Database Type:null	
No.5	Access path:@control_rule_range	Data type of passed value :[null]	Value:null	Output:false	Database Type:null	
No.6	Access path:@position_code_from	Data type of passed value :[null]	Value:null	Output:false	Database Type:null	
No.7	Access path:@position_code_to	Data type of passed value :[null]	Value:null	Output:false	Database Type:null	
No.8	Access path:/session/@user_id	Data type of passed value :java.lang.Long	Value:2242	Output:false	Database Type:null	

=============== END [Insert] SQL Statement execution dump ============

2018-10-21 07:15:06.146 [aurora.database] [CONFIG] execute insert on record No.9 for model bgt.BGT3010.bgt_budget_balance_condition_l_insert
2018-10-21 07:15:06.147 [uncertain.proc] [CONFIG] [action] DecideStatement
2018-10-21 07:15:06.148 [uncertain.proc] [CONFIG] [action] DecideSqlGenerationMode
2018-10-21 07:15:06.148 [uncertain.proc] [FINE] aurora.database.service.BusinessModelService.onDecideSqlGenerationMode
2018-10-21 07:15:06.148 [uncertain.proc] [CONFIG] [action] CreateOperationSql
2018-10-21 07:15:06.148 [uncertain.proc] [CONFIG] [action] PopulateOperationSql
2018-10-21 07:15:06.148 [uncertain.proc] [FINE] aurora.database.features.OrderByClauseCreator.onPopulateOperationSql
2018-10-21 07:15:06.148 [uncertain.proc] [FINE] aurora.database.features.WhereClauseCreator.onPopulateOperationSql
2018-10-21 07:15:06.148 [uncertain.proc] [CONFIG] [action] CreateSqlRunner
2018-10-21 07:15:06.148 [uncertain.proc] [FINE] aurora.database.service.BusinessModelService.onCreateSqlRunner
2018-10-21 07:15:06.148 [uncertain.proc] [CONFIG] [action] ExecuteDmlStatement
2018-10-21 07:15:06.148 [uncertain.proc] [FINE] aurora.database.service.BusinessModelService.onExecuteDmlStatement
2018-10-21 07:15:06.148 [aurora.database] [CONFIG] 
============= BEGIN [Insert] SQL Statement execution dump ============

                begin
                    BGT_BALANCE_QUERY_PKG.INSERT_BALANCE_QUREY_CONDS_L
                    (
                        p_balance_qurey_conds_h_id=>?,
                        p_session_id=>?,
                        p_parameter=>?,
                        p_id=>null,
                        p_code=>?,
                        p_control_rule_range=>?,
                        p_parameter_lower_limit=>?,
                        p_parameter_upper_limit=>?,
                        p_user_id=>?
                    );
                end;
---------------------Binding info---------------------
No.1	Access path:@balance_qurey_conds_h_id	Data type of passed value :java.lang.String	Value:71	Output:false	Database Type:null	
No.2	Access path:/session/@session_id	Data type of passed value :java.lang.Long	Value:55553	Output:false	Database Type:null	
No.3	Access path:@parameter_code	Data type of passed value :java.lang.String	Value:RESPONSIBILITY_CENTER	Output:false	Database Type:null	
No.4	Access path:@position_code	Data type of passed value :[null]	Value:null	Output:false	Database Type:null	
No.5	Access path:@control_rule_range	Data type of passed value :[null]	Value:null	Output:false	Database Type:null	
No.6	Access path:@position_code_from	Data type of passed value :[null]	Value:null	Output:false	Database Type:null	
No.7	Access path:@position_code_to	Data type of passed value :[null]	Value:null	Output:false	Database Type:null	
No.8	Access path:/session/@user_id	Data type of passed value :java.lang.Long	Value:2242	Output:false	Database Type:null	

=============== END [Insert] SQL Statement execution dump ============

2018-10-21 07:15:06.148 [aurora.database] [CONFIG] execute insert on record No.10 for model bgt.BGT3010.bgt_budget_balance_condition_l_insert
2018-10-21 07:15:06.149 [uncertain.proc] [CONFIG] [action] DecideStatement
2018-10-21 07:15:06.150 [uncertain.proc] [CONFIG] [action] DecideSqlGenerationMode
2018-10-21 07:15:06.150 [uncertain.proc] [FINE] aurora.database.service.BusinessModelService.onDecideSqlGenerationMode
2018-10-21 07:15:06.150 [uncertain.proc] [CONFIG] [action] CreateOperationSql
2018-10-21 07:15:06.150 [uncertain.proc] [CONFIG] [action] PopulateOperationSql
2018-10-21 07:15:06.150 [uncertain.proc] [FINE] aurora.database.features.OrderByClauseCreator.onPopulateOperationSql
2018-10-21 07:15:06.150 [uncertain.proc] [FINE] aurora.database.features.WhereClauseCreator.onPopulateOperationSql
2018-10-21 07:15:06.150 [uncertain.proc] [CONFIG] [action] CreateSqlRunner
2018-10-21 07:15:06.150 [uncertain.proc] [FINE] aurora.database.service.BusinessModelService.onCreateSqlRunner
2018-10-21 07:15:06.150 [uncertain.proc] [CONFIG] [action] ExecuteDmlStatement
2018-10-21 07:15:06.150 [uncertain.proc] [FINE] aurora.database.service.BusinessModelService.onExecuteDmlStatement
2018-10-21 07:15:06.151 [aurora.database] [CONFIG] 
============= BEGIN [Insert] SQL Statement execution dump ============

                begin
                    BGT_BALANCE_QUERY_PKG.INSERT_BALANCE_QUREY_CONDS_L
                    (
                        p_balance_qurey_conds_h_id=>?,
                        p_session_id=>?,
                        p_parameter=>?,
                        p_id=>null,
                        p_code=>?,
                        p_control_rule_range=>?,
                        p_parameter_lower_limit=>?,
                        p_parameter_upper_limit=>?,
                        p_user_id=>?
                    );
                end;
---------------------Binding info---------------------
No.1	Access path:@balance_qurey_conds_h_id	Data type of passed value :java.lang.String	Value:71	Output:false	Database Type:null	
No.2	Access path:/session/@session_id	Data type of passed value :java.lang.Long	Value:55553	Output:false	Database Type:null	
No.3	Access path:@parameter_code	Data type of passed value :java.lang.String	Value:TEST	Output:false	Database Type:null	
No.4	Access path:@position_code	Data type of passed value :[null]	Value:null	Output:false	Database Type:null	
No.5	Access path:@control_rule_range	Data type of passed value :[null]	Value:null	Output:false	Database Type:null	
No.6	Access path:@position_code_from	Data type of passed value :[null]	Value:null	Output:false	Database Type:null	
No.7	Access path:@position_code_to	Data type of passed value :[null]	Value:null	Output:false	Database Type:null	
No.8	Access path:/session/@user_id	Data type of passed value :java.lang.Long	Value:2242	Output:false	Database Type:null	

=============== END [Insert] SQL Statement execution dump ============

2018-10-21 07:15:06.151 [aurora.database] [CONFIG] execute insert on record No.11 for model bgt.BGT3010.bgt_budget_balance_condition_l_insert
2018-10-21 07:15:06.152 [uncertain.proc] [CONFIG] [action] DecideStatement
2018-10-21 07:15:06.152 [uncertain.proc] [CONFIG] [action] DecideSqlGenerationMode
2018-10-21 07:15:06.152 [uncertain.proc] [FINE] aurora.database.service.BusinessModelService.onDecideSqlGenerationMode
2018-10-21 07:15:06.152 [uncertain.proc] [CONFIG] [action] CreateOperationSql
2018-10-21 07:15:06.152 [uncertain.proc] [CONFIG] [action] PopulateOperationSql
2018-10-21 07:15:06.153 [uncertain.proc] [FINE] aurora.database.features.OrderByClauseCreator.onPopulateOperationSql
2018-10-21 07:15:06.153 [uncertain.proc] [FINE] aurora.database.features.WhereClauseCreator.onPopulateOperationSql
2018-10-21 07:15:06.153 [uncertain.proc] [CONFIG] [action] CreateSqlRunner
2018-10-21 07:15:06.153 [uncertain.proc] [FINE] aurora.database.service.BusinessModelService.onCreateSqlRunner
2018-10-21 07:15:06.153 [uncertain.proc] [CONFIG] [action] ExecuteDmlStatement
2018-10-21 07:15:06.153 [uncertain.proc] [FINE] aurora.database.service.BusinessModelService.onExecuteDmlStatement
2018-10-21 07:15:06.153 [aurora.database] [CONFIG] 
============= BEGIN [Insert] SQL Statement execution dump ============

                begin
                    BGT_BALANCE_QUERY_PKG.INSERT_BALANCE_QUREY_CONDS_L
                    (
                        p_balance_qurey_conds_h_id=>?,
                        p_session_id=>?,
                        p_parameter=>?,
                        p_id=>null,
                        p_code=>?,
                        p_control_rule_range=>?,
                        p_parameter_lower_limit=>?,
                        p_parameter_upper_limit=>?,
                        p_user_id=>?
                    );
                end;
---------------------Binding info---------------------
No.1	Access path:@balance_qurey_conds_h_id	Data type of passed value :java.lang.String	Value:71	Output:false	Database Type:null	
No.2	Access path:/session/@session_id	Data type of passed value :java.lang.Long	Value:55553	Output:false	Database Type:null	
No.3	Access path:@parameter_code	Data type of passed value :java.lang.String	Value:PRODUCT	Output:false	Database Type:null	
No.4	Access path:@position_code	Data type of passed value :[null]	Value:null	Output:false	Database Type:null	
No.5	Access path:@control_rule_range	Data type of passed value :[null]	Value:null	Output:false	Database Type:null	
No.6	Access path:@position_code_from	Data type of passed value :[null]	Value:null	Output:false	Database Type:null	
No.7	Access path:@position_code_to	Data type of passed value :[null]	Value:null	Output:false	Database Type:null	
No.8	Access path:/session/@user_id	Data type of passed value :java.lang.Long	Value:2242	Output:false	Database Type:null	

=============== END [Insert] SQL Statement execution dump ============

2018-10-21 07:15:06.153 [aurora.database] [CONFIG] execute insert on record No.12 for model bgt.BGT3010.bgt_budget_balance_condition_l_insert
2018-10-21 07:15:06.154 [uncertain.proc] [CONFIG] [action] DecideStatement
2018-10-21 07:15:06.155 [uncertain.proc] [CONFIG] [action] DecideSqlGenerationMode
2018-10-21 07:15:06.155 [uncertain.proc] [FINE] aurora.database.service.BusinessModelService.onDecideSqlGenerationMode
2018-10-21 07:15:06.155 [uncertain.proc] [CONFIG] [action] CreateOperationSql
2018-10-21 07:15:06.155 [uncertain.proc] [CONFIG] [action] PopulateOperationSql
2018-10-21 07:15:06.155 [uncertain.proc] [FINE] aurora.database.features.OrderByClauseCreator.onPopulateOperationSql
2018-10-21 07:15:06.155 [uncertain.proc] [FINE] aurora.database.features.WhereClauseCreator.onPopulateOperationSql
2018-10-21 07:15:06.155 [uncertain.proc] [CONFIG] [action] CreateSqlRunner
2018-10-21 07:15:06.155 [uncertain.proc] [FINE] aurora.database.service.BusinessModelService.onCreateSqlRunner
2018-10-21 07:15:06.155 [uncertain.proc] [CONFIG] [action] ExecuteDmlStatement
2018-10-21 07:15:06.155 [uncertain.proc] [FINE] aurora.database.service.BusinessModelService.onExecuteDmlStatement
2018-10-21 07:15:06.155 [aurora.database] [CONFIG] 
============= BEGIN [Insert] SQL Statement execution dump ============

                begin
                    BGT_BALANCE_QUERY_PKG.INSERT_BALANCE_QUREY_CONDS_L
                    (
                        p_balance_qurey_conds_h_id=>?,
                        p_session_id=>?,
                        p_parameter=>?,
                        p_id=>null,
                        p_code=>?,
                        p_control_rule_range=>?,
                        p_parameter_lower_limit=>?,
                        p_parameter_upper_limit=>?,
                        p_user_id=>?
                    );
                end;
---------------------Binding info---------------------
No.1	Access path:@balance_qurey_conds_h_id	Data type of passed value :java.lang.String	Value:71	Output:false	Database Type:null	
No.2	Access path:/session/@session_id	Data type of passed value :java.lang.Long	Value:55553	Output:false	Database Type:null	
No.3	Access path:@parameter_code	Data type of passed value :java.lang.String	Value:SPECIAL_BUDGET	Output:false	Database Type:null	
No.4	Access path:@position_code	Data type of passed value :[null]	Value:null	Output:false	Database Type:null	
No.5	Access path:@control_rule_range	Data type of passed value :[null]	Value:null	Output:false	Database Type:null	
No.6	Access path:@position_code_from	Data type of passed value :[null]	Value:null	Output:false	Database Type:null	
No.7	Access path:@position_code_to	Data type of passed value :[null]	Value:null	Output:false	Database Type:null	
No.8	Access path:/session/@user_id	Data type of passed value :java.lang.Long	Value:2242	Output:false	Database Type:null	

=============== END [Insert] SQL Statement execution dump ============

2018-10-21 07:15:06.155 [aurora.database] [CONFIG] ============ End of batch update for /parameter
2018-10-21 07:15:06.155 [uncertain.proc] [CONFIG] [action] CreateSuccessResponse
