2018-10-15 06:59:26.447 [aurora.application.session_check] [CONFIG] Session data copied to context
2018-10-15 06:59:26.448 [aurora.application.session_check] [CONFIG] Checking BM access bgt.BGT2020.bgt_budget_item_hierarchy for operation query
2018-10-15 06:59:26.449 [aurora.application.session_check] [CONFIG] Result from aurora.bm.DefaultAccessChecker@6279469 is true
2018-10-15 06:59:26.449 [uncertain.proc] [CONFIG] [action] AccessCheck
2018-10-15 06:59:26.450 [uncertain.proc] [CONFIG] [action] CheckServiceLock
2018-10-15 06:59:26.450 [uncertain.proc] [CONFIG] [action] ParseParameter
2018-10-15 06:59:26.450 [uncertain.proc] [CONFIG] [action] ValidateInput
2018-10-15 06:59:26.450 [uncertain.proc] [CONFIG] [action] InvokeService
2018-10-15 06:59:26.450 [aurora.database] [CONFIG] ===================================== prepare to run model-query bgt.BGT2020.bgt_budget_item_hierarchy==============================
2018-10-15 06:59:26.454 [uncertain.proc] [CONFIG] [action] DecideSqlGenerationMode
2018-10-15 06:59:26.454 [uncertain.proc] [FINE] aurora.database.service.BusinessModelService.onDecideSqlGenerationMode
2018-10-15 06:59:26.454 [uncertain.proc] [CONFIG] [action] CreateOperationSql
2018-10-15 06:59:26.454 [uncertain.proc] [CONFIG] [action] PopulateOperationSql
2018-10-15 06:59:26.454 [uncertain.proc] [FINE] aurora.database.features.OrderByClauseCreator.onPopulateOperationSql
2018-10-15 06:59:26.454 [uncertain.proc] [FINE] aurora.database.features.WhereClauseCreator.onPopulateOperationSql
2018-10-15 06:59:26.454 [uncertain.proc] [CONFIG] [action] ExecuteQuery
2018-10-15 06:59:26.454 [uncertain.proc] [FINE] aurora.bm.QuerySqlCreator.onExecuteQuery
2018-10-15 06:59:26.477 [uncertain.proc] [CONFIG] [action] QueryFinish
2018-10-15 06:59:26.477 [uncertain.proc] [FINE] aurora.database.features.AutoQueryCounter.onQueryFinish
2018-10-15 06:59:26.501 [uncertain.proc] [CONFIG] [action] FetchResultSet
2018-10-15 06:59:26.501 [uncertain.proc] [FINE] aurora.database.features.CacheBasedLookUpField.postFetchResultSet
2018-10-15 06:59:26.501 [aurora.database] [CONFIG] 
============= BEGIN [query] SQL Statement execution dump ============

            select t.budget_org_id,
	       bo.bgt_org_code,
	       bo.description BUDGET_ORG_DESC,
	       t.budget_item_type_id,
	       bb.budget_item_type_code,
	       bb.description budget_item_type_desc,
	       t.budget_item_id,
	       t.budget_item_code,
	       t.description,
	       t.notes,
	       t.summary_flag,
	       t.enabled_flag
	  from bgt_budget_items_vl t,
	       bgt_organizations_vl bo,
	       fnd_companies fc,
	       bgt_budget_item_types_vl bb 
	        WHERE t.budget_org_id = bo.bgt_org_id AND fc.set_of_books_id = bo.SET_OF_BOOKS_ID AND t.summary_flag='Y' AND t.budget_item_type_id = bb.budget_item_type_id(+) AND fc.company_id = ?
	       order by bgt_org_code, budget_item_code
	       
---------------------Binding info---------------------
No.1	Access path:/session/@company_id	Data type of passed value :java.lang.String	Value:835	Output:false	Database Type:null	

=============== END [query] SQL Statement execution dump ============

2018-10-15 06:59:26.501 [uncertain.proc] [CONFIG] [action] CreateSuccessResponse
