2018-10-15 06:23:52.856 [aurora.application.session_check] [CONFIG] Session data copied to context
2018-10-15 06:23:52.856 [aurora.application.session_check] [CONFIG] Checking BM access bgt.BGT6200.bgt_exp_org_position_lov for operation query
2018-10-15 06:23:52.858 [aurora.application.session_check] [CONFIG] Result from aurora.bm.DefaultAccessChecker@5ceec230 is true
2018-10-15 06:23:52.859 [uncertain.proc] [CONFIG] [action] AccessCheck
2018-10-15 06:23:52.860 [uncertain.proc] [CONFIG] [action] CheckServiceLock
2018-10-15 06:23:52.860 [uncertain.proc] [CONFIG] [action] ParseParameter
2018-10-15 06:23:52.860 [uncertain.proc] [CONFIG] [action] ValidateInput
2018-10-15 06:23:52.860 [uncertain.proc] [CONFIG] [action] InvokeService
2018-10-15 06:23:52.860 [aurora.database] [CONFIG] ===================================== prepare to run model-query bgt.BGT6200.bgt_exp_org_position_lov==============================
2018-10-15 06:23:52.870 [uncertain.proc] [CONFIG] [action] DecideSqlGenerationMode
2018-10-15 06:23:52.870 [uncertain.proc] [FINE] aurora.database.service.BusinessModelService.onDecideSqlGenerationMode
2018-10-15 06:23:52.870 [uncertain.proc] [CONFIG] [action] CreatequeryStatement
2018-10-15 06:23:52.870 [uncertain.proc] [FINE] aurora.bm.QuerySqlCreator.onCreateQueryStatement
2018-10-15 06:23:52.872 [uncertain.proc] [CONFIG] [action] PopulatequeryStatement
2018-10-15 06:23:52.872 [uncertain.proc] [FINE] aurora.database.features.OrderByClauseCreator.onPopulateQueryStatement
2018-10-15 06:23:52.872 [uncertain.proc] [FINE] aurora.database.features.WhereClauseCreator.onPopulateQueryStatement
2018-10-15 06:23:52.872 [uncertain.proc] [CONFIG] [action] CreatequerySql
2018-10-15 06:23:52.872 [uncertain.proc] [FINE] aurora.bm.QuerySqlCreator.onCreateQuerySql
2018-10-15 06:23:52.872 [uncertain.proc] [CONFIG] [action] ExecuteQuery
2018-10-15 06:23:52.872 [uncertain.proc] [FINE] aurora.bm.QuerySqlCreator.onExecuteQuery
2018-10-15 06:23:53.106 [uncertain.proc] [CONFIG] [action] QueryFinish
2018-10-15 06:23:53.106 [uncertain.proc] [FINE] aurora.database.features.AutoQueryCounter.onQueryFinish
2018-10-15 06:23:53.127 [uncertain.proc] [CONFIG] [action] FetchResultSet
2018-10-15 06:23:53.127 [uncertain.proc] [FINE] aurora.database.features.CacheBasedLookUpField.postFetchResultSet
2018-10-15 06:23:53.129 [aurora.database] [CONFIG] 
============= BEGIN [query] SQL Statement execution dump ============
SELECT t1.position_id,t1.position_code,t1.company_id,t1.enabled_flag,t1.description_id,(select DESCRIPTION_TEXT from fnd_descriptions where DESCRIPTION_ID=t1.description_id and Language=?) AS position_name,(select DESCRIPTION_TEXT from fnd_descriptions where DESCRIPTION_ID=company.company_short_name_id and Language=?) AS company_short_name,(select company_code from fnd_companies fc where fc.company_id = t1.company_id) AS company_code,t1.unit_id, position_code || '-' || (select description_text from fnd_descriptions fd where fd.description_id = t1.description_id and fd.language = ?) AS position_code_name,company.company_short_name_id
FROM exp_org_position t1
	LEFT OUTER JOIN fnd_companies company ON t1.company_id = company.company_id
WHERE t1.enabled_flag = 'Y' AND   exists  (select 1           from fnd_companies fc, gld_set_of_books g, bgt_organizations bo          where fc.set_of_books_id = g.set_of_books_id            and g.set_of_books_id = bo.set_of_books_id            and fc.company_id = t1.company_id            and g.set_of_books_id =                (select fcc.set_of_books_id                   from fnd_companies fcc                  where fcc.company_id = ?)) AND  (? is null or t1.company_id = ?)
ORDER BY position_code
---------------------Binding info---------------------
No.1	Access path:/session/@lang	Data type of passed value :java.lang.String	Value:ZHS	Output:false	Database Type:null	
No.2	Access path:/session/@lang	Data type of passed value :java.lang.String	Value:ZHS	Output:false	Database Type:null	
No.3	Access path:/session/@lang	Data type of passed value :java.lang.String	Value:ZHS	Output:false	Database Type:null	
No.4	Access path:/session/@company_id	Data type of passed value :java.lang.String	Value:835	Output:false	Database Type:null	
No.5	Access path:@company_id	Data type of passed value :java.lang.String	Value:835	Output:false	Database Type:null	
No.6	Access path:@company_id	Data type of passed value :java.lang.String	Value:835	Output:false	Database Type:null	

=============== END [query] SQL Statement execution dump ============

2018-10-15 06:23:53.129 [uncertain.proc] [CONFIG] [action] CreateSuccessResponse
