2018-09-29 08:39:59.309 [aurora.application.session_check] [CONFIG] Session data copied to context
2018-09-29 08:39:59.309 [aurora.application.session_check] [CONFIG] Checking BM access bgt.bgt_journal_bgt_items_combo for operation query
2018-09-29 08:39:59.310 [aurora.application.session_check] [CONFIG] Result from aurora.bm.DefaultAccessChecker@28b0a426 is true
2018-09-29 08:39:59.311 [uncertain.proc] [CONFIG] [action] AccessCheck
2018-09-29 08:39:59.312 [uncertain.proc] [CONFIG] [action] CheckServiceLock
2018-09-29 08:39:59.312 [uncertain.proc] [CONFIG] [action] ParseParameter
2018-09-29 08:39:59.312 [uncertain.proc] [CONFIG] [action] ValidateInput
2018-09-29 08:39:59.312 [uncertain.proc] [CONFIG] [action] InvokeService
2018-09-29 08:39:59.312 [aurora.database] [CONFIG] ===================================== prepare to run model-query bgt.bgt_journal_bgt_items_combo==============================
2018-09-29 08:39:59.320 [uncertain.proc] [CONFIG] [action] DecideSqlGenerationMode
2018-09-29 08:39:59.320 [uncertain.proc] [FINE] aurora.database.service.BusinessModelService.onDecideSqlGenerationMode
2018-09-29 08:39:59.320 [uncertain.proc] [CONFIG] [action] CreateOperationSql
2018-09-29 08:39:59.320 [uncertain.proc] [CONFIG] [action] PopulateOperationSql
2018-09-29 08:39:59.320 [uncertain.proc] [FINE] aurora.database.features.OrderByClauseCreator.onPopulateOperationSql
2018-09-29 08:39:59.320 [uncertain.proc] [FINE] aurora.database.features.WhereClauseCreator.onPopulateOperationSql
2018-09-29 08:39:59.320 [uncertain.proc] [CONFIG] [action] ExecuteQuery
2018-09-29 08:39:59.320 [uncertain.proc] [FINE] aurora.bm.QuerySqlCreator.onExecuteQuery
2018-09-29 08:39:59.324 [uncertain.proc] [CONFIG] [action] QueryFinish
2018-09-29 08:39:59.324 [uncertain.proc] [FINE] aurora.database.features.AutoQueryCounter.onQueryFinish
2018-09-29 08:39:59.327 [uncertain.proc] [CONFIG] [action] FetchResultSet
2018-09-29 08:39:59.327 [uncertain.proc] [FINE] aurora.database.features.CacheBasedLookUpField.postFetchResultSet
2018-09-29 08:39:59.327 [aurora.database] [CONFIG] 
============= BEGIN [query] SQL Statement execution dump ============

                SELECT
                    *
                FROM
                    (SELECT
                        t.budget_item_id,
                        t.budget_item_code,
                        t.description
                    FROM
                        bgt_company_budget_items v,
                        bgt_budget_items_company_vl t
                    WHERE
                        t.summary_flag   ='N' AND
                        t.enabled_flag   ='Y' AND
                        v.enabled_flag   ='Y' AND
                        v.budget_item_id = t.budget_item_id AND
                        v.company_id     = NVL(?,?)
                        and t.company_id = v.company_id
                    ORDER BY
                        t.budget_item_code
                    )v  WHERE exists (select 1           from bgt_jour_t_ref_item bri          where bri.budget_item_id = v.budget_item_id            and bri.bgt_journal_type_id = ?)
            
---------------------Binding info---------------------
No.1	Access path:/parameter/@p_company_id	Data type of passed value :java.lang.String	Value:2536	Output:false	Database Type:null	
No.2	Access path:/session/@company_id	Data type of passed value :java.lang.String	Value:835	Output:false	Database Type:null	
No.3	Access path:@bgt_journal_type_id	Data type of passed value :java.lang.Long	Value:21	Output:false	Database Type:null	

=============== END [query] SQL Statement execution dump ============

2018-09-29 08:39:59.327 [uncertain.proc] [CONFIG] [action] CreateSuccessResponse
