2018-10-21 08:21:47.280 [aurora.application.session_check] [CONFIG] Session data copied to context
2018-10-21 08:21:47.280 [aurora.application.session_check] [CONFIG] Checking BM access bgt.bgt_budget_item_types for operation batch_update
2018-10-21 08:21:47.280 [aurora.application.session_check] [CONFIG] for batch_update, access check will be performed on each record from parameter
2018-10-21 08:21:47.280 [uncertain.proc] [CONFIG] [action] AccessCheck
2018-10-21 08:21:47.283 [uncertain.proc] [CONFIG] [action] CheckServiceLock
2018-10-21 08:21:47.283 [uncertain.proc] [CONFIG] [action] ParseParameter
2018-10-21 08:21:47.283 [uncertain.proc] [CONFIG] [action] ValidateInput
2018-10-21 08:21:47.283 [uncertain.proc] [CONFIG] [action] InvokeService
2018-10-21 08:21:47.298 [aurora.database] [CONFIG] ============ Running model batch update with data from path /parameter, total 1 records
2018-10-21 08:21:47.298 [aurora.database] [CONFIG] execute insert on record No.0 for model bgt.bgt_budget_item_types
2018-10-21 08:21:47.300 [uncertain.proc] [CONFIG] [action] DecideStatement
2018-10-21 08:21:47.301 [uncertain.proc] [CONFIG] [action] DecideSqlGenerationMode
2018-10-21 08:21:47.301 [uncertain.proc] [FINE] aurora.database.service.BusinessModelService.onDecideSqlGenerationMode
2018-10-21 08:21:47.301 [uncertain.proc] [CONFIG] [action] CreateInsertStatement
2018-10-21 08:21:47.302 [uncertain.proc] [FINE] aurora.database.features.MultiLanguageStorage.preCreateInsertStatement
2018-10-21 08:21:47.303 [aurora.database] [CONFIG] 
============= BEGIN [MultiLanguageStorage Insert] SQL Statement execution dump ============
select fnd_description_pkg.get_fnd_description_id as description_id from dual
---------------------Binding info---------------------
null
=============== END [MultiLanguageStorage Insert] SQL Statement execution dump ============

2018-10-21 08:21:47.303 [uncertain.proc] [FINE] aurora.bm.InsertSqlCreator.onCreateInsertStatement
2018-10-21 08:21:47.303 [uncertain.proc] [CONFIG] [action] PopulateInsertStatement
2018-10-21 08:21:47.303 [uncertain.proc] [FINE] aurora.database.local.oracle.SequencePk.postPopulateInsertStatement
2018-10-21 08:21:47.303 [uncertain.proc] [CONFIG] [action] CreateInsertSql
2018-10-21 08:21:47.303 [uncertain.proc] [FINE] aurora.bm.InsertSqlCreator.onCreateInsertSql
2018-10-21 08:21:47.303 [uncertain.proc] [CONFIG] [action] CreateSqlRunner
2018-10-21 08:21:47.303 [uncertain.proc] [FINE] aurora.database.service.BusinessModelService.onCreateSqlRunner
2018-10-21 08:21:47.303 [uncertain.proc] [CONFIG] [action] ExecuteDmlStatement
2018-10-21 08:21:47.303 [uncertain.proc] [FINE] aurora.database.service.BusinessModelService.onExecuteDmlStatement
2018-10-21 08:21:47.327 [uncertain.proc] [FINE] aurora.database.features.MultiLanguageStorage.postExecuteDmlStatement
2018-10-21 08:21:47.329 [aurora.database] [CONFIG] 
============= BEGIN [MultiLanguageStorage update] SQL Statement execution dump ============

				begin 
					fnd_description_pkg.reset_fnd_descriptions(?,
                                                               ?,
				                                               ?,
				                                               ?,
															   ?,
															   ?,
															   ?
				                                               );
				end;				
			
---------------------Binding info---------------------
No.1	Access path:@DESCRIPTION_ID	Data type of passed value :java.lang.String	Value:269671	Output:false	Database Type:null	
No.2	Access path:@REF_TABLE	Data type of passed value :java.lang.String	Value:BGT_BUDGET_ITEM_TYPES	Output:false	Database Type:null	
No.3	Access path:@REF_FIELD	Data type of passed value :java.lang.String	Value:DESCRIPTION_ID	Output:false	Database Type:null	
No.4	Access path:@DESCRIPTION_TEXT	Data type of passed value :java.lang.String	Value:测试预算项目类型1021_1	Output:false	Database Type:null	
No.5	Access path:/session/@user_id	Data type of passed value :java.lang.Long	Value:2252	Output:false	Database Type:null	
No.6	Access path:/session/@user_id	Data type of passed value :java.lang.Long	Value:2252	Output:false	Database Type:null	
No.7	Access path:/session/@lang	Data type of passed value :java.lang.String	Value:ZHS	Output:false	Database Type:null	

=============== END [MultiLanguageStorage update] SQL Statement execution dump ============

2018-10-21 08:21:47.329 [aurora.database] [CONFIG] 
============= BEGIN [Insert] SQL Statement execution dump ============
BEGIN INSERT INTO BGT_BUDGET_ITEM_TYPES ( budget_org_id,budget_item_type_id,budget_item_type_code,description_id,enabled_flag,CREATED_BY,CREATION_DATE,LAST_UPDATED_BY,LAST_UPDATE_DATE) VALUES ( ?,BGT_BUDGET_ITEM_TYPES_S.NEXTVAL,?,?,?,?,sysdate,?,sysdate)  RETURNING budget_item_type_id INTO ?; END;
---------------------Binding info---------------------
No.1	Access path:@budget_org_id	Data type of passed value :java.lang.Double	Value:1.0	Output:false	Database Type:null	
No.2	Access path:@budget_item_type_code	Data type of passed value :java.lang.String	Value:TEST1021_1	Output:false	Database Type:null	
No.3	Access path:@description_id	Data type of passed value :java.math.BigDecimal	Value:269671	Output:false	Database Type:null	
No.4	Access path:@enabled_flag	Data type of passed value :java.lang.String	Value:Y	Output:false	Database Type:null	
No.5	Access path:/session/@user_id	Data type of passed value :java.lang.Long	Value:2252	Output:false	Database Type:null	
No.6	Access path:/session/@user_id	Data type of passed value :java.lang.Long	Value:2252	Output:false	Database Type:null	
No.7	Access path:@budget_item_type_id	Data type of passed value :[null]	Value:null	Output:true	Database Type:null	

=============== END [Insert] SQL Statement execution dump ============

2018-10-21 08:21:47.329 [aurora.database] [CONFIG] ============ End of batch update for /parameter
2018-10-21 08:21:47.329 [uncertain.proc] [CONFIG] [action] CreateSuccessResponse
