2018-10-19 06:15:44.479 [aurora.application.session_check] [CONFIG] Session data copied to context
2018-10-19 06:15:44.479 [aurora.application.session_check] [CONFIG] Checking BM access bgt.BGT6200.bgt_budget_item_mapping for operation query
2018-10-19 06:15:44.481 [aurora.application.session_check] [CONFIG] Result from aurora.bm.DefaultAccessChecker@48e89f98 is true
2018-10-19 06:15:44.481 [uncertain.proc] [CONFIG] [action] AccessCheck
2018-10-19 06:15:44.482 [uncertain.proc] [CONFIG] [action] CheckServiceLock
2018-10-19 06:15:44.483 [uncertain.proc] [CONFIG] [action] ParseParameter
2018-10-19 06:15:44.483 [uncertain.proc] [CONFIG] [action] ValidateInput
2018-10-19 06:15:44.483 [uncertain.proc] [CONFIG] [action] InvokeService
2018-10-19 06:15:44.483 [aurora.database] [CONFIG] ===================================== prepare to run model-query bgt.BGT6200.bgt_budget_item_mapping==============================
2018-10-19 06:15:44.489 [uncertain.proc] [CONFIG] [action] DecideSqlGenerationMode
2018-10-19 06:15:44.489 [uncertain.proc] [FINE] aurora.database.service.BusinessModelService.onDecideSqlGenerationMode
2018-10-19 06:15:44.489 [uncertain.proc] [CONFIG] [action] CreateOperationSql
2018-10-19 06:15:44.489 [uncertain.proc] [CONFIG] [action] PopulateOperationSql
2018-10-19 06:15:44.489 [uncertain.proc] [FINE] aurora.database.features.OrderByClauseCreator.onPopulateOperationSql
2018-10-19 06:15:44.489 [uncertain.proc] [FINE] aurora.database.features.WhereClauseCreator.onPopulateOperationSql
2018-10-19 06:15:44.489 [uncertain.proc] [CONFIG] [action] ExecuteQuery
2018-10-19 06:15:44.489 [uncertain.proc] [FINE] aurora.bm.QuerySqlCreator.onExecuteQuery
2018-10-19 06:15:44.632 [uncertain.proc] [CONFIG] [action] QueryFinish
2018-10-19 06:15:44.632 [uncertain.proc] [FINE] aurora.database.features.AutoQueryCounter.onQueryFinish
2018-10-19 06:15:44.662 [uncertain.proc] [CONFIG] [action] FetchResultSet
2018-10-19 06:15:44.663 [uncertain.proc] [FINE] aurora.database.features.CacheBasedLookUpField.postFetchResultSet
2018-10-19 06:15:44.663 [aurora.database] [CONFIG] 
============= BEGIN [query] SQL Statement execution dump ============

			SELECT t1.mapping_id,
       t1.bgt_org_id,
       t1.business_type,
       (select code_value_name from sys_code_values_vl where code_id = (select code_id from sys_codes where code = 'BGT_RELATED_BUSINESS_TYPE') and code_value =  t1.business_type) AS business_type_display,
       t1.priority,
       t1.company_level_id,
       t1.company_id,
       (select fc1.company_code || '-' || DESCRIPTION_TEXT
          from fnd_descriptions,FND_COMPANIES fc1
         where DESCRIPTION_ID = fc1.company_short_name_id and fc1.company_id=t1.company_id
           and Language = ?) AS company_short_name,
       t1.operation_unit_id,
       t1.document_type_code,
       (select description_code || '-' || description from (
      select rpt.description,rpt.expense_report_type_id as document_type_code,'EXP_RPT'as business_type,rpt.expense_report_type_code as description_code,rpt.company_id from exp_expense_report_types_vl rpt
      union 
      select req.description,req.expense_requisition_type_id as document_type_code,'EXP_REQ'as business_type,req.expense_requisition_type_code as description_code,req.company_id from exp_expense_req_types_vl req) v
      where v.business_type = t1.business_type and v.description_code = t1.document_type_code and v.company_id = t1.company_id) document_type_description,
	       t1.expense_type_code,
       (SELECT v.expense_type_code || '-' || v.description
          FROM (SELECT t.expense_type_id,
                       t.expense_type_code,
                       t.description,
                       t.company_id
                  FROM exp_expense_types_vl t
                 WHERE t.enabled_flag = 'Y') v
         WHERE t1.expense_type_code = v.expense_type_code and t1.company_id = v.company_id ) AS expense_type_description,
       t1.exp_item_id,
         
          ((select e1.description
            from exp_expense_items_vl e1
           where e1.expense_item_id = t1.EXP_ITEM_ID
           and t1.business_type = 'EXP_RPT' ) union (select e2.description
            from exp_req_items_vl e2
           where e2.req_item_id = t1.EXP_ITEM_ID and t1.business_type = 'EXP_REQ')) AS exp_item_description,  
       t1.responsibility_center_code,
       decode(t1.responsibility_center_code,null,'',t1.responsibility_center_code || '-' || (select responsibility_center_name from fnd_responsibility_centers_vl frc where frc.responsibility_center_code = t1.responsibility_center_code and frc.company_id = t1.company_id)) as resp_center_code_name,      
       t1.account_id,
       t1.org_unit_code,
       (select unit_code_name from (SELECT unit_code || '-' ||
               (select description_text
                  from fnd_descriptions fd
                 where fd.description_id = t2.description_id
                   and fd.language =  ?) AS unit_code_name,
                   unit_code,t2.company_id
          FROM EXP_ORG_UNIT t2
          LEFT OUTER JOIN fnd_companies company
            ON t2.company_id = company.company_id
         WHERE t2.enabled_flag = 'Y'
           AND exists (select 1
                  from fnd_companies     fc,
                       gld_set_of_books  g,
                       bgt_organizations bo
                 where fc.set_of_books_id = g.set_of_books_id
                   and g.set_of_books_id = bo.set_of_books_id
                   and fc.company_id = t2.company_id
                   and g.set_of_books_id =
                       (select fcc.set_of_books_id
                          from fnd_companies fcc
                         where fcc.company_id = ?))) v1
           where v1.unit_code = t1.org_unit_code and v1.company_id=t1.company_id ) org_unit_code_display,
       t1.org_unit_level_id,
       t1.position_code,
       decode(t1.position_code,null,'',t1.position_code || '-' || (select eop.description from exp_org_position_vl eop where eop.position_code = t1.position_code and eop.company_id = t1.company_id)) as  position_code_display, 
       t1.employee_levels_id,
       t1.employee_type_id,
       t1.employee_id,
       (select nvl2(t1.employee_id, emp.name || '-' || t1.employee_id, '')
          from exp_employees emp
         where emp.employee_id = t1.employee_id) AS employee_name,
       (select emp.employee_code || '-' || emp.name
       	  from exp_employees emp
       	 where emp.employee_id = t1.employee_id) AS employee_display,
       t1.payee_category,
       (select code_value_name from sys_code_values_vl where code_id = (select code_id from sys_codes where code = 'PAYMENT_OBJECT') and code_value =  t1.payee_category) AS payee_category_display,
       t1.payee_id,
       t1.budget_item_id,
       (select  BUDGET_ITEM_CODE || '-' || DESCRIPTION
          from bgt_budget_items_vl
         where BUDGET_ITEM_ID = t1.budget_item_id) AS budget_item_description,
       t1.dimension1_id,
       t1.dimension2_id,
       t1.dimension3_id,
       t1.dimension4_id,
       t1.dimension5_id,
       t1.dimension6_id,
       t1.dimension7_id,
       t1.dimension8_id,
       t1.dimension9_id,
       t1.dimension10_id,
       t1.start_date,
       t1.end_date
  FROM BGT_BUDGET_ITEM_MAPPING t1 
   WHERE t1.BGT_ORG_ID = (select BGT_ORG_ID from bgt_organizations where set_of_books_id = (select set_of_books_id from fnd_companies where company_id = ? ))
  order by t1.priority
			
---------------------Binding info---------------------
No.1	Access path:/session/@lang	Data type of passed value :java.lang.String	Value:ZHS	Output:false	Database Type:null	
No.2	Access path:/session/@lang	Data type of passed value :java.lang.String	Value:ZHS	Output:false	Database Type:null	
No.3	Access path:/session/@company_id	Data type of passed value :java.lang.String	Value:835	Output:false	Database Type:null	
No.4	Access path:/session/@company_id	Data type of passed value :java.lang.String	Value:835	Output:false	Database Type:null	

=============== END [query] SQL Statement execution dump ============

2018-10-19 06:15:44.663 [uncertain.proc] [CONFIG] [action] CreateSuccessResponse
