2018-10-17 09:57:22.407 [aurora.application.session_check] [CONFIG] Session data copied to context
2018-10-17 09:57:22.407 [aurora.application.session_check] [CONFIG] Checking BM access bgt.BGT3100.bgt_journal_query for operation query
2018-10-17 09:57:22.408 [aurora.application.session_check] [CONFIG] Result from aurora.bm.DefaultAccessChecker@13f9b74e is true
2018-10-17 09:57:22.408 [uncertain.proc] [CONFIG] [action] AccessCheck
2018-10-17 09:57:22.410 [uncertain.proc] [CONFIG] [action] CheckServiceLock
2018-10-17 09:57:22.410 [uncertain.proc] [CONFIG] [action] ParseParameter
2018-10-17 09:57:22.410 [uncertain.proc] [CONFIG] [action] ValidateInput
2018-10-17 09:57:22.410 [uncertain.proc] [CONFIG] [action] InvokeService
2018-10-17 09:57:22.410 [aurora.database] [CONFIG] ===================================== prepare to run model-query bgt.BGT3100.bgt_journal_query==============================
2018-10-17 09:57:22.415 [uncertain.proc] [CONFIG] [action] DecideSqlGenerationMode
2018-10-17 09:57:22.415 [uncertain.proc] [FINE] aurora.database.service.BusinessModelService.onDecideSqlGenerationMode
2018-10-17 09:57:22.415 [uncertain.proc] [CONFIG] [action] CreateOperationSql
2018-10-17 09:57:22.415 [uncertain.proc] [CONFIG] [action] PopulateOperationSql
2018-10-17 09:57:22.415 [uncertain.proc] [FINE] aurora.database.features.OrderByClauseCreator.onPopulateOperationSql
2018-10-17 09:57:22.415 [uncertain.proc] [FINE] aurora.database.features.WhereClauseCreator.onPopulateOperationSql
2018-10-17 09:57:22.415 [uncertain.proc] [CONFIG] [action] ExecuteQuery
2018-10-17 09:57:22.415 [uncertain.proc] [FINE] aurora.bm.QuerySqlCreator.onExecuteQuery
2018-10-17 09:57:22.419 [uncertain.proc] [CONFIG] [action] QueryFinish
2018-10-17 09:57:22.419 [uncertain.proc] [FINE] aurora.database.features.AutoQueryCounter.onQueryFinish
2018-10-17 09:57:22.420 [uncertain.proc] [CONFIG] [action] FetchResultSet
2018-10-17 09:57:22.420 [uncertain.proc] [FINE] aurora.database.features.CacheBasedLookUpField.postFetchResultSet
2018-10-17 09:57:22.420 [aurora.database] [CONFIG] 
============= BEGIN [query] SQL Statement execution dump ============

				select *
				  from (select bjh.journal_header_id,
							   bjh.company_id,
							   bjh.bgt_journal_type_id,
							   bjh.operation_unit_id,
							   (select fo.description
								  from fnd_operation_units_vl fo
								 where bjh.operation_unit_id = fo.operation_unit_id) operation_unit_desc,
							   bjh.bgt_org_id,
							   bjh.budget_structure_id,
							   bbs.description budget_structure_desc,
							   bbs.period_set_code,
							   bpsv.description period_set_desc,
							   bbs.period_strategy,
							   bjh.budget_journal_number,
							   bjh.period_year,
							   bjh.period_quarter,
							   bjh.period_name,
							   bjh.bgt_period_num,
							   bjh.journal_header_notes,
							   bjh.scenario_id,
							   bs.description scenario_desc,
							   bjh.version_id,
							   bv.description version_desc,
							   bjh.status,
							   nvl(bjh.reversed_flag,'N') reversed_flag,
							   (select scv.code_value_name
								  from sys_codes          sc,
									   sys_code_values_vl scv
								 where sc.code_id = scv.code_id
								   and sc.code = 'CSH_REVERSE_SELECT'
								   and sc.enabled_flag = 'Y'
								   and scv.enabled_flag = 'Y'
								   and nvl(bjh.reversed_flag,
										   'N') = scv.code_value) reversed_status,
							   (select l.code_value_name
								  from sys_codes          h,
									   sys_code_values_vl l
								 where h.code = 'BUDGET_PERIOD'
								   and h.code_id = l.code_id
								   and l.code_value = bbs.period_strategy) period_strategy_desc,
							   (select scv.code_value_name
								  from sys_codes          sc,
									   sys_code_values_vl scv
								 where sc.code_id = scv.code_id
								   and sc.code = 'BGT_BUDGET_STATUS'
								   and scv.code_value = bjh.status) status_desc,
							   bjh.source_budget_header_id,
							   bjh.approved_date,
							   bjh.approved_by,
							   bjh.posted_date,
							   bjh.posted_by,
							   bjt.description bgt_jour_type_desc,							   
							   (select pv.page_name
								  from bgt_jour_type_pages_v pv
								 where bjt.document_page_type = pv.page_type
								   and pv.page_usage = 'QUERY') page_name,
								bjh.employee_id,
							   (select ee.name
								  from exp_employees ee
								 where ee.employee_id = bjh.employee_id) employee_name,
							   bjh.unit_id,
							   (select eou.description
								  from exp_org_unit_vl eou
								 where eou.unit_id = bjh.unit_id) unit_name,
							   (select sum(bjl.amount)
								  from bgt_journal_lines bjl
								 where bjl.journal_header_id = bjh.journal_header_id) sum_amount,
								bjh.created_by,
								bjh.creation_date,
								to_char(bjh.creation_date,'YYYY-MM-DD') creation_date_display
						  from bgt_journal_headers      bjh,
							   bgt_budget_structures_vl bbs,
							   bgt_versions_vl          bv,
							   bgt_scenarios_vl         bs,
							   bgt_period_sets_vl       bpsv,
							   bgt_journal_types_vl     bjt
						 where bjh.budget_structure_id = bbs.budget_structure_id
						   and bjh.version_id = bv.version_id
						   and bjh.scenario_id = bs.scenario_id
						   and bbs.period_set_code = bpsv.bgt_period_set_code
						   and bbs.bgt_org_id = bpsv.bgt_org_id
						   and bjh.bgt_journal_type_id = bjt.bgt_journal_type_id) t				
					 WHERE t.created_by = ? 
					order by t.budget_journal_number desc
		
---------------------Binding info---------------------
No.1	Access path:/session/@user_id	Data type of passed value :java.lang.Long	Value:2242	Output:false	Database Type:null	

=============== END [query] SQL Statement execution dump ============

2018-10-17 09:57:22.420 [uncertain.proc] [CONFIG] [action] CreateSuccessResponse
