2018-10-15 06:23:29.960 [aurora.application.session_check] [CONFIG] Session data copied to context
2018-10-15 06:23:29.961 [aurora.application.session_check] [CONFIG] Checking BM access bgt.BGT6200.bgt_exp_req_item_lov for operation query
2018-10-15 06:23:29.963 [aurora.application.session_check] [CONFIG] Result from aurora.bm.DefaultAccessChecker@5215f0ba is true
2018-10-15 06:23:29.963 [uncertain.proc] [CONFIG] [action] AccessCheck
2018-10-15 06:23:29.965 [uncertain.proc] [CONFIG] [action] CheckServiceLock
2018-10-15 06:23:29.965 [uncertain.proc] [CONFIG] [action] ParseParameter
2018-10-15 06:23:29.966 [uncertain.proc] [CONFIG] [action] ValidateInput
2018-10-15 06:23:29.966 [uncertain.proc] [CONFIG] [action] InvokeService
2018-10-15 06:23:29.966 [aurora.database] [CONFIG] ===================================== prepare to run model-query bgt.BGT6200.bgt_exp_req_item_lov==============================
2018-10-15 06:23:29.975 [uncertain.proc] [CONFIG] [action] DecideSqlGenerationMode
2018-10-15 06:23:29.975 [uncertain.proc] [FINE] aurora.database.service.BusinessModelService.onDecideSqlGenerationMode
2018-10-15 06:23:29.976 [uncertain.proc] [CONFIG] [action] CreatequeryStatement
2018-10-15 06:23:29.976 [uncertain.proc] [FINE] aurora.bm.QuerySqlCreator.onCreateQueryStatement
2018-10-15 06:23:29.978 [uncertain.proc] [CONFIG] [action] PopulatequeryStatement
2018-10-15 06:23:29.978 [uncertain.proc] [FINE] aurora.database.features.OrderByClauseCreator.onPopulateQueryStatement
2018-10-15 06:23:29.978 [uncertain.proc] [FINE] aurora.database.features.WhereClauseCreator.onPopulateQueryStatement
2018-10-15 06:23:29.978 [uncertain.proc] [CONFIG] [action] CreatequerySql
2018-10-15 06:23:29.978 [uncertain.proc] [FINE] aurora.bm.QuerySqlCreator.onCreateQuerySql
2018-10-15 06:23:29.978 [uncertain.proc] [CONFIG] [action] ExecuteQuery
2018-10-15 06:23:29.978 [uncertain.proc] [FINE] aurora.bm.QuerySqlCreator.onExecuteQuery
2018-10-15 06:23:30.95 [uncertain.proc] [CONFIG] [action] QueryFinish
2018-10-15 06:23:30.95 [uncertain.proc] [FINE] aurora.database.features.AutoQueryCounter.onQueryFinish
2018-10-15 06:23:30.100 [uncertain.proc] [CONFIG] [action] FetchResultSet
2018-10-15 06:23:30.100 [uncertain.proc] [FINE] aurora.database.features.CacheBasedLookUpField.postFetchResultSet
2018-10-15 06:23:30.103 [aurora.database] [CONFIG] 
============= BEGIN [query] SQL Statement execution dump ============
SELECT t1.req_item_id AS expense_item_id,t1.SET_OF_BOOKS_ID,t1.req_item_code,t1.DESCRIPTION_ID,t1.ENABLED_FLAG,(select DESCRIPTION_TEXT from fnd_descriptions where DESCRIPTION_ID=t1.description_id and Language=?) AS expense_item_description,req_item_code || '-' || (select fd.description_text from fnd_descriptions fd where fd.description_id = t1.description_id and fd.language = ?) AS exp_item_code_name,company.company_id
FROM EXP_REQ_ITEMS t1
	LEFT OUTER JOIN fnd_companies company ON t1.SET_OF_BOOKS_ID = company.set_of_books_id
WHERE company.company_id = ? AND enabled_flag = 'Y'
ORDER BY req_item_code
---------------------Binding info---------------------
No.1	Access path:/session/@lang	Data type of passed value :java.lang.String	Value:ZHS	Output:false	Database Type:null	
No.2	Access path:/session/@lang	Data type of passed value :java.lang.String	Value:ZHS	Output:false	Database Type:null	
No.3	Access path:/session/@company_id	Data type of passed value :java.lang.String	Value:835	Output:false	Database Type:null	

=============== END [query] SQL Statement execution dump ============

2018-10-15 06:23:30.103 [uncertain.proc] [CONFIG] [action] CreateSuccessResponse
