2018-10-17 09:56:12.302 [aurora.application.session_check] [CONFIG] Session data copied to context
2018-10-17 09:56:12.302 [aurora.application.session_check] [CONFIG] Checking BM access bgt.bgt_journal_responsibility_centers_combo for operation query
2018-10-17 09:56:12.303 [aurora.application.session_check] [CONFIG] Result from aurora.bm.DefaultAccessChecker@7a3906a5 is true
2018-10-17 09:56:12.303 [uncertain.proc] [CONFIG] [action] AccessCheck
2018-10-17 09:56:12.305 [uncertain.proc] [CONFIG] [action] CheckServiceLock
2018-10-17 09:56:12.305 [uncertain.proc] [CONFIG] [action] ParseParameter
2018-10-17 09:56:12.305 [uncertain.proc] [CONFIG] [action] ValidateInput
2018-10-17 09:56:12.305 [uncertain.proc] [CONFIG] [action] InvokeService
2018-10-17 09:56:12.305 [aurora.database] [CONFIG] ===================================== prepare to run model-query bgt.bgt_journal_responsibility_centers_combo==============================
2018-10-17 09:56:12.310 [uncertain.proc] [CONFIG] [action] DecideSqlGenerationMode
2018-10-17 09:56:12.310 [uncertain.proc] [FINE] aurora.database.service.BusinessModelService.onDecideSqlGenerationMode
2018-10-17 09:56:12.310 [uncertain.proc] [CONFIG] [action] CreateOperationSql
2018-10-17 09:56:12.310 [uncertain.proc] [CONFIG] [action] PopulateOperationSql
2018-10-17 09:56:12.310 [uncertain.proc] [FINE] aurora.database.features.OrderByClauseCreator.onPopulateOperationSql
2018-10-17 09:56:12.310 [uncertain.proc] [FINE] aurora.database.features.WhereClauseCreator.onPopulateOperationSql
2018-10-17 09:56:12.310 [uncertain.proc] [CONFIG] [action] ExecuteQuery
2018-10-17 09:56:12.310 [uncertain.proc] [FINE] aurora.bm.QuerySqlCreator.onExecuteQuery
2018-10-17 09:56:12.311 [uncertain.proc] [CONFIG] [action] QueryFinish
2018-10-17 09:56:12.311 [uncertain.proc] [FINE] aurora.database.features.AutoQueryCounter.onQueryFinish
2018-10-17 09:56:12.312 [uncertain.proc] [CONFIG] [action] FetchResultSet
2018-10-17 09:56:12.312 [uncertain.proc] [FINE] aurora.database.features.CacheBasedLookUpField.postFetchResultSet
2018-10-17 09:56:12.312 [aurora.database] [CONFIG] 
============= BEGIN [query] SQL Statement execution dump ============

                SELECT
                    *
                FROM
                    (SELECT
                        frc.responsibility_center_id,
                        frc.responsibility_center_code,
                        frc.responsibility_center_name,
                        frc.responsibility_center_code
                        || frc.responsibility_center_name responsibility_center_name_ext
                    FROM
                        fnd_responsibility_centers_vl frc
                    WHERE
                        NVL(frc.summary_flag,'N')      = 'N' AND
                        frc.responsibility_center_code<>'0' AND
                        (
                            TRUNC(sysdate) BETWEEN frc.start_date_active AND frc.end_date_active OR
                            frc.end_date_active IS NULL
                        )
                        AND
                        frc.company_id = NVL(?,?)
                    )t  WHERE (? in ('ALL','COMPANY_JUNIOR','CURR_COMPANY')     or (exists (select 1        from exp_org_unit eou1       where (eou1.responsibility_center_id = t.responsibility_center_id          or exists (select 1           from exp_org_unit_resp_dist urd          where urd.unit_id = eou1.unit_id            and t.responsibility_center_id =             urd.responsibility_center_id))       start with eou1.unit_id = (select eop.unit_id from exp_org_position eop where eop.position_id = ?)       connect by prior eou1.unit_id = eou1.parent_unit_id) and      ? = 'UNIT_JUNIOR')    or (? = 'CURR_UNIT'      and exists      (select 1        from exp_org_unit eou2       where (eou2.responsibility_center_id = t.responsibility_center_id         or exists (select 1            from exp_org_unit_resp_dist urd           where urd.unit_id = eou2.unit_id             and t.responsibility_center_id =              urd.responsibility_center_id))         and eou2.unit_id = (select eop.unit_id from exp_org_position eop where eop.position_id = ?))))
                ORDER BY
                    t.responsibility_center_code
            
---------------------Binding info---------------------
No.1	Access path:@p_company_id	Data type of passed value :java.lang.String	Value:835	Output:false	Database Type:null	
No.2	Access path:/session/@company_id	Data type of passed value :java.lang.String	Value:835	Output:false	Database Type:null	
No.3	Access path:@authority_type	Data type of passed value :java.lang.String	Value:ALL	Output:false	Database Type:null	
No.4	Access path:@p_position_id	Data type of passed value :java.lang.String	Value:37	Output:false	Database Type:null	
No.5	Access path:@authority_type	Data type of passed value :java.lang.String	Value:ALL	Output:false	Database Type:null	
No.6	Access path:@authority_type	Data type of passed value :java.lang.String	Value:ALL	Output:false	Database Type:null	
No.7	Access path:@p_position_id	Data type of passed value :java.lang.String	Value:37	Output:false	Database Type:null	

=============== END [query] SQL Statement execution dump ============

2018-10-17 09:56:12.312 [uncertain.proc] [CONFIG] [action] CreateSuccessResponse
