2018-10-11 01:24:21.518 [aurora.application.session_check] [CONFIG] Session data copied to context
2018-10-11 01:24:21.518 [aurora.application.session_check] [CONFIG] Checking BM access bgt.bgt_journal_dimension_value_lov for operation query
2018-10-11 01:24:21.521 [aurora.application.session_check] [CONFIG] Result from aurora.bm.DefaultAccessChecker@402915ed is true
2018-10-11 01:24:21.521 [uncertain.proc] [CONFIG] [action] AccessCheck
2018-10-11 01:24:21.524 [uncertain.proc] [CONFIG] [action] CheckServiceLock
2018-10-11 01:24:21.524 [uncertain.proc] [CONFIG] [action] ParseParameter
2018-10-11 01:24:21.524 [uncertain.proc] [CONFIG] [action] ValidateInput
2018-10-11 01:24:21.524 [uncertain.proc] [CONFIG] [action] InvokeService
2018-10-11 01:24:21.524 [aurora.database] [CONFIG] ===================================== prepare to run model-query bgt.bgt_journal_dimension_value_lov==============================
2018-10-11 01:24:21.529 [uncertain.proc] [CONFIG] [action] DecideSqlGenerationMode
2018-10-11 01:24:21.529 [uncertain.proc] [FINE] aurora.database.service.BusinessModelService.onDecideSqlGenerationMode
2018-10-11 01:24:21.529 [uncertain.proc] [CONFIG] [action] CreateOperationSql
2018-10-11 01:24:21.529 [uncertain.proc] [CONFIG] [action] PopulateOperationSql
2018-10-11 01:24:21.529 [uncertain.proc] [FINE] aurora.database.features.OrderByClauseCreator.onPopulateOperationSql
2018-10-11 01:24:21.529 [uncertain.proc] [FINE] aurora.database.features.WhereClauseCreator.onPopulateOperationSql
2018-10-11 01:24:21.529 [uncertain.proc] [CONFIG] [action] ExecuteQuery
2018-10-11 01:24:21.529 [uncertain.proc] [FINE] aurora.bm.QuerySqlCreator.onExecuteQuery
2018-10-11 01:24:21.605 [uncertain.proc] [CONFIG] [action] QueryFinish
2018-10-11 01:24:21.605 [uncertain.proc] [FINE] aurora.database.features.AutoQueryCounter.onQueryFinish
2018-10-11 01:24:21.649 [uncertain.proc] [CONFIG] [action] FetchResultSet
2018-10-11 01:24:21.650 [uncertain.proc] [FINE] aurora.database.features.CacheBasedLookUpField.postFetchResultSet
2018-10-11 01:24:21.650 [aurora.database] [CONFIG] 
============= BEGIN [query] SQL Statement execution dump ============

			select t.dimension_id,        
			t.dimension_value_id,        
			t.dimension_value_code,        
			t.description   
			from fnd_dimension_values_v t   
			 WHERE t.enabled_flag='Y' and t.company_id =  ? and t.dimension_id =(select dimension_id from fnd_dimensions where dimension_sequence = ?) 
			order by dimension_value_code
            
---------------------Binding info---------------------
No.1	Access path:/parameter/@company_id	Data type of passed value :java.lang.String	Value:2240	Output:false	Database Type:null	
No.2	Access path:/parameter/@dimension_sequence	Data type of passed value :java.lang.String	Value:3	Output:false	Database Type:null	

=============== END [query] SQL Statement execution dump ============

2018-10-11 01:24:21.650 [uncertain.proc] [CONFIG] [action] CreateSuccessResponse
