2018-09-30 07:03:43.143 [aurora.application.session_check] [CONFIG] Session data copied to context
2018-09-30 07:03:43.143 [aurora.application.session_check] [CONFIG] Checking BM access bgt.BGT2920.bgt_control_rules_detail for operation query
2018-09-30 07:03:43.144 [aurora.application.session_check] [CONFIG] Result from aurora.bm.DefaultAccessChecker@66bcf947 is true
2018-09-30 07:03:43.144 [uncertain.proc] [CONFIG] [action] AccessCheck
2018-09-30 07:03:43.146 [uncertain.proc] [CONFIG] [action] CheckServiceLock
2018-09-30 07:03:43.146 [uncertain.proc] [CONFIG] [action] ParseParameter
2018-09-30 07:03:43.146 [uncertain.proc] [CONFIG] [action] ValidateInput
2018-09-30 07:03:43.146 [uncertain.proc] [CONFIG] [action] InvokeService
2018-09-30 07:03:43.146 [aurora.database] [CONFIG] ===================================== prepare to run model-query bgt.BGT2920.bgt_control_rules_detail==============================
2018-09-30 07:03:43.150 [uncertain.proc] [CONFIG] [action] DecideSqlGenerationMode
2018-09-30 07:03:43.150 [uncertain.proc] [FINE] aurora.database.service.BusinessModelService.onDecideSqlGenerationMode
2018-09-30 07:03:43.150 [uncertain.proc] [CONFIG] [action] CreateOperationSql
2018-09-30 07:03:43.150 [uncertain.proc] [CONFIG] [action] PopulateOperationSql
2018-09-30 07:03:43.150 [uncertain.proc] [FINE] aurora.database.features.OrderByClauseCreator.onPopulateOperationSql
2018-09-30 07:03:43.150 [uncertain.proc] [FINE] aurora.database.features.WhereClauseCreator.onPopulateOperationSql
2018-09-30 07:03:43.151 [uncertain.proc] [CONFIG] [action] ExecuteQuery
2018-09-30 07:03:43.151 [uncertain.proc] [FINE] aurora.bm.QuerySqlCreator.onExecuteQuery
2018-09-30 07:03:43.152 [uncertain.proc] [CONFIG] [action] QueryFinish
2018-09-30 07:03:43.152 [uncertain.proc] [FINE] aurora.database.features.AutoQueryCounter.onQueryFinish
2018-09-30 07:03:43.153 [uncertain.proc] [CONFIG] [action] FetchResultSet
2018-09-30 07:03:43.153 [uncertain.proc] [FINE] aurora.database.features.CacheBasedLookUpField.postFetchResultSet
2018-09-30 07:03:43.153 [aurora.database] [CONFIG] 
============= BEGIN [query] SQL Statement execution dump ============

		select  t.rule_parameter_display,
       			t.control_rule_id,
               t.control_rule_detail_id,
               t.rule_parameter_type,
               t.rule_parameter_type_name,
               t.rule_parameter,
               t.filtrate_method,
               t.filtrate_method_name,
               t.summary_or_detail,
               t.summary_or_detail_name,
               t.parameter_lower_limit,
               t.parameter_upper_limit,
               t.user_exit_procedure,
               t.invalid_date
 		from (select (	select f.description as code_value_name
								  from fnd_dimensions_vl f
								 where v1.code_value = 'BGT_CONTROL_PARAMETER_DIM'
								   and t.rule_parameter = f.dimension_code
								union
								select v4.code_value_name
								  from sys_code_values_v v4
								 where v4.code = 'BGT_CONTROL_PARAMETER_BUDGET'
								   and v1.code_value = 'BGT_CONTROL_PARAMETER_BUDGET'
								   and v4.code_value = t.rule_parameter
								union
								select v5.code_value_name
								  from sys_code_values_v v5
								 where v5.code = 'BGT_CONTROL_PARAMETER_ORG'
								   and v1.code_value = 'BGT_CONTROL_PARAMETER_ORG'
								   and v5.code_value = t.rule_parameter) as rule_parameter_display,
							t.control_rule_id,
						   t.control_rule_detail_id,
						   t.rule_parameter_type,
						   v1.code_value_name as rule_parameter_type_name,
						   t.rule_parameter,
						   t.filtrate_method,
						   v2.code_value_name as filtrate_method_name,
						   t.summary_or_detail,
						   v3.code_value_name as summary_or_detail_name,
						   t.parameter_lower_limit,
						   t.parameter_upper_limit,
						   t.user_exit_procedure,
						   t.invalid_date
					  from bgt_control_rule_details t,
						   sys_code_values_v        v1,
						   sys_code_values_v        v2,
						   sys_code_values_v        v3
					 where t.rule_parameter_type = v1.code_value
					   and t.filtrate_method = v2.code_value
					   and t.summary_or_detail = v3.code_value
					   and v1.code = 'BGT_RULE_PARAMETER_TYPE'
					   and v2.code = 'WFL_WORKFLOW_FILTRATE_METHOD'
					   and v3.code = 'BGT_CONTROL_RULE_RANGE'
					
					   and t.control_rule_id=?
						  ) t
		 order by rule_parameter_type_name
	
---------------------Binding info---------------------
No.1	Access path:/parameter/@control_rule_id	Data type of passed value :java.lang.String	Value:1	Output:false	Database Type:null	

=============== END [query] SQL Statement execution dump ============

2018-09-30 07:03:43.153 [uncertain.proc] [CONFIG] [action] CreateSuccessResponse
