2018-10-17 08:15:01.704 [aurora.application.session_check] [CONFIG] Session data copied to context
2018-10-17 08:15:01.704 [aurora.application.session_check] [CONFIG] Checking BM access bgt.BGT1030.bgt_version_company_assign for operation batch_update
2018-10-17 08:15:01.704 [aurora.application.session_check] [CONFIG] for batch_update, access check will be performed on each record from parameter
2018-10-17 08:15:01.706 [uncertain.proc] [CONFIG] [action] AccessCheck
2018-10-17 08:15:01.707 [uncertain.proc] [CONFIG] [action] CheckServiceLock
2018-10-17 08:15:01.707 [uncertain.proc] [CONFIG] [action] ParseParameter
2018-10-17 08:15:01.707 [uncertain.proc] [CONFIG] [action] ValidateInput
2018-10-17 08:15:01.707 [uncertain.proc] [CONFIG] [action] InvokeService
2018-10-17 08:15:01.708 [aurora.database] [CONFIG] ============ Running model batch update with data from path /parameter, total 1 records
2018-10-17 08:15:01.708 [aurora.database] [CONFIG] execute update on record No.0 for model bgt.BGT1030.bgt_version_company_assign
2018-10-17 08:15:01.710 [uncertain.proc] [CONFIG] [action] DecideStatement
2018-10-17 08:15:01.712 [uncertain.proc] [CONFIG] [action] DecideSqlGenerationMode
2018-10-17 08:15:01.712 [uncertain.proc] [FINE] aurora.database.service.BusinessModelService.onDecideSqlGenerationMode
2018-10-17 08:15:01.712 [uncertain.proc] [CONFIG] [action] CreateOperationSql
2018-10-17 08:15:01.712 [uncertain.proc] [CONFIG] [action] PopulateOperationSql
2018-10-17 08:15:01.712 [uncertain.proc] [FINE] aurora.database.features.OrderByClauseCreator.onPopulateOperationSql
2018-10-17 08:15:01.712 [uncertain.proc] [FINE] aurora.database.features.WhereClauseCreator.onPopulateOperationSql
2018-10-17 08:15:01.712 [uncertain.proc] [CONFIG] [action] CreateSqlRunner
2018-10-17 08:15:01.712 [uncertain.proc] [FINE] aurora.database.service.BusinessModelService.onCreateSqlRunner
2018-10-17 08:15:01.712 [uncertain.proc] [CONFIG] [action] ExecuteDmlStatement
2018-10-17 08:15:01.712 [uncertain.proc] [FINE] aurora.database.service.BusinessModelService.onExecuteDmlStatement
2018-10-17 08:15:01.723 [aurora.database] [CONFIG] 
============= BEGIN [Update] SQL Statement execution dump ============
 
            begin
                bgt_versions_pkg.update_bgt_company_versions(?,
                                                  ?,
                                                  ?,
                                                  ?,
                                                  ?);
                                          
          end;
             
---------------------Binding info---------------------
No.1	Access path:@company_id	Data type of passed value :java.lang.Integer	Value:835	Output:false	Database Type:null	
No.2	Access path:@version_id	Data type of passed value :java.lang.Integer	Value:1	Output:false	Database Type:null	
No.3	Access path:@enabled_flag	Data type of passed value :java.lang.String	Value:Y	Output:false	Database Type:null	
No.4	Access path:@status	Data type of passed value :java.lang.String	Value:HISTORY	Output:false	Database Type:null	
No.5	Access path:/session/@user_id	Data type of passed value :java.lang.Long	Value:2242	Output:false	Database Type:null	

=============== END [Update] SQL Statement execution dump ============

2018-10-17 08:15:01.723 [aurora.database] [CONFIG] ============ End of batch update for /parameter
2018-10-17 08:15:01.723 [uncertain.proc] [CONFIG] [action] CreateSuccessResponse
