2018-10-21 07:56:07.999 [aurora.application.session_check] [CONFIG] Session data copied to context
2018-10-21 07:56:08.0 [aurora.application.session_check] [CONFIG] Checking BM access bgt.BGT2200.bgt_jour_t_ref_com for operation query
2018-10-21 07:56:08.1 [aurora.application.session_check] [CONFIG] Result from aurora.bm.DefaultAccessChecker@417beac2 is true
2018-10-21 07:56:08.1 [uncertain.proc] [CONFIG] [action] AccessCheck
2018-10-21 07:56:08.2 [uncertain.proc] [CONFIG] [action] CheckServiceLock
2018-10-21 07:56:08.2 [uncertain.proc] [CONFIG] [action] ParseParameter
2018-10-21 07:56:08.2 [uncertain.proc] [CONFIG] [action] ValidateInput
2018-10-21 07:56:08.2 [uncertain.proc] [CONFIG] [action] InvokeService
2018-10-21 07:56:08.3 [aurora.database] [CONFIG] ===================================== prepare to run model-query bgt.BGT2200.bgt_jour_t_ref_com==============================
2018-10-21 07:56:08.7 [uncertain.proc] [CONFIG] [action] DecideSqlGenerationMode
2018-10-21 07:56:08.7 [uncertain.proc] [FINE] aurora.database.service.BusinessModelService.onDecideSqlGenerationMode
2018-10-21 07:56:08.7 [uncertain.proc] [CONFIG] [action] CreateOperationSql
2018-10-21 07:56:08.7 [uncertain.proc] [CONFIG] [action] PopulateOperationSql
2018-10-21 07:56:08.7 [uncertain.proc] [FINE] aurora.database.features.OrderByClauseCreator.onPopulateOperationSql
2018-10-21 07:56:08.7 [uncertain.proc] [FINE] aurora.database.features.WhereClauseCreator.onPopulateOperationSql
2018-10-21 07:56:08.7 [uncertain.proc] [CONFIG] [action] ExecuteQuery
2018-10-21 07:56:08.7 [uncertain.proc] [FINE] aurora.bm.QuerySqlCreator.onExecuteQuery
2018-10-21 07:56:08.12 [uncertain.proc] [CONFIG] [action] QueryFinish
2018-10-21 07:56:08.12 [uncertain.proc] [FINE] aurora.database.features.AutoQueryCounter.onQueryFinish
2018-10-21 07:56:08.14 [uncertain.proc] [CONFIG] [action] FetchResultSet
2018-10-21 07:56:08.14 [uncertain.proc] [FINE] aurora.database.features.CacheBasedLookUpField.postFetchResultSet
2018-10-21 07:56:08.14 [aurora.database] [CONFIG] 
============= BEGIN [query] SQL Statement execution dump ============

				select t.ref_id,
					   t.bgt_journal_type_id,
					   t.company_id,
					   a.company_code,
					   c.description_text description,
					   t.enabled_flag
				  from bgt_jour_t_ref_com t,
					   fnd_companies      a,
					   fnd_descriptions   c
				 where t.company_id = a.company_id
				   and a.company_short_name_id = c.description_id
				   and t.bgt_journal_type_id = ?
			       and c.language=?
				 order by a.company_code				   
   
---------------------Binding info---------------------
No.1	Access path:@bgt_journal_type_id	Data type of passed value :java.lang.String	Value:52	Output:false	Database Type:null	
No.2	Access path:/session/@lang	Data type of passed value :java.lang.String	Value:ZHS	Output:false	Database Type:null	

=============== END [query] SQL Statement execution dump ============

2018-10-21 07:56:08.14 [uncertain.proc] [CONFIG] [action] CreateSuccessResponse
