2018-09-29 08:38:53.336 [aurora.application.session_check] [CONFIG] Session data copied to context
2018-09-29 08:38:53.336 [aurora.application.session_check] [CONFIG] Checking BM access bgt.BGT5120.bgt_jour_t_strc_list for operation query
2018-09-29 08:38:53.337 [aurora.application.session_check] [CONFIG] Result from aurora.bm.DefaultAccessChecker@554658bb is true
2018-09-29 08:38:53.337 [uncertain.proc] [CONFIG] [action] AccessCheck
2018-09-29 08:38:53.338 [uncertain.proc] [CONFIG] [action] CheckServiceLock
2018-09-29 08:38:53.338 [uncertain.proc] [CONFIG] [action] ParseParameter
2018-09-29 08:38:53.338 [uncertain.proc] [CONFIG] [action] ValidateInput
2018-09-29 08:38:53.338 [uncertain.proc] [CONFIG] [action] InvokeService
2018-09-29 08:38:53.338 [aurora.database] [CONFIG] ===================================== prepare to run model-query bgt.BGT5120.bgt_jour_t_strc_list==============================
2018-09-29 08:38:53.343 [uncertain.proc] [CONFIG] [action] DecideSqlGenerationMode
2018-09-29 08:38:53.343 [uncertain.proc] [FINE] aurora.database.service.BusinessModelService.onDecideSqlGenerationMode
2018-09-29 08:38:53.343 [uncertain.proc] [CONFIG] [action] CreateOperationSql
2018-09-29 08:38:53.343 [uncertain.proc] [CONFIG] [action] PopulateOperationSql
2018-09-29 08:38:53.343 [uncertain.proc] [FINE] aurora.database.features.OrderByClauseCreator.onPopulateOperationSql
2018-09-29 08:38:53.343 [uncertain.proc] [FINE] aurora.database.features.WhereClauseCreator.onPopulateOperationSql
2018-09-29 08:38:53.343 [uncertain.proc] [CONFIG] [action] ExecuteQuery
2018-09-29 08:38:53.344 [uncertain.proc] [FINE] aurora.bm.QuerySqlCreator.onExecuteQuery
2018-09-29 08:38:53.350 [uncertain.proc] [CONFIG] [action] QueryFinish
2018-09-29 08:38:53.350 [uncertain.proc] [FINE] aurora.database.features.AutoQueryCounter.onQueryFinish
2018-09-29 08:38:53.357 [uncertain.proc] [CONFIG] [action] FetchResultSet
2018-09-29 08:38:53.357 [uncertain.proc] [FINE] aurora.database.features.CacheBasedLookUpField.postFetchResultSet
2018-09-29 08:38:53.357 [aurora.database] [CONFIG] 
============= BEGIN [query] SQL Statement execution dump ============

			select t.budget_structure_id,
				   t.bgt_org_id,
				   t.budget_strc_code,
				   t.description,
				   t.period_set_code,
				   t.period_strategy,
				   t.enabled_flag,
				   t.note
			  from bgt_budget_structures_vl t			
				 WHERE enabled_flag='Y' AND exists (select 1           from bgt_jour_t_ref_strc brs          where brs.budget_structure_id = t.budget_structure_id            and brs.bgt_journal_type_id = ?) AND exists (select 1     from  bgt_budget_structures_assigns  bbsa       where bbsa.enabled_flag = 'Y'     and bbsa.budget_structure_id = t.budget_structure_id         and bbsa.company_id = ?) 
				order by t.budget_strc_code
---------------------Binding info---------------------
No.1	Access path:@bgt_journal_type_id	Data type of passed value :java.lang.Long	Value:21	Output:false	Database Type:null	
No.2	Access path:@company_id	Data type of passed value :java.lang.Long	Value:835	Output:false	Database Type:null	

=============== END [query] SQL Statement execution dump ============

2018-09-29 08:38:53.357 [uncertain.proc] [CONFIG] [action] CreateSuccessResponse
