2018-10-21 07:54:26.579 [aurora.application.session_check] [CONFIG] Session data copied to context
2018-10-21 07:54:26.579 [aurora.application.session_check] [CONFIG] Checking BM access bgt.BGT2110.bgt_budget_stru_company_update for operation batch_update
2018-10-21 07:54:26.579 [aurora.application.session_check] [CONFIG] for batch_update, access check will be performed on each record from parameter
2018-10-21 07:54:26.579 [uncertain.proc] [CONFIG] [action] AccessCheck
2018-10-21 07:54:26.582 [uncertain.proc] [CONFIG] [action] CheckServiceLock
2018-10-21 07:54:26.582 [uncertain.proc] [CONFIG] [action] ParseParameter
2018-10-21 07:54:26.582 [uncertain.proc] [CONFIG] [action] ValidateInput
2018-10-21 07:54:26.582 [uncertain.proc] [CONFIG] [action] InvokeService
2018-10-21 07:54:26.583 [aurora.database] [CONFIG] ============ Running model batch update with data from path /parameter, total 1 records
2018-10-21 07:54:26.583 [aurora.database] [CONFIG] execute insert on record No.0 for model bgt.BGT2110.bgt_budget_stru_company_update
2018-10-21 07:54:26.585 [uncertain.proc] [CONFIG] [action] DecideStatement
2018-10-21 07:54:26.586 [uncertain.proc] [CONFIG] [action] DecideSqlGenerationMode
2018-10-21 07:54:26.586 [uncertain.proc] [FINE] aurora.database.service.BusinessModelService.onDecideSqlGenerationMode
2018-10-21 07:54:26.586 [uncertain.proc] [CONFIG] [action] CreateOperationSql
2018-10-21 07:54:26.586 [uncertain.proc] [CONFIG] [action] PopulateOperationSql
2018-10-21 07:54:26.586 [uncertain.proc] [FINE] aurora.database.features.OrderByClauseCreator.onPopulateOperationSql
2018-10-21 07:54:26.586 [uncertain.proc] [FINE] aurora.database.features.WhereClauseCreator.onPopulateOperationSql
2018-10-21 07:54:26.586 [uncertain.proc] [CONFIG] [action] CreateSqlRunner
2018-10-21 07:54:26.586 [uncertain.proc] [FINE] aurora.database.service.BusinessModelService.onCreateSqlRunner
2018-10-21 07:54:26.586 [uncertain.proc] [CONFIG] [action] ExecuteDmlStatement
2018-10-21 07:54:26.586 [uncertain.proc] [FINE] aurora.database.service.BusinessModelService.onExecuteDmlStatement
2018-10-21 07:54:26.591 [aurora.database] [CONFIG] 
============= BEGIN [Insert] SQL Statement execution dump ============
 
            begin
		     bgt_budget_structures_pkg.insert_bgt_budget_strc_assigns(?,														    
																	?,
																	?,															
																	?);
			 end;
			 
---------------------Binding info---------------------
No.1	Access path:@budget_structure_id	Data type of passed value :java.lang.String	Value:31	Output:false	Database Type:null	
No.2	Access path:@company_id	Data type of passed value :java.lang.String	Value:2575	Output:false	Database Type:null	
No.3	Access path:@enabled_flag	Data type of passed value :java.lang.String	Value:Y	Output:false	Database Type:null	
No.4	Access path:/session/@user_id	Data type of passed value :java.lang.Long	Value:2252	Output:false	Database Type:null	

=============== END [Insert] SQL Statement execution dump ============

2018-10-21 07:54:26.591 [aurora.database] [CONFIG] ============ End of batch update for /parameter
2018-10-21 07:54:26.591 [uncertain.proc] [CONFIG] [action] CreateSuccessResponse
