2018-09-30 06:27:49.647 [aurora.application.session_check] [CONFIG] Session data copied to context
2018-09-30 06:27:49.647 [aurora.application.session_check] [CONFIG] Checking BM access bgt.bgt_organizations_vl for operation query
2018-09-30 06:27:49.649 [aurora.application.session_check] [CONFIG] Result from aurora.bm.DefaultAccessChecker@7f067068 is true
2018-09-30 06:27:49.649 [uncertain.proc] [CONFIG] [action] AccessCheck
2018-09-30 06:27:49.651 [uncertain.proc] [CONFIG] [action] CheckServiceLock
2018-09-30 06:27:49.651 [uncertain.proc] [CONFIG] [action] ParseParameter
2018-09-30 06:27:49.651 [uncertain.proc] [CONFIG] [action] ValidateInput
2018-09-30 06:27:49.651 [uncertain.proc] [CONFIG] [action] InvokeService
2018-09-30 06:27:49.651 [aurora.database] [CONFIG] ===================================== prepare to run model-query bgt.bgt_organizations_vl==============================
2018-09-30 06:27:49.660 [uncertain.proc] [CONFIG] [action] DecideSqlGenerationMode
2018-09-30 06:27:49.660 [uncertain.proc] [FINE] aurora.database.service.BusinessModelService.onDecideSqlGenerationMode
2018-09-30 06:27:49.660 [uncertain.proc] [CONFIG] [action] CreatequeryStatement
2018-09-30 06:27:49.660 [uncertain.proc] [FINE] aurora.bm.QuerySqlCreator.onCreateQueryStatement
2018-09-30 06:27:49.662 [uncertain.proc] [CONFIG] [action] PopulatequeryStatement
2018-09-30 06:27:49.662 [uncertain.proc] [FINE] aurora.database.features.OrderByClauseCreator.onPopulateQueryStatement
2018-09-30 06:27:49.662 [uncertain.proc] [FINE] aurora.database.features.WhereClauseCreator.onPopulateQueryStatement
2018-09-30 06:27:49.662 [uncertain.proc] [CONFIG] [action] CreatequerySql
2018-09-30 06:27:49.662 [uncertain.proc] [FINE] aurora.bm.QuerySqlCreator.onCreateQuerySql
2018-09-30 06:27:49.662 [uncertain.proc] [CONFIG] [action] ExecuteQuery
2018-09-30 06:27:49.662 [uncertain.proc] [FINE] aurora.bm.QuerySqlCreator.onExecuteQuery
2018-09-30 06:27:49.664 [uncertain.proc] [CONFIG] [action] QueryFinish
2018-09-30 06:27:49.664 [uncertain.proc] [FINE] aurora.database.features.AutoQueryCounter.onQueryFinish
2018-09-30 06:27:49.664 [uncertain.proc] [CONFIG] [action] FetchResultSet
2018-09-30 06:27:49.664 [uncertain.proc] [FINE] aurora.database.features.CacheBasedLookUpField.postFetchResultSet
2018-09-30 06:27:49.665 [aurora.database] [CONFIG] 
============= BEGIN [query] SQL Statement execution dump ============
SELECT t.bgt_org_id,t.bgt_org_code,t.description_id,(select f.description_text from fnd_descriptions f where f.description_id =t.description_id and f.language = ?) AS description,t.set_of_books_id,t.enabled_flag,r1.set_of_books_code
FROM BGT_ORGANIZATIONS t
	INNER JOIN gld_set_of_books r1 ON t.set_of_books_id = r1.set_of_books_id
WHERE t.set_of_books_id in(select fn.set_of_books_id from fnd_companies fn where fn.company_id= ?)
---------------------Binding info---------------------
No.1	Access path:/session/@lang	Data type of passed value :java.lang.String	Value:ZHS	Output:false	Database Type:null	
No.2	Access path:/session/@company_id	Data type of passed value :java.lang.String	Value:835	Output:false	Database Type:null	

=============== END [query] SQL Statement execution dump ============

2018-09-30 06:27:49.665 [uncertain.proc] [CONFIG] [action] CreateSuccessResponse
