2018-10-11 02:10:24.545 [aurora.application.session_check] [CONFIG] Session data copied to context
2018-10-11 02:10:24.545 [aurora.application.session_check] [CONFIG] Checking BM access bgt.bgt_journal_headers for operation query
2018-10-11 02:10:24.550 [aurora.application.session_check] [CONFIG] Result from aurora.bm.DefaultAccessChecker@689320c3 is true
2018-10-11 02:10:24.550 [uncertain.proc] [CONFIG] [action] AccessCheck
2018-10-11 02:10:24.551 [uncertain.proc] [CONFIG] [action] CheckServiceLock
2018-10-11 02:10:24.551 [uncertain.proc] [CONFIG] [action] ParseParameter
2018-10-11 02:10:24.552 [uncertain.proc] [CONFIG] [action] ValidateInput
2018-10-11 02:10:24.552 [uncertain.proc] [CONFIG] [action] InvokeService
2018-10-11 02:10:24.552 [aurora.database] [CONFIG] ===================================== prepare to run model-query bgt.bgt_journal_headers==============================
2018-10-11 02:10:24.566 [uncertain.proc] [CONFIG] [action] DecideSqlGenerationMode
2018-10-11 02:10:24.566 [uncertain.proc] [FINE] aurora.database.service.BusinessModelService.onDecideSqlGenerationMode
2018-10-11 02:10:24.566 [uncertain.proc] [CONFIG] [action] CreatequeryStatement
2018-10-11 02:10:24.567 [uncertain.proc] [FINE] aurora.bm.QuerySqlCreator.onCreateQueryStatement
2018-10-11 02:10:24.575 [uncertain.proc] [CONFIG] [action] PopulatequeryStatement
2018-10-11 02:10:24.575 [uncertain.proc] [FINE] aurora.database.features.OrderByClauseCreator.onPopulateQueryStatement
2018-10-11 02:10:24.575 [uncertain.proc] [FINE] aurora.database.features.WhereClauseCreator.onPopulateQueryStatement
2018-10-11 02:10:24.575 [uncertain.proc] [CONFIG] [action] CreatequerySql
2018-10-11 02:10:24.575 [uncertain.proc] [FINE] aurora.bm.QuerySqlCreator.onCreateQuerySql
2018-10-11 02:10:24.575 [uncertain.proc] [CONFIG] [action] ExecuteQuery
2018-10-11 02:10:24.575 [uncertain.proc] [FINE] aurora.bm.QuerySqlCreator.onExecuteQuery
2018-10-11 02:10:24.606 [uncertain.proc] [CONFIG] [action] QueryFinish
2018-10-11 02:10:24.606 [uncertain.proc] [FINE] aurora.database.features.AutoQueryCounter.onQueryFinish
2018-10-11 02:10:24.608 [uncertain.proc] [CONFIG] [action] FetchResultSet
2018-10-11 02:10:24.608 [uncertain.proc] [FINE] aurora.database.features.CacheBasedLookUpField.postFetchResultSet
2018-10-11 02:10:24.613 [aurora.database] [CONFIG] 
============= BEGIN [query] SQL Statement execution dump ============
SELECT t1.JOURNAL_HEADER_ID,t1.COMPANY_ID,t1.OPERATION_UNIT_ID,t1.BGT_ORG_ID,t1.BUDGET_STRUCTURE_ID,t1.BUDGET_JOURNAL_NUMBER,t1.PERIOD_YEAR,t1.PERIOD_QUARTER,t1.PERIOD_NAME,t1.BGT_PERIOD_NUM,t1.JOURNAL_HEADER_NOTES,t1.SCENARIO_ID,t1.VERSION_ID,t1.STATUS,t1.REVERSED_FLAG,t1.SOURCE_BUDGET_HEADER_ID,t1.APPROVED_DATE,t1.APPROVED_BY,t1.POSTED_DATE,t1.POSTED_BY,t1.SOURCE_TYPE,(select description_text from  fnd_descriptions fd where fd.description_id=fo.description_id and fd.language=?) AS operation_unit_name,(select description_text from  fnd_descriptions fd where fd.description_id=bv.description_id and fd.language=?) AS version_name,(select description_text from  fnd_descriptions fd where fd.description_id=bs.description_id and fd.language=?) AS scenario_name,(SELECT SCV.CODE_VALUE_NAME          FROM SYS_CODES SC,                 SYS_CODE_VALUES_VL SCV              WHERE SC.CODE_ID = SCV.CODE_ID              AND SC.CODE ='BUDGET_PERIOD'              AND SC.ENABLED_FLAG='Y'              AND SCV.ENABLED_FLAG ='Y'               and bbs.PERIOD_STRATEGY = SCV.CODE_VALUE ) AS period_strategy_name,(SELECT SCV.CODE_VALUE_NAME          FROM SYS_CODES SC,                 SYS_CODE_VALUES_VL SCV              WHERE SC.CODE_ID = SCV.CODE_ID              AND SC.CODE ='CSH_REVERSE_SELECT'              AND SC.ENABLED_FLAG='Y'              AND SCV.ENABLED_FLAG ='Y'               and nvl(t1.REVERSED_FLAG,'N') = SCV.CODE_VALUE) AS reversed_status,(select description from BGT_PERIOD_SETS_VL vv where vv.bgt_period_set_code=bbs.period_set_code         and vv.bgt_org_id=bbs.bgt_org_id) AS period_set_name,t1.UNIT_ID,t1.BGT_JOURNAL_TYPE_ID,(select bjt.description from bgt_journal_types_vl bjt where bjt.bgt_journal_type_id = t1.bgt_journal_type_id) AS bgt_jour_type_desc,(select pv.page_name               from bgt_journal_types_vl  bjt1,                 bgt_jour_type_pages_v pv              where bjt1.bgt_journal_type_id = t1.bgt_journal_type_id                and bjt1.document_page_type = pv.page_type                and pv.page_usage = 'UPDATE') AS page_name,(select ee.employee_code || ' - ' ||name from exp_employees ee where ee.employee_id=t1.employee_id) AS employee_name,(select eop.description from exp_org_position_vl eop where eop.position_id=t1.position_id) AS position_display,t1.CREATION_DATE AS create_date_display,(select sum(bjl.amount) from bgt_journal_lines bjl                         where bjl.journal_header_id = t1.journal_header_id) AS sum_amount,(SELECT SCV.CODE_VALUE_NAME   FROM SYS_CODES SC, SYS_CODE_VALUES_VL SCV  WHERE SC.CODE_ID = SCV.CODE_ID    AND SC.CODE = 'BGT_BUDGET_STATUS' AND SC.ENABLED_FLAG = 'Y' AND SCV.ENABLED_FLAG = 'Y' and t1.status = SCV.CODE_VALUE) AS status_display,bbs.DESCRIPTION AS budget_structures_desc,bbs.PERIOD_SET_CODE,bbs.BGT_ORG_ID AS bbs_bgt_org_id,bbs.PERIOD_STRATEGY,fo.description_id AS fo_description_id,bv.description_id AS bv_description_id,bs.description_id
FROM BGT_JOURNAL_HEADERS t1
	LEFT OUTER JOIN BGT_BUDGET_STRUCTURES_VL bbs ON t1.BUDGET_STRUCTURE_ID = bbs.BUDGET_STRUCTURE_ID
	LEFT OUTER JOIN fnd_operation_units fo ON t1.OPERATION_UNIT_ID = fo.operation_unit_id
	LEFT OUTER JOIN BGT_VERSIONS bv ON t1.VERSION_ID = bv.VERSION_ID
	LEFT OUTER JOIN BGT_SCENARIOS bs ON t1.SCENARIO_ID = bs.scenario_id
WHERE t1.company_id=? AND t1.status in ('NEW','REJECTED','WITHDRAWAL') AND t1.employee_id in (select su.employee_id from sys_user su where su.user_id = nvl(?,?))
ORDER BY budget_journal_number desc
---------------------Binding info---------------------
No.1	Access path:/session/@lang	Data type of passed value :java.lang.String	Value:ZHS	Output:false	Database Type:null	
No.2	Access path:/session/@lang	Data type of passed value :java.lang.String	Value:ZHS	Output:false	Database Type:null	
No.3	Access path:/session/@lang	Data type of passed value :java.lang.String	Value:ZHS	Output:false	Database Type:null	
No.4	Access path:/session/@company_id	Data type of passed value :java.lang.String	Value:835	Output:false	Database Type:null	
No.5	Access path:@user_id	Data type of passed value :[null]	Value:null	Output:false	Database Type:null	
No.6	Access path:/session/@user_id	Data type of passed value :java.lang.Long	Value:1	Output:false	Database Type:null	

=============== END [query] SQL Statement execution dump ============

2018-10-11 02:10:24.613 [uncertain.proc] [CONFIG] [action] CreateSuccessResponse
