2018-10-11 01:50:21.780 [aurora.application.session_check] [CONFIG] Session data copied to context
2018-10-11 01:50:21.780 [aurora.application.session_check] [CONFIG] Checking BM access bgt.BGT2020.bgt_budget_item_lov for operation query
2018-10-11 01:50:21.782 [aurora.application.session_check] [CONFIG] Result from aurora.bm.DefaultAccessChecker@34fa4dec is true
2018-10-11 01:50:21.782 [uncertain.proc] [CONFIG] [action] AccessCheck
2018-10-11 01:50:21.783 [uncertain.proc] [CONFIG] [action] CheckServiceLock
2018-10-11 01:50:21.783 [uncertain.proc] [CONFIG] [action] ParseParameter
2018-10-11 01:50:21.783 [uncertain.proc] [CONFIG] [action] ValidateInput
2018-10-11 01:50:21.783 [uncertain.proc] [CONFIG] [action] InvokeService
2018-10-11 01:50:21.784 [aurora.database] [CONFIG] ===================================== prepare to run model-query bgt.BGT2020.bgt_budget_item_lov==============================
2018-10-11 01:50:21.791 [uncertain.proc] [CONFIG] [action] DecideSqlGenerationMode
2018-10-11 01:50:21.791 [uncertain.proc] [FINE] aurora.database.service.BusinessModelService.onDecideSqlGenerationMode
2018-10-11 01:50:21.791 [uncertain.proc] [CONFIG] [action] CreatequeryStatement
2018-10-11 01:50:21.791 [uncertain.proc] [FINE] aurora.bm.QuerySqlCreator.onCreateQueryStatement
2018-10-11 01:50:21.791 [uncertain.proc] [CONFIG] [action] PopulatequeryStatement
2018-10-11 01:50:21.791 [uncertain.proc] [FINE] aurora.database.features.OrderByClauseCreator.onPopulateQueryStatement
2018-10-11 01:50:21.791 [uncertain.proc] [FINE] aurora.database.features.WhereClauseCreator.onPopulateQueryStatement
2018-10-11 01:50:21.791 [uncertain.proc] [CONFIG] [action] CreatequerySql
2018-10-11 01:50:21.791 [uncertain.proc] [FINE] aurora.bm.QuerySqlCreator.onCreateQuerySql
2018-10-11 01:50:21.791 [uncertain.proc] [CONFIG] [action] ExecuteQuery
2018-10-11 01:50:21.791 [uncertain.proc] [FINE] aurora.bm.QuerySqlCreator.onExecuteQuery
2018-10-11 01:50:21.812 [uncertain.proc] [CONFIG] [action] QueryFinish
2018-10-11 01:50:21.812 [uncertain.proc] [FINE] aurora.database.features.AutoQueryCounter.onQueryFinish
2018-10-11 01:50:21.832 [uncertain.proc] [CONFIG] [action] FetchResultSet
2018-10-11 01:50:21.832 [uncertain.proc] [FINE] aurora.database.features.CacheBasedLookUpField.postFetchResultSet
2018-10-11 01:50:21.832 [aurora.database] [CONFIG] 
============= BEGIN [query] SQL Statement execution dump ============
SELECT t1.BUDGET_ORG_ID,t1.BUDGET_ITEM_TYPE_ID,t1.BUDGET_ITEM_ID,t1.BUDGET_ITEM_CODE,t1.DESCRIPTION,t1.NOTES,t1.SUMMARY_FLAG,t1.ENABLED_FLAG,t1.VARIATION_ATTRIBUTE
FROM bgt_budget_items_vl t1
WHERE exists ( select 1 from bgt_organizations bo ,fnd_companies fc  where bo.set_of_books_id=fc.set_of_books_id  and fc.company_id=?  and bo.bgt_org_id=t1.budget_org_id)         and t1.summary_flag='N'
ORDER BY budget_item_code
---------------------Binding info---------------------
No.1	Access path:/session/@company_id	Data type of passed value :java.lang.String	Value:835	Output:false	Database Type:null	

=============== END [query] SQL Statement execution dump ============

2018-10-11 01:50:21.832 [uncertain.proc] [CONFIG] [action] CreateSuccessResponse
