2018-10-19 06:19:36.679 [aurora.application.session_check] [CONFIG] Session data copied to context
2018-10-19 06:19:36.679 [aurora.application.session_check] [CONFIG] Checking BM access bgt.BGT1070.bgt_period_sets_query for operation query
2018-10-19 06:19:36.680 [aurora.application.session_check] [CONFIG] Result from aurora.bm.DefaultAccessChecker@57e2e029 is true
2018-10-19 06:19:36.680 [uncertain.proc] [CONFIG] [action] AccessCheck
2018-10-19 06:19:36.681 [uncertain.proc] [CONFIG] [action] CheckServiceLock
2018-10-19 06:19:36.681 [uncertain.proc] [CONFIG] [action] ParseParameter
2018-10-19 06:19:36.681 [uncertain.proc] [CONFIG] [action] ValidateInput
2018-10-19 06:19:36.681 [uncertain.proc] [CONFIG] [action] InvokeService
2018-10-19 06:19:36.682 [aurora.database] [CONFIG] ===================================== prepare to run model-query bgt.BGT1070.bgt_period_sets_query==============================
2018-10-19 06:19:36.686 [uncertain.proc] [CONFIG] [action] DecideSqlGenerationMode
2018-10-19 06:19:36.686 [uncertain.proc] [FINE] aurora.database.service.BusinessModelService.onDecideSqlGenerationMode
2018-10-19 06:19:36.686 [uncertain.proc] [CONFIG] [action] CreatequeryStatement
2018-10-19 06:19:36.686 [uncertain.proc] [FINE] aurora.bm.QuerySqlCreator.onCreateQueryStatement
2018-10-19 06:19:36.686 [uncertain.proc] [CONFIG] [action] PopulatequeryStatement
2018-10-19 06:19:36.686 [uncertain.proc] [FINE] aurora.database.features.OrderByClauseCreator.onPopulateQueryStatement
2018-10-19 06:19:36.686 [uncertain.proc] [FINE] aurora.database.features.WhereClauseCreator.onPopulateQueryStatement
2018-10-19 06:19:36.686 [uncertain.proc] [CONFIG] [action] CreatequerySql
2018-10-19 06:19:36.686 [uncertain.proc] [FINE] aurora.bm.QuerySqlCreator.onCreateQuerySql
2018-10-19 06:19:36.686 [uncertain.proc] [CONFIG] [action] ExecuteQuery
2018-10-19 06:19:36.686 [uncertain.proc] [FINE] aurora.bm.QuerySqlCreator.onExecuteQuery
2018-10-19 06:19:36.690 [uncertain.proc] [CONFIG] [action] QueryFinish
2018-10-19 06:19:36.690 [uncertain.proc] [FINE] aurora.database.features.AutoQueryCounter.onQueryFinish
2018-10-19 06:19:36.693 [uncertain.proc] [CONFIG] [action] FetchResultSet
2018-10-19 06:19:36.693 [uncertain.proc] [FINE] aurora.database.features.CacheBasedLookUpField.postFetchResultSet
2018-10-19 06:19:36.693 [aurora.database] [CONFIG] 
============= BEGIN [query] SQL Statement execution dump ============
SELECT t.bgt_org_id,t.set_of_books_id,t.bgt_period_set_code,t.description AS bgt_period_set_dec,t.enabled_flag
FROM BGT_PERIOD_SETS_VL t

---------------------Binding info---------------------
null
=============== END [query] SQL Statement execution dump ============

2018-10-19 06:19:36.694 [uncertain.proc] [CONFIG] [action] CreateSuccessResponse
