2018-10-21 07:39:45.973 [aurora.application.session_check] [CONFIG] Session data copied to context
2018-10-21 07:39:45.973 [aurora.application.session_check] [CONFIG] Checking BM access bgt.BGT3010.bgt_budget_balance_result_query for operation query
2018-10-21 07:39:45.975 [aurora.application.session_check] [CONFIG] Result from aurora.bm.DefaultAccessChecker@34795ac8 is true
2018-10-21 07:39:45.975 [uncertain.proc] [CONFIG] [action] AccessCheck
2018-10-21 07:39:45.976 [uncertain.proc] [CONFIG] [action] CheckServiceLock
2018-10-21 07:39:45.976 [uncertain.proc] [CONFIG] [action] ParseParameter
2018-10-21 07:39:45.976 [uncertain.proc] [CONFIG] [action] ValidateInput
2018-10-21 07:39:45.976 [uncertain.proc] [CONFIG] [action] InvokeService
2018-10-21 07:39:45.976 [aurora.database] [CONFIG] ===================================== prepare to run model-query bgt.BGT3010.bgt_budget_balance_result_query==============================
2018-10-21 07:39:45.982 [uncertain.proc] [CONFIG] [action] DecideSqlGenerationMode
2018-10-21 07:39:45.983 [uncertain.proc] [FINE] aurora.database.service.BusinessModelService.onDecideSqlGenerationMode
2018-10-21 07:39:45.983 [uncertain.proc] [CONFIG] [action] CreateOperationSql
2018-10-21 07:39:45.983 [uncertain.proc] [CONFIG] [action] PopulateOperationSql
2018-10-21 07:39:45.983 [uncertain.proc] [FINE] aurora.database.features.OrderByClauseCreator.onPopulateOperationSql
2018-10-21 07:39:45.983 [uncertain.proc] [FINE] aurora.database.features.WhereClauseCreator.onPopulateOperationSql
2018-10-21 07:39:45.983 [uncertain.proc] [CONFIG] [action] ExecuteQuery
2018-10-21 07:39:45.983 [uncertain.proc] [FINE] aurora.bm.QuerySqlCreator.onExecuteQuery
2018-10-21 07:39:45.993 [uncertain.proc] [CONFIG] [action] QueryFinish
2018-10-21 07:39:45.993 [uncertain.proc] [FINE] aurora.database.features.AutoQueryCounter.onQueryFinish
2018-10-21 07:39:45.996 [uncertain.proc] [CONFIG] [action] FetchResultSet
2018-10-21 07:39:45.996 [uncertain.proc] [FINE] aurora.database.features.CacheBasedLookUpField.postFetchResultSet
2018-10-21 07:39:45.996 [aurora.database] [CONFIG] 
============= BEGIN [query] SQL Statement execution dump ============

                SELECT
                    vl.*,
                    (bgt_balance_query_pkg.get_income_amount( vl.BUDGET_ITEM_ID, ?, vl.PERIOD_NAME, vl.CURRENCY_CODE, vl.UNIT_ID, vl.employee_id, vl.RESPONSIBILITY_CENTER_ID, vl.DIMENSION2_ID, vl.DIMENSION3_ID, vl.DIMENSION4_ID, vl.DIMENSION5_ID, vl.DIMENSION6_ID, vl.DIMENSION7_ID, vl.DIMENSION8_ID))income_amount,
                    to_char(nvl(ROUND((DECODE(BGT, '0', '', '', '', (RESERVE + USED) / BGT)), 4) * 100,0),'fm9999999999999999999990.0099')||'%' PERFORM_RATE
                FROM
                    (SELECT
                        T.SESSION_ID,
                        T.BUDGET_ITEM_ID,
                        V.DESCRIPTION AS BUDGET_ITEM,
                        T.BUDGET_STRUCTURE_ID,
                        V1.DESCRIPTION AS BUDGET_STRUCTURE,
                        T.COMPANY_ID,
                        V2.COMPANY_SHORT_NAME AS COMPANY,
                        T.VERSION_ID,
                        V3.DESCRIPTION AS VERSION,
                        T.SCENARIO_ID,
                        V4.DESCRIPTION AS SCENARIO,
                        T.BUDGET_ITEM_TYPE_ID,
                        V5.DESCRIPTION AS BUDGET_ITEM_TYPE,
                        T.CURRENCY AS CURRENCY_CODE,
                        V6.CURRENCY_NAME AS CURRENCY,
                        T.EMPLOYEE_GROUP_ID AS EXPENSE_USER_GROUP_ID,
                        V7.DESCRIPTION AS EMPLOYEE_GROUP,
                        T.EMPLOYEE_JOB_ID,
                        V8.DESCRIPTION AS EMPLOYEE_JOBS,
                        T.EMPLOYEE_LEVEL_ID AS EMPLOYEE_LEVELS_ID,
                        V9.DESCRIPTION AS EMPLOYEE_LEVELS,
                        T.EMPLOYEE_ID,
                        V10.NAME AS EMPLOYEE,
                        T.OPERATION_UNIT_ID,
                        V11.DESCRIPTION AS OPERATION_UNITS,
                        T.POSITION_GROUP_ID,
                        V12.DESCRIPTION AS POSITION_GROUPS,
                        T.POSITION_ID,
                        V13.DESCRIPTION AS POSITION,
                        T.UNIT_GROUP_ID,
                        V14.DESCRIPTION AS UNIT_GROUPS,
                        T.UNIT_ID,
                        V15.DESCRIPTION AS UNIT,
                        T.RESPONSIBILITY_CENTER_ID,
                        V16.RESPONSIBILITY_CENTER_NAME AS RESPONSIBILITY_CENTER,
                        T.UNIT_LEVEL_ID AS ORG_UNIT_LEVEL_ID,
                        T.PERIOD_YEAR,
                        T.PERIOD_QUARTER,
                        T.PERIOD_NAME,
                        T.BGT_PERIOD_NUM,
                        T.BGT_FUN_AMOUNT BGT,
                        T.EXP_RESERVE_FUN_AMOUNT RESERVE,
                        T.EXP_USED_FUN_AMOUNT USED,
                        T.EXP_AVAILABLE_FUN_AMOUNT AVAILABLE,
                        T.DIMENSION1_ID,
                        T.DIMENSION2_ID,
                        T.DIMENSION3_ID,
                        T.DIMENSION4_ID,
                        T.DIMENSION5_ID,
                        T.DIMENSION6_ID,
                        T.DIMENSION7_ID,
                        T.DIMENSION8_ID,
                        T.DIMENSION9_ID,
                        T.DIMENSION10_ID,
                        V17.DESCRIPTION DIMENSIONS1,
                        V18.DESCRIPTION DIMENSIONS2,
                        V19.DESCRIPTION DIMENSIONS3,
                        V20.DESCRIPTION DIMENSIONS4,
                        V21.DESCRIPTION DIMENSIONS5,
                        V22.DESCRIPTION DIMENSIONS6,
                        V23.DESCRIPTION DIMENSIONS7,
                        V24.DESCRIPTION DIMENSIONS8,
                        V25.DESCRIPTION DIMENSIONS9,
                        V26.DESCRIPTION DIMENSIONS10,
                        'AMOUNT' AS QUANTITYAMOUNT
                    FROM
                        BGT_BALANCE_QUREY_RESULTS_TMP T,
                        bgt_budget_items_company_vl V,
                        BGT_BUDGET_STRUCTURES_VL V1,
                        FND_COMPANIES_VL V2,
                        BGT_VERSIONS_VL V3,
                        BGT_SCENARIOS_VL V4,
                        BGT_BUDGET_ITEM_TYPES_VL V5,
                        GLD_CURRENCY_VL V6,
                        EXP_USER_GROUP_HEADERS_VL V7,
                        EXP_EMPLOYEE_JOBS_VL V8,
                        EXP_EMPLOYEE_LEVELS_VL V9,
                        EXP_EMPLOYEES V10,
                        FND_OPERATION_UNITS_VL V11,
                        EXP_POSITION_GROUPS_VL V12,
                        EXP_ORG_POSITION_VL V13,
                        EXP_ORG_UNIT_GROUPS_VL V14,
                        EXP_ORG_UNIT_VL V15,
                        FND_RESPONSIBILITY_CENTERS_VL V16,
                        FND_DIMENSION_VALUES_VL V17,
                        FND_DIMENSION_VALUES_VL V18,
                        FND_DIMENSION_VALUES_VL V19,
                        FND_DIMENSION_VALUES_VL V20,
                        FND_DIMENSION_VALUES_VL V21,
                        FND_DIMENSION_VALUES_VL V22,
                        FND_DIMENSION_VALUES_VL V23,
                        FND_DIMENSION_VALUES_VL V24,
                        FND_DIMENSION_VALUES_VL V25,
                        FND_DIMENSION_VALUES_VL V26
                    WHERE
                        T.BUDGET_ITEM_ID                = V.BUDGET_ITEM_ID AND
                        V1.BUDGET_STRUCTURE_ID(+)       = T.BUDGET_STRUCTURE_ID AND
                        V.COMPANY_ID                    = ? AND
                        T.BUDGET_ITEM_ID               IS NOT NULL AND
                        V2.COMPANY_ID(+)                = T.COMPANY_ID AND
                        V3.VERSION_ID(+)                = T.VERSION_ID AND
                        V4.SCENARIO_ID(+)               = T.SCENARIO_ID AND
                        V5.BUDGET_ITEM_TYPE_ID(+)       = T.BUDGET_ITEM_TYPE_ID AND
                        V6.CURRENCY_CODE(+)             = T.CURRENCY AND
                        V7.EXPENSE_USER_GROUP_ID(+)     = T.EMPLOYEE_GROUP_ID AND
                        V8.EMPLOYEE_JOB_ID(+)           = T.EMPLOYEE_JOB_ID AND
                        V9.EMPLOYEE_LEVELS_ID(+)        = T.EMPLOYEE_LEVEL_ID AND
                        V10.EMPLOYEE_ID(+)              = T.EMPLOYEE_ID AND
                        V11.OPERATION_UNIT_ID(+)        = T.OPERATION_UNIT_ID AND
                        V12.POSITION_GROUP_ID(+)        = T.POSITION_GROUP_ID AND
                        V13.POSITION_ID(+)              = T.POSITION_ID AND
                        V14.UNIT_GROUP_ID(+)            = T.UNIT_GROUP_ID AND
                        V15.UNIT_ID(+)                  = T.UNIT_ID AND
                        V16.RESPONSIBILITY_CENTER_ID(+) = T.RESPONSIBILITY_CENTER_ID AND
                        V17.DIMENSION_VALUE_ID(+)       = T.DIMENSION1_ID AND
                        V18.DIMENSION_VALUE_ID(+)       = T.DIMENSION2_ID AND
                        V19.DIMENSION_VALUE_ID(+)       = T.DIMENSION3_ID AND
                        V20.DIMENSION_VALUE_ID(+)       = T.DIMENSION4_ID AND
                        V21.DIMENSION_VALUE_ID(+)       = T.DIMENSION5_ID AND
                        V22.DIMENSION_VALUE_ID(+)       = T.DIMENSION6_ID AND
                        V23.DIMENSION_VALUE_ID(+)       = T.DIMENSION7_ID AND
                        V24.DIMENSION_VALUE_ID(+)       = T.DIMENSION8_ID AND
                        V25.DIMENSION_VALUE_ID(+)       = T.DIMENSION9_ID AND
                        V26.DIMENSION_VALUE_ID(+)       = T.DIMENSION10_ID
                    UNION
                    SELECT
                        T.SESSION_ID,
                        T.BUDGET_ITEM_ID,
                        V.DESCRIPTION AS BUDGET_ITEM,
                        T.BUDGET_STRUCTURE_ID,
                        V1.DESCRIPTION AS BUDGET_STRUCTURE,
                        T.COMPANY_ID,
                        V2.COMPANY_SHORT_NAME AS COMPANY,
                        T.VERSION_ID,
                        V3.DESCRIPTION AS VERSION,
                        T.SCENARIO_ID,
                        V4.DESCRIPTION AS SCENARIO,
                        T.BUDGET_ITEM_TYPE_ID,
                        V5.DESCRIPTION AS BUDGET_ITEM_TYPE,
                        T.CURRENCY AS CURRENCY_CODE,
                        V6.CURRENCY_NAME AS CURRENCY,
                        T.EMPLOYEE_GROUP_ID AS EXPENSE_USER_GROUP_ID,
                        V7.DESCRIPTION AS EMPLOYEE_GROUP,
                        T.EMPLOYEE_JOB_ID,
                        V8.DESCRIPTION AS EMPLOYEE_JOBS,
                        T.EMPLOYEE_LEVEL_ID AS EMPLOYEE_LEVELS_ID,
                        V9.DESCRIPTION AS EMPLOYEE_LEVELS,
                        T.EMPLOYEE_ID,
                        V10.NAME AS EMPLOYEE,
                        T.OPERATION_UNIT_ID,
                        V11.DESCRIPTION AS OPERATION_UNITS,
                        T.POSITION_GROUP_ID,
                        V12.DESCRIPTION AS POSITION_GROUPS,
                        T.POSITION_ID,
                        V13.DESCRIPTION AS POSITION,
                        T.UNIT_GROUP_ID,
                        V14.DESCRIPTION AS UNIT_GROUPS,
                        T.UNIT_ID,
                        V15.DESCRIPTION AS UNIT,
                        T.RESPONSIBILITY_CENTER_ID,
                        V16.RESPONSIBILITY_CENTER_NAME AS RESPONSIBILITY_CENTER,
                        T.UNIT_LEVEL_ID AS ORG_UNIT_LEVEL_ID,
                        T.PERIOD_YEAR,
                        T.PERIOD_QUARTER,
                        T.PERIOD_NAME,
                        T.BGT_PERIOD_NUM,
                        T.BGT_QUANTITY BGT,
                        T.EXP_RESERVE_QUANTITY RESERVE,
                        T.EXP_USED_QUANTITY USED,
                        T.EXP_AVAILABLE_QUANTITY AVAILABLE,
                        T.DIMENSION1_ID,
                        T.DIMENSION2_ID,
                        T.DIMENSION3_ID,
                        T.DIMENSION4_ID,
                        T.DIMENSION5_ID,
                        T.DIMENSION6_ID,
                        T.DIMENSION7_ID,
                        T.DIMENSION8_ID,
                        T.DIMENSION9_ID,
                        T.DIMENSION10_ID,
                        V17.DESCRIPTION DIMENSIONS1,
                        V18.DESCRIPTION DIMENSIONS2,
                        V19.DESCRIPTION DIMENSIONS3,
                        V20.DESCRIPTION DIMENSIONS4,
                        V21.DESCRIPTION DIMENSIONS5,
                        V22.DESCRIPTION DIMENSIONS6,
                        V23.DESCRIPTION DIMENSIONS7,
                        V24.DESCRIPTION DIMENSIONS8,
                        V25.DESCRIPTION DIMENSIONS9,
                        V26.DESCRIPTION DIMENSIONS10,
                        'QUANTITY' AS QUANTITYAMOUNT
                    FROM
                        BGT_BALANCE_QUREY_RESULTS_TMP T,
                        bgt_budget_items_company_vl V,
                        BGT_BUDGET_STRUCTURES_VL V1,
                        FND_COMPANIES_VL V2,
                        BGT_VERSIONS_VL V3,
                        BGT_SCENARIOS_VL V4,
                        BGT_BUDGET_ITEM_TYPES_VL V5,
                        GLD_CURRENCY_VL V6,
                        EXP_USER_GROUP_HEADERS_VL V7,
                        EXP_EMPLOYEE_JOBS_VL V8,
                        EXP_EMPLOYEE_LEVELS_VL V9,
                        EXP_EMPLOYEES V10,
                        FND_OPERATION_UNITS_VL V11,
                        EXP_POSITION_GROUPS_VL V12,
                        EXP_ORG_POSITION_VL V13,
                        EXP_ORG_UNIT_GROUPS_VL V14,
                        EXP_ORG_UNIT_VL V15,
                        FND_RESPONSIBILITY_CENTERS_VL V16,
                        FND_DIMENSION_VALUES_VL V17,
                        FND_DIMENSION_VALUES_VL V18,
                        FND_DIMENSION_VALUES_VL V19,
                        FND_DIMENSION_VALUES_VL V20,
                        FND_DIMENSION_VALUES_VL V21,
                        FND_DIMENSION_VALUES_VL V22,
                        FND_DIMENSION_VALUES_VL V23,
                        FND_DIMENSION_VALUES_VL V24,
                        FND_DIMENSION_VALUES_VL V25,
                        FND_DIMENSION_VALUES_VL V26
                    WHERE
                        T.BUDGET_ITEM_ID                = V.BUDGET_ITEM_ID AND
                        V1.BUDGET_STRUCTURE_ID(+)       = T.BUDGET_STRUCTURE_ID AND
                        V.COMPANY_ID                    = ? AND
                        T.BUDGET_ITEM_ID               IS NOT NULL AND
                        V2.COMPANY_ID(+)                = T.COMPANY_ID AND
                        V3.VERSION_ID(+)                = T.VERSION_ID AND
                        V4.SCENARIO_ID(+)               = T.SCENARIO_ID AND
                        V5.BUDGET_ITEM_TYPE_ID(+)       = T.BUDGET_ITEM_TYPE_ID AND
                        V6.CURRENCY_CODE(+)             = T.CURRENCY AND
                        V7.EXPENSE_USER_GROUP_ID(+)     = T.EMPLOYEE_GROUP_ID AND
                        V8.EMPLOYEE_JOB_ID(+)           = T.EMPLOYEE_JOB_ID AND
                        V9.EMPLOYEE_LEVELS_ID(+)        = T.EMPLOYEE_LEVEL_ID AND
                        V10.EMPLOYEE_ID(+)              = T.EMPLOYEE_ID AND
                        V11.OPERATION_UNIT_ID(+)        = T.OPERATION_UNIT_ID AND
                        V12.POSITION_GROUP_ID(+)        = T.POSITION_GROUP_ID AND
                        V13.POSITION_ID(+)              = T.POSITION_ID AND
                        V14.UNIT_GROUP_ID(+)            = T.UNIT_GROUP_ID AND
                        V15.UNIT_ID(+)                  = T.UNIT_ID AND
                        V16.RESPONSIBILITY_CENTER_ID(+) = T.RESPONSIBILITY_CENTER_ID AND
                        V17.DIMENSION_VALUE_ID(+)       = T.DIMENSION1_ID AND
                        V18.DIMENSION_VALUE_ID(+)       = T.DIMENSION2_ID AND
                        V19.DIMENSION_VALUE_ID(+)       = T.DIMENSION3_ID AND
                        V20.DIMENSION_VALUE_ID(+)       = T.DIMENSION4_ID AND
                        V21.DIMENSION_VALUE_ID(+)       = T.DIMENSION5_ID AND
                        V22.DIMENSION_VALUE_ID(+)       = T.DIMENSION6_ID AND
                        V23.DIMENSION_VALUE_ID(+)       = T.DIMENSION7_ID AND
                        V24.DIMENSION_VALUE_ID(+)       = T.DIMENSION8_ID AND
                        V25.DIMENSION_VALUE_ID(+)       = T.DIMENSION9_ID AND
                        V26.DIMENSION_VALUE_ID(+)       = T.DIMENSION10_ID
                    ) vl
                WHERE
                    vl.quantityamount=? AND
                    vl.session_id    =?
            
---------------------Binding info---------------------
No.1	Access path:/session/@session_id	Data type of passed value :java.lang.Long	Value:55553	Output:false	Database Type:null	
No.2	Access path:/session/@company_id	Data type of passed value :java.lang.String	Value:2555	Output:false	Database Type:null	
No.3	Access path:/session/@company_id	Data type of passed value :java.lang.String	Value:2555	Output:false	Database Type:null	
No.4	Access path:@quantity_amount_code	Data type of passed value :java.lang.String	Value:AMOUNT	Output:false	Database Type:null	
No.5	Access path:/session/@session_id	Data type of passed value :java.lang.Long	Value:55553	Output:false	Database Type:null	

=============== END [query] SQL Statement execution dump ============

2018-10-21 07:39:45.996 [uncertain.proc] [CONFIG] [action] CreateSuccessResponse
