2018-10-15 06:23:18.971 [aurora.application.session_check] [CONFIG] Session data copied to context
2018-10-15 06:23:18.971 [aurora.application.session_check] [CONFIG] Checking BM access bgt.BGT6200.bgt_expense_report_type_lov for operation query
2018-10-15 06:23:18.973 [aurora.application.session_check] [CONFIG] Result from aurora.bm.DefaultAccessChecker@14e7645b is true
2018-10-15 06:23:18.973 [uncertain.proc] [CONFIG] [action] AccessCheck
2018-10-15 06:23:18.975 [uncertain.proc] [CONFIG] [action] CheckServiceLock
2018-10-15 06:23:18.975 [uncertain.proc] [CONFIG] [action] ParseParameter
2018-10-15 06:23:18.975 [uncertain.proc] [CONFIG] [action] ValidateInput
2018-10-15 06:23:18.975 [uncertain.proc] [CONFIG] [action] InvokeService
2018-10-15 06:23:18.975 [aurora.database] [CONFIG] ===================================== prepare to run model-query bgt.BGT6200.bgt_expense_report_type_lov==============================
2018-10-15 06:23:18.982 [uncertain.proc] [CONFIG] [action] DecideSqlGenerationMode
2018-10-15 06:23:18.982 [uncertain.proc] [FINE] aurora.database.service.BusinessModelService.onDecideSqlGenerationMode
2018-10-15 06:23:18.982 [uncertain.proc] [CONFIG] [action] CreatequeryStatement
2018-10-15 06:23:18.982 [uncertain.proc] [FINE] aurora.bm.QuerySqlCreator.onCreateQueryStatement
2018-10-15 06:23:18.985 [uncertain.proc] [CONFIG] [action] PopulatequeryStatement
2018-10-15 06:23:18.985 [uncertain.proc] [FINE] aurora.database.features.OrderByClauseCreator.onPopulateQueryStatement
2018-10-15 06:23:18.985 [uncertain.proc] [FINE] aurora.database.features.WhereClauseCreator.onPopulateQueryStatement
2018-10-15 06:23:18.985 [uncertain.proc] [CONFIG] [action] CreatequerySql
2018-10-15 06:23:18.985 [uncertain.proc] [FINE] aurora.bm.QuerySqlCreator.onCreateQuerySql
2018-10-15 06:23:18.985 [uncertain.proc] [CONFIG] [action] ExecuteQuery
2018-10-15 06:23:18.985 [uncertain.proc] [FINE] aurora.bm.QuerySqlCreator.onExecuteQuery
2018-10-15 06:23:19.5 [uncertain.proc] [CONFIG] [action] QueryFinish
2018-10-15 06:23:19.5 [uncertain.proc] [FINE] aurora.database.features.AutoQueryCounter.onQueryFinish
2018-10-15 06:23:19.10 [uncertain.proc] [CONFIG] [action] FetchResultSet
2018-10-15 06:23:19.10 [uncertain.proc] [FINE] aurora.database.features.CacheBasedLookUpField.postFetchResultSet
2018-10-15 06:23:19.12 [aurora.database] [CONFIG] 
============= BEGIN [query] SQL Statement execution dump ============
SELECT t1.expense_requisition_type_id,t1.expense_requisition_type_code AS report_type_code,t1.company_id,t1.description,c.company_code AS company_code,c.company_short_name AS company_short_name,expense_requisition_type_code || '-' || description AS report_code_name,c.COMPANY_SHORT_NAME AS company_short_name_c,c.COMPANY_CODE AS company_code_c
FROM exp_expense_req_types_vl t1
	INNER JOIN FND_COMPANIES_VL c ON t1.company_id = c.COMPANY_ID
WHERE t1.company_id in (select company_id from fnd_companies where set_of_books_id = (select set_of_books_id from fnd_companies where company_id = ?)) AND t1.enabled_flag = 'Y' and c.company_short_name like decode(?,null,'%',?) and c.company_code like decode(?,null,'%',?) AND  (? is null or t1.company_id = ?)
ORDER BY report_type_code
---------------------Binding info---------------------
No.1	Access path:/session/@company_id	Data type of passed value :java.lang.String	Value:835	Output:false	Database Type:null	
No.2	Access path:@company_short_name	Data type of passed value :[null]	Value:null	Output:false	Database Type:null	
No.3	Access path:@company_short_name	Data type of passed value :[null]	Value:null	Output:false	Database Type:null	
No.4	Access path:@company_code	Data type of passed value :[null]	Value:null	Output:false	Database Type:null	
No.5	Access path:@company_code	Data type of passed value :[null]	Value:null	Output:false	Database Type:null	
No.6	Access path:@company_id	Data type of passed value :java.lang.String	Value:835	Output:false	Database Type:null	
No.7	Access path:@company_id	Data type of passed value :java.lang.String	Value:835	Output:false	Database Type:null	

=============== END [query] SQL Statement execution dump ============

2018-10-15 06:23:19.12 [uncertain.proc] [CONFIG] [action] CreateSuccessResponse
