2018-10-17 08:57:16.87 [aurora.application.session_check] [CONFIG] Session data copied to context
2018-10-17 08:57:16.87 [aurora.application.session_check] [CONFIG] Checking BM access bgt.bgt_journal_fnd_companies_vl_lov for operation query
2018-10-17 08:57:16.88 [aurora.application.session_check] [CONFIG] Result from aurora.bm.DefaultAccessChecker@5196a509 is true
2018-10-17 08:57:16.88 [uncertain.proc] [CONFIG] [action] AccessCheck
2018-10-17 08:57:16.90 [uncertain.proc] [CONFIG] [action] CheckServiceLock
2018-10-17 08:57:16.90 [uncertain.proc] [CONFIG] [action] ParseParameter
2018-10-17 08:57:16.90 [uncertain.proc] [CONFIG] [action] ValidateInput
2018-10-17 08:57:16.90 [uncertain.proc] [CONFIG] [action] InvokeService
2018-10-17 08:57:16.90 [aurora.database] [CONFIG] ===================================== prepare to run model-query bgt.bgt_journal_fnd_companies_vl_lov==============================
2018-10-17 08:57:16.93 [uncertain.proc] [CONFIG] [action] DecideSqlGenerationMode
2018-10-17 08:57:16.93 [uncertain.proc] [FINE] aurora.database.service.BusinessModelService.onDecideSqlGenerationMode
2018-10-17 08:57:16.93 [uncertain.proc] [CONFIG] [action] CreateOperationSql
2018-10-17 08:57:16.93 [uncertain.proc] [CONFIG] [action] PopulateOperationSql
2018-10-17 08:57:16.93 [uncertain.proc] [FINE] aurora.database.features.OrderByClauseCreator.onPopulateOperationSql
2018-10-17 08:57:16.94 [uncertain.proc] [FINE] aurora.database.features.WhereClauseCreator.onPopulateOperationSql
2018-10-17 08:57:16.94 [uncertain.proc] [CONFIG] [action] ExecuteQuery
2018-10-17 08:57:16.94 [uncertain.proc] [FINE] aurora.bm.QuerySqlCreator.onExecuteQuery
2018-10-17 08:57:16.133 [uncertain.proc] [CONFIG] [action] QueryFinish
2018-10-17 08:57:16.133 [uncertain.proc] [FINE] aurora.database.features.AutoQueryCounter.onQueryFinish
2018-10-17 08:57:16.164 [uncertain.proc] [CONFIG] [action] FetchResultSet
2018-10-17 08:57:16.164 [uncertain.proc] [FINE] aurora.database.features.CacheBasedLookUpField.postFetchResultSet
2018-10-17 08:57:16.164 [aurora.database] [CONFIG] 
============= BEGIN [query] SQL Statement execution dump ============

                SELECT
                    *
                FROM
                    (SELECT
                        t1.company_id,
                        t1.company_code,
                        t1.company_short_name,
                        fl.company_level_code
                    FROM
                        fnd_companies_vl t1,
                        fnd_company_levels fl
                    WHERE
                        t1.company_level_id=fl.company_level_id AND
                        (
                            (
                                TRUNC(sysdate) BETWEEN t1.start_date_active AND t1.end_date_active
                            )
                            OR
                            t1.end_date_active IS NULL
                        )
                        AND
                        t1.company_type    =1 AND
                        t1.set_of_books_id =
                        (SELECT
                            t2.set_of_books_id
                        FROM
                            fnd_companies_vl t2
                        WHERE
                            t2.company_id =?
                        )
                    ORDER BY
                        t1.company_code
                    ) v 
            
---------------------Binding info---------------------
No.1	Access path:/session/@company_id	Data type of passed value :java.lang.String	Value:835	Output:false	Database Type:null	

=============== END [query] SQL Statement execution dump ============

2018-10-17 08:57:16.164 [uncertain.proc] [CONFIG] [action] CreateSuccessResponse
