2018-10-21 08:35:07.450 [aurora.application.session_check] [CONFIG] Session data copied to context
2018-10-21 08:35:07.450 [aurora.application.session_check] [CONFIG] Checking BM access bgt.BGT2920.bgt_control_rule_budget_period_lov for operation query
2018-10-21 08:35:07.451 [aurora.application.session_check] [CONFIG] Result from aurora.bm.DefaultAccessChecker@183c5fd5 is true
2018-10-21 08:35:07.451 [uncertain.proc] [CONFIG] [action] AccessCheck
2018-10-21 08:35:07.452 [uncertain.proc] [CONFIG] [action] CheckServiceLock
2018-10-21 08:35:07.452 [uncertain.proc] [CONFIG] [action] ParseParameter
2018-10-21 08:35:07.452 [uncertain.proc] [CONFIG] [action] ValidateInput
2018-10-21 08:35:07.452 [uncertain.proc] [CONFIG] [action] InvokeService
2018-10-21 08:35:07.452 [aurora.database] [CONFIG] ===================================== prepare to run model-query bgt.BGT2920.bgt_control_rule_budget_period_lov==============================
2018-10-21 08:35:07.455 [uncertain.proc] [CONFIG] [action] DecideSqlGenerationMode
2018-10-21 08:35:07.455 [uncertain.proc] [FINE] aurora.database.service.BusinessModelService.onDecideSqlGenerationMode
2018-10-21 08:35:07.455 [uncertain.proc] [CONFIG] [action] CreateOperationSql
2018-10-21 08:35:07.455 [uncertain.proc] [CONFIG] [action] PopulateOperationSql
2018-10-21 08:35:07.455 [uncertain.proc] [FINE] aurora.database.features.OrderByClauseCreator.onPopulateOperationSql
2018-10-21 08:35:07.455 [uncertain.proc] [FINE] aurora.database.features.WhereClauseCreator.onPopulateOperationSql
2018-10-21 08:35:07.455 [uncertain.proc] [CONFIG] [action] ExecuteQuery
2018-10-21 08:35:07.455 [uncertain.proc] [FINE] aurora.bm.QuerySqlCreator.onExecuteQuery
2018-10-21 08:35:07.456 [uncertain.proc] [CONFIG] [action] QueryFinish
2018-10-21 08:35:07.456 [uncertain.proc] [FINE] aurora.database.features.AutoQueryCounter.onQueryFinish
2018-10-21 08:35:07.457 [uncertain.proc] [CONFIG] [action] FetchResultSet
2018-10-21 08:35:07.457 [uncertain.proc] [FINE] aurora.database.features.CacheBasedLookUpField.postFetchResultSet
2018-10-21 08:35:07.457 [aurora.database] [CONFIG] 
============= BEGIN [query] SQL Statement execution dump ============
 
	        select * from 
		    (   SELECT GPS.PERIOD_SET_CODE ,GPS.PERIOD_NAME code ,GPS.PERIOD_NUM,GPS.PERIOD_YEAR
		      FROM GLD_PERIODS GPS, GLD_SET_OF_BOOKS SOB 
		      WHERE SOB.PERIOD_SET_CODE =GPS.PERIOD_SET_CODE
		      AND EXISTS
		          (SELECT COM.SET_OF_BOOKS_ID
		                            FROM FND_COMPANIES_VL COM
		                           WHERE COM.SET_OF_BOOKS_ID = SOB.SET_OF_BOOKS_ID
		                             AND COM.COMPANY_ID = ?)
		         order by PERIOD_YEAR, PERIOD_NUM  ) V
	      
         
---------------------Binding info---------------------
No.1	Access path:/session/@company_id	Data type of passed value :java.lang.Integer	Value:2575	Output:false	Database Type:null	

=============== END [query] SQL Statement execution dump ============

2018-10-21 08:35:07.457 [uncertain.proc] [CONFIG] [action] CreateSuccessResponse
