2018-10-21 07:19:07.825 [aurora.application.session_check] [CONFIG] Session data copied to context
2018-10-21 07:19:07.826 [aurora.application.session_check] [CONFIG] Checking BM access bgt.BGT2010.bgt_budget_items_query for operation query
2018-10-21 07:19:07.830 [aurora.application.session_check] [CONFIG] Result from aurora.bm.DefaultAccessChecker@7ac766e6 is true
2018-10-21 07:19:07.830 [uncertain.proc] [CONFIG] [action] AccessCheck
2018-10-21 07:19:07.831 [uncertain.proc] [CONFIG] [action] CheckServiceLock
2018-10-21 07:19:07.831 [uncertain.proc] [CONFIG] [action] ParseParameter
2018-10-21 07:19:07.831 [uncertain.proc] [CONFIG] [action] ValidateInput
2018-10-21 07:19:07.831 [uncertain.proc] [CONFIG] [action] InvokeService
2018-10-21 07:19:07.831 [aurora.database] [CONFIG] ===================================== prepare to run model-query bgt.BGT2010.bgt_budget_items_query==============================
2018-10-21 07:19:07.846 [uncertain.proc] [CONFIG] [action] DecideSqlGenerationMode
2018-10-21 07:19:07.847 [uncertain.proc] [FINE] aurora.database.service.BusinessModelService.onDecideSqlGenerationMode
2018-10-21 07:19:07.847 [uncertain.proc] [CONFIG] [action] CreatequeryStatement
2018-10-21 07:19:07.847 [uncertain.proc] [FINE] aurora.bm.QuerySqlCreator.onCreateQueryStatement
2018-10-21 07:19:07.852 [uncertain.proc] [CONFIG] [action] PopulatequeryStatement
2018-10-21 07:19:07.852 [uncertain.proc] [FINE] aurora.database.features.OrderByClauseCreator.onPopulateQueryStatement
2018-10-21 07:19:07.852 [uncertain.proc] [FINE] aurora.database.features.WhereClauseCreator.onPopulateQueryStatement
2018-10-21 07:19:07.852 [uncertain.proc] [CONFIG] [action] CreatequerySql
2018-10-21 07:19:07.852 [uncertain.proc] [FINE] aurora.bm.QuerySqlCreator.onCreateQuerySql
2018-10-21 07:19:07.852 [uncertain.proc] [CONFIG] [action] ExecuteQuery
2018-10-21 07:19:07.852 [uncertain.proc] [FINE] aurora.bm.QuerySqlCreator.onExecuteQuery
2018-10-21 07:19:07.935 [uncertain.proc] [CONFIG] [action] QueryFinish
2018-10-21 07:19:07.935 [uncertain.proc] [FINE] aurora.database.features.AutoQueryCounter.onQueryFinish
2018-10-21 07:19:07.936 [uncertain.proc] [CONFIG] [action] FetchResultSet
2018-10-21 07:19:07.936 [uncertain.proc] [FINE] aurora.database.features.CacheBasedLookUpField.postFetchResultSet
2018-10-21 07:19:07.939 [aurora.database] [CONFIG] 
============= BEGIN [query] SQL Statement execution dump ============
SELECT t1.budget_org_id,t1.budget_item_type_id,t1.budget_item_id,t1.budget_item_code,t1.description_id,t1.notes,t1.summary_flag,t1.enabled_flag,t1.variation_attribute,(select code_value_name from sys_code_values_vl where code_value = variation_attribute and code_id = (select code_id from sys_codes where code = 'BGT_VARIATION_ATTRIBUTE')) AS variation_attribute_name,(select DESCRIPTION_TEXT from fnd_descriptions where DESCRIPTION_ID=t1.description_id and Language=?) AS description,(select description_text from fnd_descriptions fd where fd.description_id = r1.description_id and Language = ?) AS budget_org_description,(select description_text from fnd_descriptions fd where fd.description_id = r2.description_id and Language = ?) AS budget_item_type,(select DESCRIPTION_TEXT from fnd_descriptions where DESCRIPTION_ID=r1.description_id and Language=?) AS bgt_org_description,(select DESCRIPTION_TEXT from fnd_descriptions where DESCRIPTION_ID=r2.description_id and Language=?) AS budget_item_type_description,r1.description_id AS r1_description_id,r2.description_id AS r2_description_id
FROM BGT_BUDGET_ITEMS t1
	INNER JOIN BGT_ORGANIZATIONS r1 ON t1.budget_org_id = r1.bgt_org_id
	INNER JOIN BGT_BUDGET_ITEM_TYPES r2 ON t1.budget_item_type_id = r2.budget_item_type_id
WHERE  r1.set_of_books_id = (select set_of_books_id from fnd_companies fc where fc.company_id = ?)
ORDER BY budget_item_code
---------------------Binding info---------------------
No.1	Access path:/session/@lang	Data type of passed value :java.lang.String	Value:ZHS	Output:false	Database Type:null	
No.2	Access path:/session/@lang	Data type of passed value :java.lang.String	Value:ZHS	Output:false	Database Type:null	
No.3	Access path:/session/@lang	Data type of passed value :java.lang.String	Value:ZHS	Output:false	Database Type:null	
No.4	Access path:/session/@lang	Data type of passed value :java.lang.String	Value:ZHS	Output:false	Database Type:null	
No.5	Access path:/session/@lang	Data type of passed value :java.lang.String	Value:ZHS	Output:false	Database Type:null	
No.6	Access path:/session/@company_id	Data type of passed value :java.lang.String	Value:2555	Output:false	Database Type:null	

=============== END [query] SQL Statement execution dump ============

2018-10-21 07:19:07.940 [uncertain.proc] [CONFIG] [action] CreateSuccessResponse
