2018-10-11 01:29:41.37 [aurora.application.session_check] [CONFIG] Session data copied to context
2018-10-11 01:29:41.37 [aurora.application.session_check] [CONFIG] Checking BM access bgt.bgt_journal_responsibility_centers_combo for operation query
2018-10-11 01:29:41.39 [aurora.application.session_check] [CONFIG] Result from aurora.bm.DefaultAccessChecker@2cfc80a5 is true
2018-10-11 01:29:41.39 [uncertain.proc] [CONFIG] [action] AccessCheck
2018-10-11 01:29:41.41 [uncertain.proc] [CONFIG] [action] CheckServiceLock
2018-10-11 01:29:41.41 [uncertain.proc] [CONFIG] [action] ParseParameter
2018-10-11 01:29:41.41 [uncertain.proc] [CONFIG] [action] ValidateInput
2018-10-11 01:29:41.41 [uncertain.proc] [CONFIG] [action] InvokeService
2018-10-11 01:29:41.41 [aurora.database] [CONFIG] ===================================== prepare to run model-query bgt.bgt_journal_responsibility_centers_combo==============================
2018-10-11 01:29:41.46 [uncertain.proc] [CONFIG] [action] DecideSqlGenerationMode
2018-10-11 01:29:41.46 [uncertain.proc] [FINE] aurora.database.service.BusinessModelService.onDecideSqlGenerationMode
2018-10-11 01:29:41.46 [uncertain.proc] [CONFIG] [action] CreateOperationSql
2018-10-11 01:29:41.46 [uncertain.proc] [CONFIG] [action] PopulateOperationSql
2018-10-11 01:29:41.46 [uncertain.proc] [FINE] aurora.database.features.OrderByClauseCreator.onPopulateOperationSql
2018-10-11 01:29:41.46 [uncertain.proc] [FINE] aurora.database.features.WhereClauseCreator.onPopulateOperationSql
2018-10-11 01:29:41.46 [uncertain.proc] [CONFIG] [action] ExecuteQuery
2018-10-11 01:29:41.46 [uncertain.proc] [FINE] aurora.bm.QuerySqlCreator.onExecuteQuery
2018-10-11 01:29:41.47 [uncertain.proc] [CONFIG] [action] QueryFinish
2018-10-11 01:29:41.47 [uncertain.proc] [FINE] aurora.database.features.AutoQueryCounter.onQueryFinish
2018-10-11 01:29:41.47 [uncertain.proc] [CONFIG] [action] FetchResultSet
2018-10-11 01:29:41.47 [uncertain.proc] [FINE] aurora.database.features.CacheBasedLookUpField.postFetchResultSet
2018-10-11 01:29:41.48 [aurora.database] [CONFIG] 
============= BEGIN [query] SQL Statement execution dump ============

                SELECT
                    *
                FROM
                    (SELECT
                        frc.responsibility_center_id,
                        frc.responsibility_center_code,
                        frc.responsibility_center_name,
                        frc.responsibility_center_code
                        || frc.responsibility_center_name responsibility_center_name_ext
                    FROM
                        fnd_responsibility_centers_vl frc
                    WHERE
                        NVL(frc.summary_flag,'N')      = 'N' AND
                        frc.responsibility_center_code<>'0' AND
                        (
                            TRUNC(sysdate) BETWEEN frc.start_date_active AND frc.end_date_active OR
                            frc.end_date_active IS NULL
                        )
                        AND
                        frc.company_id = NVL(?,?)
                    )t 
                ORDER BY
                    t.responsibility_center_code
            
---------------------Binding info---------------------
No.1	Access path:@p_company_id	Data type of passed value :[null]	Value:null	Output:false	Database Type:null	
No.2	Access path:/session/@company_id	Data type of passed value :java.lang.String	Value:835	Output:false	Database Type:null	

=============== END [query] SQL Statement execution dump ============

2018-10-11 01:29:41.48 [uncertain.proc] [CONFIG] [action] CreateSuccessResponse
