2018-10-17 09:27:16.884 [aurora.application.session_check] [CONFIG] Session data copied to context
2018-10-17 09:27:16.884 [aurora.application.session_check] [CONFIG] Checking BM access bgt.BGT2910.bgt_control_strategies for operation query
2018-10-17 09:27:16.886 [aurora.application.session_check] [CONFIG] Result from aurora.bm.DefaultAccessChecker@56fbada9 is true
2018-10-17 09:27:16.886 [uncertain.proc] [CONFIG] [action] AccessCheck
2018-10-17 09:27:16.887 [uncertain.proc] [CONFIG] [action] CheckServiceLock
2018-10-17 09:27:16.887 [uncertain.proc] [CONFIG] [action] ParseParameter
2018-10-17 09:27:16.887 [uncertain.proc] [CONFIG] [action] ValidateInput
2018-10-17 09:27:16.887 [uncertain.proc] [CONFIG] [action] InvokeService
2018-10-17 09:27:16.887 [aurora.database] [CONFIG] ===================================== prepare to run model-query bgt.BGT2910.bgt_control_strategies==============================
2018-10-17 09:27:16.892 [uncertain.proc] [CONFIG] [action] DecideSqlGenerationMode
2018-10-17 09:27:16.892 [uncertain.proc] [FINE] aurora.database.service.BusinessModelService.onDecideSqlGenerationMode
2018-10-17 09:27:16.892 [uncertain.proc] [CONFIG] [action] CreatequeryStatement
2018-10-17 09:27:16.892 [uncertain.proc] [FINE] aurora.bm.QuerySqlCreator.onCreateQueryStatement
2018-10-17 09:27:16.892 [uncertain.proc] [CONFIG] [action] PopulatequeryStatement
2018-10-17 09:27:16.892 [uncertain.proc] [FINE] aurora.database.features.OrderByClauseCreator.onPopulateQueryStatement
2018-10-17 09:27:16.892 [uncertain.proc] [FINE] aurora.database.features.WhereClauseCreator.onPopulateQueryStatement
2018-10-17 09:27:16.892 [uncertain.proc] [CONFIG] [action] CreatequerySql
2018-10-17 09:27:16.892 [uncertain.proc] [FINE] aurora.bm.QuerySqlCreator.onCreateQuerySql
2018-10-17 09:27:16.892 [uncertain.proc] [CONFIG] [action] ExecuteQuery
2018-10-17 09:27:16.892 [uncertain.proc] [FINE] aurora.bm.QuerySqlCreator.onExecuteQuery
2018-10-17 09:27:16.895 [uncertain.proc] [CONFIG] [action] QueryFinish
2018-10-17 09:27:16.895 [uncertain.proc] [FINE] aurora.database.features.AutoQueryCounter.onQueryFinish
2018-10-17 09:27:16.896 [uncertain.proc] [CONFIG] [action] FetchResultSet
2018-10-17 09:27:16.896 [uncertain.proc] [FINE] aurora.database.features.CacheBasedLookUpField.postFetchResultSet
2018-10-17 09:27:16.896 [aurora.database] [CONFIG] 
============= BEGIN [query] SQL Statement execution dump ============
SELECT t1.CONTROL_STRATEGY_GROUP_ID,t1.CONTROL_STRATEGY_ID,t1.CONTROL_STRATEGY_SEQUENCE,t1.CONTROL_STRATEGY_CODE,t1.CONTROL_STRATEGY_DESC,t1.CONTROL_METHOD,t1.MESSAGE_CODE,t1.EXP_WF_EVENT
FROM BGT_CONTROL_STRATEGIES t1
WHERE CONTROL_STRATEGY_GROUP_ID = ?
ORDER BY CONTROL_STRATEGY_SEQUENCE
---------------------Binding info---------------------
No.1	Access path:@control_strategy_group_id	Data type of passed value :java.lang.Double	Value:1.0	Output:false	Database Type:null	

=============== END [query] SQL Statement execution dump ============

2018-10-17 09:27:16.896 [uncertain.proc] [CONFIG] [action] CreateSuccessResponse
