2018-10-15 06:23:25.262 [aurora.application.session_check] [CONFIG] Session data copied to context
2018-10-15 06:23:25.263 [aurora.application.session_check] [CONFIG] Checking BM access bgt.BGT6200.bgt_budget_types_lov for operation query
2018-10-15 06:23:25.264 [aurora.application.session_check] [CONFIG] Result from aurora.bm.DefaultAccessChecker@6748cd88 is true
2018-10-15 06:23:25.264 [uncertain.proc] [CONFIG] [action] AccessCheck
2018-10-15 06:23:25.266 [uncertain.proc] [CONFIG] [action] CheckServiceLock
2018-10-15 06:23:25.266 [uncertain.proc] [CONFIG] [action] ParseParameter
2018-10-15 06:23:25.266 [uncertain.proc] [CONFIG] [action] ValidateInput
2018-10-15 06:23:25.266 [uncertain.proc] [CONFIG] [action] InvokeService
2018-10-15 06:23:25.266 [aurora.database] [CONFIG] ===================================== prepare to run model-query bgt.BGT6200.bgt_budget_types_lov==============================
2018-10-15 06:23:25.271 [uncertain.proc] [CONFIG] [action] DecideSqlGenerationMode
2018-10-15 06:23:25.271 [uncertain.proc] [FINE] aurora.database.service.BusinessModelService.onDecideSqlGenerationMode
2018-10-15 06:23:25.271 [uncertain.proc] [CONFIG] [action] CreateOperationSql
2018-10-15 06:23:25.271 [uncertain.proc] [CONFIG] [action] PopulateOperationSql
2018-10-15 06:23:25.271 [uncertain.proc] [FINE] aurora.database.features.OrderByClauseCreator.onPopulateOperationSql
2018-10-15 06:23:25.271 [uncertain.proc] [FINE] aurora.database.features.WhereClauseCreator.onPopulateOperationSql
2018-10-15 06:23:25.271 [uncertain.proc] [CONFIG] [action] ExecuteQuery
2018-10-15 06:23:25.271 [uncertain.proc] [FINE] aurora.bm.QuerySqlCreator.onExecuteQuery
2018-10-15 06:23:25.318 [uncertain.proc] [CONFIG] [action] QueryFinish
2018-10-15 06:23:25.318 [uncertain.proc] [FINE] aurora.database.features.AutoQueryCounter.onQueryFinish
2018-10-15 06:23:25.346 [uncertain.proc] [CONFIG] [action] FetchResultSet
2018-10-15 06:23:25.346 [uncertain.proc] [FINE] aurora.database.features.CacheBasedLookUpField.postFetchResultSet
2018-10-15 06:23:25.346 [aurora.database] [CONFIG] 
============= BEGIN [query] SQL Statement execution dump ============
select *
  from (select t.expense_type_id,
               fv.company_id,
               fv.company_code,
               fv.company_short_name,
               t.expense_type_code,
               (t.expense_type_code || '-' || t.description) description
          from exp_expense_types_vl t, fnd_companies_vl fv
         where t.company_id = fv.company_id
           and t.enabled_flag = 'Y') v  WHERE (? is null or v.company_id = ?)
 order by v.expense_type_code
---------------------Binding info---------------------
No.1	Access path:@company_id	Data type of passed value :java.lang.String	Value:835	Output:false	Database Type:null	
No.2	Access path:@company_id	Data type of passed value :java.lang.String	Value:835	Output:false	Database Type:null	

=============== END [query] SQL Statement execution dump ============

2018-10-15 06:23:25.346 [uncertain.proc] [CONFIG] [action] CreateSuccessResponse
