2018-10-11 01:57:37.199 [aurora.application.session_check] [CONFIG] Session data copied to context
2018-10-11 01:57:37.199 [aurora.application.session_check] [CONFIG] Checking BM access bgt.BGT2310.bgt_solution_query for operation query
2018-10-11 01:57:37.200 [aurora.application.session_check] [CONFIG] Result from aurora.bm.DefaultAccessChecker@17e5d013 is true
2018-10-11 01:57:37.200 [uncertain.proc] [CONFIG] [action] AccessCheck
2018-10-11 01:57:37.201 [uncertain.proc] [CONFIG] [action] CheckServiceLock
2018-10-11 01:57:37.201 [uncertain.proc] [CONFIG] [action] ParseParameter
2018-10-11 01:57:37.201 [uncertain.proc] [CONFIG] [action] ValidateInput
2018-10-11 01:57:37.201 [uncertain.proc] [CONFIG] [action] InvokeService
2018-10-11 01:57:37.201 [aurora.database] [CONFIG] ===================================== prepare to run model-query bgt.BGT2310.bgt_solution_query==============================
2018-10-11 01:57:37.204 [uncertain.proc] [CONFIG] [action] DecideSqlGenerationMode
2018-10-11 01:57:37.204 [uncertain.proc] [FINE] aurora.database.service.BusinessModelService.onDecideSqlGenerationMode
2018-10-11 01:57:37.204 [uncertain.proc] [CONFIG] [action] CreateOperationSql
2018-10-11 01:57:37.204 [uncertain.proc] [CONFIG] [action] PopulateOperationSql
2018-10-11 01:57:37.204 [uncertain.proc] [FINE] aurora.database.features.OrderByClauseCreator.onPopulateOperationSql
2018-10-11 01:57:37.204 [uncertain.proc] [FINE] aurora.database.features.WhereClauseCreator.onPopulateOperationSql
2018-10-11 01:57:37.204 [uncertain.proc] [CONFIG] [action] ExecuteQuery
2018-10-11 01:57:37.204 [uncertain.proc] [FINE] aurora.bm.QuerySqlCreator.onExecuteQuery
2018-10-11 01:57:37.246 [uncertain.proc] [CONFIG] [action] QueryFinish
2018-10-11 01:57:37.246 [uncertain.proc] [FINE] aurora.database.features.AutoQueryCounter.onQueryFinish
2018-10-11 01:57:37.260 [uncertain.proc] [CONFIG] [action] FetchResultSet
2018-10-11 01:57:37.260 [uncertain.proc] [FINE] aurora.database.features.CacheBasedLookUpField.postFetchResultSet
2018-10-11 01:57:37.260 [aurora.database] [CONFIG] 
============= BEGIN [query] SQL Statement execution dump ============
 		select *
		  from (select a.bgt_org_id,
					   a.bgt_solution_header_id,
					   a.bgt_solution_code,
					   a.description bgt_solution_desc
				  from bgt_solution_headers_vl a
				 where exists
				 (select 1
						  from bgt_organizations b
						 where b.bgt_org_id = a.bgt_org_id
						   and exists
						 (select 1
								  from fnd_companies c
								 where c.set_of_books_id = b.set_of_books_id
								   and c.company_id = ?))) t
			   
		 order by bgt_solution_code
---------------------Binding info---------------------
No.1	Access path:/session/@company_id	Data type of passed value :java.lang.String	Value:835	Output:false	Database Type:null	

=============== END [query] SQL Statement execution dump ============

2018-10-11 01:57:37.260 [uncertain.proc] [CONFIG] [action] CreateSuccessResponse
