2018-10-21 07:19:29.183 [aurora.application.session_check] [CONFIG] Session data copied to context
2018-10-21 07:19:29.183 [aurora.application.session_check] [CONFIG] Checking BM access bgt.BGT2010.bgt_budget_items_company_query for operation query
2018-10-21 07:19:29.184 [aurora.application.session_check] [CONFIG] Result from aurora.bm.DefaultAccessChecker@324b2d02 is true
2018-10-21 07:19:29.185 [uncertain.proc] [CONFIG] [action] AccessCheck
2018-10-21 07:19:29.186 [uncertain.proc] [CONFIG] [action] CheckServiceLock
2018-10-21 07:19:29.186 [uncertain.proc] [CONFIG] [action] ParseParameter
2018-10-21 07:19:29.186 [uncertain.proc] [CONFIG] [action] ValidateInput
2018-10-21 07:19:29.186 [uncertain.proc] [CONFIG] [action] InvokeService
2018-10-21 07:19:29.186 [aurora.database] [CONFIG] ===================================== prepare to run model-query bgt.BGT2010.bgt_budget_items_company_query==============================
2018-10-21 07:19:29.191 [uncertain.proc] [CONFIG] [action] DecideSqlGenerationMode
2018-10-21 07:19:29.191 [uncertain.proc] [FINE] aurora.database.service.BusinessModelService.onDecideSqlGenerationMode
2018-10-21 07:19:29.191 [uncertain.proc] [CONFIG] [action] CreateOperationSql
2018-10-21 07:19:29.191 [uncertain.proc] [CONFIG] [action] PopulateOperationSql
2018-10-21 07:19:29.191 [uncertain.proc] [FINE] aurora.database.features.OrderByClauseCreator.onPopulateOperationSql
2018-10-21 07:19:29.191 [uncertain.proc] [FINE] aurora.database.features.WhereClauseCreator.onPopulateOperationSql
2018-10-21 07:19:29.191 [uncertain.proc] [CONFIG] [action] ExecuteQuery
2018-10-21 07:19:29.191 [uncertain.proc] [FINE] aurora.bm.QuerySqlCreator.onExecuteQuery
2018-10-21 07:19:29.204 [uncertain.proc] [CONFIG] [action] QueryFinish
2018-10-21 07:19:29.204 [uncertain.proc] [FINE] aurora.database.features.AutoQueryCounter.onQueryFinish
2018-10-21 07:19:29.213 [uncertain.proc] [CONFIG] [action] FetchResultSet
2018-10-21 07:19:29.213 [uncertain.proc] [FINE] aurora.database.features.CacheBasedLookUpField.postFetchResultSet
2018-10-21 07:19:29.213 [aurora.database] [CONFIG] 
============= BEGIN [query] SQL Statement execution dump ============
select rowidtochar(t.rowid) id,t.company_id,

	   fc.company_code,

	   fc.company_short_name,

	   t.budget_item_id,

	   t.notes,

	   t.enabled_flag

  from bgt_company_budget_items t, fnd_companies_vl fc

 where t.company_id = fc.company_id

 and t.budget_item_id =?
---------------------Binding info---------------------
No.1	Access path:@budget_item_id	Data type of passed value :java.lang.String	Value:262	Output:false	Database Type:null	

=============== END [query] SQL Statement execution dump ============

2018-10-21 07:19:29.213 [uncertain.proc] [CONFIG] [action] CreateSuccessResponse
