2018-10-11 01:57:48.699 [aurora.application.session_check] [CONFIG] Session data copied to context
2018-10-11 01:57:48.699 [aurora.application.session_check] [CONFIG] Checking BM access bgt.BGT2310.bgt_solution_details_query for operation query
2018-10-11 01:57:48.700 [aurora.application.session_check] [CONFIG] Result from aurora.bm.DefaultAccessChecker@efe198a is true
2018-10-11 01:57:48.700 [uncertain.proc] [CONFIG] [action] AccessCheck
2018-10-11 01:57:48.701 [uncertain.proc] [CONFIG] [action] CheckServiceLock
2018-10-11 01:57:48.701 [uncertain.proc] [CONFIG] [action] ParseParameter
2018-10-11 01:57:48.701 [uncertain.proc] [CONFIG] [action] ValidateInput
2018-10-11 01:57:48.701 [uncertain.proc] [CONFIG] [action] InvokeService
2018-10-11 01:57:48.701 [aurora.database] [CONFIG] ===================================== prepare to run model-query bgt.BGT2310.bgt_solution_details_query==============================
2018-10-11 01:57:48.704 [uncertain.proc] [CONFIG] [action] DecideSqlGenerationMode
2018-10-11 01:57:48.704 [uncertain.proc] [FINE] aurora.database.service.BusinessModelService.onDecideSqlGenerationMode
2018-10-11 01:57:48.704 [uncertain.proc] [CONFIG] [action] CreateOperationSql
2018-10-11 01:57:48.704 [uncertain.proc] [CONFIG] [action] PopulateOperationSql
2018-10-11 01:57:48.704 [uncertain.proc] [FINE] aurora.database.features.OrderByClauseCreator.onPopulateOperationSql
2018-10-11 01:57:48.704 [uncertain.proc] [FINE] aurora.database.features.WhereClauseCreator.onPopulateOperationSql
2018-10-11 01:57:48.704 [uncertain.proc] [CONFIG] [action] ExecuteQuery
2018-10-11 01:57:48.704 [uncertain.proc] [FINE] aurora.bm.QuerySqlCreator.onExecuteQuery
2018-10-11 01:57:48.752 [uncertain.proc] [CONFIG] [action] QueryFinish
2018-10-11 01:57:48.752 [uncertain.proc] [FINE] aurora.database.features.AutoQueryCounter.onQueryFinish
2018-10-11 01:57:48.795 [uncertain.proc] [CONFIG] [action] FetchResultSet
2018-10-11 01:57:48.795 [uncertain.proc] [FINE] aurora.database.features.CacheBasedLookUpField.postFetchResultSet
2018-10-11 01:57:48.795 [aurora.database] [CONFIG] 
============= BEGIN [query] SQL Statement execution dump ============
		SELECT T.BGT_SOLUTION_HEADER_ID,
		   T.PARAMETER_TYPE,
		   (SELECT V.CODE_VALUE_NAME
        	FROM SYS_CODE_VALUES_V V
			WHERE V.CODE = 'BGT_SOLUTION_PARAMETER_TYPE' AND V.CODE_VALUE = T.PARAMETER_TYPE) PARAMETER_TYPE_DISPLAY,
		   T.PARAMETER_ID,
		   T.PARAMETER_CODE,
		   V.CODE_VALUE_NAME PARAMETER_CODE_DISPLAY,
		decode(?,'ZHS','你已选择' || COUNT(1) || '条数据','You have selected ' || COUNT(1) || ' datas') PARAMETER_VALUE_SELECT
		  FROM BGT_SOLUTION_TMP T,
       (SELECT F.DIMENSION_CODE AS CODE_VALUE,
       F.DESCRIPTION AS CODE_VALUE_NAME,
       'BGT_SOLUTION_PARAMETER_DIM' AS RULES_NAME
      FROM FND_DIMENSIONS_VL F
       WHERE F.SYSTEM_FLAG = 'N'
      UNION
      SELECT V.CODE_VALUE,
       V.CODE_VALUE_NAME,
       'BGT_SOLUTION_PARAMETER_BGT' AS RULES_NAME
      FROM SYS_CODE_VALUES_V V
       WHERE V.CODE = 'BGT_SOLUTION_PARAMETER_BGT'
      UNION
      SELECT V.CODE_VALUE,
       V.CODE_VALUE_NAME,
       'BGT_SOLUTION_PARAMETER_ORG' AS RULES_NAME
      FROM SYS_CODE_VALUES_V V
       WHERE V.CODE = 'BGT_SOLUTION_PARAMETER_ORG') V
     WHERE T.SESSION_ID = ?
       AND T.BGT_SOLUTION_HEADER_ID = ?
       AND T.PARAMETER_TYPE = V.RULES_NAME
       AND T.PARAMETER_CODE = V.CODE_VALUE
     GROUP BY T.BGT_SOLUTION_HEADER_ID,
      T.PARAMETER_TYPE,
      T.PARAMETER_ID,
      T.PARAMETER_CODE,
      V.CODE_VALUE_NAME
---------------------Binding info---------------------
No.1	Access path:/session/@lang	Data type of passed value :java.lang.String	Value:ZHS	Output:false	Database Type:null	
No.2	Access path:/session/@session_id	Data type of passed value :java.lang.Long	Value:55372	Output:false	Database Type:null	
No.3	Access path:@bgt_solution_header_id	Data type of passed value :java.lang.String	Value:21	Output:false	Database Type:null	

=============== END [query] SQL Statement execution dump ============

2018-10-11 01:57:48.795 [uncertain.proc] [CONFIG] [action] CreateSuccessResponse
