2018-10-15 06:23:36.87 [aurora.application.session_check] [CONFIG] Session data copied to context
2018-10-15 06:23:36.88 [aurora.application.session_check] [CONFIG] Checking BM access bgt.BGT6200.bgt_responsibility_centers_lov for operation query
2018-10-15 06:23:36.95 [aurora.application.session_check] [CONFIG] Result from aurora.bm.DefaultAccessChecker@42e0d3e3 is true
2018-10-15 06:23:36.95 [uncertain.proc] [CONFIG] [action] AccessCheck
2018-10-15 06:23:36.96 [uncertain.proc] [CONFIG] [action] CheckServiceLock
2018-10-15 06:23:36.96 [uncertain.proc] [CONFIG] [action] ParseParameter
2018-10-15 06:23:36.96 [uncertain.proc] [CONFIG] [action] ValidateInput
2018-10-15 06:23:36.96 [uncertain.proc] [CONFIG] [action] InvokeService
2018-10-15 06:23:36.96 [aurora.database] [CONFIG] ===================================== prepare to run model-query bgt.BGT6200.bgt_responsibility_centers_lov==============================
2018-10-15 06:23:36.110 [uncertain.proc] [CONFIG] [action] DecideSqlGenerationMode
2018-10-15 06:23:36.110 [uncertain.proc] [FINE] aurora.database.service.BusinessModelService.onDecideSqlGenerationMode
2018-10-15 06:23:36.110 [uncertain.proc] [CONFIG] [action] CreatequeryStatement
2018-10-15 06:23:36.110 [uncertain.proc] [FINE] aurora.bm.QuerySqlCreator.onCreateQueryStatement
2018-10-15 06:23:36.112 [uncertain.proc] [CONFIG] [action] PopulatequeryStatement
2018-10-15 06:23:36.112 [uncertain.proc] [FINE] aurora.database.features.OrderByClauseCreator.onPopulateQueryStatement
2018-10-15 06:23:36.112 [uncertain.proc] [FINE] aurora.database.features.WhereClauseCreator.onPopulateQueryStatement
2018-10-15 06:23:36.112 [uncertain.proc] [CONFIG] [action] CreatequerySql
2018-10-15 06:23:36.112 [uncertain.proc] [FINE] aurora.bm.QuerySqlCreator.onCreateQuerySql
2018-10-15 06:23:36.112 [uncertain.proc] [CONFIG] [action] ExecuteQuery
2018-10-15 06:23:36.112 [uncertain.proc] [FINE] aurora.bm.QuerySqlCreator.onExecuteQuery
2018-10-15 06:23:36.200 [uncertain.proc] [CONFIG] [action] QueryFinish
2018-10-15 06:23:36.200 [uncertain.proc] [FINE] aurora.database.features.AutoQueryCounter.onQueryFinish
2018-10-15 06:23:36.224 [uncertain.proc] [CONFIG] [action] FetchResultSet
2018-10-15 06:23:36.224 [uncertain.proc] [FINE] aurora.database.features.CacheBasedLookUpField.postFetchResultSet
2018-10-15 06:23:36.225 [aurora.database] [CONFIG] 
============= BEGIN [query] SQL Statement execution dump ============
SELECT rc.responsibility_center_id,rc.responsibility_center_name_id,rc.responsibility_center_code,(select DESCRIPTION_TEXT from fnd_descriptions where DESCRIPTION_ID=rc.responsibility_center_name_id and Language=?) AS responsibility_center_name,rc.summary_flag,rc.company_id,(select DESCRIPTION_TEXT from fnd_descriptions,fnd_companies fc where DESCRIPTION_ID = fc.company_short_name_id and fc.company_id=rc.company_id and Language = ?) AS company_short_name,responsibility_center_code || '-' || (select description_text from fnd_descriptions fd where fd.description_id = rc.responsibility_center_name_id and fd.language = ?) AS resp_center_code_name,company.company_code
FROM fnd_responsibility_centers rc
	LEFT OUTER JOIN fnd_companies company ON rc.company_id = company.company_id
WHERE  (rc.summary_flag='N' or rc.summary_flag is null) AND   exists  (select 1           from fnd_companies fc, gld_set_of_books g, bgt_organizations bo          where fc.set_of_books_id = g.set_of_books_id            and g.set_of_books_id = bo.set_of_books_id            and fc.company_id = rc.company_id            and g.set_of_books_id =                (select fcc.set_of_books_id                   from fnd_companies fcc                  where fcc.company_id = ?)) AND (? is null or rc.company_id = ?)
ORDER BY responsibility_center_code
---------------------Binding info---------------------
No.1	Access path:/session/@lang	Data type of passed value :java.lang.String	Value:ZHS	Output:false	Database Type:null	
No.2	Access path:/session/@lang	Data type of passed value :java.lang.String	Value:ZHS	Output:false	Database Type:null	
No.3	Access path:/session/@lang	Data type of passed value :java.lang.String	Value:ZHS	Output:false	Database Type:null	
No.4	Access path:/session/@company_id	Data type of passed value :java.lang.String	Value:835	Output:false	Database Type:null	
No.5	Access path:@company_id	Data type of passed value :java.lang.String	Value:835	Output:false	Database Type:null	
No.6	Access path:@company_id	Data type of passed value :java.lang.String	Value:835	Output:false	Database Type:null	

=============== END [query] SQL Statement execution dump ============

2018-10-15 06:23:36.225 [uncertain.proc] [CONFIG] [action] CreateSuccessResponse
