2018-10-17 08:44:01.175 [aurora.application.session_check] [CONFIG] Session data copied to context
2018-10-17 08:44:01.175 [aurora.application.session_check] [CONFIG] Checking BM access bgt.BGT3010.bgt_budget_balance_condition_l_insert for operation batch_update
2018-10-17 08:44:01.175 [aurora.application.session_check] [CONFIG] for batch_update, access check will be performed on each record from parameter
2018-10-17 08:44:01.175 [uncertain.proc] [CONFIG] [action] AccessCheck
2018-10-17 08:44:01.177 [uncertain.proc] [CONFIG] [action] CheckServiceLock
2018-10-17 08:44:01.177 [uncertain.proc] [CONFIG] [action] ParseParameter
2018-10-17 08:44:01.177 [uncertain.proc] [CONFIG] [action] ValidateInput
2018-10-17 08:44:01.177 [uncertain.proc] [CONFIG] [action] InvokeService
2018-10-17 08:44:01.179 [aurora.database] [CONFIG] ============ Running model batch update with data from path /parameter, total 13 records
2018-10-17 08:44:01.179 [aurora.database] [CONFIG] execute insert on record No.0 for model bgt.BGT3010.bgt_budget_balance_condition_l_insert
2018-10-17 08:44:01.181 [uncertain.proc] [CONFIG] [action] DecideStatement
2018-10-17 08:44:01.183 [uncertain.proc] [CONFIG] [action] DecideSqlGenerationMode
2018-10-17 08:44:01.183 [uncertain.proc] [FINE] aurora.database.service.BusinessModelService.onDecideSqlGenerationMode
2018-10-17 08:44:01.183 [uncertain.proc] [CONFIG] [action] CreateOperationSql
2018-10-17 08:44:01.183 [uncertain.proc] [CONFIG] [action] PopulateOperationSql
2018-10-17 08:44:01.183 [uncertain.proc] [FINE] aurora.database.features.OrderByClauseCreator.onPopulateOperationSql
2018-10-17 08:44:01.183 [uncertain.proc] [FINE] aurora.database.features.WhereClauseCreator.onPopulateOperationSql
2018-10-17 08:44:01.183 [uncertain.proc] [CONFIG] [action] CreateSqlRunner
2018-10-17 08:44:01.183 [uncertain.proc] [FINE] aurora.database.service.BusinessModelService.onCreateSqlRunner
2018-10-17 08:44:01.183 [uncertain.proc] [CONFIG] [action] ExecuteDmlStatement
2018-10-17 08:44:01.183 [uncertain.proc] [FINE] aurora.database.service.BusinessModelService.onExecuteDmlStatement
2018-10-17 08:44:01.184 [aurora.database] [CONFIG] 
============= BEGIN [Insert] SQL Statement execution dump ============

                begin
                    BGT_BALANCE_QUERY_PKG.INSERT_BALANCE_QUREY_CONDS_L
                    (
                        p_balance_qurey_conds_h_id=>?,
                        p_session_id=>?,
                        p_parameter=>?,
                        p_id=>null,
                        p_code=>?,
                        p_control_rule_range=>?,
                        p_parameter_lower_limit=>?,
                        p_parameter_upper_limit=>?,
                        p_user_id=>?
                    );
                end;
---------------------Binding info---------------------
No.1	Access path:@balance_qurey_conds_h_id	Data type of passed value :java.lang.String	Value:52	Output:false	Database Type:null	
No.2	Access path:/session/@session_id	Data type of passed value :java.lang.Long	Value:55483	Output:false	Database Type:null	
No.3	Access path:@parameter_code	Data type of passed value :java.lang.String	Value:COMPANY	Output:false	Database Type:null	
No.4	Access path:@position_code	Data type of passed value :java.lang.String	Value:8600000000	Output:false	Database Type:null	
No.5	Access path:@control_rule_range	Data type of passed value :java.lang.String	Value:ALL	Output:false	Database Type:null	
No.6	Access path:@position_code_from	Data type of passed value :java.lang.String	Value:8600000000	Output:false	Database Type:null	
No.7	Access path:@position_code_to	Data type of passed value :java.lang.String	Value:8600000000	Output:false	Database Type:null	
No.8	Access path:/session/@user_id	Data type of passed value :java.lang.Long	Value:2242	Output:false	Database Type:null	

=============== END [Insert] SQL Statement execution dump ============

2018-10-17 08:44:01.184 [aurora.database] [CONFIG] execute insert on record No.1 for model bgt.BGT3010.bgt_budget_balance_condition_l_insert
2018-10-17 08:44:01.185 [uncertain.proc] [CONFIG] [action] DecideStatement
2018-10-17 08:44:01.187 [uncertain.proc] [CONFIG] [action] DecideSqlGenerationMode
2018-10-17 08:44:01.187 [uncertain.proc] [FINE] aurora.database.service.BusinessModelService.onDecideSqlGenerationMode
2018-10-17 08:44:01.187 [uncertain.proc] [CONFIG] [action] CreateOperationSql
2018-10-17 08:44:01.187 [uncertain.proc] [CONFIG] [action] PopulateOperationSql
2018-10-17 08:44:01.187 [uncertain.proc] [FINE] aurora.database.features.OrderByClauseCreator.onPopulateOperationSql
2018-10-17 08:44:01.187 [uncertain.proc] [FINE] aurora.database.features.WhereClauseCreator.onPopulateOperationSql
2018-10-17 08:44:01.187 [uncertain.proc] [CONFIG] [action] CreateSqlRunner
2018-10-17 08:44:01.187 [uncertain.proc] [FINE] aurora.database.service.BusinessModelService.onCreateSqlRunner
2018-10-17 08:44:01.187 [uncertain.proc] [CONFIG] [action] ExecuteDmlStatement
2018-10-17 08:44:01.187 [uncertain.proc] [FINE] aurora.database.service.BusinessModelService.onExecuteDmlStatement
2018-10-17 08:44:01.187 [aurora.database] [CONFIG] 
============= BEGIN [Insert] SQL Statement execution dump ============

                begin
                    BGT_BALANCE_QUERY_PKG.INSERT_BALANCE_QUREY_CONDS_L
                    (
                        p_balance_qurey_conds_h_id=>?,
                        p_session_id=>?,
                        p_parameter=>?,
                        p_id=>null,
                        p_code=>?,
                        p_control_rule_range=>?,
                        p_parameter_lower_limit=>?,
                        p_parameter_upper_limit=>?,
                        p_user_id=>?
                    );
                end;
---------------------Binding info---------------------
No.1	Access path:@balance_qurey_conds_h_id	Data type of passed value :java.lang.String	Value:52	Output:false	Database Type:null	
No.2	Access path:/session/@session_id	Data type of passed value :java.lang.Long	Value:55483	Output:false	Database Type:null	
No.3	Access path:@parameter_code	Data type of passed value :java.lang.String	Value:BUDGET_VERSION	Output:false	Database Type:null	
No.4	Access path:@position_code	Data type of passed value :java.lang.String	Value:TEST1017_1	Output:false	Database Type:null	
No.5	Access path:@control_rule_range	Data type of passed value :java.lang.String	Value:ALL	Output:false	Database Type:null	
No.6	Access path:@position_code_from	Data type of passed value :java.lang.String	Value:TEST1017_1	Output:false	Database Type:null	
No.7	Access path:@position_code_to	Data type of passed value :java.lang.String	Value:TEST1017_1	Output:false	Database Type:null	
No.8	Access path:/session/@user_id	Data type of passed value :java.lang.Long	Value:2242	Output:false	Database Type:null	

=============== END [Insert] SQL Statement execution dump ============

2018-10-17 08:44:01.187 [aurora.database] [CONFIG] execute insert on record No.2 for model bgt.BGT3010.bgt_budget_balance_condition_l_insert
2018-10-17 08:44:01.189 [uncertain.proc] [CONFIG] [action] DecideStatement
2018-10-17 08:44:01.191 [uncertain.proc] [CONFIG] [action] DecideSqlGenerationMode
2018-10-17 08:44:01.191 [uncertain.proc] [FINE] aurora.database.service.BusinessModelService.onDecideSqlGenerationMode
2018-10-17 08:44:01.191 [uncertain.proc] [CONFIG] [action] CreateOperationSql
2018-10-17 08:44:01.191 [uncertain.proc] [CONFIG] [action] PopulateOperationSql
2018-10-17 08:44:01.191 [uncertain.proc] [FINE] aurora.database.features.OrderByClauseCreator.onPopulateOperationSql
2018-10-17 08:44:01.191 [uncertain.proc] [FINE] aurora.database.features.WhereClauseCreator.onPopulateOperationSql
2018-10-17 08:44:01.191 [uncertain.proc] [CONFIG] [action] CreateSqlRunner
2018-10-17 08:44:01.191 [uncertain.proc] [FINE] aurora.database.service.BusinessModelService.onCreateSqlRunner
2018-10-17 08:44:01.191 [uncertain.proc] [CONFIG] [action] ExecuteDmlStatement
2018-10-17 08:44:01.191 [uncertain.proc] [FINE] aurora.database.service.BusinessModelService.onExecuteDmlStatement
2018-10-17 08:44:01.192 [aurora.database] [CONFIG] 
============= BEGIN [Insert] SQL Statement execution dump ============

                begin
                    BGT_BALANCE_QUERY_PKG.INSERT_BALANCE_QUREY_CONDS_L
                    (
                        p_balance_qurey_conds_h_id=>?,
                        p_session_id=>?,
                        p_parameter=>?,
                        p_id=>null,
                        p_code=>?,
                        p_control_rule_range=>?,
                        p_parameter_lower_limit=>?,
                        p_parameter_upper_limit=>?,
                        p_user_id=>?
                    );
                end;
---------------------Binding info---------------------
No.1	Access path:@balance_qurey_conds_h_id	Data type of passed value :java.lang.String	Value:52	Output:false	Database Type:null	
No.2	Access path:/session/@session_id	Data type of passed value :java.lang.Long	Value:55483	Output:false	Database Type:null	
No.3	Access path:@parameter_code	Data type of passed value :java.lang.String	Value:BUDGET_SCENARIO	Output:false	Database Type:null	
No.4	Access path:@position_code	Data type of passed value :java.lang.String	Value:TEST1017_1	Output:false	Database Type:null	
No.5	Access path:@control_rule_range	Data type of passed value :java.lang.String	Value:ALL	Output:false	Database Type:null	
No.6	Access path:@position_code_from	Data type of passed value :java.lang.String	Value:TEST1017_1	Output:false	Database Type:null	
No.7	Access path:@position_code_to	Data type of passed value :java.lang.String	Value:TEST1017_1	Output:false	Database Type:null	
No.8	Access path:/session/@user_id	Data type of passed value :java.lang.Long	Value:2242	Output:false	Database Type:null	

=============== END [Insert] SQL Statement execution dump ============

2018-10-17 08:44:01.192 [aurora.database] [CONFIG] execute insert on record No.3 for model bgt.BGT3010.bgt_budget_balance_condition_l_insert
2018-10-17 08:44:01.193 [uncertain.proc] [CONFIG] [action] DecideStatement
2018-10-17 08:44:01.194 [uncertain.proc] [CONFIG] [action] DecideSqlGenerationMode
2018-10-17 08:44:01.194 [uncertain.proc] [FINE] aurora.database.service.BusinessModelService.onDecideSqlGenerationMode
2018-10-17 08:44:01.194 [uncertain.proc] [CONFIG] [action] CreateOperationSql
2018-10-17 08:44:01.194 [uncertain.proc] [CONFIG] [action] PopulateOperationSql
2018-10-17 08:44:01.194 [uncertain.proc] [FINE] aurora.database.features.OrderByClauseCreator.onPopulateOperationSql
2018-10-17 08:44:01.194 [uncertain.proc] [FINE] aurora.database.features.WhereClauseCreator.onPopulateOperationSql
2018-10-17 08:44:01.195 [uncertain.proc] [CONFIG] [action] CreateSqlRunner
2018-10-17 08:44:01.195 [uncertain.proc] [FINE] aurora.database.service.BusinessModelService.onCreateSqlRunner
2018-10-17 08:44:01.195 [uncertain.proc] [CONFIG] [action] ExecuteDmlStatement
2018-10-17 08:44:01.195 [uncertain.proc] [FINE] aurora.database.service.BusinessModelService.onExecuteDmlStatement
2018-10-17 08:44:01.195 [aurora.database] [CONFIG] 
============= BEGIN [Insert] SQL Statement execution dump ============

                begin
                    BGT_BALANCE_QUERY_PKG.INSERT_BALANCE_QUREY_CONDS_L
                    (
                        p_balance_qurey_conds_h_id=>?,
                        p_session_id=>?,
                        p_parameter=>?,
                        p_id=>null,
                        p_code=>?,
                        p_control_rule_range=>?,
                        p_parameter_lower_limit=>?,
                        p_parameter_upper_limit=>?,
                        p_user_id=>?
                    );
                end;
---------------------Binding info---------------------
No.1	Access path:@balance_qurey_conds_h_id	Data type of passed value :java.lang.String	Value:52	Output:false	Database Type:null	
No.2	Access path:/session/@session_id	Data type of passed value :java.lang.Long	Value:55483	Output:false	Database Type:null	
No.3	Access path:@parameter_code	Data type of passed value :java.lang.String	Value:BUDGET_STRUCTURE	Output:false	Database Type:null	
No.4	Access path:@position_code	Data type of passed value :java.lang.String	Value:TEST1017_1	Output:false	Database Type:null	
No.5	Access path:@control_rule_range	Data type of passed value :java.lang.String	Value:ALL	Output:false	Database Type:null	
No.6	Access path:@position_code_from	Data type of passed value :java.lang.String	Value:TEST1017_1	Output:false	Database Type:null	
No.7	Access path:@position_code_to	Data type of passed value :java.lang.String	Value:TEST1017_1	Output:false	Database Type:null	
No.8	Access path:/session/@user_id	Data type of passed value :java.lang.Long	Value:2242	Output:false	Database Type:null	

=============== END [Insert] SQL Statement execution dump ============

2018-10-17 08:44:01.195 [aurora.database] [CONFIG] execute insert on record No.4 for model bgt.BGT3010.bgt_budget_balance_condition_l_insert
2018-10-17 08:44:01.196 [uncertain.proc] [CONFIG] [action] DecideStatement
2018-10-17 08:44:01.197 [uncertain.proc] [CONFIG] [action] DecideSqlGenerationMode
2018-10-17 08:44:01.197 [uncertain.proc] [FINE] aurora.database.service.BusinessModelService.onDecideSqlGenerationMode
2018-10-17 08:44:01.197 [uncertain.proc] [CONFIG] [action] CreateOperationSql
2018-10-17 08:44:01.197 [uncertain.proc] [CONFIG] [action] PopulateOperationSql
2018-10-17 08:44:01.197 [uncertain.proc] [FINE] aurora.database.features.OrderByClauseCreator.onPopulateOperationSql
2018-10-17 08:44:01.197 [uncertain.proc] [FINE] aurora.database.features.WhereClauseCreator.onPopulateOperationSql
2018-10-17 08:44:01.197 [uncertain.proc] [CONFIG] [action] CreateSqlRunner
2018-10-17 08:44:01.197 [uncertain.proc] [FINE] aurora.database.service.BusinessModelService.onCreateSqlRunner
2018-10-17 08:44:01.198 [uncertain.proc] [CONFIG] [action] ExecuteDmlStatement
2018-10-17 08:44:01.198 [uncertain.proc] [FINE] aurora.database.service.BusinessModelService.onExecuteDmlStatement
2018-10-17 08:44:01.198 [aurora.database] [CONFIG] 
============= BEGIN [Insert] SQL Statement execution dump ============

                begin
                    BGT_BALANCE_QUERY_PKG.INSERT_BALANCE_QUREY_CONDS_L
                    (
                        p_balance_qurey_conds_h_id=>?,
                        p_session_id=>?,
                        p_parameter=>?,
                        p_id=>null,
                        p_code=>?,
                        p_control_rule_range=>?,
                        p_parameter_lower_limit=>?,
                        p_parameter_upper_limit=>?,
                        p_user_id=>?
                    );
                end;
---------------------Binding info---------------------
No.1	Access path:@balance_qurey_conds_h_id	Data type of passed value :java.lang.String	Value:52	Output:false	Database Type:null	
No.2	Access path:/session/@session_id	Data type of passed value :java.lang.Long	Value:55483	Output:false	Database Type:null	
No.3	Access path:@parameter_code	Data type of passed value :java.lang.String	Value:PERIOD	Output:false	Database Type:null	
No.4	Access path:@position_code	Data type of passed value :java.lang.String	Value:	Output:false	Database Type:null	
No.5	Access path:@control_rule_range	Data type of passed value :java.lang.String	Value:ALL	Output:false	Database Type:null	
No.6	Access path:@position_code_from	Data type of passed value :java.lang.String	Value:2018-10	Output:false	Database Type:null	
No.7	Access path:@position_code_to	Data type of passed value :java.lang.String	Value:2018-10	Output:false	Database Type:null	
No.8	Access path:/session/@user_id	Data type of passed value :java.lang.Long	Value:2242	Output:false	Database Type:null	

=============== END [Insert] SQL Statement execution dump ============

2018-10-17 08:44:01.198 [aurora.database] [CONFIG] execute insert on record No.5 for model bgt.BGT3010.bgt_budget_balance_condition_l_insert
2018-10-17 08:44:01.199 [uncertain.proc] [CONFIG] [action] DecideStatement
2018-10-17 08:44:01.200 [uncertain.proc] [CONFIG] [action] DecideSqlGenerationMode
2018-10-17 08:44:01.200 [uncertain.proc] [FINE] aurora.database.service.BusinessModelService.onDecideSqlGenerationMode
2018-10-17 08:44:01.200 [uncertain.proc] [CONFIG] [action] CreateOperationSql
2018-10-17 08:44:01.200 [uncertain.proc] [CONFIG] [action] PopulateOperationSql
2018-10-17 08:44:01.200 [uncertain.proc] [FINE] aurora.database.features.OrderByClauseCreator.onPopulateOperationSql
2018-10-17 08:44:01.201 [uncertain.proc] [FINE] aurora.database.features.WhereClauseCreator.onPopulateOperationSql
2018-10-17 08:44:01.201 [uncertain.proc] [CONFIG] [action] CreateSqlRunner
2018-10-17 08:44:01.201 [uncertain.proc] [FINE] aurora.database.service.BusinessModelService.onCreateSqlRunner
2018-10-17 08:44:01.201 [uncertain.proc] [CONFIG] [action] ExecuteDmlStatement
2018-10-17 08:44:01.201 [uncertain.proc] [FINE] aurora.database.service.BusinessModelService.onExecuteDmlStatement
2018-10-17 08:44:01.201 [aurora.database] [CONFIG] 
============= BEGIN [Insert] SQL Statement execution dump ============

                begin
                    BGT_BALANCE_QUERY_PKG.INSERT_BALANCE_QUREY_CONDS_L
                    (
                        p_balance_qurey_conds_h_id=>?,
                        p_session_id=>?,
                        p_parameter=>?,
                        p_id=>null,
                        p_code=>?,
                        p_control_rule_range=>?,
                        p_parameter_lower_limit=>?,
                        p_parameter_upper_limit=>?,
                        p_user_id=>?
                    );
                end;
---------------------Binding info---------------------
No.1	Access path:@balance_qurey_conds_h_id	Data type of passed value :java.lang.String	Value:52	Output:false	Database Type:null	
No.2	Access path:/session/@session_id	Data type of passed value :java.lang.Long	Value:55483	Output:false	Database Type:null	
No.3	Access path:@parameter_code	Data type of passed value :java.lang.String	Value:PERIOD_QUARTER	Output:false	Database Type:null	
No.4	Access path:@position_code	Data type of passed value :java.lang.String	Value:	Output:false	Database Type:null	
No.5	Access path:@control_rule_range	Data type of passed value :java.lang.String	Value:ALL	Output:false	Database Type:null	
No.6	Access path:@position_code_from	Data type of passed value :[null]	Value:null	Output:false	Database Type:null	
No.7	Access path:@position_code_to	Data type of passed value :[null]	Value:null	Output:false	Database Type:null	
No.8	Access path:/session/@user_id	Data type of passed value :java.lang.Long	Value:2242	Output:false	Database Type:null	

=============== END [Insert] SQL Statement execution dump ============

2018-10-17 08:44:01.201 [aurora.database] [CONFIG] execute insert on record No.6 for model bgt.BGT3010.bgt_budget_balance_condition_l_insert
2018-10-17 08:44:01.202 [uncertain.proc] [CONFIG] [action] DecideStatement
2018-10-17 08:44:01.203 [uncertain.proc] [CONFIG] [action] DecideSqlGenerationMode
2018-10-17 08:44:01.203 [uncertain.proc] [FINE] aurora.database.service.BusinessModelService.onDecideSqlGenerationMode
2018-10-17 08:44:01.203 [uncertain.proc] [CONFIG] [action] CreateOperationSql
2018-10-17 08:44:01.203 [uncertain.proc] [CONFIG] [action] PopulateOperationSql
2018-10-17 08:44:01.203 [uncertain.proc] [FINE] aurora.database.features.OrderByClauseCreator.onPopulateOperationSql
2018-10-17 08:44:01.203 [uncertain.proc] [FINE] aurora.database.features.WhereClauseCreator.onPopulateOperationSql
2018-10-17 08:44:01.203 [uncertain.proc] [CONFIG] [action] CreateSqlRunner
2018-10-17 08:44:01.203 [uncertain.proc] [FINE] aurora.database.service.BusinessModelService.onCreateSqlRunner
2018-10-17 08:44:01.203 [uncertain.proc] [CONFIG] [action] ExecuteDmlStatement
2018-10-17 08:44:01.204 [uncertain.proc] [FINE] aurora.database.service.BusinessModelService.onExecuteDmlStatement
2018-10-17 08:44:01.204 [aurora.database] [CONFIG] 
============= BEGIN [Insert] SQL Statement execution dump ============

                begin
                    BGT_BALANCE_QUERY_PKG.INSERT_BALANCE_QUREY_CONDS_L
                    (
                        p_balance_qurey_conds_h_id=>?,
                        p_session_id=>?,
                        p_parameter=>?,
                        p_id=>null,
                        p_code=>?,
                        p_control_rule_range=>?,
                        p_parameter_lower_limit=>?,
                        p_parameter_upper_limit=>?,
                        p_user_id=>?
                    );
                end;
---------------------Binding info---------------------
No.1	Access path:@balance_qurey_conds_h_id	Data type of passed value :java.lang.String	Value:52	Output:false	Database Type:null	
No.2	Access path:/session/@session_id	Data type of passed value :java.lang.Long	Value:55483	Output:false	Database Type:null	
No.3	Access path:@parameter_code	Data type of passed value :java.lang.String	Value:PERIOD_YEAR	Output:false	Database Type:null	
No.4	Access path:@position_code	Data type of passed value :java.lang.String	Value:	Output:false	Database Type:null	
No.5	Access path:@control_rule_range	Data type of passed value :java.lang.String	Value:ALL	Output:false	Database Type:null	
No.6	Access path:@position_code_from	Data type of passed value :[null]	Value:null	Output:false	Database Type:null	
No.7	Access path:@position_code_to	Data type of passed value :[null]	Value:null	Output:false	Database Type:null	
No.8	Access path:/session/@user_id	Data type of passed value :java.lang.Long	Value:2242	Output:false	Database Type:null	

=============== END [Insert] SQL Statement execution dump ============

2018-10-17 08:44:01.204 [aurora.database] [CONFIG] execute insert on record No.7 for model bgt.BGT3010.bgt_budget_balance_condition_l_insert
2018-10-17 08:44:01.205 [uncertain.proc] [CONFIG] [action] DecideStatement
2018-10-17 08:44:01.206 [uncertain.proc] [CONFIG] [action] DecideSqlGenerationMode
2018-10-17 08:44:01.206 [uncertain.proc] [FINE] aurora.database.service.BusinessModelService.onDecideSqlGenerationMode
2018-10-17 08:44:01.206 [uncertain.proc] [CONFIG] [action] CreateOperationSql
2018-10-17 08:44:01.206 [uncertain.proc] [CONFIG] [action] PopulateOperationSql
2018-10-17 08:44:01.206 [uncertain.proc] [FINE] aurora.database.features.OrderByClauseCreator.onPopulateOperationSql
2018-10-17 08:44:01.206 [uncertain.proc] [FINE] aurora.database.features.WhereClauseCreator.onPopulateOperationSql
2018-10-17 08:44:01.206 [uncertain.proc] [CONFIG] [action] CreateSqlRunner
2018-10-17 08:44:01.206 [uncertain.proc] [FINE] aurora.database.service.BusinessModelService.onCreateSqlRunner
2018-10-17 08:44:01.206 [uncertain.proc] [CONFIG] [action] ExecuteDmlStatement
2018-10-17 08:44:01.206 [uncertain.proc] [FINE] aurora.database.service.BusinessModelService.onExecuteDmlStatement
2018-10-17 08:44:01.207 [aurora.database] [CONFIG] 
============= BEGIN [Insert] SQL Statement execution dump ============

                begin
                    BGT_BALANCE_QUERY_PKG.INSERT_BALANCE_QUREY_CONDS_L
                    (
                        p_balance_qurey_conds_h_id=>?,
                        p_session_id=>?,
                        p_parameter=>?,
                        p_id=>null,
                        p_code=>?,
                        p_control_rule_range=>?,
                        p_parameter_lower_limit=>?,
                        p_parameter_upper_limit=>?,
                        p_user_id=>?
                    );
                end;
---------------------Binding info---------------------
No.1	Access path:@balance_qurey_conds_h_id	Data type of passed value :java.lang.String	Value:52	Output:false	Database Type:null	
No.2	Access path:/session/@session_id	Data type of passed value :java.lang.Long	Value:55483	Output:false	Database Type:null	
No.3	Access path:@parameter_code	Data type of passed value :java.lang.String	Value:BUDGET_ITEM	Output:false	Database Type:null	
No.4	Access path:@position_code	Data type of passed value :[null]	Value:null	Output:false	Database Type:null	
No.5	Access path:@control_rule_range	Data type of passed value :java.lang.String	Value:ALL	Output:false	Database Type:null	
No.6	Access path:@position_code_from	Data type of passed value :[null]	Value:null	Output:false	Database Type:null	
No.7	Access path:@position_code_to	Data type of passed value :[null]	Value:null	Output:false	Database Type:null	
No.8	Access path:/session/@user_id	Data type of passed value :java.lang.Long	Value:2242	Output:false	Database Type:null	

=============== END [Insert] SQL Statement execution dump ============

2018-10-17 08:44:01.207 [aurora.database] [CONFIG] execute insert on record No.8 for model bgt.BGT3010.bgt_budget_balance_condition_l_insert
2018-10-17 08:44:01.208 [uncertain.proc] [CONFIG] [action] DecideStatement
2018-10-17 08:44:01.209 [uncertain.proc] [CONFIG] [action] DecideSqlGenerationMode
2018-10-17 08:44:01.209 [uncertain.proc] [FINE] aurora.database.service.BusinessModelService.onDecideSqlGenerationMode
2018-10-17 08:44:01.209 [uncertain.proc] [CONFIG] [action] CreateOperationSql
2018-10-17 08:44:01.209 [uncertain.proc] [CONFIG] [action] PopulateOperationSql
2018-10-17 08:44:01.209 [uncertain.proc] [FINE] aurora.database.features.OrderByClauseCreator.onPopulateOperationSql
2018-10-17 08:44:01.209 [uncertain.proc] [FINE] aurora.database.features.WhereClauseCreator.onPopulateOperationSql
2018-10-17 08:44:01.209 [uncertain.proc] [CONFIG] [action] CreateSqlRunner
2018-10-17 08:44:01.209 [uncertain.proc] [FINE] aurora.database.service.BusinessModelService.onCreateSqlRunner
2018-10-17 08:44:01.209 [uncertain.proc] [CONFIG] [action] ExecuteDmlStatement
2018-10-17 08:44:01.209 [uncertain.proc] [FINE] aurora.database.service.BusinessModelService.onExecuteDmlStatement
2018-10-17 08:44:01.210 [aurora.database] [CONFIG] 
============= BEGIN [Insert] SQL Statement execution dump ============

                begin
                    BGT_BALANCE_QUERY_PKG.INSERT_BALANCE_QUREY_CONDS_L
                    (
                        p_balance_qurey_conds_h_id=>?,
                        p_session_id=>?,
                        p_parameter=>?,
                        p_id=>null,
                        p_code=>?,
                        p_control_rule_range=>?,
                        p_parameter_lower_limit=>?,
                        p_parameter_upper_limit=>?,
                        p_user_id=>?
                    );
                end;
---------------------Binding info---------------------
No.1	Access path:@balance_qurey_conds_h_id	Data type of passed value :java.lang.String	Value:52	Output:false	Database Type:null	
No.2	Access path:/session/@session_id	Data type of passed value :java.lang.Long	Value:55483	Output:false	Database Type:null	
No.3	Access path:@parameter_code	Data type of passed value :java.lang.String	Value:BUDGET_ITEM_TYPE	Output:false	Database Type:null	
No.4	Access path:@position_code	Data type of passed value :[null]	Value:null	Output:false	Database Type:null	
No.5	Access path:@control_rule_range	Data type of passed value :[null]	Value:null	Output:false	Database Type:null	
No.6	Access path:@position_code_from	Data type of passed value :[null]	Value:null	Output:false	Database Type:null	
No.7	Access path:@position_code_to	Data type of passed value :[null]	Value:null	Output:false	Database Type:null	
No.8	Access path:/session/@user_id	Data type of passed value :java.lang.Long	Value:2242	Output:false	Database Type:null	

=============== END [Insert] SQL Statement execution dump ============

2018-10-17 08:44:01.210 [aurora.database] [CONFIG] execute insert on record No.9 for model bgt.BGT3010.bgt_budget_balance_condition_l_insert
2018-10-17 08:44:01.211 [uncertain.proc] [CONFIG] [action] DecideStatement
2018-10-17 08:44:01.212 [uncertain.proc] [CONFIG] [action] DecideSqlGenerationMode
2018-10-17 08:44:01.212 [uncertain.proc] [FINE] aurora.database.service.BusinessModelService.onDecideSqlGenerationMode
2018-10-17 08:44:01.212 [uncertain.proc] [CONFIG] [action] CreateOperationSql
2018-10-17 08:44:01.212 [uncertain.proc] [CONFIG] [action] PopulateOperationSql
2018-10-17 08:44:01.212 [uncertain.proc] [FINE] aurora.database.features.OrderByClauseCreator.onPopulateOperationSql
2018-10-17 08:44:01.212 [uncertain.proc] [FINE] aurora.database.features.WhereClauseCreator.onPopulateOperationSql
2018-10-17 08:44:01.212 [uncertain.proc] [CONFIG] [action] CreateSqlRunner
2018-10-17 08:44:01.212 [uncertain.proc] [FINE] aurora.database.service.BusinessModelService.onCreateSqlRunner
2018-10-17 08:44:01.212 [uncertain.proc] [CONFIG] [action] ExecuteDmlStatement
2018-10-17 08:44:01.212 [uncertain.proc] [FINE] aurora.database.service.BusinessModelService.onExecuteDmlStatement
2018-10-17 08:44:01.213 [aurora.database] [CONFIG] 
============= BEGIN [Insert] SQL Statement execution dump ============

                begin
                    BGT_BALANCE_QUERY_PKG.INSERT_BALANCE_QUREY_CONDS_L
                    (
                        p_balance_qurey_conds_h_id=>?,
                        p_session_id=>?,
                        p_parameter=>?,
                        p_id=>null,
                        p_code=>?,
                        p_control_rule_range=>?,
                        p_parameter_lower_limit=>?,
                        p_parameter_upper_limit=>?,
                        p_user_id=>?
                    );
                end;
---------------------Binding info---------------------
No.1	Access path:@balance_qurey_conds_h_id	Data type of passed value :java.lang.String	Value:52	Output:false	Database Type:null	
No.2	Access path:/session/@session_id	Data type of passed value :java.lang.Long	Value:55483	Output:false	Database Type:null	
No.3	Access path:@parameter_code	Data type of passed value :java.lang.String	Value:RESPONSIBILITY_CENTER	Output:false	Database Type:null	
No.4	Access path:@position_code	Data type of passed value :[null]	Value:null	Output:false	Database Type:null	
No.5	Access path:@control_rule_range	Data type of passed value :java.lang.String	Value:ALL	Output:false	Database Type:null	
No.6	Access path:@position_code_from	Data type of passed value :[null]	Value:null	Output:false	Database Type:null	
No.7	Access path:@position_code_to	Data type of passed value :[null]	Value:null	Output:false	Database Type:null	
No.8	Access path:/session/@user_id	Data type of passed value :java.lang.Long	Value:2242	Output:false	Database Type:null	

=============== END [Insert] SQL Statement execution dump ============

2018-10-17 08:44:01.213 [aurora.database] [CONFIG] execute insert on record No.10 for model bgt.BGT3010.bgt_budget_balance_condition_l_insert
2018-10-17 08:44:01.214 [uncertain.proc] [CONFIG] [action] DecideStatement
2018-10-17 08:44:01.215 [uncertain.proc] [CONFIG] [action] DecideSqlGenerationMode
2018-10-17 08:44:01.215 [uncertain.proc] [FINE] aurora.database.service.BusinessModelService.onDecideSqlGenerationMode
2018-10-17 08:44:01.215 [uncertain.proc] [CONFIG] [action] CreateOperationSql
2018-10-17 08:44:01.215 [uncertain.proc] [CONFIG] [action] PopulateOperationSql
2018-10-17 08:44:01.215 [uncertain.proc] [FINE] aurora.database.features.OrderByClauseCreator.onPopulateOperationSql
2018-10-17 08:44:01.215 [uncertain.proc] [FINE] aurora.database.features.WhereClauseCreator.onPopulateOperationSql
2018-10-17 08:44:01.215 [uncertain.proc] [CONFIG] [action] CreateSqlRunner
2018-10-17 08:44:01.215 [uncertain.proc] [FINE] aurora.database.service.BusinessModelService.onCreateSqlRunner
2018-10-17 08:44:01.215 [uncertain.proc] [CONFIG] [action] ExecuteDmlStatement
2018-10-17 08:44:01.215 [uncertain.proc] [FINE] aurora.database.service.BusinessModelService.onExecuteDmlStatement
2018-10-17 08:44:01.216 [aurora.database] [CONFIG] 
============= BEGIN [Insert] SQL Statement execution dump ============

                begin
                    BGT_BALANCE_QUERY_PKG.INSERT_BALANCE_QUREY_CONDS_L
                    (
                        p_balance_qurey_conds_h_id=>?,
                        p_session_id=>?,
                        p_parameter=>?,
                        p_id=>null,
                        p_code=>?,
                        p_control_rule_range=>?,
                        p_parameter_lower_limit=>?,
                        p_parameter_upper_limit=>?,
                        p_user_id=>?
                    );
                end;
---------------------Binding info---------------------
No.1	Access path:@balance_qurey_conds_h_id	Data type of passed value :java.lang.String	Value:52	Output:false	Database Type:null	
No.2	Access path:/session/@session_id	Data type of passed value :java.lang.Long	Value:55483	Output:false	Database Type:null	
No.3	Access path:@parameter_code	Data type of passed value :java.lang.String	Value:TEST	Output:false	Database Type:null	
No.4	Access path:@position_code	Data type of passed value :[null]	Value:null	Output:false	Database Type:null	
No.5	Access path:@control_rule_range	Data type of passed value :[null]	Value:null	Output:false	Database Type:null	
No.6	Access path:@position_code_from	Data type of passed value :[null]	Value:null	Output:false	Database Type:null	
No.7	Access path:@position_code_to	Data type of passed value :[null]	Value:null	Output:false	Database Type:null	
No.8	Access path:/session/@user_id	Data type of passed value :java.lang.Long	Value:2242	Output:false	Database Type:null	

=============== END [Insert] SQL Statement execution dump ============

2018-10-17 08:44:01.216 [aurora.database] [CONFIG] execute insert on record No.11 for model bgt.BGT3010.bgt_budget_balance_condition_l_insert
2018-10-17 08:44:01.217 [uncertain.proc] [CONFIG] [action] DecideStatement
2018-10-17 08:44:01.218 [uncertain.proc] [CONFIG] [action] DecideSqlGenerationMode
2018-10-17 08:44:01.218 [uncertain.proc] [FINE] aurora.database.service.BusinessModelService.onDecideSqlGenerationMode
2018-10-17 08:44:01.218 [uncertain.proc] [CONFIG] [action] CreateOperationSql
2018-10-17 08:44:01.218 [uncertain.proc] [CONFIG] [action] PopulateOperationSql
2018-10-17 08:44:01.218 [uncertain.proc] [FINE] aurora.database.features.OrderByClauseCreator.onPopulateOperationSql
2018-10-17 08:44:01.218 [uncertain.proc] [FINE] aurora.database.features.WhereClauseCreator.onPopulateOperationSql
2018-10-17 08:44:01.218 [uncertain.proc] [CONFIG] [action] CreateSqlRunner
2018-10-17 08:44:01.218 [uncertain.proc] [FINE] aurora.database.service.BusinessModelService.onCreateSqlRunner
2018-10-17 08:44:01.218 [uncertain.proc] [CONFIG] [action] ExecuteDmlStatement
2018-10-17 08:44:01.218 [uncertain.proc] [FINE] aurora.database.service.BusinessModelService.onExecuteDmlStatement
2018-10-17 08:44:01.218 [aurora.database] [CONFIG] 
============= BEGIN [Insert] SQL Statement execution dump ============

                begin
                    BGT_BALANCE_QUERY_PKG.INSERT_BALANCE_QUREY_CONDS_L
                    (
                        p_balance_qurey_conds_h_id=>?,
                        p_session_id=>?,
                        p_parameter=>?,
                        p_id=>null,
                        p_code=>?,
                        p_control_rule_range=>?,
                        p_parameter_lower_limit=>?,
                        p_parameter_upper_limit=>?,
                        p_user_id=>?
                    );
                end;
---------------------Binding info---------------------
No.1	Access path:@balance_qurey_conds_h_id	Data type of passed value :java.lang.String	Value:52	Output:false	Database Type:null	
No.2	Access path:/session/@session_id	Data type of passed value :java.lang.Long	Value:55483	Output:false	Database Type:null	
No.3	Access path:@parameter_code	Data type of passed value :java.lang.String	Value:PRODUCT	Output:false	Database Type:null	
No.4	Access path:@position_code	Data type of passed value :[null]	Value:null	Output:false	Database Type:null	
No.5	Access path:@control_rule_range	Data type of passed value :[null]	Value:null	Output:false	Database Type:null	
No.6	Access path:@position_code_from	Data type of passed value :[null]	Value:null	Output:false	Database Type:null	
No.7	Access path:@position_code_to	Data type of passed value :[null]	Value:null	Output:false	Database Type:null	
No.8	Access path:/session/@user_id	Data type of passed value :java.lang.Long	Value:2242	Output:false	Database Type:null	

=============== END [Insert] SQL Statement execution dump ============

2018-10-17 08:44:01.218 [aurora.database] [CONFIG] execute insert on record No.12 for model bgt.BGT3010.bgt_budget_balance_condition_l_insert
2018-10-17 08:44:01.220 [uncertain.proc] [CONFIG] [action] DecideStatement
2018-10-17 08:44:01.221 [uncertain.proc] [CONFIG] [action] DecideSqlGenerationMode
2018-10-17 08:44:01.221 [uncertain.proc] [FINE] aurora.database.service.BusinessModelService.onDecideSqlGenerationMode
2018-10-17 08:44:01.221 [uncertain.proc] [CONFIG] [action] CreateOperationSql
2018-10-17 08:44:01.221 [uncertain.proc] [CONFIG] [action] PopulateOperationSql
2018-10-17 08:44:01.221 [uncertain.proc] [FINE] aurora.database.features.OrderByClauseCreator.onPopulateOperationSql
2018-10-17 08:44:01.221 [uncertain.proc] [FINE] aurora.database.features.WhereClauseCreator.onPopulateOperationSql
2018-10-17 08:44:01.221 [uncertain.proc] [CONFIG] [action] CreateSqlRunner
2018-10-17 08:44:01.221 [uncertain.proc] [FINE] aurora.database.service.BusinessModelService.onCreateSqlRunner
2018-10-17 08:44:01.221 [uncertain.proc] [CONFIG] [action] ExecuteDmlStatement
2018-10-17 08:44:01.221 [uncertain.proc] [FINE] aurora.database.service.BusinessModelService.onExecuteDmlStatement
2018-10-17 08:44:01.222 [aurora.database] [CONFIG] 
============= BEGIN [Insert] SQL Statement execution dump ============

                begin
                    BGT_BALANCE_QUERY_PKG.INSERT_BALANCE_QUREY_CONDS_L
                    (
                        p_balance_qurey_conds_h_id=>?,
                        p_session_id=>?,
                        p_parameter=>?,
                        p_id=>null,
                        p_code=>?,
                        p_control_rule_range=>?,
                        p_parameter_lower_limit=>?,
                        p_parameter_upper_limit=>?,
                        p_user_id=>?
                    );
                end;
---------------------Binding info---------------------
No.1	Access path:@balance_qurey_conds_h_id	Data type of passed value :java.lang.String	Value:52	Output:false	Database Type:null	
No.2	Access path:/session/@session_id	Data type of passed value :java.lang.Long	Value:55483	Output:false	Database Type:null	
No.3	Access path:@parameter_code	Data type of passed value :java.lang.String	Value:SPECIAL_BUDGET	Output:false	Database Type:null	
No.4	Access path:@position_code	Data type of passed value :[null]	Value:null	Output:false	Database Type:null	
No.5	Access path:@control_rule_range	Data type of passed value :[null]	Value:null	Output:false	Database Type:null	
No.6	Access path:@position_code_from	Data type of passed value :[null]	Value:null	Output:false	Database Type:null	
No.7	Access path:@position_code_to	Data type of passed value :[null]	Value:null	Output:false	Database Type:null	
No.8	Access path:/session/@user_id	Data type of passed value :java.lang.Long	Value:2242	Output:false	Database Type:null	

=============== END [Insert] SQL Statement execution dump ============

2018-10-17 08:44:01.222 [aurora.database] [CONFIG] ============ End of batch update for /parameter
2018-10-17 08:44:01.222 [uncertain.proc] [CONFIG] [action] CreateSuccessResponse
