2018-10-21 08:26:06.988 [aurora.application.session_check] [CONFIG] Session data copied to context
2018-10-21 08:26:06.989 [aurora.application.session_check] [CONFIG] Checking BM access bgt.BGT2920.bgt_control_rule_budget_item_type_lov for operation query
2018-10-21 08:26:06.990 [aurora.application.session_check] [CONFIG] Result from aurora.bm.DefaultAccessChecker@1ae964e2 is true
2018-10-21 08:26:06.990 [uncertain.proc] [CONFIG] [action] AccessCheck
2018-10-21 08:26:06.991 [uncertain.proc] [CONFIG] [action] CheckServiceLock
2018-10-21 08:26:06.991 [uncertain.proc] [CONFIG] [action] ParseParameter
2018-10-21 08:26:06.991 [uncertain.proc] [CONFIG] [action] ValidateInput
2018-10-21 08:26:06.991 [uncertain.proc] [CONFIG] [action] InvokeService
2018-10-21 08:26:06.992 [aurora.database] [CONFIG] ===================================== prepare to run model-query bgt.BGT2920.bgt_control_rule_budget_item_type_lov==============================
2018-10-21 08:26:06.998 [uncertain.proc] [CONFIG] [action] DecideSqlGenerationMode
2018-10-21 08:26:06.998 [uncertain.proc] [FINE] aurora.database.service.BusinessModelService.onDecideSqlGenerationMode
2018-10-21 08:26:06.999 [uncertain.proc] [CONFIG] [action] CreateOperationSql
2018-10-21 08:26:06.999 [uncertain.proc] [CONFIG] [action] PopulateOperationSql
2018-10-21 08:26:06.999 [uncertain.proc] [FINE] aurora.database.features.OrderByClauseCreator.onPopulateOperationSql
2018-10-21 08:26:06.999 [uncertain.proc] [FINE] aurora.database.features.WhereClauseCreator.onPopulateOperationSql
2018-10-21 08:26:06.999 [uncertain.proc] [CONFIG] [action] ExecuteQuery
2018-10-21 08:26:06.999 [uncertain.proc] [FINE] aurora.bm.QuerySqlCreator.onExecuteQuery
2018-10-21 08:26:06.999 [uncertain.proc] [CONFIG] [action] QueryFinish
2018-10-21 08:26:06.999 [uncertain.proc] [FINE] aurora.database.features.AutoQueryCounter.onQueryFinish
2018-10-21 08:26:07.0 [uncertain.proc] [CONFIG] [action] FetchResultSet
2018-10-21 08:26:07.0 [uncertain.proc] [FINE] aurora.database.features.CacheBasedLookUpField.postFetchResultSet
2018-10-21 08:26:07.0 [aurora.database] [CONFIG] 
============= BEGIN [query] SQL Statement execution dump ============
 select * from 
    (   SELECT V.BUDGET_ITEM_TYPE_ID, V.BUDGET_ITEM_TYPE_CODE code , V.DESCRIPTION name
          FROM BGT_BUDGET_ITEM_TYPES_VL V  
         WHERE V.ENABLED_FLAG = 'Y'
      and  EXISTS
         (select t.BGT_ORG_ID
          from bgt_organizations_vl t
         WHERE T.BGT_ORG_ID = V.budget_org_id
          AND EXISTS (SELECT COM.SET_OF_BOOKS_ID
          FROM FND_COMPANIES_VL COM
         WHERE  COM.SET_OF_BOOKS_ID = T.SET_OF_BOOKS_ID
           AND  COM.COMPANY_ID = ?)) 
         ORDER BY V.BUDGET_ITEM_TYPE_CODE
        ) V
         
---------------------Binding info---------------------
No.1	Access path:/session/@company_id	Data type of passed value :java.lang.Integer	Value:2575	Output:false	Database Type:null	

=============== END [query] SQL Statement execution dump ============

2018-10-21 08:26:07.0 [uncertain.proc] [CONFIG] [action] CreateSuccessResponse
