2018-10-17 02:04:24.998 [aurora.application.session_check] [CONFIG] Session data copied to context
2018-10-17 02:04:24.998 [aurora.application.session_check] [CONFIG] Checking BM access bgt.bgt_budget_item_types for operation query
2018-10-17 02:04:25.0 [aurora.application.session_check] [CONFIG] Result from aurora.bm.DefaultAccessChecker@92f7df3 is true
2018-10-17 02:04:25.0 [uncertain.proc] [CONFIG] [action] AccessCheck
2018-10-17 02:04:25.1 [uncertain.proc] [CONFIG] [action] CheckServiceLock
2018-10-17 02:04:25.1 [uncertain.proc] [CONFIG] [action] ParseParameter
2018-10-17 02:04:25.1 [uncertain.proc] [CONFIG] [action] ValidateInput
2018-10-17 02:04:25.1 [uncertain.proc] [CONFIG] [action] InvokeService
2018-10-17 02:04:25.1 [aurora.database] [CONFIG] ===================================== prepare to run model-query bgt.bgt_budget_item_types==============================
2018-10-17 02:04:25.11 [uncertain.proc] [CONFIG] [action] DecideSqlGenerationMode
2018-10-17 02:04:25.11 [uncertain.proc] [FINE] aurora.database.service.BusinessModelService.onDecideSqlGenerationMode
2018-10-17 02:04:25.11 [uncertain.proc] [CONFIG] [action] CreatequeryStatement
2018-10-17 02:04:25.11 [uncertain.proc] [FINE] aurora.bm.QuerySqlCreator.onCreateQueryStatement
2018-10-17 02:04:25.16 [uncertain.proc] [CONFIG] [action] PopulatequeryStatement
2018-10-17 02:04:25.16 [uncertain.proc] [FINE] aurora.database.features.OrderByClauseCreator.onPopulateQueryStatement
2018-10-17 02:04:25.16 [uncertain.proc] [FINE] aurora.database.features.WhereClauseCreator.onPopulateQueryStatement
2018-10-17 02:04:25.16 [uncertain.proc] [CONFIG] [action] CreatequerySql
2018-10-17 02:04:25.16 [uncertain.proc] [FINE] aurora.bm.QuerySqlCreator.onCreateQuerySql
2018-10-17 02:04:25.16 [uncertain.proc] [CONFIG] [action] ExecuteQuery
2018-10-17 02:04:25.16 [uncertain.proc] [FINE] aurora.bm.QuerySqlCreator.onExecuteQuery
2018-10-17 02:04:25.73 [uncertain.proc] [CONFIG] [action] QueryFinish
2018-10-17 02:04:25.73 [uncertain.proc] [FINE] aurora.database.features.AutoQueryCounter.onQueryFinish
2018-10-17 02:04:25.80 [uncertain.proc] [CONFIG] [action] FetchResultSet
2018-10-17 02:04:25.80 [uncertain.proc] [FINE] aurora.database.features.CacheBasedLookUpField.postFetchResultSet
2018-10-17 02:04:25.82 [aurora.database] [CONFIG] 
============= BEGIN [query] SQL Statement execution dump ============
SELECT t1.budget_org_id,t1.budget_item_type_id,t1.budget_item_type_code,t1.description_id,t1.enabled_flag,(select DESCRIPTION_TEXT from fnd_descriptions where DESCRIPTION_ID=t1.description_id and Language=?) AS description,(select description_text from fnd_descriptions fd where fd.description_id = r1.description_id and Language = ?) AS budget_org_description,(select DESCRIPTION_TEXT from fnd_descriptions where DESCRIPTION_ID=r1.description_id and Language=?) AS bgt_org_description,r1.description_id AS r1_description_id
FROM BGT_BUDGET_ITEM_TYPES t1
	INNER JOIN BGT_ORGANIZATIONS r1 ON t1.budget_org_id = r1.bgt_org_id
WHERE  ( select bo.set_of_books_id from bgt_organizations bo       where bo.bgt_org_id=t1.budget_org_id)       =(select set_of_books_id from fnd_companies fc where fc.company_id=?)
---------------------Binding info---------------------
No.1	Access path:/session/@lang	Data type of passed value :java.lang.String	Value:ZHS	Output:false	Database Type:null	
No.2	Access path:/session/@lang	Data type of passed value :java.lang.String	Value:ZHS	Output:false	Database Type:null	
No.3	Access path:/session/@lang	Data type of passed value :java.lang.String	Value:ZHS	Output:false	Database Type:null	
No.4	Access path:/session/@company_id	Data type of passed value :java.lang.String	Value:835	Output:false	Database Type:null	

=============== END [query] SQL Statement execution dump ============

2018-10-17 02:04:25.82 [uncertain.proc] [CONFIG] [action] CreateSuccessResponse
