2018-10-18 06:51:44.285 [aurora.application.session_check] [CONFIG] Session data copied to context
2018-10-18 06:51:44.285 [aurora.application.session_check] [CONFIG] Checking BM access bgt.BGT2920.bgt_control_rule_company_lov for operation query
2018-10-18 06:51:44.286 [aurora.application.session_check] [CONFIG] Result from aurora.bm.DefaultAccessChecker@7e2a027 is true
2018-10-18 06:51:44.286 [uncertain.proc] [CONFIG] [action] AccessCheck
2018-10-18 06:51:44.288 [uncertain.proc] [CONFIG] [action] CheckServiceLock
2018-10-18 06:51:44.288 [uncertain.proc] [CONFIG] [action] ParseParameter
2018-10-18 06:51:44.288 [uncertain.proc] [CONFIG] [action] ValidateInput
2018-10-18 06:51:44.288 [uncertain.proc] [CONFIG] [action] InvokeService
2018-10-18 06:51:44.288 [aurora.database] [CONFIG] ===================================== prepare to run model-query bgt.BGT2920.bgt_control_rule_company_lov==============================
2018-10-18 06:51:44.293 [uncertain.proc] [CONFIG] [action] DecideSqlGenerationMode
2018-10-18 06:51:44.293 [uncertain.proc] [FINE] aurora.database.service.BusinessModelService.onDecideSqlGenerationMode
2018-10-18 06:51:44.293 [uncertain.proc] [CONFIG] [action] CreateOperationSql
2018-10-18 06:51:44.293 [uncertain.proc] [CONFIG] [action] PopulateOperationSql
2018-10-18 06:51:44.293 [uncertain.proc] [FINE] aurora.database.features.OrderByClauseCreator.onPopulateOperationSql
2018-10-18 06:51:44.293 [uncertain.proc] [FINE] aurora.database.features.WhereClauseCreator.onPopulateOperationSql
2018-10-18 06:51:44.293 [uncertain.proc] [CONFIG] [action] ExecuteQuery
2018-10-18 06:51:44.293 [uncertain.proc] [FINE] aurora.bm.QuerySqlCreator.onExecuteQuery
2018-10-18 06:51:44.298 [uncertain.proc] [CONFIG] [action] QueryFinish
2018-10-18 06:51:44.298 [uncertain.proc] [FINE] aurora.database.features.AutoQueryCounter.onQueryFinish
2018-10-18 06:51:44.325 [uncertain.proc] [CONFIG] [action] FetchResultSet
2018-10-18 06:51:44.325 [uncertain.proc] [FINE] aurora.database.features.CacheBasedLookUpField.postFetchResultSet
2018-10-18 06:51:44.325 [aurora.database] [CONFIG] 
============= BEGIN [query] SQL Statement execution dump ============
select * from 
    (    SELECT T.COMPANY_ID, T.COMPANY_CODE code , T.COMPANY_SHORT_NAME name
          FROM FND_COMPANIES_VL T
      WHERE EXISTS (SELECT COM.SET_OF_BOOKS_ID
          FROM FND_COMPANIES_VL COM
         WHERE  COM.SET_OF_BOOKS_ID = T.SET_OF_BOOKS_ID
           AND  COM.COMPANY_ID = ?)
         ORDER BY T.COMPANY_CODE
        ) V
          
---------------------Binding info---------------------
No.1	Access path:/session/@company_id	Data type of passed value :java.lang.Integer	Value:2555	Output:false	Database Type:null	

=============== END [query] SQL Statement execution dump ============

2018-10-18 06:51:44.325 [uncertain.proc] [CONFIG] [action] CreateSuccessResponse
