2018-10-11 01:59:01.774 [aurora.application.session_check] [CONFIG] Session data copied to context
2018-10-11 01:59:01.775 [aurora.application.session_check] [CONFIG] Checking BM access bgt.BGT2310.bgt_solution_details_parameter_combo for operation query
2018-10-11 01:59:01.776 [aurora.application.session_check] [CONFIG] Result from aurora.bm.DefaultAccessChecker@389b34ff is true
2018-10-11 01:59:01.776 [uncertain.proc] [CONFIG] [action] AccessCheck
2018-10-11 01:59:01.777 [uncertain.proc] [CONFIG] [action] CheckServiceLock
2018-10-11 01:59:01.778 [uncertain.proc] [CONFIG] [action] ParseParameter
2018-10-11 01:59:01.778 [uncertain.proc] [CONFIG] [action] ValidateInput
2018-10-11 01:59:01.778 [uncertain.proc] [CONFIG] [action] InvokeService
2018-10-11 01:59:01.778 [aurora.database] [CONFIG] ===================================== prepare to run model-query bgt.BGT2310.bgt_solution_details_parameter_combo==============================
2018-10-11 01:59:01.782 [uncertain.proc] [CONFIG] [action] DecideSqlGenerationMode
2018-10-11 01:59:01.782 [uncertain.proc] [FINE] aurora.database.service.BusinessModelService.onDecideSqlGenerationMode
2018-10-11 01:59:01.782 [uncertain.proc] [CONFIG] [action] CreateOperationSql
2018-10-11 01:59:01.782 [uncertain.proc] [CONFIG] [action] PopulateOperationSql
2018-10-11 01:59:01.782 [uncertain.proc] [FINE] aurora.database.features.OrderByClauseCreator.onPopulateOperationSql
2018-10-11 01:59:01.782 [uncertain.proc] [FINE] aurora.database.features.WhereClauseCreator.onPopulateOperationSql
2018-10-11 01:59:01.782 [uncertain.proc] [CONFIG] [action] ExecuteQuery
2018-10-11 01:59:01.782 [uncertain.proc] [FINE] aurora.bm.QuerySqlCreator.onExecuteQuery
2018-10-11 01:59:01.804 [uncertain.proc] [CONFIG] [action] QueryFinish
2018-10-11 01:59:01.804 [uncertain.proc] [FINE] aurora.database.features.AutoQueryCounter.onQueryFinish
2018-10-11 01:59:01.823 [uncertain.proc] [CONFIG] [action] FetchResultSet
2018-10-11 01:59:01.823 [uncertain.proc] [FINE] aurora.database.features.CacheBasedLookUpField.postFetchResultSet
2018-10-11 01:59:01.823 [aurora.database] [CONFIG] 
============= BEGIN [query] SQL Statement execution dump ============
          SELECT *
        FROM (SELECT F.DIMENSION_CODE AS CODE_VALUE,
            F.DESCRIPTION AS CODE_VALUE_NAME,
             'BGT_SOLUTION_PARAMETER_DIM' AS RULES_NAME
          FROM FND_DIMENSIONS_VL F
          WHERE F.SYSTEM_FLAG='N'
          UNION
           SELECT V.CODE_VALUE,
               V.CODE_VALUE_NAME,
               'BGT_SOLUTION_PARAMETER_BGT' AS RULES_NAME
            FROM SYS_CODE_VALUES_V V
           WHERE V.CODE = 'BGT_SOLUTION_PARAMETER_BGT'
           AND v.code_value_enabled_flag = 'Y'
          UNION
          SELECT V.CODE_VALUE,
               decode(v.code_value_name, '责任中心', '部门', v.code_value_name) code_value_name,
               'BGT_SOLUTION_PARAMETER_ORG' AS RULES_NAME
            FROM SYS_CODE_VALUES_V V
           WHERE V.CODE = 'BGT_SOLUTION_PARAMETER_ORG'
           AND v.code_value_enabled_flag = 'Y') T
       WHERE T.RULES_NAME= ? 
       ORDER BY CODE_VALUE
---------------------Binding info---------------------
No.1	Access path:@parameter_type	Data type of passed value :java.lang.String	Value:BGT_SOLUTION_PARAMETER_ORG	Output:false	Database Type:null	

=============== END [query] SQL Statement execution dump ============

2018-10-11 01:59:01.823 [uncertain.proc] [CONFIG] [action] CreateSuccessResponse
