2018-10-11 01:15:19.896 [aurora.application.session_check] [CONFIG] Session data copied to context
2018-10-11 01:15:19.896 [aurora.application.session_check] [CONFIG] Checking BM access bgt.BGT5120.bgt_journal_type_list for operation query
2018-10-11 01:15:19.897 [aurora.application.session_check] [CONFIG] Result from aurora.bm.DefaultAccessChecker@4832119f is true
2018-10-11 01:15:19.897 [uncertain.proc] [CONFIG] [action] AccessCheck
2018-10-11 01:15:19.898 [uncertain.proc] [CONFIG] [action] CheckServiceLock
2018-10-11 01:15:19.898 [uncertain.proc] [CONFIG] [action] ParseParameter
2018-10-11 01:15:19.898 [uncertain.proc] [CONFIG] [action] ValidateInput
2018-10-11 01:15:19.898 [uncertain.proc] [CONFIG] [action] InvokeService
2018-10-11 01:15:19.898 [aurora.database] [CONFIG] ===================================== prepare to run model-query bgt.BGT5120.bgt_journal_type_list==============================
2018-10-11 01:15:19.901 [uncertain.proc] [CONFIG] [action] DecideSqlGenerationMode
2018-10-11 01:15:19.901 [uncertain.proc] [FINE] aurora.database.service.BusinessModelService.onDecideSqlGenerationMode
2018-10-11 01:15:19.901 [uncertain.proc] [CONFIG] [action] CreateOperationSql
2018-10-11 01:15:19.901 [uncertain.proc] [CONFIG] [action] PopulateOperationSql
2018-10-11 01:15:19.901 [uncertain.proc] [FINE] aurora.database.features.OrderByClauseCreator.onPopulateOperationSql
2018-10-11 01:15:19.901 [uncertain.proc] [FINE] aurora.database.features.WhereClauseCreator.onPopulateOperationSql
2018-10-11 01:15:19.901 [uncertain.proc] [CONFIG] [action] ExecuteQuery
2018-10-11 01:15:19.901 [uncertain.proc] [FINE] aurora.bm.QuerySqlCreator.onExecuteQuery
2018-10-11 01:15:19.905 [uncertain.proc] [CONFIG] [action] QueryFinish
2018-10-11 01:15:19.905 [uncertain.proc] [FINE] aurora.database.features.AutoQueryCounter.onQueryFinish
2018-10-11 01:15:19.907 [uncertain.proc] [CONFIG] [action] FetchResultSet
2018-10-11 01:15:19.907 [uncertain.proc] [FINE] aurora.database.features.CacheBasedLookUpField.postFetchResultSet
2018-10-11 01:15:19.907 [aurora.database] [CONFIG] 
============= BEGIN [query] SQL Statement execution dump ============

				select bjt.bgt_journal_type_id,
					   bjt.bgt_journal_type_code,
					   bjt.description,
					   pv.page_name,
						(select brs.budget_structure_id
						  from bgt_budget_structures bbs, bgt_jour_t_ref_strc brs
						 where bbs.budget_structure_id = brs.budget_structure_id
						   and brs.bgt_journal_type_id = bjt.bgt_journal_type_id
						   and brs.default_flag = 'Y'
						   and bbs.enabled_flag = 'Y'
						   and exists
							 (select 1
							  from bgt_budget_structures_assigns bbsa
							 where bbsa.enabled_flag = 'Y'
							   and bbsa.budget_structure_id = bbs.budget_structure_id
							   and bbsa.company_id = ?)) default_bgt_strc_id,
						(select bbs.description
						  from bgt_budget_structures_vl bbs, bgt_jour_t_ref_strc brs
						 where bbs.budget_structure_id = brs.budget_structure_id
						   and brs.bgt_journal_type_id = bjt.bgt_journal_type_id
						   and brs.default_flag = 'Y'
						   and bbs.enabled_flag = 'Y'
						   and exists
							 (select 1
							  from bgt_budget_structures_assigns bbsa
							 where bbsa.enabled_flag = 'Y'
							   and bbsa.budget_structure_id = bbs.budget_structure_id
							   and bbsa.company_id = ?)) default_bgt_strc_desc
				  from bgt_journal_types_vl bjt,
					   bgt_jour_type_pages_v pv			
				   WHERE bjt.import_flag = 'N'       and exists        (select 1           from bgt_jour_t_ref_user_g bjg          where bjg.bgt_journal_type_id = bjt.bgt_journal_type_id            and exists (select 1             from exp_user_group_headers eh,               exp_user_group_lines   el,               exp_sob_user_groups  esug            where bjg.user_groups_code =               eh.expense_user_group_code              and esug.user_groups_code = bjg.user_groups_code              and esug.enabled_flag = 'Y'              and eh.enabled_flag = 'Y'              and el.expense_user_group_id =               eh.expense_user_group_id              and el.employee_id =               (select u.employee_id               from sys_user u              where u.user_id = ?)))         and bjt.enabled_flag = 'Y'         and bjt.document_page_type = pv.page_type         and pv.page_usage = 'CREATE'         and exists        (select 1          from bgt_jour_t_ref_com brc         where brc.bgt_journal_type_id = bjt.bgt_journal_type_id           and brc.enabled_flag = 'Y'           and brc.company_id = ?)         
				order by  bjt.bgt_journal_type_code
---------------------Binding info---------------------
No.1	Access path:/session/@company_id	Data type of passed value :java.lang.Integer	Value:835	Output:false	Database Type:null	
No.2	Access path:/session/@company_id	Data type of passed value :java.lang.Integer	Value:835	Output:false	Database Type:null	
No.3	Access path:/session/@user_id	Data type of passed value :java.lang.Long	Value:1	Output:false	Database Type:null	
No.4	Access path:/session/@company_id	Data type of passed value :java.lang.Integer	Value:835	Output:false	Database Type:null	

=============== END [query] SQL Statement execution dump ============

2018-10-11 01:15:19.907 [uncertain.proc] [CONFIG] [action] CreateSuccessResponse
