2018-10-15 06:23:01.526 [aurora.application.session_check] [CONFIG] Session data copied to context
2018-10-15 06:23:01.526 [aurora.application.session_check] [CONFIG] Checking BM access bgt.BGT6200.bgt_company_all_lov for operation query
2018-10-15 06:23:01.528 [aurora.application.session_check] [CONFIG] Result from aurora.bm.DefaultAccessChecker@1521ed1d is true
2018-10-15 06:23:01.528 [uncertain.proc] [CONFIG] [action] AccessCheck
2018-10-15 06:23:01.530 [uncertain.proc] [CONFIG] [action] CheckServiceLock
2018-10-15 06:23:01.530 [uncertain.proc] [CONFIG] [action] ParseParameter
2018-10-15 06:23:01.530 [uncertain.proc] [CONFIG] [action] ValidateInput
2018-10-15 06:23:01.530 [uncertain.proc] [CONFIG] [action] InvokeService
2018-10-15 06:23:01.530 [aurora.database] [CONFIG] ===================================== prepare to run model-query bgt.BGT6200.bgt_company_all_lov==============================
2018-10-15 06:23:01.535 [uncertain.proc] [CONFIG] [action] DecideSqlGenerationMode
2018-10-15 06:23:01.535 [uncertain.proc] [FINE] aurora.database.service.BusinessModelService.onDecideSqlGenerationMode
2018-10-15 06:23:01.535 [uncertain.proc] [CONFIG] [action] CreatequeryStatement
2018-10-15 06:23:01.535 [uncertain.proc] [FINE] aurora.bm.QuerySqlCreator.onCreateQueryStatement
2018-10-15 06:23:01.535 [uncertain.proc] [CONFIG] [action] PopulatequeryStatement
2018-10-15 06:23:01.535 [uncertain.proc] [FINE] aurora.database.features.OrderByClauseCreator.onPopulateQueryStatement
2018-10-15 06:23:01.535 [uncertain.proc] [FINE] aurora.database.features.WhereClauseCreator.onPopulateQueryStatement
2018-10-15 06:23:01.535 [uncertain.proc] [CONFIG] [action] CreatequerySql
2018-10-15 06:23:01.535 [uncertain.proc] [FINE] aurora.bm.QuerySqlCreator.onCreateQuerySql
2018-10-15 06:23:01.535 [uncertain.proc] [CONFIG] [action] ExecuteQuery
2018-10-15 06:23:01.536 [uncertain.proc] [FINE] aurora.bm.QuerySqlCreator.onExecuteQuery
2018-10-15 06:23:01.554 [uncertain.proc] [CONFIG] [action] QueryFinish
2018-10-15 06:23:01.554 [uncertain.proc] [FINE] aurora.database.features.AutoQueryCounter.onQueryFinish
2018-10-15 06:23:01.564 [uncertain.proc] [CONFIG] [action] FetchResultSet
2018-10-15 06:23:01.564 [uncertain.proc] [FINE] aurora.database.features.CacheBasedLookUpField.postFetchResultSet
2018-10-15 06:23:01.564 [aurora.database] [CONFIG] 
============= BEGIN [query] SQL Statement execution dump ============
SELECT cpy.company_id,cpy.company_code,cpy.company_level_id,cpy.company_short_name_id,(select DESCRIPTION_TEXT from fnd_descriptions where DESCRIPTION_ID=cpy.company_short_name_id and Language=?) AS company_short_name,cpy.company_code || '-' || (select description_text from fnd_descriptions fd where fd.description_id = cpy.company_short_name_id and fd.language = ?) AS company_code_name
FROM fnd_companies cpy
WHERE (cpy.end_date_active is null or sysdate between cpy.start_date_active and cpy.end_date_active)                          and (cpy.set_of_books_id = nvl(?,cpy.set_of_books_id)) AND cpy.set_of_books_id=(         select set_of_books_id from fnd_companies fcc         where fcc.company_id=?         )
ORDER BY company_code
---------------------Binding info---------------------
No.1	Access path:/session/@lang	Data type of passed value :java.lang.String	Value:ZHS	Output:false	Database Type:null	
No.2	Access path:/session/@lang	Data type of passed value :java.lang.String	Value:ZHS	Output:false	Database Type:null	
No.3	Access path:/parameter/@set_of_books_id	Data type of passed value :[null]	Value:null	Output:false	Database Type:null	
No.4	Access path:/session/@company_id	Data type of passed value :java.lang.String	Value:835	Output:false	Database Type:null	

=============== END [query] SQL Statement execution dump ============

2018-10-15 06:23:01.564 [uncertain.proc] [CONFIG] [action] CreateSuccessResponse
