2018-10-15 06:33:06.393 [aurora.application.session_check] [CONFIG] Session data copied to context
2018-10-15 06:33:06.394 [aurora.application.session_check] [CONFIG] Checking BM access cont.con_payment_schedules for operation query
2018-10-15 06:33:06.395 [aurora.application.session_check] [CONFIG] Result from aurora.bm.DefaultAccessChecker@438fe13b is true
2018-10-15 06:33:06.395 [uncertain.proc] [CONFIG] [action] AccessCheck
2018-10-15 06:33:06.397 [uncertain.proc] [CONFIG] [action] CheckServiceLock
2018-10-15 06:33:06.397 [uncertain.proc] [CONFIG] [action] ParseParameter
2018-10-15 06:33:06.397 [uncertain.proc] [CONFIG] [action] ValidateInput
2018-10-15 06:33:06.397 [uncertain.proc] [CONFIG] [action] InvokeService
2018-10-15 06:33:06.397 [aurora.database] [CONFIG] ===================================== prepare to run model-query cont.con_payment_schedules==============================
2018-10-15 06:33:06.402 [uncertain.proc] [CONFIG] [action] DecideSqlGenerationMode
2018-10-15 06:33:06.402 [uncertain.proc] [FINE] aurora.database.service.BusinessModelService.onDecideSqlGenerationMode
2018-10-15 06:33:06.402 [uncertain.proc] [CONFIG] [action] CreatequeryStatement
2018-10-15 06:33:06.402 [uncertain.proc] [FINE] aurora.bm.QuerySqlCreator.onCreateQueryStatement
2018-10-15 06:33:06.402 [uncertain.proc] [CONFIG] [action] PopulatequeryStatement
2018-10-15 06:33:06.402 [uncertain.proc] [FINE] aurora.database.features.OrderByClauseCreator.onPopulateQueryStatement
2018-10-15 06:33:06.402 [uncertain.proc] [FINE] aurora.database.features.WhereClauseCreator.onPopulateQueryStatement
2018-10-15 06:33:06.402 [uncertain.proc] [CONFIG] [action] CreatequerySql
2018-10-15 06:33:06.402 [uncertain.proc] [FINE] aurora.bm.QuerySqlCreator.onCreateQuerySql
2018-10-15 06:33:06.402 [uncertain.proc] [CONFIG] [action] ExecuteQuery
2018-10-15 06:33:06.402 [uncertain.proc] [FINE] aurora.bm.QuerySqlCreator.onExecuteQuery
2018-10-15 06:33:06.484 [uncertain.proc] [CONFIG] [action] QueryFinish
2018-10-15 06:33:06.484 [uncertain.proc] [FINE] aurora.database.features.AutoQueryCounter.onQueryFinish
2018-10-15 06:33:06.492 [uncertain.proc] [CONFIG] [action] FetchResultSet
2018-10-15 06:33:06.492 [uncertain.proc] [FINE] aurora.database.features.CacheBasedLookUpField.postFetchResultSet
2018-10-15 06:33:06.492 [aurora.database] [CONFIG] 
============= BEGIN [query] SQL Statement execution dump ============
SELECT t1.CONTRACT_HEADER_ID,t1.PAYMENT_SCHEDULE_LINE_ID,t1.PAYMENT_SCHEDULE_LINE_NUMBER,t1.EXPENSE_TYPE_ID,t1.REQ_ITEM_ID,t1.AMOUNT,t1.PAYMENT_METHOD,t1.PAYMENT_TERM_ID,(select c.description from csh_payment_terms_vl c where c.payment_term_id = t1.payment_term_id) AS payment_term,t1.PARTNER_CATEGORY,(SELECT sv.code_value_name   FROM sys_codes s, sys_code_values_vl sv  WHERE s.code_id = sv.code_id    AND s.code = 'PAYMENT_OBJECT' and sv.code_value= t1.partner_category ) AS payment_object,t1.PARTNER_ID,t1.DUE_DATE,t1.ACTUAL_DATE,t1.MEMO,t1.CURRENCY_CODE,(select g.currency_name from gld_currency_vl g where g.currency_code = t1.currency_code) AS currency_name,t1.START_DATE,(select company_id from con_contract_headers h where h.contract_header_id = t1.contract_header_id) AS company_id,(select partner_name from con_contract_headers_partner_v v where v.partner_category = t1.partner_category and v.partner_id = t1.partner_id) AS partner_name,(select nvl(sum(c.amount), 0) from con_document_flows  a, CON_INVOICE_PAYMENT_SCHEDULES c where a.document_type = 'CON_CONTRACT'  and a.source_document_type = 'CON_INVOICE_HEADERS'  and a.document_id = t1.contract_header_id and c.invoice_header_id = a.source_document_id  and c.payment_schedule_line_id = t1.payment_schedule_line_id and t1.contract_header_id = ?) AS billing_amount, (select nvl(sum(b.amount), 0)  from con_cash_trx_pmt_schedule_lns b where b.payment_schedule_line_id = t1.payment_schedule_line_id) AS payment_amount
FROM CON_PAYMENT_SCHEDULES t1
WHERE CONTRACT_HEADER_ID = ?
---------------------Binding info---------------------
No.1	Access path:@contract_header_id	Data type of passed value :java.lang.Long	Value:3	Output:false	Database Type:null	
No.2	Access path:@contract_header_id	Data type of passed value :java.lang.Long	Value:3	Output:false	Database Type:null	

=============== END [query] SQL Statement execution dump ============

2018-10-15 06:33:06.492 [uncertain.proc] [CONFIG] [action] CreateSuccessResponse
