2018-10-15 06:33:10.875 [aurora.application.session_check] [CONFIG] Session data copied to context
2018-10-15 06:33:10.875 [aurora.application.session_check] [CONFIG] Checking BM access cont.con_contract_headers_add_expense_report_tab_query for operation query
2018-10-15 06:33:10.876 [aurora.application.session_check] [CONFIG] Result from aurora.bm.DefaultAccessChecker@2a60078 is true
2018-10-15 06:33:10.876 [uncertain.proc] [CONFIG] [action] AccessCheck
2018-10-15 06:33:10.878 [uncertain.proc] [CONFIG] [action] CheckServiceLock
2018-10-15 06:33:10.878 [uncertain.proc] [CONFIG] [action] ParseParameter
2018-10-15 06:33:10.878 [uncertain.proc] [CONFIG] [action] ValidateInput
2018-10-15 06:33:10.878 [uncertain.proc] [CONFIG] [action] InvokeService
2018-10-15 06:33:10.878 [aurora.database] [CONFIG] ===================================== prepare to run model-query cont.con_contract_headers_add_expense_report_tab_query==============================
2018-10-15 06:33:10.883 [uncertain.proc] [CONFIG] [action] DecideSqlGenerationMode
2018-10-15 06:33:10.883 [uncertain.proc] [FINE] aurora.database.service.BusinessModelService.onDecideSqlGenerationMode
2018-10-15 06:33:10.883 [uncertain.proc] [CONFIG] [action] CreateOperationSql
2018-10-15 06:33:10.883 [uncertain.proc] [CONFIG] [action] PopulateOperationSql
2018-10-15 06:33:10.883 [uncertain.proc] [FINE] aurora.database.features.OrderByClauseCreator.onPopulateOperationSql
2018-10-15 06:33:10.883 [uncertain.proc] [FINE] aurora.database.features.WhereClauseCreator.onPopulateOperationSql
2018-10-15 06:33:10.883 [uncertain.proc] [CONFIG] [action] ExecuteQuery
2018-10-15 06:33:10.883 [uncertain.proc] [FINE] aurora.bm.QuerySqlCreator.onExecuteQuery
2018-10-15 06:33:10.918 [uncertain.proc] [CONFIG] [action] QueryFinish
2018-10-15 06:33:10.918 [uncertain.proc] [FINE] aurora.database.features.AutoQueryCounter.onQueryFinish
2018-10-15 06:33:10.927 [uncertain.proc] [CONFIG] [action] FetchResultSet
2018-10-15 06:33:10.928 [uncertain.proc] [FINE] aurora.database.features.CacheBasedLookUpField.postFetchResultSet
2018-10-15 06:33:10.928 [aurora.database] [CONFIG] 
============= BEGIN [query] SQL Statement execution dump ============

                SELECT *
				  FROM (SELECT s.exp_report_header_id,
				               s.exp_report_number exp_requisition_number,
				               s.employee_id,
				               (SELECT employee_code
				                  FROM exp_employees es
				                 WHERE es.employee_id = s.employee_id) employee_code,
				               (SELECT NAME
				                  FROM exp_employees es
				                 WHERE es.employee_id = s.employee_id) employee_name,
				               s.payee_category,
				               (SELECT code_value_name
				                  FROM sys_code_values_vl b, sys_codes a
				                 WHERE b.code_id = a.code_id
				                   AND a.code = 'PAYMENT_OBJECT'
				                   AND code_value = ps.payee_category) payee_category_name,
				               s.payee_id,
				               decode(ps.payee_category,
				                      'EMPLOYEE',
				                      (SELECT NAME || '-' || employee_code
				                         FROM exp_employees ee
				                        WHERE ee.employee_id = ps.payee_id),
				                      'CUSTOMER',
				                      (SELECT vc.description || '-' || vc.customer_code
				                         FROM ord_system_customers_vl vc
				                        WHERE vc.customer_id = s.payee_id),
				                      (SELECT vv.description || '-' || vv.vender_code
				                         FROM pur_system_venders_vl vv
				                        WHERE vv.vender_id = ps.payee_id)) payee_name,
				               s.currency_code,
				               s.exchange_rate_type,
				               s.exchange_rate_quotation,
				               (SELECT SUM(l.due_amount)
				                  FROM exp_report_pmt_schedules l, con_document_flows a
				                 WHERE a.document_type = 'CON_CONTRACT'
				                   AND a.source_document_type = 'EXP_REPORT_PMT_SCHEDULES'
				                   AND a.document_id = ?
				                   AND a.source_document_line_id = l.payment_schedule_line_id
				                   AND a.source_document_id = s.exp_report_header_id
				                   AND s.exp_report_header_id = l.exp_report_header_id) quarter_num,
				               (SELECT SUM(l.due_amount)
				                  FROM exp_report_pmt_schedules l, con_document_flows a
				                 WHERE a.document_type = 'CON_CONTRACT'
				                   AND a.source_document_type = 'EXP_REPORT_PMT_SCHEDULES'
				                   AND a.document_id = ?
				                   AND a.source_document_line_id = l.payment_schedule_line_id
				                   AND a.source_document_id = s.exp_report_header_id
				                   AND s.exp_report_header_id = l.exp_report_header_id) quarter_num_fun,
				               s.period_name,
				               s.je_creation_status,
				               s.gld_interface_flag,
				               s.created_by,
				               s.creation_date,
				               s.last_updated_by,
				               s.last_update_date,
				               to_char(s.report_date, 'YYYY-MM-DD') requisition_date,
				               s.exp_report_type_id exp_requisition_type_id,
				               (SELECT erpv.description
				                  FROM exp_expense_report_types_vl erpv
				                 WHERE erpv.expense_report_type_id = s.exp_report_type_id) type_description,
				               (SELECT erpv.expense_requisition_type_code
				                  FROM exp_expense_req_types_vl erpv
				                 WHERE erpv.expense_requisition_type_id =
				                       s.exp_report_type_id) type_code,
				               s.description,
				               s.report_status requisition_status_value,
				               (SELECT b.code_value_name
				                  FROM sys_codes_vl a, sys_code_values_vl b
				                 WHERE a.code_id = b.code_id
				                   AND a.code = 'EXP_EXPENSE_REPORT_STATUS'
				                   AND b.code_value = s.report_status) requisition_status,
				               (SELECT SUM(document_write_off_amount)
				                  FROM csh_write_off
				                 WHERE write_off_type = 'PAYMENT_EXPENSE_REPORT'
				                   AND document_header_id = s.exp_report_header_id
				                   AND document_line_id = ps.payment_schedule_line_id) document_write_off_amount
				          FROM exp_report_headers s, exp_report_pmt_schedules ps
				         WHERE s.exp_report_header_id = ps.exp_report_header_id
				           AND EXISTS
				         (SELECT 1
				                  FROM con_document_flows a
				                 WHERE a.document_type = 'CON_CONTRACT'
				                   AND a.source_document_type = 'EXP_REPORT_PMT_SCHEDULES'
				                   AND a.document_id = ?
				                   AND s.exp_report_header_id = a.source_document_id
				                   AND a.source_document_line_id =
				                       ps.payment_schedule_line_id))
            
---------------------Binding info---------------------
No.1	Access path:/parameter/@contract_header_id	Data type of passed value :java.lang.String	Value:3	Output:false	Database Type:null	
No.2	Access path:/parameter/@contract_header_id	Data type of passed value :java.lang.String	Value:3	Output:false	Database Type:null	
No.3	Access path:/parameter/@contract_header_id	Data type of passed value :java.lang.String	Value:3	Output:false	Database Type:null	

=============== END [query] SQL Statement execution dump ============

2018-10-15 06:33:10.928 [uncertain.proc] [CONFIG] [action] CreateSuccessResponse
