2018-10-15 03:25:42.485 [aurora.application.session_check] [CONFIG] Session data copied to context
2018-10-15 03:25:42.485 [aurora.application.session_check] [CONFIG] Checking BM access cont.con_contract_type_dists_all_query for operation query
2018-10-15 03:25:42.487 [aurora.application.session_check] [CONFIG] Result from aurora.bm.DefaultAccessChecker@4561e12c is true
2018-10-15 03:25:42.487 [uncertain.proc] [CONFIG] [action] AccessCheck
2018-10-15 03:25:42.488 [uncertain.proc] [CONFIG] [action] CheckServiceLock
2018-10-15 03:25:42.489 [uncertain.proc] [CONFIG] [action] ParseParameter
2018-10-15 03:25:42.489 [uncertain.proc] [CONFIG] [action] ValidateInput
2018-10-15 03:25:42.489 [uncertain.proc] [CONFIG] [action] InvokeService
2018-10-15 03:25:42.489 [aurora.database] [CONFIG] ===================================== prepare to run model-query cont.con_contract_type_dists_all_query==============================
2018-10-15 03:25:42.493 [uncertain.proc] [CONFIG] [action] DecideSqlGenerationMode
2018-10-15 03:25:42.493 [uncertain.proc] [FINE] aurora.database.service.BusinessModelService.onDecideSqlGenerationMode
2018-10-15 03:25:42.493 [uncertain.proc] [CONFIG] [action] CreateOperationSql
2018-10-15 03:25:42.493 [uncertain.proc] [CONFIG] [action] PopulateOperationSql
2018-10-15 03:25:42.493 [uncertain.proc] [FINE] aurora.database.features.OrderByClauseCreator.onPopulateOperationSql
2018-10-15 03:25:42.493 [uncertain.proc] [FINE] aurora.database.features.WhereClauseCreator.onPopulateOperationSql
2018-10-15 03:25:42.493 [uncertain.proc] [CONFIG] [action] ExecuteQuery
2018-10-15 03:25:42.493 [uncertain.proc] [FINE] aurora.bm.QuerySqlCreator.onExecuteQuery
2018-10-15 03:25:42.494 [uncertain.proc] [CONFIG] [action] QueryFinish
2018-10-15 03:25:42.494 [uncertain.proc] [FINE] aurora.database.features.AutoQueryCounter.onQueryFinish
2018-10-15 03:25:42.495 [uncertain.proc] [CONFIG] [action] FetchResultSet
2018-10-15 03:25:42.495 [uncertain.proc] [FINE] aurora.database.features.CacheBasedLookUpField.postFetchResultSet
2018-10-15 03:25:42.495 [aurora.database] [CONFIG] 
============= BEGIN [query] SQL Statement execution dump ============

            select t.contract_type_dist_id,
			       t.contract_type_id,
			       t.company_id,
			       t.self_approval,
			       t.enabled_flag,
			       v.contract_type_code,
			       v.description type_description,
			       v.contract_type_code||'-'||v.description code_and_description
			  from con_contract_type_dists_v t, con_contract_types_vl v
			  WHERE t.contract_type_id = v.contract_type_id AND company_id = ? AND t.enabled_flag = 'Y'
			 order by v.contract_type_code
 			
---------------------Binding info---------------------
No.1	Access path:/session/@company_id	Data type of passed value :java.lang.String	Value:2240	Output:false	Database Type:null	

=============== END [query] SQL Statement execution dump ============

2018-10-15 03:25:42.495 [uncertain.proc] [CONFIG] [action] CreateSuccessResponse
