2018-10-15 09:03:03.993 [aurora.application.session_check] [CONFIG] Session data copied to context
2018-10-15 09:03:03.993 [aurora.application.session_check] [CONFIG] Checking BM access csh.sys_fun_get_bgt_period_name for operation query
2018-10-15 09:03:03.994 [aurora.application.session_check] [CONFIG] Result from aurora.bm.DefaultAccessChecker@42af3c94 is true
2018-10-15 09:03:03.994 [uncertain.proc] [CONFIG] [action] AccessCheck
2018-10-15 09:03:03.996 [uncertain.proc] [CONFIG] [action] CheckServiceLock
2018-10-15 09:03:03.996 [uncertain.proc] [CONFIG] [action] ParseParameter
2018-10-15 09:03:03.996 [uncertain.proc] [CONFIG] [action] ValidateInput
2018-10-15 09:03:03.996 [uncertain.proc] [CONFIG] [action] InvokeService
2018-10-15 09:03:03.996 [aurora.database] [CONFIG] ===================================== prepare to run model-query csh.sys_fun_get_bgt_period_name==============================
2018-10-15 09:03:04.2 [uncertain.proc] [CONFIG] [action] DecideSqlGenerationMode
2018-10-15 09:03:04.2 [uncertain.proc] [FINE] aurora.database.service.BusinessModelService.onDecideSqlGenerationMode
2018-10-15 09:03:04.2 [uncertain.proc] [CONFIG] [action] CreateOperationSql
2018-10-15 09:03:04.2 [uncertain.proc] [CONFIG] [action] PopulateOperationSql
2018-10-15 09:03:04.2 [uncertain.proc] [FINE] aurora.database.features.OrderByClauseCreator.onPopulateOperationSql
2018-10-15 09:03:04.2 [uncertain.proc] [FINE] aurora.database.features.WhereClauseCreator.onPopulateOperationSql
2018-10-15 09:03:04.2 [uncertain.proc] [CONFIG] [action] ExecuteQuery
2018-10-15 09:03:04.2 [uncertain.proc] [FINE] aurora.bm.QuerySqlCreator.onExecuteQuery
2018-10-15 09:03:04.4 [uncertain.proc] [CONFIG] [action] QueryFinish
2018-10-15 09:03:04.4 [uncertain.proc] [FINE] aurora.database.features.AutoQueryCounter.onQueryFinish
2018-10-15 09:03:04.4 [uncertain.proc] [CONFIG] [action] FetchResultSet
2018-10-15 09:03:04.4 [uncertain.proc] [FINE] aurora.database.features.CacheBasedLookUpField.postFetchResultSet
2018-10-15 09:03:04.4 [aurora.database] [CONFIG] 
============= BEGIN [query] SQL Statement execution dump ============

                SELECT
                    v.period_name
                FROM
                    (SELECT
                        bgt_common_pkg.get_budget_period_name(?,to_date(?,'yyyy-mm-dd')) period_name
                    FROM
                        dual
                    ) v
            
---------------------Binding info---------------------
No.1	Access path:/session/@company_id	Data type of passed value :java.lang.String	Value:835	Output:false	Database Type:null	
No.2	Access path:@p_date	Data type of passed value :java.lang.String	Value:2018-10-15	Output:false	Database Type:null	

=============== END [query] SQL Statement execution dump ============

2018-10-15 09:03:04.4 [uncertain.proc] [CONFIG] [action] CreateSuccessResponse
