2018-10-17 09:19:46.200 [aurora.application.session_check] [CONFIG] Session data copied to context
2018-10-17 09:19:46.200 [aurora.application.session_check] [CONFIG] Checking BM access csh.exp_expense_type_query for operation query
2018-10-17 09:19:46.201 [aurora.application.session_check] [CONFIG] Result from aurora.bm.DefaultAccessChecker@22bb6963 is true
2018-10-17 09:19:46.201 [uncertain.proc] [CONFIG] [action] AccessCheck
2018-10-17 09:19:46.202 [uncertain.proc] [CONFIG] [action] CheckServiceLock
2018-10-17 09:19:46.203 [uncertain.proc] [CONFIG] [action] ParseParameter
2018-10-17 09:19:46.203 [uncertain.proc] [CONFIG] [action] ValidateInput
2018-10-17 09:19:46.203 [uncertain.proc] [CONFIG] [action] InvokeService
2018-10-17 09:19:46.203 [aurora.database] [CONFIG] ===================================== prepare to run model-query csh.exp_expense_type_query==============================
2018-10-17 09:19:46.208 [uncertain.proc] [CONFIG] [action] DecideSqlGenerationMode
2018-10-17 09:19:46.208 [uncertain.proc] [FINE] aurora.database.service.BusinessModelService.onDecideSqlGenerationMode
2018-10-17 09:19:46.208 [uncertain.proc] [CONFIG] [action] CreateOperationSql
2018-10-17 09:19:46.208 [uncertain.proc] [CONFIG] [action] PopulateOperationSql
2018-10-17 09:19:46.208 [uncertain.proc] [FINE] aurora.database.features.OrderByClauseCreator.onPopulateOperationSql
2018-10-17 09:19:46.208 [uncertain.proc] [FINE] aurora.database.features.WhereClauseCreator.onPopulateOperationSql
2018-10-17 09:19:46.208 [uncertain.proc] [CONFIG] [action] ExecuteQuery
2018-10-17 09:19:46.208 [uncertain.proc] [FINE] aurora.bm.QuerySqlCreator.onExecuteQuery
2018-10-17 09:19:46.210 [uncertain.proc] [CONFIG] [action] QueryFinish
2018-10-17 09:19:46.210 [uncertain.proc] [FINE] aurora.database.features.AutoQueryCounter.onQueryFinish
2018-10-17 09:19:46.211 [uncertain.proc] [CONFIG] [action] FetchResultSet
2018-10-17 09:19:46.211 [uncertain.proc] [FINE] aurora.database.features.CacheBasedLookUpField.postFetchResultSet
2018-10-17 09:19:46.211 [aurora.database] [CONFIG] 
============= BEGIN [query] SQL Statement execution dump ============
		
	         select
	                v.req_item_id,
	                v.req_item_code,
	                v.description ,
	                nvl(com.item_date_flag,'N') item_date_flag,
	                nvl(com.item_where_flag,'N') item_where_flag,
	                nvl(com.item_transport_flag,'N') item_transport_flag,
	                cux_exp_item_desc_pkg.get_req_item_desc(?,?,v.req_item_id) as req_item_desc
	                from exp_req_items_vl v ,exp_company_req_items com
	                where com.enabled_flag ='Y'
	                and  com.req_item_id = v.req_item_id 
	                and com.company_id = ?
	                and  exists (  select 1 from exp_req_item_types 
	                where req_item_id= v.req_item_id
	                and  expense_type_id= ?) 
			order by v.req_item_code
			
---------------------Binding info---------------------
No.1	Access path:/parameter/@exp_req_type_id	Data type of passed value :java.lang.String	Value:450	Output:false	Database Type:null	
No.2	Access path:type_id	Data type of passed value :[null]	Value:null	Output:false	Database Type:null	
No.3	Access path:@company_id	Data type of passed value :java.lang.Integer	Value:835	Output:false	Database Type:null	
No.4	Access path:@type_id	Data type of passed value :java.lang.Integer	Value:20721	Output:false	Database Type:null	

=============== END [query] SQL Statement execution dump ============

2018-10-17 09:19:46.211 [uncertain.proc] [CONFIG] [action] CreateSuccessResponse
