2018-10-10 08:21:54.786 [aurora.application.session_check] [CONFIG] Session data copied to context
2018-10-10 08:21:54.786 [aurora.application.session_check] [CONFIG] Checking BM access csh.currency_percision_query for operation query
2018-10-10 08:21:54.788 [aurora.application.session_check] [CONFIG] Result from aurora.bm.DefaultAccessChecker@b03690f is true
2018-10-10 08:21:54.788 [uncertain.proc] [CONFIG] [action] AccessCheck
2018-10-10 08:21:54.790 [uncertain.proc] [CONFIG] [action] CheckServiceLock
2018-10-10 08:21:54.790 [uncertain.proc] [CONFIG] [action] ParseParameter
2018-10-10 08:21:54.791 [uncertain.proc] [CONFIG] [action] ValidateInput
2018-10-10 08:21:54.791 [uncertain.proc] [CONFIG] [action] InvokeService
2018-10-10 08:21:54.791 [aurora.database] [CONFIG] ===================================== prepare to run model-query csh.currency_percision_query==============================
2018-10-10 08:21:54.801 [uncertain.proc] [CONFIG] [action] DecideSqlGenerationMode
2018-10-10 08:21:54.801 [uncertain.proc] [FINE] aurora.database.service.BusinessModelService.onDecideSqlGenerationMode
2018-10-10 08:21:54.801 [uncertain.proc] [CONFIG] [action] CreatequeryStatement
2018-10-10 08:21:54.801 [uncertain.proc] [FINE] aurora.bm.QuerySqlCreator.onCreateQueryStatement
2018-10-10 08:21:54.801 [uncertain.proc] [CONFIG] [action] PopulatequeryStatement
2018-10-10 08:21:54.801 [uncertain.proc] [FINE] aurora.database.features.OrderByClauseCreator.onPopulateQueryStatement
2018-10-10 08:21:54.801 [uncertain.proc] [FINE] aurora.database.features.WhereClauseCreator.onPopulateQueryStatement
2018-10-10 08:21:54.801 [uncertain.proc] [CONFIG] [action] CreatequerySql
2018-10-10 08:21:54.801 [uncertain.proc] [FINE] aurora.bm.QuerySqlCreator.onCreateQuerySql
2018-10-10 08:21:54.801 [uncertain.proc] [CONFIG] [action] ExecuteQuery
2018-10-10 08:21:54.801 [uncertain.proc] [FINE] aurora.bm.QuerySqlCreator.onExecuteQuery
2018-10-10 08:21:54.810 [uncertain.proc] [CONFIG] [action] QueryFinish
2018-10-10 08:21:54.810 [uncertain.proc] [FINE] aurora.database.features.AutoQueryCounter.onQueryFinish
2018-10-10 08:21:54.810 [uncertain.proc] [CONFIG] [action] FetchResultSet
2018-10-10 08:21:54.810 [uncertain.proc] [FINE] aurora.database.features.CacheBasedLookUpField.postFetchResultSet
2018-10-10 08:21:54.810 [aurora.database] [CONFIG] 
============= BEGIN [query] SQL Statement execution dump ============
SELECT t1.CURRENCY_CODE,(select gcv.precision   from gld_currency_vl gcv  where gcv.currency_code = t1.currency_code) AS percision,t1.BANK_ACCOUNT_ID
FROM CSH_BANK_ACCOUNTS_VL t1
WHERE BANK_ACCOUNT_ID = ?
ORDER BY bank_account_code
---------------------Binding info---------------------
No.1	Access path:@bank_account_id	Data type of passed value :java.lang.Double	Value:14.0	Output:false	Database Type:null	

=============== END [query] SQL Statement execution dump ============

2018-10-10 08:21:54.810 [uncertain.proc] [CONFIG] [action] CreateSuccessResponse
