2018-10-09 08:08:00.868 [aurora.application.session_check] [CONFIG] Session data copied to context
2018-10-09 08:08:00.868 [aurora.application.session_check] [CONFIG] Checking BM access csh.csh_pay_req_query_all for operation query
2018-10-09 08:08:00.870 [aurora.application.session_check] [CONFIG] Result from aurora.bm.DefaultAccessChecker@6002c093 is true
2018-10-09 08:08:00.870 [uncertain.proc] [CONFIG] [action] AccessCheck
2018-10-09 08:08:00.871 [uncertain.proc] [CONFIG] [action] CheckServiceLock
2018-10-09 08:08:00.871 [uncertain.proc] [CONFIG] [action] ParseParameter
2018-10-09 08:08:00.872 [uncertain.proc] [CONFIG] [action] ValidateInput
2018-10-09 08:08:00.872 [uncertain.proc] [CONFIG] [action] InvokeService
2018-10-09 08:08:00.872 [aurora.database] [CONFIG] ===================================== prepare to run model-query csh.csh_pay_req_query_all==============================
2018-10-09 08:08:00.877 [uncertain.proc] [CONFIG] [action] DecideSqlGenerationMode
2018-10-09 08:08:00.877 [uncertain.proc] [FINE] aurora.database.service.BusinessModelService.onDecideSqlGenerationMode
2018-10-09 08:08:00.877 [uncertain.proc] [CONFIG] [action] CreateOperationSql
2018-10-09 08:08:00.877 [uncertain.proc] [CONFIG] [action] PopulateOperationSql
2018-10-09 08:08:00.878 [uncertain.proc] [FINE] aurora.database.features.OrderByClauseCreator.onPopulateOperationSql
2018-10-09 08:08:00.878 [uncertain.proc] [FINE] aurora.database.features.WhereClauseCreator.onPopulateOperationSql
2018-10-09 08:08:00.878 [uncertain.proc] [CONFIG] [action] ExecuteQuery
2018-10-09 08:08:00.878 [uncertain.proc] [FINE] aurora.bm.QuerySqlCreator.onExecuteQuery
2018-10-09 08:08:02.63 [uncertain.proc] [CONFIG] [action] QueryFinish
2018-10-09 08:08:02.64 [uncertain.proc] [FINE] aurora.database.features.AutoQueryCounter.onQueryFinish
2018-10-09 08:08:02.230 [uncertain.proc] [CONFIG] [action] FetchResultSet
2018-10-09 08:08:02.230 [uncertain.proc] [FINE] aurora.database.features.CacheBasedLookUpField.postFetchResultSet
2018-10-09 08:08:02.230 [aurora.database] [CONFIG] 
============= BEGIN [query] SQL Statement execution dump ============

                SELECT
                    v.*,
                    ( NVL(v.paymented_amount,0) - NVL(v.write_off_amount,0)) unwrite_off_amount
                FROM
                    (SELECT
                        cprh.requisition_number,
                        (SELECT
                            cprtv.description
                        FROM
                            csh_pay_req_types_vl cprtv
                        WHERE
                            cprtv.type_id=cprh.payment_req_type_id
                        ) document_type,
                        cprh.payment_req_type_id,
                        (SELECT
                            cprt.report_name
                        FROM
                            csh_pay_req_types cprt
                        WHERE
                            cprt.type_id = cprh.payment_req_type_id
                        ) report_name,
                        (SELECT
                            sr.param_name
                        FROM
                            csh_pay_req_types cprt,
                            sys_reports sr
                        WHERE
                            cprt.report_name = sr.report_name AND
                            cprt.type_id     = cprh.payment_req_type_id AND
                            rownum           = 1
                        ) report_param_name,
                        cprh.payment_method_id,
                        (SELECT
                            cpmv.description
                        FROM
                            CSH_PAYMENT_METHODS_VL cpmv
                        WHERE
                            cpmv.payment_method_id = cprh.payment_method_id
                        ) payment_method,
                        cprh.payment_requisition_header_id,
                        cprh.employee_id,
                        (SELECT
                            ee.name
                            || '-'
                            || ee.employee_code
                        FROM
                            exp_employees ee
                        WHERE
                            ee.employee_id = cprh.employee_id
                        ) requisitor,
                        TO_CHAR(cprh.requisition_date, 'YYYY-MM-DD') requisition_date,
                        cprh.currency_code,
                        gld.currency_name,
                        cprh.amount,
                        cprh.partner_category,
                        (SELECT
                            b.code_value_name
                        FROM
                            sys_codes_vl a,
                            sys_code_values_vl b
                        WHERE
                            a.code_id    = b.code_id AND
                            a.code       = 'PAYMENT_OBJECT' AND
                            b.code_value = cprh.partner_category
                        ) p_partner_category,
                        cprh.partner_id,
                        DECODE(cprh.partner_category, 'EMPLOYEE',
                        (SELECT
                            ee.employee_code
                            || '-'
                            || ee.name
                        FROM
                            exp_employees ee
                        WHERE
                            ee.employee_id = cprh.partner_id
                        ), 'VENDER',
                        (SELECT
                            svv.vender_code
                            || '-'
                            || svv.description
                        FROM
                            pur_system_venders_vl svv
                        WHERE
                            svv.vender_id = cprh.partner_id
                        ), 'CUSTOMER',
                        (SELECT
                            scv.customer_code
                            || '-'
                            || scv.description
                        FROM
                            ord_system_customers_vl scv
                        WHERE
                            scv.customer_id = cprh.partner_id
                        )) payee_name,
                        cprh.description,
                        (SELECT
                            NVL(SUM(ef.amount),0)
                        FROM
                            csh_payment_requisition_refs ef,
                            csh_transaction_v ct,
                            csh_payment_requisition_lns cprl
                        WHERE
                            ef.payment_requisition_line_id     = cprl.payment_requisition_line_id AND
                            ef.csh_transaction_line_id         = ct.transaction_line_id AND
                            ct.posted_flag                     = 'Y' AND
                            --Add by xielj begin,只有支付成功的才显示已付金额
                            ct.pay_status_desc =  0 AND
                            --end
                            cprl.payment_requisition_header_id = cprh.payment_requisition_header_id
                        ) paymented_amount,
                        (SELECT
                            v.code_value_name
                        FROM
                            sys_code_values_vl v,
                            sys_codes_vl t
                        WHERE
                            t.code       = 'PAYMENT_REQUISITION_STATUS' AND
                            t.code_id    = v.code_id AND
                            v.code_value = cprh.status
                        ) status_des,
                        cprh.status,
                        cprh.closed_date,
                        cprh.source_type,
                        (SELECT
                            NVL(SUM(cwo.csh_write_off_amount), 0)
                        FROM
                            csh_write_off cwo,
                            csh_transaction_headers f,
                            csh_transaction_lines t
                        WHERE
                            NVL(CWO.gld_interface_flag,'N') ='P' AND
                            cwo.write_off_type              = 'PREPAYMENT_EXPENSE_REPORT' AND
                            cwo.csh_transaction_line_id     = t.transaction_line_id AND
                            f.transaction_header_id         =t.transaction_header_id AND
                            f.source_payment_header_id     IN
                            (SELECT
                                vf.transaction_header_id
                            FROM
                                csh_payment_requisition_refs cpr,
                                csh_transaction_headers vf,
                                csh_transaction_lines tf ,
                                csh_payment_requisition_lns lns,
                                csh_payment_requisition_hds hds
                            WHERE
                                cpr.csh_transaction_line_id       = tf.transaction_line_id AND
                                vf.transaction_header_id          =tf.transaction_header_id AND
                                cpr.payment_requisition_line_id   = lns.payment_requisition_line_id AND
                                lns.payment_requisition_header_id = hds.payment_requisition_header_id AND
                                hds.payment_requisition_header_id = cprh.payment_requisition_header_id
                            )
                        ) write_off_amount,
                        cprh.reversed_flag,
                        (SELECT
                            b.code_value_name
                        FROM
                            sys_codes_vl a,
                            sys_code_values_vl b
                        WHERE
                            a.code_id    = b.code_id AND
                            a.code       ='CSH_REVERSE_SELECT' AND
                            b.code_value = NVL(cprh.reversed_flag,'N')
                        ) reversed_flag_name,
                        DECODE(cprh.reversed_flag, 'R',
                        (SELECT
                            c.requisition_number
                        FROM
                            csh_payment_requisition_hds c
                        WHERE
                            c.payment_requisition_header_id = cprh.source_pmt_req_header_id
                        ), '') reversed_number
                    FROM
                        csh_payment_requisition_hds cprh,
                        gld_currency_vl gld,
                        (SELECT DISTINCT
                            t2.employee_id
                        FROM
                            exp_document_authorities a,
                            exp_employee_assigns t,
                            exp_employee_assigns t2,
                            exp_org_position p,
                            exp_org_unit u,
                            sys_user su
                        WHERE
                            su.user_id      = ? AND
                            a.document_type = '04' AND
                            (
                                a.granted_position_id IS NULL OR
                                a.granted_position_id  = t.position_id AND
                                t.enabled_flag         = 'Y' AND
                                t.company_id           = a.company_id AND
                                t.employee_id          = su.employee_id
                            )
                            AND
                            NVL(a.granted_employee_id, su.employee_id ) = su.employee_id AND
                            t2.enabled_flag                             = 'Y' AND
                            p.enabled_flag                              = 'Y' AND
                            u.enabled_flag                              = 'Y' AND
                            p.position_id                               = t2.position_id AND
                            u.unit_id                                   = p.unit_id AND
                            a.start_date                               <= sysdate AND
                            (
                                a.end_date    IS NULL OR
                                a.end_date +1 >= sysdate
                            )
                            AND
                            a.query_authority = 'Y' AND
                            t2.company_id     = a.company_id AND
                            (
                                a.org_unit_id IS NULL OR
                                a.org_unit_id  = u.unit_id
                            )
                            AND
                            (
                                a.position_id IS NULL OR
                                a.position_id  = p.position_id
                            )
                            AND
                            (
                                a.employee_id IS NULL OR
                                a.employee_id  = t2.employee_id
                            )
                        UNION
                        SELECT
                            su2.employee_id
                        FROM
                            sys_user su2
                        WHERE
                            su2.user_id = ?
                        ) x
                    WHERE
                        cprh.company_id    = ? AND
                        cprh.employee_id   = x.employee_id AND
                        cprh.currency_code =gld.currency_code(+)
                    ) v 
                ORDER BY
                    payment_requisition_header_id DESC
            
---------------------Binding info---------------------
No.1	Access path:/session/@user_id	Data type of passed value :java.lang.Long	Value:204	Output:false	Database Type:null	
No.2	Access path:/session/@user_id	Data type of passed value :java.lang.Long	Value:204	Output:false	Database Type:null	
No.3	Access path:/session/@company_id	Data type of passed value :java.lang.String	Value:835	Output:false	Database Type:null	

=============== END [query] SQL Statement execution dump ============

2018-10-09 08:08:02.230 [uncertain.proc] [CONFIG] [action] CreateSuccessResponse
