2018-10-22 09:03:58.492 [aurora.application.session_check] [CONFIG] Session data copied to context
2018-10-22 09:03:58.492 [aurora.application.session_check] [CONFIG] Checking BM access csh.csh_banks for operation query
2018-10-22 09:03:58.494 [aurora.application.session_check] [CONFIG] Result from aurora.bm.DefaultAccessChecker@246827e1 is true
2018-10-22 09:03:58.494 [uncertain.proc] [CONFIG] [action] AccessCheck
2018-10-22 09:03:58.495 [uncertain.proc] [CONFIG] [action] CheckServiceLock
2018-10-22 09:03:58.495 [uncertain.proc] [CONFIG] [action] ParseParameter
2018-10-22 09:03:58.495 [uncertain.proc] [CONFIG] [action] ValidateInput
2018-10-22 09:03:58.495 [uncertain.proc] [CONFIG] [action] InvokeService
2018-10-22 09:03:58.495 [aurora.database] [CONFIG] ===================================== prepare to run model-query csh.csh_banks==============================
2018-10-22 09:03:58.498 [uncertain.proc] [CONFIG] [action] DecideSqlGenerationMode
2018-10-22 09:03:58.498 [uncertain.proc] [FINE] aurora.database.service.BusinessModelService.onDecideSqlGenerationMode
2018-10-22 09:03:58.498 [uncertain.proc] [CONFIG] [action] CreateOperationSql
2018-10-22 09:03:58.498 [uncertain.proc] [CONFIG] [action] PopulateOperationSql
2018-10-22 09:03:58.498 [uncertain.proc] [FINE] aurora.database.features.OrderByClauseCreator.onPopulateOperationSql
2018-10-22 09:03:58.498 [uncertain.proc] [FINE] aurora.database.features.WhereClauseCreator.onPopulateOperationSql
2018-10-22 09:03:58.498 [uncertain.proc] [CONFIG] [action] ExecuteQuery
2018-10-22 09:03:58.498 [uncertain.proc] [FINE] aurora.bm.QuerySqlCreator.onExecuteQuery
2018-10-22 09:03:58.608 [uncertain.proc] [CONFIG] [action] QueryFinish
2018-10-22 09:03:58.608 [uncertain.proc] [FINE] aurora.database.features.AutoQueryCounter.onQueryFinish
2018-10-22 09:03:58.612 [uncertain.proc] [CONFIG] [action] FetchResultSet
2018-10-22 09:03:58.612 [uncertain.proc] [FINE] aurora.database.features.CacheBasedLookUpField.postFetchResultSet
2018-10-22 09:03:58.612 [aurora.database] [CONFIG] 
============= BEGIN [query] SQL Statement execution dump ============
select t.bank_code,
               t.bank_code||'-'||t.bank_name bank_code_name,
		       t.bank_name,
		       t.bank_alt_name BANK_NAME_ALT,
		       t.bank_type,
		       t.zero_amounts_allowed,
		       t.enabled_flag
  		from csh_banks_vl t
		  order by bank_code
---------------------Binding info---------------------
null
=============== END [query] SQL Statement execution dump ============

2018-10-22 09:03:58.612 [uncertain.proc] [CONFIG] [action] CreateSuccessResponse
