2018-10-10 06:11:05.322 [aurora.application.session_check] [CONFIG] Session data copied to context
2018-10-10 06:11:05.322 [aurora.application.session_check] [CONFIG] Checking BM access csh.CSH1035.csh_bank_account_auth_hct for operation query
2018-10-10 06:11:05.323 [aurora.application.session_check] [CONFIG] Result from aurora.bm.DefaultAccessChecker@74f5bea is true
2018-10-10 06:11:05.323 [uncertain.proc] [CONFIG] [action] AccessCheck
2018-10-10 06:11:05.325 [uncertain.proc] [CONFIG] [action] CheckServiceLock
2018-10-10 06:11:05.325 [uncertain.proc] [CONFIG] [action] ParseParameter
2018-10-10 06:11:05.325 [uncertain.proc] [CONFIG] [action] ValidateInput
2018-10-10 06:11:05.325 [uncertain.proc] [CONFIG] [action] InvokeService
2018-10-10 06:11:05.325 [aurora.database] [CONFIG] ===================================== prepare to run model-query csh.CSH1035.csh_bank_account_auth_hct==============================
2018-10-10 06:11:05.330 [uncertain.proc] [CONFIG] [action] DecideSqlGenerationMode
2018-10-10 06:11:05.330 [uncertain.proc] [FINE] aurora.database.service.BusinessModelService.onDecideSqlGenerationMode
2018-10-10 06:11:05.330 [uncertain.proc] [CONFIG] [action] CreateOperationSql
2018-10-10 06:11:05.330 [uncertain.proc] [CONFIG] [action] PopulateOperationSql
2018-10-10 06:11:05.330 [uncertain.proc] [FINE] aurora.database.features.OrderByClauseCreator.onPopulateOperationSql
2018-10-10 06:11:05.330 [uncertain.proc] [FINE] aurora.database.features.WhereClauseCreator.onPopulateOperationSql
2018-10-10 06:11:05.330 [uncertain.proc] [CONFIG] [action] ExecuteQuery
2018-10-10 06:11:05.330 [uncertain.proc] [FINE] aurora.bm.QuerySqlCreator.onExecuteQuery
2018-10-10 06:11:09.521 [uncertain.proc] [CONFIG] [action] QueryFinish
2018-10-10 06:11:09.521 [uncertain.proc] [FINE] aurora.database.features.AutoQueryCounter.onQueryFinish
2018-10-10 06:11:09.857 [uncertain.proc] [CONFIG] [action] FetchResultSet
2018-10-10 06:11:09.857 [uncertain.proc] [FINE] aurora.database.features.CacheBasedLookUpField.postFetchResultSet
2018-10-10 06:11:09.857 [aurora.database] [CONFIG] 
============= BEGIN [query] SQL Statement execution dump ============
	   
          select
          cba_v.bank_account_id,
          cba_v.bank_account_name,
          cba_v.bank_account_code,
          cba_v.bank_account_num,
          cba_v.bank_branch_id,   
          cbv.bank_name bank_name,
          cbv.bank_alt_name,
          cbbv.branch_name,
          cbv.bank_code,    
          cbv.bank_type,  
          cba_v.currency_code,
          gc_vl.currency_name,
          cba_v.enabled_flag,
          cba_v.cash_account_id,
          ga_v.account_code cash_account_code,
          cba_v.responsibility_center_id,
          re_vl.responsibility_center_name,
          cba_v.account_type bank_account_type,
          cba_v.vender_id,
          cp_v_v.partner_code vender_code,
          cp_v_v.partner_description vender_description,
          cba_v.customer_id,
          cp_v_c.partner_code customer_code,
          cp_v_c.partner_description customer_description,
          (csh_bank_account_auth_pkg.exist_bank_account_authorities(cba_v.bank_account_id)) ajust_flag
         from csh_bank_accounts_vl cba_v,
          GLD_ACCOUNTS_VL      ga_v,
          csh_partner_v       cp_v_c,
          csh_partner_v       cp_v_v,
          csh_bank_branches_vl cbbv,
          csh_banks_vl cbv,
          gld_currency_vl gc_vl,
          fnd_responsibility_centers_vl re_vl
         WHERE cba_v.company_id=? AND cba_v.cash_account_id = ga_v.ACCOUNT_ID(+) AND cba_v.customer_id = cp_v_c.partner_id(+) AND cp_v_c.partner_category(+) = 'CUSTOMER' AND cba_v.vender_id = cp_v_v.partner_id(+) AND cp_v_v.partner_category(+) = 'VENDER' AND cba_v.company_id=cp_v_c.company_id(+) AND cba_v.company_id=cp_v_v.company_id(+) AND cbv.bank_code = cbbv.bank_code AND cbbv.BANK_BRANCH_ID = cba_v.bank_branch_id AND gc_vl.currency_code(+) = cba_v.currency_code AND re_vl.responsibility_center_id(+) = cba_v.responsibility_center_id
        order by cbv.bank_code
        
---------------------Binding info---------------------
No.1	Access path:/session/@company_id	Data type of passed value :java.lang.Integer	Value:835	Output:false	Database Type:null	

=============== END [query] SQL Statement execution dump ============

2018-10-10 06:11:09.857 [uncertain.proc] [CONFIG] [action] CreateSuccessResponse
