2018-10-15 02:44:11.51 [aurora.application.session_check] [CONFIG] Session data copied to context
2018-10-15 02:44:11.52 [aurora.application.session_check] [CONFIG] Checking BM access csh.csh_bank_account_auth_currency_code for operation query
2018-10-15 02:44:11.53 [aurora.application.session_check] [CONFIG] Result from aurora.bm.DefaultAccessChecker@8d21c5 is true
2018-10-15 02:44:11.53 [uncertain.proc] [CONFIG] [action] AccessCheck
2018-10-15 02:44:11.54 [uncertain.proc] [CONFIG] [action] CheckServiceLock
2018-10-15 02:44:11.54 [uncertain.proc] [CONFIG] [action] ParseParameter
2018-10-15 02:44:11.54 [uncertain.proc] [CONFIG] [action] ValidateInput
2018-10-15 02:44:11.54 [uncertain.proc] [CONFIG] [action] InvokeService
2018-10-15 02:44:11.54 [aurora.database] [CONFIG] ===================================== prepare to run model-query csh.csh_bank_account_auth_currency_code==============================
2018-10-15 02:44:11.58 [uncertain.proc] [CONFIG] [action] DecideSqlGenerationMode
2018-10-15 02:44:11.58 [uncertain.proc] [FINE] aurora.database.service.BusinessModelService.onDecideSqlGenerationMode
2018-10-15 02:44:11.58 [uncertain.proc] [CONFIG] [action] CreateOperationSql
2018-10-15 02:44:11.58 [uncertain.proc] [CONFIG] [action] PopulateOperationSql
2018-10-15 02:44:11.58 [uncertain.proc] [FINE] aurora.database.features.OrderByClauseCreator.onPopulateOperationSql
2018-10-15 02:44:11.58 [uncertain.proc] [FINE] aurora.database.features.WhereClauseCreator.onPopulateOperationSql
2018-10-15 02:44:11.58 [uncertain.proc] [CONFIG] [action] ExecuteQuery
2018-10-15 02:44:11.58 [uncertain.proc] [FINE] aurora.bm.QuerySqlCreator.onExecuteQuery
2018-10-15 02:44:11.62 [uncertain.proc] [CONFIG] [action] QueryFinish
2018-10-15 02:44:11.62 [uncertain.proc] [FINE] aurora.database.features.AutoQueryCounter.onQueryFinish
2018-10-15 02:44:11.64 [uncertain.proc] [CONFIG] [action] FetchResultSet
2018-10-15 02:44:11.64 [uncertain.proc] [FINE] aurora.database.features.CacheBasedLookUpField.postFetchResultSet
2018-10-15 02:44:11.64 [aurora.database] [CONFIG] 
============= BEGIN [query] SQL Statement execution dump ============

            SELECT CV.CURRENCY_CODE, CV.CURRENCY_NAME FROM GLD_CURRENCY_VL CV
			 WHERE CV.ENABLED_FLAG = 'Y'
			 ORDER BY CV.CURRENCY_CODE
---------------------Binding info---------------------
null
=============== END [query] SQL Statement execution dump ============

2018-10-15 02:44:11.64 [uncertain.proc] [CONFIG] [action] CreateSuccessResponse
