2018-10-17 09:38:49.937 [aurora.application.session_check] [CONFIG] Session data copied to context
2018-10-17 09:38:49.938 [aurora.application.session_check] [CONFIG] Checking BM access csh.csh_prepayment_balance_query for operation query
2018-10-17 09:38:49.939 [aurora.application.session_check] [CONFIG] Result from aurora.bm.DefaultAccessChecker@72a60d2a is true
2018-10-17 09:38:49.939 [uncertain.proc] [CONFIG] [action] AccessCheck
2018-10-17 09:38:49.940 [uncertain.proc] [CONFIG] [action] CheckServiceLock
2018-10-17 09:38:49.940 [uncertain.proc] [CONFIG] [action] ParseParameter
2018-10-17 09:38:49.941 [uncertain.proc] [CONFIG] [action] ValidateInput
2018-10-17 09:38:49.941 [uncertain.proc] [CONFIG] [action] InvokeService
2018-10-17 09:38:49.941 [aurora.database] [CONFIG] ===================================== prepare to run model-query csh.csh_prepayment_balance_query==============================
2018-10-17 09:38:49.944 [uncertain.proc] [CONFIG] [action] DecideSqlGenerationMode
2018-10-17 09:38:49.944 [uncertain.proc] [FINE] aurora.database.service.BusinessModelService.onDecideSqlGenerationMode
2018-10-17 09:38:49.944 [uncertain.proc] [CONFIG] [action] CreateOperationSql
2018-10-17 09:38:49.944 [uncertain.proc] [CONFIG] [action] PopulateOperationSql
2018-10-17 09:38:49.944 [uncertain.proc] [FINE] aurora.database.features.OrderByClauseCreator.onPopulateOperationSql
2018-10-17 09:38:49.944 [uncertain.proc] [FINE] aurora.database.features.WhereClauseCreator.onPopulateOperationSql
2018-10-17 09:38:49.945 [uncertain.proc] [CONFIG] [action] ExecuteQuery
2018-10-17 09:38:49.945 [uncertain.proc] [FINE] aurora.bm.QuerySqlCreator.onExecuteQuery
2018-10-17 09:38:49.980 [uncertain.proc] [CONFIG] [action] QueryFinish
2018-10-17 09:38:49.980 [uncertain.proc] [FINE] aurora.database.features.AutoQueryCounter.onQueryFinish
2018-10-17 09:38:49.988 [uncertain.proc] [CONFIG] [action] FetchResultSet
2018-10-17 09:38:49.988 [uncertain.proc] [FINE] aurora.database.features.CacheBasedLookUpField.postFetchResultSet
2018-10-17 09:38:49.988 [aurora.database] [CONFIG] 
============= BEGIN [query] SQL Statement execution dump ============

            	select v.partner_category,
				       v.partner_category_name,
				       v.partner_id,
				       v.partner_code,
				       v.partner_name,
				       v.currency_code,
				       v.currency_name,
				       v.openning_balance,
				       v.period_prepayment_amount,
				       v.period_write_off_amount,
				       v.closing_balance,
				       v.employee_id,
				       v.employee_code,
				       v.employee_name,
				       v.company_id,
				       v.company_name
				  from (select  t.session_id,
				  				t.company_id,
				  				(
				  					 select fc.company_short_name from fnd_companies_vl fc 
				  					 where fc.company_id = t.company_id
				  				) company_name,
				  				t.partner_category,
				                (select cv.code_value_name
				                   from sys_code_values_v cv
				                  where cv.code_value = t.partner_category
				                    and cv.code = 'PAYMENT_OBJECT') partner_category_name,
				                t.partner_id,
				                decode(t.partner_category,
				                       'EMPLOYEE',
				                       (select e.employee_code
				                          from exp_employees e
				                         where e.employee_id = t.partner_id),
				                       'CUSTOMER',
				                       (select c.customer_code
				                          from ord_system_customers c
				                         where c.customer_id = t.partner_id),
				                       'VENDER',
				                       (select psv.vender_code
				                          from pur_system_venders psv
				                         where psv.vender_id = t.partner_id)) partner_code,
				                decode(t.partner_category,
				                       'EMPLOYEE',
				                       (select e.name
				                          from exp_employees e
				                         where e.employee_id = t.partner_id),
				                       'CUSTOMER',
				                       (select cv.description
				                          from ord_system_customers_vl cv
				                         where cv.customer_id = t.partner_id),
				                       'VENDER',
				                       (select psvv.description
				                          from pur_system_venders_vl psvv
				                         where psvv.vender_id = t.partner_id)) partner_name,
				                t.currency_code,
				                gld.currency_name,
				                t.openning_balance,
				                t.period_prepayment_amount,
				                t.period_write_off_amount,
				                t.closing_balance,
				                t.employee_id,
				                (
				                	select ee.employee_code
									from exp_employees ee
									where ee.employee_id = t.employee_id
				                ) employee_code,
				                (
				                	select ee.name
									from exp_employees ee
									where ee.employee_id = t.employee_id
				                ) employee_name
				          from csh_prepayment_balance_tmp t,gld_currency_vl gld where gld.currency_code(+) = t.currency_code) v
				  WHERE v.session_id = ?
				 order by v.partner_category, v.partner_id, v.currency_code
		 	
---------------------Binding info---------------------
No.1	Access path:/session/@session_id	Data type of passed value :java.lang.Long	Value:55498	Output:false	Database Type:null	

=============== END [query] SQL Statement execution dump ============

2018-10-17 09:38:49.988 [uncertain.proc] [CONFIG] [action] CreateSuccessResponse
