2018-10-19 08:07:01.743 [aurora.application.session_check] [CONFIG] Session data copied to context
2018-10-19 08:07:01.743 [aurora.application.session_check] [CONFIG] Checking BM access csh.CSH1035.csh_bank_account_auth_detail_hct for operation query
2018-10-19 08:07:01.744 [aurora.application.session_check] [CONFIG] Result from aurora.bm.DefaultAccessChecker@604f5fd8 is true
2018-10-19 08:07:01.744 [uncertain.proc] [CONFIG] [action] AccessCheck
2018-10-19 08:07:01.745 [uncertain.proc] [CONFIG] [action] CheckServiceLock
2018-10-19 08:07:01.745 [uncertain.proc] [CONFIG] [action] ParseParameter
2018-10-19 08:07:01.745 [uncertain.proc] [CONFIG] [action] ValidateInput
2018-10-19 08:07:01.746 [uncertain.proc] [CONFIG] [action] InvokeService
2018-10-19 08:07:01.746 [aurora.database] [CONFIG] ===================================== prepare to run model-query csh.CSH1035.csh_bank_account_auth_detail_hct==============================
2018-10-19 08:07:01.749 [uncertain.proc] [CONFIG] [action] DecideSqlGenerationMode
2018-10-19 08:07:01.749 [uncertain.proc] [FINE] aurora.database.service.BusinessModelService.onDecideSqlGenerationMode
2018-10-19 08:07:01.749 [uncertain.proc] [CONFIG] [action] CreateOperationSql
2018-10-19 08:07:01.749 [uncertain.proc] [CONFIG] [action] PopulateOperationSql
2018-10-19 08:07:01.749 [uncertain.proc] [FINE] aurora.database.features.OrderByClauseCreator.onPopulateOperationSql
2018-10-19 08:07:01.749 [uncertain.proc] [FINE] aurora.database.features.WhereClauseCreator.onPopulateOperationSql
2018-10-19 08:07:01.749 [uncertain.proc] [CONFIG] [action] ExecuteQuery
2018-10-19 08:07:01.749 [uncertain.proc] [FINE] aurora.bm.QuerySqlCreator.onExecuteQuery
2018-10-19 08:07:01.750 [uncertain.proc] [CONFIG] [action] QueryFinish
2018-10-19 08:07:01.750 [uncertain.proc] [FINE] aurora.database.features.AutoQueryCounter.onQueryFinish
2018-10-19 08:07:01.750 [uncertain.proc] [CONFIG] [action] FetchResultSet
2018-10-19 08:07:01.750 [uncertain.proc] [FINE] aurora.database.features.CacheBasedLookUpField.postFetchResultSet
2018-10-19 08:07:01.750 [aurora.database] [CONFIG] 
============= BEGIN [query] SQL Statement execution dump ============
          
           
   select cpy.company_id,
       cpy.company_code,
       cpy.company_short_name company_name,
       pos.position_id,
       pos.position_code,
       pos.description position_name,      
       t.bank_auth_id,
       t.enabled_flag,
       t.bank_account_id,
       t.authorize_date_from authorize_date_from,
       t.authorize_date_to authorize_date_to,
       (csh_bank_account_auth_pkg.bank_account_isenabled(t.bank_account_id)) isenabled
  from csh_bank_account_auth   t,
       fnd_companies_vl       cpy,
       exp_org_position_vl    pos
		 WHERE cpy.company_id = t.authorize_company_id AND pos.position_id = t.authorize_position_id AND t.bank_account_id like ?  order by cpy.company_code

---------------------Binding info---------------------
No.1	Access path:/parameter/@bank_account_id	Data type of passed value :java.lang.String	Value:71	Output:false	Database Type:null	

=============== END [query] SQL Statement execution dump ============

2018-10-19 08:07:01.750 [uncertain.proc] [CONFIG] [action] CreateSuccessResponse
