2018-10-10 05:58:24.817 [aurora.application.session_check] [CONFIG] Session data copied to context
2018-10-10 05:58:24.817 [aurora.application.session_check] [CONFIG] Checking BM access csh.CSH1210.csh_pmt_company_mp_conds_ducument_type for operation query
2018-10-10 05:58:24.818 [aurora.application.session_check] [CONFIG] Result from aurora.bm.DefaultAccessChecker@708d0833 is true
2018-10-10 05:58:24.818 [uncertain.proc] [CONFIG] [action] AccessCheck
2018-10-10 05:58:24.820 [uncertain.proc] [CONFIG] [action] CheckServiceLock
2018-10-10 05:58:24.820 [uncertain.proc] [CONFIG] [action] ParseParameter
2018-10-10 05:58:24.820 [uncertain.proc] [CONFIG] [action] ValidateInput
2018-10-10 05:58:24.820 [uncertain.proc] [CONFIG] [action] InvokeService
2018-10-10 05:58:24.820 [aurora.database] [CONFIG] ===================================== prepare to run model-query csh.CSH1210.csh_pmt_company_mp_conds_ducument_type==============================
2018-10-10 05:58:24.824 [uncertain.proc] [CONFIG] [action] DecideSqlGenerationMode
2018-10-10 05:58:24.824 [uncertain.proc] [FINE] aurora.database.service.BusinessModelService.onDecideSqlGenerationMode
2018-10-10 05:58:24.824 [uncertain.proc] [CONFIG] [action] CreateOperationSql
2018-10-10 05:58:24.824 [uncertain.proc] [CONFIG] [action] PopulateOperationSql
2018-10-10 05:58:24.824 [uncertain.proc] [FINE] aurora.database.features.OrderByClauseCreator.onPopulateOperationSql
2018-10-10 05:58:24.824 [uncertain.proc] [FINE] aurora.database.features.WhereClauseCreator.onPopulateOperationSql
2018-10-10 05:58:24.824 [uncertain.proc] [CONFIG] [action] ExecuteQuery
2018-10-10 05:58:24.824 [uncertain.proc] [FINE] aurora.bm.QuerySqlCreator.onExecuteQuery
2018-10-10 05:58:24.825 [uncertain.proc] [CONFIG] [action] QueryFinish
2018-10-10 05:58:24.825 [uncertain.proc] [FINE] aurora.database.features.AutoQueryCounter.onQueryFinish
2018-10-10 05:58:24.825 [uncertain.proc] [CONFIG] [action] FetchResultSet
2018-10-10 05:58:24.825 [uncertain.proc] [FINE] aurora.database.features.CacheBasedLookUpField.postFetchResultSet
2018-10-10 05:58:24.826 [aurora.database] [CONFIG] 
============= BEGIN [query] SQL Statement execution dump ============

    select code_value,code_value_name from 
     (      
    select erpv.expense_report_type_id code_value,
       erpv.description code_value_name,
       expense_report_type_code
      from exp_expense_report_types_vl erpv
     where erpv.company_id = ?
       and ? = 'EXP_REPORT'
       and erpv.enabled_flag='Y'
    union
    select cprt.type_id code_value,
         cprt.description code_value_name,
         cprt.type_code
      from csh_pay_req_types_vl cprt
     where cprt.company_id = ?
       and ? = 'PAYMENT_REQUISITION'
         and cprt.enabled_flag='Y'  
        union
        select asrt.acp_req_type_id  code_value,
           asrt.description       code_value_name,
           acp_req_type_code  
        from acp_company_acp_req_types acrt,
           acp_sys_acp_req_types_vl  asrt
        where asrt.acp_req_type_id = acrt.acp_req_type_id
          and acrt.company_id = ?
          and ? = 'ACP_REQUISITION'
          and acrt.enabled_flag='Y'  
     ) order by expense_report_type_code

---------------------Binding info---------------------
No.1	Access path:@company_id	Data type of passed value :[null]	Value:null	Output:false	Database Type:null	
No.2	Access path:@ducument_category	Data type of passed value :java.lang.String	Value:EXP_REPORT	Output:false	Database Type:null	
No.3	Access path:@company_id	Data type of passed value :[null]	Value:null	Output:false	Database Type:null	
No.4	Access path:@ducument_category	Data type of passed value :java.lang.String	Value:EXP_REPORT	Output:false	Database Type:null	
No.5	Access path:@company_id	Data type of passed value :[null]	Value:null	Output:false	Database Type:null	
No.6	Access path:@ducument_category	Data type of passed value :java.lang.String	Value:EXP_REPORT	Output:false	Database Type:null	

=============== END [query] SQL Statement execution dump ============

2018-10-10 05:58:24.826 [uncertain.proc] [CONFIG] [action] CreateSuccessResponse
