2018-10-15 02:42:25.87 [aurora.application.session_check] [CONFIG] Session data copied to context
2018-10-15 02:42:25.87 [aurora.application.session_check] [CONFIG] Checking BM access csh.CSH5010.csh_payment_requisition_req_types for operation query
2018-10-15 02:42:25.89 [aurora.application.session_check] [CONFIG] Result from aurora.bm.DefaultAccessChecker@5ec5236a is true
2018-10-15 02:42:25.89 [uncertain.proc] [CONFIG] [action] AccessCheck
2018-10-15 02:42:25.90 [uncertain.proc] [CONFIG] [action] CheckServiceLock
2018-10-15 02:42:25.90 [uncertain.proc] [CONFIG] [action] ParseParameter
2018-10-15 02:42:25.90 [uncertain.proc] [CONFIG] [action] ValidateInput
2018-10-15 02:42:25.91 [uncertain.proc] [CONFIG] [action] InvokeService
2018-10-15 02:42:25.91 [aurora.database] [CONFIG] ===================================== prepare to run model-query csh.CSH5010.csh_payment_requisition_req_types==============================
2018-10-15 02:42:25.95 [uncertain.proc] [CONFIG] [action] DecideSqlGenerationMode
2018-10-15 02:42:25.95 [uncertain.proc] [FINE] aurora.database.service.BusinessModelService.onDecideSqlGenerationMode
2018-10-15 02:42:25.95 [uncertain.proc] [CONFIG] [action] CreateOperationSql
2018-10-15 02:42:25.95 [uncertain.proc] [CONFIG] [action] PopulateOperationSql
2018-10-15 02:42:25.95 [uncertain.proc] [FINE] aurora.database.features.OrderByClauseCreator.onPopulateOperationSql
2018-10-15 02:42:25.95 [uncertain.proc] [FINE] aurora.database.features.WhereClauseCreator.onPopulateOperationSql
2018-10-15 02:42:25.95 [uncertain.proc] [CONFIG] [action] ExecuteQuery
2018-10-15 02:42:25.95 [uncertain.proc] [FINE] aurora.bm.QuerySqlCreator.onExecuteQuery
2018-10-15 02:42:25.156 [uncertain.proc] [CONFIG] [action] QueryFinish
2018-10-15 02:42:25.156 [uncertain.proc] [FINE] aurora.database.features.AutoQueryCounter.onQueryFinish
2018-10-15 02:42:25.206 [uncertain.proc] [CONFIG] [action] FetchResultSet
2018-10-15 02:42:25.206 [uncertain.proc] [FINE] aurora.database.features.CacheBasedLookUpField.postFetchResultSet
2018-10-15 02:42:25.206 [aurora.database] [CONFIG] 
============= BEGIN [query] SQL Statement execution dump ============

                SELECT
                    *
                FROM
                    (SELECT
                        pay_req_trs_class_id,
                        pay_req_type_id type_id,
                        class_code csh_transaction_class_code,
                        description,
                        enabled_flag,
                        creation_date,
                        created_by,
                        last_update_date,
                        last_updated_by,
                        (SELECT
                            c.repay_flag
                        FROM
                            csh_transaction_classes c
                        WHERE
                            c.csh_transaction_class_code = cpt.class_code
                        ) repay_flag
                    FROM
                        csh_pay_req_type_classes_vl cpt
                    WHERE
                        enabled_flag='Y'
                    ) v  WHERE type_id = ?
            
---------------------Binding info---------------------
No.1	Access path:@type_id	Data type of passed value :java.lang.Long	Value:2	Output:false	Database Type:null	

=============== END [query] SQL Statement execution dump ============

2018-10-15 02:42:25.206 [uncertain.proc] [CONFIG] [action] CreateSuccessResponse
