2018-10-17 01:45:07.814 [aurora.application.session_check] [CONFIG] Session data copied to context
2018-10-17 01:45:07.815 [aurora.application.session_check] [CONFIG] Checking BM access csh.csh_payment_requisition_typlist for operation query
2018-10-17 01:45:07.816 [aurora.application.session_check] [CONFIG] Result from aurora.bm.DefaultAccessChecker@328e071 is true
2018-10-17 01:45:07.816 [uncertain.proc] [CONFIG] [action] AccessCheck
2018-10-17 01:45:07.817 [uncertain.proc] [CONFIG] [action] CheckServiceLock
2018-10-17 01:45:07.817 [uncertain.proc] [CONFIG] [action] ParseParameter
2018-10-17 01:45:07.817 [uncertain.proc] [CONFIG] [action] ValidateInput
2018-10-17 01:45:07.817 [uncertain.proc] [CONFIG] [action] InvokeService
2018-10-17 01:45:07.817 [aurora.database] [CONFIG] ===================================== prepare to run model-query csh.csh_payment_requisition_typlist==============================
2018-10-17 01:45:07.820 [uncertain.proc] [CONFIG] [action] DecideSqlGenerationMode
2018-10-17 01:45:07.820 [uncertain.proc] [FINE] aurora.database.service.BusinessModelService.onDecideSqlGenerationMode
2018-10-17 01:45:07.820 [uncertain.proc] [CONFIG] [action] CreateOperationSql
2018-10-17 01:45:07.820 [uncertain.proc] [CONFIG] [action] PopulateOperationSql
2018-10-17 01:45:07.820 [uncertain.proc] [FINE] aurora.database.features.OrderByClauseCreator.onPopulateOperationSql
2018-10-17 01:45:07.820 [uncertain.proc] [FINE] aurora.database.features.WhereClauseCreator.onPopulateOperationSql
2018-10-17 01:45:07.820 [uncertain.proc] [CONFIG] [action] ExecuteQuery
2018-10-17 01:45:07.820 [uncertain.proc] [FINE] aurora.bm.QuerySqlCreator.onExecuteQuery
2018-10-17 01:45:08.106 [uncertain.proc] [CONFIG] [action] QueryFinish
2018-10-17 01:45:08.106 [uncertain.proc] [FINE] aurora.database.features.AutoQueryCounter.onQueryFinish
2018-10-17 01:45:08.237 [uncertain.proc] [CONFIG] [action] FetchResultSet
2018-10-17 01:45:08.237 [uncertain.proc] [FINE] aurora.database.features.CacheBasedLookUpField.postFetchResultSet
2018-10-17 01:45:08.237 [aurora.database] [CONFIG] 
============= BEGIN [query] SQL Statement execution dump ============

                SELECT
                    *
                FROM
                    (SELECT
                        *
                    FROM
                        (SELECT
                            v.description,
                            v.type_id,
                            v.payment_method,
                            cpmv.payment_method_id,
                            v.currency_code,
                            v.type_code,
                            gc.currency_name
                        FROM
                            csh_pay_req_types_vl v,
                            csh_payment_methods_vl cpmv,
                            gld_currency_vl gc
                        WHERE
                            EXISTS
                            (SELECT
                                *
                            FROM
                                csh_pay_ref_user_groups cpr
                            WHERE
                                cpr.type_id = v.type_id AND
                                EXISTS
                                (SELECT
                                    1
                                FROM
                                    exp_user_group_lines el
                                WHERE
                                    el.expense_user_group_id = cpr.expense_user_group_id AND
                                    el.employee_id           = ?
                                )
                            ) AND
                            v.company_id     = ? AND
                            gc.CURRENCY_CODE = v.currency_code AND
                            v.enabled_flag   = 'Y' AND
                            v.payment_method = cpmv.description(+) AND
                            exp_document_authorities_pkg.exist_exp_doc_authorities('04',
                            (SELECT employee_id FROM sys_user WHERE user_id = ?
                            ), ?, 'MAINTENANCE', ?, v.type_id) = 'Y'
                        )
                    ) v 
            
---------------------Binding info---------------------
No.1	Access path:@employee_id	Data type of passed value :java.lang.String	Value:2271	Output:false	Database Type:null	
No.2	Access path:/session/@company_id	Data type of passed value :java.lang.String	Value:835	Output:false	Database Type:null	
No.3	Access path:/session/@user_id	Data type of passed value :java.lang.Long	Value:2242	Output:false	Database Type:null	
No.4	Access path:@employee_id	Data type of passed value :java.lang.String	Value:2271	Output:false	Database Type:null	
No.5	Access path:/session/@user_id	Data type of passed value :java.lang.Long	Value:2242	Output:false	Database Type:null	

=============== END [query] SQL Statement execution dump ============

2018-10-17 01:45:08.238 [uncertain.proc] [CONFIG] [action] CreateSuccessResponse
