2018-10-17 01:49:19.407 [aurora.application.session_check] [CONFIG] Session data copied to context
2018-10-17 01:49:19.407 [aurora.application.session_check] [CONFIG] Checking BM access csh.CSH1051.csh_com_transaction_classes for operation query
2018-10-17 01:49:19.408 [aurora.application.session_check] [CONFIG] Result from aurora.bm.DefaultAccessChecker@d2649f8 is true
2018-10-17 01:49:19.408 [uncertain.proc] [CONFIG] [action] AccessCheck
2018-10-17 01:49:19.410 [uncertain.proc] [CONFIG] [action] CheckServiceLock
2018-10-17 01:49:19.410 [uncertain.proc] [CONFIG] [action] ParseParameter
2018-10-17 01:49:19.410 [uncertain.proc] [CONFIG] [action] ValidateInput
2018-10-17 01:49:19.410 [uncertain.proc] [CONFIG] [action] InvokeService
2018-10-17 01:49:19.410 [aurora.database] [CONFIG] ===================================== prepare to run model-query csh.CSH1051.csh_com_transaction_classes==============================
2018-10-17 01:49:19.414 [uncertain.proc] [CONFIG] [action] DecideSqlGenerationMode
2018-10-17 01:49:19.414 [uncertain.proc] [FINE] aurora.database.service.BusinessModelService.onDecideSqlGenerationMode
2018-10-17 01:49:19.414 [uncertain.proc] [CONFIG] [action] CreateOperationSql
2018-10-17 01:49:19.414 [uncertain.proc] [CONFIG] [action] PopulateOperationSql
2018-10-17 01:49:19.414 [uncertain.proc] [FINE] aurora.database.features.OrderByClauseCreator.onPopulateOperationSql
2018-10-17 01:49:19.414 [uncertain.proc] [FINE] aurora.database.features.WhereClauseCreator.onPopulateOperationSql
2018-10-17 01:49:19.414 [uncertain.proc] [CONFIG] [action] ExecuteQuery
2018-10-17 01:49:19.414 [uncertain.proc] [FINE] aurora.bm.QuerySqlCreator.onExecuteQuery
2018-10-17 01:49:19.420 [uncertain.proc] [CONFIG] [action] QueryFinish
2018-10-17 01:49:19.420 [uncertain.proc] [FINE] aurora.database.features.AutoQueryCounter.onQueryFinish
2018-10-17 01:49:19.447 [uncertain.proc] [CONFIG] [action] FetchResultSet
2018-10-17 01:49:19.447 [uncertain.proc] [FINE] aurora.database.features.CacheBasedLookUpField.postFetchResultSet
2018-10-17 01:49:19.447 [aurora.database] [CONFIG] 
============= BEGIN [query] SQL Statement execution dump ============

                SELECT
                    cc.company_id,
                    scv.code_value_name,
                    cc.csh_transaction_class_code,
                    fc.company_code,
                    fc.company_short_name,
                    ct.description,
                    ct.enabled_write_off_flag,
                    cc.enabled_flag
                FROM
                    csh_company_trn_classes cc,
                    fnd_companies_vl fc,
                    csh_transaction_classes_vl ct,
                    sys_codes sc,
                    sys_code_values_vl scv
                WHERE
                    cc.company_id                 = fc.company_id AND
                    cc.csh_transaction_class_code = ct.csh_transaction_class_code AND
                    cc.csh_transaction_class_code = ? AND
                    ct.csh_transaction_type_code  = scv.code_value AND
                    sc.code_id                    = scv.code_id AND
                    sc.code                       = 'CSH_TRANSACTION_TYPE' 
                ORDER BY
                    fc.company_code
            
---------------------Binding info---------------------
No.1	Access path:/parameter/@csh_transaction_class_code	Data type of passed value :java.lang.String	Value:XJSW001	Output:false	Database Type:null	

=============== END [query] SQL Statement execution dump ============

2018-10-17 01:49:19.447 [uncertain.proc] [CONFIG] [action] CreateSuccessResponse
