2018-10-17 01:52:40.481 [aurora.application.session_check] [CONFIG] Session data copied to context
2018-10-17 01:52:40.481 [aurora.application.session_check] [CONFIG] Checking BM access csh.csh_company_trn_classes_vl for operation query
2018-10-17 01:52:40.482 [aurora.application.session_check] [CONFIG] Result from aurora.bm.DefaultAccessChecker@2d2c0973 is true
2018-10-17 01:52:40.482 [uncertain.proc] [CONFIG] [action] AccessCheck
2018-10-17 01:52:40.484 [uncertain.proc] [CONFIG] [action] CheckServiceLock
2018-10-17 01:52:40.484 [uncertain.proc] [CONFIG] [action] ParseParameter
2018-10-17 01:52:40.484 [uncertain.proc] [CONFIG] [action] ValidateInput
2018-10-17 01:52:40.484 [uncertain.proc] [CONFIG] [action] InvokeService
2018-10-17 01:52:40.484 [aurora.database] [CONFIG] ===================================== prepare to run model-query csh.csh_company_trn_classes_vl==============================
2018-10-17 01:52:40.489 [uncertain.proc] [CONFIG] [action] DecideSqlGenerationMode
2018-10-17 01:52:40.489 [uncertain.proc] [FINE] aurora.database.service.BusinessModelService.onDecideSqlGenerationMode
2018-10-17 01:52:40.489 [uncertain.proc] [CONFIG] [action] CreatequeryStatement
2018-10-17 01:52:40.489 [uncertain.proc] [FINE] aurora.bm.QuerySqlCreator.onCreateQueryStatement
2018-10-17 01:52:40.489 [uncertain.proc] [CONFIG] [action] PopulatequeryStatement
2018-10-17 01:52:40.489 [uncertain.proc] [FINE] aurora.database.features.OrderByClauseCreator.onPopulateQueryStatement
2018-10-17 01:52:40.489 [uncertain.proc] [FINE] aurora.database.features.WhereClauseCreator.onPopulateQueryStatement
2018-10-17 01:52:40.489 [uncertain.proc] [CONFIG] [action] CreatequerySql
2018-10-17 01:52:40.489 [uncertain.proc] [FINE] aurora.bm.QuerySqlCreator.onCreateQuerySql
2018-10-17 01:52:40.490 [uncertain.proc] [CONFIG] [action] ExecuteQuery
2018-10-17 01:52:40.490 [uncertain.proc] [FINE] aurora.bm.QuerySqlCreator.onExecuteQuery
2018-10-17 01:52:40.520 [uncertain.proc] [CONFIG] [action] QueryFinish
2018-10-17 01:52:40.521 [uncertain.proc] [FINE] aurora.database.features.AutoQueryCounter.onQueryFinish
2018-10-17 01:52:40.526 [uncertain.proc] [CONFIG] [action] FetchResultSet
2018-10-17 01:52:40.527 [uncertain.proc] [FINE] aurora.database.features.CacheBasedLookUpField.postFetchResultSet
2018-10-17 01:52:40.527 [aurora.database] [CONFIG] 
============= BEGIN [query] SQL Statement execution dump ============
SELECT t1.CSH_TRANSACTION_TYPE_CODE,t1.CSH_TRANSACTION_CLASS_CODE,t1.COMPANY_ID,t1.ENABLED_FLAG,t1.DESCRIPTION,t1.ENABLED_WRITE_OFF_FLAG,t1.SOB_ENABLED_FLAG
FROM CSH_COMPANY_TRN_CLASSES_VL t1
WHERE t1.company_id=? AND CSH_TRANSACTION_TYPE_CODE = ? AND ENABLED_FLAG = ?
ORDER BY csh_transaction_class_code
---------------------Binding info---------------------
No.1	Access path:/session/@company_id	Data type of passed value :java.lang.Integer	Value:835	Output:false	Database Type:null	
No.2	Access path:@csh_transaction_type_code	Data type of passed value :java.lang.String	Value:PREPAYMENT	Output:false	Database Type:null	
No.3	Access path:@enabled_flag	Data type of passed value :java.lang.String	Value:Y	Output:false	Database Type:null	

=============== END [query] SQL Statement execution dump ============

2018-10-17 01:52:40.527 [uncertain.proc] [CONFIG] [action] CreateSuccessResponse
