2018-10-22 10:46:06.19 [aurora.application.session_check] [CONFIG] Session data copied to context
2018-10-22 10:46:06.19 [aurora.application.session_check] [CONFIG] Checking BM access csh.csh_pay_req_emp_lov_ext1 for operation query
2018-10-22 10:46:06.20 [aurora.application.session_check] [CONFIG] Result from aurora.bm.DefaultAccessChecker@750df897 is true
2018-10-22 10:46:06.20 [uncertain.proc] [CONFIG] [action] AccessCheck
2018-10-22 10:46:06.21 [uncertain.proc] [CONFIG] [action] CheckServiceLock
2018-10-22 10:46:06.21 [uncertain.proc] [CONFIG] [action] ParseParameter
2018-10-22 10:46:06.21 [uncertain.proc] [CONFIG] [action] ValidateInput
2018-10-22 10:46:06.21 [uncertain.proc] [CONFIG] [action] InvokeService
2018-10-22 10:46:06.21 [aurora.database] [CONFIG] ===================================== prepare to run model-query csh.csh_pay_req_emp_lov_ext1==============================
2018-10-22 10:46:06.24 [uncertain.proc] [CONFIG] [action] DecideSqlGenerationMode
2018-10-22 10:46:06.24 [uncertain.proc] [FINE] aurora.database.service.BusinessModelService.onDecideSqlGenerationMode
2018-10-22 10:46:06.24 [uncertain.proc] [CONFIG] [action] CreateOperationSql
2018-10-22 10:46:06.24 [uncertain.proc] [CONFIG] [action] PopulateOperationSql
2018-10-22 10:46:06.24 [uncertain.proc] [FINE] aurora.database.features.OrderByClauseCreator.onPopulateOperationSql
2018-10-22 10:46:06.24 [uncertain.proc] [FINE] aurora.database.features.WhereClauseCreator.onPopulateOperationSql
2018-10-22 10:46:06.24 [uncertain.proc] [CONFIG] [action] ExecuteQuery
2018-10-22 10:46:06.24 [uncertain.proc] [FINE] aurora.bm.QuerySqlCreator.onExecuteQuery
2018-10-22 10:46:06.229 [uncertain.proc] [CONFIG] [action] QueryFinish
2018-10-22 10:46:06.229 [uncertain.proc] [FINE] aurora.database.features.AutoQueryCounter.onQueryFinish
2018-10-22 10:46:06.314 [uncertain.proc] [CONFIG] [action] FetchResultSet
2018-10-22 10:46:06.314 [uncertain.proc] [FINE] aurora.database.features.CacheBasedLookUpField.postFetchResultSet
2018-10-22 10:46:06.314 [aurora.database] [CONFIG] 
============= BEGIN [query] SQL Statement execution dump ============

                SELECT
                    v.*,
                    (SUBSTR(v.account_number, 0, 4)
                    || '***'
                    || SUBSTR(v.account_number, -4, 4)) AS account_number_ext
                FROM
                    (SELECT DISTINCT
                        s.employee_id id,
                        emp.employee_code
                        || ' - '
                        || emp.name partner_code,
                        emp.employee_code employee_code1,
                        emp.name,
                        emp.name description,
                        (SELECT
                            eea.account_number
                        FROM
                            exp_employee_accounts eea
                        WHERE
                            emp.employee_id  = eea.employee_id AND
                            eea.primary_flag = 'Y' AND
                            eea.enabled_flag = 'Y'
                        ) account_number,
                        (SELECT
                            eea.account_name
                        FROM
                            exp_employee_accounts eea
                        WHERE
                            emp.employee_id  = eea.employee_id AND
                            eea.primary_flag = 'Y' AND
                            eea.enabled_flag = 'Y'
                        ) account_name,
                        (SELECT
                            eea.bank_code
                        FROM
                            exp_employee_accounts eea
                        WHERE
                            emp.employee_id  = eea.employee_id AND
                            eea.primary_flag = 'Y' AND
                            eea.enabled_flag = 'Y'
                        ) bank_code,
                        (SELECT
                            eea.bank_name
                        FROM
                            exp_employee_accounts eea
                        WHERE
                            emp.employee_id  = eea.employee_id AND
                            eea.primary_flag = 'Y' AND
                            eea.enabled_flag = 'Y'
                        ) bank_name,
                        (SELECT
                            eea.bank_location_code
                        FROM
                            exp_employee_accounts eea
                        WHERE
                            emp.employee_id  = eea.employee_id AND
                            eea.primary_flag = 'Y' AND
                            eea.enabled_flag = 'Y'
                        ) bank_location_code,
                        (SELECT
                            eea.bank_location
                        FROM
                            exp_employee_accounts eea
                        WHERE
                            emp.employee_id  = eea.employee_id AND
                            eea.primary_flag = 'Y' AND
                            eea.enabled_flag = 'Y'
                        ) bank_location_name,
                        (SELECT
                            eea.province_code
                        FROM
                            exp_employee_accounts eea
                        WHERE
                            emp.employee_id  = eea.employee_id AND
                            eea.primary_flag = 'Y' AND
                            eea.enabled_flag = 'Y'
                        ) province_code,
                        (SELECT
                            eea.province_name
                        FROM
                            exp_employee_accounts eea
                        WHERE
                            emp.employee_id  = eea.employee_id AND
                            eea.primary_flag = 'Y' AND
                            eea.enabled_flag = 'Y'
                        ) province_name,
                        (SELECT
                            eea.city_code
                        FROM
                            exp_employee_accounts eea
                        WHERE
                            emp.employee_id  = eea.employee_id AND
                            eea.primary_flag = 'Y' AND
                            eea.enabled_flag = 'Y'
                        ) city_code,
                        (SELECT
                            eea.city_name
                        FROM
                            exp_employee_accounts eea
                        WHERE
                            emp.employee_id  = eea.employee_id AND
                            eea.primary_flag = 'Y' AND
                            eea.enabled_flag = 'Y'
                        ) city_name,
                        emp.bank_of_deposit bank_branch_code,
                        emp.bank_account bank_account_code,
                        s.position_id,
                        (SELECT
                            unit_id
                        FROM
                            exp_org_position_vl v
                        WHERE
                            v.position_id = s.position_id
                        ) unit_id,
                        (SELECT
                            description
                        FROM
                            exp_org_unit_vl v
                        WHERE
                            v.UNIT_ID =
                            (SELECT
                                unit_id
                            FROM
                                exp_org_position_vl v
                            WHERE
                                v.position_id = s.position_id
                            )
                        ) unit_name
                    FROM
                        exp_employee_assigns s,
                        exp_employees emp
                    WHERE
                        s.employee_id          = emp.employee_id AND
                        s.employees_assign_id IN
                        (SELECT
                            MIN(a.employees_assign_id)
                        FROM
                            exp_employee_assigns a
                        WHERE
                            a.enabled_flag          = 'Y' AND
                            a.primary_position_flag = 'Y'
                        GROUP BY
                            a.employee_id
                        )
                    ) v  WHERE 1 = 1
                ORDER BY
                    v.employee_code1
            
---------------------Binding info---------------------
null
=============== END [query] SQL Statement execution dump ============

2018-10-22 10:46:06.315 [uncertain.proc] [CONFIG] [action] CreateSuccessResponse
