2018-10-19 08:07:18.917 [aurora.application.session_check] [CONFIG] Session data copied to context
2018-10-19 08:07:18.917 [aurora.application.session_check] [CONFIG] Checking BM access csh.CSH1035.csh_bank_account_auth_detail_position_lov for operation query
2018-10-19 08:07:18.918 [aurora.application.session_check] [CONFIG] Result from aurora.bm.DefaultAccessChecker@4059238f is true
2018-10-19 08:07:18.918 [uncertain.proc] [CONFIG] [action] AccessCheck
2018-10-19 08:07:18.919 [uncertain.proc] [CONFIG] [action] CheckServiceLock
2018-10-19 08:07:18.919 [uncertain.proc] [CONFIG] [action] ParseParameter
2018-10-19 08:07:18.919 [uncertain.proc] [CONFIG] [action] ValidateInput
2018-10-19 08:07:18.919 [uncertain.proc] [CONFIG] [action] InvokeService
2018-10-19 08:07:18.919 [aurora.database] [CONFIG] ===================================== prepare to run model-query csh.CSH1035.csh_bank_account_auth_detail_position_lov==============================
2018-10-19 08:07:18.923 [uncertain.proc] [CONFIG] [action] DecideSqlGenerationMode
2018-10-19 08:07:18.923 [uncertain.proc] [FINE] aurora.database.service.BusinessModelService.onDecideSqlGenerationMode
2018-10-19 08:07:18.923 [uncertain.proc] [CONFIG] [action] CreateOperationSql
2018-10-19 08:07:18.923 [uncertain.proc] [CONFIG] [action] PopulateOperationSql
2018-10-19 08:07:18.923 [uncertain.proc] [FINE] aurora.database.features.OrderByClauseCreator.onPopulateOperationSql
2018-10-19 08:07:18.923 [uncertain.proc] [FINE] aurora.database.features.WhereClauseCreator.onPopulateOperationSql
2018-10-19 08:07:18.923 [uncertain.proc] [CONFIG] [action] ExecuteQuery
2018-10-19 08:07:18.923 [uncertain.proc] [FINE] aurora.bm.QuerySqlCreator.onExecuteQuery
2018-10-19 08:07:18.929 [uncertain.proc] [CONFIG] [action] QueryFinish
2018-10-19 08:07:18.929 [uncertain.proc] [FINE] aurora.database.features.AutoQueryCounter.onQueryFinish
2018-10-19 08:07:18.933 [uncertain.proc] [CONFIG] [action] FetchResultSet
2018-10-19 08:07:18.933 [uncertain.proc] [FINE] aurora.database.features.CacheBasedLookUpField.postFetchResultSet
2018-10-19 08:07:18.933 [aurora.database] [CONFIG] 
============= BEGIN [query] SQL Statement execution dump ============

            select
       v.position_id,
       v.position_code,
       v.description position_name,
       j.employee_job_id,
       j.employee_job_code job_code,
       j.description job_name,
       j.level_series_id,
       eou.unit_code,
       eou.description unit_desc
   from exp_org_position_vl v, exp_employee_jobs_vl j, exp_org_unit_vl eou

    

  WHERE v.enabled_flag = 'Y'    and v.employee_job_id = j.employee_job_id(+)    and v.unit_id = eou.unit_id(+) AND v.description like ? AND v.company_id=?
 order by v.position_code
            


---------------------Binding info---------------------
No.1	Access path:@position_name	Data type of passed value :java.lang.String	Value:%出纳%	Output:false	Database Type:null	
No.2	Access path:@company_id	Data type of passed value :java.lang.String	Value:835	Output:false	Database Type:null	

=============== END [query] SQL Statement execution dump ============

2018-10-19 08:07:18.933 [uncertain.proc] [CONFIG] [action] CreateSuccessResponse
