2018-10-10 05:58:14.35 [aurora.application.session_check] [CONFIG] Session data copied to context
2018-10-10 05:58:14.35 [aurora.application.session_check] [CONFIG] Checking BM access csh.CSH1210.csh_pmt_company_mp_conds_ducument_category for operation query
2018-10-10 05:58:14.36 [aurora.application.session_check] [CONFIG] Result from aurora.bm.DefaultAccessChecker@2ffde9d8 is true
2018-10-10 05:58:14.36 [uncertain.proc] [CONFIG] [action] AccessCheck
2018-10-10 05:58:14.38 [uncertain.proc] [CONFIG] [action] CheckServiceLock
2018-10-10 05:58:14.38 [uncertain.proc] [CONFIG] [action] ParseParameter
2018-10-10 05:58:14.38 [uncertain.proc] [CONFIG] [action] ValidateInput
2018-10-10 05:58:14.38 [uncertain.proc] [CONFIG] [action] InvokeService
2018-10-10 05:58:14.38 [aurora.database] [CONFIG] ===================================== prepare to run model-query csh.CSH1210.csh_pmt_company_mp_conds_ducument_category==============================
2018-10-10 05:58:14.42 [uncertain.proc] [CONFIG] [action] DecideSqlGenerationMode
2018-10-10 05:58:14.42 [uncertain.proc] [FINE] aurora.database.service.BusinessModelService.onDecideSqlGenerationMode
2018-10-10 05:58:14.42 [uncertain.proc] [CONFIG] [action] CreateOperationSql
2018-10-10 05:58:14.42 [uncertain.proc] [CONFIG] [action] PopulateOperationSql
2018-10-10 05:58:14.42 [uncertain.proc] [FINE] aurora.database.features.OrderByClauseCreator.onPopulateOperationSql
2018-10-10 05:58:14.42 [uncertain.proc] [FINE] aurora.database.features.WhereClauseCreator.onPopulateOperationSql
2018-10-10 05:58:14.42 [uncertain.proc] [CONFIG] [action] ExecuteQuery
2018-10-10 05:58:14.42 [uncertain.proc] [FINE] aurora.bm.QuerySqlCreator.onExecuteQuery
2018-10-10 05:58:14.45 [uncertain.proc] [CONFIG] [action] QueryFinish
2018-10-10 05:58:14.45 [uncertain.proc] [FINE] aurora.database.features.AutoQueryCounter.onQueryFinish
2018-10-10 05:58:14.48 [uncertain.proc] [CONFIG] [action] FetchResultSet
2018-10-10 05:58:14.48 [uncertain.proc] [FINE] aurora.database.features.CacheBasedLookUpField.postFetchResultSet
2018-10-10 05:58:14.48 [aurora.database] [CONFIG] 
============= BEGIN [query] SQL Statement execution dump ============

            select code_value,code_value_name
            from sys_code_values_vl b, sys_codes a
            where b.code_id = a.code_id
            and a.code = 'WFL_WORKFLOW_CATEGORY'
            and  b.code_value in ('EXP_REPORT','PAYMENT_REQUISITION','ACP_REQUISITION')
            
---------------------Binding info---------------------
null
=============== END [query] SQL Statement execution dump ============

2018-10-10 05:58:14.48 [uncertain.proc] [CONFIG] [action] CreateSuccessResponse
