2018-10-19 08:05:18.618 [aurora.application.session_check] [CONFIG] Session data copied to context
2018-10-19 08:05:18.618 [aurora.application.session_check] [CONFIG] Checking BM access csh.CSH1015.csh_application_organization_lov_query for operation query
2018-10-19 08:05:18.621 [aurora.application.session_check] [CONFIG] Result from aurora.bm.DefaultAccessChecker@3eb6631f is true
2018-10-19 08:05:18.621 [uncertain.proc] [CONFIG] [action] AccessCheck
2018-10-19 08:05:18.623 [uncertain.proc] [CONFIG] [action] CheckServiceLock
2018-10-19 08:05:18.623 [uncertain.proc] [CONFIG] [action] ParseParameter
2018-10-19 08:05:18.623 [uncertain.proc] [CONFIG] [action] ValidateInput
2018-10-19 08:05:18.623 [uncertain.proc] [CONFIG] [action] InvokeService
2018-10-19 08:05:18.623 [aurora.database] [CONFIG] ===================================== prepare to run model-query csh.CSH1015.csh_application_organization_lov_query==============================
2018-10-19 08:05:18.628 [uncertain.proc] [CONFIG] [action] DecideSqlGenerationMode
2018-10-19 08:05:18.628 [uncertain.proc] [FINE] aurora.database.service.BusinessModelService.onDecideSqlGenerationMode
2018-10-19 08:05:18.628 [uncertain.proc] [CONFIG] [action] CreateOperationSql
2018-10-19 08:05:18.628 [uncertain.proc] [CONFIG] [action] PopulateOperationSql
2018-10-19 08:05:18.628 [uncertain.proc] [FINE] aurora.database.features.OrderByClauseCreator.onPopulateOperationSql
2018-10-19 08:05:18.628 [uncertain.proc] [FINE] aurora.database.features.WhereClauseCreator.onPopulateOperationSql
2018-10-19 08:05:18.628 [uncertain.proc] [CONFIG] [action] ExecuteQuery
2018-10-19 08:05:18.628 [uncertain.proc] [FINE] aurora.bm.QuerySqlCreator.onExecuteQuery
2018-10-19 08:05:18.637 [uncertain.proc] [CONFIG] [action] QueryFinish
2018-10-19 08:05:18.637 [uncertain.proc] [FINE] aurora.database.features.AutoQueryCounter.onQueryFinish
2018-10-19 08:05:18.637 [uncertain.proc] [CONFIG] [action] FetchResultSet
2018-10-19 08:05:18.637 [uncertain.proc] [FINE] aurora.database.features.CacheBasedLookUpField.postFetchResultSet
2018-10-19 08:05:18.637 [aurora.database] [CONFIG] 
============= BEGIN [query] SQL Statement execution dump ============

                SELECT
                    *
                FROM
                    (SELECT
                        t.code_value_name code_value_name,
                        t.code_value code_value
                    FROM
                        SYS_CODE_VALUES_V t
                    WHERE
                        t.code = 'CSH_APPLICATION_ORGANIZATION'
                    ) m  WHERE m.code_value like '%'||?||'%'
            
---------------------Binding info---------------------
No.1	Access path:@code_value	Data type of passed value :java.lang.String	Value:0000000	Output:false	Database Type:null	

=============== END [query] SQL Statement execution dump ============

2018-10-19 08:05:18.637 [uncertain.proc] [CONFIG] [action] CreateSuccessResponse
