2018-10-22 09:05:02.685 [aurora.application.session_check] [CONFIG] Session data copied to context
2018-10-22 09:05:02.685 [aurora.application.session_check] [CONFIG] Checking BM access csh.CSH1015.csh_bank_accounts for operation query
2018-10-22 09:05:02.686 [aurora.application.session_check] [CONFIG] Result from aurora.bm.DefaultAccessChecker@7d9feda8 is true
2018-10-22 09:05:02.686 [uncertain.proc] [CONFIG] [action] AccessCheck
2018-10-22 09:05:02.688 [uncertain.proc] [CONFIG] [action] CheckServiceLock
2018-10-22 09:05:02.688 [uncertain.proc] [CONFIG] [action] ParseParameter
2018-10-22 09:05:02.688 [uncertain.proc] [CONFIG] [action] ValidateInput
2018-10-22 09:05:02.688 [uncertain.proc] [CONFIG] [action] InvokeService
2018-10-22 09:05:02.688 [aurora.database] [CONFIG] ===================================== prepare to run model-query csh.CSH1015.csh_bank_accounts==============================
2018-10-22 09:05:02.692 [uncertain.proc] [CONFIG] [action] DecideSqlGenerationMode
2018-10-22 09:05:02.692 [uncertain.proc] [FINE] aurora.database.service.BusinessModelService.onDecideSqlGenerationMode
2018-10-22 09:05:02.692 [uncertain.proc] [CONFIG] [action] CreateOperationSql
2018-10-22 09:05:02.692 [uncertain.proc] [CONFIG] [action] PopulateOperationSql
2018-10-22 09:05:02.692 [uncertain.proc] [FINE] aurora.database.features.OrderByClauseCreator.onPopulateOperationSql
2018-10-22 09:05:02.692 [uncertain.proc] [FINE] aurora.database.features.WhereClauseCreator.onPopulateOperationSql
2018-10-22 09:05:02.692 [uncertain.proc] [CONFIG] [action] ExecuteQuery
2018-10-22 09:05:02.692 [uncertain.proc] [FINE] aurora.bm.QuerySqlCreator.onExecuteQuery
2018-10-22 09:05:02.694 [uncertain.proc] [CONFIG] [action] QueryFinish
2018-10-22 09:05:02.694 [uncertain.proc] [FINE] aurora.database.features.AutoQueryCounter.onQueryFinish
2018-10-22 09:05:02.694 [uncertain.proc] [CONFIG] [action] FetchResultSet
2018-10-22 09:05:02.694 [uncertain.proc] [FINE] aurora.database.features.CacheBasedLookUpField.postFetchResultSet
2018-10-22 09:05:02.695 [aurora.database] [CONFIG] 
============= BEGIN [query] SQL Statement execution dump ============
select cba_v.bank_account_id,
					cba_v.bank_account_name,
					cba_v.bank_account_code,
					cba_v.bank_account_num,
					cba_v.bank_branch_id,
					cba_v.currency_code,
					cba_v.enabled_flag,
					cba_v.cash_account_id,
					ga_v.ACCOUNT_CODE cash_account_code,
					cba_v.responsibility_center_id,
					cba_v.account_type BANK_ACCOUNT_TYPE,
					cba_v.vender_id,
					cp_v_v.partner_code vender_code,
					cp_v_v.partner_description vender_description,
					cba_v.customer_id,
					cp_v_c.partner_code customer_code,
					cp_v_c.partner_description customer_description,
					cba_v.application_organization,
					cba_v.anal_t3
			   from csh_bank_accounts_vl cba_v,
					GLD_ACCOUNTS_VL      ga_v,
					csh_partner_v       cp_v_c,
					csh_partner_v       cp_v_v
			  where cba_v.company_id=?
				and cba_v.cash_account_id = ga_v.ACCOUNT_ID(+)
				and cba_v.customer_id = cp_v_c.partner_id(+)
				and cp_v_c.partner_category(+) = 'CUSTOMER'
				and cba_v.vender_id = cp_v_v.partner_id(+)
				and cp_v_v.partner_category(+) = 'VENDER'
				and cba_v.bank_branch_id=?
				and cba_v.company_id=cp_v_c.company_id(+)
				and cba_v.company_id=cp_v_v.company_id(+)
			  order by cba_v.account_type, cba_v.bank_account_code
---------------------Binding info---------------------
No.1	Access path:/session/@company_id	Data type of passed value :java.lang.String	Value:2240	Output:false	Database Type:null	
No.2	Access path:/parameter/@bank_branch_id	Data type of passed value :java.lang.String	Value:21	Output:false	Database Type:null	

=============== END [query] SQL Statement execution dump ============

2018-10-22 09:05:02.695 [uncertain.proc] [CONFIG] [action] CreateSuccessResponse
