2018-10-19 08:07:03.584 [aurora.application.session_check] [CONFIG] Session data copied to context
2018-10-19 08:07:03.584 [aurora.application.session_check] [CONFIG] Checking BM access csh.CSH1035.csh_bank_account_auth_detail_company_lov for operation query
2018-10-19 08:07:03.585 [aurora.application.session_check] [CONFIG] Result from aurora.bm.DefaultAccessChecker@1b586d01 is true
2018-10-19 08:07:03.585 [uncertain.proc] [CONFIG] [action] AccessCheck
2018-10-19 08:07:03.587 [uncertain.proc] [CONFIG] [action] CheckServiceLock
2018-10-19 08:07:03.587 [uncertain.proc] [CONFIG] [action] ParseParameter
2018-10-19 08:07:03.587 [uncertain.proc] [CONFIG] [action] ValidateInput
2018-10-19 08:07:03.587 [uncertain.proc] [CONFIG] [action] InvokeService
2018-10-19 08:07:03.587 [aurora.database] [CONFIG] ===================================== prepare to run model-query csh.CSH1035.csh_bank_account_auth_detail_company_lov==============================
2018-10-19 08:07:03.590 [uncertain.proc] [CONFIG] [action] DecideSqlGenerationMode
2018-10-19 08:07:03.590 [uncertain.proc] [FINE] aurora.database.service.BusinessModelService.onDecideSqlGenerationMode
2018-10-19 08:07:03.590 [uncertain.proc] [CONFIG] [action] CreateOperationSql
2018-10-19 08:07:03.590 [uncertain.proc] [CONFIG] [action] PopulateOperationSql
2018-10-19 08:07:03.590 [uncertain.proc] [FINE] aurora.database.features.OrderByClauseCreator.onPopulateOperationSql
2018-10-19 08:07:03.590 [uncertain.proc] [FINE] aurora.database.features.WhereClauseCreator.onPopulateOperationSql
2018-10-19 08:07:03.590 [uncertain.proc] [CONFIG] [action] ExecuteQuery
2018-10-19 08:07:03.590 [uncertain.proc] [FINE] aurora.bm.QuerySqlCreator.onExecuteQuery
2018-10-19 08:07:03.602 [uncertain.proc] [CONFIG] [action] QueryFinish
2018-10-19 08:07:03.602 [uncertain.proc] [FINE] aurora.database.features.AutoQueryCounter.onQueryFinish
2018-10-19 08:07:03.611 [uncertain.proc] [CONFIG] [action] FetchResultSet
2018-10-19 08:07:03.611 [uncertain.proc] [FINE] aurora.database.features.CacheBasedLookUpField.postFetchResultSet
2018-10-19 08:07:03.611 [aurora.database] [CONFIG] 
============= BEGIN [query] SQL Statement execution dump ============

            select * from (     
           select fv.company_id, fv.company_code, fv.company_short_name,fv.company_type, decode(fv.company_type,2,'Y','N') type_flag     
          from fnd_companies_vl fv  
          where  (fv.end_date_active is null or sysdate between fv.start_date_active and fv.end_date_active ) 
           and exists(select 1 from fnd_companies c where c.set_of_books_id = fv.set_of_books_id 
           and c.company_id = ?))v
           
          order by v.company_type desc, v.company_code

---------------------Binding info---------------------
No.1	Access path:/session/@company_id	Data type of passed value :java.lang.Integer	Value:835	Output:false	Database Type:null	

=============== END [query] SQL Statement execution dump ============

2018-10-19 08:07:03.611 [uncertain.proc] [CONFIG] [action] CreateSuccessResponse
