2018-10-17 01:52:29.645 [aurora.application.session_check] [CONFIG] Session data copied to context
2018-10-17 01:52:29.645 [aurora.application.session_check] [CONFIG] Checking BM access csh.CSH2010.csh_pay_req_type_trs_classes for operation query
2018-10-17 01:52:29.646 [aurora.application.session_check] [CONFIG] Result from aurora.bm.DefaultAccessChecker@44c7e727 is true
2018-10-17 01:52:29.646 [uncertain.proc] [CONFIG] [action] AccessCheck
2018-10-17 01:52:29.647 [uncertain.proc] [CONFIG] [action] CheckServiceLock
2018-10-17 01:52:29.647 [uncertain.proc] [CONFIG] [action] ParseParameter
2018-10-17 01:52:29.647 [uncertain.proc] [CONFIG] [action] ValidateInput
2018-10-17 01:52:29.647 [uncertain.proc] [CONFIG] [action] InvokeService
2018-10-17 01:52:29.647 [aurora.database] [CONFIG] ===================================== prepare to run model-query csh.CSH2010.csh_pay_req_type_trs_classes==============================
2018-10-17 01:52:29.652 [uncertain.proc] [CONFIG] [action] DecideSqlGenerationMode
2018-10-17 01:52:29.652 [uncertain.proc] [FINE] aurora.database.service.BusinessModelService.onDecideSqlGenerationMode
2018-10-17 01:52:29.652 [uncertain.proc] [CONFIG] [action] CreateOperationSql
2018-10-17 01:52:29.652 [uncertain.proc] [CONFIG] [action] PopulateOperationSql
2018-10-17 01:52:29.652 [uncertain.proc] [FINE] aurora.database.features.OrderByClauseCreator.onPopulateOperationSql
2018-10-17 01:52:29.652 [uncertain.proc] [FINE] aurora.database.features.WhereClauseCreator.onPopulateOperationSql
2018-10-17 01:52:29.652 [uncertain.proc] [CONFIG] [action] ExecuteQuery
2018-10-17 01:52:29.652 [uncertain.proc] [FINE] aurora.bm.QuerySqlCreator.onExecuteQuery
2018-10-17 01:52:29.653 [uncertain.proc] [CONFIG] [action] QueryFinish
2018-10-17 01:52:29.653 [uncertain.proc] [FINE] aurora.database.features.AutoQueryCounter.onQueryFinish
2018-10-17 01:52:29.653 [uncertain.proc] [CONFIG] [action] FetchResultSet
2018-10-17 01:52:29.653 [uncertain.proc] [FINE] aurora.database.features.CacheBasedLookUpField.postFetchResultSet
2018-10-17 01:52:29.653 [aurora.database] [CONFIG] 
============= BEGIN [query] SQL Statement execution dump ============
SELECT * FROM (
      select  pay_req_trs_class_id, 
          pay_req_type_id, 
          class_code, 
          description,
          enabled_flag,
          req_required_flag, 
          creation_date, 
          created_by, 
          last_update_date, 
          last_updated_by
      from  csh_pay_req_type_classes_vl cpt
    ) v 
     WHERE PAY_REQ_TYPE_ID=? 
    ORDER BY v.class_code
---------------------Binding info---------------------
No.1	Access path:@pay_req_type_id	Data type of passed value :java.lang.String	Value:1	Output:false	Database Type:null	

=============== END [query] SQL Statement execution dump ============

2018-10-17 01:52:29.653 [uncertain.proc] [CONFIG] [action] CreateSuccessResponse
