2018-10-19 08:06:33.431 [aurora.application.session_check] [CONFIG] Session data copied to context
2018-10-19 08:06:33.431 [aurora.application.session_check] [CONFIG] Checking BM access csh.csh_payment_methods for operation query
2018-10-19 08:06:33.432 [aurora.application.session_check] [CONFIG] Result from aurora.bm.DefaultAccessChecker@7f00573 is true
2018-10-19 08:06:33.432 [uncertain.proc] [CONFIG] [action] AccessCheck
2018-10-19 08:06:33.433 [uncertain.proc] [CONFIG] [action] CheckServiceLock
2018-10-19 08:06:33.433 [uncertain.proc] [CONFIG] [action] ParseParameter
2018-10-19 08:06:33.434 [uncertain.proc] [CONFIG] [action] ValidateInput
2018-10-19 08:06:33.434 [uncertain.proc] [CONFIG] [action] InvokeService
2018-10-19 08:06:33.434 [aurora.database] [CONFIG] ===================================== prepare to run model-query csh.csh_payment_methods==============================
2018-10-19 08:06:33.438 [uncertain.proc] [CONFIG] [action] DecideSqlGenerationMode
2018-10-19 08:06:33.438 [uncertain.proc] [FINE] aurora.database.service.BusinessModelService.onDecideSqlGenerationMode
2018-10-19 08:06:33.438 [uncertain.proc] [CONFIG] [action] CreatequeryStatement
2018-10-19 08:06:33.438 [uncertain.proc] [FINE] aurora.bm.QuerySqlCreator.onCreateQueryStatement
2018-10-19 08:06:33.438 [uncertain.proc] [CONFIG] [action] PopulatequeryStatement
2018-10-19 08:06:33.438 [uncertain.proc] [FINE] aurora.database.features.OrderByClauseCreator.onPopulateQueryStatement
2018-10-19 08:06:33.438 [uncertain.proc] [FINE] aurora.database.features.WhereClauseCreator.onPopulateQueryStatement
2018-10-19 08:06:33.438 [uncertain.proc] [CONFIG] [action] CreatequerySql
2018-10-19 08:06:33.438 [uncertain.proc] [FINE] aurora.bm.QuerySqlCreator.onCreateQuerySql
2018-10-19 08:06:33.439 [uncertain.proc] [CONFIG] [action] ExecuteQuery
2018-10-19 08:06:33.439 [uncertain.proc] [FINE] aurora.bm.QuerySqlCreator.onExecuteQuery
2018-10-19 08:06:33.458 [uncertain.proc] [CONFIG] [action] QueryFinish
2018-10-19 08:06:33.459 [uncertain.proc] [FINE] aurora.database.features.AutoQueryCounter.onQueryFinish
2018-10-19 08:06:33.460 [uncertain.proc] [CONFIG] [action] FetchResultSet
2018-10-19 08:06:33.460 [uncertain.proc] [FINE] aurora.database.features.CacheBasedLookUpField.postFetchResultSet
2018-10-19 08:06:33.460 [aurora.database] [CONFIG] 
============= BEGIN [query] SQL Statement execution dump ============
SELECT cpm.payment_method_id,cpm.payment_method_code,cpm.description_id,(select DESCRIPTION_TEXT from fnd_descriptions where DESCRIPTION_ID=cpm.description_id and Language=?) AS description,cpm.enabled_flag,cpm.ebanking_flag,cpm.using_csh_flag
FROM csh_payment_methods cpm

ORDER BY cpm.payment_method_code
---------------------Binding info---------------------
No.1	Access path:/session/@lang	Data type of passed value :java.lang.String	Value:ZHS	Output:false	Database Type:null	

=============== END [query] SQL Statement execution dump ============

2018-10-19 08:06:33.460 [uncertain.proc] [CONFIG] [action] CreateSuccessResponse
