2018-10-15 03:26:56.43 [aurora.application.session_check] [CONFIG] Session data copied to context
2018-10-15 03:26:56.43 [aurora.application.session_check] [CONFIG] Checking BM access db.bgt_check_pkg.report_bgt_check for operation execute
2018-10-15 03:26:56.45 [aurora.application.session_check] [CONFIG] Result from aurora.bm.DefaultAccessChecker@426f3152 is true
2018-10-15 03:26:56.45 [uncertain.proc] [CONFIG] [action] AccessCheck
2018-10-15 03:26:56.46 [uncertain.proc] [CONFIG] [action] CheckServiceLock
2018-10-15 03:26:56.46 [uncertain.proc] [CONFIG] [action] ParseParameter
2018-10-15 03:26:56.46 [uncertain.proc] [CONFIG] [action] ValidateInput
2018-10-15 03:26:56.46 [uncertain.proc] [CONFIG] [action] InvokeService
2018-10-15 03:26:56.48 [uncertain.proc] [CONFIG] [action] DecideStatement
2018-10-15 03:26:56.49 [uncertain.proc] [CONFIG] [action] DecideSqlGenerationMode
2018-10-15 03:26:56.49 [uncertain.proc] [FINE] aurora.database.service.BusinessModelService.onDecideSqlGenerationMode
2018-10-15 03:26:56.49 [uncertain.proc] [CONFIG] [action] CreateOperationSql
2018-10-15 03:26:56.49 [uncertain.proc] [CONFIG] [action] PopulateOperationSql
2018-10-15 03:26:56.49 [uncertain.proc] [FINE] aurora.database.features.OrderByClauseCreator.onPopulateOperationSql
2018-10-15 03:26:56.49 [uncertain.proc] [FINE] aurora.database.features.WhereClauseCreator.onPopulateOperationSql
2018-10-15 03:26:56.49 [uncertain.proc] [CONFIG] [action] CreateSqlRunner
2018-10-15 03:26:56.49 [uncertain.proc] [FINE] aurora.database.service.BusinessModelService.onCreateSqlRunner
2018-10-15 03:26:56.49 [uncertain.proc] [CONFIG] [action] ExecuteDmlStatement
2018-10-15 03:26:56.49 [uncertain.proc] [FINE] aurora.database.service.BusinessModelService.onExecuteDmlStatement
2018-10-15 03:26:56.431 [aurora.database] [CONFIG] 
============= BEGIN [execute] SQL Statement execution dump ============
 
            begin
            bgt_check_pkg.report_bgt_check( ?,
                          ?,
                          ?,
                          ?,
                           ?);
                
        end;
---------------------Binding info---------------------
No.1	Access path:@exp_report_header_id	Data type of passed value :java.lang.String	Value:1832	Output:false	Database Type:null	
No.2	Access path:/session/@user_id	Data type of passed value :java.lang.Long	Value:891	Output:false	Database Type:null	
No.3	Access path:@flag	Data type of passed value :java.lang.String	Value:N	Output:false	Database Type:null	
No.4	Access path:@error_level_code	Data type of passed value :[null]	Value:null	Output:true	Database Type:null	
No.5	Access path:@message_code	Data type of passed value :[null]	Value:null	Output:true	Database Type:null	

=============== END [execute] SQL Statement execution dump ============

2018-10-15 03:26:56.432 [uncertain.proc] [CONFIG] [action] CreateSuccessResponse
