2018-09-29 08:40:23.594 [aurora.application.session_check] [CONFIG] Session data copied to context
2018-09-29 08:40:23.594 [aurora.application.session_check] [CONFIG] Checking BM access db.bgt_journal_pkg.set_bgt_journal_status_1 for operation execute
2018-09-29 08:40:23.595 [aurora.application.session_check] [CONFIG] Result from aurora.bm.DefaultAccessChecker@3eb608a0 is true
2018-09-29 08:40:23.595 [uncertain.proc] [CONFIG] [action] AccessCheck
2018-09-29 08:40:23.596 [uncertain.proc] [CONFIG] [action] CheckServiceLock
2018-09-29 08:40:23.596 [uncertain.proc] [CONFIG] [action] ParseParameter
2018-09-29 08:40:23.596 [uncertain.proc] [CONFIG] [action] ValidateInput
2018-09-29 08:40:23.596 [uncertain.proc] [CONFIG] [action] InvokeService
2018-09-29 08:40:23.599 [uncertain.proc] [CONFIG] [action] DecideStatement
2018-09-29 08:40:23.600 [uncertain.proc] [CONFIG] [action] DecideSqlGenerationMode
2018-09-29 08:40:23.600 [uncertain.proc] [FINE] aurora.database.service.BusinessModelService.onDecideSqlGenerationMode
2018-09-29 08:40:23.600 [uncertain.proc] [CONFIG] [action] CreateOperationSql
2018-09-29 08:40:23.600 [uncertain.proc] [CONFIG] [action] PopulateOperationSql
2018-09-29 08:40:23.600 [uncertain.proc] [FINE] aurora.database.features.OrderByClauseCreator.onPopulateOperationSql
2018-09-29 08:40:23.600 [uncertain.proc] [FINE] aurora.database.features.WhereClauseCreator.onPopulateOperationSql
2018-09-29 08:40:23.600 [uncertain.proc] [CONFIG] [action] CreateSqlRunner
2018-09-29 08:40:23.600 [uncertain.proc] [FINE] aurora.database.service.BusinessModelService.onCreateSqlRunner
2018-09-29 08:40:23.600 [uncertain.proc] [CONFIG] [action] ExecuteDmlStatement
2018-09-29 08:40:23.600 [uncertain.proc] [FINE] aurora.database.service.BusinessModelService.onExecuteDmlStatement
2018-09-29 08:40:23.604 [aurora.database] [CONFIG] 
============= BEGIN [execute] SQL Statement execution dump ============

            	begin
					BGT_JOURNAL_PKG.SET_BGT_JOURNAL_STATUS_1(p_journal_header_id   =>?,
                                   					           p_flag1             =>?,
                                   					           p_flag2             =>?,
                                   					           p_status=>'SUBMITTED',
                                   					           p_user_id=>?);
                end;
---------------------Binding info---------------------
No.1	Access path:@journal_header_id	Data type of passed value :java.lang.String	Value:618	Output:false	Database Type:null	
No.2	Access path:@flag1	Data type of passed value :[null]	Value:null	Output:true	Database Type:null	
No.3	Access path:@flag2	Data type of passed value :[null]	Value:null	Output:true	Database Type:null	
No.4	Access path:/session/@user_id	Data type of passed value :java.lang.Long	Value:204	Output:false	Database Type:null	

=============== END [execute] SQL Statement execution dump ============

2018-09-29 08:40:23.604 [uncertain.proc] [CONFIG] [action] CreateSuccessResponse
