2018-10-11 01:50:24.777 [aurora.application.session_check] [CONFIG] Session data copied to context
2018-10-11 01:50:24.777 [aurora.application.session_check] [CONFIG] Checking BM access db.bgt_budget_item_hierarchy_pkg.import_budget_item_hierarchy for operation batch_update
2018-10-11 01:50:24.777 [aurora.application.session_check] [CONFIG] for batch_update, access check will be performed on each record from parameter
2018-10-11 01:50:24.777 [uncertain.proc] [CONFIG] [action] AccessCheck
2018-10-11 01:50:24.778 [uncertain.proc] [CONFIG] [action] CheckServiceLock
2018-10-11 01:50:24.778 [uncertain.proc] [CONFIG] [action] ParseParameter
2018-10-11 01:50:24.778 [uncertain.proc] [CONFIG] [action] ValidateInput
2018-10-11 01:50:24.778 [uncertain.proc] [CONFIG] [action] InvokeService
2018-10-11 01:50:24.780 [aurora.database] [CONFIG] ============ Running model batch update with data from path /parameter, total 1 records
2018-10-11 01:50:24.780 [aurora.database] [CONFIG] execute insert on record No.0 for model db.bgt_budget_item_hierarchy_pkg.import_budget_item_hierarchy
2018-10-11 01:50:24.782 [uncertain.proc] [CONFIG] [action] DecideStatement
2018-10-11 01:50:24.783 [uncertain.proc] [CONFIG] [action] DecideSqlGenerationMode
2018-10-11 01:50:24.783 [uncertain.proc] [FINE] aurora.database.service.BusinessModelService.onDecideSqlGenerationMode
2018-10-11 01:50:24.783 [uncertain.proc] [CONFIG] [action] CreateOperationSql
2018-10-11 01:50:24.783 [uncertain.proc] [CONFIG] [action] PopulateOperationSql
2018-10-11 01:50:24.783 [uncertain.proc] [FINE] aurora.database.features.OrderByClauseCreator.onPopulateOperationSql
2018-10-11 01:50:24.783 [uncertain.proc] [FINE] aurora.database.features.WhereClauseCreator.onPopulateOperationSql
2018-10-11 01:50:24.783 [uncertain.proc] [CONFIG] [action] CreateSqlRunner
2018-10-11 01:50:24.783 [uncertain.proc] [FINE] aurora.database.service.BusinessModelService.onCreateSqlRunner
2018-10-11 01:50:24.783 [uncertain.proc] [CONFIG] [action] ExecuteDmlStatement
2018-10-11 01:50:24.783 [uncertain.proc] [FINE] aurora.database.service.BusinessModelService.onExecuteDmlStatement
2018-10-11 01:50:24.889 [aurora.database] [CONFIG] 
============= BEGIN [Insert] SQL Statement execution dump ============

            begin
			  bgt_budget_item_hierarchy_pkg.import_budget_item_hierarchy(?,
			                                                             ?,
			                                                             ?,
			                                                             ?,
			                                                             ?);
			end;
					
			
---------------------Binding info---------------------
No.1	Access path:@parent_budget_item_id	Data type of passed value :java.lang.String	Value:241.0	Output:false	Database Type:null	
No.2	Access path:@budget_item_code_from	Data type of passed value :java.lang.String	Value:111001	Output:false	Database Type:null	
No.3	Access path:@budget_item_code_to	Data type of passed value :java.lang.String	Value:111003	Output:false	Database Type:null	
No.4	Access path:@budget_item_code	Data type of passed value :[null]	Value:null	Output:false	Database Type:null	
No.5	Access path:/session/@user_id	Data type of passed value :java.lang.Long	Value:1	Output:false	Database Type:null	

=============== END [Insert] SQL Statement execution dump ============

2018-10-11 01:50:24.889 [aurora.database] [CONFIG] ============ End of batch update for /parameter
2018-10-11 01:50:24.889 [uncertain.proc] [CONFIG] [action] CreateSuccessResponse
