2018-10-15 06:55:11.271 [aurora.application.session_check] [CONFIG] Session data copied to context
2018-10-15 06:55:11.271 [aurora.application.session_check] [CONFIG] Checking BM access db.cux_wbc_core_pkg.work_end for operation execute
2018-10-15 06:55:11.272 [aurora.application.session_check] [CONFIG] Result from aurora.bm.DefaultAccessChecker@28ddb7da is true
2018-10-15 06:55:11.272 [uncertain.proc] [CONFIG] [action] AccessCheck
2018-10-15 06:55:11.274 [uncertain.proc] [CONFIG] [action] CheckServiceLock
2018-10-15 06:55:11.274 [uncertain.proc] [CONFIG] [action] ParseParameter
2018-10-15 06:55:11.274 [uncertain.proc] [CONFIG] [action] ValidateInput
2018-10-15 06:55:11.274 [uncertain.proc] [CONFIG] [action] InvokeService
2018-10-15 06:55:11.276 [uncertain.proc] [CONFIG] [action] DecideStatement
2018-10-15 06:55:11.276 [uncertain.proc] [CONFIG] [action] DecideSqlGenerationMode
2018-10-15 06:55:11.277 [uncertain.proc] [FINE] aurora.database.service.BusinessModelService.onDecideSqlGenerationMode
2018-10-15 06:55:11.277 [uncertain.proc] [CONFIG] [action] CreateOperationSql
2018-10-15 06:55:11.277 [uncertain.proc] [CONFIG] [action] PopulateOperationSql
2018-10-15 06:55:11.277 [uncertain.proc] [FINE] aurora.database.features.OrderByClauseCreator.onPopulateOperationSql
2018-10-15 06:55:11.277 [uncertain.proc] [FINE] aurora.database.features.WhereClauseCreator.onPopulateOperationSql
2018-10-15 06:55:11.277 [uncertain.proc] [CONFIG] [action] CreateSqlRunner
2018-10-15 06:55:11.277 [uncertain.proc] [FINE] aurora.database.service.BusinessModelService.onCreateSqlRunner
2018-10-15 06:55:11.277 [uncertain.proc] [CONFIG] [action] ExecuteDmlStatement
2018-10-15 06:55:11.277 [uncertain.proc] [FINE] aurora.database.service.BusinessModelService.onExecuteDmlStatement
2018-10-15 06:55:11.279 [aurora.database] [CONFIG] 
============= BEGIN [execute] SQL Statement execution dump ============

                begin
                    CUX_WBC_CORE_PKG.WORK_END
                    (
                        p_user_id=>?
                    );
                end;
---------------------Binding info---------------------
No.1	Access path:/session/@user_id	Data type of passed value :java.lang.Long	Value:204	Output:false	Database Type:null	

=============== END [execute] SQL Statement execution dump ============

2018-10-15 06:55:11.279 [uncertain.proc] [CONFIG] [action] CreateSuccessResponse
