2018-10-22 07:50:21.214 [aurora.application.session_check] [CONFIG] Session data copied to context
2018-10-22 07:50:21.214 [aurora.application.session_check] [CONFIG] Checking BM access db.exp_requisition_pkg.submit_exp_requisition for operation update
2018-10-22 07:50:21.214 [aurora.application.session_check] [CONFIG] Result from aurora.bm.DefaultAccessChecker@3fef4206 is true
2018-10-22 07:50:21.214 [uncertain.proc] [CONFIG] [action] AccessCheck
2018-10-22 07:50:21.216 [uncertain.proc] [CONFIG] [action] CheckServiceLock
2018-10-22 07:50:21.216 [uncertain.proc] [CONFIG] [action] ParseParameter
2018-10-22 07:50:21.216 [uncertain.proc] [CONFIG] [action] ValidateInput
2018-10-22 07:50:21.216 [uncertain.proc] [CONFIG] [action] InvokeService
2018-10-22 07:50:21.219 [uncertain.proc] [CONFIG] [action] DecideStatement
2018-10-22 07:50:21.221 [uncertain.proc] [CONFIG] [action] DecideSqlGenerationMode
2018-10-22 07:50:21.221 [uncertain.proc] [FINE] aurora.database.service.BusinessModelService.onDecideSqlGenerationMode
2018-10-22 07:50:21.221 [uncertain.proc] [CONFIG] [action] CreateOperationSql
2018-10-22 07:50:21.221 [uncertain.proc] [CONFIG] [action] PopulateOperationSql
2018-10-22 07:50:21.221 [uncertain.proc] [FINE] aurora.database.features.OrderByClauseCreator.onPopulateOperationSql
2018-10-22 07:50:21.221 [uncertain.proc] [FINE] aurora.database.features.WhereClauseCreator.onPopulateOperationSql
2018-10-22 07:50:21.221 [uncertain.proc] [CONFIG] [action] CreateSqlRunner
2018-10-22 07:50:21.221 [uncertain.proc] [FINE] aurora.database.service.BusinessModelService.onCreateSqlRunner
2018-10-22 07:50:21.221 [uncertain.proc] [CONFIG] [action] ExecuteDmlStatement
2018-10-22 07:50:21.221 [uncertain.proc] [FINE] aurora.database.service.BusinessModelService.onExecuteDmlStatement
2018-10-22 07:50:21.275 [aurora.database] [CONFIG] 
============= BEGIN [Update] SQL Statement execution dump ============
   
            begin
				exp_requisition_pkg.submit_exp_requisition(?,?);			  
			end;
			
---------------------Binding info---------------------
No.1	Access path:@head_id	Data type of passed value :java.lang.String	Value:2047	Output:false	Database Type:null	
No.2	Access path:/session/@user_id	Data type of passed value :java.lang.Long	Value:204	Output:false	Database Type:null	

=============== END [Update] SQL Statement execution dump ============

2018-10-22 07:50:21.276 [uncertain.proc] [CONFIG] [action] CreateSuccessResponse
