2018-10-11 07:04:49.631 [aurora.application.session_check] [CONFIG] Session data copied to context
2018-10-11 07:04:49.631 [aurora.application.session_check] [CONFIG] Checking BM access db.exp_report_pkg.get_payment_schedule_date for operation execute
2018-10-11 07:04:49.632 [aurora.application.session_check] [CONFIG] Result from aurora.bm.DefaultAccessChecker@432a2ae4 is true
2018-10-11 07:04:49.633 [uncertain.proc] [CONFIG] [action] AccessCheck
2018-10-11 07:04:49.634 [uncertain.proc] [CONFIG] [action] CheckServiceLock
2018-10-11 07:04:49.634 [uncertain.proc] [CONFIG] [action] ParseParameter
2018-10-11 07:04:49.634 [uncertain.proc] [CONFIG] [action] ValidateInput
2018-10-11 07:04:49.634 [uncertain.proc] [CONFIG] [action] InvokeService
2018-10-11 07:04:49.638 [uncertain.proc] [CONFIG] [action] DecideStatement
2018-10-11 07:04:49.640 [uncertain.proc] [CONFIG] [action] DecideSqlGenerationMode
2018-10-11 07:04:49.640 [uncertain.proc] [FINE] aurora.database.service.BusinessModelService.onDecideSqlGenerationMode
2018-10-11 07:04:49.640 [uncertain.proc] [CONFIG] [action] CreateOperationSql
2018-10-11 07:04:49.640 [uncertain.proc] [CONFIG] [action] PopulateOperationSql
2018-10-11 07:04:49.640 [uncertain.proc] [FINE] aurora.database.features.OrderByClauseCreator.onPopulateOperationSql
2018-10-11 07:04:49.640 [uncertain.proc] [FINE] aurora.database.features.WhereClauseCreator.onPopulateOperationSql
2018-10-11 07:04:49.640 [uncertain.proc] [CONFIG] [action] CreateSqlRunner
2018-10-11 07:04:49.640 [uncertain.proc] [FINE] aurora.database.service.BusinessModelService.onCreateSqlRunner
2018-10-11 07:04:49.640 [uncertain.proc] [CONFIG] [action] ExecuteDmlStatement
2018-10-11 07:04:49.640 [uncertain.proc] [FINE] aurora.database.service.BusinessModelService.onExecuteDmlStatement
2018-10-11 07:04:49.641 [aurora.database] [CONFIG] 
============= BEGIN [execute] SQL Statement execution dump ============

                begin
                    EXP_REPORT_PKG.GET_PAYMENT_SCHEDULE_DATE
                    (
                        p_period_name=>?,
                        p_company_id=>?,
                        p_schedule_due_date=>?
                    );
                end;
---------------------Binding info---------------------
No.1	Access path:@period_name	Data type of passed value :java.lang.String	Value:2018-10	Output:false	Database Type:null	
No.2	Access path:/session/@company_id	Data type of passed value :java.lang.String	Value:2460	Output:false	Database Type:null	
No.3	Access path:@schedule_due_date	Data type of passed value :[null]	Value:null	Output:true	Database Type:null	

=============== END [execute] SQL Statement execution dump ============

2018-10-11 07:04:49.641 [uncertain.proc] [CONFIG] [action] CreateSuccessResponse
