2018-09-30 07:09:51.973 [aurora.application.session_check] [CONFIG] Session data copied to context
2018-09-30 07:09:51.973 [aurora.application.session_check] [CONFIG] Checking BM access db.exp_report_pkg.invoice_number_check for operation execute
2018-09-30 07:09:51.975 [aurora.application.session_check] [CONFIG] Result from aurora.bm.DefaultAccessChecker@53992a4d is true
2018-09-30 07:09:51.975 [uncertain.proc] [CONFIG] [action] AccessCheck
2018-09-30 07:09:51.976 [uncertain.proc] [CONFIG] [action] CheckServiceLock
2018-09-30 07:09:51.976 [uncertain.proc] [CONFIG] [action] ParseParameter
2018-09-30 07:09:51.976 [uncertain.proc] [CONFIG] [action] ValidateInput
2018-09-30 07:09:51.976 [uncertain.proc] [CONFIG] [action] InvokeService
2018-09-30 07:09:51.981 [uncertain.proc] [CONFIG] [action] DecideStatement
2018-09-30 07:09:51.983 [uncertain.proc] [CONFIG] [action] DecideSqlGenerationMode
2018-09-30 07:09:51.983 [uncertain.proc] [FINE] aurora.database.service.BusinessModelService.onDecideSqlGenerationMode
2018-09-30 07:09:51.983 [uncertain.proc] [CONFIG] [action] CreateOperationSql
2018-09-30 07:09:51.983 [uncertain.proc] [CONFIG] [action] PopulateOperationSql
2018-09-30 07:09:51.983 [uncertain.proc] [FINE] aurora.database.features.OrderByClauseCreator.onPopulateOperationSql
2018-09-30 07:09:51.983 [uncertain.proc] [FINE] aurora.database.features.WhereClauseCreator.onPopulateOperationSql
2018-09-30 07:09:51.983 [uncertain.proc] [CONFIG] [action] CreateSqlRunner
2018-09-30 07:09:51.983 [uncertain.proc] [FINE] aurora.database.service.BusinessModelService.onCreateSqlRunner
2018-09-30 07:09:51.983 [uncertain.proc] [CONFIG] [action] ExecuteDmlStatement
2018-09-30 07:09:51.983 [uncertain.proc] [FINE] aurora.database.service.BusinessModelService.onExecuteDmlStatement
2018-09-30 07:09:51.985 [aurora.database] [CONFIG] 
============= BEGIN [execute] SQL Statement execution dump ============

                begin
                    EXP_REPORT_PKG.INVOICE_NUMBER_CHECK
                    (
                        p_exp_report_header_id=>?,
                        p_user_id=>?,
                        p_invoice_number=>?,
                        p_exp_report_number=>?
                    );
                end;
---------------------Binding info---------------------
No.1	Access path:@exp_report_header_id	Data type of passed value :java.lang.Long	Value:1802	Output:false	Database Type:null	
No.2	Access path:/session/@user_id	Data type of passed value :java.lang.Long	Value:2232	Output:false	Database Type:null	
No.3	Access path:@invoice_number	Data type of passed value :[null]	Value:null	Output:true	Database Type:null	
No.4	Access path:@exp_report_number	Data type of passed value :[null]	Value:null	Output:true	Database Type:null	

=============== END [execute] SQL Statement execution dump ============

2018-09-30 07:09:51.986 [uncertain.proc] [CONFIG] [action] CreateSuccessResponse
