2018-09-30 07:09:52.45 [aurora.application.session_check] [CONFIG] Session data copied to context
2018-09-30 07:09:52.46 [aurora.application.session_check] [CONFIG] Checking BM access db.exp_report_pkg.report_pmt_check for operation execute
2018-09-30 07:09:52.47 [aurora.application.session_check] [CONFIG] Result from aurora.bm.DefaultAccessChecker@37168d3f is true
2018-09-30 07:09:52.47 [uncertain.proc] [CONFIG] [action] AccessCheck
2018-09-30 07:09:52.48 [uncertain.proc] [CONFIG] [action] CheckServiceLock
2018-09-30 07:09:52.48 [uncertain.proc] [CONFIG] [action] ParseParameter
2018-09-30 07:09:52.48 [uncertain.proc] [CONFIG] [action] ValidateInput
2018-09-30 07:09:52.48 [uncertain.proc] [CONFIG] [action] InvokeService
2018-09-30 07:09:52.51 [uncertain.proc] [CONFIG] [action] DecideStatement
2018-09-30 07:09:52.52 [uncertain.proc] [CONFIG] [action] DecideSqlGenerationMode
2018-09-30 07:09:52.52 [uncertain.proc] [FINE] aurora.database.service.BusinessModelService.onDecideSqlGenerationMode
2018-09-30 07:09:52.53 [uncertain.proc] [CONFIG] [action] CreateOperationSql
2018-09-30 07:09:52.53 [uncertain.proc] [CONFIG] [action] PopulateOperationSql
2018-09-30 07:09:52.53 [uncertain.proc] [FINE] aurora.database.features.OrderByClauseCreator.onPopulateOperationSql
2018-09-30 07:09:52.53 [uncertain.proc] [FINE] aurora.database.features.WhereClauseCreator.onPopulateOperationSql
2018-09-30 07:09:52.53 [uncertain.proc] [CONFIG] [action] CreateSqlRunner
2018-09-30 07:09:52.53 [uncertain.proc] [FINE] aurora.database.service.BusinessModelService.onCreateSqlRunner
2018-09-30 07:09:52.53 [uncertain.proc] [CONFIG] [action] ExecuteDmlStatement
2018-09-30 07:09:52.53 [uncertain.proc] [FINE] aurora.database.service.BusinessModelService.onExecuteDmlStatement
2018-09-30 07:09:52.53 [aurora.database] [CONFIG] 
============= BEGIN [execute] SQL Statement execution dump ============

                begin
                    EXP_REPORT_PKG.REPORT_PMT_CHECK
                    (
                        ?,
                        ?,
                        ?
                    );
                end;
---------------------Binding info---------------------
No.1	Access path:@exp_report_header_id	Data type of passed value :java.lang.String	Value:1802	Output:false	Database Type:null	
No.2	Access path:@flag	Data type of passed value :[null]	Value:null	Output:true	Database Type:null	
No.3	Access path:/session/@user_id	Data type of passed value :java.lang.Long	Value:2232	Output:false	Database Type:null	

=============== END [execute] SQL Statement execution dump ============

2018-09-30 07:09:52.54 [uncertain.proc] [CONFIG] [action] CreateSuccessResponse
