2018-10-18 05:56:19.641 [aurora.application.session_check] [CONFIG] Session data copied to context
2018-10-18 05:56:19.642 [aurora.application.session_check] [CONFIG] Checking BM access db.exp_sob_report_types_pkg.exp_rep_types_assign_company for operation batch_update
2018-10-18 05:56:19.642 [aurora.application.session_check] [CONFIG] for batch_update, access check will be performed on each record from parameter
2018-10-18 05:56:19.642 [uncertain.proc] [CONFIG] [action] AccessCheck
2018-10-18 05:56:19.644 [uncertain.proc] [CONFIG] [action] CheckServiceLock
2018-10-18 05:56:19.644 [uncertain.proc] [CONFIG] [action] ParseParameter
2018-10-18 05:56:19.645 [uncertain.proc] [CONFIG] [action] ValidateInput
2018-10-18 05:56:19.645 [uncertain.proc] [CONFIG] [action] InvokeService
2018-10-18 05:56:19.648 [aurora.database] [CONFIG] ============ Running model batch update with data from path /parameter, total 1 records
2018-10-18 05:56:19.648 [aurora.database] [CONFIG] execute insert on record No.0 for model db.exp_sob_report_types_pkg.exp_rep_types_assign_company
2018-10-18 05:56:19.650 [uncertain.proc] [CONFIG] [action] DecideStatement
2018-10-18 05:56:19.652 [uncertain.proc] [CONFIG] [action] DecideSqlGenerationMode
2018-10-18 05:56:19.652 [uncertain.proc] [FINE] aurora.database.service.BusinessModelService.onDecideSqlGenerationMode
2018-10-18 05:56:19.652 [uncertain.proc] [CONFIG] [action] CreateOperationSql
2018-10-18 05:56:19.652 [uncertain.proc] [CONFIG] [action] PopulateOperationSql
2018-10-18 05:56:19.652 [uncertain.proc] [FINE] aurora.database.features.OrderByClauseCreator.onPopulateOperationSql
2018-10-18 05:56:19.652 [uncertain.proc] [FINE] aurora.database.features.WhereClauseCreator.onPopulateOperationSql
2018-10-18 05:56:19.652 [uncertain.proc] [CONFIG] [action] CreateSqlRunner
2018-10-18 05:56:19.652 [uncertain.proc] [FINE] aurora.database.service.BusinessModelService.onCreateSqlRunner
2018-10-18 05:56:19.652 [uncertain.proc] [CONFIG] [action] ExecuteDmlStatement
2018-10-18 05:56:19.652 [uncertain.proc] [FINE] aurora.database.service.BusinessModelService.onExecuteDmlStatement
2018-10-18 05:56:20.411 [aurora.database] [CONFIG] 
============= BEGIN [Insert] SQL Statement execution dump ============

                begin
                    EXP_SOB_REPORT_TYPES_PKG.EXP_REP_TYPES_ASSIGN_COMPANY
                    (
                        p_company_id=>?,
                        p_expense_report_type_code=>?,
                        p_description=>?,
                        p_document_page_type=>?,
                        p_currency_code=>?,
                        p_coding_rule=>?,
                        p_auto_approve_flag=>?,
                        p_auto_audit_flag=>?,
                        p_payment_object=>?,
                        p_req_required_flag=>?,
                        p_adjustment_flag=>?,
                        p_report_name=>?,
                        p_payment_flag=>?,
                        p_payment_method=>?,
                        p_amortization_flag=>?,
                        p_enabled_flag=>?,
                        p_user_id=>?,
                        p_template_flag=>?,
                        p_reserve_budget=>?,
                        p_budget_control_enabled=>?,
                        p_ref_pay_flag => ?,
                        p_ref_gather_flag => ?,
                        p_company_flag => ?,
                        p_unit_flag => ?,
                        p_app_documents_icon => ?,
                        p_mobile_approve => ?,
                        p_mobile_fill => ?
                    );
                end;
---------------------Binding info---------------------
No.1	Access path:@company_id	Data type of passed value :java.lang.Integer	Value:2555	Output:false	Database Type:null	
No.2	Access path:@expense_report_type_code	Data type of passed value :java.lang.String	Value:BX03	Output:false	Database Type:null	
No.3	Access path:@description	Data type of passed value :java.lang.String	Value:差旅费报销单	Output:false	Database Type:null	
No.4	Access path:@document_page_type	Data type of passed value :java.lang.String	Value:TRAVEL	Output:false	Database Type:null	
No.5	Access path:@currency_code	Data type of passed value :java.lang.String	Value:CNY	Output:false	Database Type:null	
No.6	Access path:@coding_rule	Data type of passed value :java.lang.String	Value:J	Output:false	Database Type:null	
No.7	Access path:@auto_approve_flag	Data type of passed value :java.lang.String	Value:N	Output:false	Database Type:null	
No.8	Access path:@auto_audit_flag	Data type of passed value :java.lang.String	Value:N	Output:false	Database Type:null	
No.9	Access path:@payment_object	Data type of passed value :java.lang.String	Value:EMPLOYEE	Output:false	Database Type:null	
No.10	Access path:@req_required_flag	Data type of passed value :java.lang.String	Value:Y	Output:false	Database Type:null	
No.11	Access path:@adjustment_flag	Data type of passed value :java.lang.String	Value:N	Output:false	Database Type:null	
No.12	Access path:@report_name	Data type of passed value :java.lang.String	Value:reports/exp_report_travel_pay.rptdesign	Output:false	Database Type:null	
No.13	Access path:@payment_flag	Data type of passed value :java.lang.String	Value:Y	Output:false	Database Type:null	
No.14	Access path:@payment_method	Data type of passed value :java.lang.String	Value:11	Output:false	Database Type:null	
No.15	Access path:@amortization_flag	Data type of passed value :java.lang.String	Value:N	Output:false	Database Type:null	
No.16	Access path:@enabled_flag	Data type of passed value :java.lang.String	Value:Y	Output:false	Database Type:null	
No.17	Access path:/session/@user_id	Data type of passed value :java.lang.Long	Value:2242	Output:false	Database Type:null	
No.18	Access path:@template_flag	Data type of passed value :java.lang.String	Value:N	Output:false	Database Type:null	
No.19	Access path:@reserve_budget	Data type of passed value :java.lang.String	Value:Y	Output:false	Database Type:null	
No.20	Access path:@budget_control_enabled	Data type of passed value :java.lang.String	Value:Y	Output:false	Database Type:null	
No.21	Access path:@ref_pay_flag	Data type of passed value :java.lang.String	Value:N	Output:false	Database Type:null	
No.22	Access path:@ref_gather_flag	Data type of passed value :java.lang.String	Value:N	Output:false	Database Type:null	
No.23	Access path:@company_flag	Data type of passed value :java.lang.String	Value:N	Output:false	Database Type:null	
No.24	Access path:@unit_flag	Data type of passed value :java.lang.String	Value:N	Output:false	Database Type:null	
No.25	Access path:@app_documents_icon	Data type of passed value :java.lang.String	Value:BX0010.png	Output:false	Database Type:null	
No.26	Access path:@mobile_approve	Data type of passed value :java.lang.String	Value:Y	Output:false	Database Type:null	
No.27	Access path:@mobile_fill	Data type of passed value :java.lang.String	Value:Y	Output:false	Database Type:null	

=============== END [Insert] SQL Statement execution dump ============

2018-10-18 05:56:20.411 [aurora.database] [CONFIG] ============ End of batch update for /parameter
2018-10-18 05:56:20.411 [uncertain.proc] [CONFIG] [action] CreateSuccessResponse
