2018-10-11 07:26:53.643 [aurora.application.session_check] [CONFIG] Session data copied to context
2018-10-11 07:26:53.643 [aurora.application.session_check] [CONFIG] Checking BM access db.exp_report_pkg.invoice_number_check for operation execute
2018-10-11 07:26:53.644 [aurora.application.session_check] [CONFIG] Result from aurora.bm.DefaultAccessChecker@667281fd is true
2018-10-11 07:26:53.644 [uncertain.proc] [CONFIG] [action] AccessCheck
2018-10-11 07:26:53.646 [uncertain.proc] [CONFIG] [action] CheckServiceLock
2018-10-11 07:26:53.646 [uncertain.proc] [CONFIG] [action] ParseParameter
2018-10-11 07:26:53.646 [uncertain.proc] [CONFIG] [action] ValidateInput
2018-10-11 07:26:53.646 [uncertain.proc] [CONFIG] [action] InvokeService
2018-10-11 07:26:53.649 [uncertain.proc] [CONFIG] [action] DecideStatement
2018-10-11 07:26:53.651 [uncertain.proc] [CONFIG] [action] DecideSqlGenerationMode
2018-10-11 07:26:53.651 [uncertain.proc] [FINE] aurora.database.service.BusinessModelService.onDecideSqlGenerationMode
2018-10-11 07:26:53.651 [uncertain.proc] [CONFIG] [action] CreateOperationSql
2018-10-11 07:26:53.651 [uncertain.proc] [CONFIG] [action] PopulateOperationSql
2018-10-11 07:26:53.651 [uncertain.proc] [FINE] aurora.database.features.OrderByClauseCreator.onPopulateOperationSql
2018-10-11 07:26:53.651 [uncertain.proc] [FINE] aurora.database.features.WhereClauseCreator.onPopulateOperationSql
2018-10-11 07:26:53.651 [uncertain.proc] [CONFIG] [action] CreateSqlRunner
2018-10-11 07:26:53.651 [uncertain.proc] [FINE] aurora.database.service.BusinessModelService.onCreateSqlRunner
2018-10-11 07:26:53.652 [uncertain.proc] [CONFIG] [action] ExecuteDmlStatement
2018-10-11 07:26:53.652 [uncertain.proc] [FINE] aurora.database.service.BusinessModelService.onExecuteDmlStatement
2018-10-11 07:26:53.657 [aurora.database] [CONFIG] 
============= BEGIN [execute] SQL Statement execution dump ============

                begin
                    EXP_REPORT_PKG.INVOICE_NUMBER_CHECK
                    (
                        p_exp_report_header_id=>?,
                        p_user_id=>?,
                        p_invoice_number=>?,
                        p_exp_report_number=>?
                    );
                end;
---------------------Binding info---------------------
No.1	Access path:@exp_report_header_id	Data type of passed value :java.lang.Long	Value:1821	Output:false	Database Type:null	
No.2	Access path:/session/@user_id	Data type of passed value :java.lang.Long	Value:204	Output:false	Database Type:null	
No.3	Access path:@invoice_number	Data type of passed value :[null]	Value:null	Output:true	Database Type:null	
No.4	Access path:@exp_report_number	Data type of passed value :[null]	Value:null	Output:true	Database Type:null	

=============== END [execute] SQL Statement execution dump ============

2018-10-11 07:26:53.657 [uncertain.proc] [CONFIG] [action] CreateSuccessResponse
