2018-10-19 06:01:46.225 [aurora.application.session_check] [CONFIG] Session data copied to context
2018-10-19 06:01:46.226 [aurora.application.session_check] [CONFIG] Checking BM access db.exp_requisition_pkg.submit_exp_requisition for operation update
2018-10-19 06:01:46.227 [aurora.application.session_check] [CONFIG] Result from aurora.bm.DefaultAccessChecker@4f141f0d is true
2018-10-19 06:01:46.227 [uncertain.proc] [CONFIG] [action] AccessCheck
2018-10-19 06:01:46.228 [uncertain.proc] [CONFIG] [action] CheckServiceLock
2018-10-19 06:01:46.229 [uncertain.proc] [CONFIG] [action] ParseParameter
2018-10-19 06:01:46.229 [uncertain.proc] [CONFIG] [action] ValidateInput
2018-10-19 06:01:46.229 [uncertain.proc] [CONFIG] [action] InvokeService
2018-10-19 06:01:46.231 [uncertain.proc] [CONFIG] [action] DecideStatement
2018-10-19 06:01:46.232 [uncertain.proc] [CONFIG] [action] DecideSqlGenerationMode
2018-10-19 06:01:46.232 [uncertain.proc] [FINE] aurora.database.service.BusinessModelService.onDecideSqlGenerationMode
2018-10-19 06:01:46.232 [uncertain.proc] [CONFIG] [action] CreateOperationSql
2018-10-19 06:01:46.232 [uncertain.proc] [CONFIG] [action] PopulateOperationSql
2018-10-19 06:01:46.232 [uncertain.proc] [FINE] aurora.database.features.OrderByClauseCreator.onPopulateOperationSql
2018-10-19 06:01:46.232 [uncertain.proc] [FINE] aurora.database.features.WhereClauseCreator.onPopulateOperationSql
2018-10-19 06:01:46.232 [uncertain.proc] [CONFIG] [action] CreateSqlRunner
2018-10-19 06:01:46.233 [uncertain.proc] [FINE] aurora.database.service.BusinessModelService.onCreateSqlRunner
2018-10-19 06:01:46.233 [uncertain.proc] [CONFIG] [action] ExecuteDmlStatement
2018-10-19 06:01:46.233 [uncertain.proc] [FINE] aurora.database.service.BusinessModelService.onExecuteDmlStatement
2018-10-19 06:01:47.959 [aurora.database] [CONFIG] 
============= BEGIN [Update] SQL Statement execution dump ============
   
            begin
				exp_requisition_pkg.submit_exp_requisition(?,?);			  
			end;
			
---------------------Binding info---------------------
No.1	Access path:@head_id	Data type of passed value :java.lang.String	Value:2032	Output:false	Database Type:null	
No.2	Access path:/session/@user_id	Data type of passed value :java.lang.Long	Value:213	Output:false	Database Type:null	

=============== END [Update] SQL Statement execution dump ============

2018-10-19 06:01:47.959 [uncertain.proc] [CONFIG] [action] CreateSuccessResponse
