2018-10-18 06:32:58.473 [aurora.application.session_check] [CONFIG] Session data copied to context
2018-10-18 06:32:58.473 [aurora.application.session_check] [CONFIG] Checking BM access db.exp_requisition_pkg.get_employee_info for operation batch_update
2018-10-18 06:32:58.473 [aurora.application.session_check] [CONFIG] for batch_update, access check will be performed on each record from parameter
2018-10-18 06:32:58.473 [uncertain.proc] [CONFIG] [action] AccessCheck
2018-10-18 06:32:58.476 [uncertain.proc] [CONFIG] [action] CheckServiceLock
2018-10-18 06:32:58.477 [uncertain.proc] [CONFIG] [action] ParseParameter
2018-10-18 06:32:58.477 [uncertain.proc] [CONFIG] [action] ValidateInput
2018-10-18 06:32:58.477 [uncertain.proc] [CONFIG] [action] InvokeService
2018-10-18 06:32:58.482 [aurora.database] [CONFIG] ============ Running model batch update with data from path /parameter, total 1 records
2018-10-18 06:32:58.482 [aurora.database] [CONFIG] execute update on record No.0 for model db.exp_requisition_pkg.get_employee_info
2018-10-18 06:32:58.490 [uncertain.proc] [CONFIG] [action] DecideStatement
2018-10-18 06:32:58.493 [uncertain.proc] [CONFIG] [action] DecideSqlGenerationMode
2018-10-18 06:32:58.493 [uncertain.proc] [FINE] aurora.database.service.BusinessModelService.onDecideSqlGenerationMode
2018-10-18 06:32:58.493 [uncertain.proc] [CONFIG] [action] CreateOperationSql
2018-10-18 06:32:58.493 [uncertain.proc] [CONFIG] [action] PopulateOperationSql
2018-10-18 06:32:58.493 [uncertain.proc] [FINE] aurora.database.features.OrderByClauseCreator.onPopulateOperationSql
2018-10-18 06:32:58.493 [uncertain.proc] [FINE] aurora.database.features.WhereClauseCreator.onPopulateOperationSql
2018-10-18 06:32:58.493 [uncertain.proc] [CONFIG] [action] CreateSqlRunner
2018-10-18 06:32:58.493 [uncertain.proc] [FINE] aurora.database.service.BusinessModelService.onCreateSqlRunner
2018-10-18 06:32:58.493 [uncertain.proc] [CONFIG] [action] ExecuteDmlStatement
2018-10-18 06:32:58.493 [uncertain.proc] [FINE] aurora.database.service.BusinessModelService.onExecuteDmlStatement
2018-10-18 06:32:58.495 [aurora.database] [CONFIG] 
============= BEGIN [Update] SQL Statement execution dump ============
 begin
  exp_requisition_pkg.get_employee_info(?,
                                        ?,
                                        ?,
                                        ? ,
                                        ?,
                                        ? ,
                                        ? ,
                                        ?,
                                        ?,
                                        ?,
                                        ? ,
                                        ? ,
                                        ?);
end;
---------------------Binding info---------------------
No.1	Access path:@employee_id	Data type of passed value :java.lang.String	Value:2271	Output:false	Database Type:null	
No.2	Access path:/session/@company_id	Data type of passed value :java.lang.Integer	Value:2555	Output:false	Database Type:null	
No.3	Access path:@employee_code	Data type of passed value :[null]	Value:null	Output:true	Database Type:null	
No.4	Access path:@company_id	Data type of passed value :[null]	Value:null	Output:true	Database Type:null	
No.5	Access path:@company_code	Data type of passed value :[null]	Value:null	Output:true	Database Type:null	
No.6	Access path:@unit_id	Data type of passed value :[null]	Value:null	Output:true	Database Type:null	
No.7	Access path:@unit_code	Data type of passed value :[null]	Value:null	Output:true	Database Type:null	
No.8	Access path:@operate_unit_id	Data type of passed value :[null]	Value:null	Output:false	Database Type:null	
No.9	Access path:@operate_unit_code	Data type of passed value :[null]	Value:null	Output:false	Database Type:null	
No.10	Access path:@position_id	Data type of passed value :[null]	Value:null	Output:true	Database Type:null	
No.11	Access path:@position_code	Data type of passed value :[null]	Value:null	Output:true	Database Type:null	
No.12	Access path:@responsibility_center_id	Data type of passed value :[null]	Value:null	Output:true	Database Type:null	
No.13	Access path:@responsibility_center_code	Data type of passed value :[null]	Value:null	Output:true	Database Type:null	

=============== END [Update] SQL Statement execution dump ============

2018-10-18 06:32:58.495 [aurora.database] [CONFIG] ============ End of batch update for /parameter
2018-10-18 06:32:58.495 [uncertain.proc] [CONFIG] [action] CreateSuccessResponse
