2018-10-18 06:37:28.696 [aurora.application.session_check] [CONFIG] Session data copied to context
2018-10-18 06:37:28.697 [aurora.application.session_check] [CONFIG] Checking BM access db.sys_parameter_pkg.update_parameter_values for operation batch_update
2018-10-18 06:37:28.697 [aurora.application.session_check] [CONFIG] for batch_update, access check will be performed on each record from parameter
2018-10-18 06:37:28.697 [uncertain.proc] [CONFIG] [action] AccessCheck
2018-10-18 06:37:28.698 [uncertain.proc] [CONFIG] [action] CheckServiceLock
2018-10-18 06:37:28.698 [uncertain.proc] [CONFIG] [action] ParseParameter
2018-10-18 06:37:28.698 [uncertain.proc] [CONFIG] [action] ValidateInput
2018-10-18 06:37:28.698 [uncertain.proc] [CONFIG] [action] InvokeService
2018-10-18 06:37:28.699 [aurora.database] [CONFIG] ============ Running model batch update with data from path /parameter, total 1 records
2018-10-18 06:37:28.699 [aurora.database] [CONFIG] execute update on record No.0 for model db.sys_parameter_pkg.update_parameter_values
2018-10-18 06:37:28.700 [uncertain.proc] [CONFIG] [action] DecideStatement
2018-10-18 06:37:28.701 [uncertain.proc] [CONFIG] [action] DecideSqlGenerationMode
2018-10-18 06:37:28.701 [uncertain.proc] [FINE] aurora.database.service.BusinessModelService.onDecideSqlGenerationMode
2018-10-18 06:37:28.701 [uncertain.proc] [CONFIG] [action] CreateOperationSql
2018-10-18 06:37:28.701 [uncertain.proc] [CONFIG] [action] PopulateOperationSql
2018-10-18 06:37:28.701 [uncertain.proc] [FINE] aurora.database.features.OrderByClauseCreator.onPopulateOperationSql
2018-10-18 06:37:28.701 [uncertain.proc] [FINE] aurora.database.features.WhereClauseCreator.onPopulateOperationSql
2018-10-18 06:37:28.702 [uncertain.proc] [CONFIG] [action] CreateSqlRunner
2018-10-18 06:37:28.702 [uncertain.proc] [FINE] aurora.database.service.BusinessModelService.onCreateSqlRunner
2018-10-18 06:37:28.702 [uncertain.proc] [CONFIG] [action] ExecuteDmlStatement
2018-10-18 06:37:28.702 [uncertain.proc] [FINE] aurora.database.service.BusinessModelService.onExecuteDmlStatement
2018-10-18 06:37:28.703 [aurora.database] [CONFIG] 
============= BEGIN [Update] SQL Statement execution dump ============

                begin
                          sys_parameter_pkg.update_parameter_values(?,
                                                                    ?,
                                                                    ?,
                                                                    ?,
                                                                    ?,
                                                                    ?,
                                                                    ?,
                                                                    ?);
                        end;
            
---------------------Binding info---------------------
No.1	Access path:@parameter_id	Data type of passed value :java.lang.Integer	Value:9	Output:false	Database Type:null	
No.2	Access path:@module_id	Data type of passed value :java.lang.Integer	Value:2	Output:false	Database Type:null	
No.3	Access path:@level_id	Data type of passed value :java.lang.String	Value:101	Output:false	Database Type:null	
No.4	Access path:@level_value	Data type of passed value :[null]	Value:null	Output:false	Database Type:null	
No.5	Access path:@parameter_value	Data type of passed value :java.lang.String	Value:Y	Output:false	Database Type:null	
No.6	Access path:@value_code	Data type of passed value :java.lang.String	Value:Y	Output:false	Database Type:null	
No.7	Access path:@value_name	Data type of passed value :java.lang.String	Value:是	Output:false	Database Type:null	
No.8	Access path:/session/@user_id	Data type of passed value :java.lang.Long	Value:2242	Output:false	Database Type:null	

=============== END [Update] SQL Statement execution dump ============

2018-10-18 06:37:28.703 [aurora.database] [CONFIG] ============ End of batch update for /parameter
2018-10-18 06:37:28.703 [uncertain.proc] [CONFIG] [action] CreateSuccessResponse
