2018-10-18 06:09:30.332 [aurora.application.session_check] [CONFIG] Session data copied to context
2018-10-18 06:09:30.332 [aurora.application.session_check] [CONFIG] Checking BM access db.wfl_sob_workflow_transaction.wfl_sob_workflow_assign_company for operation batch_update
2018-10-18 06:09:30.332 [aurora.application.session_check] [CONFIG] for batch_update, access check will be performed on each record from parameter
2018-10-18 06:09:30.332 [uncertain.proc] [CONFIG] [action] AccessCheck
2018-10-18 06:09:30.334 [uncertain.proc] [CONFIG] [action] CheckServiceLock
2018-10-18 06:09:30.334 [uncertain.proc] [CONFIG] [action] ParseParameter
2018-10-18 06:09:30.334 [uncertain.proc] [CONFIG] [action] ValidateInput
2018-10-18 06:09:30.334 [uncertain.proc] [CONFIG] [action] InvokeService
2018-10-18 06:09:30.336 [aurora.database] [CONFIG] ============ Running model batch update with data from path /parameter, total 1 records
2018-10-18 06:09:30.336 [aurora.database] [CONFIG] execute insert on record No.0 for model db.wfl_sob_workflow_transaction.wfl_sob_workflow_assign_company
2018-10-18 06:09:30.339 [uncertain.proc] [CONFIG] [action] DecideStatement
2018-10-18 06:09:30.342 [uncertain.proc] [CONFIG] [action] DecideSqlGenerationMode
2018-10-18 06:09:30.342 [uncertain.proc] [FINE] aurora.database.service.BusinessModelService.onDecideSqlGenerationMode
2018-10-18 06:09:30.342 [uncertain.proc] [CONFIG] [action] CreateOperationSql
2018-10-18 06:09:30.342 [uncertain.proc] [CONFIG] [action] PopulateOperationSql
2018-10-18 06:09:30.342 [uncertain.proc] [FINE] aurora.database.features.OrderByClauseCreator.onPopulateOperationSql
2018-10-18 06:09:30.342 [uncertain.proc] [FINE] aurora.database.features.WhereClauseCreator.onPopulateOperationSql
2018-10-18 06:09:30.342 [uncertain.proc] [CONFIG] [action] CreateSqlRunner
2018-10-18 06:09:30.343 [uncertain.proc] [FINE] aurora.database.service.BusinessModelService.onCreateSqlRunner
2018-10-18 06:09:30.343 [uncertain.proc] [CONFIG] [action] ExecuteDmlStatement
2018-10-18 06:09:30.343 [uncertain.proc] [FINE] aurora.database.service.BusinessModelService.onExecuteDmlStatement
2018-10-18 06:09:30.348 [aurora.database] [CONFIG] 
============= BEGIN [Insert] SQL Statement execution dump ============

                begin
                    
                    wfl_sob_transaction_pkg.insert_company_wfl_trs_bat(?,
													?,
													?,
													?,
													?,
													?); 																	
                    
                end;
---------------------Binding info---------------------
No.1	Access path:/parameter/@transaction_category	Data type of passed value :java.lang.String	Value:EXP_REPORT	Output:false	Database Type:null	
No.2	Access path:/parameter/@transaction_type_code	Data type of passed value :java.lang.String	Value:BX03	Output:false	Database Type:null	
No.3	Access path:/parameter/@workflow_code	Data type of passed value :java.lang.String	Value:CLBX_ZONG	Output:false	Database Type:null	
No.4	Access path:@company_id	Data type of passed value :java.lang.Long	Value:2555	Output:false	Database Type:null	
No.5	Access path:@enabled_flag	Data type of passed value :java.lang.String	Value:Y	Output:false	Database Type:null	
No.6	Access path:/parameter/@set_of_books_id	Data type of passed value :java.lang.String	Value:122	Output:false	Database Type:null	

=============== END [Insert] SQL Statement execution dump ============

2018-10-18 06:09:30.348 [aurora.database] [CONFIG] ============ End of batch update for /parameter
2018-10-18 06:09:30.348 [uncertain.proc] [CONFIG] [action] CreateSuccessResponse
