2018-10-15 01:27:35.815 [aurora.application.session_check] [CONFIG] Session data copied to context
2018-10-15 01:27:35.815 [aurora.application.session_check] [CONFIG] Checking BM access eam.eam0030.eam0030_exp_org_unit_lov for operation query
2018-10-15 01:27:35.816 [aurora.application.session_check] [CONFIG] Result from aurora.bm.DefaultAccessChecker@1dafc9f3 is true
2018-10-15 01:27:35.816 [uncertain.proc] [CONFIG] [action] AccessCheck
2018-10-15 01:27:35.818 [uncertain.proc] [CONFIG] [action] CheckServiceLock
2018-10-15 01:27:35.818 [uncertain.proc] [CONFIG] [action] ParseParameter
2018-10-15 01:27:35.818 [uncertain.proc] [CONFIG] [action] ValidateInput
2018-10-15 01:27:35.818 [uncertain.proc] [CONFIG] [action] InvokeService
2018-10-15 01:27:35.818 [aurora.database] [CONFIG] ===================================== prepare to run model-query eam.eam0030.eam0030_exp_org_unit_lov==============================
2018-10-15 01:27:35.823 [uncertain.proc] [CONFIG] [action] DecideSqlGenerationMode
2018-10-15 01:27:35.823 [uncertain.proc] [FINE] aurora.database.service.BusinessModelService.onDecideSqlGenerationMode
2018-10-15 01:27:35.823 [uncertain.proc] [CONFIG] [action] CreatequeryStatement
2018-10-15 01:27:35.823 [uncertain.proc] [FINE] aurora.bm.QuerySqlCreator.onCreateQueryStatement
2018-10-15 01:27:35.823 [uncertain.proc] [CONFIG] [action] PopulatequeryStatement
2018-10-15 01:27:35.823 [uncertain.proc] [FINE] aurora.database.features.OrderByClauseCreator.onPopulateQueryStatement
2018-10-15 01:27:35.823 [uncertain.proc] [FINE] aurora.database.features.WhereClauseCreator.onPopulateQueryStatement
2018-10-15 01:27:35.823 [uncertain.proc] [CONFIG] [action] CreatequerySql
2018-10-15 01:27:35.823 [uncertain.proc] [FINE] aurora.bm.QuerySqlCreator.onCreateQuerySql
2018-10-15 01:27:35.823 [uncertain.proc] [CONFIG] [action] ExecuteQuery
2018-10-15 01:27:35.823 [uncertain.proc] [FINE] aurora.bm.QuerySqlCreator.onExecuteQuery
2018-10-15 01:27:35.825 [uncertain.proc] [CONFIG] [action] QueryFinish
2018-10-15 01:27:35.826 [uncertain.proc] [FINE] aurora.database.features.AutoQueryCounter.onQueryFinish
2018-10-15 01:27:35.826 [uncertain.proc] [CONFIG] [action] FetchResultSet
2018-10-15 01:27:35.826 [uncertain.proc] [FINE] aurora.database.features.CacheBasedLookUpField.postFetchResultSet
2018-10-15 01:27:35.826 [aurora.database] [CONFIG] 
============= BEGIN [query] SQL Statement execution dump ============
SELECT t1.unit_id,t1.responsibility_center_id,(select fcv.company_short_name from fnd_companies_vl fcv where fcv.company_id=t1.company_id) AS company_name,(select v.responsibility_center_name from fnd_responsibility_centers_vl v where v.responsibility_center_id=t1.responsibility_center_id) AS responsibility_center_name,t1.unit_code,t1.company_id,(select description_text from fnd_descriptions fd where fd.description_id = t1.description_id and fd.language = ?) AS unit_code_name
FROM EXP_ORG_UNIT t1
WHERE t1.enabled_flag='Y' AND (t1.responsibility_center_id = decode(nvl(?,'TRA'),'DEP',nvl(?,0),t1.responsibility_center_id) and t1.responsibility_center_id not in decode(nvl(?,'DEP'),'TRA',nvl(?,0),-1)) AND exists (SELECT 1 FROM  eam_asset_companies_vl eacv  WHERE eacv.parent_company_id = ? AND t1.company_id = eacv.company_id )
---------------------Binding info---------------------
No.1	Access path:/session/@lang	Data type of passed value :java.lang.String	Value:ZHS	Output:false	Database Type:null	
No.2	Access path:@base_trx_category	Data type of passed value :[null]	Value:null	Output:false	Database Type:null	
No.3	Access path:@responsibility_center_id	Data type of passed value :[null]	Value:null	Output:false	Database Type:null	
No.4	Access path:@base_trx_category	Data type of passed value :[null]	Value:null	Output:false	Database Type:null	
No.5	Access path:@responsibility_center_id	Data type of passed value :[null]	Value:null	Output:false	Database Type:null	
No.6	Access path:@company_id	Data type of passed value :java.lang.String	Value:835	Output:false	Database Type:null	

=============== END [query] SQL Statement execution dump ============

2018-10-15 01:27:35.827 [uncertain.proc] [CONFIG] [action] CreateSuccessResponse
