2018-10-15 01:27:22.454 [aurora.application.session_check] [CONFIG] Session data copied to context
2018-10-15 01:27:22.455 [aurora.application.session_check] [CONFIG] Checking BM access eam.eam0311.eam0311_requisition_headers_edit for operation insert
2018-10-15 01:27:22.456 [aurora.application.session_check] [CONFIG] Result from aurora.bm.DefaultAccessChecker$ConstantChecker@442252e5 is true
2018-10-15 01:27:22.456 [uncertain.proc] [CONFIG] [action] AccessCheck
2018-10-15 01:27:22.457 [uncertain.proc] [CONFIG] [action] CheckServiceLock
2018-10-15 01:27:22.457 [uncertain.proc] [CONFIG] [action] ParseParameter
2018-10-15 01:27:22.458 [uncertain.proc] [CONFIG] [action] ValidateInput
2018-10-15 01:27:22.458 [uncertain.proc] [CONFIG] [action] InvokeService
2018-10-15 01:27:22.463 [uncertain.proc] [CONFIG] [action] DecideStatement
2018-10-15 01:27:22.464 [uncertain.proc] [CONFIG] [action] DecideSqlGenerationMode
2018-10-15 01:27:22.464 [uncertain.proc] [FINE] aurora.database.service.BusinessModelService.onDecideSqlGenerationMode
2018-10-15 01:27:22.464 [uncertain.proc] [CONFIG] [action] CreateOperationSql
2018-10-15 01:27:22.464 [uncertain.proc] [CONFIG] [action] PopulateOperationSql
2018-10-15 01:27:22.464 [uncertain.proc] [FINE] aurora.database.features.OrderByClauseCreator.onPopulateOperationSql
2018-10-15 01:27:22.464 [uncertain.proc] [FINE] aurora.database.features.WhereClauseCreator.onPopulateOperationSql
2018-10-15 01:27:22.464 [uncertain.proc] [CONFIG] [action] CreateSqlRunner
2018-10-15 01:27:22.464 [uncertain.proc] [FINE] aurora.database.service.BusinessModelService.onCreateSqlRunner
2018-10-15 01:27:22.464 [uncertain.proc] [CONFIG] [action] ExecuteDmlStatement
2018-10-15 01:27:22.464 [uncertain.proc] [FINE] aurora.database.service.BusinessModelService.onExecuteDmlStatement
2018-10-15 01:27:22.473 [aurora.database] [CONFIG] 
============= BEGIN [Insert] SQL Statement execution dump ============

                BEGIN
                	eam_requisition_pkg.insert_eam_requisition_header(
                						  p_requisition_header_id    =>?,
                                          p_asset_book_id           =>?,
                                          p_company_id              =>?,
                                          p_operation_unit_id       =>?,
                                          p_employee_id             =>?,
                                          p_position_id             =>?,
                                          p_unit_id                 =>?,
                                          p_ast_requisition_type_id =>?,
                                          p_requisition_date        =>to_date(?, 'yyyy-mm-dd'),
                                          p_period_name             =>?,
                                          p_attachment_num          =>?,
                                          p_value_type              =>?,
                                          p_description             =>?,
                                          p_release_status          =>?,
                                          p_reversed_flag           =>?,
                                          p_reversed_by             =>?,
                                          p_reverse_date            =>?,
                                          p_source_req_header_id    =>?,
                                          p_source_type             =>?,
                                          p_user_id                 =>?);
                END;
            
---------------------Binding info---------------------
No.1	Access path:@requisition_header_id	Data type of passed value :[null]	Value:null	Output:true	Database Type:null	
No.2	Access path:@asset_book_id	Data type of passed value :java.lang.String	Value:1	Output:false	Database Type:null	
No.3	Access path:/session/@company_id	Data type of passed value :java.lang.String	Value:835	Output:false	Database Type:null	
No.4	Access path:@operation_unit_id	Data type of passed value :[null]	Value:null	Output:false	Database Type:null	
No.5	Access path:@employee_id	Data type of passed value :java.lang.String	Value:212	Output:false	Database Type:null	
No.6	Access path:@position_id	Data type of passed value :java.lang.String	Value:18	Output:false	Database Type:null	
No.7	Access path:@unit_id	Data type of passed value :java.lang.String	Value:5	Output:false	Database Type:null	
No.8	Access path:@ast_requisition_type_id	Data type of passed value :java.lang.Integer	Value:61	Output:false	Database Type:null	
No.9	Access path:@requisition_date	Data type of passed value :java.lang.String	Value:2018-10-15	Output:false	Database Type:null	
No.10	Access path:@period_name	Data type of passed value :java.lang.String	Value:2018-10	Output:false	Database Type:null	
No.11	Access path:@attachment_num	Data type of passed value :[null]	Value:null	Output:false	Database Type:null	
No.12	Access path:@value_type	Data type of passed value :java.lang.String	Value:FINAL	Output:false	Database Type:null	
No.13	Access path:@req_desc	Data type of passed value :[null]	Value:null	Output:false	Database Type:null	
No.14	Access path:@release_status	Data type of passed value :[null]	Value:null	Output:false	Database Type:null	
No.15	Access path:@reversed_flag	Data type of passed value :[null]	Value:null	Output:false	Database Type:null	
No.16	Access path:@reversed_by	Data type of passed value :[null]	Value:null	Output:false	Database Type:null	
No.17	Access path:@reverse_date	Data type of passed value :[null]	Value:null	Output:false	Database Type:null	
No.18	Access path:@source_req_header_id	Data type of passed value :[null]	Value:null	Output:false	Database Type:null	
No.19	Access path:@source_type	Data type of passed value :[null]	Value:null	Output:false	Database Type:null	
No.20	Access path:/session/@user_id	Data type of passed value :java.lang.Long	Value:213	Output:false	Database Type:null	

=============== END [Insert] SQL Statement execution dump ============

2018-10-15 01:27:22.473 [uncertain.proc] [CONFIG] [action] CreateSuccessResponse
