2018-10-15 06:32:43.879 [aurora.application.session_check] [CONFIG] Session data copied to context
2018-10-15 06:32:43.880 [aurora.application.session_check] [CONFIG] Checking BM access eam.eam0710.eam0710_counting_plan_headers_query for operation query
2018-10-15 06:32:43.881 [aurora.application.session_check] [CONFIG] Result from aurora.bm.DefaultAccessChecker@64e8a2bd is true
2018-10-15 06:32:43.881 [uncertain.proc] [CONFIG] [action] AccessCheck
2018-10-15 06:32:43.882 [uncertain.proc] [CONFIG] [action] CheckServiceLock
2018-10-15 06:32:43.882 [uncertain.proc] [CONFIG] [action] ParseParameter
2018-10-15 06:32:43.882 [uncertain.proc] [CONFIG] [action] ValidateInput
2018-10-15 06:32:43.882 [uncertain.proc] [CONFIG] [action] InvokeService
2018-10-15 06:32:43.882 [aurora.database] [CONFIG] ===================================== prepare to run model-query eam.eam0710.eam0710_counting_plan_headers_query==============================
2018-10-15 06:32:43.886 [uncertain.proc] [CONFIG] [action] DecideSqlGenerationMode
2018-10-15 06:32:43.886 [uncertain.proc] [FINE] aurora.database.service.BusinessModelService.onDecideSqlGenerationMode
2018-10-15 06:32:43.886 [uncertain.proc] [CONFIG] [action] CreatequeryStatement
2018-10-15 06:32:43.886 [uncertain.proc] [FINE] aurora.bm.QuerySqlCreator.onCreateQueryStatement
2018-10-15 06:32:43.886 [uncertain.proc] [CONFIG] [action] PopulatequeryStatement
2018-10-15 06:32:43.886 [uncertain.proc] [FINE] aurora.database.features.OrderByClauseCreator.onPopulateQueryStatement
2018-10-15 06:32:43.886 [uncertain.proc] [FINE] aurora.database.features.WhereClauseCreator.onPopulateQueryStatement
2018-10-15 06:32:43.886 [uncertain.proc] [CONFIG] [action] CreatequerySql
2018-10-15 06:32:43.886 [uncertain.proc] [FINE] aurora.bm.QuerySqlCreator.onCreateQuerySql
2018-10-15 06:32:43.886 [uncertain.proc] [CONFIG] [action] ExecuteQuery
2018-10-15 06:32:43.886 [uncertain.proc] [FINE] aurora.bm.QuerySqlCreator.onExecuteQuery
2018-10-15 06:32:43.922 [uncertain.proc] [CONFIG] [action] QueryFinish
2018-10-15 06:32:43.922 [uncertain.proc] [FINE] aurora.database.features.AutoQueryCounter.onQueryFinish
2018-10-15 06:32:43.925 [uncertain.proc] [CONFIG] [action] FetchResultSet
2018-10-15 06:32:43.925 [uncertain.proc] [FINE] aurora.database.features.CacheBasedLookUpField.postFetchResultSet
2018-10-15 06:32:43.925 [aurora.database] [CONFIG] 
============= BEGIN [query] SQL Statement execution dump ============
SELECT t1.COUNTING_PLAN_HEADER_ID,t1.ASSET_BOOK_ID,(select f.description_text from eam_asset_books a,fnd_descriptions f where a.asset_book_id = t1.asset_book_id         and f.description_id = a.description_id         and f.language = ?) AS asset_book_desc,t1.COUNTING_PLAN_NUMBER,t1.COUNTING_NAME,to_char(t1.plan_date,'yyyy-mm-dd') AS plan_date,t1.EMPLOYEE_ID,(select e.employee_code ||'_'||e.name from exp_employees e where e.employee_id = t1.employee_id) AS employee_desc,t1.STATUS,(SELECT     t.code_value_name FROM     sys_service_lookup_v t WHERE     t.enabled_flag = 'Y'     and t.code='EAM_ASSET_COUNTING_PLAN_STATUS'     and t.language=?     and t.code_value = t1.status) AS status_desc,t1.DESCRIPTION
FROM EAM_COUNTING_PLAN_HEADERS t1
WHERE t1.status IN ('NEW','TAKE_BACK') AND t1.created_by = ? AND t1.plan_date>=to_date(?, 'yyyy-MM-dd') AND t1.plan_date<=to_date(?, 'yyyy-MM-dd')
ORDER BY counting_plan_number desc
---------------------Binding info---------------------
No.1	Access path:/session/@lang	Data type of passed value :java.lang.String	Value:ZHS	Output:false	Database Type:null	
No.2	Access path:/session/@lang	Data type of passed value :java.lang.String	Value:ZHS	Output:false	Database Type:null	
No.3	Access path:/session/@user_id	Data type of passed value :java.lang.Long	Value:1	Output:false	Database Type:null	
No.4	Access path:@req_date_from	Data type of passed value :java.lang.String	Value:2018-09-15	Output:false	Database Type:null	
No.5	Access path:@req_date_to	Data type of passed value :java.lang.String	Value:2018-10-15	Output:false	Database Type:null	

=============== END [query] SQL Statement execution dump ============

2018-10-15 06:32:43.925 [uncertain.proc] [CONFIG] [action] CreateSuccessResponse
