2018-10-15 01:30:00.547 [aurora.application.session_check] [CONFIG] Session data copied to context
2018-10-15 01:30:00.547 [aurora.application.session_check] [CONFIG] Checking BM access eam.eam0910.eam0910_transaction_accounts_edit for operation execute
2018-10-15 01:30:00.550 [aurora.application.session_check] [CONFIG] Result from aurora.bm.DefaultAccessChecker@2ae6a769 is true
2018-10-15 01:30:00.550 [uncertain.proc] [CONFIG] [action] AccessCheck
2018-10-15 01:30:00.551 [uncertain.proc] [CONFIG] [action] CheckServiceLock
2018-10-15 01:30:00.552 [uncertain.proc] [CONFIG] [action] ParseParameter
2018-10-15 01:30:00.552 [uncertain.proc] [CONFIG] [action] ValidateInput
2018-10-15 01:30:00.552 [uncertain.proc] [CONFIG] [action] InvokeService
2018-10-15 01:30:00.556 [uncertain.proc] [CONFIG] [action] DecideStatement
2018-10-15 01:30:00.557 [uncertain.proc] [CONFIG] [action] DecideSqlGenerationMode
2018-10-15 01:30:00.557 [uncertain.proc] [FINE] aurora.database.service.BusinessModelService.onDecideSqlGenerationMode
2018-10-15 01:30:00.557 [uncertain.proc] [CONFIG] [action] CreateOperationSql
2018-10-15 01:30:00.557 [uncertain.proc] [CONFIG] [action] PopulateOperationSql
2018-10-15 01:30:00.557 [uncertain.proc] [FINE] aurora.database.features.OrderByClauseCreator.onPopulateOperationSql
2018-10-15 01:30:00.557 [uncertain.proc] [FINE] aurora.database.features.WhereClauseCreator.onPopulateOperationSql
2018-10-15 01:30:00.557 [uncertain.proc] [CONFIG] [action] CreateSqlRunner
2018-10-15 01:30:00.557 [uncertain.proc] [FINE] aurora.database.service.BusinessModelService.onCreateSqlRunner
2018-10-15 01:30:00.557 [uncertain.proc] [CONFIG] [action] ExecuteDmlStatement
2018-10-15 01:30:00.557 [uncertain.proc] [FINE] aurora.database.service.BusinessModelService.onExecuteDmlStatement
2018-10-15 01:30:00.849 [aurora.database] [CONFIG] 
============= BEGIN [execute] SQL Statement execution dump ============

    			begin
    				eam_requisition_pkg.create_asset_accounts(p_requisition_header_id => ?,
    														  p_requisition_line_id => ?,
							                                  p_journal_date          => to_date(?,'yyyy-mm-dd'),
							                                  p_currency_code         => 'CNY',
							                                  p_exchange_rate         => 1,
							                                  p_company_id            => ?,
							                                  p_user_id               => ?);
    			end;
    		
---------------------Binding info---------------------
No.1	Access path:@requisition_header_id	Data type of passed value :java.lang.String	Value:552	Output:false	Database Type:null	
No.2	Access path:@requisition_line_id	Data type of passed value :java.lang.String	Value:614	Output:false	Database Type:null	
No.3	Access path:@journal_date	Data type of passed value :java.lang.String	Value:2018-10-15	Output:false	Database Type:null	
No.4	Access path:/session/@company_id	Data type of passed value :java.lang.String	Value:835	Output:false	Database Type:null	
No.5	Access path:/session/@user_id	Data type of passed value :java.lang.Long	Value:1	Output:false	Database Type:null	

=============== END [execute] SQL Statement execution dump ============

2018-10-15 01:30:00.850 [uncertain.proc] [CONFIG] [action] HandleException
2018-10-15 01:30:00.853 [uncertain.proc] [CONFIG] [action] DecideSqlGenerationMode
2018-10-15 01:30:00.853 [uncertain.proc] [FINE] aurora.database.service.BusinessModelService.onDecideSqlGenerationMode
2018-10-15 01:30:00.853 [uncertain.proc] [CONFIG] [action] CreateOperationSql
2018-10-15 01:30:00.853 [uncertain.proc] [CONFIG] [action] PopulateOperationSql
2018-10-15 01:30:00.853 [uncertain.proc] [FINE] aurora.database.features.OrderByClauseCreator.onPopulateOperationSql
2018-10-15 01:30:00.853 [uncertain.proc] [FINE] aurora.database.features.WhereClauseCreator.onPopulateOperationSql
2018-10-15 01:30:00.853 [uncertain.proc] [CONFIG] [action] ExecuteQuery
2018-10-15 01:30:00.853 [uncertain.proc] [FINE] aurora.bm.QuerySqlCreator.onExecuteQuery
2018-10-15 01:30:00.854 [uncertain.proc] [CONFIG] [action] QueryFinish
2018-10-15 01:30:00.854 [uncertain.proc] [FINE] aurora.database.features.AutoQueryCounter.onQueryFinish
2018-10-15 01:30:00.854 [uncertain.proc] [CONFIG] [action] FetchResultSet
2018-10-15 01:30:00.854 [uncertain.proc] [FINE] aurora.database.features.CacheBasedLookUpField.postFetchResultSet
2018-10-15 01:30:00.854 [aurora.database] [CONFIG] 
============= BEGIN [query] SQL Statement execution dump ============

                select message,message_code from sys_raise_app_errors where app_error_line_id = ?
            
---------------------Binding info---------------------
No.1	Access path:@lineId	Data type of passed value :java.lang.Integer	Value:23245	Output:false	Database Type:null	

=============== END [query] SQL Statement execution dump ============

2018-10-15 01:30:00.854 [uncertain.proc] [CONFIG] [action] CreateFailResponse
2018-10-15 01:30:00.854 [aurora.application] [SEVERE] java.sql.SQLException: ORA-20000: 23245
ORA-06512: 在 "CCBLHEC.EAM_REQUISITION_PKG", line 6955
ORA-06512: 在 line 3

	at oracle.jdbc.driver.T4CTTIoer.processError(T4CTTIoer.java:450)
	at oracle.jdbc.driver.T4CTTIoer.processError(T4CTTIoer.java:399)
	at oracle.jdbc.driver.T4C8Oall.processError(T4C8Oall.java:1059)
	at oracle.jdbc.driver.T4CTTIfun.receive(T4CTTIfun.java:522)
	at oracle.jdbc.driver.T4CTTIfun.doRPC(T4CTTIfun.java:257)
	at oracle.jdbc.driver.T4C8Oall.doOALL(T4C8Oall.java:587)
	at oracle.jdbc.driver.T4CPreparedStatement.doOall8(T4CPreparedStatement.java:225)
	at oracle.jdbc.driver.T4CPreparedStatement.doOall8(T4CPreparedStatement.java:53)
	at oracle.jdbc.driver.T4CPreparedStatement.executeForRows(T4CPreparedStatement.java:943)
	at oracle.jdbc.driver.OracleStatement.doExecuteWithTimeout(OracleStatement.java:1150)
	at oracle.jdbc.driver.OraclePreparedStatement.executeInternal(OraclePreparedStatement.java:4798)
	at oracle.jdbc.driver.OraclePreparedStatement.executeUpdate(OraclePreparedStatement.java:4875)
	at oracle.jdbc.driver.OraclePreparedStatementWrapper.executeUpdate(OraclePreparedStatementWrapper.java:1361)
	at com.mchange.v2.c3p0.impl.NewProxyPreparedStatement.executeUpdate(NewProxyPreparedStatement.java:105)
	at aurora.database.SqlRunner.updateInternal(SqlRunner.java:274)
	at aurora.database.SqlRunner.update(SqlRunner.java:299)
	at aurora.database.SqlRunner.update(SqlRunner.java:314)
	at aurora.database.service.BusinessModelService.onExecuteDmlStatement(BusinessModelService.java:347)
	at sun.reflect.GeneratedMethodAccessor1034.invoke(Unknown Source)
	at sun.reflect.DelegatingMethodAccessorImpl.invoke(DelegatingMethodAccessorImpl.java:43)
	at java.lang.reflect.Method.invoke(Method.java:498)
	at uncertain.event.ReflectionMethodHandle.handleEvent(ReflectionMethodHandle.java:92)
	at uncertain.event.ReflectionMethodHandle.handleEvent(ReflectionMethodHandle.java:49)
	at uncertain.event.Configuration.fireEventInternal(Configuration.java:450)
	at uncertain.event.Configuration.fireEvent(Configuration.java:388)
	at uncertain.proc.ProcedureRunner.fireEvent(ProcedureRunner.java:352)
	at uncertain.proc.Action.run(Action.java:171)
	at uncertain.proc.ProcedureRunner.run(ProcedureRunner.java:289)
	at uncertain.proc.ProcedureRunner.run(ProcedureRunner.java:330)
	at uncertain.proc.Procedure.run(Procedure.java:101)
	at uncertain.proc.ProcedureRunner.run(ProcedureRunner.java:277)
	at aurora.database.service.BusinessModelService.runProcedure(BusinessModelService.java:244)
	at aurora.database.service.BusinessModelService.executeDml(BusinessModelService.java:260)
	at aurora.database.actions.ModelExecute.run(ModelExecute.java:20)
	at uncertain.proc.ProcedureRunner.run(ProcedureRunner.java:289)
	at uncertain.proc.ProcedureRunner.run(ProcedureRunner.java:330)
	at uncertain.proc.Procedure.run(Procedure.java:101)
	at uncertain.proc.ProcedureRunner.run(ProcedureRunner.java:277)
	at aurora.application.features.AbstractProcedureInvoker.runProcedure(AbstractProcedureInvoker.java:41)
	at aurora.application.features.InitProcedureInvoker.doInvoke(InitProcedureInvoker.java:34)
	at aurora.application.features.InitProcedureInvoker.onInvokeService(InitProcedureInvoker.java:42)
	at sun.reflect.GeneratedMethodAccessor1483.invoke(Unknown Source)
	at sun.reflect.DelegatingMethodAccessorImpl.invoke(DelegatingMethodAccessorImpl.java:43)
	at java.lang.reflect.Method.invoke(Method.java:498)
	at uncertain.event.ReflectionMethodHandle.handleEvent(ReflectionMethodHandle.java:92)
	at uncertain.event.ReflectionMethodHandle.handleEvent(ReflectionMethodHandle.java:49)
	at uncertain.event.Configuration.fireEventInternal(Configuration.java:450)
	at uncertain.event.Configuration.fireEvent(Configuration.java:388)
	at uncertain.proc.ProcedureRunner.fireEvent(ProcedureRunner.java:352)
	at uncertain.proc.Action.run(Action.java:171)
	at uncertain.proc.ProcedureRunner.run(ProcedureRunner.java:289)
	at uncertain.proc.ProcedureRunner.run(ProcedureRunner.java:330)
	at uncertain.proc.Procedure.run(Procedure.java:101)
	at uncertain.proc.Switch.run(Switch.java:90)
	at uncertain.proc.ProcedureRunner.run(ProcedureRunner.java:289)
	at uncertain.proc.ProcedureRunner.run(ProcedureRunner.java:330)
	at uncertain.proc.Procedure.run(Procedure.java:101)
	at uncertain.proc.ProcedureRunner.run(ProcedureRunner.java:277)
	at aurora.service.ServiceInstance.invoke(ServiceInstance.java:133)
	at aurora.service.http.AbstractFacadeServlet.doService(AbstractFacadeServlet.java:158)
	at aurora.service.http.AbstractFacadeServlet.doPost(AbstractFacadeServlet.java:97)
	at javax.servlet.http.HttpServlet.service(HttpServlet.java:751)
	at javax.servlet.http.HttpServlet.service(HttpServlet.java:844)
	at weblogic.servlet.internal.StubSecurityHelper$ServletServiceAction.run(StubSecurityHelper.java:280)
	at weblogic.servlet.internal.StubSecurityHelper$ServletServiceAction.run(StubSecurityHelper.java:254)
	at weblogic.servlet.internal.StubSecurityHelper.invokeServlet(StubSecurityHelper.java:136)
	at weblogic.servlet.internal.ServletStubImpl.execute(ServletStubImpl.java:346)
	at weblogic.servlet.internal.ServletStubImpl.execute(ServletStubImpl.java:243)
	at weblogic.servlet.internal.WebAppServletContext$ServletInvocationAction.wrapRun(WebAppServletContext.java:3432)
	at weblogic.servlet.internal.WebAppServletContext$ServletInvocationAction.run(WebAppServletContext.java:3402)
	at weblogic.security.acl.internal.AuthenticatedSubject.doAs(AuthenticatedSubject.java:321)
	at weblogic.security.service.SecurityManager.runAs(SecurityManager.java:120)
	at weblogic.servlet.provider.WlsSubjectHandle.run(WlsSubjectHandle.java:57)
	at weblogic.servlet.internal.WebAppServletContext.doSecuredExecute(WebAppServletContext.java:2285)
	at weblogic.servlet.internal.WebAppServletContext.securedExecute(WebAppServletContext.java:2201)
	at weblogic.servlet.internal.WebAppServletContext.execute(WebAppServletContext.java:2179)
	at weblogic.servlet.internal.ServletRequestImpl.run(ServletRequestImpl.java:1572)
	at weblogic.servlet.provider.ContainerSupportProviderImpl$WlsRequestExecutor.run(ContainerSupportProviderImpl.java:255)
	at weblogic.work.ExecuteThread.execute(ExecuteThread.java:311)
	at weblogic.work.ExecuteThread.run(ExecuteThread.java:263)

