2018-10-12 07:30:18.866 [aurora.application.session_check] [CONFIG] Session data copied to context
2018-10-12 07:30:18.866 [aurora.application.session_check] [CONFIG] Checking BM access eam.eam0910.eam0910_transaction_accounts_query for operation query
2018-10-12 07:30:18.869 [aurora.application.session_check] [CONFIG] Result from aurora.bm.DefaultAccessChecker@61ccb00d is true
2018-10-12 07:30:18.869 [uncertain.proc] [CONFIG] [action] AccessCheck
2018-10-12 07:30:18.870 [uncertain.proc] [CONFIG] [action] CheckServiceLock
2018-10-12 07:30:18.871 [uncertain.proc] [CONFIG] [action] ParseParameter
2018-10-12 07:30:18.871 [uncertain.proc] [CONFIG] [action] ValidateInput
2018-10-12 07:30:18.871 [uncertain.proc] [CONFIG] [action] InvokeService
2018-10-12 07:30:18.871 [aurora.database] [CONFIG] ===================================== prepare to run model-query eam.eam0910.eam0910_transaction_accounts_query==============================
2018-10-12 07:30:18.878 [uncertain.proc] [CONFIG] [action] DecideSqlGenerationMode
2018-10-12 07:30:18.878 [uncertain.proc] [FINE] aurora.database.service.BusinessModelService.onDecideSqlGenerationMode
2018-10-12 07:30:18.878 [uncertain.proc] [CONFIG] [action] CreateOperationSql
2018-10-12 07:30:18.878 [uncertain.proc] [CONFIG] [action] PopulateOperationSql
2018-10-12 07:30:18.878 [uncertain.proc] [FINE] aurora.database.features.OrderByClauseCreator.onPopulateOperationSql
2018-10-12 07:30:18.878 [uncertain.proc] [FINE] aurora.database.features.WhereClauseCreator.onPopulateOperationSql
2018-10-12 07:30:18.878 [uncertain.proc] [CONFIG] [action] ExecuteQuery
2018-10-12 07:30:18.878 [uncertain.proc] [FINE] aurora.bm.QuerySqlCreator.onExecuteQuery
2018-10-12 07:30:18.884 [uncertain.proc] [CONFIG] [action] QueryFinish
2018-10-12 07:30:18.884 [uncertain.proc] [FINE] aurora.database.features.AutoQueryCounter.onQueryFinish
2018-10-12 07:30:18.886 [uncertain.proc] [CONFIG] [action] FetchResultSet
2018-10-12 07:30:18.886 [uncertain.proc] [FINE] aurora.database.features.CacheBasedLookUpField.postFetchResultSet
2018-10-12 07:30:18.886 [aurora.database] [CONFIG] 
============= BEGIN [query] SQL Statement execution dump ============

                SELECT
                    t.TRANSACTION_JE_LINE_ID,
                    t.TRANSACTION_HEADER_ID,
                    t.SOURCE_CODE,
                    t.DESCRIPTION,
                    t.PERIOD_NAME,
                    t.COMPANY_ID,
                    t.COMPANY_DESC,
                    t.RESPONSIBILITY_CENTER_ID,
                    /*decode(substr(t.ACCOUNT_CODE, 0, 1),
                    '6',
                    t.RESPONSIBILITY_CENTER_DESC,
                    (select v.value_name
                    from sys_parameter_values v
                    where v.level_id = 104
                    and v.level_value = t.COMPANY_ID
                    and v.parameter_value = to_char(t.RESPONSIBILITY_CENTER_ID))) AS RESPONSIBILITY_CENTER_DESC*/
                    t.RESPONSIBILITY_CENTER_DESC,
                    t.ACCOUNT_ID,
                    t.ACCOUNT_CODE,
                    t.ACCOUNT_DESC,
                    t.ENTERED_AMOUNT_DR,
                    t.ENTERED_AMOUNT_CR,
                    t.FUNCTIONAL_AMOUNT_DR,
                    t.FUNCTIONAL_AMOUNT_CR,
                    t.EXCHANGE_RATE,
                    t.CURRENCY_CODE,
                    t.journal_date,
                    t.GLD_INTERFACE_FLAG,
                    t.USAGE_CODE,
                    t.JE_CATEGORY_CODE,
                    t.COMPANY_SEGMENT,
                    t.COMPANY_SEGMENT1,
                    t.COMPANY_SEGMENT2,
                    t.COMPANY_SEGMENT3,
                    t.COMPANY_SEGMENT4,
                    t.COMPANY_SEGMENT5,
                    t.COMPANY_SEGMENT6,
                    t.COMPANY_SEGMENT7,
                    t.COMPANY_SEGMENT8,
                    t.COMPANY_SEGMENT9,
                    t.COMPANY_SEGMENT10,
                    t.COMPANY_SEGMENT11,
                    t.COMPANY_SEGMENT12,
                    t.COMPANY_SEGMENT13,
                    t.COMPANY_SEGMENT14,
                    t.COMPANY_SEGMENT15,
                    t.COMPANY_SEGMENT16,
                    t.COMPANY_SEGMENT17,
                    t.COMPANY_SEGMENT18,
                    t.COMPANY_SEGMENT19,
                    t.COMPANY_SEGMENT20
                FROM
                    (SELECT
                        t1.TRANSACTION_JE_LINE_ID,
                        t1.TRANSACTION_HEADER_ID,
                        t1.SOURCE_CODE,
                        t1.DESCRIPTION,
                        t1.PERIOD_NAME,
                        t1.COMPANY_ID,
                        (SELECT
                            FV.COMPANY_SHORT_NAME
                        FROM
                            FND_COMPANIES_VL FV
                        WHERE
                            FV.COMPANY_ID = t1.COMPANY_ID
                        ) AS COMPANY_DESC,
                        t1.RESPONSIBILITY_CENTER_ID,
                        (SELECT
                            F.RESPONSIBILITY_CENTER_NAME
                        FROM
                            FND_RESPONSIBILITY_CENTERS_VL F
                        WHERE
                            F.RESPONSIBILITY_CENTER_ID = t1.RESPONSIBILITY_CENTER_ID
                        ) AS RESPONSIBILITY_CENTER_DESC,
                        t1.ACCOUNT_ID,
                        (SELECT
                            G.ACCOUNT_CODE
                        FROM
                            GLD_ACCOUNTS_VL G
                        WHERE
                            G.ACCOUNT_ID = t1.ACCOUNT_ID
                        ) AS ACCOUNT_CODE,
                        (SELECT
                            G.DESCRIPTION
                        FROM
                            GLD_ACCOUNTS_VL G
                        WHERE
                            G.ACCOUNT_ID = t1.ACCOUNT_ID
                        ) AS ACCOUNT_DESC,
                        t1.ENTERED_AMOUNT_DR,
                        t1.ENTERED_AMOUNT_CR,
                        t1.FUNCTIONAL_AMOUNT_DR,
                        t1.FUNCTIONAL_AMOUNT_CR,
                        t1.EXCHANGE_RATE,
                        t1.CURRENCY_CODE,
                        TO_CHAR(t1.journal_date, 'yyyy-mm-dd') AS journal_date,
                        /* TO_CHAR(sysdate, 'yyyy-mm-dd') AS journal_date,*/
                        t1.GLD_INTERFACE_FLAG,
                        t1.USAGE_CODE,
                        t1.JE_CATEGORY_CODE,
                        t1.COMPANY_SEGMENT,
                        t1.COMPANY_SEGMENT1,
                        t1.COMPANY_SEGMENT2,
                        t1.COMPANY_SEGMENT3,
                        t1.COMPANY_SEGMENT4,
                        t1.COMPANY_SEGMENT5,
                        t1.COMPANY_SEGMENT6,
                        t1.COMPANY_SEGMENT7,
                        t1.COMPANY_SEGMENT8,
                        t1.COMPANY_SEGMENT9,
                        t1.COMPANY_SEGMENT10,
                        t1.COMPANY_SEGMENT11,
                        t1.COMPANY_SEGMENT12,
                        t1.COMPANY_SEGMENT13,
                        t1.COMPANY_SEGMENT14,
                        t1.COMPANY_SEGMENT15,
                        t1.COMPANY_SEGMENT16,
                        t1.COMPANY_SEGMENT17,
                        t1.COMPANY_SEGMENT18,
                        t1.COMPANY_SEGMENT19,
                        t1.COMPANY_SEGMENT20
                    FROM
                        EAM_TRANSACTION_ACCOUNTS t1,
                        EAM_DOCUMENT_TRX_RELEASES r
                    WHERE
                        t1.transaction_header_id  = r.transaction_header_id AND
                        r.source_document_type    = 'EAM_REQUISITION' AND
                        /* t1.source_code           <>'DEPRN' AND */
                        r.source_document_id      = ? AND
                        r.source_document_line_id = nvl(?,source_document_line_id)
                    ) t
                ORDER BY
                    t.entered_amount_dr,
                    t.entered_amount_cr
            
---------------------Binding info---------------------
No.1	Access path:/parameter/@requisition_header_id	Data type of passed value :java.lang.String	Value:509	Output:false	Database Type:null	
No.2	Access path:/parameter/@requisition_line_id	Data type of passed value :java.lang.String	Value:578	Output:false	Database Type:null	

=============== END [query] SQL Statement execution dump ============

2018-10-12 07:30:18.886 [uncertain.proc] [CONFIG] [action] CreateSuccessResponse
