2018-10-22 12:18:48.234 [aurora.application.session_check] [CONFIG] Session data copied to context
2018-10-22 12:18:48.234 [aurora.application.session_check] [CONFIG] Checking BM access eam.eam0910.eam0910_asset_check_batch_update_finance_info_query for operation query
2018-10-22 12:18:48.236 [aurora.application.session_check] [CONFIG] Result from aurora.bm.DefaultAccessChecker@5e185c41 is true
2018-10-22 12:18:48.236 [uncertain.proc] [CONFIG] [action] AccessCheck
2018-10-22 12:18:48.237 [uncertain.proc] [CONFIG] [action] CheckServiceLock
2018-10-22 12:18:48.237 [uncertain.proc] [CONFIG] [action] ParseParameter
2018-10-22 12:18:48.237 [uncertain.proc] [CONFIG] [action] ValidateInput
2018-10-22 12:18:48.237 [uncertain.proc] [CONFIG] [action] InvokeService
2018-10-22 12:18:48.238 [aurora.database] [CONFIG] ===================================== prepare to run model-query eam.eam0910.eam0910_asset_check_batch_update_finance_info_query==============================
2018-10-22 12:18:48.242 [uncertain.proc] [CONFIG] [action] DecideSqlGenerationMode
2018-10-22 12:18:48.242 [uncertain.proc] [FINE] aurora.database.service.BusinessModelService.onDecideSqlGenerationMode
2018-10-22 12:18:48.242 [uncertain.proc] [CONFIG] [action] CreateOperationSql
2018-10-22 12:18:48.242 [uncertain.proc] [CONFIG] [action] PopulateOperationSql
2018-10-22 12:18:48.242 [uncertain.proc] [FINE] aurora.database.features.OrderByClauseCreator.onPopulateOperationSql
2018-10-22 12:18:48.242 [uncertain.proc] [FINE] aurora.database.features.WhereClauseCreator.onPopulateOperationSql
2018-10-22 12:18:48.242 [uncertain.proc] [CONFIG] [action] ExecuteQuery
2018-10-22 12:18:48.242 [uncertain.proc] [FINE] aurora.bm.QuerySqlCreator.onExecuteQuery
2018-10-22 12:18:48.293 [uncertain.proc] [CONFIG] [action] QueryFinish
2018-10-22 12:18:48.293 [uncertain.proc] [FINE] aurora.database.features.AutoQueryCounter.onQueryFinish
2018-10-22 12:18:48.293 [uncertain.proc] [CONFIG] [action] FetchResultSet
2018-10-22 12:18:48.293 [uncertain.proc] [FINE] aurora.database.features.CacheBasedLookUpField.postFetchResultSet
2018-10-22 12:18:48.293 [aurora.database] [CONFIG] 
============= BEGIN [query] SQL Statement execution dump ============

            select eam_asset_batch_ref_req_pkg.check_batch_select_asset(p_session_id            => ?) check_flag
            from dual
  			
---------------------Binding info---------------------
No.1	Access path:/session/@session_id	Data type of passed value :java.lang.Long	Value:55604	Output:false	Database Type:null	

=============== END [query] SQL Statement execution dump ============

2018-10-22 12:18:48.293 [uncertain.proc] [CONFIG] [action] CreateSuccessResponse
