2018-10-12 07:53:13.781 [aurora.application.session_check] [CONFIG] Session data copied to context
2018-10-12 07:53:13.782 [aurora.application.session_check] [CONFIG] Checking BM access eam.eam0810.eam0810_asset_insure_info_query for operation query
2018-10-12 07:53:13.784 [aurora.application.session_check] [CONFIG] Result from aurora.bm.DefaultAccessChecker@4a8ba2d8 is true
2018-10-12 07:53:13.784 [uncertain.proc] [CONFIG] [action] AccessCheck
2018-10-12 07:53:13.785 [uncertain.proc] [CONFIG] [action] CheckServiceLock
2018-10-12 07:53:13.785 [uncertain.proc] [CONFIG] [action] ParseParameter
2018-10-12 07:53:13.785 [uncertain.proc] [CONFIG] [action] ValidateInput
2018-10-12 07:53:13.786 [uncertain.proc] [CONFIG] [action] InvokeService
2018-10-12 07:53:13.786 [aurora.database] [CONFIG] ===================================== prepare to run model-query eam.eam0810.eam0810_asset_insure_info_query==============================
2018-10-12 07:53:13.790 [uncertain.proc] [CONFIG] [action] DecideSqlGenerationMode
2018-10-12 07:53:13.790 [uncertain.proc] [FINE] aurora.database.service.BusinessModelService.onDecideSqlGenerationMode
2018-10-12 07:53:13.790 [uncertain.proc] [CONFIG] [action] CreatequeryStatement
2018-10-12 07:53:13.790 [uncertain.proc] [FINE] aurora.bm.QuerySqlCreator.onCreateQueryStatement
2018-10-12 07:53:13.790 [uncertain.proc] [CONFIG] [action] PopulatequeryStatement
2018-10-12 07:53:13.790 [uncertain.proc] [FINE] aurora.database.features.OrderByClauseCreator.onPopulateQueryStatement
2018-10-12 07:53:13.790 [uncertain.proc] [FINE] aurora.database.features.WhereClauseCreator.onPopulateQueryStatement
2018-10-12 07:53:13.790 [uncertain.proc] [CONFIG] [action] CreatequerySql
2018-10-12 07:53:13.790 [uncertain.proc] [FINE] aurora.bm.QuerySqlCreator.onCreateQuerySql
2018-10-12 07:53:13.790 [uncertain.proc] [CONFIG] [action] ExecuteQuery
2018-10-12 07:53:13.790 [uncertain.proc] [FINE] aurora.bm.QuerySqlCreator.onExecuteQuery
2018-10-12 07:53:13.791 [uncertain.proc] [CONFIG] [action] QueryFinish
2018-10-12 07:53:13.791 [uncertain.proc] [FINE] aurora.database.features.AutoQueryCounter.onQueryFinish
2018-10-12 07:53:13.792 [uncertain.proc] [CONFIG] [action] FetchResultSet
2018-10-12 07:53:13.792 [uncertain.proc] [FINE] aurora.database.features.CacheBasedLookUpField.postFetchResultSet
2018-10-12 07:53:13.792 [aurora.database] [CONFIG] 
============= BEGIN [query] SQL Statement execution dump ============
SELECT t1.ASSET_INSURE_ID,t1.ASSET_ID,to_char(t1.insure_date,'yyyy-mm-dd') AS insure_date,t1.INSURE_CODE,t1.INSURE_TYPE,(select v.code_value_name from sys_code_values_v v where v.code = 'INSURANCE_TYPE' and v.code_value = t1.insure_type) AS insure_type_desc,t1.DESCRIPTION,t1.INSURE_COMPANY,t1.INSURE_AMOUNT,t1.PREMIUM_AMOUNT,to_char(t1.start_date,'yyyy-mm-dd') AS start_date,to_char(t1.end_date,'yyyy-mm-dd') AS end_date,t1.EMPLOYEE_ID,t1.EMPLOYEE_NAME,t1.BENEFICIAL_OWNER
FROM EAM_ASSET_INSURE_INFO t1
WHERE ASSET_ID = ?
---------------------Binding info---------------------
No.1	Access path:@asset_id	Data type of passed value :java.lang.Long	Value:691	Output:false	Database Type:null	

=============== END [query] SQL Statement execution dump ============

2018-10-12 07:53:13.792 [uncertain.proc] [CONFIG] [action] CreateSuccessResponse
