2018-10-16 06:42:05.826 [aurora.application.session_check] [CONFIG] Session data copied to context
2018-10-16 06:42:05.826 [aurora.application.session_check] [CONFIG] Checking BM access eam.eam_asset_categories for operation query
2018-10-16 06:42:05.827 [aurora.application.session_check] [CONFIG] Result from aurora.bm.DefaultAccessChecker@234ea45d is true
2018-10-16 06:42:05.827 [uncertain.proc] [CONFIG] [action] AccessCheck
2018-10-16 06:42:05.829 [uncertain.proc] [CONFIG] [action] CheckServiceLock
2018-10-16 06:42:05.829 [uncertain.proc] [CONFIG] [action] ParseParameter
2018-10-16 06:42:05.829 [uncertain.proc] [CONFIG] [action] ValidateInput
2018-10-16 06:42:05.829 [uncertain.proc] [CONFIG] [action] InvokeService
2018-10-16 06:42:05.829 [aurora.database] [CONFIG] ===================================== prepare to run model-query eam.eam_asset_categories==============================
2018-10-16 06:42:05.845 [uncertain.proc] [CONFIG] [action] DecideSqlGenerationMode
2018-10-16 06:42:05.845 [uncertain.proc] [FINE] aurora.database.service.BusinessModelService.onDecideSqlGenerationMode
2018-10-16 06:42:05.845 [uncertain.proc] [CONFIG] [action] CreatequeryStatement
2018-10-16 06:42:05.845 [uncertain.proc] [FINE] aurora.bm.QuerySqlCreator.onCreateQueryStatement
2018-10-16 06:42:05.845 [uncertain.proc] [CONFIG] [action] PopulatequeryStatement
2018-10-16 06:42:05.845 [uncertain.proc] [FINE] aurora.database.features.OrderByClauseCreator.onPopulateQueryStatement
2018-10-16 06:42:05.845 [uncertain.proc] [FINE] aurora.database.features.WhereClauseCreator.onPopulateQueryStatement
2018-10-16 06:42:05.845 [uncertain.proc] [CONFIG] [action] CreatequerySql
2018-10-16 06:42:05.845 [uncertain.proc] [FINE] aurora.bm.QuerySqlCreator.onCreateQuerySql
2018-10-16 06:42:05.845 [uncertain.proc] [CONFIG] [action] ExecuteQuery
2018-10-16 06:42:05.845 [uncertain.proc] [FINE] aurora.bm.QuerySqlCreator.onExecuteQuery
2018-10-16 06:42:05.939 [uncertain.proc] [CONFIG] [action] QueryFinish
2018-10-16 06:42:05.939 [uncertain.proc] [FINE] aurora.database.features.AutoQueryCounter.onQueryFinish
2018-10-16 06:42:05.958 [uncertain.proc] [CONFIG] [action] FetchResultSet
2018-10-16 06:42:05.958 [uncertain.proc] [FINE] aurora.database.features.CacheBasedLookUpField.postFetchResultSet
2018-10-16 06:42:05.958 [aurora.database] [CONFIG] 
============= BEGIN [query] SQL Statement execution dump ============
SELECT t1.ASSET_BOOK_ID,t1.CODE_VALUE_ID,(SELECT EAB.DESCRIPTION FROM  EAM_ASSET_BOOKS_VL EAB WHERE EAB.ASSET_BOOK_ID =T1.ASSET_BOOK_ID) AS asset_book_desc,t1.CATEGORY_ID,t1.CATEGORY_CODE,t1.DESCRIPTION_ID,t1.CATEGORY_SEC_ID,t1.CATEGORY_SEC_CODE,t1.DESCRIPTION_SEC_ID,t1.ASSET_TYPE,(SELECT v.code_value_name   FROM sys_service_lookup_v v  WHERE v.enabled_flag = 'Y'    AND V.code_value = t1.asset_type    AND code = 'EAM_ASSET_TYPE'    and language = ?) AS asset_type_desc,t1.IS_VALUABLE_FLAG,t1.ENABLED_FLAG,(select DESCRIPTION_TEXT           from fnd_descriptions          where DESCRIPTION_ID = t1.description_id           and Language = ?) AS description,(select DESCRIPTION_TEXT          from fnd_descriptions          where DESCRIPTION_ID = t1.description_sec_id          and Language = ?) AS description_sec
FROM EAM_ASSET_CATEGORIES t1

ORDER BY t1.category_code,t1.category_sec_code
---------------------Binding info---------------------
No.1	Access path:/session/@lang	Data type of passed value :java.lang.String	Value:ZHS	Output:false	Database Type:null	
No.2	Access path:/session/@lang	Data type of passed value :java.lang.String	Value:ZHS	Output:false	Database Type:null	
No.3	Access path:/session/@lang	Data type of passed value :java.lang.String	Value:ZHS	Output:false	Database Type:null	

=============== END [query] SQL Statement execution dump ============

2018-10-16 06:42:05.958 [uncertain.proc] [CONFIG] [action] CreateSuccessResponse
