2018-10-15 05:45:59.4 [aurora.application.session_check] [CONFIG] Session data copied to context
2018-10-15 05:45:59.4 [aurora.application.session_check] [CONFIG] Checking BM access eam.eam0810.eam0810_asset_fin_class_cmb for operation query
2018-10-15 05:45:59.5 [aurora.application.session_check] [CONFIG] Result from aurora.bm.DefaultAccessChecker@5581c781 is true
2018-10-15 05:45:59.5 [uncertain.proc] [CONFIG] [action] AccessCheck
2018-10-15 05:45:59.9 [uncertain.proc] [CONFIG] [action] CheckServiceLock
2018-10-15 05:45:59.9 [uncertain.proc] [CONFIG] [action] ParseParameter
2018-10-15 05:45:59.9 [uncertain.proc] [CONFIG] [action] ValidateInput
2018-10-15 05:45:59.9 [uncertain.proc] [CONFIG] [action] InvokeService
2018-10-15 05:45:59.10 [aurora.database] [CONFIG] ===================================== prepare to run model-query eam.eam0810.eam0810_asset_fin_class_cmb==============================
2018-10-15 05:45:59.20 [uncertain.proc] [CONFIG] [action] DecideSqlGenerationMode
2018-10-15 05:45:59.20 [uncertain.proc] [FINE] aurora.database.service.BusinessModelService.onDecideSqlGenerationMode
2018-10-15 05:45:59.20 [uncertain.proc] [CONFIG] [action] CreateOperationSql
2018-10-15 05:45:59.20 [uncertain.proc] [CONFIG] [action] PopulateOperationSql
2018-10-15 05:45:59.20 [uncertain.proc] [FINE] aurora.database.features.OrderByClauseCreator.onPopulateOperationSql
2018-10-15 05:45:59.20 [uncertain.proc] [FINE] aurora.database.features.WhereClauseCreator.onPopulateOperationSql
2018-10-15 05:45:59.20 [uncertain.proc] [CONFIG] [action] ExecuteQuery
2018-10-15 05:45:59.20 [uncertain.proc] [FINE] aurora.bm.QuerySqlCreator.onExecuteQuery
2018-10-15 05:45:59.22 [uncertain.proc] [CONFIG] [action] QueryFinish
2018-10-15 05:45:59.22 [uncertain.proc] [FINE] aurora.database.features.AutoQueryCounter.onQueryFinish
2018-10-15 05:45:59.27 [uncertain.proc] [CONFIG] [action] FetchResultSet
2018-10-15 05:45:59.27 [uncertain.proc] [FINE] aurora.database.features.CacheBasedLookUpField.postFetchResultSet
2018-10-15 05:45:59.27 [aurora.database] [CONFIG] 
============= BEGIN [query] SQL Statement execution dump ============
 	            select distinct b.CLASS_ID,b.CLASS_CODE,b.DESCRIPTION
                from EAM_ASSET_CATEGORIES_vl a,eam_asset_fin_classes_vl b,EAM_ASSET_ENTITY_CLASSES_vl c
                where
                a.CATEGORY_SEC_ID = b.ASSET_CATEGORY_SEC_ID
                and b.CLASS_ID = c.fin_class_id
                and a.ASSET_BOOK_ID = ?
                and (c.ENTITY_MAN_UNIT_ID = ? or c.ENTITY_MAN_UNIT_ID  is null or c.ENTITY_MAN_UNIT_ID = '')
                and exists (select 1
                        from EAM_REQ_TYPE_REF_ASSET_TYPES t1
                       where t1.ast_requisition_type_id = ?
                         and t1.entity_class_id = c.class_id)
                 and a.ENABLED_FLAG = 'Y'
                 and a.CATEGORY_ID = ?
                 and b.ASSET_CATEGORY_SEC_ID = ?
                 order by b.CLASS_CODE

---------------------Binding info---------------------
No.1	Access path:@asset_book_id	Data type of passed value :java.lang.Integer	Value:1	Output:false	Database Type:null	
No.2	Access path:@entity_unit_id	Data type of passed value :java.lang.Integer	Value:41	Output:false	Database Type:null	
No.3	Access path:@ast_requisition_type_id	Data type of passed value :java.lang.Integer	Value:61	Output:false	Database Type:null	
No.4	Access path:@category_id	Data type of passed value :java.lang.Integer	Value:31	Output:false	Database Type:null	
No.5	Access path:@category_sec_id	Data type of passed value :java.lang.Integer	Value:32	Output:false	Database Type:null	

=============== END [query] SQL Statement execution dump ============

2018-10-15 05:45:59.28 [uncertain.proc] [CONFIG] [action] CreateSuccessResponse
