2018-10-19 09:16:30.715 [aurora.application.session_check] [CONFIG] Session data copied to context
2018-10-19 09:16:30.716 [aurora.application.session_check] [CONFIG] Checking BM access eam.eam0311.eam0311_requisition_headers_query for operation query
2018-10-19 09:16:30.717 [aurora.application.session_check] [CONFIG] Result from aurora.bm.DefaultAccessChecker$ConstantChecker@442252e5 is true
2018-10-19 09:16:30.717 [uncertain.proc] [CONFIG] [action] AccessCheck
2018-10-19 09:16:30.719 [uncertain.proc] [CONFIG] [action] CheckServiceLock
2018-10-19 09:16:30.719 [uncertain.proc] [CONFIG] [action] ParseParameter
2018-10-19 09:16:30.719 [uncertain.proc] [CONFIG] [action] ValidateInput
2018-10-19 09:16:30.719 [uncertain.proc] [CONFIG] [action] InvokeService
2018-10-19 09:16:30.719 [aurora.database] [CONFIG] ===================================== prepare to run model-query eam.eam0311.eam0311_requisition_headers_query==============================
2018-10-19 09:16:30.723 [uncertain.proc] [CONFIG] [action] DecideSqlGenerationMode
2018-10-19 09:16:30.723 [uncertain.proc] [FINE] aurora.database.service.BusinessModelService.onDecideSqlGenerationMode
2018-10-19 09:16:30.723 [uncertain.proc] [CONFIG] [action] CreatequeryStatement
2018-10-19 09:16:30.723 [uncertain.proc] [FINE] aurora.bm.QuerySqlCreator.onCreateQueryStatement
2018-10-19 09:16:30.723 [uncertain.proc] [CONFIG] [action] PopulatequeryStatement
2018-10-19 09:16:30.723 [uncertain.proc] [FINE] aurora.database.features.OrderByClauseCreator.onPopulateQueryStatement
2018-10-19 09:16:30.723 [uncertain.proc] [FINE] aurora.database.features.WhereClauseCreator.onPopulateQueryStatement
2018-10-19 09:16:30.723 [uncertain.proc] [CONFIG] [action] CreatequerySql
2018-10-19 09:16:30.723 [uncertain.proc] [FINE] aurora.bm.QuerySqlCreator.onCreateQuerySql
2018-10-19 09:16:30.723 [uncertain.proc] [CONFIG] [action] ExecuteQuery
2018-10-19 09:16:30.724 [uncertain.proc] [FINE] aurora.bm.QuerySqlCreator.onExecuteQuery
2018-10-19 09:16:30.744 [uncertain.proc] [CONFIG] [action] QueryFinish
2018-10-19 09:16:30.744 [uncertain.proc] [FINE] aurora.database.features.AutoQueryCounter.onQueryFinish
2018-10-19 09:16:30.751 [uncertain.proc] [CONFIG] [action] FetchResultSet
2018-10-19 09:16:30.751 [uncertain.proc] [FINE] aurora.database.features.CacheBasedLookUpField.postFetchResultSet
2018-10-19 09:16:30.751 [aurora.database] [CONFIG] 
============= BEGIN [query] SQL Statement execution dump ============
SELECT t1.REQUISITION_HEADER_ID,t1.ASSET_BOOK_ID,(SELECT v.description FROM eam_asset_books_vl v WHERE v.asset_book_id = t1.asset_book_id) AS asset_book_desc,t1.REQUISITION_NUMBER,t1.COMPANY_ID,(select f.description_text from fnd_descriptions f where f.description_id =  (select d.company_short_name_id from fnd_companies d where d.company_id = t1.company_id) and f.language=?) AS company_name,(select t.base_trx_category from eam_requisition_types t where t.ast_requisition_type_id = t1.ast_requisition_type_id) AS base_trx_category,t1.VALUE_TYPE,t1.OPERATION_UNIT_ID,t1.EMPLOYEE_ID,(select e.employee_code||'-'||e.name from exp_employees e where e.employee_id=t1.employee_id) AS employee_name,t1.POSITION_ID,(select v.description from exp_org_position_vl v where v.position_id= t1.position_id) AS position_name,t1.UNIT_ID,(select f.description_text from fnd_descriptions f where f.description_id =  (select n.description_id  from exp_org_unit n where n.unit_id = t1.unit_id) and f.language=?) AS unit_name,t1.AST_REQUISITION_TYPE_ID,(select d.description_text from eam_requisition_types t, fnd_descriptions d where t.description_id = d.description_id and t.ast_requisition_type_id=t1.ast_requisition_type_id and d.language=?) AS ast_requisition_type_desc,(select t.ast_requisition_type_code   from eam_requisition_types t  where t.ast_requisition_type_id = t1.ast_requisition_type_id) AS ast_requisition_type_code,(select t.page_service from eam_requisition_types t where  t.ast_requisition_type_id=t1.ast_requisition_type_id) AS page_service,t1.USER_GROUP_ID,t1.REQUISITION_DATE,t1.PERIOD_NAME,t1.REQUISITION_STATUS,(SELECT v.code_value_name FROM sys_code_values_v v WHERE v.code = 'EAM_REQUISITION_STATUS' and v.code_value=t1.requisition_status) AS req_status_desc,t1.ATTACHMENT_NUM,t1.DESCRIPTION,t1.RELEASE_STATUS,t1.REVERSED_FLAG,t1.REVERSED_BY,t1.REVERSE_DATE,t1.SOURCE_REQ_HEADER_ID,t1.SOURCE_TYPE
FROM EAM_REQUISITION_HEADERS t1
WHERE t1.requisition_status in ('GENERATE', 'REJECTED', 'TAKEN_BACK') AND t1.ast_requisition_type_id in (SELECT        t1.AST_REQUISITION_TYPE_ID    FROM        EAM_REQUISITION_TYPES t1    WHERE        t1.ENABLED_FLAG     ='Y' AND        t1.base_trx_category = 'ADD') AND (t1.created_by = ? or exists (select 1 from sys_user su where su.user_id = ? and su.employee_id = t1.employee_id)) AND t1.requisition_date>=to_date(?, 'yyyy-MM-dd') AND t1.requisition_date<=to_date(?, 'yyyy-MM-dd')
ORDER BY requisition_number desc
---------------------Binding info---------------------
No.1	Access path:/session/@lang	Data type of passed value :java.lang.String	Value:ZHS	Output:false	Database Type:null	
No.2	Access path:/session/@lang	Data type of passed value :java.lang.String	Value:ZHS	Output:false	Database Type:null	
No.3	Access path:/session/@lang	Data type of passed value :java.lang.String	Value:ZHS	Output:false	Database Type:null	
No.4	Access path:/session/@user_id	Data type of passed value :java.lang.Long	Value:213	Output:false	Database Type:null	
No.5	Access path:/session/@user_id	Data type of passed value :java.lang.Long	Value:213	Output:false	Database Type:null	
No.6	Access path:@req_date_from	Data type of passed value :java.lang.String	Value:2018-09-19	Output:false	Database Type:null	
No.7	Access path:@req_date_to	Data type of passed value :java.lang.String	Value:2018-10-19	Output:false	Database Type:null	

=============== END [query] SQL Statement execution dump ============

2018-10-19 09:16:30.751 [uncertain.proc] [CONFIG] [action] CreateSuccessResponse
