2018-10-15 05:46:48.203 [aurora.application.session_check] [CONFIG] Session data copied to context
2018-10-15 05:46:48.203 [aurora.application.session_check] [CONFIG] Checking BM access eam.eam0310.eam0310_requisition_types_query for operation query
2018-10-15 05:46:48.204 [aurora.application.session_check] [CONFIG] Result from aurora.bm.DefaultAccessChecker@5dc3b0a1 is true
2018-10-15 05:46:48.204 [uncertain.proc] [CONFIG] [action] AccessCheck
2018-10-15 05:46:48.206 [uncertain.proc] [CONFIG] [action] CheckServiceLock
2018-10-15 05:46:48.206 [uncertain.proc] [CONFIG] [action] ParseParameter
2018-10-15 05:46:48.206 [uncertain.proc] [CONFIG] [action] ValidateInput
2018-10-15 05:46:48.206 [uncertain.proc] [CONFIG] [action] InvokeService
2018-10-15 05:46:48.206 [aurora.database] [CONFIG] ===================================== prepare to run model-query eam.eam0310.eam0310_requisition_types_query==============================
2018-10-15 05:46:48.211 [uncertain.proc] [CONFIG] [action] DecideSqlGenerationMode
2018-10-15 05:46:48.211 [uncertain.proc] [FINE] aurora.database.service.BusinessModelService.onDecideSqlGenerationMode
2018-10-15 05:46:48.211 [uncertain.proc] [CONFIG] [action] CreatequeryStatement
2018-10-15 05:46:48.211 [uncertain.proc] [FINE] aurora.bm.QuerySqlCreator.onCreateQueryStatement
2018-10-15 05:46:48.211 [uncertain.proc] [CONFIG] [action] PopulatequeryStatement
2018-10-15 05:46:48.211 [uncertain.proc] [FINE] aurora.database.features.OrderByClauseCreator.onPopulateQueryStatement
2018-10-15 05:46:48.211 [uncertain.proc] [FINE] aurora.database.features.WhereClauseCreator.onPopulateQueryStatement
2018-10-15 05:46:48.211 [uncertain.proc] [CONFIG] [action] CreatequerySql
2018-10-15 05:46:48.211 [uncertain.proc] [FINE] aurora.bm.QuerySqlCreator.onCreateQuerySql
2018-10-15 05:46:48.211 [uncertain.proc] [CONFIG] [action] ExecuteQuery
2018-10-15 05:46:48.211 [uncertain.proc] [FINE] aurora.bm.QuerySqlCreator.onExecuteQuery
2018-10-15 05:46:48.213 [uncertain.proc] [CONFIG] [action] QueryFinish
2018-10-15 05:46:48.213 [uncertain.proc] [FINE] aurora.database.features.AutoQueryCounter.onQueryFinish
2018-10-15 05:46:48.214 [uncertain.proc] [CONFIG] [action] FetchResultSet
2018-10-15 05:46:48.214 [uncertain.proc] [FINE] aurora.database.features.CacheBasedLookUpField.postFetchResultSet
2018-10-15 05:46:48.214 [aurora.database] [CONFIG] 
============= BEGIN [query] SQL Statement execution dump ============
SELECT t1.AST_REQUISITION_TYPE_ID,t1.ASSET_BOOK_ID,t1.AST_REQUISITION_TYPE_CODE,t1.DESCRIPTION_ID,t1.PAGE_SERVICE,t1.BASE_TRX_CATEGORY,t1.DEFAULT_TRX_TYPE_ID,t1.AUTO_APPROVE_FLAG,t1.ENABLED_FLAG,(select DESCRIPTION_TEXT from fnd_descriptions where DESCRIPTION_ID=t1.description_id and Language=?) AS description
FROM EAM_REQUISITION_TYPES t1
WHERE exists (SELECT 1           FROM sys_user                     su,                exp_employees                em,                exp_user_group_lines         gl,                exp_user_group_headers       gh,                eam_req_type_ref_user_groups rug,                eam_asset_books_vl           bv          WHERE su.employee_id = em.employee_id            AND em.employee_id = gl.employee_id            AND gl.expense_user_group_id = gh.expense_user_group_id            AND bv.asset_book_id = t1.asset_book_id            and rug.ast_requisition_type_id = t1.ast_requisition_type_id            AND su.user_id = ?) AND t1.enabled_flag='Y' AND t1.base_trx_category='ADD' AND t1.enabled_flag='Y' and exists (select 1    from fnd_companies fc, eam_asset_books b   where fc.set_of_books_id = b.set_of_book_id     and b.asset_book_id = t1.asset_book_id     and fc.company_id = ?) AND ASSET_BOOK_ID = ?
ORDER BY t1.ast_requisition_type_code
---------------------Binding info---------------------
No.1	Access path:/session/@lang	Data type of passed value :java.lang.String	Value:ZHS	Output:false	Database Type:null	
No.2	Access path:/session/@user_id	Data type of passed value :java.lang.Long	Value:213	Output:false	Database Type:null	
No.3	Access path:/session/@company_id	Data type of passed value :java.lang.String	Value:835	Output:false	Database Type:null	
No.4	Access path:@asset_book_id	Data type of passed value :java.lang.Long	Value:1	Output:false	Database Type:null	

=============== END [query] SQL Statement execution dump ============

2018-10-15 05:46:48.214 [uncertain.proc] [CONFIG] [action] CreateSuccessResponse
