2018-10-15 01:32:24.650 [aurora.application.session_check] [CONFIG] Session data copied to context
2018-10-15 01:32:24.650 [aurora.application.session_check] [CONFIG] Checking BM access eam.eam0810.eam0810_eam_asset_lease_info_query for operation query
2018-10-15 01:32:24.651 [aurora.application.session_check] [CONFIG] Result from aurora.bm.DefaultAccessChecker$ConstantChecker@442252e5 is true
2018-10-15 01:32:24.651 [uncertain.proc] [CONFIG] [action] AccessCheck
2018-10-15 01:32:24.652 [uncertain.proc] [CONFIG] [action] CheckServiceLock
2018-10-15 01:32:24.652 [uncertain.proc] [CONFIG] [action] ParseParameter
2018-10-15 01:32:24.652 [uncertain.proc] [CONFIG] [action] ValidateInput
2018-10-15 01:32:24.652 [uncertain.proc] [CONFIG] [action] InvokeService
2018-10-15 01:32:24.652 [aurora.database] [CONFIG] ===================================== prepare to run model-query eam.eam0810.eam0810_eam_asset_lease_info_query==============================
2018-10-15 01:32:24.656 [uncertain.proc] [CONFIG] [action] DecideSqlGenerationMode
2018-10-15 01:32:24.656 [uncertain.proc] [FINE] aurora.database.service.BusinessModelService.onDecideSqlGenerationMode
2018-10-15 01:32:24.656 [uncertain.proc] [CONFIG] [action] CreatequeryStatement
2018-10-15 01:32:24.656 [uncertain.proc] [FINE] aurora.bm.QuerySqlCreator.onCreateQueryStatement
2018-10-15 01:32:24.656 [uncertain.proc] [CONFIG] [action] PopulatequeryStatement
2018-10-15 01:32:24.656 [uncertain.proc] [FINE] aurora.database.features.OrderByClauseCreator.onPopulateQueryStatement
2018-10-15 01:32:24.656 [uncertain.proc] [FINE] aurora.database.features.WhereClauseCreator.onPopulateQueryStatement
2018-10-15 01:32:24.656 [uncertain.proc] [CONFIG] [action] CreatequerySql
2018-10-15 01:32:24.656 [uncertain.proc] [FINE] aurora.bm.QuerySqlCreator.onCreateQuerySql
2018-10-15 01:32:24.656 [uncertain.proc] [CONFIG] [action] ExecuteQuery
2018-10-15 01:32:24.656 [uncertain.proc] [FINE] aurora.bm.QuerySqlCreator.onExecuteQuery
2018-10-15 01:32:24.657 [uncertain.proc] [CONFIG] [action] QueryFinish
2018-10-15 01:32:24.657 [uncertain.proc] [FINE] aurora.database.features.AutoQueryCounter.onQueryFinish
2018-10-15 01:32:24.658 [uncertain.proc] [CONFIG] [action] FetchResultSet
2018-10-15 01:32:24.658 [uncertain.proc] [FINE] aurora.database.features.CacheBasedLookUpField.postFetchResultSet
2018-10-15 01:32:24.658 [aurora.database] [CONFIG] 
============= BEGIN [query] SQL Statement execution dump ============
SELECT t1.LEASE_ID,t1.ASSET_ID,t1.CONTRACT_HEADER_ID,(select c.contract_number from con_contract_headers c  where c.contract_header_id=t1.contract_header_id) AS contract_header_num,t1.LEASE_PRICE,t1.PRICE,t1.CURRENCY_CODE,t1.LESSOR,t1.CERTIFICATE_TYPE,t1.CERTIFICATE_NUM,to_char(t1.rent_date_from,'yyyy-mm-dd') AS rent_date_from,to_char(t1.rent_date_to,'yyyy-mm-dd') AS rent_date_to,to_char(t1.free_date_from,'yyyy-mm-dd') AS free_date_from,to_char(t1.free_date_to,'yyyy-mm-dd') AS free_date_to,t1.PAYMENT_CYCLE,t1.UNIT_RENT,t1.RENT_UNIT,t1.RECORD_FLAG,t1.CASH_PLEDGE,t1.LIQUIDATED_DAMAGES,t1.PAYMENT_RECORD,t1.HOUSE_RENT_NUM,t1.MANAGEMENT_COST,t1.FLOATING_RENTCAL,t1.ASSET_USAGE,(select fd.description_text           from fnd_descriptions fd, EAM_ASSET_USAGE eau          where eau.usage_id = t1.asset_usage            and eau.description_id = fd.description_id            and fd.language = ?) AS asset_usage_desc
FROM EAM_ASSET_LEASE_INFO t1
WHERE asset_id = ?
---------------------Binding info---------------------
No.1	Access path:/session/@lang	Data type of passed value :java.lang.String	Value:ZHS	Output:false	Database Type:null	
No.2	Access path:@asset_id	Data type of passed value :java.lang.String	Value:704	Output:false	Database Type:null	

=============== END [query] SQL Statement execution dump ============

2018-10-15 01:32:24.658 [uncertain.proc] [CONFIG] [action] CreateSuccessResponse
