2018-10-19 09:15:52.638 [aurora.application.session_check] [CONFIG] Session data copied to context
2018-10-19 09:15:52.638 [aurora.application.session_check] [CONFIG] Checking BM access eam.eam0310.eam0310_get_asset_id for operation query
2018-10-19 09:15:52.638 [aurora.application.session_check] [CONFIG] Result from aurora.bm.DefaultAccessChecker@5b292ee8 is true
2018-10-19 09:15:52.638 [uncertain.proc] [CONFIG] [action] AccessCheck
2018-10-19 09:15:52.640 [uncertain.proc] [CONFIG] [action] CheckServiceLock
2018-10-19 09:15:52.640 [uncertain.proc] [CONFIG] [action] ParseParameter
2018-10-19 09:15:52.640 [uncertain.proc] [CONFIG] [action] ValidateInput
2018-10-19 09:15:52.640 [uncertain.proc] [CONFIG] [action] InvokeService
2018-10-19 09:15:52.640 [aurora.database] [CONFIG] ===================================== prepare to run model-query eam.eam0310.eam0310_get_asset_id==============================
2018-10-19 09:15:52.643 [uncertain.proc] [CONFIG] [action] DecideSqlGenerationMode
2018-10-19 09:15:52.643 [uncertain.proc] [FINE] aurora.database.service.BusinessModelService.onDecideSqlGenerationMode
2018-10-19 09:15:52.644 [uncertain.proc] [CONFIG] [action] CreateOperationSql
2018-10-19 09:15:52.644 [uncertain.proc] [CONFIG] [action] PopulateOperationSql
2018-10-19 09:15:52.644 [uncertain.proc] [FINE] aurora.database.features.OrderByClauseCreator.onPopulateOperationSql
2018-10-19 09:15:52.644 [uncertain.proc] [FINE] aurora.database.features.WhereClauseCreator.onPopulateOperationSql
2018-10-19 09:15:52.644 [uncertain.proc] [CONFIG] [action] ExecuteQuery
2018-10-19 09:15:52.644 [uncertain.proc] [FINE] aurora.bm.QuerySqlCreator.onExecuteQuery
2018-10-19 09:15:52.644 [uncertain.proc] [CONFIG] [action] QueryFinish
2018-10-19 09:15:52.644 [uncertain.proc] [FINE] aurora.database.features.AutoQueryCounter.onQueryFinish
2018-10-19 09:15:52.644 [uncertain.proc] [CONFIG] [action] FetchResultSet
2018-10-19 09:15:52.644 [uncertain.proc] [FINE] aurora.database.features.CacheBasedLookUpField.postFetchResultSet
2018-10-19 09:15:52.644 [aurora.database] [CONFIG] 
============= BEGIN [query] SQL Statement execution dump ============

                SELECT eam_asset_headers_s.nextval input_asset_id FROM dual
            
---------------------Binding info---------------------
null
=============== END [query] SQL Statement execution dump ============

2018-10-19 09:15:52.644 [uncertain.proc] [CONFIG] [action] CreateSuccessResponse
