2018-10-15 06:32:32.207 [aurora.application.session_check] [CONFIG] Session data copied to context
2018-10-15 06:32:32.207 [aurora.application.session_check] [CONFIG] Checking BM access eam.eam1010.eam1010_asset_query for operation query
2018-10-15 06:32:32.209 [aurora.application.session_check] [CONFIG] Result from aurora.bm.DefaultAccessChecker@3aad4ae9 is true
2018-10-15 06:32:32.209 [uncertain.proc] [CONFIG] [action] AccessCheck
2018-10-15 06:32:32.211 [uncertain.proc] [CONFIG] [action] CheckServiceLock
2018-10-15 06:32:32.211 [uncertain.proc] [CONFIG] [action] ParseParameter
2018-10-15 06:32:32.211 [uncertain.proc] [CONFIG] [action] ValidateInput
2018-10-15 06:32:32.211 [uncertain.proc] [CONFIG] [action] InvokeService
2018-10-15 06:32:32.211 [aurora.database] [CONFIG] ===================================== prepare to run model-query eam.eam1010.eam1010_asset_query==============================
2018-10-15 06:32:32.217 [uncertain.proc] [CONFIG] [action] DecideSqlGenerationMode
2018-10-15 06:32:32.217 [uncertain.proc] [FINE] aurora.database.service.BusinessModelService.onDecideSqlGenerationMode
2018-10-15 06:32:32.217 [uncertain.proc] [CONFIG] [action] CreateOperationSql
2018-10-15 06:32:32.217 [uncertain.proc] [CONFIG] [action] PopulateOperationSql
2018-10-15 06:32:32.217 [uncertain.proc] [FINE] aurora.database.features.OrderByClauseCreator.onPopulateOperationSql
2018-10-15 06:32:32.217 [uncertain.proc] [FINE] aurora.database.features.WhereClauseCreator.onPopulateOperationSql
2018-10-15 06:32:32.217 [uncertain.proc] [CONFIG] [action] ExecuteQuery
2018-10-15 06:32:32.217 [uncertain.proc] [FINE] aurora.bm.QuerySqlCreator.onExecuteQuery
2018-10-15 06:32:32.500 [uncertain.proc] [CONFIG] [action] QueryFinish
2018-10-15 06:32:32.500 [uncertain.proc] [FINE] aurora.database.features.AutoQueryCounter.onQueryFinish
2018-10-15 06:32:32.552 [uncertain.proc] [CONFIG] [action] FetchResultSet
2018-10-15 06:32:32.552 [uncertain.proc] [FINE] aurora.database.features.CacheBasedLookUpField.postFetchResultSet
2018-10-15 06:32:32.552 [aurora.database] [CONFIG] 
============= BEGIN [query] SQL Statement execution dump ============

                SELECT
                    vv.*
                FROM
                    (SELECT --a.company_id,
                        eah.asset_book_id,
                        eah.asset_id,
                        eah.tag_number, -- 卡片号
                        eah.category_id,
                        (SELECT DISTINCT
                            eac.description
                        FROM
                            eam_asset_categories_vl eac
                        WHERE
                            eac.CATEGORY_ID   = eah.CATEGORY_ID AND
                            eac.ASSET_BOOK_ID = eah.asset_book_id AND
                            eac.ENABLED_FLAG  = 'Y'
                        ) category_desc, -- 资产大类
                        (SELECT
                            fd.description_text
                        FROM
                            fnd_descriptions fd
                        WHERE
                            fd.description_id = eah.description_id AND
                            fd.language       = ?
                        ) asset_name,   -- 资产名称
                        eah.asset_code, -- 资产编号
                        eah.status,
                        (SELECT
                            v.code_value_name
                        FROM
                            sys_code_values_v v
                        WHERE
                            v.code_value = eah.status AND
                            v.code       = 'EAM_ASSET_STATUS'
                        ) status_desc, -- 资产状态
                        eah.responsibility_center_id,
                        (SELECT
                            fr.responsibility_center_name
                        FROM
                            fnd_responsibility_centers_vl fr
                        WHERE
                            fr.responsibility_center_id = eah.responsibility_center_id
                        ) responsibility_center_name,                            -- 责任中心
                        eah.responsibility_company_id responsibility_company_id, --20151113机构
                        (SELECT
                            fcv.company_short_name
                        FROM
                            fnd_companies_vl fcv
                        WHERE
                            fcv.COMPANY_ID = eah.responsibility_company_id
                        ) responsibility_company_name,
                        eah.entity_company_id,
                        (SELECT
                            fcv.company_short_name
                        FROM
                            fnd_companies_vl fcv
                        WHERE
                            fcv.company_id = eah.entity_company_id
                        ) entity_company_name,
                        eah.entity_unit_id,
                        (SELECT
                            eou.description
                        FROM
                            exp_org_unit_vl eou
                        WHERE
                            eou.unit_id = eah.entity_unit_id
                        ) entity_unit_name, -- 管理部门
                        eah.using_unit_id,
                        (SELECT
                            eou.description
                        FROM
                            exp_org_unit_vl eou
                        WHERE
                            eou.unit_id = eah.using_unit_id
                        ) using_unit_name, -- 使用部门
                        eah.user_people,
                        (SELECT ee.name FROM exp_employees ee WHERE ee.employee_id = eah.user_people
                        ) user_people_name, --使用人
                        eah.serial_number,  -- 序列号
                        eah.asset_source_type,
                        (SELECT
                            v.code_value_name
                        FROM
                            sys_code_values_v v
                        WHERE
                            v.code       = 'EAM_AST_SOURCE_TYPE' AND
                            v.code_value = eah.asset_source_type
                        ) asset_source_type_desc, -- 取得来源
                        eah.lock_flag,            --锁定标志
                        eah.currency_code,
                        (SELECT
                            vl.currency_name
                        FROM
                            gld_currency_vl vl
                        WHERE
                            vl.currency_code = eah.currency_code
                        ) currency_desc,                                          -- 币种
                        eah.reference_number,                                     --批准文号
                        TO_CHAR(eah.start_use_date, 'yyyy-mm-dd') start_use_date, -- 启用日期
                        eah.asset_unit,
                        -- (select fu.description_text
                        -- from fnd_uom_codes_vl fu
                        -- where fu.uom_code = eah.asset_unit) as asset_unit_desc, -- 计量单位
                        (
                        SELECT
                            v.code_value_name
                        FROM
                            sys_service_lookup_v v
                        WHERE
                            v.enabled_flag = 'Y' AND
                            V.code_value   = eah.asset_unit AND
                            code           = 'UNITS_OF_MEASUREMENT' AND
                            language       = ?
                        ) AS asset_unit_desc,
                        eah.quantity, -- 数量
                        eah.price,    -- 单价
                        eah.cost,     -- 总成本
                        eah.category_sec_id,
                        (SELECT DISTINCT
                            eac.description_sec
                        FROM
                            eam_asset_categories_vl eac
                        WHERE
                            eac.CATEGORY_SEC_ID = eah.category_sec_id AND
                            eac.ASSET_BOOK_ID   = eah.asset_book_id AND
                            eac.ENABLED_FLAG    = 'Y'
                        ) category_sec_desc, -- 资产小类
                        eah.entity_class_id,
                        (SELECT
                            ec.description
                        FROM
                            eam_asset_entity_classes_vl ec
                        WHERE
                            ec.CLASS_ID = eah.ENTITY_CLASS_ID
                        ) entity_class_desc, -- 实物分类
                        (SELECT
                            ec.CLASS_CODE
                        FROM
                            eam_asset_entity_classes_vl ec
                        WHERE
                            ec.CLASS_ID = eah.ENTITY_CLASS_ID
                        ) entity_class_code, -- 实物code
                        -- (select fcv.COMPANY_FULL_NAME
                        -- from fnd_companies_vl fcv
                        -- where fcv.COMPANY_ID = a.company_id) company_full_name, --机构全称
                        eah.install_position, -- 安装位置
                        eah.fin_class_id,
                        (SELECT
                            ef.description
                        FROM
                            eam_asset_fin_classes_vl ef
                        WHERE
                            ef.CLASS_ID = eah.fin_class_id
                        ) fin_class_name, -- 财务分类
                        (SELECT
                            fi.original_cost
                        FROM
                            eam_asset_finance_info fi
                        WHERE
                            fi.asset_id = eah.ASSET_ID
                        ) original_cost, -- 原始成本
                        (SELECT
                            fi.current_cost
                        FROM
                            eam_asset_finance_info fi
                        WHERE
                            fi.asset_id = eah.ASSET_ID
                        ) current_cost, -- 当前成本
                        (SELECT
                            fi.accumulated_dep_amt
                        FROM
                            eam_asset_finance_info fi
                        WHERE
                            fi.asset_id = eah.ASSET_ID
                        ) accumulated_dep_amt, -- 累计折旧
                        (SELECT
                            fi.annual_dep_amt
                        FROM
                            eam_asset_finance_info fi
                        WHERE
                            fi.asset_id = eah.ASSET_ID
                        ) annual_dep_amt, -- 本年折旧
                        (SELECT nvl(sum(t.dep_amount),0)
		                  FROM eam_asset_dep_details t
		                 WHERE t.period_name >= ?
		                 and t.period_name <= ?
		                   AND t.asset_id = eah.ASSET_ID) period_dep_amt,--期间折旧
                        (SELECT
                            fi.impairment_loss_amt
                        FROM
                            eam_asset_finance_info fi
                        WHERE
                            fi.asset_id = eah.ASSET_ID
                        ) impairment_loss_amt, -- 减值准备
                        (SELECT
                            fi.life_in_month
                        FROM
                            eam_asset_finance_info fi
                        WHERE
                            fi.asset_id = eah.ASSET_ID
                        ) used_month, -- 使用月数
                        (SELECT
                            fi.life_in_month
                        FROM
                            eam_asset_finance_info fi
                        WHERE
                            fi.asset_id = eah.ASSET_ID
                        ) life_in_month, -- 寿命？
                        (SELECT
                            fi.remaining_life_in_month
                        FROM
                            eam_asset_finance_info fi
                        WHERE
                            fi.asset_id = eah.ASSET_ID
                        ) remaining_life_in_month, -- 剩余月数
                        (SELECT
                            fi.depreciate_flag
                        FROM
                            eam_asset_finance_info fi
                        WHERE
                            fi.asset_id = eah.ASSET_ID
                        ) depreciate_flag, -- 折旧标志
                        eah.functional_unit_id,
		               (SELECT v.description
		                  FROM exp_org_unit_vl v
		                 WHERE v.unit_id = eah.functional_unit_id) AS functional_unit_desc
                    FROM
                        eam_asset_headers eah,
                        eam_asset_books a
                    WHERE
                        eah.asset_book_id = a.asset_book_id
                    ) vv  WHERE responsibility_company_id IN (SELECT company_id FROM (SELECT fc.company_id FROM fnd_companies fc START WITH fc.parent_company_id = to_number(?) CONNECT BY fc.parent_company_id = prior fc.company_id ) WHERE 'Y' = ? UNION SELECT to_number(?) AS company_id FROM dual )
                ORDER BY
                    vv.tag_number
            
---------------------Binding info---------------------
No.1	Access path:/session/@lang	Data type of passed value :java.lang.String	Value:ZHS	Output:false	Database Type:null	
No.2	Access path:/session/@lang	Data type of passed value :java.lang.String	Value:ZHS	Output:false	Database Type:null	
No.3	Access path:@period_name_from	Data type of passed value :java.lang.String	Value:2018-01	Output:false	Database Type:null	
No.4	Access path:@period_name_to	Data type of passed value :java.lang.String	Value:2019-05	Output:false	Database Type:null	
No.5	Access path:@responsibility_company_id	Data type of passed value :java.lang.String	Value:2240	Output:false	Database Type:null	
No.6	Access path:@all_resp_company_flag	Data type of passed value :java.lang.String	Value:N	Output:false	Database Type:null	
No.7	Access path:@responsibility_company_id	Data type of passed value :java.lang.String	Value:2240	Output:false	Database Type:null	

=============== END [query] SQL Statement execution dump ============

2018-10-15 06:32:32.552 [uncertain.proc] [CONFIG] [action] CreateSuccessResponse
