2018-10-15 01:21:54.490 [aurora.application.session_check] [CONFIG] Session data copied to context
2018-10-15 01:21:54.491 [aurora.application.session_check] [CONFIG] Checking BM access eam.eam0810.eam0810_asset_usage_type_cmb for operation query
2018-10-15 01:21:54.491 [aurora.application.session_check] [CONFIG] Result from aurora.bm.DefaultAccessChecker@6a2bad82 is true
2018-10-15 01:21:54.491 [uncertain.proc] [CONFIG] [action] AccessCheck
2018-10-15 01:21:54.493 [uncertain.proc] [CONFIG] [action] CheckServiceLock
2018-10-15 01:21:54.493 [uncertain.proc] [CONFIG] [action] ParseParameter
2018-10-15 01:21:54.493 [uncertain.proc] [CONFIG] [action] ValidateInput
2018-10-15 01:21:54.493 [uncertain.proc] [CONFIG] [action] InvokeService
2018-10-15 01:21:54.493 [aurora.database] [CONFIG] ===================================== prepare to run model-query eam.eam0810.eam0810_asset_usage_type_cmb==============================
2018-10-15 01:21:54.496 [uncertain.proc] [CONFIG] [action] DecideSqlGenerationMode
2018-10-15 01:21:54.496 [uncertain.proc] [FINE] aurora.database.service.BusinessModelService.onDecideSqlGenerationMode
2018-10-15 01:21:54.496 [uncertain.proc] [CONFIG] [action] CreateOperationSql
2018-10-15 01:21:54.496 [uncertain.proc] [CONFIG] [action] PopulateOperationSql
2018-10-15 01:21:54.496 [uncertain.proc] [FINE] aurora.database.features.OrderByClauseCreator.onPopulateOperationSql
2018-10-15 01:21:54.496 [uncertain.proc] [FINE] aurora.database.features.WhereClauseCreator.onPopulateOperationSql
2018-10-15 01:21:54.496 [uncertain.proc] [CONFIG] [action] ExecuteQuery
2018-10-15 01:21:54.496 [uncertain.proc] [FINE] aurora.bm.QuerySqlCreator.onExecuteQuery
2018-10-15 01:21:54.526 [uncertain.proc] [CONFIG] [action] QueryFinish
2018-10-15 01:21:54.526 [uncertain.proc] [FINE] aurora.database.features.AutoQueryCounter.onQueryFinish
2018-10-15 01:21:54.533 [uncertain.proc] [CONFIG] [action] FetchResultSet
2018-10-15 01:21:54.533 [uncertain.proc] [FINE] aurora.database.features.CacheBasedLookUpField.postFetchResultSet
2018-10-15 01:21:54.533 [aurora.database] [CONFIG] 
============= BEGIN [query] SQL Statement execution dump ============

                SELECT
                    *
                FROM
                    (SELECT distinct 
                        t1.usage_id,
                        t1.usage_code,
                        fd.description_text usage_name,
                        t2.category_id,
                        t2.entity_class_id
                    FROM
                        EAM_ASSET_USAGE t1,
                        eam_asset_usage_class t2,
                        fnd_descriptions fd
                    WHERE
                        t1.description_id  = fd.description_id AND
                        fd.language        = ? AND
                        t1.usage_id        = t2.usage_id AND
                        t1.enable_flag     = 'Y' AND
                        t1.company_id      = ? AND
                        t2.entity_class_id = ?
                    ) t
            
---------------------Binding info---------------------
No.1	Access path:/session/@lang	Data type of passed value :java.lang.String	Value:ZHS	Output:false	Database Type:null	
No.2	Access path:/session/@company_id	Data type of passed value :java.lang.String	Value:835	Output:false	Database Type:null	
No.3	Access path:@entity_class_id	Data type of passed value :java.lang.Integer	Value:121	Output:false	Database Type:null	

=============== END [query] SQL Statement execution dump ============

2018-10-15 01:21:54.533 [uncertain.proc] [CONFIG] [action] CreateSuccessResponse
