2018-10-15 01:22:18.179 [aurora.application.session_check] [CONFIG] Session data copied to context
2018-10-15 01:22:18.179 [aurora.application.session_check] [CONFIG] Checking BM access eam.eam0311.eam0311_requisition_headers_edit for operation delete
2018-10-15 01:22:18.181 [aurora.application.session_check] [CONFIG] Result from aurora.bm.DefaultAccessChecker$ConstantChecker@442252e5 is true
2018-10-15 01:22:18.181 [uncertain.proc] [CONFIG] [action] AccessCheck
2018-10-15 01:22:18.183 [uncertain.proc] [CONFIG] [action] CheckServiceLock
2018-10-15 01:22:18.183 [uncertain.proc] [CONFIG] [action] ParseParameter
2018-10-15 01:22:18.183 [uncertain.proc] [CONFIG] [action] ValidateInput
2018-10-15 01:22:18.183 [uncertain.proc] [CONFIG] [action] InvokeService
2018-10-15 01:22:18.189 [uncertain.proc] [CONFIG] [action] DecideStatement
2018-10-15 01:22:18.191 [uncertain.proc] [CONFIG] [action] DecideSqlGenerationMode
2018-10-15 01:22:18.191 [uncertain.proc] [FINE] aurora.database.service.BusinessModelService.onDecideSqlGenerationMode
2018-10-15 01:22:18.191 [uncertain.proc] [CONFIG] [action] CreateOperationSql
2018-10-15 01:22:18.191 [uncertain.proc] [CONFIG] [action] PopulateOperationSql
2018-10-15 01:22:18.191 [uncertain.proc] [FINE] aurora.database.features.OrderByClauseCreator.onPopulateOperationSql
2018-10-15 01:22:18.191 [uncertain.proc] [FINE] aurora.database.features.WhereClauseCreator.onPopulateOperationSql
2018-10-15 01:22:18.191 [uncertain.proc] [CONFIG] [action] CreateSqlRunner
2018-10-15 01:22:18.191 [uncertain.proc] [FINE] aurora.database.service.BusinessModelService.onCreateSqlRunner
2018-10-15 01:22:18.191 [uncertain.proc] [CONFIG] [action] ExecuteDmlStatement
2018-10-15 01:22:18.191 [uncertain.proc] [FINE] aurora.database.service.BusinessModelService.onExecuteDmlStatement
2018-10-15 01:22:18.251 [aurora.database] [CONFIG] 
============= BEGIN [Delete] SQL Statement execution dump ============

            	begin
            		eam_requisition_pkg.delete_eam_requisition_header(p_requisition_header_id =>?,
                                          p_user_id               =>?);
            	end;
            
---------------------Binding info---------------------
No.1	Access path:@requisition_header_id	Data type of passed value :java.lang.String	Value:534	Output:false	Database Type:null	
No.2	Access path:/session/@user_id	Data type of passed value :java.lang.Long	Value:213	Output:false	Database Type:null	

=============== END [Delete] SQL Statement execution dump ============

2018-10-15 01:22:18.251 [uncertain.proc] [CONFIG] [action] CreateSuccessResponse
