2018-10-19 06:59:14.92 [aurora.application.session_check] [CONFIG] Session data copied to context
2018-10-19 06:59:14.93 [aurora.application.session_check] [CONFIG] Checking BM access eam.eam0910.eam0910_transaction_accounts_edit for operation execute
2018-10-19 06:59:14.95 [aurora.application.session_check] [CONFIG] Result from aurora.bm.DefaultAccessChecker@32bc1d88 is true
2018-10-19 06:59:14.95 [uncertain.proc] [CONFIG] [action] AccessCheck
2018-10-19 06:59:14.97 [uncertain.proc] [CONFIG] [action] CheckServiceLock
2018-10-19 06:59:14.97 [uncertain.proc] [CONFIG] [action] ParseParameter
2018-10-19 06:59:14.97 [uncertain.proc] [CONFIG] [action] ValidateInput
2018-10-19 06:59:14.97 [uncertain.proc] [CONFIG] [action] InvokeService
2018-10-19 06:59:14.102 [uncertain.proc] [CONFIG] [action] DecideStatement
2018-10-19 06:59:14.104 [uncertain.proc] [CONFIG] [action] DecideSqlGenerationMode
2018-10-19 06:59:14.104 [uncertain.proc] [FINE] aurora.database.service.BusinessModelService.onDecideSqlGenerationMode
2018-10-19 06:59:14.104 [uncertain.proc] [CONFIG] [action] CreateOperationSql
2018-10-19 06:59:14.104 [uncertain.proc] [CONFIG] [action] PopulateOperationSql
2018-10-19 06:59:14.104 [uncertain.proc] [FINE] aurora.database.features.OrderByClauseCreator.onPopulateOperationSql
2018-10-19 06:59:14.104 [uncertain.proc] [FINE] aurora.database.features.WhereClauseCreator.onPopulateOperationSql
2018-10-19 06:59:14.104 [uncertain.proc] [CONFIG] [action] CreateSqlRunner
2018-10-19 06:59:14.104 [uncertain.proc] [FINE] aurora.database.service.BusinessModelService.onCreateSqlRunner
2018-10-19 06:59:14.104 [uncertain.proc] [CONFIG] [action] ExecuteDmlStatement
2018-10-19 06:59:14.104 [uncertain.proc] [FINE] aurora.database.service.BusinessModelService.onExecuteDmlStatement
2018-10-19 06:59:14.254 [aurora.database] [CONFIG] 
============= BEGIN [execute] SQL Statement execution dump ============

    			begin
    				eam_requisition_pkg.create_asset_accounts(p_requisition_header_id => ?,
    														  p_requisition_line_id => ?,
							                                  p_journal_date          => to_date(?,'yyyy-mm-dd'),
							                                  p_currency_code         => 'CNY',
							                                  p_exchange_rate         => 1,
							                                  p_company_id            => ?,
							                                  p_user_id               => ?);
    			end;
    		
---------------------Binding info---------------------
No.1	Access path:@requisition_header_id	Data type of passed value :java.lang.String	Value:542	Output:false	Database Type:null	
No.2	Access path:@requisition_line_id	Data type of passed value :java.lang.String	Value:601	Output:false	Database Type:null	
No.3	Access path:@journal_date	Data type of passed value :java.lang.String	Value:2018-10-19	Output:false	Database Type:null	
No.4	Access path:/session/@company_id	Data type of passed value :java.lang.String	Value:835	Output:false	Database Type:null	
No.5	Access path:/session/@user_id	Data type of passed value :java.lang.Long	Value:1	Output:false	Database Type:null	

=============== END [execute] SQL Statement execution dump ============

2018-10-19 06:59:14.254 [uncertain.proc] [CONFIG] [action] CreateSuccessResponse
