2018-10-12 07:53:14.210 [aurora.application.session_check] [CONFIG] Session data copied to context
2018-10-12 07:53:14.210 [aurora.application.session_check] [CONFIG] Checking BM access eam.eam0810.eam0810_asset_partner_info_query for operation query
2018-10-12 07:53:14.212 [aurora.application.session_check] [CONFIG] Result from aurora.bm.DefaultAccessChecker@9fd06cd is true
2018-10-12 07:53:14.212 [uncertain.proc] [CONFIG] [action] AccessCheck
2018-10-12 07:53:14.214 [uncertain.proc] [CONFIG] [action] CheckServiceLock
2018-10-12 07:53:14.214 [uncertain.proc] [CONFIG] [action] ParseParameter
2018-10-12 07:53:14.214 [uncertain.proc] [CONFIG] [action] ValidateInput
2018-10-12 07:53:14.214 [uncertain.proc] [CONFIG] [action] InvokeService
2018-10-12 07:53:14.214 [aurora.database] [CONFIG] ===================================== prepare to run model-query eam.eam0810.eam0810_asset_partner_info_query==============================
2018-10-12 07:53:14.219 [uncertain.proc] [CONFIG] [action] DecideSqlGenerationMode
2018-10-12 07:53:14.219 [uncertain.proc] [FINE] aurora.database.service.BusinessModelService.onDecideSqlGenerationMode
2018-10-12 07:53:14.219 [uncertain.proc] [CONFIG] [action] CreatequeryStatement
2018-10-12 07:53:14.219 [uncertain.proc] [FINE] aurora.bm.QuerySqlCreator.onCreateQueryStatement
2018-10-12 07:53:14.219 [uncertain.proc] [CONFIG] [action] PopulatequeryStatement
2018-10-12 07:53:14.219 [uncertain.proc] [FINE] aurora.database.features.OrderByClauseCreator.onPopulateQueryStatement
2018-10-12 07:53:14.219 [uncertain.proc] [FINE] aurora.database.features.WhereClauseCreator.onPopulateQueryStatement
2018-10-12 07:53:14.219 [uncertain.proc] [CONFIG] [action] CreatequerySql
2018-10-12 07:53:14.219 [uncertain.proc] [FINE] aurora.bm.QuerySqlCreator.onCreateQuerySql
2018-10-12 07:53:14.219 [uncertain.proc] [CONFIG] [action] ExecuteQuery
2018-10-12 07:53:14.219 [uncertain.proc] [FINE] aurora.bm.QuerySqlCreator.onExecuteQuery
2018-10-12 07:53:14.219 [uncertain.proc] [CONFIG] [action] QueryFinish
2018-10-12 07:53:14.219 [uncertain.proc] [FINE] aurora.database.features.AutoQueryCounter.onQueryFinish
2018-10-12 07:53:14.220 [uncertain.proc] [CONFIG] [action] FetchResultSet
2018-10-12 07:53:14.220 [uncertain.proc] [FINE] aurora.database.features.CacheBasedLookUpField.postFetchResultSet
2018-10-12 07:53:14.220 [aurora.database] [CONFIG] 
============= BEGIN [query] SQL Statement execution dump ============
SELECT t1.ASSET_PARTNER_ID,t1.ASSET_ID,t1.PARTNER_CATEGORY,(SELECT v.code_value_name   FROM sys_service_lookup_v v  WHERE v.enabled_flag = 'Y'    AND V.code_value = t1.partner_category    AND code = 'EAM_PARTNER_CATEGORY'    and language = ?) AS partner_category_desc,t1.PARTNER_ID,t1.PARTNER_NAME
FROM EAM_ASSET_PARTNER_INFO t1
WHERE ASSET_ID = ?
---------------------Binding info---------------------
No.1	Access path:/session/@lang	Data type of passed value :java.lang.String	Value:ZHS	Output:false	Database Type:null	
No.2	Access path:@asset_id	Data type of passed value :java.lang.Long	Value:691	Output:false	Database Type:null	

=============== END [query] SQL Statement execution dump ============

2018-10-12 07:53:14.220 [uncertain.proc] [CONFIG] [action] CreateSuccessResponse
