2018-10-15 06:36:21.211 [aurora.application.session_check] [CONFIG] Session data copied to context
2018-10-15 06:36:21.212 [aurora.application.session_check] [CONFIG] Checking BM access exp.EXP4060.exp_sob_req_ref_types_query for operation query
2018-10-15 06:36:21.213 [aurora.application.session_check] [CONFIG] Result from aurora.bm.DefaultAccessChecker@2ae98f4b is true
2018-10-15 06:36:21.213 [uncertain.proc] [CONFIG] [action] AccessCheck
2018-10-15 06:36:21.214 [uncertain.proc] [CONFIG] [action] CheckServiceLock
2018-10-15 06:36:21.214 [uncertain.proc] [CONFIG] [action] ParseParameter
2018-10-15 06:36:21.215 [uncertain.proc] [CONFIG] [action] ValidateInput
2018-10-15 06:36:21.215 [uncertain.proc] [CONFIG] [action] InvokeService
2018-10-15 06:36:21.215 [aurora.database] [CONFIG] ===================================== prepare to run model-query exp.EXP4060.exp_sob_req_ref_types_query==============================
2018-10-15 06:36:21.218 [uncertain.proc] [CONFIG] [action] DecideSqlGenerationMode
2018-10-15 06:36:21.218 [uncertain.proc] [FINE] aurora.database.service.BusinessModelService.onDecideSqlGenerationMode
2018-10-15 06:36:21.218 [uncertain.proc] [CONFIG] [action] CreateOperationSql
2018-10-15 06:36:21.219 [uncertain.proc] [CONFIG] [action] PopulateOperationSql
2018-10-15 06:36:21.219 [uncertain.proc] [FINE] aurora.database.features.OrderByClauseCreator.onPopulateOperationSql
2018-10-15 06:36:21.219 [uncertain.proc] [FINE] aurora.database.features.WhereClauseCreator.onPopulateOperationSql
2018-10-15 06:36:21.219 [uncertain.proc] [CONFIG] [action] ExecuteQuery
2018-10-15 06:36:21.219 [uncertain.proc] [FINE] aurora.bm.QuerySqlCreator.onExecuteQuery
2018-10-15 06:36:21.246 [uncertain.proc] [CONFIG] [action] QueryFinish
2018-10-15 06:36:21.246 [uncertain.proc] [FINE] aurora.database.features.AutoQueryCounter.onQueryFinish
2018-10-15 06:36:21.250 [uncertain.proc] [CONFIG] [action] FetchResultSet
2018-10-15 06:36:21.250 [uncertain.proc] [FINE] aurora.database.features.CacheBasedLookUpField.postFetchResultSet
2018-10-15 06:36:21.250 [aurora.database] [CONFIG] 
============= BEGIN [query] SQL Statement execution dump ============
select t.exp_req_ref_types_id,
        t.expense_requisition_type_id,
        v.expense_type_code,
        v.description
   from exp_sob_req_ref_types t,
        exp_sob_expense_types_vl v,
        exp_sob_req_types a
  where t.expense_type_code = v.expense_type_code
    and t.expense_requisition_type_id=a.expense_requisition_type_id
    and a.set_of_books_id=v.set_of_books_id
    and t.expense_requisition_type_id =?
---------------------Binding info---------------------
No.1	Access path:@expense_requisition_type_id	Data type of passed value :java.lang.String	Value:1	Output:false	Database Type:null	

=============== END [query] SQL Statement execution dump ============

2018-10-15 06:36:21.250 [uncertain.proc] [CONFIG] [action] CreateSuccessResponse
