2018-10-18 06:09:16.963 [aurora.application.session_check] [CONFIG] Session data copied to context
2018-10-18 06:09:16.963 [aurora.application.session_check] [CONFIG] Checking BM access exp.WFL5060.exp_set_exp_wfl_workflow_transaction_query for operation query
2018-10-18 06:09:16.964 [aurora.application.session_check] [CONFIG] Result from aurora.bm.DefaultAccessChecker@24fb0799 is true
2018-10-18 06:09:16.964 [uncertain.proc] [CONFIG] [action] AccessCheck
2018-10-18 06:09:16.966 [uncertain.proc] [CONFIG] [action] CheckServiceLock
2018-10-18 06:09:16.966 [uncertain.proc] [CONFIG] [action] ParseParameter
2018-10-18 06:09:16.966 [uncertain.proc] [CONFIG] [action] ValidateInput
2018-10-18 06:09:16.966 [uncertain.proc] [CONFIG] [action] InvokeService
2018-10-18 06:09:16.967 [aurora.database] [CONFIG] ===================================== prepare to run model-query exp.WFL5060.exp_set_exp_wfl_workflow_transaction_query==============================
2018-10-18 06:09:16.974 [uncertain.proc] [CONFIG] [action] DecideSqlGenerationMode
2018-10-18 06:09:16.974 [uncertain.proc] [FINE] aurora.database.service.BusinessModelService.onDecideSqlGenerationMode
2018-10-18 06:09:16.975 [uncertain.proc] [CONFIG] [action] CreateOperationSql
2018-10-18 06:09:16.975 [uncertain.proc] [CONFIG] [action] PopulateOperationSql
2018-10-18 06:09:16.975 [uncertain.proc] [FINE] aurora.database.features.OrderByClauseCreator.onPopulateOperationSql
2018-10-18 06:09:16.975 [uncertain.proc] [FINE] aurora.database.features.WhereClauseCreator.onPopulateOperationSql
2018-10-18 06:09:16.975 [uncertain.proc] [CONFIG] [action] ExecuteQuery
2018-10-18 06:09:16.975 [uncertain.proc] [FINE] aurora.bm.QuerySqlCreator.onExecuteQuery
2018-10-18 06:09:16.994 [uncertain.proc] [CONFIG] [action] QueryFinish
2018-10-18 06:09:16.994 [uncertain.proc] [FINE] aurora.database.features.AutoQueryCounter.onQueryFinish
2018-10-18 06:09:17.5 [uncertain.proc] [CONFIG] [action] FetchResultSet
2018-10-18 06:09:17.5 [uncertain.proc] [FINE] aurora.database.features.CacheBasedLookUpField.postFetchResultSet
2018-10-18 06:09:17.5 [aurora.database] [CONFIG] 
============= BEGIN [query] SQL Statement execution dump ============
select *
  from (select t.transaction_category,
               t.set_of_books_id,
               (select bv.SET_OF_BOOKS_CODE || '-' || bv.SET_OF_BOOKS_NAME from gld_set_of_books_vl bv where bv.SET_OF_BOOKS_ID = t.set_of_books_id) as set_of_books_id_display,
               t.transaction_type_code,
               e.description DESCRIPTION_TEXT,
               t.workflow_code,
               w.name,
               t.oa_approved_flag,
               t.company_level_id,
               (select description from fnd_company_levels_vl v where v.company_level_id = t.company_level_id) as company_level_desc
          from wfl_sob_workflow_trs t,
               exp_sob_req_types_vl    e,
               wfl_workflow_vl          w
         where t.transaction_category = 'EXP_REQUISITION'
           and t.transaction_type_code = e.expense_requisition_type_code
           and e.set_of_books_id = t.set_of_books_id
           and t.workflow_code = w.workflow_code
        union
        select t.transaction_category,
               t.set_of_books_id,
               (select bv.SET_OF_BOOKS_CODE || '-' || bv.SET_OF_BOOKS_NAME from gld_set_of_books_vl bv where bv.SET_OF_BOOKS_ID = t.set_of_books_id) as set_of_books_id_display,
               t.transaction_type_code,
               e.description,
               t.workflow_code,
               w.name,
               t.oa_approved_flag,
               t.company_level_id,
               (select description from fnd_company_levels_vl v where v.company_level_id = t.company_level_id) as company_level_desc
          from wfl_sob_workflow_trs t,
               exp_sob_report_types_vl e,
               wfl_workflow_vl          w
         where t.transaction_category = 'EXP_REPORT'
           and t.transaction_type_code = e.expense_report_type_code
           and e.set_of_books_id = t.set_of_books_id
           and t.workflow_code = w.workflow_code
        union
        select t.transaction_category,
               t.set_of_books_id,
               (select bv.SET_OF_BOOKS_CODE || '-' || bv.SET_OF_BOOKS_NAME from gld_set_of_books_vl bv where bv.SET_OF_BOOKS_ID = t.set_of_books_id) as set_of_books_id_display,
               t.transaction_type_code,
               r1.description,
               t.workflow_code,
               w.name,
               t.oa_approved_flag,
               t.company_level_id,
               (select description from fnd_company_levels_vl v where v.company_level_id = t.company_level_id) as company_level_desc
          from wfl_sob_workflow_trs  t,
               bgt_sob_chg_req_types r1,
               wfl_workflow_vl           w
         where t.transaction_category = 'BGT_CHANGE_REQ'
           and t.transaction_type_code = r1.bgt_change_req_type_code
           and r1.set_of_book_id = t.set_of_books_id
           and t.workflow_code = w.workflow_code
        union
        select t.transaction_category,
               t.set_of_books_id,
               (select bv.SET_OF_BOOKS_CODE || '-' || bv.SET_OF_BOOKS_NAME from gld_set_of_books_vl bv where bv.SET_OF_BOOKS_ID = t.set_of_books_id) as set_of_books_id_display,
               t.transaction_type_code,
               r2.description,
               t.workflow_code,
               w.name,
               t.oa_approved_flag,
               t.company_level_id,
               (select description from fnd_company_levels_vl v where v.company_level_id = t.company_level_id) as company_level_desc
          from wfl_sob_workflow_trs t,
               bgt_sob_import_type  r2,
               wfl_workflow_vl          w
         where t.transaction_category = 'BGT_PREPARE'
           and t.transaction_type_code = r2.bgt_import_type_code
           and t.set_of_books_id = r2.set_of_book_id
           and t.workflow_code = w.workflow_code
        union
        select t.transaction_category,
               t.set_of_books_id,
               (select bv.SET_OF_BOOKS_CODE || '-' || bv.SET_OF_BOOKS_NAME from gld_set_of_books_vl bv where bv.SET_OF_BOOKS_ID = t.set_of_books_id) as set_of_books_id_display,
               t.transaction_type_code,
               r2.description,
               t.workflow_code,
               w.name,
               t.oa_approved_flag,
               t.company_level_id,
               (select description from fnd_company_levels_vl v where v.company_level_id = t.company_level_id) as company_level_desc
          from wfl_sob_workflow_trs t,
               bgt_sob_ver_types    r2,
               wfl_workflow_vl          w
         where t.transaction_category = 'BGT_CER_REQ'
           and t.transaction_type_code = r2.bgt_ver_type_code
           and t.set_of_books_id = r2.set_of_book_id
           and t.workflow_code = w.workflow_code
        union
        select t.transaction_category,
               t.set_of_books_id,
               (select bv.SET_OF_BOOKS_CODE || '-' || bv.SET_OF_BOOKS_NAME from gld_set_of_books_vl bv where bv.SET_OF_BOOKS_ID = t.set_of_books_id) as set_of_books_id_display,
               t.transaction_type_code,
               e.description,
               t.workflow_code,
               w.name,
               t.oa_approved_flag,
               t.company_level_id,
               (select description from fnd_company_levels_vl v where v.company_level_id = t.company_level_id) as company_level_desc
          from wfl_sob_workflow_trs t,
               (select r.type_code, r.description
                  from csh_pay_req_types_vl r
                 where r.enabled_flag = 'Y'
                 group by r.type_code, r.description) e,
               wfl_workflow_vl w
         where t.transaction_category = 'PAYMENT_REQUISITION'
           and t.transaction_type_code = e.type_code
           and t.workflow_code = w.workflow_code
        union
        select t.transaction_category,
               t.set_of_books_id,
               (select bv.SET_OF_BOOKS_CODE || '-' || bv.SET_OF_BOOKS_NAME from gld_set_of_books_vl bv where bv.SET_OF_BOOKS_ID = t.set_of_books_id) as set_of_books_id_display,
               t.transaction_type_code,
               e.description,
               t.workflow_code,
               w.name,
               t.oa_approved_flag,
               t.company_level_id,
               (select description from fnd_company_levels_vl v where v.company_level_id = t.company_level_id) as company_level_desc
          from wfl_sob_workflow_trs t,
               (select r.acp_req_type_code as type_code, r.description
                  from acp_sys_acp_req_types_vl r
                 where r.enabled_flag = 'Y'
                 group by r.acp_req_type_code, r.description) e,
               wfl_workflow_vl w
         where t.transaction_category = 'ACP_REQUISITION'
           and t.transaction_type_code = e.type_code
           and t.workflow_code = w.workflow_code
        union
        select t.transaction_category,
               t.set_of_books_id,
               (select bv.SET_OF_BOOKS_CODE || '-' || bv.SET_OF_BOOKS_NAME from gld_set_of_books_vl bv where bv.SET_OF_BOOKS_ID = t.set_of_books_id) as set_of_books_id_display,
               t.transaction_type_code,
               null,
               t.workflow_code,
               w.name,
               t.oa_approved_flag,
               t.company_level_id,
               (select description from fnd_company_levels_vl v where v.company_level_id = t.company_level_id) as company_level_desc
          from wfl_sob_workflow_trs t, wfl_workflow_vl w
         where t.transaction_category not in
               ('EXP_REQUISITION', 'EXP_REPORT', 'BGT_CHANGE_REQ',
                'PAYMENT_REQUISITION', 'BGT_PREPARE', 'BGT_CER_REQ','BUDGET_JOURNAL','ACP_REQUISITION','CP_ADJUST','CON_CONTRACT','WORK_ORDER')
           and w.workflow_code = t.workflow_code
           --调拨
         UNION ALL
        SELECT t.transaction_category,
               t.set_of_books_id,
               (SELECT bv.set_of_books_code || '-' || bv.set_of_books_name
                  FROM gld_set_of_books_vl bv
                 WHERE bv.set_of_books_id = t.set_of_books_id) AS set_of_books_id_display,
               t.transaction_type_code,
               cca.description,
               t.workflow_code,
               w.name,
               t.oa_approved_flag,
               t.company_level_id,
               (SELECT description
                  FROM fnd_company_levels_vl v
                 WHERE v.company_level_id = t.company_level_id) AS company_level_desc
          FROM wfl_sob_workflow_trs t, wfl_workflow_vl w,cp_capital_adjust_types cca
         WHERE t.transaction_category  = 'CP_ADJUST'
           AND w.workflow_code = t.workflow_code
           AND cca.adjust_type_code = transaction_type_code
		union all
		select t.transaction_category,
			   t.set_of_books_id,
			   (select bv.set_of_books_code || '-' || bv.set_of_books_name
				  from gld_set_of_books_vl bv
				 where bv.set_of_books_id = t.set_of_books_id) as set_of_books_id_display,
			   t.transaction_type_code,
			   bjt.description,
			   t.workflow_code,
			   w.name,
               t.oa_approved_flag,
               t.company_level_id,
               (select description from fnd_company_levels_vl v where v.company_level_id = t.company_level_id) as company_level_desc
		  from wfl_sob_workflow_trs t, bgt_journal_types_vl bjt, wfl_workflow_vl w
		 where t.transaction_category = 'BUDGET_JOURNAL'
		   and t.transaction_type_code = bjt.bgt_journal_type_code
		   and t.set_of_books_id =
			   (select bo.set_of_books_id
				  from bgt_organizations bo
				 where bo.bgt_org_id = bjt.bgt_org_id)
		   and t.workflow_code = w.workflow_code
		  union all
		  --合同
		select t.transaction_category,
			   t.set_of_books_id,
			   (select bv.set_of_books_code || '-' || bv.set_of_books_name
				  from gld_set_of_books_vl bv
				 where bv.set_of_books_id = t.set_of_books_id) as set_of_books_id_display,
			   t.transaction_type_code,
			   cct.description,
			   t.workflow_code,
			   w.name,
               t.oa_approved_flag,
               t.company_level_id,
               (select description from fnd_company_levels_vl v where v.company_level_id = t.company_level_id) as company_level_desc
		  from wfl_sob_workflow_trs t, con_contract_types_vl cct, wfl_workflow_vl w
		 where t.transaction_category = 'CON_CONTRACT'
		   and t.transaction_type_code = cct.contract_type_code
		   and t.workflow_code = w.workflow_code
		   union all
		   --工单
		   select t.transaction_category,
			   t.set_of_books_id,
			   (select bv.set_of_books_code || '-' || bv.set_of_books_name
				  from gld_set_of_books_vl bv
				 where bv.set_of_books_id = t.set_of_books_id) as set_of_books_id_display,
			   t.transaction_type_code,
			   ot.work_order_type_desc description_text,
			   t.workflow_code,
			   w.name,
               t.oa_approved_flag,
               t.company_level_id,
               (select description from fnd_company_levels_vl v where v.company_level_id = t.company_level_id) as company_level_desc
          from wfl_sob_workflow_trs t, GLD_SOB_WORK_ORDER_TYPES ot,wfl_workflow_vl w
          where  t.transaction_category = 'WORK_ORDER'
		   and t.transaction_type_code = ot.work_order_type_code
		   and t.workflow_code = w.workflow_code
		   )	   
		 WHERE set_of_books_id = ? order by transaction_category,
						  transaction_type_code,
						  workflow_code
						  
---------------------Binding info---------------------
No.1	Access path:@set_of_books_id	Data type of passed value :java.lang.Long	Value:122	Output:false	Database Type:null	

=============== END [query] SQL Statement execution dump ============

2018-10-18 06:09:17.5 [uncertain.proc] [CONFIG] [action] CreateSuccessResponse
