2018-10-17 03:42:39.297 [aurora.application.session_check] [CONFIG] Session data copied to context
2018-10-17 03:42:39.297 [aurora.application.session_check] [CONFIG] Checking BM access exp.EXP4030.exp_assign_batch_lov for operation query
2018-10-17 03:42:39.298 [aurora.application.session_check] [CONFIG] Result from aurora.bm.DefaultAccessChecker@73e66f60 is true
2018-10-17 03:42:39.298 [uncertain.proc] [CONFIG] [action] AccessCheck
2018-10-17 03:42:39.299 [uncertain.proc] [CONFIG] [action] CheckServiceLock
2018-10-17 03:42:39.299 [uncertain.proc] [CONFIG] [action] ParseParameter
2018-10-17 03:42:39.299 [uncertain.proc] [CONFIG] [action] ValidateInput
2018-10-17 03:42:39.299 [uncertain.proc] [CONFIG] [action] InvokeService
2018-10-17 03:42:39.299 [aurora.database] [CONFIG] ===================================== prepare to run model-query exp.EXP4030.exp_assign_batch_lov==============================
2018-10-17 03:42:39.303 [uncertain.proc] [CONFIG] [action] DecideSqlGenerationMode
2018-10-17 03:42:39.303 [uncertain.proc] [FINE] aurora.database.service.BusinessModelService.onDecideSqlGenerationMode
2018-10-17 03:42:39.303 [uncertain.proc] [CONFIG] [action] CreateOperationSql
2018-10-17 03:42:39.303 [uncertain.proc] [CONFIG] [action] PopulateOperationSql
2018-10-17 03:42:39.303 [uncertain.proc] [FINE] aurora.database.features.OrderByClauseCreator.onPopulateOperationSql
2018-10-17 03:42:39.304 [uncertain.proc] [FINE] aurora.database.features.WhereClauseCreator.onPopulateOperationSql
2018-10-17 03:42:39.304 [uncertain.proc] [CONFIG] [action] ExecuteQuery
2018-10-17 03:42:39.304 [uncertain.proc] [FINE] aurora.bm.QuerySqlCreator.onExecuteQuery
2018-10-17 03:42:39.347 [uncertain.proc] [CONFIG] [action] QueryFinish
2018-10-17 03:42:39.348 [uncertain.proc] [FINE] aurora.database.features.AutoQueryCounter.onQueryFinish
2018-10-17 03:42:39.389 [uncertain.proc] [CONFIG] [action] FetchResultSet
2018-10-17 03:42:39.389 [uncertain.proc] [FINE] aurora.database.features.CacheBasedLookUpField.postFetchResultSet
2018-10-17 03:42:39.389 [aurora.database] [CONFIG] 
============= BEGIN [query] SQL Statement execution dump ============

            select * from (select fv.company_id, fv.company_code, fv.company_short_name,fv.company_code || '-' ||fv.company_short_name code_name
			  from fnd_companies_vl fv
			 where (fv.end_date_active is null or
			       sysdate between fv.start_date_active and fv.end_date_active)
			   and fv.SET_OF_BOOKS_ID = ?
			   and not exists (select e.company_id
		          from exp_expense_types e, fnd_companies_vl f
		         where e.company_id = fv.company_id
		           and f.set_of_books_id = ?
		           and f.company_id = fv.company_id
		           and e.expense_type_code = ?))
			    WHERE company_code like ? ||'%' order by company_code

---------------------Binding info---------------------
No.1	Access path:/parameter/@set_of_books_id	Data type of passed value :java.lang.String	Value:122	Output:false	Database Type:null	
No.2	Access path:/parameter/@set_of_books_id	Data type of passed value :java.lang.String	Value:122	Output:false	Database Type:null	
No.3	Access path:/parameter/@expense_type_code	Data type of passed value :[null]	Value:null	Output:false	Database Type:null	
No.4	Access path:@company_code	Data type of passed value :java.lang.String	Value:8650	Output:false	Database Type:null	

=============== END [query] SQL Statement execution dump ============

2018-10-17 03:42:39.389 [uncertain.proc] [CONFIG] [action] CreateSuccessResponse
