2018-10-16 03:19:32.68 [aurora.application.session_check] [CONFIG] Session data copied to context
2018-10-16 03:19:32.68 [aurora.application.session_check] [CONFIG] Checking BM access exp.WFL5060.exp_wfl_workflow_transaction_req_lov for operation query
2018-10-16 03:19:32.69 [aurora.application.session_check] [CONFIG] Result from aurora.bm.DefaultAccessChecker@78658af0 is true
2018-10-16 03:19:32.69 [uncertain.proc] [CONFIG] [action] AccessCheck
2018-10-16 03:19:32.70 [uncertain.proc] [CONFIG] [action] CheckServiceLock
2018-10-16 03:19:32.71 [uncertain.proc] [CONFIG] [action] ParseParameter
2018-10-16 03:19:32.71 [uncertain.proc] [CONFIG] [action] ValidateInput
2018-10-16 03:19:32.71 [uncertain.proc] [CONFIG] [action] InvokeService
2018-10-16 03:19:32.71 [aurora.database] [CONFIG] ===================================== prepare to run model-query exp.WFL5060.exp_wfl_workflow_transaction_req_lov==============================
2018-10-16 03:19:32.74 [uncertain.proc] [CONFIG] [action] DecideSqlGenerationMode
2018-10-16 03:19:32.74 [uncertain.proc] [FINE] aurora.database.service.BusinessModelService.onDecideSqlGenerationMode
2018-10-16 03:19:32.74 [uncertain.proc] [CONFIG] [action] CreateOperationSql
2018-10-16 03:19:32.74 [uncertain.proc] [CONFIG] [action] PopulateOperationSql
2018-10-16 03:19:32.74 [uncertain.proc] [FINE] aurora.database.features.OrderByClauseCreator.onPopulateOperationSql
2018-10-16 03:19:32.74 [uncertain.proc] [FINE] aurora.database.features.WhereClauseCreator.onPopulateOperationSql
2018-10-16 03:19:32.74 [uncertain.proc] [CONFIG] [action] ExecuteQuery
2018-10-16 03:19:32.74 [uncertain.proc] [FINE] aurora.bm.QuerySqlCreator.onExecuteQuery
2018-10-16 03:19:32.75 [uncertain.proc] [CONFIG] [action] QueryFinish
2018-10-16 03:19:32.75 [uncertain.proc] [FINE] aurora.database.features.AutoQueryCounter.onQueryFinish
2018-10-16 03:19:32.75 [uncertain.proc] [CONFIG] [action] FetchResultSet
2018-10-16 03:19:32.75 [uncertain.proc] [FINE] aurora.database.features.CacheBasedLookUpField.postFetchResultSet
2018-10-16 03:19:32.75 [aurora.database] [CONFIG] 
============= BEGIN [query] SQL Statement execution dump ============
select * 
     from (select ert.expense_requisition_type_code type_code, ert.description  description
       from exp_sob_req_types_vl ert 
      where ert.set_of_books_id = ? 
        and ert.enabled_flag = 'Y'
      order by ert.expense_requisition_type_code) v 
    
---------------------Binding info---------------------
No.1	Access path:/parameter/@set_of_books_id	Data type of passed value :java.lang.String	Value:122	Output:false	Database Type:null	

=============== END [query] SQL Statement execution dump ============

2018-10-16 03:19:32.75 [uncertain.proc] [CONFIG] [action] CreateSuccessResponse
