2018-10-18 02:22:01.446 [aurora.application.session_check] [CONFIG] Session data copied to context
2018-10-18 02:22:01.446 [aurora.application.session_check] [CONFIG] Checking BM access exp.EXP1050.exp_employee_assign_position_lov for operation query
2018-10-18 02:22:01.450 [aurora.application.session_check] [CONFIG] Result from aurora.bm.DefaultAccessChecker@602a00b6 is true
2018-10-18 02:22:01.450 [uncertain.proc] [CONFIG] [action] AccessCheck
2018-10-18 02:22:01.451 [uncertain.proc] [CONFIG] [action] CheckServiceLock
2018-10-18 02:22:01.451 [uncertain.proc] [CONFIG] [action] ParseParameter
2018-10-18 02:22:01.451 [uncertain.proc] [CONFIG] [action] ValidateInput
2018-10-18 02:22:01.451 [uncertain.proc] [CONFIG] [action] InvokeService
2018-10-18 02:22:01.451 [aurora.database] [CONFIG] ===================================== prepare to run model-query exp.EXP1050.exp_employee_assign_position_lov==============================
2018-10-18 02:22:01.470 [uncertain.proc] [CONFIG] [action] DecideSqlGenerationMode
2018-10-18 02:22:01.470 [uncertain.proc] [FINE] aurora.database.service.BusinessModelService.onDecideSqlGenerationMode
2018-10-18 02:22:01.470 [uncertain.proc] [CONFIG] [action] CreatequeryStatement
2018-10-18 02:22:01.470 [uncertain.proc] [FINE] aurora.bm.QuerySqlCreator.onCreateQueryStatement
2018-10-18 02:22:01.475 [uncertain.proc] [CONFIG] [action] PopulatequeryStatement
2018-10-18 02:22:01.475 [uncertain.proc] [FINE] aurora.database.features.OrderByClauseCreator.onPopulateQueryStatement
2018-10-18 02:22:01.475 [uncertain.proc] [FINE] aurora.database.features.WhereClauseCreator.onPopulateQueryStatement
2018-10-18 02:22:01.475 [uncertain.proc] [CONFIG] [action] CreatequerySql
2018-10-18 02:22:01.475 [uncertain.proc] [FINE] aurora.bm.QuerySqlCreator.onCreateQuerySql
2018-10-18 02:22:01.475 [uncertain.proc] [CONFIG] [action] ExecuteQuery
2018-10-18 02:22:01.475 [uncertain.proc] [FINE] aurora.bm.QuerySqlCreator.onExecuteQuery
2018-10-18 02:22:01.482 [uncertain.proc] [CONFIG] [action] QueryFinish
2018-10-18 02:22:01.482 [uncertain.proc] [FINE] aurora.database.features.AutoQueryCounter.onQueryFinish
2018-10-18 02:22:01.483 [uncertain.proc] [CONFIG] [action] FetchResultSet
2018-10-18 02:22:01.483 [uncertain.proc] [FINE] aurora.database.features.CacheBasedLookUpField.postFetchResultSet
2018-10-18 02:22:01.486 [aurora.database] [CONFIG] 
============= BEGIN [query] SQL Statement execution dump ============
SELECT op.position_id,op.position_code,op.description_id,(select DESCRIPTION_TEXT from fnd_descriptions where DESCRIPTION_ID=op.description_id and Language=?) AS position_name,(select DESCRIPTION_TEXT from fnd_descriptions where DESCRIPTION_ID=job.description_id and Language=?) AS employee_job_description,job.level_series_id,job.employee_job_id,job.employee_job_code,job.description_id AS employee_job_description_id
FROM exp_org_position op
	LEFT OUTER JOIN exp_employee_jobs job ON op.employee_job_id = job.employee_job_id
WHERE op.company_id=? and op.enabled_flag='Y'
ORDER BY position_code
---------------------Binding info---------------------
No.1	Access path:/session/@lang	Data type of passed value :java.lang.String	Value:ZHS	Output:false	Database Type:null	
No.2	Access path:/session/@lang	Data type of passed value :java.lang.String	Value:ZHS	Output:false	Database Type:null	
No.3	Access path:@company_id	Data type of passed value :java.lang.String	Value:2555	Output:false	Database Type:null	

=============== END [query] SQL Statement execution dump ============

2018-10-18 02:22:01.486 [uncertain.proc] [CONFIG] [action] CreateSuccessResponse
