2018-10-18 05:55:36.185 [aurora.application.session_check] [CONFIG] Session data copied to context
2018-10-18 05:55:36.185 [aurora.application.session_check] [CONFIG] Checking BM access exp.FND2390.exp_sub_employee_query for operation query
2018-10-18 05:55:36.186 [aurora.application.session_check] [CONFIG] Result from aurora.bm.DefaultAccessChecker@103ef3fe is true
2018-10-18 05:55:36.186 [uncertain.proc] [CONFIG] [action] AccessCheck
2018-10-18 05:55:36.188 [uncertain.proc] [CONFIG] [action] CheckServiceLock
2018-10-18 05:55:36.189 [uncertain.proc] [CONFIG] [action] ParseParameter
2018-10-18 05:55:36.189 [uncertain.proc] [CONFIG] [action] ValidateInput
2018-10-18 05:55:36.189 [uncertain.proc] [CONFIG] [action] InvokeService
2018-10-18 05:55:36.189 [aurora.database] [CONFIG] ===================================== prepare to run model-query exp.FND2390.exp_sub_employee_query==============================
2018-10-18 05:55:36.193 [uncertain.proc] [CONFIG] [action] DecideSqlGenerationMode
2018-10-18 05:55:36.193 [uncertain.proc] [FINE] aurora.database.service.BusinessModelService.onDecideSqlGenerationMode
2018-10-18 05:55:36.193 [uncertain.proc] [CONFIG] [action] CreateOperationSql
2018-10-18 05:55:36.193 [uncertain.proc] [CONFIG] [action] PopulateOperationSql
2018-10-18 05:55:36.193 [uncertain.proc] [FINE] aurora.database.features.OrderByClauseCreator.onPopulateOperationSql
2018-10-18 05:55:36.193 [uncertain.proc] [FINE] aurora.database.features.WhereClauseCreator.onPopulateOperationSql
2018-10-18 05:55:36.193 [uncertain.proc] [CONFIG] [action] ExecuteQuery
2018-10-18 05:55:36.193 [uncertain.proc] [FINE] aurora.bm.QuerySqlCreator.onExecuteQuery
2018-10-18 05:55:36.323 [uncertain.proc] [CONFIG] [action] QueryFinish
2018-10-18 05:55:36.323 [uncertain.proc] [FINE] aurora.database.features.AutoQueryCounter.onQueryFinish
2018-10-18 05:55:36.433 [uncertain.proc] [CONFIG] [action] FetchResultSet
2018-10-18 05:55:36.433 [uncertain.proc] [FINE] aurora.database.features.CacheBasedLookUpField.postFetchResultSet
2018-10-18 05:55:36.433 [aurora.database] [CONFIG] 
============= BEGIN [query] SQL Statement execution dump ============

                SELECT DISTINCT
                    *
                FROM
                    (SELECT
                        e.employee_id,
                        e.employee_code,
                        e.name,
                        e.email,
                        e.mobil,
                        e.phone,
                        e.bank_of_deposit,
                        e.bank_account,
                        e.enabled_flag,
                        e.employee_type_id,
                        e.id_type,
                        e.id_code,
                        eev.employee_type_code,
                        eev.description employee_type_name,
                        e.notes--,
                        --a.company_id
                    FROM
                        exp_employees e ,
                        exp_employee_types_vl eev
                    WHERE
                        eev.employee_type_id = e.employee_type_id AND
                        (
                            EXISTS
                            (SELECT
                                1
                            FROM
                                exp_employee_assigns a
                            WHERE
                                (
                                    a.company_id = ? OR
                                    EXISTS
                                    (SELECT
                                        1
                                    FROM
                                        (SELECT
                                            *
                                        FROM
                                            fnd_companies_vl START
                                        WITH company_id = ? CONNECT BY PRIOR company_id = parent_company_id
                                        ) c
                                    WHERE
                                        a.company_id = c.company_id
                                    )
                                )
                                AND
                                a.employee_id = e.employee_id
                            )
                        )
                    ) 
                ORDER BY
                    employee_code
            
---------------------Binding info---------------------
No.1	Access path:/session/@company_id	Data type of passed value :java.lang.Integer	Value:835	Output:false	Database Type:null	
No.2	Access path:/session/@company_id	Data type of passed value :java.lang.Integer	Value:835	Output:false	Database Type:null	

=============== END [query] SQL Statement execution dump ============

2018-10-18 05:55:36.434 [uncertain.proc] [CONFIG] [action] CreateSuccessResponse
