2018-10-18 02:22:23.693 [aurora.application.session_check] [CONFIG] Session data copied to context
2018-10-18 02:22:23.694 [aurora.application.session_check] [CONFIG] Checking BM access exp.EXP2410.exp_sob_employee_groups_query for operation query
2018-10-18 02:22:23.695 [aurora.application.session_check] [CONFIG] Result from aurora.bm.DefaultAccessChecker@112e4c9b is true
2018-10-18 02:22:23.695 [uncertain.proc] [CONFIG] [action] AccessCheck
2018-10-18 02:22:23.696 [uncertain.proc] [CONFIG] [action] CheckServiceLock
2018-10-18 02:22:23.696 [uncertain.proc] [CONFIG] [action] ParseParameter
2018-10-18 02:22:23.696 [uncertain.proc] [CONFIG] [action] ValidateInput
2018-10-18 02:22:23.696 [uncertain.proc] [CONFIG] [action] InvokeService
2018-10-18 02:22:23.696 [aurora.database] [CONFIG] ===================================== prepare to run model-query exp.EXP2410.exp_sob_employee_groups_query==============================
2018-10-18 02:22:23.701 [uncertain.proc] [CONFIG] [action] DecideSqlGenerationMode
2018-10-18 02:22:23.701 [uncertain.proc] [FINE] aurora.database.service.BusinessModelService.onDecideSqlGenerationMode
2018-10-18 02:22:23.701 [uncertain.proc] [CONFIG] [action] CreateOperationSql
2018-10-18 02:22:23.701 [uncertain.proc] [CONFIG] [action] PopulateOperationSql
2018-10-18 02:22:23.701 [uncertain.proc] [FINE] aurora.database.features.OrderByClauseCreator.onPopulateOperationSql
2018-10-18 02:22:23.701 [uncertain.proc] [FINE] aurora.database.features.WhereClauseCreator.onPopulateOperationSql
2018-10-18 02:22:23.701 [uncertain.proc] [CONFIG] [action] ExecuteQuery
2018-10-18 02:22:23.701 [uncertain.proc] [FINE] aurora.bm.QuerySqlCreator.onExecuteQuery
2018-10-18 02:22:23.718 [uncertain.proc] [CONFIG] [action] QueryFinish
2018-10-18 02:22:23.718 [uncertain.proc] [FINE] aurora.database.features.AutoQueryCounter.onQueryFinish
2018-10-18 02:22:23.735 [uncertain.proc] [CONFIG] [action] FetchResultSet
2018-10-18 02:22:23.735 [uncertain.proc] [FINE] aurora.database.features.CacheBasedLookUpField.postFetchResultSet
2018-10-18 02:22:23.736 [aurora.database] [CONFIG] 
============= BEGIN [query] SQL Statement execution dump ============
         
            select * from (
				select v.user_groups_id exp_groups_id,
				       v.user_groups_code exp_groups_code,
				       (select d.description_text
				          from fnd_descriptions d
				         where d.description_id = v.description_id
				           and d.language = ?) description,
				       v.enabled_flag,
				       v.set_of_books_id
				  from exp_sob_user_groups v
				 where v.set_of_books_id = ?
	
				 order by v.user_groups_code
            )
            
            
---------------------Binding info---------------------
No.1	Access path:/session/@lang	Data type of passed value :java.lang.String	Value:ZHS	Output:false	Database Type:null	
No.2	Access path:@set_of_books_id	Data type of passed value :java.lang.String	Value:122	Output:false	Database Type:null	

=============== END [query] SQL Statement execution dump ============

2018-10-18 02:22:23.736 [uncertain.proc] [CONFIG] [action] CreateSuccessResponse
