2018-10-22 11:16:42.715 [aurora.application.session_check] [CONFIG] Session data copied to context
2018-10-22 11:16:42.716 [aurora.application.session_check] [CONFIG] Checking BM access exp.EXP4020.exp_sob_rep_ref_dimension_query for operation query
2018-10-22 11:16:42.717 [aurora.application.session_check] [CONFIG] Result from aurora.bm.DefaultAccessChecker@17f28c0e is true
2018-10-22 11:16:42.717 [uncertain.proc] [CONFIG] [action] AccessCheck
2018-10-22 11:16:42.719 [uncertain.proc] [CONFIG] [action] CheckServiceLock
2018-10-22 11:16:42.719 [uncertain.proc] [CONFIG] [action] ParseParameter
2018-10-22 11:16:42.719 [uncertain.proc] [CONFIG] [action] ValidateInput
2018-10-22 11:16:42.719 [uncertain.proc] [CONFIG] [action] InvokeService
2018-10-22 11:16:42.719 [aurora.database] [CONFIG] ===================================== prepare to run model-query exp.EXP4020.exp_sob_rep_ref_dimension_query==============================
2018-10-22 11:16:42.724 [uncertain.proc] [CONFIG] [action] DecideSqlGenerationMode
2018-10-22 11:16:42.724 [uncertain.proc] [FINE] aurora.database.service.BusinessModelService.onDecideSqlGenerationMode
2018-10-22 11:16:42.724 [uncertain.proc] [CONFIG] [action] CreateOperationSql
2018-10-22 11:16:42.724 [uncertain.proc] [CONFIG] [action] PopulateOperationSql
2018-10-22 11:16:42.724 [uncertain.proc] [FINE] aurora.database.features.OrderByClauseCreator.onPopulateOperationSql
2018-10-22 11:16:42.724 [uncertain.proc] [FINE] aurora.database.features.WhereClauseCreator.onPopulateOperationSql
2018-10-22 11:16:42.724 [uncertain.proc] [CONFIG] [action] ExecuteQuery
2018-10-22 11:16:42.724 [uncertain.proc] [FINE] aurora.bm.QuerySqlCreator.onExecuteQuery
2018-10-22 11:16:42.854 [uncertain.proc] [CONFIG] [action] QueryFinish
2018-10-22 11:16:42.855 [uncertain.proc] [FINE] aurora.database.features.AutoQueryCounter.onQueryFinish
2018-10-22 11:16:42.928 [uncertain.proc] [CONFIG] [action] FetchResultSet
2018-10-22 11:16:42.928 [uncertain.proc] [FINE] aurora.database.features.CacheBasedLookUpField.postFetchResultSet
2018-10-22 11:16:42.928 [aurora.database] [CONFIG] 
============= BEGIN [query] SQL Statement execution dump ============

			             select t.expense_report_type_id,
						        t.dimension_id,
						        fdv.dimension_code,
						        fdv.description,
						        t.layout_position,
						        vl.code_value_name layout_position_display,
						        t.layout_priority,
						        t.default_dim_value_id,
						        fdvv.dimension_value_code,
						        fdvv.description dimension_value_description
						   from exp_sob_rep_ref_dim     t,
						        fnd_dimensions_vl       fdv,
						        fnd_dimension_values_vl fdvv,
						        sys_code_values_vl      vl
						  where t.dimension_id = fdv.dimension_id
						    and vl.code_value = t.layout_position
						    and t.default_dim_value_id = fdvv.dimension_value_id(+)
						    and t.expense_report_type_id  =?
     
---------------------Binding info---------------------
No.1	Access path:@expense_report_type_id	Data type of passed value :java.lang.String	Value:1	Output:false	Database Type:null	

=============== END [query] SQL Statement execution dump ============

2018-10-22 11:16:42.928 [uncertain.proc] [CONFIG] [action] CreateSuccessResponse
