2018-10-15 06:39:11.652 [aurora.application.session_check] [CONFIG] Session data copied to context
2018-10-15 06:39:11.652 [aurora.application.session_check] [CONFIG] Checking BM access exp.EXP4030.exp_sob_type_expense_items for operation query
2018-10-15 06:39:11.654 [aurora.application.session_check] [CONFIG] Result from aurora.bm.DefaultAccessChecker@43e7ba4c is true
2018-10-15 06:39:11.655 [uncertain.proc] [CONFIG] [action] AccessCheck
2018-10-15 06:39:11.656 [uncertain.proc] [CONFIG] [action] CheckServiceLock
2018-10-15 06:39:11.656 [uncertain.proc] [CONFIG] [action] ParseParameter
2018-10-15 06:39:11.656 [uncertain.proc] [CONFIG] [action] ValidateInput
2018-10-15 06:39:11.656 [uncertain.proc] [CONFIG] [action] InvokeService
2018-10-15 06:39:11.656 [aurora.database] [CONFIG] ===================================== prepare to run model-query exp.EXP4030.exp_sob_type_expense_items==============================
2018-10-15 06:39:11.664 [uncertain.proc] [CONFIG] [action] DecideSqlGenerationMode
2018-10-15 06:39:11.664 [uncertain.proc] [FINE] aurora.database.service.BusinessModelService.onDecideSqlGenerationMode
2018-10-15 06:39:11.664 [uncertain.proc] [CONFIG] [action] CreatequeryStatement
2018-10-15 06:39:11.664 [uncertain.proc] [FINE] aurora.bm.QuerySqlCreator.onCreateQueryStatement
2018-10-15 06:39:11.666 [uncertain.proc] [CONFIG] [action] PopulatequeryStatement
2018-10-15 06:39:11.666 [uncertain.proc] [FINE] aurora.database.features.OrderByClauseCreator.onPopulateQueryStatement
2018-10-15 06:39:11.666 [uncertain.proc] [FINE] aurora.database.features.WhereClauseCreator.onPopulateQueryStatement
2018-10-15 06:39:11.666 [uncertain.proc] [CONFIG] [action] CreatequerySql
2018-10-15 06:39:11.666 [uncertain.proc] [FINE] aurora.bm.QuerySqlCreator.onCreateQuerySql
2018-10-15 06:39:11.666 [uncertain.proc] [CONFIG] [action] ExecuteQuery
2018-10-15 06:39:11.666 [uncertain.proc] [FINE] aurora.bm.QuerySqlCreator.onExecuteQuery
2018-10-15 06:39:11.678 [uncertain.proc] [CONFIG] [action] QueryFinish
2018-10-15 06:39:11.678 [uncertain.proc] [FINE] aurora.database.features.AutoQueryCounter.onQueryFinish
2018-10-15 06:39:11.679 [uncertain.proc] [CONFIG] [action] FetchResultSet
2018-10-15 06:39:11.679 [uncertain.proc] [FINE] aurora.database.features.CacheBasedLookUpField.postFetchResultSet
2018-10-15 06:39:11.681 [aurora.database] [CONFIG] 
============= BEGIN [query] SQL Statement execution dump ============
SELECT t1.EXP_SOB_TYPE_ITEM_ID,t1.SET_OF_BOOKS_ID,t1.expense_type_code,t1.EXPENSE_ITEM_ID,t1.enabled_flag,item.DESCRIPTION AS expense_item_name,item.EXPENSE_ITEM_CODE
FROM EXP_SOB_TYPE_EXPENSE_ITEMS t1
	LEFT OUTER JOIN EXP_EXPENSE_ITEMS_VL item ON t1.EXPENSE_ITEM_ID = item.EXPENSE_ITEM_ID
WHERE t1.set_of_books_id=? AND t1.expense_type_code=?
---------------------Binding info---------------------
No.1	Access path:@set_of_books_id	Data type of passed value :java.lang.String	Value:122	Output:false	Database Type:null	
No.2	Access path:@expense_type_code	Data type of passed value :java.lang.String	Value:BX01	Output:false	Database Type:null	

=============== END [query] SQL Statement execution dump ============

2018-10-15 06:39:11.681 [uncertain.proc] [CONFIG] [action] CreateSuccessResponse
