2018-10-15 14:08:54.452 [aurora.application.session_check] [CONFIG] Session data copied to context
2018-10-15 14:08:54.452 [aurora.application.session_check] [CONFIG] Checking BM access exp.EXP4060.gld_set_of_books_vl for operation query
2018-10-15 14:08:54.453 [aurora.application.session_check] [CONFIG] Result from aurora.bm.DefaultAccessChecker@7f247d71 is true
2018-10-15 14:08:54.453 [uncertain.proc] [CONFIG] [action] AccessCheck
2018-10-15 14:08:54.455 [uncertain.proc] [CONFIG] [action] CheckServiceLock
2018-10-15 14:08:54.455 [uncertain.proc] [CONFIG] [action] ParseParameter
2018-10-15 14:08:54.455 [uncertain.proc] [CONFIG] [action] ValidateInput
2018-10-15 14:08:54.455 [uncertain.proc] [CONFIG] [action] InvokeService
2018-10-15 14:08:54.455 [aurora.database] [CONFIG] ===================================== prepare to run model-query exp.EXP4060.gld_set_of_books_vl==============================
2018-10-15 14:08:54.460 [uncertain.proc] [CONFIG] [action] DecideSqlGenerationMode
2018-10-15 14:08:54.460 [uncertain.proc] [FINE] aurora.database.service.BusinessModelService.onDecideSqlGenerationMode
2018-10-15 14:08:54.460 [uncertain.proc] [CONFIG] [action] CreateOperationSql
2018-10-15 14:08:54.460 [uncertain.proc] [CONFIG] [action] PopulateOperationSql
2018-10-15 14:08:54.460 [uncertain.proc] [FINE] aurora.database.features.OrderByClauseCreator.onPopulateOperationSql
2018-10-15 14:08:54.460 [uncertain.proc] [FINE] aurora.database.features.WhereClauseCreator.onPopulateOperationSql
2018-10-15 14:08:54.460 [uncertain.proc] [CONFIG] [action] ExecuteQuery
2018-10-15 14:08:54.460 [uncertain.proc] [FINE] aurora.bm.QuerySqlCreator.onExecuteQuery
2018-10-15 14:08:54.462 [uncertain.proc] [CONFIG] [action] QueryFinish
2018-10-15 14:08:54.462 [uncertain.proc] [FINE] aurora.database.features.AutoQueryCounter.onQueryFinish
2018-10-15 14:08:54.462 [uncertain.proc] [CONFIG] [action] FetchResultSet
2018-10-15 14:08:54.462 [uncertain.proc] [FINE] aurora.database.features.CacheBasedLookUpField.postFetchResultSet
2018-10-15 14:08:54.462 [aurora.database] [CONFIG] 
============= BEGIN [query] SQL Statement execution dump ============
select a.set_of_books_id,
       a.set_of_books_code,
       a.set_of_books_code || '-' ||b.description_text set_of_books_name
  from gld_set_of_books  a,
       fnd_descriptions b
 where a.set_of_books_name_id =b.description_id(+)
   and a.enabled_flag='Y'
   and b.ref_table='GLD_SET_OF_BOOKS'
   and b.ref_field='SET_OF_BOOKS_NAME_ID'
   and b.language =?
  
 	order by a.set_of_books_code
 
---------------------Binding info---------------------
No.1	Access path:/session/@lang	Data type of passed value :java.lang.String	Value:ZHS	Output:false	Database Type:null	

=============== END [query] SQL Statement execution dump ============

2018-10-15 14:08:54.462 [uncertain.proc] [CONFIG] [action] CreateSuccessResponse
