2018-10-15 06:28:24.795 [aurora.application.session_check] [CONFIG] Session data copied to context
2018-10-15 06:28:24.796 [aurora.application.session_check] [CONFIG] Checking BM access exp.EXP7010.exp_rep_line_upload for operation query
2018-10-15 06:28:24.797 [aurora.application.session_check] [CONFIG] Result from aurora.bm.DefaultAccessChecker@6235e716 is true
2018-10-15 06:28:24.797 [uncertain.proc] [CONFIG] [action] AccessCheck
2018-10-15 06:28:24.799 [uncertain.proc] [CONFIG] [action] CheckServiceLock
2018-10-15 06:28:24.799 [uncertain.proc] [CONFIG] [action] ParseParameter
2018-10-15 06:28:24.800 [uncertain.proc] [CONFIG] [action] ValidateInput
2018-10-15 06:28:24.800 [uncertain.proc] [CONFIG] [action] InvokeService
2018-10-15 06:28:24.800 [aurora.database] [CONFIG] ===================================== prepare to run model-query exp.EXP7010.exp_rep_line_upload==============================
2018-10-15 06:28:24.803 [uncertain.proc] [CONFIG] [action] DecideSqlGenerationMode
2018-10-15 06:28:24.803 [uncertain.proc] [FINE] aurora.database.service.BusinessModelService.onDecideSqlGenerationMode
2018-10-15 06:28:24.803 [uncertain.proc] [CONFIG] [action] CreatequeryStatement
2018-10-15 06:28:24.803 [uncertain.proc] [FINE] aurora.bm.QuerySqlCreator.onCreateQueryStatement
2018-10-15 06:28:24.803 [uncertain.proc] [CONFIG] [action] PopulatequeryStatement
2018-10-15 06:28:24.803 [uncertain.proc] [FINE] aurora.database.features.OrderByClauseCreator.onPopulateQueryStatement
2018-10-15 06:28:24.803 [uncertain.proc] [FINE] aurora.database.features.WhereClauseCreator.onPopulateQueryStatement
2018-10-15 06:28:24.803 [uncertain.proc] [CONFIG] [action] CreatequerySql
2018-10-15 06:28:24.803 [uncertain.proc] [FINE] aurora.bm.QuerySqlCreator.onCreateQuerySql
2018-10-15 06:28:24.803 [uncertain.proc] [CONFIG] [action] ExecuteQuery
2018-10-15 06:28:24.803 [uncertain.proc] [FINE] aurora.bm.QuerySqlCreator.onExecuteQuery
2018-10-15 06:28:24.842 [uncertain.proc] [CONFIG] [action] QueryFinish
2018-10-15 06:28:24.842 [uncertain.proc] [FINE] aurora.database.features.AutoQueryCounter.onQueryFinish
2018-10-15 06:28:24.844 [uncertain.proc] [CONFIG] [action] FetchResultSet
2018-10-15 06:28:24.844 [uncertain.proc] [FINE] aurora.database.features.CacheBasedLookUpField.postFetchResultSet
2018-10-15 06:28:24.844 [aurora.database] [CONFIG] 
============= BEGIN [query] SQL Statement execution dump ============
SELECT t1.LINE_NUMBER,t1.DESCRIPTION,t1.COMPANY_CODE,t1.UNIT_CODE,t1.EXPENSE_TYPE_CODE,t1.EXPENSE_ITEM_CODE,t1.INVOICE_TYPE_DESC,t1.INVOICE_CODE,t1.INVOICE_NUMBER,t1.INVOICE_DATE,t1.REPORT_AMOUNT,t1.TAX_AMOUNT,t1.INPUT_TAX_STRUCTURE_DETAIL,t1.USAGE_TYPE,t1.D3,t1.BATCH_ID,t1.IMPORT_FLAG
FROM EXP_REP_LINE_INTERFACE t1
WHERE BATCH_ID = ? AND IMPORT_FLAG = ?
---------------------Binding info---------------------
No.1	Access path:@batch_id	Data type of passed value :java.lang.Long	Value:55435	Output:false	Database Type:null	
No.2	Access path:@import_flag	Data type of passed value :java.lang.String	Value:Y	Output:false	Database Type:null	

=============== END [query] SQL Statement execution dump ============

2018-10-15 06:28:24.845 [uncertain.proc] [CONFIG] [action] CreateSuccessResponse
