2018-10-18 02:19:41.87 [aurora.application.session_check] [CONFIG] Session data copied to context
2018-10-18 02:19:41.87 [aurora.application.session_check] [CONFIG] Checking BM access exp.EXP1010.fnd_dimension_values_vl_for_lov for operation query
2018-10-18 02:19:41.88 [aurora.application.session_check] [CONFIG] Result from aurora.bm.DefaultAccessChecker@2cee65bf is true
2018-10-18 02:19:41.88 [uncertain.proc] [CONFIG] [action] AccessCheck
2018-10-18 02:19:41.90 [uncertain.proc] [CONFIG] [action] CheckServiceLock
2018-10-18 02:19:41.90 [uncertain.proc] [CONFIG] [action] ParseParameter
2018-10-18 02:19:41.90 [uncertain.proc] [CONFIG] [action] ValidateInput
2018-10-18 02:19:41.90 [uncertain.proc] [CONFIG] [action] InvokeService
2018-10-18 02:19:41.90 [aurora.database] [CONFIG] ===================================== prepare to run model-query exp.EXP1010.fnd_dimension_values_vl_for_lov==============================
2018-10-18 02:19:41.94 [uncertain.proc] [CONFIG] [action] DecideSqlGenerationMode
2018-10-18 02:19:41.94 [uncertain.proc] [FINE] aurora.database.service.BusinessModelService.onDecideSqlGenerationMode
2018-10-18 02:19:41.94 [uncertain.proc] [CONFIG] [action] CreatequeryStatement
2018-10-18 02:19:41.94 [uncertain.proc] [FINE] aurora.bm.QuerySqlCreator.onCreateQueryStatement
2018-10-18 02:19:41.94 [uncertain.proc] [CONFIG] [action] PopulatequeryStatement
2018-10-18 02:19:41.94 [uncertain.proc] [FINE] aurora.database.features.OrderByClauseCreator.onPopulateQueryStatement
2018-10-18 02:19:41.94 [uncertain.proc] [FINE] aurora.database.features.WhereClauseCreator.onPopulateQueryStatement
2018-10-18 02:19:41.94 [uncertain.proc] [CONFIG] [action] CreatequerySql
2018-10-18 02:19:41.94 [uncertain.proc] [FINE] aurora.bm.QuerySqlCreator.onCreateQuerySql
2018-10-18 02:19:41.94 [uncertain.proc] [CONFIG] [action] ExecuteQuery
2018-10-18 02:19:41.94 [uncertain.proc] [FINE] aurora.bm.QuerySqlCreator.onExecuteQuery
2018-10-18 02:19:41.95 [uncertain.proc] [CONFIG] [action] QueryFinish
2018-10-18 02:19:41.95 [uncertain.proc] [FINE] aurora.database.features.AutoQueryCounter.onQueryFinish
2018-10-18 02:19:41.96 [uncertain.proc] [CONFIG] [action] FetchResultSet
2018-10-18 02:19:41.96 [uncertain.proc] [FINE] aurora.database.features.CacheBasedLookUpField.postFetchResultSet
2018-10-18 02:19:41.96 [aurora.database] [CONFIG] 
============= BEGIN [query] SQL Statement execution dump ============
SELECT t1.DIMENSION_ID,t1.DIMENSION_VALUE_ID,t1.DIMENSION_VALUE_CODE,t1.DESCRIPTION,t1.SUMMARY_FLAG,t1.ENABLED_FLAG
FROM FND_DIMENSION_VALUES_VL t1
WHERE t1.enabled_flag='Y' AND t1.summary_flag='N' AND t1.dimension_value_id in (select dimension_value_id from fnd_company_dimension_values where company_id=?) AND DIMENSION_ID = ?
---------------------Binding info---------------------
No.1	Access path:/session/@company_id	Data type of passed value :java.lang.Integer	Value:2555	Output:false	Database Type:null	
No.2	Access path:@dimension_id	Data type of passed value :java.lang.Long	Value:11	Output:false	Database Type:null	

=============== END [query] SQL Statement execution dump ============

2018-10-18 02:19:41.96 [uncertain.proc] [CONFIG] [action] CreateSuccessResponse
