2018-10-18 05:55:38.729 [aurora.application.session_check] [CONFIG] Session data copied to context
2018-10-18 05:55:38.730 [aurora.application.session_check] [CONFIG] Checking BM access exp.FND2390.exp_sub_employee_assign_query for operation query
2018-10-18 05:55:38.731 [aurora.application.session_check] [CONFIG] Result from aurora.bm.DefaultAccessChecker@54ec623d is true
2018-10-18 05:55:38.731 [uncertain.proc] [CONFIG] [action] AccessCheck
2018-10-18 05:55:38.733 [uncertain.proc] [CONFIG] [action] CheckServiceLock
2018-10-18 05:55:38.733 [uncertain.proc] [CONFIG] [action] ParseParameter
2018-10-18 05:55:38.733 [uncertain.proc] [CONFIG] [action] ValidateInput
2018-10-18 05:55:38.733 [uncertain.proc] [CONFIG] [action] InvokeService
2018-10-18 05:55:38.733 [aurora.database] [CONFIG] ===================================== prepare to run model-query exp.FND2390.exp_sub_employee_assign_query==============================
2018-10-18 05:55:38.741 [uncertain.proc] [CONFIG] [action] DecideSqlGenerationMode
2018-10-18 05:55:38.741 [uncertain.proc] [FINE] aurora.database.service.BusinessModelService.onDecideSqlGenerationMode
2018-10-18 05:55:38.741 [uncertain.proc] [CONFIG] [action] CreateOperationSql
2018-10-18 05:55:38.741 [uncertain.proc] [CONFIG] [action] PopulateOperationSql
2018-10-18 05:55:38.741 [uncertain.proc] [FINE] aurora.database.features.OrderByClauseCreator.onPopulateOperationSql
2018-10-18 05:55:38.741 [uncertain.proc] [FINE] aurora.database.features.WhereClauseCreator.onPopulateOperationSql
2018-10-18 05:55:38.741 [uncertain.proc] [CONFIG] [action] ExecuteQuery
2018-10-18 05:55:38.741 [uncertain.proc] [FINE] aurora.bm.QuerySqlCreator.onExecuteQuery
2018-10-18 05:55:38.798 [uncertain.proc] [CONFIG] [action] QueryFinish
2018-10-18 05:55:38.798 [uncertain.proc] [FINE] aurora.database.features.AutoQueryCounter.onQueryFinish
2018-10-18 05:55:38.825 [uncertain.proc] [CONFIG] [action] FetchResultSet
2018-10-18 05:55:38.825 [uncertain.proc] [FINE] aurora.database.features.CacheBasedLookUpField.postFetchResultSet
2018-10-18 05:55:38.825 [aurora.database] [CONFIG] 
============= BEGIN [query] SQL Statement execution dump ============

            select *
			  from (select cpy.company_code,
			               cpy.company_short_name  company_name,
			               pos.position_code,
			               pos.description         position_name,
			               job.employee_job_code,
			               job.description         employee_job_name,
			               t.primary_position_flag,
			               t.enabled_flag,
			               t.employees_assign_id,
			               t.company_id,
			               t.employee_id,
			               t.position_id,
			               pos.employee_job_id,
			               job.level_series_id,
			               le.employee_levels_code employee_levels_code,
			               le.description employee_levels_description 
			          from exp_employee_assigns t,
			               fnd_companies_vl     cpy,
			               exp_org_position_vl  pos,
			               exp_employee_jobs_vl job,
			               Exp_Employee_Levels_Vl le
			         where cpy.company_id = t.company_id
			           and pos.position_id = t.position_id
			           and job.employee_job_id(+) = pos.employee_job_id
			           and t.employee_levels_id = le.employee_levels_id(+)
			           )
            WHERE company_id = ? AND employee_id = ?
           
---------------------Binding info---------------------
No.1	Access path:/session/@company_id	Data type of passed value :java.lang.Integer	Value:835	Output:false	Database Type:null	
No.2	Access path:@employee_id	Data type of passed value :java.lang.String	Value:2271	Output:false	Database Type:null	

=============== END [query] SQL Statement execution dump ============

2018-10-18 05:55:38.825 [uncertain.proc] [CONFIG] [action] CreateSuccessResponse
