2018-10-09 08:37:06.240 [aurora.application.session_check] [CONFIG] Session data copied to context
2018-10-09 08:37:06.240 [aurora.application.session_check] [CONFIG] Checking BM access exp.EXP4020.exp_report_assign_batch_query for operation query
2018-10-09 08:37:06.241 [aurora.application.session_check] [CONFIG] Result from aurora.bm.DefaultAccessChecker@261e623c is true
2018-10-09 08:37:06.241 [uncertain.proc] [CONFIG] [action] AccessCheck
2018-10-09 08:37:06.244 [uncertain.proc] [CONFIG] [action] CheckServiceLock
2018-10-09 08:37:06.244 [uncertain.proc] [CONFIG] [action] ParseParameter
2018-10-09 08:37:06.244 [uncertain.proc] [CONFIG] [action] ValidateInput
2018-10-09 08:37:06.244 [uncertain.proc] [CONFIG] [action] InvokeService
2018-10-09 08:37:06.244 [aurora.database] [CONFIG] ===================================== prepare to run model-query exp.EXP4020.exp_report_assign_batch_query==============================
2018-10-09 08:37:06.251 [uncertain.proc] [CONFIG] [action] DecideSqlGenerationMode
2018-10-09 08:37:06.251 [uncertain.proc] [FINE] aurora.database.service.BusinessModelService.onDecideSqlGenerationMode
2018-10-09 08:37:06.251 [uncertain.proc] [CONFIG] [action] CreateOperationSql
2018-10-09 08:37:06.251 [uncertain.proc] [CONFIG] [action] PopulateOperationSql
2018-10-09 08:37:06.251 [uncertain.proc] [FINE] aurora.database.features.OrderByClauseCreator.onPopulateOperationSql
2018-10-09 08:37:06.251 [uncertain.proc] [FINE] aurora.database.features.WhereClauseCreator.onPopulateOperationSql
2018-10-09 08:37:06.251 [uncertain.proc] [CONFIG] [action] ExecuteQuery
2018-10-09 08:37:06.251 [uncertain.proc] [FINE] aurora.bm.QuerySqlCreator.onExecuteQuery
2018-10-09 08:37:06.445 [uncertain.proc] [CONFIG] [action] QueryFinish
2018-10-09 08:37:06.445 [uncertain.proc] [FINE] aurora.database.features.AutoQueryCounter.onQueryFinish
2018-10-09 08:37:06.448 [uncertain.proc] [CONFIG] [action] FetchResultSet
2018-10-09 08:37:06.448 [uncertain.proc] [FINE] aurora.database.features.CacheBasedLookUpField.postFetchResultSet
2018-10-09 08:37:06.448 [aurora.database] [CONFIG] 
============= BEGIN [query] SQL Statement execution dump ============

            select fc.company_id, 
                   fc.company_code, 
                   fc.company_short_name,
                   etv.enabled_flag,
                   esv.document_page_type,
                   esv.expense_report_type_code,
                   esv.description,
                   esv.currency_code,
                   esv.coding_rule,
                   esv.auto_approve_flag,
                   esv.auto_audit_flag,
                   esv.payment_object,
                   esv.req_required_flag,
                   esv.adjustment_flag,
                   esv.report_name,
                   esv.payment_flag,
                   esv.amortization_flag,
                   esv.template_flag,
                   esv.reserve_budget,
                   esv.payment_method,
                   esv.mobile_approve,
                   esv.mobile_fill,
                   esv.app_documents_icon
              from fnd_companies_vl fc, gld_set_of_books_vl sob,exp_sob_report_types_vl esv,exp_expense_report_types_vl etv
             where (fc.end_date_active is null or
                   sysdate between fc.start_date_active and
                   fc.end_date_active)
               and fc.set_of_books_id = ?
               and sob.set_of_books_id = fc.set_of_books_id
               and sob.enabled_flag = 'Y'
               and fc.COMPANY_ID in etv.company_id
               and etv.expense_report_type_code=? 
               and esv.expense_report_type_code=etv.expense_report_type_code
			   and esv.set_of_books_id=fc.set_of_books_id
               order by company_code
---------------------Binding info---------------------
No.1	Access path:/parameter/@set_of_books_id	Data type of passed value :java.lang.String	Value:122	Output:false	Database Type:null	
No.2	Access path:@expense_report_type_code	Data type of passed value :java.lang.String	Value:BX01	Output:false	Database Type:null	

=============== END [query] SQL Statement execution dump ============

2018-10-09 08:37:06.449 [uncertain.proc] [CONFIG] [action] CreateSuccessResponse
