2018-10-15 01:41:01.639 [aurora.application.session_check] [CONFIG] Session data copied to context
2018-10-15 01:41:01.639 [aurora.application.session_check] [CONFIG] Checking BM access exp.EXP1050.exp_employee_group_assign for operation query
2018-10-15 01:41:01.644 [aurora.application.session_check] [CONFIG] Result from aurora.bm.DefaultAccessChecker@2692a74 is true
2018-10-15 01:41:01.644 [uncertain.proc] [CONFIG] [action] AccessCheck
2018-10-15 01:41:01.646 [uncertain.proc] [CONFIG] [action] CheckServiceLock
2018-10-15 01:41:01.646 [uncertain.proc] [CONFIG] [action] ParseParameter
2018-10-15 01:41:01.646 [uncertain.proc] [CONFIG] [action] ValidateInput
2018-10-15 01:41:01.646 [uncertain.proc] [CONFIG] [action] InvokeService
2018-10-15 01:41:01.646 [aurora.database] [CONFIG] ===================================== prepare to run model-query exp.EXP1050.exp_employee_group_assign==============================
2018-10-15 01:41:01.665 [uncertain.proc] [CONFIG] [action] DecideSqlGenerationMode
2018-10-15 01:41:01.665 [uncertain.proc] [FINE] aurora.database.service.BusinessModelService.onDecideSqlGenerationMode
2018-10-15 01:41:01.665 [uncertain.proc] [CONFIG] [action] CreatequeryStatement
2018-10-15 01:41:01.665 [uncertain.proc] [FINE] aurora.bm.QuerySqlCreator.onCreateQueryStatement
2018-10-15 01:41:01.672 [uncertain.proc] [CONFIG] [action] PopulatequeryStatement
2018-10-15 01:41:01.672 [uncertain.proc] [FINE] aurora.database.features.OrderByClauseCreator.onPopulateQueryStatement
2018-10-15 01:41:01.672 [uncertain.proc] [FINE] aurora.database.features.WhereClauseCreator.onPopulateQueryStatement
2018-10-15 01:41:01.672 [uncertain.proc] [CONFIG] [action] CreatequerySql
2018-10-15 01:41:01.672 [uncertain.proc] [FINE] aurora.bm.QuerySqlCreator.onCreateQuerySql
2018-10-15 01:41:01.672 [uncertain.proc] [CONFIG] [action] ExecuteQuery
2018-10-15 01:41:01.672 [uncertain.proc] [FINE] aurora.bm.QuerySqlCreator.onExecuteQuery
2018-10-15 01:41:01.744 [uncertain.proc] [CONFIG] [action] QueryFinish
2018-10-15 01:41:01.744 [uncertain.proc] [FINE] aurora.database.features.AutoQueryCounter.onQueryFinish
2018-10-15 01:41:01.749 [uncertain.proc] [CONFIG] [action] FetchResultSet
2018-10-15 01:41:01.749 [uncertain.proc] [FINE] aurora.database.features.CacheBasedLookUpField.postFetchResultSet
2018-10-15 01:41:01.753 [aurora.database] [CONFIG] 
============= BEGIN [query] SQL Statement execution dump ============
SELECT ugl.expense_user_group_id,ugl.employee_id,(select DESCRIPTION_TEXT from fnd_descriptions where DESCRIPTION_ID=hl.description_id and Language=?) AS description,hl.description_id,hl.expense_user_group_code
FROM EXP_USER_GROUP_LINES ugl
	INNER JOIN EXP_USER_GROUP_HEADERS hl ON ugl.expense_user_group_id = hl.expense_user_group_id
WHERE hl.company_id=? and hl.enabled_flag='Y' and ugl.employee_id=?
---------------------Binding info---------------------
No.1	Access path:/session/@lang	Data type of passed value :java.lang.String	Value:ZHS	Output:false	Database Type:null	
No.2	Access path:/parameter/@company_id	Data type of passed value :java.lang.String	Value:835	Output:false	Database Type:null	
No.3	Access path:/parameter/@employee_id	Data type of passed value :java.lang.String	Value:2271	Output:false	Database Type:null	

=============== END [query] SQL Statement execution dump ============

2018-10-15 01:41:01.753 [uncertain.proc] [CONFIG] [action] CreateSuccessResponse
