2018-09-30 02:19:48.309 [aurora.application.session_check] [CONFIG] Session data copied to context
2018-09-30 02:19:48.309 [aurora.application.session_check] [CONFIG] Checking BM access exp.EXP4030.exp_assign_company_lov for operation query
2018-09-30 02:19:48.310 [aurora.application.session_check] [CONFIG] Result from aurora.bm.DefaultAccessChecker@518e9b78 is true
2018-09-30 02:19:48.310 [uncertain.proc] [CONFIG] [action] AccessCheck
2018-09-30 02:19:48.313 [uncertain.proc] [CONFIG] [action] CheckServiceLock
2018-09-30 02:19:48.313 [uncertain.proc] [CONFIG] [action] ParseParameter
2018-09-30 02:19:48.313 [uncertain.proc] [CONFIG] [action] ValidateInput
2018-09-30 02:19:48.313 [uncertain.proc] [CONFIG] [action] InvokeService
2018-09-30 02:19:48.313 [aurora.database] [CONFIG] ===================================== prepare to run model-query exp.EXP4030.exp_assign_company_lov==============================
2018-09-30 02:19:48.316 [uncertain.proc] [CONFIG] [action] DecideSqlGenerationMode
2018-09-30 02:19:48.316 [uncertain.proc] [FINE] aurora.database.service.BusinessModelService.onDecideSqlGenerationMode
2018-09-30 02:19:48.316 [uncertain.proc] [CONFIG] [action] CreateOperationSql
2018-09-30 02:19:48.316 [uncertain.proc] [CONFIG] [action] PopulateOperationSql
2018-09-30 02:19:48.316 [uncertain.proc] [FINE] aurora.database.features.OrderByClauseCreator.onPopulateOperationSql
2018-09-30 02:19:48.316 [uncertain.proc] [FINE] aurora.database.features.WhereClauseCreator.onPopulateOperationSql
2018-09-30 02:19:48.316 [uncertain.proc] [CONFIG] [action] ExecuteQuery
2018-09-30 02:19:48.316 [uncertain.proc] [FINE] aurora.bm.QuerySqlCreator.onExecuteQuery
2018-09-30 02:19:48.325 [uncertain.proc] [CONFIG] [action] QueryFinish
2018-09-30 02:19:48.325 [uncertain.proc] [FINE] aurora.database.features.AutoQueryCounter.onQueryFinish
2018-09-30 02:19:48.330 [uncertain.proc] [CONFIG] [action] FetchResultSet
2018-09-30 02:19:48.330 [uncertain.proc] [FINE] aurora.database.features.CacheBasedLookUpField.postFetchResultSet
2018-09-30 02:19:48.330 [aurora.database] [CONFIG] 
============= BEGIN [query] SQL Statement execution dump ============

            select * from (
	            select fv.company_id, fv.company_code, fv.company_short_name,fv.company_code || '-' ||fv.company_short_name code_name
	          from fnd_companies_vl fv
	         where fv.set_of_books_id = ?
	           and (fv.end_date_active is null or
	               sysdate between fv.start_date_active and fv.end_date_active)
			   and fv.SET_OF_BOOKS_ID = ?
			   and not exists (select e.company_id
		          from exp_expense_types e, fnd_companies_vl f
		         where e.company_id = fv.company_id
		           and f.set_of_books_id = ?
		           and f.company_id = fv.company_id
		           and e.expense_type_code = ?)) v
                order by  v.COMPANY_CODE
---------------------Binding info---------------------
No.1	Access path:/parameter/@set_of_books_id	Data type of passed value :java.lang.String	Value:122	Output:false	Database Type:null	
No.2	Access path:/parameter/@set_of_books_id	Data type of passed value :java.lang.String	Value:122	Output:false	Database Type:null	
No.3	Access path:/parameter/@set_of_books_id	Data type of passed value :java.lang.String	Value:122	Output:false	Database Type:null	
No.4	Access path:/parameter/@expense_type_code	Data type of passed value :java.lang.String	Value:BX20	Output:false	Database Type:null	

=============== END [query] SQL Statement execution dump ============

2018-09-30 02:19:48.330 [uncertain.proc] [CONFIG] [action] CreateSuccessResponse
