2018-10-17 08:10:26.301 [aurora.application.session_check] [CONFIG] Session data copied to context
2018-10-17 08:10:26.301 [aurora.application.session_check] [CONFIG] Checking BM access exp.EXP4020.exp_sob_req_ref_user_groups_lov for operation query
2018-10-17 08:10:26.302 [aurora.application.session_check] [CONFIG] Result from aurora.bm.DefaultAccessChecker@49532598 is true
2018-10-17 08:10:26.302 [uncertain.proc] [CONFIG] [action] AccessCheck
2018-10-17 08:10:26.304 [uncertain.proc] [CONFIG] [action] CheckServiceLock
2018-10-17 08:10:26.304 [uncertain.proc] [CONFIG] [action] ParseParameter
2018-10-17 08:10:26.304 [uncertain.proc] [CONFIG] [action] ValidateInput
2018-10-17 08:10:26.304 [uncertain.proc] [CONFIG] [action] InvokeService
2018-10-17 08:10:26.304 [aurora.database] [CONFIG] ===================================== prepare to run model-query exp.EXP4020.exp_sob_req_ref_user_groups_lov==============================
2018-10-17 08:10:26.309 [uncertain.proc] [CONFIG] [action] DecideSqlGenerationMode
2018-10-17 08:10:26.309 [uncertain.proc] [FINE] aurora.database.service.BusinessModelService.onDecideSqlGenerationMode
2018-10-17 08:10:26.309 [uncertain.proc] [CONFIG] [action] CreateOperationSql
2018-10-17 08:10:26.309 [uncertain.proc] [CONFIG] [action] PopulateOperationSql
2018-10-17 08:10:26.309 [uncertain.proc] [FINE] aurora.database.features.OrderByClauseCreator.onPopulateOperationSql
2018-10-17 08:10:26.309 [uncertain.proc] [FINE] aurora.database.features.WhereClauseCreator.onPopulateOperationSql
2018-10-17 08:10:26.309 [uncertain.proc] [CONFIG] [action] ExecuteQuery
2018-10-17 08:10:26.309 [uncertain.proc] [FINE] aurora.bm.QuerySqlCreator.onExecuteQuery
2018-10-17 08:10:26.310 [uncertain.proc] [CONFIG] [action] QueryFinish
2018-10-17 08:10:26.310 [uncertain.proc] [FINE] aurora.database.features.AutoQueryCounter.onQueryFinish
2018-10-17 08:10:26.311 [uncertain.proc] [CONFIG] [action] FetchResultSet
2018-10-17 08:10:26.311 [uncertain.proc] [FINE] aurora.database.features.CacheBasedLookUpField.postFetchResultSet
2018-10-17 08:10:26.311 [aurora.database] [CONFIG] 
============= BEGIN [query] SQL Statement execution dump ============

              select *
		          from (select t.user_groups_id expense_user_groups_id,
		                       t.user_groups_code expense_user_groups_code,
                               c.description_text description
		                  from exp_sob_user_groups t,
                               fnd_descriptions    c
			             where t.set_of_books_id = ?
                         and t.description_id=c.description_id
			             and t.enabled_flag = 'Y'
			             and c.language=?) v
			      order by v.expense_user_groups_code 
    
---------------------Binding info---------------------
No.1	Access path:/parameter/@set_of_books_id	Data type of passed value :java.lang.String	Value:122	Output:false	Database Type:null	
No.2	Access path:/session/@lang	Data type of passed value :java.lang.String	Value:ZHS	Output:false	Database Type:null	

=============== END [query] SQL Statement execution dump ============

2018-10-17 08:10:26.311 [uncertain.proc] [CONFIG] [action] CreateSuccessResponse
