2018-10-17 07:57:02.665 [aurora.application.session_check] [CONFIG] Session data copied to context
2018-10-17 07:57:02.665 [aurora.application.session_check] [CONFIG] Checking BM access exp.EXP1010.exp_org_unit_query for operation query
2018-10-17 07:57:02.669 [aurora.application.session_check] [CONFIG] Result from aurora.bm.DefaultAccessChecker@35abf048 is true
2018-10-17 07:57:02.669 [uncertain.proc] [CONFIG] [action] AccessCheck
2018-10-17 07:57:02.670 [uncertain.proc] [CONFIG] [action] CheckServiceLock
2018-10-17 07:57:02.670 [uncertain.proc] [CONFIG] [action] ParseParameter
2018-10-17 07:57:02.670 [uncertain.proc] [CONFIG] [action] ValidateInput
2018-10-17 07:57:02.670 [uncertain.proc] [CONFIG] [action] InvokeService
2018-10-17 07:57:02.670 [aurora.database] [CONFIG] ===================================== prepare to run model-query exp.EXP1010.exp_org_unit_query==============================
2018-10-17 07:57:02.697 [uncertain.proc] [CONFIG] [action] DecideSqlGenerationMode
2018-10-17 07:57:02.698 [uncertain.proc] [FINE] aurora.database.service.BusinessModelService.onDecideSqlGenerationMode
2018-10-17 07:57:02.698 [uncertain.proc] [CONFIG] [action] CreatequeryStatement
2018-10-17 07:57:02.698 [uncertain.proc] [FINE] aurora.bm.QuerySqlCreator.onCreateQueryStatement
2018-10-17 07:57:02.708 [uncertain.proc] [CONFIG] [action] PopulatequeryStatement
2018-10-17 07:57:02.708 [uncertain.proc] [FINE] aurora.database.features.OrderByClauseCreator.onPopulateQueryStatement
2018-10-17 07:57:02.708 [uncertain.proc] [FINE] aurora.database.features.WhereClauseCreator.onPopulateQueryStatement
2018-10-17 07:57:02.708 [uncertain.proc] [CONFIG] [action] CreatequerySql
2018-10-17 07:57:02.708 [uncertain.proc] [FINE] aurora.bm.QuerySqlCreator.onCreateQuerySql
2018-10-17 07:57:02.709 [uncertain.proc] [CONFIG] [action] ExecuteQuery
2018-10-17 07:57:02.709 [uncertain.proc] [FINE] aurora.bm.QuerySqlCreator.onExecuteQuery
2018-10-17 07:57:02.851 [uncertain.proc] [CONFIG] [action] QueryFinish
2018-10-17 07:57:02.851 [uncertain.proc] [FINE] aurora.database.features.AutoQueryCounter.onQueryFinish
2018-10-17 07:57:02.860 [uncertain.proc] [CONFIG] [action] FetchResultSet
2018-10-17 07:57:02.860 [uncertain.proc] [FINE] aurora.database.features.CacheBasedLookUpField.postFetchResultSet
2018-10-17 07:57:02.865 [aurora.database] [CONFIG] 
============= BEGIN [query] SQL Statement execution dump ============
SELECT eou.unit_id,eou.unit_code,eou.description_id,(select DESCRIPTION_TEXT from fnd_descriptions where DESCRIPTION_ID=eou.description_id and Language=?) AS org_unit_description,eou.company_id,eou.responsibility_center_id,(select r.responsibility_center_code             from fnd_responsibility_centers r             where r.responsibility_center_id = eou.responsibility_center_id) AS responsibility_center_code,eou.parent_unit_id,eou.operate_unit_id,(select u.unit_code             from exp_org_unit u             where u.unit_id = eou.parent_unit_id) AS parent_unit_code,(select b.unit_type_id             from exp_org_unit_type_relations r, exp_org_unit_types b             where r.unit_type_id = b.unit_type_id             and r.unit_id = eou.unit_id) AS unit_type_id,eou.enabled_flag,eou.chief_position_id,eou.org_unit_level_id,(select description_text             from fnd_descriptions fd             where fd.description_id = self.description_id             and Language = ?) AS parent_unit_id_display,(select description_text             from fnd_descriptions fd             where fd.description_id = ou.description_id             and Language = ?) AS unit_display,(select description_text             from fnd_descriptions fd             where fd.description_id = eop.description_id             and Language = ?) AS position_display,(select description_text             from fnd_descriptions fd,exp_org_unit_types b,exp_org_unit_type_relations a             where fd.description_id = b.description_id             and a.unit_id = eou.unit_id             and a.unit_type_id = b.unit_type_id             and Language = ?) AS types_display,(select description_text             from fnd_descriptions fd             where fd.description_id = eoul.description_id             and Language = ?) AS unit_level_display,(select frc.responsibility_center_code || '-' || fd.description_text             from fnd_descriptions fd, fnd_responsibility_centers frc             where frc.responsibility_center_name_id = fd.description_id             and fd.language = ?             and frc.responsibility_center_id = eou.responsibility_center_id) AS center_name_code_display,eou.leader_employee_id,(select e.name from exp_employees e where e.employee_id = eou.leader_employee_id) AS leader_employee,eou.first_unit_code,eou.first_unit_name,eou.edit_flag,eou.leader_position_id,(select eop.DESCRIPTION        from exp_org_position_vl eop        where eop.POSITION_ID = eou.leader_position_id) AS leader_position_display,eou.budget_position_id,(select eop.DESCRIPTION        from exp_org_position_vl eop        where eop.POSITION_ID = eou.budget_position_id) AS budget_position_display,eou.attend_position_id,(select eop.DESCRIPTION        from exp_org_position_vl eop        where eop.POSITION_ID = eou.attend_position_id) AS attend_position_display,(select DESCRIPTION_TEXT from fnd_descriptions where DESCRIPTION_ID=eoul.description_id and Language=?) AS description,ou.operation_unit_id,ou.operation_unit_code,eop.position_id,eop.position_code,eoul.org_unit_level_id AS org_unit_level_id_eoul,eoul.org_unit_level_code,eoul.description_id AS description_id_eoul,self.unit_id AS unit_id_self
FROM EXP_ORG_UNIT eou
	LEFT OUTER JOIN fnd_operation_units ou ON eou.operate_unit_id = ou.operation_unit_id
	LEFT OUTER JOIN exp_org_position eop ON eou.chief_position_id = eop.position_id
	LEFT OUTER JOIN exp_org_unit_levels eoul ON eou.org_unit_level_id = eoul.org_unit_level_id
	LEFT OUTER JOIN EXP_ORG_UNIT self ON eou.parent_unit_id = self.unit_id
WHERE eou.company_id=?
ORDER BY eou.unit_code
---------------------Binding info---------------------
No.1	Access path:/session/@lang	Data type of passed value :java.lang.String	Value:ZHS	Output:false	Database Type:null	
No.2	Access path:/session/@lang	Data type of passed value :java.lang.String	Value:ZHS	Output:false	Database Type:null	
No.3	Access path:/session/@lang	Data type of passed value :java.lang.String	Value:ZHS	Output:false	Database Type:null	
No.4	Access path:/session/@lang	Data type of passed value :java.lang.String	Value:ZHS	Output:false	Database Type:null	
No.5	Access path:/session/@lang	Data type of passed value :java.lang.String	Value:ZHS	Output:false	Database Type:null	
No.6	Access path:/session/@lang	Data type of passed value :java.lang.String	Value:ZHS	Output:false	Database Type:null	
No.7	Access path:/session/@lang	Data type of passed value :java.lang.String	Value:ZHS	Output:false	Database Type:null	
No.8	Access path:/session/@lang	Data type of passed value :java.lang.String	Value:ZHS	Output:false	Database Type:null	
No.9	Access path:/session/@company_id	Data type of passed value :java.lang.String	Value:835	Output:false	Database Type:null	

=============== END [query] SQL Statement execution dump ============

2018-10-17 07:57:02.865 [uncertain.proc] [CONFIG] [action] CreateSuccessResponse
