2018-10-21 09:03:37.950 [aurora.application.session_check] [CONFIG] Session data copied to context
2018-10-21 09:03:37.951 [aurora.application.session_check] [CONFIG] Checking BM access exp.EXP1010.fnd_dimensions_vl_for_lov for operation query
2018-10-21 09:03:37.953 [aurora.application.session_check] [CONFIG] Result from aurora.bm.DefaultAccessChecker@201fc10a is true
2018-10-21 09:03:37.953 [uncertain.proc] [CONFIG] [action] AccessCheck
2018-10-21 09:03:37.954 [uncertain.proc] [CONFIG] [action] CheckServiceLock
2018-10-21 09:03:37.954 [uncertain.proc] [CONFIG] [action] ParseParameter
2018-10-21 09:03:37.955 [uncertain.proc] [CONFIG] [action] ValidateInput
2018-10-21 09:03:37.955 [uncertain.proc] [CONFIG] [action] InvokeService
2018-10-21 09:03:37.955 [aurora.database] [CONFIG] ===================================== prepare to run model-query exp.EXP1010.fnd_dimensions_vl_for_lov==============================
2018-10-21 09:03:37.962 [uncertain.proc] [CONFIG] [action] DecideSqlGenerationMode
2018-10-21 09:03:37.962 [uncertain.proc] [FINE] aurora.database.service.BusinessModelService.onDecideSqlGenerationMode
2018-10-21 09:03:37.962 [uncertain.proc] [CONFIG] [action] CreatequeryStatement
2018-10-21 09:03:37.962 [uncertain.proc] [FINE] aurora.bm.QuerySqlCreator.onCreateQueryStatement
2018-10-21 09:03:37.962 [uncertain.proc] [CONFIG] [action] PopulatequeryStatement
2018-10-21 09:03:37.962 [uncertain.proc] [FINE] aurora.database.features.OrderByClauseCreator.onPopulateQueryStatement
2018-10-21 09:03:37.962 [uncertain.proc] [FINE] aurora.database.features.WhereClauseCreator.onPopulateQueryStatement
2018-10-21 09:03:37.962 [uncertain.proc] [CONFIG] [action] CreatequerySql
2018-10-21 09:03:37.962 [uncertain.proc] [FINE] aurora.bm.QuerySqlCreator.onCreateQuerySql
2018-10-21 09:03:37.962 [uncertain.proc] [CONFIG] [action] ExecuteQuery
2018-10-21 09:03:37.962 [uncertain.proc] [FINE] aurora.bm.QuerySqlCreator.onExecuteQuery
2018-10-21 09:03:37.964 [uncertain.proc] [CONFIG] [action] QueryFinish
2018-10-21 09:03:37.964 [uncertain.proc] [FINE] aurora.database.features.AutoQueryCounter.onQueryFinish
2018-10-21 09:03:37.967 [uncertain.proc] [CONFIG] [action] FetchResultSet
2018-10-21 09:03:37.967 [uncertain.proc] [FINE] aurora.database.features.CacheBasedLookUpField.postFetchResultSet
2018-10-21 09:03:37.967 [aurora.database] [CONFIG] 
============= BEGIN [query] SQL Statement execution dump ============
SELECT t1.DIMENSION_ID,t1.DIMENSION_SEQUENCE,t1.DIMENSION_CODE,t1.DESCRIPTION,t1.SYSTEM_FLAG,t1.SYSTEM_LEVEL,t1.COMPANY_LEVEL,t1.ENABLED_FLAG
FROM FND_DIMENSIONS_VL t1
WHERE t1.enabled_flag='Y' AND t1.system_flag='N'
---------------------Binding info---------------------
null
=============== END [query] SQL Statement execution dump ============

2018-10-21 09:03:37.967 [uncertain.proc] [CONFIG] [action] CreateSuccessResponse
