2018-10-21 09:00:00.748 [aurora.application.session_check] [CONFIG] Session data copied to context
2018-10-21 09:00:00.749 [aurora.application.session_check] [CONFIG] Checking BM access exp.EXP4020.exp_sob_expense_report_types_query for operation query
2018-10-21 09:00:00.750 [aurora.application.session_check] [CONFIG] Result from aurora.bm.DefaultAccessChecker@3980e679 is true
2018-10-21 09:00:00.750 [uncertain.proc] [CONFIG] [action] AccessCheck
2018-10-21 09:00:00.751 [uncertain.proc] [CONFIG] [action] CheckServiceLock
2018-10-21 09:00:00.751 [uncertain.proc] [CONFIG] [action] ParseParameter
2018-10-21 09:00:00.752 [uncertain.proc] [CONFIG] [action] ValidateInput
2018-10-21 09:00:00.752 [uncertain.proc] [CONFIG] [action] InvokeService
2018-10-21 09:00:00.752 [aurora.database] [CONFIG] ===================================== prepare to run model-query exp.EXP4020.exp_sob_expense_report_types_query==============================
2018-10-21 09:00:00.756 [uncertain.proc] [CONFIG] [action] DecideSqlGenerationMode
2018-10-21 09:00:00.756 [uncertain.proc] [FINE] aurora.database.service.BusinessModelService.onDecideSqlGenerationMode
2018-10-21 09:00:00.756 [uncertain.proc] [CONFIG] [action] CreateOperationSql
2018-10-21 09:00:00.756 [uncertain.proc] [CONFIG] [action] PopulateOperationSql
2018-10-21 09:00:00.756 [uncertain.proc] [FINE] aurora.database.features.OrderByClauseCreator.onPopulateOperationSql
2018-10-21 09:00:00.756 [uncertain.proc] [FINE] aurora.database.features.WhereClauseCreator.onPopulateOperationSql
2018-10-21 09:00:00.756 [uncertain.proc] [CONFIG] [action] ExecuteQuery
2018-10-21 09:00:00.756 [uncertain.proc] [FINE] aurora.bm.QuerySqlCreator.onExecuteQuery
2018-10-21 09:00:00.794 [uncertain.proc] [CONFIG] [action] QueryFinish
2018-10-21 09:00:00.794 [uncertain.proc] [FINE] aurora.database.features.AutoQueryCounter.onQueryFinish
2018-10-21 09:00:00.810 [uncertain.proc] [CONFIG] [action] FetchResultSet
2018-10-21 09:00:00.810 [uncertain.proc] [FINE] aurora.database.features.CacheBasedLookUpField.postFetchResultSet
2018-10-21 09:00:00.810 [aurora.database] [CONFIG] 
============= BEGIN [query] SQL Statement execution dump ============

                SELECT
                    *
                FROM
                    (SELECT
                        t.set_of_books_id,
                        t.expense_report_type_id,
                        t.expense_report_type_code,
                        t.description_id,
                        f.description_text description,
                        t.document_page_type,
                        (SELECT
                            v.code_value_name
                        FROM
                            sys_code_values_vl v
                        WHERE
                            v.code_id =
                            (SELECT c.code_id FROM sys_codes c WHERE c.code = 'DOCUMENT_PAGE_TYPE'
                            ) AND
                            v.code_value = t.document_page_type
                        ) AS document_page_type_display,
                        t.currency_code,
                        t.coding_rule,
                        t.enabled_flag,
                        t.line_number_beginning,
                        t.step_length,
                        t.auto_approve_flag,
                        t.auto_audit_flag,
                        t.payment_object,
                        a.code_value_name payment_object_desc,
                        t.req_required_flag,
                        t.adjustment_flag,
                        t.payment_flag,
                        t.amortization_flag,
                        t.template_flag,
                        t.reserve_budget,
                        t.budget_control_enabled,
                        t.report_name,
                        t.payment_method,
                        t.company_flag,
                        t.unit_flag,
                        t.ref_pay_flag,
                        t.ref_gather_flag,
                        t.mobile_approve,
                        t.mobile_fill,
                        t.app_documents_icon,
                        (SELECT
                            pmv.DESCRIPTION
                        FROM
                            csh_payment_methods_vl pmv
                        WHERE
                            pmv.payment_method_id = t.payment_method
                        ) AS payment_method_desc
                    FROM
                        exp_sob_report_types t,
                        (SELECT
                            v.code_value,
                            v.code_value_name
                        FROM
                            sys_codes_vl t,
                            sys_code_values_vl v
                        WHERE
                            t.code_id = v.code_id AND
                            t.code    = 'PAYMENT_OBJECT'
                        ) a,
                        fnd_descriptions f
                    WHERE
                        t.description_id  =f.description_id AND
                        f.language        =? AND
                        t.payment_object  = a.code_value(+) AND
                        t.set_of_books_id =?
                    ) v 
                ORDER BY
                    v.expense_report_type_code
            
---------------------Binding info---------------------
No.1	Access path:/session/@lang	Data type of passed value :java.lang.String	Value:ZHS	Output:false	Database Type:null	
No.2	Access path:@set_of_books_id	Data type of passed value :java.lang.String	Value:122	Output:false	Database Type:null	

=============== END [query] SQL Statement execution dump ============

2018-10-21 09:00:00.810 [uncertain.proc] [CONFIG] [action] CreateSuccessResponse
