2018-10-18 06:10:21.617 [aurora.application.session_check] [CONFIG] Session data copied to context
2018-10-18 06:10:21.617 [aurora.application.session_check] [CONFIG] Checking BM access exp.EXP4060.exp_sob_expense_req_types_query for operation query
2018-10-18 06:10:21.618 [aurora.application.session_check] [CONFIG] Result from aurora.bm.DefaultAccessChecker@60849c03 is true
2018-10-18 06:10:21.618 [uncertain.proc] [CONFIG] [action] AccessCheck
2018-10-18 06:10:21.619 [uncertain.proc] [CONFIG] [action] CheckServiceLock
2018-10-18 06:10:21.619 [uncertain.proc] [CONFIG] [action] ParseParameter
2018-10-18 06:10:21.619 [uncertain.proc] [CONFIG] [action] ValidateInput
2018-10-18 06:10:21.619 [uncertain.proc] [CONFIG] [action] InvokeService
2018-10-18 06:10:21.619 [aurora.database] [CONFIG] ===================================== prepare to run model-query exp.EXP4060.exp_sob_expense_req_types_query==============================
2018-10-18 06:10:21.623 [uncertain.proc] [CONFIG] [action] DecideSqlGenerationMode
2018-10-18 06:10:21.623 [uncertain.proc] [FINE] aurora.database.service.BusinessModelService.onDecideSqlGenerationMode
2018-10-18 06:10:21.623 [uncertain.proc] [CONFIG] [action] CreateOperationSql
2018-10-18 06:10:21.623 [uncertain.proc] [CONFIG] [action] PopulateOperationSql
2018-10-18 06:10:21.623 [uncertain.proc] [FINE] aurora.database.features.OrderByClauseCreator.onPopulateOperationSql
2018-10-18 06:10:21.623 [uncertain.proc] [FINE] aurora.database.features.WhereClauseCreator.onPopulateOperationSql
2018-10-18 06:10:21.623 [uncertain.proc] [CONFIG] [action] ExecuteQuery
2018-10-18 06:10:21.623 [uncertain.proc] [FINE] aurora.bm.QuerySqlCreator.onExecuteQuery
2018-10-18 06:10:21.625 [uncertain.proc] [CONFIG] [action] QueryFinish
2018-10-18 06:10:21.625 [uncertain.proc] [FINE] aurora.database.features.AutoQueryCounter.onQueryFinish
2018-10-18 06:10:21.627 [uncertain.proc] [CONFIG] [action] FetchResultSet
2018-10-18 06:10:21.627 [uncertain.proc] [FINE] aurora.database.features.CacheBasedLookUpField.postFetchResultSet
2018-10-18 06:10:21.627 [aurora.database] [CONFIG] 
============= BEGIN [query] SQL Statement execution dump ============

                SELECT
                    *
                FROM
                    (SELECT
                        t.expense_requisition_type_id,
                        t.set_of_books_id,
                        t.expense_requisition_type_code,
                        t.description_id,
                        f.description_text description,
                        t.document_page_type,
                        t.currency_code,
                        b.expense_report_type_code,
                        b.description expense_report_type,
                        t.accrued_flag,
                        t.enabled_flag,
                        t.line_number_beginning,
                        t.step_length,
                        t.auto_approve_flag,
                        t.auto_audit_flag,
                        t.created_by,
                        t.creation_date,
                        t.last_updated_by,
                        t.last_update_date,
                        t.payment_object,
                        a.description_text code_value_name,
                        a.code_value,
                        t.one_off_flag,
                        t.tolerance_flag,
                        t.tolerance_range,
                        t.tolerance_ratio,
                        t.report_name,
                        t.reserve_budget,
                        t.budget_control_enabled,
                        t.mobile_approve,
                        t.mobile_fill,
                        t.app_documents_icon
                    FROM
                        exp_sob_req_types t,
                        exp_sob_report_types_vl b,
                        fnd_descriptions f,
                        (SELECT
                            scv.code_value,
                            f.description_text
                        FROM
                            sys_codes sc,
                            sys_code_values scv,
                            fnd_descriptions f
                        WHERE
                            scv.code_value_name_id = f.description_id AND
                            sc.code_id             = scv.code_id AND
                            sc.code                = 'PAYMENT_OBJECT' AND
                            sc.enabled_flag        = 'Y' AND
                            scv.enabled_flag       = 'Y' AND
                            f.language             = ?
                        ) a
                    WHERE
                        t.expense_report_type_code = b.expense_report_type_code(+) AND
                        t.set_of_books_id          =b.set_of_books_id(+) AND
                        t.PAYMENT_OBJECT           = a.code_value(+) AND
                        t.set_of_books_id          =? AND
                        f.description_id           =t.description_id AND
                        f.language                 =?
                    ) a 
                ORDER BY
                    a.expense_requisition_type_code
            
---------------------Binding info---------------------
No.1	Access path:/session/@lang	Data type of passed value :java.lang.String	Value:ZHS	Output:false	Database Type:null	
No.2	Access path:@query_set_of_books_id	Data type of passed value :java.lang.String	Value:122	Output:false	Database Type:null	
No.3	Access path:/session/@lang	Data type of passed value :java.lang.String	Value:ZHS	Output:false	Database Type:null	

=============== END [query] SQL Statement execution dump ============

2018-10-18 06:10:21.628 [uncertain.proc] [CONFIG] [action] CreateSuccessResponse
