2018-10-15 01:41:38.411 [aurora.application.session_check] [CONFIG] Session data copied to context
2018-10-15 01:41:38.411 [aurora.application.session_check] [CONFIG] Checking BM access exp.FND2390.fnd_region_province_lov for operation query
2018-10-15 01:41:38.412 [aurora.application.session_check] [CONFIG] Result from aurora.bm.DefaultAccessChecker$ConstantChecker@442252e5 is true
2018-10-15 01:41:38.412 [uncertain.proc] [CONFIG] [action] AccessCheck
2018-10-15 01:41:38.414 [uncertain.proc] [CONFIG] [action] CheckServiceLock
2018-10-15 01:41:38.414 [uncertain.proc] [CONFIG] [action] ParseParameter
2018-10-15 01:41:38.414 [uncertain.proc] [CONFIG] [action] ValidateInput
2018-10-15 01:41:38.414 [uncertain.proc] [CONFIG] [action] InvokeService
2018-10-15 01:41:38.414 [aurora.database] [CONFIG] ===================================== prepare to run model-query exp.FND2390.fnd_region_province_lov==============================
2018-10-15 01:41:38.417 [uncertain.proc] [CONFIG] [action] DecideSqlGenerationMode
2018-10-15 01:41:38.417 [uncertain.proc] [FINE] aurora.database.service.BusinessModelService.onDecideSqlGenerationMode
2018-10-15 01:41:38.417 [uncertain.proc] [CONFIG] [action] CreateOperationSql
2018-10-15 01:41:38.418 [uncertain.proc] [CONFIG] [action] PopulateOperationSql
2018-10-15 01:41:38.418 [uncertain.proc] [FINE] aurora.database.features.OrderByClauseCreator.onPopulateOperationSql
2018-10-15 01:41:38.418 [uncertain.proc] [FINE] aurora.database.features.WhereClauseCreator.onPopulateOperationSql
2018-10-15 01:41:38.418 [uncertain.proc] [CONFIG] [action] ExecuteQuery
2018-10-15 01:41:38.418 [uncertain.proc] [FINE] aurora.bm.QuerySqlCreator.onExecuteQuery
2018-10-15 01:41:38.489 [uncertain.proc] [CONFIG] [action] QueryFinish
2018-10-15 01:41:38.489 [uncertain.proc] [FINE] aurora.database.features.AutoQueryCounter.onQueryFinish
2018-10-15 01:41:38.498 [uncertain.proc] [CONFIG] [action] FetchResultSet
2018-10-15 01:41:38.498 [uncertain.proc] [FINE] aurora.database.features.CacheBasedLookUpField.postFetchResultSet
2018-10-15 01:41:38.498 [aurora.database] [CONFIG] 
============= BEGIN [query] SQL Statement execution dump ============

            select * from (
	            select *
				  from fnd_region_code_vl v
				 where substr(v.region_code, 3, 6) = '0000')
 	
             order by region_code   
 	
---------------------Binding info---------------------
null
=============== END [query] SQL Statement execution dump ============

2018-10-15 01:41:38.498 [uncertain.proc] [CONFIG] [action] CreateSuccessResponse
