2018-10-15 01:41:42.268 [aurora.application.session_check] [CONFIG] Session data copied to context
2018-10-15 01:41:42.269 [aurora.application.session_check] [CONFIG] Checking BM access exp.FND2390.fnd_region_city_lov for operation query
2018-10-15 01:41:42.270 [aurora.application.session_check] [CONFIG] Result from aurora.bm.DefaultAccessChecker$ConstantChecker@442252e5 is true
2018-10-15 01:41:42.270 [uncertain.proc] [CONFIG] [action] AccessCheck
2018-10-15 01:41:42.271 [uncertain.proc] [CONFIG] [action] CheckServiceLock
2018-10-15 01:41:42.271 [uncertain.proc] [CONFIG] [action] ParseParameter
2018-10-15 01:41:42.271 [uncertain.proc] [CONFIG] [action] ValidateInput
2018-10-15 01:41:42.271 [uncertain.proc] [CONFIG] [action] InvokeService
2018-10-15 01:41:42.271 [aurora.database] [CONFIG] ===================================== prepare to run model-query exp.FND2390.fnd_region_city_lov==============================
2018-10-15 01:41:42.274 [uncertain.proc] [CONFIG] [action] DecideSqlGenerationMode
2018-10-15 01:41:42.274 [uncertain.proc] [FINE] aurora.database.service.BusinessModelService.onDecideSqlGenerationMode
2018-10-15 01:41:42.274 [uncertain.proc] [CONFIG] [action] CreateOperationSql
2018-10-15 01:41:42.274 [uncertain.proc] [CONFIG] [action] PopulateOperationSql
2018-10-15 01:41:42.274 [uncertain.proc] [FINE] aurora.database.features.OrderByClauseCreator.onPopulateOperationSql
2018-10-15 01:41:42.274 [uncertain.proc] [FINE] aurora.database.features.WhereClauseCreator.onPopulateOperationSql
2018-10-15 01:41:42.274 [uncertain.proc] [CONFIG] [action] ExecuteQuery
2018-10-15 01:41:42.274 [uncertain.proc] [FINE] aurora.bm.QuerySqlCreator.onExecuteQuery
2018-10-15 01:41:42.441 [uncertain.proc] [CONFIG] [action] QueryFinish
2018-10-15 01:41:42.441 [uncertain.proc] [FINE] aurora.database.features.AutoQueryCounter.onQueryFinish
2018-10-15 01:41:42.572 [uncertain.proc] [CONFIG] [action] FetchResultSet
2018-10-15 01:41:42.572 [uncertain.proc] [FINE] aurora.database.features.CacheBasedLookUpField.postFetchResultSet
2018-10-15 01:41:42.573 [aurora.database] [CONFIG] 
============= BEGIN [query] SQL Statement execution dump ============

            select * from (
            select v.region_code region_city_code,v.description description
			  from fnd_region_code_vl v
			 where substr(v.region_code, 1, 2) = substr(?, 1, 2)
			   and v.region_code not in
			 (select a.region_code
			          from fnd_region_code_vl a
			         where substr(a.region_code, 1, 2) = substr(?, 1, 2)
			           and substr(a.region_code, 3, 6) = '0000'
			           and not exists
			         (select 1
			                  from dual
			                 where (select count(1)
			                          from fnd_region_code_vl b
			                         where substr(b.region_code, 1, 2) =
			                               substr(?, 1, 2)) = 1)))
              
             order by region_city_code            
                               
---------------------Binding info---------------------
No.1	Access path:@region_code	Data type of passed value :java.lang.String	Value:110000	Output:false	Database Type:null	
No.2	Access path:@region_code	Data type of passed value :java.lang.String	Value:110000	Output:false	Database Type:null	
No.3	Access path:@region_code	Data type of passed value :java.lang.String	Value:110000	Output:false	Database Type:null	

=============== END [query] SQL Statement execution dump ============

2018-10-15 01:41:42.573 [uncertain.proc] [CONFIG] [action] CreateSuccessResponse
