2018-10-21 07:45:49.72 [aurora.application.session_check] [CONFIG] Session data copied to context
2018-10-21 07:45:49.72 [aurora.application.session_check] [CONFIG] Checking BM access exp.EXP1010.fnd_responsibility_centers_vl for operation query
2018-10-21 07:45:49.74 [aurora.application.session_check] [CONFIG] Result from aurora.bm.DefaultAccessChecker@eb61f7e is true
2018-10-21 07:45:49.74 [uncertain.proc] [CONFIG] [action] AccessCheck
2018-10-21 07:45:49.75 [uncertain.proc] [CONFIG] [action] CheckServiceLock
2018-10-21 07:45:49.75 [uncertain.proc] [CONFIG] [action] ParseParameter
2018-10-21 07:45:49.75 [uncertain.proc] [CONFIG] [action] ValidateInput
2018-10-21 07:45:49.75 [uncertain.proc] [CONFIG] [action] InvokeService
2018-10-21 07:45:49.75 [aurora.database] [CONFIG] ===================================== prepare to run model-query exp.EXP1010.fnd_responsibility_centers_vl==============================
2018-10-21 07:45:49.81 [uncertain.proc] [CONFIG] [action] DecideSqlGenerationMode
2018-10-21 07:45:49.81 [uncertain.proc] [FINE] aurora.database.service.BusinessModelService.onDecideSqlGenerationMode
2018-10-21 07:45:49.81 [uncertain.proc] [CONFIG] [action] CreatequeryStatement
2018-10-21 07:45:49.81 [uncertain.proc] [FINE] aurora.bm.QuerySqlCreator.onCreateQueryStatement
2018-10-21 07:45:49.81 [uncertain.proc] [CONFIG] [action] PopulatequeryStatement
2018-10-21 07:45:49.81 [uncertain.proc] [FINE] aurora.database.features.OrderByClauseCreator.onPopulateQueryStatement
2018-10-21 07:45:49.81 [uncertain.proc] [FINE] aurora.database.features.WhereClauseCreator.onPopulateQueryStatement
2018-10-21 07:45:49.81 [uncertain.proc] [CONFIG] [action] CreatequerySql
2018-10-21 07:45:49.81 [uncertain.proc] [FINE] aurora.bm.QuerySqlCreator.onCreateQuerySql
2018-10-21 07:45:49.82 [uncertain.proc] [CONFIG] [action] ExecuteQuery
2018-10-21 07:45:49.82 [uncertain.proc] [FINE] aurora.bm.QuerySqlCreator.onExecuteQuery
2018-10-21 07:45:49.86 [uncertain.proc] [CONFIG] [action] QueryFinish
2018-10-21 07:45:49.86 [uncertain.proc] [FINE] aurora.database.features.AutoQueryCounter.onQueryFinish
2018-10-21 07:45:49.89 [uncertain.proc] [CONFIG] [action] FetchResultSet
2018-10-21 07:45:49.89 [uncertain.proc] [FINE] aurora.database.features.CacheBasedLookUpField.postFetchResultSet
2018-10-21 07:45:49.89 [aurora.database] [CONFIG] 
============= BEGIN [query] SQL Statement execution dump ============
SELECT t1.COMPANY_ID,t1.RESPONSIBILITY_CENTER_ID,t1.RESPONSIBILITY_CENTER_CODE,t1.RESPONSIBILITY_CENTER_NAME,t1.ADDRESS_ID,t1.RESP_CENTER_TYPE_CODE,t1.SUMMARY_FLAG,t1.START_DATE_ACTIVE,t1.END_DATE_ACTIVE
FROM FND_RESPONSIBILITY_CENTERS_VL t1
WHERE ((trunc(sysdate) >= start_date_active and end_date_active is null) or (trunc(sysdate) >= start_date_active and trunc(sysdate) <= end_date_active)) AND company_id = ? AND t1.responsibility_center_id not in (select t.responsibility_center_id from exp_org_unit_resp_dist t where t.unit_id = ?)
---------------------Binding info---------------------
No.1	Access path:/session/@company_id	Data type of passed value :java.lang.Integer	Value:2575	Output:false	Database Type:null	
No.2	Access path:/parameter/@unit_id	Data type of passed value :java.lang.String	Value:8281	Output:false	Database Type:null	

=============== END [query] SQL Statement execution dump ============

2018-10-21 07:45:49.89 [uncertain.proc] [CONFIG] [action] CreateSuccessResponse
