2018-10-15 06:34:25.495 [aurora.application.session_check] [CONFIG] Session data copied to context
2018-10-15 06:34:25.495 [aurora.application.session_check] [CONFIG] Checking BM access exp.EXP4060.exp_sob_report_types for operation query
2018-10-15 06:34:25.496 [aurora.application.session_check] [CONFIG] Result from aurora.bm.DefaultAccessChecker@682c768d is true
2018-10-15 06:34:25.496 [uncertain.proc] [CONFIG] [action] AccessCheck
2018-10-15 06:34:25.498 [uncertain.proc] [CONFIG] [action] CheckServiceLock
2018-10-15 06:34:25.498 [uncertain.proc] [CONFIG] [action] ParseParameter
2018-10-15 06:34:25.498 [uncertain.proc] [CONFIG] [action] ValidateInput
2018-10-15 06:34:25.498 [uncertain.proc] [CONFIG] [action] InvokeService
2018-10-15 06:34:25.498 [aurora.database] [CONFIG] ===================================== prepare to run model-query exp.EXP4060.exp_sob_report_types==============================
2018-10-15 06:34:25.501 [uncertain.proc] [CONFIG] [action] DecideSqlGenerationMode
2018-10-15 06:34:25.501 [uncertain.proc] [FINE] aurora.database.service.BusinessModelService.onDecideSqlGenerationMode
2018-10-15 06:34:25.501 [uncertain.proc] [CONFIG] [action] CreatequeryStatement
2018-10-15 06:34:25.501 [uncertain.proc] [FINE] aurora.bm.QuerySqlCreator.onCreateQueryStatement
2018-10-15 06:34:25.501 [uncertain.proc] [CONFIG] [action] PopulatequeryStatement
2018-10-15 06:34:25.501 [uncertain.proc] [FINE] aurora.database.features.OrderByClauseCreator.onPopulateQueryStatement
2018-10-15 06:34:25.501 [uncertain.proc] [FINE] aurora.database.features.WhereClauseCreator.onPopulateQueryStatement
2018-10-15 06:34:25.501 [uncertain.proc] [CONFIG] [action] CreatequerySql
2018-10-15 06:34:25.501 [uncertain.proc] [FINE] aurora.bm.QuerySqlCreator.onCreateQuerySql
2018-10-15 06:34:25.501 [uncertain.proc] [CONFIG] [action] ExecuteQuery
2018-10-15 06:34:25.501 [uncertain.proc] [FINE] aurora.bm.QuerySqlCreator.onExecuteQuery
2018-10-15 06:34:25.505 [uncertain.proc] [CONFIG] [action] QueryFinish
2018-10-15 06:34:25.505 [uncertain.proc] [FINE] aurora.database.features.AutoQueryCounter.onQueryFinish
2018-10-15 06:34:25.509 [uncertain.proc] [CONFIG] [action] FetchResultSet
2018-10-15 06:34:25.509 [uncertain.proc] [FINE] aurora.database.features.CacheBasedLookUpField.postFetchResultSet
2018-10-15 06:34:25.509 [aurora.database] [CONFIG] 
============= BEGIN [query] SQL Statement execution dump ============
SELECT t1.EXPENSE_REPORT_TYPE_ID,t1.SET_OF_BOOKS_ID,t1.EXPENSE_REPORT_TYPE_CODE,t1.DESCRIPTION AS expense_report_type,t1.CURRENCY_CODE,t1.CODING_RULE,t1.LINE_NUMBER_BEGINNING,t1.STEP_LENGTH,t1.AUTO_APPROVE_FLAG,t1.AUTO_AUDIT_FLAG,t1.PAYMENT_OBJECT,t1.REQ_REQUIRED_FLAG,t1.ENABLED_FLAG,t1.ADJUSTMENT_FLAG,t1.PAYMENT_FLAG,t1.REPORT_NAME,t1.AMORTIZATION_FLAG,t1.TEMPLATE_FLAG,t1.RESERVE_BUDGET,t1.BUDGET_CONTROL_ENABLED
FROM EXP_SOB_REPORT_TYPES_VL t1
WHERE SET_OF_BOOKS_ID = ?
---------------------Binding info---------------------
No.1	Access path:@set_of_books_id	Data type of passed value :java.lang.Long	Value:122	Output:false	Database Type:null	

=============== END [query] SQL Statement execution dump ============

2018-10-15 06:34:25.509 [uncertain.proc] [CONFIG] [action] CreateSuccessResponse
