2018-10-12 03:00:30.638 [aurora.application.session_check] [CONFIG] Session data copied to context
2018-10-12 03:00:30.638 [aurora.application.session_check] [CONFIG] Checking BM access exp.WFL5060.exp_wfl_workflow_transaction_assign_company_lov for operation query
2018-10-12 03:00:30.639 [aurora.application.session_check] [CONFIG] Result from aurora.bm.DefaultAccessChecker@4c2f2106 is true
2018-10-12 03:00:30.639 [uncertain.proc] [CONFIG] [action] AccessCheck
2018-10-12 03:00:30.640 [uncertain.proc] [CONFIG] [action] CheckServiceLock
2018-10-12 03:00:30.640 [uncertain.proc] [CONFIG] [action] ParseParameter
2018-10-12 03:00:30.640 [uncertain.proc] [CONFIG] [action] ValidateInput
2018-10-12 03:00:30.640 [uncertain.proc] [CONFIG] [action] InvokeService
2018-10-12 03:00:30.640 [aurora.database] [CONFIG] ===================================== prepare to run model-query exp.WFL5060.exp_wfl_workflow_transaction_assign_company_lov==============================
2018-10-12 03:00:30.644 [uncertain.proc] [CONFIG] [action] DecideSqlGenerationMode
2018-10-12 03:00:30.644 [uncertain.proc] [FINE] aurora.database.service.BusinessModelService.onDecideSqlGenerationMode
2018-10-12 03:00:30.644 [uncertain.proc] [CONFIG] [action] CreateOperationSql
2018-10-12 03:00:30.644 [uncertain.proc] [CONFIG] [action] PopulateOperationSql
2018-10-12 03:00:30.644 [uncertain.proc] [FINE] aurora.database.features.OrderByClauseCreator.onPopulateOperationSql
2018-10-12 03:00:30.644 [uncertain.proc] [FINE] aurora.database.features.WhereClauseCreator.onPopulateOperationSql
2018-10-12 03:00:30.644 [uncertain.proc] [CONFIG] [action] ExecuteQuery
2018-10-12 03:00:30.644 [uncertain.proc] [FINE] aurora.bm.QuerySqlCreator.onExecuteQuery
2018-10-12 03:00:30.651 [uncertain.proc] [CONFIG] [action] QueryFinish
2018-10-12 03:00:30.651 [uncertain.proc] [FINE] aurora.database.features.AutoQueryCounter.onQueryFinish
2018-10-12 03:00:30.676 [uncertain.proc] [CONFIG] [action] FetchResultSet
2018-10-12 03:00:30.676 [uncertain.proc] [FINE] aurora.database.features.CacheBasedLookUpField.postFetchResultSet
2018-10-12 03:00:30.676 [aurora.database] [CONFIG] 
============= BEGIN [query] SQL Statement execution dump ============

                SELECT
                    *
                FROM
                    (SELECT
                        fc.company_id,
                        fc.company_code,
                        fc.company_short_name
                    FROM
                        fnd_companies_vl fc,
                        gld_set_of_books_vl sob
                    WHERE
                        (
                            fc.end_date_active IS NULL OR
                            sysdate BETWEEN fc.start_date_active AND fc.end_date_active
                        )
                        AND
                        fc.set_of_books_id  = ? AND
                        sob.set_of_books_id = fc.set_of_books_id AND
                        sob.enabled_flag    = 'Y' AND
                        fc.COMPANY_ID NOT  IN
                        (SELECT
                            t2.company_id
                        FROM
                            (SELECT
                                ert.company_id,
                                t.transaction_category,
                                t.workflow_code
                            FROM
                                WFL_WORKFLOW_TRANSACTION t,
                                EXP_EXPENSE_REQ_TYPES ert
                            WHERE
                                t.transaction_type_id = ert.expense_requisition_type_id
                            UNION
                            SELECT
                                eert.company_id,
                                t.transaction_category,
                                t.workflow_code
                            FROM
                                WFL_WORKFLOW_TRANSACTION t,
                                EXP_EXPENSE_REPort_TYPES eert
                            WHERE
                                t.transaction_type_id = eert.expense_report_type_id
                            UNION
                            SELECT
                                bcrt.company_id,
                                t.transaction_category,
                                t.workflow_code
                            FROM
                                WFL_WORKFLOW_TRANSACTION t,
                                BGT_CHANGE_REQ_TYPES bcrt
                            WHERE
                                t.transaction_type_id = bcrt.bgt_change_req_type_id
                            UNION
                            SELECT
                                cprt.company_id,
                                t.transaction_category,
                                t.workflow_code
                            FROM
                                WFL_WORKFLOW_TRANSACTION t,
                                csh_pay_req_types cprt
                            WHERE
                                t.transaction_type_id = cprt.type_id
                            UNION
                            SELECT
                                bit.company_id,
                                t.transaction_category,
                                t.workflow_code
                            FROM
                                WFL_WORKFLOW_TRANSACTION t,
                                bgt_import_type bit
                            WHERE
                                t.transaction_type_id = bit.bgt_import_type_id
                            UNION
                            SELECT
                                bvt.company_id,
                                t.transaction_category,
                                t.workflow_code
                            FROM
                                WFL_WORKFLOW_TRANSACTION t,
                                bgt_ver_types bvt
                            WHERE
                                t.transaction_type_id = bvt.bgt_ver_type_id
                            ) t2
                        WHERE
                            t2.transaction_category = ? AND
                            t2.workflow_code        = ?
                        )
                    ) v 
                ORDER BY
                    v.company_code
            
---------------------Binding info---------------------
No.1	Access path:/parameter/@set_of_books_id	Data type of passed value :java.lang.String	Value:122	Output:false	Database Type:null	
No.2	Access path:/parameter/@transaction_category	Data type of passed value :java.lang.String	Value:EAM_REQUISITION	Output:false	Database Type:null	
No.3	Access path:/parameter/@workflow_code	Data type of passed value :java.lang.String	Value:ZCYWSQ	Output:false	Database Type:null	

=============== END [query] SQL Statement execution dump ============

2018-10-12 03:00:30.676 [uncertain.proc] [CONFIG] [action] CreateSuccessResponse
