2018-10-11 07:04:22.940 [aurora.application.session_check] [CONFIG] Session data copied to context
2018-10-11 07:04:22.940 [aurora.application.session_check] [CONFIG] Checking BM access exp.EXP3050.exp_employee_s_query_company_lov for operation query
2018-10-11 07:04:22.942 [aurora.application.session_check] [CONFIG] Result from aurora.bm.DefaultAccessChecker@20040275 is true
2018-10-11 07:04:22.942 [uncertain.proc] [CONFIG] [action] AccessCheck
2018-10-11 07:04:22.944 [uncertain.proc] [CONFIG] [action] CheckServiceLock
2018-10-11 07:04:22.944 [uncertain.proc] [CONFIG] [action] ParseParameter
2018-10-11 07:04:22.944 [uncertain.proc] [CONFIG] [action] ValidateInput
2018-10-11 07:04:22.944 [uncertain.proc] [CONFIG] [action] InvokeService
2018-10-11 07:04:22.944 [aurora.database] [CONFIG] ===================================== prepare to run model-query exp.EXP3050.exp_employee_s_query_company_lov==============================
2018-10-11 07:04:22.950 [uncertain.proc] [CONFIG] [action] DecideSqlGenerationMode
2018-10-11 07:04:22.951 [uncertain.proc] [FINE] aurora.database.service.BusinessModelService.onDecideSqlGenerationMode
2018-10-11 07:04:22.951 [uncertain.proc] [CONFIG] [action] CreateOperationSql
2018-10-11 07:04:22.951 [uncertain.proc] [CONFIG] [action] PopulateOperationSql
2018-10-11 07:04:22.951 [uncertain.proc] [FINE] aurora.database.features.OrderByClauseCreator.onPopulateOperationSql
2018-10-11 07:04:22.951 [uncertain.proc] [FINE] aurora.database.features.WhereClauseCreator.onPopulateOperationSql
2018-10-11 07:04:22.951 [uncertain.proc] [CONFIG] [action] ExecuteQuery
2018-10-11 07:04:22.951 [uncertain.proc] [FINE] aurora.bm.QuerySqlCreator.onExecuteQuery
2018-10-11 07:04:22.966 [uncertain.proc] [CONFIG] [action] QueryFinish
2018-10-11 07:04:22.966 [uncertain.proc] [FINE] aurora.database.features.AutoQueryCounter.onQueryFinish
2018-10-11 07:04:22.973 [uncertain.proc] [CONFIG] [action] FetchResultSet
2018-10-11 07:04:22.973 [uncertain.proc] [FINE] aurora.database.features.CacheBasedLookUpField.postFetchResultSet
2018-10-11 07:04:22.973 [aurora.database] [CONFIG] 
============= BEGIN [query] SQL Statement execution dump ============

        select * from (select fc.company_id,
						       fc.company_code,
						       fc.company_short_name,
						       fc.company_code || '-' || fc.company_short_name comp_desc
						  from fnd_companies_vl fc
						 where fc.company_type = '1'
						   and sysdate between fc.start_date_active and
						       nvl(fc.end_date_active, sysdate))v
         WHERE COMPANY_SHORT_NAME LIKE ? 
	
---------------------Binding info---------------------
No.1	Access path:@company_short_name	Data type of passed value :java.lang.String	Value:%苏州%	Output:false	Database Type:null	

=============== END [query] SQL Statement execution dump ============

2018-10-11 07:04:22.973 [uncertain.proc] [CONFIG] [action] CreateSuccessResponse
