2018-10-18 05:55:22.250 [aurora.application.session_check] [CONFIG] Session data copied to context
2018-10-18 05:55:22.251 [aurora.application.session_check] [CONFIG] Checking BM access exp.exp_employees for operation query
2018-10-18 05:55:22.252 [aurora.application.session_check] [CONFIG] Result from aurora.bm.DefaultAccessChecker@316ee03 is true
2018-10-18 05:55:22.252 [uncertain.proc] [CONFIG] [action] AccessCheck
2018-10-18 05:55:22.254 [uncertain.proc] [CONFIG] [action] CheckServiceLock
2018-10-18 05:55:22.254 [uncertain.proc] [CONFIG] [action] ParseParameter
2018-10-18 05:55:22.254 [uncertain.proc] [CONFIG] [action] ValidateInput
2018-10-18 05:55:22.254 [uncertain.proc] [CONFIG] [action] InvokeService
2018-10-18 05:55:22.254 [aurora.database] [CONFIG] ===================================== prepare to run model-query exp.exp_employees==============================
2018-10-18 05:55:22.264 [uncertain.proc] [CONFIG] [action] DecideSqlGenerationMode
2018-10-18 05:55:22.264 [uncertain.proc] [FINE] aurora.database.service.BusinessModelService.onDecideSqlGenerationMode
2018-10-18 05:55:22.264 [uncertain.proc] [CONFIG] [action] CreatequeryStatement
2018-10-18 05:55:22.264 [uncertain.proc] [FINE] aurora.bm.QuerySqlCreator.onCreateQueryStatement
2018-10-18 05:55:22.265 [uncertain.proc] [CONFIG] [action] PopulatequeryStatement
2018-10-18 05:55:22.265 [uncertain.proc] [FINE] aurora.database.features.OrderByClauseCreator.onPopulateQueryStatement
2018-10-18 05:55:22.265 [uncertain.proc] [FINE] aurora.database.features.WhereClauseCreator.onPopulateQueryStatement
2018-10-18 05:55:22.266 [uncertain.proc] [CONFIG] [action] CreatequerySql
2018-10-18 05:55:22.266 [uncertain.proc] [FINE] aurora.bm.QuerySqlCreator.onCreateQuerySql
2018-10-18 05:55:22.266 [uncertain.proc] [CONFIG] [action] ExecuteQuery
2018-10-18 05:55:22.266 [uncertain.proc] [FINE] aurora.bm.QuerySqlCreator.onExecuteQuery
2018-10-18 05:55:22.283 [uncertain.proc] [CONFIG] [action] QueryFinish
2018-10-18 05:55:22.283 [uncertain.proc] [FINE] aurora.database.features.AutoQueryCounter.onQueryFinish
2018-10-18 05:55:22.285 [uncertain.proc] [CONFIG] [action] FetchResultSet
2018-10-18 05:55:22.285 [uncertain.proc] [FINE] aurora.database.features.CacheBasedLookUpField.postFetchResultSet
2018-10-18 05:55:22.286 [aurora.database] [CONFIG] 
============= BEGIN [query] SQL Statement execution dump ============
SELECT t1.EMPLOYEE_ID,t1.EMPLOYEE_CODE,t1.NAME,t1.EMAIL,t1.MOBIL,t1.PHONE,t1.BANK_OF_DEPOSIT,t1.BANK_ACCOUNT,t1.ENABLED_FLAG,t1.EMPLOYEE_TYPE_ID,t1.ID_TYPE,t1.ID_CODE,t1.NOTES,t1.NATIONAL_IDENTIFIER,(employee_code||' - '||name) AS namecode,t1.CITY_NAME,t1.APPROVE_CODE,t1.APPROVE_NAME,t1.EDIT_FLAG,t1.sex,r1.DESCRIPTION
FROM EXP_EMPLOYEES t1
	INNER JOIN EXP_EMPLOYEE_TYPES_VL r1 ON t1.EMPLOYEE_TYPE_ID = r1.EMPLOYEE_TYPE_ID

---------------------Binding info---------------------
null
=============== END [query] SQL Statement execution dump ============

2018-10-18 05:55:22.286 [uncertain.proc] [CONFIG] [action] CreateSuccessResponse
