2018-10-17 03:42:02.638 [aurora.application.session_check] [CONFIG] Session data copied to context
2018-10-17 03:42:02.638 [aurora.application.session_check] [CONFIG] Checking BM access exp.WFL5060.exp_wfl_workflow_transaction_wf_lov for operation query
2018-10-17 03:42:02.640 [aurora.application.session_check] [CONFIG] Result from aurora.bm.DefaultAccessChecker@679c2486 is true
2018-10-17 03:42:02.640 [uncertain.proc] [CONFIG] [action] AccessCheck
2018-10-17 03:42:02.642 [uncertain.proc] [CONFIG] [action] CheckServiceLock
2018-10-17 03:42:02.642 [uncertain.proc] [CONFIG] [action] ParseParameter
2018-10-17 03:42:02.642 [uncertain.proc] [CONFIG] [action] ValidateInput
2018-10-17 03:42:02.642 [uncertain.proc] [CONFIG] [action] InvokeService
2018-10-17 03:42:02.642 [aurora.database] [CONFIG] ===================================== prepare to run model-query exp.WFL5060.exp_wfl_workflow_transaction_wf_lov==============================
2018-10-17 03:42:02.647 [uncertain.proc] [CONFIG] [action] DecideSqlGenerationMode
2018-10-17 03:42:02.647 [uncertain.proc] [FINE] aurora.database.service.BusinessModelService.onDecideSqlGenerationMode
2018-10-17 03:42:02.647 [uncertain.proc] [CONFIG] [action] CreateOperationSql
2018-10-17 03:42:02.647 [uncertain.proc] [CONFIG] [action] PopulateOperationSql
2018-10-17 03:42:02.647 [uncertain.proc] [FINE] aurora.database.features.OrderByClauseCreator.onPopulateOperationSql
2018-10-17 03:42:02.647 [uncertain.proc] [FINE] aurora.database.features.WhereClauseCreator.onPopulateOperationSql
2018-10-17 03:42:02.647 [uncertain.proc] [CONFIG] [action] ExecuteQuery
2018-10-17 03:42:02.647 [uncertain.proc] [FINE] aurora.bm.QuerySqlCreator.onExecuteQuery
2018-10-17 03:42:02.651 [uncertain.proc] [CONFIG] [action] QueryFinish
2018-10-17 03:42:02.651 [uncertain.proc] [FINE] aurora.database.features.AutoQueryCounter.onQueryFinish
2018-10-17 03:42:02.655 [uncertain.proc] [CONFIG] [action] FetchResultSet
2018-10-17 03:42:02.655 [uncertain.proc] [FINE] aurora.database.features.CacheBasedLookUpField.postFetchResultSet
2018-10-17 03:42:02.655 [aurora.database] [CONFIG] 
============= BEGIN [query] SQL Statement execution dump ============

                SELECT
                    *
                FROM
                    (SELECT
                        W.WORKFLOW_ID,
                        W.WORKFLOW_CODE,
                        W.NAME
                    FROM
                        WFL_WORKFLOW_VL W
                    WHERE
                        W.STATUS            = 0 AND
                        W.WORKFLOW_CATEGORY =?
                    ) v 
                ORDER BY
                    v.WORKFLOW_CODE
            
---------------------Binding info---------------------
No.1	Access path:/parameter/@category	Data type of passed value :java.lang.String	Value:EXP_REPORT	Output:false	Database Type:null	

=============== END [query] SQL Statement execution dump ============

2018-10-17 03:42:02.655 [uncertain.proc] [CONFIG] [action] CreateSuccessResponse
