2018-10-17 08:17:20.653 [aurora.application.session_check] [CONFIG] Session data copied to context
2018-10-17 08:17:20.653 [aurora.application.session_check] [CONFIG] Checking BM access exp.EXP1330.exp_ygz_usage_types_query_bak for operation query
2018-10-17 08:17:20.655 [aurora.application.session_check] [CONFIG] Result from aurora.bm.DefaultAccessChecker@73bfad57 is true
2018-10-17 08:17:20.655 [uncertain.proc] [CONFIG] [action] AccessCheck
2018-10-17 08:17:20.657 [uncertain.proc] [CONFIG] [action] CheckServiceLock
2018-10-17 08:17:20.657 [uncertain.proc] [CONFIG] [action] ParseParameter
2018-10-17 08:17:20.657 [uncertain.proc] [CONFIG] [action] ValidateInput
2018-10-17 08:17:20.657 [uncertain.proc] [CONFIG] [action] InvokeService
2018-10-17 08:17:20.657 [aurora.database] [CONFIG] ===================================== prepare to run model-query exp.EXP1330.exp_ygz_usage_types_query_bak==============================
2018-10-17 08:17:20.664 [uncertain.proc] [CONFIG] [action] DecideSqlGenerationMode
2018-10-17 08:17:20.664 [uncertain.proc] [FINE] aurora.database.service.BusinessModelService.onDecideSqlGenerationMode
2018-10-17 08:17:20.664 [uncertain.proc] [CONFIG] [action] CreatequeryStatement
2018-10-17 08:17:20.664 [uncertain.proc] [FINE] aurora.bm.QuerySqlCreator.onCreateQueryStatement
2018-10-17 08:17:20.664 [uncertain.proc] [CONFIG] [action] PopulatequeryStatement
2018-10-17 08:17:20.664 [uncertain.proc] [FINE] aurora.database.features.OrderByClauseCreator.onPopulateQueryStatement
2018-10-17 08:17:20.664 [uncertain.proc] [FINE] aurora.database.features.WhereClauseCreator.onPopulateQueryStatement
2018-10-17 08:17:20.664 [uncertain.proc] [CONFIG] [action] CreatequerySql
2018-10-17 08:17:20.664 [uncertain.proc] [FINE] aurora.bm.QuerySqlCreator.onCreateQuerySql
2018-10-17 08:17:20.664 [uncertain.proc] [CONFIG] [action] ExecuteQuery
2018-10-17 08:17:20.664 [uncertain.proc] [FINE] aurora.bm.QuerySqlCreator.onExecuteQuery
2018-10-17 08:17:20.688 [uncertain.proc] [CONFIG] [action] QueryFinish
2018-10-17 08:17:20.688 [uncertain.proc] [FINE] aurora.database.features.AutoQueryCounter.onQueryFinish
2018-10-17 08:17:20.690 [uncertain.proc] [CONFIG] [action] FetchResultSet
2018-10-17 08:17:20.690 [uncertain.proc] [FINE] aurora.database.features.CacheBasedLookUpField.postFetchResultSet
2018-10-17 08:17:20.690 [aurora.database] [CONFIG] 
============= BEGIN [query] SQL Statement execution dump ============
SELECT t1.TYPE_CODE,t1.TYPE_NAME,t1.TYPE_ID,t1.DESCRIPTION,roll_out_per * 100 AS roll_out_per,t1.ORDER_NUM,t1.VMS_VALUE,t1.ENABLED_FLAG,t1.t3_value
FROM EXP_YGZ_USAGE_TYPES t1
WHERE enabled_flag = 'Y'
ORDER BY order_num,type_code
---------------------Binding info---------------------
null
=============== END [query] SQL Statement execution dump ============

2018-10-17 08:17:20.690 [uncertain.proc] [CONFIG] [action] CreateSuccessResponse
