2018-10-19 10:34:24.642 [aurora.application.session_check] [CONFIG] Session data copied to context
2018-10-19 10:34:24.642 [aurora.application.session_check] [CONFIG] Checking BM access exp.EXP4030.exp_assign_batch_com_query for operation query
2018-10-19 10:34:24.643 [aurora.application.session_check] [CONFIG] Result from aurora.bm.DefaultAccessChecker@30fd3973 is true
2018-10-19 10:34:24.643 [uncertain.proc] [CONFIG] [action] AccessCheck
2018-10-19 10:34:24.645 [uncertain.proc] [CONFIG] [action] CheckServiceLock
2018-10-19 10:34:24.645 [uncertain.proc] [CONFIG] [action] ParseParameter
2018-10-19 10:34:24.645 [uncertain.proc] [CONFIG] [action] ValidateInput
2018-10-19 10:34:24.646 [uncertain.proc] [CONFIG] [action] InvokeService
2018-10-19 10:34:24.646 [aurora.database] [CONFIG] ===================================== prepare to run model-query exp.EXP4030.exp_assign_batch_com_query==============================
2018-10-19 10:34:24.650 [uncertain.proc] [CONFIG] [action] DecideSqlGenerationMode
2018-10-19 10:34:24.651 [uncertain.proc] [FINE] aurora.database.service.BusinessModelService.onDecideSqlGenerationMode
2018-10-19 10:34:24.651 [uncertain.proc] [CONFIG] [action] CreateOperationSql
2018-10-19 10:34:24.651 [uncertain.proc] [CONFIG] [action] PopulateOperationSql
2018-10-19 10:34:24.651 [uncertain.proc] [FINE] aurora.database.features.OrderByClauseCreator.onPopulateOperationSql
2018-10-19 10:34:24.651 [uncertain.proc] [FINE] aurora.database.features.WhereClauseCreator.onPopulateOperationSql
2018-10-19 10:34:24.651 [uncertain.proc] [CONFIG] [action] ExecuteQuery
2018-10-19 10:34:24.651 [uncertain.proc] [FINE] aurora.bm.QuerySqlCreator.onExecuteQuery
2018-10-19 10:34:24.683 [uncertain.proc] [CONFIG] [action] QueryFinish
2018-10-19 10:34:24.683 [uncertain.proc] [FINE] aurora.database.features.AutoQueryCounter.onQueryFinish
2018-10-19 10:34:24.699 [uncertain.proc] [CONFIG] [action] FetchResultSet
2018-10-19 10:34:24.699 [uncertain.proc] [FINE] aurora.database.features.CacheBasedLookUpField.postFetchResultSet
2018-10-19 10:34:24.699 [aurora.database] [CONFIG] 
============= BEGIN [query] SQL Statement execution dump ============

            select * from (
            select fc.company_id, fc.company_code, fc.company_short_name,fcl.company_level_code
              from fnd_companies_vl fc, gld_set_of_books_vl sob,fnd_company_levels_vl fcl
             where (fc.end_date_active is null or
                   sysdate between fc.start_date_active and
                   fc.end_date_active)
               and fc.company_level_id = fcl.company_level_id
               and fc.set_of_books_id = ?
               and sob.set_of_books_id = fc.set_of_books_id
               and sob.enabled_flag = 'Y') v
                WHERE v.COMPANY_CODE >= ? AND v.COMPANY_CODE <= ?
               order by v.company_code
               
---------------------Binding info---------------------
No.1	Access path:/parameter/@set_of_books_id	Data type of passed value :java.lang.String	Value:122	Output:false	Database Type:null	
No.2	Access path:@company_code_from	Data type of passed value :java.lang.String	Value:8699000000	Output:false	Database Type:null	
No.3	Access path:@company_code_to	Data type of passed value :java.lang.String	Value:8699000000	Output:false	Database Type:null	

=============== END [query] SQL Statement execution dump ============

2018-10-19 10:34:24.699 [uncertain.proc] [CONFIG] [action] CreateSuccessResponse
