2018-10-10 06:14:46.746 [aurora.application.session_check] [CONFIG] Session data copied to context
2018-10-10 06:14:46.746 [aurora.application.session_check] [CONFIG] Checking BM access exp.EXP1100.exp_position_groups for operation query
2018-10-10 06:14:46.747 [aurora.application.session_check] [CONFIG] Result from aurora.bm.DefaultAccessChecker@257d065b is true
2018-10-10 06:14:46.747 [uncertain.proc] [CONFIG] [action] AccessCheck
2018-10-10 06:14:46.749 [uncertain.proc] [CONFIG] [action] CheckServiceLock
2018-10-10 06:14:46.749 [uncertain.proc] [CONFIG] [action] ParseParameter
2018-10-10 06:14:46.749 [uncertain.proc] [CONFIG] [action] ValidateInput
2018-10-10 06:14:46.749 [uncertain.proc] [CONFIG] [action] InvokeService
2018-10-10 06:14:46.749 [aurora.database] [CONFIG] ===================================== prepare to run model-query exp.EXP1100.exp_position_groups==============================
2018-10-10 06:14:46.756 [uncertain.proc] [CONFIG] [action] DecideSqlGenerationMode
2018-10-10 06:14:46.756 [uncertain.proc] [FINE] aurora.database.service.BusinessModelService.onDecideSqlGenerationMode
2018-10-10 06:14:46.756 [uncertain.proc] [CONFIG] [action] CreatequeryStatement
2018-10-10 06:14:46.756 [uncertain.proc] [FINE] aurora.bm.QuerySqlCreator.onCreateQueryStatement
2018-10-10 06:14:46.756 [uncertain.proc] [CONFIG] [action] PopulatequeryStatement
2018-10-10 06:14:46.756 [uncertain.proc] [FINE] aurora.database.features.OrderByClauseCreator.onPopulateQueryStatement
2018-10-10 06:14:46.756 [uncertain.proc] [FINE] aurora.database.features.WhereClauseCreator.onPopulateQueryStatement
2018-10-10 06:14:46.756 [uncertain.proc] [CONFIG] [action] CreatequerySql
2018-10-10 06:14:46.756 [uncertain.proc] [FINE] aurora.bm.QuerySqlCreator.onCreateQuerySql
2018-10-10 06:14:46.756 [uncertain.proc] [CONFIG] [action] ExecuteQuery
2018-10-10 06:14:46.756 [uncertain.proc] [FINE] aurora.bm.QuerySqlCreator.onExecuteQuery
2018-10-10 06:14:46.783 [uncertain.proc] [CONFIG] [action] QueryFinish
2018-10-10 06:14:46.783 [uncertain.proc] [FINE] aurora.database.features.AutoQueryCounter.onQueryFinish
2018-10-10 06:14:46.786 [uncertain.proc] [CONFIG] [action] FetchResultSet
2018-10-10 06:14:46.787 [uncertain.proc] [FINE] aurora.database.features.CacheBasedLookUpField.postFetchResultSet
2018-10-10 06:14:46.787 [aurora.database] [CONFIG] 
============= BEGIN [query] SQL Statement execution dump ============
SELECT p.position_group_id,p.position_group_code,p.description_id,(select DESCRIPTION_TEXT from fnd_descriptions where DESCRIPTION_ID=p.description_id and Language=?) AS position_group_description,p.enabled_flag,p.company_id
FROM exp_position_groups p
WHERE p.company_id = ?
---------------------Binding info---------------------
No.1	Access path:/session/@lang	Data type of passed value :java.lang.String	Value:ZHS	Output:false	Database Type:null	
No.2	Access path:/session/@company_id	Data type of passed value :java.lang.Integer	Value:835	Output:false	Database Type:null	

=============== END [query] SQL Statement execution dump ============

2018-10-10 06:14:46.787 [uncertain.proc] [CONFIG] [action] CreateSuccessResponse
