2018-10-10 06:29:40.434 [aurora.application.session_check] [CONFIG] Session data copied to context
2018-10-10 06:29:40.434 [aurora.application.session_check] [CONFIG] Checking BM access exp.EXP1040.exp_employee_jobs for operation query
2018-10-10 06:29:40.435 [aurora.application.session_check] [CONFIG] Result from aurora.bm.DefaultAccessChecker@2ae38586 is true
2018-10-10 06:29:40.435 [uncertain.proc] [CONFIG] [action] AccessCheck
2018-10-10 06:29:40.436 [uncertain.proc] [CONFIG] [action] CheckServiceLock
2018-10-10 06:29:40.436 [uncertain.proc] [CONFIG] [action] ParseParameter
2018-10-10 06:29:40.436 [uncertain.proc] [CONFIG] [action] ValidateInput
2018-10-10 06:29:40.436 [uncertain.proc] [CONFIG] [action] InvokeService
2018-10-10 06:29:40.436 [aurora.database] [CONFIG] ===================================== prepare to run model-query exp.EXP1040.exp_employee_jobs==============================
2018-10-10 06:29:40.441 [uncertain.proc] [CONFIG] [action] DecideSqlGenerationMode
2018-10-10 06:29:40.441 [uncertain.proc] [FINE] aurora.database.service.BusinessModelService.onDecideSqlGenerationMode
2018-10-10 06:29:40.441 [uncertain.proc] [CONFIG] [action] CreatequeryStatement
2018-10-10 06:29:40.441 [uncertain.proc] [FINE] aurora.bm.QuerySqlCreator.onCreateQueryStatement
2018-10-10 06:29:40.441 [uncertain.proc] [CONFIG] [action] PopulatequeryStatement
2018-10-10 06:29:40.441 [uncertain.proc] [FINE] aurora.database.features.OrderByClauseCreator.onPopulateQueryStatement
2018-10-10 06:29:40.441 [uncertain.proc] [FINE] aurora.database.features.WhereClauseCreator.onPopulateQueryStatement
2018-10-10 06:29:40.441 [uncertain.proc] [CONFIG] [action] CreatequerySql
2018-10-10 06:29:40.441 [uncertain.proc] [FINE] aurora.bm.QuerySqlCreator.onCreateQuerySql
2018-10-10 06:29:40.441 [uncertain.proc] [CONFIG] [action] ExecuteQuery
2018-10-10 06:29:40.441 [uncertain.proc] [FINE] aurora.bm.QuerySqlCreator.onExecuteQuery
2018-10-10 06:29:40.445 [uncertain.proc] [CONFIG] [action] QueryFinish
2018-10-10 06:29:40.445 [uncertain.proc] [FINE] aurora.database.features.AutoQueryCounter.onQueryFinish
2018-10-10 06:29:40.447 [uncertain.proc] [CONFIG] [action] FetchResultSet
2018-10-10 06:29:40.447 [uncertain.proc] [FINE] aurora.database.features.CacheBasedLookUpField.postFetchResultSet
2018-10-10 06:29:40.447 [aurora.database] [CONFIG] 
============= BEGIN [query] SQL Statement execution dump ============
SELECT ej.employee_job_id,ej.employee_job_code,ej.description_id,(select DESCRIPTION_TEXT from fnd_descriptions where DESCRIPTION_ID=ej.description_id and Language=?) AS employee_job_description,ej.enabled_flag,ej.level_series_id,(select els.level_series_code || '-' || fd.description_text from fnd_descriptions fd,exp_level_series els where els.description_id = fd.description_id             and fd.language = ? and els.level_series_id = ej.level_series_id) AS level_series_code_display
FROM exp_employee_jobs ej

ORDER BY ej.employee_job_code
---------------------Binding info---------------------
No.1	Access path:/session/@lang	Data type of passed value :java.lang.String	Value:ZHS	Output:false	Database Type:null	
No.2	Access path:/session/@lang	Data type of passed value :java.lang.String	Value:ZHS	Output:false	Database Type:null	

=============== END [query] SQL Statement execution dump ============

2018-10-10 06:29:40.447 [uncertain.proc] [CONFIG] [action] CreateSuccessResponse
