2018-10-15 06:39:30.439 [aurora.application.session_check] [CONFIG] Session data copied to context
2018-10-15 06:39:30.439 [aurora.application.session_check] [CONFIG] Checking BM access exp.EXP4030.exp_sob_type_expense_items for operation batch_update
2018-10-15 06:39:30.439 [aurora.application.session_check] [CONFIG] for batch_update, access check will be performed on each record from parameter
2018-10-15 06:39:30.439 [uncertain.proc] [CONFIG] [action] AccessCheck
2018-10-15 06:39:30.441 [uncertain.proc] [CONFIG] [action] CheckServiceLock
2018-10-15 06:39:30.441 [uncertain.proc] [CONFIG] [action] ParseParameter
2018-10-15 06:39:30.442 [uncertain.proc] [CONFIG] [action] ValidateInput
2018-10-15 06:39:30.442 [uncertain.proc] [CONFIG] [action] InvokeService
2018-10-15 06:39:30.448 [aurora.database] [CONFIG] ============ Running model batch update with data from path /parameter, total 1 records
2018-10-15 06:39:30.449 [aurora.database] [CONFIG] execute insert on record No.0 for model exp.EXP4030.exp_sob_type_expense_items
2018-10-15 06:39:30.451 [uncertain.proc] [CONFIG] [action] DecideStatement
2018-10-15 06:39:30.452 [uncertain.proc] [CONFIG] [action] DecideSqlGenerationMode
2018-10-15 06:39:30.452 [uncertain.proc] [FINE] aurora.database.service.BusinessModelService.onDecideSqlGenerationMode
2018-10-15 06:39:30.452 [uncertain.proc] [CONFIG] [action] CreateOperationSql
2018-10-15 06:39:30.452 [uncertain.proc] [CONFIG] [action] PopulateOperationSql
2018-10-15 06:39:30.452 [uncertain.proc] [FINE] aurora.database.features.OrderByClauseCreator.onPopulateOperationSql
2018-10-15 06:39:30.452 [uncertain.proc] [FINE] aurora.database.features.WhereClauseCreator.onPopulateOperationSql
2018-10-15 06:39:30.452 [uncertain.proc] [CONFIG] [action] CreateSqlRunner
2018-10-15 06:39:30.453 [uncertain.proc] [FINE] aurora.database.service.BusinessModelService.onCreateSqlRunner
2018-10-15 06:39:30.453 [uncertain.proc] [CONFIG] [action] ExecuteDmlStatement
2018-10-15 06:39:30.453 [uncertain.proc] [FINE] aurora.database.service.BusinessModelService.onExecuteDmlStatement
2018-10-15 06:39:31.497 [aurora.database] [CONFIG] 
============= BEGIN [Insert] SQL Statement execution dump ============

                begin
	                exp_sob_expense_types_pkg.insert_sob_expense_items(p_expense_type_code =>?,
								                                       p_expense_item_id   =>?,
								                                       p_set_of_books_id   =>?,
								                                       p_enabled_flag      =>?,
								                                       p_description       =>?,
								                                       p_user_id           =>?);
                end; 
            
---------------------Binding info---------------------
No.1	Access path:@expense_type_code	Data type of passed value :java.lang.String	Value:BX01	Output:false	Database Type:null	
No.2	Access path:@expense_item_id	Data type of passed value :java.lang.Integer	Value:711	Output:false	Database Type:null	
No.3	Access path:@set_of_books_id	Data type of passed value :java.lang.String	Value:122	Output:false	Database Type:null	
No.4	Access path:@enabled_flag	Data type of passed value :java.lang.String	Value:Y	Output:false	Database Type:null	
No.5	Access path:@description	Data type of passed value :java.lang.String	Value:差旅费	Output:false	Database Type:null	
No.6	Access path:/session/@user_id	Data type of passed value :java.lang.Long	Value:2242	Output:false	Database Type:null	

=============== END [Insert] SQL Statement execution dump ============

2018-10-15 06:39:31.497 [aurora.database] [CONFIG] ============ End of batch update for /parameter
2018-10-15 06:39:31.498 [uncertain.proc] [CONFIG] [action] CreateSuccessResponse
