2018-10-15 01:49:26.574 [aurora.application.session_check] [CONFIG] Session data copied to context
2018-10-15 01:49:26.574 [aurora.application.session_check] [CONFIG] Checking BM access exp.WFL5060.exp_set_exp_wfl_workflow_transaction_query for operation batch_update
2018-10-15 01:49:26.574 [aurora.application.session_check] [CONFIG] for batch_update, access check will be performed on each record from parameter
2018-10-15 01:49:26.574 [uncertain.proc] [CONFIG] [action] AccessCheck
2018-10-15 01:49:26.576 [uncertain.proc] [CONFIG] [action] CheckServiceLock
2018-10-15 01:49:26.576 [uncertain.proc] [CONFIG] [action] ParseParameter
2018-10-15 01:49:26.576 [uncertain.proc] [CONFIG] [action] ValidateInput
2018-10-15 01:49:26.576 [uncertain.proc] [CONFIG] [action] InvokeService
2018-10-15 01:49:26.579 [aurora.database] [CONFIG] ============ Running model batch update with data from path /parameter, total 7 records
2018-10-15 01:49:26.579 [aurora.database] [CONFIG] execute insert on record No.0 for model exp.WFL5060.exp_set_exp_wfl_workflow_transaction_query
2018-10-15 01:49:26.582 [uncertain.proc] [CONFIG] [action] DecideStatement
2018-10-15 01:49:26.583 [uncertain.proc] [CONFIG] [action] DecideSqlGenerationMode
2018-10-15 01:49:26.583 [uncertain.proc] [FINE] aurora.database.service.BusinessModelService.onDecideSqlGenerationMode
2018-10-15 01:49:26.584 [uncertain.proc] [CONFIG] [action] CreateOperationSql
2018-10-15 01:49:26.584 [uncertain.proc] [CONFIG] [action] PopulateOperationSql
2018-10-15 01:49:26.584 [uncertain.proc] [FINE] aurora.database.features.OrderByClauseCreator.onPopulateOperationSql
2018-10-15 01:49:26.584 [uncertain.proc] [FINE] aurora.database.features.WhereClauseCreator.onPopulateOperationSql
2018-10-15 01:49:26.584 [uncertain.proc] [CONFIG] [action] CreateSqlRunner
2018-10-15 01:49:26.584 [uncertain.proc] [FINE] aurora.database.service.BusinessModelService.onCreateSqlRunner
2018-10-15 01:49:26.584 [uncertain.proc] [CONFIG] [action] ExecuteDmlStatement
2018-10-15 01:49:26.584 [uncertain.proc] [FINE] aurora.database.service.BusinessModelService.onExecuteDmlStatement
2018-10-15 01:49:26.585 [aurora.database] [CONFIG] 
============= BEGIN [Insert] SQL Statement execution dump ============

        	begin
	 			wfl_sob_transaction_pkg.insert_wfl_sob_transaction(?,
													?,
													?,
													?,
													?,
													?,
													?); 
			end;
        	
---------------------Binding info---------------------
No.1	Access path:@transaction_category	Data type of passed value :java.lang.String	Value:PAYMENT_REQUISITION	Output:false	Database Type:null	
No.2	Access path:@transaction_type_code	Data type of passed value :java.lang.String	Value:JK001	Output:false	Database Type:null	
No.3	Access path:@workflow_code	Data type of passed value :java.lang.String	Value:JC_JK01	Output:false	Database Type:null	
No.4	Access path:@set_of_books_id	Data type of passed value :java.lang.String	Value:122	Output:false	Database Type:null	
No.5	Access path:@company_level_id	Data type of passed value :[null]	Value:null	Output:false	Database Type:null	
No.6	Access path:@oa_approved_flag	Data type of passed value :java.lang.String	Value:N	Output:false	Database Type:null	
No.7	Access path:/session/@user_id	Data type of passed value :java.lang.Long	Value:1	Output:false	Database Type:null	

=============== END [Insert] SQL Statement execution dump ============

2018-10-15 01:49:26.585 [aurora.database] [CONFIG] execute insert on record No.1 for model exp.WFL5060.exp_set_exp_wfl_workflow_transaction_query
2018-10-15 01:49:26.587 [uncertain.proc] [CONFIG] [action] DecideStatement
2018-10-15 01:49:26.588 [uncertain.proc] [CONFIG] [action] DecideSqlGenerationMode
2018-10-15 01:49:26.588 [uncertain.proc] [FINE] aurora.database.service.BusinessModelService.onDecideSqlGenerationMode
2018-10-15 01:49:26.588 [uncertain.proc] [CONFIG] [action] CreateOperationSql
2018-10-15 01:49:26.588 [uncertain.proc] [CONFIG] [action] PopulateOperationSql
2018-10-15 01:49:26.588 [uncertain.proc] [FINE] aurora.database.features.OrderByClauseCreator.onPopulateOperationSql
2018-10-15 01:49:26.588 [uncertain.proc] [FINE] aurora.database.features.WhereClauseCreator.onPopulateOperationSql
2018-10-15 01:49:26.588 [uncertain.proc] [CONFIG] [action] CreateSqlRunner
2018-10-15 01:49:26.588 [uncertain.proc] [FINE] aurora.database.service.BusinessModelService.onCreateSqlRunner
2018-10-15 01:49:26.588 [uncertain.proc] [CONFIG] [action] ExecuteDmlStatement
2018-10-15 01:49:26.588 [uncertain.proc] [FINE] aurora.database.service.BusinessModelService.onExecuteDmlStatement
2018-10-15 01:49:26.589 [aurora.database] [CONFIG] 
============= BEGIN [Insert] SQL Statement execution dump ============

        	begin
	 			wfl_sob_transaction_pkg.insert_wfl_sob_transaction(?,
													?,
													?,
													?,
													?,
													?,
													?); 
			end;
        	
---------------------Binding info---------------------
No.1	Access path:@transaction_category	Data type of passed value :java.lang.String	Value:EXP_REPORT	Output:false	Database Type:null	
No.2	Access path:@transaction_type_code	Data type of passed value :java.lang.String	Value:BX01	Output:false	Database Type:null	
No.3	Access path:@workflow_code	Data type of passed value :java.lang.String	Value:JC_BX05	Output:false	Database Type:null	
No.4	Access path:@set_of_books_id	Data type of passed value :java.lang.String	Value:122	Output:false	Database Type:null	
No.5	Access path:@company_level_id	Data type of passed value :[null]	Value:null	Output:false	Database Type:null	
No.6	Access path:@oa_approved_flag	Data type of passed value :java.lang.String	Value:N	Output:false	Database Type:null	
No.7	Access path:/session/@user_id	Data type of passed value :java.lang.Long	Value:1	Output:false	Database Type:null	

=============== END [Insert] SQL Statement execution dump ============

2018-10-15 01:49:26.589 [aurora.database] [CONFIG] execute insert on record No.2 for model exp.WFL5060.exp_set_exp_wfl_workflow_transaction_query
2018-10-15 01:49:26.590 [uncertain.proc] [CONFIG] [action] DecideStatement
2018-10-15 01:49:26.591 [uncertain.proc] [CONFIG] [action] DecideSqlGenerationMode
2018-10-15 01:49:26.591 [uncertain.proc] [FINE] aurora.database.service.BusinessModelService.onDecideSqlGenerationMode
2018-10-15 01:49:26.591 [uncertain.proc] [CONFIG] [action] CreateOperationSql
2018-10-15 01:49:26.591 [uncertain.proc] [CONFIG] [action] PopulateOperationSql
2018-10-15 01:49:26.591 [uncertain.proc] [FINE] aurora.database.features.OrderByClauseCreator.onPopulateOperationSql
2018-10-15 01:49:26.591 [uncertain.proc] [FINE] aurora.database.features.WhereClauseCreator.onPopulateOperationSql
2018-10-15 01:49:26.591 [uncertain.proc] [CONFIG] [action] CreateSqlRunner
2018-10-15 01:49:26.591 [uncertain.proc] [FINE] aurora.database.service.BusinessModelService.onCreateSqlRunner
2018-10-15 01:49:26.591 [uncertain.proc] [CONFIG] [action] ExecuteDmlStatement
2018-10-15 01:49:26.591 [uncertain.proc] [FINE] aurora.database.service.BusinessModelService.onExecuteDmlStatement
2018-10-15 01:49:26.592 [aurora.database] [CONFIG] 
============= BEGIN [Insert] SQL Statement execution dump ============

        	begin
	 			wfl_sob_transaction_pkg.insert_wfl_sob_transaction(?,
													?,
													?,
													?,
													?,
													?,
													?); 
			end;
        	
---------------------Binding info---------------------
No.1	Access path:@transaction_category	Data type of passed value :java.lang.String	Value:EXP_REPORT	Output:false	Database Type:null	
No.2	Access path:@transaction_type_code	Data type of passed value :java.lang.String	Value:BX02	Output:false	Database Type:null	
No.3	Access path:@workflow_code	Data type of passed value :java.lang.String	Value:JC_BX05	Output:false	Database Type:null	
No.4	Access path:@set_of_books_id	Data type of passed value :java.lang.String	Value:122	Output:false	Database Type:null	
No.5	Access path:@company_level_id	Data type of passed value :[null]	Value:null	Output:false	Database Type:null	
No.6	Access path:@oa_approved_flag	Data type of passed value :java.lang.String	Value:N	Output:false	Database Type:null	
No.7	Access path:/session/@user_id	Data type of passed value :java.lang.Long	Value:1	Output:false	Database Type:null	

=============== END [Insert] SQL Statement execution dump ============

2018-10-15 01:49:26.592 [aurora.database] [CONFIG] execute insert on record No.3 for model exp.WFL5060.exp_set_exp_wfl_workflow_transaction_query
2018-10-15 01:49:26.593 [uncertain.proc] [CONFIG] [action] DecideStatement
2018-10-15 01:49:26.594 [uncertain.proc] [CONFIG] [action] DecideSqlGenerationMode
2018-10-15 01:49:26.594 [uncertain.proc] [FINE] aurora.database.service.BusinessModelService.onDecideSqlGenerationMode
2018-10-15 01:49:26.594 [uncertain.proc] [CONFIG] [action] CreateOperationSql
2018-10-15 01:49:26.594 [uncertain.proc] [CONFIG] [action] PopulateOperationSql
2018-10-15 01:49:26.594 [uncertain.proc] [FINE] aurora.database.features.OrderByClauseCreator.onPopulateOperationSql
2018-10-15 01:49:26.594 [uncertain.proc] [FINE] aurora.database.features.WhereClauseCreator.onPopulateOperationSql
2018-10-15 01:49:26.594 [uncertain.proc] [CONFIG] [action] CreateSqlRunner
2018-10-15 01:49:26.594 [uncertain.proc] [FINE] aurora.database.service.BusinessModelService.onCreateSqlRunner
2018-10-15 01:49:26.594 [uncertain.proc] [CONFIG] [action] ExecuteDmlStatement
2018-10-15 01:49:26.594 [uncertain.proc] [FINE] aurora.database.service.BusinessModelService.onExecuteDmlStatement
2018-10-15 01:49:26.595 [aurora.database] [CONFIG] 
============= BEGIN [Insert] SQL Statement execution dump ============

        	begin
	 			wfl_sob_transaction_pkg.insert_wfl_sob_transaction(?,
													?,
													?,
													?,
													?,
													?,
													?); 
			end;
        	
---------------------Binding info---------------------
No.1	Access path:@transaction_category	Data type of passed value :java.lang.String	Value:EXP_REPORT	Output:false	Database Type:null	
No.2	Access path:@transaction_type_code	Data type of passed value :java.lang.String	Value:BX03	Output:false	Database Type:null	
No.3	Access path:@workflow_code	Data type of passed value :java.lang.String	Value:JC_BX01	Output:false	Database Type:null	
No.4	Access path:@set_of_books_id	Data type of passed value :java.lang.String	Value:122	Output:false	Database Type:null	
No.5	Access path:@company_level_id	Data type of passed value :[null]	Value:null	Output:false	Database Type:null	
No.6	Access path:@oa_approved_flag	Data type of passed value :java.lang.String	Value:N	Output:false	Database Type:null	
No.7	Access path:/session/@user_id	Data type of passed value :java.lang.Long	Value:1	Output:false	Database Type:null	

=============== END [Insert] SQL Statement execution dump ============

2018-10-15 01:49:26.595 [aurora.database] [CONFIG] execute insert on record No.4 for model exp.WFL5060.exp_set_exp_wfl_workflow_transaction_query
2018-10-15 01:49:26.596 [uncertain.proc] [CONFIG] [action] DecideStatement
2018-10-15 01:49:26.596 [uncertain.proc] [CONFIG] [action] DecideSqlGenerationMode
2018-10-15 01:49:26.597 [uncertain.proc] [FINE] aurora.database.service.BusinessModelService.onDecideSqlGenerationMode
2018-10-15 01:49:26.597 [uncertain.proc] [CONFIG] [action] CreateOperationSql
2018-10-15 01:49:26.597 [uncertain.proc] [CONFIG] [action] PopulateOperationSql
2018-10-15 01:49:26.597 [uncertain.proc] [FINE] aurora.database.features.OrderByClauseCreator.onPopulateOperationSql
2018-10-15 01:49:26.597 [uncertain.proc] [FINE] aurora.database.features.WhereClauseCreator.onPopulateOperationSql
2018-10-15 01:49:26.597 [uncertain.proc] [CONFIG] [action] CreateSqlRunner
2018-10-15 01:49:26.597 [uncertain.proc] [FINE] aurora.database.service.BusinessModelService.onCreateSqlRunner
2018-10-15 01:49:26.597 [uncertain.proc] [CONFIG] [action] ExecuteDmlStatement
2018-10-15 01:49:26.597 [uncertain.proc] [FINE] aurora.database.service.BusinessModelService.onExecuteDmlStatement
2018-10-15 01:49:26.597 [aurora.database] [CONFIG] 
============= BEGIN [Insert] SQL Statement execution dump ============

        	begin
	 			wfl_sob_transaction_pkg.insert_wfl_sob_transaction(?,
													?,
													?,
													?,
													?,
													?,
													?); 
			end;
        	
---------------------Binding info---------------------
No.1	Access path:@transaction_category	Data type of passed value :java.lang.String	Value:EXP_REPORT	Output:false	Database Type:null	
No.2	Access path:@transaction_type_code	Data type of passed value :java.lang.String	Value:BX04	Output:false	Database Type:null	
No.3	Access path:@workflow_code	Data type of passed value :java.lang.String	Value:JC_BX02	Output:false	Database Type:null	
No.4	Access path:@set_of_books_id	Data type of passed value :java.lang.String	Value:122	Output:false	Database Type:null	
No.5	Access path:@company_level_id	Data type of passed value :[null]	Value:null	Output:false	Database Type:null	
No.6	Access path:@oa_approved_flag	Data type of passed value :java.lang.String	Value:N	Output:false	Database Type:null	
No.7	Access path:/session/@user_id	Data type of passed value :java.lang.Long	Value:1	Output:false	Database Type:null	

=============== END [Insert] SQL Statement execution dump ============

2018-10-15 01:49:26.597 [aurora.database] [CONFIG] execute insert on record No.5 for model exp.WFL5060.exp_set_exp_wfl_workflow_transaction_query
2018-10-15 01:49:26.599 [uncertain.proc] [CONFIG] [action] DecideStatement
2018-10-15 01:49:26.600 [uncertain.proc] [CONFIG] [action] DecideSqlGenerationMode
2018-10-15 01:49:26.600 [uncertain.proc] [FINE] aurora.database.service.BusinessModelService.onDecideSqlGenerationMode
2018-10-15 01:49:26.600 [uncertain.proc] [CONFIG] [action] CreateOperationSql
2018-10-15 01:49:26.600 [uncertain.proc] [CONFIG] [action] PopulateOperationSql
2018-10-15 01:49:26.600 [uncertain.proc] [FINE] aurora.database.features.OrderByClauseCreator.onPopulateOperationSql
2018-10-15 01:49:26.600 [uncertain.proc] [FINE] aurora.database.features.WhereClauseCreator.onPopulateOperationSql
2018-10-15 01:49:26.600 [uncertain.proc] [CONFIG] [action] CreateSqlRunner
2018-10-15 01:49:26.600 [uncertain.proc] [FINE] aurora.database.service.BusinessModelService.onCreateSqlRunner
2018-10-15 01:49:26.600 [uncertain.proc] [CONFIG] [action] ExecuteDmlStatement
2018-10-15 01:49:26.600 [uncertain.proc] [FINE] aurora.database.service.BusinessModelService.onExecuteDmlStatement
2018-10-15 01:49:26.601 [aurora.database] [CONFIG] 
============= BEGIN [Insert] SQL Statement execution dump ============

        	begin
	 			wfl_sob_transaction_pkg.insert_wfl_sob_transaction(?,
													?,
													?,
													?,
													?,
													?,
													?); 
			end;
        	
---------------------Binding info---------------------
No.1	Access path:@transaction_category	Data type of passed value :java.lang.String	Value:EXP_REPORT	Output:false	Database Type:null	
No.2	Access path:@transaction_type_code	Data type of passed value :java.lang.String	Value:BX05	Output:false	Database Type:null	
No.3	Access path:@workflow_code	Data type of passed value :java.lang.String	Value:JC_BX04	Output:false	Database Type:null	
No.4	Access path:@set_of_books_id	Data type of passed value :java.lang.String	Value:122	Output:false	Database Type:null	
No.5	Access path:@company_level_id	Data type of passed value :[null]	Value:null	Output:false	Database Type:null	
No.6	Access path:@oa_approved_flag	Data type of passed value :java.lang.String	Value:N	Output:false	Database Type:null	
No.7	Access path:/session/@user_id	Data type of passed value :java.lang.Long	Value:1	Output:false	Database Type:null	

=============== END [Insert] SQL Statement execution dump ============

2018-10-15 01:49:26.601 [aurora.database] [CONFIG] execute insert on record No.6 for model exp.WFL5060.exp_set_exp_wfl_workflow_transaction_query
2018-10-15 01:49:26.602 [uncertain.proc] [CONFIG] [action] DecideStatement
2018-10-15 01:49:26.603 [uncertain.proc] [CONFIG] [action] DecideSqlGenerationMode
2018-10-15 01:49:26.603 [uncertain.proc] [FINE] aurora.database.service.BusinessModelService.onDecideSqlGenerationMode
2018-10-15 01:49:26.603 [uncertain.proc] [CONFIG] [action] CreateOperationSql
2018-10-15 01:49:26.603 [uncertain.proc] [CONFIG] [action] PopulateOperationSql
2018-10-15 01:49:26.603 [uncertain.proc] [FINE] aurora.database.features.OrderByClauseCreator.onPopulateOperationSql
2018-10-15 01:49:26.603 [uncertain.proc] [FINE] aurora.database.features.WhereClauseCreator.onPopulateOperationSql
2018-10-15 01:49:26.603 [uncertain.proc] [CONFIG] [action] CreateSqlRunner
2018-10-15 01:49:26.603 [uncertain.proc] [FINE] aurora.database.service.BusinessModelService.onCreateSqlRunner
2018-10-15 01:49:26.603 [uncertain.proc] [CONFIG] [action] ExecuteDmlStatement
2018-10-15 01:49:26.603 [uncertain.proc] [FINE] aurora.database.service.BusinessModelService.onExecuteDmlStatement
2018-10-15 01:49:26.604 [aurora.database] [CONFIG] 
============= BEGIN [Insert] SQL Statement execution dump ============

        	begin
	 			wfl_sob_transaction_pkg.insert_wfl_sob_transaction(?,
													?,
													?,
													?,
													?,
													?,
													?); 
			end;
        	
---------------------Binding info---------------------
No.1	Access path:@transaction_category	Data type of passed value :java.lang.String	Value:EXP_REPORT	Output:false	Database Type:null	
No.2	Access path:@transaction_type_code	Data type of passed value :java.lang.String	Value:BX07	Output:false	Database Type:null	
No.3	Access path:@workflow_code	Data type of passed value :java.lang.String	Value:JC_BX03	Output:false	Database Type:null	
No.4	Access path:@set_of_books_id	Data type of passed value :java.lang.String	Value:122	Output:false	Database Type:null	
No.5	Access path:@company_level_id	Data type of passed value :[null]	Value:null	Output:false	Database Type:null	
No.6	Access path:@oa_approved_flag	Data type of passed value :java.lang.String	Value:N	Output:false	Database Type:null	
No.7	Access path:/session/@user_id	Data type of passed value :java.lang.Long	Value:1	Output:false	Database Type:null	

=============== END [Insert] SQL Statement execution dump ============

2018-10-15 01:49:26.604 [aurora.database] [CONFIG] ============ End of batch update for /parameter
2018-10-15 01:49:26.604 [uncertain.proc] [CONFIG] [action] CreateSuccessResponse
