2018-10-21 08:04:12.485 [aurora.application.session_check] [CONFIG] Session data copied to context
2018-10-21 08:04:12.486 [aurora.application.session_check] [CONFIG] Checking BM access exp.EXP4020.exp_sob_report_ref_types_query for operation query
2018-10-21 08:04:12.487 [aurora.application.session_check] [CONFIG] Result from aurora.bm.DefaultAccessChecker@34586568 is true
2018-10-21 08:04:12.487 [uncertain.proc] [CONFIG] [action] AccessCheck
2018-10-21 08:04:12.488 [uncertain.proc] [CONFIG] [action] CheckServiceLock
2018-10-21 08:04:12.488 [uncertain.proc] [CONFIG] [action] ParseParameter
2018-10-21 08:04:12.488 [uncertain.proc] [CONFIG] [action] ValidateInput
2018-10-21 08:04:12.488 [uncertain.proc] [CONFIG] [action] InvokeService
2018-10-21 08:04:12.488 [aurora.database] [CONFIG] ===================================== prepare to run model-query exp.EXP4020.exp_sob_report_ref_types_query==============================
2018-10-21 08:04:12.491 [uncertain.proc] [CONFIG] [action] DecideSqlGenerationMode
2018-10-21 08:04:12.491 [uncertain.proc] [FINE] aurora.database.service.BusinessModelService.onDecideSqlGenerationMode
2018-10-21 08:04:12.491 [uncertain.proc] [CONFIG] [action] CreateOperationSql
2018-10-21 08:04:12.491 [uncertain.proc] [CONFIG] [action] PopulateOperationSql
2018-10-21 08:04:12.491 [uncertain.proc] [FINE] aurora.database.features.OrderByClauseCreator.onPopulateOperationSql
2018-10-21 08:04:12.491 [uncertain.proc] [FINE] aurora.database.features.WhereClauseCreator.onPopulateOperationSql
2018-10-21 08:04:12.491 [uncertain.proc] [CONFIG] [action] ExecuteQuery
2018-10-21 08:04:12.491 [uncertain.proc] [FINE] aurora.bm.QuerySqlCreator.onExecuteQuery
2018-10-21 08:04:12.494 [uncertain.proc] [CONFIG] [action] QueryFinish
2018-10-21 08:04:12.494 [uncertain.proc] [FINE] aurora.database.features.AutoQueryCounter.onQueryFinish
2018-10-21 08:04:12.495 [uncertain.proc] [CONFIG] [action] FetchResultSet
2018-10-21 08:04:12.495 [uncertain.proc] [FINE] aurora.database.features.CacheBasedLookUpField.postFetchResultSet
2018-10-21 08:04:12.495 [aurora.database] [CONFIG] 
============= BEGIN [query] SQL Statement execution dump ============
 
                 select t.expense_report_ref_type_id,
				        t.expense_report_type_id,
				        v.expense_type_id,
				        v.expense_type_code,
				        v.description,
				        t.default_flag
				   from exp_sob_report_ref_types t,
				        exp_sob_expense_types_vl v,
				        exp_sob_report_types     r
				  where t.expense_type_code = v.expense_type_code
				    and r.expense_report_type_id = t.expense_report_type_id
				    and v.set_of_books_id = r.set_of_books_id
				    and t.expense_report_type_id = ?
            
---------------------Binding info---------------------
No.1	Access path:@expense_report_type_id	Data type of passed value :java.lang.String	Value:1	Output:false	Database Type:null	

=============== END [query] SQL Statement execution dump ============

2018-10-21 08:04:12.495 [uncertain.proc] [CONFIG] [action] CreateSuccessResponse
