2018-10-18 02:08:08.23 [aurora.application.session_check] [CONFIG] Session data copied to context
2018-10-18 02:08:08.24 [aurora.application.session_check] [CONFIG] Checking BM access exp.EXP1010.exp_org_unit_lov for operation query
2018-10-18 02:08:08.26 [aurora.application.session_check] [CONFIG] Result from aurora.bm.DefaultAccessChecker@f4a3738 is true
2018-10-18 02:08:08.27 [uncertain.proc] [CONFIG] [action] AccessCheck
2018-10-18 02:08:08.29 [uncertain.proc] [CONFIG] [action] CheckServiceLock
2018-10-18 02:08:08.29 [uncertain.proc] [CONFIG] [action] ParseParameter
2018-10-18 02:08:08.29 [uncertain.proc] [CONFIG] [action] ValidateInput
2018-10-18 02:08:08.29 [uncertain.proc] [CONFIG] [action] InvokeService
2018-10-18 02:08:08.29 [aurora.database] [CONFIG] ===================================== prepare to run model-query exp.EXP1010.exp_org_unit_lov==============================
2018-10-18 02:08:08.36 [uncertain.proc] [CONFIG] [action] DecideSqlGenerationMode
2018-10-18 02:08:08.36 [uncertain.proc] [FINE] aurora.database.service.BusinessModelService.onDecideSqlGenerationMode
2018-10-18 02:08:08.36 [uncertain.proc] [CONFIG] [action] CreateOperationSql
2018-10-18 02:08:08.36 [uncertain.proc] [CONFIG] [action] PopulateOperationSql
2018-10-18 02:08:08.36 [uncertain.proc] [FINE] aurora.database.features.OrderByClauseCreator.onPopulateOperationSql
2018-10-18 02:08:08.36 [uncertain.proc] [FINE] aurora.database.features.WhereClauseCreator.onPopulateOperationSql
2018-10-18 02:08:08.36 [uncertain.proc] [CONFIG] [action] ExecuteQuery
2018-10-18 02:08:08.36 [uncertain.proc] [FINE] aurora.bm.QuerySqlCreator.onExecuteQuery
2018-10-18 02:08:08.43 [uncertain.proc] [CONFIG] [action] QueryFinish
2018-10-18 02:08:08.43 [uncertain.proc] [FINE] aurora.database.features.AutoQueryCounter.onQueryFinish
2018-10-18 02:08:08.47 [uncertain.proc] [CONFIG] [action] FetchResultSet
2018-10-18 02:08:08.47 [uncertain.proc] [FINE] aurora.database.features.CacheBasedLookUpField.postFetchResultSet
2018-10-18 02:08:08.47 [aurora.database] [CONFIG] 
============= BEGIN [query] SQL Statement execution dump ============

                SELECT
                    *
                FROM
                    (SELECT
                        v.*,
                        fcv.company_code,
                        fcv.company_short_name
                    FROM
                        (SELECT
                            eou.*
                        FROM
                            exp_org_unit_vl eou
                        WHERE
                            eou.company_id = ?
                        ) v,
                        fnd_companies_vl fcv
                    WHERE
                        v.company_id = fcv.company_id
                    ) vl 
                ORDER BY
                    company_code,
                    unit_code
            
---------------------Binding info---------------------
No.1	Access path:/session/@company_id	Data type of passed value :java.lang.Integer	Value:2555	Output:false	Database Type:null	

=============== END [query] SQL Statement execution dump ============

2018-10-18 02:08:08.47 [uncertain.proc] [CONFIG] [action] CreateSuccessResponse
