2018-10-10 08:21:54.753 [aurora.application.session_check] [CONFIG] Session data copied to context
2018-10-10 08:21:54.753 [aurora.application.session_check] [CONFIG] Checking BM access exp.exp_report_payment_bank_account_lov for operation execute
2018-10-10 08:21:54.754 [aurora.application.session_check] [CONFIG] Result from aurora.bm.DefaultAccessChecker@152ff1f0 is true
2018-10-10 08:21:54.755 [uncertain.proc] [CONFIG] [action] AccessCheck
2018-10-10 08:21:54.756 [uncertain.proc] [CONFIG] [action] CheckServiceLock
2018-10-10 08:21:54.757 [uncertain.proc] [CONFIG] [action] ParseParameter
2018-10-10 08:21:54.757 [uncertain.proc] [CONFIG] [action] ValidateInput
2018-10-10 08:21:54.757 [uncertain.proc] [CONFIG] [action] InvokeService
2018-10-10 08:21:54.765 [uncertain.proc] [CONFIG] [action] DecideStatement
2018-10-10 08:21:54.767 [uncertain.proc] [CONFIG] [action] DecideSqlGenerationMode
2018-10-10 08:21:54.767 [uncertain.proc] [FINE] aurora.database.service.BusinessModelService.onDecideSqlGenerationMode
2018-10-10 08:21:54.767 [uncertain.proc] [CONFIG] [action] CreateOperationSql
2018-10-10 08:21:54.767 [uncertain.proc] [CONFIG] [action] PopulateOperationSql
2018-10-10 08:21:54.767 [uncertain.proc] [FINE] aurora.database.features.OrderByClauseCreator.onPopulateOperationSql
2018-10-10 08:21:54.767 [uncertain.proc] [FINE] aurora.database.features.WhereClauseCreator.onPopulateOperationSql
2018-10-10 08:21:54.767 [uncertain.proc] [CONFIG] [action] CreateSqlRunner
2018-10-10 08:21:54.767 [uncertain.proc] [FINE] aurora.database.service.BusinessModelService.onCreateSqlRunner
2018-10-10 08:21:54.767 [uncertain.proc] [CONFIG] [action] ExecuteDmlStatement
2018-10-10 08:21:54.767 [uncertain.proc] [FINE] aurora.database.service.BusinessModelService.onExecuteDmlStatement
2018-10-10 08:21:55.25 [aurora.database] [CONFIG] 
============= BEGIN [execute] SQL Statement execution dump ============
        		
        			begin
						CSH_PAYMENT_REQ_PAYMENT_PKG.get_pay_method_code(p_bank_code=>?,
                                p_pay_method_name=>?,
                                p_pay_method_code=>?,
                                p_pay_method_id=>?);                           
        			end;        		
        	
---------------------Binding info---------------------
No.1	Access path:@bank_account_code	Data type of passed value :java.lang.String	Value:20	Output:false	Database Type:null	
No.2	Access path:@pay_method_name	Data type of passed value :[null]	Value:null	Output:true	Database Type:null	
No.3	Access path:@pay_method_code	Data type of passed value :[null]	Value:null	Output:true	Database Type:null	
No.4	Access path:@pay_method_id	Data type of passed value :[null]	Value:null	Output:true	Database Type:null	

=============== END [execute] SQL Statement execution dump ============

2018-10-10 08:21:55.25 [uncertain.proc] [CONFIG] [action] CreateSuccessResponse
