2018-10-21 07:51:05.85 [aurora.application.session_check] [CONFIG] Session data copied to context
2018-10-21 07:51:05.85 [aurora.application.session_check] [CONFIG] Checking BM access exp.EXP1050.exp_employee_group_assign_lov for operation query
2018-10-21 07:51:05.87 [aurora.application.session_check] [CONFIG] Result from aurora.bm.DefaultAccessChecker@495f0b7b is true
2018-10-21 07:51:05.87 [uncertain.proc] [CONFIG] [action] AccessCheck
2018-10-21 07:51:05.89 [uncertain.proc] [CONFIG] [action] CheckServiceLock
2018-10-21 07:51:05.89 [uncertain.proc] [CONFIG] [action] ParseParameter
2018-10-21 07:51:05.89 [uncertain.proc] [CONFIG] [action] ValidateInput
2018-10-21 07:51:05.89 [uncertain.proc] [CONFIG] [action] InvokeService
2018-10-21 07:51:05.89 [aurora.database] [CONFIG] ===================================== prepare to run model-query exp.EXP1050.exp_employee_group_assign_lov==============================
2018-10-21 07:51:05.96 [uncertain.proc] [CONFIG] [action] DecideSqlGenerationMode
2018-10-21 07:51:05.97 [uncertain.proc] [FINE] aurora.database.service.BusinessModelService.onDecideSqlGenerationMode
2018-10-21 07:51:05.97 [uncertain.proc] [CONFIG] [action] CreatequeryStatement
2018-10-21 07:51:05.97 [uncertain.proc] [FINE] aurora.bm.QuerySqlCreator.onCreateQueryStatement
2018-10-21 07:51:05.97 [uncertain.proc] [CONFIG] [action] PopulatequeryStatement
2018-10-21 07:51:05.97 [uncertain.proc] [FINE] aurora.database.features.OrderByClauseCreator.onPopulateQueryStatement
2018-10-21 07:51:05.97 [uncertain.proc] [FINE] aurora.database.features.WhereClauseCreator.onPopulateQueryStatement
2018-10-21 07:51:05.97 [uncertain.proc] [CONFIG] [action] CreatequerySql
2018-10-21 07:51:05.97 [uncertain.proc] [FINE] aurora.bm.QuerySqlCreator.onCreateQuerySql
2018-10-21 07:51:05.97 [uncertain.proc] [CONFIG] [action] ExecuteQuery
2018-10-21 07:51:05.97 [uncertain.proc] [FINE] aurora.bm.QuerySqlCreator.onExecuteQuery
2018-10-21 07:51:05.98 [uncertain.proc] [CONFIG] [action] QueryFinish
2018-10-21 07:51:05.98 [uncertain.proc] [FINE] aurora.database.features.AutoQueryCounter.onQueryFinish
2018-10-21 07:51:05.98 [uncertain.proc] [CONFIG] [action] FetchResultSet
2018-10-21 07:51:05.98 [uncertain.proc] [FINE] aurora.database.features.CacheBasedLookUpField.postFetchResultSet
2018-10-21 07:51:05.98 [aurora.database] [CONFIG] 
============= BEGIN [query] SQL Statement execution dump ============
SELECT h.expense_user_group_id,h.expense_user_group_code,h.description_id,(select DESCRIPTION_TEXT from fnd_descriptions where DESCRIPTION_ID=h.description_id and Language=?) AS description
FROM EXP_USER_GROUP_HEADERS h
WHERE h.company_id=? and h.enabled_flag='Y'
---------------------Binding info---------------------
No.1	Access path:/session/@lang	Data type of passed value :java.lang.String	Value:ZHS	Output:false	Database Type:null	
No.2	Access path:/parameter/@company_id	Data type of passed value :java.lang.String	Value:2575	Output:false	Database Type:null	

=============== END [query] SQL Statement execution dump ============

2018-10-21 07:51:05.98 [uncertain.proc] [CONFIG] [action] CreateSuccessResponse
