2018-10-10 07:45:15.282 [aurora.application.session_check] [CONFIG] Session data copied to context
2018-10-10 07:45:15.283 [aurora.application.session_check] [CONFIG] Checking BM access exp.EXP1350.exp_ygz_input_tax_struc_dtl_query for operation query
2018-10-10 07:45:15.284 [aurora.application.session_check] [CONFIG] Result from aurora.bm.DefaultAccessChecker@76b81d4b is true
2018-10-10 07:45:15.284 [uncertain.proc] [CONFIG] [action] AccessCheck
2018-10-10 07:45:15.285 [uncertain.proc] [CONFIG] [action] CheckServiceLock
2018-10-10 07:45:15.285 [uncertain.proc] [CONFIG] [action] ParseParameter
2018-10-10 07:45:15.285 [uncertain.proc] [CONFIG] [action] ValidateInput
2018-10-10 07:45:15.285 [uncertain.proc] [CONFIG] [action] InvokeService
2018-10-10 07:45:15.285 [aurora.database] [CONFIG] ===================================== prepare to run model-query exp.EXP1350.exp_ygz_input_tax_struc_dtl_query==============================
2018-10-10 07:45:15.289 [uncertain.proc] [CONFIG] [action] DecideSqlGenerationMode
2018-10-10 07:45:15.289 [uncertain.proc] [FINE] aurora.database.service.BusinessModelService.onDecideSqlGenerationMode
2018-10-10 07:45:15.289 [uncertain.proc] [CONFIG] [action] CreatequeryStatement
2018-10-10 07:45:15.289 [uncertain.proc] [FINE] aurora.bm.QuerySqlCreator.onCreateQueryStatement
2018-10-10 07:45:15.289 [uncertain.proc] [CONFIG] [action] PopulatequeryStatement
2018-10-10 07:45:15.289 [uncertain.proc] [FINE] aurora.database.features.OrderByClauseCreator.onPopulateQueryStatement
2018-10-10 07:45:15.289 [uncertain.proc] [FINE] aurora.database.features.WhereClauseCreator.onPopulateQueryStatement
2018-10-10 07:45:15.289 [uncertain.proc] [CONFIG] [action] CreatequerySql
2018-10-10 07:45:15.289 [uncertain.proc] [FINE] aurora.bm.QuerySqlCreator.onCreateQuerySql
2018-10-10 07:45:15.289 [uncertain.proc] [CONFIG] [action] ExecuteQuery
2018-10-10 07:45:15.289 [uncertain.proc] [FINE] aurora.bm.QuerySqlCreator.onExecuteQuery
2018-10-10 07:45:15.290 [uncertain.proc] [CONFIG] [action] QueryFinish
2018-10-10 07:45:15.290 [uncertain.proc] [FINE] aurora.database.features.AutoQueryCounter.onQueryFinish
2018-10-10 07:45:15.291 [uncertain.proc] [CONFIG] [action] FetchResultSet
2018-10-10 07:45:15.291 [uncertain.proc] [FINE] aurora.database.features.CacheBasedLookUpField.postFetchResultSet
2018-10-10 07:45:15.291 [aurora.database] [CONFIG] 
============= BEGIN [query] SQL Statement execution dump ============
SELECT t1.TYPE_ID,t1.TYPE_CODE,t1.TYPE_NAME,tax_rate * 100 AS tax_rate,t1.INPUT_TAX_ACCOUNT,(select  v.account_code||'-'||v.description from gld_accounts_vl v where v.account_code = t1.input_tax_account) AS input_tax_account_des,t1.INPUT_TAX_TRANSFER_ACCOUNT,(select  v.account_code||'-'||v.description from gld_accounts_vl v where v.account_code = t1.input_tax_transfer_account) AS input_tax_transfer_account_des,t1.ORDER_NUM,t1.VMS_VALUE,t1.ENABLED_FLAG
FROM EXP_YGZ_INPUT_TAX_STRUC_DTL t1

ORDER BY order_num,type_code
---------------------Binding info---------------------
null
=============== END [query] SQL Statement execution dump ============

2018-10-10 07:45:15.291 [uncertain.proc] [CONFIG] [action] CreateSuccessResponse
