2018-10-15 01:41:19.492 [aurora.application.session_check] [CONFIG] Session data copied to context
2018-10-15 01:41:19.493 [aurora.application.session_check] [CONFIG] Checking BM access exp.EXP1050.exp_employee_group_assign for operation batch_update
2018-10-15 01:41:19.493 [aurora.application.session_check] [CONFIG] for batch_update, access check will be performed on each record from parameter
2018-10-15 01:41:19.493 [uncertain.proc] [CONFIG] [action] AccessCheck
2018-10-15 01:41:19.495 [uncertain.proc] [CONFIG] [action] CheckServiceLock
2018-10-15 01:41:19.495 [uncertain.proc] [CONFIG] [action] ParseParameter
2018-10-15 01:41:19.495 [uncertain.proc] [CONFIG] [action] ValidateInput
2018-10-15 01:41:19.495 [uncertain.proc] [CONFIG] [action] InvokeService
2018-10-15 01:41:19.511 [aurora.database] [CONFIG] ============ Running model batch update with data from path /parameter, total 1 records
2018-10-15 01:41:19.511 [aurora.database] [CONFIG] execute insert on record No.0 for model exp.EXP1050.exp_employee_group_assign
2018-10-15 01:41:19.518 [uncertain.proc] [CONFIG] [action] DecideStatement
2018-10-15 01:41:19.520 [uncertain.proc] [CONFIG] [action] DecideSqlGenerationMode
2018-10-15 01:41:19.521 [uncertain.proc] [FINE] aurora.database.service.BusinessModelService.onDecideSqlGenerationMode
2018-10-15 01:41:19.521 [uncertain.proc] [CONFIG] [action] CreateInsertStatement
2018-10-15 01:41:19.521 [uncertain.proc] [FINE] aurora.bm.InsertSqlCreator.onCreateInsertStatement
2018-10-15 01:41:19.521 [uncertain.proc] [CONFIG] [action] PopulateInsertStatement
2018-10-15 01:41:19.521 [uncertain.proc] [CONFIG] [action] CreateInsertSql
2018-10-15 01:41:19.521 [uncertain.proc] [FINE] aurora.bm.InsertSqlCreator.onCreateInsertSql
2018-10-15 01:41:19.521 [uncertain.proc] [CONFIG] [action] CreateSqlRunner
2018-10-15 01:41:19.521 [uncertain.proc] [FINE] aurora.database.service.BusinessModelService.onCreateSqlRunner
2018-10-15 01:41:19.521 [uncertain.proc] [CONFIG] [action] ExecuteDmlStatement
2018-10-15 01:41:19.521 [uncertain.proc] [FINE] aurora.database.service.BusinessModelService.onExecuteDmlStatement
2018-10-15 01:41:19.522 [aurora.database] [CONFIG] 
============= BEGIN [Insert] SQL Statement execution dump ============
INSERT INTO EXP_USER_GROUP_LINES ( expense_user_group_id,employee_id,CREATED_BY,CREATION_DATE,LAST_UPDATED_BY,LAST_UPDATE_DATE) VALUES ( ?,?,?,sysdate,?,sysdate)
---------------------Binding info---------------------
No.1	Access path:@expense_user_group_id	Data type of passed value :java.lang.String	Value:681	Output:false	Database Type:null	
No.2	Access path:@employee_id	Data type of passed value :java.lang.String	Value:2271	Output:false	Database Type:null	
No.3	Access path:/session/@user_id	Data type of passed value :java.lang.Long	Value:1	Output:false	Database Type:null	
No.4	Access path:/session/@user_id	Data type of passed value :java.lang.Long	Value:1	Output:false	Database Type:null	

=============== END [Insert] SQL Statement execution dump ============

2018-10-15 01:41:19.522 [aurora.database] [CONFIG] ============ End of batch update for /parameter
2018-10-15 01:41:19.523 [uncertain.proc] [CONFIG] [action] CreateSuccessResponse
