2018-10-17 03:42:07.338 [aurora.application.session_check] [CONFIG] Session data copied to context
2018-10-17 03:42:07.338 [aurora.application.session_check] [CONFIG] Checking BM access exp.WFL5060.exp_set_exp_wfl_workflow_transaction_query for operation batch_update
2018-10-17 03:42:07.338 [aurora.application.session_check] [CONFIG] for batch_update, access check will be performed on each record from parameter
2018-10-17 03:42:07.338 [uncertain.proc] [CONFIG] [action] AccessCheck
2018-10-17 03:42:07.340 [uncertain.proc] [CONFIG] [action] CheckServiceLock
2018-10-17 03:42:07.340 [uncertain.proc] [CONFIG] [action] ParseParameter
2018-10-17 03:42:07.340 [uncertain.proc] [CONFIG] [action] ValidateInput
2018-10-17 03:42:07.340 [uncertain.proc] [CONFIG] [action] InvokeService
2018-10-17 03:42:07.342 [aurora.database] [CONFIG] ============ Running model batch update with data from path /parameter, total 12 records
2018-10-17 03:42:07.343 [aurora.database] [CONFIG] execute insert on record No.0 for model exp.WFL5060.exp_set_exp_wfl_workflow_transaction_query
2018-10-17 03:42:07.345 [uncertain.proc] [CONFIG] [action] DecideStatement
2018-10-17 03:42:07.347 [uncertain.proc] [CONFIG] [action] DecideSqlGenerationMode
2018-10-17 03:42:07.347 [uncertain.proc] [FINE] aurora.database.service.BusinessModelService.onDecideSqlGenerationMode
2018-10-17 03:42:07.347 [uncertain.proc] [CONFIG] [action] CreateOperationSql
2018-10-17 03:42:07.347 [uncertain.proc] [CONFIG] [action] PopulateOperationSql
2018-10-17 03:42:07.347 [uncertain.proc] [FINE] aurora.database.features.OrderByClauseCreator.onPopulateOperationSql
2018-10-17 03:42:07.347 [uncertain.proc] [FINE] aurora.database.features.WhereClauseCreator.onPopulateOperationSql
2018-10-17 03:42:07.347 [uncertain.proc] [CONFIG] [action] CreateSqlRunner
2018-10-17 03:42:07.347 [uncertain.proc] [FINE] aurora.database.service.BusinessModelService.onCreateSqlRunner
2018-10-17 03:42:07.347 [uncertain.proc] [CONFIG] [action] ExecuteDmlStatement
2018-10-17 03:42:07.347 [uncertain.proc] [FINE] aurora.database.service.BusinessModelService.onExecuteDmlStatement
2018-10-17 03:42:07.443 [aurora.database] [CONFIG] 
============= BEGIN [Insert] SQL Statement execution dump ============

        	begin
	 			wfl_sob_transaction_pkg.insert_wfl_sob_transaction(?,
													?,
													?,
													?,
													?,
													?,
													?); 
			end;
        	
---------------------Binding info---------------------
No.1	Access path:@transaction_category	Data type of passed value :java.lang.String	Value:EXP_REQUISITION	Output:false	Database Type:null	
No.2	Access path:@transaction_type_code	Data type of passed value :java.lang.String	Value:SQ01	Output:false	Database Type:null	
No.3	Access path:@workflow_code	Data type of passed value :java.lang.String	Value:CQ_SQ01	Output:false	Database Type:null	
No.4	Access path:@set_of_books_id	Data type of passed value :java.lang.String	Value:122	Output:false	Database Type:null	
No.5	Access path:@company_level_id	Data type of passed value :[null]	Value:null	Output:false	Database Type:null	
No.6	Access path:@oa_approved_flag	Data type of passed value :java.lang.String	Value:N	Output:false	Database Type:null	
No.7	Access path:/session/@user_id	Data type of passed value :java.lang.Long	Value:1	Output:false	Database Type:null	

=============== END [Insert] SQL Statement execution dump ============

2018-10-17 03:42:07.444 [aurora.database] [CONFIG] execute insert on record No.1 for model exp.WFL5060.exp_set_exp_wfl_workflow_transaction_query
2018-10-17 03:42:07.445 [uncertain.proc] [CONFIG] [action] DecideStatement
2018-10-17 03:42:07.446 [uncertain.proc] [CONFIG] [action] DecideSqlGenerationMode
2018-10-17 03:42:07.446 [uncertain.proc] [FINE] aurora.database.service.BusinessModelService.onDecideSqlGenerationMode
2018-10-17 03:42:07.446 [uncertain.proc] [CONFIG] [action] CreateOperationSql
2018-10-17 03:42:07.446 [uncertain.proc] [CONFIG] [action] PopulateOperationSql
2018-10-17 03:42:07.446 [uncertain.proc] [FINE] aurora.database.features.OrderByClauseCreator.onPopulateOperationSql
2018-10-17 03:42:07.446 [uncertain.proc] [FINE] aurora.database.features.WhereClauseCreator.onPopulateOperationSql
2018-10-17 03:42:07.446 [uncertain.proc] [CONFIG] [action] CreateSqlRunner
2018-10-17 03:42:07.446 [uncertain.proc] [FINE] aurora.database.service.BusinessModelService.onCreateSqlRunner
2018-10-17 03:42:07.446 [uncertain.proc] [CONFIG] [action] ExecuteDmlStatement
2018-10-17 03:42:07.446 [uncertain.proc] [FINE] aurora.database.service.BusinessModelService.onExecuteDmlStatement
2018-10-17 03:42:07.448 [aurora.database] [CONFIG] 
============= BEGIN [Insert] SQL Statement execution dump ============

        	begin
	 			wfl_sob_transaction_pkg.insert_wfl_sob_transaction(?,
													?,
													?,
													?,
													?,
													?,
													?); 
			end;
        	
---------------------Binding info---------------------
No.1	Access path:@transaction_category	Data type of passed value :java.lang.String	Value:EXP_REQUISITION	Output:false	Database Type:null	
No.2	Access path:@transaction_type_code	Data type of passed value :java.lang.String	Value:SQ02	Output:false	Database Type:null	
No.3	Access path:@workflow_code	Data type of passed value :java.lang.String	Value:CQ_SQ03	Output:false	Database Type:null	
No.4	Access path:@set_of_books_id	Data type of passed value :java.lang.String	Value:122	Output:false	Database Type:null	
No.5	Access path:@company_level_id	Data type of passed value :[null]	Value:null	Output:false	Database Type:null	
No.6	Access path:@oa_approved_flag	Data type of passed value :java.lang.String	Value:N	Output:false	Database Type:null	
No.7	Access path:/session/@user_id	Data type of passed value :java.lang.Long	Value:1	Output:false	Database Type:null	

=============== END [Insert] SQL Statement execution dump ============

2018-10-17 03:42:07.448 [aurora.database] [CONFIG] execute insert on record No.2 for model exp.WFL5060.exp_set_exp_wfl_workflow_transaction_query
2018-10-17 03:42:07.449 [uncertain.proc] [CONFIG] [action] DecideStatement
2018-10-17 03:42:07.450 [uncertain.proc] [CONFIG] [action] DecideSqlGenerationMode
2018-10-17 03:42:07.450 [uncertain.proc] [FINE] aurora.database.service.BusinessModelService.onDecideSqlGenerationMode
2018-10-17 03:42:07.450 [uncertain.proc] [CONFIG] [action] CreateOperationSql
2018-10-17 03:42:07.450 [uncertain.proc] [CONFIG] [action] PopulateOperationSql
2018-10-17 03:42:07.450 [uncertain.proc] [FINE] aurora.database.features.OrderByClauseCreator.onPopulateOperationSql
2018-10-17 03:42:07.450 [uncertain.proc] [FINE] aurora.database.features.WhereClauseCreator.onPopulateOperationSql
2018-10-17 03:42:07.450 [uncertain.proc] [CONFIG] [action] CreateSqlRunner
2018-10-17 03:42:07.450 [uncertain.proc] [FINE] aurora.database.service.BusinessModelService.onCreateSqlRunner
2018-10-17 03:42:07.450 [uncertain.proc] [CONFIG] [action] ExecuteDmlStatement
2018-10-17 03:42:07.450 [uncertain.proc] [FINE] aurora.database.service.BusinessModelService.onExecuteDmlStatement
2018-10-17 03:42:07.450 [aurora.database] [CONFIG] 
============= BEGIN [Insert] SQL Statement execution dump ============

        	begin
	 			wfl_sob_transaction_pkg.insert_wfl_sob_transaction(?,
													?,
													?,
													?,
													?,
													?,
													?); 
			end;
        	
---------------------Binding info---------------------
No.1	Access path:@transaction_category	Data type of passed value :java.lang.String	Value:EXP_REQUISITION	Output:false	Database Type:null	
No.2	Access path:@transaction_type_code	Data type of passed value :java.lang.String	Value:SQ03	Output:false	Database Type:null	
No.3	Access path:@workflow_code	Data type of passed value :java.lang.String	Value:CQ_SQ02	Output:false	Database Type:null	
No.4	Access path:@set_of_books_id	Data type of passed value :java.lang.String	Value:122	Output:false	Database Type:null	
No.5	Access path:@company_level_id	Data type of passed value :[null]	Value:null	Output:false	Database Type:null	
No.6	Access path:@oa_approved_flag	Data type of passed value :java.lang.String	Value:N	Output:false	Database Type:null	
No.7	Access path:/session/@user_id	Data type of passed value :java.lang.Long	Value:1	Output:false	Database Type:null	

=============== END [Insert] SQL Statement execution dump ============

2018-10-17 03:42:07.450 [aurora.database] [CONFIG] execute insert on record No.3 for model exp.WFL5060.exp_set_exp_wfl_workflow_transaction_query
2018-10-17 03:42:07.451 [uncertain.proc] [CONFIG] [action] DecideStatement
2018-10-17 03:42:07.452 [uncertain.proc] [CONFIG] [action] DecideSqlGenerationMode
2018-10-17 03:42:07.452 [uncertain.proc] [FINE] aurora.database.service.BusinessModelService.onDecideSqlGenerationMode
2018-10-17 03:42:07.452 [uncertain.proc] [CONFIG] [action] CreateOperationSql
2018-10-17 03:42:07.452 [uncertain.proc] [CONFIG] [action] PopulateOperationSql
2018-10-17 03:42:07.452 [uncertain.proc] [FINE] aurora.database.features.OrderByClauseCreator.onPopulateOperationSql
2018-10-17 03:42:07.452 [uncertain.proc] [FINE] aurora.database.features.WhereClauseCreator.onPopulateOperationSql
2018-10-17 03:42:07.452 [uncertain.proc] [CONFIG] [action] CreateSqlRunner
2018-10-17 03:42:07.452 [uncertain.proc] [FINE] aurora.database.service.BusinessModelService.onCreateSqlRunner
2018-10-17 03:42:07.452 [uncertain.proc] [CONFIG] [action] ExecuteDmlStatement
2018-10-17 03:42:07.452 [uncertain.proc] [FINE] aurora.database.service.BusinessModelService.onExecuteDmlStatement
2018-10-17 03:42:07.453 [aurora.database] [CONFIG] 
============= BEGIN [Insert] SQL Statement execution dump ============

        	begin
	 			wfl_sob_transaction_pkg.insert_wfl_sob_transaction(?,
													?,
													?,
													?,
													?,
													?,
													?); 
			end;
        	
---------------------Binding info---------------------
No.1	Access path:@transaction_category	Data type of passed value :java.lang.String	Value:EXP_REQUISITION	Output:false	Database Type:null	
No.2	Access path:@transaction_type_code	Data type of passed value :java.lang.String	Value:SQ05	Output:false	Database Type:null	
No.3	Access path:@workflow_code	Data type of passed value :java.lang.String	Value:CQ_SQ02	Output:false	Database Type:null	
No.4	Access path:@set_of_books_id	Data type of passed value :java.lang.String	Value:122	Output:false	Database Type:null	
No.5	Access path:@company_level_id	Data type of passed value :[null]	Value:null	Output:false	Database Type:null	
No.6	Access path:@oa_approved_flag	Data type of passed value :java.lang.String	Value:N	Output:false	Database Type:null	
No.7	Access path:/session/@user_id	Data type of passed value :java.lang.Long	Value:1	Output:false	Database Type:null	

=============== END [Insert] SQL Statement execution dump ============

2018-10-17 03:42:07.453 [aurora.database] [CONFIG] execute insert on record No.4 for model exp.WFL5060.exp_set_exp_wfl_workflow_transaction_query
2018-10-17 03:42:07.454 [uncertain.proc] [CONFIG] [action] DecideStatement
2018-10-17 03:42:07.454 [uncertain.proc] [CONFIG] [action] DecideSqlGenerationMode
2018-10-17 03:42:07.454 [uncertain.proc] [FINE] aurora.database.service.BusinessModelService.onDecideSqlGenerationMode
2018-10-17 03:42:07.454 [uncertain.proc] [CONFIG] [action] CreateOperationSql
2018-10-17 03:42:07.454 [uncertain.proc] [CONFIG] [action] PopulateOperationSql
2018-10-17 03:42:07.454 [uncertain.proc] [FINE] aurora.database.features.OrderByClauseCreator.onPopulateOperationSql
2018-10-17 03:42:07.454 [uncertain.proc] [FINE] aurora.database.features.WhereClauseCreator.onPopulateOperationSql
2018-10-17 03:42:07.454 [uncertain.proc] [CONFIG] [action] CreateSqlRunner
2018-10-17 03:42:07.454 [uncertain.proc] [FINE] aurora.database.service.BusinessModelService.onCreateSqlRunner
2018-10-17 03:42:07.455 [uncertain.proc] [CONFIG] [action] ExecuteDmlStatement
2018-10-17 03:42:07.455 [uncertain.proc] [FINE] aurora.database.service.BusinessModelService.onExecuteDmlStatement
2018-10-17 03:42:07.455 [aurora.database] [CONFIG] 
============= BEGIN [Insert] SQL Statement execution dump ============

        	begin
	 			wfl_sob_transaction_pkg.insert_wfl_sob_transaction(?,
													?,
													?,
													?,
													?,
													?,
													?); 
			end;
        	
---------------------Binding info---------------------
No.1	Access path:@transaction_category	Data type of passed value :java.lang.String	Value:EXP_REQUISITION	Output:false	Database Type:null	
No.2	Access path:@transaction_type_code	Data type of passed value :java.lang.String	Value:SQ04	Output:false	Database Type:null	
No.3	Access path:@workflow_code	Data type of passed value :java.lang.String	Value:CQ_SQ04	Output:false	Database Type:null	
No.4	Access path:@set_of_books_id	Data type of passed value :java.lang.String	Value:122	Output:false	Database Type:null	
No.5	Access path:@company_level_id	Data type of passed value :[null]	Value:null	Output:false	Database Type:null	
No.6	Access path:@oa_approved_flag	Data type of passed value :java.lang.String	Value:N	Output:false	Database Type:null	
No.7	Access path:/session/@user_id	Data type of passed value :java.lang.Long	Value:1	Output:false	Database Type:null	

=============== END [Insert] SQL Statement execution dump ============

2018-10-17 03:42:07.455 [aurora.database] [CONFIG] execute insert on record No.5 for model exp.WFL5060.exp_set_exp_wfl_workflow_transaction_query
2018-10-17 03:42:07.456 [uncertain.proc] [CONFIG] [action] DecideStatement
2018-10-17 03:42:07.457 [uncertain.proc] [CONFIG] [action] DecideSqlGenerationMode
2018-10-17 03:42:07.457 [uncertain.proc] [FINE] aurora.database.service.BusinessModelService.onDecideSqlGenerationMode
2018-10-17 03:42:07.457 [uncertain.proc] [CONFIG] [action] CreateOperationSql
2018-10-17 03:42:07.457 [uncertain.proc] [CONFIG] [action] PopulateOperationSql
2018-10-17 03:42:07.457 [uncertain.proc] [FINE] aurora.database.features.OrderByClauseCreator.onPopulateOperationSql
2018-10-17 03:42:07.457 [uncertain.proc] [FINE] aurora.database.features.WhereClauseCreator.onPopulateOperationSql
2018-10-17 03:42:07.457 [uncertain.proc] [CONFIG] [action] CreateSqlRunner
2018-10-17 03:42:07.457 [uncertain.proc] [FINE] aurora.database.service.BusinessModelService.onCreateSqlRunner
2018-10-17 03:42:07.457 [uncertain.proc] [CONFIG] [action] ExecuteDmlStatement
2018-10-17 03:42:07.457 [uncertain.proc] [FINE] aurora.database.service.BusinessModelService.onExecuteDmlStatement
2018-10-17 03:42:07.457 [aurora.database] [CONFIG] 
============= BEGIN [Insert] SQL Statement execution dump ============

        	begin
	 			wfl_sob_transaction_pkg.insert_wfl_sob_transaction(?,
													?,
													?,
													?,
													?,
													?,
													?); 
			end;
        	
---------------------Binding info---------------------
No.1	Access path:@transaction_category	Data type of passed value :java.lang.String	Value:PAYMENT_REQUISITION	Output:false	Database Type:null	
No.2	Access path:@transaction_type_code	Data type of passed value :java.lang.String	Value:JK001	Output:false	Database Type:null	
No.3	Access path:@workflow_code	Data type of passed value :java.lang.String	Value:CQ_JK01	Output:false	Database Type:null	
No.4	Access path:@set_of_books_id	Data type of passed value :java.lang.String	Value:122	Output:false	Database Type:null	
No.5	Access path:@company_level_id	Data type of passed value :[null]	Value:null	Output:false	Database Type:null	
No.6	Access path:@oa_approved_flag	Data type of passed value :java.lang.String	Value:N	Output:false	Database Type:null	
No.7	Access path:/session/@user_id	Data type of passed value :java.lang.Long	Value:1	Output:false	Database Type:null	

=============== END [Insert] SQL Statement execution dump ============

2018-10-17 03:42:07.457 [aurora.database] [CONFIG] execute insert on record No.6 for model exp.WFL5060.exp_set_exp_wfl_workflow_transaction_query
2018-10-17 03:42:07.458 [uncertain.proc] [CONFIG] [action] DecideStatement
2018-10-17 03:42:07.459 [uncertain.proc] [CONFIG] [action] DecideSqlGenerationMode
2018-10-17 03:42:07.459 [uncertain.proc] [FINE] aurora.database.service.BusinessModelService.onDecideSqlGenerationMode
2018-10-17 03:42:07.459 [uncertain.proc] [CONFIG] [action] CreateOperationSql
2018-10-17 03:42:07.459 [uncertain.proc] [CONFIG] [action] PopulateOperationSql
2018-10-17 03:42:07.459 [uncertain.proc] [FINE] aurora.database.features.OrderByClauseCreator.onPopulateOperationSql
2018-10-17 03:42:07.459 [uncertain.proc] [FINE] aurora.database.features.WhereClauseCreator.onPopulateOperationSql
2018-10-17 03:42:07.459 [uncertain.proc] [CONFIG] [action] CreateSqlRunner
2018-10-17 03:42:07.459 [uncertain.proc] [FINE] aurora.database.service.BusinessModelService.onCreateSqlRunner
2018-10-17 03:42:07.459 [uncertain.proc] [CONFIG] [action] ExecuteDmlStatement
2018-10-17 03:42:07.459 [uncertain.proc] [FINE] aurora.database.service.BusinessModelService.onExecuteDmlStatement
2018-10-17 03:42:07.459 [aurora.database] [CONFIG] 
============= BEGIN [Insert] SQL Statement execution dump ============

        	begin
	 			wfl_sob_transaction_pkg.insert_wfl_sob_transaction(?,
													?,
													?,
													?,
													?,
													?,
													?); 
			end;
        	
---------------------Binding info---------------------
No.1	Access path:@transaction_category	Data type of passed value :java.lang.String	Value:EXP_REPORT	Output:false	Database Type:null	
No.2	Access path:@transaction_type_code	Data type of passed value :java.lang.String	Value:BX01	Output:false	Database Type:null	
No.3	Access path:@workflow_code	Data type of passed value :java.lang.String	Value:CQ_BX05	Output:false	Database Type:null	
No.4	Access path:@set_of_books_id	Data type of passed value :java.lang.String	Value:122	Output:false	Database Type:null	
No.5	Access path:@company_level_id	Data type of passed value :[null]	Value:null	Output:false	Database Type:null	
No.6	Access path:@oa_approved_flag	Data type of passed value :java.lang.String	Value:N	Output:false	Database Type:null	
No.7	Access path:/session/@user_id	Data type of passed value :java.lang.Long	Value:1	Output:false	Database Type:null	

=============== END [Insert] SQL Statement execution dump ============

2018-10-17 03:42:07.459 [aurora.database] [CONFIG] execute insert on record No.7 for model exp.WFL5060.exp_set_exp_wfl_workflow_transaction_query
2018-10-17 03:42:07.460 [uncertain.proc] [CONFIG] [action] DecideStatement
2018-10-17 03:42:07.461 [uncertain.proc] [CONFIG] [action] DecideSqlGenerationMode
2018-10-17 03:42:07.461 [uncertain.proc] [FINE] aurora.database.service.BusinessModelService.onDecideSqlGenerationMode
2018-10-17 03:42:07.461 [uncertain.proc] [CONFIG] [action] CreateOperationSql
2018-10-17 03:42:07.461 [uncertain.proc] [CONFIG] [action] PopulateOperationSql
2018-10-17 03:42:07.461 [uncertain.proc] [FINE] aurora.database.features.OrderByClauseCreator.onPopulateOperationSql
2018-10-17 03:42:07.461 [uncertain.proc] [FINE] aurora.database.features.WhereClauseCreator.onPopulateOperationSql
2018-10-17 03:42:07.461 [uncertain.proc] [CONFIG] [action] CreateSqlRunner
2018-10-17 03:42:07.461 [uncertain.proc] [FINE] aurora.database.service.BusinessModelService.onCreateSqlRunner
2018-10-17 03:42:07.461 [uncertain.proc] [CONFIG] [action] ExecuteDmlStatement
2018-10-17 03:42:07.461 [uncertain.proc] [FINE] aurora.database.service.BusinessModelService.onExecuteDmlStatement
2018-10-17 03:42:07.462 [aurora.database] [CONFIG] 
============= BEGIN [Insert] SQL Statement execution dump ============

        	begin
	 			wfl_sob_transaction_pkg.insert_wfl_sob_transaction(?,
													?,
													?,
													?,
													?,
													?,
													?); 
			end;
        	
---------------------Binding info---------------------
No.1	Access path:@transaction_category	Data type of passed value :java.lang.String	Value:EXP_REPORT	Output:false	Database Type:null	
No.2	Access path:@transaction_type_code	Data type of passed value :java.lang.String	Value:BX02	Output:false	Database Type:null	
No.3	Access path:@workflow_code	Data type of passed value :java.lang.String	Value:CQ_BX05	Output:false	Database Type:null	
No.4	Access path:@set_of_books_id	Data type of passed value :java.lang.String	Value:122	Output:false	Database Type:null	
No.5	Access path:@company_level_id	Data type of passed value :[null]	Value:null	Output:false	Database Type:null	
No.6	Access path:@oa_approved_flag	Data type of passed value :java.lang.String	Value:N	Output:false	Database Type:null	
No.7	Access path:/session/@user_id	Data type of passed value :java.lang.Long	Value:1	Output:false	Database Type:null	

=============== END [Insert] SQL Statement execution dump ============

2018-10-17 03:42:07.462 [aurora.database] [CONFIG] execute insert on record No.8 for model exp.WFL5060.exp_set_exp_wfl_workflow_transaction_query
2018-10-17 03:42:07.462 [uncertain.proc] [CONFIG] [action] DecideStatement
2018-10-17 03:42:07.463 [uncertain.proc] [CONFIG] [action] DecideSqlGenerationMode
2018-10-17 03:42:07.463 [uncertain.proc] [FINE] aurora.database.service.BusinessModelService.onDecideSqlGenerationMode
2018-10-17 03:42:07.463 [uncertain.proc] [CONFIG] [action] CreateOperationSql
2018-10-17 03:42:07.463 [uncertain.proc] [CONFIG] [action] PopulateOperationSql
2018-10-17 03:42:07.463 [uncertain.proc] [FINE] aurora.database.features.OrderByClauseCreator.onPopulateOperationSql
2018-10-17 03:42:07.463 [uncertain.proc] [FINE] aurora.database.features.WhereClauseCreator.onPopulateOperationSql
2018-10-17 03:42:07.463 [uncertain.proc] [CONFIG] [action] CreateSqlRunner
2018-10-17 03:42:07.463 [uncertain.proc] [FINE] aurora.database.service.BusinessModelService.onCreateSqlRunner
2018-10-17 03:42:07.463 [uncertain.proc] [CONFIG] [action] ExecuteDmlStatement
2018-10-17 03:42:07.463 [uncertain.proc] [FINE] aurora.database.service.BusinessModelService.onExecuteDmlStatement
2018-10-17 03:42:07.464 [aurora.database] [CONFIG] 
============= BEGIN [Insert] SQL Statement execution dump ============

        	begin
	 			wfl_sob_transaction_pkg.insert_wfl_sob_transaction(?,
													?,
													?,
													?,
													?,
													?,
													?); 
			end;
        	
---------------------Binding info---------------------
No.1	Access path:@transaction_category	Data type of passed value :java.lang.String	Value:EXP_REPORT	Output:false	Database Type:null	
No.2	Access path:@transaction_type_code	Data type of passed value :java.lang.String	Value:BX03	Output:false	Database Type:null	
No.3	Access path:@workflow_code	Data type of passed value :java.lang.String	Value:CQ_BX01	Output:false	Database Type:null	
No.4	Access path:@set_of_books_id	Data type of passed value :java.lang.String	Value:122	Output:false	Database Type:null	
No.5	Access path:@company_level_id	Data type of passed value :[null]	Value:null	Output:false	Database Type:null	
No.6	Access path:@oa_approved_flag	Data type of passed value :java.lang.String	Value:N	Output:false	Database Type:null	
No.7	Access path:/session/@user_id	Data type of passed value :java.lang.Long	Value:1	Output:false	Database Type:null	

=============== END [Insert] SQL Statement execution dump ============

2018-10-17 03:42:07.464 [aurora.database] [CONFIG] execute insert on record No.9 for model exp.WFL5060.exp_set_exp_wfl_workflow_transaction_query
2018-10-17 03:42:07.465 [uncertain.proc] [CONFIG] [action] DecideStatement
2018-10-17 03:42:07.465 [uncertain.proc] [CONFIG] [action] DecideSqlGenerationMode
2018-10-17 03:42:07.465 [uncertain.proc] [FINE] aurora.database.service.BusinessModelService.onDecideSqlGenerationMode
2018-10-17 03:42:07.465 [uncertain.proc] [CONFIG] [action] CreateOperationSql
2018-10-17 03:42:07.465 [uncertain.proc] [CONFIG] [action] PopulateOperationSql
2018-10-17 03:42:07.465 [uncertain.proc] [FINE] aurora.database.features.OrderByClauseCreator.onPopulateOperationSql
2018-10-17 03:42:07.465 [uncertain.proc] [FINE] aurora.database.features.WhereClauseCreator.onPopulateOperationSql
2018-10-17 03:42:07.465 [uncertain.proc] [CONFIG] [action] CreateSqlRunner
2018-10-17 03:42:07.465 [uncertain.proc] [FINE] aurora.database.service.BusinessModelService.onCreateSqlRunner
2018-10-17 03:42:07.465 [uncertain.proc] [CONFIG] [action] ExecuteDmlStatement
2018-10-17 03:42:07.466 [uncertain.proc] [FINE] aurora.database.service.BusinessModelService.onExecuteDmlStatement
2018-10-17 03:42:07.466 [aurora.database] [CONFIG] 
============= BEGIN [Insert] SQL Statement execution dump ============

        	begin
	 			wfl_sob_transaction_pkg.insert_wfl_sob_transaction(?,
													?,
													?,
													?,
													?,
													?,
													?); 
			end;
        	
---------------------Binding info---------------------
No.1	Access path:@transaction_category	Data type of passed value :java.lang.String	Value:EXP_REPORT	Output:false	Database Type:null	
No.2	Access path:@transaction_type_code	Data type of passed value :java.lang.String	Value:BX04	Output:false	Database Type:null	
No.3	Access path:@workflow_code	Data type of passed value :java.lang.String	Value:CQ_BX02	Output:false	Database Type:null	
No.4	Access path:@set_of_books_id	Data type of passed value :java.lang.String	Value:122	Output:false	Database Type:null	
No.5	Access path:@company_level_id	Data type of passed value :[null]	Value:null	Output:false	Database Type:null	
No.6	Access path:@oa_approved_flag	Data type of passed value :java.lang.String	Value:N	Output:false	Database Type:null	
No.7	Access path:/session/@user_id	Data type of passed value :java.lang.Long	Value:1	Output:false	Database Type:null	

=============== END [Insert] SQL Statement execution dump ============

2018-10-17 03:42:07.466 [aurora.database] [CONFIG] execute insert on record No.10 for model exp.WFL5060.exp_set_exp_wfl_workflow_transaction_query
2018-10-17 03:42:07.467 [uncertain.proc] [CONFIG] [action] DecideStatement
2018-10-17 03:42:07.467 [uncertain.proc] [CONFIG] [action] DecideSqlGenerationMode
2018-10-17 03:42:07.468 [uncertain.proc] [FINE] aurora.database.service.BusinessModelService.onDecideSqlGenerationMode
2018-10-17 03:42:07.468 [uncertain.proc] [CONFIG] [action] CreateOperationSql
2018-10-17 03:42:07.468 [uncertain.proc] [CONFIG] [action] PopulateOperationSql
2018-10-17 03:42:07.468 [uncertain.proc] [FINE] aurora.database.features.OrderByClauseCreator.onPopulateOperationSql
2018-10-17 03:42:07.468 [uncertain.proc] [FINE] aurora.database.features.WhereClauseCreator.onPopulateOperationSql
2018-10-17 03:42:07.468 [uncertain.proc] [CONFIG] [action] CreateSqlRunner
2018-10-17 03:42:07.468 [uncertain.proc] [FINE] aurora.database.service.BusinessModelService.onCreateSqlRunner
2018-10-17 03:42:07.468 [uncertain.proc] [CONFIG] [action] ExecuteDmlStatement
2018-10-17 03:42:07.468 [uncertain.proc] [FINE] aurora.database.service.BusinessModelService.onExecuteDmlStatement
2018-10-17 03:42:07.468 [aurora.database] [CONFIG] 
============= BEGIN [Insert] SQL Statement execution dump ============

        	begin
	 			wfl_sob_transaction_pkg.insert_wfl_sob_transaction(?,
													?,
													?,
													?,
													?,
													?,
													?); 
			end;
        	
---------------------Binding info---------------------
No.1	Access path:@transaction_category	Data type of passed value :java.lang.String	Value:EXP_REPORT	Output:false	Database Type:null	
No.2	Access path:@transaction_type_code	Data type of passed value :java.lang.String	Value:BX05	Output:false	Database Type:null	
No.3	Access path:@workflow_code	Data type of passed value :java.lang.String	Value:CQ_BX04	Output:false	Database Type:null	
No.4	Access path:@set_of_books_id	Data type of passed value :java.lang.String	Value:122	Output:false	Database Type:null	
No.5	Access path:@company_level_id	Data type of passed value :[null]	Value:null	Output:false	Database Type:null	
No.6	Access path:@oa_approved_flag	Data type of passed value :java.lang.String	Value:N	Output:false	Database Type:null	
No.7	Access path:/session/@user_id	Data type of passed value :java.lang.Long	Value:1	Output:false	Database Type:null	

=============== END [Insert] SQL Statement execution dump ============

2018-10-17 03:42:07.468 [aurora.database] [CONFIG] execute insert on record No.11 for model exp.WFL5060.exp_set_exp_wfl_workflow_transaction_query
2018-10-17 03:42:07.469 [uncertain.proc] [CONFIG] [action] DecideStatement
2018-10-17 03:42:07.470 [uncertain.proc] [CONFIG] [action] DecideSqlGenerationMode
2018-10-17 03:42:07.470 [uncertain.proc] [FINE] aurora.database.service.BusinessModelService.onDecideSqlGenerationMode
2018-10-17 03:42:07.470 [uncertain.proc] [CONFIG] [action] CreateOperationSql
2018-10-17 03:42:07.470 [uncertain.proc] [CONFIG] [action] PopulateOperationSql
2018-10-17 03:42:07.470 [uncertain.proc] [FINE] aurora.database.features.OrderByClauseCreator.onPopulateOperationSql
2018-10-17 03:42:07.470 [uncertain.proc] [FINE] aurora.database.features.WhereClauseCreator.onPopulateOperationSql
2018-10-17 03:42:07.470 [uncertain.proc] [CONFIG] [action] CreateSqlRunner
2018-10-17 03:42:07.470 [uncertain.proc] [FINE] aurora.database.service.BusinessModelService.onCreateSqlRunner
2018-10-17 03:42:07.470 [uncertain.proc] [CONFIG] [action] ExecuteDmlStatement
2018-10-17 03:42:07.470 [uncertain.proc] [FINE] aurora.database.service.BusinessModelService.onExecuteDmlStatement
2018-10-17 03:42:07.471 [aurora.database] [CONFIG] 
============= BEGIN [Insert] SQL Statement execution dump ============

        	begin
	 			wfl_sob_transaction_pkg.insert_wfl_sob_transaction(?,
													?,
													?,
													?,
													?,
													?,
													?); 
			end;
        	
---------------------Binding info---------------------
No.1	Access path:@transaction_category	Data type of passed value :java.lang.String	Value:EXP_REPORT	Output:false	Database Type:null	
No.2	Access path:@transaction_type_code	Data type of passed value :java.lang.String	Value:BX07	Output:false	Database Type:null	
No.3	Access path:@workflow_code	Data type of passed value :java.lang.String	Value:CQ_BX03	Output:false	Database Type:null	
No.4	Access path:@set_of_books_id	Data type of passed value :java.lang.String	Value:122	Output:false	Database Type:null	
No.5	Access path:@company_level_id	Data type of passed value :[null]	Value:null	Output:false	Database Type:null	
No.6	Access path:@oa_approved_flag	Data type of passed value :java.lang.String	Value:N	Output:false	Database Type:null	
No.7	Access path:/session/@user_id	Data type of passed value :java.lang.Long	Value:1	Output:false	Database Type:null	

=============== END [Insert] SQL Statement execution dump ============

2018-10-17 03:42:07.471 [aurora.database] [CONFIG] ============ End of batch update for /parameter
2018-10-17 03:42:07.471 [uncertain.proc] [CONFIG] [action] CreateSuccessResponse
