2018-10-10 06:14:56.768 [aurora.application.session_check] [CONFIG] Session data copied to context
2018-10-10 06:14:56.784 [aurora.application.session_check] [CONFIG] Checking BM access exp.EXP1210.exp_employee_types for operation query
2018-10-10 06:14:56.786 [aurora.application.session_check] [CONFIG] Result from aurora.bm.DefaultAccessChecker@d3a21a5 is true
2018-10-10 06:14:56.786 [uncertain.proc] [CONFIG] [action] AccessCheck
2018-10-10 06:14:56.788 [uncertain.proc] [CONFIG] [action] CheckServiceLock
2018-10-10 06:14:56.788 [uncertain.proc] [CONFIG] [action] ParseParameter
2018-10-10 06:14:56.788 [uncertain.proc] [CONFIG] [action] ValidateInput
2018-10-10 06:14:56.788 [uncertain.proc] [CONFIG] [action] InvokeService
2018-10-10 06:14:56.788 [aurora.database] [CONFIG] ===================================== prepare to run model-query exp.EXP1210.exp_employee_types==============================
2018-10-10 06:14:56.794 [uncertain.proc] [CONFIG] [action] DecideSqlGenerationMode
2018-10-10 06:14:56.794 [uncertain.proc] [FINE] aurora.database.service.BusinessModelService.onDecideSqlGenerationMode
2018-10-10 06:14:56.794 [uncertain.proc] [CONFIG] [action] CreatequeryStatement
2018-10-10 06:14:56.794 [uncertain.proc] [FINE] aurora.bm.QuerySqlCreator.onCreateQueryStatement
2018-10-10 06:14:56.794 [uncertain.proc] [CONFIG] [action] PopulatequeryStatement
2018-10-10 06:14:56.794 [uncertain.proc] [FINE] aurora.database.features.OrderByClauseCreator.onPopulateQueryStatement
2018-10-10 06:14:56.794 [uncertain.proc] [FINE] aurora.database.features.WhereClauseCreator.onPopulateQueryStatement
2018-10-10 06:14:56.794 [uncertain.proc] [CONFIG] [action] CreatequerySql
2018-10-10 06:14:56.794 [uncertain.proc] [FINE] aurora.bm.QuerySqlCreator.onCreateQuerySql
2018-10-10 06:14:56.794 [uncertain.proc] [CONFIG] [action] ExecuteQuery
2018-10-10 06:14:56.794 [uncertain.proc] [FINE] aurora.bm.QuerySqlCreator.onExecuteQuery
2018-10-10 06:14:56.809 [uncertain.proc] [CONFIG] [action] QueryFinish
2018-10-10 06:14:56.809 [uncertain.proc] [FINE] aurora.database.features.AutoQueryCounter.onQueryFinish
2018-10-10 06:14:56.821 [uncertain.proc] [CONFIG] [action] FetchResultSet
2018-10-10 06:14:56.821 [uncertain.proc] [FINE] aurora.database.features.CacheBasedLookUpField.postFetchResultSet
2018-10-10 06:14:56.821 [aurora.database] [CONFIG] 
============= BEGIN [query] SQL Statement execution dump ============
SELECT ep.employee_type_id,ep.employee_type_code,ep.description_id,(select DESCRIPTION_TEXT from fnd_descriptions where DESCRIPTION_ID=ep.description_id and Language=?) AS description,ep.coding_rule_code,ep.enabled_flag
FROM EXP_EMPLOYEE_TYPES ep

ORDER BY employee_type_code
---------------------Binding info---------------------
No.1	Access path:/session/@lang	Data type of passed value :java.lang.String	Value:ZHS	Output:false	Database Type:null	

=============== END [query] SQL Statement execution dump ============

2018-10-10 06:14:56.821 [uncertain.proc] [CONFIG] [action] CreateSuccessResponse
