2018-09-30 02:24:46.782 [aurora.application.session_check] [CONFIG] Session data copied to context
2018-09-30 02:24:46.840 [aurora.application.session_check] [CONFIG] Checking BM access exp.exp_sob_req_ref_dimension_value_lov for operation query
2018-09-30 02:24:46.841 [aurora.application.session_check] [CONFIG] Result from aurora.bm.DefaultAccessChecker@f41f193 is true
2018-09-30 02:24:46.841 [uncertain.proc] [CONFIG] [action] AccessCheck
2018-09-30 02:24:46.849 [uncertain.proc] [CONFIG] [action] CheckServiceLock
2018-09-30 02:24:46.849 [uncertain.proc] [CONFIG] [action] ParseParameter
2018-09-30 02:24:46.850 [uncertain.proc] [CONFIG] [action] ValidateInput
2018-09-30 02:24:46.850 [uncertain.proc] [CONFIG] [action] InvokeService
2018-09-30 02:24:46.850 [aurora.database] [CONFIG] ===================================== prepare to run model-query exp.exp_sob_req_ref_dimension_value_lov==============================
2018-09-30 02:24:46.854 [uncertain.proc] [CONFIG] [action] DecideSqlGenerationMode
2018-09-30 02:24:46.854 [uncertain.proc] [FINE] aurora.database.service.BusinessModelService.onDecideSqlGenerationMode
2018-09-30 02:24:46.855 [uncertain.proc] [CONFIG] [action] CreateOperationSql
2018-09-30 02:24:46.855 [uncertain.proc] [CONFIG] [action] PopulateOperationSql
2018-09-30 02:24:46.855 [uncertain.proc] [FINE] aurora.database.features.OrderByClauseCreator.onPopulateOperationSql
2018-09-30 02:24:46.855 [uncertain.proc] [FINE] aurora.database.features.WhereClauseCreator.onPopulateOperationSql
2018-09-30 02:24:46.855 [uncertain.proc] [CONFIG] [action] ExecuteQuery
2018-09-30 02:24:46.855 [uncertain.proc] [FINE] aurora.bm.QuerySqlCreator.onExecuteQuery
2018-09-30 02:24:46.925 [uncertain.proc] [CONFIG] [action] QueryFinish
2018-09-30 02:24:46.925 [uncertain.proc] [FINE] aurora.database.features.AutoQueryCounter.onQueryFinish
2018-09-30 02:24:46.948 [uncertain.proc] [CONFIG] [action] FetchResultSet
2018-09-30 02:24:46.948 [uncertain.proc] [FINE] aurora.database.features.CacheBasedLookUpField.postFetchResultSet
2018-09-30 02:24:46.949 [aurora.database] [CONFIG] 
============= BEGIN [query] SQL Statement execution dump ============
select *
  from (select t.dimension_id,
               t.dimension_value_id,
               t.dimension_value_code,
               t.description
          from fnd_dimension_values_vl t
         where t.enabled_flag = 'Y'
           and t.dimension_id = ?
           and exists
         (select 1
                  from fnd_company_dimension_values a
                 where a.dimension_value_id = t.dimension_value_id
                   and a.company_id in
                       (select b.company_id
                          from fnd_companies b  
                         where b.set_of_books_id =?))) v  
                          order by v.dimension_value_code

---------------------Binding info---------------------
No.1	Access path:@dimension_id	Data type of passed value :java.lang.String	Value:21	Output:false	Database Type:null	
No.2	Access path:@set_of_books_id	Data type of passed value :java.lang.String	Value:122	Output:false	Database Type:null	

=============== END [query] SQL Statement execution dump ============

2018-09-30 02:24:46.949 [uncertain.proc] [CONFIG] [action] CreateSuccessResponse
