2018-10-18 06:07:20.790 [aurora.application.session_check] [CONFIG] Session data copied to context
2018-10-18 06:07:20.790 [aurora.application.session_check] [CONFIG] Checking BM access exp.EXP4060.exp_sob_req_ref_user_groups_query for operation query
2018-10-18 06:07:20.791 [aurora.application.session_check] [CONFIG] Result from aurora.bm.DefaultAccessChecker@a813cb is true
2018-10-18 06:07:20.791 [uncertain.proc] [CONFIG] [action] AccessCheck
2018-10-18 06:07:20.792 [uncertain.proc] [CONFIG] [action] CheckServiceLock
2018-10-18 06:07:20.792 [uncertain.proc] [CONFIG] [action] ParseParameter
2018-10-18 06:07:20.792 [uncertain.proc] [CONFIG] [action] ValidateInput
2018-10-18 06:07:20.792 [uncertain.proc] [CONFIG] [action] InvokeService
2018-10-18 06:07:20.792 [aurora.database] [CONFIG] ===================================== prepare to run model-query exp.EXP4060.exp_sob_req_ref_user_groups_query==============================
2018-10-18 06:07:20.797 [uncertain.proc] [CONFIG] [action] DecideSqlGenerationMode
2018-10-18 06:07:20.797 [uncertain.proc] [FINE] aurora.database.service.BusinessModelService.onDecideSqlGenerationMode
2018-10-18 06:07:20.797 [uncertain.proc] [CONFIG] [action] CreateOperationSql
2018-10-18 06:07:20.797 [uncertain.proc] [CONFIG] [action] PopulateOperationSql
2018-10-18 06:07:20.797 [uncertain.proc] [FINE] aurora.database.features.OrderByClauseCreator.onPopulateOperationSql
2018-10-18 06:07:20.797 [uncertain.proc] [FINE] aurora.database.features.WhereClauseCreator.onPopulateOperationSql
2018-10-18 06:07:20.797 [uncertain.proc] [CONFIG] [action] ExecuteQuery
2018-10-18 06:07:20.797 [uncertain.proc] [FINE] aurora.bm.QuerySqlCreator.onExecuteQuery
2018-10-18 06:07:20.805 [uncertain.proc] [CONFIG] [action] QueryFinish
2018-10-18 06:07:20.805 [uncertain.proc] [FINE] aurora.database.features.AutoQueryCounter.onQueryFinish
2018-10-18 06:07:20.808 [uncertain.proc] [CONFIG] [action] FetchResultSet
2018-10-18 06:07:20.808 [uncertain.proc] [FINE] aurora.database.features.CacheBasedLookUpField.postFetchResultSet
2018-10-18 06:07:20.808 [aurora.database] [CONFIG] 
============= BEGIN [query] SQL Statement execution dump ============
select t.exp_req_ref_user_groups_id,
           t.expense_requisition_type_id,
           t.expense_user_group_code expense_user_groups_code,
           (select fd.description_text from fnd_descriptions fd where 
           fd.description_id=a.description_id
      		 and fd.language =?) description
      from exp_sob_req_ref_user_g t,
           exp_sob_user_groups a,
           exp_sob_req_types b
     where a.user_groups_code=t.expense_user_group_code
       and t.expense_requisition_type_id=b.expense_requisition_type_id
       and b.set_of_books_id=a.set_of_books_id
       and t.expense_requisition_type_id=?
       
---------------------Binding info---------------------
No.1	Access path:/session/@lang	Data type of passed value :java.lang.String	Value:ZHS	Output:false	Database Type:null	
No.2	Access path:@expense_requisition_type_id	Data type of passed value :java.lang.String	Value:1	Output:false	Database Type:null	

=============== END [query] SQL Statement execution dump ============

2018-10-18 06:07:20.808 [uncertain.proc] [CONFIG] [action] CreateSuccessResponse
