2018-10-10 07:43:24.835 [aurora.application.session_check] [CONFIG] Session data copied to context
2018-10-10 07:43:24.835 [aurora.application.session_check] [CONFIG] Checking BM access exp.EXP3050.exp_employee_s_query for operation query
2018-10-10 07:43:24.836 [aurora.application.session_check] [CONFIG] Result from aurora.bm.DefaultAccessChecker@6a708d51 is true
2018-10-10 07:43:24.836 [uncertain.proc] [CONFIG] [action] AccessCheck
2018-10-10 07:43:24.837 [uncertain.proc] [CONFIG] [action] CheckServiceLock
2018-10-10 07:43:24.837 [uncertain.proc] [CONFIG] [action] ParseParameter
2018-10-10 07:43:24.837 [uncertain.proc] [CONFIG] [action] ValidateInput
2018-10-10 07:43:24.837 [uncertain.proc] [CONFIG] [action] InvokeService
2018-10-10 07:43:24.837 [aurora.database] [CONFIG] ===================================== prepare to run model-query exp.EXP3050.exp_employee_s_query==============================
2018-10-10 07:43:24.841 [uncertain.proc] [CONFIG] [action] DecideSqlGenerationMode
2018-10-10 07:43:24.841 [uncertain.proc] [FINE] aurora.database.service.BusinessModelService.onDecideSqlGenerationMode
2018-10-10 07:43:24.841 [uncertain.proc] [CONFIG] [action] CreateOperationSql
2018-10-10 07:43:24.841 [uncertain.proc] [CONFIG] [action] PopulateOperationSql
2018-10-10 07:43:24.841 [uncertain.proc] [FINE] aurora.database.features.OrderByClauseCreator.onPopulateOperationSql
2018-10-10 07:43:24.841 [uncertain.proc] [FINE] aurora.database.features.WhereClauseCreator.onPopulateOperationSql
2018-10-10 07:43:24.841 [uncertain.proc] [CONFIG] [action] ExecuteQuery
2018-10-10 07:43:24.841 [uncertain.proc] [FINE] aurora.bm.QuerySqlCreator.onExecuteQuery
2018-10-10 07:43:24.869 [uncertain.proc] [CONFIG] [action] QueryFinish
2018-10-10 07:43:24.869 [uncertain.proc] [FINE] aurora.database.features.AutoQueryCounter.onQueryFinish
2018-10-10 07:43:24.887 [uncertain.proc] [CONFIG] [action] FetchResultSet
2018-10-10 07:43:24.887 [uncertain.proc] [FINE] aurora.database.features.CacheBasedLookUpField.postFetchResultSet
2018-10-10 07:43:24.887 [aurora.database] [CONFIG] 
============= BEGIN [query] SQL Statement execution dump ============

            select e.employee_id, e.employee_code, e.name from exp_employees e  WHERE (exists (select 1 from exp_org_position  p, exp_employee_assigns s where p.unit_id = nvl(?,p.unit_id)  and p.position_id = nvl(?, p.position_id) and s.position_id = p.position_id and s.employee_id = e.employee_id and s.company_id = nvl(?,s.company_id)))
            order by employee_code
            
---------------------Binding info---------------------
No.1	Access path:@unit_id	Data type of passed value :java.lang.Integer	Value:1523	Output:false	Database Type:null	
No.2	Access path:@position_id	Data type of passed value :[null]	Value:null	Output:false	Database Type:null	
No.3	Access path:@company_id	Data type of passed value :java.lang.Integer	Value:2281	Output:false	Database Type:null	

=============== END [query] SQL Statement execution dump ============

2018-10-10 07:43:24.888 [uncertain.proc] [CONFIG] [action] CreateSuccessResponse
