2018-10-15 06:52:31.656 [aurora.application.session_check] [CONFIG] Session data copied to context
2018-10-15 06:52:31.656 [aurora.application.session_check] [CONFIG] Checking BM access exp.EXP3050.exp_employee_s_query_company_lov for operation query
2018-10-15 06:52:31.657 [aurora.application.session_check] [CONFIG] Result from aurora.bm.DefaultAccessChecker@6ea60e9d is true
2018-10-15 06:52:31.657 [uncertain.proc] [CONFIG] [action] AccessCheck
2018-10-15 06:52:31.658 [uncertain.proc] [CONFIG] [action] CheckServiceLock
2018-10-15 06:52:31.658 [uncertain.proc] [CONFIG] [action] ParseParameter
2018-10-15 06:52:31.658 [uncertain.proc] [CONFIG] [action] ValidateInput
2018-10-15 06:52:31.658 [uncertain.proc] [CONFIG] [action] InvokeService
2018-10-15 06:52:31.658 [aurora.database] [CONFIG] ===================================== prepare to run model-query exp.EXP3050.exp_employee_s_query_company_lov==============================
2018-10-15 06:52:31.662 [uncertain.proc] [CONFIG] [action] DecideSqlGenerationMode
2018-10-15 06:52:31.662 [uncertain.proc] [FINE] aurora.database.service.BusinessModelService.onDecideSqlGenerationMode
2018-10-15 06:52:31.662 [uncertain.proc] [CONFIG] [action] CreateOperationSql
2018-10-15 06:52:31.662 [uncertain.proc] [CONFIG] [action] PopulateOperationSql
2018-10-15 06:52:31.662 [uncertain.proc] [FINE] aurora.database.features.OrderByClauseCreator.onPopulateOperationSql
2018-10-15 06:52:31.662 [uncertain.proc] [FINE] aurora.database.features.WhereClauseCreator.onPopulateOperationSql
2018-10-15 06:52:31.662 [uncertain.proc] [CONFIG] [action] ExecuteQuery
2018-10-15 06:52:31.662 [uncertain.proc] [FINE] aurora.bm.QuerySqlCreator.onExecuteQuery
2018-10-15 06:52:31.670 [uncertain.proc] [CONFIG] [action] QueryFinish
2018-10-15 06:52:31.670 [uncertain.proc] [FINE] aurora.database.features.AutoQueryCounter.onQueryFinish
2018-10-15 06:52:31.676 [uncertain.proc] [CONFIG] [action] FetchResultSet
2018-10-15 06:52:31.676 [uncertain.proc] [FINE] aurora.database.features.CacheBasedLookUpField.postFetchResultSet
2018-10-15 06:52:31.677 [aurora.database] [CONFIG] 
============= BEGIN [query] SQL Statement execution dump ============

        select * from (select fc.company_id,
						       fc.company_code,
						       fc.company_short_name,
						       fc.company_code || '-' || fc.company_short_name comp_desc
						  from fnd_companies_vl fc
						 where fc.company_type = '1'
						   and sysdate between fc.start_date_active and
						       nvl(fc.end_date_active, sysdate))v
         
	
---------------------Binding info---------------------
null
=============== END [query] SQL Statement execution dump ============

2018-10-15 06:52:31.677 [uncertain.proc] [CONFIG] [action] CreateSuccessResponse
