2018-10-18 06:33:04.241 [aurora.application.session_check] [CONFIG] Session data copied to context
2018-10-18 06:33:04.241 [aurora.application.session_check] [CONFIG] Checking BM access exp.EXP1010.fnd_unit_assign_bgt_centers_lov for operation execute
2018-10-18 06:33:04.243 [aurora.application.session_check] [CONFIG] Result from aurora.bm.DefaultAccessChecker@7b679d5c is true
2018-10-18 06:33:04.243 [uncertain.proc] [CONFIG] [action] AccessCheck
2018-10-18 06:33:04.244 [uncertain.proc] [CONFIG] [action] CheckServiceLock
2018-10-18 06:33:04.244 [uncertain.proc] [CONFIG] [action] ParseParameter
2018-10-18 06:33:04.245 [uncertain.proc] [CONFIG] [action] ValidateInput
2018-10-18 06:33:04.245 [uncertain.proc] [CONFIG] [action] InvokeService
2018-10-18 06:33:04.249 [uncertain.proc] [CONFIG] [action] DecideStatement
2018-10-18 06:33:04.250 [uncertain.proc] [CONFIG] [action] DecideSqlGenerationMode
2018-10-18 06:33:04.250 [uncertain.proc] [FINE] aurora.database.service.BusinessModelService.onDecideSqlGenerationMode
2018-10-18 06:33:04.250 [uncertain.proc] [CONFIG] [action] CreateOperationSql
2018-10-18 06:33:04.250 [uncertain.proc] [CONFIG] [action] PopulateOperationSql
2018-10-18 06:33:04.250 [uncertain.proc] [FINE] aurora.database.features.OrderByClauseCreator.onPopulateOperationSql
2018-10-18 06:33:04.250 [uncertain.proc] [FINE] aurora.database.features.WhereClauseCreator.onPopulateOperationSql
2018-10-18 06:33:04.250 [uncertain.proc] [CONFIG] [action] CreateSqlRunner
2018-10-18 06:33:04.250 [uncertain.proc] [FINE] aurora.database.service.BusinessModelService.onCreateSqlRunner
2018-10-18 06:33:04.250 [uncertain.proc] [CONFIG] [action] ExecuteDmlStatement
2018-10-18 06:33:04.250 [uncertain.proc] [FINE] aurora.database.service.BusinessModelService.onExecuteDmlStatement
2018-10-18 06:33:04.252 [aurora.database] [CONFIG] 
============= BEGIN [execute] SQL Statement execution dump ============

                BEGIN
                    fnd_unit_dim_pkg.fnd_unit_dim_bgt_center( 
                    p_unit_id => ?, 
                    p_default_dim_value_id =>?, 
                    p_default_dim_value_code =>?, 
                    p_default_dim_value_name =>?, 
                    p_resp_center_id =>?, 
                    p_resp_center_name=>?);
                END;
            
---------------------Binding info---------------------
No.1	Access path:@unit_id	Data type of passed value :java.lang.Integer	Value:8271	Output:false	Database Type:null	
No.2	Access path:@dimension_value_id	Data type of passed value :[null]	Value:null	Output:true	Database Type:null	
No.3	Access path:@dimension_value_code	Data type of passed value :[null]	Value:null	Output:true	Database Type:null	
No.4	Access path:@description	Data type of passed value :[null]	Value:null	Output:true	Database Type:null	
No.5	Access path:@resp_center_id	Data type of passed value :[null]	Value:null	Output:true	Database Type:null	
No.6	Access path:@resp_center_name	Data type of passed value :[null]	Value:null	Output:true	Database Type:null	

=============== END [execute] SQL Statement execution dump ============

2018-10-18 06:33:04.252 [uncertain.proc] [CONFIG] [action] CreateSuccessResponse
