2018-10-16 03:20:24.658 [aurora.application.session_check] [CONFIG] Session data copied to context
2018-10-16 03:20:24.658 [aurora.application.session_check] [CONFIG] Checking BM access exp.WFL5060.exp_wfl_workflow_transaction_csh_pay_lov for operation query
2018-10-16 03:20:24.661 [aurora.application.session_check] [CONFIG] Result from aurora.bm.DefaultAccessChecker@27732b42 is true
2018-10-16 03:20:24.661 [uncertain.proc] [CONFIG] [action] AccessCheck
2018-10-16 03:20:24.667 [uncertain.proc] [CONFIG] [action] CheckServiceLock
2018-10-16 03:20:24.667 [uncertain.proc] [CONFIG] [action] ParseParameter
2018-10-16 03:20:24.667 [uncertain.proc] [CONFIG] [action] ValidateInput
2018-10-16 03:20:24.667 [uncertain.proc] [CONFIG] [action] InvokeService
2018-10-16 03:20:24.667 [aurora.database] [CONFIG] ===================================== prepare to run model-query exp.WFL5060.exp_wfl_workflow_transaction_csh_pay_lov==============================
2018-10-16 03:20:24.679 [uncertain.proc] [CONFIG] [action] DecideSqlGenerationMode
2018-10-16 03:20:24.680 [uncertain.proc] [FINE] aurora.database.service.BusinessModelService.onDecideSqlGenerationMode
2018-10-16 03:20:24.680 [uncertain.proc] [CONFIG] [action] CreateOperationSql
2018-10-16 03:20:24.680 [uncertain.proc] [CONFIG] [action] PopulateOperationSql
2018-10-16 03:20:24.680 [uncertain.proc] [FINE] aurora.database.features.OrderByClauseCreator.onPopulateOperationSql
2018-10-16 03:20:24.680 [uncertain.proc] [FINE] aurora.database.features.WhereClauseCreator.onPopulateOperationSql
2018-10-16 03:20:24.680 [uncertain.proc] [CONFIG] [action] ExecuteQuery
2018-10-16 03:20:24.680 [uncertain.proc] [FINE] aurora.bm.QuerySqlCreator.onExecuteQuery
2018-10-16 03:20:24.798 [uncertain.proc] [CONFIG] [action] QueryFinish
2018-10-16 03:20:24.798 [uncertain.proc] [FINE] aurora.database.features.AutoQueryCounter.onQueryFinish
2018-10-16 03:20:24.806 [uncertain.proc] [CONFIG] [action] FetchResultSet
2018-10-16 03:20:24.806 [uncertain.proc] [FINE] aurora.database.features.CacheBasedLookUpField.postFetchResultSet
2018-10-16 03:20:24.806 [aurora.database] [CONFIG] 
============= BEGIN [query] SQL Statement execution dump ============
select * 
      from (select crt.type_code, crt.description 
        from csh_sob_pay_req_types_vl crt 
       where crt.enabled_flag = 'Y' 
       and crt.set_of_books_id = ?
       group by crt.type_code, crt.description 
       order by crt.type_code) v  
    
---------------------Binding info---------------------
No.1	Access path:/parameter/@set_of_books_id	Data type of passed value :java.lang.String	Value:122	Output:false	Database Type:null	

=============== END [query] SQL Statement execution dump ============

2018-10-16 03:20:24.806 [uncertain.proc] [CONFIG] [action] CreateSuccessResponse
