2018-10-18 06:07:50.378 [aurora.application.session_check] [CONFIG] Session data copied to context
2018-10-18 06:07:51.240 [aurora.application.session_check] [CONFIG] Checking BM access expm.EXP2010.exp_req_ref_types_define for operation query
2018-10-18 06:07:51.241 [aurora.application.session_check] [CONFIG] Result from aurora.bm.DefaultAccessChecker@df8a816 is true
2018-10-18 06:07:51.241 [uncertain.proc] [CONFIG] [action] AccessCheck
2018-10-18 06:07:51.242 [uncertain.proc] [CONFIG] [action] CheckServiceLock
2018-10-18 06:07:51.242 [uncertain.proc] [CONFIG] [action] ParseParameter
2018-10-18 06:07:51.242 [uncertain.proc] [CONFIG] [action] ValidateInput
2018-10-18 06:07:51.242 [uncertain.proc] [CONFIG] [action] InvokeService
2018-10-18 06:07:51.243 [aurora.database] [CONFIG] ===================================== prepare to run model-query expm.EXP2010.exp_req_ref_types_define==============================
2018-10-18 06:07:51.246 [uncertain.proc] [CONFIG] [action] DecideSqlGenerationMode
2018-10-18 06:07:51.246 [uncertain.proc] [FINE] aurora.database.service.BusinessModelService.onDecideSqlGenerationMode
2018-10-18 06:07:51.246 [uncertain.proc] [CONFIG] [action] CreateOperationSql
2018-10-18 06:07:51.246 [uncertain.proc] [CONFIG] [action] PopulateOperationSql
2018-10-18 06:07:51.246 [uncertain.proc] [FINE] aurora.database.features.OrderByClauseCreator.onPopulateOperationSql
2018-10-18 06:07:51.246 [uncertain.proc] [FINE] aurora.database.features.WhereClauseCreator.onPopulateOperationSql
2018-10-18 06:07:51.246 [uncertain.proc] [CONFIG] [action] ExecuteQuery
2018-10-18 06:07:51.246 [uncertain.proc] [FINE] aurora.bm.QuerySqlCreator.onExecuteQuery
2018-10-18 06:07:51.251 [uncertain.proc] [CONFIG] [action] QueryFinish
2018-10-18 06:07:51.251 [uncertain.proc] [FINE] aurora.database.features.AutoQueryCounter.onQueryFinish
2018-10-18 06:07:51.255 [uncertain.proc] [CONFIG] [action] FetchResultSet
2018-10-18 06:07:51.255 [uncertain.proc] [FINE] aurora.database.features.CacheBasedLookUpField.postFetchResultSet
2018-10-18 06:07:51.255 [aurora.database] [CONFIG] 
============= BEGIN [query] SQL Statement execution dump ============

            	select t.exp_req_ref_types_id,
				       t.expense_requisition_type_id,
				       t.expense_type_id,
				       v.expense_type_code,
				       v.description
				  from exp_req_ref_types t, exp_expense_types_vl v
				 where t.expense_type_id = v.expense_type_id
				   and t.expense_requisition_type_id = ?
				 order by expense_type_code
		
---------------------Binding info---------------------
No.1	Access path:@expense_requisition_type_id	Data type of passed value :java.lang.Integer	Value:1381	Output:false	Database Type:null	

=============== END [query] SQL Statement execution dump ============

2018-10-18 06:07:51.255 [uncertain.proc] [CONFIG] [action] CreateSuccessResponse
