2018-10-15 02:01:26.250 [aurora.application.session_check] [CONFIG] Session data copied to context
2018-10-15 02:01:26.251 [aurora.application.session_check] [CONFIG] Checking BM access expm.EXP2210.exp_amortization_accounts_query for operation query
2018-10-15 02:01:26.253 [aurora.application.session_check] [CONFIG] Result from aurora.bm.DefaultAccessChecker@39b38bf1 is true
2018-10-15 02:01:26.253 [uncertain.proc] [CONFIG] [action] AccessCheck
2018-10-15 02:01:26.256 [uncertain.proc] [CONFIG] [action] CheckServiceLock
2018-10-15 02:01:26.256 [uncertain.proc] [CONFIG] [action] ParseParameter
2018-10-15 02:01:26.256 [uncertain.proc] [CONFIG] [action] ValidateInput
2018-10-15 02:01:26.256 [uncertain.proc] [CONFIG] [action] InvokeService
2018-10-15 02:01:26.256 [aurora.database] [CONFIG] ===================================== prepare to run model-query expm.EXP2210.exp_amortization_accounts_query==============================
2018-10-15 02:01:26.273 [uncertain.proc] [CONFIG] [action] DecideSqlGenerationMode
2018-10-15 02:01:26.273 [uncertain.proc] [FINE] aurora.database.service.BusinessModelService.onDecideSqlGenerationMode
2018-10-15 02:01:26.273 [uncertain.proc] [CONFIG] [action] CreatequeryStatement
2018-10-15 02:01:26.273 [uncertain.proc] [FINE] aurora.bm.QuerySqlCreator.onCreateQueryStatement
2018-10-15 02:01:26.277 [uncertain.proc] [CONFIG] [action] PopulatequeryStatement
2018-10-15 02:01:26.277 [uncertain.proc] [FINE] aurora.database.features.OrderByClauseCreator.onPopulateQueryStatement
2018-10-15 02:01:26.277 [uncertain.proc] [FINE] aurora.database.features.WhereClauseCreator.onPopulateQueryStatement
2018-10-15 02:01:26.277 [uncertain.proc] [CONFIG] [action] CreatequerySql
2018-10-15 02:01:26.277 [uncertain.proc] [FINE] aurora.bm.QuerySqlCreator.onCreateQuerySql
2018-10-15 02:01:26.277 [uncertain.proc] [CONFIG] [action] ExecuteQuery
2018-10-15 02:01:26.277 [uncertain.proc] [FINE] aurora.bm.QuerySqlCreator.onExecuteQuery
2018-10-15 02:01:26.304 [uncertain.proc] [CONFIG] [action] QueryFinish
2018-10-15 02:01:26.304 [uncertain.proc] [FINE] aurora.database.features.AutoQueryCounter.onQueryFinish
2018-10-15 02:01:26.309 [uncertain.proc] [CONFIG] [action] FetchResultSet
2018-10-15 02:01:26.310 [uncertain.proc] [FINE] aurora.database.features.CacheBasedLookUpField.postFetchResultSet
2018-10-15 02:01:26.315 [aurora.database] [CONFIG] 
============= BEGIN [query] SQL Statement execution dump ============
SELECT p.account_id,p.enabled_flag,p.set_of_books_id,(select DESCRIPTION_TEXT from fnd_descriptions where DESCRIPTION_ID=ga.description_id and Language=?) AS description,ga.description_id,ga.account_code,c.company_id
FROM exp_amortization_accounts p
	INNER JOIN gld_accounts ga ON p.account_id = ga.account_id
	INNER JOIN fnd_companies c ON p.set_of_books_id = c.set_of_books_id
WHERE c.company_id = ?
---------------------Binding info---------------------
No.1	Access path:/session/@lang	Data type of passed value :java.lang.String	Value:ZHS	Output:false	Database Type:null	
No.2	Access path:/session/@company_id	Data type of passed value :java.lang.String	Value:835	Output:false	Database Type:null	

=============== END [query] SQL Statement execution dump ============

2018-10-15 02:01:26.315 [uncertain.proc] [CONFIG] [action] CreateSuccessResponse
