2018-10-17 09:36:31.30 [aurora.application.session_check] [CONFIG] Session data copied to context
2018-10-17 09:36:31.30 [aurora.application.session_check] [CONFIG] Checking BM access expm.EXP2170.exp_req_types_query for operation query
2018-10-17 09:36:31.31 [aurora.application.session_check] [CONFIG] Result from aurora.bm.DefaultAccessChecker@2bcb265 is true
2018-10-17 09:36:31.31 [uncertain.proc] [CONFIG] [action] AccessCheck
2018-10-17 09:36:31.32 [uncertain.proc] [CONFIG] [action] CheckServiceLock
2018-10-17 09:36:31.32 [uncertain.proc] [CONFIG] [action] ParseParameter
2018-10-17 09:36:31.32 [uncertain.proc] [CONFIG] [action] ValidateInput
2018-10-17 09:36:31.32 [uncertain.proc] [CONFIG] [action] InvokeService
2018-10-17 09:36:31.32 [aurora.database] [CONFIG] ===================================== prepare to run model-query expm.EXP2170.exp_req_types_query==============================
2018-10-17 09:36:31.36 [uncertain.proc] [CONFIG] [action] DecideSqlGenerationMode
2018-10-17 09:36:31.36 [uncertain.proc] [FINE] aurora.database.service.BusinessModelService.onDecideSqlGenerationMode
2018-10-17 09:36:31.36 [uncertain.proc] [CONFIG] [action] CreateOperationSql
2018-10-17 09:36:31.36 [uncertain.proc] [CONFIG] [action] PopulateOperationSql
2018-10-17 09:36:31.36 [uncertain.proc] [FINE] aurora.database.features.OrderByClauseCreator.onPopulateOperationSql
2018-10-17 09:36:31.36 [uncertain.proc] [FINE] aurora.database.features.WhereClauseCreator.onPopulateOperationSql
2018-10-17 09:36:31.36 [uncertain.proc] [CONFIG] [action] ExecuteQuery
2018-10-17 09:36:31.36 [uncertain.proc] [FINE] aurora.bm.QuerySqlCreator.onExecuteQuery
2018-10-17 09:36:31.46 [uncertain.proc] [CONFIG] [action] QueryFinish
2018-10-17 09:36:31.47 [uncertain.proc] [FINE] aurora.database.features.AutoQueryCounter.onQueryFinish
2018-10-17 09:36:31.55 [uncertain.proc] [CONFIG] [action] FetchResultSet
2018-10-17 09:36:31.55 [uncertain.proc] [FINE] aurora.database.features.CacheBasedLookUpField.postFetchResultSet
2018-10-17 09:36:31.55 [aurora.database] [CONFIG] 
============= BEGIN [query] SQL Statement execution dump ============

                SELECT
                    v.expense_requisition_type_code,
                    v.description
                FROM
                    exp_sob_req_types_vl v  WHERE v.set_of_books_id = (SELECT set_of_books_id FROM fnd_companies fc WHERE fc.company_id = ? ) AND v.enabled_flag = 'Y'
                ORDER BY
                    expense_requisition_type_code
            
---------------------Binding info---------------------
No.1	Access path:/session/@company_id	Data type of passed value :java.lang.String	Value:835	Output:false	Database Type:null	

=============== END [query] SQL Statement execution dump ============

2018-10-17 09:36:31.55 [uncertain.proc] [CONFIG] [action] CreateSuccessResponse
