2018-10-16 03:03:48.960 [aurora.application.session_check] [CONFIG] Session data copied to context
2018-10-16 03:03:48.960 [aurora.application.session_check] [CONFIG] Checking BM access expm.exp_employee_levels_query for operation query
2018-10-16 03:03:48.961 [aurora.application.session_check] [CONFIG] Result from aurora.bm.DefaultAccessChecker@77d39862 is true
2018-10-16 03:03:48.961 [uncertain.proc] [CONFIG] [action] AccessCheck
2018-10-16 03:03:48.962 [uncertain.proc] [CONFIG] [action] CheckServiceLock
2018-10-16 03:03:48.962 [uncertain.proc] [CONFIG] [action] ParseParameter
2018-10-16 03:03:48.962 [uncertain.proc] [CONFIG] [action] ValidateInput
2018-10-16 03:03:48.962 [uncertain.proc] [CONFIG] [action] InvokeService
2018-10-16 03:03:48.962 [aurora.database] [CONFIG] ===================================== prepare to run model-query expm.exp_employee_levels_query==============================
2018-10-16 03:03:48.965 [uncertain.proc] [CONFIG] [action] DecideSqlGenerationMode
2018-10-16 03:03:48.965 [uncertain.proc] [FINE] aurora.database.service.BusinessModelService.onDecideSqlGenerationMode
2018-10-16 03:03:48.965 [uncertain.proc] [CONFIG] [action] CreateOperationSql
2018-10-16 03:03:48.965 [uncertain.proc] [CONFIG] [action] PopulateOperationSql
2018-10-16 03:03:48.965 [uncertain.proc] [FINE] aurora.database.features.OrderByClauseCreator.onPopulateOperationSql
2018-10-16 03:03:48.965 [uncertain.proc] [FINE] aurora.database.features.WhereClauseCreator.onPopulateOperationSql
2018-10-16 03:03:48.965 [uncertain.proc] [CONFIG] [action] ExecuteQuery
2018-10-16 03:03:48.965 [uncertain.proc] [FINE] aurora.bm.QuerySqlCreator.onExecuteQuery
2018-10-16 03:03:48.966 [uncertain.proc] [CONFIG] [action] QueryFinish
2018-10-16 03:03:48.966 [uncertain.proc] [FINE] aurora.database.features.AutoQueryCounter.onQueryFinish
2018-10-16 03:03:48.966 [uncertain.proc] [CONFIG] [action] FetchResultSet
2018-10-16 03:03:48.966 [uncertain.proc] [FINE] aurora.database.features.CacheBasedLookUpField.postFetchResultSet
2018-10-16 03:03:48.966 [aurora.database] [CONFIG] 
============= BEGIN [query] SQL Statement execution dump ============
 
            select * from (
            select v.employee_levels_id, v.employee_levels_code, employee_levels_code||decode(v.description,null,null,' - '||v.description) description,v.description employee_levels_name
		      from exp_employee_levels_vl v
		      where v.enabled_flag='Y'
		     order by employee_levels_code
		     )
     		
---------------------Binding info---------------------
null
=============== END [query] SQL Statement execution dump ============

2018-10-16 03:03:48.966 [uncertain.proc] [CONFIG] [action] CreateSuccessResponse
