2018-10-16 03:24:23.337 [aurora.application.session_check] [CONFIG] Session data copied to context
2018-10-16 03:24:23.337 [aurora.application.session_check] [CONFIG] Checking BM access expm.EXP2010.exp_req_ref_dimension_dvc_lov for operation query
2018-10-16 03:24:23.338 [aurora.application.session_check] [CONFIG] Result from aurora.bm.DefaultAccessChecker@2d5014d2 is true
2018-10-16 03:24:23.338 [uncertain.proc] [CONFIG] [action] AccessCheck
2018-10-16 03:24:23.340 [uncertain.proc] [CONFIG] [action] CheckServiceLock
2018-10-16 03:24:23.340 [uncertain.proc] [CONFIG] [action] ParseParameter
2018-10-16 03:24:23.340 [uncertain.proc] [CONFIG] [action] ValidateInput
2018-10-16 03:24:23.340 [uncertain.proc] [CONFIG] [action] InvokeService
2018-10-16 03:24:23.340 [aurora.database] [CONFIG] ===================================== prepare to run model-query expm.EXP2010.exp_req_ref_dimension_dvc_lov==============================
2018-10-16 03:24:23.345 [uncertain.proc] [CONFIG] [action] DecideSqlGenerationMode
2018-10-16 03:24:23.345 [uncertain.proc] [FINE] aurora.database.service.BusinessModelService.onDecideSqlGenerationMode
2018-10-16 03:24:23.345 [uncertain.proc] [CONFIG] [action] CreateOperationSql
2018-10-16 03:24:23.345 [uncertain.proc] [CONFIG] [action] PopulateOperationSql
2018-10-16 03:24:23.345 [uncertain.proc] [FINE] aurora.database.features.OrderByClauseCreator.onPopulateOperationSql
2018-10-16 03:24:23.345 [uncertain.proc] [FINE] aurora.database.features.WhereClauseCreator.onPopulateOperationSql
2018-10-16 03:24:23.345 [uncertain.proc] [CONFIG] [action] ExecuteQuery
2018-10-16 03:24:23.345 [uncertain.proc] [FINE] aurora.bm.QuerySqlCreator.onExecuteQuery
2018-10-16 03:24:23.532 [uncertain.proc] [CONFIG] [action] QueryFinish
2018-10-16 03:24:23.532 [uncertain.proc] [FINE] aurora.database.features.AutoQueryCounter.onQueryFinish
2018-10-16 03:24:23.560 [uncertain.proc] [CONFIG] [action] FetchResultSet
2018-10-16 03:24:23.560 [uncertain.proc] [FINE] aurora.database.features.CacheBasedLookUpField.postFetchResultSet
2018-10-16 03:24:23.560 [aurora.database] [CONFIG] 
============= BEGIN [query] SQL Statement execution dump ============

				  SELECT
                    *
                FROM
                    (SELECT
                        t.dimension_id,
                        t.dimension_value_id,
                        t.dimension_value_code,
                        t.description,
                        t.company_id,
                        t.enabled_flag,
                        t.project_type,
                        t.project_status
                    FROM
                        fnd_dimension_values_v t
                    WHERE
                        EXISTS
                        (SELECT
                            1
                        FROM
                            fnd_unit_dim_value_ccbl f
                        WHERE
                            f.unit_id           =NVL(?,f.unit_id) AND
                            f.dimension_value_id= DECODE(?,NULL,f.dimension_value_id,t.dimension_value_id)
                        )
                    )t  WHERE dimension_id=? AND company_id = nvl(?,?) AND enabled_flag='Y'
                ORDER BY
                    dimension_value_code
   		
---------------------Binding info---------------------
No.1	Access path:@unit_id	Data type of passed value :java.lang.String	Value:10	Output:false	Database Type:null	
No.2	Access path:@unit_id	Data type of passed value :java.lang.String	Value:10	Output:false	Database Type:null	
No.3	Access path:@dimension_id	Data type of passed value :java.lang.String	Value:2.0	Output:false	Database Type:null	
No.4	Access path:@company_id	Data type of passed value :java.lang.String	Value:835	Output:false	Database Type:null	
No.5	Access path:/session/@company_id	Data type of passed value :java.lang.String	Value:835	Output:false	Database Type:null	

=============== END [query] SQL Statement execution dump ============

2018-10-16 03:24:23.560 [uncertain.proc] [CONFIG] [action] CreateSuccessResponse
