2018-10-17 06:01:13.726 [aurora.application.session_check] [CONFIG] Session data copied to context
2018-10-17 06:01:13.726 [aurora.application.session_check] [CONFIG] Checking BM access expm.EXP1220.exp_expense_report_auditor_save for operation batch_update
2018-10-17 06:01:13.726 [aurora.application.session_check] [CONFIG] for batch_update, access check will be performed on each record from parameter
2018-10-17 06:01:13.726 [uncertain.proc] [CONFIG] [action] AccessCheck
2018-10-17 06:01:13.728 [uncertain.proc] [CONFIG] [action] CheckServiceLock
2018-10-17 06:01:13.728 [uncertain.proc] [CONFIG] [action] ParseParameter
2018-10-17 06:01:13.728 [uncertain.proc] [CONFIG] [action] ValidateInput
2018-10-17 06:01:13.728 [uncertain.proc] [CONFIG] [action] InvokeService
2018-10-17 06:01:13.732 [aurora.database] [CONFIG] ============ Running model batch update with data from path /parameter, total 2 records
2018-10-17 06:01:13.732 [aurora.database] [CONFIG] execute delete on record No.0 for model expm.EXP1220.exp_expense_report_auditor_save
2018-10-17 06:01:13.735 [uncertain.proc] [CONFIG] [action] DecideStatement
2018-10-17 06:01:13.736 [uncertain.proc] [CONFIG] [action] DecideSqlGenerationMode
2018-10-17 06:01:13.736 [uncertain.proc] [FINE] aurora.database.service.BusinessModelService.onDecideSqlGenerationMode
2018-10-17 06:01:13.736 [uncertain.proc] [CONFIG] [action] CreateOperationSql
2018-10-17 06:01:13.736 [uncertain.proc] [CONFIG] [action] PopulateOperationSql
2018-10-17 06:01:13.736 [uncertain.proc] [FINE] aurora.database.features.OrderByClauseCreator.onPopulateOperationSql
2018-10-17 06:01:13.736 [uncertain.proc] [FINE] aurora.database.features.WhereClauseCreator.onPopulateOperationSql
2018-10-17 06:01:13.736 [uncertain.proc] [CONFIG] [action] CreateSqlRunner
2018-10-17 06:01:13.736 [uncertain.proc] [FINE] aurora.database.service.BusinessModelService.onCreateSqlRunner
2018-10-17 06:01:13.737 [uncertain.proc] [CONFIG] [action] ExecuteDmlStatement
2018-10-17 06:01:13.737 [uncertain.proc] [FINE] aurora.database.service.BusinessModelService.onExecuteDmlStatement
2018-10-17 06:01:13.741 [aurora.database] [CONFIG] 
============= BEGIN [Delete] SQL Statement execution dump ============
 
            begin
				exp_report_auditor_pkg.delete_exp_report_auditor(
				   ?,
				   ?
				);                     
			end;
---------------------Binding info---------------------
No.1	Access path:@exp_report_auditor_id	Data type of passed value :java.lang.Integer	Value:13	Output:false	Database Type:null	
No.2	Access path:/session/@user_id	Data type of passed value :java.lang.Long	Value:2242	Output:false	Database Type:null	

=============== END [Delete] SQL Statement execution dump ============

2018-10-17 06:01:13.741 [aurora.database] [CONFIG] execute delete on record No.1 for model expm.EXP1220.exp_expense_report_auditor_save
2018-10-17 06:01:13.743 [uncertain.proc] [CONFIG] [action] DecideStatement
2018-10-17 06:01:13.745 [uncertain.proc] [CONFIG] [action] DecideSqlGenerationMode
2018-10-17 06:01:13.745 [uncertain.proc] [FINE] aurora.database.service.BusinessModelService.onDecideSqlGenerationMode
2018-10-17 06:01:13.745 [uncertain.proc] [CONFIG] [action] CreateOperationSql
2018-10-17 06:01:13.745 [uncertain.proc] [CONFIG] [action] PopulateOperationSql
2018-10-17 06:01:13.745 [uncertain.proc] [FINE] aurora.database.features.OrderByClauseCreator.onPopulateOperationSql
2018-10-17 06:01:13.745 [uncertain.proc] [FINE] aurora.database.features.WhereClauseCreator.onPopulateOperationSql
2018-10-17 06:01:13.745 [uncertain.proc] [CONFIG] [action] CreateSqlRunner
2018-10-17 06:01:13.745 [uncertain.proc] [FINE] aurora.database.service.BusinessModelService.onCreateSqlRunner
2018-10-17 06:01:13.745 [uncertain.proc] [CONFIG] [action] ExecuteDmlStatement
2018-10-17 06:01:13.745 [uncertain.proc] [FINE] aurora.database.service.BusinessModelService.onExecuteDmlStatement
2018-10-17 06:01:13.746 [aurora.database] [CONFIG] 
============= BEGIN [Delete] SQL Statement execution dump ============
 
            begin
				exp_report_auditor_pkg.delete_exp_report_auditor(
				   ?,
				   ?
				);                     
			end;
---------------------Binding info---------------------
No.1	Access path:@exp_report_auditor_id	Data type of passed value :java.lang.Integer	Value:14	Output:false	Database Type:null	
No.2	Access path:/session/@user_id	Data type of passed value :java.lang.Long	Value:2242	Output:false	Database Type:null	

=============== END [Delete] SQL Statement execution dump ============

2018-10-17 06:01:13.746 [aurora.database] [CONFIG] ============ End of batch update for /parameter
2018-10-17 06:01:13.746 [uncertain.proc] [CONFIG] [action] CreateSuccessResponse
