2018-10-15 06:30:22.22 [aurora.application.session_check] [CONFIG] Session data copied to context
2018-10-15 06:30:22.22 [aurora.application.session_check] [CONFIG] Checking BM access expm.exp_report_paste_temp_insert for operation insert
2018-10-15 06:30:22.24 [aurora.application.session_check] [CONFIG] Result from aurora.bm.DefaultAccessChecker@5a018411 is true
2018-10-15 06:30:22.24 [uncertain.proc] [CONFIG] [action] AccessCheck
2018-10-15 06:30:22.25 [uncertain.proc] [CONFIG] [action] CheckServiceLock
2018-10-15 06:30:22.25 [uncertain.proc] [CONFIG] [action] ParseParameter
2018-10-15 06:30:22.25 [uncertain.proc] [CONFIG] [action] ValidateInput
2018-10-15 06:30:22.25 [uncertain.proc] [CONFIG] [action] InvokeService
2018-10-15 06:30:22.28 [uncertain.proc] [CONFIG] [action] DecideStatement
2018-10-15 06:30:22.30 [uncertain.proc] [CONFIG] [action] DecideSqlGenerationMode
2018-10-15 06:30:22.30 [uncertain.proc] [FINE] aurora.database.service.BusinessModelService.onDecideSqlGenerationMode
2018-10-15 06:30:22.30 [uncertain.proc] [CONFIG] [action] CreateOperationSql
2018-10-15 06:30:22.30 [uncertain.proc] [CONFIG] [action] PopulateOperationSql
2018-10-15 06:30:22.30 [uncertain.proc] [FINE] aurora.database.features.OrderByClauseCreator.onPopulateOperationSql
2018-10-15 06:30:22.30 [uncertain.proc] [FINE] aurora.database.features.WhereClauseCreator.onPopulateOperationSql
2018-10-15 06:30:22.30 [uncertain.proc] [CONFIG] [action] CreateSqlRunner
2018-10-15 06:30:22.30 [uncertain.proc] [FINE] aurora.database.service.BusinessModelService.onCreateSqlRunner
2018-10-15 06:30:22.30 [uncertain.proc] [CONFIG] [action] ExecuteDmlStatement
2018-10-15 06:30:22.30 [uncertain.proc] [FINE] aurora.database.service.BusinessModelService.onExecuteDmlStatement
2018-10-15 06:30:22.31 [aurora.database] [CONFIG] 
============= BEGIN [Insert] SQL Statement execution dump ============

            begin
            	insert into 
            	exp_report_report_temp (
            		exp_report_header_id,
            		session_id,
            		created_by,
            		creation_date,
            		web_url
            	)values(
            		?,
            		?,
            		?,
            		sysdate,
            		?
            	);
            end;
            
---------------------Binding info---------------------
No.1	Access path:@exp_report_header_id	Data type of passed value :java.lang.Integer	Value:1841	Output:false	Database Type:null	
No.2	Access path:/session/@session_id	Data type of passed value :java.lang.Long	Value:55435	Output:false	Database Type:null	
No.3	Access path:/session/@user_id	Data type of passed value :java.lang.Long	Value:1	Output:false	Database Type:null	
No.4	Access path:@web_url	Data type of passed value :java.lang.String	Value:http://116.228.77.180:22501/excs	Output:false	Database Type:null	

=============== END [Insert] SQL Statement execution dump ============

2018-10-15 06:30:22.31 [uncertain.proc] [CONFIG] [action] CreateSuccessResponse
