2018-10-22 11:17:19.225 [aurora.application.session_check] [CONFIG] Session data copied to context
2018-10-22 11:17:19.225 [aurora.application.session_check] [CONFIG] Checking BM access expm.exp_expense_type_flag_filter for operation query
2018-10-22 11:17:19.227 [aurora.application.session_check] [CONFIG] Result from aurora.bm.DefaultAccessChecker@200c2793 is true
2018-10-22 11:17:19.227 [uncertain.proc] [CONFIG] [action] AccessCheck
2018-10-22 11:17:19.228 [uncertain.proc] [CONFIG] [action] CheckServiceLock
2018-10-22 11:17:19.228 [uncertain.proc] [CONFIG] [action] ParseParameter
2018-10-22 11:17:19.228 [uncertain.proc] [CONFIG] [action] ValidateInput
2018-10-22 11:17:19.228 [uncertain.proc] [CONFIG] [action] InvokeService
2018-10-22 11:17:19.228 [aurora.database] [CONFIG] ===================================== prepare to run model-query expm.exp_expense_type_flag_filter==============================
2018-10-22 11:17:19.232 [uncertain.proc] [CONFIG] [action] DecideSqlGenerationMode
2018-10-22 11:17:19.232 [uncertain.proc] [FINE] aurora.database.service.BusinessModelService.onDecideSqlGenerationMode
2018-10-22 11:17:19.232 [uncertain.proc] [CONFIG] [action] CreatequeryStatement
2018-10-22 11:17:19.232 [uncertain.proc] [FINE] aurora.bm.QuerySqlCreator.onCreateQueryStatement
2018-10-22 11:17:19.232 [uncertain.proc] [CONFIG] [action] PopulatequeryStatement
2018-10-22 11:17:19.232 [uncertain.proc] [FINE] aurora.database.features.OrderByClauseCreator.onPopulateQueryStatement
2018-10-22 11:17:19.232 [uncertain.proc] [FINE] aurora.database.features.WhereClauseCreator.onPopulateQueryStatement
2018-10-22 11:17:19.232 [uncertain.proc] [CONFIG] [action] CreatequerySql
2018-10-22 11:17:19.232 [uncertain.proc] [FINE] aurora.bm.QuerySqlCreator.onCreateQuerySql
2018-10-22 11:17:19.233 [uncertain.proc] [CONFIG] [action] ExecuteQuery
2018-10-22 11:17:19.233 [uncertain.proc] [FINE] aurora.bm.QuerySqlCreator.onExecuteQuery
2018-10-22 11:17:19.247 [uncertain.proc] [CONFIG] [action] QueryFinish
2018-10-22 11:17:19.247 [uncertain.proc] [FINE] aurora.database.features.AutoQueryCounter.onQueryFinish
2018-10-22 11:17:19.260 [uncertain.proc] [CONFIG] [action] FetchResultSet
2018-10-22 11:17:19.260 [uncertain.proc] [FINE] aurora.database.features.CacheBasedLookUpField.postFetchResultSet
2018-10-22 11:17:19.260 [aurora.database] [CONFIG] 
============= BEGIN [query] SQL Statement execution dump ============
SELECT t1.EXPENSE_TYPE_ID,t1.COMPANY_ID,t1.EXPENSE_TYPE_CODE,t1.DESCRIPTION_ID,(select DESCRIPTION_TEXT from fnd_descriptions where DESCRIPTION_ID=t1.description_id and Language=?) AS expense_type_description,t1.ENABLED_FLAG,t1.meetting_flag,t1.line_desc_flag,(SELECT (SELECT eriv.EXPENSE_ITEM_ID FROM EXP_EXPENSE_ITEMS_VL eriv WHERE eriv.EXPENSE_ITEM_CODE=ectri.EXPENSE_ITEM_CODE) FROM EXP_COM_TYPE_REF_ITEM ectri WHERE ectri.EXPENSE_TYPE_REF_ID=(SELECT errt.EXPENSE_REPORT_REF_TYPE_ID FROM  exp_report_ref_types errt WHERE errt.EXPENSE_REPORT_TYPE_ID=NVL(?,(SELECT eh.EXP_REPORT_TYPE_ID FROM EXP_REPORT_HEADERS eh WHERE eh.EXP_REPORT_HEADER_ID=?)) AND errt.EXPENSE_TYPE_ID=t1.expense_type_id) AND ectri.ITEM_CATEGORY='TRAVEL_ROUTE' AND ectri.DEFAULT_FLAG='Y') AS default_trans_item,(SELECT (SELECT eriv.description FROM EXP_EXPENSE_ITEMS_VL eriv WHERE eriv.EXPENSE_ITEM_CODE=ectri.EXPENSE_ITEM_CODE) FROM EXP_COM_TYPE_REF_ITEM ectri WHERE ectri.EXPENSE_TYPE_REF_ID=(SELECT errt.EXPENSE_REPORT_REF_TYPE_ID FROM  exp_report_ref_types errt WHERE errt.EXPENSE_REPORT_TYPE_ID=NVL(?,(SELECT eh.EXP_REPORT_TYPE_ID FROM EXP_REPORT_HEADERS eh WHERE eh.EXP_REPORT_HEADER_ID=?)) AND errt.EXPENSE_TYPE_ID=t1.expense_type_id) AND ectri.ITEM_CATEGORY='TRAVEL_ROUTE' AND ectri.DEFAULT_FLAG='Y') AS default_trans_item_desc,(SELECT (SELECT eriv.EXPENSE_ITEM_ID FROM EXP_EXPENSE_ITEMS_VL eriv WHERE eriv.EXPENSE_ITEM_CODE=ectri.EXPENSE_ITEM_CODE) FROM EXP_COM_TYPE_REF_ITEM ectri WHERE ectri.EXPENSE_TYPE_REF_ID=(SELECT errt.EXPENSE_REPORT_REF_TYPE_ID FROM  exp_report_ref_types errt WHERE errt.EXPENSE_REPORT_TYPE_ID=NVL(?,(SELECT eh.EXP_REPORT_TYPE_ID FROM EXP_REPORT_HEADERS eh WHERE eh.EXP_REPORT_HEADER_ID=?)) AND errt.EXPENSE_TYPE_ID=t1.expense_type_id) AND ectri.ITEM_CATEGORY='QUARTER' AND ectri.DEFAULT_FLAG='Y') AS default_accomm_item,(SELECT (SELECT eriv.description FROM EXP_EXPENSE_ITEMS_VL eriv WHERE eriv.EXPENSE_ITEM_CODE=ectri.EXPENSE_ITEM_CODE) FROM EXP_COM_TYPE_REF_ITEM ectri WHERE ectri.EXPENSE_TYPE_REF_ID=(SELECT errt.EXPENSE_REPORT_REF_TYPE_ID FROM  exp_report_ref_types errt WHERE errt.EXPENSE_REPORT_TYPE_ID=NVL(?,(SELECT eh.EXP_REPORT_TYPE_ID FROM EXP_REPORT_HEADERS eh WHERE eh.EXP_REPORT_HEADER_ID=?)) AND errt.EXPENSE_TYPE_ID=t1.expense_type_id) AND ectri.ITEM_CATEGORY='QUARTER' AND ectri.DEFAULT_FLAG='Y') AS default_accomm_item_desc,(SELECT (SELECT eriv.EXPENSE_ITEM_ID FROM EXP_EXPENSE_ITEMS_VL eriv WHERE eriv.EXPENSE_ITEM_CODE=ectri.EXPENSE_ITEM_CODE) FROM EXP_COM_TYPE_REF_ITEM ectri WHERE ectri.EXPENSE_TYPE_REF_ID=(SELECT errt.EXPENSE_REPORT_REF_TYPE_ID FROM  exp_report_ref_types errt WHERE errt.EXPENSE_REPORT_TYPE_ID=NVL(?,(SELECT eh.EXP_REPORT_TYPE_ID FROM EXP_REPORT_HEADERS eh WHERE eh.EXP_REPORT_HEADER_ID=?)) AND errt.EXPENSE_TYPE_ID=t1.expense_type_id) AND ectri.ITEM_CATEGORY='OTHERS' AND ectri.DEFAULT_FLAG='Y') AS default_others_item,(SELECT (SELECT eriv.description FROM EXP_EXPENSE_ITEMS_VL eriv WHERE eriv.EXPENSE_ITEM_CODE=ectri.EXPENSE_ITEM_CODE) FROM EXP_COM_TYPE_REF_ITEM ectri WHERE ectri.EXPENSE_TYPE_REF_ID=(SELECT errt.EXPENSE_REPORT_REF_TYPE_ID FROM  exp_report_ref_types errt WHERE errt.EXPENSE_REPORT_TYPE_ID=NVL(?,(SELECT eh.EXP_REPORT_TYPE_ID FROM EXP_REPORT_HEADERS eh WHERE eh.EXP_REPORT_HEADER_ID=?)) AND errt.EXPENSE_TYPE_ID=t1.expense_type_id) AND ectri.ITEM_CATEGORY='OTHERS' AND ectri.DEFAULT_FLAG='Y') AS default_others_item_desc
FROM EXP_EXPENSE_TYPES t1
WHERE t1.enabled_flag='Y' AND COMPANY_ID = ? AND (? is not null and ? = ? and exists         (select 1            from exp_report_ref_types ef           where ef.expense_report_type_id =                 nvl(?,                     (select hh.exp_report_type_id                        from exp_report_headers hh                       where hh.exp_report_header_id = ?))             and t1.expense_type_id = ef.expense_type_id))     or (? is not null and ? != ? and        (exists (select 1                    from exp_report_ref_types t                   where t.expense_type_id = t1.expense_type_id                     and t.expense_report_type_id =                         (select et.expense_report_type_id                            from exp_expense_report_types et                           where et.company_id = ?                             and et.enabled_flag = 'Y'                             and et.expense_report_type_code =                                 (select ett.expense_report_type_code                                    from exp_expense_report_types ett                                   where ett.expense_report_type_id = ?                                     and ett.enabled_flag = 'Y'))) or         (select et.expense_report_type_id                    from exp_expense_report_types et                   where et.company_id = ?                     and et.enabled_flag = 'Y'                     and et.expense_report_type_code =                         (select ett.expense_report_type_code                            from exp_expense_report_types ett                           where ett.expense_report_type_id = ?                             and ett.enabled_flag = 'Y')) is null and         t1.company_id = ?))
ORDER BY expense_type_code
---------------------Binding info---------------------
No.1	Access path:/session/@lang	Data type of passed value :java.lang.String	Value:ZHS	Output:false	Database Type:null	
No.2	Access path:/parameter/@expense_report_type_id	Data type of passed value :java.lang.String	Value:8	Output:false	Database Type:null	
No.3	Access path:/parameter/@exp_report_header_id	Data type of passed value :java.lang.String	Value:	Output:false	Database Type:null	
No.4	Access path:/parameter/@expense_report_type_id	Data type of passed value :java.lang.String	Value:8	Output:false	Database Type:null	
No.5	Access path:/parameter/@exp_report_header_id	Data type of passed value :java.lang.String	Value:	Output:false	Database Type:null	
No.6	Access path:/parameter/@expense_report_type_id	Data type of passed value :java.lang.String	Value:8	Output:false	Database Type:null	
No.7	Access path:/parameter/@exp_report_header_id	Data type of passed value :java.lang.String	Value:	Output:false	Database Type:null	
No.8	Access path:/parameter/@expense_report_type_id	Data type of passed value :java.lang.String	Value:8	Output:false	Database Type:null	
No.9	Access path:/parameter/@exp_report_header_id	Data type of passed value :java.lang.String	Value:	Output:false	Database Type:null	
No.10	Access path:/parameter/@expense_report_type_id	Data type of passed value :java.lang.String	Value:8	Output:false	Database Type:null	
No.11	Access path:/parameter/@exp_report_header_id	Data type of passed value :java.lang.String	Value:	Output:false	Database Type:null	
No.12	Access path:/parameter/@expense_report_type_id	Data type of passed value :java.lang.String	Value:8	Output:false	Database Type:null	
No.13	Access path:/parameter/@exp_report_header_id	Data type of passed value :java.lang.String	Value:	Output:false	Database Type:null	
No.14	Access path:@company_id	Data type of passed value :java.lang.Long	Value:835	Output:false	Database Type:null	
No.15	Access path:@company_id	Data type of passed value :java.lang.Long	Value:835	Output:false	Database Type:null	
No.16	Access path:@company_id	Data type of passed value :java.lang.Long	Value:835	Output:false	Database Type:null	
No.17	Access path:/session/@company_id	Data type of passed value :java.lang.String	Value:2240	Output:false	Database Type:null	
No.18	Access path:/parameter/@expense_report_type_id	Data type of passed value :java.lang.String	Value:8	Output:false	Database Type:null	
No.19	Access path:/parameter/@exp_report_header_id	Data type of passed value :java.lang.String	Value:	Output:false	Database Type:null	
No.20	Access path:@company_id	Data type of passed value :java.lang.Long	Value:835	Output:false	Database Type:null	
No.21	Access path:@company_id	Data type of passed value :java.lang.Long	Value:835	Output:false	Database Type:null	
No.22	Access path:/session/@company_id	Data type of passed value :java.lang.String	Value:2240	Output:false	Database Type:null	
No.23	Access path:@company_id	Data type of passed value :java.lang.Long	Value:835	Output:false	Database Type:null	
No.24	Access path:/parameter/@expense_report_type_id	Data type of passed value :java.lang.String	Value:8	Output:false	Database Type:null	
No.25	Access path:@company_id	Data type of passed value :java.lang.Long	Value:835	Output:false	Database Type:null	
No.26	Access path:/parameter/@expense_report_type_id	Data type of passed value :java.lang.String	Value:8	Output:false	Database Type:null	
No.27	Access path:@company_id	Data type of passed value :java.lang.Long	Value:835	Output:false	Database Type:null	

=============== END [query] SQL Statement execution dump ============

2018-10-22 11:17:19.260 [uncertain.proc] [CONFIG] [action] CreateSuccessResponse
