2018-10-10 08:05:32.763 [aurora.application.session_check] [CONFIG] Session data copied to context
2018-10-10 08:05:32.779 [aurora.application.session_check] [CONFIG] Checking BM access expm.EXP5310.exp_ygz_report_roll_out for operation query
2018-10-10 08:05:32.784 [aurora.application.session_check] [CONFIG] Result from aurora.bm.DefaultAccessChecker@2de3ce43 is true
2018-10-10 08:05:32.784 [uncertain.proc] [CONFIG] [action] AccessCheck
2018-10-10 08:05:32.786 [uncertain.proc] [CONFIG] [action] CheckServiceLock
2018-10-10 08:05:32.786 [uncertain.proc] [CONFIG] [action] ParseParameter
2018-10-10 08:05:32.786 [uncertain.proc] [CONFIG] [action] ValidateInput
2018-10-10 08:05:32.786 [uncertain.proc] [CONFIG] [action] InvokeService
2018-10-10 08:05:32.786 [aurora.database] [CONFIG] ===================================== prepare to run model-query expm.EXP5310.exp_ygz_report_roll_out==============================
2018-10-10 08:05:32.794 [uncertain.proc] [CONFIG] [action] DecideSqlGenerationMode
2018-10-10 08:05:32.794 [uncertain.proc] [FINE] aurora.database.service.BusinessModelService.onDecideSqlGenerationMode
2018-10-10 08:05:32.794 [uncertain.proc] [CONFIG] [action] CreateOperationSql
2018-10-10 08:05:32.794 [uncertain.proc] [CONFIG] [action] PopulateOperationSql
2018-10-10 08:05:32.794 [uncertain.proc] [FINE] aurora.database.features.OrderByClauseCreator.onPopulateOperationSql
2018-10-10 08:05:32.794 [uncertain.proc] [FINE] aurora.database.features.WhereClauseCreator.onPopulateOperationSql
2018-10-10 08:05:32.794 [uncertain.proc] [CONFIG] [action] ExecuteQuery
2018-10-10 08:05:32.794 [uncertain.proc] [FINE] aurora.bm.QuerySqlCreator.onExecuteQuery
2018-10-10 08:05:32.798 [uncertain.proc] [CONFIG] [action] QueryFinish
2018-10-10 08:05:32.798 [uncertain.proc] [FINE] aurora.database.features.AutoQueryCounter.onQueryFinish
2018-10-10 08:05:32.802 [uncertain.proc] [CONFIG] [action] FetchResultSet
2018-10-10 08:05:32.802 [uncertain.proc] [FINE] aurora.database.features.CacheBasedLookUpField.postFetchResultSet
2018-10-10 08:05:32.802 [aurora.database] [CONFIG] 
============= BEGIN [query] SQL Statement execution dump ============

                SELECT
                    *
                FROM
                    (SELECT
                        l.exp_report_header_id,
                        l.exp_report_line_id,
                        (SELECT
                            erh.exp_report_number
                        FROM
                            exp_report_headers erh
                        WHERE
                            erh.exp_report_header_id = l.exp_report_header_id
                        ) exp_report_number,
                        (SELECT
                            erh.exp_report_type_id
                        FROM
                            exp_report_headers erh
                        WHERE
                            erh.exp_report_header_id = l.exp_report_header_id
                        ) exp_report_type_id,
                        
                        (SELECT tv.expense_report_type_code
                  		   FROM exp_expense_report_types_vl tv
                          WHERE tv.expense_report_type_id = (
                          	SELECT
                                	erh.exp_report_type_id
                           	  FROM
                                    exp_report_headers erh
                             WHERE
                                    erh.exp_report_header_id = l.exp_report_header_id
                        )) exp_report_type_code,
                        (SELECT
                            ert.description
                        FROM
                            exp_expense_report_types_vl ert
                        WHERE
                            ert.expense_report_type_id =
                            (SELECT
                                erh.exp_report_type_id
                            FROM
                                exp_report_headers erh
                            WHERE
                                erh.exp_report_header_id = l.exp_report_header_id
                            )
                        ) exp_report_type_desc,
                        l.line_number,
                        l.company_id,
                        (SELECT
                            fc.company_short_name
                        FROM
                            fnd_companies_vl fc
                        WHERE
                            fc.company_id = l.company_id
                        ) company_name,
                        l.report_amount,
                        l.tax_amount tax_amount,
                        l.sale_amount no_tax_amount,
                        l.invoice_number,
                        l.invoice_type,
                        TO_CHAR(l.invoice_date,'yyyy-mm-dd') invoice_date,
                        (SELECT
                            yit.type_name
                        FROM
                            exp_ygz_invoice_types yit
                        WHERE
                            yit.type_code = l.invoice_type
                        ) invoice_type_desc,
                        (SELECT
                            yit.special_invoice
                        FROM
                            exp_ygz_invoice_types yit
                        WHERE
                            yit.type_code = l.invoice_type
                        ) special_invoice,
                        l.usage_type,
                        (SELECT
                            yut.type_name
                        FROM
                            exp_ygz_usage_types yut
                        WHERE
                            yut.type_code    = l.usage_type AND
                            yut.enabled_flag = 'Y'
                        ) usage_type_desc,
                        TO_CHAR(l.creation_date,'yyyy-mm-dd') creation_date,
                        l.invoice_status,
                        (SELECT
                            scv.code_value_name
                        FROM
                            sys_codes sc,
                            sys_code_values_vl scv
                        WHERE
                            sc.code_id     = scv.code_id AND
                            sc.code        = 'VMS_INVOICE_STATUS' AND
                            scv.code_value = l.invoice_status
                        ) invoice_status_desc,
                        (SELECT
                            erh.audit_flag
                        FROM
                            exp_report_headers erh
                        WHERE
                            erh.exp_report_header_id = l.exp_report_header_id
                        ) audit_flag,
                        decode((SELECT
                            erh.audit_flag
                        FROM
                            exp_report_headers erh
                        WHERE
                            erh.exp_report_header_id = l.exp_report_header_id
                        ),'Y','是','N','否',audit_flag) audit_flag_desc,
                        (l.roll_out_amount / l.tax_amount) roll_out_per,
                        l.roll_out_amount,
                        l.invoice_code,
                        (SELECT
                            TO_CHAR(REPORT_DATE,'yyyy-mm-dd')
                        FROM
                            exp_report_headers erh
                        WHERE
                            erh.exp_report_header_id = l.exp_report_header_id
                        ) report_date,
                        l.adjusted_full_deductions,
                        l.adjusted_partial_deductions,
                        l.adjustable_tax_deductible,
                        l.invoice_amount,
                        l.invoice_tax_amount,
                        l.tax_rate * 100 tax_rate,
                        l.sale_amount,
                        l.deductions_remark,
                        l.input_tax_structure_detail,
                        (select s.type_name from EXP_YGZ_INPUT_TAX_STRUC_DTL s where s.type_code = l.input_tax_structure_detail) input_tax_struc_detail_desc,
                        l.report_status,
                        
                        (select scv.code_value_name
  						  from sys_code_values_v scv, sys_codes scs
 						 where scv.code_id = scs.code_id
   						   and scs.code = 'EXP_EXPENSE_REPORT_STATUS'
   						   and scv.code_value = l.report_status) report_status_desc,
                        
                        (SELECT
                            TO_CHAR(h.audit_date, 'yyyy-mm-dd')
                        FROM
                            exp_report_headers h
                        WHERE
                            h.exp_report_header_id = l.exp_report_header_id
                        ) audit_date,
                        (SELECT
                            h.company_id
                        FROM
                            exp_report_headers h
                        WHERE
                            h.exp_report_header_id = l.exp_report_header_id
                        ) header_company_id
                    FROM
                        exp_report_lines l
                    WHERE
                        NVL(l.usage_status,'N') = 'N' AND
                        EXISTS
                        (SELECT
                            1
                        FROM
                            exp_ygz_invoice_types yit
                        WHERE
                            yit.type_code       = l.invoice_type AND
                            yit.special_invoice = 'Y'
                        ) AND
                        EXISTS
                        (SELECT
                            1
                        FROM
                            exp_report_headers erh
                        WHERE
                            erh.exp_report_header_id = l.exp_report_header_id AND
                            erh.report_status        = 'COMPLETELY_APPROVED' AND
                            erh.audit_flag           = 'Y'
                            --AND nvl(erh.write_off_status,'N') = 'N'
                        ) AND
                        l.confirm_deductions = 'Y' AND
                        (
                            l.usage_type NOT     IN('YT001','YT005') OR
                            l.invoice_tax_amount IS NOT NULL
                        )
                    ) v  WHERE v.header_company_id = ? AND v.exp_report_number like '%'||trim(?)||'%' AND v.usage_type like ? AND v.audit_flag=? ORDER BY v.exp_report_number desc,v.line_number
            
---------------------Binding info---------------------
No.1	Access path:/session/@company_id	Data type of passed value :java.lang.String	Value:835	Output:false	Database Type:null	
No.2	Access path:@exp_report_number	Data type of passed value :java.lang.String	Value:BX8600000181000002	Output:false	Database Type:null	
No.3	Access path:@usage_type	Data type of passed value :java.lang.String	Value:YT005	Output:false	Database Type:null	
No.4	Access path:@audit_flag	Data type of passed value :java.lang.String	Value:Y	Output:false	Database Type:null	

=============== END [query] SQL Statement execution dump ============

2018-10-10 08:05:32.802 [uncertain.proc] [CONFIG] [action] CreateSuccessResponse
