2018-10-21 08:09:14.201 [aurora.application.session_check] [CONFIG] Session data copied to context
2018-10-21 08:09:14.201 [aurora.application.session_check] [CONFIG] Checking BM access expm.exp_report_headers_query_formaintain for operation query
2018-10-21 08:09:14.202 [aurora.application.session_check] [CONFIG] Result from aurora.bm.DefaultAccessChecker@43118be6 is true
2018-10-21 08:09:14.202 [uncertain.proc] [CONFIG] [action] AccessCheck
2018-10-21 08:09:14.204 [uncertain.proc] [CONFIG] [action] CheckServiceLock
2018-10-21 08:09:14.204 [uncertain.proc] [CONFIG] [action] ParseParameter
2018-10-21 08:09:14.204 [uncertain.proc] [CONFIG] [action] ValidateInput
2018-10-21 08:09:14.204 [uncertain.proc] [CONFIG] [action] InvokeService
2018-10-21 08:09:14.204 [aurora.database] [CONFIG] ===================================== prepare to run model-query expm.exp_report_headers_query_formaintain==============================
2018-10-21 08:09:14.208 [uncertain.proc] [CONFIG] [action] DecideSqlGenerationMode
2018-10-21 08:09:14.208 [uncertain.proc] [FINE] aurora.database.service.BusinessModelService.onDecideSqlGenerationMode
2018-10-21 08:09:14.208 [uncertain.proc] [CONFIG] [action] CreateOperationSql
2018-10-21 08:09:14.208 [uncertain.proc] [CONFIG] [action] PopulateOperationSql
2018-10-21 08:09:14.208 [uncertain.proc] [FINE] aurora.database.features.OrderByClauseCreator.onPopulateOperationSql
2018-10-21 08:09:14.208 [uncertain.proc] [FINE] aurora.database.features.WhereClauseCreator.onPopulateOperationSql
2018-10-21 08:09:14.208 [uncertain.proc] [CONFIG] [action] ExecuteQuery
2018-10-21 08:09:14.208 [uncertain.proc] [FINE] aurora.bm.QuerySqlCreator.onExecuteQuery
2018-10-21 08:09:14.211 [uncertain.proc] [CONFIG] [action] QueryFinish
2018-10-21 08:09:14.211 [uncertain.proc] [FINE] aurora.database.features.AutoQueryCounter.onQueryFinish
2018-10-21 08:09:14.214 [uncertain.proc] [CONFIG] [action] FetchResultSet
2018-10-21 08:09:14.214 [uncertain.proc] [FINE] aurora.database.features.CacheBasedLookUpField.postFetchResultSet
2018-10-21 08:09:14.214 [aurora.database] [CONFIG] 
============= BEGIN [query] SQL Statement execution dump ============

                SELECT
                    *
                FROM
                    (SELECT
                        s.exp_report_header_id,
                        (SELECT
                            cch.contract_number
                        FROM
                            con_contract_headers cch,
                            con_document_flows s
                        WHERE
                            contract_header_id     = s.document_id AND
                            s.document_type        = 'CON_CONTRACT_HEADERS' AND
                            s.source_document_type = 'EXP_REPORT_HEADERS' AND
                            s.source_document_id   = s.exp_report_header_id
                        ) contact_number,
                        s.exp_report_number ,
                        s.employee_id,
                        s.audit_flag,
                        TO_CHAR(s.audit_date, 'yyyy-mm-dd') audit_date,
                        (SELECT
                            employee_code
                        FROM
                            exp_employees es
                        WHERE
                            es.employee_id = s.employee_id
                        ) employee_code,
                        (SELECT es.name FROM exp_employees es WHERE es.employee_id = s.employee_id
                        ) employee_name,
                        s.payee_category,
                        (SELECT
                            code_value_name
                        FROM
                            sys_code_values_vl b,
                            sys_codes a
                        WHERE
                            b.code_id  = a.code_id AND
                            a.code     = 'PAYMENT_OBJECT' AND
                            code_value = s.payee_category
                        ) payee_category_name,
                        s.payee_id,
                        DECODE(s.payee_category, 'EMPLOYEE',
                        (SELECT
                            employee_code
                            || '-'
                            || name
                        FROM
                            exp_employees ee
                        WHERE
                            ee.employee_id = s.payee_id
                        ), 'CUSTOMER',
                        (SELECT
                            vc.customer_code
                            || '-'
                            || vc.description
                        FROM
                            ord_system_customers_vl vc
                        WHERE
                            vc.customer_id = s.payee_id
                        ),
                        (SELECT
                            vv.vender_code
                            || '-'
                            || vv.description
                        FROM
                            pur_system_venders_vl vv
                        WHERE
                            vv.vender_id = s.payee_id
                        )) payee_name,
                        s.currency_code,
                        (SELECT
                            gcv.currency_name
                        FROM
                            gld_currency_vl gcv
                        WHERE
                            gcv.currency_code = s.currency_code
                        ) currency_name,
                        s.exchange_rate_type,
                        s.exchange_rate_quotation,
                        (SELECT
                            SUM(t.report_amount)
                        FROM
                            exp_report_lines t
                        WHERE
                            t.exp_report_header_id = s.exp_report_header_id
                        ) quarter_num,
                        (SELECT
                            SUM(t.report_functional_amount)
                        FROM
                            exp_report_lines t
                        WHERE
                            t.exp_report_header_id = s.exp_report_header_id
                        ) quarter_num_fun,
                        s.period_name,
                        s.je_creation_status,
                        s.gld_interface_flag,
                        s.created_by,
                        s.last_updated_by,
                        s.last_update_date,
                        TO_CHAR(s.report_date, 'YYYY-MM-DD') report_date,
                        s.exp_report_type_id ,
                        (SELECT
                            erpv.description
                        FROM
                            exp_expense_report_types_vl erpv
                        WHERE
                            erpv.expense_report_type_id = s.exp_report_type_id
                        ) type_description,
                        (SELECT
                            erpv.expense_requisition_type_code
                        FROM
                            exp_expense_req_types_vl erpv
                        WHERE
                            erpv.expense_requisition_type_id = s.exp_report_type_id
                        ) type_code,
                        s.description,
                        s.report_status report_status_value,
                        (SELECT
                            b.code_value_name
                        FROM
                            sys_codes_vl a,
                            sys_code_values_vl b
                        WHERE
                            a.code_id    = b.code_id AND
                            a.code       = 'EXP_EXPENSE_REPORT_STATUS' AND
                            b.code_value = s.report_status
                        ) report_status,
                        s.creation_date,
                        TO_CHAR(s.creation_date, 'yyyy-mm-dd') creation_date1,
                        (SELECT
                            NVL(SUM(w.csh_write_off_amount), 0)
                        FROM
                            csh_write_off w
                        WHERE
                            w.document_source    = 'EXPENSE_REPORT' AND
                            w.document_header_id = s.exp_report_header_id
                        ) payed_amount,
                        (SELECT
                            SUM(erps.due_amount)
                        FROM
                            exp_report_pmt_schedules erps
                        WHERE
                            erps.exp_report_header_id = s.exp_report_header_id
                        ) -
                        (SELECT
                            NVL(SUM(w.csh_write_off_amount), 0)
                        FROM
                            csh_write_off w
                        WHERE
                            w.document_source    = 'EXPENSE_REPORT' AND
                            w.document_header_id = s.exp_report_header_id
                        ) unpayment_amount,
                        (SELECT
                            NVL(et.report_name, 'exp_report_batch.rptdesign')
                        FROM
                            exp_expense_report_types et
                        WHERE
                            et.expense_report_type_id = s.exp_report_type_id AND
                            et.company_id             = s.company_id
                        ) report_name,
                        NVL(s.reversed_flag,'N') reversed_flag,
                        (SELECT
                            b.code_value_name
                        FROM
                            sys_codes_vl a,
                            sys_code_values_vl b
                        WHERE
                            a.code_id    = b.code_id AND
                            a.code       ='CSH_REVERSE_SELECT' AND
                            b.code_value = NVL(s.reversed_flag,'N')
                        ) reversed_flag_name,
                        DECODE(s.reversed_flag, 'W',
                        (SELECT
                            h.exp_report_number
                        FROM
                            exp_report_headers h
                        WHERE
                            h.source_exp_rep_header_id = s.exp_report_header_id
                        ), '') reverse_number,
                        DECODE(s.reversed_flag, 'R',
                        (SELECT
                            h.exp_report_number
                        FROM
                            exp_report_headers h
                        WHERE
                            h.exp_report_header_id = s.source_exp_rep_header_id
                        ), '') reversed_number,
                        pv.page_name
                    FROM
                        exp_report_headers s,
                        exp_expense_report_types ert,
                        exp_report_type_pages_v pv,
                        (SELECT DISTINCT
                            t2.employee_id
                        FROM
                            exp_document_authorities a,
                            exp_employee_assigns t,
                            exp_employee_assigns t2,
                            exp_org_position p,
                            exp_org_unit u,
                            sys_user su
                        WHERE
                            su.user_id      = ? AND
                            a.document_type = '02' AND
                            (
                                a.granted_position_id IS NULL OR
                                (
                                    a.granted_position_id = t.position_id AND
                                    t.enabled_flag        = 'Y' AND
                                    t.company_id          = a.company_id AND
                                    t.employee_id         = su.employee_id
                                )
                            )
                            AND
                            NVL(a.granted_employee_id, su.employee_id ) = su.employee_id AND
                            t2.enabled_flag                             = 'Y' AND
                            p.enabled_flag                              = 'Y' AND
                            u.enabled_flag                              = 'Y' AND
                            p.position_id                               = t2.position_id AND
                            u.unit_id                                   = p.unit_id AND
                            a.start_date                               <= sysdate AND
                            (
                                a.end_date IS NULL OR
                                a.end_date + 1 >= sysdate
                            )
                            AND
                            a.maintenance_authority = 'Y' AND
                            t2.company_id           = a.company_id AND
                            (
                                a.org_unit_id IS NULL OR
                                a.org_unit_id  = u.unit_id
                            )
                            AND
                            (
                                a.position_id IS NULL OR
                                a.position_id  = p.position_id
                            )
                            AND
                            (
                                a.employee_id IS NULL OR
                                a.employee_id  = t2.employee_id
                            )
                        UNION
                        SELECT
                            su2.employee_id
                        FROM
                            sys_user su2
                        WHERE
                            su2.user_id = ?
                        ) x
                    WHERE
                        s.company_id                                                                                = ? AND
                        ert.expense_report_type_id                                                                  = s.exp_report_type_id AND
                        ert.document_page_type                                                                      = pv.page_type AND
                        pv.page_usage                                                                               = 'UPDATE' AND
                        report_status                                                                              IN ( 'GENERATE','REJECTED','TAKEN_BACK') AND
                        sys_user_secure_exit_pkg.exp_report_update(s.exp_report_header_id, ?) = 'Y' AND
                        s.employee_id                                                                               = x.employee_id
                    ) v 
                ORDER BY
                    exp_report_header_id DESC
            
---------------------Binding info---------------------
No.1	Access path:/session/@user_id	Data type of passed value :java.lang.Long	Value:2252	Output:false	Database Type:null	
No.2	Access path:/session/@user_id	Data type of passed value :java.lang.Long	Value:2252	Output:false	Database Type:null	
No.3	Access path:/session/@company_id	Data type of passed value :java.lang.Integer	Value:2575	Output:false	Database Type:null	
No.4	Access path:/session/@session_id	Data type of passed value :java.lang.Long	Value:55554	Output:false	Database Type:null	

=============== END [query] SQL Statement execution dump ============

2018-10-21 08:09:14.214 [uncertain.proc] [CONFIG] [action] CreateSuccessResponse
