2018-10-22 12:17:55.565 [aurora.application.session_check] [CONFIG] Session data copied to context
2018-10-22 12:17:55.565 [aurora.application.session_check] [CONFIG] Checking BM access expm.exp_expense_req_types_lov for operation query
2018-10-22 12:17:55.566 [aurora.application.session_check] [CONFIG] Result from aurora.bm.DefaultAccessChecker@1d711431 is true
2018-10-22 12:17:55.566 [uncertain.proc] [CONFIG] [action] AccessCheck
2018-10-22 12:17:55.567 [uncertain.proc] [CONFIG] [action] CheckServiceLock
2018-10-22 12:17:55.567 [uncertain.proc] [CONFIG] [action] ParseParameter
2018-10-22 12:17:55.567 [uncertain.proc] [CONFIG] [action] ValidateInput
2018-10-22 12:17:55.567 [uncertain.proc] [CONFIG] [action] InvokeService
2018-10-22 12:17:55.567 [aurora.database] [CONFIG] ===================================== prepare to run model-query expm.exp_expense_req_types_lov==============================
2018-10-22 12:17:55.570 [uncertain.proc] [CONFIG] [action] DecideSqlGenerationMode
2018-10-22 12:17:55.570 [uncertain.proc] [FINE] aurora.database.service.BusinessModelService.onDecideSqlGenerationMode
2018-10-22 12:17:55.570 [uncertain.proc] [CONFIG] [action] CreatequeryStatement
2018-10-22 12:17:55.570 [uncertain.proc] [FINE] aurora.bm.QuerySqlCreator.onCreateQueryStatement
2018-10-22 12:17:55.570 [uncertain.proc] [CONFIG] [action] PopulatequeryStatement
2018-10-22 12:17:55.570 [uncertain.proc] [FINE] aurora.database.features.OrderByClauseCreator.onPopulateQueryStatement
2018-10-22 12:17:55.570 [uncertain.proc] [FINE] aurora.database.features.WhereClauseCreator.onPopulateQueryStatement
2018-10-22 12:17:55.570 [uncertain.proc] [CONFIG] [action] CreatequerySql
2018-10-22 12:17:55.570 [uncertain.proc] [FINE] aurora.bm.QuerySqlCreator.onCreateQuerySql
2018-10-22 12:17:55.570 [uncertain.proc] [CONFIG] [action] ExecuteQuery
2018-10-22 12:17:55.570 [uncertain.proc] [FINE] aurora.bm.QuerySqlCreator.onExecuteQuery
2018-10-22 12:17:55.571 [uncertain.proc] [CONFIG] [action] QueryFinish
2018-10-22 12:17:55.571 [uncertain.proc] [FINE] aurora.database.features.AutoQueryCounter.onQueryFinish
2018-10-22 12:17:55.571 [uncertain.proc] [CONFIG] [action] FetchResultSet
2018-10-22 12:17:55.571 [uncertain.proc] [FINE] aurora.database.features.CacheBasedLookUpField.postFetchResultSet
2018-10-22 12:17:55.571 [aurora.database] [CONFIG] 
============= BEGIN [query] SQL Statement execution dump ============
SELECT t1.EXPENSE_REQUISITION_TYPE_ID,t1.EXPENSE_REQUISITION_TYPE_CODE,t1.DESCRIPTION,t1.CURRENCY_CODE
FROM EXP_EXPENSE_REQ_TYPES_VL t1
WHERE  t1.company_id=?
ORDER BY expense_requisition_type_code
---------------------Binding info---------------------
No.1	Access path:/session/@company_id	Data type of passed value :java.lang.String	Value:835	Output:false	Database Type:null	

=============== END [query] SQL Statement execution dump ============

2018-10-22 12:17:55.571 [uncertain.proc] [CONFIG] [action] CreateSuccessResponse
