2018-10-18 06:50:32.359 [aurora.application.session_check] [CONFIG] Session data copied to context
2018-10-18 06:50:32.359 [aurora.application.session_check] [CONFIG] Checking BM access expm.EXP2110.exp_rep_ref_dimension_dvc_lov for operation query
2018-10-18 06:50:32.360 [aurora.application.session_check] [CONFIG] Result from aurora.bm.DefaultAccessChecker@4bd6fe53 is true
2018-10-18 06:50:32.360 [uncertain.proc] [CONFIG] [action] AccessCheck
2018-10-18 06:50:32.362 [uncertain.proc] [CONFIG] [action] CheckServiceLock
2018-10-18 06:50:32.362 [uncertain.proc] [CONFIG] [action] ParseParameter
2018-10-18 06:50:32.362 [uncertain.proc] [CONFIG] [action] ValidateInput
2018-10-18 06:50:32.362 [uncertain.proc] [CONFIG] [action] InvokeService
2018-10-18 06:50:32.362 [aurora.database] [CONFIG] ===================================== prepare to run model-query expm.EXP2110.exp_rep_ref_dimension_dvc_lov==============================
2018-10-18 06:50:32.368 [uncertain.proc] [CONFIG] [action] DecideSqlGenerationMode
2018-10-18 06:50:32.368 [uncertain.proc] [FINE] aurora.database.service.BusinessModelService.onDecideSqlGenerationMode
2018-10-18 06:50:32.368 [uncertain.proc] [CONFIG] [action] CreateOperationSql
2018-10-18 06:50:32.368 [uncertain.proc] [CONFIG] [action] PopulateOperationSql
2018-10-18 06:50:32.368 [uncertain.proc] [FINE] aurora.database.features.OrderByClauseCreator.onPopulateOperationSql
2018-10-18 06:50:32.368 [uncertain.proc] [FINE] aurora.database.features.WhereClauseCreator.onPopulateOperationSql
2018-10-18 06:50:32.368 [uncertain.proc] [CONFIG] [action] ExecuteQuery
2018-10-18 06:50:32.368 [uncertain.proc] [FINE] aurora.bm.QuerySqlCreator.onExecuteQuery
2018-10-18 06:50:32.370 [uncertain.proc] [CONFIG] [action] QueryFinish
2018-10-18 06:50:32.370 [uncertain.proc] [FINE] aurora.database.features.AutoQueryCounter.onQueryFinish
2018-10-18 06:50:32.371 [uncertain.proc] [CONFIG] [action] FetchResultSet
2018-10-18 06:50:32.371 [uncertain.proc] [FINE] aurora.database.features.CacheBasedLookUpField.postFetchResultSet
2018-10-18 06:50:32.371 [aurora.database] [CONFIG] 
============= BEGIN [query] SQL Statement execution dump ============

                SELECT
                    *
                FROM
                    (SELECT
                        t.dimension_id,
                        t.dimension_value_id,
                        t.dimension_value_code,
                        t.description,
                        t.company_id,
                        t.enabled_flag,
                        t.project_type,
                        t.project_status
                    FROM
                        fnd_dimension_values_v t
                    WHERE
                        EXISTS
                        (SELECT
                            1
                        FROM
                            fnd_unit_dim_value_ccbl f
                        WHERE
                            f.unit_id           =NVL(?,f.unit_id) AND
                            f.dimension_value_id= DECODE(?,NULL,f.dimension_value_id,t.dimension_value_id)
                        )
                    )t  WHERE dimension_id=? AND company_id = nvl(?,?) AND enabled_flag='Y' AND (t.project_status is null or t.project_status = '10')
                ORDER BY
                    dimension_value_code
            
---------------------Binding info---------------------
No.1	Access path:@unit_id	Data type of passed value :[null]	Value:null	Output:false	Database Type:null	
No.2	Access path:@unit_id	Data type of passed value :[null]	Value:null	Output:false	Database Type:null	
No.3	Access path:@dimension_id	Data type of passed value :java.lang.String	Value:11	Output:false	Database Type:null	
No.4	Access path:@company_id	Data type of passed value :java.lang.String	Value:2555	Output:false	Database Type:null	
No.5	Access path:/session/@company_id	Data type of passed value :java.lang.Integer	Value:2555	Output:false	Database Type:null	

=============== END [query] SQL Statement execution dump ============

2018-10-18 06:50:32.371 [uncertain.proc] [CONFIG] [action] CreateSuccessResponse
