2018-10-15 02:20:51.934 [aurora.application.session_check] [CONFIG] Session data copied to context
2018-10-15 02:20:51.934 [aurora.application.session_check] [CONFIG] Checking BM access expm.EXP1320.exp_policy_place_query for operation query
2018-10-15 02:20:51.936 [aurora.application.session_check] [CONFIG] Result from aurora.bm.DefaultAccessChecker@7399d333 is true
2018-10-15 02:20:51.936 [uncertain.proc] [CONFIG] [action] AccessCheck
2018-10-15 02:20:51.938 [uncertain.proc] [CONFIG] [action] CheckServiceLock
2018-10-15 02:20:51.938 [uncertain.proc] [CONFIG] [action] ParseParameter
2018-10-15 02:20:51.938 [uncertain.proc] [CONFIG] [action] ValidateInput
2018-10-15 02:20:51.938 [uncertain.proc] [CONFIG] [action] InvokeService
2018-10-15 02:20:51.938 [aurora.database] [CONFIG] ===================================== prepare to run model-query expm.EXP1320.exp_policy_place_query==============================
2018-10-15 02:20:51.949 [uncertain.proc] [CONFIG] [action] DecideSqlGenerationMode
2018-10-15 02:20:51.949 [uncertain.proc] [FINE] aurora.database.service.BusinessModelService.onDecideSqlGenerationMode
2018-10-15 02:20:51.949 [uncertain.proc] [CONFIG] [action] CreatequeryStatement
2018-10-15 02:20:51.949 [uncertain.proc] [FINE] aurora.bm.QuerySqlCreator.onCreateQueryStatement
2018-10-15 02:20:51.956 [uncertain.proc] [CONFIG] [action] PopulatequeryStatement
2018-10-15 02:20:51.956 [uncertain.proc] [FINE] aurora.database.features.OrderByClauseCreator.onPopulateQueryStatement
2018-10-15 02:20:51.956 [uncertain.proc] [FINE] aurora.database.features.WhereClauseCreator.onPopulateQueryStatement
2018-10-15 02:20:51.956 [uncertain.proc] [CONFIG] [action] CreatequerySql
2018-10-15 02:20:51.956 [uncertain.proc] [FINE] aurora.bm.QuerySqlCreator.onCreateQuerySql
2018-10-15 02:20:51.957 [uncertain.proc] [CONFIG] [action] ExecuteQuery
2018-10-15 02:20:51.957 [uncertain.proc] [FINE] aurora.bm.QuerySqlCreator.onExecuteQuery
2018-10-15 02:20:52.31 [uncertain.proc] [CONFIG] [action] QueryFinish
2018-10-15 02:20:52.31 [uncertain.proc] [FINE] aurora.database.features.AutoQueryCounter.onQueryFinish
2018-10-15 02:20:52.35 [uncertain.proc] [CONFIG] [action] FetchResultSet
2018-10-15 02:20:52.35 [uncertain.proc] [FINE] aurora.database.features.CacheBasedLookUpField.postFetchResultSet
2018-10-15 02:20:52.38 [aurora.database] [CONFIG] 
============= BEGIN [query] SQL Statement execution dump ============
SELECT p.place_id,p.place_code,p.enabled_flag,p.description_id,(select DESCRIPTION_TEXT from fnd_descriptions where DESCRIPTION_ID=p.description_id and Language=?) AS place_desc,p.district_id,(select DESCRIPTION_TEXT from fnd_descriptions where DESCRIPTION_ID=pd.description_id and Language=?) AS district_desc,pd.description_id AS district_description_id,pd.district_code
FROM exp_policy_places p
	LEFT OUTER JOIN exp_policy_districts pd ON p.district_id = pd.district_id

ORDER BY place_code
---------------------Binding info---------------------
No.1	Access path:/session/@lang	Data type of passed value :java.lang.String	Value:ZHS	Output:false	Database Type:null	
No.2	Access path:/session/@lang	Data type of passed value :java.lang.String	Value:ZHS	Output:false	Database Type:null	

=============== END [query] SQL Statement execution dump ============

2018-10-15 02:20:52.38 [uncertain.proc] [CONFIG] [action] CreateSuccessResponse
