2018-09-29 09:33:29.463 [aurora.application.session_check] [CONFIG] Session data copied to context
2018-09-29 09:33:29.463 [aurora.application.session_check] [CONFIG] Checking BM access expm.EXP2110.exp_expense_report_types_define for operation query
2018-09-29 09:33:29.464 [aurora.application.session_check] [CONFIG] Result from aurora.bm.DefaultAccessChecker@6f6c7fdc is true
2018-09-29 09:33:29.464 [uncertain.proc] [CONFIG] [action] AccessCheck
2018-09-29 09:33:29.465 [uncertain.proc] [CONFIG] [action] CheckServiceLock
2018-09-29 09:33:29.465 [uncertain.proc] [CONFIG] [action] ParseParameter
2018-09-29 09:33:29.465 [uncertain.proc] [CONFIG] [action] ValidateInput
2018-09-29 09:33:29.465 [uncertain.proc] [CONFIG] [action] InvokeService
2018-09-29 09:33:29.465 [aurora.database] [CONFIG] ===================================== prepare to run model-query expm.EXP2110.exp_expense_report_types_define==============================
2018-09-29 09:33:29.469 [uncertain.proc] [CONFIG] [action] DecideSqlGenerationMode
2018-09-29 09:33:29.469 [uncertain.proc] [FINE] aurora.database.service.BusinessModelService.onDecideSqlGenerationMode
2018-09-29 09:33:29.469 [uncertain.proc] [CONFIG] [action] CreateOperationSql
2018-09-29 09:33:29.469 [uncertain.proc] [CONFIG] [action] PopulateOperationSql
2018-09-29 09:33:29.469 [uncertain.proc] [FINE] aurora.database.features.OrderByClauseCreator.onPopulateOperationSql
2018-09-29 09:33:29.469 [uncertain.proc] [FINE] aurora.database.features.WhereClauseCreator.onPopulateOperationSql
2018-09-29 09:33:29.469 [uncertain.proc] [CONFIG] [action] ExecuteQuery
2018-09-29 09:33:29.469 [uncertain.proc] [FINE] aurora.bm.QuerySqlCreator.onExecuteQuery
2018-09-29 09:33:29.471 [uncertain.proc] [CONFIG] [action] QueryFinish
2018-09-29 09:33:29.471 [uncertain.proc] [FINE] aurora.database.features.AutoQueryCounter.onQueryFinish
2018-09-29 09:33:29.471 [uncertain.proc] [CONFIG] [action] FetchResultSet
2018-09-29 09:33:29.471 [uncertain.proc] [FINE] aurora.database.features.CacheBasedLookUpField.postFetchResultSet
2018-09-29 09:33:29.471 [aurora.database] [CONFIG] 
============= BEGIN [query] SQL Statement execution dump ============

    			select t.expense_report_type_id,
				       t.company_id,
				       t.expense_report_type_code,
				       t.description,
				       t.currency_code,
				       t.coding_rule,
				       t.enabled_flag,
				       t.line_number_beginning,
				       t.step_length,
				       t.auto_approve_flag,
				       t.auto_audit_flag,
				       t.payment_object ,
				       a.code_value_name ,
				       t.req_required_flag,
				       t.adjustment_flag,
				       a.code_value_id ,
				       t.report_name,
				       t.payment_flag,
				       t.amortization_flag,
				       t.reserve_budget,
				       t.template_flag,
				       t.budget_control_enabled,
				       t.payment_method,
				       t.payment_method_desc,
				       t.mobile_approve,
                       t.mobile_fill,
                       t.app_documents_icon,
				        (select count(1) from exp_report_headers erh where erh.exp_report_type_id = t.expense_report_type_id) exp_rep_count,
				       decode((select *
				                from (SELECT u.expense_report_type_id
				                        FROM EXP_EXPENSE_REPORT_TYPES u
				                       WHERE EXISTS (SELECT 1
				                                FROM EXP_REPORT_HEADERS H
				                               WHERE H.EXP_REPORT_TYPE_ID =
				                                     u.EXPENSE_REPORT_TYPE_ID)) l
				               where l.expense_report_type_id = t.expense_report_type_id),
				              '',
				              'Y',
				              'N') flag,
				       t.document_page_type,
				       (select v.code_value_name from sys_code_values_vl v where v.code_id = (select c.code_id from sys_codes c where c.code = 'DOCUMENT_PAGE_TYPE')
						and v.code_value = t.document_page_type) as document_page_type_display,
					   t.company_flag,
                       t.unit_flag,
                       t.ref_pay_flag,
                       t.ref_gather_flag
				  from exp_expense_report_types_vl t,
				       (select v.code_value, v.code_value_name, v.code_value_id
				          from sys_codes_vl t, sys_code_values_vl v
				         where t.code_id = v.code_id
				           and t.code = 'PAYMENT_OBJECT') a
				   WHERE t.payment_object = a.code_value(+) and t.company_id =? 
				  ORDER BY t.expense_report_type_code,t.enabled_flag
				   
    		
---------------------Binding info---------------------
No.1	Access path:/session/@company_id	Data type of passed value :java.lang.Integer	Value:2537	Output:false	Database Type:null	

=============== END [query] SQL Statement execution dump ============

2018-09-29 09:33:29.472 [uncertain.proc] [CONFIG] [action] CreateSuccessResponse
