2018-10-16 01:49:32.637 [aurora.application.session_check] [CONFIG] Session data copied to context
2018-10-16 01:49:32.637 [aurora.application.session_check] [CONFIG] Checking BM access expm.EXP1310.exp_policy_place_list_district_lov for operation query
2018-10-16 01:49:32.638 [aurora.application.session_check] [CONFIG] Result from aurora.bm.DefaultAccessChecker@1daa9ec6 is true
2018-10-16 01:49:32.638 [uncertain.proc] [CONFIG] [action] AccessCheck
2018-10-16 01:49:32.640 [uncertain.proc] [CONFIG] [action] CheckServiceLock
2018-10-16 01:49:32.640 [uncertain.proc] [CONFIG] [action] ParseParameter
2018-10-16 01:49:32.640 [uncertain.proc] [CONFIG] [action] ValidateInput
2018-10-16 01:49:32.640 [uncertain.proc] [CONFIG] [action] InvokeService
2018-10-16 01:49:32.640 [aurora.database] [CONFIG] ===================================== prepare to run model-query expm.EXP1310.exp_policy_place_list_district_lov==============================
2018-10-16 01:49:32.643 [uncertain.proc] [CONFIG] [action] DecideSqlGenerationMode
2018-10-16 01:49:32.643 [uncertain.proc] [FINE] aurora.database.service.BusinessModelService.onDecideSqlGenerationMode
2018-10-16 01:49:32.643 [uncertain.proc] [CONFIG] [action] CreateOperationSql
2018-10-16 01:49:32.643 [uncertain.proc] [CONFIG] [action] PopulateOperationSql
2018-10-16 01:49:32.643 [uncertain.proc] [FINE] aurora.database.features.OrderByClauseCreator.onPopulateOperationSql
2018-10-16 01:49:32.643 [uncertain.proc] [FINE] aurora.database.features.WhereClauseCreator.onPopulateOperationSql
2018-10-16 01:49:32.643 [uncertain.proc] [CONFIG] [action] ExecuteQuery
2018-10-16 01:49:32.643 [uncertain.proc] [FINE] aurora.bm.QuerySqlCreator.onExecuteQuery
2018-10-16 01:49:32.645 [uncertain.proc] [CONFIG] [action] QueryFinish
2018-10-16 01:49:32.645 [uncertain.proc] [FINE] aurora.database.features.AutoQueryCounter.onQueryFinish
2018-10-16 01:49:32.646 [uncertain.proc] [CONFIG] [action] FetchResultSet
2018-10-16 01:49:32.646 [uncertain.proc] [FINE] aurora.database.features.CacheBasedLookUpField.postFetchResultSet
2018-10-16 01:49:32.646 [aurora.database] [CONFIG] 
============= BEGIN [query] SQL Statement execution dump ============

	            select * from (
					select r.district_id, r.district_code, r.district_desc,r.district_code ||'-'||r.district_desc as code_name
					  from exp_policy_districts_vl r
					 where r.enabled_flag(+) = 'Y')t
	             
	            order by district_code
           
---------------------Binding info---------------------
null
=============== END [query] SQL Statement execution dump ============

2018-10-16 01:49:32.646 [uncertain.proc] [CONFIG] [action] CreateSuccessResponse
