2018-10-10 06:13:09.934 [aurora.application.session_check] [CONFIG] Session data copied to context
2018-10-10 06:13:09.934 [aurora.application.session_check] [CONFIG] Checking BM access expm.exp_report_companies for operation query
2018-10-10 06:13:09.936 [aurora.application.session_check] [CONFIG] Result from aurora.bm.DefaultAccessChecker@1bfd9269 is true
2018-10-10 06:13:09.936 [uncertain.proc] [CONFIG] [action] AccessCheck
2018-10-10 06:13:09.937 [uncertain.proc] [CONFIG] [action] CheckServiceLock
2018-10-10 06:13:09.938 [uncertain.proc] [CONFIG] [action] ParseParameter
2018-10-10 06:13:09.938 [uncertain.proc] [CONFIG] [action] ValidateInput
2018-10-10 06:13:09.938 [uncertain.proc] [CONFIG] [action] InvokeService
2018-10-10 06:13:09.938 [aurora.database] [CONFIG] ===================================== prepare to run model-query expm.exp_report_companies==============================
2018-10-10 06:13:09.943 [uncertain.proc] [CONFIG] [action] DecideSqlGenerationMode
2018-10-10 06:13:09.944 [uncertain.proc] [FINE] aurora.database.service.BusinessModelService.onDecideSqlGenerationMode
2018-10-10 06:13:09.944 [uncertain.proc] [CONFIG] [action] CreateOperationSql
2018-10-10 06:13:09.944 [uncertain.proc] [CONFIG] [action] PopulateOperationSql
2018-10-10 06:13:09.944 [uncertain.proc] [FINE] aurora.database.features.OrderByClauseCreator.onPopulateOperationSql
2018-10-10 06:13:09.944 [uncertain.proc] [FINE] aurora.database.features.WhereClauseCreator.onPopulateOperationSql
2018-10-10 06:13:09.944 [uncertain.proc] [CONFIG] [action] ExecuteQuery
2018-10-10 06:13:09.944 [uncertain.proc] [FINE] aurora.bm.QuerySqlCreator.onExecuteQuery
2018-10-10 06:13:09.961 [uncertain.proc] [CONFIG] [action] QueryFinish
2018-10-10 06:13:09.961 [uncertain.proc] [FINE] aurora.database.features.AutoQueryCounter.onQueryFinish
2018-10-10 06:13:09.972 [uncertain.proc] [CONFIG] [action] FetchResultSet
2018-10-10 06:13:09.973 [uncertain.proc] [FINE] aurora.database.features.CacheBasedLookUpField.postFetchResultSet
2018-10-10 06:13:09.973 [aurora.database] [CONFIG] 
============= BEGIN [query] SQL Statement execution dump ============
select fc.company_id,
                  fc.company_code,
                  fc.company_short_name,
                  fc.company_code||'-'|| fc.company_short_name  report_company,
                  fc.set_of_books_id
             from fnd_companies_vl fc
             
                WHERE fc.company_type = 1               and fc.start_date_active <= sysdate               and (fc.end_date_active >= sysdate or                   fc.end_date_active is null)               and exists             (select 1                      from fnd_companies com                     where com.company_id = ?                       and com.set_of_books_id = fc.set_of_books_id)
               order by  company_code 
             
---------------------Binding info---------------------
No.1	Access path:/session/@company_id	Data type of passed value :java.lang.Integer	Value:835	Output:false	Database Type:null	

=============== END [query] SQL Statement execution dump ============

2018-10-10 06:13:09.973 [uncertain.proc] [CONFIG] [action] CreateSuccessResponse
