2018-10-18 06:19:14.404 [aurora.application.session_check] [CONFIG] Session data copied to context
2018-10-18 06:19:14.404 [aurora.application.session_check] [CONFIG] Checking BM access expm.EXP5140.exp_report_audit_account_query_control for operation query
2018-10-18 06:19:14.405 [aurora.application.session_check] [CONFIG] Result from aurora.bm.DefaultAccessChecker@32028ebf is true
2018-10-18 06:19:14.405 [uncertain.proc] [CONFIG] [action] AccessCheck
2018-10-18 06:19:14.407 [uncertain.proc] [CONFIG] [action] CheckServiceLock
2018-10-18 06:19:14.407 [uncertain.proc] [CONFIG] [action] ParseParameter
2018-10-18 06:19:14.407 [uncertain.proc] [CONFIG] [action] ValidateInput
2018-10-18 06:19:14.407 [uncertain.proc] [CONFIG] [action] InvokeService
2018-10-18 06:19:14.407 [aurora.database] [CONFIG] ===================================== prepare to run model-query expm.EXP5140.exp_report_audit_account_query_control==============================
2018-10-18 06:19:14.411 [uncertain.proc] [CONFIG] [action] DecideSqlGenerationMode
2018-10-18 06:19:14.411 [uncertain.proc] [FINE] aurora.database.service.BusinessModelService.onDecideSqlGenerationMode
2018-10-18 06:19:14.411 [uncertain.proc] [CONFIG] [action] CreateOperationSql
2018-10-18 06:19:14.411 [uncertain.proc] [CONFIG] [action] PopulateOperationSql
2018-10-18 06:19:14.411 [uncertain.proc] [FINE] aurora.database.features.OrderByClauseCreator.onPopulateOperationSql
2018-10-18 06:19:14.411 [uncertain.proc] [FINE] aurora.database.features.WhereClauseCreator.onPopulateOperationSql
2018-10-18 06:19:14.411 [uncertain.proc] [CONFIG] [action] ExecuteQuery
2018-10-18 06:19:14.411 [uncertain.proc] [FINE] aurora.bm.QuerySqlCreator.onExecuteQuery
2018-10-18 06:19:16.786 [uncertain.proc] [CONFIG] [action] QueryFinish
2018-10-18 06:19:16.786 [uncertain.proc] [FINE] aurora.database.features.AutoQueryCounter.onQueryFinish
2018-10-18 06:19:16.788 [uncertain.proc] [CONFIG] [action] FetchResultSet
2018-10-18 06:19:16.788 [uncertain.proc] [FINE] aurora.database.features.CacheBasedLookUpField.postFetchResultSet
2018-10-18 06:19:16.788 [aurora.database] [CONFIG] 
============= BEGIN [query] SQL Statement execution dump ============

            SELECT t2.* FROM (
   SELECT T.EXP_REPORT_DISTS_ID,
       T.EXP_REPORT_JE_LINE_ID,
       T.DESCRIPTION,
       T.JOURNAL_DATE,
       T.PERIOD_NAME,
       T.SOURCE_CODE,
       T.COMPANY_ID,
       FC.COMPANY_CODE,
       FC.COMPANY_SHORT_NAME,
       T.COMPANY_SEGMENT,
       T.RESPONSIBILITY_CENTER_ID  center_id,
       FRC.RESPONSIBILITY_CENTER_CODE  center_code,
       FRC.RESPONSIBILITY_CENTER_NAME,
       T.ACCOUNT_ID,
       GA.ACCOUNT_CODE,
       GA.ACCOUNT_CODE ACCOUNT_ID_DISPLAY,
       GA.DESCRIPTION  ACCOUNT_DESC,
       T.CURRENCY_CODE,
       T.EXCHANGE_RATE_TYPE,
       T.EXCHANGE_RATE_QUOTATION,
       T.EXCHANGE_RATE,
       T.ENTERED_AMOUNT_DR,
       T.ENTERED_AMOUNT_CR,
       T.FUNCTIONAL_AMOUNT_DR,
       T.FUNCTIONAL_AMOUNT_CR,
       T.GLD_INTERFACE_FLAG,
       t.account_segment1,
       t.account_segment2,
       (select eou.responsibility_center_code || '-' || eou.responsibility_center_name
		  from fnd_responsibility_centers_vl eou
		 where eou.responsibility_center_code = t.account_segment2
		   and eou.company_id = t.company_id
		   and rownum = 1
		) account_segment2_desc,
       t.account_segment3,
       t.account_segment4,
       (SELECT cgd.detail_code || '-' || cgd.description 
          from cux_gl_details cgd 
         where cgd.detail_code = t.account_segment4
           and rownum = 1) account_segment4_desc,
       t.account_segment5,
       t.account_segment6,
       (select fdv.dimension_value_code || '-' || fdv.description
		  from fnd_dimension_values_vl fdv, fnd_dimensions fd
		 where fdv.dimension_id = fd.dimension_id
		   and fd.dimension_code = 'PRODUCT'
		   and fdv.dimension_value_code = t.account_segment6) account_segment6_desc,
       t.account_segment7,
       t.account_segment8,
       t.account_segment9,
       (select cfi.cash_flow_line_number || '-' || cfi.description
          from csh_cash_flow_items_vl cfi
         where cfi.cash_flow_line_number = t.account_segment9) account_segment9_desc,
       t.account_segment10,
       t.account_segment11,
       t.account_segment12,
       t.account_segment13,
       t.account_segment14,
       t.account_segment15,
       t.account_segment16,
       t.account_segment17,
       t.account_segment18,
       t.account_segment19,
       t.account_segment20,
       t.je_category_code,
       (select gs.segment_id
		  from gld_rule_accounts   gra,
		       gld_rule_segments   grs,
		       gld_segments        gs 
		       where rownum = 1 and grs.rule_id = gra.rule_id  and gra.enabled_flag = 'Y' and grs.enabled_flag = 'Y' and gs.enabled_flag = 'Y'
		       and grs.segment_id = gs.segment_id 
		       and gra.account_id = t.account_id and exists (select 1 from gld_interface_rules r where r.set_of_books_id = fc.set_of_books_id and r.rule_id = grs.rule_id) and exists (select 1 from gld_interface_rules r where r.set_of_books_id = fc.set_of_books_id and r.rule_id = grs.rule_id)
		       and gs.segment_field = 'JOURNAL_CATEGORY') as seg_je_id,
       (select gs.segment_id
		  from gld_rule_accounts   gra,
		       gld_rule_segments   grs,
		       gld_segments        gs 
		       where rownum = 1 and grs.rule_id = gra.rule_id  and gra.enabled_flag = 'Y' and grs.enabled_flag = 'Y' and gs.enabled_flag = 'Y'
		       and grs.segment_id = gs.segment_id 
		       and gra.account_id = t.account_id and exists (select 1 from gld_interface_rules r where r.set_of_books_id = fc.set_of_books_id and r.rule_id = grs.rule_id) 
		       and gs.segment_field = 'SEGMENT1') as segment1_id,
		              (select gs.segment_id
		  from gld_rule_accounts   gra,
		       gld_rule_segments   grs,
		       gld_segments        gs 
		       where rownum = 1 and grs.rule_id = gra.rule_id  and gra.enabled_flag = 'Y' and grs.enabled_flag = 'Y' and gs.enabled_flag = 'Y'
		       and grs.segment_id = gs.segment_id 
		       and gra.account_id = t.account_id and exists (select 1 from gld_interface_rules r where r.set_of_books_id = fc.set_of_books_id and r.rule_id = grs.rule_id) 
		       and gs.segment_field = 'SEGMENT2') as segment2_id,
		              (select gs.segment_id
		  from gld_rule_accounts   gra,
		       gld_rule_segments   grs,
		       gld_segments        gs 
		       where rownum = 1 and grs.rule_id = gra.rule_id  and gra.enabled_flag = 'Y' and grs.enabled_flag = 'Y' and gs.enabled_flag = 'Y'
		       and grs.segment_id = gs.segment_id 
		       and gra.account_id = t.account_id and exists (select 1 from gld_interface_rules r where r.set_of_books_id = fc.set_of_books_id and r.rule_id = grs.rule_id) 
		       and gs.segment_field = 'SEGMENT3') as segment3_id,
		              (select gs.segment_id
		  from gld_rule_accounts   gra,
		       gld_rule_segments   grs,
		       gld_segments        gs 
		       where rownum = 1 and grs.rule_id = gra.rule_id  and gra.enabled_flag = 'Y' and grs.enabled_flag = 'Y' and gs.enabled_flag = 'Y'
		       and grs.segment_id = gs.segment_id 
		       and gra.account_id = t.account_id and exists (select 1 from gld_interface_rules r where r.set_of_books_id = fc.set_of_books_id and r.rule_id = grs.rule_id) 
		       and gs.segment_field = 'SEGMENT4') as segment4_id,
		              (select gs.segment_id
		  from gld_rule_accounts   gra,
		       gld_rule_segments   grs,
		       gld_segments        gs 
		       where rownum = 1 and grs.rule_id = gra.rule_id  and gra.enabled_flag = 'Y' and grs.enabled_flag = 'Y' and gs.enabled_flag = 'Y'
		       and grs.segment_id = gs.segment_id 
		       and gra.account_id = t.account_id and exists (select 1 from gld_interface_rules r where r.set_of_books_id = fc.set_of_books_id and r.rule_id = grs.rule_id) 
		       and gs.segment_field = 'SEGMENT5') as segment5_id,
		       (select gs.segment_id
		  from gld_rule_accounts   gra,
		       gld_rule_segments   grs,
		       gld_segments        gs 
		       where rownum = 1 and grs.rule_id = gra.rule_id  and gra.enabled_flag = 'Y' and grs.enabled_flag = 'Y' and gs.enabled_flag = 'Y'
		       and grs.segment_id = gs.segment_id 
		       and gra.account_id = t.account_id and exists (select 1 from gld_interface_rules r where r.set_of_books_id = fc.set_of_books_id and r.rule_id = grs.rule_id) 
		       and gs.segment_field = 'SEGMENT6') as segment6_id,
		              (select gs.segment_id
		  from gld_rule_accounts   gra,
		       gld_rule_segments   grs,
		       gld_segments        gs 
		       where rownum = 1 and grs.rule_id = gra.rule_id  and gra.enabled_flag = 'Y' and grs.enabled_flag = 'Y' and gs.enabled_flag = 'Y'
		       and grs.segment_id = gs.segment_id 
		       and gra.account_id = t.account_id and exists (select 1 from gld_interface_rules r where r.set_of_books_id = fc.set_of_books_id and r.rule_id = grs.rule_id) 
		       and gs.segment_field = 'SEGMENT7') as segment7_id,
		              (select gs.segment_id
		  from gld_rule_accounts   gra,
		       gld_rule_segments   grs,
		       gld_segments        gs 
		       where rownum = 1 and grs.rule_id = gra.rule_id  and gra.enabled_flag = 'Y' and grs.enabled_flag = 'Y' and gs.enabled_flag = 'Y'
		       and grs.segment_id = gs.segment_id 
		       and gra.account_id = t.account_id and exists (select 1 from gld_interface_rules r where r.set_of_books_id = fc.set_of_books_id and r.rule_id = grs.rule_id) 
		       and gs.segment_field = 'SEGMENT8') as segment8_id,
		              (select gs.segment_id
		  from gld_rule_accounts   gra,
		       gld_rule_segments   grs,
		       gld_segments        gs 
		       where rownum = 1 and grs.rule_id = gra.rule_id  and gra.enabled_flag = 'Y' and grs.enabled_flag = 'Y' and gs.enabled_flag = 'Y'
		       and grs.segment_id = gs.segment_id 
		       and gra.account_id = t.account_id and exists (select 1 from gld_interface_rules r where r.set_of_books_id = fc.set_of_books_id and r.rule_id = grs.rule_id) 
		       and gs.segment_field = 'SEGMENT9') as segment9_id,
		              (select gs.segment_id
		  from gld_rule_accounts   gra,
		       gld_rule_segments   grs,
		       gld_segments        gs 
		       where rownum = 1 and grs.rule_id = gra.rule_id  and gra.enabled_flag = 'Y' and grs.enabled_flag = 'Y' and gs.enabled_flag = 'Y'
		       and grs.segment_id = gs.segment_id 
		       and gra.account_id = t.account_id and exists (select 1 from gld_interface_rules r where r.set_of_books_id = fc.set_of_books_id and r.rule_id = grs.rule_id) 
		       and gs.segment_field = 'SEGMENT10') as segment10_id,
		       (select gs.segment_id
		  from gld_rule_accounts   gra,
		       gld_rule_segments   grs,
		       gld_segments        gs 
		       where rownum = 1 and grs.rule_id = gra.rule_id  and gra.enabled_flag = 'Y' and grs.enabled_flag = 'Y' and gs.enabled_flag = 'Y'
		       and grs.segment_id = gs.segment_id 
		       and gra.account_id = t.account_id and exists (select 1 from gld_interface_rules r where r.set_of_books_id = fc.set_of_books_id and r.rule_id = grs.rule_id) 
		       and gs.segment_field = 'SEGMENT11') as segment11_id,
		              (select gs.segment_id
		  from gld_rule_accounts   gra,
		       gld_rule_segments   grs,
		       gld_segments        gs 
		       where rownum = 1 and grs.rule_id = gra.rule_id  and gra.enabled_flag = 'Y' and grs.enabled_flag = 'Y' and gs.enabled_flag = 'Y'
		       and grs.segment_id = gs.segment_id 
		       and gra.account_id = t.account_id and exists (select 1 from gld_interface_rules r where r.set_of_books_id = fc.set_of_books_id and r.rule_id = grs.rule_id) 
		       and gs.segment_field = 'SEGMENT12') as segment12_id,
		              (select gs.segment_id
		  from gld_rule_accounts   gra,
		       gld_rule_segments   grs,
		       gld_segments        gs 
		       where rownum = 1 and grs.rule_id = gra.rule_id  and gra.enabled_flag = 'Y' and grs.enabled_flag = 'Y' and gs.enabled_flag = 'Y'
		       and grs.segment_id = gs.segment_id 
		       and gra.account_id = t.account_id and exists (select 1 from gld_interface_rules r where r.set_of_books_id = fc.set_of_books_id and r.rule_id = grs.rule_id) 
		       and gs.segment_field = 'SEGMENT13') as segment13_id,
		              (select gs.segment_id
		  from gld_rule_accounts   gra,
		       gld_rule_segments   grs,
		       gld_segments        gs 
		       where rownum = 1 and grs.rule_id = gra.rule_id  and gra.enabled_flag = 'Y' and grs.enabled_flag = 'Y' and gs.enabled_flag = 'Y'
		       and grs.segment_id = gs.segment_id 
		       and gra.account_id = t.account_id and exists (select 1 from gld_interface_rules r where r.set_of_books_id = fc.set_of_books_id and r.rule_id = grs.rule_id) 
		       and gs.segment_field = 'SEGMENT14') as segment14_id,
		              (select gs.segment_id
		  from gld_rule_accounts   gra,
		       gld_rule_segments   grs,
		       gld_segments        gs 
		       where rownum = 1 and grs.rule_id = gra.rule_id  and gra.enabled_flag = 'Y' and grs.enabled_flag = 'Y' and gs.enabled_flag = 'Y'
		       and grs.segment_id = gs.segment_id 
		       and gra.account_id = t.account_id and exists (select 1 from gld_interface_rules r where r.set_of_books_id = fc.set_of_books_id and r.rule_id = grs.rule_id) 
		       and gs.segment_field = 'SEGMENT15') as segment15_id,
		       (select gs.segment_id
		  from gld_rule_accounts   gra,
		       gld_rule_segments   grs,
		       gld_segments        gs 
		       where rownum = 1 and grs.rule_id = gra.rule_id  and gra.enabled_flag = 'Y' and grs.enabled_flag = 'Y' and gs.enabled_flag = 'Y'
		       and grs.segment_id = gs.segment_id 
		       and gra.account_id = t.account_id and exists (select 1 from gld_interface_rules r where r.set_of_books_id = fc.set_of_books_id and r.rule_id = grs.rule_id) 
		       and gs.segment_field = 'SEGMENT16') as segment16_id,
		              (select gs.segment_id
		  from gld_rule_accounts   gra,
		       gld_rule_segments   grs,
		       gld_segments        gs 
		       where rownum = 1 and grs.rule_id = gra.rule_id  and gra.enabled_flag = 'Y' and grs.enabled_flag = 'Y' and gs.enabled_flag = 'Y'
		       and grs.segment_id = gs.segment_id 
		       and gra.account_id = t.account_id and exists (select 1 from gld_interface_rules r where r.set_of_books_id = fc.set_of_books_id and r.rule_id = grs.rule_id) 
		       and gs.segment_field = 'SEGMENT17') as segment17_id,
		              (select gs.segment_id
		  from gld_rule_accounts   gra,
		       gld_rule_segments   grs,
		       gld_segments        gs 
		       where rownum = 1 and grs.rule_id = gra.rule_id  and gra.enabled_flag = 'Y' and grs.enabled_flag = 'Y' and gs.enabled_flag = 'Y'
		       and grs.segment_id = gs.segment_id 
		       and gra.account_id = t.account_id and exists (select 1 from gld_interface_rules r where r.set_of_books_id = fc.set_of_books_id and r.rule_id = grs.rule_id) 
		       and gs.segment_field = 'SEGMENT18') as segment18_id,
		              (select gs.segment_id
		  from gld_rule_accounts   gra,
		       gld_rule_segments   grs,
		       gld_segments        gs 
		       where rownum = 1 and grs.rule_id = gra.rule_id  and gra.enabled_flag = 'Y' and grs.enabled_flag = 'Y' and gs.enabled_flag = 'Y'
		       and grs.segment_id = gs.segment_id 
		       and gra.account_id = t.account_id and exists (select 1 from gld_interface_rules r where r.set_of_books_id = fc.set_of_books_id and r.rule_id = grs.rule_id) 
		       and gs.segment_field = 'SEGMENT19') as segment19_id,
		              (select gs.segment_id
		  from gld_rule_accounts   gra,
		       gld_rule_segments   grs,
		       gld_segments        gs 
		       where rownum = 1 and grs.rule_id = gra.rule_id  and gra.enabled_flag = 'Y' and grs.enabled_flag = 'Y' and gs.enabled_flag = 'Y'
		       and grs.segment_id = gs.segment_id 
		       and gra.account_id = t.account_id and exists (select 1 from gld_interface_rules r where r.set_of_books_id = fc.set_of_books_id and r.rule_id = grs.rule_id) 
		       and gs.segment_field = 'SEGMENT20') as segment20_id,
		       (select gs.segment_type
		  from gld_rule_accounts   gra,
		       gld_rule_segments   grs,
		       gld_segments        gs 
		       where rownum = 1 and grs.rule_id = gra.rule_id  and gra.enabled_flag = 'Y' and grs.enabled_flag = 'Y' and gs.enabled_flag = 'Y'
		       and grs.segment_id = gs.segment_id 
		       and gra.account_id = t.account_id and exists (select 1 from gld_interface_rules r where r.set_of_books_id = fc.set_of_books_id and r.rule_id = grs.rule_id) 
		       and gs.segment_field = 'JOURNAL_CATEGORY') as seg_je_type,
		       (select gs.segment_type
		  from gld_rule_accounts   gra,
		       gld_rule_segments   grs,
		       gld_segments        gs 
		       where rownum = 1 and grs.rule_id = gra.rule_id  and gra.enabled_flag = 'Y' and grs.enabled_flag = 'Y' and gs.enabled_flag = 'Y'
		       and grs.segment_id = gs.segment_id 
		       and gra.account_id = t.account_id and exists (select 1 from gld_interface_rules r where r.set_of_books_id = fc.set_of_books_id and r.rule_id = grs.rule_id) 
		       and gs.segment_field = 'SEGMENT1') as segment1_type,
		              (select gs.segment_type
		  from gld_rule_accounts   gra,
		       gld_rule_segments   grs,
		       gld_segments        gs 
		       where rownum = 1 and grs.rule_id = gra.rule_id  and gra.enabled_flag = 'Y' and grs.enabled_flag = 'Y' and gs.enabled_flag = 'Y'
		       and grs.segment_id = gs.segment_id 
		       and gra.account_id = t.account_id and exists (select 1 from gld_interface_rules r where r.set_of_books_id = fc.set_of_books_id and r.rule_id = grs.rule_id) 
		       and gs.segment_field = 'SEGMENT2') as segment2_type,
		              (select gs.segment_type
		  from gld_rule_accounts   gra,
		       gld_rule_segments   grs,
		       gld_segments        gs 
		       where rownum = 1 and grs.rule_id = gra.rule_id  and gra.enabled_flag = 'Y' and grs.enabled_flag = 'Y' and gs.enabled_flag = 'Y'
		       and grs.segment_id = gs.segment_id 
		       and gra.account_id = t.account_id and exists (select 1 from gld_interface_rules r where r.set_of_books_id = fc.set_of_books_id and r.rule_id = grs.rule_id) 
		       and gs.segment_field = 'SEGMENT3') as segment3_type,
		              (select gs.segment_type
		  from gld_rule_accounts   gra,
		       gld_rule_segments   grs,
		       gld_segments        gs 
		       where rownum = 1 and grs.rule_id = gra.rule_id  and gra.enabled_flag = 'Y' and grs.enabled_flag = 'Y' and gs.enabled_flag = 'Y'
		       and grs.segment_id = gs.segment_id 
		       and gra.account_id = t.account_id and exists (select 1 from gld_interface_rules r where r.set_of_books_id = fc.set_of_books_id and r.rule_id = grs.rule_id) 
		       and gs.segment_field = 'SEGMENT4') as segment4_type,
		              (select gs.segment_type
		  from gld_rule_accounts   gra,
		       gld_rule_segments   grs,
		       gld_segments        gs 
		       where rownum = 1 and grs.rule_id = gra.rule_id  and gra.enabled_flag = 'Y' and grs.enabled_flag = 'Y' and gs.enabled_flag = 'Y'
		       and grs.segment_id = gs.segment_id 
		       and gra.account_id = t.account_id and exists (select 1 from gld_interface_rules r where r.set_of_books_id = fc.set_of_books_id and r.rule_id = grs.rule_id) 
		       and gs.segment_field = 'SEGMENT5') as segment5_type,
		       (select gs.segment_type
		  from gld_rule_accounts   gra,
		       gld_rule_segments   grs,
		       gld_segments        gs 
		       where rownum = 1 and grs.rule_id = gra.rule_id  and gra.enabled_flag = 'Y' and grs.enabled_flag = 'Y' and gs.enabled_flag = 'Y'
		       and grs.segment_id = gs.segment_id 
		       and gra.account_id = t.account_id and exists (select 1 from gld_interface_rules r where r.set_of_books_id = fc.set_of_books_id and r.rule_id = grs.rule_id) 
		       and gs.segment_field = 'SEGMENT6') as segment6_type,
		              (select gs.segment_type
		  from gld_rule_accounts   gra,
		       gld_rule_segments   grs,
		       gld_segments        gs 
		       where rownum = 1 and grs.rule_id = gra.rule_id  and gra.enabled_flag = 'Y' and grs.enabled_flag = 'Y' and gs.enabled_flag = 'Y'
		       and grs.segment_id = gs.segment_id 
		       and gra.account_id = t.account_id and exists (select 1 from gld_interface_rules r where r.set_of_books_id = fc.set_of_books_id and r.rule_id = grs.rule_id) 
		       and gs.segment_field = 'SEGMENT7') as segment7_type,
		              (select gs.segment_type
		  from gld_rule_accounts   gra,
		       gld_rule_segments   grs,
		       gld_segments        gs 
		       where rownum = 1 and grs.rule_id = gra.rule_id  and gra.enabled_flag = 'Y' and grs.enabled_flag = 'Y' and gs.enabled_flag = 'Y'
		       and grs.segment_id = gs.segment_id 
		       and gra.account_id = t.account_id and exists (select 1 from gld_interface_rules r where r.set_of_books_id = fc.set_of_books_id and r.rule_id = grs.rule_id) 
		       and gs.segment_field = 'SEGMENT8') as segment8_type,
		              (select gs.segment_type
		  from gld_rule_accounts   gra,
		       gld_rule_segments   grs,
		       gld_segments        gs 
		       where rownum = 1 and grs.rule_id = gra.rule_id  and gra.enabled_flag = 'Y' and grs.enabled_flag = 'Y' and gs.enabled_flag = 'Y'
		       and grs.segment_id = gs.segment_id 
		       and gra.account_id = t.account_id and exists (select 1 from gld_interface_rules r where r.set_of_books_id = fc.set_of_books_id and r.rule_id = grs.rule_id) 
		       and gs.segment_field = 'SEGMENT9') as segment9_type,
		              (select gs.segment_type
		  from gld_rule_accounts   gra,
		       gld_rule_segments   grs,
		       gld_segments        gs 
		       where rownum = 1 and grs.rule_id = gra.rule_id  and gra.enabled_flag = 'Y' and grs.enabled_flag = 'Y' and gs.enabled_flag = 'Y'
		       and grs.segment_id = gs.segment_id 
		       and gra.account_id = t.account_id and exists (select 1 from gld_interface_rules r where r.set_of_books_id = fc.set_of_books_id and r.rule_id = grs.rule_id) 
		       and gs.segment_field = 'SEGMENT10') as segment10_type,
		       (select gs.segment_type
		  from gld_rule_accounts   gra,
		       gld_rule_segments   grs,
		       gld_segments        gs 
		       where rownum = 1 and grs.rule_id = gra.rule_id  and gra.enabled_flag = 'Y' and grs.enabled_flag = 'Y' and gs.enabled_flag = 'Y'
		       and grs.segment_id = gs.segment_id 
		       and gra.account_id = t.account_id and exists (select 1 from gld_interface_rules r where r.set_of_books_id = fc.set_of_books_id and r.rule_id = grs.rule_id) 
		       and gs.segment_field = 'SEGMENT11') as segment11_type,
		              (select gs.segment_type
		  from gld_rule_accounts   gra,
		       gld_rule_segments   grs,
		       gld_segments        gs 
		       where rownum = 1 and grs.rule_id = gra.rule_id  and gra.enabled_flag = 'Y' and grs.enabled_flag = 'Y' and gs.enabled_flag = 'Y'
		       and grs.segment_id = gs.segment_id 
		       and gra.account_id = t.account_id and exists (select 1 from gld_interface_rules r where r.set_of_books_id = fc.set_of_books_id and r.rule_id = grs.rule_id) 
		       and gs.segment_field = 'SEGMENT12') as segment12_type,
		              (select gs.segment_type
		  from gld_rule_accounts   gra,
		       gld_rule_segments   grs,
		       gld_segments        gs 
		       where rownum = 1 and grs.rule_id = gra.rule_id  and gra.enabled_flag = 'Y' and grs.enabled_flag = 'Y' and gs.enabled_flag = 'Y'
		       and grs.segment_id = gs.segment_id 
		       and gra.account_id = t.account_id and exists (select 1 from gld_interface_rules r where r.set_of_books_id = fc.set_of_books_id and r.rule_id = grs.rule_id) 
		       and gs.segment_field = 'SEGMENT13') as segment13_type,
		              (select gs.segment_type
		  from gld_rule_accounts   gra,
		       gld_rule_segments   grs,
		       gld_segments        gs 
		       where rownum = 1 and grs.rule_id = gra.rule_id  and gra.enabled_flag = 'Y' and grs.enabled_flag = 'Y' and gs.enabled_flag = 'Y'
		       and grs.segment_id = gs.segment_id 
		       and gra.account_id = t.account_id and exists (select 1 from gld_interface_rules r where r.set_of_books_id = fc.set_of_books_id and r.rule_id = grs.rule_id) 
		       and gs.segment_field = 'SEGMENT14') as segment14_type,
		              (select gs.segment_type
		  from gld_rule_accounts   gra,
		       gld_rule_segments   grs,
		       gld_segments        gs 
		       where rownum = 1 and grs.rule_id = gra.rule_id  and gra.enabled_flag = 'Y' and grs.enabled_flag = 'Y' and gs.enabled_flag = 'Y'
		       and grs.segment_id = gs.segment_id 
		       and gra.account_id = t.account_id and exists (select 1 from gld_interface_rules r where r.set_of_books_id = fc.set_of_books_id and r.rule_id = grs.rule_id) 
		       and gs.segment_field = 'SEGMENT15') as segment15_type,
		       (select gs.segment_type
		  from gld_rule_accounts   gra,
		       gld_rule_segments   grs,
		       gld_segments        gs 
		       where rownum = 1 and grs.rule_id = gra.rule_id  and gra.enabled_flag = 'Y' and grs.enabled_flag = 'Y' and gs.enabled_flag = 'Y'
		       and grs.segment_id = gs.segment_id 
		       and gra.account_id = t.account_id and exists (select 1 from gld_interface_rules r where r.set_of_books_id = fc.set_of_books_id and r.rule_id = grs.rule_id) 
		       and gs.segment_field = 'SEGMENT16') as segment16_type,
		              (select gs.segment_type
		  from gld_rule_accounts   gra,
		       gld_rule_segments   grs,
		       gld_segments        gs 
		       where rownum = 1 and grs.rule_id = gra.rule_id  and gra.enabled_flag = 'Y' and grs.enabled_flag = 'Y' and gs.enabled_flag = 'Y'
		       and grs.segment_id = gs.segment_id 
		       and gra.account_id = t.account_id and exists (select 1 from gld_interface_rules r where r.set_of_books_id = fc.set_of_books_id and r.rule_id = grs.rule_id) 
		       and gs.segment_field = 'SEGMENT17') as segment17_type,
		              (select gs.segment_type
		  from gld_rule_accounts   gra,
		       gld_rule_segments   grs,
		       gld_segments        gs 
		       where rownum = 1 and grs.rule_id = gra.rule_id  and gra.enabled_flag = 'Y' and grs.enabled_flag = 'Y' and gs.enabled_flag = 'Y'
		       and grs.segment_id = gs.segment_id 
		       and gra.account_id = t.account_id and exists (select 1 from gld_interface_rules r where r.set_of_books_id = fc.set_of_books_id and r.rule_id = grs.rule_id) 
		       and gs.segment_field = 'SEGMENT18') as segment18_type,
		              (select gs.segment_type
		  from gld_rule_accounts   gra,
		       gld_rule_segments   grs,
		       gld_segments        gs 
		       where rownum = 1 and grs.rule_id = gra.rule_id  and gra.enabled_flag = 'Y' and grs.enabled_flag = 'Y' and gs.enabled_flag = 'Y'
		       and grs.segment_id = gs.segment_id 
		       and gra.account_id = t.account_id and exists (select 1 from gld_interface_rules r where r.set_of_books_id = fc.set_of_books_id and r.rule_id = grs.rule_id) 
		       and gs.segment_field = 'SEGMENT19') as segment19_type,
		              (select gs.segment_type
		  from gld_rule_accounts   gra,
		       gld_rule_segments   grs,
		       gld_segments        gs 
		       where rownum = 1 and grs.rule_id = gra.rule_id  and gra.enabled_flag = 'Y' and grs.enabled_flag = 'Y' and gs.enabled_flag = 'Y'
		       and grs.segment_id = gs.segment_id 
		       and gra.account_id = t.account_id and exists (select 1 from gld_interface_rules r where r.set_of_books_id = fc.set_of_books_id and r.rule_id = grs.rule_id) 
		       and gs.segment_field = 'SEGMENT20') as segment20_type,
		       (select grs.is_required
		  from gld_rule_accounts   gra,
		       gld_rule_segments   grs,
		       gld_segments        gs 
		       where rownum = 1 and  grs.rule_id = gra.rule_id  and gra.enabled_flag = 'Y' and grs.enabled_flag = 'Y' and gs.enabled_flag = 'Y'
		       and grs.segment_id = gs.segment_id 
		       and gra.account_id = t.account_id and exists (select 1 from gld_interface_rules r where r.set_of_books_id = fc.set_of_books_id and r.rule_id = grs.rule_id) 
		       and gs.segment_field = 'JOURNAL_CATEGORY') as seg_je_is_required,
		       (select grs.is_required
		  from gld_rule_accounts   gra,
		       gld_rule_segments   grs,
		       gld_segments        gs 
		       where rownum = 1 and  grs.rule_id = gra.rule_id  and gra.enabled_flag = 'Y' and grs.enabled_flag = 'Y' and gs.enabled_flag = 'Y'
		       and grs.segment_id = gs.segment_id 
		       and gra.account_id = t.account_id and exists (select 1 from gld_interface_rules r where r.set_of_books_id = fc.set_of_books_id and r.rule_id = grs.rule_id) 
		       and gs.segment_field = 'SEGMENT1') as segment1_is_required,
		              (select grs.is_required
		  from gld_rule_accounts   gra,
		       gld_rule_segments   grs,
		       gld_segments        gs 
		       where rownum = 1 and  grs.rule_id = gra.rule_id  and gra.enabled_flag = 'Y' and grs.enabled_flag = 'Y' and gs.enabled_flag = 'Y'
		       and grs.segment_id = gs.segment_id 
		       and gra.account_id = t.account_id and exists (select 1 from gld_interface_rules r where r.set_of_books_id = fc.set_of_books_id and r.rule_id = grs.rule_id) 
		       and gs.segment_field = 'SEGMENT2') as segment2_is_required,
		              (select grs.is_required
		  from gld_rule_accounts   gra,
		       gld_rule_segments   grs,
		       gld_segments        gs 
		       where rownum = 1 and  grs.rule_id = gra.rule_id  and gra.enabled_flag = 'Y' and grs.enabled_flag = 'Y' and gs.enabled_flag = 'Y'
		       and grs.segment_id = gs.segment_id 
		       and gra.account_id = t.account_id and exists (select 1 from gld_interface_rules r where r.set_of_books_id = fc.set_of_books_id and r.rule_id = grs.rule_id) 
		       and gs.segment_field = 'SEGMENT3') as segment3_is_required,
		              (select grs.is_required
		  from gld_rule_accounts   gra,
		       gld_rule_segments   grs,
		       gld_segments        gs 
		       where rownum = 1 and  grs.rule_id = gra.rule_id  and gra.enabled_flag = 'Y' and grs.enabled_flag = 'Y' and gs.enabled_flag = 'Y'
		       and grs.segment_id = gs.segment_id 
		       and gra.account_id = t.account_id and exists (select 1 from gld_interface_rules r where r.set_of_books_id = fc.set_of_books_id and r.rule_id = grs.rule_id) 
		       and gs.segment_field = 'SEGMENT4') as segment4_is_required,
		              (select grs.is_required
		  from gld_rule_accounts   gra,
		       gld_rule_segments   grs,
		       gld_segments        gs 
		       where rownum = 1 and  grs.rule_id = gra.rule_id  and gra.enabled_flag = 'Y' and grs.enabled_flag = 'Y' and gs.enabled_flag = 'Y'
		       and grs.segment_id = gs.segment_id 
		       and gra.account_id = t.account_id and exists (select 1 from gld_interface_rules r where r.set_of_books_id = fc.set_of_books_id and r.rule_id = grs.rule_id) 
		       and gs.segment_field = 'SEGMENT5') as segment5_is_required,
		       (select grs.is_required
		  from gld_rule_accounts   gra,
		       gld_rule_segments   grs,
		       gld_segments        gs 
		       where rownum = 1 and  grs.rule_id = gra.rule_id  and gra.enabled_flag = 'Y' and grs.enabled_flag = 'Y' and gs.enabled_flag = 'Y'
		       and grs.segment_id = gs.segment_id 
		       and gra.account_id = t.account_id and exists (select 1 from gld_interface_rules r where r.set_of_books_id = fc.set_of_books_id and r.rule_id = grs.rule_id) 
		       and gs.segment_field = 'SEGMENT6') as segment6_is_required,
		              (select grs.is_required
		  from gld_rule_accounts   gra,
		       gld_rule_segments   grs,
		       gld_segments        gs 
		       where rownum = 1 and  grs.rule_id = gra.rule_id  and gra.enabled_flag = 'Y' and grs.enabled_flag = 'Y' and gs.enabled_flag = 'Y'
		       and grs.segment_id = gs.segment_id 
		       and gra.account_id = t.account_id and exists (select 1 from gld_interface_rules r where r.set_of_books_id = fc.set_of_books_id and r.rule_id = grs.rule_id) 
		       and gs.segment_field = 'SEGMENT7') as segment7_is_required,
		              (select grs.is_required
		  from gld_rule_accounts   gra,
		       gld_rule_segments   grs,
		       gld_segments        gs 
		       where rownum = 1 and  grs.rule_id = gra.rule_id  and gra.enabled_flag = 'Y' and grs.enabled_flag = 'Y' and gs.enabled_flag = 'Y'
		       and grs.segment_id = gs.segment_id 
		       and gra.account_id = t.account_id and exists (select 1 from gld_interface_rules r where r.set_of_books_id = fc.set_of_books_id and r.rule_id = grs.rule_id) 
		       and gs.segment_field = 'SEGMENT8') as segment8_is_required,
		              (select grs.is_required
		  from gld_rule_accounts   gra,
		       gld_rule_segments   grs,
		       gld_segments        gs 
		       where rownum = 1 and  grs.rule_id = gra.rule_id  and gra.enabled_flag = 'Y' and grs.enabled_flag = 'Y' and gs.enabled_flag = 'Y'
		       and grs.segment_id = gs.segment_id 
		       and gra.account_id = t.account_id and exists (select 1 from gld_interface_rules r where r.set_of_books_id = fc.set_of_books_id and r.rule_id = grs.rule_id) 
		       and gs.segment_field = 'SEGMENT9') as segment9_is_required,
		              (select grs.is_required
		  from gld_rule_accounts   gra,
		       gld_rule_segments   grs,
		       gld_segments        gs 
		       where rownum = 1 and  grs.rule_id = gra.rule_id  and gra.enabled_flag = 'Y' and grs.enabled_flag = 'Y' and gs.enabled_flag = 'Y'
		       and grs.segment_id = gs.segment_id 
		       and gra.account_id = t.account_id and exists (select 1 from gld_interface_rules r where r.set_of_books_id = fc.set_of_books_id and r.rule_id = grs.rule_id) 
		       and gs.segment_field = 'SEGMENT10') as segment10_is_required,
		       (select grs.is_required
		  from gld_rule_accounts   gra,
		       gld_rule_segments   grs,
		       gld_segments        gs 
		       where rownum = 1 and  grs.rule_id = gra.rule_id  and gra.enabled_flag = 'Y' and grs.enabled_flag = 'Y' and gs.enabled_flag = 'Y'
		       and grs.segment_id = gs.segment_id 
		       and gra.account_id = t.account_id and exists (select 1 from gld_interface_rules r where r.set_of_books_id = fc.set_of_books_id and r.rule_id = grs.rule_id) 
		       and gs.segment_field = 'SEGMENT11') as segment11_is_required,
		              (select grs.is_required
		  from gld_rule_accounts   gra,
		       gld_rule_segments   grs,
		       gld_segments        gs 
		       where rownum = 1 and  grs.rule_id = gra.rule_id  and gra.enabled_flag = 'Y' and grs.enabled_flag = 'Y' and gs.enabled_flag = 'Y'
		       and grs.segment_id = gs.segment_id 
		       and gra.account_id = t.account_id and exists (select 1 from gld_interface_rules r where r.set_of_books_id = fc.set_of_books_id and r.rule_id = grs.rule_id) 
		       and gs.segment_field = 'SEGMENT12') as segment12_is_required,
		              (select grs.is_required
		  from gld_rule_accounts   gra,
		       gld_rule_segments   grs,
		       gld_segments        gs 
		       where rownum = 1 and  grs.rule_id = gra.rule_id  and gra.enabled_flag = 'Y' and grs.enabled_flag = 'Y' and gs.enabled_flag = 'Y'
		       and grs.segment_id = gs.segment_id 
		       and gra.account_id = t.account_id and exists (select 1 from gld_interface_rules r where r.set_of_books_id = fc.set_of_books_id and r.rule_id = grs.rule_id) 
		       and gs.segment_field = 'SEGMENT13') as segment13_is_required,
		              (select grs.is_required
		  from gld_rule_accounts   gra,
		       gld_rule_segments   grs,
		       gld_segments        gs 
		       where rownum = 1 and  grs.rule_id = gra.rule_id  and gra.enabled_flag = 'Y' and grs.enabled_flag = 'Y' and gs.enabled_flag = 'Y'
		       and grs.segment_id = gs.segment_id 
		       and gra.account_id = t.account_id and exists (select 1 from gld_interface_rules r where r.set_of_books_id = fc.set_of_books_id and r.rule_id = grs.rule_id) 
		       and gs.segment_field = 'SEGMENT14') as segment14_is_required,
		              (select grs.is_required
		  from gld_rule_accounts   gra,
		       gld_rule_segments   grs,
		       gld_segments        gs 
		       where rownum = 1 and  grs.rule_id = gra.rule_id  and gra.enabled_flag = 'Y' and grs.enabled_flag = 'Y' and gs.enabled_flag = 'Y'
		       and grs.segment_id = gs.segment_id 
		       and gra.account_id = t.account_id and exists (select 1 from gld_interface_rules r where r.set_of_books_id = fc.set_of_books_id and r.rule_id = grs.rule_id) 
		       and gs.segment_field = 'SEGMENT15') as segment15_is_required,
		       (select grs.is_required
		  from gld_rule_accounts   gra,
		       gld_rule_segments   grs,
		       gld_segments        gs 
		       where rownum = 1 and  grs.rule_id = gra.rule_id  and gra.enabled_flag = 'Y' and grs.enabled_flag = 'Y' and gs.enabled_flag = 'Y'
		       and grs.segment_id = gs.segment_id 
		       and gra.account_id = t.account_id and exists (select 1 from gld_interface_rules r where r.set_of_books_id = fc.set_of_books_id and r.rule_id = grs.rule_id) 
		       and gs.segment_field = 'SEGMENT16') as segment16_is_required,
		              (select grs.is_required
		  from gld_rule_accounts   gra,
		       gld_rule_segments   grs,
		       gld_segments        gs 
		       where rownum = 1 and  grs.rule_id = gra.rule_id  and gra.enabled_flag = 'Y' and grs.enabled_flag = 'Y' and gs.enabled_flag = 'Y'
		       and grs.segment_id = gs.segment_id 
		       and gra.account_id = t.account_id and exists (select 1 from gld_interface_rules r where r.set_of_books_id = fc.set_of_books_id and r.rule_id = grs.rule_id) 
		       and gs.segment_field = 'SEGMENT17') as segment17_is_required,
		              (select grs.is_required
		  from gld_rule_accounts   gra,
		       gld_rule_segments   grs,
		       gld_segments        gs 
		       where rownum = 1 and  grs.rule_id = gra.rule_id  and gra.enabled_flag = 'Y' and grs.enabled_flag = 'Y' and gs.enabled_flag = 'Y'
		       and grs.segment_id = gs.segment_id 
		       and gra.account_id = t.account_id and exists (select 1 from gld_interface_rules r where r.set_of_books_id = fc.set_of_books_id and r.rule_id = grs.rule_id) 
		       and gs.segment_field = 'SEGMENT18') as segment18_is_required,
		              (select grs.is_required
		  from gld_rule_accounts   gra,
		       gld_rule_segments   grs,
		       gld_segments        gs 
		       where rownum = 1 and  grs.rule_id = gra.rule_id  and gra.enabled_flag = 'Y' and grs.enabled_flag = 'Y' and gs.enabled_flag = 'Y'
		       and grs.segment_id = gs.segment_id 
		       and gra.account_id = t.account_id and exists (select 1 from gld_interface_rules r where r.set_of_books_id = fc.set_of_books_id and r.rule_id = grs.rule_id) 
		       and gs.segment_field = 'SEGMENT19') as segment19_is_required,
		              (select grs.is_required
		  from gld_rule_accounts   gra,
		       gld_rule_segments   grs,
		       gld_segments        gs 
		       where rownum = 1 and  grs.rule_id = gra.rule_id  and gra.enabled_flag = 'Y' and grs.enabled_flag = 'Y' and gs.enabled_flag = 'Y'
		       and grs.segment_id = gs.segment_id 
		       and gra.account_id = t.account_id and exists (select 1 from gld_interface_rules r where r.set_of_books_id = fc.set_of_books_id and r.rule_id = grs.rule_id) 
		       and gs.segment_field = 'SEGMENT20') as segment20_is_required,
		       (select gs.sql_query
		  from gld_rule_accounts   gra,
		       gld_rule_segments   grs,
		       gld_segments        gs 
		       where rownum = 1 and  grs.rule_id = gra.rule_id  and gra.enabled_flag = 'Y' and grs.enabled_flag = 'Y' and gs.enabled_flag = 'Y'
		       and grs.segment_id = gs.segment_id 
		       and gra.account_id = t.account_id and exists (select 1 from gld_interface_rules r where r.set_of_books_id = fc.set_of_books_id and r.rule_id = grs.rule_id) 
		       and gs.segment_field = 'JOURNAL_CATEGORY') as seg_je_sql_query,
		        (select gs.sql_query
		  from gld_rule_accounts   gra,
		       gld_rule_segments   grs,
		       gld_segments        gs 
		       where rownum = 1 and  grs.rule_id = gra.rule_id  and gra.enabled_flag = 'Y' and grs.enabled_flag = 'Y' and gs.enabled_flag = 'Y'
		       and grs.segment_id = gs.segment_id 
		       and gra.account_id = t.account_id and exists (select 1 from gld_interface_rules r where r.set_of_books_id = fc.set_of_books_id and r.rule_id = grs.rule_id) 
		       and gs.segment_field = 'SEGMENT1') as segment1_sql_query,
		              (select gs.sql_query
		  from gld_rule_accounts   gra,
		       gld_rule_segments   grs,
		       gld_segments        gs 
		       where rownum = 1 and  grs.rule_id = gra.rule_id  and gra.enabled_flag = 'Y' and grs.enabled_flag = 'Y' and gs.enabled_flag = 'Y'
		       and grs.segment_id = gs.segment_id 
		       and gra.account_id = t.account_id and exists (select 1 from gld_interface_rules r where r.set_of_books_id = fc.set_of_books_id and r.rule_id = grs.rule_id) 
		       and gs.segment_field = 'SEGMENT2') as segment2_sql_query,
		              (select gs.sql_query
		  from gld_rule_accounts   gra,
		       gld_rule_segments   grs,
		       gld_segments        gs 
		       where rownum = 1 and  grs.rule_id = gra.rule_id  and gra.enabled_flag = 'Y' and grs.enabled_flag = 'Y' and gs.enabled_flag = 'Y'
		       and grs.segment_id = gs.segment_id 
		       and gra.account_id = t.account_id and exists (select 1 from gld_interface_rules r where r.set_of_books_id = fc.set_of_books_id and r.rule_id = grs.rule_id) 
		       and gs.segment_field = 'SEGMENT3') as segment3_sql_query,
		              (select gs.sql_query
		  from gld_rule_accounts   gra,
		       gld_rule_segments   grs,
		       gld_segments        gs 
		       where rownum = 1 and  grs.rule_id = gra.rule_id  and gra.enabled_flag = 'Y' and grs.enabled_flag = 'Y' and gs.enabled_flag = 'Y'
		       and grs.segment_id = gs.segment_id 
		       and gra.account_id = t.account_id and exists (select 1 from gld_interface_rules r where r.set_of_books_id = fc.set_of_books_id and r.rule_id = grs.rule_id) 
		       and gs.segment_field = 'SEGMENT4') as segment4_sql_query,
		              (select gs.sql_query
		  from gld_rule_accounts   gra,
		       gld_rule_segments   grs,
		       gld_segments        gs 
		       where rownum = 1 and  grs.rule_id = gra.rule_id  and gra.enabled_flag = 'Y' and grs.enabled_flag = 'Y' and gs.enabled_flag = 'Y'
		       and grs.segment_id = gs.segment_id 
		       and gra.account_id = t.account_id and exists (select 1 from gld_interface_rules r where r.set_of_books_id = fc.set_of_books_id and r.rule_id = grs.rule_id) 
		       and gs.segment_field = 'SEGMENT5') as segment5_sql_query,
		       (select gs.sql_query
		  from gld_rule_accounts   gra,
		       gld_rule_segments   grs,
		       gld_segments        gs 
		       where rownum = 1 and  grs.rule_id = gra.rule_id  and gra.enabled_flag = 'Y' and grs.enabled_flag = 'Y' and gs.enabled_flag = 'Y'
		       and grs.segment_id = gs.segment_id 
		       and gra.account_id = t.account_id and exists (select 1 from gld_interface_rules r where r.set_of_books_id = fc.set_of_books_id and r.rule_id = grs.rule_id) 
		       and gs.segment_field = 'SEGMENT6') as segment6_sql_query,
		              (select gs.sql_query
		  from gld_rule_accounts   gra,
		       gld_rule_segments   grs,
		       gld_segments        gs 
		       where rownum = 1 and  grs.rule_id = gra.rule_id  and gra.enabled_flag = 'Y' and grs.enabled_flag = 'Y' and gs.enabled_flag = 'Y'
		       and grs.segment_id = gs.segment_id 
		       and gra.account_id = t.account_id and exists (select 1 from gld_interface_rules r where r.set_of_books_id = fc.set_of_books_id and r.rule_id = grs.rule_id) 
		       and gs.segment_field = 'SEGMENT7') as segment7_sql_query,
		              (select gs.sql_query
		  from gld_rule_accounts   gra,
		       gld_rule_segments   grs,
		       gld_segments        gs 
		       where rownum = 1 and  grs.rule_id = gra.rule_id  and gra.enabled_flag = 'Y' and grs.enabled_flag = 'Y' and gs.enabled_flag = 'Y'
		       and grs.segment_id = gs.segment_id 
		       and gra.account_id = t.account_id and exists (select 1 from gld_interface_rules r where r.set_of_books_id = fc.set_of_books_id and r.rule_id = grs.rule_id) 
		       and gs.segment_field = 'SEGMENT8') as segment8_sql_query,
		              (select gs.sql_query
		  from gld_rule_accounts   gra,
		       gld_rule_segments   grs,
		       gld_segments        gs 
		       where rownum = 1 and  grs.rule_id = gra.rule_id  and gra.enabled_flag = 'Y' and grs.enabled_flag = 'Y' and gs.enabled_flag = 'Y'
		       and grs.segment_id = gs.segment_id 
		       and gra.account_id = t.account_id and exists (select 1 from gld_interface_rules r where r.set_of_books_id = fc.set_of_books_id and r.rule_id = grs.rule_id) 
		       and gs.segment_field = 'SEGMENT9') as segment9_sql_query,
		              (select gs.sql_query
		  from gld_rule_accounts   gra,
		       gld_rule_segments   grs,
		       gld_segments        gs 
		       where rownum = 1 and  grs.rule_id = gra.rule_id  and gra.enabled_flag = 'Y' and grs.enabled_flag = 'Y' and gs.enabled_flag = 'Y'
		       and grs.segment_id = gs.segment_id 
		       and gra.account_id = t.account_id and exists (select 1 from gld_interface_rules r where r.set_of_books_id = fc.set_of_books_id and r.rule_id = grs.rule_id) 
		       and gs.segment_field = 'SEGMENT10') as segment10_sql_query,
		       (select gs.sql_query
		  from gld_rule_accounts   gra,
		       gld_rule_segments   grs,
		       gld_segments        gs 
		       where rownum = 1 and  grs.rule_id = gra.rule_id  and gra.enabled_flag = 'Y' and grs.enabled_flag = 'Y' and gs.enabled_flag = 'Y'
		       and grs.segment_id = gs.segment_id 
		       and gra.account_id = t.account_id and exists (select 1 from gld_interface_rules r where r.set_of_books_id = fc.set_of_books_id and r.rule_id = grs.rule_id) 
		       and gs.segment_field = 'SEGMENT11') as segment11_sql_query,
		              (select gs.sql_query
		  from gld_rule_accounts   gra,
		       gld_rule_segments   grs,
		       gld_segments        gs 
		       where rownum = 1 and  grs.rule_id = gra.rule_id  and gra.enabled_flag = 'Y' and grs.enabled_flag = 'Y' and gs.enabled_flag = 'Y'
		       and grs.segment_id = gs.segment_id 
		       and gra.account_id = t.account_id and exists (select 1 from gld_interface_rules r where r.set_of_books_id = fc.set_of_books_id and r.rule_id = grs.rule_id) 
		       and gs.segment_field = 'SEGMENT12') as segment12_sql_query,
		              (select gs.sql_query
		  from gld_rule_accounts   gra,
		       gld_rule_segments   grs,
		       gld_segments        gs 
		       where rownum = 1 and  grs.rule_id = gra.rule_id  and gra.enabled_flag = 'Y' and grs.enabled_flag = 'Y' and gs.enabled_flag = 'Y'
		       and grs.segment_id = gs.segment_id 
		       and gra.account_id = t.account_id and exists (select 1 from gld_interface_rules r where r.set_of_books_id = fc.set_of_books_id and r.rule_id = grs.rule_id) 
		       and gs.segment_field = 'SEGMENT13') as segment13_sql_query,
		              (select gs.sql_query
		  from gld_rule_accounts   gra,
		       gld_rule_segments   grs,
		       gld_segments        gs 
		       where rownum = 1 and  grs.rule_id = gra.rule_id  and gra.enabled_flag = 'Y' and grs.enabled_flag = 'Y' and gs.enabled_flag = 'Y'
		       and grs.segment_id = gs.segment_id 
		       and gra.account_id = t.account_id and exists (select 1 from gld_interface_rules r where r.set_of_books_id = fc.set_of_books_id and r.rule_id = grs.rule_id) 
		       and gs.segment_field = 'SEGMENT14') as segment14_sql_query,
		              (select gs.sql_query
		  from gld_rule_accounts   gra,
		       gld_rule_segments   grs,
		       gld_segments        gs 
		       where rownum = 1 and  grs.rule_id = gra.rule_id  and gra.enabled_flag = 'Y' and grs.enabled_flag = 'Y' and gs.enabled_flag = 'Y'
		       and grs.segment_id = gs.segment_id 
		       and gra.account_id = t.account_id and exists (select 1 from gld_interface_rules r where r.set_of_books_id = fc.set_of_books_id and r.rule_id = grs.rule_id) 
		       and gs.segment_field = 'SEGMENT15') as segment15_sql_query,
		       (select gs.sql_query
		  from gld_rule_accounts   gra,
		       gld_rule_segments   grs,
		       gld_segments        gs 
		       where rownum = 1 and  grs.rule_id = gra.rule_id  and gra.enabled_flag = 'Y' and grs.enabled_flag = 'Y' and gs.enabled_flag = 'Y'
		       and grs.segment_id = gs.segment_id 
		       and gra.account_id = t.account_id and exists (select 1 from gld_interface_rules r where r.set_of_books_id = fc.set_of_books_id and r.rule_id = grs.rule_id) 
		       and gs.segment_field = 'SEGMENT16') as segment16_sql_query,
		              (select gs.sql_query
		  from gld_rule_accounts   gra,
		       gld_rule_segments   grs,
		       gld_segments        gs 
		       where rownum = 1 and  grs.rule_id = gra.rule_id  and gra.enabled_flag = 'Y' and grs.enabled_flag = 'Y' and gs.enabled_flag = 'Y'
		       and grs.segment_id = gs.segment_id 
		       and gra.account_id = t.account_id and exists (select 1 from gld_interface_rules r where r.set_of_books_id = fc.set_of_books_id and r.rule_id = grs.rule_id) 
		       and gs.segment_field = 'SEGMENT17') as segment17_sql_query,
		              (select gs.sql_query
		  from gld_rule_accounts   gra,
		       gld_rule_segments   grs,
		       gld_segments        gs 
		       where rownum = 1 and  grs.rule_id = gra.rule_id  and gra.enabled_flag = 'Y' and grs.enabled_flag = 'Y' and gs.enabled_flag = 'Y'
		       and grs.segment_id = gs.segment_id 
		       and gra.account_id = t.account_id and exists (select 1 from gld_interface_rules r where r.set_of_books_id = fc.set_of_books_id and r.rule_id = grs.rule_id) 
		       and gs.segment_field = 'SEGMENT18') as segment18_sql_query,
		              (select gs.sql_query
		  from gld_rule_accounts   gra,
		       gld_rule_segments   grs,
		       gld_segments        gs 
		       where rownum = 1 and  grs.rule_id = gra.rule_id  and gra.enabled_flag = 'Y' and grs.enabled_flag = 'Y' and gs.enabled_flag = 'Y'
		       and grs.segment_id = gs.segment_id 
		       and gra.account_id = t.account_id and exists (select 1 from gld_interface_rules r where r.set_of_books_id = fc.set_of_books_id and r.rule_id = grs.rule_id) 
		       and gs.segment_field = 'SEGMENT19') as segment19_sql_query,
		              (select gs.sql_query
		  from gld_rule_accounts   gra,
		       gld_rule_segments   grs,
		       gld_segments        gs 
		       where rownum = 1 and  grs.rule_id = gra.rule_id  and gra.enabled_flag = 'Y' and grs.enabled_flag = 'Y' and gs.enabled_flag = 'Y'
		       and grs.segment_id = gs.segment_id 
		       and gra.account_id = t.account_id and exists (select 1 from gld_interface_rules r where r.set_of_books_id = fc.set_of_books_id and r.rule_id = grs.rule_id) 
		       and gs.segment_field = 'SEGMENT20') as segment20_sql_query
  FROM EXP_REPORT_ACCOUNTS           T,
       GLD_ACCOUNTS_VL               GA,
       FND_RESPONSIBILITY_CENTERS_VL FRC,
       FND_COMPANIES_VL              FC
  WHERE T.ACCOUNT_ID = GA.ACCOUNT_ID(+)
   AND T.RESPONSIBILITY_CENTER_ID = FRC.RESPONSIBILITY_CENTER_ID(+)
   AND T.COMPANY_ID = FC.COMPANY_ID(+)
   AND T.EXP_REPORT_HEADER_ID =?
  and ? is not null	) t2
		 ORDER BY PERIOD_NAME,EXP_REPORT_DISTS_ID,COMPANY_ID,EXP_REPORT_JE_LINE_ID
		 
---------------------Binding info---------------------
No.1	Access path:@header_id	Data type of passed value :[null]	Value:null	Output:false	Database Type:null	
No.2	Access path:@header_id	Data type of passed value :[null]	Value:null	Output:false	Database Type:null	

=============== END [query] SQL Statement execution dump ============

2018-10-18 06:19:16.789 [uncertain.proc] [CONFIG] [action] CreateSuccessResponse
