2018-10-10 07:58:25.823 [aurora.application.session_check] [CONFIG] Session data copied to context
2018-10-10 07:58:25.823 [aurora.application.session_check] [CONFIG] Checking BM access expm.EXP5310.exp_ygz_get_usage_type_roll_per for operation query
2018-10-10 07:58:25.824 [aurora.application.session_check] [CONFIG] Result from aurora.bm.DefaultAccessChecker@4b2bb1db is true
2018-10-10 07:58:25.824 [uncertain.proc] [CONFIG] [action] AccessCheck
2018-10-10 07:58:25.826 [uncertain.proc] [CONFIG] [action] CheckServiceLock
2018-10-10 07:58:25.826 [uncertain.proc] [CONFIG] [action] ParseParameter
2018-10-10 07:58:25.826 [uncertain.proc] [CONFIG] [action] ValidateInput
2018-10-10 07:58:25.826 [uncertain.proc] [CONFIG] [action] InvokeService
2018-10-10 07:58:25.826 [aurora.database] [CONFIG] ===================================== prepare to run model-query expm.EXP5310.exp_ygz_get_usage_type_roll_per==============================
2018-10-10 07:58:25.831 [uncertain.proc] [CONFIG] [action] DecideSqlGenerationMode
2018-10-10 07:58:25.831 [uncertain.proc] [FINE] aurora.database.service.BusinessModelService.onDecideSqlGenerationMode
2018-10-10 07:58:25.831 [uncertain.proc] [CONFIG] [action] CreateOperationSql
2018-10-10 07:58:25.831 [uncertain.proc] [CONFIG] [action] PopulateOperationSql
2018-10-10 07:58:25.831 [uncertain.proc] [FINE] aurora.database.features.OrderByClauseCreator.onPopulateOperationSql
2018-10-10 07:58:25.831 [uncertain.proc] [FINE] aurora.database.features.WhereClauseCreator.onPopulateOperationSql
2018-10-10 07:58:25.831 [uncertain.proc] [CONFIG] [action] ExecuteQuery
2018-10-10 07:58:25.831 [uncertain.proc] [FINE] aurora.bm.QuerySqlCreator.onExecuteQuery
2018-10-10 07:58:25.831 [uncertain.proc] [CONFIG] [action] QueryFinish
2018-10-10 07:58:25.831 [uncertain.proc] [FINE] aurora.database.features.AutoQueryCounter.onQueryFinish
2018-10-10 07:58:25.832 [uncertain.proc] [CONFIG] [action] FetchResultSet
2018-10-10 07:58:25.832 [uncertain.proc] [FINE] aurora.database.features.CacheBasedLookUpField.postFetchResultSet
2018-10-10 07:58:25.832 [aurora.database] [CONFIG] 
============= BEGIN [query] SQL Statement execution dump ============

                SELECT
                	? usage_type,
                    exp_ygz_common_pkg.get_usage_type_roll_out_per(p_usage_type  => ?,
											                       p_company_id  => ?,
											                       p_period_name => ?) * 100 roll_out_per,
					to_char(sysdate,'yyyy-mm-dd') journal_date					                       
                FROM
                    dual
            
---------------------Binding info---------------------
No.1	Access path:@usage_type	Data type of passed value :java.lang.String	Value:YT005	Output:false	Database Type:null	
No.2	Access path:@usage_type	Data type of passed value :java.lang.String	Value:YT005	Output:false	Database Type:null	
No.3	Access path:@company_id	Data type of passed value :[null]	Value:null	Output:false	Database Type:null	
No.4	Access path:@period_name	Data type of passed value :java.lang.String	Value:2018-10	Output:false	Database Type:null	

=============== END [query] SQL Statement execution dump ============

2018-10-10 07:58:25.832 [uncertain.proc] [CONFIG] [action] CreateSuccessResponse
