2018-10-15 02:32:58.570 [aurora.application.session_check] [CONFIG] Session data copied to context
2018-10-15 02:32:58.570 [aurora.application.session_check] [CONFIG] Checking BM access expm.exp_document_person_authorities_employee_lov for operation query
2018-10-15 02:32:58.571 [aurora.application.session_check] [CONFIG] Result from aurora.bm.DefaultAccessChecker@64d7d2ea is true
2018-10-15 02:32:58.571 [uncertain.proc] [CONFIG] [action] AccessCheck
2018-10-15 02:32:58.572 [uncertain.proc] [CONFIG] [action] CheckServiceLock
2018-10-15 02:32:58.573 [uncertain.proc] [CONFIG] [action] ParseParameter
2018-10-15 02:32:58.573 [uncertain.proc] [CONFIG] [action] ValidateInput
2018-10-15 02:32:58.573 [uncertain.proc] [CONFIG] [action] InvokeService
2018-10-15 02:32:58.573 [aurora.database] [CONFIG] ===================================== prepare to run model-query expm.exp_document_person_authorities_employee_lov==============================
2018-10-15 02:32:58.581 [uncertain.proc] [CONFIG] [action] DecideSqlGenerationMode
2018-10-15 02:32:58.581 [uncertain.proc] [FINE] aurora.database.service.BusinessModelService.onDecideSqlGenerationMode
2018-10-15 02:32:58.581 [uncertain.proc] [CONFIG] [action] CreateOperationSql
2018-10-15 02:32:58.581 [uncertain.proc] [CONFIG] [action] PopulateOperationSql
2018-10-15 02:32:58.581 [uncertain.proc] [FINE] aurora.database.features.OrderByClauseCreator.onPopulateOperationSql
2018-10-15 02:32:58.581 [uncertain.proc] [FINE] aurora.database.features.WhereClauseCreator.onPopulateOperationSql
2018-10-15 02:32:58.581 [uncertain.proc] [CONFIG] [action] ExecuteQuery
2018-10-15 02:32:58.581 [uncertain.proc] [FINE] aurora.bm.QuerySqlCreator.onExecuteQuery
2018-10-15 02:32:58.587 [uncertain.proc] [CONFIG] [action] QueryFinish
2018-10-15 02:32:58.587 [uncertain.proc] [FINE] aurora.database.features.AutoQueryCounter.onQueryFinish
2018-10-15 02:32:58.591 [uncertain.proc] [CONFIG] [action] FetchResultSet
2018-10-15 02:32:58.591 [uncertain.proc] [FINE] aurora.database.features.CacheBasedLookUpField.postFetchResultSet
2018-10-15 02:32:58.591 [aurora.database] [CONFIG] 
============= BEGIN [query] SQL Statement execution dump ============

                SELECT
                    *
                FROM
                    (SELECT
                        B.EMPLOYEE_ID ,
                        B.EMPLOYEE_CODE ,
                        B.NAME,
                        (B.EMPLOYEE_CODE
                        ||'-'
                        ||B.NAME) GRANTED_EMPLOYEE_NAME
                    FROM
                        EXP_EMPLOYEES B
                    WHERE
                        B.ENABLED_FLAG='Y' AND
                        EXISTS
                        (SELECT
                            1
                        FROM
                            exp_employee_assigns_v eesv
                        WHERE
                            eesv.position_id        = NVL(?,eesv.position_id) AND
                            eesv.employee_id        = b.employee_id AND
                            eesv.assign_enabled_flag='Y'
                        )
                    )V 
                ORDER BY
                    v.EMPLOYEE_CODE
            
---------------------Binding info---------------------
No.1	Access path:/parameter/@p_current_granted_pos_id	Data type of passed value :[null]	Value:null	Output:false	Database Type:null	

=============== END [query] SQL Statement execution dump ============

2018-10-15 02:32:58.591 [uncertain.proc] [CONFIG] [action] CreateSuccessResponse
