2018-10-10 06:13:15.572 [aurora.application.session_check] [CONFIG] Session data copied to context
2018-10-10 06:13:15.572 [aurora.application.session_check] [CONFIG] Checking BM access expm.EXP1220.exp_expense_report_type_combo_query for operation query
2018-10-10 06:13:15.573 [aurora.application.session_check] [CONFIG] Result from aurora.bm.DefaultAccessChecker@9a7d272 is true
2018-10-10 06:13:15.573 [uncertain.proc] [CONFIG] [action] AccessCheck
2018-10-10 06:13:15.574 [uncertain.proc] [CONFIG] [action] CheckServiceLock
2018-10-10 06:13:15.575 [uncertain.proc] [CONFIG] [action] ParseParameter
2018-10-10 06:13:15.575 [uncertain.proc] [CONFIG] [action] ValidateInput
2018-10-10 06:13:15.575 [uncertain.proc] [CONFIG] [action] InvokeService
2018-10-10 06:13:15.575 [aurora.database] [CONFIG] ===================================== prepare to run model-query expm.EXP1220.exp_expense_report_type_combo_query==============================
2018-10-10 06:13:15.579 [uncertain.proc] [CONFIG] [action] DecideSqlGenerationMode
2018-10-10 06:13:15.579 [uncertain.proc] [FINE] aurora.database.service.BusinessModelService.onDecideSqlGenerationMode
2018-10-10 06:13:15.579 [uncertain.proc] [CONFIG] [action] CreateOperationSql
2018-10-10 06:13:15.579 [uncertain.proc] [CONFIG] [action] PopulateOperationSql
2018-10-10 06:13:15.579 [uncertain.proc] [FINE] aurora.database.features.OrderByClauseCreator.onPopulateOperationSql
2018-10-10 06:13:15.579 [uncertain.proc] [FINE] aurora.database.features.WhereClauseCreator.onPopulateOperationSql
2018-10-10 06:13:15.579 [uncertain.proc] [CONFIG] [action] ExecuteQuery
2018-10-10 06:13:15.579 [uncertain.proc] [FINE] aurora.bm.QuerySqlCreator.onExecuteQuery
2018-10-10 06:13:15.593 [uncertain.proc] [CONFIG] [action] QueryFinish
2018-10-10 06:13:15.593 [uncertain.proc] [FINE] aurora.database.features.AutoQueryCounter.onQueryFinish
2018-10-10 06:13:15.606 [uncertain.proc] [CONFIG] [action] FetchResultSet
2018-10-10 06:13:15.606 [uncertain.proc] [FINE] aurora.database.features.CacheBasedLookUpField.postFetchResultSet
2018-10-10 06:13:15.606 [aurora.database] [CONFIG] 
============= BEGIN [query] SQL Statement execution dump ============

            select erpv.expense_report_type_id,
			       erpv.expense_report_type_code,
			       erpv.description,
			       erpv.currency_code
			  from exp_expense_report_types_vl erpv
			   WHERE erpv.company_id = ?  and erpv.enabled_flag = 'Y' 
			
 			
---------------------Binding info---------------------
No.1	Access path:@company_id	Data type of passed value :java.lang.Integer	Value:835	Output:false	Database Type:null	

=============== END [query] SQL Statement execution dump ============

2018-10-10 06:13:15.606 [uncertain.proc] [CONFIG] [action] CreateSuccessResponse
