2018-10-15 06:37:50.817 [aurora.application.session_check] [CONFIG] Session data copied to context
2018-10-15 06:37:50.818 [aurora.application.session_check] [CONFIG] Checking BM access expm.EXP2030.exp_req_items_company_lov for operation query
2018-10-15 06:37:50.819 [aurora.application.session_check] [CONFIG] Result from aurora.bm.DefaultAccessChecker@4dc74a14 is true
2018-10-15 06:37:50.819 [uncertain.proc] [CONFIG] [action] AccessCheck
2018-10-15 06:37:50.821 [uncertain.proc] [CONFIG] [action] CheckServiceLock
2018-10-15 06:37:50.821 [uncertain.proc] [CONFIG] [action] ParseParameter
2018-10-15 06:37:50.821 [uncertain.proc] [CONFIG] [action] ValidateInput
2018-10-15 06:37:50.821 [uncertain.proc] [CONFIG] [action] InvokeService
2018-10-15 06:37:50.821 [aurora.database] [CONFIG] ===================================== prepare to run model-query expm.EXP2030.exp_req_items_company_lov==============================
2018-10-15 06:37:50.826 [uncertain.proc] [CONFIG] [action] DecideSqlGenerationMode
2018-10-15 06:37:50.826 [uncertain.proc] [FINE] aurora.database.service.BusinessModelService.onDecideSqlGenerationMode
2018-10-15 06:37:50.826 [uncertain.proc] [CONFIG] [action] CreateOperationSql
2018-10-15 06:37:50.826 [uncertain.proc] [CONFIG] [action] PopulateOperationSql
2018-10-15 06:37:50.826 [uncertain.proc] [FINE] aurora.database.features.OrderByClauseCreator.onPopulateOperationSql
2018-10-15 06:37:50.826 [uncertain.proc] [FINE] aurora.database.features.WhereClauseCreator.onPopulateOperationSql
2018-10-15 06:37:50.826 [uncertain.proc] [CONFIG] [action] ExecuteQuery
2018-10-15 06:37:50.826 [uncertain.proc] [FINE] aurora.bm.QuerySqlCreator.onExecuteQuery
2018-10-15 06:37:50.860 [uncertain.proc] [CONFIG] [action] QueryFinish
2018-10-15 06:37:50.860 [uncertain.proc] [FINE] aurora.database.features.AutoQueryCounter.onQueryFinish
2018-10-15 06:37:50.890 [uncertain.proc] [CONFIG] [action] FetchResultSet
2018-10-15 06:37:50.890 [uncertain.proc] [FINE] aurora.database.features.CacheBasedLookUpField.postFetchResultSet
2018-10-15 06:37:50.890 [aurora.database] [CONFIG] 
============= BEGIN [query] SQL Statement execution dump ============

            	select *
				  from (select distinct t.company_id, t.company_code, t.company_short_name
				          from fnd_companies_vl t, gld_set_of_books gs, fnd_companies fc
				         where gs.set_of_books_id = fc.set_of_books_id
				           and gs.set_of_books_id = t.set_of_books_id
                           and t.set_of_books_id = ?
				           and (sysdate between t.start_date_active and t.end_date_active or
				               t.end_date_active is null)) t2
				  
				 order by company_code
       	
---------------------Binding info---------------------
No.1	Access path:/parameter/@set_of_books_id	Data type of passed value :java.lang.String	Value:122	Output:false	Database Type:null	

=============== END [query] SQL Statement execution dump ============

2018-10-15 06:37:50.890 [uncertain.proc] [CONFIG] [action] CreateSuccessResponse
