2018-10-15 09:03:22.779 [aurora.application.session_check] [CONFIG] Session data copied to context
2018-10-15 09:03:22.779 [aurora.application.session_check] [CONFIG] Checking BM access expm.exp_requisition_query for operation query
2018-10-15 09:03:22.781 [aurora.application.session_check] [CONFIG] Result from aurora.bm.DefaultAccessChecker@1cef274b is true
2018-10-15 09:03:22.781 [uncertain.proc] [CONFIG] [action] AccessCheck
2018-10-15 09:03:22.782 [uncertain.proc] [CONFIG] [action] CheckServiceLock
2018-10-15 09:03:22.782 [uncertain.proc] [CONFIG] [action] ParseParameter
2018-10-15 09:03:22.782 [uncertain.proc] [CONFIG] [action] ValidateInput
2018-10-15 09:03:22.782 [uncertain.proc] [CONFIG] [action] InvokeService
2018-10-15 09:03:22.782 [aurora.database] [CONFIG] ===================================== prepare to run model-query expm.exp_requisition_query==============================
2018-10-15 09:03:22.785 [uncertain.proc] [CONFIG] [action] DecideSqlGenerationMode
2018-10-15 09:03:22.785 [uncertain.proc] [FINE] aurora.database.service.BusinessModelService.onDecideSqlGenerationMode
2018-10-15 09:03:22.785 [uncertain.proc] [CONFIG] [action] CreateOperationSql
2018-10-15 09:03:22.785 [uncertain.proc] [CONFIG] [action] PopulateOperationSql
2018-10-15 09:03:22.785 [uncertain.proc] [FINE] aurora.database.features.OrderByClauseCreator.onPopulateOperationSql
2018-10-15 09:03:22.785 [uncertain.proc] [FINE] aurora.database.features.WhereClauseCreator.onPopulateOperationSql
2018-10-15 09:03:22.785 [uncertain.proc] [CONFIG] [action] ExecuteQuery
2018-10-15 09:03:22.785 [uncertain.proc] [FINE] aurora.bm.QuerySqlCreator.onExecuteQuery
2018-10-15 09:03:22.814 [uncertain.proc] [CONFIG] [action] QueryFinish
2018-10-15 09:03:22.814 [uncertain.proc] [FINE] aurora.database.features.AutoQueryCounter.onQueryFinish
2018-10-15 09:03:22.835 [uncertain.proc] [CONFIG] [action] FetchResultSet
2018-10-15 09:03:22.835 [uncertain.proc] [FINE] aurora.database.features.CacheBasedLookUpField.postFetchResultSet
2018-10-15 09:03:22.835 [aurora.database] [CONFIG] 
============= BEGIN [query] SQL Statement execution dump ============

                SELECT
                    *
                FROM
                    (SELECT
                        s.exp_requisition_header_id,
                        (SELECT
                            cch.contract_number
                        FROM
                            con_contract_headers cch,
                            con_document_flows s
                        WHERE
                            contract_header_id     =s.document_id AND
                            s.document_type        ='CON_CONTRACT' AND
                            s.source_document_type ='EXP_REQUISITION_HEADERS' AND
                            s.source_document_id   =s.exp_requisition_header_id
                        ) contact_number,
                        s.exp_requisition_number,
                        s.exp_requisition_barcode,
                        s.employee_id,
                        (SELECT
                            employee_code
                        FROM
                            exp_employees es
                        WHERE
                            es.employee_id = s.employee_id
                        ) employee_code,
                        (SELECT name FROM exp_employees es WHERE es.employee_id = s.employee_id
                        ) employee_name,
                        s.payee_category,
                        (SELECT
                            code_value_name
                        FROM
                            sys_code_values_vl b,
                            sys_codes a
                        WHERE
                            b.code_id = a.code_id AND
                            a.code    = 'PAYMENT_OBJECT' AND
                            code_value=s.payee_category
                        ) payee_category_name,
                        s.payee_id,
                        DECODE (s.PAYEE_CATEGORY,'EMPLOYEE' ,
                        (SELECT
                            employee_code
                            ||'-'
                            ||name
                        FROM
                            exp_employees ee
                        WHERE
                            ee.employee_id=s.payee_id
                        ), 'CUSTOMER',
                        (SELECT
                            vc.CUSTOMER_CODE
                            ||'-'
                            ||vc.DESCRIPTION
                        FROM
                            ord_system_customers_vl vc
                        WHERE
                            vc.CUSTOMER_ID=s.payee_id
                        ),
                        (SELECT
                            vv.VENDER_CODE
                            ||'-'
                            ||vv.DESCRIPTION
                        FROM
                            pur_system_venders_vl vv
                        WHERE
                            vv.VENDER_ID=s.payee_id
                        )) payee_name,
                        s.currency_code,
                        (SELECT
                            currency_name
                        FROM
                            gld_currency_vl gcv
                        WHERE
                            gcv.currency_code = s.currency_code
                        ) currency_name,
                        s.exchange_rate_type,
                        s.exchange_rate_quotation,
                        (SELECT
                            SUM(t.requisition_amount)
                        FROM
                            exp_requisition_lines t
                        WHERE
                            t.exp_requisition_header_id = s.exp_requisition_header_id
                        ) QUARTER_NUM,
                        (SELECT
                            SUM(t.requisition_functional_amount)
                        FROM
                            exp_requisition_lines t
                        WHERE
                            t.exp_requisition_header_id = s.exp_requisition_header_id
                        ) QUARTER_NUM_FUN,
                        s.period_name,
                        s.released_status,
                        s.je_creation_status,
                        s.gld_interface_flag,
                        s.created_by,
                        s.creation_date,
                        TO_CHAR(s.creation_date,'yyyy-mm-dd') creation_date1,
                        s.last_updated_by,
                        s.last_update_date,
                        TO_CHAR(s.requisition_date,'yyyy-mm-dd') requisition_date,
                        s.exp_requisition_type_id,
                        (SELECT
                            erpv.DESCRIPTION
                        FROM
                            exp_expense_req_types_vl erpv
                        WHERE
                            erpv.EXPENSE_REQUISITION_TYPE_ID = s.exp_requisition_type_id
                        ) type_description,
                        (SELECT
                            erpv.EXPENSE_REQUISITION_TYPE_CODE
                        FROM
                            exp_expense_req_types_vl erpv
                        WHERE
                            erpv.EXPENSE_REQUISITION_TYPE_ID = s.exp_requisition_type_id
                        ) TYPE_CODE,
                        s.description,
                        (SELECT
                            eert.report_name
                        FROM
                            exp_expense_req_types eert
                        WHERE
                            eert.expense_requisition_type_id = s.exp_requisition_type_id
                        ) report_name,
                        (SELECT
                            sr.param_name
                        FROM
                            exp_expense_req_types eert,
                            sys_reports sr
                        WHERE
                            eert.report_name                 = sr.report_name AND
                            eert.expense_requisition_type_id = s.exp_requisition_type_id AND
                            rownum                           = 1
                        ) report_param_name,
                        s.requisition_status requisition_status_value,
                        (SELECT
                            b.code_value_name
                        FROM
                            sys_codes_vl a,
                            sys_code_values_vl b
                        WHERE
                            a.code_id    = b.code_id AND
                            a.code       = 'EXP_EXPENSE_REPORT_STATUS' AND
                            b.code_value = s.requisition_status
                        ) REQUISITION_STATUS,
                        (SELECT
                            SUM(a.req_release_amount)
                        FROM
                            exp_requisition_release a
                        WHERE
                            a.exp_requisition_header_id = s.exp_requisition_header_id
                        ) USEDAMOUNT,
                        (SELECT
                            SUM(a.req_release_quantity)
                        FROM
                            exp_requisition_release a
                        WHERE
                            a.exp_requisition_header_id = s.exp_requisition_header_id
                        ) USEDQUANLITY ,
                        (SELECT
                            b.code_value_name
                        FROM
                            sys_code_values_vl b,
                            sys_codes a
                        WHERE
                            b.code_id    = a.code_id AND
                            a.code       = 'EXP_REQUISITION_CLOSE_STATUS' AND
                            b.code_value = exp_report_util_pkg.get_exp_req_closed_status(s.exp_requisition_header_id)
                        ) ISCLOSE,
                        pv.page_name AS update_page_name,
                        pv2.page_name AS query_page_name
                    FROM
                        exp_requisition_headers s,
                        exp_expense_req_types rt,
                        exp_req_type_pages_v pv,
                        exp_req_type_pages_v pv2,
                        (SELECT DISTINCT
                            t2.employee_id
                        FROM
                            exp_document_authorities a,
                            exp_employee_assigns t,
                            exp_employee_assigns t2,
                            exp_org_position p,
                            exp_org_unit u,
                            sys_user su
                        WHERE
                            su.user_id      = ? AND
                            a.document_type = '01' AND
                            (
                                a.granted_position_id IS NULL OR
                                a.granted_position_id  = t.position_id AND
                                t.enabled_flag         = 'Y' AND
                                t.company_id           = a.company_id AND
                                t.employee_id          = su.employee_id
                            )
                            AND
                            NVL(a.granted_employee_id, su.employee_id ) = su.employee_id AND
                            t2.enabled_flag                             = 'Y' AND
                            p.enabled_flag                              = 'Y' AND
                            u.enabled_flag                              = 'Y' AND
                            p.position_id                               = t2.position_id AND
                            u.unit_id                                   = p.unit_id AND
                            a.start_date                               <= sysdate AND
                            (
                                a.end_date IS NULL OR
                                a.end_date +1 >= sysdate
                            )
                            AND
                            (
                                (
                                    ?           = 'MAINTENANCE' AND
                                    a.maintenance_authority = 'Y'
                                )
                                OR
                                (
                                    ?    IS NULL AND
                                    a.query_authority = 'Y'
                                )
                            )
                            AND
                            t2.company_id = a.company_id AND
                            (
                                a.org_unit_id IS NULL OR
                                a.org_unit_id  = u.unit_id
                            )
                            AND
                            (
                                a.position_id IS NULL OR
                                a.position_id  = p.position_id
                            )
                            AND
                            (
                                a.employee_id IS NULL OR
                                a.employee_id  = t2.employee_id
                            )
                        UNION
                        SELECT
                            su2.employee_id
                        FROM
                            sys_user su2
                        WHERE
                            su2.user_id = ?
                        ) x
                    WHERE
                        s.company_id                                                                                      =? AND
                        s.exp_requisition_type_id                                                                         = rt.expense_requisition_type_id AND
                        pv.page_type                                                                                      = rt.document_page_type AND
                        pv.page_usage                                                                                     = 'UPDATE' AND
                        pv2.page_type                                                                                     = rt.document_page_type AND
                        pv2.page_usage                                                                                    = 'QUERY' AND
                        sys_user_secure_exit_pkg.exp_requsition_query(s.exp_requisition_header_id,?)='Y' AND
                        DECODE(?,NULL,0,1)                                                                    =DECODE(?,NULL,0,DECODE(requisition_status,'GENERATE',1,'REJECTED',1,'TAKEN_BACK',1,0)) AND
                        s.employee_id                                                                                     = x.employee_id
                    ) 
                ORDER BY
                    exp_requisition_header_id DESC
            
---------------------Binding info---------------------
No.1	Access path:/session/@user_id	Data type of passed value :java.lang.Long	Value:2242	Output:false	Database Type:null	
No.2	Access path:@authority	Data type of passed value :[null]	Value:null	Output:false	Database Type:null	
No.3	Access path:@authority	Data type of passed value :[null]	Value:null	Output:false	Database Type:null	
No.4	Access path:/session/@user_id	Data type of passed value :java.lang.Long	Value:2242	Output:false	Database Type:null	
No.5	Access path:/session/@company_id	Data type of passed value :java.lang.String	Value:835	Output:false	Database Type:null	
No.6	Access path:/session/@session_id	Data type of passed value :java.lang.Long	Value:55419	Output:false	Database Type:null	
No.7	Access path:@authority	Data type of passed value :[null]	Value:null	Output:false	Database Type:null	
No.8	Access path:@authority	Data type of passed value :[null]	Value:null	Output:false	Database Type:null	

=============== END [query] SQL Statement execution dump ============

2018-10-15 09:03:22.835 [uncertain.proc] [CONFIG] [action] CreateSuccessResponse
