2018-09-29 09:34:42.715 [aurora.application.session_check] [CONFIG] Session data copied to context
2018-09-29 09:34:42.715 [aurora.application.session_check] [CONFIG] Checking BM access expm.EXP2110.exp_report_ref_types for operation query
2018-09-29 09:34:42.716 [aurora.application.session_check] [CONFIG] Result from aurora.bm.DefaultAccessChecker@1efdc2ca is true
2018-09-29 09:34:42.716 [uncertain.proc] [CONFIG] [action] AccessCheck
2018-09-29 09:34:42.717 [uncertain.proc] [CONFIG] [action] CheckServiceLock
2018-09-29 09:34:42.717 [uncertain.proc] [CONFIG] [action] ParseParameter
2018-09-29 09:34:42.717 [uncertain.proc] [CONFIG] [action] ValidateInput
2018-09-29 09:34:42.717 [uncertain.proc] [CONFIG] [action] InvokeService
2018-09-29 09:34:42.717 [aurora.database] [CONFIG] ===================================== prepare to run model-query expm.EXP2110.exp_report_ref_types==============================
2018-09-29 09:34:42.720 [uncertain.proc] [CONFIG] [action] DecideSqlGenerationMode
2018-09-29 09:34:42.720 [uncertain.proc] [FINE] aurora.database.service.BusinessModelService.onDecideSqlGenerationMode
2018-09-29 09:34:42.720 [uncertain.proc] [CONFIG] [action] CreateOperationSql
2018-09-29 09:34:42.720 [uncertain.proc] [CONFIG] [action] PopulateOperationSql
2018-09-29 09:34:42.720 [uncertain.proc] [FINE] aurora.database.features.OrderByClauseCreator.onPopulateOperationSql
2018-09-29 09:34:42.720 [uncertain.proc] [FINE] aurora.database.features.WhereClauseCreator.onPopulateOperationSql
2018-09-29 09:34:42.720 [uncertain.proc] [CONFIG] [action] ExecuteQuery
2018-09-29 09:34:42.720 [uncertain.proc] [FINE] aurora.bm.QuerySqlCreator.onExecuteQuery
2018-09-29 09:34:42.721 [uncertain.proc] [CONFIG] [action] QueryFinish
2018-09-29 09:34:42.721 [uncertain.proc] [FINE] aurora.database.features.AutoQueryCounter.onQueryFinish
2018-09-29 09:34:42.721 [uncertain.proc] [CONFIG] [action] FetchResultSet
2018-09-29 09:34:42.721 [uncertain.proc] [FINE] aurora.database.features.CacheBasedLookUpField.postFetchResultSet
2018-09-29 09:34:42.721 [aurora.database] [CONFIG] 
============= BEGIN [query] SQL Statement execution dump ============

    			select t.expense_report_ref_type_id,
				       t.expense_report_type_id,
				       t.expense_type_id,
				       v.expense_type_code,
				       v.description,
				       t.default_flag
				  from exp_report_ref_types t, exp_expense_types_vl v
				 where t.expense_type_id = v.expense_type_id
				   and t.expense_report_type_id = ?
				 order by expense_type_code
    		
---------------------Binding info---------------------
No.1	Access path:@expense_report_type_id	Data type of passed value :java.lang.Integer	Value:1611	Output:false	Database Type:null	

=============== END [query] SQL Statement execution dump ============

2018-09-29 09:34:42.721 [uncertain.proc] [CONFIG] [action] CreateSuccessResponse
