2018-10-22 11:16:58.182 [aurora.application.session_check] [CONFIG] Session data copied to context
2018-10-22 11:16:58.182 [aurora.application.session_check] [CONFIG] Checking BM access expm.EXP2110.exp_rep_ref_dimension for operation query
2018-10-22 11:16:58.183 [aurora.application.session_check] [CONFIG] Result from aurora.bm.DefaultAccessChecker@483dec43 is true
2018-10-22 11:16:58.183 [uncertain.proc] [CONFIG] [action] AccessCheck
2018-10-22 11:16:58.185 [uncertain.proc] [CONFIG] [action] CheckServiceLock
2018-10-22 11:16:58.185 [uncertain.proc] [CONFIG] [action] ParseParameter
2018-10-22 11:16:58.185 [uncertain.proc] [CONFIG] [action] ValidateInput
2018-10-22 11:16:58.185 [uncertain.proc] [CONFIG] [action] InvokeService
2018-10-22 11:16:58.185 [aurora.database] [CONFIG] ===================================== prepare to run model-query expm.EXP2110.exp_rep_ref_dimension==============================
2018-10-22 11:16:58.191 [uncertain.proc] [CONFIG] [action] DecideSqlGenerationMode
2018-10-22 11:16:58.191 [uncertain.proc] [FINE] aurora.database.service.BusinessModelService.onDecideSqlGenerationMode
2018-10-22 11:16:58.191 [uncertain.proc] [CONFIG] [action] CreateOperationSql
2018-10-22 11:16:58.191 [uncertain.proc] [CONFIG] [action] PopulateOperationSql
2018-10-22 11:16:58.191 [uncertain.proc] [FINE] aurora.database.features.OrderByClauseCreator.onPopulateOperationSql
2018-10-22 11:16:58.191 [uncertain.proc] [FINE] aurora.database.features.WhereClauseCreator.onPopulateOperationSql
2018-10-22 11:16:58.191 [uncertain.proc] [CONFIG] [action] ExecuteQuery
2018-10-22 11:16:58.191 [uncertain.proc] [FINE] aurora.bm.QuerySqlCreator.onExecuteQuery
2018-10-22 11:16:58.195 [uncertain.proc] [CONFIG] [action] QueryFinish
2018-10-22 11:16:58.195 [uncertain.proc] [FINE] aurora.database.features.AutoQueryCounter.onQueryFinish
2018-10-22 11:16:58.195 [uncertain.proc] [CONFIG] [action] FetchResultSet
2018-10-22 11:16:58.196 [uncertain.proc] [FINE] aurora.database.features.CacheBasedLookUpField.postFetchResultSet
2018-10-22 11:16:58.196 [aurora.database] [CONFIG] 
============= BEGIN [query] SQL Statement execution dump ============

            	select rowidtochar(t.rowid) id,
				       t.expense_report_type_id,
				       t.dimension_id,
				       fdv.dimension_code,
				       fdv.description,
				       t.layout_position,
				       t.layout_priority,
				       t.default_dim_value_id,
				       fdvv.dimension_value_code,
				       fdvv.description dimension_value_description
				  from exp_rep_ref_dimensions t,
				       fnd_dimensions_vl fdv,
				       (select * from fnd_dimension_values_v fdvv where fdvv.company_id = ?) fdvv
				 where t.dimension_id = fdv.dimension_id(+)
				   and t.default_dim_value_id = fdvv.dimension_value_id(+)
				   and t.dimension_id = fdvv.dimension_id(+)
				   and t.expense_report_type_id = ?
				 order by dimension_code
    		
---------------------Binding info---------------------
No.1	Access path:/session/@company_id	Data type of passed value :java.lang.Integer	Value:2240	Output:false	Database Type:null	
No.2	Access path:@expense_report_type_id	Data type of passed value :java.lang.Integer	Value:8	Output:false	Database Type:null	

=============== END [query] SQL Statement execution dump ============

2018-10-22 11:16:58.196 [uncertain.proc] [CONFIG] [action] CreateSuccessResponse
