2018-10-17 09:37:46.637 [aurora.application.session_check] [CONFIG] Session data copied to context
2018-10-17 09:37:46.637 [aurora.application.session_check] [CONFIG] Checking BM access expm.exp_report_accounts_query for operation query
2018-10-17 09:37:46.638 [aurora.application.session_check] [CONFIG] Result from aurora.bm.DefaultAccessChecker@72f7b53 is true
2018-10-17 09:37:46.638 [uncertain.proc] [CONFIG] [action] AccessCheck
2018-10-17 09:37:46.639 [uncertain.proc] [CONFIG] [action] CheckServiceLock
2018-10-17 09:37:46.639 [uncertain.proc] [CONFIG] [action] ParseParameter
2018-10-17 09:37:46.639 [uncertain.proc] [CONFIG] [action] ValidateInput
2018-10-17 09:37:46.639 [uncertain.proc] [CONFIG] [action] InvokeService
2018-10-17 09:37:46.639 [aurora.database] [CONFIG] ===================================== prepare to run model-query expm.exp_report_accounts_query==============================
2018-10-17 09:37:46.642 [uncertain.proc] [CONFIG] [action] DecideSqlGenerationMode
2018-10-17 09:37:46.642 [uncertain.proc] [FINE] aurora.database.service.BusinessModelService.onDecideSqlGenerationMode
2018-10-17 09:37:46.642 [uncertain.proc] [CONFIG] [action] CreateOperationSql
2018-10-17 09:37:46.642 [uncertain.proc] [CONFIG] [action] PopulateOperationSql
2018-10-17 09:37:46.642 [uncertain.proc] [FINE] aurora.database.features.OrderByClauseCreator.onPopulateOperationSql
2018-10-17 09:37:46.642 [uncertain.proc] [FINE] aurora.database.features.WhereClauseCreator.onPopulateOperationSql
2018-10-17 09:37:46.642 [uncertain.proc] [CONFIG] [action] ExecuteQuery
2018-10-17 09:37:46.642 [uncertain.proc] [FINE] aurora.bm.QuerySqlCreator.onExecuteQuery
2018-10-17 09:37:46.648 [uncertain.proc] [CONFIG] [action] QueryFinish
2018-10-17 09:37:46.648 [uncertain.proc] [FINE] aurora.database.features.AutoQueryCounter.onQueryFinish
2018-10-17 09:37:46.648 [uncertain.proc] [CONFIG] [action] FetchResultSet
2018-10-17 09:37:46.648 [uncertain.proc] [FINE] aurora.database.features.CacheBasedLookUpField.postFetchResultSet
2018-10-17 09:37:46.648 [aurora.database] [CONFIG] 
============= BEGIN [query] SQL Statement execution dump ============

                SELECT
                    T.BATCH_ID,
                    T.CURRENCY_CODE,
                    T.EXCHANGE_RATE_TYPE,
                    T.EXCHANGE_RATE,
                    T.EXCHANGE_RATE_QUOTATION,
                    v.rate_method_code exchange_rate_type_code
                FROM
                    EXP_CURRENCY_CODE_TMP T,
                    gld_exchangerate_types_vl v
                WHERE
                    t.exchange_rate_type = v.type_code(+) AND
                    batch_id             = ?
                ORDER BY
                    CURRENCY_CODE
            
---------------------Binding info---------------------
No.1	Access path:@batch_id	Data type of passed value :java.lang.String	Value:14134	Output:false	Database Type:null	

=============== END [query] SQL Statement execution dump ============

2018-10-17 09:37:46.648 [uncertain.proc] [CONFIG] [action] CreateSuccessResponse
