2018-10-15 06:37:48.807 [aurora.application.session_check] [CONFIG] Session data copied to context
2018-10-15 06:37:48.808 [aurora.application.session_check] [CONFIG] Checking BM access expm.EXP2030.exp_req_items_company for operation query
2018-10-15 06:37:48.809 [aurora.application.session_check] [CONFIG] Result from aurora.bm.DefaultAccessChecker@27378bd6 is true
2018-10-15 06:37:48.809 [uncertain.proc] [CONFIG] [action] AccessCheck
2018-10-15 06:37:48.810 [uncertain.proc] [CONFIG] [action] CheckServiceLock
2018-10-15 06:37:48.811 [uncertain.proc] [CONFIG] [action] ParseParameter
2018-10-15 06:37:48.811 [uncertain.proc] [CONFIG] [action] ValidateInput
2018-10-15 06:37:48.811 [uncertain.proc] [CONFIG] [action] InvokeService
2018-10-15 06:37:48.811 [aurora.database] [CONFIG] ===================================== prepare to run model-query expm.EXP2030.exp_req_items_company==============================
2018-10-15 06:37:48.814 [uncertain.proc] [CONFIG] [action] DecideSqlGenerationMode
2018-10-15 06:37:48.814 [uncertain.proc] [FINE] aurora.database.service.BusinessModelService.onDecideSqlGenerationMode
2018-10-15 06:37:48.814 [uncertain.proc] [CONFIG] [action] CreateOperationSql
2018-10-15 06:37:48.814 [uncertain.proc] [CONFIG] [action] PopulateOperationSql
2018-10-15 06:37:48.814 [uncertain.proc] [FINE] aurora.database.features.OrderByClauseCreator.onPopulateOperationSql
2018-10-15 06:37:48.814 [uncertain.proc] [FINE] aurora.database.features.WhereClauseCreator.onPopulateOperationSql
2018-10-15 06:37:48.814 [uncertain.proc] [CONFIG] [action] ExecuteQuery
2018-10-15 06:37:48.814 [uncertain.proc] [FINE] aurora.bm.QuerySqlCreator.onExecuteQuery
2018-10-15 06:37:48.816 [uncertain.proc] [CONFIG] [action] QueryFinish
2018-10-15 06:37:48.816 [uncertain.proc] [FINE] aurora.database.features.AutoQueryCounter.onQueryFinish
2018-10-15 06:37:48.823 [uncertain.proc] [CONFIG] [action] FetchResultSet
2018-10-15 06:37:48.823 [uncertain.proc] [FINE] aurora.database.features.CacheBasedLookUpField.postFetchResultSet
2018-10-15 06:37:48.823 [aurora.database] [CONFIG] 
============= BEGIN [query] SQL Statement execution dump ============

            	select t.req_item_id,
				       t.company_id,
				       t.enabled_flag,
				       fc.company_code,
				       fc.company_short_name
				  from exp_company_req_items t, fnd_companies_vl fc
				 where t.company_id = fc.company_id(+)
				   and t.req_item_id = ?
				 order by fc.company_code
   		
---------------------Binding info---------------------
No.1	Access path:@req_item_id	Data type of passed value :java.lang.Integer	Value:181	Output:false	Database Type:null	

=============== END [query] SQL Statement execution dump ============

2018-10-15 06:37:48.823 [uncertain.proc] [CONFIG] [action] CreateSuccessResponse
