2018-10-18 06:07:56.87 [aurora.application.session_check] [CONFIG] Session data copied to context
2018-10-18 06:07:56.88 [aurora.application.session_check] [CONFIG] Checking BM access expm.EXP2010.exp_req_ref_types_define for operation batch_update
2018-10-18 06:07:56.88 [aurora.application.session_check] [CONFIG] for batch_update, access check will be performed on each record from parameter
2018-10-18 06:07:56.88 [uncertain.proc] [CONFIG] [action] AccessCheck
2018-10-18 06:07:56.90 [uncertain.proc] [CONFIG] [action] CheckServiceLock
2018-10-18 06:07:56.90 [uncertain.proc] [CONFIG] [action] ParseParameter
2018-10-18 06:07:56.90 [uncertain.proc] [CONFIG] [action] ValidateInput
2018-10-18 06:07:56.90 [uncertain.proc] [CONFIG] [action] InvokeService
2018-10-18 06:07:56.92 [aurora.database] [CONFIG] ============ Running model batch update with data from path /parameter, total 1 records
2018-10-18 06:07:56.92 [aurora.database] [CONFIG] execute insert on record No.0 for model expm.EXP2010.exp_req_ref_types_define
2018-10-18 06:07:56.95 [uncertain.proc] [CONFIG] [action] DecideStatement
2018-10-18 06:07:56.97 [uncertain.proc] [CONFIG] [action] DecideSqlGenerationMode
2018-10-18 06:07:56.97 [uncertain.proc] [FINE] aurora.database.service.BusinessModelService.onDecideSqlGenerationMode
2018-10-18 06:07:56.97 [uncertain.proc] [CONFIG] [action] CreateOperationSql
2018-10-18 06:07:56.97 [uncertain.proc] [CONFIG] [action] PopulateOperationSql
2018-10-18 06:07:56.97 [uncertain.proc] [FINE] aurora.database.features.OrderByClauseCreator.onPopulateOperationSql
2018-10-18 06:07:56.97 [uncertain.proc] [FINE] aurora.database.features.WhereClauseCreator.onPopulateOperationSql
2018-10-18 06:07:56.97 [uncertain.proc] [CONFIG] [action] CreateSqlRunner
2018-10-18 06:07:56.97 [uncertain.proc] [FINE] aurora.database.service.BusinessModelService.onCreateSqlRunner
2018-10-18 06:07:56.97 [uncertain.proc] [CONFIG] [action] ExecuteDmlStatement
2018-10-18 06:07:56.97 [uncertain.proc] [FINE] aurora.database.service.BusinessModelService.onExecuteDmlStatement
2018-10-18 06:07:56.187 [aurora.database] [CONFIG] 
============= BEGIN [Insert] SQL Statement execution dump ============

            	begin
            		exp_expense_req_types_pkg.insert_exp_req_ref_types(p_expense_requisition_type_id =>?,
								                                       p_expense_type_id             =>?,
								                                       p_created_by                  =>?);
            	end;
        	
---------------------Binding info---------------------
No.1	Access path:@expense_requisition_type_id	Data type of passed value :java.lang.Integer	Value:1381	Output:false	Database Type:null	
No.2	Access path:@expense_type_id	Data type of passed value :java.lang.Integer	Value:29501	Output:false	Database Type:null	
No.3	Access path:/session/@user_id	Data type of passed value :java.lang.Long	Value:2242	Output:false	Database Type:null	

=============== END [Insert] SQL Statement execution dump ============

2018-10-18 06:07:56.187 [aurora.database] [CONFIG] ============ End of batch update for /parameter
2018-10-18 06:07:56.187 [uncertain.proc] [CONFIG] [action] CreateSuccessResponse
