2018-10-16 01:57:57.123 [aurora.application.session_check] [CONFIG] Session data copied to context
2018-10-16 01:57:57.124 [aurora.application.session_check] [CONFIG] Checking BM access expm.EXP1140.exp_req_item_query for operation query
2018-10-16 01:57:57.125 [aurora.application.session_check] [CONFIG] Result from aurora.bm.DefaultAccessChecker@4c492eea is true
2018-10-16 01:57:57.125 [uncertain.proc] [CONFIG] [action] AccessCheck
2018-10-16 01:57:57.127 [uncertain.proc] [CONFIG] [action] CheckServiceLock
2018-10-16 01:57:57.127 [uncertain.proc] [CONFIG] [action] ParseParameter
2018-10-16 01:57:57.127 [uncertain.proc] [CONFIG] [action] ValidateInput
2018-10-16 01:57:57.127 [uncertain.proc] [CONFIG] [action] InvokeService
2018-10-16 01:57:57.127 [aurora.database] [CONFIG] ===================================== prepare to run model-query expm.EXP1140.exp_req_item_query==============================
2018-10-16 01:57:57.132 [uncertain.proc] [CONFIG] [action] DecideSqlGenerationMode
2018-10-16 01:57:57.132 [uncertain.proc] [FINE] aurora.database.service.BusinessModelService.onDecideSqlGenerationMode
2018-10-16 01:57:57.132 [uncertain.proc] [CONFIG] [action] CreateOperationSql
2018-10-16 01:57:57.132 [uncertain.proc] [CONFIG] [action] PopulateOperationSql
2018-10-16 01:57:57.132 [uncertain.proc] [FINE] aurora.database.features.OrderByClauseCreator.onPopulateOperationSql
2018-10-16 01:57:57.132 [uncertain.proc] [FINE] aurora.database.features.WhereClauseCreator.onPopulateOperationSql
2018-10-16 01:57:57.132 [uncertain.proc] [CONFIG] [action] ExecuteQuery
2018-10-16 01:57:57.132 [uncertain.proc] [FINE] aurora.bm.QuerySqlCreator.onExecuteQuery
2018-10-16 01:57:57.164 [uncertain.proc] [CONFIG] [action] QueryFinish
2018-10-16 01:57:57.164 [uncertain.proc] [FINE] aurora.database.features.AutoQueryCounter.onQueryFinish
2018-10-16 01:57:57.169 [uncertain.proc] [CONFIG] [action] FetchResultSet
2018-10-16 01:57:57.169 [uncertain.proc] [FINE] aurora.database.features.CacheBasedLookUpField.postFetchResultSet
2018-10-16 01:57:57.169 [aurora.database] [CONFIG] 
============= BEGIN [query] SQL Statement execution dump ============

            select v.req_item_id,v.set_of_books_id, v.req_item_code, v.description, (select set_of_books_name from gld_set_of_books_vl gsb where gsb.set_of_books_id = v.set_of_books_id) set_of_books_name
			  from exp_req_items_vl v
			   WHERE v.set_of_books_id=? 
			
			 order by v.req_item_code

---------------------Binding info---------------------
No.1	Access path:@set_of_books_id	Data type of passed value :java.lang.String	Value:122	Output:false	Database Type:null	

=============== END [query] SQL Statement execution dump ============

2018-10-16 01:57:57.169 [uncertain.proc] [CONFIG] [action] CreateSuccessResponse
