2018-10-19 06:52:39.585 [aurora.application.session_check] [CONFIG] Session data copied to context
2018-10-19 06:52:39.585 [aurora.application.session_check] [CONFIG] Checking BM access expm.EXP5020.exp_requisition_status_display_combo for operation query
2018-10-19 06:52:39.586 [aurora.application.session_check] [CONFIG] Result from aurora.bm.DefaultAccessChecker@1849bff3 is true
2018-10-19 06:52:39.586 [uncertain.proc] [CONFIG] [action] AccessCheck
2018-10-19 06:52:39.588 [uncertain.proc] [CONFIG] [action] CheckServiceLock
2018-10-19 06:52:39.588 [uncertain.proc] [CONFIG] [action] ParseParameter
2018-10-19 06:52:39.588 [uncertain.proc] [CONFIG] [action] ValidateInput
2018-10-19 06:52:39.588 [uncertain.proc] [CONFIG] [action] InvokeService
2018-10-19 06:52:39.588 [aurora.database] [CONFIG] ===================================== prepare to run model-query expm.EXP5020.exp_requisition_status_display_combo==============================
2018-10-19 06:52:39.593 [uncertain.proc] [CONFIG] [action] DecideSqlGenerationMode
2018-10-19 06:52:39.593 [uncertain.proc] [FINE] aurora.database.service.BusinessModelService.onDecideSqlGenerationMode
2018-10-19 06:52:39.593 [uncertain.proc] [CONFIG] [action] CreateOperationSql
2018-10-19 06:52:39.593 [uncertain.proc] [CONFIG] [action] PopulateOperationSql
2018-10-19 06:52:39.593 [uncertain.proc] [FINE] aurora.database.features.OrderByClauseCreator.onPopulateOperationSql
2018-10-19 06:52:39.593 [uncertain.proc] [FINE] aurora.database.features.WhereClauseCreator.onPopulateOperationSql
2018-10-19 06:52:39.593 [uncertain.proc] [CONFIG] [action] ExecuteQuery
2018-10-19 06:52:39.593 [uncertain.proc] [FINE] aurora.bm.QuerySqlCreator.onExecuteQuery
2018-10-19 06:52:39.604 [uncertain.proc] [CONFIG] [action] QueryFinish
2018-10-19 06:52:39.604 [uncertain.proc] [FINE] aurora.database.features.AutoQueryCounter.onQueryFinish
2018-10-19 06:52:39.611 [uncertain.proc] [CONFIG] [action] FetchResultSet
2018-10-19 06:52:39.611 [uncertain.proc] [FINE] aurora.database.features.CacheBasedLookUpField.postFetchResultSet
2018-10-19 06:52:39.611 [aurora.database] [CONFIG] 
============= BEGIN [query] SQL Statement execution dump ============

                 select *
                    from sys_code_values_v t
				    where t.code = 'EXP_EXPENSE_REPORT_STATUS'
				    and t.code_value in ('GENERATE','REJECTED','TAKEN_BACK')
            
---------------------Binding info---------------------
null
=============== END [query] SQL Statement execution dump ============

2018-10-19 06:52:39.611 [uncertain.proc] [CONFIG] [action] CreateSuccessResponse
