2018-10-16 01:50:18.516 [aurora.application.session_check] [CONFIG] Session data copied to context
2018-10-16 01:50:18.516 [aurora.application.session_check] [CONFIG] Checking BM access expm.EXP1310.exp_policy_place_batch_assign_query for operation query
2018-10-16 01:50:18.517 [aurora.application.session_check] [CONFIG] Result from aurora.bm.DefaultAccessChecker@4f2aeb32 is true
2018-10-16 01:50:18.517 [uncertain.proc] [CONFIG] [action] AccessCheck
2018-10-16 01:50:18.518 [uncertain.proc] [CONFIG] [action] CheckServiceLock
2018-10-16 01:50:18.518 [uncertain.proc] [CONFIG] [action] ParseParameter
2018-10-16 01:50:18.518 [uncertain.proc] [CONFIG] [action] ValidateInput
2018-10-16 01:50:18.519 [uncertain.proc] [CONFIG] [action] InvokeService
2018-10-16 01:50:18.519 [aurora.database] [CONFIG] ===================================== prepare to run model-query expm.EXP1310.exp_policy_place_batch_assign_query==============================
2018-10-16 01:50:18.522 [uncertain.proc] [CONFIG] [action] DecideSqlGenerationMode
2018-10-16 01:50:18.522 [uncertain.proc] [FINE] aurora.database.service.BusinessModelService.onDecideSqlGenerationMode
2018-10-16 01:50:18.522 [uncertain.proc] [CONFIG] [action] CreateOperationSql
2018-10-16 01:50:18.523 [uncertain.proc] [CONFIG] [action] PopulateOperationSql
2018-10-16 01:50:18.523 [uncertain.proc] [FINE] aurora.database.features.OrderByClauseCreator.onPopulateOperationSql
2018-10-16 01:50:18.523 [uncertain.proc] [FINE] aurora.database.features.WhereClauseCreator.onPopulateOperationSql
2018-10-16 01:50:18.523 [uncertain.proc] [CONFIG] [action] ExecuteQuery
2018-10-16 01:50:18.523 [uncertain.proc] [FINE] aurora.bm.QuerySqlCreator.onExecuteQuery
2018-10-16 01:50:18.529 [uncertain.proc] [CONFIG] [action] QueryFinish
2018-10-16 01:50:18.529 [uncertain.proc] [FINE] aurora.database.features.AutoQueryCounter.onQueryFinish
2018-10-16 01:50:18.534 [uncertain.proc] [CONFIG] [action] FetchResultSet
2018-10-16 01:50:18.534 [uncertain.proc] [FINE] aurora.database.features.CacheBasedLookUpField.postFetchResultSet
2018-10-16 01:50:18.534 [aurora.database] [CONFIG] 
============= BEGIN [query] SQL Statement execution dump ============
select *
  from (select a.place_id,
               a.place_code,
               a.place_desc,
               b.district_id,
               b.district_code,
               b.district_desc,
               ? place_type_id,
               'Y' enabled_flag
          from exp_policy_places_vl a, exp_policy_districts_vl b
         where a.district_id = b.district_id(+)
           and a.enabled_flag = 'Y'
           and b.enabled_flag(+) = 'Y'
           and a.place_id not in
               (select place_id
                  from exp_policy_place_relations t
                 where t.enabled_flag = 'Y'
                   and t.place_type_id in
                       (select tt.place_type_id
                          from exp_policy_place_types tt
                         where tt.sob_id =
                               (select set_of_books_id
                                  from fnd_companies
                                 where company_id = ?))
                union
                select place_id
                  from exp_policy_place_relations t
                 where t.place_type_id = ?)) v
                 
                 order by district_desc,place_desc

---------------------Binding info---------------------
No.1	Access path:@place_type_id	Data type of passed value :java.lang.String	Value:2	Output:false	Database Type:null	
No.2	Access path:/session/@company_id	Data type of passed value :java.lang.String	Value:835	Output:false	Database Type:null	
No.3	Access path:/parameter/@place_type_id	Data type of passed value :java.lang.String	Value:2	Output:false	Database Type:null	

=============== END [query] SQL Statement execution dump ============

2018-10-16 01:50:18.535 [uncertain.proc] [CONFIG] [action] CreateSuccessResponse
