2018-10-18 06:05:40.980 [aurora.application.session_check] [CONFIG] Session data copied to context
2018-10-18 06:05:40.980 [aurora.application.session_check] [CONFIG] Checking BM access expm.EXPM1002.exp_expense_items_company_query for operation query
2018-10-18 06:05:40.981 [aurora.application.session_check] [CONFIG] Result from aurora.bm.DefaultAccessChecker@ca0d383 is true
2018-10-18 06:05:40.981 [uncertain.proc] [CONFIG] [action] AccessCheck
2018-10-18 06:05:40.983 [uncertain.proc] [CONFIG] [action] CheckServiceLock
2018-10-18 06:05:40.983 [uncertain.proc] [CONFIG] [action] ParseParameter
2018-10-18 06:05:40.983 [uncertain.proc] [CONFIG] [action] ValidateInput
2018-10-18 06:05:40.983 [uncertain.proc] [CONFIG] [action] InvokeService
2018-10-18 06:05:40.983 [aurora.database] [CONFIG] ===================================== prepare to run model-query expm.EXPM1002.exp_expense_items_company_query==============================
2018-10-18 06:05:40.991 [uncertain.proc] [CONFIG] [action] DecideSqlGenerationMode
2018-10-18 06:05:40.991 [uncertain.proc] [FINE] aurora.database.service.BusinessModelService.onDecideSqlGenerationMode
2018-10-18 06:05:40.991 [uncertain.proc] [CONFIG] [action] CreateOperationSql
2018-10-18 06:05:40.991 [uncertain.proc] [CONFIG] [action] PopulateOperationSql
2018-10-18 06:05:40.991 [uncertain.proc] [FINE] aurora.database.features.OrderByClauseCreator.onPopulateOperationSql
2018-10-18 06:05:40.991 [uncertain.proc] [FINE] aurora.database.features.WhereClauseCreator.onPopulateOperationSql
2018-10-18 06:05:40.991 [uncertain.proc] [CONFIG] [action] ExecuteQuery
2018-10-18 06:05:40.991 [uncertain.proc] [FINE] aurora.bm.QuerySqlCreator.onExecuteQuery
2018-10-18 06:05:41.9 [uncertain.proc] [CONFIG] [action] QueryFinish
2018-10-18 06:05:41.9 [uncertain.proc] [FINE] aurora.database.features.AutoQueryCounter.onQueryFinish
2018-10-18 06:05:41.25 [uncertain.proc] [CONFIG] [action] FetchResultSet
2018-10-18 06:05:41.25 [uncertain.proc] [FINE] aurora.database.features.CacheBasedLookUpField.postFetchResultSet
2018-10-18 06:05:41.25 [aurora.database] [CONFIG] 
============= BEGIN [query] SQL Statement execution dump ============
select t.expense_item_id,

       t.company_id,

       t.enabled_flag,

       fc.COMPANY_CODE,

       fc.COMPANY_SHORT_NAME

  from exp_company_expense_items t, fnd_companies_vl fc

 where t.company_id = fc.COMPANY_ID(+)

   and t.expense_item_id =?

  order by fc.company_code
---------------------Binding info---------------------
No.1	Access path:@expense_item_id	Data type of passed value :java.lang.String	Value:711	Output:false	Database Type:null	

=============== END [query] SQL Statement execution dump ============

2018-10-18 06:05:41.25 [uncertain.proc] [CONFIG] [action] CreateSuccessResponse
