2018-10-16 01:52:41.946 [aurora.application.session_check] [CONFIG] Session data copied to context
2018-10-16 01:52:41.946 [aurora.application.session_check] [CONFIG] Checking BM access expm.EXP1310.exp_policy_place_assign_query for operation query
2018-10-16 01:52:41.946 [aurora.application.session_check] [CONFIG] Result from aurora.bm.DefaultAccessChecker@24cc7e4d is true
2018-10-16 01:52:41.946 [uncertain.proc] [CONFIG] [action] AccessCheck
2018-10-16 01:52:41.947 [uncertain.proc] [CONFIG] [action] CheckServiceLock
2018-10-16 01:52:41.948 [uncertain.proc] [CONFIG] [action] ParseParameter
2018-10-16 01:52:41.948 [uncertain.proc] [CONFIG] [action] ValidateInput
2018-10-16 01:52:41.948 [uncertain.proc] [CONFIG] [action] InvokeService
2018-10-16 01:52:41.948 [aurora.database] [CONFIG] ===================================== prepare to run model-query expm.EXP1310.exp_policy_place_assign_query==============================
2018-10-16 01:52:41.951 [uncertain.proc] [CONFIG] [action] DecideSqlGenerationMode
2018-10-16 01:52:41.951 [uncertain.proc] [FINE] aurora.database.service.BusinessModelService.onDecideSqlGenerationMode
2018-10-16 01:52:41.951 [uncertain.proc] [CONFIG] [action] CreateOperationSql
2018-10-16 01:52:41.951 [uncertain.proc] [CONFIG] [action] PopulateOperationSql
2018-10-16 01:52:41.951 [uncertain.proc] [FINE] aurora.database.features.OrderByClauseCreator.onPopulateOperationSql
2018-10-16 01:52:41.951 [uncertain.proc] [FINE] aurora.database.features.WhereClauseCreator.onPopulateOperationSql
2018-10-16 01:52:41.951 [uncertain.proc] [CONFIG] [action] ExecuteQuery
2018-10-16 01:52:41.951 [uncertain.proc] [FINE] aurora.bm.QuerySqlCreator.onExecuteQuery
2018-10-16 01:52:41.952 [uncertain.proc] [CONFIG] [action] QueryFinish
2018-10-16 01:52:41.952 [uncertain.proc] [FINE] aurora.database.features.AutoQueryCounter.onQueryFinish
2018-10-16 01:52:41.952 [uncertain.proc] [CONFIG] [action] FetchResultSet
2018-10-16 01:52:41.952 [uncertain.proc] [FINE] aurora.database.features.CacheBasedLookUpField.postFetchResultSet
2018-10-16 01:52:41.952 [aurora.database] [CONFIG] 
============= BEGIN [query] SQL Statement execution dump ============
select b.place_id,
       b.place_desc,
       c.district_desc,
       a.enabled_flag,
       a.relation_id
  from exp_policy_place_relations a,
       exp_policy_places_vl       b,
       exp_policy_districts_vl    c
 where a.place_type_id = ?
   and b.place_id(+) = a.place_id
   and b.district_id = c.district_id(+)
   and b.enabled_flag = 'Y'
 order by district_desc, place_desc

---------------------Binding info---------------------
No.1	Access path:@place_type_id	Data type of passed value :java.lang.String	Value:11	Output:false	Database Type:null	

=============== END [query] SQL Statement execution dump ============

2018-10-16 01:52:41.952 [uncertain.proc] [CONFIG] [action] CreateSuccessResponse
