2018-10-16 02:00:13.952 [aurora.application.session_check] [CONFIG] Session data copied to context
2018-10-16 02:00:13.954 [aurora.application.session_check] [CONFIG] Checking BM access expm.EXP1320.exp_policy_place_query for operation batch_update
2018-10-16 02:00:13.954 [aurora.application.session_check] [CONFIG] for batch_update, access check will be performed on each record from parameter
2018-10-16 02:00:13.954 [uncertain.proc] [CONFIG] [action] AccessCheck
2018-10-16 02:00:13.956 [uncertain.proc] [CONFIG] [action] CheckServiceLock
2018-10-16 02:00:13.956 [uncertain.proc] [CONFIG] [action] ParseParameter
2018-10-16 02:00:13.956 [uncertain.proc] [CONFIG] [action] ValidateInput
2018-10-16 02:00:13.956 [uncertain.proc] [CONFIG] [action] InvokeService
2018-10-16 02:00:13.967 [aurora.database] [CONFIG] ============ Running model batch update with data from path /parameter, total 1 records
2018-10-16 02:00:13.967 [aurora.database] [CONFIG] execute update on record No.0 for model expm.EXP1320.exp_policy_place_query
2018-10-16 02:00:13.970 [uncertain.proc] [CONFIG] [action] DecideStatement
2018-10-16 02:00:13.972 [uncertain.proc] [CONFIG] [action] DecideSqlGenerationMode
2018-10-16 02:00:13.972 [uncertain.proc] [FINE] aurora.database.service.BusinessModelService.onDecideSqlGenerationMode
2018-10-16 02:00:13.972 [uncertain.proc] [CONFIG] [action] CreateUpdateStatement
2018-10-16 02:00:13.972 [uncertain.proc] [FINE] aurora.bm.UpdateSqlCreator.onCreateUpdateStatement
2018-10-16 02:00:13.972 [uncertain.proc] [CONFIG] [action] PopulateUpdateStatement
2018-10-16 02:00:13.972 [uncertain.proc] [FINE] aurora.database.features.WhereClauseCreator.onPopulateUpdateStatement
2018-10-16 02:00:13.972 [uncertain.proc] [CONFIG] [action] CreateUpdateSql
2018-10-16 02:00:13.972 [uncertain.proc] [FINE] aurora.bm.UpdateSqlCreator.onCreateUpdateSql
2018-10-16 02:00:13.972 [uncertain.proc] [CONFIG] [action] CreateSqlRunner
2018-10-16 02:00:13.972 [uncertain.proc] [FINE] aurora.database.service.BusinessModelService.onCreateSqlRunner
2018-10-16 02:00:13.972 [uncertain.proc] [CONFIG] [action] ExecuteDmlStatement
2018-10-16 02:00:13.972 [uncertain.proc] [FINE] aurora.database.service.BusinessModelService.onExecuteDmlStatement
2018-10-16 02:00:13.977 [uncertain.proc] [FINE] aurora.database.features.MultiLanguageStorage.postExecuteDmlStatement
2018-10-16 02:00:13.980 [aurora.database] [CONFIG] 
============= BEGIN [MultiLanguageStorage update] SQL Statement execution dump ============

				begin 
					fnd_description_pkg.reset_fnd_descriptions(?,
                                                               ?,
				                                               ?,
				                                               ?,
															   ?,
															   ?,
															   ?
				                                               );
				end;				
			
---------------------Binding info---------------------
No.1	Access path:@DESCRIPTION_ID	Data type of passed value :java.lang.String	Value:268077	Output:false	Database Type:null	
No.2	Access path:@REF_TABLE	Data type of passed value :java.lang.String	Value:EXP_POLICY_PLACES	Output:false	Database Type:null	
No.3	Access path:@REF_FIELD	Data type of passed value :java.lang.String	Value:DESCRIPTION_ID	Output:false	Database Type:null	
No.4	Access path:@DESCRIPTION_TEXT	Data type of passed value :java.lang.String	Value:测试1016	Output:false	Database Type:null	
No.5	Access path:/session/@user_id	Data type of passed value :java.lang.Long	Value:2242	Output:false	Database Type:null	
No.6	Access path:/session/@user_id	Data type of passed value :java.lang.Long	Value:2242	Output:false	Database Type:null	
No.7	Access path:/session/@lang	Data type of passed value :java.lang.String	Value:ZHS	Output:false	Database Type:null	

=============== END [MultiLanguageStorage update] SQL Statement execution dump ============

2018-10-16 02:00:13.980 [aurora.database] [CONFIG] 
============= BEGIN [Update] SQL Statement execution dump ============
UPDATE exp_policy_places p
SET p.place_code=?,p.enabled_flag=?,p.description_id=?,p.district_id=?,p.LAST_UPDATED_BY=?,p.LAST_UPDATE_DATE=sysdate
WHERE p.place_id = ?
---------------------Binding info---------------------
No.1	Access path:@place_code	Data type of passed value :java.lang.String	Value:TEST1016	Output:false	Database Type:null	
No.2	Access path:@enabled_flag	Data type of passed value :java.lang.String	Value:Y	Output:false	Database Type:null	
No.3	Access path:@description_id	Data type of passed value :java.lang.Long	Value:268077	Output:false	Database Type:null	
No.4	Access path:@district_id	Data type of passed value :java.lang.Long	Value:35	Output:false	Database Type:null	
No.5	Access path:/session/@user_id	Data type of passed value :java.lang.Long	Value:2242	Output:false	Database Type:null	
No.6	Access path:@place_id	Data type of passed value :java.lang.Long	Value:394	Output:false	Database Type:null	

=============== END [Update] SQL Statement execution dump ============

2018-10-16 02:00:13.980 [aurora.database] [CONFIG] ============ End of batch update for /parameter
2018-10-16 02:00:13.980 [uncertain.proc] [CONFIG] [action] CreateSuccessResponse
