2018-10-15 06:35:34.913 [aurora.application.session_check] [CONFIG] Session data copied to context
2018-10-15 06:35:34.913 [aurora.application.session_check] [CONFIG] Checking BM access expm.EXP2020.exp_req_items_type for operation query
2018-10-15 06:35:34.914 [aurora.application.session_check] [CONFIG] Result from aurora.bm.DefaultAccessChecker@aaba1df is true
2018-10-15 06:35:34.914 [uncertain.proc] [CONFIG] [action] AccessCheck
2018-10-15 06:35:34.915 [uncertain.proc] [CONFIG] [action] CheckServiceLock
2018-10-15 06:35:34.915 [uncertain.proc] [CONFIG] [action] ParseParameter
2018-10-15 06:35:34.916 [uncertain.proc] [CONFIG] [action] ValidateInput
2018-10-15 06:35:34.916 [uncertain.proc] [CONFIG] [action] InvokeService
2018-10-15 06:35:34.916 [aurora.database] [CONFIG] ===================================== prepare to run model-query expm.EXP2020.exp_req_items_type==============================
2018-10-15 06:35:34.919 [uncertain.proc] [CONFIG] [action] DecideSqlGenerationMode
2018-10-15 06:35:34.919 [uncertain.proc] [FINE] aurora.database.service.BusinessModelService.onDecideSqlGenerationMode
2018-10-15 06:35:34.919 [uncertain.proc] [CONFIG] [action] CreateOperationSql
2018-10-15 06:35:34.919 [uncertain.proc] [CONFIG] [action] PopulateOperationSql
2018-10-15 06:35:34.919 [uncertain.proc] [FINE] aurora.database.features.OrderByClauseCreator.onPopulateOperationSql
2018-10-15 06:35:34.919 [uncertain.proc] [FINE] aurora.database.features.WhereClauseCreator.onPopulateOperationSql
2018-10-15 06:35:34.919 [uncertain.proc] [CONFIG] [action] ExecuteQuery
2018-10-15 06:35:34.919 [uncertain.proc] [FINE] aurora.bm.QuerySqlCreator.onExecuteQuery
2018-10-15 06:35:34.923 [uncertain.proc] [CONFIG] [action] QueryFinish
2018-10-15 06:35:34.923 [uncertain.proc] [FINE] aurora.database.features.AutoQueryCounter.onQueryFinish
2018-10-15 06:35:34.924 [uncertain.proc] [CONFIG] [action] FetchResultSet
2018-10-15 06:35:34.924 [uncertain.proc] [FINE] aurora.database.features.CacheBasedLookUpField.postFetchResultSet
2018-10-15 06:35:34.924 [aurora.database] [CONFIG] 
============= BEGIN [query] SQL Statement execution dump ============

            	select ev.expense_type_id,
				       ev.company_id,
				       ev.expense_type_code,
				       ev.description,
				       t.req_item_types_id,
				       t.req_item_id
				  from exp_req_item_types t, exp_expense_types_vl ev
				 where t.expense_type_id = ev.expense_type_id
				   and ev.enabled_flag = 'Y'
				   and t.req_item_id = ?
				   and ev.company_id = ?
				 order by ev.expense_type_code
   		
---------------------Binding info---------------------
No.1	Access path:@req_item_id	Data type of passed value :java.lang.Integer	Value:121	Output:false	Database Type:null	
No.2	Access path:/session/@company_id	Data type of passed value :java.lang.String	Value:835	Output:false	Database Type:null	

=============== END [query] SQL Statement execution dump ============

2018-10-15 06:35:34.924 [uncertain.proc] [CONFIG] [action] CreateSuccessResponse
