2018-10-11 07:25:37.14 [aurora.application.session_check] [CONFIG] Session data copied to context
2018-10-11 07:25:37.15 [aurora.application.session_check] [CONFIG] Checking BM access expm.exp_report_expensetypelist for operation query
2018-10-11 07:25:37.15 [aurora.application.session_check] [CONFIG] Result from aurora.bm.DefaultAccessChecker@142a788 is true
2018-10-11 07:25:37.15 [uncertain.proc] [CONFIG] [action] AccessCheck
2018-10-11 07:25:37.17 [uncertain.proc] [CONFIG] [action] CheckServiceLock
2018-10-11 07:25:37.17 [uncertain.proc] [CONFIG] [action] ParseParameter
2018-10-11 07:25:37.17 [uncertain.proc] [CONFIG] [action] ValidateInput
2018-10-11 07:25:37.17 [uncertain.proc] [CONFIG] [action] InvokeService
2018-10-11 07:25:37.17 [aurora.database] [CONFIG] ===================================== prepare to run model-query expm.exp_report_expensetypelist==============================
2018-10-11 07:25:37.20 [uncertain.proc] [CONFIG] [action] DecideSqlGenerationMode
2018-10-11 07:25:37.20 [uncertain.proc] [FINE] aurora.database.service.BusinessModelService.onDecideSqlGenerationMode
2018-10-11 07:25:37.20 [uncertain.proc] [CONFIG] [action] CreateOperationSql
2018-10-11 07:25:37.20 [uncertain.proc] [CONFIG] [action] PopulateOperationSql
2018-10-11 07:25:37.20 [uncertain.proc] [FINE] aurora.database.features.OrderByClauseCreator.onPopulateOperationSql
2018-10-11 07:25:37.20 [uncertain.proc] [FINE] aurora.database.features.WhereClauseCreator.onPopulateOperationSql
2018-10-11 07:25:37.20 [uncertain.proc] [CONFIG] [action] ExecuteQuery
2018-10-11 07:25:37.20 [uncertain.proc] [FINE] aurora.bm.QuerySqlCreator.onExecuteQuery
2018-10-11 07:25:37.25 [uncertain.proc] [CONFIG] [action] QueryFinish
2018-10-11 07:25:37.25 [uncertain.proc] [FINE] aurora.database.features.AutoQueryCounter.onQueryFinish
2018-10-11 07:25:37.28 [uncertain.proc] [CONFIG] [action] FetchResultSet
2018-10-11 07:25:37.28 [uncertain.proc] [FINE] aurora.database.features.CacheBasedLookUpField.postFetchResultSet
2018-10-11 07:25:37.28 [aurora.database] [CONFIG] 
============= BEGIN [query] SQL Statement execution dump ============

                SELECT
                    *
                FROM
                    (SELECT
                        erpv.expense_report_type_id,
                        erpv.expense_report_type_code,
                        erpv.DESCRIPTION,
                        DECODE(erpv.currency_code,NULL,'null',erpv.currency_code) currency_code,
                        pv.page_name,
                        (SELECT
                            currency_name
                        FROM
                            gld_currency_vl gcv
                        WHERE
                            gcv.currency_code = erpv.currency_code
                        ) currency_name
                    FROM
                        exp_expense_report_types_vl erpv,
                        EXP_REPORT_TYPE_PAGES_V pv  WHERE exists (select *  from exp_report_ref_user_groups egs  where egs.expense_report_type_id =   erpv.expense_report_type_id and exists (select 1  from exp_user_group_lines el  where el.expense_user_group_id =  egs.expense_user_group_id and el.employee_id = ?))  and erpv.ENABLED_FLAG = 'Y'  and erpv.company_id=? and pv.page_type = erpv.document_page_type and pv.page_usage = 'CREATE' and exp_document_authorities_pkg.exist_exp_doc_authorities('02',(select employee_id from sys_user where user_id = ?), ?,'MAINTENANCE', ?, erpv.expense_report_type_id) = 'Y'
                    ) V
                ORDER BY
                    v.expense_report_type_code
            
---------------------Binding info---------------------
No.1	Access path:@employee_id	Data type of passed value :java.lang.String	Value:203	Output:false	Database Type:null	
No.2	Access path:/session/@company_id	Data type of passed value :java.lang.String	Value:835	Output:false	Database Type:null	
No.3	Access path:/session/@user_id	Data type of passed value :java.lang.Long	Value:204	Output:false	Database Type:null	
No.4	Access path:@employee_id	Data type of passed value :java.lang.String	Value:203	Output:false	Database Type:null	
No.5	Access path:/session/@user_id	Data type of passed value :java.lang.Long	Value:204	Output:false	Database Type:null	

=============== END [query] SQL Statement execution dump ============

2018-10-11 07:25:37.28 [uncertain.proc] [CONFIG] [action] CreateSuccessResponse
