2018-10-19 06:01:44.974 [aurora.application.session_check] [CONFIG] Session data copied to context
2018-10-19 06:01:44.974 [aurora.application.session_check] [CONFIG] Checking BM access expm.exp_requisition_get_resquisition_number for operation query
2018-10-19 06:01:44.975 [aurora.application.session_check] [CONFIG] Result from aurora.bm.DefaultAccessChecker@7a83a0db is true
2018-10-19 06:01:44.975 [uncertain.proc] [CONFIG] [action] AccessCheck
2018-10-19 06:01:44.977 [uncertain.proc] [CONFIG] [action] CheckServiceLock
2018-10-19 06:01:44.977 [uncertain.proc] [CONFIG] [action] ParseParameter
2018-10-19 06:01:44.977 [uncertain.proc] [CONFIG] [action] ValidateInput
2018-10-19 06:01:44.977 [uncertain.proc] [CONFIG] [action] InvokeService
2018-10-19 06:01:44.977 [aurora.database] [CONFIG] ===================================== prepare to run model-query expm.exp_requisition_get_resquisition_number==============================
2018-10-19 06:01:44.983 [uncertain.proc] [CONFIG] [action] DecideSqlGenerationMode
2018-10-19 06:01:44.983 [uncertain.proc] [FINE] aurora.database.service.BusinessModelService.onDecideSqlGenerationMode
2018-10-19 06:01:44.983 [uncertain.proc] [CONFIG] [action] CreateOperationSql
2018-10-19 06:01:44.983 [uncertain.proc] [CONFIG] [action] PopulateOperationSql
2018-10-19 06:01:44.983 [uncertain.proc] [FINE] aurora.database.features.OrderByClauseCreator.onPopulateOperationSql
2018-10-19 06:01:44.983 [uncertain.proc] [FINE] aurora.database.features.WhereClauseCreator.onPopulateOperationSql
2018-10-19 06:01:44.983 [uncertain.proc] [CONFIG] [action] ExecuteQuery
2018-10-19 06:01:44.983 [uncertain.proc] [FINE] aurora.bm.QuerySqlCreator.onExecuteQuery
2018-10-19 06:01:44.984 [uncertain.proc] [CONFIG] [action] QueryFinish
2018-10-19 06:01:44.984 [uncertain.proc] [FINE] aurora.database.features.AutoQueryCounter.onQueryFinish
2018-10-19 06:01:44.984 [uncertain.proc] [CONFIG] [action] FetchResultSet
2018-10-19 06:01:44.984 [uncertain.proc] [FINE] aurora.database.features.CacheBasedLookUpField.postFetchResultSet
2018-10-19 06:01:44.984 [aurora.database] [CONFIG] 
============= BEGIN [query] SQL Statement execution dump ============

            select t.exp_requisition_number, t.currency_code,t1.currency_name
  from (select h.exp_requisition_number, h.currency_code
          from exp_requisition_headers h
         where exp_requisition_header_id = ?) t,
       (select g.currency_code,g.currency_name from gld_currency_vl g) t1
 where t.currency_code = t1.currency_code

            
---------------------Binding info---------------------
No.1	Access path:@head_id	Data type of passed value :java.lang.String	Value:2032	Output:false	Database Type:null	

=============== END [query] SQL Statement execution dump ============

2018-10-19 06:01:44.984 [uncertain.proc] [CONFIG] [action] CreateSuccessResponse
