2018-09-30 06:48:29.731 [aurora.application.session_check] [CONFIG] Session data copied to context
2018-09-30 06:48:29.731 [aurora.application.session_check] [CONFIG] Checking BM access expm.exp_expense_types_vl for operation query
2018-09-30 06:48:29.733 [aurora.application.session_check] [CONFIG] Result from aurora.bm.DefaultAccessChecker@7e8b6de2 is true
2018-09-30 06:48:29.733 [uncertain.proc] [CONFIG] [action] AccessCheck
2018-09-30 06:48:29.734 [uncertain.proc] [CONFIG] [action] CheckServiceLock
2018-09-30 06:48:29.734 [uncertain.proc] [CONFIG] [action] ParseParameter
2018-09-30 06:48:29.734 [uncertain.proc] [CONFIG] [action] ValidateInput
2018-09-30 06:48:29.734 [uncertain.proc] [CONFIG] [action] InvokeService
2018-09-30 06:48:29.734 [aurora.database] [CONFIG] ===================================== prepare to run model-query expm.exp_expense_types_vl==============================
2018-09-30 06:48:29.739 [uncertain.proc] [CONFIG] [action] DecideSqlGenerationMode
2018-09-30 06:48:29.739 [uncertain.proc] [FINE] aurora.database.service.BusinessModelService.onDecideSqlGenerationMode
2018-09-30 06:48:29.739 [uncertain.proc] [CONFIG] [action] CreatequeryStatement
2018-09-30 06:48:29.739 [uncertain.proc] [FINE] aurora.bm.QuerySqlCreator.onCreateQueryStatement
2018-09-30 06:48:29.739 [uncertain.proc] [CONFIG] [action] PopulatequeryStatement
2018-09-30 06:48:29.739 [uncertain.proc] [FINE] aurora.database.features.OrderByClauseCreator.onPopulateQueryStatement
2018-09-30 06:48:29.739 [uncertain.proc] [FINE] aurora.database.features.WhereClauseCreator.onPopulateQueryStatement
2018-09-30 06:48:29.739 [uncertain.proc] [CONFIG] [action] CreatequerySql
2018-09-30 06:48:29.739 [uncertain.proc] [FINE] aurora.bm.QuerySqlCreator.onCreateQuerySql
2018-09-30 06:48:29.739 [uncertain.proc] [CONFIG] [action] ExecuteQuery
2018-09-30 06:48:29.739 [uncertain.proc] [FINE] aurora.bm.QuerySqlCreator.onExecuteQuery
2018-09-30 06:48:29.740 [uncertain.proc] [CONFIG] [action] QueryFinish
2018-09-30 06:48:29.740 [uncertain.proc] [FINE] aurora.database.features.AutoQueryCounter.onQueryFinish
2018-09-30 06:48:29.741 [uncertain.proc] [CONFIG] [action] FetchResultSet
2018-09-30 06:48:29.741 [uncertain.proc] [FINE] aurora.database.features.CacheBasedLookUpField.postFetchResultSet
2018-09-30 06:48:29.741 [aurora.database] [CONFIG] 
============= BEGIN [query] SQL Statement execution dump ============
SELECT eetvl.EXPENSE_TYPE_ID,eetvl.COMPANY_ID,eetvl.EXPENSE_TYPE_CODE,eetvl.DESCRIPTION,eetvl.ENABLED_FLAG
FROM EXP_EXPENSE_TYPES_VL eetvl
WHERE eetvl.enabled_flag='Y' AND eetvl.company_id=?
---------------------Binding info---------------------
No.1	Access path:/session/@company_id	Data type of passed value :java.lang.Integer	Value:2537	Output:false	Database Type:null	

=============== END [query] SQL Statement execution dump ============

2018-09-30 06:48:29.741 [uncertain.proc] [CONFIG] [action] CreateSuccessResponse
