2018-10-15 02:38:11.732 [aurora.application.session_check] [CONFIG] Session data copied to context
2018-10-15 02:38:11.732 [aurora.application.session_check] [CONFIG] Checking BM access expm.EXP2150.exp_document_person_authorities_query for operation query
2018-10-15 02:38:11.733 [aurora.application.session_check] [CONFIG] Result from aurora.bm.DefaultAccessChecker@4c4891b1 is true
2018-10-15 02:38:11.733 [uncertain.proc] [CONFIG] [action] AccessCheck
2018-10-15 02:38:11.734 [uncertain.proc] [CONFIG] [action] CheckServiceLock
2018-10-15 02:38:11.734 [uncertain.proc] [CONFIG] [action] ParseParameter
2018-10-15 02:38:11.734 [uncertain.proc] [CONFIG] [action] ValidateInput
2018-10-15 02:38:11.734 [uncertain.proc] [CONFIG] [action] InvokeService
2018-10-15 02:38:11.734 [aurora.database] [CONFIG] ===================================== prepare to run model-query expm.EXP2150.exp_document_person_authorities_query==============================
2018-10-15 02:38:11.737 [uncertain.proc] [CONFIG] [action] DecideSqlGenerationMode
2018-10-15 02:38:11.737 [uncertain.proc] [FINE] aurora.database.service.BusinessModelService.onDecideSqlGenerationMode
2018-10-15 02:38:11.737 [uncertain.proc] [CONFIG] [action] CreateOperationSql
2018-10-15 02:38:11.737 [uncertain.proc] [CONFIG] [action] PopulateOperationSql
2018-10-15 02:38:11.737 [uncertain.proc] [FINE] aurora.database.features.OrderByClauseCreator.onPopulateOperationSql
2018-10-15 02:38:11.737 [uncertain.proc] [FINE] aurora.database.features.WhereClauseCreator.onPopulateOperationSql
2018-10-15 02:38:11.737 [uncertain.proc] [CONFIG] [action] ExecuteQuery
2018-10-15 02:38:11.737 [uncertain.proc] [FINE] aurora.bm.QuerySqlCreator.onExecuteQuery
2018-10-15 02:38:11.738 [uncertain.proc] [CONFIG] [action] QueryFinish
2018-10-15 02:38:11.738 [uncertain.proc] [FINE] aurora.database.features.AutoQueryCounter.onQueryFinish
2018-10-15 02:38:11.739 [uncertain.proc] [CONFIG] [action] FetchResultSet
2018-10-15 02:38:11.739 [uncertain.proc] [FINE] aurora.database.features.CacheBasedLookUpField.postFetchResultSet
2018-10-15 02:38:11.739 [aurora.database] [CONFIG] 
============= BEGIN [query] SQL Statement execution dump ============
select * from (select a.authority_id,
       a.document_type document_type_code,
       l.code_value_name document_type, 
       a.granted_position_id,
       (select pos.position_code from exp_org_position_vl pos
        where  a.granted_position_id = pos.position_id)  granted_position_code,
      
       (select pos.description from exp_org_position_vl pos
        where  a.granted_position_id = pos.position_id) GRANTED_POSITION_NAME,
       a.granted_employee_id,
        (select b.employee_code from exp_employees b
        where  a.granted_employee_id = b.employee_id) granted_employee_code,
       (select b.name from exp_employees b
        where  a.granted_employee_id = b.employee_id)  granted_employee_name,
       a.company_id,
        (select c.COMPANY_CODE||decode(c.company_short_name,null,null,' - '||c.company_short_name) from fnd_companies_vl c where c.company_id=a.company_id)company_desc,
       a.org_unit_id,
       decode(u.unit_code,null,'',u.description||' - '||u.unit_code) ORG_UNIT_ID_DISPLAY,
       a.position_id,
       decode(p.position_code,null,'',p.description||' - '||p.position_code) POSITION_ID_DISPLAY,
       a.employee_id,
       decode(e.employee_code,null,'',e.name||' - '||e.employee_code) EMPLOYEE_ID_DISPLAY,
       trunc(a.start_date) start_date,
       trunc(a.end_date) end_date,
       a.query_authority,
       a.maintenance_authority,
       a.view_limit
  from exp_document_authorities a, exp_org_unit_vl u,
  exp_org_position_vl p,exp_employees e,sys_codes h, sys_code_values_vl l
where a.org_unit_id = u.unit_id(+)
			and a.position_id = p.position_id(+)
			and a.employee_id = e.employee_id(+)
			and h.code = 'CODING_RULE_DOC_CATEGORY'
			and h.code_id = l.code_id
			and l.code_value =a.document_type)t
			  WHERE t.employee_id = ?
---------------------Binding info---------------------
No.1	Access path:@employee_id	Data type of passed value :java.lang.Long	Value:289	Output:false	Database Type:null	

=============== END [query] SQL Statement execution dump ============

2018-10-15 02:38:11.739 [uncertain.proc] [CONFIG] [action] CreateSuccessResponse
