2018-10-21 08:02:41.405 [aurora.application.session_check] [CONFIG] Session data copied to context
2018-10-21 08:02:41.406 [aurora.application.session_check] [CONFIG] Checking BM access expm.EXPM1002.exp_expense_item_query for operation query
2018-10-21 08:02:41.407 [aurora.application.session_check] [CONFIG] Result from aurora.bm.DefaultAccessChecker@31612bd4 is true
2018-10-21 08:02:41.407 [uncertain.proc] [CONFIG] [action] AccessCheck
2018-10-21 08:02:41.408 [uncertain.proc] [CONFIG] [action] CheckServiceLock
2018-10-21 08:02:41.408 [uncertain.proc] [CONFIG] [action] ParseParameter
2018-10-21 08:02:41.408 [uncertain.proc] [CONFIG] [action] ValidateInput
2018-10-21 08:02:41.408 [uncertain.proc] [CONFIG] [action] InvokeService
2018-10-21 08:02:41.408 [aurora.database] [CONFIG] ===================================== prepare to run model-query expm.EXPM1002.exp_expense_item_query==============================
2018-10-21 08:02:41.412 [uncertain.proc] [CONFIG] [action] DecideSqlGenerationMode
2018-10-21 08:02:41.412 [uncertain.proc] [FINE] aurora.database.service.BusinessModelService.onDecideSqlGenerationMode
2018-10-21 08:02:41.412 [uncertain.proc] [CONFIG] [action] CreateOperationSql
2018-10-21 08:02:41.412 [uncertain.proc] [CONFIG] [action] PopulateOperationSql
2018-10-21 08:02:41.412 [uncertain.proc] [FINE] aurora.database.features.OrderByClauseCreator.onPopulateOperationSql
2018-10-21 08:02:41.412 [uncertain.proc] [FINE] aurora.database.features.WhereClauseCreator.onPopulateOperationSql
2018-10-21 08:02:41.412 [uncertain.proc] [CONFIG] [action] ExecuteQuery
2018-10-21 08:02:41.412 [uncertain.proc] [FINE] aurora.bm.QuerySqlCreator.onExecuteQuery
2018-10-21 08:02:41.419 [uncertain.proc] [CONFIG] [action] QueryFinish
2018-10-21 08:02:41.419 [uncertain.proc] [FINE] aurora.database.features.AutoQueryCounter.onQueryFinish
2018-10-21 08:02:41.473 [uncertain.proc] [CONFIG] [action] FetchResultSet
2018-10-21 08:02:41.473 [uncertain.proc] [FINE] aurora.database.features.CacheBasedLookUpField.postFetchResultSet
2018-10-21 08:02:41.473 [aurora.database] [CONFIG] 
============= BEGIN [query] SQL Statement execution dump ============

                SELECT
                    t.expense_item_id,
                    t.set_of_books_id,
                    t.expense_item_code,
                    t.description AS expense_item_desc,
                    t.currency_code,
                    t.standard_price,
                    t.enabled_flag,
                    t.req_item_id,
                    er.req_item_code,
                    er.description req_item_desc,
                    t.budget_item_id,
                    t.item_date_flag,
                    t.item_where_flag,
                    t.item_transport_flag,
                    t.ded_rule,
                    (SELECT
                        ee.type_name
                    FROM
                        exp_ygz_usage_types ee
                    WHERE
                        ee.type_code = t.ded_rule
                    ) ded_rule_desc,
                    bb.budget_item_code,
                    bb.description budget_item_desc,
                    t.expense_item_code_xs,
                    (SELECT
                        eei.description
                    FROM
                        exp_expense_items_vl eei
                    WHERE
                        eei.expense_item_code = t.expense_item_code_xs
                    ) expense_item_xs_desc
                FROM
                    exp_expense_items_vl t,
                    exp_req_items_vl er,
                    bgt_budget_items_vl bb
                    -- ,fnd_companies fc
                     WHERE t.req_item_id = er.req_item_id(+) AND t.budget_item_id = bb.budget_item_id(+) AND t.set_of_books_id = ? ORDER BY t.expense_item_code,t.enabled_flag
            
---------------------Binding info---------------------
No.1	Access path:@query_set_of_books_id	Data type of passed value :java.lang.String	Value:122	Output:false	Database Type:null	

=============== END [query] SQL Statement execution dump ============

2018-10-21 08:02:41.473 [uncertain.proc] [CONFIG] [action] CreateSuccessResponse
