2018-10-15 06:51:41.645 [aurora.application.session_check] [CONFIG] Session data copied to context
2018-10-15 06:51:41.645 [aurora.application.session_check] [CONFIG] Checking BM access expm.EXP2030.exp_req_items for operation batch_update
2018-10-15 06:51:41.645 [aurora.application.session_check] [CONFIG] for batch_update, access check will be performed on each record from parameter
2018-10-15 06:51:41.645 [uncertain.proc] [CONFIG] [action] AccessCheck
2018-10-15 06:51:41.646 [uncertain.proc] [CONFIG] [action] CheckServiceLock
2018-10-15 06:51:41.646 [uncertain.proc] [CONFIG] [action] ParseParameter
2018-10-15 06:51:41.646 [uncertain.proc] [CONFIG] [action] ValidateInput
2018-10-15 06:51:41.646 [uncertain.proc] [CONFIG] [action] InvokeService
2018-10-15 06:51:41.648 [aurora.database] [CONFIG] ============ Running model batch update with data from path /parameter, total 1 records
2018-10-15 06:51:41.648 [aurora.database] [CONFIG] execute update on record No.0 for model expm.EXP2030.exp_req_items
2018-10-15 06:51:41.650 [uncertain.proc] [CONFIG] [action] DecideStatement
2018-10-15 06:51:41.652 [uncertain.proc] [CONFIG] [action] DecideSqlGenerationMode
2018-10-15 06:51:41.652 [uncertain.proc] [FINE] aurora.database.service.BusinessModelService.onDecideSqlGenerationMode
2018-10-15 06:51:41.652 [uncertain.proc] [CONFIG] [action] CreateOperationSql
2018-10-15 06:51:41.652 [uncertain.proc] [CONFIG] [action] PopulateOperationSql
2018-10-15 06:51:41.652 [uncertain.proc] [FINE] aurora.database.features.OrderByClauseCreator.onPopulateOperationSql
2018-10-15 06:51:41.652 [uncertain.proc] [FINE] aurora.database.features.WhereClauseCreator.onPopulateOperationSql
2018-10-15 06:51:41.652 [uncertain.proc] [CONFIG] [action] CreateSqlRunner
2018-10-15 06:51:41.652 [uncertain.proc] [FINE] aurora.database.service.BusinessModelService.onCreateSqlRunner
2018-10-15 06:51:41.652 [uncertain.proc] [CONFIG] [action] ExecuteDmlStatement
2018-10-15 06:51:41.652 [uncertain.proc] [FINE] aurora.database.service.BusinessModelService.onExecuteDmlStatement
2018-10-15 06:51:41.656 [aurora.database] [CONFIG] 
============= BEGIN [Update] SQL Statement execution dump ============

            	begin
            		exp_req_items_pkg.update_exp_req_items(p_req_item_id     =>?,
						                                   p_description     =>?,
						                                   p_enabled_flag    =>?,
						                                   p_budget_item_id  =>?,
						                                   p_item_date_flag    =>?,
						                                   p_item_where_flag    =>?,
						                                   p_item_transport_flag    =>?,
						                                   p_last_updated_by =>?);
            	end;
        	
---------------------Binding info---------------------
No.1	Access path:@req_item_id	Data type of passed value :java.lang.Integer	Value:181	Output:false	Database Type:null	
No.2	Access path:@description	Data type of passed value :java.lang.String	Value:测试申请项目	Output:false	Database Type:null	
No.3	Access path:@enabled_flag	Data type of passed value :java.lang.String	Value:Y	Output:false	Database Type:null	
No.4	Access path:@budget_item_id	Data type of passed value :java.lang.Integer	Value:251	Output:false	Database Type:null	
No.5	Access path:@item_date_flag	Data type of passed value :java.lang.String	Value:N	Output:false	Database Type:null	
No.6	Access path:@item_where_flag	Data type of passed value :java.lang.String	Value:N	Output:false	Database Type:null	
No.7	Access path:@item_transport_flag	Data type of passed value :java.lang.String	Value:N	Output:false	Database Type:null	
No.8	Access path:/session/@user_id	Data type of passed value :java.lang.Long	Value:2242	Output:false	Database Type:null	

=============== END [Update] SQL Statement execution dump ============

2018-10-15 06:51:41.656 [aurora.database] [CONFIG] ============ End of batch update for /parameter
2018-10-15 06:51:41.656 [uncertain.proc] [CONFIG] [action] CreateSuccessResponse
