2018-10-16 09:04:23.847 [aurora.application.session_check] [CONFIG] Session data copied to context
2018-10-16 09:04:23.847 [aurora.application.session_check] [CONFIG] Checking BM access expm.EXP1220.exp_expense_employee_lov2 for operation query
2018-10-16 09:04:23.848 [aurora.application.session_check] [CONFIG] Result from aurora.bm.DefaultAccessChecker@3a637afd is true
2018-10-16 09:04:23.848 [uncertain.proc] [CONFIG] [action] AccessCheck
2018-10-16 09:04:23.849 [uncertain.proc] [CONFIG] [action] CheckServiceLock
2018-10-16 09:04:23.849 [uncertain.proc] [CONFIG] [action] ParseParameter
2018-10-16 09:04:23.850 [uncertain.proc] [CONFIG] [action] ValidateInput
2018-10-16 09:04:23.850 [uncertain.proc] [CONFIG] [action] InvokeService
2018-10-16 09:04:23.850 [aurora.database] [CONFIG] ===================================== prepare to run model-query expm.EXP1220.exp_expense_employee_lov2==============================
2018-10-16 09:04:23.853 [uncertain.proc] [CONFIG] [action] DecideSqlGenerationMode
2018-10-16 09:04:23.853 [uncertain.proc] [FINE] aurora.database.service.BusinessModelService.onDecideSqlGenerationMode
2018-10-16 09:04:23.853 [uncertain.proc] [CONFIG] [action] CreateOperationSql
2018-10-16 09:04:23.854 [uncertain.proc] [CONFIG] [action] PopulateOperationSql
2018-10-16 09:04:23.854 [uncertain.proc] [FINE] aurora.database.features.OrderByClauseCreator.onPopulateOperationSql
2018-10-16 09:04:23.854 [uncertain.proc] [FINE] aurora.database.features.WhereClauseCreator.onPopulateOperationSql
2018-10-16 09:04:23.854 [uncertain.proc] [CONFIG] [action] ExecuteQuery
2018-10-16 09:04:23.854 [uncertain.proc] [FINE] aurora.bm.QuerySqlCreator.onExecuteQuery
2018-10-16 09:04:23.859 [uncertain.proc] [CONFIG] [action] QueryFinish
2018-10-16 09:04:23.859 [uncertain.proc] [FINE] aurora.database.features.AutoQueryCounter.onQueryFinish
2018-10-16 09:04:23.863 [uncertain.proc] [CONFIG] [action] FetchResultSet
2018-10-16 09:04:23.863 [uncertain.proc] [FINE] aurora.database.features.CacheBasedLookUpField.postFetchResultSet
2018-10-16 09:04:23.863 [aurora.database] [CONFIG] 
============= BEGIN [query] SQL Statement execution dump ============

            SELECT * FROM(
            SELECT DISTINCT
                        s.employee_id,
                        emp.employee_code
                        || '-'
                        || emp.name employee_code_name,
                        emp.employee_code ,
                        emp.name,
                        emp.bank_of_deposit bank_branch_code,
                        emp.bank_account bank_account_code
                    FROM
                        exp_employee_assigns s,
                        exp_employees emp
                    WHERE
                        s.employee_id  = emp.employee_id AND
                        s.enabled_flag = 'Y' AND
                        s.company_id = ?
                        )
                         WHERE NAME LIKE ?

---------------------Binding info---------------------
No.1	Access path:/session/@company_id	Data type of passed value :java.lang.String	Value:835	Output:false	Database Type:null	
No.2	Access path:@name	Data type of passed value :java.lang.String	Value:刘缦	Output:false	Database Type:null	

=============== END [query] SQL Statement execution dump ============

2018-10-16 09:04:23.863 [uncertain.proc] [CONFIG] [action] CreateSuccessResponse
