2018-10-17 02:15:29.121 [aurora.application.session_check] [CONFIG] Session data copied to context
2018-10-17 02:15:29.121 [aurora.application.session_check] [CONFIG] Checking BM access expm.exp_employee_accounts for operation query
2018-10-17 02:15:29.122 [aurora.application.session_check] [CONFIG] Result from aurora.bm.DefaultAccessChecker@7765f739 is true
2018-10-17 02:15:29.122 [uncertain.proc] [CONFIG] [action] AccessCheck
2018-10-17 02:15:29.123 [uncertain.proc] [CONFIG] [action] CheckServiceLock
2018-10-17 02:15:29.123 [uncertain.proc] [CONFIG] [action] ParseParameter
2018-10-17 02:15:29.123 [uncertain.proc] [CONFIG] [action] ValidateInput
2018-10-17 02:15:29.123 [uncertain.proc] [CONFIG] [action] InvokeService
2018-10-17 02:15:29.123 [aurora.database] [CONFIG] ===================================== prepare to run model-query expm.exp_employee_accounts==============================
2018-10-17 02:15:29.127 [uncertain.proc] [CONFIG] [action] DecideSqlGenerationMode
2018-10-17 02:15:29.127 [uncertain.proc] [FINE] aurora.database.service.BusinessModelService.onDecideSqlGenerationMode
2018-10-17 02:15:29.127 [uncertain.proc] [CONFIG] [action] CreatequeryStatement
2018-10-17 02:15:29.127 [uncertain.proc] [FINE] aurora.bm.QuerySqlCreator.onCreateQueryStatement
2018-10-17 02:15:29.127 [uncertain.proc] [CONFIG] [action] PopulatequeryStatement
2018-10-17 02:15:29.127 [uncertain.proc] [FINE] aurora.database.features.OrderByClauseCreator.onPopulateQueryStatement
2018-10-17 02:15:29.127 [uncertain.proc] [FINE] aurora.database.features.WhereClauseCreator.onPopulateQueryStatement
2018-10-17 02:15:29.127 [uncertain.proc] [CONFIG] [action] CreatequerySql
2018-10-17 02:15:29.127 [uncertain.proc] [FINE] aurora.bm.QuerySqlCreator.onCreateQuerySql
2018-10-17 02:15:29.127 [uncertain.proc] [CONFIG] [action] ExecuteQuery
2018-10-17 02:15:29.127 [uncertain.proc] [FINE] aurora.bm.QuerySqlCreator.onExecuteQuery
2018-10-17 02:15:29.128 [uncertain.proc] [CONFIG] [action] QueryFinish
2018-10-17 02:15:29.128 [uncertain.proc] [FINE] aurora.database.features.AutoQueryCounter.onQueryFinish
2018-10-17 02:15:29.128 [uncertain.proc] [CONFIG] [action] FetchResultSet
2018-10-17 02:15:29.128 [uncertain.proc] [FINE] aurora.database.features.CacheBasedLookUpField.postFetchResultSet
2018-10-17 02:15:29.128 [aurora.database] [CONFIG] 
============= BEGIN [query] SQL Statement execution dump ============
SELECT t1.EMPLOYEE_ID,t1.LINE_NUMBER,t1.BANK_CODE,t1.BANK_LOCATION_CODE,t1.PROVINCE_CODE,t1.PROVINCE_NAME,t1.CITY_CODE,t1.CITY_NAME,t1.ACCOUNT_NUMBER,t1.ACCOUNT_NAME,t1.NOTES,t1.PRIMARY_FLAG,t1.ENABLED_FLAG,t1.BANK_NAME,t1.BANK_LOCATION,t1.sparticipantbankno,(substr(t1.account_number, 0, 4) || '***' || substr(t1.account_number,-4,4) ) AS account_number_ext
FROM EXP_EMPLOYEE_ACCOUNTS t1
WHERE t1.enabled_flag='Y' AND t1.employee_id = nvl(?,?) AND EMPLOYEE_ID = ?
---------------------Binding info---------------------
No.1	Access path:@employee_id	Data type of passed value :java.lang.Long	Value:2271	Output:false	Database Type:null	
No.2	Access path:/parameter/@partner_id	Data type of passed value :[null]	Value:null	Output:false	Database Type:null	
No.3	Access path:@employee_id	Data type of passed value :java.lang.Long	Value:2271	Output:false	Database Type:null	

=============== END [query] SQL Statement execution dump ============

2018-10-17 02:15:29.128 [uncertain.proc] [CONFIG] [action] CreateSuccessResponse
