2018-10-15 06:38:43.363 [aurora.application.session_check] [CONFIG] Session data copied to context
2018-10-15 06:38:43.364 [aurora.application.session_check] [CONFIG] Checking BM access expm.EXPM1002.exp_expense_item_budget_item_lov for operation query
2018-10-15 06:38:43.367 [aurora.application.session_check] [CONFIG] Result from aurora.bm.DefaultAccessChecker@709ccfe is true
2018-10-15 06:38:43.367 [uncertain.proc] [CONFIG] [action] AccessCheck
2018-10-15 06:38:43.369 [uncertain.proc] [CONFIG] [action] CheckServiceLock
2018-10-15 06:38:43.369 [uncertain.proc] [CONFIG] [action] ParseParameter
2018-10-15 06:38:43.369 [uncertain.proc] [CONFIG] [action] ValidateInput
2018-10-15 06:38:43.369 [uncertain.proc] [CONFIG] [action] InvokeService
2018-10-15 06:38:43.369 [aurora.database] [CONFIG] ===================================== prepare to run model-query expm.EXPM1002.exp_expense_item_budget_item_lov==============================
2018-10-15 06:38:43.374 [uncertain.proc] [CONFIG] [action] DecideSqlGenerationMode
2018-10-15 06:38:43.374 [uncertain.proc] [FINE] aurora.database.service.BusinessModelService.onDecideSqlGenerationMode
2018-10-15 06:38:43.374 [uncertain.proc] [CONFIG] [action] CreateOperationSql
2018-10-15 06:38:43.374 [uncertain.proc] [CONFIG] [action] PopulateOperationSql
2018-10-15 06:38:43.374 [uncertain.proc] [FINE] aurora.database.features.OrderByClauseCreator.onPopulateOperationSql
2018-10-15 06:38:43.374 [uncertain.proc] [FINE] aurora.database.features.WhereClauseCreator.onPopulateOperationSql
2018-10-15 06:38:43.374 [uncertain.proc] [CONFIG] [action] ExecuteQuery
2018-10-15 06:38:43.374 [uncertain.proc] [FINE] aurora.bm.QuerySqlCreator.onExecuteQuery
2018-10-15 06:38:43.386 [uncertain.proc] [CONFIG] [action] QueryFinish
2018-10-15 06:38:43.386 [uncertain.proc] [FINE] aurora.database.features.AutoQueryCounter.onQueryFinish
2018-10-15 06:38:43.396 [uncertain.proc] [CONFIG] [action] FetchResultSet
2018-10-15 06:38:43.396 [uncertain.proc] [FINE] aurora.database.features.CacheBasedLookUpField.postFetchResultSet
2018-10-15 06:38:43.396 [aurora.database] [CONFIG] 
============= BEGIN [query] SQL Statement execution dump ============

         select * from (select t.budget_item_id, t.budget_item_code, t.description
			  from bgt_budget_items_vl t, bgt_organizations bo
			 where t.enabled_flag = 'Y'
			   and t.summary_flag = 'N'
			   and t.budget_org_id = bo.bgt_org_id
			   and bo.set_of_books_id = ?) v
			   
			 order by budget_item_code
			
---------------------Binding info---------------------
No.1	Access path:/parameter/@set_of_books_id	Data type of passed value :java.lang.String	Value:122	Output:false	Database Type:null	

=============== END [query] SQL Statement execution dump ============

2018-10-15 06:38:43.396 [uncertain.proc] [CONFIG] [action] CreateSuccessResponse
