2018-10-15 03:31:42.887 [aurora.application.session_check] [CONFIG] Session data copied to context
2018-10-15 03:31:42.887 [aurora.application.session_check] [CONFIG] Checking BM access expm.exp_report_query_finance_info for operation query
2018-10-15 03:31:42.888 [aurora.application.session_check] [CONFIG] Result from aurora.bm.DefaultAccessChecker@304794c1 is true
2018-10-15 03:31:42.888 [uncertain.proc] [CONFIG] [action] AccessCheck
2018-10-15 03:31:42.889 [uncertain.proc] [CONFIG] [action] CheckServiceLock
2018-10-15 03:31:42.889 [uncertain.proc] [CONFIG] [action] ParseParameter
2018-10-15 03:31:42.889 [uncertain.proc] [CONFIG] [action] ValidateInput
2018-10-15 03:31:42.889 [uncertain.proc] [CONFIG] [action] InvokeService
2018-10-15 03:31:42.890 [aurora.database] [CONFIG] ===================================== prepare to run model-query expm.exp_report_query_finance_info==============================
2018-10-15 03:31:42.893 [uncertain.proc] [CONFIG] [action] DecideSqlGenerationMode
2018-10-15 03:31:42.893 [uncertain.proc] [FINE] aurora.database.service.BusinessModelService.onDecideSqlGenerationMode
2018-10-15 03:31:42.893 [uncertain.proc] [CONFIG] [action] CreateOperationSql
2018-10-15 03:31:42.893 [uncertain.proc] [CONFIG] [action] PopulateOperationSql
2018-10-15 03:31:42.893 [uncertain.proc] [FINE] aurora.database.features.OrderByClauseCreator.onPopulateOperationSql
2018-10-15 03:31:42.893 [uncertain.proc] [FINE] aurora.database.features.WhereClauseCreator.onPopulateOperationSql
2018-10-15 03:31:42.893 [uncertain.proc] [CONFIG] [action] ExecuteQuery
2018-10-15 03:31:42.893 [uncertain.proc] [FINE] aurora.bm.QuerySqlCreator.onExecuteQuery
2018-10-15 03:31:42.945 [uncertain.proc] [CONFIG] [action] QueryFinish
2018-10-15 03:31:42.945 [uncertain.proc] [FINE] aurora.database.features.AutoQueryCounter.onQueryFinish
2018-10-15 03:31:42.967 [uncertain.proc] [CONFIG] [action] FetchResultSet
2018-10-15 03:31:42.967 [uncertain.proc] [FINE] aurora.database.features.CacheBasedLookUpField.postFetchResultSet
2018-10-15 03:31:42.967 [aurora.database] [CONFIG] 
============= BEGIN [query] SQL Statement execution dump ============

                SELECT
                    T2.EXP_REPORT_DISTS_ID,
                    T2.EXP_REPORT_JE_LINE_ID,
                    T2.DESCRIPTION,
                    T2.JOURNAL_DATE,
                    T2.PERIOD_NAME,
                    T2.SOURCE_CODE,
                    T2.COMPANY_ID,
                    T2.COMPANY_SHORT_NAME,
                    T2.COMPANY_SEGMENT,
                    T2.RESPONSIBILITY_CENTER_ID,
                    T2.RESPONSIBILITY_CENTER_NAME,
                    T2.ACCOUNT_ID,
                    T2.ACCOUNT_CODE,
                    T2.ACCOUNT_DESC,
                    T2.CURRENCY_CODE,
                    T2.EXCHANGE_RATE_TYPE,
                    (SELECT
                        FD.DESCRIPTION_TEXT
                    FROM
                        FND_DESCRIPTIONS FD
                    WHERE
                        FD.DESCRIPTION_ID =
                        (SELECT
                            SCV.CODE_VALUE_NAME_ID
                        FROM
                            SYS_CODE_VALUES SCV
                        WHERE
                            SCV.CODE_VALUE = T2.EXCHANGE_RATE_QUOTATION
                        ) AND
                        FD.LANGUAGE = ?
                    ) AS EXCHANGE_RATE_QUOTATION,
                    T2.EXCHANGE_RATE,
                    T2.ENTERED_AMOUNT_DR,
                    T2.ENTERED_AMOUNT_CR,
                    T2.FUNCTIONAL_AMOUNT_DR,
                    T2.FUNCTIONAL_AMOUNT_CR,
                    T2.GLD_INTERFACE_FLAG,
                    T2.EXP_REPORT_HEADER_ID,
                    T2.account_segment1,
                    T2.account_segment2,
                    T2.account_segment3,
                    T2.account_segment4,
                    T2.account_segment5,
                    T2.account_segment6,
                    T2.account_segment7,
                    T2.account_segment8,
                    T2.account_segment9,
                    T2.account_segment10,
                    T2.account_segment11,
                    T2.account_segment12,
                    T2.account_segment13,
                    T2.account_segment14,
                    T2.account_segment15,
                    T2.account_segment16,
                    T2.account_segment17,
                    T2.account_segment18,
                    T2.account_segment19,
                    T2.account_segment20
                FROM
                    (SELECT
                        T.EXP_REPORT_DISTS_ID,
                        T.EXP_REPORT_JE_LINE_ID,
                        T.DESCRIPTION,
                        T.JOURNAL_DATE,
                        T.PERIOD_NAME,
                        T.SOURCE_CODE,
                        T.COMPANY_ID,
                        FC.COMPANY_SHORT_NAME ,
                        T.COMPANY_SEGMENT,
                        T.RESPONSIBILITY_CENTER_ID,
                        FRC.RESPONSIBILITY_CENTER_NAME,
                        T.ACCOUNT_ID,
                        GA.ACCOUNT_CODE,
                        GA.DESCRIPTION ACCOUNT_DESC,
                        T.CURRENCY_CODE,
                        T.EXCHANGE_RATE_TYPE,
                        T.EXCHANGE_RATE_QUOTATION,
                        T.EXCHANGE_RATE,
                        T.ENTERED_AMOUNT_DR,
                        T.ENTERED_AMOUNT_CR,
                        T.FUNCTIONAL_AMOUNT_DR,
                        T.FUNCTIONAL_AMOUNT_CR,
                        T.GLD_INTERFACE_FLAG,
                        T.EXP_REPORT_HEADER_ID,
                        T.account_segment1,
                        T.account_segment2,
                        T.account_segment3,
                        T.account_segment4,
                        T.account_segment5,
                        T.account_segment6,
                        T.account_segment7,
                        T.account_segment8,
                        T.account_segment9,
                        T.account_segment10,
                        T.account_segment11,
                        T.account_segment12,
                        T.account_segment13,
                        T.account_segment14,
                        T.account_segment15,
                        T.account_segment16,
                        T.account_segment17,
                        T.account_segment18,
                        T.account_segment19,
                        T.account_segment20
                    FROM
                        EXP_REPORT_ACCOUNTS T,
                        GLD_ACCOUNTS_VL GA,
                        FND_RESPONSIBILITY_CENTERS_VL FRC,
                        FND_COMPANIES_VL FC  WHERE T.ACCOUNT_ID = GA.ACCOUNT_ID(+)             AND T.RESPONSIBILITY_CENTER_ID = FRC.RESPONSIBILITY_CENTER_ID(+)             AND T.COMPANY_ID = FC.COMPANY_ID(+) and (? is not null and t.EXP_REPORT_HEADER_ID=?)
                    ) t2
                ORDER BY
                    EXP_REPORT_DISTS_ID,
                    COMPANY_ID,
                    EXP_REPORT_JE_LINE_ID
            
---------------------Binding info---------------------
No.1	Access path:/session/@lang	Data type of passed value :java.lang.String	Value:ZHS	Output:false	Database Type:null	
No.2	Access path:@exp_report_header_id	Data type of passed value :java.lang.Integer	Value:1832	Output:false	Database Type:null	
No.3	Access path:@exp_report_header_id	Data type of passed value :java.lang.Integer	Value:1832	Output:false	Database Type:null	

=============== END [query] SQL Statement execution dump ============

2018-10-15 03:31:42.967 [uncertain.proc] [CONFIG] [action] CreateSuccessResponse
