2018-10-19 09:07:42.335 [aurora.application.session_check] [CONFIG] Session data copied to context
2018-10-19 09:07:42.335 [aurora.application.session_check] [CONFIG] Checking BM access expm.exp_expense_report_audit_query for operation query
2018-10-19 09:07:42.336 [aurora.application.session_check] [CONFIG] Result from aurora.bm.DefaultAccessChecker@11b4d43c is true
2018-10-19 09:07:42.336 [uncertain.proc] [CONFIG] [action] AccessCheck
2018-10-19 09:07:42.337 [uncertain.proc] [CONFIG] [action] CheckServiceLock
2018-10-19 09:07:42.337 [uncertain.proc] [CONFIG] [action] ParseParameter
2018-10-19 09:07:42.337 [uncertain.proc] [CONFIG] [action] ValidateInput
2018-10-19 09:07:42.338 [uncertain.proc] [CONFIG] [action] InvokeService
2018-10-19 09:07:42.338 [aurora.database] [CONFIG] ===================================== prepare to run model-query expm.exp_expense_report_audit_query==============================
2018-10-19 09:07:42.341 [uncertain.proc] [CONFIG] [action] DecideSqlGenerationMode
2018-10-19 09:07:42.341 [uncertain.proc] [FINE] aurora.database.service.BusinessModelService.onDecideSqlGenerationMode
2018-10-19 09:07:42.341 [uncertain.proc] [CONFIG] [action] CreateOperationSql
2018-10-19 09:07:42.341 [uncertain.proc] [CONFIG] [action] PopulateOperationSql
2018-10-19 09:07:42.341 [uncertain.proc] [FINE] aurora.database.features.OrderByClauseCreator.onPopulateOperationSql
2018-10-19 09:07:42.341 [uncertain.proc] [FINE] aurora.database.features.WhereClauseCreator.onPopulateOperationSql
2018-10-19 09:07:42.341 [uncertain.proc] [CONFIG] [action] ExecuteQuery
2018-10-19 09:07:42.341 [uncertain.proc] [FINE] aurora.bm.QuerySqlCreator.onExecuteQuery
2018-10-19 09:07:42.343 [uncertain.proc] [CONFIG] [action] QueryFinish
2018-10-19 09:07:42.343 [uncertain.proc] [FINE] aurora.database.features.AutoQueryCounter.onQueryFinish
2018-10-19 09:07:42.344 [uncertain.proc] [CONFIG] [action] FetchResultSet
2018-10-19 09:07:42.345 [uncertain.proc] [FINE] aurora.database.features.CacheBasedLookUpField.postFetchResultSet
2018-10-19 09:07:42.345 [aurora.database] [CONFIG] 
============= BEGIN [query] SQL Statement execution dump ============

                SELECT
                    t.*
                FROM
                    (SELECT
                        t.exp_report_header_id,
                        DECODE (
                        (SELECT
                            * FROM dual WHERE EXISTS
                            (SELECT
                                *
                            FROM
                                exp_report_pmt_schedules es
                            WHERE
                                es.exp_report_header_id = t.exp_report_header_id AND
                                es.cash_flow_code      IS NULL
                            )
                        ),'X', 'Y','N') cash_flow_code_null_flag,
                        t.company_id,
                        (SELECT
                            fc.company_short_name
                        FROM
                            fnd_companies_vl fc
                        WHERE
                            fc.company_id = t.company_id
                        ) company_name,
                        t.amortization_flag,
                        t.operation_unit_id,
                        t.exp_report_number,
                        t.exp_report_barcode,
                        t.employee_id,
                        ee.name employee_name,
                        t.position_id,
                        t.unit_id,
                        t.payee_category,
                        t.payee_id,
                        t.exp_report_type_id,
                        eet.description exp_report_type_desc,
                        t.expense_user_group_id,
                        t.currency_code,
                        (SELECT
                            currency_name
                        FROM
                            gld_currency_vl gcv
                        WHERE
                            gcv.currency_code = t.currency_code
                        ) currency_name,
                        t.exchange_rate_type,
                        t.exchange_rate_quotation,
                        t.exchange_rate,
                        TO_CHAR (t.report_date, 'yyyy-mm-dd') report_date,
                        t.period_name,
                        t.report_status,
                        aa.code_value_name report_status_desc,
                        t.audit_flag,
                        t.audit_date,
                        t.gld_interface_flag,
                        t.attachment_num,
                        t.description,
                        t.write_off_status,
                        t.write_off_completed_date,
                        t.reversed_flag,
                        t.source_exp_rep_header_id,
                        (SELECT
                            SUM (erl.report_amount)
                        FROM
                            exp_report_lines erl
                        WHERE
                            erl.exp_report_header_id = t.exp_report_header_id
                        ) report_amount,
                        DECODE (t.je_creation_status,'SUCCESS', 'Y','N' ) je_creation_status,
                        DECODE (t.return_flag,'Y', '退回','' ) return_status,
                        (SELECT
                            erpv.report_name
                        FROM
                            exp_expense_report_types_vl erpv
                        WHERE
                            erpv.expense_report_type_id = t.exp_report_type_id
                        ) report_name,
                        (SELECT
                            eouv.description
                        FROM
                            exp_org_unit_vl eouv
                        WHERE
                            eouv.unit_id =t.unit_id
                        ) unit_name
                    FROM
                        exp_report_headers t,
                        exp_expense_report_types_vl eet,
                        exp_employees ee,
                        (SELECT
                            scv.code_value,
                            scv.code_value_name
                        FROM
                            sys_codes sc,
                            sys_code_values_vl scv
                        WHERE
                            sc.code_id       = scv.code_id AND
                            sc.code          = 'EXP_EXPENSE_REPORT_STATUS' AND
                            sc.enabled_flag  = 'Y' AND
                            scv.enabled_flag = 'Y'
                        ) aa
                    WHERE
                        (
                            exp_report_auditor_pkg.exp_report_auditor_flag ( t.exp_report_header_id,? ) = 'Y' OR
                            (
                                exp_report_auditor_pkg.exp_report_auditor_flag ( t.exp_report_header_id,? ) = 'N' AND
                                t.company_id                                                                                   = ?
                            )
                        )
                        AND
                        sys_user_secure_exit_pkg.exp_report_adjustment ( t.exp_report_header_id,? ) = 'Y' AND
                        (
                            t.audit_flag  = 'N' OR
                            t.audit_flag IS NULL
                        )
                        AND
                        t.report_status                                                                              = 'COMPLETELY_APPROVED' AND
                        t.exp_report_type_id                                                                         = eet.expense_report_type_id(+) AND
                        t.employee_id                                                                                = ee.employee_id(+) AND
                        t.report_status                                                                              = aa.code_value(+) AND
                        sys_user_secure_exit_pkg.exp_report_audit ( t.exp_report_header_id,? ) = 'Y' AND
                        NOT EXISTS
                        (SELECT
                            1
                        FROM
                            exp_report_lines l
                        WHERE
                            l.exp_report_header_id = t.exp_report_header_id AND
                            l.invoice_status      IN ('40','50','20')
                        ) AND
                        NOT EXISTS
                        (SELECT
                            1
                        FROM
                            exp_report_lines l
                        WHERE
                            l.exp_report_header_id = t.exp_report_header_id AND
                            (
                                l.tax_audit_flag IS NULL OR
                                l.tax_audit_flag  = 'N'
                            )
                            AND
                            EXISTS
                            (SELECT
                                1
                            FROM
                                EXP_YGZ_INVOICE_TYPES eyit
                            WHERE
                                eyit.type_code      =l.invoice_type AND
                                eyit.special_invoice='Y'
                            )
                        )
                    ORDER BY
                        EXP_REPORT_NUMBER DESC
                    ) t  WHERE t.EXP_REPORT_NUMBER like '%'||?||'%' 
                    -- ORDER BY
                    -- EXP_REPORT_NUMBER DESC
            
---------------------Binding info---------------------
No.1	Access path:/session/@user_id	Data type of passed value :java.lang.Long	Value:2242	Output:false	Database Type:null	
No.2	Access path:/session/@user_id	Data type of passed value :java.lang.Long	Value:2242	Output:false	Database Type:null	
No.3	Access path:/session/@company_id	Data type of passed value :java.lang.Integer	Value:835	Output:false	Database Type:null	
No.4	Access path:/session/@session_id	Data type of passed value :java.lang.Long	Value:55518	Output:false	Database Type:null	
No.5	Access path:/session/@session_id	Data type of passed value :java.lang.Long	Value:55518	Output:false	Database Type:null	
No.6	Access path:@exp_report_number	Data type of passed value :java.lang.String	Value:BX8600000181000070	Output:false	Database Type:null	

=============== END [query] SQL Statement execution dump ============

2018-10-19 09:07:42.345 [uncertain.proc] [CONFIG] [action] CreateSuccessResponse
