2018-10-15 14:14:49.252 [aurora.application.session_check] [CONFIG] Session data copied to context
2018-10-15 14:14:49.252 [aurora.application.session_check] [CONFIG] Checking BM access expm.exp_req_policy_infoinit for operation update
2018-10-15 14:14:49.253 [aurora.application.session_check] [CONFIG] Result from aurora.bm.DefaultAccessChecker@6141e1a5 is true
2018-10-15 14:14:49.253 [uncertain.proc] [CONFIG] [action] AccessCheck
2018-10-15 14:14:49.254 [uncertain.proc] [CONFIG] [action] CheckServiceLock
2018-10-15 14:14:49.254 [uncertain.proc] [CONFIG] [action] ParseParameter
2018-10-15 14:14:49.254 [uncertain.proc] [CONFIG] [action] ValidateInput
2018-10-15 14:14:49.254 [uncertain.proc] [CONFIG] [action] InvokeService
2018-10-15 14:14:49.257 [uncertain.proc] [CONFIG] [action] DecideStatement
2018-10-15 14:14:49.258 [uncertain.proc] [CONFIG] [action] DecideSqlGenerationMode
2018-10-15 14:14:49.259 [uncertain.proc] [FINE] aurora.database.service.BusinessModelService.onDecideSqlGenerationMode
2018-10-15 14:14:49.259 [uncertain.proc] [CONFIG] [action] CreateOperationSql
2018-10-15 14:14:49.259 [uncertain.proc] [CONFIG] [action] PopulateOperationSql
2018-10-15 14:14:49.259 [uncertain.proc] [FINE] aurora.database.features.OrderByClauseCreator.onPopulateOperationSql
2018-10-15 14:14:49.259 [uncertain.proc] [FINE] aurora.database.features.WhereClauseCreator.onPopulateOperationSql
2018-10-15 14:14:49.259 [uncertain.proc] [CONFIG] [action] CreateSqlRunner
2018-10-15 14:14:49.259 [uncertain.proc] [FINE] aurora.database.service.BusinessModelService.onCreateSqlRunner
2018-10-15 14:14:49.259 [uncertain.proc] [CONFIG] [action] ExecuteDmlStatement
2018-10-15 14:14:49.259 [uncertain.proc] [FINE] aurora.database.service.BusinessModelService.onExecuteDmlStatement
2018-10-15 14:14:49.260 [aurora.database] [CONFIG] 
============= BEGIN [Update] SQL Statement execution dump ============
 
            begin
			  exp_req_exp_policies_pkg.get_policy_info(p_company_id => ?,
			                                        p_employee_id => ?,
			                                        p_expense_item_id => ? ,
			                                        p_city => ?,
			                                        p_place_type_id => ?,
			                                        p_place_id => ?,
			                                        p_transportation => ?,
			                                        p_currency_code => ? ,
			                                        p_position_id => ?,
			                                        p_rep_date => to_date(?,'yyyy-mm-dd'),
			                                        p_default_flag => ?,
			                                        p_expense_standard => ?,
			                                        p_upper_limit => ?,
			                                        p_lower_limit => ? ,
			                                        p_event_name => ?,
			                                        p_changeable_flag => ? ,
			                                        p_commit_flag => ?,
			                                        p_count => ?,
			                                        p_expense_policies_id => ?,
			                                        p_upper_std_event_name => ?);
			end;
---------------------Binding info---------------------
No.1	Access path:@company_id	Data type of passed value :java.lang.Integer	Value:835	Output:false	Database Type:null	
No.2	Access path:@employee_id	Data type of passed value :java.lang.Integer	Value:2271	Output:false	Database Type:null	
No.3	Access path:@expense_item_id	Data type of passed value :java.lang.Integer	Value:121	Output:false	Database Type:null	
No.4	Access path:@city	Data type of passed value :[null]	Value:null	Output:false	Database Type:null	
No.5	Access path:@place_type_id	Data type of passed value :[null]	Value:null	Output:false	Database Type:null	
No.6	Access path:@place_id	Data type of passed value :[null]	Value:null	Output:false	Database Type:null	
No.7	Access path:@transportation	Data type of passed value :[null]	Value:null	Output:false	Database Type:null	
No.8	Access path:@currency_code	Data type of passed value :java.lang.String	Value:CNY	Output:false	Database Type:null	
No.9	Access path:@position_id	Data type of passed value :java.lang.Integer	Value:37	Output:false	Database Type:null	
No.10	Access path:@p_rep_date	Data type of passed value :java.lang.String	Value:2018-10-15	Output:false	Database Type:null	
No.11	Access path:@p_default_flag	Data type of passed value :[null]	Value:null	Output:true	Database Type:null	
No.12	Access path:@p_expense_standard	Data type of passed value :[null]	Value:null	Output:true	Database Type:null	
No.13	Access path:@p_upper_limit	Data type of passed value :[null]	Value:null	Output:true	Database Type:null	
No.14	Access path:@p_lower_limit	Data type of passed value :[null]	Value:null	Output:true	Database Type:null	
No.15	Access path:@p_event_name	Data type of passed value :[null]	Value:null	Output:true	Database Type:null	
No.16	Access path:@p_changeable_flag	Data type of passed value :[null]	Value:null	Output:true	Database Type:null	
No.17	Access path:@p_commit_flag	Data type of passed value :[null]	Value:null	Output:true	Database Type:null	
No.18	Access path:@p_count	Data type of passed value :[null]	Value:null	Output:true	Database Type:null	
No.19	Access path:@p_id	Data type of passed value :[null]	Value:null	Output:true	Database Type:null	
No.20	Access path:@upper_std_event_name	Data type of passed value :[null]	Value:null	Output:true	Database Type:null	

=============== END [Update] SQL Statement execution dump ============

2018-10-15 14:14:49.260 [uncertain.proc] [CONFIG] [action] CreateSuccessResponse
