2018-10-17 09:36:48.538 [aurora.application.session_check] [CONFIG] Session data copied to context
2018-10-17 09:36:48.539 [aurora.application.session_check] [CONFIG] Checking BM access expm.EXP2030.exp_req_items for operation query
2018-10-17 09:36:48.540 [aurora.application.session_check] [CONFIG] Result from aurora.bm.DefaultAccessChecker@1f5b031d is true
2018-10-17 09:36:48.540 [uncertain.proc] [CONFIG] [action] AccessCheck
2018-10-17 09:36:48.541 [uncertain.proc] [CONFIG] [action] CheckServiceLock
2018-10-17 09:36:48.541 [uncertain.proc] [CONFIG] [action] ParseParameter
2018-10-17 09:36:48.541 [uncertain.proc] [CONFIG] [action] ValidateInput
2018-10-17 09:36:48.541 [uncertain.proc] [CONFIG] [action] InvokeService
2018-10-17 09:36:48.541 [aurora.database] [CONFIG] ===================================== prepare to run model-query expm.EXP2030.exp_req_items==============================
2018-10-17 09:36:48.545 [uncertain.proc] [CONFIG] [action] DecideSqlGenerationMode
2018-10-17 09:36:48.545 [uncertain.proc] [FINE] aurora.database.service.BusinessModelService.onDecideSqlGenerationMode
2018-10-17 09:36:48.545 [uncertain.proc] [CONFIG] [action] CreateOperationSql
2018-10-17 09:36:48.545 [uncertain.proc] [CONFIG] [action] PopulateOperationSql
2018-10-17 09:36:48.545 [uncertain.proc] [FINE] aurora.database.features.OrderByClauseCreator.onPopulateOperationSql
2018-10-17 09:36:48.545 [uncertain.proc] [FINE] aurora.database.features.WhereClauseCreator.onPopulateOperationSql
2018-10-17 09:36:48.545 [uncertain.proc] [CONFIG] [action] ExecuteQuery
2018-10-17 09:36:48.545 [uncertain.proc] [FINE] aurora.bm.QuerySqlCreator.onExecuteQuery
2018-10-17 09:36:48.551 [uncertain.proc] [CONFIG] [action] QueryFinish
2018-10-17 09:36:48.551 [uncertain.proc] [FINE] aurora.database.features.AutoQueryCounter.onQueryFinish
2018-10-17 09:36:48.555 [uncertain.proc] [CONFIG] [action] FetchResultSet
2018-10-17 09:36:48.555 [uncertain.proc] [FINE] aurora.database.features.CacheBasedLookUpField.postFetchResultSet
2018-10-17 09:36:48.555 [aurora.database] [CONFIG] 
============= BEGIN [query] SQL Statement execution dump ============

            	select t.req_item_id,
				       t.set_of_books_id,
				       t.req_item_code,
				       t.description,
				       t.enabled_flag,
				       t.budget_item_id,
				       t.item_date_flag,
				       t.item_where_flag,
				       t.item_transport_flag,
				       b.budget_item_code,
				       b.description budget_item_desc
				  from exp_req_items_vl t, /*fnd_companies fc,*/ bgt_budget_items_vl b
				   WHERE t.set_of_books_id = ? AND t.budget_item_id = b.budget_item_id(+)
				  ORDER BY t.req_item_code,t.enabled_flag
				
		
---------------------Binding info---------------------
No.1	Access path:@query_set_of_books_id	Data type of passed value :java.lang.String	Value:122	Output:false	Database Type:null	

=============== END [query] SQL Statement execution dump ============

2018-10-17 09:36:48.555 [uncertain.proc] [CONFIG] [action] CreateSuccessResponse
