2018-09-30 06:49:16.842 [aurora.application.session_check] [CONFIG] Session data copied to context
2018-09-30 06:49:16.842 [aurora.application.session_check] [CONFIG] Checking BM access expm.EXP2120.exp_company_expense_item for operation query
2018-09-30 06:49:16.843 [aurora.application.session_check] [CONFIG] Result from aurora.bm.DefaultAccessChecker@50363786 is true
2018-09-30 06:49:16.843 [uncertain.proc] [CONFIG] [action] AccessCheck
2018-09-30 06:49:16.845 [uncertain.proc] [CONFIG] [action] CheckServiceLock
2018-09-30 06:49:16.845 [uncertain.proc] [CONFIG] [action] ParseParameter
2018-09-30 06:49:16.845 [uncertain.proc] [CONFIG] [action] ValidateInput
2018-09-30 06:49:16.845 [uncertain.proc] [CONFIG] [action] InvokeService
2018-09-30 06:49:16.845 [aurora.database] [CONFIG] ===================================== prepare to run model-query expm.EXP2120.exp_company_expense_item==============================
2018-09-30 06:49:16.851 [uncertain.proc] [CONFIG] [action] DecideSqlGenerationMode
2018-09-30 06:49:16.851 [uncertain.proc] [FINE] aurora.database.service.BusinessModelService.onDecideSqlGenerationMode
2018-09-30 06:49:16.851 [uncertain.proc] [CONFIG] [action] CreateOperationSql
2018-09-30 06:49:16.851 [uncertain.proc] [CONFIG] [action] PopulateOperationSql
2018-09-30 06:49:16.851 [uncertain.proc] [FINE] aurora.database.features.OrderByClauseCreator.onPopulateOperationSql
2018-09-30 06:49:16.851 [uncertain.proc] [FINE] aurora.database.features.WhereClauseCreator.onPopulateOperationSql
2018-09-30 06:49:16.851 [uncertain.proc] [CONFIG] [action] ExecuteQuery
2018-09-30 06:49:16.851 [uncertain.proc] [FINE] aurora.bm.QuerySqlCreator.onExecuteQuery
2018-09-30 06:49:16.864 [uncertain.proc] [CONFIG] [action] QueryFinish
2018-09-30 06:49:16.864 [uncertain.proc] [FINE] aurora.database.features.AutoQueryCounter.onQueryFinish
2018-09-30 06:49:16.875 [uncertain.proc] [CONFIG] [action] FetchResultSet
2018-09-30 06:49:16.875 [uncertain.proc] [FINE] aurora.database.features.CacheBasedLookUpField.postFetchResultSet
2018-09-30 06:49:16.875 [aurora.database] [CONFIG] 
============= BEGIN [query] SQL Statement execution dump ============

            	select distinct t.expense_item_id,
				       t.set_of_books_id,
				       t.expense_item_code,
				       t.description,
				       t.currency_code,
				       t.standard_price,
				       decode(ec.enabled_flag, 'Y', t.enabled_flag, ec.enabled_flag) enabled_flag,
				       t.req_item_id,
				       er.req_item_code,
				       er.description req_item_desc,
				       t.budget_item_id,
				       bb.budget_item_code,
				       bb.description budget_item_desc,
				       NVL(ec.item_date_flag, 'N') item_date_flag,
                       NVL(ec.item_where_flag, 'N') item_where_flag,
                       NVL(ec.item_transport_flag, 'N') item_transport_flag,
                       ec.ded_rule,
                       (select ee.type_name from exp_ygz_usage_types ee where ee.type_code = ec.ded_rule) ded_rule_desc
				  from exp_expense_items_vl      t,
				       exp_req_items_vl          er,
				       bgt_budget_items_vl       bb,
				       fnd_companies             fc,
				       exp_company_expense_items ec,
       				   exp_expense_item_types    et
				   WHERE t.expense_item_id = et.expense_item_id(+) AND t.req_item_id = er.req_item_id(+) AND t.budget_item_id = bb.budget_item_id(+) AND ec.expense_item_id = t.expense_item_id(+) AND t.set_of_books_id = fc.set_of_books_id AND fc.company_id =? and ec.company_id =?
				 order by t.expense_item_code
		
---------------------Binding info---------------------
No.1	Access path:/session/@company_id	Data type of passed value :java.lang.Integer	Value:2537	Output:false	Database Type:null	
No.2	Access path:/session/@company_id	Data type of passed value :java.lang.Integer	Value:2537	Output:false	Database Type:null	

=============== END [query] SQL Statement execution dump ============

2018-09-30 06:49:16.875 [uncertain.proc] [CONFIG] [action] CreateSuccessResponse
