2018-10-19 09:40:56.885 [aurora.application.session_check] [CONFIG] Session data copied to context
2018-10-19 09:40:56.885 [aurora.application.session_check] [CONFIG] Checking BM access expm.exp_report_header_pay_company for operation query
2018-10-19 09:40:56.887 [aurora.application.session_check] [CONFIG] Result from aurora.bm.DefaultAccessChecker@7c9591b1 is true
2018-10-19 09:40:56.887 [uncertain.proc] [CONFIG] [action] AccessCheck
2018-10-19 09:40:56.888 [uncertain.proc] [CONFIG] [action] CheckServiceLock
2018-10-19 09:40:56.889 [uncertain.proc] [CONFIG] [action] ParseParameter
2018-10-19 09:40:56.889 [uncertain.proc] [CONFIG] [action] ValidateInput
2018-10-19 09:40:56.889 [uncertain.proc] [CONFIG] [action] InvokeService
2018-10-19 09:40:56.889 [aurora.database] [CONFIG] ===================================== prepare to run model-query expm.exp_report_header_pay_company==============================
2018-10-19 09:40:56.893 [uncertain.proc] [CONFIG] [action] DecideSqlGenerationMode
2018-10-19 09:40:56.893 [uncertain.proc] [FINE] aurora.database.service.BusinessModelService.onDecideSqlGenerationMode
2018-10-19 09:40:56.893 [uncertain.proc] [CONFIG] [action] CreateOperationSql
2018-10-19 09:40:56.893 [uncertain.proc] [CONFIG] [action] PopulateOperationSql
2018-10-19 09:40:56.893 [uncertain.proc] [FINE] aurora.database.features.OrderByClauseCreator.onPopulateOperationSql
2018-10-19 09:40:56.893 [uncertain.proc] [FINE] aurora.database.features.WhereClauseCreator.onPopulateOperationSql
2018-10-19 09:40:56.894 [uncertain.proc] [CONFIG] [action] ExecuteQuery
2018-10-19 09:40:56.894 [uncertain.proc] [FINE] aurora.bm.QuerySqlCreator.onExecuteQuery
2018-10-19 09:40:56.938 [uncertain.proc] [CONFIG] [action] QueryFinish
2018-10-19 09:40:56.938 [uncertain.proc] [FINE] aurora.database.features.AutoQueryCounter.onQueryFinish
2018-10-19 09:40:56.971 [uncertain.proc] [CONFIG] [action] FetchResultSet
2018-10-19 09:40:56.971 [uncertain.proc] [FINE] aurora.database.features.CacheBasedLookUpField.postFetchResultSet
2018-10-19 09:40:56.971 [aurora.database] [CONFIG] 
============= BEGIN [query] SQL Statement execution dump ============
select * 
            				from (select fc.company_id,
            							fc.company_code,
            							fc.company_full_name,
            							fc.end_date_active,
            							fc.start_date_active,
            							fc.company_type,
            							fc.set_of_books_id
								    from fnd_companies_vl fc,fnd_company_levels fcl 
								    where fc.company_level_id = fcl.company_level_id
								    and fcl.company_level_code <> '30'
								    and fcl.company_level_code <> '40'
								    and fcl.company_level_code <> '50') v
								     WHERE v.company_type =1 and v.start_date_active <= sysdate and (v.end_date_active is null or end_date_active > sysdate) and v.set_of_books_id=(select v.set_of_books_id from fnd_companies_vl v where v.company_id=?)
---------------------Binding info---------------------
No.1	Access path:/session/@company_id	Data type of passed value :java.lang.String	Value:2240	Output:false	Database Type:null	

=============== END [query] SQL Statement execution dump ============

2018-10-19 09:40:56.971 [uncertain.proc] [CONFIG] [action] CreateSuccessResponse
