2018-10-15 06:39:36.180 [aurora.application.session_check] [CONFIG] Session data copied to context
2018-10-15 06:39:36.180 [aurora.application.session_check] [CONFIG] Checking BM access expm.EXPM1002.exp_req_item_lov for operation query
2018-10-15 06:39:36.181 [aurora.application.session_check] [CONFIG] Result from aurora.bm.DefaultAccessChecker@3e314f16 is true
2018-10-15 06:39:36.181 [uncertain.proc] [CONFIG] [action] AccessCheck
2018-10-15 06:39:36.182 [uncertain.proc] [CONFIG] [action] CheckServiceLock
2018-10-15 06:39:36.182 [uncertain.proc] [CONFIG] [action] ParseParameter
2018-10-15 06:39:36.182 [uncertain.proc] [CONFIG] [action] ValidateInput
2018-10-15 06:39:36.182 [uncertain.proc] [CONFIG] [action] InvokeService
2018-10-15 06:39:36.182 [aurora.database] [CONFIG] ===================================== prepare to run model-query expm.EXPM1002.exp_req_item_lov==============================
2018-10-15 06:39:36.186 [uncertain.proc] [CONFIG] [action] DecideSqlGenerationMode
2018-10-15 06:39:36.186 [uncertain.proc] [FINE] aurora.database.service.BusinessModelService.onDecideSqlGenerationMode
2018-10-15 06:39:36.186 [uncertain.proc] [CONFIG] [action] CreateOperationSql
2018-10-15 06:39:36.186 [uncertain.proc] [CONFIG] [action] PopulateOperationSql
2018-10-15 06:39:36.186 [uncertain.proc] [FINE] aurora.database.features.OrderByClauseCreator.onPopulateOperationSql
2018-10-15 06:39:36.186 [uncertain.proc] [FINE] aurora.database.features.WhereClauseCreator.onPopulateOperationSql
2018-10-15 06:39:36.186 [uncertain.proc] [CONFIG] [action] ExecuteQuery
2018-10-15 06:39:36.186 [uncertain.proc] [FINE] aurora.bm.QuerySqlCreator.onExecuteQuery
2018-10-15 06:39:36.193 [uncertain.proc] [CONFIG] [action] QueryFinish
2018-10-15 06:39:36.193 [uncertain.proc] [FINE] aurora.database.features.AutoQueryCounter.onQueryFinish
2018-10-15 06:39:36.197 [uncertain.proc] [CONFIG] [action] FetchResultSet
2018-10-15 06:39:36.197 [uncertain.proc] [FINE] aurora.database.features.CacheBasedLookUpField.postFetchResultSet
2018-10-15 06:39:36.197 [aurora.database] [CONFIG] 
============= BEGIN [query] SQL Statement execution dump ============

            select * from (
            select t.req_item_id, t.req_item_code, t.description
			  from exp_req_items_vl t
			 where t.enabled_flag = 'Y'
			and t.set_of_books_id = ?
			) v
			
			order by req_item_code
			
---------------------Binding info---------------------
No.1	Access path:/parameter/@set_of_books_id	Data type of passed value :java.lang.String	Value:122	Output:false	Database Type:null	

=============== END [query] SQL Statement execution dump ============

2018-10-15 06:39:36.197 [uncertain.proc] [CONFIG] [action] CreateSuccessResponse
