2018-09-30 02:26:11.922 [aurora.application.session_check] [CONFIG] Session data copied to context
2018-09-30 02:26:11.922 [aurora.application.session_check] [CONFIG] Checking BM access fnd.FND2220.fnd_company_dimension_values for operation batch_update
2018-09-30 02:26:11.922 [aurora.application.session_check] [CONFIG] for batch_update, access check will be performed on each record from parameter
2018-09-30 02:26:11.922 [uncertain.proc] [CONFIG] [action] AccessCheck
2018-09-30 02:26:11.923 [uncertain.proc] [CONFIG] [action] CheckServiceLock
2018-09-30 02:26:11.923 [uncertain.proc] [CONFIG] [action] ParseParameter
2018-09-30 02:26:11.923 [uncertain.proc] [CONFIG] [action] ValidateInput
2018-09-30 02:26:11.923 [uncertain.proc] [CONFIG] [action] InvokeService
2018-09-30 02:26:11.927 [aurora.database] [CONFIG] ============ Running model batch update with data from path /parameter, total 1 records
2018-09-30 02:26:11.927 [aurora.database] [CONFIG] execute insert on record No.0 for model fnd.FND2220.fnd_company_dimension_values
2018-09-30 02:26:11.929 [uncertain.proc] [CONFIG] [action] DecideStatement
2018-09-30 02:26:11.930 [uncertain.proc] [CONFIG] [action] DecideSqlGenerationMode
2018-09-30 02:26:11.930 [uncertain.proc] [FINE] aurora.database.service.BusinessModelService.onDecideSqlGenerationMode
2018-09-30 02:26:11.930 [uncertain.proc] [CONFIG] [action] CreateInsertStatement
2018-09-30 02:26:11.930 [uncertain.proc] [FINE] aurora.bm.InsertSqlCreator.onCreateInsertStatement
2018-09-30 02:26:11.930 [uncertain.proc] [CONFIG] [action] PopulateInsertStatement
2018-09-30 02:26:11.930 [uncertain.proc] [CONFIG] [action] CreateInsertSql
2018-09-30 02:26:11.930 [uncertain.proc] [FINE] aurora.bm.InsertSqlCreator.onCreateInsertSql
2018-09-30 02:26:11.930 [uncertain.proc] [CONFIG] [action] CreateSqlRunner
2018-09-30 02:26:11.930 [uncertain.proc] [FINE] aurora.database.service.BusinessModelService.onCreateSqlRunner
2018-09-30 02:26:11.930 [uncertain.proc] [CONFIG] [action] ExecuteDmlStatement
2018-09-30 02:26:11.930 [uncertain.proc] [FINE] aurora.database.service.BusinessModelService.onExecuteDmlStatement
2018-09-30 02:26:11.941 [aurora.database] [CONFIG] 
============= BEGIN [Insert] SQL Statement execution dump ============
INSERT INTO FND_COMPANY_DIMENSION_VALUES ( COMPANY_ID,DIMENSION_VALUE_ID,ENABLED_FLAG,CREATED_BY,CREATION_DATE,LAST_UPDATED_BY,LAST_UPDATE_DATE) VALUES ( ?,?,?,?,sysdate,?,sysdate)
---------------------Binding info---------------------
No.1	Access path:@company_id	Data type of passed value :java.lang.Double	Value:2537.0	Output:false	Database Type:null	
No.2	Access path:@dimension_value_id	Data type of passed value :java.lang.Double	Value:51.0	Output:false	Database Type:null	
No.3	Access path:@enabled_flag	Data type of passed value :java.lang.String	Value:Y	Output:false	Database Type:null	
No.4	Access path:/session/@user_id	Data type of passed value :java.lang.Long	Value:1	Output:false	Database Type:null	
No.5	Access path:/session/@user_id	Data type of passed value :java.lang.Long	Value:1	Output:false	Database Type:null	

=============== END [Insert] SQL Statement execution dump ============

2018-09-30 02:26:11.941 [aurora.database] [CONFIG] ============ End of batch update for /parameter
2018-09-30 02:26:11.941 [uncertain.proc] [CONFIG] [action] CreateSuccessResponse
