2018-10-18 02:06:13.748 [aurora.application.session_check] [CONFIG] Session data copied to context
2018-10-18 02:06:13.748 [aurora.application.session_check] [CONFIG] Checking BM access fnd.FND2510.fnd_set_book_resp_assign_com for operation query
2018-10-18 02:06:13.750 [aurora.application.session_check] [CONFIG] Result from aurora.bm.DefaultAccessChecker@20c49c54 is true
2018-10-18 02:06:13.750 [uncertain.proc] [CONFIG] [action] AccessCheck
2018-10-18 02:06:13.754 [uncertain.proc] [CONFIG] [action] CheckServiceLock
2018-10-18 02:06:13.754 [uncertain.proc] [CONFIG] [action] ParseParameter
2018-10-18 02:06:13.754 [uncertain.proc] [CONFIG] [action] ValidateInput
2018-10-18 02:06:13.754 [uncertain.proc] [CONFIG] [action] InvokeService
2018-10-18 02:06:13.754 [aurora.database] [CONFIG] ===================================== prepare to run model-query fnd.FND2510.fnd_set_book_resp_assign_com==============================
2018-10-18 02:06:13.760 [uncertain.proc] [CONFIG] [action] DecideSqlGenerationMode
2018-10-18 02:06:13.760 [uncertain.proc] [FINE] aurora.database.service.BusinessModelService.onDecideSqlGenerationMode
2018-10-18 02:06:13.760 [uncertain.proc] [CONFIG] [action] CreateOperationSql
2018-10-18 02:06:13.760 [uncertain.proc] [CONFIG] [action] PopulateOperationSql
2018-10-18 02:06:13.760 [uncertain.proc] [FINE] aurora.database.features.OrderByClauseCreator.onPopulateOperationSql
2018-10-18 02:06:13.760 [uncertain.proc] [FINE] aurora.database.features.WhereClauseCreator.onPopulateOperationSql
2018-10-18 02:06:13.760 [uncertain.proc] [CONFIG] [action] ExecuteQuery
2018-10-18 02:06:13.760 [uncertain.proc] [FINE] aurora.bm.QuerySqlCreator.onExecuteQuery
2018-10-18 02:06:13.765 [uncertain.proc] [CONFIG] [action] QueryFinish
2018-10-18 02:06:13.765 [uncertain.proc] [FINE] aurora.database.features.AutoQueryCounter.onQueryFinish
2018-10-18 02:06:13.820 [uncertain.proc] [CONFIG] [action] FetchResultSet
2018-10-18 02:06:13.820 [uncertain.proc] [FINE] aurora.database.features.CacheBasedLookUpField.postFetchResultSet
2018-10-18 02:06:13.820 [aurora.database] [CONFIG] 
============= BEGIN [query] SQL Statement execution dump ============

    
    select * from (
      select  fc.company_id,
              fc.company_code,
              fc.company_short_name,
              fc.set_of_books_id,
              frc.responsibility_center_id ,
              frc.responsibility_center_code,
              decode(greatest(trunc(sysdate) , frc.END_DATE_ACTIVE) , frc.END_DATE_ACTIVE,'Y','N') as enabled_flag
              from   fnd_responsibility_centers frc,
              fnd_companies_vl fc
              where frc.company_id=fc.company_id
              order by fc.company_code)v
               WHERE v.responsibility_center_code =? AND v.set_of_books_id =?
    
    
---------------------Binding info---------------------
No.1	Access path:@responsibility_center_code	Data type of passed value :java.lang.String	Value:TEST1018_1	Output:false	Database Type:null	
No.2	Access path:@set_of_books_id	Data type of passed value :java.lang.String	Value:122	Output:false	Database Type:null	

=============== END [query] SQL Statement execution dump ============

2018-10-18 02:06:13.820 [uncertain.proc] [CONFIG] [action] CreateSuccessResponse
