2018-10-22 08:56:50.57 [aurora.application.session_check] [CONFIG] Session data copied to context
2018-10-22 08:56:50.57 [aurora.application.session_check] [CONFIG] Checking BM access fnd.FND2220.fnd_company_dimension_values for operation query
2018-10-22 08:56:50.59 [aurora.application.session_check] [CONFIG] Result from aurora.bm.DefaultAccessChecker@537062f4 is true
2018-10-22 08:56:50.59 [uncertain.proc] [CONFIG] [action] AccessCheck
2018-10-22 08:56:50.61 [uncertain.proc] [CONFIG] [action] CheckServiceLock
2018-10-22 08:56:50.61 [uncertain.proc] [CONFIG] [action] ParseParameter
2018-10-22 08:56:50.61 [uncertain.proc] [CONFIG] [action] ValidateInput
2018-10-22 08:56:50.61 [uncertain.proc] [CONFIG] [action] InvokeService
2018-10-22 08:56:50.61 [aurora.database] [CONFIG] ===================================== prepare to run model-query fnd.FND2220.fnd_company_dimension_values==============================
2018-10-22 08:56:50.70 [uncertain.proc] [CONFIG] [action] DecideSqlGenerationMode
2018-10-22 08:56:50.70 [uncertain.proc] [FINE] aurora.database.service.BusinessModelService.onDecideSqlGenerationMode
2018-10-22 08:56:50.70 [uncertain.proc] [CONFIG] [action] CreatequeryStatement
2018-10-22 08:56:50.70 [uncertain.proc] [FINE] aurora.bm.QuerySqlCreator.onCreateQueryStatement
2018-10-22 08:56:50.73 [uncertain.proc] [CONFIG] [action] PopulatequeryStatement
2018-10-22 08:56:50.73 [uncertain.proc] [FINE] aurora.database.features.OrderByClauseCreator.onPopulateQueryStatement
2018-10-22 08:56:50.73 [uncertain.proc] [FINE] aurora.database.features.WhereClauseCreator.onPopulateQueryStatement
2018-10-22 08:56:50.73 [uncertain.proc] [CONFIG] [action] CreatequerySql
2018-10-22 08:56:50.73 [uncertain.proc] [FINE] aurora.bm.QuerySqlCreator.onCreateQuerySql
2018-10-22 08:56:50.73 [uncertain.proc] [CONFIG] [action] ExecuteQuery
2018-10-22 08:56:50.73 [uncertain.proc] [FINE] aurora.bm.QuerySqlCreator.onExecuteQuery
2018-10-22 08:56:50.109 [uncertain.proc] [CONFIG] [action] QueryFinish
2018-10-22 08:56:50.109 [uncertain.proc] [FINE] aurora.database.features.AutoQueryCounter.onQueryFinish
2018-10-22 08:56:50.120 [uncertain.proc] [CONFIG] [action] FetchResultSet
2018-10-22 08:56:50.120 [uncertain.proc] [FINE] aurora.database.features.CacheBasedLookUpField.postFetchResultSet
2018-10-22 08:56:50.121 [aurora.database] [CONFIG] 
============= BEGIN [query] SQL Statement execution dump ============
SELECT fcdv.COMPANY_ID,fcdv.DIMENSION_VALUE_ID,fcdv.ENABLED_FLAG,fcvl.COMPANY_CODE,fcvl.COMPANY_SHORT_NAME
FROM FND_COMPANY_DIMENSION_VALUES fcdv
	INNER JOIN FND_COMPANIES_VL fcvl ON fcdv.COMPANY_ID = fcvl.COMPANY_ID
WHERE dimension_value_id=?
---------------------Binding info---------------------
No.1	Access path:@dimension_value_id	Data type of passed value :java.lang.Double	Value:3.0	Output:false	Database Type:null	

=============== END [query] SQL Statement execution dump ============

2018-10-22 08:56:50.121 [uncertain.proc] [CONFIG] [action] CreateSuccessResponse
