2018-10-12 09:46:40.677 [aurora.application.session_check] [CONFIG] Session data copied to context
2018-10-12 09:46:40.677 [aurora.application.session_check] [CONFIG] Checking BM access fnd.FND2230.fnd_dimensions_syscomlevel for operation query
2018-10-12 09:46:40.679 [aurora.application.session_check] [CONFIG] Result from aurora.bm.DefaultAccessChecker@9d4472 is true
2018-10-12 09:46:40.679 [uncertain.proc] [CONFIG] [action] AccessCheck
2018-10-12 09:46:40.681 [uncertain.proc] [CONFIG] [action] CheckServiceLock
2018-10-12 09:46:40.681 [uncertain.proc] [CONFIG] [action] ParseParameter
2018-10-12 09:46:40.681 [uncertain.proc] [CONFIG] [action] ValidateInput
2018-10-12 09:46:40.681 [uncertain.proc] [CONFIG] [action] InvokeService
2018-10-12 09:46:40.681 [aurora.database] [CONFIG] ===================================== prepare to run model-query fnd.FND2230.fnd_dimensions_syscomlevel==============================
2018-10-12 09:46:40.686 [uncertain.proc] [CONFIG] [action] DecideSqlGenerationMode
2018-10-12 09:46:40.686 [uncertain.proc] [FINE] aurora.database.service.BusinessModelService.onDecideSqlGenerationMode
2018-10-12 09:46:40.686 [uncertain.proc] [CONFIG] [action] CreateOperationSql
2018-10-12 09:46:40.686 [uncertain.proc] [CONFIG] [action] PopulateOperationSql
2018-10-12 09:46:40.686 [uncertain.proc] [FINE] aurora.database.features.OrderByClauseCreator.onPopulateOperationSql
2018-10-12 09:46:40.686 [uncertain.proc] [FINE] aurora.database.features.WhereClauseCreator.onPopulateOperationSql
2018-10-12 09:46:40.686 [uncertain.proc] [CONFIG] [action] ExecuteQuery
2018-10-12 09:46:40.686 [uncertain.proc] [FINE] aurora.bm.QuerySqlCreator.onExecuteQuery
2018-10-12 09:46:40.687 [uncertain.proc] [CONFIG] [action] QueryFinish
2018-10-12 09:46:40.687 [uncertain.proc] [FINE] aurora.database.features.AutoQueryCounter.onQueryFinish
2018-10-12 09:46:40.687 [uncertain.proc] [CONFIG] [action] FetchResultSet
2018-10-12 09:46:40.687 [uncertain.proc] [FINE] aurora.database.features.CacheBasedLookUpField.postFetchResultSet
2018-10-12 09:46:40.687 [aurora.database] [CONFIG] 
============= BEGIN [query] SQL Statement execution dump ============

            select f.SYSTEM_LEVEL,f.COMPANY_LEVEL from FND_DIMENSIONS f where f.DIMENSION_ID = ?
            
---------------------Binding info---------------------
No.1	Access path:@dimension_id	Data type of passed value :java.lang.Integer	Value:2	Output:false	Database Type:null	

=============== END [query] SQL Statement execution dump ============

2018-10-12 09:46:40.687 [uncertain.proc] [CONFIG] [action] CreateSuccessResponse
