2018-10-19 09:15:13.120 [aurora.application.session_check] [CONFIG] Session data copied to context
2018-10-19 09:15:13.120 [aurora.application.session_check] [CONFIG] Checking BM access fnd.FND2220.fnd_unit_dim_value_ccbl for operation query
2018-10-19 09:15:13.121 [aurora.application.session_check] [CONFIG] Result from aurora.bm.DefaultAccessChecker@6b369adc is true
2018-10-19 09:15:13.121 [uncertain.proc] [CONFIG] [action] AccessCheck
2018-10-19 09:15:13.122 [uncertain.proc] [CONFIG] [action] CheckServiceLock
2018-10-19 09:15:13.122 [uncertain.proc] [CONFIG] [action] ParseParameter
2018-10-19 09:15:13.122 [uncertain.proc] [CONFIG] [action] ValidateInput
2018-10-19 09:15:13.122 [uncertain.proc] [CONFIG] [action] InvokeService
2018-10-19 09:15:13.122 [aurora.database] [CONFIG] ===================================== prepare to run model-query fnd.FND2220.fnd_unit_dim_value_ccbl==============================
2018-10-19 09:15:13.125 [uncertain.proc] [CONFIG] [action] DecideSqlGenerationMode
2018-10-19 09:15:13.125 [uncertain.proc] [FINE] aurora.database.service.BusinessModelService.onDecideSqlGenerationMode
2018-10-19 09:15:13.125 [uncertain.proc] [CONFIG] [action] CreatequeryStatement
2018-10-19 09:15:13.125 [uncertain.proc] [FINE] aurora.bm.QuerySqlCreator.onCreateQueryStatement
2018-10-19 09:15:13.125 [uncertain.proc] [CONFIG] [action] PopulatequeryStatement
2018-10-19 09:15:13.125 [uncertain.proc] [FINE] aurora.database.features.OrderByClauseCreator.onPopulateQueryStatement
2018-10-19 09:15:13.125 [uncertain.proc] [FINE] aurora.database.features.WhereClauseCreator.onPopulateQueryStatement
2018-10-19 09:15:13.125 [uncertain.proc] [CONFIG] [action] CreatequerySql
2018-10-19 09:15:13.125 [uncertain.proc] [FINE] aurora.bm.QuerySqlCreator.onCreateQuerySql
2018-10-19 09:15:13.125 [uncertain.proc] [CONFIG] [action] ExecuteQuery
2018-10-19 09:15:13.125 [uncertain.proc] [FINE] aurora.bm.QuerySqlCreator.onExecuteQuery
2018-10-19 09:15:13.126 [uncertain.proc] [CONFIG] [action] QueryFinish
2018-10-19 09:15:13.126 [uncertain.proc] [FINE] aurora.database.features.AutoQueryCounter.onQueryFinish
2018-10-19 09:15:13.127 [uncertain.proc] [CONFIG] [action] FetchResultSet
2018-10-19 09:15:13.127 [uncertain.proc] [FINE] aurora.database.features.CacheBasedLookUpField.postFetchResultSet
2018-10-19 09:15:13.127 [aurora.database] [CONFIG] 
============= BEGIN [query] SQL Statement execution dump ============
SELECT t1.table_id,t1.company_id,t1.unit_id,(select v.unit_code from exp_org_unit_vl v where t1.unit_id = v.unit_id) AS unit_code,(select v.description unit_name from exp_org_unit_vl v where t1.unit_id = v.unit_id) AS unit_name,t1.dimension_value_id,t1.enabled_flag
FROM FND_UNIT_DIM_VALUE_CCBL t1
WHERE dimension_value_id=? AND company_id=?
---------------------Binding info---------------------
No.1	Access path:@dimension_value_id	Data type of passed value :java.lang.String	Value:28	Output:false	Database Type:null	
No.2	Access path:@company_id	Data type of passed value :java.lang.String	Value:2349	Output:false	Database Type:null	

=============== END [query] SQL Statement execution dump ============

2018-10-19 09:15:13.127 [uncertain.proc] [CONFIG] [action] CreateSuccessResponse
