2018-10-10 06:30:38.39 [aurora.application.session_check] [CONFIG] Session data copied to context
2018-10-10 06:30:38.39 [aurora.application.session_check] [CONFIG] Checking BM access fnd.fnd_company_levels for operation query
2018-10-10 06:30:38.40 [aurora.application.session_check] [CONFIG] Result from aurora.bm.DefaultAccessChecker@3c7c56a9 is true
2018-10-10 06:30:38.40 [uncertain.proc] [CONFIG] [action] AccessCheck
2018-10-10 06:30:38.41 [uncertain.proc] [CONFIG] [action] CheckServiceLock
2018-10-10 06:30:38.41 [uncertain.proc] [CONFIG] [action] ParseParameter
2018-10-10 06:30:38.41 [uncertain.proc] [CONFIG] [action] ValidateInput
2018-10-10 06:30:38.41 [uncertain.proc] [CONFIG] [action] InvokeService
2018-10-10 06:30:38.41 [aurora.database] [CONFIG] ===================================== prepare to run model-query fnd.fnd_company_levels==============================
2018-10-10 06:30:38.45 [uncertain.proc] [CONFIG] [action] DecideSqlGenerationMode
2018-10-10 06:30:38.45 [uncertain.proc] [FINE] aurora.database.service.BusinessModelService.onDecideSqlGenerationMode
2018-10-10 06:30:38.45 [uncertain.proc] [CONFIG] [action] CreatequeryStatement
2018-10-10 06:30:38.45 [uncertain.proc] [FINE] aurora.bm.QuerySqlCreator.onCreateQueryStatement
2018-10-10 06:30:38.45 [uncertain.proc] [CONFIG] [action] PopulatequeryStatement
2018-10-10 06:30:38.45 [uncertain.proc] [FINE] aurora.database.features.OrderByClauseCreator.onPopulateQueryStatement
2018-10-10 06:30:38.45 [uncertain.proc] [FINE] aurora.database.features.WhereClauseCreator.onPopulateQueryStatement
2018-10-10 06:30:38.45 [uncertain.proc] [CONFIG] [action] CreatequerySql
2018-10-10 06:30:38.45 [uncertain.proc] [FINE] aurora.bm.QuerySqlCreator.onCreateQuerySql
2018-10-10 06:30:38.45 [uncertain.proc] [CONFIG] [action] ExecuteQuery
2018-10-10 06:30:38.45 [uncertain.proc] [FINE] aurora.bm.QuerySqlCreator.onExecuteQuery
2018-10-10 06:30:38.46 [uncertain.proc] [CONFIG] [action] QueryFinish
2018-10-10 06:30:38.46 [uncertain.proc] [FINE] aurora.database.features.AutoQueryCounter.onQueryFinish
2018-10-10 06:30:38.49 [uncertain.proc] [CONFIG] [action] FetchResultSet
2018-10-10 06:30:38.49 [uncertain.proc] [FINE] aurora.database.features.CacheBasedLookUpField.postFetchResultSet
2018-10-10 06:30:38.49 [aurora.database] [CONFIG] 
============= BEGIN [query] SQL Statement execution dump ============
SELECT fc.company_level_id,fc.company_level_code,fc.description_id,(select DESCRIPTION_TEXT from fnd_descriptions where DESCRIPTION_ID=fc.description_id and Language=?) AS description,fc.enabled_flag,(select fc.company_level_code || '-' || fd.description_text from fnd_descriptions fd where fd.description_id = fc.description_id and fd.language=?) AS description_display
FROM fnd_company_levels fc

ORDER BY company_level_code
---------------------Binding info---------------------
No.1	Access path:/session/@lang	Data type of passed value :java.lang.String	Value:ZHS	Output:false	Database Type:null	
No.2	Access path:/session/@lang	Data type of passed value :java.lang.String	Value:ZHS	Output:false	Database Type:null	

=============== END [query] SQL Statement execution dump ============

2018-10-10 06:30:38.49 [uncertain.proc] [CONFIG] [action] CreateSuccessResponse
