2018-09-30 07:08:23.994 [aurora.application.session_check] [CONFIG] Session data copied to context
2018-09-30 07:08:23.994 [aurora.application.session_check] [CONFIG] Checking BM access fnd.bgt_company_short_name for operation query
2018-09-30 07:08:23.999 [aurora.application.session_check] [CONFIG] Result from aurora.bm.DefaultAccessChecker@7ec81ad0 is true
2018-09-30 07:08:23.999 [uncertain.proc] [CONFIG] [action] AccessCheck
2018-09-30 07:08:24.2 [uncertain.proc] [CONFIG] [action] CheckServiceLock
2018-09-30 07:08:24.2 [uncertain.proc] [CONFIG] [action] ParseParameter
2018-09-30 07:08:24.2 [uncertain.proc] [CONFIG] [action] ValidateInput
2018-09-30 07:08:24.2 [uncertain.proc] [CONFIG] [action] InvokeService
2018-09-30 07:08:24.2 [aurora.database] [CONFIG] ===================================== prepare to run model-query fnd.bgt_company_short_name==============================
2018-09-30 07:08:24.13 [uncertain.proc] [CONFIG] [action] DecideSqlGenerationMode
2018-09-30 07:08:24.14 [uncertain.proc] [FINE] aurora.database.service.BusinessModelService.onDecideSqlGenerationMode
2018-09-30 07:08:24.14 [uncertain.proc] [CONFIG] [action] CreatequeryStatement
2018-09-30 07:08:24.14 [uncertain.proc] [FINE] aurora.bm.QuerySqlCreator.onCreateQueryStatement
2018-09-30 07:08:24.14 [uncertain.proc] [CONFIG] [action] PopulatequeryStatement
2018-09-30 07:08:24.14 [uncertain.proc] [FINE] aurora.database.features.OrderByClauseCreator.onPopulateQueryStatement
2018-09-30 07:08:24.14 [uncertain.proc] [FINE] aurora.database.features.WhereClauseCreator.onPopulateQueryStatement
2018-09-30 07:08:24.14 [uncertain.proc] [CONFIG] [action] CreatequerySql
2018-09-30 07:08:24.14 [uncertain.proc] [FINE] aurora.bm.QuerySqlCreator.onCreateQuerySql
2018-09-30 07:08:24.14 [uncertain.proc] [CONFIG] [action] ExecuteQuery
2018-09-30 07:08:24.14 [uncertain.proc] [FINE] aurora.bm.QuerySqlCreator.onExecuteQuery
2018-09-30 07:08:24.23 [uncertain.proc] [CONFIG] [action] QueryFinish
2018-09-30 07:08:24.23 [uncertain.proc] [FINE] aurora.database.features.AutoQueryCounter.onQueryFinish
2018-09-30 07:08:24.25 [uncertain.proc] [CONFIG] [action] FetchResultSet
2018-09-30 07:08:24.25 [uncertain.proc] [FINE] aurora.database.features.CacheBasedLookUpField.postFetchResultSet
2018-09-30 07:08:24.25 [aurora.database] [CONFIG] 
============= BEGIN [query] SQL Statement execution dump ============
SELECT t1.company_short_name_id,(select DESCRIPTION_TEXT from fnd_descriptions where DESCRIPTION_ID=t1.company_short_name_id and Language=?) AS company_short_name
FROM fnd_companies t1
WHERE  t1.company_id= ?
ORDER BY company_code
---------------------Binding info---------------------
No.1	Access path:/session/@lang	Data type of passed value :java.lang.String	Value:ZHS	Output:false	Database Type:null	
No.2	Access path:/session/@company_id	Data type of passed value :java.lang.Integer	Value:2537	Output:false	Database Type:null	

=============== END [query] SQL Statement execution dump ============

2018-09-30 07:08:24.25 [uncertain.proc] [CONFIG] [action] CreateSuccessResponse
