2018-10-12 09:49:17.343 [aurora.application.session_check] [CONFIG] Session data copied to context
2018-10-12 09:49:17.343 [aurora.application.session_check] [CONFIG] Checking BM access fnd.FND2220.fnd_dimension_values_sys for operation query
2018-10-12 09:49:17.344 [aurora.application.session_check] [CONFIG] Result from aurora.bm.DefaultAccessChecker@2cd64b4a is true
2018-10-12 09:49:17.345 [uncertain.proc] [CONFIG] [action] AccessCheck
2018-10-12 09:49:17.346 [uncertain.proc] [CONFIG] [action] CheckServiceLock
2018-10-12 09:49:17.346 [uncertain.proc] [CONFIG] [action] ParseParameter
2018-10-12 09:49:17.346 [uncertain.proc] [CONFIG] [action] ValidateInput
2018-10-12 09:49:17.346 [uncertain.proc] [CONFIG] [action] InvokeService
2018-10-12 09:49:17.346 [aurora.database] [CONFIG] ===================================== prepare to run model-query fnd.FND2220.fnd_dimension_values_sys==============================
2018-10-12 09:49:17.352 [uncertain.proc] [CONFIG] [action] DecideSqlGenerationMode
2018-10-12 09:49:17.352 [uncertain.proc] [FINE] aurora.database.service.BusinessModelService.onDecideSqlGenerationMode
2018-10-12 09:49:17.352 [uncertain.proc] [CONFIG] [action] CreateOperationSql
2018-10-12 09:49:17.352 [uncertain.proc] [CONFIG] [action] PopulateOperationSql
2018-10-12 09:49:17.352 [uncertain.proc] [FINE] aurora.database.features.OrderByClauseCreator.onPopulateOperationSql
2018-10-12 09:49:17.352 [uncertain.proc] [FINE] aurora.database.features.WhereClauseCreator.onPopulateOperationSql
2018-10-12 09:49:17.352 [uncertain.proc] [CONFIG] [action] ExecuteQuery
2018-10-12 09:49:17.352 [uncertain.proc] [FINE] aurora.bm.QuerySqlCreator.onExecuteQuery
2018-10-12 09:49:17.360 [uncertain.proc] [CONFIG] [action] QueryFinish
2018-10-12 09:49:17.360 [uncertain.proc] [FINE] aurora.database.features.AutoQueryCounter.onQueryFinish
2018-10-12 09:49:17.365 [uncertain.proc] [CONFIG] [action] FetchResultSet
2018-10-12 09:49:17.365 [uncertain.proc] [FINE] aurora.database.features.CacheBasedLookUpField.postFetchResultSet
2018-10-12 09:49:17.365 [aurora.database] [CONFIG] 
============= BEGIN [query] SQL Statement execution dump ============

        		select *
				    from (  
				       SELECT FV.DIMENSION_ID,
				              FV.DIMENSION_VALUE_CODE,
				              FV.DESCRIPTION DIMENSION_VALUE_DESCRIPTION,
				              FV.DIMENSION_VALUE_ID,
				              FS.DIMENSION_CODE,
				              FV.SUMMARY_FLAG,
				              FV.ENABLED_FLAG ENABLED_FLAG,
				              FS.DESCRIPTION,
				              FV.PROJECT_TYPE,
               				  FV.PROJECT_STATUS,
               				  fv.new_org_flag,
               				  fv.virtual_flag
				         FROM FND_DIMENSION_VALUES_VL FV, FND_DIMENSIONS_VL FS
				        WHERE FV.dimension_id = FS.dimension_id
				    ) v
			 WHERE v.DIMENSION_CODE = ? ORDER BY V.DIMENSION_VALUE_CODE
        	
---------------------Binding info---------------------
No.1	Access path:@dimension_code	Data type of passed value :java.lang.String	Value:SPECIAL_BUDGET	Output:false	Database Type:null	

=============== END [query] SQL Statement execution dump ============

2018-10-12 09:49:17.365 [uncertain.proc] [CONFIG] [action] CreateSuccessResponse
