2018-10-10 06:31:16.192 [aurora.application.session_check] [CONFIG] Session data copied to context
2018-10-10 06:31:16.192 [aurora.application.session_check] [CONFIG] Checking BM access fnd.fnd_responsibility_centers_lov for operation query
2018-10-10 06:31:16.194 [aurora.application.session_check] [CONFIG] Result from aurora.bm.DefaultAccessChecker@2da569c9 is true
2018-10-10 06:31:16.194 [uncertain.proc] [CONFIG] [action] AccessCheck
2018-10-10 06:31:16.196 [uncertain.proc] [CONFIG] [action] CheckServiceLock
2018-10-10 06:31:16.196 [uncertain.proc] [CONFIG] [action] ParseParameter
2018-10-10 06:31:16.196 [uncertain.proc] [CONFIG] [action] ValidateInput
2018-10-10 06:31:16.196 [uncertain.proc] [CONFIG] [action] InvokeService
2018-10-10 06:31:16.196 [aurora.database] [CONFIG] ===================================== prepare to run model-query fnd.fnd_responsibility_centers_lov==============================
2018-10-10 06:31:16.204 [uncertain.proc] [CONFIG] [action] DecideSqlGenerationMode
2018-10-10 06:31:16.204 [uncertain.proc] [FINE] aurora.database.service.BusinessModelService.onDecideSqlGenerationMode
2018-10-10 06:31:16.204 [uncertain.proc] [CONFIG] [action] CreatequeryStatement
2018-10-10 06:31:16.204 [uncertain.proc] [FINE] aurora.bm.QuerySqlCreator.onCreateQueryStatement
2018-10-10 06:31:16.204 [uncertain.proc] [CONFIG] [action] PopulatequeryStatement
2018-10-10 06:31:16.204 [uncertain.proc] [FINE] aurora.database.features.OrderByClauseCreator.onPopulateQueryStatement
2018-10-10 06:31:16.204 [uncertain.proc] [FINE] aurora.database.features.WhereClauseCreator.onPopulateQueryStatement
2018-10-10 06:31:16.204 [uncertain.proc] [CONFIG] [action] CreatequerySql
2018-10-10 06:31:16.204 [uncertain.proc] [FINE] aurora.bm.QuerySqlCreator.onCreateQuerySql
2018-10-10 06:31:16.204 [uncertain.proc] [CONFIG] [action] ExecuteQuery
2018-10-10 06:31:16.204 [uncertain.proc] [FINE] aurora.bm.QuerySqlCreator.onExecuteQuery
2018-10-10 06:31:16.205 [uncertain.proc] [CONFIG] [action] QueryFinish
2018-10-10 06:31:16.205 [uncertain.proc] [FINE] aurora.database.features.AutoQueryCounter.onQueryFinish
2018-10-10 06:31:16.206 [uncertain.proc] [CONFIG] [action] FetchResultSet
2018-10-10 06:31:16.206 [uncertain.proc] [FINE] aurora.database.features.CacheBasedLookUpField.postFetchResultSet
2018-10-10 06:31:16.206 [aurora.database] [CONFIG] 
============= BEGIN [query] SQL Statement execution dump ============
SELECT rc.company_id,rc.responsibility_center_id,rc.responsibility_center_code,rc.responsibility_center_name_id,(select DESCRIPTION_TEXT from fnd_descriptions where DESCRIPTION_ID=rc.responsibility_center_name_id and Language=?) AS responsibility_center_name,(select rc.responsibility_center_code || '-' || fd.description_text from fnd_descriptions fd where rc.responsibility_center_name_id = fd.description_id             and fd.language = ?) AS center_name_code_display,rc.address_id,rc.resp_center_type_code,rc.summary_flag,rc.start_date_active,rc.end_date_active,(select description_text from fnd_descriptions fd where fd.description_id = rc.responsibility_center_name_id and fd.language = ?) AS res_cen_code_name
FROM fnd_responsibility_centers rc
WHERE ((trunc(sysdate) >= start_date_active and end_date_active is null) or (trunc(sysdate) >= start_date_active and trunc(sysdate) <= end_date_active)) and company_id=nvl(?,?) and summary_flag != 'Y' 
ORDER BY responsibility_center_code
---------------------Binding info---------------------
No.1	Access path:/session/@lang	Data type of passed value :java.lang.String	Value:ZHS	Output:false	Database Type:null	
No.2	Access path:/session/@lang	Data type of passed value :java.lang.String	Value:ZHS	Output:false	Database Type:null	
No.3	Access path:/session/@lang	Data type of passed value :java.lang.String	Value:ZHS	Output:false	Database Type:null	
No.4	Access path:@company_id	Data type of passed value :java.lang.String	Value:835	Output:false	Database Type:null	
No.5	Access path:/session/@company_id	Data type of passed value :java.lang.Integer	Value:835	Output:false	Database Type:null	

=============== END [query] SQL Statement execution dump ============

2018-10-10 06:31:16.206 [uncertain.proc] [CONFIG] [action] CreateSuccessResponse
