2018-10-21 07:48:22.189 [aurora.application.session_check] [CONFIG] Session data copied to context
2018-10-21 07:48:22.189 [aurora.application.session_check] [CONFIG] Checking BM access fnd.FND2220.fnd_dimension_values_sys for operation batch_update
2018-10-21 07:48:22.189 [aurora.application.session_check] [CONFIG] for batch_update, access check will be performed on each record from parameter
2018-10-21 07:48:22.189 [uncertain.proc] [CONFIG] [action] AccessCheck
2018-10-21 07:48:22.192 [uncertain.proc] [CONFIG] [action] CheckServiceLock
2018-10-21 07:48:22.192 [uncertain.proc] [CONFIG] [action] ParseParameter
2018-10-21 07:48:22.192 [uncertain.proc] [CONFIG] [action] ValidateInput
2018-10-21 07:48:22.192 [uncertain.proc] [CONFIG] [action] InvokeService
2018-10-21 07:48:22.194 [aurora.database] [CONFIG] ============ Running model batch update with data from path /parameter, total 1 records
2018-10-21 07:48:22.194 [aurora.database] [CONFIG] execute insert on record No.0 for model fnd.FND2220.fnd_dimension_values_sys
2018-10-21 07:48:22.197 [uncertain.proc] [CONFIG] [action] DecideStatement
2018-10-21 07:48:22.199 [uncertain.proc] [CONFIG] [action] DecideSqlGenerationMode
2018-10-21 07:48:22.199 [uncertain.proc] [FINE] aurora.database.service.BusinessModelService.onDecideSqlGenerationMode
2018-10-21 07:48:22.199 [uncertain.proc] [CONFIG] [action] CreateOperationSql
2018-10-21 07:48:22.199 [uncertain.proc] [CONFIG] [action] PopulateOperationSql
2018-10-21 07:48:22.199 [uncertain.proc] [FINE] aurora.database.features.OrderByClauseCreator.onPopulateOperationSql
2018-10-21 07:48:22.199 [uncertain.proc] [FINE] aurora.database.features.WhereClauseCreator.onPopulateOperationSql
2018-10-21 07:48:22.199 [uncertain.proc] [CONFIG] [action] CreateSqlRunner
2018-10-21 07:48:22.199 [uncertain.proc] [FINE] aurora.database.service.BusinessModelService.onCreateSqlRunner
2018-10-21 07:48:22.199 [uncertain.proc] [CONFIG] [action] ExecuteDmlStatement
2018-10-21 07:48:22.199 [uncertain.proc] [FINE] aurora.database.service.BusinessModelService.onExecuteDmlStatement
2018-10-21 07:48:22.209 [aurora.database] [CONFIG] 
============= BEGIN [Insert] SQL Statement execution dump ============

    			begin
    				fnd_dimension_values_pkg.insert_fnd_dimension_values(p_dimension_code       =>?,
									                                     p_dimension_value_code =>?,
									                                     p_description          =>?,
									                                     p_summary_flag         =>?,
									                                     p_enabled_flag         =>?,
									                                     p_created_by           =>?,
									                                     p_dimension_value_id   =>?,
									                                     p_project_type         =>?,
									                                     p_project_status       =>?,
									                                     p_new_org_flag => ?,
									                                     p_virtual_flag => ?);
    			end;
    		
---------------------Binding info---------------------
No.1	Access path:@dimension_code	Data type of passed value :java.lang.String	Value:SPECIAL_BUDGET	Output:false	Database Type:null	
No.2	Access path:@dimension_value_code	Data type of passed value :java.lang.String	Value:TEST1021_1	Output:false	Database Type:null	
No.3	Access path:@dimension_value_description	Data type of passed value :java.lang.String	Value:测试维值1021_1	Output:false	Database Type:null	
No.4	Access path:@summary_flag	Data type of passed value :java.lang.String	Value:N	Output:false	Database Type:null	
No.5	Access path:@enabled_flag	Data type of passed value :java.lang.String	Value:Y	Output:false	Database Type:null	
No.6	Access path:/session/@user_id	Data type of passed value :java.lang.Long	Value:2252	Output:false	Database Type:null	
No.7	Access path:@dimension_value_id	Data type of passed value :[null]	Value:null	Output:true	Database Type:null	
No.8	Access path:@project_type	Data type of passed value :[null]	Value:null	Output:false	Database Type:null	
No.9	Access path:@project_status	Data type of passed value :[null]	Value:null	Output:false	Database Type:null	
No.10	Access path:@new_org_flag	Data type of passed value :java.lang.String	Value:N	Output:false	Database Type:null	
No.11	Access path:@virtual_flag	Data type of passed value :java.lang.String	Value:N	Output:false	Database Type:null	

=============== END [Insert] SQL Statement execution dump ============

2018-10-21 07:48:22.209 [aurora.database] [CONFIG] ============ End of batch update for /parameter
2018-10-21 07:48:22.209 [uncertain.proc] [CONFIG] [action] CreateSuccessResponse
