2018-09-30 02:25:49.761 [aurora.application.session_check] [CONFIG] Session data copied to context
2018-09-30 02:25:49.761 [aurora.application.session_check] [CONFIG] Checking BM access fnd.FND2230.fnd_dimensions_syscomlevel for operation query
2018-09-30 02:25:49.762 [aurora.application.session_check] [CONFIG] Result from aurora.bm.DefaultAccessChecker@6b22ccc7 is true
2018-09-30 02:25:49.762 [uncertain.proc] [CONFIG] [action] AccessCheck
2018-09-30 02:25:49.764 [uncertain.proc] [CONFIG] [action] CheckServiceLock
2018-09-30 02:25:49.764 [uncertain.proc] [CONFIG] [action] ParseParameter
2018-09-30 02:25:49.764 [uncertain.proc] [CONFIG] [action] ValidateInput
2018-09-30 02:25:49.764 [uncertain.proc] [CONFIG] [action] InvokeService
2018-09-30 02:25:49.764 [aurora.database] [CONFIG] ===================================== prepare to run model-query fnd.FND2230.fnd_dimensions_syscomlevel==============================
2018-09-30 02:25:49.768 [uncertain.proc] [CONFIG] [action] DecideSqlGenerationMode
2018-09-30 02:25:49.768 [uncertain.proc] [FINE] aurora.database.service.BusinessModelService.onDecideSqlGenerationMode
2018-09-30 02:25:49.768 [uncertain.proc] [CONFIG] [action] CreateOperationSql
2018-09-30 02:25:49.768 [uncertain.proc] [CONFIG] [action] PopulateOperationSql
2018-09-30 02:25:49.768 [uncertain.proc] [FINE] aurora.database.features.OrderByClauseCreator.onPopulateOperationSql
2018-09-30 02:25:49.768 [uncertain.proc] [FINE] aurora.database.features.WhereClauseCreator.onPopulateOperationSql
2018-09-30 02:25:49.768 [uncertain.proc] [CONFIG] [action] ExecuteQuery
2018-09-30 02:25:49.768 [uncertain.proc] [FINE] aurora.bm.QuerySqlCreator.onExecuteQuery
2018-09-30 02:25:49.769 [uncertain.proc] [CONFIG] [action] QueryFinish
2018-09-30 02:25:49.769 [uncertain.proc] [FINE] aurora.database.features.AutoQueryCounter.onQueryFinish
2018-09-30 02:25:49.769 [uncertain.proc] [CONFIG] [action] FetchResultSet
2018-09-30 02:25:49.769 [uncertain.proc] [FINE] aurora.database.features.CacheBasedLookUpField.postFetchResultSet
2018-09-30 02:25:49.769 [aurora.database] [CONFIG] 
============= BEGIN [query] SQL Statement execution dump ============

            select f.SYSTEM_LEVEL,f.COMPANY_LEVEL from FND_DIMENSIONS f where f.DIMENSION_ID = ?
            
---------------------Binding info---------------------
No.1	Access path:@dimension_id	Data type of passed value :java.lang.Integer	Value:21	Output:false	Database Type:null	

=============== END [query] SQL Statement execution dump ============

2018-09-30 02:25:49.769 [uncertain.proc] [CONFIG] [action] CreateSuccessResponse
