2018-10-12 09:46:40.723 [aurora.application.session_check] [CONFIG] Session data copied to context
2018-10-12 09:46:40.723 [aurora.application.session_check] [CONFIG] Checking BM access fnd.FND2230.fnd_dimension_values_company for operation query
2018-10-12 09:46:40.724 [aurora.application.session_check] [CONFIG] Result from aurora.bm.DefaultAccessChecker@6f4812f0 is true
2018-10-12 09:46:40.724 [uncertain.proc] [CONFIG] [action] AccessCheck
2018-10-12 09:46:40.726 [uncertain.proc] [CONFIG] [action] CheckServiceLock
2018-10-12 09:46:40.726 [uncertain.proc] [CONFIG] [action] ParseParameter
2018-10-12 09:46:40.726 [uncertain.proc] [CONFIG] [action] ValidateInput
2018-10-12 09:46:40.726 [uncertain.proc] [CONFIG] [action] InvokeService
2018-10-12 09:46:40.726 [aurora.database] [CONFIG] ===================================== prepare to run model-query fnd.FND2230.fnd_dimension_values_company==============================
2018-10-12 09:46:40.733 [uncertain.proc] [CONFIG] [action] DecideSqlGenerationMode
2018-10-12 09:46:40.733 [uncertain.proc] [FINE] aurora.database.service.BusinessModelService.onDecideSqlGenerationMode
2018-10-12 09:46:40.733 [uncertain.proc] [CONFIG] [action] CreateOperationSql
2018-10-12 09:46:40.733 [uncertain.proc] [CONFIG] [action] PopulateOperationSql
2018-10-12 09:46:40.733 [uncertain.proc] [FINE] aurora.database.features.OrderByClauseCreator.onPopulateOperationSql
2018-10-12 09:46:40.734 [uncertain.proc] [FINE] aurora.database.features.WhereClauseCreator.onPopulateOperationSql
2018-10-12 09:46:40.734 [uncertain.proc] [CONFIG] [action] ExecuteQuery
2018-10-12 09:46:40.734 [uncertain.proc] [FINE] aurora.bm.QuerySqlCreator.onExecuteQuery
2018-10-12 09:46:40.767 [uncertain.proc] [CONFIG] [action] QueryFinish
2018-10-12 09:46:40.767 [uncertain.proc] [FINE] aurora.database.features.AutoQueryCounter.onQueryFinish
2018-10-12 09:46:40.776 [uncertain.proc] [CONFIG] [action] FetchResultSet
2018-10-12 09:46:40.777 [uncertain.proc] [FINE] aurora.database.features.CacheBasedLookUpField.postFetchResultSet
2018-10-12 09:46:40.777 [aurora.database] [CONFIG] 
============= BEGIN [query] SQL Statement execution dump ============

        		select *
				    from (  
				             
				             
				       SELECT FV.DIMENSION_ID,
				              FV.DIMENSION_VALUE_CODE,
				              FV.DESCRIPTION DIMENSION_VALUE_DESCRIPTION,
				              FV.DIMENSION_VALUE_ID,
				              FS.DIMENSION_CODE,
				              FV.SUMMARY_FLAG,
				              fcdv.ENABLED_FLAG ENABLED_FLAG,
				              FS.DESCRIPTION
				         FROM FND_DIMENSION_VALUES_VL FV, FND_DIMENSIONS_VL FS,fnd_company_dimension_values  fcdv
				        WHERE FV.dimension_id = FS.dimension_id
				        and   fcdv.company_id=?
				        and  fcdv.dimension_value_id=fv.dimension_value_id 
				           
				    ) v
			
				 WHERE v.DIMENSION_CODE = ?ORDER BY V.DIMENSION_VALUE_CODE
        	
---------------------Binding info---------------------
No.1	Access path:/session/@company_id	Data type of passed value :java.lang.String	Value:835	Output:false	Database Type:null	
No.2	Access path:@dimension_code	Data type of passed value :java.lang.String	Value:SPECIAL_BUDGET	Output:false	Database Type:null	

=============== END [query] SQL Statement execution dump ============

2018-10-12 09:46:40.777 [uncertain.proc] [CONFIG] [action] CreateSuccessResponse
