2018-10-22 09:09:03.798 [aurora.application.session_check] [CONFIG] Session data copied to context
2018-10-22 09:09:03.798 [aurora.application.session_check] [CONFIG] Checking BM access fnd.FND2020.fnd_company_position_cmb for operation query
2018-10-22 09:09:03.802 [aurora.application.session_check] [CONFIG] Result from aurora.bm.DefaultAccessChecker@4f5ec296 is true
2018-10-22 09:09:03.802 [uncertain.proc] [CONFIG] [action] AccessCheck
2018-10-22 09:09:03.803 [uncertain.proc] [CONFIG] [action] CheckServiceLock
2018-10-22 09:09:03.804 [uncertain.proc] [CONFIG] [action] ParseParameter
2018-10-22 09:09:03.804 [uncertain.proc] [CONFIG] [action] ValidateInput
2018-10-22 09:09:03.804 [uncertain.proc] [CONFIG] [action] InvokeService
2018-10-22 09:09:03.804 [aurora.database] [CONFIG] ===================================== prepare to run model-query fnd.FND2020.fnd_company_position_cmb==============================
2018-10-22 09:09:03.822 [uncertain.proc] [CONFIG] [action] DecideSqlGenerationMode
2018-10-22 09:09:03.822 [uncertain.proc] [FINE] aurora.database.service.BusinessModelService.onDecideSqlGenerationMode
2018-10-22 09:09:03.822 [uncertain.proc] [CONFIG] [action] CreatequeryStatement
2018-10-22 09:09:03.822 [uncertain.proc] [FINE] aurora.bm.QuerySqlCreator.onCreateQueryStatement
2018-10-22 09:09:03.824 [uncertain.proc] [CONFIG] [action] PopulatequeryStatement
2018-10-22 09:09:03.824 [uncertain.proc] [FINE] aurora.database.features.OrderByClauseCreator.onPopulateQueryStatement
2018-10-22 09:09:03.824 [uncertain.proc] [FINE] aurora.database.features.WhereClauseCreator.onPopulateQueryStatement
2018-10-22 09:09:03.824 [uncertain.proc] [CONFIG] [action] CreatequerySql
2018-10-22 09:09:03.824 [uncertain.proc] [FINE] aurora.bm.QuerySqlCreator.onCreateQuerySql
2018-10-22 09:09:03.824 [uncertain.proc] [CONFIG] [action] ExecuteQuery
2018-10-22 09:09:03.824 [uncertain.proc] [FINE] aurora.bm.QuerySqlCreator.onExecuteQuery
2018-10-22 09:09:04.16 [uncertain.proc] [CONFIG] [action] QueryFinish
2018-10-22 09:09:04.16 [uncertain.proc] [FINE] aurora.database.features.AutoQueryCounter.onQueryFinish
2018-10-22 09:09:04.19 [uncertain.proc] [CONFIG] [action] FetchResultSet
2018-10-22 09:09:04.19 [uncertain.proc] [FINE] aurora.database.features.CacheBasedLookUpField.postFetchResultSet
2018-10-22 09:09:04.20 [aurora.database] [CONFIG] 
============= BEGIN [query] SQL Statement execution dump ============
SELECT op.position_id,op.position_code,(select fd.description_text from fnd_descriptions fd where op.description_id = fd.description_id and fd.language = ?) AS position_name,(select op.position_code || '-' || fd.description_text from fnd_descriptions fd where op.description_id = fd.description_id and fd.language = ?) AS position_name_display,op.company_id,cpy.chief_position_id
FROM exp_org_position op
	INNER JOIN fnd_companies cpy ON op.company_id = cpy.company_id
WHERE  op.enabled_flag = 'Y' 
ORDER BY position_code
---------------------Binding info---------------------
No.1	Access path:/session/@lang	Data type of passed value :java.lang.String	Value:ZHS	Output:false	Database Type:null	
No.2	Access path:/session/@lang	Data type of passed value :java.lang.String	Value:ZHS	Output:false	Database Type:null	

=============== END [query] SQL Statement execution dump ============

2018-10-22 09:09:04.20 [uncertain.proc] [CONFIG] [action] CreateSuccessResponse
