2018-09-30 02:26:27.141 [aurora.application.session_check] [CONFIG] Session data copied to context
2018-09-30 02:26:27.141 [aurora.application.session_check] [CONFIG] Checking BM access fnd.fnd_dimension_value_company_query_without_sob for operation query
2018-09-30 02:26:27.142 [aurora.application.session_check] [CONFIG] Result from aurora.bm.DefaultAccessChecker$ConstantChecker@55b2eaa5 is true
2018-09-30 02:26:27.142 [uncertain.proc] [CONFIG] [action] AccessCheck
2018-09-30 02:26:27.143 [uncertain.proc] [CONFIG] [action] CheckServiceLock
2018-09-30 02:26:27.143 [uncertain.proc] [CONFIG] [action] ParseParameter
2018-09-30 02:26:27.143 [uncertain.proc] [CONFIG] [action] ValidateInput
2018-09-30 02:26:27.143 [uncertain.proc] [CONFIG] [action] InvokeService
2018-09-30 02:26:27.143 [aurora.database] [CONFIG] ===================================== prepare to run model-query fnd.fnd_dimension_value_company_query_without_sob==============================
2018-09-30 02:26:27.146 [uncertain.proc] [CONFIG] [action] DecideSqlGenerationMode
2018-09-30 02:26:27.146 [uncertain.proc] [FINE] aurora.database.service.BusinessModelService.onDecideSqlGenerationMode
2018-09-30 02:26:27.146 [uncertain.proc] [CONFIG] [action] CreateOperationSql
2018-09-30 02:26:27.146 [uncertain.proc] [CONFIG] [action] PopulateOperationSql
2018-09-30 02:26:27.146 [uncertain.proc] [FINE] aurora.database.features.OrderByClauseCreator.onPopulateOperationSql
2018-09-30 02:26:27.146 [uncertain.proc] [FINE] aurora.database.features.WhereClauseCreator.onPopulateOperationSql
2018-09-30 02:26:27.146 [uncertain.proc] [CONFIG] [action] ExecuteQuery
2018-09-30 02:26:27.146 [uncertain.proc] [FINE] aurora.bm.QuerySqlCreator.onExecuteQuery
2018-09-30 02:26:27.152 [uncertain.proc] [CONFIG] [action] QueryFinish
2018-09-30 02:26:27.152 [uncertain.proc] [FINE] aurora.database.features.AutoQueryCounter.onQueryFinish
2018-09-30 02:26:27.168 [uncertain.proc] [CONFIG] [action] FetchResultSet
2018-09-30 02:26:27.168 [uncertain.proc] [FINE] aurora.database.features.CacheBasedLookUpField.postFetchResultSet
2018-09-30 02:26:27.168 [aurora.database] [CONFIG] 
============= BEGIN [query] SQL Statement execution dump ============

                SELECT
                    *
                FROM
                    (SELECT
                        fc.COMPANY_ID,
                        fc.COMPANY_CODE,
                        fc.COMPANY_SHORT_NAME,
                        sob.SET_OF_BOOKS_NAME,
                        sob.SET_OF_BOOKS_CODE,
                        sob.SET_OF_BOOKS_CODE
                        ||'-'
                        ||sob.SET_OF_BOOKS_NAME CODE_NAME,
                        sob.SET_OF_BOOKS_ID
                    FROM
                        fnd_companies_vl fc,
                        gld_set_of_books_vl sob
                    WHERE
                        (
                            fc.end_date_active IS NULL OR
                            sysdate BETWEEN fc.start_date_active AND fc.end_date_active
                        )
                        AND
                        fc.SET_OF_BOOKS_ID = sob.SET_OF_BOOKS_ID AND
                        sob.ENABLED_FLAG   = 'Y'
                    ) v 
                ORDER BY
                    COMPANY_CODE
            
---------------------Binding info---------------------
null
=============== END [query] SQL Statement execution dump ============

2018-09-30 02:26:27.168 [uncertain.proc] [CONFIG] [action] CreateSuccessResponse
