2018-10-16 06:07:58.859 [aurora.application.session_check] [CONFIG] Session data copied to context
2018-10-16 06:07:58.859 [aurora.application.session_check] [CONFIG] Checking BM access fnd.fnd_company_all_lov for operation query
2018-10-16 06:07:58.866 [aurora.application.session_check] [CONFIG] Result from aurora.bm.DefaultAccessChecker@551056c9 is true
2018-10-16 06:07:58.866 [uncertain.proc] [CONFIG] [action] AccessCheck
2018-10-16 06:07:58.869 [uncertain.proc] [CONFIG] [action] CheckServiceLock
2018-10-16 06:07:58.869 [uncertain.proc] [CONFIG] [action] ParseParameter
2018-10-16 06:07:58.869 [uncertain.proc] [CONFIG] [action] ValidateInput
2018-10-16 06:07:58.869 [uncertain.proc] [CONFIG] [action] InvokeService
2018-10-16 06:07:58.869 [aurora.database] [CONFIG] ===================================== prepare to run model-query fnd.fnd_company_all_lov==============================
2018-10-16 06:07:58.877 [uncertain.proc] [CONFIG] [action] DecideSqlGenerationMode
2018-10-16 06:07:58.878 [uncertain.proc] [FINE] aurora.database.service.BusinessModelService.onDecideSqlGenerationMode
2018-10-16 06:07:58.878 [uncertain.proc] [CONFIG] [action] CreatequeryStatement
2018-10-16 06:07:58.878 [uncertain.proc] [FINE] aurora.bm.QuerySqlCreator.onCreateQueryStatement
2018-10-16 06:07:58.878 [uncertain.proc] [CONFIG] [action] PopulatequeryStatement
2018-10-16 06:07:58.878 [uncertain.proc] [FINE] aurora.database.features.OrderByClauseCreator.onPopulateQueryStatement
2018-10-16 06:07:58.878 [uncertain.proc] [FINE] aurora.database.features.WhereClauseCreator.onPopulateQueryStatement
2018-10-16 06:07:58.878 [uncertain.proc] [CONFIG] [action] CreatequerySql
2018-10-16 06:07:58.878 [uncertain.proc] [FINE] aurora.bm.QuerySqlCreator.onCreateQuerySql
2018-10-16 06:07:58.878 [uncertain.proc] [CONFIG] [action] ExecuteQuery
2018-10-16 06:07:58.878 [uncertain.proc] [FINE] aurora.bm.QuerySqlCreator.onExecuteQuery
2018-10-16 06:07:58.882 [uncertain.proc] [CONFIG] [action] QueryFinish
2018-10-16 06:07:58.882 [uncertain.proc] [FINE] aurora.database.features.AutoQueryCounter.onQueryFinish
2018-10-16 06:07:58.883 [uncertain.proc] [CONFIG] [action] FetchResultSet
2018-10-16 06:07:58.883 [uncertain.proc] [FINE] aurora.database.features.CacheBasedLookUpField.postFetchResultSet
2018-10-16 06:07:58.883 [aurora.database] [CONFIG] 
============= BEGIN [query] SQL Statement execution dump ============
SELECT cpy.company_id,cpy.company_code,cpy.company_short_name_id,(select DESCRIPTION_TEXT from fnd_descriptions where DESCRIPTION_ID=cpy.company_short_name_id and Language=?) AS company_short_name
FROM fnd_companies cpy
WHERE (cpy.end_date_active is null or sysdate between cpy.start_date_active and cpy.end_date_active)                          and (cpy.set_of_books_id = nvl(?,cpy.set_of_books_id))
ORDER BY cpy.company_code
---------------------Binding info---------------------
No.1	Access path:/session/@lang	Data type of passed value :java.lang.String	Value:ZHS	Output:false	Database Type:null	
No.2	Access path:/parameter/@set_of_books_id	Data type of passed value :[null]	Value:null	Output:false	Database Type:null	

=============== END [query] SQL Statement execution dump ============

2018-10-16 06:07:58.883 [uncertain.proc] [CONFIG] [action] CreateSuccessResponse
