2018-10-10 02:00:36.248 [aurora.application.session_check] [CONFIG] Session data copied to context
2018-10-10 02:00:36.248 [aurora.application.session_check] [CONFIG] Checking BM access fnd.fnd_payment_method_lov for operation query
2018-10-10 02:00:36.249 [aurora.application.session_check] [CONFIG] Result from aurora.bm.DefaultAccessChecker@46092224 is true
2018-10-10 02:00:36.249 [uncertain.proc] [CONFIG] [action] AccessCheck
2018-10-10 02:00:36.251 [uncertain.proc] [CONFIG] [action] CheckServiceLock
2018-10-10 02:00:36.251 [uncertain.proc] [CONFIG] [action] ParseParameter
2018-10-10 02:00:36.251 [uncertain.proc] [CONFIG] [action] ValidateInput
2018-10-10 02:00:36.251 [uncertain.proc] [CONFIG] [action] InvokeService
2018-10-10 02:00:36.251 [aurora.database] [CONFIG] ===================================== prepare to run model-query fnd.fnd_payment_method_lov==============================
2018-10-10 02:00:36.256 [uncertain.proc] [CONFIG] [action] DecideSqlGenerationMode
2018-10-10 02:00:36.256 [uncertain.proc] [FINE] aurora.database.service.BusinessModelService.onDecideSqlGenerationMode
2018-10-10 02:00:36.256 [uncertain.proc] [CONFIG] [action] CreateOperationSql
2018-10-10 02:00:36.256 [uncertain.proc] [CONFIG] [action] PopulateOperationSql
2018-10-10 02:00:36.256 [uncertain.proc] [FINE] aurora.database.features.OrderByClauseCreator.onPopulateOperationSql
2018-10-10 02:00:36.256 [uncertain.proc] [FINE] aurora.database.features.WhereClauseCreator.onPopulateOperationSql
2018-10-10 02:00:36.256 [uncertain.proc] [CONFIG] [action] ExecuteQuery
2018-10-10 02:00:36.256 [uncertain.proc] [FINE] aurora.bm.QuerySqlCreator.onExecuteQuery
2018-10-10 02:00:36.289 [uncertain.proc] [CONFIG] [action] QueryFinish
2018-10-10 02:00:36.289 [uncertain.proc] [FINE] aurora.database.features.AutoQueryCounter.onQueryFinish
2018-10-10 02:00:36.305 [uncertain.proc] [CONFIG] [action] FetchResultSet
2018-10-10 02:00:36.306 [uncertain.proc] [FINE] aurora.database.features.CacheBasedLookUpField.postFetchResultSet
2018-10-10 02:00:36.306 [aurora.database] [CONFIG] 
============= BEGIN [query] SQL Statement execution dump ============
			select * from 
			( SELECT V.PAYMENT_METHOD_ID,
					V.PAYMENT_METHOD_CODE,
					V.DESCRIPTION
			   FROM CSH_PAYMENT_METHODS_VL V
			  WHERE V.ENABLED_FLAG = 'Y'
				 ORDER BY V.PAYMENT_METHOD_CODE
				) V
				 
---------------------Binding info---------------------
null
=============== END [query] SQL Statement execution dump ============

2018-10-10 02:00:36.306 [uncertain.proc] [CONFIG] [action] CreateSuccessResponse
