2018-10-22 08:57:22.440 [aurora.application.session_check] [CONFIG] Session data copied to context
2018-10-22 08:57:22.494 [aurora.application.session_check] [CONFIG] Checking BM access fnd.FND2220.exp_org_unit for operation query
2018-10-22 08:57:22.495 [aurora.application.session_check] [CONFIG] Result from aurora.bm.DefaultAccessChecker@5a34b54a is true
2018-10-22 08:57:22.495 [uncertain.proc] [CONFIG] [action] AccessCheck
2018-10-22 08:57:22.497 [uncertain.proc] [CONFIG] [action] CheckServiceLock
2018-10-22 08:57:22.497 [uncertain.proc] [CONFIG] [action] ParseParameter
2018-10-22 08:57:22.497 [uncertain.proc] [CONFIG] [action] ValidateInput
2018-10-22 08:57:22.497 [uncertain.proc] [CONFIG] [action] InvokeService
2018-10-22 08:57:22.497 [aurora.database] [CONFIG] ===================================== prepare to run model-query fnd.FND2220.exp_org_unit==============================
2018-10-22 08:57:22.503 [uncertain.proc] [CONFIG] [action] DecideSqlGenerationMode
2018-10-22 08:57:22.503 [uncertain.proc] [FINE] aurora.database.service.BusinessModelService.onDecideSqlGenerationMode
2018-10-22 08:57:22.503 [uncertain.proc] [CONFIG] [action] CreateOperationSql
2018-10-22 08:57:22.503 [uncertain.proc] [CONFIG] [action] PopulateOperationSql
2018-10-22 08:57:22.503 [uncertain.proc] [FINE] aurora.database.features.OrderByClauseCreator.onPopulateOperationSql
2018-10-22 08:57:22.503 [uncertain.proc] [FINE] aurora.database.features.WhereClauseCreator.onPopulateOperationSql
2018-10-22 08:57:22.503 [uncertain.proc] [CONFIG] [action] ExecuteQuery
2018-10-22 08:57:22.503 [uncertain.proc] [FINE] aurora.bm.QuerySqlCreator.onExecuteQuery
2018-10-22 08:57:22.607 [uncertain.proc] [CONFIG] [action] QueryFinish
2018-10-22 08:57:22.607 [uncertain.proc] [FINE] aurora.database.features.AutoQueryCounter.onQueryFinish
2018-10-22 08:57:22.634 [uncertain.proc] [CONFIG] [action] FetchResultSet
2018-10-22 08:57:22.634 [uncertain.proc] [FINE] aurora.database.features.CacheBasedLookUpField.postFetchResultSet
2018-10-22 08:57:22.634 [aurora.database] [CONFIG] 
============= BEGIN [query] SQL Statement execution dump ============

                SELECT
                    *
                FROM
                    (SELECT
                        v.unit_id,
                        v.unit_code,
                        v.description unit_name,
                        v.company_id,
                        f.company_code,
                        f.company_short_name
                    FROM
                        exp_org_unit_vl v,
                        fnd_companies_vl f
                    WHERE
                        f.company_id = v.company_id
                    ) v  WHERE company_id in(select regexp_substr(?, '[^,]+', 1,level,'i') from dual connect by level <= length(?) - length(replace(?, ',', '')) + 1)
                ORDER BY
                    company_code,
                    unit_code
            
---------------------Binding info---------------------
No.1	Access path:@company_id	Data type of passed value :java.lang.String	Value:2348,2349,2350,2351,2359,2360,2361,2362,2363,2364,2366	Output:false	Database Type:null	
No.2	Access path:@company_id	Data type of passed value :java.lang.String	Value:2348,2349,2350,2351,2359,2360,2361,2362,2363,2364,2366	Output:false	Database Type:null	
No.3	Access path:@company_id	Data type of passed value :java.lang.String	Value:2348,2349,2350,2351,2359,2360,2361,2362,2363,2364,2366	Output:false	Database Type:null	

=============== END [query] SQL Statement execution dump ============

2018-10-22 08:57:22.635 [uncertain.proc] [CONFIG] [action] CreateSuccessResponse
