2018-10-10 02:02:22.571 [aurora.application.session_check] [CONFIG] Session data copied to context
2018-10-10 02:02:22.571 [aurora.application.session_check] [CONFIG] Checking BM access fnd.fnd_dimension_value_company_batch_query for operation query
2018-10-10 02:02:22.572 [aurora.application.session_check] [CONFIG] Result from aurora.bm.DefaultAccessChecker@13c46b7 is true
2018-10-10 02:02:22.572 [uncertain.proc] [CONFIG] [action] AccessCheck
2018-10-10 02:02:22.573 [uncertain.proc] [CONFIG] [action] CheckServiceLock
2018-10-10 02:02:22.573 [uncertain.proc] [CONFIG] [action] ParseParameter
2018-10-10 02:02:22.573 [uncertain.proc] [CONFIG] [action] ValidateInput
2018-10-10 02:02:22.573 [uncertain.proc] [CONFIG] [action] InvokeService
2018-10-10 02:02:22.573 [aurora.database] [CONFIG] ===================================== prepare to run model-query fnd.fnd_dimension_value_company_batch_query==============================
2018-10-10 02:02:22.577 [uncertain.proc] [CONFIG] [action] DecideSqlGenerationMode
2018-10-10 02:02:22.577 [uncertain.proc] [FINE] aurora.database.service.BusinessModelService.onDecideSqlGenerationMode
2018-10-10 02:02:22.577 [uncertain.proc] [CONFIG] [action] CreateOperationSql
2018-10-10 02:02:22.577 [uncertain.proc] [CONFIG] [action] PopulateOperationSql
2018-10-10 02:02:22.577 [uncertain.proc] [FINE] aurora.database.features.OrderByClauseCreator.onPopulateOperationSql
2018-10-10 02:02:22.577 [uncertain.proc] [FINE] aurora.database.features.WhereClauseCreator.onPopulateOperationSql
2018-10-10 02:02:22.577 [uncertain.proc] [CONFIG] [action] ExecuteQuery
2018-10-10 02:02:22.577 [uncertain.proc] [FINE] aurora.bm.QuerySqlCreator.onExecuteQuery
2018-10-10 02:02:22.583 [uncertain.proc] [CONFIG] [action] QueryFinish
2018-10-10 02:02:22.583 [uncertain.proc] [FINE] aurora.database.features.AutoQueryCounter.onQueryFinish
2018-10-10 02:02:22.600 [uncertain.proc] [CONFIG] [action] FetchResultSet
2018-10-10 02:02:22.600 [uncertain.proc] [FINE] aurora.database.features.CacheBasedLookUpField.postFetchResultSet
2018-10-10 02:02:22.600 [aurora.database] [CONFIG] 
============= BEGIN [query] SQL Statement execution dump ============
select *
    from (               
        select fc.COMPANY_ID,
          fc.COMPANY_CODE,
          fc.COMPANY_SHORT_NAME,
          sob.SET_OF_BOOKS_NAME,
          sob.SET_OF_BOOKS_CODE,
          sob.SET_OF_BOOKS_CODE||'-'||sob.SET_OF_BOOKS_NAME CODE_NAME,
          sob.SET_OF_BOOKS_ID
     from fnd_companies_vl fc, gld_set_of_books_vl sob
    where (fc.end_date_active is null or
          sysdate between fc.start_date_active and fc.end_date_active)
      and fc.SET_OF_BOOKS_ID = sob.SET_OF_BOOKS_ID
      and sob.ENABLED_FLAG = 'Y' 
       
    ) v
	
		 WHERE exists (select 1 from fnd_companies_vl fcvl where v.set_of_books_id = ?) AND v.COMPANY_CODE >= ? AND v.COMPANY_CODE <= ?  order by COMPANY_CODE
---------------------Binding info---------------------
No.1	Access path:@set_of_books_id	Data type of passed value :java.lang.String	Value:122	Output:false	Database Type:null	
No.2	Access path:@company_code_from	Data type of passed value :java.lang.String	Value:8600000000	Output:false	Database Type:null	
No.3	Access path:@company_code_to	Data type of passed value :java.lang.String	Value:TEST_0928_2	Output:false	Database Type:null	

=============== END [query] SQL Statement execution dump ============

2018-10-10 02:02:22.600 [uncertain.proc] [CONFIG] [action] CreateSuccessResponse
