2018-10-18 06:05:45.461 [aurora.application.session_check] [CONFIG] Session data copied to context
2018-10-18 06:05:45.462 [aurora.application.session_check] [CONFIG] Checking BM access fnd.fnd_dimension_value_assign_batch_lov for operation query
2018-10-18 06:05:45.462 [aurora.application.session_check] [CONFIG] Result from aurora.bm.DefaultAccessChecker@28e39ee9 is true
2018-10-18 06:05:45.462 [uncertain.proc] [CONFIG] [action] AccessCheck
2018-10-18 06:05:45.463 [uncertain.proc] [CONFIG] [action] CheckServiceLock
2018-10-18 06:05:45.463 [uncertain.proc] [CONFIG] [action] ParseParameter
2018-10-18 06:05:45.464 [uncertain.proc] [CONFIG] [action] ValidateInput
2018-10-18 06:05:45.464 [uncertain.proc] [CONFIG] [action] InvokeService
2018-10-18 06:05:45.464 [aurora.database] [CONFIG] ===================================== prepare to run model-query fnd.fnd_dimension_value_assign_batch_lov==============================
2018-10-18 06:05:45.468 [uncertain.proc] [CONFIG] [action] DecideSqlGenerationMode
2018-10-18 06:05:45.468 [uncertain.proc] [FINE] aurora.database.service.BusinessModelService.onDecideSqlGenerationMode
2018-10-18 06:05:45.468 [uncertain.proc] [CONFIG] [action] CreateOperationSql
2018-10-18 06:05:45.468 [uncertain.proc] [CONFIG] [action] PopulateOperationSql
2018-10-18 06:05:45.468 [uncertain.proc] [FINE] aurora.database.features.OrderByClauseCreator.onPopulateOperationSql
2018-10-18 06:05:45.468 [uncertain.proc] [FINE] aurora.database.features.WhereClauseCreator.onPopulateOperationSql
2018-10-18 06:05:45.468 [uncertain.proc] [CONFIG] [action] ExecuteQuery
2018-10-18 06:05:45.468 [uncertain.proc] [FINE] aurora.bm.QuerySqlCreator.onExecuteQuery
2018-10-18 06:05:45.476 [uncertain.proc] [CONFIG] [action] QueryFinish
2018-10-18 06:05:45.476 [uncertain.proc] [FINE] aurora.database.features.AutoQueryCounter.onQueryFinish
2018-10-18 06:05:45.481 [uncertain.proc] [CONFIG] [action] FetchResultSet
2018-10-18 06:05:45.481 [uncertain.proc] [FINE] aurora.database.features.CacheBasedLookUpField.postFetchResultSet
2018-10-18 06:05:45.481 [aurora.database] [CONFIG] 
============= BEGIN [query] SQL Statement execution dump ============

                SELECT
                    *
                FROM
                    (SELECT
                        fv.COMPANY_ID,
                        fv.COMPANY_CODE,
                        fv.COMPANY_SHORT_NAME ,
                        COMPANY_CODE
                        || ' - '
                        || COMPANY_SHORT_NAME AS company_code_name
                    FROM
                        fnd_companies_vl fv
                    WHERE
                        (
                            fv.end_date_active IS NULL OR
                            sysdate BETWEEN fv.start_date_active AND fv.end_date_active
                        )
                        AND
                        (
                            fv.SET_OF_BOOKS_ID = NVL(?,fv.SET_OF_BOOKS_ID)
                        )
                        AND
                        EXISTS
                        (SELECT
                            1
                        FROM
                            gld_set_of_books_vl v
                        WHERE
                            v.SET_OF_BOOKS_ID = fv.SET_OF_BOOKS_ID AND
                            v.ENABLED_FLAG    = 'Y'
                        )
                    ) V 
                ORDER BY
                    v.COMPANY_CODE
            
---------------------Binding info---------------------
No.1	Access path:/parameter/@set_of_books_id	Data type of passed value :java.lang.String	Value:122	Output:false	Database Type:null	

=============== END [query] SQL Statement execution dump ============

2018-10-18 06:05:45.481 [uncertain.proc] [CONFIG] [action] CreateSuccessResponse
