2018-09-29 09:46:25.143 [aurora.application.session_check] [CONFIG] Session data copied to context
2018-09-29 09:46:25.143 [aurora.application.session_check] [CONFIG] Checking BM access fnd.FND2000.fnd_inter_company_unit_query for operation query
2018-09-29 09:46:25.144 [aurora.application.session_check] [CONFIG] Result from aurora.bm.DefaultAccessChecker@52b7a3fc is true
2018-09-29 09:46:25.144 [uncertain.proc] [CONFIG] [action] AccessCheck
2018-09-29 09:46:25.146 [uncertain.proc] [CONFIG] [action] CheckServiceLock
2018-09-29 09:46:25.146 [uncertain.proc] [CONFIG] [action] ParseParameter
2018-09-29 09:46:25.146 [uncertain.proc] [CONFIG] [action] ValidateInput
2018-09-29 09:46:25.146 [uncertain.proc] [CONFIG] [action] InvokeService
2018-09-29 09:46:25.146 [aurora.database] [CONFIG] ===================================== prepare to run model-query fnd.FND2000.fnd_inter_company_unit_query==============================
2018-09-29 09:46:25.151 [uncertain.proc] [CONFIG] [action] DecideSqlGenerationMode
2018-09-29 09:46:25.151 [uncertain.proc] [FINE] aurora.database.service.BusinessModelService.onDecideSqlGenerationMode
2018-09-29 09:46:25.151 [uncertain.proc] [CONFIG] [action] CreateOperationSql
2018-09-29 09:46:25.151 [uncertain.proc] [CONFIG] [action] PopulateOperationSql
2018-09-29 09:46:25.151 [uncertain.proc] [FINE] aurora.database.features.OrderByClauseCreator.onPopulateOperationSql
2018-09-29 09:46:25.151 [uncertain.proc] [FINE] aurora.database.features.WhereClauseCreator.onPopulateOperationSql
2018-09-29 09:46:25.151 [uncertain.proc] [CONFIG] [action] ExecuteQuery
2018-09-29 09:46:25.151 [uncertain.proc] [FINE] aurora.bm.QuerySqlCreator.onExecuteQuery
2018-09-29 09:46:25.241 [uncertain.proc] [CONFIG] [action] QueryFinish
2018-09-29 09:46:25.241 [uncertain.proc] [FINE] aurora.database.features.AutoQueryCounter.onQueryFinish
2018-09-29 09:46:25.253 [uncertain.proc] [CONFIG] [action] FetchResultSet
2018-09-29 09:46:25.253 [uncertain.proc] [FINE] aurora.database.features.CacheBasedLookUpField.postFetchResultSet
2018-09-29 09:46:25.253 [aurora.database] [CONFIG] 
============= BEGIN [query] SQL Statement execution dump ============

                  select eou.unit_id,
		             eou.company_id,
		             eou.unit_code,
		             eou.description,
		             ywu.parent_unit_id,
		             ywu.parent_unit_code,
		             ywu.parent_desc
		          from exp_org_unit_vl eou,
		             (select ywn.unit_id,
		                 ywn.parent_unit_id,
		                 parent_eou.unit_code parent_unit_code,
		                 parent_eou.description parent_desc
		              from fnd_inter_company_unit ywn, exp_org_unit_vl parent_eou
		             where ywn.parent_unit_id = parent_eou.unit_id) ywu
					        WHERE eou.unit_id = ywu.unit_id(+) and eou.company_id = ?  order by eou.unit_code
                 
---------------------Binding info---------------------
No.1	Access path:/session/@company_id	Data type of passed value :java.lang.Integer	Value:2536	Output:false	Database Type:null	

=============== END [query] SQL Statement execution dump ============

2018-09-29 09:46:25.253 [uncertain.proc] [CONFIG] [action] CreateSuccessResponse
