2018-10-22 11:39:28.859 [aurora.application.session_check] [CONFIG] Session data copied to context
2018-10-22 11:39:28.859 [aurora.application.session_check] [CONFIG] Checking BM access gl.GL2010.gl_account_entry for operation update
2018-10-22 11:39:28.860 [aurora.application.session_check] [CONFIG] Result from aurora.bm.DefaultAccessChecker@46d63590 is true
2018-10-22 11:39:28.860 [uncertain.proc] [CONFIG] [action] AccessCheck
2018-10-22 11:39:28.862 [uncertain.proc] [CONFIG] [action] CheckServiceLock
2018-10-22 11:39:28.862 [uncertain.proc] [CONFIG] [action] ParseParameter
2018-10-22 11:39:28.862 [uncertain.proc] [CONFIG] [action] ValidateInput
2018-10-22 11:39:28.862 [uncertain.proc] [CONFIG] [action] InvokeService
2018-10-22 11:39:28.866 [uncertain.proc] [CONFIG] [action] DecideStatement
2018-10-22 11:39:28.867 [uncertain.proc] [CONFIG] [action] DecideSqlGenerationMode
2018-10-22 11:39:28.867 [uncertain.proc] [FINE] aurora.database.service.BusinessModelService.onDecideSqlGenerationMode
2018-10-22 11:39:28.867 [uncertain.proc] [CONFIG] [action] CreateOperationSql
2018-10-22 11:39:28.867 [uncertain.proc] [CONFIG] [action] PopulateOperationSql
2018-10-22 11:39:28.867 [uncertain.proc] [FINE] aurora.database.features.OrderByClauseCreator.onPopulateOperationSql
2018-10-22 11:39:28.867 [uncertain.proc] [FINE] aurora.database.features.WhereClauseCreator.onPopulateOperationSql
2018-10-22 11:39:28.867 [uncertain.proc] [CONFIG] [action] CreateSqlRunner
2018-10-22 11:39:28.867 [uncertain.proc] [FINE] aurora.database.service.BusinessModelService.onCreateSqlRunner
2018-10-22 11:39:28.867 [uncertain.proc] [CONFIG] [action] ExecuteDmlStatement
2018-10-22 11:39:28.867 [uncertain.proc] [FINE] aurora.database.service.BusinessModelService.onExecuteDmlStatement
2018-10-22 11:39:28.877 [aurora.database] [CONFIG] 
============= BEGIN [Update] SQL Statement execution dump ============
begin
					
					REPAIR_TRANSACTION_NUMBER_PKG.repair_transaction_number
  					(
    					p_user_id       => ?
  					);
								   
				end;
---------------------Binding info---------------------
No.1	Access path:/session/@user_id	Data type of passed value :java.lang.Long	Value:1	Output:false	Database Type:null	

=============== END [Update] SQL Statement execution dump ============

2018-10-22 11:39:28.877 [uncertain.proc] [CONFIG] [action] CreateSuccessResponse
