2018-10-10 08:06:21.54 [aurora.application.session_check] [CONFIG] Session data copied to context
2018-10-10 08:06:21.54 [aurora.application.session_check] [CONFIG] Checking BM access gl.GL2010.gl_account_entry for operation update
2018-10-10 08:06:21.56 [aurora.application.session_check] [CONFIG] Result from aurora.bm.DefaultAccessChecker@14894772 is true
2018-10-10 08:06:21.56 [uncertain.proc] [CONFIG] [action] AccessCheck
2018-10-10 08:06:21.57 [uncertain.proc] [CONFIG] [action] CheckServiceLock
2018-10-10 08:06:21.57 [uncertain.proc] [CONFIG] [action] ParseParameter
2018-10-10 08:06:21.57 [uncertain.proc] [CONFIG] [action] ValidateInput
2018-10-10 08:06:21.57 [uncertain.proc] [CONFIG] [action] InvokeService
2018-10-10 08:06:21.60 [uncertain.proc] [CONFIG] [action] DecideStatement
2018-10-10 08:06:21.61 [uncertain.proc] [CONFIG] [action] DecideSqlGenerationMode
2018-10-10 08:06:21.61 [uncertain.proc] [FINE] aurora.database.service.BusinessModelService.onDecideSqlGenerationMode
2018-10-10 08:06:21.61 [uncertain.proc] [CONFIG] [action] CreateOperationSql
2018-10-10 08:06:21.61 [uncertain.proc] [CONFIG] [action] PopulateOperationSql
2018-10-10 08:06:21.61 [uncertain.proc] [FINE] aurora.database.features.OrderByClauseCreator.onPopulateOperationSql
2018-10-10 08:06:21.61 [uncertain.proc] [FINE] aurora.database.features.WhereClauseCreator.onPopulateOperationSql
2018-10-10 08:06:21.61 [uncertain.proc] [CONFIG] [action] CreateSqlRunner
2018-10-10 08:06:21.61 [uncertain.proc] [FINE] aurora.database.service.BusinessModelService.onCreateSqlRunner
2018-10-10 08:06:21.61 [uncertain.proc] [CONFIG] [action] ExecuteDmlStatement
2018-10-10 08:06:21.61 [uncertain.proc] [FINE] aurora.database.service.BusinessModelService.onExecuteDmlStatement
2018-10-10 08:06:21.63 [aurora.database] [CONFIG] 
============= BEGIN [Update] SQL Statement execution dump ============
begin
					
					REPAIR_TRANSACTION_NUMBER_PKG.repair_transaction_number
  					(
    					p_user_id       => ?
  					);
								   
				end;
---------------------Binding info---------------------
No.1	Access path:/session/@user_id	Data type of passed value :java.lang.Long	Value:1	Output:false	Database Type:null	

=============== END [Update] SQL Statement execution dump ============

2018-10-10 08:06:21.63 [uncertain.proc] [CONFIG] [action] CreateSuccessResponse
