2018-10-12 06:32:49.216 [aurora.application.session_check] [CONFIG] Session data copied to context
2018-10-12 06:32:49.216 [aurora.application.session_check] [CONFIG] Checking BM access gl.gld_rule_accounts for operation query
2018-10-12 06:32:49.218 [aurora.application.session_check] [CONFIG] Result from aurora.bm.DefaultAccessChecker@87d2d20 is true
2018-10-12 06:32:49.218 [uncertain.proc] [CONFIG] [action] AccessCheck
2018-10-12 06:32:49.220 [uncertain.proc] [CONFIG] [action] CheckServiceLock
2018-10-12 06:32:49.220 [uncertain.proc] [CONFIG] [action] ParseParameter
2018-10-12 06:32:49.220 [uncertain.proc] [CONFIG] [action] ValidateInput
2018-10-12 06:32:49.220 [uncertain.proc] [CONFIG] [action] InvokeService
2018-10-12 06:32:49.220 [aurora.database] [CONFIG] ===================================== prepare to run model-query gl.gld_rule_accounts==============================
2018-10-12 06:32:49.229 [uncertain.proc] [CONFIG] [action] DecideSqlGenerationMode
2018-10-12 06:32:49.229 [uncertain.proc] [FINE] aurora.database.service.BusinessModelService.onDecideSqlGenerationMode
2018-10-12 06:32:49.229 [uncertain.proc] [CONFIG] [action] CreatequeryStatement
2018-10-12 06:32:49.229 [uncertain.proc] [FINE] aurora.bm.QuerySqlCreator.onCreateQueryStatement
2018-10-12 06:32:49.232 [uncertain.proc] [CONFIG] [action] PopulatequeryStatement
2018-10-12 06:32:49.232 [uncertain.proc] [FINE] aurora.database.features.OrderByClauseCreator.onPopulateQueryStatement
2018-10-12 06:32:49.232 [uncertain.proc] [FINE] aurora.database.features.WhereClauseCreator.onPopulateQueryStatement
2018-10-12 06:32:49.232 [uncertain.proc] [CONFIG] [action] CreatequerySql
2018-10-12 06:32:49.232 [uncertain.proc] [FINE] aurora.bm.QuerySqlCreator.onCreateQuerySql
2018-10-12 06:32:49.232 [uncertain.proc] [CONFIG] [action] ExecuteQuery
2018-10-12 06:32:49.232 [uncertain.proc] [FINE] aurora.bm.QuerySqlCreator.onExecuteQuery
2018-10-12 06:32:49.266 [uncertain.proc] [CONFIG] [action] QueryFinish
2018-10-12 06:32:49.266 [uncertain.proc] [FINE] aurora.database.features.AutoQueryCounter.onQueryFinish
2018-10-12 06:32:49.272 [uncertain.proc] [CONFIG] [action] FetchResultSet
2018-10-12 06:32:49.272 [uncertain.proc] [FINE] aurora.database.features.CacheBasedLookUpField.postFetchResultSet
2018-10-12 06:32:49.273 [aurora.database] [CONFIG] 
============= BEGIN [query] SQL Statement execution dump ============
SELECT t1.ASSIGN_ID,t1.RULE_ID,t1.ACCOUNT_ID,t1.ENABLED_FLAG,t1.set_of_books_id,r1.ACCOUNT_CODE,r1.DESCRIPTION AS account_name
FROM GLD_RULE_ACCOUNTS t1
	INNER JOIN GLD_ACCOUNTS_VL r1 ON t1.ACCOUNT_ID = r1.ACCOUNT_ID
WHERE RULE_ID = ?
ORDER BY account_code
---------------------Binding info---------------------
No.1	Access path:@rule_id	Data type of passed value :java.lang.Long	Value:1	Output:false	Database Type:null	

=============== END [query] SQL Statement execution dump ============

2018-10-12 06:32:49.273 [uncertain.proc] [CONFIG] [action] CreateSuccessResponse
