2018-10-15 06:06:47.937 [aurora.application.session_check] [CONFIG] Session data copied to context
2018-10-15 06:06:47.937 [aurora.application.session_check] [CONFIG] Checking BM access gl.gld_rule_segments for operation query
2018-10-15 06:06:47.939 [aurora.application.session_check] [CONFIG] Result from aurora.bm.DefaultAccessChecker@16da504d is true
2018-10-15 06:06:47.939 [uncertain.proc] [CONFIG] [action] AccessCheck
2018-10-15 06:06:47.940 [uncertain.proc] [CONFIG] [action] CheckServiceLock
2018-10-15 06:06:47.940 [uncertain.proc] [CONFIG] [action] ParseParameter
2018-10-15 06:06:47.940 [uncertain.proc] [CONFIG] [action] ValidateInput
2018-10-15 06:06:47.940 [uncertain.proc] [CONFIG] [action] InvokeService
2018-10-15 06:06:47.940 [aurora.database] [CONFIG] ===================================== prepare to run model-query gl.gld_rule_segments==============================
2018-10-15 06:06:47.946 [uncertain.proc] [CONFIG] [action] DecideSqlGenerationMode
2018-10-15 06:06:47.946 [uncertain.proc] [FINE] aurora.database.service.BusinessModelService.onDecideSqlGenerationMode
2018-10-15 06:06:47.946 [uncertain.proc] [CONFIG] [action] CreatequeryStatement
2018-10-15 06:06:47.946 [uncertain.proc] [FINE] aurora.bm.QuerySqlCreator.onCreateQueryStatement
2018-10-15 06:06:47.949 [uncertain.proc] [CONFIG] [action] PopulatequeryStatement
2018-10-15 06:06:47.949 [uncertain.proc] [FINE] aurora.database.features.OrderByClauseCreator.onPopulateQueryStatement
2018-10-15 06:06:47.949 [uncertain.proc] [FINE] aurora.database.features.WhereClauseCreator.onPopulateQueryStatement
2018-10-15 06:06:47.949 [uncertain.proc] [CONFIG] [action] CreatequerySql
2018-10-15 06:06:47.949 [uncertain.proc] [FINE] aurora.bm.QuerySqlCreator.onCreateQuerySql
2018-10-15 06:06:47.949 [uncertain.proc] [CONFIG] [action] ExecuteQuery
2018-10-15 06:06:47.949 [uncertain.proc] [FINE] aurora.bm.QuerySqlCreator.onExecuteQuery
2018-10-15 06:06:47.972 [uncertain.proc] [CONFIG] [action] QueryFinish
2018-10-15 06:06:47.972 [uncertain.proc] [FINE] aurora.database.features.AutoQueryCounter.onQueryFinish
2018-10-15 06:06:47.973 [uncertain.proc] [CONFIG] [action] FetchResultSet
2018-10-15 06:06:47.973 [uncertain.proc] [FINE] aurora.database.features.CacheBasedLookUpField.postFetchResultSet
2018-10-15 06:06:47.974 [aurora.database] [CONFIG] 
============= BEGIN [query] SQL Statement execution dump ============
SELECT t1.SEG_ASSIGN_ID,t1.RULE_ID,t1.SEGMENT_ID,t1.IS_REQUIRED,t1.ENABLED_FLAG,r1.SEGMENT_NAME,r1.SEGMENT_CODE
FROM GLD_RULE_SEGMENTS t1
	INNER JOIN GLD_SEGMENTS_VL r1 ON t1.SEGMENT_ID = r1.SEGMENT_ID
WHERE RULE_ID = ?
---------------------Binding info---------------------
No.1	Access path:@rule_id	Data type of passed value :java.lang.Long	Value:1	Output:false	Database Type:null	

=============== END [query] SQL Statement execution dump ============

2018-10-15 06:06:47.975 [uncertain.proc] [CONFIG] [action] CreateSuccessResponse
