2018-10-16 06:07:59.835 [aurora.application.session_check] [CONFIG] Session data copied to context
2018-10-16 06:07:59.835 [aurora.application.session_check] [CONFIG] Checking BM access gld.FND2910.gld_acc_gen_user_dy_query for operation query
2018-10-16 06:07:59.836 [aurora.application.session_check] [CONFIG] Result from aurora.bm.DefaultAccessChecker@10880522 is true
2018-10-16 06:07:59.836 [uncertain.proc] [CONFIG] [action] AccessCheck
2018-10-16 06:07:59.838 [uncertain.proc] [CONFIG] [action] CheckServiceLock
2018-10-16 06:07:59.838 [uncertain.proc] [CONFIG] [action] ParseParameter
2018-10-16 06:07:59.838 [uncertain.proc] [CONFIG] [action] ValidateInput
2018-10-16 06:07:59.838 [uncertain.proc] [CONFIG] [action] InvokeService
2018-10-16 06:07:59.838 [aurora.database] [CONFIG] ===================================== prepare to run model-query gld.FND2910.gld_acc_gen_user_dy_query==============================
2018-10-16 06:07:59.843 [uncertain.proc] [CONFIG] [action] DecideSqlGenerationMode
2018-10-16 06:07:59.843 [uncertain.proc] [FINE] aurora.database.service.BusinessModelService.onDecideSqlGenerationMode
2018-10-16 06:07:59.843 [uncertain.proc] [CONFIG] [action] CreateOperationSql
2018-10-16 06:07:59.843 [uncertain.proc] [CONFIG] [action] PopulateOperationSql
2018-10-16 06:07:59.843 [uncertain.proc] [FINE] aurora.database.features.OrderByClauseCreator.onPopulateOperationSql
2018-10-16 06:07:59.843 [uncertain.proc] [FINE] aurora.database.features.WhereClauseCreator.onPopulateOperationSql
2018-10-16 06:07:59.843 [uncertain.proc] [CONFIG] [action] ExecuteQuery
2018-10-16 06:07:59.843 [uncertain.proc] [FINE] aurora.bm.QuerySqlCreator.onExecuteQuery
2018-10-16 06:07:59.844 [uncertain.proc] [CONFIG] [action] QueryFinish
2018-10-16 06:07:59.844 [uncertain.proc] [FINE] aurora.database.features.AutoQueryCounter.onQueryFinish
2018-10-16 06:07:59.844 [uncertain.proc] [CONFIG] [action] FetchResultSet
2018-10-16 06:07:59.844 [uncertain.proc] [FINE] aurora.database.features.CacheBasedLookUpField.postFetchResultSet
2018-10-16 06:07:59.844 [aurora.database] [CONFIG] 
============= BEGIN [query] SQL Statement execution dump ============

                select t.*,? table_name,(select description_text from fnd_descriptions fd where g.description_id = fd.description_id and language = ?) account_description from GLD_ACC_GEN_USER_4 t, gld_accounts g 
                 WHERE t.company_id = ?
            and t.account_id=g.account_id 
            
---------------------Binding info---------------------
No.1	Access path:@table_name	Data type of passed value :java.lang.String	Value:GLD_ACC_GEN_USER_4	Output:false	Database Type:null	
No.2	Access path:/session/@lang	Data type of passed value :java.lang.String	Value:ZHS	Output:false	Database Type:null	
No.3	Access path:@company_id	Data type of passed value :java.lang.Integer	Value:835	Output:false	Database Type:null	

=============== END [query] SQL Statement execution dump ============

2018-10-16 06:07:59.844 [uncertain.proc] [CONFIG] [action] CreateSuccessResponse
