2018-10-10 06:29:44.312 [aurora.application.session_check] [CONFIG] Session data copied to context
2018-10-10 06:29:44.313 [aurora.application.session_check] [CONFIG] Checking BM access gld.GLD5010.gld_work_order_companies_lov for operation query
2018-10-10 06:29:44.314 [aurora.application.session_check] [CONFIG] Result from aurora.bm.DefaultAccessChecker@aa79ea2 is true
2018-10-10 06:29:44.314 [uncertain.proc] [CONFIG] [action] AccessCheck
2018-10-10 06:29:44.316 [uncertain.proc] [CONFIG] [action] CheckServiceLock
2018-10-10 06:29:44.316 [uncertain.proc] [CONFIG] [action] ParseParameter
2018-10-10 06:29:44.316 [uncertain.proc] [CONFIG] [action] ValidateInput
2018-10-10 06:29:44.316 [uncertain.proc] [CONFIG] [action] InvokeService
2018-10-10 06:29:44.316 [aurora.database] [CONFIG] ===================================== prepare to run model-query gld.GLD5010.gld_work_order_companies_lov==============================
2018-10-10 06:29:44.321 [uncertain.proc] [CONFIG] [action] DecideSqlGenerationMode
2018-10-10 06:29:44.321 [uncertain.proc] [FINE] aurora.database.service.BusinessModelService.onDecideSqlGenerationMode
2018-10-10 06:29:44.321 [uncertain.proc] [CONFIG] [action] CreateOperationSql
2018-10-10 06:29:44.321 [uncertain.proc] [CONFIG] [action] PopulateOperationSql
2018-10-10 06:29:44.321 [uncertain.proc] [FINE] aurora.database.features.OrderByClauseCreator.onPopulateOperationSql
2018-10-10 06:29:44.321 [uncertain.proc] [FINE] aurora.database.features.WhereClauseCreator.onPopulateOperationSql
2018-10-10 06:29:44.321 [uncertain.proc] [CONFIG] [action] ExecuteQuery
2018-10-10 06:29:44.321 [uncertain.proc] [FINE] aurora.bm.QuerySqlCreator.onExecuteQuery
2018-10-10 06:29:44.355 [uncertain.proc] [CONFIG] [action] QueryFinish
2018-10-10 06:29:44.355 [uncertain.proc] [FINE] aurora.database.features.AutoQueryCounter.onQueryFinish
2018-10-10 06:29:44.386 [uncertain.proc] [CONFIG] [action] FetchResultSet
2018-10-10 06:29:44.386 [uncertain.proc] [FINE] aurora.database.features.CacheBasedLookUpField.postFetchResultSet
2018-10-10 06:29:44.386 [aurora.database] [CONFIG] 
============= BEGIN [query] SQL Statement execution dump ============

            select * from (
                SELECT
                    f.company_id,
                    f.company_code,
                    f.company_short_name
                FROM
                    fnd_companies_vl f,
                    gld_sob_work_order_types t
                WHERE
                    f.set_of_books_id =
                    (SELECT v.set_of_books_id FROM fnd_companies_vl v WHERE v.company_id = ?
                    ) AND
                    f.set_of_books_id    = t.set_of_books_id AND
                    t.authority_type     ='ALL' AND
                    t.work_order_type_id =
                    (SELECT
                        work_order_type_id
                    FROM
                        gld_work_order_headers h
                    WHERE
                        h.work_order_header_id = NVL(?,?)
                    )
                UNION
                SELECT
                    f.company_id,
                    f.company_code,
                    f.company_short_name
                FROM
                    fnd_companies_vl f,
                    gld_sob_work_order_types t
                WHERE
                    f.company_id         = ? AND
                    f.set_of_books_id    = t.set_of_books_id AND
                    t.authority_type     = 'CURR_COMPANY' AND
                    t.work_order_type_id =
                    (SELECT
                        work_order_type_id
                    FROM
                        gld_work_order_headers h
                    WHERE
                        h.work_order_header_id = NVL(?,?)
                    )
                UNION
                SELECT
                    f.company_id,
                    f.company_code,
                    f.company_short_name
                FROM
                    fnd_companies_vl f,
                    gld_sob_work_order_types t
                WHERE
                    f.company_id IN
                    (SELECT
                        company_id
                    FROM
                        fnd_companies u START
                    WITH u.company_id =? CONNECT BY prior u.company_id = u.PARENT_COMPANY_ID
                    ) AND
                    f.set_of_books_id    = t.set_of_books_id AND
                    t.authority_type     = 'COMPANY_JUNIOR' AND
                    t.work_order_type_id =
                    (SELECT
                        work_order_type_id
                    FROM
                        gld_work_order_headers h
                    WHERE
                        h.work_order_header_id = NVL(?,?)
                    )
                    )t
                    
                    ORDER BY company_code
            
---------------------Binding info---------------------
No.1	Access path:/session/@company_id	Data type of passed value :java.lang.Integer	Value:835	Output:false	Database Type:null	
No.2	Access path:@work_order_header_id	Data type of passed value :java.lang.String	Value:651	Output:false	Database Type:null	
No.3	Access path:/parameter/@work_order_header_id	Data type of passed value :java.lang.String	Value:651	Output:false	Database Type:null	
No.4	Access path:/session/@company_id	Data type of passed value :java.lang.Integer	Value:835	Output:false	Database Type:null	
No.5	Access path:@work_order_header_id	Data type of passed value :java.lang.String	Value:651	Output:false	Database Type:null	
No.6	Access path:/parameter/@work_order_header_id	Data type of passed value :java.lang.String	Value:651	Output:false	Database Type:null	
No.7	Access path:/session/@company_id	Data type of passed value :java.lang.Integer	Value:835	Output:false	Database Type:null	
No.8	Access path:@work_order_header_id	Data type of passed value :java.lang.String	Value:651	Output:false	Database Type:null	
No.9	Access path:/parameter/@work_order_header_id	Data type of passed value :java.lang.String	Value:651	Output:false	Database Type:null	

=============== END [query] SQL Statement execution dump ============

2018-10-10 06:29:44.387 [uncertain.proc] [CONFIG] [action] CreateSuccessResponse
