2018-10-12 06:54:21.678 [aurora.application.session_check] [CONFIG] Session data copied to context
2018-10-12 06:54:21.678 [aurora.application.session_check] [CONFIG] Checking BM access gld.CSH1015.gld_accounts_lov_query for operation query
2018-10-12 06:54:21.679 [aurora.application.session_check] [CONFIG] Result from aurora.bm.DefaultAccessChecker@36690553 is true
2018-10-12 06:54:21.680 [uncertain.proc] [CONFIG] [action] AccessCheck
2018-10-12 06:54:21.681 [uncertain.proc] [CONFIG] [action] CheckServiceLock
2018-10-12 06:54:21.681 [uncertain.proc] [CONFIG] [action] ParseParameter
2018-10-12 06:54:21.681 [uncertain.proc] [CONFIG] [action] ValidateInput
2018-10-12 06:54:21.681 [uncertain.proc] [CONFIG] [action] InvokeService
2018-10-12 06:54:21.681 [aurora.database] [CONFIG] ===================================== prepare to run model-query gld.CSH1015.gld_accounts_lov_query==============================
2018-10-12 06:54:21.685 [uncertain.proc] [CONFIG] [action] DecideSqlGenerationMode
2018-10-12 06:54:21.685 [uncertain.proc] [FINE] aurora.database.service.BusinessModelService.onDecideSqlGenerationMode
2018-10-12 06:54:21.685 [uncertain.proc] [CONFIG] [action] CreateOperationSql
2018-10-12 06:54:21.685 [uncertain.proc] [CONFIG] [action] PopulateOperationSql
2018-10-12 06:54:21.685 [uncertain.proc] [FINE] aurora.database.features.OrderByClauseCreator.onPopulateOperationSql
2018-10-12 06:54:21.685 [uncertain.proc] [FINE] aurora.database.features.WhereClauseCreator.onPopulateOperationSql
2018-10-12 06:54:21.685 [uncertain.proc] [CONFIG] [action] ExecuteQuery
2018-10-12 06:54:21.685 [uncertain.proc] [FINE] aurora.bm.QuerySqlCreator.onExecuteQuery
2018-10-12 06:54:21.996 [uncertain.proc] [CONFIG] [action] QueryFinish
2018-10-12 06:54:21.996 [uncertain.proc] [FINE] aurora.database.features.AutoQueryCounter.onQueryFinish
2018-10-12 06:54:22.56 [uncertain.proc] [CONFIG] [action] FetchResultSet
2018-10-12 06:54:22.57 [uncertain.proc] [FINE] aurora.database.features.CacheBasedLookUpField.postFetchResultSet
2018-10-12 06:54:22.57 [aurora.database] [CONFIG] 
============= BEGIN [query] SQL Statement execution dump ============
SELECT A.ACCOUNT_ID,A.ACCOUNT_CODE,A.DESCRIPTION
		  FROM GLD_ACCOUNTS_VL A,
		       GLD_COMPANY_ACCOUNTS_VL B
		 WHERE B.company_id=? and A.ACCOUNT_ID=B.ACCOUNT_ID AND A.ACCOUNT_SET_ID=B.ACCOUNT_SET_ID AND B.SUMMARY_FLAG='N' AND A.ACCOUNT_TYPE IN('A','L','O','R','E') AND B.ENABLED_FLAG='Y'  order by A.ACCOUNT_CODE 
---------------------Binding info---------------------
No.1	Access path:/session/@company_id	Data type of passed value :java.lang.String	Value:835	Output:false	Database Type:null	

=============== END [query] SQL Statement execution dump ============

2018-10-12 06:54:22.57 [uncertain.proc] [CONFIG] [action] CreateSuccessResponse
