2018-10-18 06:15:52.904 [aurora.application.session_check] [CONFIG] Session data copied to context
2018-10-18 06:15:52.904 [aurora.application.session_check] [CONFIG] Checking BM access gld.FND3010.gld_period_query_query for operation query
2018-10-18 06:15:52.906 [aurora.application.session_check] [CONFIG] Result from aurora.bm.DefaultAccessChecker@514d6b64 is true
2018-10-18 06:15:52.906 [uncertain.proc] [CONFIG] [action] AccessCheck
2018-10-18 06:15:52.908 [uncertain.proc] [CONFIG] [action] CheckServiceLock
2018-10-18 06:15:52.908 [uncertain.proc] [CONFIG] [action] ParseParameter
2018-10-18 06:15:52.908 [uncertain.proc] [CONFIG] [action] ValidateInput
2018-10-18 06:15:52.908 [uncertain.proc] [CONFIG] [action] InvokeService
2018-10-18 06:15:52.908 [aurora.database] [CONFIG] ===================================== prepare to run model-query gld.FND3010.gld_period_query_query==============================
2018-10-18 06:15:52.917 [uncertain.proc] [CONFIG] [action] DecideSqlGenerationMode
2018-10-18 06:15:52.917 [uncertain.proc] [FINE] aurora.database.service.BusinessModelService.onDecideSqlGenerationMode
2018-10-18 06:15:52.917 [uncertain.proc] [CONFIG] [action] CreatequeryStatement
2018-10-18 06:15:52.917 [uncertain.proc] [FINE] aurora.bm.QuerySqlCreator.onCreateQueryStatement
2018-10-18 06:15:52.920 [uncertain.proc] [CONFIG] [action] PopulatequeryStatement
2018-10-18 06:15:52.920 [uncertain.proc] [FINE] aurora.database.features.OrderByClauseCreator.onPopulateQueryStatement
2018-10-18 06:15:52.920 [uncertain.proc] [FINE] aurora.database.features.WhereClauseCreator.onPopulateQueryStatement
2018-10-18 06:15:52.920 [uncertain.proc] [CONFIG] [action] CreatequerySql
2018-10-18 06:15:52.920 [uncertain.proc] [FINE] aurora.bm.QuerySqlCreator.onCreateQuerySql
2018-10-18 06:15:52.920 [uncertain.proc] [CONFIG] [action] ExecuteQuery
2018-10-18 06:15:52.920 [uncertain.proc] [FINE] aurora.bm.QuerySqlCreator.onExecuteQuery
2018-10-18 06:15:52.945 [uncertain.proc] [CONFIG] [action] QueryFinish
2018-10-18 06:15:52.945 [uncertain.proc] [FINE] aurora.database.features.AutoQueryCounter.onQueryFinish
2018-10-18 06:15:52.946 [uncertain.proc] [CONFIG] [action] FetchResultSet
2018-10-18 06:15:52.946 [uncertain.proc] [FINE] aurora.database.features.CacheBasedLookUpField.postFetchResultSet
2018-10-18 06:15:52.947 [aurora.database] [CONFIG] 
============= BEGIN [query] SQL Statement execution dump ============
SELECT gp.period_set_code,gp.period_year,gp.period_num,gp.period_name,gp.adjustment_flag,gp.internal_period_num,gp.start_date,gp.end_date,gp.quarter_num,(select gps.period_set_code||'-'||fd.description_text from fnd_descriptions fd where gps.period_set_name_id = fd.description_id             and fd.language = ? ) AS period_code_name,(select DESCRIPTION_TEXT from fnd_descriptions where DESCRIPTION_ID=gps.period_set_name_id and Language=?) AS period_set_name,gps.period_set_name_id
FROM GLD_PERIODS gp
	INNER JOIN gld_period_sets gps ON gp.period_set_code = gps.period_set_code
WHERE gp.period_set_code = ?
---------------------Binding info---------------------
No.1	Access path:/session/@lang	Data type of passed value :java.lang.String	Value:ZHS	Output:false	Database Type:null	
No.2	Access path:/session/@lang	Data type of passed value :java.lang.String	Value:ZHS	Output:false	Database Type:null	
No.3	Access path:@period_set_code	Data type of passed value :java.lang.String	Value:CCBL_PERIOD	Output:false	Database Type:null	

=============== END [query] SQL Statement execution dump ============

2018-10-18 06:15:52.947 [uncertain.proc] [CONFIG] [action] CreateSuccessResponse
