2018-10-10 06:31:22.357 [aurora.application.session_check] [CONFIG] Session data copied to context
2018-10-10 06:31:22.357 [aurora.application.session_check] [CONFIG] Checking BM access gld.GLD5010.gld_work_order_ref_bgt_items_lov_wlzq for operation query
2018-10-10 06:31:22.361 [aurora.application.session_check] [CONFIG] Result from aurora.bm.DefaultAccessChecker@30d36b48 is true
2018-10-10 06:31:22.362 [uncertain.proc] [CONFIG] [action] AccessCheck
2018-10-10 06:31:22.366 [uncertain.proc] [CONFIG] [action] CheckServiceLock
2018-10-10 06:31:22.367 [uncertain.proc] [CONFIG] [action] ParseParameter
2018-10-10 06:31:22.367 [uncertain.proc] [CONFIG] [action] ValidateInput
2018-10-10 06:31:22.367 [uncertain.proc] [CONFIG] [action] InvokeService
2018-10-10 06:31:22.367 [aurora.database] [CONFIG] ===================================== prepare to run model-query gld.GLD5010.gld_work_order_ref_bgt_items_lov_wlzq==============================
2018-10-10 06:31:22.370 [uncertain.proc] [CONFIG] [action] DecideSqlGenerationMode
2018-10-10 06:31:22.370 [uncertain.proc] [FINE] aurora.database.service.BusinessModelService.onDecideSqlGenerationMode
2018-10-10 06:31:22.370 [uncertain.proc] [CONFIG] [action] CreateOperationSql
2018-10-10 06:31:22.370 [uncertain.proc] [CONFIG] [action] PopulateOperationSql
2018-10-10 06:31:22.370 [uncertain.proc] [FINE] aurora.database.features.OrderByClauseCreator.onPopulateOperationSql
2018-10-10 06:31:22.370 [uncertain.proc] [FINE] aurora.database.features.WhereClauseCreator.onPopulateOperationSql
2018-10-10 06:31:22.370 [uncertain.proc] [CONFIG] [action] ExecuteQuery
2018-10-10 06:31:22.370 [uncertain.proc] [FINE] aurora.bm.QuerySqlCreator.onExecuteQuery
2018-10-10 06:31:22.375 [uncertain.proc] [CONFIG] [action] QueryFinish
2018-10-10 06:31:22.375 [uncertain.proc] [FINE] aurora.database.features.AutoQueryCounter.onQueryFinish
2018-10-10 06:31:22.377 [uncertain.proc] [CONFIG] [action] FetchResultSet
2018-10-10 06:31:22.377 [uncertain.proc] [FINE] aurora.database.features.CacheBasedLookUpField.postFetchResultSet
2018-10-10 06:31:22.377 [aurora.database] [CONFIG] 
============= BEGIN [query] SQL Statement execution dump ============

                SELECT
                    *
                FROM
                    (SELECT
                        v.budget_item_id,
                        v.budget_item_code,
                        v.description budget_item_name
                    FROM
                        gld_sob_wo_type_ref_bgt_items b,
                        bgt_budget_items_vl v
                    WHERE
                        b.budget_item_id     = v.budget_item_id AND
                        b.enabled_flag       = 'Y' AND
                        b.work_order_type_id =  nvl(?,
	                    (SELECT  h.work_order_type_id 
	                    FROM gld_work_order_headers h 
	                    WHERE h.work_order_header_id = ?
	                    )
                    	)
                    )t 
                ORDER BY
                    budget_item_code
            
---------------------Binding info---------------------
No.1	Access path:/parameter/@work_order_type_id	Data type of passed value :java.lang.String	Value:1	Output:false	Database Type:null	
No.2	Access path:/parameter/@work_order_header_id	Data type of passed value :java.lang.String	Value:-1	Output:false	Database Type:null	

=============== END [query] SQL Statement execution dump ============

2018-10-10 06:31:22.378 [uncertain.proc] [CONFIG] [action] CreateSuccessResponse
