2018-10-15 07:10:43.291 [aurora.application.session_check] [CONFIG] Session data copied to context
2018-10-15 07:10:43.291 [aurora.application.session_check] [CONFIG] Checking BM access gld.FND2140.gld_accounts for operation query
2018-10-15 07:10:43.292 [aurora.application.session_check] [CONFIG] Result from aurora.bm.DefaultAccessChecker@42d5ab31 is true
2018-10-15 07:10:43.292 [uncertain.proc] [CONFIG] [action] AccessCheck
2018-10-15 07:10:43.293 [uncertain.proc] [CONFIG] [action] CheckServiceLock
2018-10-15 07:10:43.293 [uncertain.proc] [CONFIG] [action] ParseParameter
2018-10-15 07:10:43.293 [uncertain.proc] [CONFIG] [action] ValidateInput
2018-10-15 07:10:43.293 [uncertain.proc] [CONFIG] [action] InvokeService
2018-10-15 07:10:43.293 [aurora.database] [CONFIG] ===================================== prepare to run model-query gld.FND2140.gld_accounts==============================
2018-10-15 07:10:43.298 [uncertain.proc] [CONFIG] [action] DecideSqlGenerationMode
2018-10-15 07:10:43.298 [uncertain.proc] [FINE] aurora.database.service.BusinessModelService.onDecideSqlGenerationMode
2018-10-15 07:10:43.298 [uncertain.proc] [CONFIG] [action] CreatequeryStatement
2018-10-15 07:10:43.298 [uncertain.proc] [FINE] aurora.bm.QuerySqlCreator.onCreateQueryStatement
2018-10-15 07:10:43.298 [uncertain.proc] [CONFIG] [action] PopulatequeryStatement
2018-10-15 07:10:43.298 [uncertain.proc] [FINE] aurora.database.features.OrderByClauseCreator.onPopulateQueryStatement
2018-10-15 07:10:43.298 [uncertain.proc] [FINE] aurora.database.features.WhereClauseCreator.onPopulateQueryStatement
2018-10-15 07:10:43.298 [uncertain.proc] [CONFIG] [action] CreatequerySql
2018-10-15 07:10:43.298 [uncertain.proc] [FINE] aurora.bm.QuerySqlCreator.onCreateQuerySql
2018-10-15 07:10:43.298 [uncertain.proc] [CONFIG] [action] ExecuteQuery
2018-10-15 07:10:43.298 [uncertain.proc] [FINE] aurora.bm.QuerySqlCreator.onExecuteQuery
2018-10-15 07:10:43.305 [uncertain.proc] [CONFIG] [action] QueryFinish
2018-10-15 07:10:43.305 [uncertain.proc] [FINE] aurora.database.features.AutoQueryCounter.onQueryFinish
2018-10-15 07:10:43.306 [uncertain.proc] [CONFIG] [action] FetchResultSet
2018-10-15 07:10:43.306 [uncertain.proc] [FINE] aurora.database.features.CacheBasedLookUpField.postFetchResultSet
2018-10-15 07:10:43.306 [aurora.database] [CONFIG] 
============= BEGIN [query] SQL Statement execution dump ============
SELECT ga.account_set_id,ga.account_id,ga.account_code,ga.description_id,(select DESCRIPTION_TEXT from fnd_descriptions where DESCRIPTION_ID=ga.description_id and Language=?) AS account_description,ga.account_type,ga.enabled_flag,ga.summary_flag,ga.budget_item_id,(select bbi.description from BGT_BUDGET_ITEMS_vl bbi where bbi.budget_item_id = ga.budget_item_id ) AS budget_item_desc,(select bbi.budget_item_code from BGT_BUDGET_ITEMS_vl bbi where bbi.budget_item_id = ga.budget_item_id ) AS budget_item_code,ga.cashflow_flag,ga.inter_flag,ga.tax_flag,ga.expense_account,ga.receivable_account,ga.asset_account,ga.pay_account
FROM gld_accounts ga
WHERE ga.account_set_id = ?
ORDER BY ga.account_code
---------------------Binding info---------------------
No.1	Access path:/session/@lang	Data type of passed value :java.lang.String	Value:ZHS	Output:false	Database Type:null	
No.2	Access path:@account_set_id	Data type of passed value :java.lang.Long	Value:81	Output:false	Database Type:null	

=============== END [query] SQL Statement execution dump ============

2018-10-15 07:10:43.306 [uncertain.proc] [CONFIG] [action] CreateSuccessResponse
