2018-10-16 09:31:21.640 [aurora.application.session_check] [CONFIG] Session data copied to context
2018-10-16 09:31:21.640 [aurora.application.session_check] [CONFIG] Checking BM access gld.FND2910.gld_mapping_conds_grps_hd for operation query
2018-10-16 09:31:21.641 [aurora.application.session_check] [CONFIG] Result from aurora.bm.DefaultAccessChecker@25f9b1b6 is true
2018-10-16 09:31:21.641 [uncertain.proc] [CONFIG] [action] AccessCheck
2018-10-16 09:31:21.642 [uncertain.proc] [CONFIG] [action] CheckServiceLock
2018-10-16 09:31:21.642 [uncertain.proc] [CONFIG] [action] ParseParameter
2018-10-16 09:31:21.642 [uncertain.proc] [CONFIG] [action] ValidateInput
2018-10-16 09:31:21.642 [uncertain.proc] [CONFIG] [action] InvokeService
2018-10-16 09:31:21.642 [aurora.database] [CONFIG] ===================================== prepare to run model-query gld.FND2910.gld_mapping_conds_grps_hd==============================
2018-10-16 09:31:21.647 [uncertain.proc] [CONFIG] [action] DecideSqlGenerationMode
2018-10-16 09:31:21.647 [uncertain.proc] [FINE] aurora.database.service.BusinessModelService.onDecideSqlGenerationMode
2018-10-16 09:31:21.647 [uncertain.proc] [CONFIG] [action] CreatequeryStatement
2018-10-16 09:31:21.647 [uncertain.proc] [FINE] aurora.bm.QuerySqlCreator.onCreateQueryStatement
2018-10-16 09:31:21.647 [uncertain.proc] [CONFIG] [action] PopulatequeryStatement
2018-10-16 09:31:21.647 [uncertain.proc] [FINE] aurora.database.features.OrderByClauseCreator.onPopulateQueryStatement
2018-10-16 09:31:21.647 [uncertain.proc] [FINE] aurora.database.features.WhereClauseCreator.onPopulateQueryStatement
2018-10-16 09:31:21.647 [uncertain.proc] [CONFIG] [action] CreatequerySql
2018-10-16 09:31:21.647 [uncertain.proc] [FINE] aurora.bm.QuerySqlCreator.onCreateQuerySql
2018-10-16 09:31:21.647 [uncertain.proc] [CONFIG] [action] ExecuteQuery
2018-10-16 09:31:21.647 [uncertain.proc] [FINE] aurora.bm.QuerySqlCreator.onExecuteQuery
2018-10-16 09:31:21.648 [uncertain.proc] [CONFIG] [action] QueryFinish
2018-10-16 09:31:21.648 [uncertain.proc] [FINE] aurora.database.features.AutoQueryCounter.onQueryFinish
2018-10-16 09:31:21.648 [uncertain.proc] [CONFIG] [action] FetchResultSet
2018-10-16 09:31:21.648 [uncertain.proc] [FINE] aurora.database.features.CacheBasedLookUpField.postFetchResultSet
2018-10-16 09:31:21.648 [aurora.database] [CONFIG] 
============= BEGIN [query] SQL Statement execution dump ============
SELECT t.usage_code,t.group_name,t.description_id,(select DESCRIPTION_TEXT from fnd_descriptions where DESCRIPTION_ID=t.description_id and Language=?) AS mapping_conds_grps_description,t.priority,t.table_name,t.sys_flag
FROM gld_mapping_conds_grps_hd t
WHERE t.usage_code=? AND group_name=?
---------------------Binding info---------------------
No.1	Access path:/session/@lang	Data type of passed value :java.lang.String	Value:ZHS	Output:false	Database Type:null	
No.2	Access path:/parameter/@usage_code	Data type of passed value :java.lang.String	Value:EMPLOYEE_EXPENSE	Output:false	Database Type:null	
No.3	Access path:/parameter/@group_name	Data type of passed value :java.lang.String	Value:EMPLOYEE_EXPENSE_10	Output:false	Database Type:null	

=============== END [query] SQL Statement execution dump ============

2018-10-16 09:31:21.648 [uncertain.proc] [CONFIG] [action] CreateSuccessResponse
