2018-10-18 06:16:16.252 [aurora.application.session_check] [CONFIG] Session data copied to context
2018-10-18 06:16:16.252 [aurora.application.session_check] [CONFIG] Checking BM access gld.FND5800.gld_period_status_o_query for operation query
2018-10-18 06:16:16.255 [aurora.application.session_check] [CONFIG] Result from aurora.bm.DefaultAccessChecker@4f4cb63c is true
2018-10-18 06:16:16.255 [uncertain.proc] [CONFIG] [action] AccessCheck
2018-10-18 06:16:16.256 [uncertain.proc] [CONFIG] [action] CheckServiceLock
2018-10-18 06:16:16.256 [uncertain.proc] [CONFIG] [action] ParseParameter
2018-10-18 06:16:16.257 [uncertain.proc] [CONFIG] [action] ValidateInput
2018-10-18 06:16:16.257 [uncertain.proc] [CONFIG] [action] InvokeService
2018-10-18 06:16:16.257 [aurora.database] [CONFIG] ===================================== prepare to run model-query gld.FND5800.gld_period_status_o_query==============================
2018-10-18 06:16:16.268 [uncertain.proc] [CONFIG] [action] DecideSqlGenerationMode
2018-10-18 06:16:16.268 [uncertain.proc] [FINE] aurora.database.service.BusinessModelService.onDecideSqlGenerationMode
2018-10-18 06:16:16.268 [uncertain.proc] [CONFIG] [action] CreatequeryStatement
2018-10-18 06:16:16.268 [uncertain.proc] [FINE] aurora.bm.QuerySqlCreator.onCreateQueryStatement
2018-10-18 06:16:16.275 [uncertain.proc] [CONFIG] [action] PopulatequeryStatement
2018-10-18 06:16:16.275 [uncertain.proc] [FINE] aurora.database.features.OrderByClauseCreator.onPopulateQueryStatement
2018-10-18 06:16:16.275 [uncertain.proc] [FINE] aurora.database.features.WhereClauseCreator.onPopulateQueryStatement
2018-10-18 06:16:16.275 [uncertain.proc] [CONFIG] [action] CreatequerySql
2018-10-18 06:16:16.275 [uncertain.proc] [FINE] aurora.bm.QuerySqlCreator.onCreateQuerySql
2018-10-18 06:16:16.275 [uncertain.proc] [CONFIG] [action] ExecuteQuery
2018-10-18 06:16:16.275 [uncertain.proc] [FINE] aurora.bm.QuerySqlCreator.onExecuteQuery
2018-10-18 06:16:16.310 [uncertain.proc] [CONFIG] [action] QueryFinish
2018-10-18 06:16:16.310 [uncertain.proc] [FINE] aurora.database.features.AutoQueryCounter.onQueryFinish
2018-10-18 06:16:16.310 [uncertain.proc] [CONFIG] [action] FetchResultSet
2018-10-18 06:16:16.310 [uncertain.proc] [FINE] aurora.database.features.CacheBasedLookUpField.postFetchResultSet
2018-10-18 06:16:16.313 [aurora.database] [CONFIG] 
============= BEGIN [query] SQL Statement execution dump ============
SELECT gps.period_set_code,gps.company_id,gps.period_name,gps.internal_period_num,decode(gps.period_status_code,null,'u',gps.period_status_code) AS period_status_code,to_char(gp.start_date, 'yyyy-mm-dd') AS start_date_c,to_char(gp.end_date, 'yyyy-mm-dd') AS end_date_c,gp.period_year,gp.period_num,gp.start_date,gp.end_date,gp.quarter_num,gp.adjustment_flag
FROM GLD_PERIOD_STATUS gps
	INNER JOIN GLD_PERIODS gp ON gps.internal_period_num = gp.internal_period_num AND gps.period_set_code = gp.period_set_code
WHERE gps.period_set_code = ? AND gps.company_id = ?
ORDER BY period_year asc,period_num asc
---------------------Binding info---------------------
No.1	Access path:@period_set_code	Data type of passed value :java.lang.String	Value:CCBL_PERIOD	Output:false	Database Type:null	
No.2	Access path:/session/@company_id	Data type of passed value :java.lang.String	Value:835	Output:false	Database Type:null	

=============== END [query] SQL Statement execution dump ============

2018-10-18 06:16:16.313 [uncertain.proc] [CONFIG] [action] CreateSuccessResponse
