2018-10-10 06:42:00.718 [aurora.application.session_check] [CONFIG] Session data copied to context
2018-10-10 06:42:00.718 [aurora.application.session_check] [CONFIG] Checking BM access gld.GLD5010.gld_work_order_accounts for operation query
2018-10-10 06:42:00.719 [aurora.application.session_check] [CONFIG] Result from aurora.bm.DefaultAccessChecker@623d85b7 is true
2018-10-10 06:42:00.719 [uncertain.proc] [CONFIG] [action] AccessCheck
2018-10-10 06:42:00.721 [uncertain.proc] [CONFIG] [action] CheckServiceLock
2018-10-10 06:42:00.721 [uncertain.proc] [CONFIG] [action] ParseParameter
2018-10-10 06:42:00.721 [uncertain.proc] [CONFIG] [action] ValidateInput
2018-10-10 06:42:00.721 [uncertain.proc] [CONFIG] [action] InvokeService
2018-10-10 06:42:00.721 [aurora.database] [CONFIG] ===================================== prepare to run model-query gld.GLD5010.gld_work_order_accounts==============================
2018-10-10 06:42:00.744 [uncertain.proc] [CONFIG] [action] DecideSqlGenerationMode
2018-10-10 06:42:00.744 [uncertain.proc] [FINE] aurora.database.service.BusinessModelService.onDecideSqlGenerationMode
2018-10-10 06:42:00.744 [uncertain.proc] [CONFIG] [action] CreatequeryStatement
2018-10-10 06:42:00.744 [uncertain.proc] [FINE] aurora.bm.QuerySqlCreator.onCreateQueryStatement
2018-10-10 06:42:00.744 [uncertain.proc] [CONFIG] [action] PopulatequeryStatement
2018-10-10 06:42:00.744 [uncertain.proc] [FINE] aurora.database.features.OrderByClauseCreator.onPopulateQueryStatement
2018-10-10 06:42:00.744 [uncertain.proc] [FINE] aurora.database.features.WhereClauseCreator.onPopulateQueryStatement
2018-10-10 06:42:00.744 [uncertain.proc] [CONFIG] [action] CreatequerySql
2018-10-10 06:42:00.744 [uncertain.proc] [FINE] aurora.bm.QuerySqlCreator.onCreateQuerySql
2018-10-10 06:42:00.744 [uncertain.proc] [CONFIG] [action] ExecuteQuery
2018-10-10 06:42:00.744 [uncertain.proc] [FINE] aurora.bm.QuerySqlCreator.onExecuteQuery
2018-10-10 06:42:00.746 [uncertain.proc] [CONFIG] [action] QueryFinish
2018-10-10 06:42:00.746 [uncertain.proc] [FINE] aurora.database.features.AutoQueryCounter.onQueryFinish
2018-10-10 06:42:00.747 [uncertain.proc] [CONFIG] [action] FetchResultSet
2018-10-10 06:42:00.747 [uncertain.proc] [FINE] aurora.database.features.CacheBasedLookUpField.postFetchResultSet
2018-10-10 06:42:00.747 [aurora.database] [CONFIG] 
============= BEGIN [query] SQL Statement execution dump ============
SELECT t1.WORK_ORDER_JE_LINE_ID,t1.WORK_ORDER_HEADER_ID,t1.WORK_ORDER_LINE_ID,t1.JOURNAL_DATE,t1.PERIOD_NAME,t1.ACCOUNT_ID,t1.COMPANY_ID,t1.RESPONSIBILITY_CENTER_ID,t1.ACCOUNT_SEGMENT1,t1.ACCOUNT_SEGMENT2,t1.ACCOUNT_SEGMENT3,t1.ACCOUNT_SEGMENT4,t1.ACCOUNT_SEGMENT5,t1.ACCOUNT_SEGMENT6,t1.ACCOUNT_SEGMENT7,t1.ACCOUNT_SEGMENT8,t1.ACCOUNT_SEGMENT9,t1.ACCOUNT_SEGMENT10,t1.ACCOUNT_SEGMENT11,t1.ACCOUNT_SEGMENT12,t1.ACCOUNT_SEGMENT13,t1.ACCOUNT_SEGMENT14,t1.ACCOUNT_SEGMENT15,t1.ACCOUNT_SEGMENT16,t1.ACCOUNT_SEGMENT17,t1.ACCOUNT_SEGMENT18,t1.ACCOUNT_SEGMENT19,t1.ACCOUNT_SEGMENT20,t1.CURRENCY_CODE,t1.EXCHANGE_RATE_TYPE,t1.EXCHANGE_RATE_QUOTATION,t1.EXCHANGE_RATE,t1.ENTERED_AMOUNT_DR,t1.ENTERED_AMOUNT_CR,t1.FUNCTIONAL_AMOUNT_DR,t1.FUNCTIONAL_AMOUNT_CR,t1.GLD_INTERFACE_FLAG,(select company_short_name from fnd_companies_vl f where f.company_id = t1.company_id) AS company_name,(select c.ACCOUNT_CODE from gld_accounts_vl c where c.account_id = t1.account_id) AS account_code,(select c.ACCOUNT_CODE||'-'||c.description from gld_accounts_vl c where c.account_id = t1.account_id) AS account_name,(select f.responsibility_center_code from fnd_responsibility_centers_vl f where f.responsibility_center_id= t1.responsibility_center_id) AS responsibility_center_code,(select f.responsibility_center_code||'-'||f.responsibility_center_name from fnd_responsibility_centers_vl f where f.responsibility_center_id= t1.responsibility_center_id) AS responsibility_center_name,t1.DESCRIPTION
FROM GLD_WORK_ORDER_ACCOUNTS t1
WHERE t1.work_order_header_id = ? AND t1.work_order_header_id = ?
---------------------Binding info---------------------
No.1	Access path:@work_order_header_id	Data type of passed value :java.lang.String	Value:561	Output:false	Database Type:null	
No.2	Access path:@work_order_header_id	Data type of passed value :java.lang.String	Value:561	Output:false	Database Type:null	

=============== END [query] SQL Statement execution dump ============

2018-10-10 06:42:00.747 [uncertain.proc] [CONFIG] [action] CreateSuccessResponse
