2018-10-15 09:46:43.667 [aurora.application.session_check] [CONFIG] Session data copied to context
2018-10-15 09:46:43.668 [aurora.application.session_check] [CONFIG] Checking BM access gld.FND2910.gld_usage_codes for operation query
2018-10-15 09:46:43.668 [aurora.application.session_check] [CONFIG] Result from aurora.bm.DefaultAccessChecker@1eced5da is true
2018-10-15 09:46:43.668 [uncertain.proc] [CONFIG] [action] AccessCheck
2018-10-15 09:46:43.670 [uncertain.proc] [CONFIG] [action] CheckServiceLock
2018-10-15 09:46:43.670 [uncertain.proc] [CONFIG] [action] ParseParameter
2018-10-15 09:46:43.670 [uncertain.proc] [CONFIG] [action] ValidateInput
2018-10-15 09:46:43.670 [uncertain.proc] [CONFIG] [action] InvokeService
2018-10-15 09:46:43.670 [aurora.database] [CONFIG] ===================================== prepare to run model-query gld.FND2910.gld_usage_codes==============================
2018-10-15 09:46:43.675 [uncertain.proc] [CONFIG] [action] DecideSqlGenerationMode
2018-10-15 09:46:43.676 [uncertain.proc] [FINE] aurora.database.service.BusinessModelService.onDecideSqlGenerationMode
2018-10-15 09:46:43.676 [uncertain.proc] [CONFIG] [action] CreatequeryStatement
2018-10-15 09:46:43.676 [uncertain.proc] [FINE] aurora.bm.QuerySqlCreator.onCreateQueryStatement
2018-10-15 09:46:43.676 [uncertain.proc] [CONFIG] [action] PopulatequeryStatement
2018-10-15 09:46:43.676 [uncertain.proc] [FINE] aurora.database.features.OrderByClauseCreator.onPopulateQueryStatement
2018-10-15 09:46:43.676 [uncertain.proc] [FINE] aurora.database.features.WhereClauseCreator.onPopulateQueryStatement
2018-10-15 09:46:43.676 [uncertain.proc] [CONFIG] [action] CreatequerySql
2018-10-15 09:46:43.676 [uncertain.proc] [FINE] aurora.bm.QuerySqlCreator.onCreateQuerySql
2018-10-15 09:46:43.676 [uncertain.proc] [CONFIG] [action] ExecuteQuery
2018-10-15 09:46:43.676 [uncertain.proc] [FINE] aurora.bm.QuerySqlCreator.onExecuteQuery
2018-10-15 09:46:43.676 [uncertain.proc] [CONFIG] [action] QueryFinish
2018-10-15 09:46:43.676 [uncertain.proc] [FINE] aurora.database.features.AutoQueryCounter.onQueryFinish
2018-10-15 09:46:43.676 [uncertain.proc] [CONFIG] [action] FetchResultSet
2018-10-15 09:46:43.677 [uncertain.proc] [FINE] aurora.database.features.CacheBasedLookUpField.postFetchResultSet
2018-10-15 09:46:43.677 [aurora.database] [CONFIG] 
============= BEGIN [query] SQL Statement execution dump ============
SELECT u.usage_code,u.description_id,(select DESCRIPTION_TEXT from fnd_descriptions where DESCRIPTION_ID=u.description_id and Language=?) AS usage_codes_description
FROM gld_usage_codes u
WHERE u.usage_code = ?
---------------------Binding info---------------------
No.1	Access path:/session/@lang	Data type of passed value :java.lang.String	Value:ZHS	Output:false	Database Type:null	
No.2	Access path:/parameter/@usage_code_hd	Data type of passed value :java.lang.String	Value:ACP_INVOICE_CLEARING	Output:false	Database Type:null	

=============== END [query] SQL Statement execution dump ============

2018-10-15 09:46:43.677 [uncertain.proc] [CONFIG] [action] CreateSuccessResponse
