2018-10-12 02:20:22.561 [aurora.application.session_check] [CONFIG] Session data copied to context
2018-10-12 02:20:22.561 [aurora.application.session_check] [CONFIG] Checking BM access gld.gld_currency_vl for operation query
2018-10-12 02:20:22.562 [aurora.application.session_check] [CONFIG] Result from aurora.bm.DefaultAccessChecker@6eabcb74 is true
2018-10-12 02:20:22.562 [uncertain.proc] [CONFIG] [action] AccessCheck
2018-10-12 02:20:22.563 [uncertain.proc] [CONFIG] [action] CheckServiceLock
2018-10-12 02:20:22.563 [uncertain.proc] [CONFIG] [action] ParseParameter
2018-10-12 02:20:22.563 [uncertain.proc] [CONFIG] [action] ValidateInput
2018-10-12 02:20:22.563 [uncertain.proc] [CONFIG] [action] InvokeService
2018-10-12 02:20:22.564 [aurora.database] [CONFIG] ===================================== prepare to run model-query gld.gld_currency_vl==============================
2018-10-12 02:20:22.567 [uncertain.proc] [CONFIG] [action] DecideSqlGenerationMode
2018-10-12 02:20:22.567 [uncertain.proc] [FINE] aurora.database.service.BusinessModelService.onDecideSqlGenerationMode
2018-10-12 02:20:22.567 [uncertain.proc] [CONFIG] [action] CreatequeryStatement
2018-10-12 02:20:22.567 [uncertain.proc] [FINE] aurora.bm.QuerySqlCreator.onCreateQueryStatement
2018-10-12 02:20:22.567 [uncertain.proc] [CONFIG] [action] PopulatequeryStatement
2018-10-12 02:20:22.567 [uncertain.proc] [FINE] aurora.database.features.OrderByClauseCreator.onPopulateQueryStatement
2018-10-12 02:20:22.567 [uncertain.proc] [FINE] aurora.database.features.WhereClauseCreator.onPopulateQueryStatement
2018-10-12 02:20:22.568 [uncertain.proc] [CONFIG] [action] CreatequerySql
2018-10-12 02:20:22.568 [uncertain.proc] [FINE] aurora.bm.QuerySqlCreator.onCreateQuerySql
2018-10-12 02:20:22.568 [uncertain.proc] [CONFIG] [action] ExecuteQuery
2018-10-12 02:20:22.568 [uncertain.proc] [FINE] aurora.bm.QuerySqlCreator.onExecuteQuery
2018-10-12 02:20:22.569 [uncertain.proc] [CONFIG] [action] QueryFinish
2018-10-12 02:20:22.569 [uncertain.proc] [FINE] aurora.database.features.AutoQueryCounter.onQueryFinish
2018-10-12 02:20:22.571 [uncertain.proc] [CONFIG] [action] FetchResultSet
2018-10-12 02:20:22.571 [uncertain.proc] [FINE] aurora.database.features.CacheBasedLookUpField.postFetchResultSet
2018-10-12 02:20:22.571 [aurora.database] [CONFIG] 
============= BEGIN [query] SQL Statement execution dump ============
SELECT t1.ROW_ID,t1.CURRENCY_CODE,t1.ENABLED_FLAG,t1.CURRENCY_NAME,t1.COUNTRY_CODE,t1.PRECISION,t1.TRANSACTION_PRECISION,t1.CURRENCY_SYMBOL
FROM GLD_CURRENCY_VL t1
WHERE  t1.ENABLED_FLAG ='Y'
ORDER BY currency_code
---------------------Binding info---------------------
null
=============== END [query] SQL Statement execution dump ============

2018-10-12 02:20:22.571 [uncertain.proc] [CONFIG] [action] CreateSuccessResponse
