2018-10-15 08:51:11.71 [aurora.application.session_check] [CONFIG] Session data copied to context
2018-10-15 08:51:11.71 [aurora.application.session_check] [CONFIG] Checking BM access gld.gld_account_sets for operation query
2018-10-15 08:51:11.72 [aurora.application.session_check] [CONFIG] Result from aurora.bm.DefaultAccessChecker@6530253e is true
2018-10-15 08:51:11.73 [uncertain.proc] [CONFIG] [action] AccessCheck
2018-10-15 08:51:11.74 [uncertain.proc] [CONFIG] [action] CheckServiceLock
2018-10-15 08:51:11.74 [uncertain.proc] [CONFIG] [action] ParseParameter
2018-10-15 08:51:11.74 [uncertain.proc] [CONFIG] [action] ValidateInput
2018-10-15 08:51:11.74 [uncertain.proc] [CONFIG] [action] InvokeService
2018-10-15 08:51:11.74 [aurora.database] [CONFIG] ===================================== prepare to run model-query gld.gld_account_sets==============================
2018-10-15 08:51:11.83 [uncertain.proc] [CONFIG] [action] DecideSqlGenerationMode
2018-10-15 08:51:11.83 [uncertain.proc] [FINE] aurora.database.service.BusinessModelService.onDecideSqlGenerationMode
2018-10-15 08:51:11.83 [uncertain.proc] [CONFIG] [action] CreatequeryStatement
2018-10-15 08:51:11.83 [uncertain.proc] [FINE] aurora.bm.QuerySqlCreator.onCreateQueryStatement
2018-10-15 08:51:11.86 [uncertain.proc] [CONFIG] [action] PopulatequeryStatement
2018-10-15 08:51:11.86 [uncertain.proc] [FINE] aurora.database.features.OrderByClauseCreator.onPopulateQueryStatement
2018-10-15 08:51:11.86 [uncertain.proc] [FINE] aurora.database.features.WhereClauseCreator.onPopulateQueryStatement
2018-10-15 08:51:11.86 [uncertain.proc] [CONFIG] [action] CreatequerySql
2018-10-15 08:51:11.86 [uncertain.proc] [FINE] aurora.bm.QuerySqlCreator.onCreateQuerySql
2018-10-15 08:51:11.86 [uncertain.proc] [CONFIG] [action] ExecuteQuery
2018-10-15 08:51:11.86 [uncertain.proc] [FINE] aurora.bm.QuerySqlCreator.onExecuteQuery
2018-10-15 08:51:11.90 [uncertain.proc] [CONFIG] [action] QueryFinish
2018-10-15 08:51:11.90 [uncertain.proc] [FINE] aurora.database.features.AutoQueryCounter.onQueryFinish
2018-10-15 08:51:11.90 [uncertain.proc] [CONFIG] [action] FetchResultSet
2018-10-15 08:51:11.90 [uncertain.proc] [FINE] aurora.database.features.CacheBasedLookUpField.postFetchResultSet
2018-10-15 08:51:11.92 [aurora.database] [CONFIG] 
============= BEGIN [query] SQL Statement execution dump ============
SELECT gas.account_set_id,gas.account_set_code,gas.account_set_name_id,(select DESCRIPTION_TEXT from fnd_descriptions where DESCRIPTION_ID=gas.account_set_name_id and Language=?) AS account_set_name,gas.coa_structure_id,(select DESCRIPTION_TEXT from fnd_descriptions where DESCRIPTION_ID=gcs.description_id and Language=?) AS description,gcs.coa_structure_code,gcs.description_id,gcs.structure_format
FROM gld_account_sets gas
	INNER JOIN gld_coa_structure gcs ON gas.coa_structure_id = gcs.coa_structure_id

ORDER BY account_set_code
---------------------Binding info---------------------
No.1	Access path:/session/@lang	Data type of passed value :java.lang.String	Value:ZHS	Output:false	Database Type:null	
No.2	Access path:/session/@lang	Data type of passed value :java.lang.String	Value:ZHS	Output:false	Database Type:null	

=============== END [query] SQL Statement execution dump ============

2018-10-15 08:51:11.92 [uncertain.proc] [CONFIG] [action] CreateSuccessResponse
