2018-10-10 06:31:07.451 [aurora.application.session_check] [CONFIG] Session data copied to context
2018-10-10 06:31:07.451 [aurora.application.session_check] [CONFIG] Checking BM access gld.GLD5010.gld_period_lov for operation query
2018-10-10 06:31:07.454 [aurora.application.session_check] [CONFIG] Result from aurora.bm.DefaultAccessChecker@62023964 is true
2018-10-10 06:31:07.454 [uncertain.proc] [CONFIG] [action] AccessCheck
2018-10-10 06:31:07.456 [uncertain.proc] [CONFIG] [action] CheckServiceLock
2018-10-10 06:31:07.456 [uncertain.proc] [CONFIG] [action] ParseParameter
2018-10-10 06:31:07.456 [uncertain.proc] [CONFIG] [action] ValidateInput
2018-10-10 06:31:07.456 [uncertain.proc] [CONFIG] [action] InvokeService
2018-10-10 06:31:07.456 [aurora.database] [CONFIG] ===================================== prepare to run model-query gld.GLD5010.gld_period_lov==============================
2018-10-10 06:31:07.459 [uncertain.proc] [CONFIG] [action] DecideSqlGenerationMode
2018-10-10 06:31:07.459 [uncertain.proc] [FINE] aurora.database.service.BusinessModelService.onDecideSqlGenerationMode
2018-10-10 06:31:07.459 [uncertain.proc] [CONFIG] [action] CreateOperationSql
2018-10-10 06:31:07.459 [uncertain.proc] [CONFIG] [action] PopulateOperationSql
2018-10-10 06:31:07.459 [uncertain.proc] [FINE] aurora.database.features.OrderByClauseCreator.onPopulateOperationSql
2018-10-10 06:31:07.459 [uncertain.proc] [FINE] aurora.database.features.WhereClauseCreator.onPopulateOperationSql
2018-10-10 06:31:07.459 [uncertain.proc] [CONFIG] [action] ExecuteQuery
2018-10-10 06:31:07.459 [uncertain.proc] [FINE] aurora.bm.QuerySqlCreator.onExecuteQuery
2018-10-10 06:31:07.463 [uncertain.proc] [CONFIG] [action] QueryFinish
2018-10-10 06:31:07.463 [uncertain.proc] [FINE] aurora.database.features.AutoQueryCounter.onQueryFinish
2018-10-10 06:31:07.463 [uncertain.proc] [CONFIG] [action] FetchResultSet
2018-10-10 06:31:07.463 [uncertain.proc] [FINE] aurora.database.features.CacheBasedLookUpField.postFetchResultSet
2018-10-10 06:31:07.463 [aurora.database] [CONFIG] 
============= BEGIN [query] SQL Statement execution dump ============

                SELECT
                    v.period_name
                FROM
                    gld_period_status_v v
                WHERE
                    v.period_set_code =
                    (SELECT
                        b.period_set_code
                    FROM
                        gld_set_of_books b
                    WHERE
                        b.set_of_books_id =
                        (SELECT
                            f.set_of_books_id
                        FROM
                            fnd_companies f
                        WHERE
                            f.company_id =?
                        )
                    ) AND
                    v.company_id         = ? AND
                    v.period_status_code = 'O'
            
---------------------Binding info---------------------
No.1	Access path:/session/@company_id	Data type of passed value :java.lang.Integer	Value:835	Output:false	Database Type:null	
No.2	Access path:/session/@company_id	Data type of passed value :java.lang.Integer	Value:835	Output:false	Database Type:null	

=============== END [query] SQL Statement execution dump ============

2018-10-10 06:31:07.463 [uncertain.proc] [CONFIG] [action] CreateSuccessResponse
