2018-10-10 06:31:19.684 [aurora.application.session_check] [CONFIG] Session data copied to context
2018-10-10 06:31:19.685 [aurora.application.session_check] [CONFIG] Checking BM access gld.GLD5010.gld_work_order_accounts_lov_wlzq for operation query
2018-10-10 06:31:19.685 [aurora.application.session_check] [CONFIG] Result from aurora.bm.DefaultAccessChecker@100de26b is true
2018-10-10 06:31:19.685 [uncertain.proc] [CONFIG] [action] AccessCheck
2018-10-10 06:31:19.687 [uncertain.proc] [CONFIG] [action] CheckServiceLock
2018-10-10 06:31:19.687 [uncertain.proc] [CONFIG] [action] ParseParameter
2018-10-10 06:31:19.687 [uncertain.proc] [CONFIG] [action] ValidateInput
2018-10-10 06:31:19.687 [uncertain.proc] [CONFIG] [action] InvokeService
2018-10-10 06:31:19.687 [aurora.database] [CONFIG] ===================================== prepare to run model-query gld.GLD5010.gld_work_order_accounts_lov_wlzq==============================
2018-10-10 06:31:19.690 [uncertain.proc] [CONFIG] [action] DecideSqlGenerationMode
2018-10-10 06:31:19.690 [uncertain.proc] [FINE] aurora.database.service.BusinessModelService.onDecideSqlGenerationMode
2018-10-10 06:31:19.690 [uncertain.proc] [CONFIG] [action] CreateOperationSql
2018-10-10 06:31:19.690 [uncertain.proc] [CONFIG] [action] PopulateOperationSql
2018-10-10 06:31:19.690 [uncertain.proc] [FINE] aurora.database.features.OrderByClauseCreator.onPopulateOperationSql
2018-10-10 06:31:19.690 [uncertain.proc] [FINE] aurora.database.features.WhereClauseCreator.onPopulateOperationSql
2018-10-10 06:31:19.690 [uncertain.proc] [CONFIG] [action] ExecuteQuery
2018-10-10 06:31:19.690 [uncertain.proc] [FINE] aurora.bm.QuerySqlCreator.onExecuteQuery
2018-10-10 06:31:19.710 [uncertain.proc] [CONFIG] [action] QueryFinish
2018-10-10 06:31:19.710 [uncertain.proc] [FINE] aurora.database.features.AutoQueryCounter.onQueryFinish
2018-10-10 06:31:19.711 [uncertain.proc] [CONFIG] [action] FetchResultSet
2018-10-10 06:31:19.711 [uncertain.proc] [FINE] aurora.database.features.CacheBasedLookUpField.postFetchResultSet
2018-10-10 06:31:19.711 [aurora.database] [CONFIG] 
============= BEGIN [query] SQL Statement execution dump ============

                SELECT
                    *
                FROM
                    (SELECT
                        t1.account_id,
                        t1.enabled_flag,
                        (SELECT
                            v.ACCOUNT_CODE
                        FROM
                            gld_accounts_vl v
                        WHERE
                            v.account_id=t1.account_id
                        )account_code,
                        (SELECT
                            v.description
                        FROM
                            gld_accounts_vl v
                        WHERE
                            v.account_id=t1.account_id
                        )account_name,
                        (SELECT
                            v.account_code
                            ||'-'
                            ||v.description
                        FROM
                            gld_accounts_vl v
                        WHERE
                            v.account_id=t1.account_id
                        ) account_desc,
                        t1.budget_item_id,
			               (SELECT bbi.budget_item_code
			                  FROM bgt_budget_items bbi
			                 WHERE bbi.budget_item_id = t1.budget_item_id) budget_item_code,
			               (SELECT bbi.description
			                  FROM bgt_budget_items_vl bbi
			                 WHERE bbi.budget_item_id = t1.budget_item_id) budget_item_name
                    FROM
                        gld_accounts t1
                    )t 
                 order by t.account_code
            
---------------------Binding info---------------------
null
=============== END [query] SQL Statement execution dump ============

2018-10-10 06:31:19.711 [uncertain.proc] [CONFIG] [action] CreateSuccessResponse
