2018-10-15 06:42:27.585 [aurora.application.session_check] [CONFIG] Session data copied to context
2018-10-15 06:42:27.585 [aurora.application.session_check] [CONFIG] Checking BM access gld.FND2140.gld_company_accounts_query for operation query
2018-10-15 06:42:27.587 [aurora.application.session_check] [CONFIG] Result from aurora.bm.DefaultAccessChecker@33d7208e is true
2018-10-15 06:42:27.587 [uncertain.proc] [CONFIG] [action] AccessCheck
2018-10-15 06:42:27.588 [uncertain.proc] [CONFIG] [action] CheckServiceLock
2018-10-15 06:42:27.589 [uncertain.proc] [CONFIG] [action] ParseParameter
2018-10-15 06:42:27.589 [uncertain.proc] [CONFIG] [action] ValidateInput
2018-10-15 06:42:27.589 [uncertain.proc] [CONFIG] [action] InvokeService
2018-10-15 06:42:27.589 [aurora.database] [CONFIG] ===================================== prepare to run model-query gld.FND2140.gld_company_accounts_query==============================
2018-10-15 06:42:27.599 [uncertain.proc] [CONFIG] [action] DecideSqlGenerationMode
2018-10-15 06:42:27.599 [uncertain.proc] [FINE] aurora.database.service.BusinessModelService.onDecideSqlGenerationMode
2018-10-15 06:42:27.599 [uncertain.proc] [CONFIG] [action] CreatequeryStatement
2018-10-15 06:42:27.599 [uncertain.proc] [FINE] aurora.bm.QuerySqlCreator.onCreateQueryStatement
2018-10-15 06:42:27.602 [uncertain.proc] [CONFIG] [action] PopulatequeryStatement
2018-10-15 06:42:27.602 [uncertain.proc] [FINE] aurora.database.features.OrderByClauseCreator.onPopulateQueryStatement
2018-10-15 06:42:27.602 [uncertain.proc] [FINE] aurora.database.features.WhereClauseCreator.onPopulateQueryStatement
2018-10-15 06:42:27.602 [uncertain.proc] [CONFIG] [action] CreatequerySql
2018-10-15 06:42:27.602 [uncertain.proc] [FINE] aurora.bm.QuerySqlCreator.onCreateQuerySql
2018-10-15 06:42:27.602 [uncertain.proc] [CONFIG] [action] ExecuteQuery
2018-10-15 06:42:27.602 [uncertain.proc] [FINE] aurora.bm.QuerySqlCreator.onExecuteQuery
2018-10-15 06:42:27.841 [uncertain.proc] [CONFIG] [action] QueryFinish
2018-10-15 06:42:27.841 [uncertain.proc] [FINE] aurora.database.features.AutoQueryCounter.onQueryFinish
2018-10-15 06:42:27.989 [uncertain.proc] [CONFIG] [action] FetchResultSet
2018-10-15 06:42:27.989 [uncertain.proc] [FINE] aurora.database.features.CacheBasedLookUpField.postFetchResultSet
2018-10-15 06:42:27.991 [aurora.database] [CONFIG] 
============= BEGIN [query] SQL Statement execution dump ============
SELECT gca.rowid,gca.set_of_books_id,gca.company_id,gca.account_id,gca.functional_currency_code,gca.enabled_flag,gca.subsystem_flag,(select DESCRIPTION_TEXT from fnd_descriptions where DESCRIPTION_ID=cpy.company_short_name_id and Language=?) AS company_short_name,cpy.company_short_name_id,cpy.company_code
FROM gld_company_accounts gca
	INNER JOIN fnd_companies cpy ON gca.company_id = cpy.company_id
WHERE gca.account_id = ? AND gca.set_of_books_id = ?
---------------------Binding info---------------------
No.1	Access path:/session/@lang	Data type of passed value :java.lang.String	Value:ZHS	Output:false	Database Type:null	
No.2	Access path:@account_id	Data type of passed value :java.lang.Long	Value:52	Output:false	Database Type:null	
No.3	Access path:@set_of_books_id	Data type of passed value :java.lang.Long	Value:122	Output:false	Database Type:null	

=============== END [query] SQL Statement execution dump ============

2018-10-15 06:42:27.991 [uncertain.proc] [CONFIG] [action] CreateSuccessResponse
