2018-10-18 06:15:37.995 [uncertain.core] [SEVERE] Error when executing service /excs/modules/bgt/public/bgt_journal_create_standard.screen
java.sql.SQLException: ORA-01427: 单行子查询返回多个行

	at oracle.jdbc.driver.T4CTTIoer.processError(T4CTTIoer.java:450)
	at oracle.jdbc.driver.T4CTTIoer.processError(T4CTTIoer.java:399)
	at oracle.jdbc.driver.T4C8Oall.processError(T4C8Oall.java:1059)
	at oracle.jdbc.driver.T4CTTIfun.receive(T4CTTIfun.java:522)
	at oracle.jdbc.driver.T4CTTIfun.doRPC(T4CTTIfun.java:257)
	at oracle.jdbc.driver.T4C8Oall.doOALL(T4C8Oall.java:587)
	at oracle.jdbc.driver.T4CCallableStatement.doOall8(T4CCallableStatement.java:220)
	at oracle.jdbc.driver.T4CCallableStatement.doOall8(T4CCallableStatement.java:48)
	at oracle.jdbc.driver.T4CCallableStatement.executeForDescribe(T4CCallableStatement.java:769)
	at oracle.jdbc.driver.OracleStatement.executeMaybeDescribe(OracleStatement.java:925)
	at oracle.jdbc.driver.OracleStatement.doExecuteWithTimeout(OracleStatement.java:1111)
	at oracle.jdbc.driver.OraclePreparedStatement.executeInternal(OraclePreparedStatement.java:4798)
	at oracle.jdbc.driver.OraclePreparedStatement.executeQuery(OraclePreparedStatement.java:4845)
	at oracle.jdbc.driver.OraclePreparedStatementWrapper.executeQuery(OraclePreparedStatementWrapper.java:1501)
	at com.mchange.v2.c3p0.impl.NewProxyCallableStatement.executeQuery(NewProxyCallableStatement.java:2131)
	at aurora.database.SqlRunner.query(SqlRunner.java:248)
	at aurora.bm.QuerySqlCreator.onExecuteQuery(QuerySqlCreator.java:176)
	at sun.reflect.GeneratedMethodAccessor1262.invoke(Unknown Source)
	at sun.reflect.DelegatingMethodAccessorImpl.invoke(DelegatingMethodAccessorImpl.java:43)
	at java.lang.reflect.Method.invoke(Method.java:498)
	at uncertain.event.ReflectionMethodHandle.handleEvent(ReflectionMethodHandle.java:92)
	at uncertain.event.ReflectionMethodHandle.handleEvent(ReflectionMethodHandle.java:49)
	at uncertain.event.Configuration.fireEventInternal(Configuration.java:450)
	at uncertain.event.Configuration.fireEvent(Configuration.java:388)
	at uncertain.proc.ProcedureRunner.fireEvent(ProcedureRunner.java:352)
	at uncertain.proc.Action.run(Action.java:171)
	at uncertain.proc.ProcedureRunner.run(ProcedureRunner.java:289)
	at uncertain.proc.ProcedureRunner.run(ProcedureRunner.java:330)
	at uncertain.proc.Procedure.run(Procedure.java:101)
	at uncertain.proc.ProcedureRunner.run(ProcedureRunner.java:277)
	at aurora.database.service.BusinessModelService.query(BusinessModelService.java:196)
	at aurora.database.actions.ModelQuery.doQuery(ModelQuery.java:80)
	at aurora.database.actions.AbstractQueryAction.query(AbstractQueryAction.java:164)
	at aurora.database.actions.AbstractQueryAction.run(AbstractQueryAction.java:187)
	at uncertain.proc.ProcedureRunner.run(ProcedureRunner.java:289)
	at uncertain.proc.ProcedureRunner.run(ProcedureRunner.java:330)
	at uncertain.proc.Procedure.run(Procedure.java:101)
	at uncertain.proc.ProcedureRunner.run(ProcedureRunner.java:277)
	at aurora.application.features.AbstractProcedureInvoker.runProcedure(AbstractProcedureInvoker.java:41)
	at aurora.application.features.InitProcedureInvoker.doInvoke(InitProcedureInvoker.java:34)
	at aurora.application.features.InitProcedureInvoker.onCreateModel(InitProcedureInvoker.java:38)
	at sun.reflect.GeneratedMethodAccessor1386.invoke(Unknown Source)
	at sun.reflect.DelegatingMethodAccessorImpl.invoke(DelegatingMethodAccessorImpl.java:43)
	at java.lang.reflect.Method.invoke(Method.java:498)
	at uncertain.event.ReflectionMethodHandle.handleEvent(ReflectionMethodHandle.java:92)
	at uncertain.event.ReflectionMethodHandle.handleEvent(ReflectionMethodHandle.java:49)
	at uncertain.event.Configuration.fireEventInternal(Configuration.java:450)
	at uncertain.event.Configuration.fireEvent(Configuration.java:388)
	at uncertain.proc.ProcedureRunner.fireEvent(ProcedureRunner.java:352)
	at uncertain.proc.Action.run(Action.java:171)
	at uncertain.proc.ProcedureRunner.run(ProcedureRunner.java:289)
	at uncertain.proc.ProcedureRunner.run(ProcedureRunner.java:330)
	at uncertain.proc.Procedure.run(Procedure.java:101)
	at uncertain.proc.Switch.run(Switch.java:90)
	at uncertain.proc.ProcedureRunner.run(ProcedureRunner.java:289)
	at uncertain.proc.ProcedureRunner.run(ProcedureRunner.java:330)
	at uncertain.proc.Procedure.run(Procedure.java:101)
	at uncertain.proc.ProcedureRunner.run(ProcedureRunner.java:277)
	at aurora.service.ServiceInstance.invoke(ServiceInstance.java:133)
	at aurora.service.http.AbstractFacadeServlet.doService(AbstractFacadeServlet.java:158)
	at aurora.service.http.AbstractFacadeServlet.doPost(AbstractFacadeServlet.java:97)
	at javax.servlet.http.HttpServlet.service(HttpServlet.java:751)
	at javax.servlet.http.HttpServlet.service(HttpServlet.java:844)
	at weblogic.servlet.internal.StubSecurityHelper$ServletServiceAction.run(StubSecurityHelper.java:280)
	at weblogic.servlet.internal.StubSecurityHelper$ServletServiceAction.run(StubSecurityHelper.java:254)
	at weblogic.servlet.internal.StubSecurityHelper.invokeServlet(StubSecurityHelper.java:136)
	at weblogic.servlet.internal.ServletStubImpl.execute(ServletStubImpl.java:346)
	at weblogic.servlet.internal.ServletStubImpl.execute(ServletStubImpl.java:243)
	at weblogic.servlet.internal.WebAppServletContext$ServletInvocationAction.wrapRun(WebAppServletContext.java:3432)
	at weblogic.servlet.internal.WebAppServletContext$ServletInvocationAction.run(WebAppServletContext.java:3402)
	at weblogic.security.acl.internal.AuthenticatedSubject.doAs(AuthenticatedSubject.java:321)
	at weblogic.security.service.SecurityManager.runAs(SecurityManager.java:120)
	at weblogic.servlet.provider.WlsSubjectHandle.run(WlsSubjectHandle.java:57)
	at weblogic.servlet.internal.WebAppServletContext.doSecuredExecute(WebAppServletContext.java:2285)
	at weblogic.servlet.internal.WebAppServletContext.securedExecute(WebAppServletContext.java:2201)
	at weblogic.servlet.internal.WebAppServletContext.execute(WebAppServletContext.java:2179)
	at weblogic.servlet.internal.ServletRequestImpl.run(ServletRequestImpl.java:1572)
	at weblogic.servlet.provider.ContainerSupportProviderImpl$WlsRequestExecutor.run(ContainerSupportProviderImpl.java:255)
	at weblogic.work.ExecuteThread.execute(ExecuteThread.java:311)
	at weblogic.work.ExecuteThread.run(ExecuteThread.java:263)
