2018-10-09 03:03:54.776 [uncertain.core] [INFO] Uncertain engine startup
2018-10-09 03:03:54.850 [uncertain.core] [INFO] Loaded instance aurora.plugin.export.task.ReportTask from /u01/web_projects/excs/webRoot/WEB-INF/aurora.plugin.export.task/report-task.config
2018-10-09 03:03:54.878 [uncertain.core] [INFO] Loaded instance aurora.application.ApplicationConfig from /u01/web_projects/excs/webRoot/WEB-INF/aurora.feature/application.config
2018-10-09 03:03:54.881 [uncertain.core] [INFO] Loaded instance aurora.application.DefaultSessionInfoProvider from /tmp/aurora_builtin_package/aurora.features/config/session-info-provider.config
2018-10-09 03:03:54.894 [uncertain.core] [INFO] Loaded instance aurora.service.lock.SessionLockChecker from /u01/web_projects/excs/webRoot/WEB-INF/aurora.feature/service-lock.config
2018-10-09 03:03:54.912 [uncertain.core] [INFO] Loaded instance uncertain.proc.ProcedureRegistry from /u01/web_projects/excs/webRoot/WEB-INF/aurora.feature/service-procedure.config
2018-10-09 03:03:54.946 [uncertain.core] [INFO] Loaded instance uncertain.event.ParticipantManager from /u01/web_projects/excs/webRoot/WEB-INF/aurora.feature/service-listener.config
2018-10-09 03:03:54.965 [uncertain.core] [INFO] Loaded instance aurora.application.features.ServiceLogging from /u01/web_projects/excs/webRoot/WEB-INF/aurora.feature/service-logging.config
2018-10-09 03:03:54.988 [uncertain.core] [INFO] Loaded instance aurora.service.ws.SOAPConfiguration from /u01/web_projects/excs/webRoot/WEB-INF/aurora.feature/soap.config
2018-10-09 03:03:55.33 [uncertain.core] [INFO] Loaded instance aurora.application.features.msg.AuroraClientInstance from /u01/web_projects/excs/webRoot/WEB-INF/aurora.feature/msg.config
2018-10-09 03:03:55.33 [aurora.application.features.msg] [INFO] start jms client successful!
2018-10-09 03:03:55.59 [uncertain.core] [INFO] Loaded instance aurora.application.task.TaskHandler from /u01/web_projects/excs/webRoot/WEB-INF/aurora.feature/task.config
2018-10-09 03:03:55.62 [uncertain.core] [INFO] Loaded instance aurora.application.features.ApplicationStartupProcedureInvoker from /tmp/aurora_builtin_package/aurora.base/config/app-init-procedure-invoker.config
2018-10-09 03:03:55.76 [uncertain.core] [INFO] Loaded instance aurora.service.exception.ExceptionDescriptorConfig from /tmp/aurora_builtin_package/aurora.base/config/exception-descriptor.config
2018-10-09 03:03:55.80 [uncertain.core] [INFO] Loaded instance aurora.bm.BmCachedDataProvider from /tmp/aurora_builtin_package/aurora.base/config/bm-cached-data-provider.config
2018-10-09 03:03:55.454 [uncertain.core] [INFO] Loaded instance aurora.datasource.DataSourceConfig from /u01/web_projects/excs/webRoot/WEB-INF/aurora.database/datasource.config
2018-10-09 03:03:55.498 [uncertain.core] [INFO] Loaded instance aurora.database.profile.DatabaseFactory from /tmp/aurora_builtin_package/aurora.database/config/database.config
2018-10-09 03:03:55.501 [uncertain.core] [INFO] Loaded instance aurora.bm.ModelFactory from /tmp/aurora_builtin_package/aurora.database/config/model-factory.config
2018-10-09 03:03:55.523 [uncertain.core] [INFO] Loaded instance aurora.plugin.weixin.QiyeWeixinConfig from /u01/web_projects/excs/webRoot/WEB-INF/aurora.plugin.weixin/qiyewexin.config
2018-10-09 03:03:55.549 [aurora.presentation] [INFO] Aurora Presentation Framework Startup... 
2018-10-09 03:03:55.552 [aurora.presentation] [INFO]  =============== Loading package from /u01/web_projects/excs/AuroraUI/src/aurora.ui.std
2018-10-09 03:03:55.681 [aurora.presentation] [INFO] Loaded package aurora.ui.std
2018-10-09 03:03:55.682 [aurora.presentation] [INFO]  =============== Loading package from /u01/web_projects/excs/AuroraUI/src/aurora.ui.touch
2018-10-09 03:03:55.721 [aurora.presentation] [INFO] Loaded package aurora.ui.touch
2018-10-09 03:03:55.721 [aurora.presentation] [INFO]  =============== Loading package from /u01/web_projects/excs/webRoot/WEB-INF/ui.template
2018-10-09 03:03:55.736 [aurora.presentation] [INFO] Loaded package ui.template
2018-10-09 03:03:55.736 [uncertain.core] [INFO] Loaded instance aurora.presentation.PresentationManager from /u01/web_projects/excs/webRoot/WEB-INF/aurora.presentation/presentation-manager.config
2018-10-09 03:03:55.745 [uncertain.core] [INFO] Loaded instance aurora.presentation.FreeMarkerProvider from /u01/web_projects/excs/webRoot/WEB-INF/aurora.presentation/freemarker-provider.config
2018-10-09 03:03:55.756 [uncertain.cache.CacheFactoryConfig] [INFO] Loading cache config file /u01/web_projects/excs/webRoot/WEB-INF/cacheConfig/service-prompt-cache.config
2018-10-09 03:03:55.784 [uncertain.cache.CacheFactoryConfig] [INFO] Loading cache config file /u01/web_projects/excs/webRoot/WEB-INF/cacheConfig/service-lookup-prompt-cache.config
2018-10-09 03:03:55.791 [uncertain.cache.CacheFactoryConfig] [INFO] Loading cache config file /u01/web_projects/excs/webRoot/WEB-INF/cacheConfig/service-lookup-list-cache.config
2018-10-09 03:03:55.793 [uncertain.cache.CacheFactoryConfig] [INFO] Loading cache config file /u01/web_projects/excs/webRoot/WEB-INF/cacheConfig/screen-access-cache.config
2018-10-09 03:03:55.796 [uncertain.cache.CacheFactoryConfig] [INFO] Loading cache config file /u01/web_projects/excs/webRoot/WEB-INF/cacheConfig/role-service-cache.config
2018-10-09 03:03:55.797 [uncertain.cache.CacheFactoryConfig] [INFO] Loading cache config file /u01/web_projects/excs/webRoot/WEB-INF/cacheConfig/role-bm-cache.config
2018-10-09 03:03:55.798 [uncertain.cache.CacheFactoryConfig] [INFO] Loading cache config file /u01/web_projects/excs/webRoot/WEB-INF/cacheConfig/multi-language-description-cache.config
2018-10-09 03:03:55.801 [uncertain.core] [INFO] Loaded instance uncertain.cache.CacheFactoryConfig from /u01/web_projects/excs/webRoot/WEB-INF/aurora.feature/cache.config
2018-10-09 03:03:55.806 [uncertain.core] [INFO] Loaded instance aurora.application.features.cstm.CustomizationDataProvider from /u01/web_projects/excs/webRoot/WEB-INF/aurora.feature/customization-data-provider.config
2018-10-09 03:03:55.809 [uncertain.core] [INFO] Loaded instance aurora.security.CacheBasedResourceAccessChecker from /u01/web_projects/excs/webRoot/WEB-INF/aurora.feature/cache-based-resource-access-checker.config
2018-10-09 03:03:55.812 [uncertain.core] [INFO] Loaded instance aurora.bm.CacheBasedCheckerFactory from /u01/web_projects/excs/webRoot/WEB-INF/aurora.feature/bm-access.config
2018-10-09 03:03:55.815 [uncertain.core] [INFO] Loaded instance aurora.application.features.ResponseCacheProvider from /u01/web_projects/excs/webRoot/WEB-INF/aurora.feature/response-cache.config
2018-10-09 03:03:55.816 [aurora.database] [INFO] Using datasource com.mchange.v2.c3p0.PoolBackedDataSource@691646fa [ connectionPoolDataSource -> com.mchange.v2.c3p0.WrapperConnectionPoolDataSource@edb29a97 [ acquireIncrement -> 3, acquireRetryAttempts -> 30, acquireRetryDelay -> 1000, autoCommitOnClose -> false, automaticTestTable -> null, breakAfterAcquireFailure -> false, checkoutTimeout -> 30000, connectionCustomizerClassName -> null, connectionTesterClassName -> com.mchange.v2.c3p0.impl.DefaultConnectionTester, debugUnreturnedConnectionStackTraces -> false, factoryClassLocation -> null, forceIgnoreUnresolvedTransactions -> false, identityToken -> 1br2otu9yo2tx1d17lcwnq|1ad006f4, idleConnectionTestPeriod -> 60, initialPoolSize -> 3, maxAdministrativeTaskTime -> 0, maxConnectionAge -> 0, maxIdleTime -> 120, maxIdleTimeExcessConnections -> 0, maxPoolSize -> 20, maxStatements -> 0, maxStatementsPerConnection -> 0, minPoolSize -> 10, nestedDataSource -> com.mchange.v2.c3p0.DriverManagerDataSource@10ec427a [ description -> null, driverClass -> oracle.jdbc.driver.OracleDriver, factoryClassLocation -> null, identityToken -> 1br2otu9yo2tx1d17lcwnq|10b3c26d, jdbcUrl -> jdbc:oracle:thin:@localhost:1521:HYC, properties -> {user=******, password=******} ], preferredTestQuery -> select 1 from dual, propertyCycle -> 0, testConnectionOnCheckin -> true, testConnectionOnCheckout -> false, unreturnedConnectionTimeout -> 0, usesTraditionalReflectiveProxies -> false; userOverrides: {} ], dataSourceName -> null, factoryClassLocation -> null, identityToken -> 1br2otu9yo2tx1d17lcwnq|5b574fe1, numHelperThreads -> 3 ]
2018-10-09 03:03:55.829 [uncertain.core] [INFO] Loaded instance aurora.database.service.DatabaseServiceFactory from /tmp/aurora_builtin_package/aurora.database/config/database-service-factory.config
2018-10-09 03:03:55.837 [uncertain.core] [INFO] Loaded instance aurora.application.features.RequestRecorder from /u01/web_projects/excs/webRoot/WEB-INF/aurora.feature/request-record.config
2018-10-09 03:03:55.861 [uncertain.core] [INFO] Loaded instance aurora.security.AccessCheckRuleConfig from /u01/web_projects/excs/webRoot/WEB-INF/aurora.security/access-check-rule.config
2018-10-09 03:03:55.870 [uncertain.core] [INFO] Loaded instance aurora.i18n.CacheBasedMessageProvider from /u01/web_projects/excs/webRoot/WEB-INF/aurora.feature/service-prompt.config
2018-10-09 03:03:55.874 [uncertain.core] [INFO] Loaded instance aurora.application.features.CacheBasedLookupCodeProvider from /u01/web_projects/excs/webRoot/WEB-INF/aurora.feature/service-lookup.config
2018-10-09 03:03:55.891 [aurora.monitor] [INFO] request recorder initialize
2018-10-09 03:04:03.550 [uncertain.core] [INFO] =========== Loading participant in {service} scope =============
2018-10-09 03:04:03.550 [uncertain.core] [INFO] No.1 type=aurora.service.json.JSONServiceInterpreter
2018-10-09 03:04:03.550 [uncertain.core] [INFO] New instance created
2018-10-09 03:04:03.550 [uncertain.core] [INFO] No.2 type=aurora.plugin.export.ModelOutput
2018-10-09 03:04:03.550 [uncertain.core] [INFO] New instance created
2018-10-09 03:04:03.550 [uncertain.core] [INFO] No.3 type=aurora.application.features.cstm.ConfigCustomizationListener
2018-10-09 03:04:03.550 [uncertain.core] [INFO] New instance created
2018-10-09 03:04:03.550 [uncertain.core] [INFO] No.4 type=aurora.application.action.DoDispatch
2018-10-09 03:04:03.550 [uncertain.core] [INFO] New instance created
2018-10-09 03:04:03.550 [uncertain.core] [INFO] No.5 type=aurora.application.features.DataSetInit
2018-10-09 03:04:03.550 [uncertain.core] [INFO] New instance created
2018-10-09 03:04:03.550 [uncertain.core] [INFO] No.6 type=aurora.application.features.CachedScreenListener
2018-10-09 03:04:03.550 [uncertain.core] [INFO] New instance created
2018-10-09 03:04:03.550 [uncertain.core] [INFO] No.7 type=aurora.application.features.UploadInit
2018-10-09 03:04:03.550 [uncertain.core] [INFO] New instance created
2018-10-09 03:04:03.550 [uncertain.core] [INFO] No.8 type=aurora.service.lock.SessionLockChecker
2018-10-09 03:04:03.550 [uncertain.core] [INFO] Got from global instance registry
2018-10-09 03:04:03.550 [uncertain.core] [INFO] No.9 type=aurora.security.AccessCheck
2018-10-09 03:04:03.550 [uncertain.core] [INFO] New instance created
2018-10-09 03:04:03.550 [aurora.application] [INFO] Running application startup procedure from /u01/web_projects/excs/webRoot/WEB-INF/aurora.feature/service-procedure.config
2018-10-09 03:04:03.569 [uncertain.core] [INFO] UncertainEngine startup success in 9192 ms
2018-10-09 04:56:05.990 [uncertain.core] [INFO] Uncertain engine shutdown
2018-10-09 05:56:51.402 [uncertain.core] [INFO] Uncertain engine startup
2018-10-09 05:56:51.409 [uncertain.core] [INFO] Loaded instance aurora.plugin.export.task.ReportTask from /u01/web_projects/excs/webRoot/WEB-INF/aurora.plugin.export.task/report-task.config
2018-10-09 05:56:51.413 [uncertain.core] [INFO] Loaded instance aurora.application.ApplicationConfig from /u01/web_projects/excs/webRoot/WEB-INF/aurora.feature/application.config
2018-10-09 05:56:51.416 [uncertain.core] [INFO] Loaded instance aurora.application.DefaultSessionInfoProvider from /tmp/aurora_builtin_package/aurora.features/config/session-info-provider.config
2018-10-09 05:56:51.431 [uncertain.core] [INFO] Loaded instance aurora.service.lock.SessionLockChecker from /u01/web_projects/excs/webRoot/WEB-INF/aurora.feature/service-lock.config
2018-10-09 05:56:51.438 [uncertain.core] [INFO] Loaded instance uncertain.proc.ProcedureRegistry from /u01/web_projects/excs/webRoot/WEB-INF/aurora.feature/service-procedure.config
2018-10-09 05:56:51.454 [uncertain.core] [INFO] Loaded instance uncertain.event.ParticipantManager from /u01/web_projects/excs/webRoot/WEB-INF/aurora.feature/service-listener.config
2018-10-09 05:56:51.462 [uncertain.core] [INFO] Loaded instance aurora.application.features.ServiceLogging from /u01/web_projects/excs/webRoot/WEB-INF/aurora.feature/service-logging.config
2018-10-09 05:56:51.464 [uncertain.core] [INFO] Loaded instance aurora.service.ws.SOAPConfiguration from /u01/web_projects/excs/webRoot/WEB-INF/aurora.feature/soap.config
2018-10-09 05:56:51.485 [uncertain.core] [INFO] Loaded instance aurora.application.features.msg.AuroraClientInstance from /u01/web_projects/excs/webRoot/WEB-INF/aurora.feature/msg.config
2018-10-09 05:56:51.485 [aurora.application.features.msg] [INFO] start jms client successful!
2018-10-09 05:56:51.508 [uncertain.core] [INFO] Loaded instance aurora.application.task.TaskHandler from /u01/web_projects/excs/webRoot/WEB-INF/aurora.feature/task.config
2018-10-09 05:56:51.511 [uncertain.core] [INFO] Loaded instance aurora.application.features.ApplicationStartupProcedureInvoker from /tmp/aurora_builtin_package/aurora.base/config/app-init-procedure-invoker.config
2018-10-09 05:56:51.526 [uncertain.core] [INFO] Loaded instance aurora.service.exception.ExceptionDescriptorConfig from /tmp/aurora_builtin_package/aurora.base/config/exception-descriptor.config
2018-10-09 05:56:51.530 [uncertain.core] [INFO] Loaded instance aurora.bm.BmCachedDataProvider from /tmp/aurora_builtin_package/aurora.base/config/bm-cached-data-provider.config
2018-10-09 05:56:51.814 [uncertain.core] [INFO] Loaded instance aurora.datasource.DataSourceConfig from /u01/web_projects/excs/webRoot/WEB-INF/aurora.database/datasource.config
2018-10-09 05:56:51.878 [uncertain.core] [INFO] Loaded instance aurora.database.profile.DatabaseFactory from /tmp/aurora_builtin_package/aurora.database/config/database.config
2018-10-09 05:56:51.883 [uncertain.core] [INFO] Loaded instance aurora.bm.ModelFactory from /tmp/aurora_builtin_package/aurora.database/config/model-factory.config
2018-10-09 05:56:51.887 [uncertain.core] [INFO] Loaded instance aurora.plugin.weixin.QiyeWeixinConfig from /u01/web_projects/excs/webRoot/WEB-INF/aurora.plugin.weixin/qiyewexin.config
2018-10-09 05:56:51.898 [aurora.presentation] [INFO] Aurora Presentation Framework Startup... 
2018-10-09 05:56:51.901 [aurora.presentation] [INFO]  =============== Loading package from /u01/web_projects/excs/AuroraUI/src/aurora.ui.std
2018-10-09 05:56:52.9 [aurora.presentation] [INFO] Loaded package aurora.ui.std
2018-10-09 05:56:52.9 [aurora.presentation] [INFO]  =============== Loading package from /u01/web_projects/excs/AuroraUI/src/aurora.ui.touch
2018-10-09 05:56:52.28 [aurora.presentation] [INFO] Loaded package aurora.ui.touch
2018-10-09 05:56:52.28 [aurora.presentation] [INFO]  =============== Loading package from /u01/web_projects/excs/webRoot/WEB-INF/ui.template
2018-10-09 05:56:52.31 [aurora.presentation] [INFO] Loaded package ui.template
2018-10-09 05:56:52.31 [uncertain.core] [INFO] Loaded instance aurora.presentation.PresentationManager from /u01/web_projects/excs/webRoot/WEB-INF/aurora.presentation/presentation-manager.config
2018-10-09 05:56:52.38 [uncertain.core] [INFO] Loaded instance aurora.presentation.FreeMarkerProvider from /u01/web_projects/excs/webRoot/WEB-INF/aurora.presentation/freemarker-provider.config
2018-10-09 05:56:52.47 [uncertain.cache.CacheFactoryConfig] [INFO] Loading cache config file /u01/web_projects/excs/webRoot/WEB-INF/cacheConfig/service-prompt-cache.config
2018-10-09 05:56:52.62 [uncertain.cache.CacheFactoryConfig] [INFO] Loading cache config file /u01/web_projects/excs/webRoot/WEB-INF/cacheConfig/service-lookup-prompt-cache.config
2018-10-09 05:56:52.64 [uncertain.cache.CacheFactoryConfig] [INFO] Loading cache config file /u01/web_projects/excs/webRoot/WEB-INF/cacheConfig/service-lookup-list-cache.config
2018-10-09 05:56:52.65 [uncertain.cache.CacheFactoryConfig] [INFO] Loading cache config file /u01/web_projects/excs/webRoot/WEB-INF/cacheConfig/screen-access-cache.config
2018-10-09 05:56:52.69 [uncertain.cache.CacheFactoryConfig] [INFO] Loading cache config file /u01/web_projects/excs/webRoot/WEB-INF/cacheConfig/role-service-cache.config
2018-10-09 05:56:52.76 [uncertain.cache.CacheFactoryConfig] [INFO] Loading cache config file /u01/web_projects/excs/webRoot/WEB-INF/cacheConfig/role-bm-cache.config
2018-10-09 05:56:52.77 [uncertain.cache.CacheFactoryConfig] [INFO] Loading cache config file /u01/web_projects/excs/webRoot/WEB-INF/cacheConfig/multi-language-description-cache.config
2018-10-09 05:56:52.79 [uncertain.core] [INFO] Loaded instance uncertain.cache.CacheFactoryConfig from /u01/web_projects/excs/webRoot/WEB-INF/aurora.feature/cache.config
2018-10-09 05:56:52.83 [uncertain.core] [INFO] Loaded instance aurora.application.features.cstm.CustomizationDataProvider from /u01/web_projects/excs/webRoot/WEB-INF/aurora.feature/customization-data-provider.config
2018-10-09 05:56:52.86 [uncertain.core] [INFO] Loaded instance aurora.security.CacheBasedResourceAccessChecker from /u01/web_projects/excs/webRoot/WEB-INF/aurora.feature/cache-based-resource-access-checker.config
2018-10-09 05:56:52.91 [uncertain.core] [INFO] Loaded instance aurora.bm.CacheBasedCheckerFactory from /u01/web_projects/excs/webRoot/WEB-INF/aurora.feature/bm-access.config
2018-10-09 05:56:52.93 [uncertain.core] [INFO] Loaded instance aurora.application.features.ResponseCacheProvider from /u01/web_projects/excs/webRoot/WEB-INF/aurora.feature/response-cache.config
2018-10-09 05:56:52.95 [aurora.database] [INFO] Using datasource com.mchange.v2.c3p0.PoolBackedDataSource@d3c81eb0 [ connectionPoolDataSource -> com.mchange.v2.c3p0.WrapperConnectionPoolDataSource@69256ca5 [ acquireIncrement -> 3, acquireRetryAttempts -> 30, acquireRetryDelay -> 1000, autoCommitOnClose -> false, automaticTestTable -> null, breakAfterAcquireFailure -> false, checkoutTimeout -> 30000, connectionCustomizerClassName -> null, connectionTesterClassName -> com.mchange.v2.c3p0.impl.DefaultConnectionTester, debugUnreturnedConnectionStackTraces -> false, factoryClassLocation -> null, forceIgnoreUnresolvedTransactions -> false, identityToken -> 1br2otu9yo90bj214a9ixh|2fcf6e0c, idleConnectionTestPeriod -> 60, initialPoolSize -> 3, maxAdministrativeTaskTime -> 0, maxConnectionAge -> 0, maxIdleTime -> 120, maxIdleTimeExcessConnections -> 0, maxPoolSize -> 20, maxStatements -> 0, maxStatementsPerConnection -> 0, minPoolSize -> 10, nestedDataSource -> com.mchange.v2.c3p0.DriverManagerDataSource@88c295d8 [ description -> null, driverClass -> oracle.jdbc.driver.OracleDriver, factoryClassLocation -> null, identityToken -> 1br2otu9yo90bj214a9ixh|5f0b53af, jdbcUrl -> jdbc:oracle:thin:@localhost:1521:HYC, properties -> {user=******, password=******} ], preferredTestQuery -> select 1 from dual, propertyCycle -> 0, testConnectionOnCheckin -> true, testConnectionOnCheckout -> false, unreturnedConnectionTimeout -> 0, usesTraditionalReflectiveProxies -> false; userOverrides: {} ], dataSourceName -> null, factoryClassLocation -> null, identityToken -> 1br2otu9yo90bj214a9ixh|5cac7d2c, numHelperThreads -> 3 ]
2018-10-09 05:56:52.110 [uncertain.core] [INFO] Loaded instance aurora.database.service.DatabaseServiceFactory from /tmp/aurora_builtin_package/aurora.database/config/database-service-factory.config
2018-10-09 05:56:52.118 [uncertain.core] [INFO] Loaded instance aurora.application.features.RequestRecorder from /u01/web_projects/excs/webRoot/WEB-INF/aurora.feature/request-record.config
2018-10-09 05:56:52.126 [uncertain.core] [INFO] Loaded instance aurora.security.AccessCheckRuleConfig from /u01/web_projects/excs/webRoot/WEB-INF/aurora.security/access-check-rule.config
2018-10-09 05:56:52.130 [uncertain.core] [INFO] Loaded instance aurora.i18n.CacheBasedMessageProvider from /u01/web_projects/excs/webRoot/WEB-INF/aurora.feature/service-prompt.config
2018-10-09 05:56:52.133 [uncertain.core] [INFO] Loaded instance aurora.application.features.CacheBasedLookupCodeProvider from /u01/web_projects/excs/webRoot/WEB-INF/aurora.feature/service-lookup.config
2018-10-09 05:56:52.171 [aurora.monitor] [INFO] request recorder initialize
2018-10-09 05:56:55.779 [uncertain.core] [INFO] =========== Loading participant in {service} scope =============
2018-10-09 05:56:55.779 [uncertain.core] [INFO] No.1 type=aurora.service.json.JSONServiceInterpreter
2018-10-09 05:56:55.779 [uncertain.core] [INFO] New instance created
2018-10-09 05:56:55.780 [uncertain.core] [INFO] No.2 type=aurora.plugin.export.ModelOutput
2018-10-09 05:56:55.780 [uncertain.core] [INFO] New instance created
2018-10-09 05:56:55.780 [uncertain.core] [INFO] No.3 type=aurora.application.features.cstm.ConfigCustomizationListener
2018-10-09 05:56:55.780 [uncertain.core] [INFO] New instance created
2018-10-09 05:56:55.780 [uncertain.core] [INFO] No.4 type=aurora.application.action.DoDispatch
2018-10-09 05:56:55.780 [uncertain.core] [INFO] New instance created
2018-10-09 05:56:55.780 [uncertain.core] [INFO] No.5 type=aurora.application.features.DataSetInit
2018-10-09 05:56:55.780 [uncertain.core] [INFO] New instance created
2018-10-09 05:56:55.780 [uncertain.core] [INFO] No.6 type=aurora.application.features.CachedScreenListener
2018-10-09 05:56:55.780 [uncertain.core] [INFO] New instance created
2018-10-09 05:56:55.780 [uncertain.core] [INFO] No.7 type=aurora.application.features.UploadInit
2018-10-09 05:56:55.781 [uncertain.core] [INFO] New instance created
2018-10-09 05:56:55.781 [uncertain.core] [INFO] No.8 type=aurora.service.lock.SessionLockChecker
2018-10-09 05:56:55.781 [uncertain.core] [INFO] Got from global instance registry
2018-10-09 05:56:55.781 [uncertain.core] [INFO] No.9 type=aurora.security.AccessCheck
2018-10-09 05:56:55.781 [uncertain.core] [INFO] New instance created
2018-10-09 05:56:55.781 [aurora.application] [INFO] Running application startup procedure from /u01/web_projects/excs/webRoot/WEB-INF/aurora.feature/service-procedure.config
2018-10-09 05:56:55.811 [uncertain.core] [INFO] UncertainEngine startup success in 4424 ms
