2019-08-14 08:56:05.635 [uncertain.core] [INFO] Uncertain engine startup
2019-08-14 08:56:05.680 [uncertain.core] [INFO] Loaded instance aurora.plugin.export.task.ReportTask from D:\excs\webRoot\WEB-INF\aurora.plugin.export.task\report-task.config
2019-08-14 08:56:05.682 [uncertain.core] [INFO] Loaded instance aurora.application.ApplicationConfig from D:\excs\webRoot\WEB-INF\aurora.feature\application.config
2019-08-14 08:56:05.684 [uncertain.core] [INFO] Loaded instance aurora.application.DefaultSessionInfoProvider from D:\tomcat6\apache-tomcat-6.0.36\temp\aurora_builtin_package\aurora.features\config\session-info-provider.config
2019-08-14 08:56:05.688 [uncertain.core] [INFO] Loaded instance aurora.service.lock.SessionLockChecker from D:\excs\webRoot\WEB-INF\aurora.feature\service-lock.config
2019-08-14 08:56:05.694 [uncertain.core] [INFO] Loaded instance uncertain.proc.ProcedureRegistry from D:\excs\webRoot\WEB-INF\aurora.feature\service-procedure.config
2019-08-14 08:56:05.704 [uncertain.core] [INFO] Loaded instance uncertain.event.ParticipantManager from D:\excs\webRoot\WEB-INF\aurora.feature\service-listener.config
2019-08-14 08:56:05.708 [uncertain.core] [INFO] Loaded instance aurora.application.features.ServiceLogging from D:\excs\webRoot\WEB-INF\aurora.feature\service-logging.config
2019-08-14 08:56:05.710 [uncertain.core] [INFO] Loaded instance aurora.service.ws.SOAPConfiguration from D:\excs\webRoot\WEB-INF\aurora.feature\soap.config
2019-08-14 08:56:05.721 [uncertain.core] [INFO] Loaded instance aurora.application.features.msg.AuroraClientInstance from D:\excs\webRoot\WEB-INF\aurora.feature\msg.config
2019-08-14 08:56:05.721 [aurora.application.features.msg] [INFO] start jms client successful!
2019-08-14 08:56:05.730 [uncertain.core] [INFO] Loaded instance aurora.application.task.TaskHandler from D:\excs\webRoot\WEB-INF\aurora.feature\task.config
2019-08-14 08:56:05.731 [uncertain.core] [INFO] Loaded instance aurora.application.features.ApplicationStartupProcedureInvoker from D:\tomcat6\apache-tomcat-6.0.36\temp\aurora_builtin_package\aurora.base\config\app-init-procedure-invoker.config
2019-08-14 08:56:05.737 [uncertain.core] [INFO] Loaded instance aurora.service.exception.ExceptionDescriptorConfig from D:\tomcat6\apache-tomcat-6.0.36\temp\aurora_builtin_package\aurora.base\config\exception-descriptor.config
2019-08-14 08:56:05.740 [uncertain.core] [INFO] Loaded instance aurora.bm.BmCachedDataProvider from D:\tomcat6\apache-tomcat-6.0.36\temp\aurora_builtin_package\aurora.base\config\bm-cached-data-provider.config
2019-08-14 08:56:06.786 [uncertain.core] [INFO] Loaded instance aurora.datasource.DataSourceConfig from D:\excs\webRoot\WEB-INF\aurora.database\datasource.config
2019-08-14 08:56:06.811 [uncertain.core] [INFO] Loaded instance aurora.database.profile.DatabaseFactory from D:\tomcat6\apache-tomcat-6.0.36\temp\aurora_builtin_package\aurora.database\config\database.config
2019-08-14 08:56:06.812 [uncertain.core] [INFO] Loaded instance aurora.bm.ModelFactory from D:\tomcat6\apache-tomcat-6.0.36\temp\aurora_builtin_package\aurora.database\config\model-factory.config
2019-08-14 08:56:06.830 [uncertain.core] [INFO] Loaded instance aurora.plugin.weixin.QiyeWeixinConfig from D:\excs\webRoot\WEB-INF\aurora.plugin.weixin\qiyewexin.config
2019-08-14 08:56:06.836 [aurora.presentation] [INFO] Aurora Presentation Framework Startup... 
2019-08-14 08:56:06.838 [aurora.presentation] [INFO]  =============== Loading package from D:\excs\AuroraUI\src/aurora.ui.std
2019-08-14 08:56:06.916 [aurora.presentation] [INFO] Loaded package aurora.ui.std
2019-08-14 08:56:06.916 [aurora.presentation] [INFO]  =============== Loading package from D:\excs\AuroraUI\src/aurora.ui.touch
2019-08-14 08:56:06.929 [aurora.presentation] [INFO] Loaded package aurora.ui.touch
2019-08-14 08:56:06.929 [aurora.presentation] [INFO]  =============== Loading package from D:\excs\webRoot\/WEB-INF/ui.template
2019-08-14 08:56:06.931 [aurora.presentation] [INFO] Loaded package ui.template
2019-08-14 08:56:06.931 [uncertain.core] [INFO] Loaded instance aurora.presentation.PresentationManager from D:\excs\webRoot\WEB-INF\aurora.presentation\presentation-manager.config
2019-08-14 08:56:06.946 [uncertain.core] [INFO] Loaded instance aurora.presentation.FreeMarkerProvider from D:\excs\webRoot\WEB-INF\aurora.presentation\freemarker-provider.config
2019-08-14 08:56:06.961 [uncertain.cache.CacheFactoryConfig] [INFO] Loading cache config file D:\excs\webRoot\WEB-INF\cacheConfig\service-prompt-cache.config
2019-08-14 08:56:06.969 [uncertain.cache.CacheFactoryConfig] [INFO] Loading cache config file D:\excs\webRoot\WEB-INF\cacheConfig\service-lookup-prompt-cache.config
2019-08-14 08:56:06.970 [uncertain.cache.CacheFactoryConfig] [INFO] Loading cache config file D:\excs\webRoot\WEB-INF\cacheConfig\service-lookup-list-cache.config
2019-08-14 08:56:06.971 [uncertain.cache.CacheFactoryConfig] [INFO] Loading cache config file D:\excs\webRoot\WEB-INF\cacheConfig\screen-access-cache.config
2019-08-14 08:56:06.972 [uncertain.cache.CacheFactoryConfig] [INFO] Loading cache config file D:\excs\webRoot\WEB-INF\cacheConfig\role-service-cache.config
2019-08-14 08:56:06.973 [uncertain.cache.CacheFactoryConfig] [INFO] Loading cache config file D:\excs\webRoot\WEB-INF\cacheConfig\role-bm-cache.config
2019-08-14 08:56:06.974 [uncertain.cache.CacheFactoryConfig] [INFO] Loading cache config file D:\excs\webRoot\WEB-INF\cacheConfig\multi-language-description-cache.config
2019-08-14 08:56:06.975 [uncertain.core] [INFO] Loaded instance uncertain.cache.CacheFactoryConfig from D:\excs\webRoot\WEB-INF\aurora.feature\cache.config
2019-08-14 08:56:06.977 [uncertain.core] [INFO] Loaded instance aurora.application.features.cstm.CustomizationDataProvider from D:\excs\webRoot\WEB-INF\aurora.feature\customization-data-provider.config
2019-08-14 08:56:06.979 [uncertain.core] [INFO] Loaded instance aurora.security.CacheBasedResourceAccessChecker from D:\excs\webRoot\WEB-INF\aurora.feature\cache-based-resource-access-checker.config
2019-08-14 08:56:06.982 [uncertain.core] [INFO] Loaded instance aurora.bm.CacheBasedCheckerFactory from D:\excs\webRoot\WEB-INF\aurora.feature\bm-access.config
2019-08-14 08:56:06.984 [uncertain.core] [INFO] Loaded instance aurora.application.features.ResponseCacheProvider from D:\excs\webRoot\WEB-INF\aurora.feature\response-cache.config
2019-08-14 08:56:06.985 [aurora.database] [INFO] Using datasource com.mchange.v2.c3p0.PoolBackedDataSource@6df7d114 [ connectionPoolDataSource -> com.mchange.v2.c3p0.WrapperConnectionPoolDataSource@eea4514c [ acquireIncrement -> 3, acquireRetryAttempts -> 30, acquireRetryDelay -> 1000, autoCommitOnClose -> false, automaticTestTable -> null, breakAfterAcquireFailure -> false, checkoutTimeout -> 30000, connectionCustomizerClassName -> null, connectionTesterClassName -> com.mchange.v2.c3p0.impl.DefaultConnectionTester, debugUnreturnedConnectionStackTraces -> false, factoryClassLocation -> null, forceIgnoreUnresolvedTransactions -> false, identityToken -> 1b61edua413anfie1op1bca|28486680, idleConnectionTestPeriod -> 60, initialPoolSize -> 3, maxAdministrativeTaskTime -> 0, maxConnectionAge -> 0, maxIdleTime -> 120, maxIdleTimeExcessConnections -> 0, maxPoolSize -> 20, maxStatements -> 0, maxStatementsPerConnection -> 0, minPoolSize -> 10, nestedDataSource -> com.mchange.v2.c3p0.DriverManagerDataSource@8c0be4a9 [ description -> null, driverClass -> oracle.jdbc.driver.OracleDriver, factoryClassLocation -> null, identityToken -> 1b61edua413anfie1op1bca|46292372, jdbcUrl -> jdbc:oracle:thin:@localhost:1521:orcl, properties -> {user=******, password=******, protocol=thin} ], preferredTestQuery -> select 1 from dual, propertyCycle -> 0, testConnectionOnCheckin -> true, testConnectionOnCheckout -> false, unreturnedConnectionTimeout -> 0, usesTraditionalReflectiveProxies -> false; userOverrides: {} ], dataSourceName -> null, factoryClassLocation -> null, identityToken -> 1b61edua413anfie1op1bca|1c6e0a08, numHelperThreads -> 3 ]
2019-08-14 08:56:06.994 [uncertain.core] [INFO] Loaded instance aurora.database.service.DatabaseServiceFactory from D:\tomcat6\apache-tomcat-6.0.36\temp\aurora_builtin_package\aurora.database\config\database-service-factory.config
2019-08-14 08:56:06.997 [uncertain.core] [INFO] Loaded instance aurora.application.features.RequestRecorder from D:\excs\webRoot\WEB-INF\aurora.feature\request-record.config
2019-08-14 08:56:07.0 [uncertain.core] [INFO] Loaded instance aurora.security.AccessCheckRuleConfig from D:\excs\webRoot\WEB-INF\aurora.security\access-check-rule.config
2019-08-14 08:56:07.3 [uncertain.core] [INFO] Loaded instance aurora.i18n.CacheBasedMessageProvider from D:\excs\webRoot\WEB-INF\aurora.feature\service-prompt.config
2019-08-14 08:56:07.5 [uncertain.core] [INFO] Loaded instance aurora.application.features.CacheBasedLookupCodeProvider from D:\excs\webRoot\WEB-INF\aurora.feature\service-lookup.config
2019-08-14 08:56:07.13 [aurora.monitor] [INFO] request recorder initialize
2019-08-14 08:56:10.26 [uncertain.core] [INFO] =========== Loading participant in {service} scope =============
2019-08-14 08:56:10.26 [uncertain.core] [INFO] No.1 type=aurora.service.json.JSONServiceInterpreter
2019-08-14 08:56:10.27 [uncertain.core] [INFO] New instance created
2019-08-14 08:56:10.27 [uncertain.core] [INFO] No.2 type=aurora.plugin.export.ModelOutput
2019-08-14 08:56:10.27 [uncertain.core] [INFO] New instance created
2019-08-14 08:56:10.27 [uncertain.core] [INFO] No.3 type=aurora.application.features.cstm.ConfigCustomizationListener
2019-08-14 08:56:10.27 [uncertain.core] [INFO] New instance created
2019-08-14 08:56:10.27 [uncertain.core] [INFO] No.4 type=aurora.application.action.DoDispatch
2019-08-14 08:56:10.27 [uncertain.core] [INFO] New instance created
2019-08-14 08:56:10.27 [uncertain.core] [INFO] No.5 type=aurora.application.features.DataSetInit
2019-08-14 08:56:10.27 [uncertain.core] [INFO] New instance created
2019-08-14 08:56:10.27 [uncertain.core] [INFO] No.6 type=aurora.application.features.CachedScreenListener
2019-08-14 08:56:10.27 [uncertain.core] [INFO] New instance created
2019-08-14 08:56:10.27 [uncertain.core] [INFO] No.7 type=aurora.application.features.UploadInit
2019-08-14 08:56:10.28 [uncertain.core] [INFO] New instance created
2019-08-14 08:56:10.28 [uncertain.core] [INFO] No.8 type=aurora.service.lock.SessionLockChecker
2019-08-14 08:56:10.28 [uncertain.core] [INFO] Got from global instance registry
2019-08-14 08:56:10.28 [uncertain.core] [INFO] No.9 type=aurora.security.AccessCheck
2019-08-14 08:56:10.28 [uncertain.core] [INFO] New instance created
2019-08-14 08:56:10.28 [aurora.application] [INFO] Running application startup procedure from D:\excs\webRoot\WEB-INF\aurora.feature\service-procedure.config
2019-08-14 08:56:10.57 [uncertain.core] [INFO] UncertainEngine startup success in 4430 ms
2019-08-14 10:36:14.212 [uncertain.core] [SEVERE] Error when executing service /hemp/modules/train/train_config.screen
java.lang.NullPointerException
	at aurora.security.AccessCheck.onAccessCheck(AccessCheck.java:32)
	at sun.reflect.GeneratedMethodAccessor139.invoke(Unknown Source)
	at sun.reflect.DelegatingMethodAccessorImpl.invoke(Unknown Source)
	at java.lang.reflect.Method.invoke(Unknown Source)
	at uncertain.event.ReflectionMethodHandle.handleEvent(ReflectionMethodHandle.java:92)
	at uncertain.event.ReflectionMethodHandle.handleEvent(ReflectionMethodHandle.java:49)
	at uncertain.event.Configuration.fireEventInternal(Configuration.java:450)
	at uncertain.event.Configuration.fireEvent(Configuration.java:388)
	at uncertain.proc.ProcedureRunner.fireEvent(ProcedureRunner.java:352)
	at uncertain.proc.Action.run(Action.java:171)
	at uncertain.proc.ProcedureRunner.run(ProcedureRunner.java:289)
	at uncertain.proc.ProcedureRunner.run(ProcedureRunner.java:330)
	at uncertain.proc.Procedure.run(Procedure.java:101)
	at uncertain.proc.Switch.run(Switch.java:90)
	at uncertain.proc.ProcedureRunner.run(ProcedureRunner.java:289)
	at uncertain.proc.ProcedureRunner.run(ProcedureRunner.java:330)
	at uncertain.proc.Procedure.run(Procedure.java:101)
	at uncertain.proc.ProcedureRunner.run(ProcedureRunner.java:277)
	at aurora.service.ServiceInstance.invoke(ServiceInstance.java:133)
	at aurora.service.http.AbstractFacadeServlet.doService(AbstractFacadeServlet.java:148)
	at aurora.service.http.AbstractFacadeServlet.doGet(AbstractFacadeServlet.java:92)
	at javax.servlet.http.HttpServlet.service(HttpServlet.java:617)
	at javax.servlet.http.HttpServlet.service(HttpServlet.java:717)
	at org.apache.catalina.core.ApplicationFilterChain.internalDoFilter(ApplicationFilterChain.java:290)
	at org.apache.catalina.core.ApplicationFilterChain.doFilter(ApplicationFilterChain.java:206)
	at org.apache.catalina.core.StandardWrapperValve.invoke(StandardWrapperValve.java:233)
	at org.apache.catalina.core.StandardContextValve.invoke(StandardContextValve.java:191)
	at org.apache.catalina.core.StandardHostValve.invoke(StandardHostValve.java:127)
	at org.apache.catalina.valves.ErrorReportValve.invoke(ErrorReportValve.java:103)
	at org.apache.catalina.core.StandardEngineValve.invoke(StandardEngineValve.java:109)
	at org.apache.catalina.connector.CoyoteAdapter.service(CoyoteAdapter.java:293)
	at org.apache.coyote.http11.Http11Processor.process(Http11Processor.java:861)
	at org.apache.coyote.http11.Http11Protocol$Http11ConnectionHandler.process(Http11Protocol.java:606)
	at org.apache.tomcat.util.net.JIoEndpoint$Worker.run(JIoEndpoint.java:489)
	at java.lang.Thread.run(Unknown Source)
2019-08-14 10:41:05.642 [uncertain.core] [SEVERE] Error when executing service /hemp/modules/train/train_config.screen
java.lang.NullPointerException
	at aurora.security.AccessCheck.onAccessCheck(AccessCheck.java:32)
	at sun.reflect.GeneratedMethodAccessor139.invoke(Unknown Source)
	at sun.reflect.DelegatingMethodAccessorImpl.invoke(Unknown Source)
	at java.lang.reflect.Method.invoke(Unknown Source)
	at uncertain.event.ReflectionMethodHandle.handleEvent(ReflectionMethodHandle.java:92)
	at uncertain.event.ReflectionMethodHandle.handleEvent(ReflectionMethodHandle.java:49)
	at uncertain.event.Configuration.fireEventInternal(Configuration.java:450)
	at uncertain.event.Configuration.fireEvent(Configuration.java:388)
	at uncertain.proc.ProcedureRunner.fireEvent(ProcedureRunner.java:352)
	at uncertain.proc.Action.run(Action.java:171)
	at uncertain.proc.ProcedureRunner.run(ProcedureRunner.java:289)
	at uncertain.proc.ProcedureRunner.run(ProcedureRunner.java:330)
	at uncertain.proc.Procedure.run(Procedure.java:101)
	at uncertain.proc.Switch.run(Switch.java:90)
	at uncertain.proc.ProcedureRunner.run(ProcedureRunner.java:289)
	at uncertain.proc.ProcedureRunner.run(ProcedureRunner.java:330)
	at uncertain.proc.Procedure.run(Procedure.java:101)
	at uncertain.proc.ProcedureRunner.run(ProcedureRunner.java:277)
	at aurora.service.ServiceInstance.invoke(ServiceInstance.java:133)
	at aurora.service.http.AbstractFacadeServlet.doService(AbstractFacadeServlet.java:148)
	at aurora.service.http.AbstractFacadeServlet.doGet(AbstractFacadeServlet.java:92)
	at javax.servlet.http.HttpServlet.service(HttpServlet.java:617)
	at javax.servlet.http.HttpServlet.service(HttpServlet.java:717)
	at org.apache.catalina.core.ApplicationFilterChain.internalDoFilter(ApplicationFilterChain.java:290)
	at org.apache.catalina.core.ApplicationFilterChain.doFilter(ApplicationFilterChain.java:206)
	at org.apache.catalina.core.StandardWrapperValve.invoke(StandardWrapperValve.java:233)
	at org.apache.catalina.core.StandardContextValve.invoke(StandardContextValve.java:191)
	at org.apache.catalina.core.StandardHostValve.invoke(StandardHostValve.java:127)
	at org.apache.catalina.valves.ErrorReportValve.invoke(ErrorReportValve.java:103)
	at org.apache.catalina.core.StandardEngineValve.invoke(StandardEngineValve.java:109)
	at org.apache.catalina.connector.CoyoteAdapter.service(CoyoteAdapter.java:293)
	at org.apache.coyote.http11.Http11Processor.process(Http11Processor.java:861)
	at org.apache.coyote.http11.Http11Protocol$Http11ConnectionHandler.process(Http11Protocol.java:606)
	at org.apache.tomcat.util.net.JIoEndpoint$Worker.run(JIoEndpoint.java:489)
	at java.lang.Thread.run(Unknown Source)
2019-08-14 11:02:33.967 [uncertain.core] [SEVERE] Error when executing service /hemp/modules/train/train_config.screen
java.lang.NullPointerException
	at aurora.security.AccessCheck.onAccessCheck(AccessCheck.java:32)
	at sun.reflect.GeneratedMethodAccessor139.invoke(Unknown Source)
	at sun.reflect.DelegatingMethodAccessorImpl.invoke(Unknown Source)
	at java.lang.reflect.Method.invoke(Unknown Source)
	at uncertain.event.ReflectionMethodHandle.handleEvent(ReflectionMethodHandle.java:92)
	at uncertain.event.ReflectionMethodHandle.handleEvent(ReflectionMethodHandle.java:49)
	at uncertain.event.Configuration.fireEventInternal(Configuration.java:450)
	at uncertain.event.Configuration.fireEvent(Configuration.java:388)
	at uncertain.proc.ProcedureRunner.fireEvent(ProcedureRunner.java:352)
	at uncertain.proc.Action.run(Action.java:171)
	at uncertain.proc.ProcedureRunner.run(ProcedureRunner.java:289)
	at uncertain.proc.ProcedureRunner.run(ProcedureRunner.java:330)
	at uncertain.proc.Procedure.run(Procedure.java:101)
	at uncertain.proc.Switch.run(Switch.java:90)
	at uncertain.proc.ProcedureRunner.run(ProcedureRunner.java:289)
	at uncertain.proc.ProcedureRunner.run(ProcedureRunner.java:330)
	at uncertain.proc.Procedure.run(Procedure.java:101)
	at uncertain.proc.ProcedureRunner.run(ProcedureRunner.java:277)
	at aurora.service.ServiceInstance.invoke(ServiceInstance.java:133)
	at aurora.service.http.AbstractFacadeServlet.doService(AbstractFacadeServlet.java:148)
	at aurora.service.http.AbstractFacadeServlet.doGet(AbstractFacadeServlet.java:92)
	at javax.servlet.http.HttpServlet.service(HttpServlet.java:617)
	at javax.servlet.http.HttpServlet.service(HttpServlet.java:717)
	at org.apache.catalina.core.ApplicationFilterChain.internalDoFilter(ApplicationFilterChain.java:290)
	at org.apache.catalina.core.ApplicationFilterChain.doFilter(ApplicationFilterChain.java:206)
	at org.apache.catalina.core.StandardWrapperValve.invoke(StandardWrapperValve.java:233)
	at org.apache.catalina.core.StandardContextValve.invoke(StandardContextValve.java:191)
	at org.apache.catalina.core.StandardHostValve.invoke(StandardHostValve.java:127)
	at org.apache.catalina.valves.ErrorReportValve.invoke(ErrorReportValve.java:103)
	at org.apache.catalina.core.StandardEngineValve.invoke(StandardEngineValve.java:109)
	at org.apache.catalina.connector.CoyoteAdapter.service(CoyoteAdapter.java:293)
	at org.apache.coyote.http11.Http11Processor.process(Http11Processor.java:861)
	at org.apache.coyote.http11.Http11Protocol$Http11ConnectionHandler.process(Http11Protocol.java:606)
	at org.apache.tomcat.util.net.JIoEndpoint$Worker.run(JIoEndpoint.java:489)
	at java.lang.Thread.run(Unknown Source)
2019-08-14 14:07:58.45 [uncertain.core] [SEVERE] Error when executing service /hemp/modules/train/train_config.screen
java.lang.NullPointerException
	at aurora.security.AccessCheck.onAccessCheck(AccessCheck.java:32)
	at sun.reflect.GeneratedMethodAccessor139.invoke(Unknown Source)
	at sun.reflect.DelegatingMethodAccessorImpl.invoke(Unknown Source)
	at java.lang.reflect.Method.invoke(Unknown Source)
	at uncertain.event.ReflectionMethodHandle.handleEvent(ReflectionMethodHandle.java:92)
	at uncertain.event.ReflectionMethodHandle.handleEvent(ReflectionMethodHandle.java:49)
	at uncertain.event.Configuration.fireEventInternal(Configuration.java:450)
	at uncertain.event.Configuration.fireEvent(Configuration.java:388)
	at uncertain.proc.ProcedureRunner.fireEvent(ProcedureRunner.java:352)
	at uncertain.proc.Action.run(Action.java:171)
	at uncertain.proc.ProcedureRunner.run(ProcedureRunner.java:289)
	at uncertain.proc.ProcedureRunner.run(ProcedureRunner.java:330)
	at uncertain.proc.Procedure.run(Procedure.java:101)
	at uncertain.proc.Switch.run(Switch.java:90)
	at uncertain.proc.ProcedureRunner.run(ProcedureRunner.java:289)
	at uncertain.proc.ProcedureRunner.run(ProcedureRunner.java:330)
	at uncertain.proc.Procedure.run(Procedure.java:101)
	at uncertain.proc.ProcedureRunner.run(ProcedureRunner.java:277)
	at aurora.service.ServiceInstance.invoke(ServiceInstance.java:133)
	at aurora.service.http.AbstractFacadeServlet.doService(AbstractFacadeServlet.java:148)
	at aurora.service.http.AbstractFacadeServlet.doGet(AbstractFacadeServlet.java:92)
	at javax.servlet.http.HttpServlet.service(HttpServlet.java:617)
	at javax.servlet.http.HttpServlet.service(HttpServlet.java:717)
	at org.apache.catalina.core.ApplicationFilterChain.internalDoFilter(ApplicationFilterChain.java:290)
	at org.apache.catalina.core.ApplicationFilterChain.doFilter(ApplicationFilterChain.java:206)
	at org.apache.catalina.core.StandardWrapperValve.invoke(StandardWrapperValve.java:233)
	at org.apache.catalina.core.StandardContextValve.invoke(StandardContextValve.java:191)
	at org.apache.catalina.core.StandardHostValve.invoke(StandardHostValve.java:127)
	at org.apache.catalina.valves.ErrorReportValve.invoke(ErrorReportValve.java:103)
	at org.apache.catalina.core.StandardEngineValve.invoke(StandardEngineValve.java:109)
	at org.apache.catalina.connector.CoyoteAdapter.service(CoyoteAdapter.java:293)
	at org.apache.coyote.http11.Http11Processor.process(Http11Processor.java:861)
	at org.apache.coyote.http11.Http11Protocol$Http11ConnectionHandler.process(Http11Protocol.java:606)
	at org.apache.tomcat.util.net.JIoEndpoint$Worker.run(JIoEndpoint.java:489)
	at java.lang.Thread.run(Unknown Source)
2019-08-14 14:30:20.338 [uncertain.core] [SEVERE] Error when executing service /hemp/modules/train/train_query.screen
java.lang.NullPointerException
	at aurora.security.AccessCheck.onAccessCheck(AccessCheck.java:32)
	at sun.reflect.GeneratedMethodAccessor139.invoke(Unknown Source)
	at sun.reflect.DelegatingMethodAccessorImpl.invoke(Unknown Source)
	at java.lang.reflect.Method.invoke(Unknown Source)
	at uncertain.event.ReflectionMethodHandle.handleEvent(ReflectionMethodHandle.java:92)
	at uncertain.event.ReflectionMethodHandle.handleEvent(ReflectionMethodHandle.java:49)
	at uncertain.event.Configuration.fireEventInternal(Configuration.java:450)
	at uncertain.event.Configuration.fireEvent(Configuration.java:388)
	at uncertain.proc.ProcedureRunner.fireEvent(ProcedureRunner.java:352)
	at uncertain.proc.Action.run(Action.java:171)
	at uncertain.proc.ProcedureRunner.run(ProcedureRunner.java:289)
	at uncertain.proc.ProcedureRunner.run(ProcedureRunner.java:330)
	at uncertain.proc.Procedure.run(Procedure.java:101)
	at uncertain.proc.Switch.run(Switch.java:90)
	at uncertain.proc.ProcedureRunner.run(ProcedureRunner.java:289)
	at uncertain.proc.ProcedureRunner.run(ProcedureRunner.java:330)
	at uncertain.proc.Procedure.run(Procedure.java:101)
	at uncertain.proc.ProcedureRunner.run(ProcedureRunner.java:277)
	at aurora.service.ServiceInstance.invoke(ServiceInstance.java:133)
	at aurora.service.http.AbstractFacadeServlet.doService(AbstractFacadeServlet.java:148)
	at aurora.service.http.AbstractFacadeServlet.doGet(AbstractFacadeServlet.java:92)
	at javax.servlet.http.HttpServlet.service(HttpServlet.java:617)
	at javax.servlet.http.HttpServlet.service(HttpServlet.java:717)
	at org.apache.catalina.core.ApplicationFilterChain.internalDoFilter(ApplicationFilterChain.java:290)
	at org.apache.catalina.core.ApplicationFilterChain.doFilter(ApplicationFilterChain.java:206)
	at org.apache.catalina.core.StandardWrapperValve.invoke(StandardWrapperValve.java:233)
	at org.apache.catalina.core.StandardContextValve.invoke(StandardContextValve.java:191)
	at org.apache.catalina.core.StandardHostValve.invoke(StandardHostValve.java:127)
	at org.apache.catalina.valves.ErrorReportValve.invoke(ErrorReportValve.java:103)
	at org.apache.catalina.core.StandardEngineValve.invoke(StandardEngineValve.java:109)
	at org.apache.catalina.connector.CoyoteAdapter.service(CoyoteAdapter.java:293)
	at org.apache.coyote.http11.Http11Processor.process(Http11Processor.java:861)
	at org.apache.coyote.http11.Http11Protocol$Http11ConnectionHandler.process(Http11Protocol.java:606)
	at org.apache.tomcat.util.net.JIoEndpoint$Worker.run(JIoEndpoint.java:489)
	at java.lang.Thread.run(Unknown Source)
