2018-10-11 07:04:42.270 [aurora.application.session_check] [CONFIG] Session data copied to context
2018-10-11 07:04:42.271 [aurora.application.session_check] [CONFIG] Access check result for login.svc => success
2018-10-11 07:04:42.271 [uncertain.proc] [CONFIG] [action] AccessCheck
2018-10-11 07:04:42.273 [uncertain.proc] [CONFIG] [action] CheckServiceLock
2018-10-11 07:04:42.273 [uncertain.proc] [CONFIG] [action] ParseParameter
2018-10-11 07:04:42.273 [uncertain.proc] [CONFIG] [action] ValidateInput
2018-10-11 07:04:42.273 [uncertain.proc] [CONFIG] [action] InvokeService
2018-10-11 07:04:42.276 [uncertain.proc] [CONFIG] [action] DecideStatement
2018-10-11 07:04:42.277 [uncertain.proc] [CONFIG] [action] DecideSqlGenerationMode
2018-10-11 07:04:42.277 [uncertain.proc] [FINE] aurora.database.service.BusinessModelService.onDecideSqlGenerationMode
2018-10-11 07:04:42.277 [uncertain.proc] [CONFIG] [action] CreateOperationSql
2018-10-11 07:04:42.277 [uncertain.proc] [CONFIG] [action] PopulateOperationSql
2018-10-11 07:04:42.277 [uncertain.proc] [FINE] aurora.database.features.OrderByClauseCreator.onPopulateOperationSql
2018-10-11 07:04:42.278 [uncertain.proc] [FINE] aurora.database.features.WhereClauseCreator.onPopulateOperationSql
2018-10-11 07:04:42.278 [uncertain.proc] [CONFIG] [action] CreateSqlRunner
2018-10-11 07:04:42.278 [uncertain.proc] [FINE] aurora.database.service.BusinessModelService.onCreateSqlRunner
2018-10-11 07:04:42.278 [uncertain.proc] [CONFIG] [action] ExecuteDmlStatement
2018-10-11 07:04:42.278 [uncertain.proc] [FINE] aurora.database.service.BusinessModelService.onExecuteDmlStatement
2018-10-11 07:04:42.278 [aurora.database] [CONFIG] 
============= BEGIN [execute] SQL Statement execution dump ============

                begin
                    sys_login_pkg.oa_nocheck_domain_account
                    (
                        p_account=>?,
                        p_result =>?,
                        p_provider_url =>?,
                        p_domain =>?
                    );
                end;
---------------------Binding info---------------------
No.1	Access path:@user_name	Data type of passed value :java.lang.String	Value:P010290003	Output:false	Database Type:null	
No.2	Access path:@result	Data type of passed value :[null]	Value:null	Output:true	Database Type:null	
No.3	Access path:@provider_url	Data type of passed value :[null]	Value:null	Output:true	Database Type:null	
No.4	Access path:@domain	Data type of passed value :[null]	Value:null	Output:true	Database Type:null	

=============== END [execute] SQL Statement execution dump ============

2018-10-11 07:04:42.278 [uncertain.proc] [INFO] Y
2018-10-11 07:04:42.280 [uncertain.proc] [CONFIG] [action] DecideStatement
2018-10-11 07:04:42.280 [uncertain.proc] [CONFIG] [action] DecideSqlGenerationMode
2018-10-11 07:04:42.281 [uncertain.proc] [FINE] aurora.database.service.BusinessModelService.onDecideSqlGenerationMode
2018-10-11 07:04:42.281 [uncertain.proc] [CONFIG] [action] CreateOperationSql
2018-10-11 07:04:42.281 [uncertain.proc] [CONFIG] [action] PopulateOperationSql
2018-10-11 07:04:42.281 [uncertain.proc] [FINE] aurora.database.features.OrderByClauseCreator.onPopulateOperationSql
2018-10-11 07:04:42.281 [uncertain.proc] [FINE] aurora.database.features.WhereClauseCreator.onPopulateOperationSql
2018-10-11 07:04:42.281 [uncertain.proc] [CONFIG] [action] CreateSqlRunner
2018-10-11 07:04:42.281 [uncertain.proc] [FINE] aurora.database.service.BusinessModelService.onCreateSqlRunner
2018-10-11 07:04:42.281 [uncertain.proc] [CONFIG] [action] ExecuteDmlStatement
2018-10-11 07:04:42.281 [uncertain.proc] [FINE] aurora.database.service.BusinessModelService.onExecuteDmlStatement
2018-10-11 07:04:42.286 [aurora.database] [CONFIG] 
============= BEGIN [execute] SQL Statement execution dump ============

            	declare
            	   vsid number;
                begin
                    sys_login_pkg.login(
                        p_user_name           =>?,
                        p_password            =>?,
                        p_language            =>?,
                        p_ip                  =>?,
                        p_session_id          =>vsid,
                        p_encryted_session_id =>?,
                        p_error_message       =>?
                    );
                    if vsid != -1 then
				        select user_id, vsid,? 
				        into   ?, ?,?
				        from   sys_session
				        where  session_id = vsid;
				    end if;
                end;
            
---------------------Binding info---------------------
No.1	Access path:/parameter/@user_name	Data type of passed value :java.lang.String	Value:P010290003	Output:false	Database Type:null	
No.2	Access path:/parameter/@user_password	Data type of passed value :java.lang.String	Value:1	Output:false	Database Type:null	
No.3	Access path:/parameter/@user_language	Data type of passed value :java.lang.String	Value:ZHS	Output:false	Database Type:null	
No.4	Access path:/request/@address	Data type of passed value :java.lang.String	Value:172.26.1.9	Output:false	Database Type:null	
No.5	Access path:@encryted_session_id	Data type of passed value :[null]	Value:null	Output:true	Database Type:null	
No.6	Access path:@message	Data type of passed value :[null]	Value:null	Output:true	Database Type:null	
No.7	Access path:/parameter/@is_ipad	Data type of passed value :java.lang.String	Value:N	Output:false	Database Type:null	
No.8	Access path:@user_id	Data type of passed value :[null]	Value:null	Output:true	Database Type:null	
No.9	Access path:@session_id	Data type of passed value :[null]	Value:null	Output:true	Database Type:null	
No.10	Access path:@is_ipad	Data type of passed value :java.lang.String	Value:N	Output:true	Database Type:null	

=============== END [execute] SQL Statement execution dump ============

2018-10-11 07:04:42.298 [uncertain.proc] [CONFIG] [action] CreateSuccessResponse
