2018-10-11 08:22:53.280 [aurora.application.session_check] [CONFIG] Session data copied to context
2018-10-11 08:22:53.280 [aurora.application.session_check] [CONFIG] Access check result for main.screen => success
2018-10-11 08:22:53.280 [uncertain.proc] [CONFIG] [action] AccessCheck
2018-10-11 08:22:53.288 [uncertain.proc] [CONFIG] [action] InitService
2018-10-11 08:22:53.288 [uncertain.proc] [CONFIG] [action] ParseParameter
2018-10-11 08:22:53.288 [uncertain.proc] [CONFIG] [action] CreateModel
2018-10-11 08:22:53.289 [aurora.database] [CONFIG] ===================================== prepare to run model-query sys.sys_main_menu==============================
2018-10-11 08:22:53.296 [uncertain.proc] [CONFIG] [action] DecideSqlGenerationMode
2018-10-11 08:22:53.296 [uncertain.proc] [FINE] aurora.database.service.BusinessModelService.onDecideSqlGenerationMode
2018-10-11 08:22:53.296 [uncertain.proc] [CONFIG] [action] CreateOperationSql
2018-10-11 08:22:53.296 [uncertain.proc] [CONFIG] [action] PopulateOperationSql
2018-10-11 08:22:53.296 [uncertain.proc] [FINE] aurora.database.features.OrderByClauseCreator.onPopulateOperationSql
2018-10-11 08:22:53.296 [uncertain.proc] [FINE] aurora.database.features.WhereClauseCreator.onPopulateOperationSql
2018-10-11 08:22:53.296 [uncertain.proc] [CONFIG] [action] ExecuteQuery
2018-10-11 08:22:53.296 [uncertain.proc] [FINE] aurora.bm.QuerySqlCreator.onExecuteQuery
2018-10-11 08:22:53.300 [uncertain.proc] [CONFIG] [action] QueryFinish
2018-10-11 08:22:53.300 [uncertain.proc] [FINE] aurora.database.features.AutoQueryCounter.onQueryFinish
2018-10-11 08:22:53.300 [uncertain.proc] [CONFIG] [action] FetchResultSet
2018-10-11 08:22:53.300 [uncertain.proc] [FINE] aurora.database.features.CacheBasedLookUpField.postFetchResultSet
2018-10-11 08:22:53.301 [aurora.database] [CONFIG] 
============= BEGIN [query] SQL Statement execution dump ============

select *
from (
SELECT t.function_id,
       t.function_code,
       t.function_type,
       t.parent_function_id,
       (select DESCRIPTION_TEXT
          from fnd_descriptions
         where DESCRIPTION_ID = t.function_name_id
           and Language = ?) AS function_description,
       (select count(1) * 75 from sys_function t,sys_role_function srf
   where t.function_type = 'G' and t.parent_function_id is null
   and t.function_id = srf.function_id
   and srf.role_id = ? and rownum < 10)  as count_menu_length
  FROM sys_function t,sys_role_function srf
   where t.function_type = 'G' and t.parent_function_id is null
   and t.function_id = srf.function_id
   and srf.role_id = ?
 order by t.sequence)v
            
---------------------Binding info---------------------
No.1	Access path:/session/@lang	Data type of passed value :java.lang.String	Value:ZHS	Output:false	Database Type:null	
No.2	Access path:/session/@role_id	Data type of passed value :java.lang.String	Value:3	Output:false	Database Type:null	
No.3	Access path:/session/@role_id	Data type of passed value :java.lang.String	Value:3	Output:false	Database Type:null	

=============== END [query] SQL Statement execution dump ============

2018-10-11 08:22:53.301 [aurora.database] [CONFIG] ===================================== prepare to run model-query sys.sys_modules==============================
2018-10-11 08:22:53.304 [uncertain.proc] [CONFIG] [action] DecideSqlGenerationMode
2018-10-11 08:22:53.304 [uncertain.proc] [FINE] aurora.database.service.BusinessModelService.onDecideSqlGenerationMode
2018-10-11 08:22:53.304 [uncertain.proc] [CONFIG] [action] CreateOperationSql
2018-10-11 08:22:53.304 [uncertain.proc] [CONFIG] [action] PopulateOperationSql
2018-10-11 08:22:53.305 [uncertain.proc] [FINE] aurora.database.features.OrderByClauseCreator.onPopulateOperationSql
2018-10-11 08:22:53.305 [uncertain.proc] [FINE] aurora.database.features.WhereClauseCreator.onPopulateOperationSql
2018-10-11 08:22:53.305 [uncertain.proc] [CONFIG] [action] ExecuteQuery
2018-10-11 08:22:53.305 [uncertain.proc] [FINE] aurora.bm.QuerySqlCreator.onExecuteQuery
2018-10-11 08:22:53.309 [uncertain.proc] [CONFIG] [action] QueryFinish
2018-10-11 08:22:53.309 [uncertain.proc] [FINE] aurora.database.features.AutoQueryCounter.onQueryFinish
2018-10-11 08:22:53.309 [uncertain.proc] [CONFIG] [action] FetchResultSet
2018-10-11 08:22:53.309 [uncertain.proc] [FINE] aurora.database.features.CacheBasedLookUpField.postFetchResultSet
2018-10-11 08:22:53.309 [aurora.database] [CONFIG] 
============= BEGIN [query] SQL Statement execution dump ============

SELECT t.function_id,
       t.function_code,
       t.function_type,
       t.parent_function_id,
       (select DESCRIPTION_TEXT
          from fnd_descriptions
         where DESCRIPTION_ID = t.function_name_id
           and Language = ?) AS function_description,
           s.service_name
  FROM sys_function t, sys_service s, sys_role_function fu
 WHERE t.service_id = s.service_id(+)
   AND t.function_type = 'G'
   AND t.function_id = fu.function_id AND T.PARENT_FUNCTION_ID IS NOT NULL
   and fu.role_id = ?  order by t.sequence
            
---------------------Binding info---------------------
No.1	Access path:/session/@lang	Data type of passed value :java.lang.String	Value:ZHS	Output:false	Database Type:null	
No.2	Access path:/session/@role_id	Data type of passed value :java.lang.String	Value:3	Output:false	Database Type:null	

=============== END [query] SQL Statement execution dump ============

2018-10-11 08:22:53.309 [aurora.database] [CONFIG] ===================================== prepare to run model-query sys.sys_functions==============================
2018-10-11 08:22:53.317 [uncertain.proc] [CONFIG] [action] DecideSqlGenerationMode
2018-10-11 08:22:53.317 [uncertain.proc] [FINE] aurora.database.service.BusinessModelService.onDecideSqlGenerationMode
2018-10-11 08:22:53.317 [uncertain.proc] [CONFIG] [action] CreateOperationSql
2018-10-11 08:22:53.317 [uncertain.proc] [CONFIG] [action] PopulateOperationSql
2018-10-11 08:22:53.318 [uncertain.proc] [FINE] aurora.database.features.OrderByClauseCreator.onPopulateOperationSql
2018-10-11 08:22:53.318 [uncertain.proc] [FINE] aurora.database.features.WhereClauseCreator.onPopulateOperationSql
2018-10-11 08:22:53.318 [uncertain.proc] [CONFIG] [action] ExecuteQuery
2018-10-11 08:22:53.318 [uncertain.proc] [FINE] aurora.bm.QuerySqlCreator.onExecuteQuery
2018-10-11 08:22:53.324 [uncertain.proc] [CONFIG] [action] QueryFinish
2018-10-11 08:22:53.324 [uncertain.proc] [FINE] aurora.database.features.AutoQueryCounter.onQueryFinish
2018-10-11 08:22:53.324 [uncertain.proc] [CONFIG] [action] FetchResultSet
2018-10-11 08:22:53.324 [uncertain.proc] [FINE] aurora.database.features.CacheBasedLookUpField.postFetchResultSet
2018-10-11 08:22:53.324 [aurora.database] [CONFIG] 
============= BEGIN [query] SQL Statement execution dump ============

 SELECT t.function_id,
       t.function_code,
       t.function_type,
       t.parent_function_id,
       s.service_name,
       (SELECT description_text
          FROM fnd_descriptions
         WHERE description_id = t.function_name_id
           AND LANGUAGE = ?) AS function_description,
       t.sequence
  FROM sys_function t, sys_service s, sys_role_function fu
 WHERE t.service_id = s.service_id(+)
   AND t.function_type = 'F'
   AND t.function_id = fu.function_id
   and fu.role_id = ?
   order by t.sequence
             
---------------------Binding info---------------------
No.1	Access path:/session/@lang	Data type of passed value :java.lang.String	Value:ZHS	Output:false	Database Type:null	
No.2	Access path:/session/@role_id	Data type of passed value :java.lang.String	Value:3	Output:false	Database Type:null	

=============== END [query] SQL Statement execution dump ============

2018-10-11 08:22:53.324 [aurora.database] [CONFIG] ===================================== prepare to run model-query sys.sys_shortcut_config==============================
2018-10-11 08:22:53.328 [uncertain.proc] [CONFIG] [action] DecideSqlGenerationMode
2018-10-11 08:22:53.328 [uncertain.proc] [FINE] aurora.database.service.BusinessModelService.onDecideSqlGenerationMode
2018-10-11 08:22:53.328 [uncertain.proc] [CONFIG] [action] CreateOperationSql
2018-10-11 08:22:53.328 [uncertain.proc] [CONFIG] [action] PopulateOperationSql
2018-10-11 08:22:53.328 [uncertain.proc] [FINE] aurora.database.features.OrderByClauseCreator.onPopulateOperationSql
2018-10-11 08:22:53.328 [uncertain.proc] [FINE] aurora.database.features.WhereClauseCreator.onPopulateOperationSql
2018-10-11 08:22:53.328 [uncertain.proc] [CONFIG] [action] ExecuteQuery
2018-10-11 08:22:53.328 [uncertain.proc] [FINE] aurora.bm.QuerySqlCreator.onExecuteQuery
2018-10-11 08:22:53.330 [uncertain.proc] [CONFIG] [action] QueryFinish
2018-10-11 08:22:53.330 [uncertain.proc] [FINE] aurora.database.features.AutoQueryCounter.onQueryFinish
2018-10-11 08:22:53.330 [uncertain.proc] [CONFIG] [action] FetchResultSet
2018-10-11 08:22:53.330 [uncertain.proc] [FINE] aurora.database.features.CacheBasedLookUpField.postFetchResultSet
2018-10-11 08:22:53.330 [aurora.database] [CONFIG] 
============= BEGIN [query] SQL Statement execution dump ============

                SELECT
                    ss.shortcut_id,
                    ss.shortcut_title,
                    ss.shortcut_desc,
                    ss.shortcut_img_path,
                    ss.shortcut_url
                FROM
                    sys_shortcuts ss,
                    sys_shortcuts_assign ssa
                WHERE
                    ss.shortcut_id   = ssa.shortcut_id AND
                    ssa.group_id     = sys_homepage_pkg.get_homepage_group(?, ?, ?) AND
                    ssa.enabled_flag = 'Y'
                ORDER BY
                    ssa.order_sequence
            
---------------------Binding info---------------------
No.1	Access path:/session/@user_id	Data type of passed value :java.lang.Long	Value:204	Output:false	Database Type:null	
No.2	Access path:/session/@role_id	Data type of passed value :java.lang.String	Value:3	Output:false	Database Type:null	
No.3	Access path:/session/@company_id	Data type of passed value :java.lang.String	Value:835	Output:false	Database Type:null	

=============== END [query] SQL Statement execution dump ============

2018-10-11 08:22:53.330 [aurora.database] [CONFIG] ===================================== prepare to run model-query sys.sys_user_role_groups==============================
2018-10-11 08:22:53.344 [uncertain.proc] [CONFIG] [action] DecideSqlGenerationMode
2018-10-11 08:22:53.344 [uncertain.proc] [FINE] aurora.database.service.BusinessModelService.onDecideSqlGenerationMode
2018-10-11 08:22:53.344 [uncertain.proc] [CONFIG] [action] CreatequeryStatement
2018-10-11 08:22:53.344 [uncertain.proc] [FINE] aurora.bm.QuerySqlCreator.onCreateQueryStatement
2018-10-11 08:22:53.351 [uncertain.proc] [CONFIG] [action] PopulatequeryStatement
2018-10-11 08:22:53.351 [uncertain.proc] [FINE] aurora.database.features.OrderByClauseCreator.onPopulateQueryStatement
2018-10-11 08:22:53.351 [uncertain.proc] [FINE] aurora.database.features.WhereClauseCreator.onPopulateQueryStatement
2018-10-11 08:22:53.351 [uncertain.proc] [CONFIG] [action] CreatequerySql
2018-10-11 08:22:53.351 [uncertain.proc] [FINE] aurora.bm.QuerySqlCreator.onCreateQuerySql
2018-10-11 08:22:53.351 [uncertain.proc] [CONFIG] [action] ExecuteQuery
2018-10-11 08:22:53.351 [uncertain.proc] [FINE] aurora.bm.QuerySqlCreator.onExecuteQuery
2018-10-11 08:22:53.359 [uncertain.proc] [CONFIG] [action] QueryFinish
2018-10-11 08:22:53.359 [uncertain.proc] [FINE] aurora.database.features.AutoQueryCounter.onQueryFinish
2018-10-11 08:22:53.359 [uncertain.proc] [CONFIG] [action] FetchResultSet
2018-10-11 08:22:53.359 [uncertain.proc] [FINE] aurora.database.features.CacheBasedLookUpField.postFetchResultSet
2018-10-11 08:22:53.365 [aurora.database] [CONFIG] 
============= BEGIN [query] SQL Statement execution dump ============
SELECT r.user_role_group_id,r.user_id,r.role_id,r.company_id,r.role_id || '_' || r.company_id AS role_company,(select srv.role_name from sys_role_vl srv where srv.role_id = r.role_id) || '-' || (select fcv.COMPANY_SHORT_NAME from fnd_companies_vl fcv where fcv.COMPANY_ID = r.company_id) AS role_company_name,(r.role_id|| '-' || r.company_id ) AS role_company_id,(select DESCRIPTION_TEXT from fnd_descriptions where DESCRIPTION_ID=fc.company_short_name_id and Language=?) AS company_short_name,(select DESCRIPTION_TEXT from fnd_descriptions where DESCRIPTION_ID=ro.description_id and Language=?) AS role_description,(select DESCRIPTION_TEXT from fnd_descriptions where DESCRIPTION_ID=ro.role_name_id and Language=?) AS role_name,fc.company_code,fc.company_short_name_id,ro.role_code,ro.description_id,ro.role_name_id
FROM sys_user_role_groups r
	LEFT OUTER JOIN fnd_companies fc ON r.company_id = fc.company_id
	INNER JOIN sys_role ro ON r.role_id = ro.role_id
WHERE r.user_id = ? AND (r.end_date is null or r.end_date >= trunc(sysdate)) AND (ro.end_date is null or ro.end_date >= trunc(sysdate)) AND (nvl(ro.weixin_flag,'N') = 'N') AND r.role_id = ? and r.user_id = ? and r.company_id = ?
---------------------Binding info---------------------
No.1	Access path:/session/@lang	Data type of passed value :java.lang.String	Value:ZHS	Output:false	Database Type:null	
No.2	Access path:/session/@lang	Data type of passed value :java.lang.String	Value:ZHS	Output:false	Database Type:null	
No.3	Access path:/session/@lang	Data type of passed value :java.lang.String	Value:ZHS	Output:false	Database Type:null	
No.4	Access path:/session/@user_id	Data type of passed value :java.lang.Long	Value:204	Output:false	Database Type:null	
No.5	Access path:/session/@role_id	Data type of passed value :java.lang.String	Value:3	Output:false	Database Type:null	
No.6	Access path:/session/@user_id	Data type of passed value :java.lang.Long	Value:204	Output:false	Database Type:null	
No.7	Access path:/session/@company_id	Data type of passed value :java.lang.String	Value:835	Output:false	Database Type:null	

=============== END [query] SQL Statement execution dump ============

2018-10-11 08:22:53.365 [aurora.database] [CONFIG] ===================================== prepare to run model-query sys.sys_user_role_groups==============================
2018-10-11 08:22:53.383 [uncertain.proc] [CONFIG] [action] DecideSqlGenerationMode
2018-10-11 08:22:53.383 [uncertain.proc] [FINE] aurora.database.service.BusinessModelService.onDecideSqlGenerationMode
2018-10-11 08:22:53.383 [uncertain.proc] [CONFIG] [action] CreatequeryStatement
2018-10-11 08:22:53.383 [uncertain.proc] [FINE] aurora.bm.QuerySqlCreator.onCreateQueryStatement
2018-10-11 08:22:53.390 [uncertain.proc] [CONFIG] [action] PopulatequeryStatement
2018-10-11 08:22:53.390 [uncertain.proc] [FINE] aurora.database.features.OrderByClauseCreator.onPopulateQueryStatement
2018-10-11 08:22:53.390 [uncertain.proc] [FINE] aurora.database.features.WhereClauseCreator.onPopulateQueryStatement
2018-10-11 08:22:53.390 [uncertain.proc] [CONFIG] [action] CreatequerySql
2018-10-11 08:22:53.390 [uncertain.proc] [FINE] aurora.bm.QuerySqlCreator.onCreateQuerySql
2018-10-11 08:22:53.390 [uncertain.proc] [CONFIG] [action] ExecuteQuery
2018-10-11 08:22:53.390 [uncertain.proc] [FINE] aurora.bm.QuerySqlCreator.onExecuteQuery
2018-10-11 08:22:53.413 [uncertain.proc] [CONFIG] [action] QueryFinish
2018-10-11 08:22:53.414 [uncertain.proc] [FINE] aurora.database.features.AutoQueryCounter.onQueryFinish
2018-10-11 08:22:53.414 [uncertain.proc] [CONFIG] [action] FetchResultSet
2018-10-11 08:22:53.414 [uncertain.proc] [FINE] aurora.database.features.CacheBasedLookUpField.postFetchResultSet
2018-10-11 08:22:53.417 [aurora.database] [CONFIG] 
============= BEGIN [query] SQL Statement execution dump ============
SELECT r.user_role_group_id,r.user_id,r.role_id,r.company_id,r.role_id || '_' || r.company_id AS role_company,(select srv.role_name from sys_role_vl srv where srv.role_id = r.role_id) || '-' || (select fcv.COMPANY_SHORT_NAME from fnd_companies_vl fcv where fcv.COMPANY_ID = r.company_id) AS role_company_name,(r.role_id|| '-' || r.company_id ) AS role_company_id,(select DESCRIPTION_TEXT from fnd_descriptions where DESCRIPTION_ID=fc.company_short_name_id and Language=?) AS company_short_name,(select DESCRIPTION_TEXT from fnd_descriptions where DESCRIPTION_ID=ro.description_id and Language=?) AS role_description,(select DESCRIPTION_TEXT from fnd_descriptions where DESCRIPTION_ID=ro.role_name_id and Language=?) AS role_name,fc.company_code,fc.company_short_name_id,ro.role_code,ro.description_id,ro.role_name_id
FROM sys_user_role_groups r
	LEFT OUTER JOIN fnd_companies fc ON r.company_id = fc.company_id
	INNER JOIN sys_role ro ON r.role_id = ro.role_id
WHERE r.user_id = ? AND (r.end_date is null or r.end_date >= trunc(sysdate)) AND (ro.end_date is null or ro.end_date >= trunc(sysdate)) AND (nvl(ro.weixin_flag,'N') = 'N')
---------------------Binding info---------------------
No.1	Access path:/session/@lang	Data type of passed value :java.lang.String	Value:ZHS	Output:false	Database Type:null	
No.2	Access path:/session/@lang	Data type of passed value :java.lang.String	Value:ZHS	Output:false	Database Type:null	
No.3	Access path:/session/@lang	Data type of passed value :java.lang.String	Value:ZHS	Output:false	Database Type:null	
No.4	Access path:/session/@user_id	Data type of passed value :java.lang.Long	Value:204	Output:false	Database Type:null	

=============== END [query] SQL Statement execution dump ============

2018-10-11 08:22:53.417 [aurora.database] [CONFIG] ===================================== prepare to run model-query sys.sys_function_role_reachable==============================
2018-10-11 08:22:53.420 [uncertain.proc] [CONFIG] [action] DecideSqlGenerationMode
2018-10-11 08:22:53.420 [uncertain.proc] [FINE] aurora.database.service.BusinessModelService.onDecideSqlGenerationMode
2018-10-11 08:22:53.420 [uncertain.proc] [CONFIG] [action] CreateOperationSql
2018-10-11 08:22:53.420 [uncertain.proc] [CONFIG] [action] PopulateOperationSql
2018-10-11 08:22:53.420 [uncertain.proc] [FINE] aurora.database.features.OrderByClauseCreator.onPopulateOperationSql
2018-10-11 08:22:53.420 [uncertain.proc] [FINE] aurora.database.features.WhereClauseCreator.onPopulateOperationSql
2018-10-11 08:22:53.420 [uncertain.proc] [CONFIG] [action] ExecuteQuery
2018-10-11 08:22:53.420 [uncertain.proc] [FINE] aurora.bm.QuerySqlCreator.onExecuteQuery
2018-10-11 08:22:53.422 [uncertain.proc] [CONFIG] [action] QueryFinish
2018-10-11 08:22:53.422 [uncertain.proc] [FINE] aurora.database.features.AutoQueryCounter.onQueryFinish
2018-10-11 08:22:53.422 [uncertain.proc] [CONFIG] [action] FetchResultSet
2018-10-11 08:22:53.422 [uncertain.proc] [FINE] aurora.database.features.CacheBasedLookUpField.postFetchResultSet
2018-10-11 08:22:53.422 [aurora.database] [CONFIG] 
============= BEGIN [query] SQL Statement execution dump ============

				select 'true' as reachable
				  from dual
				 where exists (select 1
				          from sys_role_function f
				         inner join sys_function fun
				            on f.function_id = fun.function_id
				         where fun.function_type != 'N'
				           and f.role_id = ?
				           and exists (select 1
				                  from sys_function sf, sys_service ss
				                 where sf.service_id = ss.service_id
				                   and ss.service_name = ?
				                   and sf.function_id = f.function_id
				                ))
				  union all
				  
				  select 'false' as reachable from dual
				  where not exists (select 1
				          from sys_role_function f
				         inner join sys_function fun
				            on f.function_id = fun.function_id
				         where fun.function_type != 'N'
				           and f.role_id = ?
				           and exists (select 1
				                  from sys_function sf, sys_service ss
				                 where sf.service_id = ss.service_id
				                   and ss.service_name = ?
				                   and sf.function_id = f.function_id
				                ))
			
---------------------Binding info---------------------
No.1	Access path:/session/@role_id	Data type of passed value :java.lang.String	Value:3	Output:false	Database Type:null	
No.2	Access path:@service_name	Data type of passed value :[null]	Value:null	Output:false	Database Type:null	
No.3	Access path:/session/@role_id	Data type of passed value :java.lang.String	Value:3	Output:false	Database Type:null	
No.4	Access path:@service_name	Data type of passed value :[null]	Value:null	Output:false	Database Type:null	

=============== END [query] SQL Statement execution dump ============

2018-10-11 08:22:53.422 [aurora.database] [CONFIG] ===================================== prepare to run model-query sys.sys_main_init==============================
2018-10-11 08:22:53.425 [uncertain.proc] [CONFIG] [action] DecideSqlGenerationMode
2018-10-11 08:22:53.425 [uncertain.proc] [FINE] aurora.database.service.BusinessModelService.onDecideSqlGenerationMode
2018-10-11 08:22:53.425 [uncertain.proc] [CONFIG] [action] CreateOperationSql
2018-10-11 08:22:53.425 [uncertain.proc] [CONFIG] [action] PopulateOperationSql
2018-10-11 08:22:53.425 [uncertain.proc] [FINE] aurora.database.features.OrderByClauseCreator.onPopulateOperationSql
2018-10-11 08:22:53.425 [uncertain.proc] [FINE] aurora.database.features.WhereClauseCreator.onPopulateOperationSql
2018-10-11 08:22:53.425 [uncertain.proc] [CONFIG] [action] ExecuteQuery
2018-10-11 08:22:53.425 [uncertain.proc] [FINE] aurora.bm.QuerySqlCreator.onExecuteQuery
2018-10-11 08:22:53.426 [uncertain.proc] [CONFIG] [action] QueryFinish
2018-10-11 08:22:53.426 [uncertain.proc] [FINE] aurora.database.features.AutoQueryCounter.onQueryFinish
2018-10-11 08:22:53.426 [uncertain.proc] [CONFIG] [action] FetchResultSet
2018-10-11 08:22:53.426 [uncertain.proc] [FINE] aurora.database.features.CacheBasedLookUpField.postFetchResultSet
2018-10-11 08:22:53.426 [aurora.database] [CONFIG] 
============= BEGIN [query] SQL Statement execution dump ============

        select t.role_id, s.service_id, s.service_name
  from sys_role t, sys_service s
 
  WHERE s.service_id = t.service_id and t.role_id = ?

---------------------Binding info---------------------
No.1	Access path:/session/@role_id	Data type of passed value :java.lang.String	Value:3	Output:false	Database Type:null	

=============== END [query] SQL Statement execution dump ============

2018-10-11 08:22:53.426 [aurora.database] [CONFIG] ===================================== prepare to run model-query sys.sys_enable_image_system_query==============================
2018-10-11 08:22:53.429 [uncertain.proc] [CONFIG] [action] DecideSqlGenerationMode
2018-10-11 08:22:53.429 [uncertain.proc] [FINE] aurora.database.service.BusinessModelService.onDecideSqlGenerationMode
2018-10-11 08:22:53.429 [uncertain.proc] [CONFIG] [action] CreateOperationSql
2018-10-11 08:22:53.429 [uncertain.proc] [CONFIG] [action] PopulateOperationSql
2018-10-11 08:22:53.429 [uncertain.proc] [FINE] aurora.database.features.OrderByClauseCreator.onPopulateOperationSql
2018-10-11 08:22:53.429 [uncertain.proc] [FINE] aurora.database.features.WhereClauseCreator.onPopulateOperationSql
2018-10-11 08:22:53.429 [uncertain.proc] [CONFIG] [action] ExecuteQuery
2018-10-11 08:22:53.429 [uncertain.proc] [FINE] aurora.bm.QuerySqlCreator.onExecuteQuery
2018-10-11 08:22:53.430 [uncertain.proc] [CONFIG] [action] QueryFinish
2018-10-11 08:22:53.430 [uncertain.proc] [FINE] aurora.database.features.AutoQueryCounter.onQueryFinish
2018-10-11 08:22:53.431 [uncertain.proc] [CONFIG] [action] FetchResultSet
2018-10-11 08:22:53.431 [uncertain.proc] [FINE] aurora.database.features.CacheBasedLookUpField.postFetchResultSet
2018-10-11 08:22:53.431 [aurora.database] [CONFIG] 
============= BEGIN [query] SQL Statement execution dump ============

            select sys_parameter_pkg.value('SYS_ENABLE_IMAGE_SYSTEM') as enable_image_system
  				from dual
			
---------------------Binding info---------------------
null
=============== END [query] SQL Statement execution dump ============

2018-10-11 08:22:53.431 [aurora.database] [CONFIG] ===================================== prepare to run model-query sys.SYS1130.sys_user_info==============================
2018-10-11 08:22:53.436 [uncertain.proc] [CONFIG] [action] DecideSqlGenerationMode
2018-10-11 08:22:53.436 [uncertain.proc] [FINE] aurora.database.service.BusinessModelService.onDecideSqlGenerationMode
2018-10-11 08:22:53.436 [uncertain.proc] [CONFIG] [action] CreatequeryStatement
2018-10-11 08:22:53.436 [uncertain.proc] [FINE] aurora.bm.QuerySqlCreator.onCreateQueryStatement
2018-10-11 08:22:53.436 [uncertain.proc] [CONFIG] [action] PopulatequeryStatement
2018-10-11 08:22:53.436 [uncertain.proc] [FINE] aurora.database.features.OrderByClauseCreator.onPopulateQueryStatement
2018-10-11 08:22:53.436 [uncertain.proc] [FINE] aurora.database.features.WhereClauseCreator.onPopulateQueryStatement
2018-10-11 08:22:53.436 [uncertain.proc] [CONFIG] [action] CreatequerySql
2018-10-11 08:22:53.436 [uncertain.proc] [FINE] aurora.bm.QuerySqlCreator.onCreateQuerySql
2018-10-11 08:22:53.436 [uncertain.proc] [CONFIG] [action] ExecuteQuery
2018-10-11 08:22:53.437 [uncertain.proc] [FINE] aurora.bm.QuerySqlCreator.onExecuteQuery
2018-10-11 08:22:53.437 [uncertain.proc] [CONFIG] [action] QueryFinish
2018-10-11 08:22:53.437 [uncertain.proc] [FINE] aurora.database.features.AutoQueryCounter.onQueryFinish
2018-10-11 08:22:53.437 [uncertain.proc] [CONFIG] [action] FetchResultSet
2018-10-11 08:22:53.437 [uncertain.proc] [FINE] aurora.database.features.CacheBasedLookUpField.postFetchResultSet
2018-10-11 08:22:53.437 [aurora.database] [CONFIG] 
============= BEGIN [query] SQL Statement execution dump ============
SELECT ui.user_name,ui.employee_id,(select e.name from exp_employees e where ui.employee_id = e.employee_id) AS employee_name
FROM sys_user ui
WHERE ui.user_id = ?
---------------------Binding info---------------------
No.1	Access path:/session/@user_id	Data type of passed value :java.lang.Long	Value:204	Output:false	Database Type:null	

=============== END [query] SQL Statement execution dump ============

2018-10-11 08:22:53.437 [uncertain.proc] [CONFIG] [action] CreateView
2018-10-11 08:22:53.437 [uncertain.proc] [CONFIG] [action] BuildOutputContent
2018-10-11 08:22:53.437 [aurora.presentation.buildsession] [CONFIG] Start build session
2018-10-11 08:22:53.437 [aurora.presentation.buildsession] [CONFIG] building view: <html-page> -> aurora.presentation.component.HtmlPage@46d014e5
2018-10-11 08:22:53.438 [aurora.presentation.buildsession] [CONFIG] building view: <link> -> aurora.presentation.TemplateBasedView@3dda489e
2018-10-11 08:22:53.438 [aurora.presentation.buildsession] [CONFIG] building view: <link> -> aurora.presentation.TemplateBasedView@3dda489e
2018-10-11 08:22:53.438 [aurora.presentation.buildsession] [CONFIG] building view: <link> -> aurora.presentation.TemplateBasedView@3dda489e
2018-10-11 08:22:53.438 [aurora.presentation.buildsession] [CONFIG] building view: <link> -> aurora.presentation.TemplateBasedView@3dda489e
2018-10-11 08:22:53.438 [aurora.presentation.buildsession] [CONFIG] building view: <link> -> aurora.presentation.TemplateBasedView@3dda489e
2018-10-11 08:22:53.438 [aurora.presentation.buildsession] [CONFIG] building view: <link> -> aurora.presentation.TemplateBasedView@3dda489e
2018-10-11 08:22:53.438 [aurora.presentation.buildsession] [CONFIG] building view: <link> -> aurora.presentation.TemplateBasedView@3dda489e
2018-10-11 08:22:53.439 [aurora.presentation.buildsession] [CONFIG] building view: <style> -> aurora.presentation.DefaultViewBuilder@35f5c5a3
2018-10-11 08:22:53.439 [aurora.presentation.buildsession] [CONFIG] building view: <link> -> aurora.presentation.TemplateBasedView@3dda489e
2018-10-11 08:22:53.439 [aurora.presentation.buildsession] [CONFIG] building view: <script> -> aurora.presentation.DefaultViewBuilder@35f5c5a3
2018-10-11 08:22:53.440 [aurora.presentation.buildsession] [CONFIG] building view: <dataSets> -> aurora.application.features.DataSetInit@1abc98a7
2018-10-11 08:22:53.440 [aurora.presentation.buildsession] [CONFIG] building view: <dataSet> -> aurora.presentation.TemplateBasedView@3dda489e
2018-10-11 08:22:53.440 [aurora.presentation.buildsession] [CONFIG] building view: <dataSet> -> aurora.presentation.TemplateBasedView@3dda489e
2018-10-11 08:22:53.443 [aurora.presentation.buildsession] [CONFIG] building view: <dataSet> -> aurora.presentation.TemplateBasedView@3dda489e
2018-10-11 08:22:53.443 [aurora.presentation.buildsession] [CONFIG] building view: <dataSet> -> aurora.presentation.TemplateBasedView@3dda489e
2018-10-11 08:22:53.444 [aurora.presentation.buildsession] [CONFIG] building view: <div> -> aurora.presentation.DefaultViewBuilder@35f5c5a3
2018-10-11 08:22:53.444 [aurora.presentation.buildsession] [CONFIG] building view: <table> -> aurora.presentation.DefaultViewBuilder@35f5c5a3
2018-10-11 08:22:53.444 [aurora.presentation.buildsession] [CONFIG] building view: <tbody> -> aurora.presentation.DefaultViewBuilder@35f5c5a3
2018-10-11 08:22:53.444 [aurora.presentation.buildsession] [CONFIG] building view: <tr> -> aurora.presentation.DefaultViewBuilder@35f5c5a3
2018-10-11 08:22:53.444 [aurora.presentation.buildsession] [CONFIG] building view: <td> -> aurora.presentation.DefaultViewBuilder@35f5c5a3
2018-10-11 08:22:53.444 [aurora.presentation.buildsession] [CONFIG] building view: <ul> -> aurora.presentation.DefaultViewBuilder@35f5c5a3
2018-10-11 08:22:53.444 [aurora.presentation.buildsession] [CONFIG] building view: <freeMarker> -> aurora.presentation.component.std.FreeMarkerTemplate@6c1c4cab
2018-10-11 08:22:53.445 [aurora.presentation.buildsession] [CONFIG] building view: <li> -> aurora.presentation.DefaultViewBuilder@35f5c5a3
2018-10-11 08:22:53.445 [aurora.presentation.buildsession] [CONFIG] building view: <a> -> aurora.presentation.DefaultViewBuilder@35f5c5a3
2018-10-11 08:22:53.446 [aurora.presentation.buildsession] [CONFIG] building view: <li> -> aurora.presentation.DefaultViewBuilder@35f5c5a3
2018-10-11 08:22:53.446 [aurora.presentation.buildsession] [CONFIG] building view: <a> -> aurora.presentation.DefaultViewBuilder@35f5c5a3
2018-10-11 08:22:53.446 [aurora.presentation.buildsession] [CONFIG] building view: <li> -> aurora.presentation.DefaultViewBuilder@35f5c5a3
2018-10-11 08:22:53.446 [aurora.presentation.buildsession] [CONFIG] building view: <a> -> aurora.presentation.DefaultViewBuilder@35f5c5a3
2018-10-11 08:22:53.446 [aurora.presentation.buildsession] [CONFIG] building view: <div> -> aurora.presentation.DefaultViewBuilder@35f5c5a3
2018-10-11 08:22:53.446 [aurora.presentation.buildsession] [CONFIG] building view: <a> -> aurora.presentation.DefaultViewBuilder@35f5c5a3
2018-10-11 08:22:53.446 [aurora.presentation.buildsession] [CONFIG] building view: <div> -> aurora.presentation.DefaultViewBuilder@35f5c5a3
2018-10-11 08:22:53.446 [aurora.presentation.buildsession] [CONFIG] building view: <div> -> aurora.presentation.DefaultViewBuilder@35f5c5a3
2018-10-11 08:22:53.446 [aurora.presentation.buildsession] [CONFIG] building view: <comboBox> -> aurora.presentation.TemplateBasedView@3dda489e
2018-10-11 08:22:53.446 [aurora.presentation.buildsession] [CONFIG] building view: <tr> -> aurora.presentation.DefaultViewBuilder@35f5c5a3
2018-10-11 08:22:53.446 [aurora.presentation.buildsession] [CONFIG] building view: <td> -> aurora.presentation.DefaultViewBuilder@35f5c5a3
2018-10-11 08:22:53.446 [aurora.presentation.buildsession] [CONFIG] building view: <div> -> aurora.presentation.DefaultViewBuilder@35f5c5a3
2018-10-11 08:22:53.446 [aurora.presentation.buildsession] [CONFIG] building view: <freeMarker> -> aurora.presentation.component.std.FreeMarkerTemplate@7ca88c34
2018-10-11 08:22:53.452 [aurora.presentation.buildsession] [CONFIG] building view: <div> -> aurora.presentation.DefaultViewBuilder@35f5c5a3
2018-10-11 08:22:53.452 [aurora.presentation.buildsession] [CONFIG] building view: <ul> -> aurora.presentation.DefaultViewBuilder@35f5c5a3
2018-10-11 08:22:53.452 [aurora.presentation.buildsession] [CONFIG] building view: <li> -> aurora.presentation.DefaultViewBuilder@35f5c5a3
2018-10-11 08:22:53.452 [aurora.presentation.buildsession] [CONFIG] building view: <li> -> aurora.presentation.DefaultViewBuilder@35f5c5a3
2018-10-11 08:22:53.452 [aurora.presentation.buildsession] [CONFIG] building view: <a> -> aurora.presentation.DefaultViewBuilder@35f5c5a3
2018-10-11 08:22:53.452 [aurora.presentation.buildsession] [CONFIG] building view: <li> -> aurora.presentation.DefaultViewBuilder@35f5c5a3
2018-10-11 08:22:53.452 [aurora.presentation.buildsession] [CONFIG] building view: <a> -> aurora.presentation.DefaultViewBuilder@35f5c5a3
2018-10-11 08:22:53.452 [aurora.presentation.buildsession] [CONFIG] building view: <li> -> aurora.presentation.DefaultViewBuilder@35f5c5a3
2018-10-11 08:22:53.452 [aurora.presentation.buildsession] [CONFIG] building view: <a> -> aurora.presentation.DefaultViewBuilder@35f5c5a3
2018-10-11 08:22:53.452 [aurora.presentation.buildsession] [CONFIG] building view: <ul> -> aurora.presentation.DefaultViewBuilder@35f5c5a3
2018-10-11 08:22:53.452 [aurora.presentation.buildsession] [CONFIG] building view: <li> -> aurora.presentation.DefaultViewBuilder@35f5c5a3
2018-10-11 08:22:53.452 [aurora.presentation.buildsession] [CONFIG] building view: <li> -> aurora.presentation.DefaultViewBuilder@35f5c5a3
2018-10-11 08:22:53.452 [aurora.presentation.buildsession] [CONFIG] building view: <a> -> aurora.presentation.DefaultViewBuilder@35f5c5a3
2018-10-11 08:22:53.452 [aurora.presentation.buildsession] [CONFIG] building view: <li> -> aurora.presentation.DefaultViewBuilder@35f5c5a3
2018-10-11 08:22:53.452 [aurora.presentation.buildsession] [CONFIG] building view: <a> -> aurora.presentation.DefaultViewBuilder@35f5c5a3
2018-10-11 08:22:53.452 [aurora.presentation.buildsession] [CONFIG] building view: <li> -> aurora.presentation.DefaultViewBuilder@35f5c5a3
2018-10-11 08:22:53.452 [aurora.presentation.buildsession] [CONFIG] building view: <a> -> aurora.presentation.DefaultViewBuilder@35f5c5a3
2018-10-11 08:22:53.452 [aurora.presentation.buildsession] [CONFIG] building view: <ul> -> aurora.presentation.DefaultViewBuilder@35f5c5a3
2018-10-11 08:22:53.452 [aurora.presentation.buildsession] [CONFIG] building view: <li> -> aurora.presentation.DefaultViewBuilder@35f5c5a3
2018-10-11 08:22:53.452 [aurora.presentation.buildsession] [CONFIG] building view: <li> -> aurora.presentation.DefaultViewBuilder@35f5c5a3
2018-10-11 08:22:53.452 [aurora.presentation.buildsession] [CONFIG] building view: <a> -> aurora.presentation.DefaultViewBuilder@35f5c5a3
2018-10-11 08:22:53.452 [aurora.presentation.buildsession] [CONFIG] building view: <li> -> aurora.presentation.DefaultViewBuilder@35f5c5a3
2018-10-11 08:22:53.452 [aurora.presentation.buildsession] [CONFIG] building view: <a> -> aurora.presentation.DefaultViewBuilder@35f5c5a3
2018-10-11 08:22:53.452 [aurora.presentation.buildsession] [CONFIG] building view: <li> -> aurora.presentation.DefaultViewBuilder@35f5c5a3
2018-10-11 08:22:53.452 [aurora.presentation.buildsession] [CONFIG] building view: <a> -> aurora.presentation.DefaultViewBuilder@35f5c5a3
2018-10-11 08:22:53.452 [aurora.presentation.buildsession] [CONFIG] building view: <li> -> aurora.presentation.DefaultViewBuilder@35f5c5a3
2018-10-11 08:22:53.452 [aurora.presentation.buildsession] [CONFIG] building view: <a> -> aurora.presentation.DefaultViewBuilder@35f5c5a3
2018-10-11 08:22:53.452 [aurora.presentation.buildsession] [CONFIG] building view: <li> -> aurora.presentation.DefaultViewBuilder@35f5c5a3
2018-10-11 08:22:53.452 [aurora.presentation.buildsession] [CONFIG] building view: <a> -> aurora.presentation.DefaultViewBuilder@35f5c5a3
2018-10-11 08:22:53.452 [aurora.presentation.buildsession] [CONFIG] building view: <li> -> aurora.presentation.DefaultViewBuilder@35f5c5a3
2018-10-11 08:22:53.452 [aurora.presentation.buildsession] [CONFIG] building view: <a> -> aurora.presentation.DefaultViewBuilder@35f5c5a3
2018-10-11 08:22:53.452 [aurora.presentation.buildsession] [CONFIG] building view: <ul> -> aurora.presentation.DefaultViewBuilder@35f5c5a3
2018-10-11 08:22:53.452 [aurora.presentation.buildsession] [CONFIG] building view: <li> -> aurora.presentation.DefaultViewBuilder@35f5c5a3
2018-10-11 08:22:53.452 [aurora.presentation.buildsession] [CONFIG] building view: <li> -> aurora.presentation.DefaultViewBuilder@35f5c5a3
2018-10-11 08:22:53.452 [aurora.presentation.buildsession] [CONFIG] building view: <a> -> aurora.presentation.DefaultViewBuilder@35f5c5a3
2018-10-11 08:22:53.452 [aurora.presentation.buildsession] [CONFIG] building view: <li> -> aurora.presentation.DefaultViewBuilder@35f5c5a3
2018-10-11 08:22:53.452 [aurora.presentation.buildsession] [CONFIG] building view: <a> -> aurora.presentation.DefaultViewBuilder@35f5c5a3
2018-10-11 08:22:53.452 [aurora.presentation.buildsession] [CONFIG] building view: <li> -> aurora.presentation.DefaultViewBuilder@35f5c5a3
2018-10-11 08:22:53.452 [aurora.presentation.buildsession] [CONFIG] building view: <a> -> aurora.presentation.DefaultViewBuilder@35f5c5a3
2018-10-11 08:22:53.452 [aurora.presentation.buildsession] [CONFIG] building view: <ul> -> aurora.presentation.DefaultViewBuilder@35f5c5a3
2018-10-11 08:22:53.452 [aurora.presentation.buildsession] [CONFIG] building view: <li> -> aurora.presentation.DefaultViewBuilder@35f5c5a3
2018-10-11 08:22:53.452 [aurora.presentation.buildsession] [CONFIG] building view: <li> -> aurora.presentation.DefaultViewBuilder@35f5c5a3
2018-10-11 08:22:53.452 [aurora.presentation.buildsession] [CONFIG] building view: <a> -> aurora.presentation.DefaultViewBuilder@35f5c5a3
2018-10-11 08:22:53.452 [aurora.presentation.buildsession] [CONFIG] building view: <li> -> aurora.presentation.DefaultViewBuilder@35f5c5a3
2018-10-11 08:22:53.452 [aurora.presentation.buildsession] [CONFIG] building view: <a> -> aurora.presentation.DefaultViewBuilder@35f5c5a3
2018-10-11 08:22:53.452 [aurora.presentation.buildsession] [CONFIG] building view: <li> -> aurora.presentation.DefaultViewBuilder@35f5c5a3
2018-10-11 08:22:53.452 [aurora.presentation.buildsession] [CONFIG] building view: <a> -> aurora.presentation.DefaultViewBuilder@35f5c5a3
2018-10-11 08:22:53.452 [aurora.presentation.buildsession] [CONFIG] building view: <ul> -> aurora.presentation.DefaultViewBuilder@35f5c5a3
2018-10-11 08:22:53.452 [aurora.presentation.buildsession] [CONFIG] building view: <li> -> aurora.presentation.DefaultViewBuilder@35f5c5a3
2018-10-11 08:22:53.452 [aurora.presentation.buildsession] [CONFIG] building view: <li> -> aurora.presentation.DefaultViewBuilder@35f5c5a3
2018-10-11 08:22:53.452 [aurora.presentation.buildsession] [CONFIG] building view: <a> -> aurora.presentation.DefaultViewBuilder@35f5c5a3
2018-10-11 08:22:53.452 [aurora.presentation.buildsession] [CONFIG] building view: <li> -> aurora.presentation.DefaultViewBuilder@35f5c5a3
2018-10-11 08:22:53.452 [aurora.presentation.buildsession] [CONFIG] building view: <a> -> aurora.presentation.DefaultViewBuilder@35f5c5a3
2018-10-11 08:22:53.452 [aurora.presentation.buildsession] [CONFIG] building view: <li> -> aurora.presentation.DefaultViewBuilder@35f5c5a3
2018-10-11 08:22:53.452 [aurora.presentation.buildsession] [CONFIG] building view: <a> -> aurora.presentation.DefaultViewBuilder@35f5c5a3
2018-10-11 08:22:53.453 [aurora.presentation.buildsession] [CONFIG] building view: <ul> -> aurora.presentation.DefaultViewBuilder@35f5c5a3
2018-10-11 08:22:53.453 [aurora.presentation.buildsession] [CONFIG] building view: <li> -> aurora.presentation.DefaultViewBuilder@35f5c5a3
2018-10-11 08:22:53.453 [aurora.presentation.buildsession] [CONFIG] building view: <li> -> aurora.presentation.DefaultViewBuilder@35f5c5a3
2018-10-11 08:22:53.453 [aurora.presentation.buildsession] [CONFIG] building view: <a> -> aurora.presentation.DefaultViewBuilder@35f5c5a3
2018-10-11 08:22:53.453 [aurora.presentation.buildsession] [CONFIG] building view: <div> -> aurora.presentation.DefaultViewBuilder@35f5c5a3
2018-10-11 08:22:53.453 [aurora.presentation.buildsession] [CONFIG] building view: <ul> -> aurora.presentation.DefaultViewBuilder@35f5c5a3
2018-10-11 08:22:53.453 [aurora.presentation.buildsession] [CONFIG] building view: <li> -> aurora.presentation.DefaultViewBuilder@35f5c5a3
2018-10-11 08:22:53.453 [aurora.presentation.buildsession] [CONFIG] building view: <li> -> aurora.presentation.DefaultViewBuilder@35f5c5a3
2018-10-11 08:22:53.453 [aurora.presentation.buildsession] [CONFIG] building view: <a> -> aurora.presentation.DefaultViewBuilder@35f5c5a3
2018-10-11 08:22:53.453 [aurora.presentation.buildsession] [CONFIG] building view: <li> -> aurora.presentation.DefaultViewBuilder@35f5c5a3
2018-10-11 08:22:53.453 [aurora.presentation.buildsession] [CONFIG] building view: <a> -> aurora.presentation.DefaultViewBuilder@35f5c5a3
2018-10-11 08:22:53.453 [aurora.presentation.buildsession] [CONFIG] building view: <ul> -> aurora.presentation.DefaultViewBuilder@35f5c5a3
2018-10-11 08:22:53.453 [aurora.presentation.buildsession] [CONFIG] building view: <li> -> aurora.presentation.DefaultViewBuilder@35f5c5a3
2018-10-11 08:22:53.453 [aurora.presentation.buildsession] [CONFIG] building view: <li> -> aurora.presentation.DefaultViewBuilder@35f5c5a3
2018-10-11 08:22:53.453 [aurora.presentation.buildsession] [CONFIG] building view: <a> -> aurora.presentation.DefaultViewBuilder@35f5c5a3
2018-10-11 08:22:53.453 [aurora.presentation.buildsession] [CONFIG] building view: <li> -> aurora.presentation.DefaultViewBuilder@35f5c5a3
2018-10-11 08:22:53.453 [aurora.presentation.buildsession] [CONFIG] building view: <a> -> aurora.presentation.DefaultViewBuilder@35f5c5a3
2018-10-11 08:22:53.453 [aurora.presentation.buildsession] [CONFIG] building view: <li> -> aurora.presentation.DefaultViewBuilder@35f5c5a3
2018-10-11 08:22:53.453 [aurora.presentation.buildsession] [CONFIG] building view: <a> -> aurora.presentation.DefaultViewBuilder@35f5c5a3
2018-10-11 08:22:53.453 [aurora.presentation.buildsession] [CONFIG] building view: <li> -> aurora.presentation.DefaultViewBuilder@35f5c5a3
2018-10-11 08:22:53.453 [aurora.presentation.buildsession] [CONFIG] building view: <a> -> aurora.presentation.DefaultViewBuilder@35f5c5a3
2018-10-11 08:22:53.453 [aurora.presentation.buildsession] [CONFIG] building view: <li> -> aurora.presentation.DefaultViewBuilder@35f5c5a3
2018-10-11 08:22:53.453 [aurora.presentation.buildsession] [CONFIG] building view: <a> -> aurora.presentation.DefaultViewBuilder@35f5c5a3
2018-10-11 08:22:53.453 [aurora.presentation.buildsession] [CONFIG] building view: <ul> -> aurora.presentation.DefaultViewBuilder@35f5c5a3
2018-10-11 08:22:53.453 [aurora.presentation.buildsession] [CONFIG] building view: <li> -> aurora.presentation.DefaultViewBuilder@35f5c5a3
2018-10-11 08:22:53.453 [aurora.presentation.buildsession] [CONFIG] building view: <li> -> aurora.presentation.DefaultViewBuilder@35f5c5a3
2018-10-11 08:22:53.453 [aurora.presentation.buildsession] [CONFIG] building view: <a> -> aurora.presentation.DefaultViewBuilder@35f5c5a3
2018-10-11 08:22:53.453 [aurora.presentation.buildsession] [CONFIG] building view: <div> -> aurora.presentation.DefaultViewBuilder@35f5c5a3
2018-10-11 08:22:53.453 [aurora.presentation.buildsession] [CONFIG] building view: <ul> -> aurora.presentation.DefaultViewBuilder@35f5c5a3
2018-10-11 08:22:53.453 [aurora.presentation.buildsession] [CONFIG] building view: <li> -> aurora.presentation.DefaultViewBuilder@35f5c5a3
2018-10-11 08:22:53.453 [aurora.presentation.buildsession] [CONFIG] building view: <li> -> aurora.presentation.DefaultViewBuilder@35f5c5a3
2018-10-11 08:22:53.453 [aurora.presentation.buildsession] [CONFIG] building view: <a> -> aurora.presentation.DefaultViewBuilder@35f5c5a3
2018-10-11 08:22:53.453 [aurora.presentation.buildsession] [CONFIG] building view: <div> -> aurora.presentation.DefaultViewBuilder@35f5c5a3
2018-10-11 08:22:53.453 [aurora.presentation.buildsession] [CONFIG] building view: <tabPanel> -> aurora.presentation.TemplateBasedView@3dda489e
2018-10-11 08:22:53.453 [aurora.presentation.buildsession] [CONFIG] building view: <script> -> aurora.presentation.DefaultViewBuilder@35f5c5a3
2018-10-11 08:22:53.454 [aurora.presentation.buildsession] [CONFIG] building view: <switch> -> aurora.presentation.component.std.Switch@3a19d878
2018-10-11 08:22:53.454 [aurora.presentation.buildsession] [CONFIG] End build session
