2018-10-19 06:51:25.218 [aurora.application.session_check] [CONFIG] Session data copied to context
2018-10-19 06:51:25.219 [aurora.application.session_check] [CONFIG] Checking BM access pur.pur_system_venders for operation batch_update
2018-10-19 06:51:25.219 [aurora.application.session_check] [CONFIG] for batch_update, access check will be performed on each record from parameter
2018-10-19 06:51:25.219 [uncertain.proc] [CONFIG] [action] AccessCheck
2018-10-19 06:51:25.220 [uncertain.proc] [CONFIG] [action] CheckServiceLock
2018-10-19 06:51:25.220 [uncertain.proc] [CONFIG] [action] ParseParameter
2018-10-19 06:51:25.220 [uncertain.proc] [CONFIG] [action] ValidateInput
2018-10-19 06:51:25.220 [uncertain.proc] [CONFIG] [action] InvokeService
2018-10-19 06:51:25.234 [aurora.database] [CONFIG] ============ Running model batch update with data from path /parameter, total 1 records
2018-10-19 06:51:25.234 [aurora.database] [CONFIG] execute update on record No.0 for model pur.pur_system_venders
2018-10-19 06:51:25.237 [uncertain.proc] [CONFIG] [action] DecideStatement
2018-10-19 06:51:25.238 [uncertain.proc] [CONFIG] [action] DecideSqlGenerationMode
2018-10-19 06:51:25.238 [uncertain.proc] [FINE] aurora.database.service.BusinessModelService.onDecideSqlGenerationMode
2018-10-19 06:51:25.238 [uncertain.proc] [CONFIG] [action] CreateOperationSql
2018-10-19 06:51:25.238 [uncertain.proc] [CONFIG] [action] PopulateOperationSql
2018-10-19 06:51:25.238 [uncertain.proc] [FINE] aurora.database.features.OrderByClauseCreator.onPopulateOperationSql
2018-10-19 06:51:25.238 [uncertain.proc] [FINE] aurora.database.features.WhereClauseCreator.onPopulateOperationSql
2018-10-19 06:51:25.238 [uncertain.proc] [CONFIG] [action] CreateSqlRunner
2018-10-19 06:51:25.238 [uncertain.proc] [FINE] aurora.database.service.BusinessModelService.onCreateSqlRunner
2018-10-19 06:51:25.238 [uncertain.proc] [CONFIG] [action] ExecuteDmlStatement
2018-10-19 06:51:25.238 [uncertain.proc] [FINE] aurora.database.service.BusinessModelService.onExecuteDmlStatement
2018-10-19 06:51:25.241 [uncertain.proc] [FINE] aurora.database.features.MultiLanguageStorage.postExecuteDmlStatement
2018-10-19 06:51:25.241 [aurora.database] [CONFIG] 
============= BEGIN [Update] SQL Statement execution dump ============

                BEGIN
                    UPDATE
                        PUR_SYSTEM_VENDERS pv
                    SET
                        pv.VENDER_CODE         =?,
                        pv.ADDRESS             =?,
                        pv.ARTIFICIAL_PERSON   =?,
                        pv.TAX_ID_NUMBER       =?,
                        pv.BANK_BRANCH_CODE    =?,
                        pv.BANK_ACCOUNT_CODE   =?,
                        pv.ENABLED_FLAG        =?,
                        pv.VENDER_TYPE_ID      =?,
                        pv.PAYMENT_TERM_ID     =?,
                        pv.PAYMENT_METHOD      =?,
                        pv.CURRENCY_CODE       =?,
                        pv.TAX_TYPE_ID         =?,
                        pv.APPROVED_VENDER_FLAG=?,
                        pv.LAST_UPDATED_BY     =?,
                        pv.LAST_UPDATE_DATE    =sysdate
                    WHERE
                        pv.VENDER_ID = ?;
                    fnd_description_pkg.update_fnd_descriptions(p_description_text => ?, 
                    											p_description_id => ?, 
                    											p_last_updated_by => ?, 
                    											p_language_code => ?, 
                    											p_function_name => NULL);
                    UPDATE
                        pur_company_venders pcv
                    SET
                        pcv.enabled_flag    =?,
                        pcv.last_updated_by =?,
                        pcv.last_update_date=sysdate
                    WHERE
                        pcv.vender_id=?;
                END;
            
---------------------Binding info---------------------
No.1	Access path:@vender_code	Data type of passed value :java.lang.String	Value:GYS01219	Output:false	Database Type:null	
No.2	Access path:@address	Data type of passed value :[null]	Value:null	Output:false	Database Type:null	
No.3	Access path:@artificial_person	Data type of passed value :[null]	Value:null	Output:false	Database Type:null	
No.4	Access path:@tax_id_number	Data type of passed value :[null]	Value:null	Output:false	Database Type:null	
No.5	Access path:@bank_branch_code	Data type of passed value :[null]	Value:null	Output:false	Database Type:null	
No.6	Access path:@bank_account_code	Data type of passed value :[null]	Value:null	Output:false	Database Type:null	
No.7	Access path:@enabled_flag	Data type of passed value :java.lang.String	Value:Y	Output:false	Database Type:null	
No.8	Access path:@vender_type_id	Data type of passed value :java.lang.Integer	Value:1	Output:false	Database Type:null	
No.9	Access path:@payment_term_id	Data type of passed value :[null]	Value:null	Output:false	Database Type:null	
No.10	Access path:@payment_method	Data type of passed value :[null]	Value:null	Output:false	Database Type:null	
No.11	Access path:@currency_code	Data type of passed value :[null]	Value:null	Output:false	Database Type:null	
No.12	Access path:@tax_type_id	Data type of passed value :[null]	Value:null	Output:false	Database Type:null	
No.13	Access path:@approved_vender_flag	Data type of passed value :java.lang.String	Value:Y	Output:false	Database Type:null	
No.14	Access path:/session/@user_id	Data type of passed value :java.lang.Long	Value:2242	Output:false	Database Type:null	
No.15	Access path:@vender_id	Data type of passed value :java.lang.Integer	Value:1672	Output:false	Database Type:null	
No.16	Access path:@description	Data type of passed value :java.lang.String	Value:百望股份有限公司	Output:false	Database Type:null	
No.17	Access path:@description_id	Data type of passed value :java.lang.Integer	Value:269132	Output:false	Database Type:null	
No.18	Access path:/session/@user_id	Data type of passed value :java.lang.Long	Value:2242	Output:false	Database Type:null	
No.19	Access path:/session/@lang	Data type of passed value :java.lang.String	Value:ZHS	Output:false	Database Type:null	
No.20	Access path:@enabled_flag	Data type of passed value :java.lang.String	Value:Y	Output:false	Database Type:null	
No.21	Access path:/session/@user_id	Data type of passed value :java.lang.Long	Value:2242	Output:false	Database Type:null	
No.22	Access path:@vender_id	Data type of passed value :java.lang.Integer	Value:1672	Output:false	Database Type:null	

=============== END [Update] SQL Statement execution dump ============

2018-10-19 06:51:25.241 [aurora.database] [CONFIG] ============ End of batch update for /parameter
2018-10-19 06:51:25.241 [uncertain.proc] [CONFIG] [action] CreateSuccessResponse
