2018-10-19 06:52:53.198 [aurora.application.session_check] [CONFIG] Session data copied to context
2018-10-19 06:52:53.198 [aurora.application.session_check] [CONFIG] Checking BM access pur.pur_system_venders for operation query
2018-10-19 06:52:53.202 [aurora.application.session_check] [CONFIG] Result from aurora.bm.DefaultAccessChecker@454ff011 is true
2018-10-19 06:52:53.202 [uncertain.proc] [CONFIG] [action] AccessCheck
2018-10-19 06:52:53.203 [uncertain.proc] [CONFIG] [action] CheckServiceLock
2018-10-19 06:52:53.203 [uncertain.proc] [CONFIG] [action] ParseParameter
2018-10-19 06:52:53.203 [uncertain.proc] [CONFIG] [action] ValidateInput
2018-10-19 06:52:53.203 [uncertain.proc] [CONFIG] [action] InvokeService
2018-10-19 06:52:53.204 [aurora.database] [CONFIG] ===================================== prepare to run model-query pur.pur_system_venders==============================
2018-10-19 06:52:53.219 [uncertain.proc] [CONFIG] [action] DecideSqlGenerationMode
2018-10-19 06:52:53.219 [uncertain.proc] [FINE] aurora.database.service.BusinessModelService.onDecideSqlGenerationMode
2018-10-19 06:52:53.219 [uncertain.proc] [CONFIG] [action] CreatequeryStatement
2018-10-19 06:52:53.219 [uncertain.proc] [FINE] aurora.bm.QuerySqlCreator.onCreateQueryStatement
2018-10-19 06:52:53.222 [uncertain.proc] [CONFIG] [action] PopulatequeryStatement
2018-10-19 06:52:53.223 [uncertain.proc] [FINE] aurora.database.features.OrderByClauseCreator.onPopulateQueryStatement
2018-10-19 06:52:53.223 [uncertain.proc] [FINE] aurora.database.features.WhereClauseCreator.onPopulateQueryStatement
2018-10-19 06:52:53.223 [uncertain.proc] [CONFIG] [action] CreatequerySql
2018-10-19 06:52:53.223 [uncertain.proc] [FINE] aurora.bm.QuerySqlCreator.onCreateQuerySql
2018-10-19 06:52:53.223 [uncertain.proc] [CONFIG] [action] ExecuteQuery
2018-10-19 06:52:53.223 [uncertain.proc] [FINE] aurora.bm.QuerySqlCreator.onExecuteQuery
2018-10-19 06:52:53.293 [uncertain.proc] [CONFIG] [action] QueryFinish
2018-10-19 06:52:53.293 [uncertain.proc] [FINE] aurora.database.features.AutoQueryCounter.onQueryFinish
2018-10-19 06:52:53.348 [uncertain.proc] [CONFIG] [action] FetchResultSet
2018-10-19 06:52:53.348 [uncertain.proc] [FINE] aurora.database.features.CacheBasedLookUpField.postFetchResultSet
2018-10-19 06:52:53.351 [aurora.database] [CONFIG] 
============= BEGIN [query] SQL Statement execution dump ============
SELECT pv.VENDER_ID,pv.VENDER_CODE,pv.DESCRIPTION_ID,(select  a.description_text from  fnd_descriptions a where a.description_id=pv.description_id and a.language=?) AS description,pv.ADDRESS,pv.ARTIFICIAL_PERSON,pv.TAX_ID_NUMBER,pv.BANK_BRANCH_CODE,pv.BANK_ACCOUNT_CODE,pv.ENABLED_FLAG,pv.VENDER_TYPE_ID,pv.PAYMENT_TERM_ID,pv.PAYMENT_METHOD,pv.CURRENCY_CODE,pv.TAX_TYPE_ID,pv.APPROVED_VENDER_FLAG, (SELECT (select DESCRIPTION_TEXT from fnd_descriptions where DESCRIPTION_ID=gc.currency_name_id and Language=?) AS currency_name from gld_currency gc where gc.currency_code = pv.currency_code) AS currency_code_display, (SELECT (select DESCRIPTION_TEXT from fnd_descriptions where DESCRIPTION_ID=cpm.description_id and Language=?) AS description from csh_payment_methods cpm where cpm.payment_method_code = pv.payment_method) AS payment_method_display,(select pvt.vender_type_code from pur_vender_types pvt where pvt.vender_type_id=pv.vender_type_id) AS vender_type_code,(select DESCRIPTION_TEXT from fnd_descriptions where DESCRIPTION_ID=pur.description_id and Language=?) AS vender_type_name,(select DESCRIPTION_TEXT from fnd_descriptions where DESCRIPTION_ID=pay.description_id and Language=?) AS payment_term_name,(select DESCRIPTION_TEXT from fnd_descriptions where DESCRIPTION_ID=tax.description_id and Language=?) AS tax_type_name,pur.DESCRIPTION_ID AS vender_type_name_id,pay.description_id AS payment_term_name_id,tax.description_id AS tax_type_name_id
FROM PUR_SYSTEM_VENDERS pv
	LEFT OUTER JOIN PUR_VENDER_TYPES pur ON pv.VENDER_TYPE_ID = pur.VENDER_TYPE_ID
	LEFT OUTER JOIN csh_payment_terms pay ON pv.PAYMENT_TERM_ID = pay.payment_term_id
	LEFT OUTER JOIN fnd_tax_type_codes tax ON pv.TAX_TYPE_ID = tax.tax_type_id
WHERE exists (select 1 from fnd_descriptions fd where pv.description_id=fd.description_id and fd.description_text like '%'||?||'%' and fd.language = ?)
ORDER BY VENDER_CODE
---------------------Binding info---------------------
No.1	Access path:/session/@lang	Data type of passed value :java.lang.String	Value:ZHS	Output:false	Database Type:null	
No.2	Access path:/session/@lang	Data type of passed value :java.lang.String	Value:ZHS	Output:false	Database Type:null	
No.3	Access path:/session/@lang	Data type of passed value :java.lang.String	Value:ZHS	Output:false	Database Type:null	
No.4	Access path:/session/@lang	Data type of passed value :java.lang.String	Value:ZHS	Output:false	Database Type:null	
No.5	Access path:/session/@lang	Data type of passed value :java.lang.String	Value:ZHS	Output:false	Database Type:null	
No.6	Access path:/session/@lang	Data type of passed value :java.lang.String	Value:ZHS	Output:false	Database Type:null	
No.7	Access path:@description	Data type of passed value :java.lang.String	Value:百望股份有限公司	Output:false	Database Type:null	
No.8	Access path:/session/@lang	Data type of passed value :java.lang.String	Value:ZHS	Output:false	Database Type:null	

=============== END [query] SQL Statement execution dump ============

2018-10-19 06:52:53.351 [uncertain.proc] [CONFIG] [action] CreateSuccessResponse
