2018-10-22 03:30:16.689 [aurora.application.session_check] [CONFIG] Session data copied to context
2018-10-22 03:30:16.690 [aurora.application.session_check] [CONFIG] Access check result for role_select.svc => success
2018-10-22 03:30:16.690 [uncertain.proc] [CONFIG] [action] AccessCheck
2018-10-22 03:30:16.698 [uncertain.proc] [CONFIG] [action] CheckServiceLock
2018-10-22 03:30:16.698 [uncertain.proc] [CONFIG] [action] ParseParameter
2018-10-22 03:30:16.698 [uncertain.proc] [CONFIG] [action] ValidateInput
2018-10-22 03:30:16.698 [uncertain.proc] [CONFIG] [action] InvokeService
2018-10-22 03:30:16.702 [uncertain.proc] [CONFIG] [action] DecideStatement
2018-10-22 03:30:16.704 [uncertain.proc] [CONFIG] [action] DecideSqlGenerationMode
2018-10-22 03:30:16.704 [uncertain.proc] [FINE] aurora.database.service.BusinessModelService.onDecideSqlGenerationMode
2018-10-22 03:30:16.704 [uncertain.proc] [CONFIG] [action] CreateOperationSql
2018-10-22 03:30:16.704 [uncertain.proc] [CONFIG] [action] PopulateOperationSql
2018-10-22 03:30:16.704 [uncertain.proc] [FINE] aurora.database.features.OrderByClauseCreator.onPopulateOperationSql
2018-10-22 03:30:16.704 [uncertain.proc] [FINE] aurora.database.features.WhereClauseCreator.onPopulateOperationSql
2018-10-22 03:30:16.704 [uncertain.proc] [CONFIG] [action] CreateSqlRunner
2018-10-22 03:30:16.704 [uncertain.proc] [FINE] aurora.database.service.BusinessModelService.onCreateSqlRunner
2018-10-22 03:30:16.704 [uncertain.proc] [CONFIG] [action] ExecuteDmlStatement
2018-10-22 03:30:16.704 [uncertain.proc] [FINE] aurora.database.service.BusinessModelService.onExecuteDmlStatement
2018-10-22 03:30:16.717 [aurora.database] [CONFIG] 
============= BEGIN [Update] SQL Statement execution dump ============

                begin
                    sys_login_pkg.role_select(
                        ?,
                        ?,
                        ?,
                        null,
                        ?,
                        null);
                end; 
            
---------------------Binding info---------------------
No.1	Access path:/cookie/@JSID/@value	Data type of passed value :java.lang.String	Value:8B5C3536CB9D4E09	Output:false	Database Type:null	
No.2	Access path:@role_id	Data type of passed value :java.lang.String	Value:13	Output:false	Database Type:null	
No.3	Access path:@company_id	Data type of passed value :java.lang.String	Value:835	Output:false	Database Type:null	
No.4	Access path:/request/@address	Data type of passed value :java.lang.String	Value:172.26.1.9	Output:false	Database Type:null	

=============== END [Update] SQL Statement execution dump ============

2018-10-22 03:30:16.717 [uncertain.proc] [CONFIG] [action] CreateSuccessResponse
