2018-10-17 09:27:31.541 [aurora.application.session_check] [CONFIG] Session data copied to context
2018-10-17 09:27:31.542 [aurora.application.session_check] [CONFIG] Access check result for role_select.svc => success
2018-10-17 09:27:31.542 [uncertain.proc] [CONFIG] [action] AccessCheck
2018-10-17 09:27:31.544 [uncertain.proc] [CONFIG] [action] CheckServiceLock
2018-10-17 09:27:31.544 [uncertain.proc] [CONFIG] [action] ParseParameter
2018-10-17 09:27:31.544 [uncertain.proc] [CONFIG] [action] ValidateInput
2018-10-17 09:27:31.544 [uncertain.proc] [CONFIG] [action] InvokeService
2018-10-17 09:27:31.547 [uncertain.proc] [CONFIG] [action] DecideStatement
2018-10-17 09:27:31.548 [uncertain.proc] [CONFIG] [action] DecideSqlGenerationMode
2018-10-17 09:27:31.548 [uncertain.proc] [FINE] aurora.database.service.BusinessModelService.onDecideSqlGenerationMode
2018-10-17 09:27:31.548 [uncertain.proc] [CONFIG] [action] CreateOperationSql
2018-10-17 09:27:31.548 [uncertain.proc] [CONFIG] [action] PopulateOperationSql
2018-10-17 09:27:31.548 [uncertain.proc] [FINE] aurora.database.features.OrderByClauseCreator.onPopulateOperationSql
2018-10-17 09:27:31.548 [uncertain.proc] [FINE] aurora.database.features.WhereClauseCreator.onPopulateOperationSql
2018-10-17 09:27:31.548 [uncertain.proc] [CONFIG] [action] CreateSqlRunner
2018-10-17 09:27:31.548 [uncertain.proc] [FINE] aurora.database.service.BusinessModelService.onCreateSqlRunner
2018-10-17 09:27:31.548 [uncertain.proc] [CONFIG] [action] ExecuteDmlStatement
2018-10-17 09:27:31.548 [uncertain.proc] [FINE] aurora.database.service.BusinessModelService.onExecuteDmlStatement
2018-10-17 09:27:31.550 [aurora.database] [CONFIG] 
============= BEGIN [Update] SQL Statement execution dump ============

                begin
                    sys_login_pkg.role_select(
                        ?,
                        ?,
                        ?,
                        null,
                        ?,
                        null);
                end; 
            
---------------------Binding info---------------------
No.1	Access path:/cookie/@JSID/@value	Data type of passed value :java.lang.String	Value:50957BD12F99AE15	Output:false	Database Type:null	
No.2	Access path:@role_id	Data type of passed value :java.lang.String	Value:3	Output:false	Database Type:null	
No.3	Access path:@company_id	Data type of passed value :java.lang.String	Value:835	Output:false	Database Type:null	
No.4	Access path:/request/@address	Data type of passed value :java.lang.String	Value:172.26.1.9	Output:false	Database Type:null	

=============== END [Update] SQL Statement execution dump ============

2018-10-17 09:27:31.550 [uncertain.proc] [CONFIG] [action] CreateSuccessResponse
