2018-10-22 03:31:29.954 [aurora.application.session_check] [CONFIG] Session data copied to context
2018-10-22 03:31:29.955 [aurora.application.session_check] [CONFIG] Access check result for role_select.svc => success
2018-10-22 03:31:29.955 [uncertain.proc] [CONFIG] [action] AccessCheck
2018-10-22 03:31:29.958 [uncertain.proc] [CONFIG] [action] CheckServiceLock
2018-10-22 03:31:29.958 [uncertain.proc] [CONFIG] [action] ParseParameter
2018-10-22 03:31:29.958 [uncertain.proc] [CONFIG] [action] ValidateInput
2018-10-22 03:31:29.958 [uncertain.proc] [CONFIG] [action] InvokeService
2018-10-22 03:31:29.962 [uncertain.proc] [CONFIG] [action] DecideStatement
2018-10-22 03:31:29.964 [uncertain.proc] [CONFIG] [action] DecideSqlGenerationMode
2018-10-22 03:31:29.964 [uncertain.proc] [FINE] aurora.database.service.BusinessModelService.onDecideSqlGenerationMode
2018-10-22 03:31:29.964 [uncertain.proc] [CONFIG] [action] CreateOperationSql
2018-10-22 03:31:29.964 [uncertain.proc] [CONFIG] [action] PopulateOperationSql
2018-10-22 03:31:29.964 [uncertain.proc] [FINE] aurora.database.features.OrderByClauseCreator.onPopulateOperationSql
2018-10-22 03:31:29.964 [uncertain.proc] [FINE] aurora.database.features.WhereClauseCreator.onPopulateOperationSql
2018-10-22 03:31:29.964 [uncertain.proc] [CONFIG] [action] CreateSqlRunner
2018-10-22 03:31:29.964 [uncertain.proc] [FINE] aurora.database.service.BusinessModelService.onCreateSqlRunner
2018-10-22 03:31:29.964 [uncertain.proc] [CONFIG] [action] ExecuteDmlStatement
2018-10-22 03:31:29.964 [uncertain.proc] [FINE] aurora.database.service.BusinessModelService.onExecuteDmlStatement
2018-10-22 03:31:29.966 [aurora.database] [CONFIG] 
============= BEGIN [Update] SQL Statement execution dump ============

                begin
                    sys_login_pkg.role_select(
                        ?,
                        ?,
                        ?,
                        null,
                        ?,
                        null);
                end; 
            
---------------------Binding info---------------------
No.1	Access path:/cookie/@JSID/@value	Data type of passed value :java.lang.String	Value:78D7F9C068E5DDDE	Output:false	Database Type:null	
No.2	Access path:@role_id	Data type of passed value :java.lang.Integer	Value:1	Output:false	Database Type:null	
No.3	Access path:@company_id	Data type of passed value :java.lang.Integer	Value:2240	Output:false	Database Type:null	
No.4	Access path:/request/@address	Data type of passed value :java.lang.String	Value:172.26.1.9	Output:false	Database Type:null	

=============== END [Update] SQL Statement execution dump ============

2018-10-22 03:31:29.966 [uncertain.proc] [CONFIG] [action] CreateSuccessResponse
