2018-10-15 06:32:50.310 [aurora.application.session_check] [CONFIG] Session data copied to context
2018-10-15 06:32:50.310 [aurora.application.session_check] [CONFIG] Checking BM access rpt.RPT1090.cux_contract_reports for operation query
2018-10-15 06:32:50.311 [aurora.application.session_check] [CONFIG] Result from aurora.bm.DefaultAccessChecker@75fd163 is true
2018-10-15 06:32:50.312 [uncertain.proc] [CONFIG] [action] AccessCheck
2018-10-15 06:32:50.313 [uncertain.proc] [CONFIG] [action] CheckServiceLock
2018-10-15 06:32:50.313 [uncertain.proc] [CONFIG] [action] ParseParameter
2018-10-15 06:32:50.313 [uncertain.proc] [CONFIG] [action] ValidateInput
2018-10-15 06:32:50.313 [uncertain.proc] [CONFIG] [action] InvokeService
2018-10-15 06:32:50.313 [aurora.database] [CONFIG] ===================================== prepare to run model-query rpt.RPT1090.cux_contract_reports==============================
2018-10-15 06:32:50.318 [uncertain.proc] [CONFIG] [action] DecideSqlGenerationMode
2018-10-15 06:32:50.318 [uncertain.proc] [FINE] aurora.database.service.BusinessModelService.onDecideSqlGenerationMode
2018-10-15 06:32:50.318 [uncertain.proc] [CONFIG] [action] CreateOperationSql
2018-10-15 06:32:50.318 [uncertain.proc] [CONFIG] [action] PopulateOperationSql
2018-10-15 06:32:50.318 [uncertain.proc] [FINE] aurora.database.features.OrderByClauseCreator.onPopulateOperationSql
2018-10-15 06:32:50.318 [uncertain.proc] [FINE] aurora.database.features.WhereClauseCreator.onPopulateOperationSql
2018-10-15 06:32:50.318 [uncertain.proc] [CONFIG] [action] ExecuteQuery
2018-10-15 06:32:50.318 [uncertain.proc] [FINE] aurora.bm.QuerySqlCreator.onExecuteQuery
2018-10-15 06:32:50.363 [uncertain.proc] [CONFIG] [action] QueryFinish
2018-10-15 06:32:50.363 [uncertain.proc] [FINE] aurora.database.features.AutoQueryCounter.onQueryFinish
2018-10-15 06:32:50.376 [uncertain.proc] [CONFIG] [action] FetchResultSet
2018-10-15 06:32:50.376 [uncertain.proc] [FINE] aurora.database.features.CacheBasedLookUpField.postFetchResultSet
2018-10-15 06:32:50.376 [aurora.database] [CONFIG] 
============= BEGIN [query] SQL Statement execution dump ============

                SELECT
                    *
                FROM
                    (SELECT
                        t.contract_header_id,
                        t.company_id,
                        c.company_short_name
                        ||'-'
                        ||c.company_code company_id_display,
                        t.contract_number,
                        t.contract_type_id,
                        (SELECT DISTINCT
                            a.description
                            || '-'
                            || a.contract_type_code code
                        FROM
                            con_contract_types_vl a
                        WHERE
                            t.contract_type_id = a.contract_type_id
                        ) contract_type_id_display,
                        t.document_number,
                        t.document_desc,
                        t.created_by,
                        ( SELECT DISTINCT
                            su.description
                            || '-'
                            || su.user_name code
                        FROM
                            sys_user su
                        WHERE
                            su.user_id = t.created_by
                        ) CREATED_BY_DISPLAY,
                        t.creation_date,
                        t.document_date,
                        TO_CHAR(t.creation_date,'RRRR-MM-DD') creation_date_display,
                        TO_CHAR(t.document_date,'RRRR-MM-DD') document_date_display,
                        t.unit_id,
                        (SELECT
                            un.description
                            ||'-'
                            ||un.unit_code code
                        FROM
                            exp_org_unit_vl un
                        WHERE
                            un.enabled_flag = 'Y' AND
                            un.unit_id      = t.unit_id
                        ) unit_id_display,
                        t.employee_id,
                        (SELECT
                            b.name
                            || '-'
                            || b.employee_code code
                        FROM
                            exp_employees b
                        WHERE
                            b.enabled_flag = 'Y' AND
                            b.employee_id  = t.employee_id
                        ) employee_id_display,
                        t.partner_category,
                        (SELECT
                            u.code_value_name code
                        FROM
                            sys_codes_vl c,
                            sys_code_values_vl u
                        WHERE
                            c.code         = 'PAYMENT_OBJECT' AND
                            u.code_id      = c.code_id AND
                            u.enabled_flag = 'Y' AND
                            u.code_value   = t.partner_category
                        ) partner_category_display,
                        t.partner_id,
                        DECODE (t.partner_category,'EMPLOYEE' ,
                        (SELECT
                            name
                            ||'-'
                            ||employee_code
                        FROM
                            exp_employees ee
                        WHERE
                            ee.employee_id=t.partner_id
                        ), 'CUSTOMER',
                        (SELECT
                            vc.DESCRIPTION
                            ||'-'
                            ||vc.CUSTOMER_CODE
                        FROM
                            ord_system_customers_vl vc
                        WHERE
                            vc.CUSTOMER_ID=t.partner_id
                        ),
                        (SELECT
                            vv.DESCRIPTION
                            ||'-'
                            ||vv.VENDER_CODE
                        FROM
                            pur_system_venders_vl vv
                        WHERE
                            vv.VENDER_ID=t.partner_id
                        )) partner_code,
                        t.status,
                        (SELECT
                            u.code_value_name code
                        FROM
                            sys_codes_vl c,
                            sys_code_values_vl u
                        WHERE
                            c.code         = 'CONTRACT_STATUS' AND
                            u.code_id      = c.code_id AND
                            u.enabled_flag = 'Y' AND
                            u.code_value   = t.status
                        ) status_display,
                        t.note
                    FROM
                        con_contract_headers t,
                        fnd_companies_vl c
                    WHERE
                        t.company_id=c.company_id
                    ) t 
                ORDER BY
                    t.contract_number
            
---------------------Binding info---------------------
null
=============== END [query] SQL Statement execution dump ============

2018-10-15 06:32:50.376 [uncertain.proc] [CONFIG] [action] CreateSuccessResponse
