2018-10-19 06:17:37.825 [uncertain.proc] [CONFIG] [action] DecideStatement
2018-10-19 06:17:37.827 [uncertain.proc] [CONFIG] [action] DecideSqlGenerationMode
2018-10-19 06:17:37.827 [uncertain.proc] [FINE] aurora.database.service.BusinessModelService.onDecideSqlGenerationMode
2018-10-19 06:17:37.827 [uncertain.proc] [CONFIG] [action] CreateOperationSql
2018-10-19 06:17:37.827 [uncertain.proc] [CONFIG] [action] PopulateOperationSql
2018-10-19 06:17:37.827 [uncertain.proc] [FINE] aurora.database.features.OrderByClauseCreator.onPopulateOperationSql
2018-10-19 06:17:37.827 [uncertain.proc] [FINE] aurora.database.features.WhereClauseCreator.onPopulateOperationSql
2018-10-19 06:17:37.827 [uncertain.proc] [CONFIG] [action] CreateSqlRunner
2018-10-19 06:17:37.827 [uncertain.proc] [FINE] aurora.database.service.BusinessModelService.onCreateSqlRunner
2018-10-19 06:17:37.827 [uncertain.proc] [CONFIG] [action] ExecuteDmlStatement
2018-10-19 06:17:37.827 [uncertain.proc] [FINE] aurora.database.service.BusinessModelService.onExecuteDmlStatement
2018-10-19 06:17:37.828 [aurora.database] [CONFIG] 
============= BEGIN [Update] SQL Statement execution dump ============

			  begin
			      if ? = 'Y' then
			        null;
			      else 
					sys_session_pkg.expire_session(p_session_id => ?);			      
			      end if;
			  end;
            
---------------------Binding info---------------------
No.1	Access path:/session/@is_ipad	Data type of passed value :java.lang.String	Value:N	Output:false	Database Type:null	
No.2	Access path:/session/@session_id	Data type of passed value :java.lang.Long	Value:55530	Output:false	Database Type:null	

=============== END [Update] SQL Statement execution dump ============

