2018-10-15 01:42:47.300 [aurora.application.session_check] [CONFIG] Session data copied to context
2018-10-15 01:42:47.300 [aurora.application.session_check] [CONFIG] Checking BM access sys.SYS8210.sys_user_employee_lov for operation query
2018-10-15 01:42:47.304 [aurora.application.session_check] [CONFIG] Result from aurora.bm.DefaultAccessChecker@1794c3e3 is true
2018-10-15 01:42:47.304 [uncertain.proc] [CONFIG] [action] AccessCheck
2018-10-15 01:42:47.305 [uncertain.proc] [CONFIG] [action] CheckServiceLock
2018-10-15 01:42:47.305 [uncertain.proc] [CONFIG] [action] ParseParameter
2018-10-15 01:42:47.305 [uncertain.proc] [CONFIG] [action] ValidateInput
2018-10-15 01:42:47.305 [uncertain.proc] [CONFIG] [action] InvokeService
2018-10-15 01:42:47.305 [aurora.database] [CONFIG] ===================================== prepare to run model-query sys.SYS8210.sys_user_employee_lov==============================
2018-10-15 01:42:47.314 [uncertain.proc] [CONFIG] [action] DecideSqlGenerationMode
2018-10-15 01:42:47.314 [uncertain.proc] [FINE] aurora.database.service.BusinessModelService.onDecideSqlGenerationMode
2018-10-15 01:42:47.315 [uncertain.proc] [CONFIG] [action] CreatequeryStatement
2018-10-15 01:42:47.315 [uncertain.proc] [FINE] aurora.bm.QuerySqlCreator.onCreateQueryStatement
2018-10-15 01:42:47.316 [uncertain.proc] [CONFIG] [action] PopulatequeryStatement
2018-10-15 01:42:47.316 [uncertain.proc] [FINE] aurora.database.features.OrderByClauseCreator.onPopulateQueryStatement
2018-10-15 01:42:47.316 [uncertain.proc] [FINE] aurora.database.features.WhereClauseCreator.onPopulateQueryStatement
2018-10-15 01:42:47.316 [uncertain.proc] [CONFIG] [action] CreatequerySql
2018-10-15 01:42:47.316 [uncertain.proc] [FINE] aurora.bm.QuerySqlCreator.onCreateQuerySql
2018-10-15 01:42:47.316 [uncertain.proc] [CONFIG] [action] ExecuteQuery
2018-10-15 01:42:47.316 [uncertain.proc] [FINE] aurora.bm.QuerySqlCreator.onExecuteQuery
2018-10-15 01:42:47.326 [uncertain.proc] [CONFIG] [action] QueryFinish
2018-10-15 01:42:47.326 [uncertain.proc] [FINE] aurora.database.features.AutoQueryCounter.onQueryFinish
2018-10-15 01:42:47.331 [uncertain.proc] [CONFIG] [action] FetchResultSet
2018-10-15 01:42:47.331 [uncertain.proc] [FINE] aurora.database.features.CacheBasedLookUpField.postFetchResultSet
2018-10-15 01:42:47.332 [aurora.database] [CONFIG] 
============= BEGIN [query] SQL Statement execution dump ============
SELECT emp.EMPLOYEE_ID,emp.EMPLOYEE_CODE,emp.NAME,r1.DESCRIPTION
FROM EXP_EMPLOYEES emp
	INNER JOIN EXP_EMPLOYEE_TYPES_VL r1 ON emp.EMPLOYEE_TYPE_ID = r1.EMPLOYEE_TYPE_ID
WHERE emp.enabled_flag='Y' AND EMPLOYEE_CODE LIKE ?
ORDER BY EMPLOYEE_CODE
---------------------Binding info---------------------
No.1	Access path:@employee_code	Data type of passed value :java.lang.String	Value:TEST1015	Output:false	Database Type:null	

=============== END [query] SQL Statement execution dump ============

2018-10-15 01:42:47.332 [uncertain.proc] [CONFIG] [action] CreateSuccessResponse
