2018-10-22 09:08:23.165 [aurora.application.session_check] [CONFIG] Session data copied to context
2018-10-22 09:08:23.165 [aurora.application.session_check] [CONFIG] Checking BM access sys.sys_service for operation query
2018-10-22 09:08:23.166 [aurora.application.session_check] [CONFIG] Result from aurora.bm.DefaultAccessChecker@2f8d87cf is true
2018-10-22 09:08:23.166 [uncertain.proc] [CONFIG] [action] AccessCheck
2018-10-22 09:08:23.168 [uncertain.proc] [CONFIG] [action] CheckServiceLock
2018-10-22 09:08:23.168 [uncertain.proc] [CONFIG] [action] ParseParameter
2018-10-22 09:08:23.168 [uncertain.proc] [CONFIG] [action] ValidateInput
2018-10-22 09:08:23.168 [uncertain.proc] [CONFIG] [action] InvokeService
2018-10-22 09:08:23.168 [aurora.database] [CONFIG] ===================================== prepare to run model-query sys.sys_service==============================
2018-10-22 09:08:23.173 [uncertain.proc] [CONFIG] [action] DecideSqlGenerationMode
2018-10-22 09:08:23.173 [uncertain.proc] [FINE] aurora.database.service.BusinessModelService.onDecideSqlGenerationMode
2018-10-22 09:08:23.173 [uncertain.proc] [CONFIG] [action] CreatequeryStatement
2018-10-22 09:08:23.174 [uncertain.proc] [FINE] aurora.bm.QuerySqlCreator.onCreateQueryStatement
2018-10-22 09:08:23.174 [uncertain.proc] [CONFIG] [action] PopulatequeryStatement
2018-10-22 09:08:23.174 [uncertain.proc] [FINE] aurora.database.features.OrderByClauseCreator.onPopulateQueryStatement
2018-10-22 09:08:23.174 [uncertain.proc] [FINE] aurora.database.features.WhereClauseCreator.onPopulateQueryStatement
2018-10-22 09:08:23.174 [uncertain.proc] [CONFIG] [action] CreatequerySql
2018-10-22 09:08:23.174 [uncertain.proc] [FINE] aurora.bm.QuerySqlCreator.onCreateQuerySql
2018-10-22 09:08:23.174 [uncertain.proc] [CONFIG] [action] ExecuteQuery
2018-10-22 09:08:23.174 [uncertain.proc] [FINE] aurora.bm.QuerySqlCreator.onExecuteQuery
2018-10-22 09:08:23.174 [uncertain.proc] [CONFIG] [action] QueryFinish
2018-10-22 09:08:23.175 [uncertain.proc] [FINE] aurora.database.features.AutoQueryCounter.onQueryFinish
2018-10-22 09:08:23.175 [uncertain.proc] [CONFIG] [action] FetchResultSet
2018-10-22 09:08:23.175 [uncertain.proc] [FINE] aurora.database.features.CacheBasedLookUpField.postFetchResultSet
2018-10-22 09:08:23.175 [aurora.database] [CONFIG] 
============= BEGIN [query] SQL Statement execution dump ============
SELECT f.service_id,f.service_name,f.is_entry_page,f.is_access_checked,f.is_login_required,f.is_system_access,? AS language,(select d.description_text from fnd_descriptions d where d.description_id = f.title_id and d.language = ?) AS title,f.title_id,f.weixin_flag
FROM sys_service f
WHERE f.service_name = ? AND nvl(f.weixin_flag,'N') = ?
ORDER BY f.service_name
---------------------Binding info---------------------
No.1	Access path:/session/@lang	Data type of passed value :java.lang.String	Value:ZHS	Output:false	Database Type:null	
No.2	Access path:/session/@lang	Data type of passed value :java.lang.String	Value:ZHS	Output:false	Database Type:null	
No.3	Access path:@service_name	Data type of passed value :java.lang.String	Value:modules/expm/public/exp_requisition_readonly_wfl.screen	Output:false	Database Type:null	
No.4	Access path:@weixin_flag	Data type of passed value :java.lang.String	Value:N	Output:false	Database Type:null	

=============== END [query] SQL Statement execution dump ============

2018-10-22 09:08:23.175 [uncertain.proc] [CONFIG] [action] CreateSuccessResponse
