2018-10-15 01:43:14.448 [aurora.application.session_check] [CONFIG] Session data copied to context
2018-10-15 01:43:14.448 [aurora.application.session_check] [CONFIG] Checking BM access sys.SYS8210.sys_user_role_assign for operation batch_update
2018-10-15 01:43:14.448 [aurora.application.session_check] [CONFIG] for batch_update, access check will be performed on each record from parameter
2018-10-15 01:43:14.448 [uncertain.proc] [CONFIG] [action] AccessCheck
2018-10-15 01:43:14.451 [uncertain.proc] [CONFIG] [action] CheckServiceLock
2018-10-15 01:43:14.451 [uncertain.proc] [CONFIG] [action] ParseParameter
2018-10-15 01:43:14.451 [uncertain.proc] [CONFIG] [action] ValidateInput
2018-10-15 01:43:14.451 [uncertain.proc] [CONFIG] [action] InvokeService
2018-10-15 01:43:14.469 [aurora.database] [CONFIG] ============ Running model batch update with data from path /parameter, total 1 records
2018-10-15 01:43:14.470 [aurora.database] [CONFIG] execute insert on record No.0 for model sys.SYS8210.sys_user_role_assign
2018-10-15 01:43:14.472 [uncertain.proc] [CONFIG] [action] DecideStatement
2018-10-15 01:43:14.473 [uncertain.proc] [CONFIG] [action] DecideSqlGenerationMode
2018-10-15 01:43:14.473 [uncertain.proc] [FINE] aurora.database.service.BusinessModelService.onDecideSqlGenerationMode
2018-10-15 01:43:14.473 [uncertain.proc] [CONFIG] [action] CreateOperationSql
2018-10-15 01:43:14.473 [uncertain.proc] [CONFIG] [action] PopulateOperationSql
2018-10-15 01:43:14.473 [uncertain.proc] [FINE] aurora.database.features.OrderByClauseCreator.onPopulateOperationSql
2018-10-15 01:43:14.473 [uncertain.proc] [FINE] aurora.database.features.WhereClauseCreator.onPopulateOperationSql
2018-10-15 01:43:14.473 [uncertain.proc] [CONFIG] [action] CreateSqlRunner
2018-10-15 01:43:14.473 [uncertain.proc] [FINE] aurora.database.service.BusinessModelService.onCreateSqlRunner
2018-10-15 01:43:14.473 [uncertain.proc] [CONFIG] [action] ExecuteDmlStatement
2018-10-15 01:43:14.473 [uncertain.proc] [FINE] aurora.database.service.BusinessModelService.onExecuteDmlStatement
2018-10-15 01:43:14.499 [aurora.database] [CONFIG] 
============= BEGIN [Insert] SQL Statement execution dump ============

    		begin	
    			sys_user_pkg.insert_sys_user_role_groups(
    			p_user_id => ?,
    			p_role_id => ?,
    			p_company_id => ?,
    			p_start_date => to_date(?,'YYYY-MM-DD'),
    			p_end_date => to_date(?,'YYYY-MM-DD'),
    			p_created_by => ?
    			);	
    		end;	
    		
---------------------Binding info---------------------
No.1	Access path:@user_id	Data type of passed value :java.lang.String	Value:2242	Output:false	Database Type:null	
No.2	Access path:@role_id	Data type of passed value :java.lang.Integer	Value:1	Output:false	Database Type:null	
No.3	Access path:@company_id	Data type of passed value :java.lang.Integer	Value:835	Output:false	Database Type:null	
No.4	Access path:@start_date	Data type of passed value :java.lang.String	Value:2018-10-01	Output:false	Database Type:null	
No.5	Access path:@end_date	Data type of passed value :[null]	Value:null	Output:false	Database Type:null	
No.6	Access path:/session/@user_id	Data type of passed value :java.lang.Long	Value:1	Output:false	Database Type:null	

=============== END [Insert] SQL Statement execution dump ============

2018-10-15 01:43:14.500 [aurora.database] [CONFIG] ============ End of batch update for /parameter
2018-10-15 01:43:14.500 [uncertain.proc] [CONFIG] [action] CreateSuccessResponse
