2018-10-22 06:10:15.7 [aurora.application.session_check] [CONFIG] Session data copied to context
2018-10-22 06:10:15.8 [aurora.application.session_check] [CONFIG] Checking BM access sys.SYS8010.bm_accesscheck for operation batch_update
2018-10-22 06:10:15.8 [aurora.application.session_check] [CONFIG] for batch_update, access check will be performed on each record from parameter
2018-10-22 06:10:15.8 [uncertain.proc] [CONFIG] [action] AccessCheck
2018-10-22 06:10:15.10 [uncertain.proc] [CONFIG] [action] CheckServiceLock
2018-10-22 06:10:15.10 [uncertain.proc] [CONFIG] [action] ParseParameter
2018-10-22 06:10:15.10 [uncertain.proc] [CONFIG] [action] ValidateInput
2018-10-22 06:10:15.10 [uncertain.proc] [CONFIG] [action] InvokeService
2018-10-22 06:10:15.14 [aurora.database] [CONFIG] ============ Running model batch update with data from path /parameter, total 1 records
2018-10-22 06:10:15.14 [aurora.database] [CONFIG] execute insert on record No.0 for model sys.SYS8010.bm_accesscheck
2018-10-22 06:10:15.16 [uncertain.proc] [CONFIG] [action] DecideStatement
2018-10-22 06:10:15.18 [uncertain.proc] [CONFIG] [action] DecideSqlGenerationMode
2018-10-22 06:10:15.18 [uncertain.proc] [FINE] aurora.database.service.BusinessModelService.onDecideSqlGenerationMode
2018-10-22 06:10:15.18 [uncertain.proc] [CONFIG] [action] CreateInsertStatement
2018-10-22 06:10:15.18 [uncertain.proc] [FINE] aurora.bm.InsertSqlCreator.onCreateInsertStatement
2018-10-22 06:10:15.18 [uncertain.proc] [CONFIG] [action] PopulateInsertStatement
2018-10-22 06:10:15.18 [uncertain.proc] [FINE] aurora.database.local.oracle.SequencePk.postPopulateInsertStatement
2018-10-22 06:10:15.18 [uncertain.proc] [CONFIG] [action] CreateInsertSql
2018-10-22 06:10:15.18 [uncertain.proc] [FINE] aurora.bm.InsertSqlCreator.onCreateInsertSql
2018-10-22 06:10:15.18 [uncertain.proc] [CONFIG] [action] CreateSqlRunner
2018-10-22 06:10:15.18 [uncertain.proc] [FINE] aurora.database.service.BusinessModelService.onCreateSqlRunner
2018-10-22 06:10:15.19 [uncertain.proc] [CONFIG] [action] ExecuteDmlStatement
2018-10-22 06:10:15.19 [uncertain.proc] [FINE] aurora.database.service.BusinessModelService.onExecuteDmlStatement
2018-10-22 06:10:15.71 [aurora.database] [CONFIG] 
============= BEGIN [Insert] SQL Statement execution dump ============
BEGIN INSERT INTO sys_function_bm_access ( access_id,function_id,bm_name,insert_option,update_option,delete_option,execute_option,query_option,CREATED_BY,CREATION_DATE,LAST_UPDATED_BY,LAST_UPDATE_DATE) VALUES ( sys_function_bm_access_S.NEXTVAL,?,?,?,?,?,?,?,?,sysdate,?,sysdate)  RETURNING access_id INTO ?; END;
---------------------Binding info---------------------
No.1	Access path:@function_id	Data type of passed value :java.lang.Long	Value:174	Output:false	Database Type:null	
No.2	Access path:@bm_name	Data type of passed value :java.lang.String	Value:expm.exp_requisition_release_quey_by_report	Output:false	Database Type:null	
No.3	Access path:@insert_option	Data type of passed value :java.lang.String	Value:Y	Output:false	Database Type:null	
No.4	Access path:@update_option	Data type of passed value :java.lang.String	Value:Y	Output:false	Database Type:null	
No.5	Access path:@delete_option	Data type of passed value :java.lang.String	Value:Y	Output:false	Database Type:null	
No.6	Access path:@execute_option	Data type of passed value :java.lang.String	Value:Y	Output:false	Database Type:null	
No.7	Access path:@query_option	Data type of passed value :java.lang.String	Value:Y	Output:false	Database Type:null	
No.8	Access path:/session/@user_id	Data type of passed value :java.lang.Long	Value:1	Output:false	Database Type:null	
No.9	Access path:/session/@user_id	Data type of passed value :java.lang.Long	Value:1	Output:false	Database Type:null	
No.10	Access path:@access_id	Data type of passed value :[null]	Value:null	Output:true	Database Type:null	

=============== END [Insert] SQL Statement execution dump ============

2018-10-22 06:10:15.71 [uncertain.proc] [CONFIG] [action] HandleException
2018-10-22 06:10:15.71 [uncertain.proc] [CONFIG] [action] CreateFailResponse
2018-10-22 06:10:15.72 [aurora.application] [SEVERE] java.sql.SQLIntegrityConstraintViolationException: ORA-00001: 违反唯一约束条件 (CCBLHEC.SYS_FUNCTION_BM_ACCESS_U1)
ORA-06512: 在 line 1

	at oracle.jdbc.driver.T4CTTIoer.processError(T4CTTIoer.java:450)
	at oracle.jdbc.driver.T4CTTIoer.processError(T4CTTIoer.java:399)
	at oracle.jdbc.driver.T4C8Oall.processError(T4C8Oall.java:1059)
	at oracle.jdbc.driver.T4CTTIfun.receive(T4CTTIfun.java:522)
	at oracle.jdbc.driver.T4CTTIfun.doRPC(T4CTTIfun.java:257)
	at oracle.jdbc.driver.T4C8Oall.doOALL(T4C8Oall.java:587)
	at oracle.jdbc.driver.T4CCallableStatement.doOall8(T4CCallableStatement.java:220)
	at oracle.jdbc.driver.T4CCallableStatement.doOall8(T4CCallableStatement.java:48)
	at oracle.jdbc.driver.T4CCallableStatement.executeForRows(T4CCallableStatement.java:938)
	at oracle.jdbc.driver.OracleStatement.doExecuteWithTimeout(OracleStatement.java:1150)
	at oracle.jdbc.driver.OraclePreparedStatement.executeInternal(OraclePreparedStatement.java:4798)
	at oracle.jdbc.driver.OraclePreparedStatement.executeUpdate(OraclePreparedStatement.java:4875)
	at oracle.jdbc.driver.OracleCallableStatement.executeUpdate(OracleCallableStatement.java:5661)
	at oracle.jdbc.driver.OraclePreparedStatementWrapper.executeUpdate(OraclePreparedStatementWrapper.java:1361)
	at com.mchange.v2.c3p0.impl.NewProxyCallableStatement.executeUpdate(NewProxyCallableStatement.java:2160)
	at aurora.database.SqlRunner.updateInternal(SqlRunner.java:274)
	at aurora.database.SqlRunner.update(SqlRunner.java:299)
	at aurora.database.SqlRunner.update(SqlRunner.java:314)
	at aurora.database.service.BusinessModelService.onExecuteDmlStatement(BusinessModelService.java:347)
	at sun.reflect.GeneratedMethodAccessor1034.invoke(Unknown Source)
	at sun.reflect.DelegatingMethodAccessorImpl.invoke(DelegatingMethodAccessorImpl.java:43)
	at java.lang.reflect.Method.invoke(Method.java:498)
	at uncertain.event.ReflectionMethodHandle.handleEvent(ReflectionMethodHandle.java:92)
	at uncertain.event.ReflectionMethodHandle.handleEvent(ReflectionMethodHandle.java:49)
	at uncertain.event.Configuration.fireEventInternal(Configuration.java:450)
	at uncertain.event.Configuration.fireEvent(Configuration.java:388)
	at uncertain.proc.ProcedureRunner.fireEvent(ProcedureRunner.java:352)
	at uncertain.proc.Action.run(Action.java:171)
	at uncertain.proc.ProcedureRunner.run(ProcedureRunner.java:289)
	at uncertain.proc.ProcedureRunner.run(ProcedureRunner.java:330)
	at uncertain.proc.Procedure.run(Procedure.java:101)
	at uncertain.proc.ProcedureRunner.run(ProcedureRunner.java:277)
	at aurora.database.service.BusinessModelService.runProcedure(BusinessModelService.java:244)
	at aurora.database.service.BusinessModelService.executeDml(BusinessModelService.java:260)
	at aurora.database.service.BusinessModelService.insert(BusinessModelService.java:268)
	at aurora.database.actions.ModelBatchUpdate.doUpdate(ModelBatchUpdate.java:69)
	at aurora.database.actions.ModelBatchUpdate.doBatchUpdateInternal(ModelBatchUpdate.java:98)
	at aurora.database.actions.ModelBatchUpdate.doBatchUpdate(ModelBatchUpdate.java:138)
	at aurora.database.actions.ModelBatchUpdate.run(ModelBatchUpdate.java:154)
	at uncertain.proc.ProcedureRunner.run(ProcedureRunner.java:289)
	at uncertain.proc.ProcedureRunner.run(ProcedureRunner.java:330)
	at uncertain.proc.Procedure.run(Procedure.java:101)
	at uncertain.proc.ProcedureRunner.run(ProcedureRunner.java:277)
	at aurora.application.features.AbstractProcedureInvoker.runProcedure(AbstractProcedureInvoker.java:41)
	at aurora.application.features.InitProcedureInvoker.doInvoke(InitProcedureInvoker.java:34)
	at aurora.application.features.InitProcedureInvoker.onInvokeService(InitProcedureInvoker.java:42)
	at sun.reflect.GeneratedMethodAccessor1483.invoke(Unknown Source)
	at sun.reflect.DelegatingMethodAccessorImpl.invoke(DelegatingMethodAccessorImpl.java:43)
	at java.lang.reflect.Method.invoke(Method.java:498)
	at uncertain.event.ReflectionMethodHandle.handleEvent(ReflectionMethodHandle.java:92)
	at uncertain.event.ReflectionMethodHandle.handleEvent(ReflectionMethodHandle.java:49)
	at uncertain.event.Configuration.fireEventInternal(Configuration.java:450)
	at uncertain.event.Configuration.fireEvent(Configuration.java:388)
	at uncertain.proc.ProcedureRunner.fireEvent(ProcedureRunner.java:352)
	at uncertain.proc.Action.run(Action.java:171)
	at uncertain.proc.ProcedureRunner.run(ProcedureRunner.java:289)
	at uncertain.proc.ProcedureRunner.run(ProcedureRunner.java:330)
	at uncertain.proc.Procedure.run(Procedure.java:101)
	at uncertain.proc.Switch.run(Switch.java:90)
	at uncertain.proc.ProcedureRunner.run(ProcedureRunner.java:289)
	at uncertain.proc.ProcedureRunner.run(ProcedureRunner.java:330)
	at uncertain.proc.Procedure.run(Procedure.java:101)
	at uncertain.proc.ProcedureRunner.run(ProcedureRunner.java:277)
	at aurora.service.ServiceInstance.invoke(ServiceInstance.java:133)
	at aurora.service.http.AbstractFacadeServlet.doService(AbstractFacadeServlet.java:158)
	at aurora.service.http.AbstractFacadeServlet.doPost(AbstractFacadeServlet.java:97)
	at javax.servlet.http.HttpServlet.service(HttpServlet.java:751)
	at javax.servlet.http.HttpServlet.service(HttpServlet.java:844)
	at weblogic.servlet.internal.StubSecurityHelper$ServletServiceAction.run(StubSecurityHelper.java:280)
	at weblogic.servlet.internal.StubSecurityHelper$ServletServiceAction.run(StubSecurityHelper.java:254)
	at weblogic.servlet.internal.StubSecurityHelper.invokeServlet(StubSecurityHelper.java:136)
	at weblogic.servlet.internal.ServletStubImpl.execute(ServletStubImpl.java:346)
	at weblogic.servlet.internal.ServletStubImpl.execute(ServletStubImpl.java:243)
	at weblogic.servlet.internal.WebAppServletContext$ServletInvocationAction.wrapRun(WebAppServletContext.java:3432)
	at weblogic.servlet.internal.WebAppServletContext$ServletInvocationAction.run(WebAppServletContext.java:3402)
	at weblogic.security.acl.internal.AuthenticatedSubject.doAs(AuthenticatedSubject.java:321)
	at weblogic.security.service.SecurityManager.runAs(SecurityManager.java:120)
	at weblogic.servlet.provider.WlsSubjectHandle.run(WlsSubjectHandle.java:57)
	at weblogic.servlet.internal.WebAppServletContext.doSecuredExecute(WebAppServletContext.java:2285)
	at weblogic.servlet.internal.WebAppServletContext.securedExecute(WebAppServletContext.java:2201)
	at weblogic.servlet.internal.WebAppServletContext.execute(WebAppServletContext.java:2179)
	at weblogic.servlet.internal.ServletRequestImpl.run(ServletRequestImpl.java:1572)
	at weblogic.servlet.provider.ContainerSupportProviderImpl$WlsRequestExecutor.run(ContainerSupportProviderImpl.java:255)
	at weblogic.work.ExecuteThread.execute(ExecuteThread.java:311)
	at weblogic.work.ExecuteThread.run(ExecuteThread.java:263)

