2018-10-22 07:26:45.889 [aurora.application.session_check] [CONFIG] Session data copied to context
2018-10-22 07:26:45.889 [aurora.application.session_check] [CONFIG] Checking BM access sys.EVT2010.evt_event_handle for operation query
2018-10-22 07:26:45.890 [aurora.application.session_check] [CONFIG] Result from aurora.bm.DefaultAccessChecker@7e44114 is true
2018-10-22 07:26:45.890 [uncertain.proc] [CONFIG] [action] AccessCheck
2018-10-22 07:26:45.892 [uncertain.proc] [CONFIG] [action] CheckServiceLock
2018-10-22 07:26:45.892 [uncertain.proc] [CONFIG] [action] ParseParameter
2018-10-22 07:26:45.892 [uncertain.proc] [CONFIG] [action] ValidateInput
2018-10-22 07:26:45.892 [uncertain.proc] [CONFIG] [action] InvokeService
2018-10-22 07:26:45.892 [aurora.database] [CONFIG] ===================================== prepare to run model-query sys.EVT2010.evt_event_handle==============================
2018-10-22 07:26:45.896 [uncertain.proc] [CONFIG] [action] DecideSqlGenerationMode
2018-10-22 07:26:45.897 [uncertain.proc] [FINE] aurora.database.service.BusinessModelService.onDecideSqlGenerationMode
2018-10-22 07:26:45.897 [uncertain.proc] [CONFIG] [action] CreatequeryStatement
2018-10-22 07:26:45.897 [uncertain.proc] [FINE] aurora.bm.QuerySqlCreator.onCreateQueryStatement
2018-10-22 07:26:45.897 [uncertain.proc] [CONFIG] [action] PopulatequeryStatement
2018-10-22 07:26:45.897 [uncertain.proc] [FINE] aurora.database.features.OrderByClauseCreator.onPopulateQueryStatement
2018-10-22 07:26:45.897 [uncertain.proc] [FINE] aurora.database.features.WhereClauseCreator.onPopulateQueryStatement
2018-10-22 07:26:45.897 [uncertain.proc] [CONFIG] [action] CreatequerySql
2018-10-22 07:26:45.897 [uncertain.proc] [FINE] aurora.bm.QuerySqlCreator.onCreateQuerySql
2018-10-22 07:26:45.897 [uncertain.proc] [CONFIG] [action] ExecuteQuery
2018-10-22 07:26:45.897 [uncertain.proc] [FINE] aurora.bm.QuerySqlCreator.onExecuteQuery
2018-10-22 07:26:45.913 [uncertain.proc] [CONFIG] [action] QueryFinish
2018-10-22 07:26:45.913 [uncertain.proc] [FINE] aurora.database.features.AutoQueryCounter.onQueryFinish
2018-10-22 07:26:45.915 [uncertain.proc] [CONFIG] [action] FetchResultSet
2018-10-22 07:26:45.915 [uncertain.proc] [FINE] aurora.database.features.CacheBasedLookUpField.postFetchResultSet
2018-10-22 07:26:45.915 [aurora.database] [CONFIG] 
============= BEGIN [query] SQL Statement execution dump ============
SELECT eh.handle_record_id,eh.event_name,eh.order_num,eh.object_name,eh.event_type,eh.handle_title,eh.handle_desc,eh.proc_name,eh.handle_type
FROM evt_event_handle eh
WHERE eh.event_name = ?
ORDER BY eh.order_num
---------------------Binding info---------------------
No.1	Access path:@event_name	Data type of passed value :java.lang.String	Value:SYN_HEC_TO_SUN_INTER_JOB	Output:false	Database Type:null	

=============== END [query] SQL Statement execution dump ============

2018-10-22 07:26:45.916 [uncertain.proc] [CONFIG] [action] CreateSuccessResponse
