2018-10-22 07:53:24.748 [aurora.application.session_check] [CONFIG] Session data copied to context
2018-10-22 07:53:24.748 [aurora.application.session_check] [CONFIG] Checking BM access sys.SYS9020.sys_9020_query_sql_execute for operation query
2018-10-22 07:53:24.749 [aurora.application.session_check] [CONFIG] Result from aurora.bm.DefaultAccessChecker@1ee97d6e is true
2018-10-22 07:53:24.749 [uncertain.proc] [CONFIG] [action] AccessCheck
2018-10-22 07:53:24.751 [uncertain.proc] [CONFIG] [action] CheckServiceLock
2018-10-22 07:53:24.751 [uncertain.proc] [CONFIG] [action] ParseParameter
2018-10-22 07:53:24.751 [uncertain.proc] [CONFIG] [action] ValidateInput
2018-10-22 07:53:24.751 [uncertain.proc] [CONFIG] [action] InvokeService
2018-10-22 07:53:24.751 [aurora.database] [CONFIG] ===================================== prepare to run model-query sys.SYS9020.sys_9020_query_sql_execute==============================
2018-10-22 07:53:24.754 [uncertain.proc] [CONFIG] [action] DecideSqlGenerationMode
2018-10-22 07:53:24.754 [uncertain.proc] [FINE] aurora.database.service.BusinessModelService.onDecideSqlGenerationMode
2018-10-22 07:53:24.754 [uncertain.proc] [CONFIG] [action] CreateOperationSql
2018-10-22 07:53:24.754 [uncertain.proc] [CONFIG] [action] PopulateOperationSql
2018-10-22 07:53:24.754 [uncertain.proc] [FINE] aurora.database.features.OrderByClauseCreator.onPopulateOperationSql
2018-10-22 07:53:24.754 [uncertain.proc] [FINE] aurora.database.features.WhereClauseCreator.onPopulateOperationSql
2018-10-22 07:53:24.754 [uncertain.proc] [CONFIG] [action] ExecuteQuery
2018-10-22 07:53:24.754 [uncertain.proc] [FINE] aurora.bm.QuerySqlCreator.onExecuteQuery
2018-10-22 07:53:24.760 [uncertain.proc] [CONFIG] [action] QueryFinish
2018-10-22 07:53:24.760 [uncertain.proc] [FINE] aurora.database.features.AutoQueryCounter.onQueryFinish
2018-10-22 07:53:24.760 [uncertain.proc] [CONFIG] [action] FetchResultSet
2018-10-22 07:53:24.760 [uncertain.proc] [FINE] aurora.database.features.CacheBasedLookUpField.postFetchResultSet
2018-10-22 07:53:24.760 [aurora.database] [CONFIG] 
============= BEGIN [query] SQL Statement execution dump ============

             select *from (
                select * from bgt_budget_reserves order by 1 desc
             ) 
			
---------------------Binding info---------------------
null
=============== END [query] SQL Statement execution dump ============

2018-10-22 07:53:24.760 [uncertain.proc] [CONFIG] [action] CreateSuccessResponse
