2018-10-17 01:49:58.400 [aurora.application.session_check] [CONFIG] Session data copied to context
2018-10-17 01:49:58.401 [aurora.application.session_check] [CONFIG] Checking BM access sys.SYS1010.sys_codes for operation query
2018-10-17 01:49:58.402 [aurora.application.session_check] [CONFIG] Result from aurora.bm.DefaultAccessChecker@38d966a8 is true
2018-10-17 01:49:58.402 [uncertain.proc] [CONFIG] [action] AccessCheck
2018-10-17 01:49:58.409 [uncertain.proc] [CONFIG] [action] CheckServiceLock
2018-10-17 01:49:58.409 [uncertain.proc] [CONFIG] [action] ParseParameter
2018-10-17 01:49:58.409 [uncertain.proc] [CONFIG] [action] ValidateInput
2018-10-17 01:49:58.409 [uncertain.proc] [CONFIG] [action] InvokeService
2018-10-17 01:49:58.409 [aurora.database] [CONFIG] ===================================== prepare to run model-query sys.SYS1010.sys_codes==============================
2018-10-17 01:49:58.447 [uncertain.proc] [CONFIG] [action] DecideSqlGenerationMode
2018-10-17 01:49:58.447 [uncertain.proc] [FINE] aurora.database.service.BusinessModelService.onDecideSqlGenerationMode
2018-10-17 01:49:58.447 [uncertain.proc] [CONFIG] [action] CreatequeryStatement
2018-10-17 01:49:58.447 [uncertain.proc] [FINE] aurora.bm.QuerySqlCreator.onCreateQueryStatement
2018-10-17 01:49:58.447 [uncertain.proc] [CONFIG] [action] PopulatequeryStatement
2018-10-17 01:49:58.447 [uncertain.proc] [FINE] aurora.database.features.OrderByClauseCreator.onPopulateQueryStatement
2018-10-17 01:49:58.447 [uncertain.proc] [FINE] aurora.database.features.WhereClauseCreator.onPopulateQueryStatement
2018-10-17 01:49:58.447 [uncertain.proc] [CONFIG] [action] CreatequerySql
2018-10-17 01:49:58.447 [uncertain.proc] [FINE] aurora.bm.QuerySqlCreator.onCreateQuerySql
2018-10-17 01:49:58.447 [uncertain.proc] [CONFIG] [action] ExecuteQuery
2018-10-17 01:49:58.447 [uncertain.proc] [FINE] aurora.bm.QuerySqlCreator.onExecuteQuery
2018-10-17 01:49:58.461 [uncertain.proc] [CONFIG] [action] QueryFinish
2018-10-17 01:49:58.461 [uncertain.proc] [FINE] aurora.database.features.AutoQueryCounter.onQueryFinish
2018-10-17 01:49:58.477 [uncertain.proc] [CONFIG] [action] FetchResultSet
2018-10-17 01:49:58.477 [uncertain.proc] [FINE] aurora.database.features.CacheBasedLookUpField.postFetchResultSet
2018-10-17 01:49:58.477 [aurora.database] [CONFIG] 
============= BEGIN [query] SQL Statement execution dump ============
SELECT c.code_id,c.code,c.sys_flag,c.enabled_flag,c.code_name_id,(select DESCRIPTION_TEXT from fnd_descriptions where DESCRIPTION_ID=c.code_name_id and Language=?) AS code_name
FROM sys_codes c
WHERE c.code LIKE ?
ORDER BY c.code
---------------------Binding info---------------------
No.1	Access path:/session/@lang	Data type of passed value :java.lang.String	Value:ZHS	Output:false	Database Type:null	
No.2	Access path:@code	Data type of passed value :java.lang.String	Value:PAYMENT_REQ_DOC_CATEGORY	Output:false	Database Type:null	

=============== END [query] SQL Statement execution dump ============

2018-10-17 01:49:58.477 [uncertain.proc] [CONFIG] [action] CreateSuccessResponse
