2018-10-21 07:52:03.734 [aurora.application.session_check] [CONFIG] Session data copied to context
2018-10-21 07:52:03.735 [aurora.application.session_check] [CONFIG] Checking BM access sys.SYS8210.sys_user_employee_lov for operation query
2018-10-21 07:52:03.737 [aurora.application.session_check] [CONFIG] Result from aurora.bm.DefaultAccessChecker@457bbe9b is true
2018-10-21 07:52:03.737 [uncertain.proc] [CONFIG] [action] AccessCheck
2018-10-21 07:52:03.738 [uncertain.proc] [CONFIG] [action] CheckServiceLock
2018-10-21 07:52:03.738 [uncertain.proc] [CONFIG] [action] ParseParameter
2018-10-21 07:52:03.738 [uncertain.proc] [CONFIG] [action] ValidateInput
2018-10-21 07:52:03.738 [uncertain.proc] [CONFIG] [action] InvokeService
2018-10-21 07:52:03.739 [aurora.database] [CONFIG] ===================================== prepare to run model-query sys.SYS8210.sys_user_employee_lov==============================
2018-10-21 07:52:03.746 [uncertain.proc] [CONFIG] [action] DecideSqlGenerationMode
2018-10-21 07:52:03.746 [uncertain.proc] [FINE] aurora.database.service.BusinessModelService.onDecideSqlGenerationMode
2018-10-21 07:52:03.746 [uncertain.proc] [CONFIG] [action] CreatequeryStatement
2018-10-21 07:52:03.747 [uncertain.proc] [FINE] aurora.bm.QuerySqlCreator.onCreateQueryStatement
2018-10-21 07:52:03.749 [uncertain.proc] [CONFIG] [action] PopulatequeryStatement
2018-10-21 07:52:03.749 [uncertain.proc] [FINE] aurora.database.features.OrderByClauseCreator.onPopulateQueryStatement
2018-10-21 07:52:03.749 [uncertain.proc] [FINE] aurora.database.features.WhereClauseCreator.onPopulateQueryStatement
2018-10-21 07:52:03.749 [uncertain.proc] [CONFIG] [action] CreatequerySql
2018-10-21 07:52:03.749 [uncertain.proc] [FINE] aurora.bm.QuerySqlCreator.onCreateQuerySql
2018-10-21 07:52:03.749 [uncertain.proc] [CONFIG] [action] ExecuteQuery
2018-10-21 07:52:03.749 [uncertain.proc] [FINE] aurora.bm.QuerySqlCreator.onExecuteQuery
2018-10-21 07:52:03.759 [uncertain.proc] [CONFIG] [action] QueryFinish
2018-10-21 07:52:03.759 [uncertain.proc] [FINE] aurora.database.features.AutoQueryCounter.onQueryFinish
2018-10-21 07:52:03.759 [uncertain.proc] [CONFIG] [action] FetchResultSet
2018-10-21 07:52:03.759 [uncertain.proc] [FINE] aurora.database.features.CacheBasedLookUpField.postFetchResultSet
2018-10-21 07:52:03.759 [aurora.database] [CONFIG] 
============= BEGIN [query] SQL Statement execution dump ============
SELECT emp.EMPLOYEE_ID,emp.EMPLOYEE_CODE,emp.NAME,r1.DESCRIPTION
FROM EXP_EMPLOYEES emp
	INNER JOIN EXP_EMPLOYEE_TYPES_VL r1 ON emp.EMPLOYEE_TYPE_ID = r1.EMPLOYEE_TYPE_ID
WHERE emp.enabled_flag='Y' AND (emp.employee_code like ?||'%' or emp.name like '%'||?||'%')
ORDER BY EMPLOYEE_CODE
---------------------Binding info---------------------
No.1	Access path:@employee_code_name	Data type of passed value :java.lang.String	Value:TEST1021_1	Output:false	Database Type:null	
No.2	Access path:@employee_code_name	Data type of passed value :java.lang.String	Value:TEST1021_1	Output:false	Database Type:null	

=============== END [query] SQL Statement execution dump ============

2018-10-21 07:52:03.760 [uncertain.proc] [CONFIG] [action] CreateSuccessResponse
