2018-10-19 06:59:12.283 [aurora.application.session_check] [CONFIG] Session data copied to context
2018-10-19 06:59:12.283 [aurora.application.session_check] [CONFIG] Checking BM access sys.SYS1004.sys_prompts for operation query
2018-10-19 06:59:12.284 [aurora.application.session_check] [CONFIG] Result from aurora.bm.DefaultAccessChecker@2a15fd62 is true
2018-10-19 06:59:12.284 [uncertain.proc] [CONFIG] [action] AccessCheck
2018-10-19 06:59:12.286 [uncertain.proc] [CONFIG] [action] CheckServiceLock
2018-10-19 06:59:12.286 [uncertain.proc] [CONFIG] [action] ParseParameter
2018-10-19 06:59:12.286 [uncertain.proc] [CONFIG] [action] ValidateInput
2018-10-19 06:59:12.286 [uncertain.proc] [CONFIG] [action] InvokeService
2018-10-19 06:59:12.286 [aurora.database] [CONFIG] ===================================== prepare to run model-query sys.SYS1004.sys_prompts==============================
2018-10-19 06:59:12.291 [uncertain.proc] [CONFIG] [action] DecideSqlGenerationMode
2018-10-19 06:59:12.291 [uncertain.proc] [FINE] aurora.database.service.BusinessModelService.onDecideSqlGenerationMode
2018-10-19 06:59:12.291 [uncertain.proc] [CONFIG] [action] CreatequeryStatement
2018-10-19 06:59:12.291 [uncertain.proc] [FINE] aurora.bm.QuerySqlCreator.onCreateQueryStatement
2018-10-19 06:59:12.291 [uncertain.proc] [CONFIG] [action] PopulatequeryStatement
2018-10-19 06:59:12.291 [uncertain.proc] [FINE] aurora.database.features.OrderByClauseCreator.onPopulateQueryStatement
2018-10-19 06:59:12.291 [uncertain.proc] [FINE] aurora.database.features.WhereClauseCreator.onPopulateQueryStatement
2018-10-19 06:59:12.291 [uncertain.proc] [CONFIG] [action] CreatequerySql
2018-10-19 06:59:12.291 [uncertain.proc] [FINE] aurora.bm.QuerySqlCreator.onCreateQuerySql
2018-10-19 06:59:12.291 [uncertain.proc] [CONFIG] [action] ExecuteQuery
2018-10-19 06:59:12.291 [uncertain.proc] [FINE] aurora.bm.QuerySqlCreator.onExecuteQuery
2018-10-19 06:59:12.292 [uncertain.proc] [CONFIG] [action] QueryFinish
2018-10-19 06:59:12.292 [uncertain.proc] [FINE] aurora.database.features.AutoQueryCounter.onQueryFinish
2018-10-19 06:59:12.293 [uncertain.proc] [CONFIG] [action] FetchResultSet
2018-10-19 06:59:12.293 [uncertain.proc] [FINE] aurora.database.features.CacheBasedLookUpField.postFetchResultSet
2018-10-19 06:59:12.293 [aurora.database] [CONFIG] 
============= BEGIN [query] SQL Statement execution dump ============
SELECT f.prompt_id,f.prompt_code,f.language,decode(f.language,'US','English','简体中文') AS language_display,f.description
FROM sys_prompts f
WHERE f.prompt_code LIKE ?
ORDER BY prompt_code,language
---------------------Binding info---------------------
No.1	Access path:@prompt_code	Data type of passed value :java.lang.String	Value:PROMPT.BATCH_SELECT_ASSET_ERROR	Output:false	Database Type:null	

=============== END [query] SQL Statement execution dump ============

2018-10-19 06:59:12.293 [uncertain.proc] [CONFIG] [action] CreateSuccessResponse
