2018-10-12 07:29:50.95 [aurora.application.session_check] [CONFIG] Session data copied to context
2018-10-12 07:29:50.95 [aurora.application.session_check] [CONFIG] Checking BM access sys.SYS8010.bm_accesscheck for operation batch_update
2018-10-12 07:29:50.95 [aurora.application.session_check] [CONFIG] for batch_update, access check will be performed on each record from parameter
2018-10-12 07:29:50.95 [uncertain.proc] [CONFIG] [action] AccessCheck
2018-10-12 07:29:50.97 [uncertain.proc] [CONFIG] [action] CheckServiceLock
2018-10-12 07:29:50.97 [uncertain.proc] [CONFIG] [action] ParseParameter
2018-10-12 07:29:50.97 [uncertain.proc] [CONFIG] [action] ValidateInput
2018-10-12 07:29:50.97 [uncertain.proc] [CONFIG] [action] InvokeService
2018-10-12 07:29:50.99 [aurora.database] [CONFIG] ============ Running model batch update with data from path /parameter, total 5 records
2018-10-12 07:29:50.99 [aurora.database] [CONFIG] execute insert on record No.0 for model sys.SYS8010.bm_accesscheck
2018-10-12 07:29:50.103 [uncertain.proc] [CONFIG] [action] DecideStatement
2018-10-12 07:29:50.104 [uncertain.proc] [CONFIG] [action] DecideSqlGenerationMode
2018-10-12 07:29:50.104 [uncertain.proc] [FINE] aurora.database.service.BusinessModelService.onDecideSqlGenerationMode
2018-10-12 07:29:50.104 [uncertain.proc] [CONFIG] [action] CreateInsertStatement
2018-10-12 07:29:50.104 [uncertain.proc] [FINE] aurora.bm.InsertSqlCreator.onCreateInsertStatement
2018-10-12 07:29:50.105 [uncertain.proc] [CONFIG] [action] PopulateInsertStatement
2018-10-12 07:29:50.105 [uncertain.proc] [FINE] aurora.database.local.oracle.SequencePk.postPopulateInsertStatement
2018-10-12 07:29:50.105 [uncertain.proc] [CONFIG] [action] CreateInsertSql
2018-10-12 07:29:50.105 [uncertain.proc] [FINE] aurora.bm.InsertSqlCreator.onCreateInsertSql
2018-10-12 07:29:50.105 [uncertain.proc] [CONFIG] [action] CreateSqlRunner
2018-10-12 07:29:50.105 [uncertain.proc] [FINE] aurora.database.service.BusinessModelService.onCreateSqlRunner
2018-10-12 07:29:50.105 [uncertain.proc] [CONFIG] [action] ExecuteDmlStatement
2018-10-12 07:29:50.105 [uncertain.proc] [FINE] aurora.database.service.BusinessModelService.onExecuteDmlStatement
2018-10-12 07:29:50.166 [aurora.database] [CONFIG] 
============= BEGIN [Insert] SQL Statement execution dump ============
BEGIN INSERT INTO sys_function_bm_access ( access_id,function_id,bm_name,insert_option,update_option,delete_option,execute_option,query_option,CREATED_BY,CREATION_DATE,LAST_UPDATED_BY,LAST_UPDATE_DATE) VALUES ( sys_function_bm_access_S.NEXTVAL,?,?,?,?,?,?,?,?,sysdate,?,sysdate)  RETURNING access_id INTO ?; END;
---------------------Binding info---------------------
No.1	Access path:@function_id	Data type of passed value :java.lang.Long	Value:115	Output:false	Database Type:null	
No.2	Access path:@bm_name	Data type of passed value :java.lang.String	Value:eam.eam0020.eam_asset_entity_sub_classes	Output:false	Database Type:null	
No.3	Access path:@insert_option	Data type of passed value :java.lang.String	Value:Y	Output:false	Database Type:null	
No.4	Access path:@update_option	Data type of passed value :java.lang.String	Value:Y	Output:false	Database Type:null	
No.5	Access path:@delete_option	Data type of passed value :java.lang.String	Value:Y	Output:false	Database Type:null	
No.6	Access path:@execute_option	Data type of passed value :java.lang.String	Value:Y	Output:false	Database Type:null	
No.7	Access path:@query_option	Data type of passed value :java.lang.String	Value:Y	Output:false	Database Type:null	
No.8	Access path:/session/@user_id	Data type of passed value :java.lang.Long	Value:1	Output:false	Database Type:null	
No.9	Access path:/session/@user_id	Data type of passed value :java.lang.Long	Value:1	Output:false	Database Type:null	
No.10	Access path:@access_id	Data type of passed value :[null]	Value:null	Output:true	Database Type:null	

=============== END [Insert] SQL Statement execution dump ============

2018-10-12 07:29:50.166 [aurora.database] [CONFIG] execute insert on record No.1 for model sys.SYS8010.bm_accesscheck
2018-10-12 07:29:50.168 [uncertain.proc] [CONFIG] [action] DecideStatement
2018-10-12 07:29:50.169 [uncertain.proc] [CONFIG] [action] DecideSqlGenerationMode
2018-10-12 07:29:50.169 [uncertain.proc] [FINE] aurora.database.service.BusinessModelService.onDecideSqlGenerationMode
2018-10-12 07:29:50.169 [uncertain.proc] [CONFIG] [action] CreateInsertStatement
2018-10-12 07:29:50.169 [uncertain.proc] [FINE] aurora.bm.InsertSqlCreator.onCreateInsertStatement
2018-10-12 07:29:50.169 [uncertain.proc] [CONFIG] [action] PopulateInsertStatement
2018-10-12 07:29:50.169 [uncertain.proc] [FINE] aurora.database.local.oracle.SequencePk.postPopulateInsertStatement
2018-10-12 07:29:50.169 [uncertain.proc] [CONFIG] [action] CreateInsertSql
2018-10-12 07:29:50.170 [uncertain.proc] [FINE] aurora.bm.InsertSqlCreator.onCreateInsertSql
2018-10-12 07:29:50.170 [uncertain.proc] [CONFIG] [action] CreateSqlRunner
2018-10-12 07:29:50.170 [uncertain.proc] [FINE] aurora.database.service.BusinessModelService.onCreateSqlRunner
2018-10-12 07:29:50.170 [uncertain.proc] [CONFIG] [action] ExecuteDmlStatement
2018-10-12 07:29:50.170 [uncertain.proc] [FINE] aurora.database.service.BusinessModelService.onExecuteDmlStatement
2018-10-12 07:29:50.171 [aurora.database] [CONFIG] 
============= BEGIN [Insert] SQL Statement execution dump ============
BEGIN INSERT INTO sys_function_bm_access ( access_id,function_id,bm_name,insert_option,update_option,delete_option,execute_option,query_option,CREATED_BY,CREATION_DATE,LAST_UPDATED_BY,LAST_UPDATE_DATE) VALUES ( sys_function_bm_access_S.NEXTVAL,?,?,?,?,?,?,?,?,sysdate,?,sysdate)  RETURNING access_id INTO ?; END;
---------------------Binding info---------------------
No.1	Access path:@function_id	Data type of passed value :java.lang.Long	Value:115	Output:false	Database Type:null	
No.2	Access path:@bm_name	Data type of passed value :java.lang.String	Value:eam.eam0810.eam0810_asset_entity_class_cmb	Output:false	Database Type:null	
No.3	Access path:@insert_option	Data type of passed value :java.lang.String	Value:Y	Output:false	Database Type:null	
No.4	Access path:@update_option	Data type of passed value :java.lang.String	Value:Y	Output:false	Database Type:null	
No.5	Access path:@delete_option	Data type of passed value :java.lang.String	Value:Y	Output:false	Database Type:null	
No.6	Access path:@execute_option	Data type of passed value :java.lang.String	Value:Y	Output:false	Database Type:null	
No.7	Access path:@query_option	Data type of passed value :java.lang.String	Value:Y	Output:false	Database Type:null	
No.8	Access path:/session/@user_id	Data type of passed value :java.lang.Long	Value:1	Output:false	Database Type:null	
No.9	Access path:/session/@user_id	Data type of passed value :java.lang.Long	Value:1	Output:false	Database Type:null	
No.10	Access path:@access_id	Data type of passed value :[null]	Value:null	Output:true	Database Type:null	

=============== END [Insert] SQL Statement execution dump ============

2018-10-12 07:29:50.172 [aurora.database] [CONFIG] execute insert on record No.2 for model sys.SYS8010.bm_accesscheck
2018-10-12 07:29:50.173 [uncertain.proc] [CONFIG] [action] DecideStatement
2018-10-12 07:29:50.174 [uncertain.proc] [CONFIG] [action] DecideSqlGenerationMode
2018-10-12 07:29:50.174 [uncertain.proc] [FINE] aurora.database.service.BusinessModelService.onDecideSqlGenerationMode
2018-10-12 07:29:50.174 [uncertain.proc] [CONFIG] [action] CreateInsertStatement
2018-10-12 07:29:50.174 [uncertain.proc] [FINE] aurora.bm.InsertSqlCreator.onCreateInsertStatement
2018-10-12 07:29:50.174 [uncertain.proc] [CONFIG] [action] PopulateInsertStatement
2018-10-12 07:29:50.174 [uncertain.proc] [FINE] aurora.database.local.oracle.SequencePk.postPopulateInsertStatement
2018-10-12 07:29:50.174 [uncertain.proc] [CONFIG] [action] CreateInsertSql
2018-10-12 07:29:50.174 [uncertain.proc] [FINE] aurora.bm.InsertSqlCreator.onCreateInsertSql
2018-10-12 07:29:50.174 [uncertain.proc] [CONFIG] [action] CreateSqlRunner
2018-10-12 07:29:50.174 [uncertain.proc] [FINE] aurora.database.service.BusinessModelService.onCreateSqlRunner
2018-10-12 07:29:50.174 [uncertain.proc] [CONFIG] [action] ExecuteDmlStatement
2018-10-12 07:29:50.174 [uncertain.proc] [FINE] aurora.database.service.BusinessModelService.onExecuteDmlStatement
2018-10-12 07:29:50.191 [aurora.database] [CONFIG] 
============= BEGIN [Insert] SQL Statement execution dump ============
BEGIN INSERT INTO sys_function_bm_access ( access_id,function_id,bm_name,insert_option,update_option,delete_option,execute_option,query_option,CREATED_BY,CREATION_DATE,LAST_UPDATED_BY,LAST_UPDATE_DATE) VALUES ( sys_function_bm_access_S.NEXTVAL,?,?,?,?,?,?,?,?,sysdate,?,sysdate)  RETURNING access_id INTO ?; END;
---------------------Binding info---------------------
No.1	Access path:@function_id	Data type of passed value :java.lang.Long	Value:115	Output:false	Database Type:null	
No.2	Access path:@bm_name	Data type of passed value :java.lang.String	Value:eam.eam0810.eam0810_asset_fin_class_cmb	Output:false	Database Type:null	
No.3	Access path:@insert_option	Data type of passed value :java.lang.String	Value:Y	Output:false	Database Type:null	
No.4	Access path:@update_option	Data type of passed value :java.lang.String	Value:Y	Output:false	Database Type:null	
No.5	Access path:@delete_option	Data type of passed value :java.lang.String	Value:Y	Output:false	Database Type:null	
No.6	Access path:@execute_option	Data type of passed value :java.lang.String	Value:Y	Output:false	Database Type:null	
No.7	Access path:@query_option	Data type of passed value :java.lang.String	Value:Y	Output:false	Database Type:null	
No.8	Access path:/session/@user_id	Data type of passed value :java.lang.Long	Value:1	Output:false	Database Type:null	
No.9	Access path:/session/@user_id	Data type of passed value :java.lang.Long	Value:1	Output:false	Database Type:null	
No.10	Access path:@access_id	Data type of passed value :[null]	Value:null	Output:true	Database Type:null	

=============== END [Insert] SQL Statement execution dump ============

2018-10-12 07:29:50.191 [aurora.database] [CONFIG] execute insert on record No.3 for model sys.SYS8010.bm_accesscheck
2018-10-12 07:29:50.193 [uncertain.proc] [CONFIG] [action] DecideStatement
2018-10-12 07:29:50.195 [uncertain.proc] [CONFIG] [action] DecideSqlGenerationMode
2018-10-12 07:29:50.195 [uncertain.proc] [FINE] aurora.database.service.BusinessModelService.onDecideSqlGenerationMode
2018-10-12 07:29:50.195 [uncertain.proc] [CONFIG] [action] CreateInsertStatement
2018-10-12 07:29:50.195 [uncertain.proc] [FINE] aurora.bm.InsertSqlCreator.onCreateInsertStatement
2018-10-12 07:29:50.195 [uncertain.proc] [CONFIG] [action] PopulateInsertStatement
2018-10-12 07:29:50.195 [uncertain.proc] [FINE] aurora.database.local.oracle.SequencePk.postPopulateInsertStatement
2018-10-12 07:29:50.195 [uncertain.proc] [CONFIG] [action] CreateInsertSql
2018-10-12 07:29:50.195 [uncertain.proc] [FINE] aurora.bm.InsertSqlCreator.onCreateInsertSql
2018-10-12 07:29:50.195 [uncertain.proc] [CONFIG] [action] CreateSqlRunner
2018-10-12 07:29:50.195 [uncertain.proc] [FINE] aurora.database.service.BusinessModelService.onCreateSqlRunner
2018-10-12 07:29:50.196 [uncertain.proc] [CONFIG] [action] ExecuteDmlStatement
2018-10-12 07:29:50.196 [uncertain.proc] [FINE] aurora.database.service.BusinessModelService.onExecuteDmlStatement
2018-10-12 07:29:50.197 [aurora.database] [CONFIG] 
============= BEGIN [Insert] SQL Statement execution dump ============
BEGIN INSERT INTO sys_function_bm_access ( access_id,function_id,bm_name,insert_option,update_option,delete_option,execute_option,query_option,CREATED_BY,CREATION_DATE,LAST_UPDATED_BY,LAST_UPDATE_DATE) VALUES ( sys_function_bm_access_S.NEXTVAL,?,?,?,?,?,?,?,?,sysdate,?,sysdate)  RETURNING access_id INTO ?; END;
---------------------Binding info---------------------
No.1	Access path:@function_id	Data type of passed value :java.lang.Long	Value:115	Output:false	Database Type:null	
No.2	Access path:@bm_name	Data type of passed value :java.lang.String	Value:eam.eam0810.eam0810_asset_finance_info_query	Output:false	Database Type:null	
No.3	Access path:@insert_option	Data type of passed value :java.lang.String	Value:Y	Output:false	Database Type:null	
No.4	Access path:@update_option	Data type of passed value :java.lang.String	Value:Y	Output:false	Database Type:null	
No.5	Access path:@delete_option	Data type of passed value :java.lang.String	Value:Y	Output:false	Database Type:null	
No.6	Access path:@execute_option	Data type of passed value :java.lang.String	Value:Y	Output:false	Database Type:null	
No.7	Access path:@query_option	Data type of passed value :java.lang.String	Value:Y	Output:false	Database Type:null	
No.8	Access path:/session/@user_id	Data type of passed value :java.lang.Long	Value:1	Output:false	Database Type:null	
No.9	Access path:/session/@user_id	Data type of passed value :java.lang.Long	Value:1	Output:false	Database Type:null	
No.10	Access path:@access_id	Data type of passed value :[null]	Value:null	Output:true	Database Type:null	

=============== END [Insert] SQL Statement execution dump ============

2018-10-12 07:29:50.197 [aurora.database] [CONFIG] execute insert on record No.4 for model sys.SYS8010.bm_accesscheck
2018-10-12 07:29:50.200 [uncertain.proc] [CONFIG] [action] DecideStatement
2018-10-12 07:29:50.201 [uncertain.proc] [CONFIG] [action] DecideSqlGenerationMode
2018-10-12 07:29:50.201 [uncertain.proc] [FINE] aurora.database.service.BusinessModelService.onDecideSqlGenerationMode
2018-10-12 07:29:50.201 [uncertain.proc] [CONFIG] [action] CreateInsertStatement
2018-10-12 07:29:50.201 [uncertain.proc] [FINE] aurora.bm.InsertSqlCreator.onCreateInsertStatement
2018-10-12 07:29:50.202 [uncertain.proc] [CONFIG] [action] PopulateInsertStatement
2018-10-12 07:29:50.202 [uncertain.proc] [FINE] aurora.database.local.oracle.SequencePk.postPopulateInsertStatement
2018-10-12 07:29:50.202 [uncertain.proc] [CONFIG] [action] CreateInsertSql
2018-10-12 07:29:50.202 [uncertain.proc] [FINE] aurora.bm.InsertSqlCreator.onCreateInsertSql
2018-10-12 07:29:50.202 [uncertain.proc] [CONFIG] [action] CreateSqlRunner
2018-10-12 07:29:50.202 [uncertain.proc] [FINE] aurora.database.service.BusinessModelService.onCreateSqlRunner
2018-10-12 07:29:50.202 [uncertain.proc] [CONFIG] [action] ExecuteDmlStatement
2018-10-12 07:29:50.202 [uncertain.proc] [FINE] aurora.database.service.BusinessModelService.onExecuteDmlStatement
2018-10-12 07:29:50.203 [aurora.database] [CONFIG] 
============= BEGIN [Insert] SQL Statement execution dump ============
BEGIN INSERT INTO sys_function_bm_access ( access_id,function_id,bm_name,insert_option,update_option,delete_option,execute_option,query_option,CREATED_BY,CREATION_DATE,LAST_UPDATED_BY,LAST_UPDATE_DATE) VALUES ( sys_function_bm_access_S.NEXTVAL,?,?,?,?,?,?,?,?,sysdate,?,sysdate)  RETURNING access_id INTO ?; END;
---------------------Binding info---------------------
No.1	Access path:@function_id	Data type of passed value :java.lang.Long	Value:115	Output:false	Database Type:null	
No.2	Access path:@bm_name	Data type of passed value :java.lang.String	Value:eam.eam0810.eam0810_asset_maintenace	Output:false	Database Type:null	
No.3	Access path:@insert_option	Data type of passed value :java.lang.String	Value:Y	Output:false	Database Type:null	
No.4	Access path:@update_option	Data type of passed value :java.lang.String	Value:Y	Output:false	Database Type:null	
No.5	Access path:@delete_option	Data type of passed value :java.lang.String	Value:Y	Output:false	Database Type:null	
No.6	Access path:@execute_option	Data type of passed value :java.lang.String	Value:Y	Output:false	Database Type:null	
No.7	Access path:@query_option	Data type of passed value :java.lang.String	Value:Y	Output:false	Database Type:null	
No.8	Access path:/session/@user_id	Data type of passed value :java.lang.Long	Value:1	Output:false	Database Type:null	
No.9	Access path:/session/@user_id	Data type of passed value :java.lang.Long	Value:1	Output:false	Database Type:null	
No.10	Access path:@access_id	Data type of passed value :[null]	Value:null	Output:true	Database Type:null	

=============== END [Insert] SQL Statement execution dump ============

2018-10-12 07:29:50.203 [aurora.database] [CONFIG] ============ End of batch update for /parameter
2018-10-12 07:29:50.203 [uncertain.proc] [CONFIG] [action] CreateSuccessResponse
