2018-09-30 06:16:45.328 [aurora.application.session_check] [CONFIG] Session data copied to context
2018-09-30 06:16:45.328 [aurora.application.session_check] [CONFIG] Checking BM access sys.SYS1120.sys_parameters_lov for operation query
2018-09-30 06:16:45.330 [aurora.application.session_check] [CONFIG] Result from aurora.bm.DefaultAccessChecker@642e6da7 is true
2018-09-30 06:16:45.330 [uncertain.proc] [CONFIG] [action] AccessCheck
2018-09-30 06:16:45.331 [uncertain.proc] [CONFIG] [action] CheckServiceLock
2018-09-30 06:16:45.331 [uncertain.proc] [CONFIG] [action] ParseParameter
2018-09-30 06:16:45.331 [uncertain.proc] [CONFIG] [action] ValidateInput
2018-09-30 06:16:45.331 [uncertain.proc] [CONFIG] [action] InvokeService
2018-09-30 06:16:45.331 [aurora.database] [CONFIG] ===================================== prepare to run model-query sys.SYS1120.sys_parameters_lov==============================
2018-09-30 06:16:45.334 [uncertain.proc] [CONFIG] [action] DecideSqlGenerationMode
2018-09-30 06:16:45.334 [uncertain.proc] [FINE] aurora.database.service.BusinessModelService.onDecideSqlGenerationMode
2018-09-30 06:16:45.334 [uncertain.proc] [CONFIG] [action] CreateOperationSql
2018-09-30 06:16:45.334 [uncertain.proc] [CONFIG] [action] PopulateOperationSql
2018-09-30 06:16:45.334 [uncertain.proc] [FINE] aurora.database.features.OrderByClauseCreator.onPopulateOperationSql
2018-09-30 06:16:45.334 [uncertain.proc] [FINE] aurora.database.features.WhereClauseCreator.onPopulateOperationSql
2018-09-30 06:16:45.334 [uncertain.proc] [CONFIG] [action] ExecuteQuery
2018-09-30 06:16:45.334 [uncertain.proc] [FINE] aurora.bm.QuerySqlCreator.onExecuteQuery
2018-09-30 06:16:45.338 [uncertain.proc] [CONFIG] [action] QueryFinish
2018-09-30 06:16:45.338 [uncertain.proc] [FINE] aurora.database.features.AutoQueryCounter.onQueryFinish
2018-09-30 06:16:45.341 [uncertain.proc] [CONFIG] [action] FetchResultSet
2018-09-30 06:16:45.341 [uncertain.proc] [FINE] aurora.database.features.CacheBasedLookUpField.postFetchResultSet
2018-09-30 06:16:45.341 [aurora.database] [CONFIG] 
============= BEGIN [query] SQL Statement execution dump ============

            select * from (
            select scv.code_value value_id,scv.code_value value_code,scv.code_value_name value_name
from sys_codes sc,sys_code_values_vl scv
where sc.code = 'YES_NO'
and sc.code_id = scv.code_id) vv
               
            
---------------------Binding info---------------------
null
=============== END [query] SQL Statement execution dump ============

2018-09-30 06:16:45.341 [uncertain.proc] [CONFIG] [action] CreateSuccessResponse
