2018-10-09 13:08:15.545 [aurora.application.session_check] [CONFIG] Session data copied to context
2018-10-09 13:08:15.545 [aurora.application.session_check] [CONFIG] Checking BM access sys.SYS9020.sys_9020_query_sql_execute for operation update
2018-10-09 13:08:15.546 [aurora.application.session_check] [CONFIG] Result from aurora.bm.DefaultAccessChecker@7d3036a0 is true
2018-10-09 13:08:15.546 [uncertain.proc] [CONFIG] [action] AccessCheck
2018-10-09 13:08:15.549 [uncertain.proc] [CONFIG] [action] CheckServiceLock
2018-10-09 13:08:15.549 [uncertain.proc] [CONFIG] [action] ParseParameter
2018-10-09 13:08:15.549 [uncertain.proc] [CONFIG] [action] ValidateInput
2018-10-09 13:08:15.549 [uncertain.proc] [CONFIG] [action] InvokeService
2018-10-09 13:08:15.554 [uncertain.proc] [CONFIG] [action] DecideStatement
2018-10-09 13:08:15.555 [uncertain.proc] [CONFIG] [action] DecideSqlGenerationMode
2018-10-09 13:08:15.555 [uncertain.proc] [FINE] aurora.database.service.BusinessModelService.onDecideSqlGenerationMode
2018-10-09 13:08:15.556 [uncertain.proc] [CONFIG] [action] CreateOperationSql
2018-10-09 13:08:15.556 [uncertain.proc] [CONFIG] [action] PopulateOperationSql
2018-10-09 13:08:15.556 [uncertain.proc] [FINE] aurora.database.features.OrderByClauseCreator.onPopulateOperationSql
2018-10-09 13:08:15.556 [uncertain.proc] [FINE] aurora.database.features.WhereClauseCreator.onPopulateOperationSql
2018-10-09 13:08:15.556 [uncertain.proc] [CONFIG] [action] CreateSqlRunner
2018-10-09 13:08:15.556 [uncertain.proc] [FINE] aurora.database.service.BusinessModelService.onCreateSqlRunner
2018-10-09 13:08:15.556 [uncertain.proc] [CONFIG] [action] ExecuteDmlStatement
2018-10-09 13:08:15.556 [uncertain.proc] [FINE] aurora.database.service.BusinessModelService.onExecuteDmlStatement
2018-10-09 13:08:15.591 [aurora.database] [CONFIG] 
============= BEGIN [Update] SQL Statement execution dump ============

        		begin
   					 cux_sql_util.execute_sql(?,?);      
   				end;
   			
        
---------------------Binding info---------------------
No.1	Access path:@sql_contents	Data type of passed value :java.lang.String	Value:begin
wfl_data_load_pkg.load_business_rule_detail('ZJ_JK001','10','AND','','PAY_CASH_TRX_CLASS','=','XJSW001','','','','','','');
wfl_data_load_pkg.load_business_rule_detail('ZJ_JK002','10','AND','','CSH_HEADER_POSITION','=','ZJ-POS0001','','','','','','');
wfl_data_load_pkg.load_business_rule_detail('ZJ_JK003','10','AND','','PAY_CASH_TRX_CLASS','=','XJSW001','','','','','','');
wfl_data_load_pkg.load_business_rule_detail('ZJ_JK003','20','AND','','PAY_AMOUNT','>','1000000','','','','','','');
wfl_data_load_pkg.load_business_rule_detail('ZJ_BX001','10','AND','','EXP_REPORT_EMPLOYEE_JOB','!=','B60','','','','','','');
wfl_data_load_pkg.load_business_rule_detail('ZJ_BX002','10','AND','','EXP_REPORT_EMPLOYEE_JOB','!=','B60','','','','','','');
wfl_data_load_pkg.load_business_rule_detail('ZJ_BX002','20','AND','','EXP_REPORT_UNIT_COUNT','=','2','','','','','','');
wfl_data_load_pkg.load_business_rule_detail('ZJ_BX003','10','AND','','EXP_REPORT_UNIT_COUNT','!=','2','','','','','','');
wfl_data_load_pkg.load_business_rule_detail('ZJ_BX003','20','AND','','RPT_AMOUNT','>','1000','','','','','','');
wfl_data_load_pkg.load_business_rule_detail('ZJ_BX003','30','AND','','REQ_RANK_COMPAY','=','20','','','','','','');
wfl_data_load_pkg.load_business_rule_detail('ZJ_BX004','10','AND','','EXP_REPORT_UNIT_COUNT','!=','2','','','','','','');
wfl_data_load_pkg.load_business_rule_detail('ZJ_BX004','20','AND','','RPT_AMOUNT','>','2000','','','','','','');
wfl_data_load_pkg.load_business_rule_detail('ZJ_BX004','30','AND','','REQ_RANK_COMPAY','=','30','','','','','','');
wfl_data_load_pkg.load_business_rule_detail('ZJ_BX005','10','AND','(','EXP_REQ_EMPLOYEE_JOB','=','B40','','','','','','');
wfl_data_load_pkg.load_business_rule_detail('ZJ_BX005','20','OR','','EXP_REQ_EMPLOYEE_JOB','=','B50','','','','','','');
wfl_data_load_pkg.load_business_rule_detail('ZJ_BX005','30','OR','','EXP_REQ_EMPLOYEE_JOB','=','C30',')','','','','','');
wfl_data_load_pkg.load_business_rule_detail('ZJ_BX006','10','AND','','EXP_REPORT_UNIT_COUNT','=','2','','','','','','');
wfl_data_load_pkg.load_business_rule_detail('ZJ_BX006','20','AND','','RPT_AMOUNT','>','1000','','','','','','');
wfl_data_load_pkg.load_business_rule_detail('ZJ_BX006','30','AND','','REQ_RANK_COMPAY','=','20','','','','','','');
wfl_data_load_pkg.load_business_rule_detail('ZJ_BX007','10','AND','','EXP_REPORT_UNIT_COUNT','=','2','','','','','','');
wfl_data_load_pkg.load_business_rule_detail('ZJ_BX007','20','AND','','RPT_AMOUNT','>','2000','','','','','','');
wfl_data_load_pkg.load_business_rule_detail('ZJ_BX007','30','AND','','REQ_RANK_COMPAY','=','30','','','','','','');
wfl_data_load_pkg.load_business_rule_detail('ZJ_BX008','10','AND','','EXP_EMPLOYEE_POSITION','=','ZJ-POS0001','','','','','','');
wfl_data_load_pkg.load_business_rule_detail('ZJ_BX009','10','AND','(','RPT_AMOUNT','>','20000','','','','','','');
wfl_data_load_pkg.load_business_rule_detail('ZJ_BX009','20','OR','','EXP_REPORT_EMPLOYEE_JOB','=','B60',')','','','','','');
wfl_data_load_pkg.load_business_rule_detail('ZJ_BX010','10','AND','','RPT_AMOUNT','>','100000','','','','','','');
wfl_data_load_pkg.load_business_rule_detail('ZJ_BX011','10','AND','(','RPT_AMOUNT','>','2000','','','','','','');
wfl_data_load_pkg.load_business_rule_detail('ZJ_BX011','20','OR','','EXP_REPORT_EMPLOYEE_JOB','=','B60',')','','','','','');
wfl_data_load_pkg.load_business_rule_detail('ZJ_BX012','10','AND','','RPT_AMOUNT','>','10000','','','','','','');
wfl_data_load_pkg.load_business_rule_detail('ZJ_BX013','10','AND','','EXP_AMOUNT_BIGGER_REQ','=','Y','','','','','','');
wfl_data_load_pkg.load_business_rule_detail('ZJ_BX014','10','AND','','EXP_AMOUNT_BIGGER_REQ','=','Y','','','','','','');
wfl_data_load_pkg.load_business_rule_detail('ZJ_BX014','20','AND','','EXP_EMPLOYEE_POSITION','=','ZJ-POS0001','','','','','','');
wfl_data_load_pkg.load_business_rule_detail('ZJ_BX015','10','AND','','CSH_WRITE_OFF_FLAG','=','N','','','','','','');
wfl_data_load_pkg.load_business_rule_detail('ZJ_BX016','10','AND','','CSH_WRITE_OFF_FLAG','=','Y','','','','','','');
wfl_data_load_pkg.load_business_rule_detail('ZJ_BX016','20','AND','','EXP_WRITE_OFF_AMOUNT','=','Y','','','','','','');
wfl_data_load_pkg.load_business_rule_detail('ZJ_BX017','10','AND','','CSH_WRITE_OFF_FLAG','=','N','','','','','','');
wfl_data_load_pkg.load_business_rule_detail('ZJ_BX017','20','AND','','RPT_AMOUNT','>','1000000','','','','','','');
wfl_data_load_pkg.load_business_rule_detail('ZJ_BX018','10','AND','','CSH_WRITE_OFF_FLAG','=','Y','','','','','','');
wfl_data_load_pkg.load_business_rule_detail('ZJ_BX018','20','AND','','EXP_WRITE_OFF_AMOUNT','=','Y','','','','','','');
wfl_data_load_pkg.load_business_rule_detail('ZJ_BX018','30','AND','','RPT_AMOUNT','>','1000000','','','','','','');
wfl_data_load_pkg.load_business_rule_detail('ZJ_BX019','10','AND','(','RPT_AMOUNT','>','20000','','','','','','');
wfl_data_load_pkg.load_business_rule_detail('ZJ_BX019','20','OR','','EXP_REPORT_EMPLOYEE_JOB','=','B60',')','','','','','');
wfl_data_load_pkg.load_business_rule_detail('ZJ_BX020','10','AND','','EXP_AMOUNT_BIGGER_REQ','=','Y','','','','','','');
wfl_data_load_pkg.load_business_rule_detail('ZJ_BX020','20','AND','','RPT_AMOUNT','>','1000000','','','','','','');
wfl_data_load_pkg.load_business_rule_detail('ZJ_BX020','30','AND','','RPT_REPORT_TYPE','=','BX02','','','','','','');
end;	Output:false	Database Type:null	
No.2	Access path:@raise_error_flag	Data type of passed value :java.lang.String	Value:Y	Output:false	Database Type:null	

=============== END [Update] SQL Statement execution dump ============

2018-10-09 13:08:15.591 [uncertain.proc] [CONFIG] [action] HandleException
2018-10-09 13:08:15.591 [uncertain.proc] [CONFIG] [action] CreateFailResponse
2018-10-09 13:08:15.591 [aurora.application] [SEVERE] java.sql.SQLException: ORA-01403: 未找到任何数据
ORA-01403: 未找到任何数据
ORA-06512: 在 "CCBLHEC.WFL_DATA_LOAD_PKG", line 648
ORA-06512: 在 line 44
ORA-06512: 在 "CCBLHEC.CUX_SQL_UTIL", line 6
ORA-06512: 在 line 3

	at oracle.jdbc.driver.T4CTTIoer.processError(T4CTTIoer.java:450)
	at oracle.jdbc.driver.T4CTTIoer.processError(T4CTTIoer.java:399)
	at oracle.jdbc.driver.T4C8Oall.processError(T4C8Oall.java:1059)
	at oracle.jdbc.driver.T4CTTIfun.receive(T4CTTIfun.java:522)
	at oracle.jdbc.driver.T4CTTIfun.doRPC(T4CTTIfun.java:257)
	at oracle.jdbc.driver.T4C8Oall.doOALL(T4C8Oall.java:587)
	at oracle.jdbc.driver.T4CPreparedStatement.doOall8(T4CPreparedStatement.java:225)
	at oracle.jdbc.driver.T4CPreparedStatement.doOall8(T4CPreparedStatement.java:53)
	at oracle.jdbc.driver.T4CPreparedStatement.executeForRows(T4CPreparedStatement.java:943)
	at oracle.jdbc.driver.OracleStatement.doExecuteWithTimeout(OracleStatement.java:1150)
	at oracle.jdbc.driver.OraclePreparedStatement.executeInternal(OraclePreparedStatement.java:4798)
	at oracle.jdbc.driver.OraclePreparedStatement.executeUpdate(OraclePreparedStatement.java:4875)
	at oracle.jdbc.driver.OraclePreparedStatementWrapper.executeUpdate(OraclePreparedStatementWrapper.java:1361)
	at com.mchange.v2.c3p0.impl.NewProxyPreparedStatement.executeUpdate(NewProxyPreparedStatement.java:105)
	at aurora.database.SqlRunner.updateInternal(SqlRunner.java:274)
	at aurora.database.SqlRunner.update(SqlRunner.java:299)
	at aurora.database.SqlRunner.update(SqlRunner.java:314)
	at aurora.database.service.BusinessModelService.onExecuteDmlStatement(BusinessModelService.java:347)
	at sun.reflect.GeneratedMethodAccessor1034.invoke(Unknown Source)
	at sun.reflect.DelegatingMethodAccessorImpl.invoke(DelegatingMethodAccessorImpl.java:43)
	at java.lang.reflect.Method.invoke(Method.java:498)
	at uncertain.event.ReflectionMethodHandle.handleEvent(ReflectionMethodHandle.java:92)
	at uncertain.event.ReflectionMethodHandle.handleEvent(ReflectionMethodHandle.java:49)
	at uncertain.event.Configuration.fireEventInternal(Configuration.java:450)
	at uncertain.event.Configuration.fireEvent(Configuration.java:388)
	at uncertain.proc.ProcedureRunner.fireEvent(ProcedureRunner.java:352)
	at uncertain.proc.Action.run(Action.java:171)
	at uncertain.proc.ProcedureRunner.run(ProcedureRunner.java:289)
	at uncertain.proc.ProcedureRunner.run(ProcedureRunner.java:330)
	at uncertain.proc.Procedure.run(Procedure.java:101)
	at uncertain.proc.ProcedureRunner.run(ProcedureRunner.java:277)
	at aurora.database.service.BusinessModelService.runProcedure(BusinessModelService.java:244)
	at aurora.database.service.BusinessModelService.executeDml(BusinessModelService.java:260)
	at aurora.database.service.BusinessModelService.updateByPK(BusinessModelService.java:264)
	at aurora.database.actions.ModelUpdate.run(ModelUpdate.java:21)
	at uncertain.proc.ProcedureRunner.run(ProcedureRunner.java:289)
	at uncertain.proc.ProcedureRunner.run(ProcedureRunner.java:330)
	at uncertain.proc.Procedure.run(Procedure.java:101)
	at uncertain.proc.ProcedureRunner.run(ProcedureRunner.java:277)
	at aurora.application.features.AbstractProcedureInvoker.runProcedure(AbstractProcedureInvoker.java:41)
	at aurora.application.features.InitProcedureInvoker.doInvoke(InitProcedureInvoker.java:34)
	at aurora.application.features.InitProcedureInvoker.onInvokeService(InitProcedureInvoker.java:42)
	at sun.reflect.GeneratedMethodAccessor1483.invoke(Unknown Source)
	at sun.reflect.DelegatingMethodAccessorImpl.invoke(DelegatingMethodAccessorImpl.java:43)
	at java.lang.reflect.Method.invoke(Method.java:498)
	at uncertain.event.ReflectionMethodHandle.handleEvent(ReflectionMethodHandle.java:92)
	at uncertain.event.ReflectionMethodHandle.handleEvent(ReflectionMethodHandle.java:49)
	at uncertain.event.Configuration.fireEventInternal(Configuration.java:450)
	at uncertain.event.Configuration.fireEvent(Configuration.java:388)
	at uncertain.proc.ProcedureRunner.fireEvent(ProcedureRunner.java:352)
	at uncertain.proc.Action.run(Action.java:171)
	at uncertain.proc.ProcedureRunner.run(ProcedureRunner.java:289)
	at uncertain.proc.ProcedureRunner.run(ProcedureRunner.java:330)
	at uncertain.proc.Procedure.run(Procedure.java:101)
	at uncertain.proc.Switch.run(Switch.java:90)
	at uncertain.proc.ProcedureRunner.run(ProcedureRunner.java:289)
	at uncertain.proc.ProcedureRunner.run(ProcedureRunner.java:330)
	at uncertain.proc.Procedure.run(Procedure.java:101)
	at uncertain.proc.ProcedureRunner.run(ProcedureRunner.java:277)
	at aurora.service.ServiceInstance.invoke(ServiceInstance.java:133)
	at aurora.service.http.AbstractFacadeServlet.doService(AbstractFacadeServlet.java:158)
	at aurora.service.http.AbstractFacadeServlet.doPost(AbstractFacadeServlet.java:97)
	at javax.servlet.http.HttpServlet.service(HttpServlet.java:751)
	at javax.servlet.http.HttpServlet.service(HttpServlet.java:844)
	at weblogic.servlet.internal.StubSecurityHelper$ServletServiceAction.run(StubSecurityHelper.java:280)
	at weblogic.servlet.internal.StubSecurityHelper$ServletServiceAction.run(StubSecurityHelper.java:254)
	at weblogic.servlet.internal.StubSecurityHelper.invokeServlet(StubSecurityHelper.java:136)
	at weblogic.servlet.internal.ServletStubImpl.execute(ServletStubImpl.java:346)
	at weblogic.servlet.internal.ServletStubImpl.execute(ServletStubImpl.java:243)
	at weblogic.servlet.internal.WebAppServletContext$ServletInvocationAction.wrapRun(WebAppServletContext.java:3432)
	at weblogic.servlet.internal.WebAppServletContext$ServletInvocationAction.run(WebAppServletContext.java:3402)
	at weblogic.security.acl.internal.AuthenticatedSubject.doAs(AuthenticatedSubject.java:321)
	at weblogic.security.service.SecurityManager.runAs(SecurityManager.java:120)
	at weblogic.servlet.provider.WlsSubjectHandle.run(WlsSubjectHandle.java:57)
	at weblogic.servlet.internal.WebAppServletContext.doSecuredExecute(WebAppServletContext.java:2285)
	at weblogic.servlet.internal.WebAppServletContext.securedExecute(WebAppServletContext.java:2201)
	at weblogic.servlet.internal.WebAppServletContext.execute(WebAppServletContext.java:2179)
	at weblogic.servlet.internal.ServletRequestImpl.run(ServletRequestImpl.java:1572)
	at weblogic.servlet.provider.ContainerSupportProviderImpl$WlsRequestExecutor.run(ContainerSupportProviderImpl.java:255)
	at weblogic.work.ExecuteThread.execute(ExecuteThread.java:311)
	at weblogic.work.ExecuteThread.run(ExecuteThread.java:263)

