2018-10-22 09:08:30.910 [aurora.application.session_check] [CONFIG] Session data copied to context
2018-10-22 09:08:30.910 [aurora.application.session_check] [CONFIG] Checking BM access sys.sys_service for operation batch_update
2018-10-22 09:08:30.910 [aurora.application.session_check] [CONFIG] for batch_update, access check will be performed on each record from parameter
2018-10-22 09:08:30.910 [uncertain.proc] [CONFIG] [action] AccessCheck
2018-10-22 09:08:30.912 [uncertain.proc] [CONFIG] [action] CheckServiceLock
2018-10-22 09:08:30.912 [uncertain.proc] [CONFIG] [action] ParseParameter
2018-10-22 09:08:30.912 [uncertain.proc] [CONFIG] [action] ValidateInput
2018-10-22 09:08:30.912 [uncertain.proc] [CONFIG] [action] InvokeService
2018-10-22 09:08:30.914 [aurora.database] [CONFIG] ============ Running model batch update with data from path /parameter, total 1 records
2018-10-22 09:08:30.914 [aurora.database] [CONFIG] execute update on record No.0 for model sys.sys_service
2018-10-22 09:08:30.915 [uncertain.proc] [CONFIG] [action] DecideStatement
2018-10-22 09:08:30.916 [uncertain.proc] [CONFIG] [action] DecideSqlGenerationMode
2018-10-22 09:08:30.916 [uncertain.proc] [FINE] aurora.database.service.BusinessModelService.onDecideSqlGenerationMode
2018-10-22 09:08:30.916 [uncertain.proc] [CONFIG] [action] CreateOperationSql
2018-10-22 09:08:30.916 [uncertain.proc] [CONFIG] [action] PopulateOperationSql
2018-10-22 09:08:30.916 [uncertain.proc] [FINE] aurora.database.features.OrderByClauseCreator.onPopulateOperationSql
2018-10-22 09:08:30.916 [uncertain.proc] [FINE] aurora.database.features.WhereClauseCreator.onPopulateOperationSql
2018-10-22 09:08:30.916 [uncertain.proc] [CONFIG] [action] CreateSqlRunner
2018-10-22 09:08:30.916 [uncertain.proc] [FINE] aurora.database.service.BusinessModelService.onCreateSqlRunner
2018-10-22 09:08:30.916 [uncertain.proc] [CONFIG] [action] ExecuteDmlStatement
2018-10-22 09:08:30.916 [uncertain.proc] [FINE] aurora.database.service.BusinessModelService.onExecuteDmlStatement
2018-10-22 09:08:30.918 [aurora.database] [CONFIG] 
============= BEGIN [Update] SQL Statement execution dump ============

    			BEGIN
						sys_service_pkg.sys_service_update(p_service => ?,
					                                     p_title => ?,
					                                     p_is_access_checked => ?,
					                                     p_is_login_requied => ?,
					                                     p_is_system_access => ?,
					                                     p_user_id => ?,
					                                     p_language => ?,
					                                     p_service_id => ?,
					                                     p_weixin_flag => ?);
						
        		END;
    		
---------------------Binding info---------------------
No.1	Access path:@service_name	Data type of passed value :java.lang.String	Value:modules/expm/public/exp_requisition_readonly_wfl.screen	Output:false	Database Type:null	
No.2	Access path:@title	Data type of passed value :java.lang.String	Value:费用申请单	Output:false	Database Type:null	
No.3	Access path:@is_access_checked	Data type of passed value :java.lang.Integer	Value:1	Output:false	Database Type:null	
No.4	Access path:@is_login_required	Data type of passed value :java.lang.Integer	Value:1	Output:false	Database Type:null	
No.5	Access path:@is_system_access	Data type of passed value :java.lang.Integer	Value:0	Output:false	Database Type:null	
No.6	Access path:/session/@user_id	Data type of passed value :java.lang.Long	Value:1	Output:false	Database Type:null	
No.7	Access path:@language	Data type of passed value :java.lang.String	Value:ZHS	Output:false	Database Type:null	
No.8	Access path:@service_id	Data type of passed value :java.lang.String	Value:593	Output:true	Database Type:null	
No.9	Access path:@weixin_flag	Data type of passed value :java.lang.String	Value:N	Output:false	Database Type:null	

=============== END [Update] SQL Statement execution dump ============

2018-10-22 09:08:30.918 [uncertain.proc] [CONFIG] [action] HandleException
2018-10-22 09:08:30.918 [uncertain.proc] [CONFIG] [action] CreateFailResponse
2018-10-22 09:08:30.918 [aurora.application] [SEVERE] java.sql.SQLException: Missing defines
	at oracle.jdbc.driver.Accessor.isNull(Accessor.java:744)
	at oracle.jdbc.driver.CharCommonAccessor.getString(CharCommonAccessor.java:350)
	at oracle.jdbc.driver.OracleCallableStatement.getString(OracleCallableStatement.java:661)
	at oracle.jdbc.driver.OracleCallableStatementWrapper.getString(OracleCallableStatementWrapper.java:860)
	at com.mchange.v2.c3p0.impl.NewProxyCallableStatement.getString(NewProxyCallableStatement.java:1819)
	at uncertain.datatype.StringType.getObject(StringType.java:41)
	at aurora.database.SqlRunner.fetchOutputParameters(SqlRunner.java:214)
	at aurora.database.SqlRunner.updateInternal(SqlRunner.java:277)
	at aurora.database.SqlRunner.update(SqlRunner.java:299)
	at aurora.database.SqlRunner.update(SqlRunner.java:314)
	at aurora.database.service.BusinessModelService.onExecuteDmlStatement(BusinessModelService.java:347)
	at sun.reflect.GeneratedMethodAccessor1034.invoke(Unknown Source)
	at sun.reflect.DelegatingMethodAccessorImpl.invoke(DelegatingMethodAccessorImpl.java:43)
	at java.lang.reflect.Method.invoke(Method.java:498)
	at uncertain.event.ReflectionMethodHandle.handleEvent(ReflectionMethodHandle.java:92)
	at uncertain.event.ReflectionMethodHandle.handleEvent(ReflectionMethodHandle.java:49)
	at uncertain.event.Configuration.fireEventInternal(Configuration.java:450)
	at uncertain.event.Configuration.fireEvent(Configuration.java:388)
	at uncertain.proc.ProcedureRunner.fireEvent(ProcedureRunner.java:352)
	at uncertain.proc.Action.run(Action.java:171)
	at uncertain.proc.ProcedureRunner.run(ProcedureRunner.java:289)
	at uncertain.proc.ProcedureRunner.run(ProcedureRunner.java:330)
	at uncertain.proc.Procedure.run(Procedure.java:101)
	at uncertain.proc.ProcedureRunner.run(ProcedureRunner.java:277)
	at aurora.database.service.BusinessModelService.runProcedure(BusinessModelService.java:244)
	at aurora.database.service.BusinessModelService.executeDml(BusinessModelService.java:260)
	at aurora.database.service.BusinessModelService.updateByPK(BusinessModelService.java:264)
	at aurora.database.actions.ModelBatchUpdate.doUpdate(ModelBatchUpdate.java:71)
	at aurora.database.actions.ModelBatchUpdate.doBatchUpdateInternal(ModelBatchUpdate.java:98)
	at aurora.database.actions.ModelBatchUpdate.doBatchUpdate(ModelBatchUpdate.java:138)
	at aurora.database.actions.ModelBatchUpdate.run(ModelBatchUpdate.java:154)
	at uncertain.proc.ProcedureRunner.run(ProcedureRunner.java:289)
	at uncertain.proc.ProcedureRunner.run(ProcedureRunner.java:330)
	at uncertain.proc.Procedure.run(Procedure.java:101)
	at uncertain.proc.ProcedureRunner.run(ProcedureRunner.java:277)
	at aurora.application.features.AbstractProcedureInvoker.runProcedure(AbstractProcedureInvoker.java:41)
	at aurora.application.features.InitProcedureInvoker.doInvoke(InitProcedureInvoker.java:34)
	at aurora.application.features.InitProcedureInvoker.onInvokeService(InitProcedureInvoker.java:42)
	at sun.reflect.GeneratedMethodAccessor1483.invoke(Unknown Source)
	at sun.reflect.DelegatingMethodAccessorImpl.invoke(DelegatingMethodAccessorImpl.java:43)
	at java.lang.reflect.Method.invoke(Method.java:498)
	at uncertain.event.ReflectionMethodHandle.handleEvent(ReflectionMethodHandle.java:92)
	at uncertain.event.ReflectionMethodHandle.handleEvent(ReflectionMethodHandle.java:49)
	at uncertain.event.Configuration.fireEventInternal(Configuration.java:450)
	at uncertain.event.Configuration.fireEvent(Configuration.java:388)
	at uncertain.proc.ProcedureRunner.fireEvent(ProcedureRunner.java:352)
	at uncertain.proc.Action.run(Action.java:171)
	at uncertain.proc.ProcedureRunner.run(ProcedureRunner.java:289)
	at uncertain.proc.ProcedureRunner.run(ProcedureRunner.java:330)
	at uncertain.proc.Procedure.run(Procedure.java:101)
	at uncertain.proc.Switch.run(Switch.java:90)
	at uncertain.proc.ProcedureRunner.run(ProcedureRunner.java:289)
	at uncertain.proc.ProcedureRunner.run(ProcedureRunner.java:330)
	at uncertain.proc.Procedure.run(Procedure.java:101)
	at uncertain.proc.ProcedureRunner.run(ProcedureRunner.java:277)
	at aurora.service.ServiceInstance.invoke(ServiceInstance.java:133)
	at aurora.service.http.AbstractFacadeServlet.doService(AbstractFacadeServlet.java:158)
	at aurora.service.http.AbstractFacadeServlet.doPost(AbstractFacadeServlet.java:97)
	at javax.servlet.http.HttpServlet.service(HttpServlet.java:751)
	at javax.servlet.http.HttpServlet.service(HttpServlet.java:844)
	at weblogic.servlet.internal.StubSecurityHelper$ServletServiceAction.run(StubSecurityHelper.java:280)
	at weblogic.servlet.internal.StubSecurityHelper$ServletServiceAction.run(StubSecurityHelper.java:254)
	at weblogic.servlet.internal.StubSecurityHelper.invokeServlet(StubSecurityHelper.java:136)
	at weblogic.servlet.internal.ServletStubImpl.execute(ServletStubImpl.java:346)
	at weblogic.servlet.internal.ServletStubImpl.execute(ServletStubImpl.java:243)
	at weblogic.servlet.internal.WebAppServletContext$ServletInvocationAction.wrapRun(WebAppServletContext.java:3432)
	at weblogic.servlet.internal.WebAppServletContext$ServletInvocationAction.run(WebAppServletContext.java:3402)
	at weblogic.security.acl.internal.AuthenticatedSubject.doAs(AuthenticatedSubject.java:321)
	at weblogic.security.service.SecurityManager.runAs(SecurityManager.java:120)
	at weblogic.servlet.provider.WlsSubjectHandle.run(WlsSubjectHandle.java:57)
	at weblogic.servlet.internal.WebAppServletContext.doSecuredExecute(WebAppServletContext.java:2285)
	at weblogic.servlet.internal.WebAppServletContext.securedExecute(WebAppServletContext.java:2201)
	at weblogic.servlet.internal.WebAppServletContext.execute(WebAppServletContext.java:2179)
	at weblogic.servlet.internal.ServletRequestImpl.run(ServletRequestImpl.java:1572)
	at weblogic.servlet.provider.ContainerSupportProviderImpl$WlsRequestExecutor.run(ContainerSupportProviderImpl.java:255)
	at weblogic.work.ExecuteThread.execute(ExecuteThread.java:311)
	at weblogic.work.ExecuteThread.run(ExecuteThread.java:263)

