2018-10-10 04:10:11.736 [aurora.application.session_check] [CONFIG] Session data copied to context
2018-10-10 04:10:11.737 [aurora.application.session_check] [CONFIG] Checking BM access sys.SYS1010.sys_code_values for operation query
2018-10-10 04:10:11.738 [aurora.application.session_check] [CONFIG] Result from aurora.bm.DefaultAccessChecker@79a50bf4 is true
2018-10-10 04:10:11.738 [uncertain.proc] [CONFIG] [action] AccessCheck
2018-10-10 04:10:11.739 [uncertain.proc] [CONFIG] [action] CheckServiceLock
2018-10-10 04:10:11.739 [uncertain.proc] [CONFIG] [action] ParseParameter
2018-10-10 04:10:11.739 [uncertain.proc] [CONFIG] [action] ValidateInput
2018-10-10 04:10:11.739 [uncertain.proc] [CONFIG] [action] InvokeService
2018-10-10 04:10:11.739 [aurora.database] [CONFIG] ===================================== prepare to run model-query sys.SYS1010.sys_code_values==============================
2018-10-10 04:10:11.747 [uncertain.proc] [CONFIG] [action] DecideSqlGenerationMode
2018-10-10 04:10:11.747 [uncertain.proc] [FINE] aurora.database.service.BusinessModelService.onDecideSqlGenerationMode
2018-10-10 04:10:11.747 [uncertain.proc] [CONFIG] [action] CreatequeryStatement
2018-10-10 04:10:11.747 [uncertain.proc] [FINE] aurora.bm.QuerySqlCreator.onCreateQueryStatement
2018-10-10 04:10:11.747 [uncertain.proc] [CONFIG] [action] PopulatequeryStatement
2018-10-10 04:10:11.747 [uncertain.proc] [FINE] aurora.database.features.OrderByClauseCreator.onPopulateQueryStatement
2018-10-10 04:10:11.747 [uncertain.proc] [FINE] aurora.database.features.WhereClauseCreator.onPopulateQueryStatement
2018-10-10 04:10:11.747 [uncertain.proc] [CONFIG] [action] CreatequerySql
2018-10-10 04:10:11.747 [uncertain.proc] [FINE] aurora.bm.QuerySqlCreator.onCreateQuerySql
2018-10-10 04:10:11.747 [uncertain.proc] [CONFIG] [action] ExecuteQuery
2018-10-10 04:10:11.747 [uncertain.proc] [FINE] aurora.bm.QuerySqlCreator.onExecuteQuery
2018-10-10 04:10:11.748 [uncertain.proc] [CONFIG] [action] QueryFinish
2018-10-10 04:10:11.748 [uncertain.proc] [FINE] aurora.database.features.AutoQueryCounter.onQueryFinish
2018-10-10 04:10:11.749 [uncertain.proc] [CONFIG] [action] FetchResultSet
2018-10-10 04:10:11.749 [uncertain.proc] [FINE] aurora.database.features.CacheBasedLookUpField.postFetchResultSet
2018-10-10 04:10:11.749 [aurora.database] [CONFIG] 
============= BEGIN [query] SQL Statement execution dump ============
SELECT cv.code_value_id,cv.code_id,cv.code_value,cv.code_value_name_id,(select DESCRIPTION_TEXT from fnd_descriptions where DESCRIPTION_ID=cv.code_value_name_id and Language=?) AS code_value_name,cv.enabled_flag
FROM sys_code_values cv
WHERE cv.code_id = ?
ORDER BY cv.code_value
---------------------Binding info---------------------
No.1	Access path:/session/@lang	Data type of passed value :java.lang.String	Value:ZHS	Output:false	Database Type:null	
No.2	Access path:@code_id	Data type of passed value :java.lang.Long	Value:448	Output:false	Database Type:null	

=============== END [query] SQL Statement execution dump ============

2018-10-10 04:10:11.749 [uncertain.proc] [CONFIG] [action] CreateSuccessResponse
