2018-10-12 07:14:10.939 [aurora.application.session_check] [CONFIG] Session data copied to context
2018-10-12 07:14:10.939 [aurora.application.session_check] [CONFIG] Checking BM access sys.sys_role for operation query
2018-10-12 07:14:10.940 [aurora.application.session_check] [CONFIG] Result from aurora.bm.DefaultAccessChecker@75e95f82 is true
2018-10-12 07:14:10.940 [uncertain.proc] [CONFIG] [action] AccessCheck
2018-10-12 07:14:10.941 [uncertain.proc] [CONFIG] [action] CheckServiceLock
2018-10-12 07:14:10.941 [uncertain.proc] [CONFIG] [action] ParseParameter
2018-10-12 07:14:10.941 [uncertain.proc] [CONFIG] [action] ValidateInput
2018-10-12 07:14:10.941 [uncertain.proc] [CONFIG] [action] InvokeService
2018-10-12 07:14:10.941 [aurora.database] [CONFIG] ===================================== prepare to run model-query sys.sys_role==============================
2018-10-12 07:14:10.946 [uncertain.proc] [CONFIG] [action] DecideSqlGenerationMode
2018-10-12 07:14:10.946 [uncertain.proc] [FINE] aurora.database.service.BusinessModelService.onDecideSqlGenerationMode
2018-10-12 07:14:10.946 [uncertain.proc] [CONFIG] [action] CreatequeryStatement
2018-10-12 07:14:10.946 [uncertain.proc] [FINE] aurora.bm.QuerySqlCreator.onCreateQueryStatement
2018-10-12 07:14:10.946 [uncertain.proc] [CONFIG] [action] PopulatequeryStatement
2018-10-12 07:14:10.946 [uncertain.proc] [FINE] aurora.database.features.OrderByClauseCreator.onPopulateQueryStatement
2018-10-12 07:14:10.946 [uncertain.proc] [FINE] aurora.database.features.WhereClauseCreator.onPopulateQueryStatement
2018-10-12 07:14:10.946 [uncertain.proc] [CONFIG] [action] CreatequerySql
2018-10-12 07:14:10.946 [uncertain.proc] [FINE] aurora.bm.QuerySqlCreator.onCreateQuerySql
2018-10-12 07:14:10.946 [uncertain.proc] [CONFIG] [action] ExecuteQuery
2018-10-12 07:14:10.946 [uncertain.proc] [FINE] aurora.bm.QuerySqlCreator.onExecuteQuery
2018-10-12 07:14:10.950 [uncertain.proc] [CONFIG] [action] QueryFinish
2018-10-12 07:14:10.950 [uncertain.proc] [FINE] aurora.database.features.AutoQueryCounter.onQueryFinish
2018-10-12 07:14:10.953 [uncertain.proc] [CONFIG] [action] FetchResultSet
2018-10-12 07:14:10.953 [uncertain.proc] [FINE] aurora.database.features.CacheBasedLookUpField.postFetchResultSet
2018-10-12 07:14:10.953 [aurora.database] [CONFIG] 
============= BEGIN [query] SQL Statement execution dump ============
SELECT fc.role_id,fc.service_id,(select t.service_name from sys_service t where t.service_id = fc.service_id) AS service_name,fc.role_code,fc.role_name_id,(select DESCRIPTION_TEXT from fnd_descriptions where DESCRIPTION_ID=fc.role_name_id and Language=?) AS role_name,fc.description_id,(select DESCRIPTION_TEXT from fnd_descriptions where DESCRIPTION_ID=fc.description_id and Language=?) AS role_description,fc.start_date,fc.end_date,fc.weixin_flag
FROM sys_role fc

ORDER BY role_code
---------------------Binding info---------------------
No.1	Access path:/session/@lang	Data type of passed value :java.lang.String	Value:ZHS	Output:false	Database Type:null	
No.2	Access path:/session/@lang	Data type of passed value :java.lang.String	Value:ZHS	Output:false	Database Type:null	

=============== END [query] SQL Statement execution dump ============

2018-10-12 07:14:10.953 [uncertain.proc] [CONFIG] [action] CreateSuccessResponse
