2018-10-18 02:13:35.429 [aurora.application.session_check] [CONFIG] Session data copied to context
2018-10-18 02:13:35.429 [aurora.application.session_check] [CONFIG] Checking BM access sys.evt_event for operation query
2018-10-18 02:13:35.430 [aurora.application.session_check] [CONFIG] Result from aurora.bm.DefaultAccessChecker@44310090 is true
2018-10-18 02:13:35.430 [uncertain.proc] [CONFIG] [action] AccessCheck
2018-10-18 02:13:35.431 [uncertain.proc] [CONFIG] [action] CheckServiceLock
2018-10-18 02:13:35.431 [uncertain.proc] [CONFIG] [action] ParseParameter
2018-10-18 02:13:35.431 [uncertain.proc] [CONFIG] [action] ValidateInput
2018-10-18 02:13:35.431 [uncertain.proc] [CONFIG] [action] InvokeService
2018-10-18 02:13:35.431 [aurora.database] [CONFIG] ===================================== prepare to run model-query sys.evt_event==============================
2018-10-18 02:13:35.434 [uncertain.proc] [CONFIG] [action] DecideSqlGenerationMode
2018-10-18 02:13:35.434 [uncertain.proc] [FINE] aurora.database.service.BusinessModelService.onDecideSqlGenerationMode
2018-10-18 02:13:35.434 [uncertain.proc] [CONFIG] [action] CreatequeryStatement
2018-10-18 02:13:35.434 [uncertain.proc] [FINE] aurora.bm.QuerySqlCreator.onCreateQueryStatement
2018-10-18 02:13:35.434 [uncertain.proc] [CONFIG] [action] PopulatequeryStatement
2018-10-18 02:13:35.434 [uncertain.proc] [FINE] aurora.database.features.OrderByClauseCreator.onPopulateQueryStatement
2018-10-18 02:13:35.434 [uncertain.proc] [FINE] aurora.database.features.WhereClauseCreator.onPopulateQueryStatement
2018-10-18 02:13:35.434 [uncertain.proc] [CONFIG] [action] CreatequerySql
2018-10-18 02:13:35.434 [uncertain.proc] [FINE] aurora.bm.QuerySqlCreator.onCreateQuerySql
2018-10-18 02:13:35.434 [uncertain.proc] [CONFIG] [action] ExecuteQuery
2018-10-18 02:13:35.434 [uncertain.proc] [FINE] aurora.bm.QuerySqlCreator.onExecuteQuery
2018-10-18 02:13:35.436 [uncertain.proc] [CONFIG] [action] QueryFinish
2018-10-18 02:13:35.436 [uncertain.proc] [FINE] aurora.database.features.AutoQueryCounter.onQueryFinish
2018-10-18 02:13:35.437 [uncertain.proc] [CONFIG] [action] FetchResultSet
2018-10-18 02:13:35.437 [uncertain.proc] [FINE] aurora.database.features.CacheBasedLookUpField.postFetchResultSet
2018-10-18 02:13:35.437 [aurora.database] [CONFIG] 
============= BEGIN [query] SQL Statement execution dump ============
SELECT evt.event_name,evt.object_name,evt.event_type,evt.event_desc,evt.enabled_flag
FROM evt_event evt
WHERE evt.event_name like upper(?)||'%'
ORDER BY event_name
---------------------Binding info---------------------
No.1	Access path:@event_name	Data type of passed value :java.lang.String	Value:EXP_REPORT_REJECT_AUDIT	Output:false	Database Type:null	

=============== END [query] SQL Statement execution dump ============

2018-10-18 02:13:35.437 [uncertain.proc] [CONFIG] [action] CreateSuccessResponse
