2018-10-16 03:18:53.746 [aurora.application.session_check] [CONFIG] Session data copied to context
2018-10-16 03:18:53.746 [aurora.application.session_check] [CONFIG] Checking BM access sys.SYS9020.sys_9020_query_sql_execute for operation update
2018-10-16 03:18:53.747 [aurora.application.session_check] [CONFIG] Result from aurora.bm.DefaultAccessChecker@6a5949e6 is true
2018-10-16 03:18:53.747 [uncertain.proc] [CONFIG] [action] AccessCheck
2018-10-16 03:18:53.749 [uncertain.proc] [CONFIG] [action] CheckServiceLock
2018-10-16 03:18:53.749 [uncertain.proc] [CONFIG] [action] ParseParameter
2018-10-16 03:18:53.749 [uncertain.proc] [CONFIG] [action] ValidateInput
2018-10-16 03:18:53.749 [uncertain.proc] [CONFIG] [action] InvokeService
2018-10-16 03:18:53.752 [uncertain.proc] [CONFIG] [action] DecideStatement
2018-10-16 03:18:53.754 [uncertain.proc] [CONFIG] [action] DecideSqlGenerationMode
2018-10-16 03:18:53.754 [uncertain.proc] [FINE] aurora.database.service.BusinessModelService.onDecideSqlGenerationMode
2018-10-16 03:18:53.754 [uncertain.proc] [CONFIG] [action] CreateOperationSql
2018-10-16 03:18:53.754 [uncertain.proc] [CONFIG] [action] PopulateOperationSql
2018-10-16 03:18:53.754 [uncertain.proc] [FINE] aurora.database.features.OrderByClauseCreator.onPopulateOperationSql
2018-10-16 03:18:53.754 [uncertain.proc] [FINE] aurora.database.features.WhereClauseCreator.onPopulateOperationSql
2018-10-16 03:18:53.754 [uncertain.proc] [CONFIG] [action] CreateSqlRunner
2018-10-16 03:18:53.755 [uncertain.proc] [FINE] aurora.database.service.BusinessModelService.onCreateSqlRunner
2018-10-16 03:18:53.755 [uncertain.proc] [CONFIG] [action] ExecuteDmlStatement
2018-10-16 03:18:53.755 [uncertain.proc] [FINE] aurora.database.service.BusinessModelService.onExecuteDmlStatement
2018-10-16 03:18:53.796 [aurora.database] [CONFIG] 
============= BEGIN [Update] SQL Statement execution dump ============

        		begin
   					 cux_sql_util.execute_sql(?,?);      
   				end;
   			
        
---------------------Binding info---------------------
No.1	Access path:@sql_contents	Data type of passed value :java.lang.String	Value:begin
wfl_data_load_pkg.LOAD_node_recpt_set_rule('LN_SQ01','10','EMPLOYEE_UNIT_ATTEND','','','LN_SQ001');
wfl_data_load_pkg.LOAD_node_recpt_set_rule('LN_SQ01','20','EMPLOYEE_UNIT_MANAGER','','','LN_SQ001');
wfl_data_load_pkg.LOAD_node_recpt_set_rule('LN_SQ01','30','APPOINTED_POSITION','LN-POS0001','','LN_SQ002');
wfl_data_load_pkg.LOAD_node_recpt_set_rule('LN_SQ01','30','APPOINTED_POSITION','LN-POS0001','','LN_SQ003');
wfl_data_load_pkg.LOAD_node_recpt_set_rule('LN_SQ01','40','APPOINTED_POSITION','POS0002','','LN_SQ004');
wfl_data_load_pkg.LOAD_node_recpt_set_rule('LN_SQ01','50','APPOINTED_POSITION','POS0001','','LN_SQ004');
wfl_data_load_pkg.LOAD_node_recpt_set_rule('LN_SQ02','10','EMPLOYEE_UNIT_BGT_MANAGER','','','LN_SQ001');
wfl_data_load_pkg.LOAD_node_recpt_set_rule('LN_SQ02','20','COMPANY_LEVEL_UNIT_LEADER','','','LN_SQ005');
wfl_data_load_pkg.LOAD_node_recpt_set_rule('LN_SQ02','20','EMPLOYEE_UNIT_MANAGER','','','LN_SQ006');
wfl_data_load_pkg.LOAD_node_recpt_set_rule('LN_SQ02','30','LINE_UNIT_MANAGER','','','LN_SQ006');
wfl_data_load_pkg.LOAD_node_recpt_set_rule('LN_SQ02','50','UNIT_CHARGE_MANAGER','','','LN_SQ007');
wfl_data_load_pkg.LOAD_node_recpt_set_rule('LN_SQ02','50','UNIT_CHARGE_MANAGER','','','LN_SQ002');
wfl_data_load_pkg.LOAD_node_recpt_set_rule('LN_SQ02','50','LINE_UNIT_LEADER_POSITION','','','LN_SQ007');
wfl_data_load_pkg.LOAD_node_recpt_set_rule('LN_SQ02','50','LINE_UNIT_LEADER_POSITION','','','LN_SQ002');
wfl_data_load_pkg.LOAD_node_recpt_set_rule('LN_SQ02','60','APPOINTED_POSITION','LN-POS0002','','LN_SQ008');
wfl_data_load_pkg.LOAD_node_recpt_set_rule('LN_SQ02','70','APPOINTED_POSITION','LN-POS0002','','LN_SQ009');
wfl_data_load_pkg.LOAD_node_recpt_set_rule('LN_SQ02','80','APPOINTED_POSITION','LN-POS0001','','LN_SQ010');
wfl_data_load_pkg.LOAD_node_recpt_set_rule('LN_SQ02','80','APPOINTED_POSITION','LN-POS0001','','LN_SQ003');
wfl_data_load_pkg.LOAD_node_recpt_set_rule('LN_SQ02','90','APPOINTED_POSITION','POS0002','','LN_SQ011');
wfl_data_load_pkg.LOAD_node_recpt_set_rule('LN_SQ02','100','APPOINTED_POSITION','POS0001','','LN_SQ011');
wfl_data_load_pkg.LOAD_node_recpt_set_rule('LN_SQ03','10','APPOINTED_POSITION','LN-POS0009','','LN_SQ001');
wfl_data_load_pkg.LOAD_node_recpt_set_rule('LN_SQ03','20','APPOINTED_POSITION','LN-POS0007','','LN_SQ001');
wfl_data_load_pkg.LOAD_node_recpt_set_rule('LN_SQ04','10','EMPLOYEE_UNIT_BGT_MANAGER','','','LN_SQ001');
wfl_data_load_pkg.LOAD_node_recpt_set_rule('LN_SQ04','20','EMPLOYEE_UNIT_MANAGER','','','LN_SQ001');
wfl_data_load_pkg.LOAD_node_recpt_set_rule('LN_SQ04','50','APPOINTED_POSITION','LN-POS0002','','LN_SQ001');
wfl_data_load_pkg.LOAD_node_recpt_set_rule('LN_SQ04','60','APPOINTED_POSITION','LN-POS0002','','LN_SQ009');
wfl_data_load_pkg.LOAD_node_recpt_set_rule('LN_JK01','10','EMPLOYEE_UNIT_BGT_MANAGER','','','LN_JK001');
wfl_data_load_pkg.LOAD_node_recpt_set_rule('LN_JK01','20','EMPLOYEE_UNIT_MANAGER','','','LN_JK001');
wfl_data_load_pkg.LOAD_node_recpt_set_rule('LN_JK01','40','UNIT_CHARGE_MANAGER','','','LN_JK001');
wfl_data_load_pkg.LOAD_node_recpt_set_rule('LN_JK01','50','APPOINTED_POSITION','LN-POS0001','','LN_JK001');
wfl_data_load_pkg.LOAD_node_recpt_set_rule('LN_JK01','60','APPOINTED_POSITION','POS0002','','LN_JK002');
wfl_data_load_pkg.LOAD_node_recpt_set_rule('LN_JK01','70','APPOINTED_POSITION','POS0001','','LN_JK002');
wfl_data_load_pkg.LOAD_node_recpt_set_rule('LN_BX01','10','EMPLOYEE_UNIT_BGT_MANAGER','','','LN_BX001');
wfl_data_load_pkg.LOAD_node_recpt_set_rule('LN_BX01','20','COMPANY_LEVEL_UNIT_LEADER','','','LN_BX002');
wfl_data_load_pkg.LOAD_node_recpt_set_rule('LN_BX01','20','EMPLOYEE_UNIT_MANAGER','','','LN_BX003');
wfl_data_load_pkg.LOAD_node_recpt_set_rule('LN_BX01','30','DOC_LINE_UNIT_BGT_MANAGER','','','LN_BX004');
wfl_data_load_pkg.LOAD_node_recpt_set_rule('LN_BX01','40','UNIT_CHARGE_MANAGER','','','LN_BX003');
wfl_data_load_pkg.LOAD_node_recpt_set_rule('LN_BX01','60','UNIT_CHARGE_MANAGER','','','LN_BX005');
wfl_data_load_pkg.LOAD_node_recpt_set_rule('LN_BX01','60','UNIT_CHARGE_MANAGER','','','LN_BX006');
wfl_data_load_pkg.LOAD_node_recpt_set_rule('LN_BX01','60','LINE_UNIT_LEADER_POSITION','','','LN_BX007');
wfl_data_load_pkg.LOAD_node_recpt_set_rule('LN_BX01','60','LINE_UNIT_LEADER_POSITION','','','LN_BX006');
wfl_data_load_pkg.LOAD_node_recpt_set_rule('LN_BX01','70','APPOINTED_POSITION','LN-POS0002','','LN_BX008');
wfl_data_load_pkg.LOAD_node_recpt_set_rule('LN_BX01','80','APPOINTED_POSITION','LN-POS0001','','LN_BX009');
wfl_data_load_pkg.LOAD_node_recpt_set_rule('LN_BX01','90','APPOINTED_POSITION','POS0002','','LN_BX010');
wfl_data_load_pkg.LOAD_node_recpt_set_rule('LN_BX01','100','APPOINTED_POSITION','POS0001','','LN_BX010');
wfl_data_load_pkg.LOAD_node_recpt_set_rule('LN_BX02','10','EMPLOYEE_UNIT_BGT_MANAGER','','','LN_BX001');
wfl_data_load_pkg.LOAD_node_recpt_set_rule('LN_BX02','20','COMPANY_LEVEL_UNIT_LEADER','','','LN_BX002');
wfl_data_load_pkg.LOAD_node_recpt_set_rule('LN_BX02','20','EMPLOYEE_UNIT_MANAGER','','','LN_BX003');
wfl_data_load_pkg.LOAD_node_recpt_set_rule('LN_BX02','30','DOC_LINE_UNIT_BGT_MANAGER','','','LN_BX004');
wfl_data_load_pkg.LOAD_node_recpt_set_rule('LN_BX02','40','EMPLOYEE_UNIT_MANAGER','','','LN_BX003');
wfl_data_load_pkg.LOAD_node_recpt_set_rule('LN_BX02','60','UNIT_CHARGE_MANAGER','','','LN_BX011');
wfl_data_load_pkg.LOAD_node_recpt_set_rule('LN_BX02','60','UNIT_CHARGE_MANAGER','','','LN_BX006');
wfl_data_load_pkg.LOAD_node_recpt_set_rule('LN_BX02','60','LINE_UNIT_LEADER_POSITION','','','LN_BX012');
wfl_data_load_pkg.LOAD_node_recpt_set_rule('LN_BX02','60','LINE_UNIT_LEADER_POSITION','','','LN_BX006');
wfl_data_load_pkg.LOAD_node_recpt_set_rule('LN_BX02','70','APPOINTED_POSITION','LN-POS0002','','LN_BX013');
wfl_data_load_pkg.LOAD_node_recpt_set_rule('LN_BX02','70','APPOINTED_POSITION','LN-POS0002','','LN_BX001');
wfl_data_load_pkg.LOAD_node_recpt_set_rule('LN_BX02','80','APPOINTED_POSITION','LN-POS0002','','LN_BX008');
wfl_data_load_pkg.LOAD_node_recpt_set_rule('LN_BX02','90','APPOINTED_POSITION','LN-POS0001','','LN_BX014');
wfl_data_load_pkg.LOAD_node_recpt_set_rule('LN_BX02','100','APPOINTED_POSITION','POS0002','','LN_BX015');
wfl_data_load_pkg.LOAD_node_recpt_set_rule('LN_BX02','110','APPOINTED_POSITION','POS0001','','LN_BX015');
wfl_data_load_pkg.LOAD_node_recpt_set_rule('LN_BX03','10','EMPLOYEE_UNIT_BGT_MANAGER','','','LN_BX001');
wfl_data_load_pkg.LOAD_node_recpt_set_rule('LN_BX03','20','EMPLOYEE_UNIT_MANAGER','','','LN_BX001');
wfl_data_load_pkg.LOAD_node_recpt_set_rule('LN_BX03','30','DOC_LINE_UNIT_BGT_MANAGER','','','LN_BX004');
wfl_data_load_pkg.LOAD_node_recpt_set_rule('LN_BX03','40','LINE_UNIT_MANAGER','','','LN_BX004');
wfl_data_load_pkg.LOAD_node_recpt_set_rule('LN_BX03','60','UNIT_CHARGE_MANAGER','','','LN_BX016');
wfl_data_load_pkg.LOAD_node_recpt_set_rule('LN_BX03','60','LINE_UNIT_LEADER_POSITION','','','LN_BX001');
wfl_data_load_pkg.LOAD_node_recpt_set_rule('LN_BX03','80','APPOINTED_POSITION','LN-POS0002','','LN_BX016');
wfl_data_load_pkg.LOAD_node_recpt_set_rule('LN_BX03','80','APPOINTED_POSITION','LN-POS0002','','LN_BX008');
wfl_data_load_pkg.LOAD_node_recpt_set_rule('LN_BX04','10','EMPLOYEE_UNIT_BGT_MANAGER','','','LN_BX001');
wfl_data_load_pkg.LOAD_node_recpt_set_rule('LN_BX04','20','EMPLOYEE_UNIT_MANAGER','','','LN_BX001');
wfl_data_load_pkg.LOAD_node_recpt_set_rule('LN_BX04','40','UNIT_CHARGE_MANAGER','','','LN_BX017');
wfl_data_load_pkg.LOAD_node_recpt_set_rule('LN_BX04','40','UNIT_CHARGE_MANAGER','','','LN_BX018');
wfl_data_load_pkg.LOAD_node_recpt_set_rule('LN_BX04','50','APPOINTED_POSITION','LN-POS0001','','LN_BX017');
wfl_data_load_pkg.LOAD_node_recpt_set_rule('LN_BX04','50','APPOINTED_POSITION','LN-POS0001','','LN_BX018');
wfl_data_load_pkg.LOAD_node_recpt_set_rule('LN_BX04','60','APPOINTED_POSITION','POS0002','','LN_BX019');
wfl_data_load_pkg.LOAD_node_recpt_set_rule('LN_BX04','60','APPOINTED_POSITION','POS0002','','LN_BX020');
wfl_data_load_pkg.LOAD_node_recpt_set_rule('LN_BX04','80','APPOINTED_POSITION','POS0001','','LN_BX019');
wfl_data_load_pkg.LOAD_node_recpt_set_rule('LN_BX04','80','APPOINTED_POSITION','POS0001','','LN_BX020');
wfl_data_load_pkg.LOAD_node_recpt_set_rule('LN_BX05','10','EMPLOYEE_UNIT_BGT_MANAGER','','','LN_BX001');
wfl_data_load_pkg.LOAD_node_recpt_set_rule('LN_BX05','20','COMPANY_LEVEL_UNIT_LEADER','','','LN_BX002');
wfl_data_load_pkg.LOAD_node_recpt_set_rule('LN_BX05','20','EMPLOYEE_UNIT_MANAGER','','','LN_BX003');
wfl_data_load_pkg.LOAD_node_recpt_set_rule('LN_BX05','30','EMPLOYEE_UNIT_MANAGER','','','LN_BX003');
wfl_data_load_pkg.LOAD_node_recpt_set_rule('LN_BX05','50','APPOINTED_POSITION','LN-POS0032','','LN_BX021');
wfl_data_load_pkg.LOAD_node_recpt_set_rule('LN_BX05','60','APPOINTED_POSITION','LN-POS0037','','LN_BX021');
wfl_data_load_pkg.LOAD_node_recpt_set_rule('LN_BX05','70','UNIT_CHARGE_MANAGER','','','LN_BX022');
wfl_data_load_pkg.LOAD_node_recpt_set_rule('LN_BX05','70','LINE_UNIT_LEADER_POSITION','','','LN_BX023');
wfl_data_load_pkg.LOAD_node_recpt_set_rule('LN_BX05','80','APPOINTED_POSITION','LN-POS0002','','LN_BX016');
wfl_data_load_pkg.LOAD_node_recpt_set_rule('LN_BX05','80','APPOINTED_POSITION','LN-POS0002','','LN_BX024');
wfl_data_load_pkg.LOAD_node_recpt_set_rule('LN_BX05','80','APPOINTED_POSITION','LN-POS0002','','LN_BX001');
wfl_data_load_pkg.LOAD_node_recpt_set_rule('LN_BX05','90','APPOINTED_POSITION','LN-POS0002','','LN_BX016');
wfl_data_load_pkg.LOAD_node_recpt_set_rule('LN_BX05','90','APPOINTED_POSITION','LN-POS0002','','LN_BX008');
wfl_data_load_pkg.LOAD_node_recpt_set_rule('LN_BX05','100','APPOINTED_POSITION','LN-POS0001','','LN_BX025');
wfl_data_load_pkg.LOAD_node_recpt_set_rule('LN_BX05','100','APPOINTED_POSITION','LN-POS0001','','LN_BX026');
wfl_data_load_pkg.LOAD_node_recpt_set_rule('LN_BX05','110','APPOINTED_POSITION','POS0002','','LN_BX016');
wfl_data_load_pkg.LOAD_node_recpt_set_rule('LN_BX05','110','APPOINTED_POSITION','POS0002','','LN_BX027');
wfl_data_load_pkg.LOAD_node_recpt_set_rule('LN_BX05','120','APPOINTED_POSITION','POS0001','','LN_BX016');
wfl_data_load_pkg.LOAD_node_recpt_set_rule('LN_BX05','120','APPOINTED_POSITION','POS0001','','LN_BX027');
end;	Output:false	Database Type:null	
No.2	Access path:@raise_error_flag	Data type of passed value :java.lang.String	Value:N	Output:false	Database Type:null	

=============== END [Update] SQL Statement execution dump ============

2018-10-16 03:18:53.796 [uncertain.proc] [CONFIG] [action] CreateSuccessResponse
