2018-10-12 07:29:19.777 [aurora.application.session_check] [CONFIG] Session data copied to context
2018-10-12 07:29:19.777 [aurora.application.session_check] [CONFIG] Checking BM access sys.SYS8010.bm_accesscheck for operation query
2018-10-12 07:29:19.778 [aurora.application.session_check] [CONFIG] Result from aurora.bm.DefaultAccessChecker@64921f5b is true
2018-10-12 07:29:19.778 [uncertain.proc] [CONFIG] [action] AccessCheck
2018-10-12 07:29:19.779 [uncertain.proc] [CONFIG] [action] CheckServiceLock
2018-10-12 07:29:19.779 [uncertain.proc] [CONFIG] [action] ParseParameter
2018-10-12 07:29:19.779 [uncertain.proc] [CONFIG] [action] ValidateInput
2018-10-12 07:29:19.779 [uncertain.proc] [CONFIG] [action] InvokeService
2018-10-12 07:29:19.780 [aurora.database] [CONFIG] ===================================== prepare to run model-query sys.SYS8010.bm_accesscheck==============================
2018-10-12 07:29:19.783 [uncertain.proc] [CONFIG] [action] DecideSqlGenerationMode
2018-10-12 07:29:19.783 [uncertain.proc] [FINE] aurora.database.service.BusinessModelService.onDecideSqlGenerationMode
2018-10-12 07:29:19.783 [uncertain.proc] [CONFIG] [action] CreatequeryStatement
2018-10-12 07:29:19.783 [uncertain.proc] [FINE] aurora.bm.QuerySqlCreator.onCreateQueryStatement
2018-10-12 07:29:19.783 [uncertain.proc] [CONFIG] [action] PopulatequeryStatement
2018-10-12 07:29:19.783 [uncertain.proc] [FINE] aurora.database.features.OrderByClauseCreator.onPopulateQueryStatement
2018-10-12 07:29:19.783 [uncertain.proc] [FINE] aurora.database.features.WhereClauseCreator.onPopulateQueryStatement
2018-10-12 07:29:19.783 [uncertain.proc] [CONFIG] [action] CreatequerySql
2018-10-12 07:29:19.783 [uncertain.proc] [FINE] aurora.bm.QuerySqlCreator.onCreateQuerySql
2018-10-12 07:29:19.783 [uncertain.proc] [CONFIG] [action] ExecuteQuery
2018-10-12 07:29:19.783 [uncertain.proc] [FINE] aurora.bm.QuerySqlCreator.onExecuteQuery
2018-10-12 07:29:19.784 [uncertain.proc] [CONFIG] [action] QueryFinish
2018-10-12 07:29:19.784 [uncertain.proc] [FINE] aurora.database.features.AutoQueryCounter.onQueryFinish
2018-10-12 07:29:19.784 [uncertain.proc] [CONFIG] [action] FetchResultSet
2018-10-12 07:29:19.784 [uncertain.proc] [FINE] aurora.database.features.CacheBasedLookUpField.postFetchResultSet
2018-10-12 07:29:19.784 [aurora.database] [CONFIG] 
============= BEGIN [query] SQL Statement execution dump ============
SELECT t.access_id,t.function_id,t.bm_name,t.insert_option,t.update_option,t.delete_option,t.execute_option,t.query_option
FROM sys_function_bm_access t
WHERE t.function_id = ?
ORDER BY t.bm_name
---------------------Binding info---------------------
No.1	Access path:@function_id	Data type of passed value :java.lang.Long	Value:115	Output:false	Database Type:null	

=============== END [query] SQL Statement execution dump ============

2018-10-12 07:29:19.784 [uncertain.proc] [CONFIG] [action] CreateSuccessResponse
