2018-10-17 09:25:34.217 [aurora.application.session_check] [CONFIG] Session data copied to context
2018-10-17 09:25:34.217 [aurora.application.session_check] [CONFIG] Checking BM access sys.SYS9020.sys_9020_query_sql_execute for operation query
2018-10-17 09:25:34.218 [aurora.application.session_check] [CONFIG] Result from aurora.bm.DefaultAccessChecker@2c7495d4 is true
2018-10-17 09:25:34.218 [uncertain.proc] [CONFIG] [action] AccessCheck
2018-10-17 09:25:34.220 [uncertain.proc] [CONFIG] [action] CheckServiceLock
2018-10-17 09:25:34.220 [uncertain.proc] [CONFIG] [action] ParseParameter
2018-10-17 09:25:34.220 [uncertain.proc] [CONFIG] [action] ValidateInput
2018-10-17 09:25:34.220 [uncertain.proc] [CONFIG] [action] InvokeService
2018-10-17 09:25:34.220 [aurora.database] [CONFIG] ===================================== prepare to run model-query sys.SYS9020.sys_9020_query_sql_execute==============================
2018-10-17 09:25:34.225 [uncertain.proc] [CONFIG] [action] DecideSqlGenerationMode
2018-10-17 09:25:34.225 [uncertain.proc] [FINE] aurora.database.service.BusinessModelService.onDecideSqlGenerationMode
2018-10-17 09:25:34.225 [uncertain.proc] [CONFIG] [action] CreateOperationSql
2018-10-17 09:25:34.225 [uncertain.proc] [CONFIG] [action] PopulateOperationSql
2018-10-17 09:25:34.225 [uncertain.proc] [FINE] aurora.database.features.OrderByClauseCreator.onPopulateOperationSql
2018-10-17 09:25:34.225 [uncertain.proc] [FINE] aurora.database.features.WhereClauseCreator.onPopulateOperationSql
2018-10-17 09:25:34.225 [uncertain.proc] [CONFIG] [action] ExecuteQuery
2018-10-17 09:25:34.225 [uncertain.proc] [FINE] aurora.bm.QuerySqlCreator.onExecuteQuery
2018-10-17 09:25:34.240 [uncertain.proc] [CONFIG] [action] QueryFinish
2018-10-17 09:25:34.240 [uncertain.proc] [FINE] aurora.database.features.AutoQueryCounter.onQueryFinish
2018-10-17 09:25:34.242 [uncertain.proc] [CONFIG] [action] FetchResultSet
2018-10-17 09:25:34.242 [uncertain.proc] [FINE] aurora.database.features.CacheBasedLookUpField.postFetchResultSet
2018-10-17 09:25:34.242 [aurora.database] [CONFIG] 
============= BEGIN [query] SQL Statement execution dump ============

             select *from (
                select * from bgt_budget_reserves t where t.last_updated_by = '204' order by 1 desc 

             ) 
			
---------------------Binding info---------------------
null
=============== END [query] SQL Statement execution dump ============

2018-10-17 09:25:34.242 [uncertain.proc] [CONFIG] [action] CreateSuccessResponse
