2018-10-21 07:44:05.974 [aurora.application.session_check] [CONFIG] Session data copied to context
2018-10-21 07:44:05.974 [aurora.application.session_check] [CONFIG] Checking BM access sys.sys_user for operation batch_update
2018-10-21 07:44:05.974 [aurora.application.session_check] [CONFIG] for batch_update, access check will be performed on each record from parameter
2018-10-21 07:44:05.974 [uncertain.proc] [CONFIG] [action] AccessCheck
2018-10-21 07:44:05.976 [uncertain.proc] [CONFIG] [action] CheckServiceLock
2018-10-21 07:44:05.976 [uncertain.proc] [CONFIG] [action] ParseParameter
2018-10-21 07:44:05.976 [uncertain.proc] [CONFIG] [action] ValidateInput
2018-10-21 07:44:05.976 [uncertain.proc] [CONFIG] [action] InvokeService
2018-10-21 07:44:05.983 [aurora.database] [CONFIG] ============ Running model batch update with data from path /parameter, total 1 records
2018-10-21 07:44:05.983 [aurora.database] [CONFIG] execute insert on record No.0 for model sys.sys_user
2018-10-21 07:44:05.985 [uncertain.proc] [CONFIG] [action] DecideStatement
2018-10-21 07:44:05.986 [uncertain.proc] [CONFIG] [action] DecideSqlGenerationMode
2018-10-21 07:44:05.986 [uncertain.proc] [FINE] aurora.database.service.BusinessModelService.onDecideSqlGenerationMode
2018-10-21 07:44:05.986 [uncertain.proc] [CONFIG] [action] CreateInsertStatement
2018-10-21 07:44:05.986 [uncertain.proc] [FINE] aurora.bm.InsertSqlCreator.onCreateInsertStatement
2018-10-21 07:44:05.986 [uncertain.proc] [CONFIG] [action] PopulateInsertStatement
2018-10-21 07:44:05.986 [uncertain.proc] [FINE] aurora.database.local.oracle.SequencePk.postPopulateInsertStatement
2018-10-21 07:44:05.986 [uncertain.proc] [CONFIG] [action] CreateInsertSql
2018-10-21 07:44:05.986 [uncertain.proc] [FINE] aurora.bm.InsertSqlCreator.onCreateInsertSql
2018-10-21 07:44:05.986 [uncertain.proc] [CONFIG] [action] CreateSqlRunner
2018-10-21 07:44:05.986 [uncertain.proc] [FINE] aurora.database.service.BusinessModelService.onCreateSqlRunner
2018-10-21 07:44:05.986 [uncertain.proc] [CONFIG] [action] ExecuteDmlStatement
2018-10-21 07:44:05.986 [uncertain.proc] [FINE] aurora.database.service.BusinessModelService.onExecuteDmlStatement
2018-10-21 07:44:06.166 [aurora.database] [CONFIG] 
============= BEGIN [Insert] SQL Statement execution dump ============
BEGIN INSERT INTO sys_user ( user_id,user_name,encrypted_foundation_password,encrypted_user_password,start_date,end_date,last_logon_date,description,password_lifespan_days,password_lifespan_access,employee_id,frozen_flag,frozen_date,password_start_date,menu_type,CREATED_BY,CREATION_DATE,LAST_UPDATED_BY,LAST_UPDATE_DATE) VALUES ( sys_user_S.NEXTVAL,?,sys_login_pkg.md5(?),sys_login_pkg.md5(?),?,?,?,?,?,?,?,?,?,?,?,?,sysdate,?,sysdate)  RETURNING user_id INTO ?; END;
---------------------Binding info---------------------
No.1	Access path:@user_name	Data type of passed value :java.lang.String	Value:TEST1021_1	Output:false	Database Type:null	
No.2	Access path:@user_password	Data type of passed value :java.lang.String	Value:1	Output:false	Database Type:null	
No.3	Access path:@user_password_re	Data type of passed value :java.lang.String	Value:1	Output:false	Database Type:null	
No.4	Access path:@start_date	Data type of passed value :java.sql.Date	Value:2018-10-01	Output:false	Database Type:null	
No.5	Access path:@end_date	Data type of passed value :[null]	Value:null	Output:false	Database Type:null	
No.6	Access path:@last_logon_date	Data type of passed value :[null]	Value:null	Output:false	Database Type:null	
No.7	Access path:@description	Data type of passed value :java.lang.String	Value:TEST1021_1	Output:false	Database Type:null	
No.8	Access path:@password_lifespan_days	Data type of passed value :[null]	Value:null	Output:false	Database Type:null	
No.9	Access path:@password_lifespan_access	Data type of passed value :[null]	Value:null	Output:false	Database Type:null	
No.10	Access path:@employee_id	Data type of passed value :[null]	Value:null	Output:false	Database Type:null	
No.11	Access path:@frozen_flag	Data type of passed value :java.lang.String	Value:N	Output:false	Database Type:null	
No.12	Access path:@frozen_date	Data type of passed value :[null]	Value:null	Output:false	Database Type:null	
No.13	Access path:@password_start_date	Data type of passed value :[null]	Value:null	Output:false	Database Type:null	
No.14	Access path:@menu_type	Data type of passed value :[null]	Value:null	Output:false	Database Type:null	
No.15	Access path:/session/@user_id	Data type of passed value :java.lang.Long	Value:2242	Output:false	Database Type:null	
No.16	Access path:/session/@user_id	Data type of passed value :java.lang.Long	Value:2242	Output:false	Database Type:null	
No.17	Access path:@user_id	Data type of passed value :[null]	Value:null	Output:true	Database Type:null	

=============== END [Insert] SQL Statement execution dump ============

2018-10-21 07:44:06.166 [aurora.database] [CONFIG] ============ End of batch update for /parameter
2018-10-21 07:44:06.166 [uncertain.proc] [CONFIG] [action] CreateSuccessResponse
