2018-10-15 06:01:24.356 [aurora.application.session_check] [CONFIG] Session data copied to context
2018-10-15 06:01:24.356 [aurora.application.session_check] [CONFIG] Checking BM access sys.SYS1030.sys_mail_server for operation query
2018-10-15 06:01:24.357 [aurora.application.session_check] [CONFIG] Result from aurora.bm.DefaultAccessChecker@4d257d91 is true
2018-10-15 06:01:24.358 [uncertain.proc] [CONFIG] [action] AccessCheck
2018-10-15 06:01:24.359 [uncertain.proc] [CONFIG] [action] CheckServiceLock
2018-10-15 06:01:24.359 [uncertain.proc] [CONFIG] [action] ParseParameter
2018-10-15 06:01:24.359 [uncertain.proc] [CONFIG] [action] ValidateInput
2018-10-15 06:01:24.359 [uncertain.proc] [CONFIG] [action] InvokeService
2018-10-15 06:01:24.359 [aurora.database] [CONFIG] ===================================== prepare to run model-query sys.SYS1030.sys_mail_server==============================
2018-10-15 06:01:24.362 [uncertain.proc] [CONFIG] [action] DecideSqlGenerationMode
2018-10-15 06:01:24.362 [uncertain.proc] [FINE] aurora.database.service.BusinessModelService.onDecideSqlGenerationMode
2018-10-15 06:01:24.362 [uncertain.proc] [CONFIG] [action] CreatequeryStatement
2018-10-15 06:01:24.362 [uncertain.proc] [FINE] aurora.bm.QuerySqlCreator.onCreateQueryStatement
2018-10-15 06:01:24.362 [uncertain.proc] [CONFIG] [action] PopulatequeryStatement
2018-10-15 06:01:24.362 [uncertain.proc] [FINE] aurora.database.features.OrderByClauseCreator.onPopulateQueryStatement
2018-10-15 06:01:24.362 [uncertain.proc] [FINE] aurora.database.features.WhereClauseCreator.onPopulateQueryStatement
2018-10-15 06:01:24.362 [uncertain.proc] [CONFIG] [action] CreatequerySql
2018-10-15 06:01:24.362 [uncertain.proc] [FINE] aurora.bm.QuerySqlCreator.onCreateQuerySql
2018-10-15 06:01:24.362 [uncertain.proc] [CONFIG] [action] ExecuteQuery
2018-10-15 06:01:24.362 [uncertain.proc] [FINE] aurora.bm.QuerySqlCreator.onExecuteQuery
2018-10-15 06:01:24.375 [uncertain.proc] [CONFIG] [action] QueryFinish
2018-10-15 06:01:24.375 [uncertain.proc] [FINE] aurora.database.features.AutoQueryCounter.onQueryFinish
2018-10-15 06:01:24.399 [uncertain.proc] [CONFIG] [action] FetchResultSet
2018-10-15 06:01:24.399 [uncertain.proc] [FINE] aurora.database.features.CacheBasedLookUpField.postFetchResultSet
2018-10-15 06:01:24.400 [aurora.database] [CONFIG] 
============= BEGIN [query] SQL Statement execution dump ============
SELECT fc.mail_server_id,fc.mail_address,fc.mail_protocol,fc.mail_smtp_host,fc.auth_login_flag,fc.mail_port_number,fc.mail_username,fc.mail_password,fc.display_name,fc.reply_to,fc.mail_signature,fc.enabled_flag,fc.default_flag
FROM sys_mail_server fc

ORDER BY mail_smtp_host
---------------------Binding info---------------------
null
=============== END [query] SQL Statement execution dump ============

2018-10-15 06:01:24.400 [uncertain.proc] [CONFIG] [action] CreateSuccessResponse
