2018-09-29 09:34:23.800 [aurora.application.session_check] [CONFIG] Session data copied to context
2018-09-29 09:34:23.800 [aurora.application.session_check] [CONFIG] Access check result for sys_lov.screen => success
2018-09-29 09:34:23.800 [uncertain.proc] [CONFIG] [action] AccessCheck
2018-09-29 09:34:23.808 [uncertain.proc] [CONFIG] [action] InitService
2018-09-29 09:34:23.808 [uncertain.proc] [CONFIG] [action] ParseParameter
2018-09-29 09:34:23.808 [uncertain.proc] [CONFIG] [action] CreateModel
2018-09-29 09:34:23.808 [uncertain.proc] [CONFIG] [action] CreateView
2018-09-29 09:34:23.811 [uncertain.proc] [CONFIG] [action] BuildOutputContent
2018-09-29 09:34:23.811 [aurora.presentation.buildsession] [CONFIG] Start build session
2018-09-29 09:34:23.811 [aurora.presentation.buildsession] [CONFIG] building view: <html-page> -> aurora.presentation.component.HtmlPage@5484496a
2018-09-29 09:34:23.812 [aurora.presentation.buildsession] [CONFIG] building view: <style> -> aurora.presentation.DefaultViewBuilder@59d097e
2018-09-29 09:34:23.812 [aurora.presentation.buildsession] [CONFIG] building view: <div> -> aurora.presentation.DefaultViewBuilder@59d097e
2018-09-29 09:34:23.812 [aurora.presentation.buildsession] [CONFIG] building view: <script> -> aurora.presentation.DefaultViewBuilder@59d097e
2018-09-29 09:34:23.812 [aurora.presentation.buildsession] [CONFIG] building view: <dataSets> -> aurora.application.features.DataSetInit@7da79b6e
2018-09-29 09:34:23.812 [aurora.presentation.buildsession] [CONFIG] building view: <dataSet> -> aurora.presentation.TemplateBasedView@314dc5c8
2018-09-29 09:34:23.814 [aurora.presentation.buildsession] [CONFIG] building view: <dataSet> -> aurora.presentation.TemplateBasedView@314dc5c8
2018-09-29 09:34:23.815 [aurora.presentation.buildsession] [CONFIG] building view: <div> -> aurora.presentation.DefaultViewBuilder@59d097e
2018-09-29 09:34:23.815 [aurora.presentation.buildsession] [CONFIG] building view: <form> -> aurora.presentation.component.std.Form@14dbbf71
2018-09-29 09:34:23.815 [aurora.presentation.buildsession] [CONFIG] building view: <textField> -> aurora.presentation.TemplateBasedView@314dc5c8
2018-09-29 09:34:23.815 [aurora.presentation.buildsession] [CONFIG] building view: <textField> -> aurora.presentation.TemplateBasedView@314dc5c8
2018-09-29 09:34:23.815 [aurora.presentation.buildsession] [CONFIG] building view: <hBox> -> aurora.presentation.component.std.HBox@6aa39264
2018-09-29 09:34:23.815 [aurora.presentation.buildsession] [CONFIG] building view: <button> -> aurora.presentation.TemplateBasedView@314dc5c8
2018-09-29 09:34:23.815 [aurora.presentation.buildsession] [CONFIG] building view: <button> -> aurora.presentation.TemplateBasedView@314dc5c8
2018-09-29 09:34:23.816 [aurora.presentation.buildsession] [CONFIG] building view: <grid> -> aurora.presentation.TemplateBasedView@314dc5c8
2018-09-29 09:34:23.816 [aurora.presentation.buildsession] [CONFIG] building view: <navBar> -> aurora.presentation.TemplateBasedView@314dc5c8
2018-09-29 09:34:23.817 [aurora.presentation.buildsession] [CONFIG] building view: <button> -> aurora.presentation.TemplateBasedView@314dc5c8
2018-09-29 09:34:23.817 [aurora.presentation.buildsession] [CONFIG] building view: <button> -> aurora.presentation.TemplateBasedView@314dc5c8
2018-09-29 09:34:23.817 [aurora.presentation.buildsession] [CONFIG] building view: <separator> -> aurora.presentation.TemplateBasedView@314dc5c8
2018-09-29 09:34:23.817 [aurora.presentation.buildsession] [CONFIG] building view: <div> -> aurora.presentation.DefaultViewBuilder@59d097e
2018-09-29 09:34:23.817 [aurora.presentation.buildsession] [CONFIG] building view: <numberField> -> aurora.presentation.TemplateBasedView@314dc5c8
2018-09-29 09:34:23.818 [aurora.presentation.buildsession] [CONFIG] building view: <div> -> aurora.presentation.DefaultViewBuilder@59d097e
2018-09-29 09:34:23.818 [aurora.presentation.buildsession] [CONFIG] building view: <separator> -> aurora.presentation.TemplateBasedView@314dc5c8
2018-09-29 09:34:23.818 [aurora.presentation.buildsession] [CONFIG] building view: <button> -> aurora.presentation.TemplateBasedView@314dc5c8
2018-09-29 09:34:23.818 [aurora.presentation.buildsession] [CONFIG] building view: <button> -> aurora.presentation.TemplateBasedView@314dc5c8
2018-09-29 09:34:23.818 [aurora.presentation.buildsession] [CONFIG] building view: <button> -> aurora.presentation.TemplateBasedView@314dc5c8
2018-09-29 09:34:23.819 [aurora.presentation.buildsession] [CONFIG] building view: <separator> -> aurora.presentation.TemplateBasedView@314dc5c8
2018-09-29 09:34:23.819 [aurora.presentation.buildsession] [CONFIG] building view: <div> -> aurora.presentation.DefaultViewBuilder@59d097e
2018-09-29 09:34:23.820 [aurora.presentation.buildsession] [CONFIG] building view: <script> -> aurora.presentation.DefaultViewBuilder@59d097e
2018-09-29 09:34:23.820 [aurora.presentation.buildsession] [CONFIG] End build session
