2018-10-22 09:01:19.678 [aurora.application.session_check] [CONFIG] Session data copied to context
2018-10-22 09:01:19.678 [aurora.application.session_check] [CONFIG] Access check result for sys_lov.screen => success
2018-10-22 09:01:19.678 [uncertain.proc] [CONFIG] [action] AccessCheck
2018-10-22 09:01:19.683 [uncertain.proc] [CONFIG] [action] InitService
2018-10-22 09:01:19.683 [uncertain.proc] [CONFIG] [action] ParseParameter
2018-10-22 09:01:19.683 [uncertain.proc] [CONFIG] [action] CreateModel
2018-10-22 09:01:19.683 [uncertain.proc] [CONFIG] [action] CreateView
2018-10-22 09:01:19.685 [uncertain.proc] [CONFIG] [action] BuildOutputContent
2018-10-22 09:01:19.685 [aurora.presentation.buildsession] [CONFIG] Start build session
2018-10-22 09:01:19.685 [aurora.presentation.buildsession] [CONFIG] building view: <html-page> -> aurora.presentation.component.HtmlPage@3d4f2e60
2018-10-22 09:01:19.685 [aurora.presentation.buildsession] [CONFIG] building view: <style> -> aurora.presentation.DefaultViewBuilder@35f5c5a3
2018-10-22 09:01:19.686 [aurora.presentation.buildsession] [CONFIG] building view: <div> -> aurora.presentation.DefaultViewBuilder@35f5c5a3
2018-10-22 09:01:19.686 [aurora.presentation.buildsession] [CONFIG] building view: <script> -> aurora.presentation.DefaultViewBuilder@35f5c5a3
2018-10-22 09:01:19.686 [aurora.presentation.buildsession] [CONFIG] building view: <dataSets> -> aurora.application.features.DataSetInit@7777d136
2018-10-22 09:01:19.686 [aurora.presentation.buildsession] [CONFIG] building view: <dataSet> -> aurora.presentation.TemplateBasedView@3dda489e
2018-10-22 09:01:19.687 [aurora.presentation.buildsession] [CONFIG] building view: <dataSet> -> aurora.presentation.TemplateBasedView@3dda489e
2018-10-22 09:01:19.687 [aurora.presentation.buildsession] [CONFIG] building view: <div> -> aurora.presentation.DefaultViewBuilder@35f5c5a3
2018-10-22 09:01:19.687 [aurora.presentation.buildsession] [CONFIG] building view: <form> -> aurora.presentation.component.std.Form@ddd3c46
2018-10-22 09:01:19.687 [aurora.presentation.buildsession] [CONFIG] building view: <textField> -> aurora.presentation.TemplateBasedView@3dda489e
2018-10-22 09:01:19.688 [aurora.presentation.buildsession] [CONFIG] building view: <hBox> -> aurora.presentation.component.std.HBox@3ff5424c
2018-10-22 09:01:19.688 [aurora.presentation.buildsession] [CONFIG] building view: <button> -> aurora.presentation.TemplateBasedView@3dda489e
2018-10-22 09:01:19.688 [aurora.presentation.buildsession] [CONFIG] building view: <button> -> aurora.presentation.TemplateBasedView@3dda489e
2018-10-22 09:01:19.688 [aurora.presentation.buildsession] [CONFIG] building view: <grid> -> aurora.presentation.TemplateBasedView@3dda489e
2018-10-22 09:01:19.688 [aurora.presentation.buildsession] [CONFIG] building view: <navBar> -> aurora.presentation.TemplateBasedView@3dda489e
2018-10-22 09:01:19.689 [aurora.presentation.buildsession] [CONFIG] building view: <button> -> aurora.presentation.TemplateBasedView@3dda489e
2018-10-22 09:01:19.689 [aurora.presentation.buildsession] [CONFIG] building view: <button> -> aurora.presentation.TemplateBasedView@3dda489e
2018-10-22 09:01:19.689 [aurora.presentation.buildsession] [CONFIG] building view: <separator> -> aurora.presentation.TemplateBasedView@3dda489e
2018-10-22 09:01:19.689 [aurora.presentation.buildsession] [CONFIG] building view: <div> -> aurora.presentation.DefaultViewBuilder@35f5c5a3
2018-10-22 09:01:19.689 [aurora.presentation.buildsession] [CONFIG] building view: <numberField> -> aurora.presentation.TemplateBasedView@3dda489e
2018-10-22 09:01:19.689 [aurora.presentation.buildsession] [CONFIG] building view: <div> -> aurora.presentation.DefaultViewBuilder@35f5c5a3
2018-10-22 09:01:19.690 [aurora.presentation.buildsession] [CONFIG] building view: <separator> -> aurora.presentation.TemplateBasedView@3dda489e
2018-10-22 09:01:19.690 [aurora.presentation.buildsession] [CONFIG] building view: <button> -> aurora.presentation.TemplateBasedView@3dda489e
2018-10-22 09:01:19.690 [aurora.presentation.buildsession] [CONFIG] building view: <button> -> aurora.presentation.TemplateBasedView@3dda489e
2018-10-22 09:01:19.690 [aurora.presentation.buildsession] [CONFIG] building view: <button> -> aurora.presentation.TemplateBasedView@3dda489e
2018-10-22 09:01:19.690 [aurora.presentation.buildsession] [CONFIG] building view: <separator> -> aurora.presentation.TemplateBasedView@3dda489e
2018-10-22 09:01:19.690 [aurora.presentation.buildsession] [CONFIG] building view: <div> -> aurora.presentation.DefaultViewBuilder@35f5c5a3
2018-10-22 09:01:19.691 [aurora.presentation.buildsession] [CONFIG] building view: <script> -> aurora.presentation.DefaultViewBuilder@35f5c5a3
2018-10-22 09:01:19.691 [aurora.presentation.buildsession] [CONFIG] End build session
