2018-09-29 09:32:56.780 [aurora.application.session_check] [CONFIG] Session data copied to context
2018-09-29 09:32:56.780 [aurora.application.session_check] [CONFIG] Access check result for sys_lov.screen => success
2018-09-29 09:32:56.780 [uncertain.proc] [CONFIG] [action] AccessCheck
2018-09-29 09:32:56.832 [uncertain.proc] [CONFIG] [action] InitService
2018-09-29 09:32:56.832 [uncertain.proc] [CONFIG] [action] ParseParameter
2018-09-29 09:32:56.832 [uncertain.proc] [CONFIG] [action] CreateModel
2018-09-29 09:32:56.832 [uncertain.proc] [CONFIG] [action] CreateView
2018-09-29 09:32:56.847 [uncertain.proc] [CONFIG] [action] BuildOutputContent
2018-09-29 09:32:56.847 [aurora.presentation.buildsession] [CONFIG] Start build session
2018-09-29 09:32:56.847 [aurora.presentation.buildsession] [CONFIG] building view: <html-page> -> aurora.presentation.component.HtmlPage@7714412a
2018-09-29 09:32:56.848 [aurora.presentation.buildsession] [CONFIG] building view: <style> -> aurora.presentation.DefaultViewBuilder@59d097e
2018-09-29 09:32:56.848 [aurora.presentation.buildsession] [CONFIG] building view: <div> -> aurora.presentation.DefaultViewBuilder@59d097e
2018-09-29 09:32:56.848 [aurora.presentation.buildsession] [CONFIG] building view: <script> -> aurora.presentation.DefaultViewBuilder@59d097e
2018-09-29 09:32:56.848 [aurora.presentation.buildsession] [CONFIG] building view: <dataSets> -> aurora.application.features.DataSetInit@556309ff
2018-09-29 09:32:56.848 [aurora.presentation.buildsession] [CONFIG] building view: <dataSet> -> aurora.presentation.TemplateBasedView@314dc5c8
2018-09-29 09:32:56.850 [aurora.presentation.buildsession] [CONFIG] building view: <dataSet> -> aurora.presentation.TemplateBasedView@314dc5c8
2018-09-29 09:32:56.851 [aurora.presentation.buildsession] [CONFIG] building view: <div> -> aurora.presentation.DefaultViewBuilder@59d097e
2018-09-29 09:32:56.851 [aurora.presentation.buildsession] [CONFIG] building view: <form> -> aurora.presentation.component.std.Form@6741c9d9
2018-09-29 09:32:56.851 [aurora.presentation.buildsession] [CONFIG] building view: <textField> -> aurora.presentation.TemplateBasedView@314dc5c8
2018-09-29 09:32:56.851 [aurora.presentation.buildsession] [CONFIG] building view: <textField> -> aurora.presentation.TemplateBasedView@314dc5c8
2018-09-29 09:32:56.851 [aurora.presentation.buildsession] [CONFIG] building view: <hBox> -> aurora.presentation.component.std.HBox@13beea4
2018-09-29 09:32:56.852 [aurora.presentation.buildsession] [CONFIG] building view: <button> -> aurora.presentation.TemplateBasedView@314dc5c8
2018-09-29 09:32:56.852 [aurora.presentation.buildsession] [CONFIG] building view: <button> -> aurora.presentation.TemplateBasedView@314dc5c8
2018-09-29 09:32:56.852 [aurora.presentation.buildsession] [CONFIG] building view: <grid> -> aurora.presentation.TemplateBasedView@314dc5c8
2018-09-29 09:32:56.852 [aurora.presentation.buildsession] [CONFIG] building view: <navBar> -> aurora.presentation.TemplateBasedView@314dc5c8
2018-09-29 09:32:56.853 [aurora.presentation.buildsession] [CONFIG] building view: <button> -> aurora.presentation.TemplateBasedView@314dc5c8
2018-09-29 09:32:56.854 [aurora.presentation.buildsession] [CONFIG] building view: <button> -> aurora.presentation.TemplateBasedView@314dc5c8
2018-09-29 09:32:56.854 [aurora.presentation.buildsession] [CONFIG] building view: <separator> -> aurora.presentation.TemplateBasedView@314dc5c8
2018-09-29 09:32:56.854 [aurora.presentation.buildsession] [CONFIG] building view: <div> -> aurora.presentation.DefaultViewBuilder@59d097e
2018-09-29 09:32:56.854 [aurora.presentation.buildsession] [CONFIG] building view: <numberField> -> aurora.presentation.TemplateBasedView@314dc5c8
2018-09-29 09:32:56.854 [aurora.presentation.buildsession] [CONFIG] building view: <div> -> aurora.presentation.DefaultViewBuilder@59d097e
2018-09-29 09:32:56.854 [aurora.presentation.buildsession] [CONFIG] building view: <separator> -> aurora.presentation.TemplateBasedView@314dc5c8
2018-09-29 09:32:56.854 [aurora.presentation.buildsession] [CONFIG] building view: <button> -> aurora.presentation.TemplateBasedView@314dc5c8
2018-09-29 09:32:56.854 [aurora.presentation.buildsession] [CONFIG] building view: <button> -> aurora.presentation.TemplateBasedView@314dc5c8
2018-09-29 09:32:56.854 [aurora.presentation.buildsession] [CONFIG] building view: <button> -> aurora.presentation.TemplateBasedView@314dc5c8
2018-09-29 09:32:56.854 [aurora.presentation.buildsession] [CONFIG] building view: <separator> -> aurora.presentation.TemplateBasedView@314dc5c8
2018-09-29 09:32:56.855 [aurora.presentation.buildsession] [CONFIG] building view: <div> -> aurora.presentation.DefaultViewBuilder@59d097e
2018-09-29 09:32:56.855 [aurora.presentation.buildsession] [CONFIG] building view: <script> -> aurora.presentation.DefaultViewBuilder@59d097e
2018-09-29 09:32:56.855 [aurora.presentation.buildsession] [CONFIG] End build session
