2018-09-29 08:40:16.485 [aurora.application.session_check] [CONFIG] Session data copied to context
2018-09-29 08:40:16.485 [aurora.application.session_check] [CONFIG] Access check result for sys_lov.screen => success
2018-09-29 08:40:16.485 [uncertain.proc] [CONFIG] [action] AccessCheck
2018-09-29 08:40:16.501 [uncertain.proc] [CONFIG] [action] InitService
2018-09-29 08:40:16.501 [uncertain.proc] [CONFIG] [action] ParseParameter
2018-09-29 08:40:16.501 [uncertain.proc] [CONFIG] [action] CreateModel
2018-09-29 08:40:16.501 [uncertain.proc] [CONFIG] [action] CreateView
2018-09-29 08:40:16.510 [uncertain.proc] [CONFIG] [action] BuildOutputContent
2018-09-29 08:40:16.510 [aurora.presentation.buildsession] [CONFIG] Start build session
2018-09-29 08:40:16.510 [aurora.presentation.buildsession] [CONFIG] building view: <html-page> -> aurora.presentation.component.HtmlPage@326f6416
2018-09-29 08:40:16.511 [aurora.presentation.buildsession] [CONFIG] building view: <style> -> aurora.presentation.DefaultViewBuilder@59d097e
2018-09-29 08:40:16.511 [aurora.presentation.buildsession] [CONFIG] building view: <div> -> aurora.presentation.DefaultViewBuilder@59d097e
2018-09-29 08:40:16.511 [aurora.presentation.buildsession] [CONFIG] building view: <script> -> aurora.presentation.DefaultViewBuilder@59d097e
2018-09-29 08:40:16.512 [aurora.presentation.buildsession] [CONFIG] building view: <dataSets> -> aurora.application.features.DataSetInit@2f83d5da
2018-09-29 08:40:16.512 [aurora.presentation.buildsession] [CONFIG] building view: <dataSet> -> aurora.presentation.TemplateBasedView@314dc5c8
2018-09-29 08:40:16.514 [aurora.presentation.buildsession] [CONFIG] building view: <dataSet> -> aurora.presentation.TemplateBasedView@314dc5c8
2018-09-29 08:40:16.516 [aurora.presentation.buildsession] [CONFIG] building view: <div> -> aurora.presentation.DefaultViewBuilder@59d097e
2018-09-29 08:40:16.516 [aurora.presentation.buildsession] [CONFIG] building view: <form> -> aurora.presentation.component.std.Form@30793650
2018-09-29 08:40:16.516 [aurora.presentation.buildsession] [CONFIG] building view: <textField> -> aurora.presentation.TemplateBasedView@314dc5c8
2018-09-29 08:40:16.516 [aurora.presentation.buildsession] [CONFIG] building view: <textField> -> aurora.presentation.TemplateBasedView@314dc5c8
2018-09-29 08:40:16.517 [aurora.presentation.buildsession] [CONFIG] building view: <hBox> -> aurora.presentation.component.std.HBox@28e8ef34
2018-09-29 08:40:16.517 [aurora.presentation.buildsession] [CONFIG] building view: <button> -> aurora.presentation.TemplateBasedView@314dc5c8
2018-09-29 08:40:16.517 [aurora.presentation.buildsession] [CONFIG] building view: <button> -> aurora.presentation.TemplateBasedView@314dc5c8
2018-09-29 08:40:16.517 [aurora.presentation.buildsession] [CONFIG] building view: <grid> -> aurora.presentation.TemplateBasedView@314dc5c8
2018-09-29 08:40:16.518 [aurora.presentation.buildsession] [CONFIG] building view: <navBar> -> aurora.presentation.TemplateBasedView@314dc5c8
2018-09-29 08:40:16.519 [aurora.presentation.buildsession] [CONFIG] building view: <button> -> aurora.presentation.TemplateBasedView@314dc5c8
2018-09-29 08:40:16.520 [aurora.presentation.buildsession] [CONFIG] building view: <button> -> aurora.presentation.TemplateBasedView@314dc5c8
2018-09-29 08:40:16.520 [aurora.presentation.buildsession] [CONFIG] building view: <separator> -> aurora.presentation.TemplateBasedView@314dc5c8
2018-09-29 08:40:16.520 [aurora.presentation.buildsession] [CONFIG] building view: <div> -> aurora.presentation.DefaultViewBuilder@59d097e
2018-09-29 08:40:16.520 [aurora.presentation.buildsession] [CONFIG] building view: <numberField> -> aurora.presentation.TemplateBasedView@314dc5c8
2018-09-29 08:40:16.520 [aurora.presentation.buildsession] [CONFIG] building view: <div> -> aurora.presentation.DefaultViewBuilder@59d097e
2018-09-29 08:40:16.520 [aurora.presentation.buildsession] [CONFIG] building view: <separator> -> aurora.presentation.TemplateBasedView@314dc5c8
2018-09-29 08:40:16.521 [aurora.presentation.buildsession] [CONFIG] building view: <button> -> aurora.presentation.TemplateBasedView@314dc5c8
2018-09-29 08:40:16.521 [aurora.presentation.buildsession] [CONFIG] building view: <button> -> aurora.presentation.TemplateBasedView@314dc5c8
2018-09-29 08:40:16.521 [aurora.presentation.buildsession] [CONFIG] building view: <button> -> aurora.presentation.TemplateBasedView@314dc5c8
2018-09-29 08:40:16.521 [aurora.presentation.buildsession] [CONFIG] building view: <separator> -> aurora.presentation.TemplateBasedView@314dc5c8
2018-09-29 08:40:16.522 [aurora.presentation.buildsession] [CONFIG] building view: <div> -> aurora.presentation.DefaultViewBuilder@59d097e
2018-09-29 08:40:16.523 [aurora.presentation.buildsession] [CONFIG] building view: <script> -> aurora.presentation.DefaultViewBuilder@59d097e
2018-09-29 08:40:16.523 [aurora.presentation.buildsession] [CONFIG] End build session
