2018-10-12 09:46:44.730 [aurora.application.session_check] [CONFIG] Session data copied to context
2018-10-12 09:46:44.730 [aurora.application.session_check] [CONFIG] Access check result for sys_lov.screen => success
2018-10-12 09:46:44.730 [uncertain.proc] [CONFIG] [action] AccessCheck
2018-10-12 09:46:44.735 [uncertain.proc] [CONFIG] [action] InitService
2018-10-12 09:46:44.735 [uncertain.proc] [CONFIG] [action] ParseParameter
2018-10-12 09:46:44.735 [uncertain.proc] [CONFIG] [action] CreateModel
2018-10-12 09:46:44.735 [uncertain.proc] [CONFIG] [action] CreateView
2018-10-12 09:46:44.737 [uncertain.proc] [CONFIG] [action] BuildOutputContent
2018-10-12 09:46:44.737 [aurora.presentation.buildsession] [CONFIG] Start build session
2018-10-12 09:46:44.738 [aurora.presentation.buildsession] [CONFIG] building view: <html-page> -> aurora.presentation.component.HtmlPage@5023fd8e
2018-10-12 09:46:44.738 [aurora.presentation.buildsession] [CONFIG] building view: <style> -> aurora.presentation.DefaultViewBuilder@35f5c5a3
2018-10-12 09:46:44.738 [aurora.presentation.buildsession] [CONFIG] building view: <div> -> aurora.presentation.DefaultViewBuilder@35f5c5a3
2018-10-12 09:46:44.738 [aurora.presentation.buildsession] [CONFIG] building view: <script> -> aurora.presentation.DefaultViewBuilder@35f5c5a3
2018-10-12 09:46:44.738 [aurora.presentation.buildsession] [CONFIG] building view: <dataSets> -> aurora.application.features.DataSetInit@6fd46798
2018-10-12 09:46:44.738 [aurora.presentation.buildsession] [CONFIG] building view: <dataSet> -> aurora.presentation.TemplateBasedView@3dda489e
2018-10-12 09:46:44.739 [aurora.presentation.buildsession] [CONFIG] building view: <dataSet> -> aurora.presentation.TemplateBasedView@3dda489e
2018-10-12 09:46:44.740 [aurora.presentation.buildsession] [CONFIG] building view: <div> -> aurora.presentation.DefaultViewBuilder@35f5c5a3
2018-10-12 09:46:44.740 [aurora.presentation.buildsession] [CONFIG] building view: <form> -> aurora.presentation.component.std.Form@3ea59e3b
2018-10-12 09:46:44.740 [aurora.presentation.buildsession] [CONFIG] building view: <textField> -> aurora.presentation.TemplateBasedView@3dda489e
2018-10-12 09:46:44.740 [aurora.presentation.buildsession] [CONFIG] building view: <textField> -> aurora.presentation.TemplateBasedView@3dda489e
2018-10-12 09:46:44.740 [aurora.presentation.buildsession] [CONFIG] building view: <hBox> -> aurora.presentation.component.std.HBox@71a5cbec
2018-10-12 09:46:44.741 [aurora.presentation.buildsession] [CONFIG] building view: <button> -> aurora.presentation.TemplateBasedView@3dda489e
2018-10-12 09:46:44.741 [aurora.presentation.buildsession] [CONFIG] building view: <button> -> aurora.presentation.TemplateBasedView@3dda489e
2018-10-12 09:46:44.741 [aurora.presentation.buildsession] [CONFIG] building view: <grid> -> aurora.presentation.TemplateBasedView@3dda489e
2018-10-12 09:46:44.741 [aurora.presentation.buildsession] [CONFIG] building view: <navBar> -> aurora.presentation.TemplateBasedView@3dda489e
2018-10-12 09:46:44.742 [aurora.presentation.buildsession] [CONFIG] building view: <button> -> aurora.presentation.TemplateBasedView@3dda489e
2018-10-12 09:46:44.742 [aurora.presentation.buildsession] [CONFIG] building view: <button> -> aurora.presentation.TemplateBasedView@3dda489e
2018-10-12 09:46:44.742 [aurora.presentation.buildsession] [CONFIG] building view: <separator> -> aurora.presentation.TemplateBasedView@3dda489e
2018-10-12 09:46:44.742 [aurora.presentation.buildsession] [CONFIG] building view: <div> -> aurora.presentation.DefaultViewBuilder@35f5c5a3
2018-10-12 09:46:44.742 [aurora.presentation.buildsession] [CONFIG] building view: <numberField> -> aurora.presentation.TemplateBasedView@3dda489e
2018-10-12 09:46:44.742 [aurora.presentation.buildsession] [CONFIG] building view: <div> -> aurora.presentation.DefaultViewBuilder@35f5c5a3
2018-10-12 09:46:44.742 [aurora.presentation.buildsession] [CONFIG] building view: <separator> -> aurora.presentation.TemplateBasedView@3dda489e
2018-10-12 09:46:44.742 [aurora.presentation.buildsession] [CONFIG] building view: <button> -> aurora.presentation.TemplateBasedView@3dda489e
2018-10-12 09:46:44.742 [aurora.presentation.buildsession] [CONFIG] building view: <button> -> aurora.presentation.TemplateBasedView@3dda489e
2018-10-12 09:46:44.743 [aurora.presentation.buildsession] [CONFIG] building view: <button> -> aurora.presentation.TemplateBasedView@3dda489e
2018-10-12 09:46:44.743 [aurora.presentation.buildsession] [CONFIG] building view: <separator> -> aurora.presentation.TemplateBasedView@3dda489e
2018-10-12 09:46:44.743 [aurora.presentation.buildsession] [CONFIG] building view: <div> -> aurora.presentation.DefaultViewBuilder@35f5c5a3
2018-10-12 09:46:44.743 [aurora.presentation.buildsession] [CONFIG] building view: <script> -> aurora.presentation.DefaultViewBuilder@35f5c5a3
2018-10-12 09:46:44.743 [aurora.presentation.buildsession] [CONFIG] End build session
