2018-10-15 01:51:39.515 [aurora.application.session_check] [CONFIG] Session data copied to context
2018-10-15 01:51:39.515 [aurora.application.session_check] [CONFIG] Access check result for sys_lov.screen => success
2018-10-15 01:51:39.515 [uncertain.proc] [CONFIG] [action] AccessCheck
2018-10-15 01:51:39.519 [uncertain.proc] [CONFIG] [action] InitService
2018-10-15 01:51:39.519 [uncertain.proc] [CONFIG] [action] ParseParameter
2018-10-15 01:51:39.519 [uncertain.proc] [CONFIG] [action] CreateModel
2018-10-15 01:51:39.519 [uncertain.proc] [CONFIG] [action] CreateView
2018-10-15 01:51:39.521 [uncertain.proc] [CONFIG] [action] BuildOutputContent
2018-10-15 01:51:39.521 [aurora.presentation.buildsession] [CONFIG] Start build session
2018-10-15 01:51:39.521 [aurora.presentation.buildsession] [CONFIG] building view: <html-page> -> aurora.presentation.component.HtmlPage@b7707c7
2018-10-15 01:51:39.521 [aurora.presentation.buildsession] [CONFIG] building view: <style> -> aurora.presentation.DefaultViewBuilder@35f5c5a3
2018-10-15 01:51:39.521 [aurora.presentation.buildsession] [CONFIG] building view: <div> -> aurora.presentation.DefaultViewBuilder@35f5c5a3
2018-10-15 01:51:39.522 [aurora.presentation.buildsession] [CONFIG] building view: <script> -> aurora.presentation.DefaultViewBuilder@35f5c5a3
2018-10-15 01:51:39.522 [aurora.presentation.buildsession] [CONFIG] building view: <dataSets> -> aurora.application.features.DataSetInit@12fd1dea
2018-10-15 01:51:39.522 [aurora.presentation.buildsession] [CONFIG] building view: <dataSet> -> aurora.presentation.TemplateBasedView@3dda489e
2018-10-15 01:51:39.522 [aurora.presentation.buildsession] [CONFIG] building view: <dataSet> -> aurora.presentation.TemplateBasedView@3dda489e
2018-10-15 01:51:39.523 [aurora.presentation.buildsession] [CONFIG] building view: <div> -> aurora.presentation.DefaultViewBuilder@35f5c5a3
2018-10-15 01:51:39.524 [aurora.presentation.buildsession] [CONFIG] building view: <form> -> aurora.presentation.component.std.Form@7f092eb8
2018-10-15 01:51:39.524 [aurora.presentation.buildsession] [CONFIG] building view: <textField> -> aurora.presentation.TemplateBasedView@3dda489e
2018-10-15 01:51:39.524 [aurora.presentation.buildsession] [CONFIG] building view: <textField> -> aurora.presentation.TemplateBasedView@3dda489e
2018-10-15 01:51:39.524 [aurora.presentation.buildsession] [CONFIG] building view: <hBox> -> aurora.presentation.component.std.HBox@239ba7b8
2018-10-15 01:51:39.524 [aurora.presentation.buildsession] [CONFIG] building view: <button> -> aurora.presentation.TemplateBasedView@3dda489e
2018-10-15 01:51:39.524 [aurora.presentation.buildsession] [CONFIG] building view: <button> -> aurora.presentation.TemplateBasedView@3dda489e
2018-10-15 01:51:39.525 [aurora.presentation.buildsession] [CONFIG] building view: <grid> -> aurora.presentation.TemplateBasedView@3dda489e
2018-10-15 01:51:39.525 [aurora.presentation.buildsession] [CONFIG] building view: <navBar> -> aurora.presentation.TemplateBasedView@3dda489e
2018-10-15 01:51:39.526 [aurora.presentation.buildsession] [CONFIG] building view: <button> -> aurora.presentation.TemplateBasedView@3dda489e
2018-10-15 01:51:39.526 [aurora.presentation.buildsession] [CONFIG] building view: <button> -> aurora.presentation.TemplateBasedView@3dda489e
2018-10-15 01:51:39.526 [aurora.presentation.buildsession] [CONFIG] building view: <separator> -> aurora.presentation.TemplateBasedView@3dda489e
2018-10-15 01:51:39.526 [aurora.presentation.buildsession] [CONFIG] building view: <div> -> aurora.presentation.DefaultViewBuilder@35f5c5a3
2018-10-15 01:51:39.526 [aurora.presentation.buildsession] [CONFIG] building view: <numberField> -> aurora.presentation.TemplateBasedView@3dda489e
2018-10-15 01:51:39.526 [aurora.presentation.buildsession] [CONFIG] building view: <div> -> aurora.presentation.DefaultViewBuilder@35f5c5a3
2018-10-15 01:51:39.526 [aurora.presentation.buildsession] [CONFIG] building view: <separator> -> aurora.presentation.TemplateBasedView@3dda489e
2018-10-15 01:51:39.526 [aurora.presentation.buildsession] [CONFIG] building view: <button> -> aurora.presentation.TemplateBasedView@3dda489e
2018-10-15 01:51:39.527 [aurora.presentation.buildsession] [CONFIG] building view: <button> -> aurora.presentation.TemplateBasedView@3dda489e
2018-10-15 01:51:39.527 [aurora.presentation.buildsession] [CONFIG] building view: <button> -> aurora.presentation.TemplateBasedView@3dda489e
2018-10-15 01:51:39.527 [aurora.presentation.buildsession] [CONFIG] building view: <separator> -> aurora.presentation.TemplateBasedView@3dda489e
2018-10-15 01:51:39.527 [aurora.presentation.buildsession] [CONFIG] building view: <div> -> aurora.presentation.DefaultViewBuilder@35f5c5a3
2018-10-15 01:51:39.528 [aurora.presentation.buildsession] [CONFIG] building view: <script> -> aurora.presentation.DefaultViewBuilder@35f5c5a3
2018-10-15 01:51:39.528 [aurora.presentation.buildsession] [CONFIG] End build session
