2018-09-30 03:28:17.600 [aurora.application.session_check] [CONFIG] Session data copied to context
2018-09-30 03:28:17.600 [aurora.application.session_check] [CONFIG] Access check result for sys_lov.screen => success
2018-09-30 03:28:17.600 [uncertain.proc] [CONFIG] [action] AccessCheck
2018-09-30 03:28:17.604 [uncertain.proc] [CONFIG] [action] InitService
2018-09-30 03:28:17.604 [uncertain.proc] [CONFIG] [action] ParseParameter
2018-09-30 03:28:17.604 [uncertain.proc] [CONFIG] [action] CreateModel
2018-09-30 03:28:17.604 [uncertain.proc] [CONFIG] [action] CreateView
2018-09-30 03:28:17.606 [uncertain.proc] [CONFIG] [action] BuildOutputContent
2018-09-30 03:28:17.606 [aurora.presentation.buildsession] [CONFIG] Start build session
2018-09-30 03:28:17.606 [aurora.presentation.buildsession] [CONFIG] building view: <html-page> -> aurora.presentation.component.HtmlPage@5e8e4429
2018-09-30 03:28:17.606 [aurora.presentation.buildsession] [CONFIG] building view: <style> -> aurora.presentation.DefaultViewBuilder@59d097e
2018-09-30 03:28:17.607 [aurora.presentation.buildsession] [CONFIG] building view: <div> -> aurora.presentation.DefaultViewBuilder@59d097e
2018-09-30 03:28:17.607 [aurora.presentation.buildsession] [CONFIG] building view: <script> -> aurora.presentation.DefaultViewBuilder@59d097e
2018-09-30 03:28:17.607 [aurora.presentation.buildsession] [CONFIG] building view: <dataSets> -> aurora.application.features.DataSetInit@79cc4ac3
2018-09-30 03:28:17.607 [aurora.presentation.buildsession] [CONFIG] building view: <dataSet> -> aurora.presentation.TemplateBasedView@314dc5c8
2018-09-30 03:28:17.608 [aurora.presentation.buildsession] [CONFIG] building view: <dataSet> -> aurora.presentation.TemplateBasedView@314dc5c8
2018-09-30 03:28:17.608 [aurora.presentation.buildsession] [CONFIG] building view: <div> -> aurora.presentation.DefaultViewBuilder@59d097e
2018-09-30 03:28:17.609 [aurora.presentation.buildsession] [CONFIG] building view: <form> -> aurora.presentation.component.std.Form@6b92d1e1
2018-09-30 03:28:17.609 [aurora.presentation.buildsession] [CONFIG] building view: <textField> -> aurora.presentation.TemplateBasedView@314dc5c8
2018-09-30 03:28:17.609 [aurora.presentation.buildsession] [CONFIG] building view: <textField> -> aurora.presentation.TemplateBasedView@314dc5c8
2018-09-30 03:28:17.609 [aurora.presentation.buildsession] [CONFIG] building view: <hBox> -> aurora.presentation.component.std.HBox@33ab77fe
2018-09-30 03:28:17.609 [aurora.presentation.buildsession] [CONFIG] building view: <button> -> aurora.presentation.TemplateBasedView@314dc5c8
2018-09-30 03:28:17.609 [aurora.presentation.buildsession] [CONFIG] building view: <button> -> aurora.presentation.TemplateBasedView@314dc5c8
2018-09-30 03:28:17.609 [aurora.presentation.buildsession] [CONFIG] building view: <grid> -> aurora.presentation.TemplateBasedView@314dc5c8
2018-09-30 03:28:17.609 [aurora.presentation.buildsession] [CONFIG] building view: <navBar> -> aurora.presentation.TemplateBasedView@314dc5c8
2018-09-30 03:28:17.610 [aurora.presentation.buildsession] [CONFIG] building view: <button> -> aurora.presentation.TemplateBasedView@314dc5c8
2018-09-30 03:28:17.610 [aurora.presentation.buildsession] [CONFIG] building view: <button> -> aurora.presentation.TemplateBasedView@314dc5c8
2018-09-30 03:28:17.611 [aurora.presentation.buildsession] [CONFIG] building view: <separator> -> aurora.presentation.TemplateBasedView@314dc5c8
2018-09-30 03:28:17.611 [aurora.presentation.buildsession] [CONFIG] building view: <div> -> aurora.presentation.DefaultViewBuilder@59d097e
2018-09-30 03:28:17.611 [aurora.presentation.buildsession] [CONFIG] building view: <numberField> -> aurora.presentation.TemplateBasedView@314dc5c8
2018-09-30 03:28:17.611 [aurora.presentation.buildsession] [CONFIG] building view: <div> -> aurora.presentation.DefaultViewBuilder@59d097e
2018-09-30 03:28:17.611 [aurora.presentation.buildsession] [CONFIG] building view: <separator> -> aurora.presentation.TemplateBasedView@314dc5c8
2018-09-30 03:28:17.611 [aurora.presentation.buildsession] [CONFIG] building view: <button> -> aurora.presentation.TemplateBasedView@314dc5c8
2018-09-30 03:28:17.611 [aurora.presentation.buildsession] [CONFIG] building view: <button> -> aurora.presentation.TemplateBasedView@314dc5c8
2018-09-30 03:28:17.612 [aurora.presentation.buildsession] [CONFIG] building view: <button> -> aurora.presentation.TemplateBasedView@314dc5c8
2018-09-30 03:28:17.612 [aurora.presentation.buildsession] [CONFIG] building view: <separator> -> aurora.presentation.TemplateBasedView@314dc5c8
2018-09-30 03:28:17.612 [aurora.presentation.buildsession] [CONFIG] building view: <div> -> aurora.presentation.DefaultViewBuilder@59d097e
2018-09-30 03:28:17.613 [aurora.presentation.buildsession] [CONFIG] building view: <script> -> aurora.presentation.DefaultViewBuilder@59d097e
2018-09-30 03:28:17.613 [aurora.presentation.buildsession] [CONFIG] End build session
