2018-10-15 10:00:12.373 [aurora.application.session_check] [CONFIG] Session data copied to context
2018-10-15 10:00:12.373 [aurora.application.session_check] [CONFIG] Access check result for sys_lov.screen => success
2018-10-15 10:00:12.373 [uncertain.proc] [CONFIG] [action] AccessCheck
2018-10-15 10:00:12.379 [uncertain.proc] [CONFIG] [action] InitService
2018-10-15 10:00:12.379 [uncertain.proc] [CONFIG] [action] ParseParameter
2018-10-15 10:00:12.379 [uncertain.proc] [CONFIG] [action] CreateModel
2018-10-15 10:00:12.379 [uncertain.proc] [CONFIG] [action] CreateView
2018-10-15 10:00:12.384 [uncertain.proc] [CONFIG] [action] BuildOutputContent
2018-10-15 10:00:12.385 [aurora.presentation.buildsession] [CONFIG] Start build session
2018-10-15 10:00:12.385 [aurora.presentation.buildsession] [CONFIG] building view: <html-page> -> aurora.presentation.component.HtmlPage@699d5530
2018-10-15 10:00:12.386 [aurora.presentation.buildsession] [CONFIG] building view: <style> -> aurora.presentation.DefaultViewBuilder@35f5c5a3
2018-10-15 10:00:12.386 [aurora.presentation.buildsession] [CONFIG] building view: <div> -> aurora.presentation.DefaultViewBuilder@35f5c5a3
2018-10-15 10:00:12.386 [aurora.presentation.buildsession] [CONFIG] building view: <script> -> aurora.presentation.DefaultViewBuilder@35f5c5a3
2018-10-15 10:00:12.386 [aurora.presentation.buildsession] [CONFIG] building view: <dataSets> -> aurora.application.features.DataSetInit@4597f9d8
2018-10-15 10:00:12.386 [aurora.presentation.buildsession] [CONFIG] building view: <dataSet> -> aurora.presentation.TemplateBasedView@3dda489e
2018-10-15 10:00:12.387 [aurora.presentation.buildsession] [CONFIG] building view: <dataSet> -> aurora.presentation.TemplateBasedView@3dda489e
2018-10-15 10:00:12.388 [aurora.presentation.buildsession] [CONFIG] building view: <div> -> aurora.presentation.DefaultViewBuilder@35f5c5a3
2018-10-15 10:00:12.388 [aurora.presentation.buildsession] [CONFIG] building view: <form> -> aurora.presentation.component.std.Form@9ab3dde
2018-10-15 10:00:12.388 [aurora.presentation.buildsession] [CONFIG] building view: <textField> -> aurora.presentation.TemplateBasedView@3dda489e
2018-10-15 10:00:12.388 [aurora.presentation.buildsession] [CONFIG] building view: <textField> -> aurora.presentation.TemplateBasedView@3dda489e
2018-10-15 10:00:12.388 [aurora.presentation.buildsession] [CONFIG] building view: <hBox> -> aurora.presentation.component.std.HBox@6e86f489
2018-10-15 10:00:12.388 [aurora.presentation.buildsession] [CONFIG] building view: <button> -> aurora.presentation.TemplateBasedView@3dda489e
2018-10-15 10:00:12.389 [aurora.presentation.buildsession] [CONFIG] building view: <button> -> aurora.presentation.TemplateBasedView@3dda489e
2018-10-15 10:00:12.389 [aurora.presentation.buildsession] [CONFIG] building view: <grid> -> aurora.presentation.TemplateBasedView@3dda489e
2018-10-15 10:00:12.389 [aurora.presentation.buildsession] [CONFIG] building view: <navBar> -> aurora.presentation.TemplateBasedView@3dda489e
2018-10-15 10:00:12.390 [aurora.presentation.buildsession] [CONFIG] building view: <button> -> aurora.presentation.TemplateBasedView@3dda489e
2018-10-15 10:00:12.391 [aurora.presentation.buildsession] [CONFIG] building view: <button> -> aurora.presentation.TemplateBasedView@3dda489e
2018-10-15 10:00:12.391 [aurora.presentation.buildsession] [CONFIG] building view: <separator> -> aurora.presentation.TemplateBasedView@3dda489e
2018-10-15 10:00:12.391 [aurora.presentation.buildsession] [CONFIG] building view: <div> -> aurora.presentation.DefaultViewBuilder@35f5c5a3
2018-10-15 10:00:12.391 [aurora.presentation.buildsession] [CONFIG] building view: <numberField> -> aurora.presentation.TemplateBasedView@3dda489e
2018-10-15 10:00:12.391 [aurora.presentation.buildsession] [CONFIG] building view: <div> -> aurora.presentation.DefaultViewBuilder@35f5c5a3
2018-10-15 10:00:12.391 [aurora.presentation.buildsession] [CONFIG] building view: <separator> -> aurora.presentation.TemplateBasedView@3dda489e
2018-10-15 10:00:12.392 [aurora.presentation.buildsession] [CONFIG] building view: <button> -> aurora.presentation.TemplateBasedView@3dda489e
2018-10-15 10:00:12.393 [aurora.presentation.buildsession] [CONFIG] building view: <button> -> aurora.presentation.TemplateBasedView@3dda489e
2018-10-15 10:00:12.393 [aurora.presentation.buildsession] [CONFIG] building view: <button> -> aurora.presentation.TemplateBasedView@3dda489e
2018-10-15 10:00:12.393 [aurora.presentation.buildsession] [CONFIG] building view: <separator> -> aurora.presentation.TemplateBasedView@3dda489e
2018-10-15 10:00:12.393 [aurora.presentation.buildsession] [CONFIG] building view: <div> -> aurora.presentation.DefaultViewBuilder@35f5c5a3
2018-10-15 10:00:12.394 [aurora.presentation.buildsession] [CONFIG] building view: <script> -> aurora.presentation.DefaultViewBuilder@35f5c5a3
2018-10-15 10:00:12.394 [aurora.presentation.buildsession] [CONFIG] End build session
