2018-10-17 09:36:34.201 [aurora.application.session_check] [CONFIG] Session data copied to context
2018-10-17 09:36:34.201 [aurora.application.session_check] [CONFIG] Access check result for sys_lov.screen => success
2018-10-17 09:36:34.201 [uncertain.proc] [CONFIG] [action] AccessCheck
2018-10-17 09:36:34.205 [uncertain.proc] [CONFIG] [action] InitService
2018-10-17 09:36:34.205 [uncertain.proc] [CONFIG] [action] ParseParameter
2018-10-17 09:36:34.205 [uncertain.proc] [CONFIG] [action] CreateModel
2018-10-17 09:36:34.205 [uncertain.proc] [CONFIG] [action] CreateView
2018-10-17 09:36:34.207 [uncertain.proc] [CONFIG] [action] BuildOutputContent
2018-10-17 09:36:34.207 [aurora.presentation.buildsession] [CONFIG] Start build session
2018-10-17 09:36:34.207 [aurora.presentation.buildsession] [CONFIG] building view: <html-page> -> aurora.presentation.component.HtmlPage@249ca048
2018-10-17 09:36:34.208 [aurora.presentation.buildsession] [CONFIG] building view: <style> -> aurora.presentation.DefaultViewBuilder@35f5c5a3
2018-10-17 09:36:34.208 [aurora.presentation.buildsession] [CONFIG] building view: <div> -> aurora.presentation.DefaultViewBuilder@35f5c5a3
2018-10-17 09:36:34.208 [aurora.presentation.buildsession] [CONFIG] building view: <script> -> aurora.presentation.DefaultViewBuilder@35f5c5a3
2018-10-17 09:36:34.208 [aurora.presentation.buildsession] [CONFIG] building view: <dataSets> -> aurora.application.features.DataSetInit@1fe65285
2018-10-17 09:36:34.208 [aurora.presentation.buildsession] [CONFIG] building view: <dataSet> -> aurora.presentation.TemplateBasedView@3dda489e
2018-10-17 09:36:34.209 [aurora.presentation.buildsession] [CONFIG] building view: <dataSet> -> aurora.presentation.TemplateBasedView@3dda489e
2018-10-17 09:36:34.210 [aurora.presentation.buildsession] [CONFIG] building view: <div> -> aurora.presentation.DefaultViewBuilder@35f5c5a3
2018-10-17 09:36:34.210 [aurora.presentation.buildsession] [CONFIG] building view: <form> -> aurora.presentation.component.std.Form@1a671c84
2018-10-17 09:36:34.210 [aurora.presentation.buildsession] [CONFIG] building view: <textField> -> aurora.presentation.TemplateBasedView@3dda489e
2018-10-17 09:36:34.210 [aurora.presentation.buildsession] [CONFIG] building view: <textField> -> aurora.presentation.TemplateBasedView@3dda489e
2018-10-17 09:36:34.211 [aurora.presentation.buildsession] [CONFIG] building view: <hBox> -> aurora.presentation.component.std.HBox@7c9fb549
2018-10-17 09:36:34.211 [aurora.presentation.buildsession] [CONFIG] building view: <button> -> aurora.presentation.TemplateBasedView@3dda489e
2018-10-17 09:36:34.211 [aurora.presentation.buildsession] [CONFIG] building view: <button> -> aurora.presentation.TemplateBasedView@3dda489e
2018-10-17 09:36:34.211 [aurora.presentation.buildsession] [CONFIG] building view: <grid> -> aurora.presentation.TemplateBasedView@3dda489e
2018-10-17 09:36:34.211 [aurora.presentation.buildsession] [CONFIG] building view: <navBar> -> aurora.presentation.TemplateBasedView@3dda489e
2018-10-17 09:36:34.212 [aurora.presentation.buildsession] [CONFIG] building view: <button> -> aurora.presentation.TemplateBasedView@3dda489e
2018-10-17 09:36:34.213 [aurora.presentation.buildsession] [CONFIG] building view: <button> -> aurora.presentation.TemplateBasedView@3dda489e
2018-10-17 09:36:34.213 [aurora.presentation.buildsession] [CONFIG] building view: <separator> -> aurora.presentation.TemplateBasedView@3dda489e
2018-10-17 09:36:34.213 [aurora.presentation.buildsession] [CONFIG] building view: <div> -> aurora.presentation.DefaultViewBuilder@35f5c5a3
2018-10-17 09:36:34.213 [aurora.presentation.buildsession] [CONFIG] building view: <numberField> -> aurora.presentation.TemplateBasedView@3dda489e
2018-10-17 09:36:34.213 [aurora.presentation.buildsession] [CONFIG] building view: <div> -> aurora.presentation.DefaultViewBuilder@35f5c5a3
2018-10-17 09:36:34.213 [aurora.presentation.buildsession] [CONFIG] building view: <separator> -> aurora.presentation.TemplateBasedView@3dda489e
2018-10-17 09:36:34.213 [aurora.presentation.buildsession] [CONFIG] building view: <button> -> aurora.presentation.TemplateBasedView@3dda489e
2018-10-17 09:36:34.214 [aurora.presentation.buildsession] [CONFIG] building view: <button> -> aurora.presentation.TemplateBasedView@3dda489e
2018-10-17 09:36:34.214 [aurora.presentation.buildsession] [CONFIG] building view: <button> -> aurora.presentation.TemplateBasedView@3dda489e
2018-10-17 09:36:34.214 [aurora.presentation.buildsession] [CONFIG] building view: <separator> -> aurora.presentation.TemplateBasedView@3dda489e
2018-10-17 09:36:34.214 [aurora.presentation.buildsession] [CONFIG] building view: <div> -> aurora.presentation.DefaultViewBuilder@35f5c5a3
2018-10-17 09:36:34.215 [aurora.presentation.buildsession] [CONFIG] building view: <script> -> aurora.presentation.DefaultViewBuilder@35f5c5a3
2018-10-17 09:36:34.215 [aurora.presentation.buildsession] [CONFIG] End build session
