2018-10-19 09:41:32.112 [aurora.application.session_check] [CONFIG] Session data copied to context
2018-10-19 09:41:32.113 [aurora.application.session_check] [CONFIG] Access check result for sys_lov.screen => success
2018-10-19 09:41:32.113 [uncertain.proc] [CONFIG] [action] AccessCheck
2018-10-19 09:41:32.118 [uncertain.proc] [CONFIG] [action] InitService
2018-10-19 09:41:32.118 [uncertain.proc] [CONFIG] [action] ParseParameter
2018-10-19 09:41:32.118 [uncertain.proc] [CONFIG] [action] CreateModel
2018-10-19 09:41:32.118 [uncertain.proc] [CONFIG] [action] CreateView
2018-10-19 09:41:32.121 [uncertain.proc] [CONFIG] [action] BuildOutputContent
2018-10-19 09:41:32.121 [aurora.presentation.buildsession] [CONFIG] Start build session
2018-10-19 09:41:32.121 [aurora.presentation.buildsession] [CONFIG] building view: <html-page> -> aurora.presentation.component.HtmlPage@7f7c7e20
2018-10-19 09:41:32.122 [aurora.presentation.buildsession] [CONFIG] building view: <style> -> aurora.presentation.DefaultViewBuilder@35f5c5a3
2018-10-19 09:41:32.123 [aurora.presentation.buildsession] [CONFIG] building view: <div> -> aurora.presentation.DefaultViewBuilder@35f5c5a3
2018-10-19 09:41:32.123 [aurora.presentation.buildsession] [CONFIG] building view: <script> -> aurora.presentation.DefaultViewBuilder@35f5c5a3
2018-10-19 09:41:32.123 [aurora.presentation.buildsession] [CONFIG] building view: <dataSets> -> aurora.application.features.DataSetInit@699b238e
2018-10-19 09:41:32.123 [aurora.presentation.buildsession] [CONFIG] building view: <dataSet> -> aurora.presentation.TemplateBasedView@3dda489e
2018-10-19 09:41:32.125 [aurora.presentation.buildsession] [CONFIG] building view: <dataSet> -> aurora.presentation.TemplateBasedView@3dda489e
2018-10-19 09:41:32.126 [aurora.presentation.buildsession] [CONFIG] building view: <div> -> aurora.presentation.DefaultViewBuilder@35f5c5a3
2018-10-19 09:41:32.126 [aurora.presentation.buildsession] [CONFIG] building view: <form> -> aurora.presentation.component.std.Form@7e20168f
2018-10-19 09:41:32.126 [aurora.presentation.buildsession] [CONFIG] building view: <textField> -> aurora.presentation.TemplateBasedView@3dda489e
2018-10-19 09:41:32.126 [aurora.presentation.buildsession] [CONFIG] building view: <textField> -> aurora.presentation.TemplateBasedView@3dda489e
2018-10-19 09:41:32.126 [aurora.presentation.buildsession] [CONFIG] building view: <hBox> -> aurora.presentation.component.std.HBox@302180d6
2018-10-19 09:41:32.127 [aurora.presentation.buildsession] [CONFIG] building view: <button> -> aurora.presentation.TemplateBasedView@3dda489e
2018-10-19 09:41:32.127 [aurora.presentation.buildsession] [CONFIG] building view: <button> -> aurora.presentation.TemplateBasedView@3dda489e
2018-10-19 09:41:32.127 [aurora.presentation.buildsession] [CONFIG] building view: <grid> -> aurora.presentation.TemplateBasedView@3dda489e
2018-10-19 09:41:32.127 [aurora.presentation.buildsession] [CONFIG] building view: <navBar> -> aurora.presentation.TemplateBasedView@3dda489e
2018-10-19 09:41:32.128 [aurora.presentation.buildsession] [CONFIG] building view: <button> -> aurora.presentation.TemplateBasedView@3dda489e
2018-10-19 09:41:32.128 [aurora.presentation.buildsession] [CONFIG] building view: <button> -> aurora.presentation.TemplateBasedView@3dda489e
2018-10-19 09:41:32.128 [aurora.presentation.buildsession] [CONFIG] building view: <separator> -> aurora.presentation.TemplateBasedView@3dda489e
2018-10-19 09:41:32.129 [aurora.presentation.buildsession] [CONFIG] building view: <div> -> aurora.presentation.DefaultViewBuilder@35f5c5a3
2018-10-19 09:41:32.129 [aurora.presentation.buildsession] [CONFIG] building view: <numberField> -> aurora.presentation.TemplateBasedView@3dda489e
2018-10-19 09:41:32.129 [aurora.presentation.buildsession] [CONFIG] building view: <div> -> aurora.presentation.DefaultViewBuilder@35f5c5a3
2018-10-19 09:41:32.129 [aurora.presentation.buildsession] [CONFIG] building view: <separator> -> aurora.presentation.TemplateBasedView@3dda489e
2018-10-19 09:41:32.130 [aurora.presentation.buildsession] [CONFIG] building view: <button> -> aurora.presentation.TemplateBasedView@3dda489e
2018-10-19 09:41:32.130 [aurora.presentation.buildsession] [CONFIG] building view: <button> -> aurora.presentation.TemplateBasedView@3dda489e
2018-10-19 09:41:32.130 [aurora.presentation.buildsession] [CONFIG] building view: <button> -> aurora.presentation.TemplateBasedView@3dda489e
2018-10-19 09:41:32.130 [aurora.presentation.buildsession] [CONFIG] building view: <separator> -> aurora.presentation.TemplateBasedView@3dda489e
2018-10-19 09:41:32.130 [aurora.presentation.buildsession] [CONFIG] building view: <div> -> aurora.presentation.DefaultViewBuilder@35f5c5a3
2018-10-19 09:41:32.131 [aurora.presentation.buildsession] [CONFIG] building view: <script> -> aurora.presentation.DefaultViewBuilder@35f5c5a3
2018-10-19 09:41:32.131 [aurora.presentation.buildsession] [CONFIG] End build session
