2018-10-17 09:29:42.729 [aurora.application.session_check] [CONFIG] Session data copied to context
2018-10-17 09:29:42.729 [aurora.application.session_check] [CONFIG] Checking BM access tax.TAX2000.exp_report_invoice_authentic_query for operation query
2018-10-17 09:29:42.731 [aurora.application.session_check] [CONFIG] Result from aurora.bm.DefaultAccessChecker@1a3cb955 is true
2018-10-17 09:29:42.731 [uncertain.proc] [CONFIG] [action] AccessCheck
2018-10-17 09:29:42.732 [uncertain.proc] [CONFIG] [action] CheckServiceLock
2018-10-17 09:29:42.732 [uncertain.proc] [CONFIG] [action] ParseParameter
2018-10-17 09:29:42.733 [uncertain.proc] [CONFIG] [action] ValidateInput
2018-10-17 09:29:42.733 [uncertain.proc] [CONFIG] [action] InvokeService
2018-10-17 09:29:42.733 [aurora.database] [CONFIG] ===================================== prepare to run model-query tax.TAX2000.exp_report_invoice_authentic_query==============================
2018-10-17 09:29:42.738 [uncertain.proc] [CONFIG] [action] DecideSqlGenerationMode
2018-10-17 09:29:42.738 [uncertain.proc] [FINE] aurora.database.service.BusinessModelService.onDecideSqlGenerationMode
2018-10-17 09:29:42.738 [uncertain.proc] [CONFIG] [action] CreateOperationSql
2018-10-17 09:29:42.738 [uncertain.proc] [CONFIG] [action] PopulateOperationSql
2018-10-17 09:29:42.738 [uncertain.proc] [FINE] aurora.database.features.OrderByClauseCreator.onPopulateOperationSql
2018-10-17 09:29:42.738 [uncertain.proc] [FINE] aurora.database.features.WhereClauseCreator.onPopulateOperationSql
2018-10-17 09:29:42.738 [uncertain.proc] [CONFIG] [action] ExecuteQuery
2018-10-17 09:29:42.738 [uncertain.proc] [FINE] aurora.bm.QuerySqlCreator.onExecuteQuery
2018-10-17 09:29:42.752 [uncertain.proc] [CONFIG] [action] QueryFinish
2018-10-17 09:29:42.752 [uncertain.proc] [FINE] aurora.database.features.AutoQueryCounter.onQueryFinish
2018-10-17 09:29:42.906 [uncertain.proc] [CONFIG] [action] FetchResultSet
2018-10-17 09:29:42.907 [uncertain.proc] [FINE] aurora.database.features.CacheBasedLookUpField.postFetchResultSet
2018-10-17 09:29:42.907 [aurora.database] [CONFIG] 
============= BEGIN [query] SQL Statement execution dump ============

                SELECT
                    *
                FROM
                    (SELECT
                        h.exp_report_header_id,
                        h.exp_report_number,
                        l.exp_report_line_id,
                        l.line_number,
                        l.invoice_type,
                        l.invoice_code,
                        l.invoice_number,
                        l.invoice_amount,
                        l.invoice_tax_amount,
                        l.report_amount,
                        l.tax_rate * 100 tax_rate,
                        l.tax_amount,
                        l.sale_amount,
                        l.usage_type,
                        l.adjusted_full_deductions,
                        l.adjusted_partial_deductions,
                        l.adjustable_tax_deductible,
                        h.report_status,
                        h.audit_flag,
                        TO_CHAR(h.audit_date, 'yyyy-mm-dd') audit_date,
                        h.company_id,
                        l.invoice_status,
                        l.input_tax_structure_detail,
                        TO_CHAR(l.deductions_time, 'yyyy-mm-dd') deductions_time,
                        l.confirm_deductions,
                        l.deductions_remark,
                        (SELECT
                            fc.company_short_name
                        FROM
                            fnd_companies_vl fc
                        WHERE
                            fc.company_id = h.company_id
                        ) company_name,
                        h.created_by,
                        (SELECT su.employee_id FROM sys_user su WHERE su.user_id = h.created_by
                        ) employee_id,
                        (SELECT
                            ee.name
                        FROM
                            sys_user su,
                            exp_employees ee
                        WHERE
                            su.user_id     = h.created_by AND
                            su.employee_id = ee.employee_id
                        ) employee_name,
                        TO_CHAR(l.invoice_date, 'yyyy-mm-dd') invoice_date,
                        TO_CHAR(h.report_date, 'yyyy-mm-dd') report_date,
                        pv.page_name,
                        TRUNC(SYSDATE - l.invoice_date) day_apart,
                        (SELECT
                            t.special_invoice
                        FROM
                            exp_ygz_invoice_types t
                        WHERE
                            t.type_code = l.invoice_type
                        ) special_invoice,
                        h.company_id header_company_id,
                        h.exp_report_type_id,
                        h.je_creation_status,
                        DECODE(h.je_creation_status, 'SUCCESS', '是', '否') je_creation_status_desc,
                        (SELECT
                            t.type_name
                        FROM
                            exp_ygz_invoice_types t
                        WHERE
                            t.type_code = l.invoice_type
                        ) invoice_type_desc,
                        (SELECT
                            ey.type_name
                        FROM
                            exp_ygz_input_tax_struc_dtl ey
                        WHERE
                            ey.type_code = l.input_tax_structure_detail
                        ) input_tax_struc_detail_desc,
                        (SELECT
                            v.code_value_name
                        FROM
                            sys_codes s,
                            sys_code_values_v v
                        WHERE
                            s.code       = 'VMS_INVOICE_STATUS' AND
                            s.code_id    = v.code_id AND
                            v.code_value = l.invoice_status
                        ) invoice_status_desc,
                        (SELECT
                            eu.type_name
                        FROM
                            exp_ygz_usage_types eu
                        WHERE
                            eu.type_code = l.usage_type
                        ) usage_type_desc,
                        (SELECT
                            v.code_value_name
                        FROM
                            sys_codes s,
                            sys_code_values_v v
                        WHERE
                            s.code       = 'EXP_EXPENSE_REPORT_STATUS' AND
                            s.code_id    = v.code_id AND
                            v.code_value = h.report_status
                        ) report_status_desc,
                        DECODE(l.confirm_deductions,'Y','是','N','否','') confirm_deductions_desc,
                        DECODE(h.audit_flag,'Y','是','N','否','') audit_flag_desc,
                        nvl(l.tax_audit_flag,'N') tax_audit_flag,
                        DECODE(nvl(l.tax_audit_flag,'N'),'Y','是','N','否','') tax_audit_flag_desc,
                        TO_CHAR(l.tax_audit_date, 'yyyy-mm-dd hh24:mi:ss') tax_audit_date,
                        DECODE(nvl(l.usage_status,'N'),'N','',l.roll_out_amount)roll_out_amount
                    FROM
                        exp_report_lines l,
                        exp_report_headers h,
                        exp_expense_report_types_vl eert,
                        exp_report_type_pages_v pv
                    WHERE
                        l.exp_report_header_id  = h.exp_report_header_id AND
                        h.exp_report_type_id    = eert.expense_report_type_id AND
                        eert.document_page_type = pv.page_type AND
                        pv.page_usage           = 'QUERY' AND
                        h.report_status NOT    IN ('GENERATE', 'REJECTED')
                    ) v1  WHERE v1.header_company_id = ? AND v1.invoice_type like ? ORDER BY v1.exp_report_number desc,v1.line_number
            
---------------------Binding info---------------------
No.1	Access path:/session/@company_id	Data type of passed value :java.lang.String	Value:835	Output:false	Database Type:null	
No.2	Access path:@invoice_type	Data type of passed value :java.lang.String	Value:INV001	Output:false	Database Type:null	

=============== END [query] SQL Statement execution dump ============

2018-10-17 09:29:42.907 [uncertain.proc] [CONFIG] [action] CreateSuccessResponse
