2018-10-11 08:31:48.393 [aurora.application.session_check] [CONFIG] Session data copied to context
2018-10-11 08:31:48.393 [aurora.application.session_check] [CONFIG] Checking BM access tax.TAX2000.exp_invoice_tax_audit for operation batch_update
2018-10-11 08:31:48.393 [aurora.application.session_check] [CONFIG] for batch_update, access check will be performed on each record from parameter
2018-10-11 08:31:48.393 [uncertain.proc] [CONFIG] [action] AccessCheck
2018-10-11 08:31:48.395 [uncertain.proc] [CONFIG] [action] CheckServiceLock
2018-10-11 08:31:48.395 [uncertain.proc] [CONFIG] [action] ParseParameter
2018-10-11 08:31:48.395 [uncertain.proc] [CONFIG] [action] ValidateInput
2018-10-11 08:31:48.395 [uncertain.proc] [CONFIG] [action] InvokeService
2018-10-11 08:31:48.397 [aurora.database] [CONFIG] ============ Running model batch update with data from path /parameter, total 5 records
2018-10-11 08:31:48.397 [aurora.database] [CONFIG] execute execute on record No.0 for model tax.TAX2000.exp_invoice_tax_audit
2018-10-11 08:31:48.399 [uncertain.proc] [CONFIG] [action] DecideStatement
2018-10-11 08:31:48.401 [uncertain.proc] [CONFIG] [action] DecideSqlGenerationMode
2018-10-11 08:31:48.401 [uncertain.proc] [FINE] aurora.database.service.BusinessModelService.onDecideSqlGenerationMode
2018-10-11 08:31:48.401 [uncertain.proc] [CONFIG] [action] CreateOperationSql
2018-10-11 08:31:48.401 [uncertain.proc] [CONFIG] [action] PopulateOperationSql
2018-10-11 08:31:48.401 [uncertain.proc] [FINE] aurora.database.features.OrderByClauseCreator.onPopulateOperationSql
2018-10-11 08:31:48.401 [uncertain.proc] [FINE] aurora.database.features.WhereClauseCreator.onPopulateOperationSql
2018-10-11 08:31:48.401 [uncertain.proc] [CONFIG] [action] CreateSqlRunner
2018-10-11 08:31:48.401 [uncertain.proc] [FINE] aurora.database.service.BusinessModelService.onCreateSqlRunner
2018-10-11 08:31:48.401 [uncertain.proc] [CONFIG] [action] ExecuteDmlStatement
2018-10-11 08:31:48.401 [uncertain.proc] [FINE] aurora.database.service.BusinessModelService.onExecuteDmlStatement
2018-10-11 08:31:48.403 [aurora.database] [CONFIG] 
============= BEGIN [Execute] SQL Statement execution dump ============
  
        begin
            exp_report_pkg.tax_audit
            (
            	?,
            	?,
            	?
            );
        end;
---------------------Binding info---------------------
No.1	Access path:@exp_report_header_id	Data type of passed value :java.lang.Integer	Value:1824	Output:false	Database Type:null	
No.2	Access path:@exp_report_line_id	Data type of passed value :java.lang.Integer	Value:2508	Output:false	Database Type:null	
No.3	Access path:/session/@user_id	Data type of passed value :java.lang.Long	Value:1	Output:false	Database Type:null	

=============== END [Execute] SQL Statement execution dump ============

2018-10-11 08:31:48.403 [aurora.database] [CONFIG] execute execute on record No.1 for model tax.TAX2000.exp_invoice_tax_audit
2018-10-11 08:31:48.405 [uncertain.proc] [CONFIG] [action] DecideStatement
2018-10-11 08:31:48.406 [uncertain.proc] [CONFIG] [action] DecideSqlGenerationMode
2018-10-11 08:31:48.406 [uncertain.proc] [FINE] aurora.database.service.BusinessModelService.onDecideSqlGenerationMode
2018-10-11 08:31:48.406 [uncertain.proc] [CONFIG] [action] CreateOperationSql
2018-10-11 08:31:48.406 [uncertain.proc] [CONFIG] [action] PopulateOperationSql
2018-10-11 08:31:48.406 [uncertain.proc] [FINE] aurora.database.features.OrderByClauseCreator.onPopulateOperationSql
2018-10-11 08:31:48.406 [uncertain.proc] [FINE] aurora.database.features.WhereClauseCreator.onPopulateOperationSql
2018-10-11 08:31:48.406 [uncertain.proc] [CONFIG] [action] CreateSqlRunner
2018-10-11 08:31:48.406 [uncertain.proc] [FINE] aurora.database.service.BusinessModelService.onCreateSqlRunner
2018-10-11 08:31:48.406 [uncertain.proc] [CONFIG] [action] ExecuteDmlStatement
2018-10-11 08:31:48.406 [uncertain.proc] [FINE] aurora.database.service.BusinessModelService.onExecuteDmlStatement
2018-10-11 08:31:48.407 [aurora.database] [CONFIG] 
============= BEGIN [Execute] SQL Statement execution dump ============
  
        begin
            exp_report_pkg.tax_audit
            (
            	?,
            	?,
            	?
            );
        end;
---------------------Binding info---------------------
No.1	Access path:@exp_report_header_id	Data type of passed value :java.lang.Integer	Value:1824	Output:false	Database Type:null	
No.2	Access path:@exp_report_line_id	Data type of passed value :java.lang.Integer	Value:2509	Output:false	Database Type:null	
No.3	Access path:/session/@user_id	Data type of passed value :java.lang.Long	Value:1	Output:false	Database Type:null	

=============== END [Execute] SQL Statement execution dump ============

2018-10-11 08:31:48.407 [aurora.database] [CONFIG] execute execute on record No.2 for model tax.TAX2000.exp_invoice_tax_audit
2018-10-11 08:31:48.408 [uncertain.proc] [CONFIG] [action] DecideStatement
2018-10-11 08:31:48.410 [uncertain.proc] [CONFIG] [action] DecideSqlGenerationMode
2018-10-11 08:31:48.410 [uncertain.proc] [FINE] aurora.database.service.BusinessModelService.onDecideSqlGenerationMode
2018-10-11 08:31:48.410 [uncertain.proc] [CONFIG] [action] CreateOperationSql
2018-10-11 08:31:48.410 [uncertain.proc] [CONFIG] [action] PopulateOperationSql
2018-10-11 08:31:48.410 [uncertain.proc] [FINE] aurora.database.features.OrderByClauseCreator.onPopulateOperationSql
2018-10-11 08:31:48.410 [uncertain.proc] [FINE] aurora.database.features.WhereClauseCreator.onPopulateOperationSql
2018-10-11 08:31:48.410 [uncertain.proc] [CONFIG] [action] CreateSqlRunner
2018-10-11 08:31:48.410 [uncertain.proc] [FINE] aurora.database.service.BusinessModelService.onCreateSqlRunner
2018-10-11 08:31:48.410 [uncertain.proc] [CONFIG] [action] ExecuteDmlStatement
2018-10-11 08:31:48.410 [uncertain.proc] [FINE] aurora.database.service.BusinessModelService.onExecuteDmlStatement
2018-10-11 08:31:48.411 [aurora.database] [CONFIG] 
============= BEGIN [Execute] SQL Statement execution dump ============
  
        begin
            exp_report_pkg.tax_audit
            (
            	?,
            	?,
            	?
            );
        end;
---------------------Binding info---------------------
No.1	Access path:@exp_report_header_id	Data type of passed value :java.lang.Integer	Value:1824	Output:false	Database Type:null	
No.2	Access path:@exp_report_line_id	Data type of passed value :java.lang.Integer	Value:2510	Output:false	Database Type:null	
No.3	Access path:/session/@user_id	Data type of passed value :java.lang.Long	Value:1	Output:false	Database Type:null	

=============== END [Execute] SQL Statement execution dump ============

2018-10-11 08:31:48.411 [aurora.database] [CONFIG] execute execute on record No.3 for model tax.TAX2000.exp_invoice_tax_audit
2018-10-11 08:31:48.412 [uncertain.proc] [CONFIG] [action] DecideStatement
2018-10-11 08:31:48.413 [uncertain.proc] [CONFIG] [action] DecideSqlGenerationMode
2018-10-11 08:31:48.413 [uncertain.proc] [FINE] aurora.database.service.BusinessModelService.onDecideSqlGenerationMode
2018-10-11 08:31:48.413 [uncertain.proc] [CONFIG] [action] CreateOperationSql
2018-10-11 08:31:48.413 [uncertain.proc] [CONFIG] [action] PopulateOperationSql
2018-10-11 08:31:48.413 [uncertain.proc] [FINE] aurora.database.features.OrderByClauseCreator.onPopulateOperationSql
2018-10-11 08:31:48.413 [uncertain.proc] [FINE] aurora.database.features.WhereClauseCreator.onPopulateOperationSql
2018-10-11 08:31:48.413 [uncertain.proc] [CONFIG] [action] CreateSqlRunner
2018-10-11 08:31:48.413 [uncertain.proc] [FINE] aurora.database.service.BusinessModelService.onCreateSqlRunner
2018-10-11 08:31:48.413 [uncertain.proc] [CONFIG] [action] ExecuteDmlStatement
2018-10-11 08:31:48.413 [uncertain.proc] [FINE] aurora.database.service.BusinessModelService.onExecuteDmlStatement
2018-10-11 08:31:48.414 [aurora.database] [CONFIG] 
============= BEGIN [Execute] SQL Statement execution dump ============
  
        begin
            exp_report_pkg.tax_audit
            (
            	?,
            	?,
            	?
            );
        end;
---------------------Binding info---------------------
No.1	Access path:@exp_report_header_id	Data type of passed value :java.lang.Integer	Value:1824	Output:false	Database Type:null	
No.2	Access path:@exp_report_line_id	Data type of passed value :java.lang.Integer	Value:2511	Output:false	Database Type:null	
No.3	Access path:/session/@user_id	Data type of passed value :java.lang.Long	Value:1	Output:false	Database Type:null	

=============== END [Execute] SQL Statement execution dump ============

2018-10-11 08:31:48.414 [aurora.database] [CONFIG] execute execute on record No.4 for model tax.TAX2000.exp_invoice_tax_audit
2018-10-11 08:31:48.415 [uncertain.proc] [CONFIG] [action] DecideStatement
2018-10-11 08:31:48.416 [uncertain.proc] [CONFIG] [action] DecideSqlGenerationMode
2018-10-11 08:31:48.416 [uncertain.proc] [FINE] aurora.database.service.BusinessModelService.onDecideSqlGenerationMode
2018-10-11 08:31:48.416 [uncertain.proc] [CONFIG] [action] CreateOperationSql
2018-10-11 08:31:48.416 [uncertain.proc] [CONFIG] [action] PopulateOperationSql
2018-10-11 08:31:48.416 [uncertain.proc] [FINE] aurora.database.features.OrderByClauseCreator.onPopulateOperationSql
2018-10-11 08:31:48.416 [uncertain.proc] [FINE] aurora.database.features.WhereClauseCreator.onPopulateOperationSql
2018-10-11 08:31:48.416 [uncertain.proc] [CONFIG] [action] CreateSqlRunner
2018-10-11 08:31:48.416 [uncertain.proc] [FINE] aurora.database.service.BusinessModelService.onCreateSqlRunner
2018-10-11 08:31:48.416 [uncertain.proc] [CONFIG] [action] ExecuteDmlStatement
2018-10-11 08:31:48.416 [uncertain.proc] [FINE] aurora.database.service.BusinessModelService.onExecuteDmlStatement
2018-10-11 08:31:48.417 [aurora.database] [CONFIG] 
============= BEGIN [Execute] SQL Statement execution dump ============
  
        begin
            exp_report_pkg.tax_audit
            (
            	?,
            	?,
            	?
            );
        end;
---------------------Binding info---------------------
No.1	Access path:@exp_report_header_id	Data type of passed value :java.lang.Integer	Value:1824	Output:false	Database Type:null	
No.2	Access path:@exp_report_line_id	Data type of passed value :java.lang.Integer	Value:2512	Output:false	Database Type:null	
No.3	Access path:/session/@user_id	Data type of passed value :java.lang.Long	Value:1	Output:false	Database Type:null	

=============== END [Execute] SQL Statement execution dump ============

2018-10-11 08:31:48.418 [aurora.database] [CONFIG] ============ End of batch update for /parameter
2018-10-11 08:31:48.418 [uncertain.proc] [CONFIG] [action] CreateSuccessResponse
