2018-10-15 06:28:38.452 [aurora.application.session_check] [CONFIG] Session data copied to context
2018-10-15 06:28:38.452 [aurora.application.session_check] [CONFIG] Access check result for uploadFile.screen => success
2018-10-15 06:28:38.452 [uncertain.proc] [CONFIG] [action] AccessCheck
2018-10-15 06:28:38.479 [uncertain.proc] [CONFIG] [action] InitService
2018-10-15 06:28:38.479 [uncertain.proc] [CONFIG] [action] ParseParameter
2018-10-15 06:28:38.479 [uncertain.proc] [CONFIG] [action] CreateModel
2018-10-15 06:28:38.479 [aurora.database] [CONFIG] ===================================== prepare to run model-query sys.sys_enable_image_system_query==============================
2018-10-15 06:28:38.484 [uncertain.proc] [CONFIG] [action] DecideSqlGenerationMode
2018-10-15 06:28:38.484 [uncertain.proc] [FINE] aurora.database.service.BusinessModelService.onDecideSqlGenerationMode
2018-10-15 06:28:38.484 [uncertain.proc] [CONFIG] [action] CreateOperationSql
2018-10-15 06:28:38.484 [uncertain.proc] [CONFIG] [action] PopulateOperationSql
2018-10-15 06:28:38.484 [uncertain.proc] [FINE] aurora.database.features.OrderByClauseCreator.onPopulateOperationSql
2018-10-15 06:28:38.484 [uncertain.proc] [FINE] aurora.database.features.WhereClauseCreator.onPopulateOperationSql
2018-10-15 06:28:38.484 [uncertain.proc] [CONFIG] [action] ExecuteQuery
2018-10-15 06:28:38.484 [uncertain.proc] [FINE] aurora.bm.QuerySqlCreator.onExecuteQuery
2018-10-15 06:28:38.485 [uncertain.proc] [CONFIG] [action] QueryFinish
2018-10-15 06:28:38.485 [uncertain.proc] [FINE] aurora.database.features.AutoQueryCounter.onQueryFinish
2018-10-15 06:28:38.485 [uncertain.proc] [CONFIG] [action] FetchResultSet
2018-10-15 06:28:38.485 [uncertain.proc] [FINE] aurora.database.features.CacheBasedLookUpField.postFetchResultSet
2018-10-15 06:28:38.485 [aurora.database] [CONFIG] 
============= BEGIN [query] SQL Statement execution dump ============

            select sys_parameter_pkg.value('SYS_ENABLE_IMAGE_SYSTEM') as enable_image_system
  				from dual
			
---------------------Binding info---------------------
null
=============== END [query] SQL Statement execution dump ============

2018-10-15 06:28:38.485 [aurora.database] [CONFIG] ===================================== prepare to run model-query fnd.fnd_atm_attachment==============================
2018-10-15 06:28:38.490 [uncertain.proc] [CONFIG] [action] DecideSqlGenerationMode
2018-10-15 06:28:38.490 [uncertain.proc] [FINE] aurora.database.service.BusinessModelService.onDecideSqlGenerationMode
2018-10-15 06:28:38.490 [uncertain.proc] [CONFIG] [action] CreatequeryStatement
2018-10-15 06:28:38.490 [uncertain.proc] [FINE] aurora.bm.QuerySqlCreator.onCreateQueryStatement
2018-10-15 06:28:38.492 [uncertain.proc] [CONFIG] [action] PopulatequeryStatement
2018-10-15 06:28:38.492 [uncertain.proc] [FINE] aurora.database.features.OrderByClauseCreator.onPopulateQueryStatement
2018-10-15 06:28:38.492 [uncertain.proc] [FINE] aurora.database.features.WhereClauseCreator.onPopulateQueryStatement
2018-10-15 06:28:38.492 [uncertain.proc] [CONFIG] [action] CreatequerySql
2018-10-15 06:28:38.492 [uncertain.proc] [FINE] aurora.bm.QuerySqlCreator.onCreateQuerySql
2018-10-15 06:28:38.493 [uncertain.proc] [CONFIG] [action] ExecuteQuery
2018-10-15 06:28:38.493 [uncertain.proc] [FINE] aurora.bm.QuerySqlCreator.onExecuteQuery
2018-10-15 06:28:38.498 [uncertain.proc] [CONFIG] [action] QueryFinish
2018-10-15 06:28:38.498 [uncertain.proc] [FINE] aurora.database.features.AutoQueryCounter.onQueryFinish
2018-10-15 06:28:38.498 [uncertain.proc] [CONFIG] [action] FetchResultSet
2018-10-15 06:28:38.498 [uncertain.proc] [FINE] aurora.database.features.CacheBasedLookUpField.postFetchResultSet
2018-10-15 06:28:38.499 [aurora.database] [CONFIG] 
============= BEGIN [query] SQL Statement execution dump ============
SELECT fa.attachment_id,fa.source_type_code,fa.source_pk_value,fa.file_name,fa.file_size,fa.file_path,'1' AS status,fa.CREATION_DATE AS creation_time,fam.table_name,fam.table_pk_value
FROM fnd_atm_attachment fa
	LEFT OUTER JOIN fnd_atm_attachment_multi fam ON fa.attachment_id = fam.attachment_id
WHERE fam.table_name = ? and fam.table_pk_value = ?
ORDER BY fa.creation_date desc
---------------------Binding info---------------------
No.1	Access path:/parameter/@table_name	Data type of passed value :java.lang.String	Value:EXP_REPORT_HEADERS	Output:false	Database Type:null	
No.2	Access path:/parameter/@header_id	Data type of passed value :java.lang.String	Value:1841	Output:false	Database Type:null	

=============== END [query] SQL Statement execution dump ============

2018-10-15 06:28:38.499 [uncertain.proc] [CONFIG] [action] CreateView
2018-10-15 06:28:38.499 [uncertain.proc] [CONFIG] [action] BuildOutputContent
2018-10-15 06:28:38.499 [aurora.presentation.buildsession] [CONFIG] Start build session
2018-10-15 06:28:38.499 [aurora.presentation.buildsession] [CONFIG] building view: <html-page> -> aurora.presentation.component.HtmlPage@3564a790
2018-10-15 06:28:38.524 [aurora.presentation.buildsession] [CONFIG] building view: <dataSets> -> aurora.application.features.DataSetInit@6537fe36
2018-10-15 06:28:38.524 [aurora.presentation.buildsession] [CONFIG] building view: <dataSet> -> aurora.presentation.TemplateBasedView@3dda489e
2018-10-15 06:28:38.526 [aurora.presentation.buildsession] [CONFIG] building view: <script> -> aurora.presentation.DefaultViewBuilder@35f5c5a3
2018-10-15 06:28:38.526 [aurora.presentation.buildsession] [CONFIG] building view: <screenBody> -> aurora.presentation.component.std.ScreenBody@3db0a01e
2018-10-15 06:28:38.527 [aurora.presentation.buildsession] [CONFIG] building view: <switch> -> aurora.presentation.component.std.Switch@172e53b6
2018-10-15 06:28:38.527 [aurora.presentation.buildsession] [CONFIG] building view: <div> -> aurora.presentation.DefaultViewBuilder@35f5c5a3
2018-10-15 06:28:38.527 [aurora.presentation.buildsession] [CONFIG] building view: <upload> -> aurora.presentation.TemplateBasedView@3dda489e
2018-10-15 06:28:38.552 [aurora.presentation.buildsession] [CONFIG] building view: <br> -> aurora.presentation.DefaultViewBuilder@35f5c5a3
2018-10-15 06:28:38.552 [aurora.presentation.buildsession] [CONFIG] End build session
