2018-10-12 09:01:21.383 [aurora.application.session_check] [CONFIG] Session data copied to context
2018-10-12 09:01:21.384 [aurora.application.session_check] [CONFIG] Checking BM access wbc.WBC1110.wbc_refuse_reasons for operation query
2018-10-12 09:01:21.385 [aurora.application.session_check] [CONFIG] Result from aurora.bm.DefaultAccessChecker@3e879aca is true
2018-10-12 09:01:21.385 [uncertain.proc] [CONFIG] [action] AccessCheck
2018-10-12 09:01:21.387 [uncertain.proc] [CONFIG] [action] CheckServiceLock
2018-10-12 09:01:21.387 [uncertain.proc] [CONFIG] [action] ParseParameter
2018-10-12 09:01:21.387 [uncertain.proc] [CONFIG] [action] ValidateInput
2018-10-12 09:01:21.387 [uncertain.proc] [CONFIG] [action] InvokeService
2018-10-12 09:01:21.387 [aurora.database] [CONFIG] ===================================== prepare to run model-query wbc.WBC1110.wbc_refuse_reasons==============================
2018-10-12 09:01:21.391 [uncertain.proc] [CONFIG] [action] DecideSqlGenerationMode
2018-10-12 09:01:21.391 [uncertain.proc] [FINE] aurora.database.service.BusinessModelService.onDecideSqlGenerationMode
2018-10-12 09:01:21.391 [uncertain.proc] [CONFIG] [action] CreateOperationSql
2018-10-12 09:01:21.391 [uncertain.proc] [CONFIG] [action] PopulateOperationSql
2018-10-12 09:01:21.391 [uncertain.proc] [FINE] aurora.database.features.OrderByClauseCreator.onPopulateOperationSql
2018-10-12 09:01:21.391 [uncertain.proc] [FINE] aurora.database.features.WhereClauseCreator.onPopulateOperationSql
2018-10-12 09:01:21.391 [uncertain.proc] [CONFIG] [action] ExecuteQuery
2018-10-12 09:01:21.391 [uncertain.proc] [FINE] aurora.bm.QuerySqlCreator.onExecuteQuery
2018-10-12 09:01:21.391 [uncertain.proc] [CONFIG] [action] QueryFinish
2018-10-12 09:01:21.391 [uncertain.proc] [FINE] aurora.database.features.AutoQueryCounter.onQueryFinish
2018-10-12 09:01:21.391 [uncertain.proc] [CONFIG] [action] FetchResultSet
2018-10-12 09:01:21.391 [uncertain.proc] [FINE] aurora.database.features.CacheBasedLookUpField.postFetchResultSet
2018-10-12 09:01:21.391 [aurora.database] [CONFIG] 
============= BEGIN [query] SQL Statement execution dump ============

                SELECT
                    b.code_value,
                    b.code_value_name
                FROM
                    sys_codes_vl a,
                    sys_code_values_vl b
                WHERE
                    a.code_id = b.code_id AND
                    a.code    = 'CUX_WBC_REFUSE_REASONS' and
                    b.enabled_flag ='Y'
            
---------------------Binding info---------------------
null
=============== END [query] SQL Statement execution dump ============

2018-10-12 09:01:21.391 [uncertain.proc] [CONFIG] [action] CreateSuccessResponse
