2018-10-19 08:18:22.67 [aurora.application.session_check] [CONFIG] Session data copied to context
2018-10-19 08:18:22.67 [aurora.application.session_check] [CONFIG] Checking BM access wbc.WBC1010.wbc_business_nodes for operation query
2018-10-19 08:18:22.70 [aurora.application.session_check] [CONFIG] Result from aurora.bm.DefaultAccessChecker@21c6f639 is true
2018-10-19 08:18:22.70 [uncertain.proc] [CONFIG] [action] AccessCheck
2018-10-19 08:18:22.71 [uncertain.proc] [CONFIG] [action] CheckServiceLock
2018-10-19 08:18:22.71 [uncertain.proc] [CONFIG] [action] ParseParameter
2018-10-19 08:18:22.71 [uncertain.proc] [CONFIG] [action] ValidateInput
2018-10-19 08:18:22.71 [uncertain.proc] [CONFIG] [action] InvokeService
2018-10-19 08:18:22.71 [aurora.database] [CONFIG] ===================================== prepare to run model-query wbc.WBC1010.wbc_business_nodes==============================
2018-10-19 08:18:22.75 [uncertain.proc] [CONFIG] [action] DecideSqlGenerationMode
2018-10-19 08:18:22.75 [uncertain.proc] [FINE] aurora.database.service.BusinessModelService.onDecideSqlGenerationMode
2018-10-19 08:18:22.75 [uncertain.proc] [CONFIG] [action] CreatequeryStatement
2018-10-19 08:18:22.75 [uncertain.proc] [FINE] aurora.bm.QuerySqlCreator.onCreateQueryStatement
2018-10-19 08:18:22.75 [uncertain.proc] [CONFIG] [action] PopulatequeryStatement
2018-10-19 08:18:22.75 [uncertain.proc] [FINE] aurora.database.features.OrderByClauseCreator.onPopulateQueryStatement
2018-10-19 08:18:22.75 [uncertain.proc] [FINE] aurora.database.features.WhereClauseCreator.onPopulateQueryStatement
2018-10-19 08:18:22.75 [uncertain.proc] [CONFIG] [action] CreatequerySql
2018-10-19 08:18:22.75 [uncertain.proc] [FINE] aurora.bm.QuerySqlCreator.onCreateQuerySql
2018-10-19 08:18:22.75 [uncertain.proc] [CONFIG] [action] ExecuteQuery
2018-10-19 08:18:22.75 [uncertain.proc] [FINE] aurora.bm.QuerySqlCreator.onExecuteQuery
2018-10-19 08:18:22.75 [uncertain.proc] [CONFIG] [action] QueryFinish
2018-10-19 08:18:22.75 [uncertain.proc] [FINE] aurora.database.features.AutoQueryCounter.onQueryFinish
2018-10-19 08:18:22.75 [uncertain.proc] [CONFIG] [action] FetchResultSet
2018-10-19 08:18:22.75 [uncertain.proc] [FINE] aurora.database.features.CacheBasedLookUpField.postFetchResultSet
2018-10-19 08:18:22.75 [aurora.database] [CONFIG] 
============= BEGIN [query] SQL Statement execution dump ============
SELECT t1.BUSINESS_NODE_ID,t1.ASSIGN_ID,t1.BUSINESS_NODE_SEQUENCE,t1.BUSINESS_NODE_CODE,t1.BUSINESS_NODE_DESCRIPTION,t1.BUSINESS_NODE_SERVICE,t1.BUSINESS_NODE_SERVICE_ID,t1.BUSINESS_NODE_MARK,t1.FIXED,t1.ENABLED_FLAG
FROM WBC_BUSINESS_NODES t1
WHERE t1.assign_id=?
ORDER BY business_node_sequence
---------------------Binding info---------------------
No.1	Access path:@assign_id	Data type of passed value :java.lang.String	Value:1	Output:false	Database Type:null	

=============== END [query] SQL Statement execution dump ============

2018-10-19 08:18:22.76 [uncertain.proc] [CONFIG] [action] CreateSuccessResponse
