2018-10-19 07:16:12.543 [aurora.application.session_check] [CONFIG] Session data copied to context
2018-10-19 07:16:12.543 [aurora.application.session_check] [CONFIG] Checking BM access wbc.WBC1150.wbc_work_team_detail_result for operation query
2018-10-19 07:16:12.544 [aurora.application.session_check] [CONFIG] Result from aurora.bm.DefaultAccessChecker@50d745d4 is true
2018-10-19 07:16:12.544 [uncertain.proc] [CONFIG] [action] AccessCheck
2018-10-19 07:16:12.545 [uncertain.proc] [CONFIG] [action] CheckServiceLock
2018-10-19 07:16:12.545 [uncertain.proc] [CONFIG] [action] ParseParameter
2018-10-19 07:16:12.545 [uncertain.proc] [CONFIG] [action] ValidateInput
2018-10-19 07:16:12.545 [uncertain.proc] [CONFIG] [action] InvokeService
2018-10-19 07:16:12.545 [aurora.database] [CONFIG] ===================================== prepare to run model-query wbc.WBC1150.wbc_work_team_detail_result==============================
2018-10-19 07:16:12.548 [uncertain.proc] [CONFIG] [action] DecideSqlGenerationMode
2018-10-19 07:16:12.548 [uncertain.proc] [FINE] aurora.database.service.BusinessModelService.onDecideSqlGenerationMode
2018-10-19 07:16:12.548 [uncertain.proc] [CONFIG] [action] CreateOperationSql
2018-10-19 07:16:12.548 [uncertain.proc] [CONFIG] [action] PopulateOperationSql
2018-10-19 07:16:12.548 [uncertain.proc] [FINE] aurora.database.features.OrderByClauseCreator.onPopulateOperationSql
2018-10-19 07:16:12.548 [uncertain.proc] [FINE] aurora.database.features.WhereClauseCreator.onPopulateOperationSql
2018-10-19 07:16:12.548 [uncertain.proc] [CONFIG] [action] ExecuteQuery
2018-10-19 07:16:12.548 [uncertain.proc] [FINE] aurora.bm.QuerySqlCreator.onExecuteQuery
2018-10-19 07:16:12.548 [uncertain.proc] [CONFIG] [action] QueryFinish
2018-10-19 07:16:12.548 [uncertain.proc] [FINE] aurora.database.features.AutoQueryCounter.onQueryFinish
2018-10-19 07:16:12.549 [uncertain.proc] [CONFIG] [action] FetchResultSet
2018-10-19 07:16:12.549 [uncertain.proc] [FINE] aurora.database.features.CacheBasedLookUpField.postFetchResultSet
2018-10-19 07:16:12.549 [aurora.database] [CONFIG] 
============= BEGIN [query] SQL Statement execution dump ============

select d.work_team_id,
       d.work_team_detail_id,
       d.employee_id,
       e.name employee_display,
       d.enabled_flag
  from wbc_work_team_detail d,
       exp_employees        e
  WHERE d.employee_id = e.employee_id  AND  work_team_id = ? ORDER BY work_team_detail_id
 
 
---------------------Binding info---------------------
No.1	Access path:@work_team_id	Data type of passed value :java.lang.String	Value:1	Output:false	Database Type:null	

=============== END [query] SQL Statement execution dump ============

2018-10-19 07:16:12.549 [uncertain.proc] [CONFIG] [action] CreateSuccessResponse
