2018-10-19 07:15:55.763 [aurora.application.session_check] [CONFIG] Session data copied to context
2018-10-19 07:15:55.763 [aurora.application.session_check] [CONFIG] Checking BM access wbc.WBC1020.wbc_dispatch_rule_details for operation query
2018-10-19 07:15:55.764 [aurora.application.session_check] [CONFIG] Result from aurora.bm.DefaultAccessChecker@5868dbc7 is true
2018-10-19 07:15:55.764 [uncertain.proc] [CONFIG] [action] AccessCheck
2018-10-19 07:15:55.765 [uncertain.proc] [CONFIG] [action] CheckServiceLock
2018-10-19 07:15:55.765 [uncertain.proc] [CONFIG] [action] ParseParameter
2018-10-19 07:15:55.765 [uncertain.proc] [CONFIG] [action] ValidateInput
2018-10-19 07:15:55.765 [uncertain.proc] [CONFIG] [action] InvokeService
2018-10-19 07:15:55.765 [aurora.database] [CONFIG] ===================================== prepare to run model-query wbc.WBC1020.wbc_dispatch_rule_details==============================
2018-10-19 07:15:55.771 [uncertain.proc] [CONFIG] [action] DecideSqlGenerationMode
2018-10-19 07:15:55.771 [uncertain.proc] [FINE] aurora.database.service.BusinessModelService.onDecideSqlGenerationMode
2018-10-19 07:15:55.771 [uncertain.proc] [CONFIG] [action] CreatequeryStatement
2018-10-19 07:15:55.771 [uncertain.proc] [FINE] aurora.bm.QuerySqlCreator.onCreateQueryStatement
2018-10-19 07:15:55.771 [uncertain.proc] [CONFIG] [action] PopulatequeryStatement
2018-10-19 07:15:55.771 [uncertain.proc] [FINE] aurora.database.features.OrderByClauseCreator.onPopulateQueryStatement
2018-10-19 07:15:55.771 [uncertain.proc] [FINE] aurora.database.features.WhereClauseCreator.onPopulateQueryStatement
2018-10-19 07:15:55.771 [uncertain.proc] [CONFIG] [action] CreatequerySql
2018-10-19 07:15:55.771 [uncertain.proc] [FINE] aurora.bm.QuerySqlCreator.onCreateQuerySql
2018-10-19 07:15:55.771 [uncertain.proc] [CONFIG] [action] ExecuteQuery
2018-10-19 07:15:55.771 [uncertain.proc] [FINE] aurora.bm.QuerySqlCreator.onExecuteQuery
2018-10-19 07:15:55.772 [uncertain.proc] [CONFIG] [action] QueryFinish
2018-10-19 07:15:55.772 [uncertain.proc] [FINE] aurora.database.features.AutoQueryCounter.onQueryFinish
2018-10-19 07:15:55.772 [uncertain.proc] [CONFIG] [action] FetchResultSet
2018-10-19 07:15:55.772 [uncertain.proc] [FINE] aurora.database.features.CacheBasedLookUpField.postFetchResultSet
2018-10-19 07:15:55.772 [aurora.database] [CONFIG] 
============= BEGIN [query] SQL Statement execution dump ============
SELECT t1.DISPATCH_RULE_DETAIL_ID,t1.DISPATCH_RULE_ID,t1.RULE_PARAMETER,t1.RULE_DESCRIPTION,t1.AND_OR,t1.FILTRATE_METHOD,t1.PARAMETER_LOWER_LIMIT,t1.PARAMETER_UPPER_LIMIT,t1.CURRENCY_CODE,t1.INVALID_DATE
FROM WBC_DISPATCH_RULE_DETAILS t1
WHERE DISPATCH_RULE_ID = ?
---------------------Binding info---------------------
No.1	Access path:@dispatch_rule_id	Data type of passed value :java.lang.Long	Value:1	Output:false	Database Type:null	

=============== END [query] SQL Statement execution dump ============

2018-10-19 07:15:55.772 [uncertain.proc] [CONFIG] [action] CreateSuccessResponse
