2018-10-19 07:18:27.80 [aurora.application.session_check] [CONFIG] Session data copied to context
2018-10-19 07:18:27.80 [aurora.application.session_check] [CONFIG] Checking BM access wbc.wbc_work_teams_vl for operation query
2018-10-19 07:18:27.81 [aurora.application.session_check] [CONFIG] Result from aurora.bm.DefaultAccessChecker@6449fd8e is true
2018-10-19 07:18:27.81 [uncertain.proc] [CONFIG] [action] AccessCheck
2018-10-19 07:18:27.83 [uncertain.proc] [CONFIG] [action] CheckServiceLock
2018-10-19 07:18:27.83 [uncertain.proc] [CONFIG] [action] ParseParameter
2018-10-19 07:18:27.83 [uncertain.proc] [CONFIG] [action] ValidateInput
2018-10-19 07:18:27.83 [uncertain.proc] [CONFIG] [action] InvokeService
2018-10-19 07:18:27.83 [aurora.database] [CONFIG] ===================================== prepare to run model-query wbc.wbc_work_teams_vl==============================
2018-10-19 07:18:27.87 [uncertain.proc] [CONFIG] [action] DecideSqlGenerationMode
2018-10-19 07:18:27.87 [uncertain.proc] [FINE] aurora.database.service.BusinessModelService.onDecideSqlGenerationMode
2018-10-19 07:18:27.87 [uncertain.proc] [CONFIG] [action] CreatequeryStatement
2018-10-19 07:18:27.87 [uncertain.proc] [FINE] aurora.bm.QuerySqlCreator.onCreateQueryStatement
2018-10-19 07:18:27.87 [uncertain.proc] [CONFIG] [action] PopulatequeryStatement
2018-10-19 07:18:27.87 [uncertain.proc] [FINE] aurora.database.features.OrderByClauseCreator.onPopulateQueryStatement
2018-10-19 07:18:27.87 [uncertain.proc] [FINE] aurora.database.features.WhereClauseCreator.onPopulateQueryStatement
2018-10-19 07:18:27.87 [uncertain.proc] [CONFIG] [action] CreatequerySql
2018-10-19 07:18:27.87 [uncertain.proc] [FINE] aurora.bm.QuerySqlCreator.onCreateQuerySql
2018-10-19 07:18:27.87 [uncertain.proc] [CONFIG] [action] ExecuteQuery
2018-10-19 07:18:27.87 [uncertain.proc] [FINE] aurora.bm.QuerySqlCreator.onExecuteQuery
2018-10-19 07:18:27.91 [uncertain.proc] [CONFIG] [action] QueryFinish
2018-10-19 07:18:27.91 [uncertain.proc] [FINE] aurora.database.features.AutoQueryCounter.onQueryFinish
2018-10-19 07:18:27.94 [uncertain.proc] [CONFIG] [action] FetchResultSet
2018-10-19 07:18:27.94 [uncertain.proc] [FINE] aurora.database.features.CacheBasedLookUpField.postFetchResultSet
2018-10-19 07:18:27.94 [aurora.database] [CONFIG] 
============= BEGIN [query] SQL Statement execution dump ============
SELECT t1.WORK_TEAM_ID,t1.WORK_TEAM_CODE,t1.DESCRIPTION_ID,t1.TEAM_NAME,t1.EMPLOYEE_ID,t1.ENABLED_FLAG
FROM WBC_WORK_TEAMS_VL t1

ORDER BY work_team_code
---------------------Binding info---------------------
null
=============== END [query] SQL Statement execution dump ============

2018-10-19 07:18:27.94 [uncertain.proc] [CONFIG] [action] CreateSuccessResponse
