2018-10-19 07:17:19.465 [aurora.application.session_check] [CONFIG] Session data copied to context
2018-10-19 07:17:19.465 [aurora.application.session_check] [CONFIG] Checking BM access wbc.WBC1030.wbc_business_type_parameters_query for operation query
2018-10-19 07:17:19.466 [aurora.application.session_check] [CONFIG] Result from aurora.bm.DefaultAccessChecker@7c5f142 is true
2018-10-19 07:17:19.466 [uncertain.proc] [CONFIG] [action] AccessCheck
2018-10-19 07:17:19.467 [uncertain.proc] [CONFIG] [action] CheckServiceLock
2018-10-19 07:17:19.467 [uncertain.proc] [CONFIG] [action] ParseParameter
2018-10-19 07:17:19.467 [uncertain.proc] [CONFIG] [action] ValidateInput
2018-10-19 07:17:19.467 [uncertain.proc] [CONFIG] [action] InvokeService
2018-10-19 07:17:19.468 [aurora.database] [CONFIG] ===================================== prepare to run model-query wbc.WBC1030.wbc_business_type_parameters_query==============================
2018-10-19 07:17:19.470 [uncertain.proc] [CONFIG] [action] DecideSqlGenerationMode
2018-10-19 07:17:19.470 [uncertain.proc] [FINE] aurora.database.service.BusinessModelService.onDecideSqlGenerationMode
2018-10-19 07:17:19.470 [uncertain.proc] [CONFIG] [action] CreateOperationSql
2018-10-19 07:17:19.470 [uncertain.proc] [CONFIG] [action] PopulateOperationSql
2018-10-19 07:17:19.470 [uncertain.proc] [FINE] aurora.database.features.OrderByClauseCreator.onPopulateOperationSql
2018-10-19 07:17:19.470 [uncertain.proc] [FINE] aurora.database.features.WhereClauseCreator.onPopulateOperationSql
2018-10-19 07:17:19.470 [uncertain.proc] [CONFIG] [action] ExecuteQuery
2018-10-19 07:17:19.470 [uncertain.proc] [FINE] aurora.bm.QuerySqlCreator.onExecuteQuery
2018-10-19 07:17:19.496 [uncertain.proc] [CONFIG] [action] QueryFinish
2018-10-19 07:17:19.496 [uncertain.proc] [FINE] aurora.database.features.AutoQueryCounter.onQueryFinish
2018-10-19 07:17:19.505 [uncertain.proc] [CONFIG] [action] FetchResultSet
2018-10-19 07:17:19.505 [uncertain.proc] [FINE] aurora.database.features.CacheBasedLookUpField.postFetchResultSet
2018-10-19 07:17:19.505 [aurora.database] [CONFIG] 
============= BEGIN [query] SQL Statement execution dump ============
select wp.type_parameter_id,wp.business_type_code,cn.code_value_name,wp.head_id_name,wp.head_table_name,wp.head_param_name,wp.line_id_name,wp.line_table_name,wp.line_param_name 
from wbc_business_type_parameters wp,(select code_value ,code_value_name from (
      select cv.code_value,(
            select description_text 
            from fnd_descriptions 
            where description_id=cv.code_value_name_id 
            and language=?) as code_value_name
     from sys_code_values cv
     where cv.code_id = (
                      select c.code_id 
                      from sys_codes c 
                      where c.code = 'EXP_DOCUMENT_CATEGORY')
        )) cn
         WHERE wp.business_type_code = cn.code_value
---------------------Binding info---------------------
No.1	Access path:/session/@lang	Data type of passed value :java.lang.String	Value:ZHS	Output:false	Database Type:null	

=============== END [query] SQL Statement execution dump ============

2018-10-19 07:17:19.505 [uncertain.proc] [CONFIG] [action] CreateSuccessResponse
