2018-10-19 07:00:28.707 [aurora.application.session_check] [CONFIG] Session data copied to context
2018-10-19 07:00:28.707 [aurora.application.session_check] [CONFIG] Checking BM access wbc.WBC1040.wbc_dispatch_rule_modules for operation query
2018-10-19 07:00:28.708 [aurora.application.session_check] [CONFIG] Result from aurora.bm.DefaultAccessChecker@8e113d4 is true
2018-10-19 07:00:28.708 [uncertain.proc] [CONFIG] [action] AccessCheck
2018-10-19 07:00:28.709 [uncertain.proc] [CONFIG] [action] CheckServiceLock
2018-10-19 07:00:28.709 [uncertain.proc] [CONFIG] [action] ParseParameter
2018-10-19 07:00:28.709 [uncertain.proc] [CONFIG] [action] ValidateInput
2018-10-19 07:00:28.709 [uncertain.proc] [CONFIG] [action] InvokeService
2018-10-19 07:00:28.709 [aurora.database] [CONFIG] ===================================== prepare to run model-query wbc.WBC1040.wbc_dispatch_rule_modules==============================
2018-10-19 07:00:28.713 [uncertain.proc] [CONFIG] [action] DecideSqlGenerationMode
2018-10-19 07:00:28.714 [uncertain.proc] [FINE] aurora.database.service.BusinessModelService.onDecideSqlGenerationMode
2018-10-19 07:00:28.714 [uncertain.proc] [CONFIG] [action] CreatequeryStatement
2018-10-19 07:00:28.714 [uncertain.proc] [FINE] aurora.bm.QuerySqlCreator.onCreateQueryStatement
2018-10-19 07:00:28.714 [uncertain.proc] [CONFIG] [action] PopulatequeryStatement
2018-10-19 07:00:28.714 [uncertain.proc] [FINE] aurora.database.features.OrderByClauseCreator.onPopulateQueryStatement
2018-10-19 07:00:28.714 [uncertain.proc] [FINE] aurora.database.features.WhereClauseCreator.onPopulateQueryStatement
2018-10-19 07:00:28.714 [uncertain.proc] [CONFIG] [action] CreatequerySql
2018-10-19 07:00:28.714 [uncertain.proc] [FINE] aurora.bm.QuerySqlCreator.onCreateQuerySql
2018-10-19 07:00:28.714 [uncertain.proc] [CONFIG] [action] ExecuteQuery
2018-10-19 07:00:28.714 [uncertain.proc] [FINE] aurora.bm.QuerySqlCreator.onExecuteQuery
2018-10-19 07:00:28.718 [uncertain.proc] [CONFIG] [action] QueryFinish
2018-10-19 07:00:28.718 [uncertain.proc] [FINE] aurora.database.features.AutoQueryCounter.onQueryFinish
2018-10-19 07:00:28.720 [uncertain.proc] [CONFIG] [action] FetchResultSet
2018-10-19 07:00:28.720 [uncertain.proc] [FINE] aurora.database.features.CacheBasedLookUpField.postFetchResultSet
2018-10-19 07:00:28.720 [aurora.database] [CONFIG] 
============= BEGIN [query] SQL Statement execution dump ============
SELECT t1.RULE_MODULE_ID,t1.RULE_PARAMETER_CODE,t1.RULE_PARAMETER_DESCRIPTION,t1.SQL_MODULE,t1.ENABLED_FLAG,t1.PARAMETER1,t1.PARAMETER2,t1.PARAMETER3,t1.PARAMETER4,t1.PARAMETER5,t1.PARAMETER6,t1.PARAMETER7,t1.PARAMETER8
FROM WBC_DISPATCH_RULE_MODULES t1

ORDER BY t1.rule_parameter_code
---------------------Binding info---------------------
null
=============== END [query] SQL Statement execution dump ============

2018-10-19 07:00:28.720 [uncertain.proc] [CONFIG] [action] CreateSuccessResponse
