2018-10-19 08:18:22.73 [aurora.application.session_check] [CONFIG] Session data copied to context
2018-10-19 08:18:22.73 [aurora.application.session_check] [CONFIG] Checking BM access wbc.WBC1010.wbc_business_procedure for operation query
2018-10-19 08:18:22.74 [aurora.application.session_check] [CONFIG] Result from aurora.bm.DefaultAccessChecker@61b164f8 is true
2018-10-19 08:18:22.74 [uncertain.proc] [CONFIG] [action] AccessCheck
2018-10-19 08:18:22.75 [uncertain.proc] [CONFIG] [action] CheckServiceLock
2018-10-19 08:18:22.75 [uncertain.proc] [CONFIG] [action] ParseParameter
2018-10-19 08:18:22.75 [uncertain.proc] [CONFIG] [action] ValidateInput
2018-10-19 08:18:22.75 [uncertain.proc] [CONFIG] [action] InvokeService
2018-10-19 08:18:22.75 [aurora.database] [CONFIG] ===================================== prepare to run model-query wbc.WBC1010.wbc_business_procedure==============================
2018-10-19 08:18:22.79 [uncertain.proc] [CONFIG] [action] DecideSqlGenerationMode
2018-10-19 08:18:22.79 [uncertain.proc] [FINE] aurora.database.service.BusinessModelService.onDecideSqlGenerationMode
2018-10-19 08:18:22.79 [uncertain.proc] [CONFIG] [action] CreatequeryStatement
2018-10-19 08:18:22.79 [uncertain.proc] [FINE] aurora.bm.QuerySqlCreator.onCreateQueryStatement
2018-10-19 08:18:22.79 [uncertain.proc] [CONFIG] [action] PopulatequeryStatement
2018-10-19 08:18:22.79 [uncertain.proc] [FINE] aurora.database.features.OrderByClauseCreator.onPopulateQueryStatement
2018-10-19 08:18:22.79 [uncertain.proc] [FINE] aurora.database.features.WhereClauseCreator.onPopulateQueryStatement
2018-10-19 08:18:22.79 [uncertain.proc] [CONFIG] [action] CreatequerySql
2018-10-19 08:18:22.79 [uncertain.proc] [FINE] aurora.bm.QuerySqlCreator.onCreateQuerySql
2018-10-19 08:18:22.79 [uncertain.proc] [CONFIG] [action] ExecuteQuery
2018-10-19 08:18:22.79 [uncertain.proc] [FINE] aurora.bm.QuerySqlCreator.onExecuteQuery
2018-10-19 08:18:22.79 [uncertain.proc] [CONFIG] [action] QueryFinish
2018-10-19 08:18:22.79 [uncertain.proc] [FINE] aurora.database.features.AutoQueryCounter.onQueryFinish
2018-10-19 08:18:22.80 [uncertain.proc] [CONFIG] [action] FetchResultSet
2018-10-19 08:18:22.80 [uncertain.proc] [FINE] aurora.database.features.CacheBasedLookUpField.postFetchResultSet
2018-10-19 08:18:22.80 [aurora.database] [CONFIG] 
============= BEGIN [query] SQL Statement execution dump ============
SELECT t1.RECORD_ID,t1.ASSIGN_ID,t1.PROC_NAME,t1.PROC_DISPLAY_ID,(select DESCRIPTION_TEXT from fnd_descriptions where DESCRIPTION_ID=t1.proc_display_id and Language=?) AS proc_display,t1.DESCRIPTION_ID,(select DESCRIPTION_TEXT from fnd_descriptions where DESCRIPTION_ID=t1.description_id and Language=?) AS description,t1.PROC_TYPE,(select code_value_name from sys_service_lookup_v where code = 'WBC_PROCEDURE_TYPE' and code_value=to_char(t1.proc_type) and language=?)  AS proc_type_display
FROM WBC_BUSINESS_PROCEDURE t1
WHERE ASSIGN_ID = ?
---------------------Binding info---------------------
No.1	Access path:/session/@lang	Data type of passed value :java.lang.String	Value:ZHS	Output:false	Database Type:null	
No.2	Access path:/session/@lang	Data type of passed value :java.lang.String	Value:ZHS	Output:false	Database Type:null	
No.3	Access path:/session/@lang	Data type of passed value :java.lang.String	Value:ZHS	Output:false	Database Type:null	
No.4	Access path:@assign_id	Data type of passed value :java.lang.Long	Value:1	Output:false	Database Type:null	

=============== END [query] SQL Statement execution dump ============

2018-10-19 08:18:22.80 [uncertain.proc] [CONFIG] [action] CreateSuccessResponse
