2018-10-17 08:34:45.928 [aurora.application.session_check] [CONFIG] Session data copied to context
2018-10-17 08:34:45.928 [aurora.application.session_check] [CONFIG] Checking BM access wfl.WFL2040.wfl_node_recipient_set for operation query
2018-10-17 08:34:45.929 [aurora.application.session_check] [CONFIG] Result from aurora.bm.DefaultAccessChecker@225c28cd is true
2018-10-17 08:34:45.929 [uncertain.proc] [CONFIG] [action] AccessCheck
2018-10-17 08:34:45.930 [uncertain.proc] [CONFIG] [action] CheckServiceLock
2018-10-17 08:34:45.930 [uncertain.proc] [CONFIG] [action] ParseParameter
2018-10-17 08:34:45.930 [uncertain.proc] [CONFIG] [action] ValidateInput
2018-10-17 08:34:45.930 [uncertain.proc] [CONFIG] [action] InvokeService
2018-10-17 08:34:45.930 [aurora.database] [CONFIG] ===================================== prepare to run model-query wfl.WFL2040.wfl_node_recipient_set==============================
2018-10-17 08:34:45.933 [uncertain.proc] [CONFIG] [action] DecideSqlGenerationMode
2018-10-17 08:34:45.933 [uncertain.proc] [FINE] aurora.database.service.BusinessModelService.onDecideSqlGenerationMode
2018-10-17 08:34:45.933 [uncertain.proc] [CONFIG] [action] CreatequeryStatement
2018-10-17 08:34:45.933 [uncertain.proc] [FINE] aurora.bm.QuerySqlCreator.onCreateQueryStatement
2018-10-17 08:34:45.933 [uncertain.proc] [CONFIG] [action] PopulatequeryStatement
2018-10-17 08:34:45.933 [uncertain.proc] [FINE] aurora.database.features.OrderByClauseCreator.onPopulateQueryStatement
2018-10-17 08:34:45.933 [uncertain.proc] [FINE] aurora.database.features.WhereClauseCreator.onPopulateQueryStatement
2018-10-17 08:34:45.933 [uncertain.proc] [CONFIG] [action] CreatequerySql
2018-10-17 08:34:45.933 [uncertain.proc] [FINE] aurora.bm.QuerySqlCreator.onCreateQuerySql
2018-10-17 08:34:45.934 [uncertain.proc] [CONFIG] [action] ExecuteQuery
2018-10-17 08:34:45.934 [uncertain.proc] [FINE] aurora.bm.QuerySqlCreator.onExecuteQuery
2018-10-17 08:34:45.934 [uncertain.proc] [CONFIG] [action] QueryFinish
2018-10-17 08:34:45.934 [uncertain.proc] [FINE] aurora.database.features.AutoQueryCounter.onQueryFinish
2018-10-17 08:34:45.935 [uncertain.proc] [CONFIG] [action] FetchResultSet
2018-10-17 08:34:45.935 [uncertain.proc] [FINE] aurora.database.features.CacheBasedLookUpField.postFetchResultSet
2018-10-17 08:34:45.935 [aurora.database] [CONFIG] 
============= BEGIN [query] SQL Statement execution dump ============
SELECT t1.RECIPIENT_SET_ID,t1.NODE_ID,t1.RULE_CODE,t1.RULE_SEQUENCE,t1.RECIPIENT_SEQUENCE,t1.PARAMETER_1_VALUE,t1.PARAMETER_1_DESC,t1.PARAMETER_2_VALUE,t1.PARAMETER_2_DESC,t1.PARAMETER_3_VALUE,t1.PARAMETER_3_DESC,t1.PARAMETER_4_VALUE,t1.PARAMETER_4_DESC
FROM WFL_NODE_RECIPIENT_SET t1
WHERE NODE_ID = ?
---------------------Binding info---------------------
No.1	Access path:@node_id	Data type of passed value :java.lang.Double	Value:1424.0	Output:false	Database Type:null	

=============== END [query] SQL Statement execution dump ============

2018-10-17 08:34:45.935 [uncertain.proc] [CONFIG] [action] CreateSuccessResponse
