2018-10-15 06:16:30.376 [aurora.application.session_check] [CONFIG] Session data copied to context
2018-10-15 06:16:30.377 [aurora.application.session_check] [CONFIG] Checking BM access wfl.WFL3600.wfl_instance_list_company_query for operation query
2018-10-15 06:16:30.378 [aurora.application.session_check] [CONFIG] Result from aurora.bm.DefaultAccessChecker@6061f871 is true
2018-10-15 06:16:30.378 [uncertain.proc] [CONFIG] [action] AccessCheck
2018-10-15 06:16:30.379 [uncertain.proc] [CONFIG] [action] CheckServiceLock
2018-10-15 06:16:30.379 [uncertain.proc] [CONFIG] [action] ParseParameter
2018-10-15 06:16:30.379 [uncertain.proc] [CONFIG] [action] ValidateInput
2018-10-15 06:16:30.379 [uncertain.proc] [CONFIG] [action] InvokeService
2018-10-15 06:16:30.379 [aurora.database] [CONFIG] ===================================== prepare to run model-query wfl.WFL3600.wfl_instance_list_company_query==============================
2018-10-15 06:16:30.382 [uncertain.proc] [CONFIG] [action] DecideSqlGenerationMode
2018-10-15 06:16:30.382 [uncertain.proc] [FINE] aurora.database.service.BusinessModelService.onDecideSqlGenerationMode
2018-10-15 06:16:30.383 [uncertain.proc] [CONFIG] [action] CreateOperationSql
2018-10-15 06:16:30.383 [uncertain.proc] [CONFIG] [action] PopulateOperationSql
2018-10-15 06:16:30.383 [uncertain.proc] [FINE] aurora.database.features.OrderByClauseCreator.onPopulateOperationSql
2018-10-15 06:16:30.383 [uncertain.proc] [FINE] aurora.database.features.WhereClauseCreator.onPopulateOperationSql
2018-10-15 06:16:30.383 [uncertain.proc] [CONFIG] [action] ExecuteQuery
2018-10-15 06:16:30.383 [uncertain.proc] [FINE] aurora.bm.QuerySqlCreator.onExecuteQuery
2018-10-15 06:16:30.726 [uncertain.proc] [CONFIG] [action] QueryFinish
2018-10-15 06:16:30.726 [uncertain.proc] [FINE] aurora.database.features.AutoQueryCounter.onQueryFinish
2018-10-15 06:16:30.876 [uncertain.proc] [CONFIG] [action] FetchResultSet
2018-10-15 06:16:30.876 [uncertain.proc] [FINE] aurora.database.features.CacheBasedLookUpField.postFetchResultSet
2018-10-15 06:16:30.876 [aurora.database] [CONFIG] 
============= BEGIN [query] SQL Statement execution dump ============

            select *
  from (select a.is_late,
               a.instance_id,
               a.instance_desc order_no,
               a.title,
               a.amount,
               a.workflow_name,
               a.workflow_id,
               a.workflow_desc,
               a.node_name,
               a.employee_name,
               a.creation_date,
               a.user_id approved_by,
               a.current_user_name approve_name,
               to_char(a.creation_date, 'yyyy-mm-dd') creation_date_view,
               to_char(a.date_limit, 'yyyy-mm-dd') date_limit,
               a.record_id,
               a.last_update_date apply_date,
               to_char(a.last_update_date, 'yyyy-mm-dd') apply_date_view,
               a.employee_id,
               a.created_by,
               (select document_desc
                  from wfl_document_reference_vl
                 where workflow_category = a.workflow_category) order_type,
               a.company_name,
               a.company_id
          from (select wfl_common_pkg.get_instance_desc(t.instance_param,
                                                        t.workflow_category) TITLE,
                       wfl_common_pkg.get_doc_amount(t.instance_param,
                                                        t.workflow_category) AMOUNT,
                       com.company_id,
                       com.company_short_name company_name,
                       t.*
                  from wfl_instance_list_company_v t, fnd_companies_vl com
                 where com.company_id =
                       (select wfl_common_pkg.get_instance_company(t.instance_id) from dual)
                   and t.status = 1) a)
 
 order by order_no          
            
---------------------Binding info---------------------
null
=============== END [query] SQL Statement execution dump ============

2018-10-15 06:16:30.876 [uncertain.proc] [CONFIG] [action] CreateSuccessResponse
