2018-10-18 06:17:32.141 [aurora.application.session_check] [CONFIG] Session data copied to context
2018-10-18 06:17:32.142 [aurora.application.session_check] [CONFIG] Checking BM access wfl.WFL5010.wfl_delegate_instance_list for operation query
2018-10-18 06:17:32.142 [aurora.application.session_check] [CONFIG] Result from aurora.bm.DefaultAccessChecker$ConstantChecker@442252e5 is true
2018-10-18 06:17:32.142 [uncertain.proc] [CONFIG] [action] AccessCheck
2018-10-18 06:17:32.143 [uncertain.proc] [CONFIG] [action] CheckServiceLock
2018-10-18 06:17:32.143 [uncertain.proc] [CONFIG] [action] ParseParameter
2018-10-18 06:17:32.143 [uncertain.proc] [CONFIG] [action] ValidateInput
2018-10-18 06:17:32.143 [uncertain.proc] [CONFIG] [action] InvokeService
2018-10-18 06:17:32.143 [aurora.database] [CONFIG] ===================================== prepare to run model-query wfl.WFL5010.wfl_delegate_instance_list==============================
2018-10-18 06:17:32.146 [uncertain.proc] [CONFIG] [action] DecideSqlGenerationMode
2018-10-18 06:17:32.146 [uncertain.proc] [FINE] aurora.database.service.BusinessModelService.onDecideSqlGenerationMode
2018-10-18 06:17:32.146 [uncertain.proc] [CONFIG] [action] CreateOperationSql
2018-10-18 06:17:32.146 [uncertain.proc] [CONFIG] [action] PopulateOperationSql
2018-10-18 06:17:32.147 [uncertain.proc] [FINE] aurora.database.features.OrderByClauseCreator.onPopulateOperationSql
2018-10-18 06:17:32.147 [uncertain.proc] [FINE] aurora.database.features.WhereClauseCreator.onPopulateOperationSql
2018-10-18 06:17:32.147 [uncertain.proc] [CONFIG] [action] ExecuteQuery
2018-10-18 06:17:32.147 [uncertain.proc] [FINE] aurora.bm.QuerySqlCreator.onExecuteQuery
2018-10-18 06:17:32.147 [uncertain.proc] [CONFIG] [action] QueryFinish
2018-10-18 06:17:32.147 [uncertain.proc] [FINE] aurora.database.features.AutoQueryCounter.onQueryFinish
2018-10-18 06:17:32.148 [uncertain.proc] [CONFIG] [action] FetchResultSet
2018-10-18 06:17:32.148 [uncertain.proc] [FINE] aurora.database.features.CacheBasedLookUpField.postFetchResultSet
2018-10-18 06:17:32.148 [aurora.database] [CONFIG] 
============= BEGIN [query] SQL Statement execution dump ============
select t.INSTANCE_ID,
                t.creation_date,                
                (select name from wfl_workflow_vl
                where workflow_id=t.workflow_id) workflow_name,
                t.status_desc,
                wfl_common_pkg.can_cancel_instance(?, t.instance_id) allow_cancel,
                t.document_number ORDER_NO,
                r.document_desc order_type
        from WFL_INSTANCE_STATUS_V t,
        wfl_document_reference_vl r  
         WHERE t.created_by = ?              and t.status = -100              and r.workflow_category(+)=t.workflow_category
        order by t.creation_date
---------------------Binding info---------------------
No.1	Access path:/session/@user_id	Data type of passed value :java.lang.Long	Value:204	Output:false	Database Type:null	
No.2	Access path:/session/@user_id	Data type of passed value :java.lang.Long	Value:204	Output:false	Database Type:null	

=============== END [query] SQL Statement execution dump ============

2018-10-18 06:17:32.148 [uncertain.proc] [CONFIG] [action] CreateSuccessResponse
