2018-10-12 06:59:54.515 [aurora.application.session_check] [CONFIG] Session data copied to context
2018-10-12 06:59:54.516 [aurora.application.session_check] [CONFIG] Checking BM access wfl.wfl_workflow for operation query
2018-10-12 06:59:54.522 [aurora.application.session_check] [CONFIG] Result from aurora.bm.DefaultAccessChecker@2a368310 is true
2018-10-12 06:59:54.522 [uncertain.proc] [CONFIG] [action] AccessCheck
2018-10-12 06:59:54.524 [uncertain.proc] [CONFIG] [action] CheckServiceLock
2018-10-12 06:59:54.524 [uncertain.proc] [CONFIG] [action] ParseParameter
2018-10-12 06:59:54.524 [uncertain.proc] [CONFIG] [action] ValidateInput
2018-10-12 06:59:54.524 [uncertain.proc] [CONFIG] [action] InvokeService
2018-10-12 06:59:54.524 [aurora.database] [CONFIG] ===================================== prepare to run model-query wfl.wfl_workflow==============================
2018-10-12 06:59:54.541 [uncertain.proc] [CONFIG] [action] DecideSqlGenerationMode
2018-10-12 06:59:54.541 [uncertain.proc] [FINE] aurora.database.service.BusinessModelService.onDecideSqlGenerationMode
2018-10-12 06:59:54.541 [uncertain.proc] [CONFIG] [action] CreatequeryStatement
2018-10-12 06:59:54.541 [uncertain.proc] [FINE] aurora.bm.QuerySqlCreator.onCreateQueryStatement
2018-10-12 06:59:54.547 [uncertain.proc] [CONFIG] [action] PopulatequeryStatement
2018-10-12 06:59:54.547 [uncertain.proc] [FINE] aurora.database.features.OrderByClauseCreator.onPopulateQueryStatement
2018-10-12 06:59:54.547 [uncertain.proc] [FINE] aurora.database.features.WhereClauseCreator.onPopulateQueryStatement
2018-10-12 06:59:54.547 [uncertain.proc] [CONFIG] [action] CreatequerySql
2018-10-12 06:59:54.547 [uncertain.proc] [FINE] aurora.bm.QuerySqlCreator.onCreateQuerySql
2018-10-12 06:59:54.547 [uncertain.proc] [CONFIG] [action] ExecuteQuery
2018-10-12 06:59:54.547 [uncertain.proc] [FINE] aurora.bm.QuerySqlCreator.onExecuteQuery
2018-10-12 06:59:55.81 [uncertain.proc] [CONFIG] [action] QueryFinish
2018-10-12 06:59:55.81 [uncertain.proc] [FINE] aurora.database.features.AutoQueryCounter.onQueryFinish
2018-10-12 06:59:55.122 [uncertain.proc] [CONFIG] [action] FetchResultSet
2018-10-12 06:59:55.122 [uncertain.proc] [FINE] aurora.database.features.CacheBasedLookUpField.postFetchResultSet
2018-10-12 06:59:55.125 [aurora.database] [CONFIG] 
============= BEGIN [query] SQL Statement execution dump ============
SELECT e.workflow_id,e.workflow_code,e.name_id,(select DESCRIPTION_TEXT from fnd_descriptions where DESCRIPTION_ID=e.name_id and Language=?) AS name,e.display_form,e.update_form,e.can_cancel,decode(e.can_cancel, 1, '是', 0, '否') AS can_cancel_display,e.status,decode(e.status, 0, '有效', -1, '无效') AS status_display,e.workflow_category,e.finish_procedure,pc.PROC_DISPLAY AS finish_procedure_name,disf.SERVICE_DISPLAY AS display_form_display,updf.SERVICE_DISPLAY AS update_form_display
FROM wfl_workflow e
	LEFT OUTER JOIN WFL_WORKFLOW_PROCEDURE_VL pc ON e.finish_procedure = pc.PROC_NAME AND e.workflow_id = pc.WORKFLOW_ID
	LEFT OUTER JOIN WFL_WORKFLOW_PAGE_VL disf ON e.display_form = disf.SERVICE_NAME
	LEFT OUTER JOIN WFL_WORKFLOW_PAGE_VL updf ON e.update_form = updf.SERVICE_NAME

ORDER BY e.workflow_code
---------------------Binding info---------------------
No.1	Access path:/session/@lang	Data type of passed value :java.lang.String	Value:ZHS	Output:false	Database Type:null	

=============== END [query] SQL Statement execution dump ============

2018-10-12 06:59:55.125 [uncertain.proc] [CONFIG] [action] CreateSuccessResponse
