2018-10-15 06:17:03.312 [aurora.application.session_check] [CONFIG] Session data copied to context
2018-10-15 06:17:03.312 [aurora.application.session_check] [CONFIG] Checking BM access wfl.WFL3600.wfl_approve_record for operation query
2018-10-15 06:17:03.313 [aurora.application.session_check] [CONFIG] Result from aurora.bm.DefaultAccessChecker@5ddf6173 is true
2018-10-15 06:17:03.313 [uncertain.proc] [CONFIG] [action] AccessCheck
2018-10-15 06:17:03.314 [uncertain.proc] [CONFIG] [action] CheckServiceLock
2018-10-15 06:17:03.314 [uncertain.proc] [CONFIG] [action] ParseParameter
2018-10-15 06:17:03.314 [uncertain.proc] [CONFIG] [action] ValidateInput
2018-10-15 06:17:03.314 [uncertain.proc] [CONFIG] [action] InvokeService
2018-10-15 06:17:03.315 [aurora.database] [CONFIG] ===================================== prepare to run model-query wfl.WFL3600.wfl_approve_record==============================
2018-10-15 06:17:03.318 [uncertain.proc] [CONFIG] [action] DecideSqlGenerationMode
2018-10-15 06:17:03.318 [uncertain.proc] [FINE] aurora.database.service.BusinessModelService.onDecideSqlGenerationMode
2018-10-15 06:17:03.319 [uncertain.proc] [CONFIG] [action] CreateOperationSql
2018-10-15 06:17:03.319 [uncertain.proc] [CONFIG] [action] PopulateOperationSql
2018-10-15 06:17:03.319 [uncertain.proc] [FINE] aurora.database.features.OrderByClauseCreator.onPopulateOperationSql
2018-10-15 06:17:03.319 [uncertain.proc] [FINE] aurora.database.features.WhereClauseCreator.onPopulateOperationSql
2018-10-15 06:17:03.319 [uncertain.proc] [CONFIG] [action] ExecuteQuery
2018-10-15 06:17:03.319 [uncertain.proc] [FINE] aurora.bm.QuerySqlCreator.onExecuteQuery
2018-10-15 06:17:03.320 [uncertain.proc] [CONFIG] [action] QueryFinish
2018-10-15 06:17:03.320 [uncertain.proc] [FINE] aurora.database.features.AutoQueryCounter.onQueryFinish
2018-10-15 06:17:03.320 [uncertain.proc] [CONFIG] [action] FetchResultSet
2018-10-15 06:17:03.320 [uncertain.proc] [FINE] aurora.database.features.CacheBasedLookUpField.postFetchResultSet
2018-10-15 06:17:03.320 [aurora.database] [CONFIG] 
============= BEGIN [query] SQL Statement execution dump ============
select v.created_by,
	   v.user_name,
       v.action_title,
       v.record_id,
       to_char(v.creation_date, 'yyyy-mm-dd') creation_date,
       v.action_type,
       v.node_id,
       v.rcpt_record_id,
       (select name from wfl_workflow_node_vl where node_id = v.node_id) node_name,
       decode((select nvl(a.is_comment_access_control, 0)
                from wfl_workflow_node a
               where node_id = v.node_id),
              0,
              v.comment_text,
              1,
              (select decode(count(*), 0, '', v.comment_text)
                 from wfl_node_comment_access b
                where b.node_id = v.node_id
                  and b.can_access_node_id in
                      (select node_id
                         from wfl_approve_record a
                        where a.instance_id = v.instance_id
                          and created_by = ?
                       union all
                       select node_id
                         from wfl_instance_node_recipient
                        where user_id = ?
                          and instance_id = v.instance_id)
               
               ),
              '') comment_text,
       v.attachment_id,
       (select 'images/' || file_type_code || '.jpg'
          from fnd_atm_attachment
         where attachment_id = v.attachment_id) icon_name,
       'wfl_approve_record' table_name,
       (select count(1)
          from fnd_atm_attachment f, fnd_atm_attachment_multi t
         where t.attachment_id = f.attachment_id
           and t.table_name = 'wfl_approve_record'
           and t.table_pk_value = v.rcpt_record_id) att_num
  from wfl_approve_record_v v
 where v.instance_id in
       (select i.instance_id
          from wfl_workflow_instance d, wfl_workflow_instance i
         where d.instance_param = i.instance_param
           and d.workflow_id = i.workflow_id
           and d.instance_id = ?)
 order by v.creation_date

---------------------Binding info---------------------
No.1	Access path:/session/@user_id	Data type of passed value :java.lang.Long	Value:2242	Output:false	Database Type:null	
No.2	Access path:/session/@user_id	Data type of passed value :java.lang.Long	Value:2242	Output:false	Database Type:null	
No.3	Access path:@instance_id	Data type of passed value :java.lang.String	Value:208	Output:false	Database Type:null	

=============== END [query] SQL Statement execution dump ============

2018-10-15 06:17:03.320 [uncertain.proc] [CONFIG] [action] CreateSuccessResponse
