2018-10-19 10:22:52.702 [aurora.application.session_check] [CONFIG] Session data copied to context
2018-10-19 10:22:52.702 [aurora.application.session_check] [CONFIG] Checking BM access wfl.WFL2010.wfl_workflow_node_action for operation batch_update
2018-10-19 10:22:52.702 [aurora.application.session_check] [CONFIG] for batch_update, access check will be performed on each record from parameter
2018-10-19 10:22:52.702 [uncertain.proc] [CONFIG] [action] AccessCheck
2018-10-19 10:22:52.703 [uncertain.proc] [CONFIG] [action] CheckServiceLock
2018-10-19 10:22:52.703 [uncertain.proc] [CONFIG] [action] ParseParameter
2018-10-19 10:22:52.703 [uncertain.proc] [CONFIG] [action] ValidateInput
2018-10-19 10:22:52.703 [uncertain.proc] [CONFIG] [action] InvokeService
2018-10-19 10:22:52.707 [aurora.database] [CONFIG] ============ Running model batch update with data from path /parameter, total 2 records
2018-10-19 10:22:52.707 [aurora.database] [CONFIG] execute delete on record No.0 for model wfl.WFL2010.wfl_workflow_node_action
2018-10-19 10:22:52.712 [uncertain.proc] [CONFIG] [action] DecideStatement
2018-10-19 10:22:52.714 [uncertain.proc] [CONFIG] [action] DecideSqlGenerationMode
2018-10-19 10:22:52.714 [uncertain.proc] [FINE] aurora.database.service.BusinessModelService.onDecideSqlGenerationMode
2018-10-19 10:22:52.714 [uncertain.proc] [CONFIG] [action] CreateDeleteStatement
2018-10-19 10:22:52.714 [uncertain.proc] [FINE] aurora.bm.DeleteSqlCreator.onCreateDeleteStatement
2018-10-19 10:22:52.714 [uncertain.proc] [CONFIG] [action] PopulateDeleteStatement
2018-10-19 10:22:52.714 [uncertain.proc] [FINE] aurora.database.features.WhereClauseCreator.onPopulateDeleteStatement
2018-10-19 10:22:52.714 [uncertain.proc] [CONFIG] [action] CreateDeleteSql
2018-10-19 10:22:52.714 [uncertain.proc] [FINE] aurora.bm.DeleteSqlCreator.onCreateDeleteSql
2018-10-19 10:22:52.714 [uncertain.proc] [CONFIG] [action] CreateSqlRunner
2018-10-19 10:22:52.714 [uncertain.proc] [FINE] aurora.database.service.BusinessModelService.onCreateSqlRunner
2018-10-19 10:22:52.714 [uncertain.proc] [CONFIG] [action] ExecuteDmlStatement
2018-10-19 10:22:52.714 [uncertain.proc] [FINE] aurora.database.service.BusinessModelService.onExecuteDmlStatement
2018-10-19 10:22:52.715 [aurora.database] [CONFIG] 
============= BEGIN [Delete] SQL Statement execution dump ============
DELETE FROM wfl_workflow_node_action e 
WHERE e.record_id = ?
---------------------Binding info---------------------
No.1	Access path:@record_id	Data type of passed value :java.lang.Long	Value:2877	Output:false	Database Type:null	

=============== END [Delete] SQL Statement execution dump ============

2018-10-19 10:22:52.715 [aurora.database] [CONFIG] execute delete on record No.1 for model wfl.WFL2010.wfl_workflow_node_action
2018-10-19 10:22:52.716 [uncertain.proc] [CONFIG] [action] DecideStatement
2018-10-19 10:22:52.717 [uncertain.proc] [CONFIG] [action] DecideSqlGenerationMode
2018-10-19 10:22:52.717 [uncertain.proc] [FINE] aurora.database.service.BusinessModelService.onDecideSqlGenerationMode
2018-10-19 10:22:52.717 [uncertain.proc] [CONFIG] [action] CreateDeleteStatement
2018-10-19 10:22:52.717 [uncertain.proc] [FINE] aurora.bm.DeleteSqlCreator.onCreateDeleteStatement
2018-10-19 10:22:52.717 [uncertain.proc] [CONFIG] [action] PopulateDeleteStatement
2018-10-19 10:22:52.717 [uncertain.proc] [FINE] aurora.database.features.WhereClauseCreator.onPopulateDeleteStatement
2018-10-19 10:22:52.717 [uncertain.proc] [CONFIG] [action] CreateDeleteSql
2018-10-19 10:22:52.717 [uncertain.proc] [FINE] aurora.bm.DeleteSqlCreator.onCreateDeleteSql
2018-10-19 10:22:52.717 [uncertain.proc] [CONFIG] [action] CreateSqlRunner
2018-10-19 10:22:52.717 [uncertain.proc] [FINE] aurora.database.service.BusinessModelService.onCreateSqlRunner
2018-10-19 10:22:52.718 [uncertain.proc] [CONFIG] [action] ExecuteDmlStatement
2018-10-19 10:22:52.718 [uncertain.proc] [FINE] aurora.database.service.BusinessModelService.onExecuteDmlStatement
2018-10-19 10:22:52.718 [aurora.database] [CONFIG] 
============= BEGIN [Delete] SQL Statement execution dump ============
DELETE FROM wfl_workflow_node_action e 
WHERE e.record_id = ?
---------------------Binding info---------------------
No.1	Access path:@record_id	Data type of passed value :java.lang.Long	Value:2968	Output:false	Database Type:null	

=============== END [Delete] SQL Statement execution dump ============

2018-10-19 10:22:52.718 [aurora.database] [CONFIG] ============ End of batch update for /parameter
2018-10-19 10:22:52.718 [uncertain.proc] [CONFIG] [action] CreateSuccessResponse
