2018-09-30 03:14:06.412 [aurora.application.session_check] [CONFIG] Session data copied to context
2018-09-30 03:14:06.412 [aurora.application.session_check] [CONFIG] Checking BM access wfl.wfl_workflow for operation batch_update
2018-09-30 03:14:06.412 [aurora.application.session_check] [CONFIG] for batch_update, access check will be performed on each record from parameter
2018-09-30 03:14:06.412 [uncertain.proc] [CONFIG] [action] AccessCheck
2018-09-30 03:14:06.413 [uncertain.proc] [CONFIG] [action] CheckServiceLock
2018-09-30 03:14:06.413 [uncertain.proc] [CONFIG] [action] ParseParameter
2018-09-30 03:14:06.414 [uncertain.proc] [CONFIG] [action] ValidateInput
2018-09-30 03:14:06.414 [uncertain.proc] [CONFIG] [action] InvokeService
2018-09-30 03:14:06.425 [aurora.database] [CONFIG] ============ Running model batch update with data from path /parameter, total 1 records
2018-09-30 03:14:06.425 [aurora.database] [CONFIG] execute insert on record No.0 for model wfl.wfl_workflow
2018-09-30 03:14:06.426 [uncertain.proc] [CONFIG] [action] DecideStatement
2018-09-30 03:14:06.427 [uncertain.proc] [CONFIG] [action] DecideSqlGenerationMode
2018-09-30 03:14:06.427 [uncertain.proc] [FINE] aurora.database.service.BusinessModelService.onDecideSqlGenerationMode
2018-09-30 03:14:06.427 [uncertain.proc] [CONFIG] [action] CreateInsertStatement
2018-09-30 03:14:06.427 [uncertain.proc] [FINE] aurora.database.features.MultiLanguageStorage.preCreateInsertStatement
2018-09-30 03:14:06.514 [aurora.database] [CONFIG] 
============= BEGIN [MultiLanguageStorage Insert] SQL Statement execution dump ============
select fnd_description_pkg.get_fnd_description_id as name_id from dual
---------------------Binding info---------------------
null
=============== END [MultiLanguageStorage Insert] SQL Statement execution dump ============

2018-09-30 03:14:06.515 [uncertain.proc] [FINE] aurora.bm.InsertSqlCreator.onCreateInsertStatement
2018-09-30 03:14:06.515 [uncertain.proc] [CONFIG] [action] PopulateInsertStatement
2018-09-30 03:14:06.515 [uncertain.proc] [FINE] aurora.database.local.oracle.SequencePk.postPopulateInsertStatement
2018-09-30 03:14:06.515 [uncertain.proc] [CONFIG] [action] CreateInsertSql
2018-09-30 03:14:06.515 [uncertain.proc] [FINE] aurora.bm.InsertSqlCreator.onCreateInsertSql
2018-09-30 03:14:06.515 [uncertain.proc] [CONFIG] [action] CreateSqlRunner
2018-09-30 03:14:06.515 [uncertain.proc] [FINE] aurora.database.service.BusinessModelService.onCreateSqlRunner
2018-09-30 03:14:06.515 [uncertain.proc] [CONFIG] [action] ExecuteDmlStatement
2018-09-30 03:14:06.515 [uncertain.proc] [FINE] aurora.database.service.BusinessModelService.onExecuteDmlStatement
2018-09-30 03:14:06.616 [uncertain.proc] [FINE] aurora.database.features.MultiLanguageStorage.postExecuteDmlStatement
2018-09-30 03:14:06.822 [aurora.database] [CONFIG] 
============= BEGIN [MultiLanguageStorage update] SQL Statement execution dump ============

				begin 
					fnd_description_pkg.reset_fnd_descriptions(?,
                                                               ?,
				                                               ?,
				                                               ?,
															   ?,
															   ?,
															   ?
				                                               );
				end;				
			
---------------------Binding info---------------------
No.1	Access path:@DESCRIPTION_ID	Data type of passed value :java.lang.String	Value:235715	Output:false	Database Type:null	
No.2	Access path:@REF_TABLE	Data type of passed value :java.lang.String	Value:WFL_WORKFLOW	Output:false	Database Type:null	
No.3	Access path:@REF_FIELD	Data type of passed value :java.lang.String	Value:NAME_ID	Output:false	Database Type:null	
No.4	Access path:@DESCRIPTION_TEXT	Data type of passed value :java.lang.String	Value:CS01	Output:false	Database Type:null	
No.5	Access path:/session/@user_id	Data type of passed value :java.lang.Long	Value:1	Output:false	Database Type:null	
No.6	Access path:/session/@user_id	Data type of passed value :java.lang.Long	Value:1	Output:false	Database Type:null	
No.7	Access path:/session/@lang	Data type of passed value :java.lang.String	Value:ZHS	Output:false	Database Type:null	

=============== END [MultiLanguageStorage update] SQL Statement execution dump ============

2018-09-30 03:14:06.822 [aurora.database] [CONFIG] 
============= BEGIN [Insert] SQL Statement execution dump ============
BEGIN INSERT INTO wfl_workflow ( workflow_id,workflow_code,name_id,display_form,update_form,can_cancel,status,workflow_category,finish_procedure,CREATED_BY,CREATION_DATE,LAST_UPDATED_BY,LAST_UPDATE_DATE) VALUES ( wfl_workflow_S.NEXTVAL,?,?,?,?,?,?,?,?,?,sysdate,?,sysdate)  RETURNING workflow_id INTO ?; END;
---------------------Binding info---------------------
No.1	Access path:@workflow_code	Data type of passed value :java.lang.String	Value:CS01	Output:false	Database Type:null	
No.2	Access path:@name_id	Data type of passed value :java.math.BigDecimal	Value:235715	Output:false	Database Type:null	
No.3	Access path:@display_form	Data type of passed value :java.lang.String	Value:modules/expm/public/exp_report_readonly_wfl.screen?exp_report_header_id	Output:false	Database Type:null	
No.4	Access path:@update_form	Data type of passed value :java.lang.String	Value:modules/expm/public/exp_report_readonly_wfl.screen?exp_report_header_id	Output:false	Database Type:null	
No.5	Access path:@can_cancel	Data type of passed value :java.lang.Long	Value:1	Output:false	Database Type:null	
No.6	Access path:@status	Data type of passed value :java.lang.Long	Value:0	Output:false	Database Type:null	
No.7	Access path:@workflow_category	Data type of passed value :[null]	Value:null	Output:false	Database Type:null	
No.8	Access path:@finish_procedure	Data type of passed value :[null]	Value:null	Output:false	Database Type:null	
No.9	Access path:/session/@user_id	Data type of passed value :java.lang.Long	Value:1	Output:false	Database Type:null	
No.10	Access path:/session/@user_id	Data type of passed value :java.lang.Long	Value:1	Output:false	Database Type:null	
No.11	Access path:@workflow_id	Data type of passed value :[null]	Value:null	Output:true	Database Type:null	

=============== END [Insert] SQL Statement execution dump ============

2018-09-30 03:14:06.822 [aurora.database] [CONFIG] ============ End of batch update for /parameter
2018-09-30 03:14:06.822 [uncertain.proc] [CONFIG] [action] CreateSuccessResponse
