2018-10-15 03:34:16.418 [aurora.application.session_check] [CONFIG] Session data copied to context
2018-10-15 03:34:16.418 [aurora.application.session_check] [CONFIG] Checking BM access wfl.wfl_back_instance for operation insert
2018-10-15 03:34:16.419 [aurora.application.session_check] [CONFIG] Result from aurora.bm.DefaultAccessChecker$ConstantChecker@442252e5 is true
2018-10-15 03:34:16.420 [uncertain.proc] [CONFIG] [action] AccessCheck
2018-10-15 03:34:16.421 [uncertain.proc] [CONFIG] [action] CheckServiceLock
2018-10-15 03:34:16.421 [uncertain.proc] [CONFIG] [action] ParseParameter
2018-10-15 03:34:16.421 [uncertain.proc] [CONFIG] [action] ValidateInput
2018-10-15 03:34:16.421 [uncertain.proc] [CONFIG] [action] InvokeService
2018-10-15 03:34:16.424 [uncertain.proc] [CONFIG] [action] DecideStatement
2018-10-15 03:34:16.425 [uncertain.proc] [CONFIG] [action] DecideSqlGenerationMode
2018-10-15 03:34:16.425 [uncertain.proc] [FINE] aurora.database.service.BusinessModelService.onDecideSqlGenerationMode
2018-10-15 03:34:16.425 [uncertain.proc] [CONFIG] [action] CreateOperationSql
2018-10-15 03:34:16.425 [uncertain.proc] [CONFIG] [action] PopulateOperationSql
2018-10-15 03:34:16.425 [uncertain.proc] [FINE] aurora.database.features.OrderByClauseCreator.onPopulateOperationSql
2018-10-15 03:34:16.425 [uncertain.proc] [FINE] aurora.database.features.WhereClauseCreator.onPopulateOperationSql
2018-10-15 03:34:16.425 [uncertain.proc] [CONFIG] [action] CreateSqlRunner
2018-10-15 03:34:16.425 [uncertain.proc] [FINE] aurora.database.service.BusinessModelService.onCreateSqlRunner
2018-10-15 03:34:16.425 [uncertain.proc] [CONFIG] [action] ExecuteDmlStatement
2018-10-15 03:34:16.425 [uncertain.proc] [FINE] aurora.database.service.BusinessModelService.onExecuteDmlStatement
2018-10-15 03:34:16.700 [aurora.database] [CONFIG] 
============= BEGIN [Insert] SQL Statement execution dump ============

             begin 
               wfl_core_pkg.workflow_cancel(?,? ); 
             end;
           
---------------------Binding info---------------------
No.1	Access path:@instance_id	Data type of passed value :java.lang.Integer	Value:2786	Output:false	Database Type:null	
No.2	Access path:/session/@user_id	Data type of passed value :java.lang.Long	Value:891	Output:false	Database Type:null	

=============== END [Insert] SQL Statement execution dump ============

2018-10-15 03:34:16.700 [uncertain.proc] [CONFIG] [action] CreateSuccessResponse
