2018-10-16 07:05:18.312 [aurora.application.session_check] [CONFIG] Session data copied to context
2018-10-16 07:05:18.447 [aurora.application.session_check] [CONFIG] Checking BM access wfl.WFL2020.wfl_business_rule_parameters for operation batch_update
2018-10-16 07:05:18.447 [aurora.application.session_check] [CONFIG] for batch_update, access check will be performed on each record from parameter
2018-10-16 07:05:18.447 [uncertain.proc] [CONFIG] [action] AccessCheck
2018-10-16 07:05:18.449 [uncertain.proc] [CONFIG] [action] CheckServiceLock
2018-10-16 07:05:18.449 [uncertain.proc] [CONFIG] [action] ParseParameter
2018-10-16 07:05:18.449 [uncertain.proc] [CONFIG] [action] ValidateInput
2018-10-16 07:05:18.450 [uncertain.proc] [CONFIG] [action] InvokeService
2018-10-16 07:05:18.453 [aurora.database] [CONFIG] ============ Running model batch update with data from path /parameter, total 2 records
2018-10-16 07:05:18.453 [aurora.database] [CONFIG] execute insert on record No.0 for model wfl.WFL2020.wfl_business_rule_parameters
2018-10-16 07:05:18.460 [uncertain.proc] [CONFIG] [action] DecideStatement
2018-10-16 07:05:18.462 [uncertain.proc] [CONFIG] [action] DecideSqlGenerationMode
2018-10-16 07:05:18.462 [uncertain.proc] [FINE] aurora.database.service.BusinessModelService.onDecideSqlGenerationMode
2018-10-16 07:05:18.462 [uncertain.proc] [CONFIG] [action] CreateInsertStatement
2018-10-16 07:05:18.462 [uncertain.proc] [FINE] aurora.database.features.MultiLanguageStorage.preCreateInsertStatement
2018-10-16 07:05:18.468 [aurora.database] [CONFIG] 
============= BEGIN [MultiLanguageStorage Insert] SQL Statement execution dump ============
select fnd_description_pkg.get_fnd_description_id as description_id from dual
---------------------Binding info---------------------
null
=============== END [MultiLanguageStorage Insert] SQL Statement execution dump ============

2018-10-16 07:05:18.468 [uncertain.proc] [FINE] aurora.bm.InsertSqlCreator.onCreateInsertStatement
2018-10-16 07:05:18.468 [uncertain.proc] [CONFIG] [action] PopulateInsertStatement
2018-10-16 07:05:18.468 [uncertain.proc] [FINE] aurora.database.local.oracle.SequencePk.postPopulateInsertStatement
2018-10-16 07:05:18.468 [uncertain.proc] [CONFIG] [action] CreateInsertSql
2018-10-16 07:05:18.468 [uncertain.proc] [FINE] aurora.bm.InsertSqlCreator.onCreateInsertSql
2018-10-16 07:05:18.468 [uncertain.proc] [CONFIG] [action] CreateSqlRunner
2018-10-16 07:05:18.468 [uncertain.proc] [FINE] aurora.database.service.BusinessModelService.onCreateSqlRunner
2018-10-16 07:05:18.468 [uncertain.proc] [CONFIG] [action] ExecuteDmlStatement
2018-10-16 07:05:18.468 [uncertain.proc] [FINE] aurora.database.service.BusinessModelService.onExecuteDmlStatement
2018-10-16 07:05:18.499 [uncertain.proc] [FINE] aurora.database.features.MultiLanguageStorage.postExecuteDmlStatement
2018-10-16 07:05:18.543 [aurora.database] [CONFIG] 
============= BEGIN [MultiLanguageStorage update] SQL Statement execution dump ============

				begin 
					fnd_description_pkg.reset_fnd_descriptions(?,
                                                               ?,
				                                               ?,
				                                               ?,
															   ?,
															   ?,
															   ?
				                                               );
				end;				
			
---------------------Binding info---------------------
No.1	Access path:@DESCRIPTION_ID	Data type of passed value :java.lang.String	Value:268609	Output:false	Database Type:null	
No.2	Access path:@REF_TABLE	Data type of passed value :java.lang.String	Value:WFL_BUSINESS_RULE_PARAMETERS	Output:false	Database Type:null	
No.3	Access path:@REF_FIELD	Data type of passed value :java.lang.String	Value:DESCRIPTION_ID	Output:false	Database Type:null	
No.4	Access path:@DESCRIPTION_TEXT	Data type of passed value :java.lang.String	Value:报销单行公司	Output:false	Database Type:null	
No.5	Access path:/session/@user_id	Data type of passed value :java.lang.Long	Value:1	Output:false	Database Type:null	
No.6	Access path:/session/@user_id	Data type of passed value :java.lang.Long	Value:1	Output:false	Database Type:null	
No.7	Access path:/session/@lang	Data type of passed value :java.lang.String	Value:ZHS	Output:false	Database Type:null	

=============== END [MultiLanguageStorage update] SQL Statement execution dump ============

2018-10-16 07:05:18.544 [aurora.database] [CONFIG] 
============= BEGIN [Insert] SQL Statement execution dump ============
BEGIN INSERT INTO WFL_BUSINESS_RULE_PARAMETERS ( PARAMETER_ID,PARAMETER_CODE,DESCRIPTION_ID,ENABLED_FLAG,WORKFLOW_CATEGORY,SQL_CONTENTS,CREATED_BY,CREATION_DATE,LAST_UPDATED_BY,LAST_UPDATE_DATE) VALUES ( WFL_BUSINESS_RULE_PARAMETERS_S.NEXTVAL,?,?,?,?,?,?,sysdate,?,sysdate)  RETURNING PARAMETER_ID INTO ?; END;
---------------------Binding info---------------------
No.1	Access path:@parameter_code	Data type of passed value :java.lang.String	Value:EXP_LINES_COMPANYS	Output:false	Database Type:null	
No.2	Access path:@description_id	Data type of passed value :java.math.BigDecimal	Value:268609	Output:false	Database Type:null	
No.3	Access path:@enabled_flag	Data type of passed value :java.lang.String	Value:Y	Output:false	Database Type:null	
No.4	Access path:@workflow_category	Data type of passed value :java.lang.String	Value:EXP_REPORT	Output:false	Database Type:null	
No.5	Access path:@sql_contents	Data type of passed value :java.lang.String	Value:select fc.company_code  from exp_report_lines l, fnd_companies fc where l.company_id = fc.company_id   and l.exp_report_header_id = :p_wfl_instance_param	Output:false	Database Type:null	
No.6	Access path:/session/@user_id	Data type of passed value :java.lang.Long	Value:1	Output:false	Database Type:null	
No.7	Access path:/session/@user_id	Data type of passed value :java.lang.Long	Value:1	Output:false	Database Type:null	
No.8	Access path:@parameter_id	Data type of passed value :[null]	Value:null	Output:true	Database Type:null	

=============== END [Insert] SQL Statement execution dump ============

2018-10-16 07:05:18.545 [aurora.database] [CONFIG] execute insert on record No.1 for model wfl.WFL2020.wfl_business_rule_parameters
2018-10-16 07:05:18.547 [uncertain.proc] [CONFIG] [action] DecideStatement
2018-10-16 07:05:18.550 [uncertain.proc] [CONFIG] [action] DecideSqlGenerationMode
2018-10-16 07:05:18.550 [uncertain.proc] [FINE] aurora.database.service.BusinessModelService.onDecideSqlGenerationMode
2018-10-16 07:05:18.550 [uncertain.proc] [CONFIG] [action] CreateInsertStatement
2018-10-16 07:05:18.550 [uncertain.proc] [FINE] aurora.database.features.MultiLanguageStorage.preCreateInsertStatement
2018-10-16 07:05:18.553 [aurora.database] [CONFIG] 
============= BEGIN [MultiLanguageStorage Insert] SQL Statement execution dump ============
select fnd_description_pkg.get_fnd_description_id as description_id from dual
---------------------Binding info---------------------
null
=============== END [MultiLanguageStorage Insert] SQL Statement execution dump ============

2018-10-16 07:05:18.553 [uncertain.proc] [FINE] aurora.bm.InsertSqlCreator.onCreateInsertStatement
2018-10-16 07:05:18.554 [uncertain.proc] [CONFIG] [action] PopulateInsertStatement
2018-10-16 07:05:18.554 [uncertain.proc] [FINE] aurora.database.local.oracle.SequencePk.postPopulateInsertStatement
2018-10-16 07:05:18.554 [uncertain.proc] [CONFIG] [action] CreateInsertSql
2018-10-16 07:05:18.554 [uncertain.proc] [FINE] aurora.bm.InsertSqlCreator.onCreateInsertSql
2018-10-16 07:05:18.554 [uncertain.proc] [CONFIG] [action] CreateSqlRunner
2018-10-16 07:05:18.554 [uncertain.proc] [FINE] aurora.database.service.BusinessModelService.onCreateSqlRunner
2018-10-16 07:05:18.554 [uncertain.proc] [CONFIG] [action] ExecuteDmlStatement
2018-10-16 07:05:18.554 [uncertain.proc] [FINE] aurora.database.service.BusinessModelService.onExecuteDmlStatement
2018-10-16 07:05:18.555 [uncertain.proc] [FINE] aurora.database.features.MultiLanguageStorage.postExecuteDmlStatement
2018-10-16 07:05:18.557 [aurora.database] [CONFIG] 
============= BEGIN [MultiLanguageStorage update] SQL Statement execution dump ============

				begin 
					fnd_description_pkg.reset_fnd_descriptions(?,
                                                               ?,
				                                               ?,
				                                               ?,
															   ?,
															   ?,
															   ?
				                                               );
				end;				
			
---------------------Binding info---------------------
No.1	Access path:@DESCRIPTION_ID	Data type of passed value :java.lang.String	Value:268610	Output:false	Database Type:null	
No.2	Access path:@REF_TABLE	Data type of passed value :java.lang.String	Value:WFL_BUSINESS_RULE_PARAMETERS	Output:false	Database Type:null	
No.3	Access path:@REF_FIELD	Data type of passed value :java.lang.String	Value:DESCRIPTION_ID	Output:false	Database Type:null	
No.4	Access path:@DESCRIPTION_TEXT	Data type of passed value :java.lang.String	Value:申请单行公司	Output:false	Database Type:null	
No.5	Access path:/session/@user_id	Data type of passed value :java.lang.Long	Value:1	Output:false	Database Type:null	
No.6	Access path:/session/@user_id	Data type of passed value :java.lang.Long	Value:1	Output:false	Database Type:null	
No.7	Access path:/session/@lang	Data type of passed value :java.lang.String	Value:ZHS	Output:false	Database Type:null	

=============== END [MultiLanguageStorage update] SQL Statement execution dump ============

2018-10-16 07:05:18.557 [aurora.database] [CONFIG] 
============= BEGIN [Insert] SQL Statement execution dump ============
BEGIN INSERT INTO WFL_BUSINESS_RULE_PARAMETERS ( PARAMETER_ID,PARAMETER_CODE,DESCRIPTION_ID,ENABLED_FLAG,WORKFLOW_CATEGORY,SQL_CONTENTS,CREATED_BY,CREATION_DATE,LAST_UPDATED_BY,LAST_UPDATE_DATE) VALUES ( WFL_BUSINESS_RULE_PARAMETERS_S.NEXTVAL,?,?,?,?,?,?,sysdate,?,sysdate)  RETURNING PARAMETER_ID INTO ?; END;
---------------------Binding info---------------------
No.1	Access path:@parameter_code	Data type of passed value :java.lang.String	Value:EXP_REQ_LINES_COMPANYS	Output:false	Database Type:null	
No.2	Access path:@description_id	Data type of passed value :java.math.BigDecimal	Value:268610	Output:false	Database Type:null	
No.3	Access path:@enabled_flag	Data type of passed value :java.lang.String	Value:Y	Output:false	Database Type:null	
No.4	Access path:@workflow_category	Data type of passed value :java.lang.String	Value:EXP_REQUISITION	Output:false	Database Type:null	
No.5	Access path:@sql_contents	Data type of passed value :java.lang.String	Value:select fc.company_code  from exp_requisition_lines l, fnd_companies fc where l.company_id = fc.company_id   and l.exp_requisition_header_id = :p_wfl_instance_param	Output:false	Database Type:null	
No.6	Access path:/session/@user_id	Data type of passed value :java.lang.Long	Value:1	Output:false	Database Type:null	
No.7	Access path:/session/@user_id	Data type of passed value :java.lang.Long	Value:1	Output:false	Database Type:null	
No.8	Access path:@parameter_id	Data type of passed value :[null]	Value:null	Output:true	Database Type:null	

=============== END [Insert] SQL Statement execution dump ============

2018-10-16 07:05:18.557 [aurora.database] [CONFIG] ============ End of batch update for /parameter
2018-10-16 07:05:18.557 [uncertain.proc] [CONFIG] [action] CreateSuccessResponse
