2018-10-22 11:11:16.874 [aurora.application.session_check] [CONFIG] Session data copied to context
2018-10-22 11:11:16.875 [aurora.application.session_check] [CONFIG] Checking BM access wfl.WFL2040.wfl_node_recipient_set_rules for operation query
2018-10-22 11:11:16.876 [aurora.application.session_check] [CONFIG] Result from aurora.bm.DefaultAccessChecker@6462c8d5 is true
2018-10-22 11:11:16.876 [uncertain.proc] [CONFIG] [action] AccessCheck
2018-10-22 11:11:16.877 [uncertain.proc] [CONFIG] [action] CheckServiceLock
2018-10-22 11:11:16.877 [uncertain.proc] [CONFIG] [action] ParseParameter
2018-10-22 11:11:16.877 [uncertain.proc] [CONFIG] [action] ValidateInput
2018-10-22 11:11:16.877 [uncertain.proc] [CONFIG] [action] InvokeService
2018-10-22 11:11:16.877 [aurora.database] [CONFIG] ===================================== prepare to run model-query wfl.WFL2040.wfl_node_recipient_set_rules==============================
2018-10-22 11:11:16.884 [uncertain.proc] [CONFIG] [action] DecideSqlGenerationMode
2018-10-22 11:11:16.884 [uncertain.proc] [FINE] aurora.database.service.BusinessModelService.onDecideSqlGenerationMode
2018-10-22 11:11:16.884 [uncertain.proc] [CONFIG] [action] CreatequeryStatement
2018-10-22 11:11:16.884 [uncertain.proc] [FINE] aurora.bm.QuerySqlCreator.onCreateQueryStatement
2018-10-22 11:11:16.887 [uncertain.proc] [CONFIG] [action] PopulatequeryStatement
2018-10-22 11:11:16.887 [uncertain.proc] [FINE] aurora.database.features.OrderByClauseCreator.onPopulateQueryStatement
2018-10-22 11:11:16.887 [uncertain.proc] [FINE] aurora.database.features.WhereClauseCreator.onPopulateQueryStatement
2018-10-22 11:11:16.887 [uncertain.proc] [CONFIG] [action] CreatequerySql
2018-10-22 11:11:16.887 [uncertain.proc] [FINE] aurora.bm.QuerySqlCreator.onCreateQuerySql
2018-10-22 11:11:16.887 [uncertain.proc] [CONFIG] [action] ExecuteQuery
2018-10-22 11:11:16.887 [uncertain.proc] [FINE] aurora.bm.QuerySqlCreator.onExecuteQuery
2018-10-22 11:11:16.890 [uncertain.proc] [CONFIG] [action] QueryFinish
2018-10-22 11:11:16.890 [uncertain.proc] [FINE] aurora.database.features.AutoQueryCounter.onQueryFinish
2018-10-22 11:11:16.890 [uncertain.proc] [CONFIG] [action] FetchResultSet
2018-10-22 11:11:16.890 [uncertain.proc] [FINE] aurora.database.features.CacheBasedLookUpField.postFetchResultSet
2018-10-22 11:11:16.891 [aurora.database] [CONFIG] 
============= BEGIN [query] SQL Statement execution dump ============
SELECT t1.RECORD_ID,t1.RECIPIENT_SET_ID,t1.BUSINESS_RULE_ID,(select description_text from fnd_descriptions fd where fd.description_id=wb.description_id and fd.language=?) AS description,wb.BUSINESS_RULE_CODE,wb.DESCRIPTION_ID
FROM WFL_NODE_RECIPIENT_SET_RULES t1
	INNER JOIN WFL_BUSINESS_RULES wb ON t1.BUSINESS_RULE_ID = wb.BUSINESS_RULE_ID
WHERE RECIPIENT_SET_ID = ?
---------------------Binding info---------------------
No.1	Access path:/session/@lang	Data type of passed value :java.lang.String	Value:ZHS	Output:false	Database Type:null	
No.2	Access path:@recipient_set_id	Data type of passed value :java.lang.Double	Value:2452.0	Output:false	Database Type:null	

=============== END [query] SQL Statement execution dump ============

2018-10-22 11:11:16.891 [uncertain.proc] [CONFIG] [action] CreateSuccessResponse
