2018-10-15 10:41:42.357 [aurora.application.session_check] [CONFIG] Session data copied to context
2018-10-15 10:41:42.357 [aurora.application.session_check] [CONFIG] Checking BM access wfl.wfl_business_rules for operation batch_update
2018-10-15 10:41:42.357 [aurora.application.session_check] [CONFIG] for batch_update, access check will be performed on each record from parameter
2018-10-15 10:41:42.357 [uncertain.proc] [CONFIG] [action] AccessCheck
2018-10-15 10:41:42.358 [uncertain.proc] [CONFIG] [action] CheckServiceLock
2018-10-15 10:41:42.358 [uncertain.proc] [CONFIG] [action] ParseParameter
2018-10-15 10:41:42.358 [uncertain.proc] [CONFIG] [action] ValidateInput
2018-10-15 10:41:42.358 [uncertain.proc] [CONFIG] [action] InvokeService
2018-10-15 10:41:42.361 [aurora.database] [CONFIG] ============ Running model batch update with data from path /parameter, total 1 records
2018-10-15 10:41:42.361 [aurora.database] [CONFIG] execute update on record No.0 for model wfl.wfl_business_rules
2018-10-15 10:41:42.363 [uncertain.proc] [CONFIG] [action] DecideStatement
2018-10-15 10:41:42.365 [uncertain.proc] [CONFIG] [action] DecideSqlGenerationMode
2018-10-15 10:41:42.365 [uncertain.proc] [FINE] aurora.database.service.BusinessModelService.onDecideSqlGenerationMode
2018-10-15 10:41:42.365 [uncertain.proc] [CONFIG] [action] CreateUpdateStatement
2018-10-15 10:41:42.365 [uncertain.proc] [FINE] aurora.bm.UpdateSqlCreator.onCreateUpdateStatement
2018-10-15 10:41:42.365 [uncertain.proc] [CONFIG] [action] PopulateUpdateStatement
2018-10-15 10:41:42.365 [uncertain.proc] [FINE] aurora.database.features.WhereClauseCreator.onPopulateUpdateStatement
2018-10-15 10:41:42.365 [uncertain.proc] [CONFIG] [action] CreateUpdateSql
2018-10-15 10:41:42.365 [uncertain.proc] [FINE] aurora.bm.UpdateSqlCreator.onCreateUpdateSql
2018-10-15 10:41:42.365 [uncertain.proc] [CONFIG] [action] CreateSqlRunner
2018-10-15 10:41:42.365 [uncertain.proc] [FINE] aurora.database.service.BusinessModelService.onCreateSqlRunner
2018-10-15 10:41:42.365 [uncertain.proc] [CONFIG] [action] ExecuteDmlStatement
2018-10-15 10:41:42.365 [uncertain.proc] [FINE] aurora.database.service.BusinessModelService.onExecuteDmlStatement
2018-10-15 10:41:42.366 [uncertain.proc] [FINE] aurora.database.features.MultiLanguageStorage.postExecuteDmlStatement
2018-10-15 10:41:42.368 [aurora.database] [CONFIG] 
============= BEGIN [MultiLanguageStorage update] SQL Statement execution dump ============

				begin 
					fnd_description_pkg.reset_fnd_descriptions(?,
                                                               ?,
				                                               ?,
				                                               ?,
															   ?,
															   ?,
															   ?
				                                               );
				end;				
			
---------------------Binding info---------------------
No.1	Access path:@DESCRIPTION_ID	Data type of passed value :java.lang.String	Value:267977.0	Output:false	Database Type:null	
No.2	Access path:@REF_TABLE	Data type of passed value :java.lang.String	Value:WFL_BUSINESS_RULES	Output:false	Database Type:null	
No.3	Access path:@REF_FIELD	Data type of passed value :java.lang.String	Value:DESCRIPTION_ID	Output:false	Database Type:null	
No.4	Access path:@DESCRIPTION_TEXT	Data type of passed value :java.lang.String	Value:职务为部门其他负责人或分公司部门主要负责人或中支负责人	Output:false	Database Type:null	
No.5	Access path:/session/@user_id	Data type of passed value :java.lang.Long	Value:1	Output:false	Database Type:null	
No.6	Access path:/session/@user_id	Data type of passed value :java.lang.Long	Value:1	Output:false	Database Type:null	
No.7	Access path:/session/@lang	Data type of passed value :java.lang.String	Value:ZHS	Output:false	Database Type:null	

=============== END [MultiLanguageStorage update] SQL Statement execution dump ============

2018-10-15 10:41:42.368 [aurora.database] [CONFIG] 
============= BEGIN [Update] SQL Statement execution dump ============
UPDATE WFL_BUSINESS_RULES t1
SET t1.BUSINESS_RULE_CODE=?,t1.DESCRIPTION_ID=?,t1.WORKFLOW_CATEGORY=?,t1.START_DATE=?,t1.LAST_UPDATED_BY=?,t1.LAST_UPDATE_DATE=sysdate
WHERE t1.BUSINESS_RULE_ID = ?
---------------------Binding info---------------------
No.1	Access path:@business_rule_code	Data type of passed value :java.lang.String	Value:JC_SQ008	Output:false	Database Type:null	
No.2	Access path:@description_id	Data type of passed value :java.lang.Double	Value:267977.0	Output:false	Database Type:null	
No.3	Access path:@workflow_category	Data type of passed value :java.lang.String	Value:EXP_REQUISITION	Output:false	Database Type:null	
No.4	Access path:@start_date	Data type of passed value :java.sql.Date	Value:2018-10-01	Output:false	Database Type:null	
No.5	Access path:/session/@user_id	Data type of passed value :java.lang.Long	Value:1	Output:false	Database Type:null	
No.6	Access path:@business_rule_id	Data type of passed value :java.lang.Double	Value:1282.0	Output:false	Database Type:null	

=============== END [Update] SQL Statement execution dump ============

2018-10-15 10:41:42.368 [aurora.database] [CONFIG] ============ End of batch update for /parameter
2018-10-15 10:41:42.368 [uncertain.proc] [CONFIG] [action] CreateSuccessResponse
