2018-10-22 11:11:06.509 [aurora.application.session_check] [CONFIG] Session data copied to context
2018-10-22 11:11:06.509 [aurora.application.session_check] [CONFIG] Checking BM access wfl.WFL2030.wfl_business_rule_details for operation batch_update
2018-10-22 11:11:06.509 [aurora.application.session_check] [CONFIG] for batch_update, access check will be performed on each record from parameter
2018-10-22 11:11:06.510 [uncertain.proc] [CONFIG] [action] AccessCheck
2018-10-22 11:11:06.511 [uncertain.proc] [CONFIG] [action] CheckServiceLock
2018-10-22 11:11:06.511 [uncertain.proc] [CONFIG] [action] ParseParameter
2018-10-22 11:11:06.511 [uncertain.proc] [CONFIG] [action] ValidateInput
2018-10-22 11:11:06.511 [uncertain.proc] [CONFIG] [action] InvokeService
2018-10-22 11:11:06.517 [aurora.database] [CONFIG] ============ Running model batch update with data from path /parameter, total 1 records
2018-10-22 11:11:06.517 [aurora.database] [CONFIG] execute insert on record No.0 for model wfl.WFL2030.wfl_business_rule_details
2018-10-22 11:11:06.519 [uncertain.proc] [CONFIG] [action] DecideStatement
2018-10-22 11:11:06.520 [uncertain.proc] [CONFIG] [action] DecideSqlGenerationMode
2018-10-22 11:11:06.520 [uncertain.proc] [FINE] aurora.database.service.BusinessModelService.onDecideSqlGenerationMode
2018-10-22 11:11:06.520 [uncertain.proc] [CONFIG] [action] CreateInsertStatement
2018-10-22 11:11:06.520 [uncertain.proc] [FINE] aurora.bm.InsertSqlCreator.onCreateInsertStatement
2018-10-22 11:11:06.520 [uncertain.proc] [CONFIG] [action] PopulateInsertStatement
2018-10-22 11:11:06.520 [uncertain.proc] [FINE] aurora.database.local.oracle.SequencePk.postPopulateInsertStatement
2018-10-22 11:11:06.520 [uncertain.proc] [CONFIG] [action] CreateInsertSql
2018-10-22 11:11:06.520 [uncertain.proc] [FINE] aurora.bm.InsertSqlCreator.onCreateInsertSql
2018-10-22 11:11:06.520 [uncertain.proc] [CONFIG] [action] CreateSqlRunner
2018-10-22 11:11:06.520 [uncertain.proc] [FINE] aurora.database.service.BusinessModelService.onCreateSqlRunner
2018-10-22 11:11:06.520 [uncertain.proc] [CONFIG] [action] ExecuteDmlStatement
2018-10-22 11:11:06.520 [uncertain.proc] [FINE] aurora.database.service.BusinessModelService.onExecuteDmlStatement
2018-10-22 11:11:06.526 [aurora.database] [CONFIG] 
============= BEGIN [Insert] SQL Statement execution dump ============
BEGIN INSERT INTO WFL_BUSINESS_RULE_DETAILS ( line_number,left_parenthesis,condition_value,right_parenthesis,condition_type,BUSINESS_RULE_DETAIL_ID,BUSINESS_RULE_ID,RULE_PARAMETER_ID,AND_OR,CURRENCY_CODE,INVALID_DATE,SQL_PARAM_1,SQL_PARAM_2,SQL_PARAM_3,SQL_PARAM_4,CREATED_BY,CREATION_DATE,LAST_UPDATED_BY,LAST_UPDATE_DATE) VALUES ( ?,?,?,?,?,WFL_BUSINESS_RULE_DETAILS_S.NEXTVAL,?,?,?,?,?,?,?,?,?,?,sysdate,?,sysdate)  RETURNING BUSINESS_RULE_DETAIL_ID INTO ?; END;
---------------------Binding info---------------------
No.1	Access path:@line_number	Data type of passed value :java.lang.Long	Value:10	Output:false	Database Type:null	
No.2	Access path:@left_parenthesis	Data type of passed value :[null]	Value:null	Output:false	Database Type:null	
No.3	Access path:@condition_value	Data type of passed value :java.lang.String	Value:8606000000	Output:false	Database Type:null	
No.4	Access path:@right_parenthesis	Data type of passed value :[null]	Value:null	Output:false	Database Type:null	
No.5	Access path:@condition_type	Data type of passed value :java.lang.String	Value:EXIST_EQ	Output:false	Database Type:null	
No.6	Access path:@business_rule_id	Data type of passed value :java.lang.Double	Value:1592.0	Output:false	Database Type:null	
No.7	Access path:@rule_parameter_id	Data type of passed value :java.lang.Double	Value:367.0	Output:false	Database Type:null	
No.8	Access path:@and_or	Data type of passed value :java.lang.String	Value:AND	Output:false	Database Type:null	
No.9	Access path:@currency_code	Data type of passed value :[null]	Value:null	Output:false	Database Type:null	
No.10	Access path:@invalid_date	Data type of passed value :[null]	Value:null	Output:false	Database Type:null	
No.11	Access path:@sql_param_1	Data type of passed value :[null]	Value:null	Output:false	Database Type:null	
No.12	Access path:@sql_param_2	Data type of passed value :[null]	Value:null	Output:false	Database Type:null	
No.13	Access path:@sql_param_3	Data type of passed value :[null]	Value:null	Output:false	Database Type:null	
No.14	Access path:@sql_param_4	Data type of passed value :[null]	Value:null	Output:false	Database Type:null	
No.15	Access path:/session/@user_id	Data type of passed value :java.lang.Long	Value:1	Output:false	Database Type:null	
No.16	Access path:/session/@user_id	Data type of passed value :java.lang.Long	Value:1	Output:false	Database Type:null	
No.17	Access path:@business_rule_detail_id	Data type of passed value :[null]	Value:null	Output:true	Database Type:null	

=============== END [Insert] SQL Statement execution dump ============

2018-10-22 11:11:06.526 [aurora.database] [CONFIG] ============ End of batch update for /parameter
2018-10-22 11:11:06.526 [uncertain.proc] [CONFIG] [action] CreateSuccessResponse
