2018-10-16 09:00:07.839 [aurora.application.session_check] [CONFIG] Session data copied to context
2018-10-16 09:00:07.839 [aurora.application.session_check] [CONFIG] Checking BM access wfl.WFL2030.wfl_business_rule_details for operation query
2018-10-16 09:00:07.842 [aurora.application.session_check] [CONFIG] Result from aurora.bm.DefaultAccessChecker@44022183 is true
2018-10-16 09:00:07.842 [uncertain.proc] [CONFIG] [action] AccessCheck
2018-10-16 09:00:07.844 [uncertain.proc] [CONFIG] [action] CheckServiceLock
2018-10-16 09:00:07.844 [uncertain.proc] [CONFIG] [action] ParseParameter
2018-10-16 09:00:07.844 [uncertain.proc] [CONFIG] [action] ValidateInput
2018-10-16 09:00:07.844 [uncertain.proc] [CONFIG] [action] InvokeService
2018-10-16 09:00:07.844 [aurora.database] [CONFIG] ===================================== prepare to run model-query wfl.WFL2030.wfl_business_rule_details==============================
2018-10-16 09:00:07.857 [uncertain.proc] [CONFIG] [action] DecideSqlGenerationMode
2018-10-16 09:00:07.857 [uncertain.proc] [FINE] aurora.database.service.BusinessModelService.onDecideSqlGenerationMode
2018-10-16 09:00:07.857 [uncertain.proc] [CONFIG] [action] CreatequeryStatement
2018-10-16 09:00:07.857 [uncertain.proc] [FINE] aurora.bm.QuerySqlCreator.onCreateQueryStatement
2018-10-16 09:00:07.863 [uncertain.proc] [CONFIG] [action] PopulatequeryStatement
2018-10-16 09:00:07.864 [uncertain.proc] [FINE] aurora.database.features.OrderByClauseCreator.onPopulateQueryStatement
2018-10-16 09:00:07.864 [uncertain.proc] [FINE] aurora.database.features.WhereClauseCreator.onPopulateQueryStatement
2018-10-16 09:00:07.864 [uncertain.proc] [CONFIG] [action] CreatequerySql
2018-10-16 09:00:07.864 [uncertain.proc] [FINE] aurora.bm.QuerySqlCreator.onCreateQuerySql
2018-10-16 09:00:07.864 [uncertain.proc] [CONFIG] [action] ExecuteQuery
2018-10-16 09:00:07.864 [uncertain.proc] [FINE] aurora.bm.QuerySqlCreator.onExecuteQuery
2018-10-16 09:00:07.871 [uncertain.proc] [CONFIG] [action] QueryFinish
2018-10-16 09:00:07.871 [uncertain.proc] [FINE] aurora.database.features.AutoQueryCounter.onQueryFinish
2018-10-16 09:00:07.873 [uncertain.proc] [CONFIG] [action] FetchResultSet
2018-10-16 09:00:07.873 [uncertain.proc] [FINE] aurora.database.features.CacheBasedLookUpField.postFetchResultSet
2018-10-16 09:00:07.877 [aurora.database] [CONFIG] 
============= BEGIN [query] SQL Statement execution dump ============
SELECT t1.line_number,t1.left_parenthesis,(select sv.code_value_name from sys_codes s,sys_code_values_vl sv where s.code_id=sv.code_id and s.code='WFL_BUSINESS_PARENTHESIS_CODE' and sv.code_value=t1.left_parenthesis) AS left_parenthesis_dis,t1.condition_value,t1.right_parenthesis,(select sv.code_value_name from sys_codes s,sys_code_values_vl sv where s.code_id=sv.code_id and s.code='WFL_BUSINESS_PARENTHESIS_CODE' and sv.code_value=t1.right_parenthesis)  AS right_parenthesis_dis,t1.condition_type,t1.BUSINESS_RULE_DETAIL_ID,t1.BUSINESS_RULE_ID,t1.RULE_PARAMETER_ID,t1.AND_OR,t1.CURRENCY_CODE,t1.INVALID_DATE,t1.SQL_PARAM_1,t1.SQL_PARAM_2,t1.SQL_PARAM_3,t1.SQL_PARAM_4,         (select description_text from fnd_descriptions fd where fd.description_id=fc.description_id and fd.language=?)          AS rule_parameter_name,fc.parameter_code AS rule_parameter_code,fc.PARAMETER_ID,fc.PARAMETER_CODE,fc.DESCRIPTION_ID
FROM WFL_BUSINESS_RULE_DETAILS t1
	INNER JOIN WFL_BUSINESS_RULE_PARAMETERS fc ON t1.RULE_PARAMETER_ID = fc.PARAMETER_ID
WHERE BUSINESS_RULE_ID = ?
ORDER BY line_number
---------------------Binding info---------------------
No.1	Access path:/session/@lang	Data type of passed value :java.lang.String	Value:ZHS	Output:false	Database Type:null	
No.2	Access path:@business_rule_id	Data type of passed value :java.lang.Double	Value:1114.0	Output:false	Database Type:null	

=============== END [query] SQL Statement execution dump ============

2018-10-16 09:00:07.877 [uncertain.proc] [CONFIG] [action] CreateSuccessResponse
