2018-10-10 03:47:13.239 [aurora.application.session_check] [CONFIG] Session data copied to context
2018-10-10 03:47:13.239 [aurora.application.session_check] [CONFIG] Checking BM access wfl.wfl_workflow_approval for operation batch_update
2018-10-10 03:47:13.239 [aurora.application.session_check] [CONFIG] for batch_update, access check will be performed on each record from parameter
2018-10-10 03:47:13.239 [uncertain.proc] [CONFIG] [action] AccessCheck
2018-10-10 03:47:13.240 [uncertain.proc] [CONFIG] [action] CheckServiceLock
2018-10-10 03:47:13.240 [uncertain.proc] [CONFIG] [action] ParseParameter
2018-10-10 03:47:13.240 [uncertain.proc] [CONFIG] [action] ValidateInput
2018-10-10 03:47:13.240 [uncertain.proc] [CONFIG] [action] InvokeService
2018-10-10 03:47:13.248 [aurora.database] [CONFIG] ============ Running model batch update with data from path /parameter, total 1 records
2018-10-10 03:47:13.248 [aurora.database] [CONFIG] execute delete on record No.0 for model wfl.wfl_workflow_approval
2018-10-10 03:47:13.250 [uncertain.proc] [CONFIG] [action] DecideStatement
2018-10-10 03:47:13.251 [uncertain.proc] [CONFIG] [action] DecideSqlGenerationMode
2018-10-10 03:47:13.251 [uncertain.proc] [FINE] aurora.database.service.BusinessModelService.onDecideSqlGenerationMode
2018-10-10 03:47:13.251 [uncertain.proc] [CONFIG] [action] CreateDeleteStatement
2018-10-10 03:47:13.251 [uncertain.proc] [FINE] aurora.bm.DeleteSqlCreator.onCreateDeleteStatement
2018-10-10 03:47:13.251 [uncertain.proc] [CONFIG] [action] PopulateDeleteStatement
2018-10-10 03:47:13.251 [uncertain.proc] [FINE] aurora.database.features.WhereClauseCreator.onPopulateDeleteStatement
2018-10-10 03:47:13.251 [uncertain.proc] [CONFIG] [action] CreateDeleteSql
2018-10-10 03:47:13.251 [uncertain.proc] [FINE] aurora.bm.DeleteSqlCreator.onCreateDeleteSql
2018-10-10 03:47:13.251 [uncertain.proc] [CONFIG] [action] CreateSqlRunner
2018-10-10 03:47:13.251 [uncertain.proc] [FINE] aurora.database.service.BusinessModelService.onCreateSqlRunner
2018-10-10 03:47:13.251 [uncertain.proc] [CONFIG] [action] ExecuteDmlStatement
2018-10-10 03:47:13.251 [uncertain.proc] [FINE] aurora.database.service.BusinessModelService.onExecuteDmlStatement
2018-10-10 03:47:13.252 [aurora.database] [CONFIG] 
============= BEGIN [Delete] SQL Statement execution dump ============
DELETE FROM wfl_node_recipient_set e 
WHERE e.recipient_set_id = ?
---------------------Binding info---------------------
No.1	Access path:@recipient_set_id	Data type of passed value :java.lang.Long	Value:1357	Output:false	Database Type:null	

=============== END [Delete] SQL Statement execution dump ============

2018-10-10 03:47:13.252 [aurora.database] [CONFIG] ============ End of batch update for /parameter
2018-10-10 03:47:13.252 [uncertain.proc] [CONFIG] [action] CreateSuccessResponse
