2018-10-15 02:38:20.216 [aurora.application.session_check] [CONFIG] Session data copied to context
2018-10-15 02:38:20.216 [aurora.application.session_check] [CONFIG] Checking BM access wfl.WFL5100.wfl_instance_query for operation query
2018-10-15 02:38:20.218 [aurora.application.session_check] [CONFIG] Result from aurora.bm.DefaultAccessChecker$ConstantChecker@442252e5 is true
2018-10-15 02:38:20.218 [uncertain.proc] [CONFIG] [action] AccessCheck
2018-10-15 02:38:20.220 [uncertain.proc] [CONFIG] [action] CheckServiceLock
2018-10-15 02:38:20.220 [uncertain.proc] [CONFIG] [action] ParseParameter
2018-10-15 02:38:20.220 [uncertain.proc] [CONFIG] [action] ValidateInput
2018-10-15 02:38:20.220 [uncertain.proc] [CONFIG] [action] InvokeService
2018-10-15 02:38:20.220 [aurora.database] [CONFIG] ===================================== prepare to run model-query wfl.WFL5100.wfl_instance_query==============================
2018-10-15 02:38:20.224 [uncertain.proc] [CONFIG] [action] DecideSqlGenerationMode
2018-10-15 02:38:20.224 [uncertain.proc] [FINE] aurora.database.service.BusinessModelService.onDecideSqlGenerationMode
2018-10-15 02:38:20.224 [uncertain.proc] [CONFIG] [action] CreateOperationSql
2018-10-15 02:38:20.224 [uncertain.proc] [CONFIG] [action] PopulateOperationSql
2018-10-15 02:38:20.224 [uncertain.proc] [FINE] aurora.database.features.OrderByClauseCreator.onPopulateOperationSql
2018-10-15 02:38:20.224 [uncertain.proc] [FINE] aurora.database.features.WhereClauseCreator.onPopulateOperationSql
2018-10-15 02:38:20.224 [uncertain.proc] [CONFIG] [action] ExecuteQuery
2018-10-15 02:38:20.224 [uncertain.proc] [FINE] aurora.bm.QuerySqlCreator.onExecuteQuery
2018-10-15 02:38:20.321 [uncertain.proc] [CONFIG] [action] QueryFinish
2018-10-15 02:38:20.321 [uncertain.proc] [FINE] aurora.database.features.AutoQueryCounter.onQueryFinish
2018-10-15 02:38:20.385 [uncertain.proc] [CONFIG] [action] FetchResultSet
2018-10-15 02:38:20.385 [uncertain.proc] [FINE] aurora.database.features.CacheBasedLookUpField.postFetchResultSet
2018-10-15 02:38:20.385 [aurora.database] [CONFIG] 
============= BEGIN [query] SQL Statement execution dump ============

                SELECT
                    *
                FROM
                    (SELECT
                        t.*,
                        DECODE(t.last_approve_name, NULL, NULL, TO_CHAR(t.last_update_date, 'yyyy-mm-dd hh24:mi')) last_update_date_desc,
                        (SELECT
                            TO_CHAR(creation_date,'yyyy-mm-dd')
                        FROM
                            wfl_approve_record war
                        WHERE
                            war.instance_id = t.instance_id AND
                            war.created_by  = ? AND
                            rownum          = 1
                        ) cur_approve_date
                    FROM
                        (SELECT
                            rs.*,
                            TO_CHAR(rs.creation_date, 'yyyy-mm-dd hh24:mi') creation_date_desc,
                            (SELECT
                                code_value_name
                            FROM
                                sys_service_lookup_v
                            WHERE
                                code       = 'WFL_WORKFLOW_INSTANCE_STATUS' AND
                                code_value = TO_CHAR(rs.status) AND
                                language   = 'ZHS'
                            ) status_name,
                            wfl_common_pkg.get_current_node(rs.workflow_id, rs.instance_id, rs.current_node) curr_approve_name,
                            wfl_common_pkg.get_wfl_user_name(rs.created_by) create_by_name,
                            wfl_common_pkg.get_wfl_user_name(rs.created_by) AS employee_name,
                            rs.created_by AS employee_id,
                            wfl_common_pkg.get_wfl_user_name(
                            (SELECT
                                r.created_by
                            FROM
                                wfl_approve_record r
                            WHERE
                                r.record_id =
                               (select  record_id from 
                               (SELECT
		                                a.record_id,a.instance_id
                                FROM
                                    wfl_approve_record a, wfl_workflow_node n
                                WHERE  a.node_id = n.node_id
                             ORDER BY n.sequence_num desc,a.creation_date desc
                                )x where x.instance_id = r.instance_id  and rownum = 1)
                            and r.instance_id = rs.instance_id)) last_approve_name,
                            (SELECT
                                wdr.document_desc
                            FROM
                                wfl_document_reference_vl wdr
                            WHERE
                                rs.workflow_category = wdr.workflow_category
                            ) order_type,
                            TO_CHAR(
                            (SELECT
                                MAX(nr.date_limit)
                            FROM
                                wfl_instance_node_recipient nr,
                                wfl_workflow_node n
                            WHERE
                                nr.instance_id = rs.instance_id AND
                                nr.node_id     = n.node_id AND
                                n.sequence_num = rs.current_node
                            ), 'yyyy-mm-dd hh24:mi') date_limit,
                            wfl_core_pkg.get_can_back_to_pre_node_flag(rs.instance_id,?) can_back_to_pre_node_flag,
                            (SELECT
                                f.company_full_name
                            FROM
                                fnd_companies_vl f
                            WHERE
                                f.company_id = wfl_common_pkg.get_instance_company(rs.instance_id)
                            ) AS company_name,
                            wfl_common_pkg.get_instance_company(rs.instance_id) AS company_id
                        FROM
                            (SELECT
                                a.instance_id,
                                a.workflow_id,
                                a.current_node,
                                a.created_by,
                                a.creation_date,
                                a.document_number order_no,
                                b.name workflow_name,
                                a.last_update_date,
                                b.workflow_category,
                                a.status,
                                a.status_desc,
                                a.instance_amount
                            FROM
                                wfl_workflow_instance a,
                                Wfl_Workflow_Vl b
                            WHERE
                                a.workflow_id = b.workflow_id AND
                                (
                                    EXISTS
                                    (SELECT
                                        1
                                    FROM
                                        wfl_approve_record_v war
                                    WHERE
                                        war.instance_id = a.instance_id AND
                                        war.created_by  = ?
                                    ) 
                                )
                            ) rs
                        ) t
                    ) t  ORDER BY t.creation_date desc
            
---------------------Binding info---------------------
No.1	Access path:/session/@user_id	Data type of passed value :java.lang.Long	Value:891	Output:false	Database Type:null	
No.2	Access path:/session/@user_id	Data type of passed value :java.lang.Long	Value:891	Output:false	Database Type:null	
No.3	Access path:/session/@user_id	Data type of passed value :java.lang.Long	Value:891	Output:false	Database Type:null	

=============== END [query] SQL Statement execution dump ============

2018-10-15 02:38:20.385 [uncertain.proc] [CONFIG] [action] CreateSuccessResponse
