2018-10-18 07:55:36.234 [aurora.application.session_check] [CONFIG] Session data copied to context
2018-10-18 07:55:36.234 [aurora.application.session_check] [CONFIG] Checking BM access wfl.WFL2040.wfl_business_rules_lov for operation query
2018-10-18 07:55:36.235 [aurora.application.session_check] [CONFIG] Result from aurora.bm.DefaultAccessChecker@77156408 is true
2018-10-18 07:55:36.235 [uncertain.proc] [CONFIG] [action] AccessCheck
2018-10-18 07:55:36.237 [uncertain.proc] [CONFIG] [action] CheckServiceLock
2018-10-18 07:55:36.238 [uncertain.proc] [CONFIG] [action] ParseParameter
2018-10-18 07:55:36.238 [uncertain.proc] [CONFIG] [action] ValidateInput
2018-10-18 07:55:36.238 [uncertain.proc] [CONFIG] [action] InvokeService
2018-10-18 07:55:36.238 [aurora.database] [CONFIG] ===================================== prepare to run model-query wfl.WFL2040.wfl_business_rules_lov==============================
2018-10-18 07:55:36.244 [uncertain.proc] [CONFIG] [action] DecideSqlGenerationMode
2018-10-18 07:55:36.244 [uncertain.proc] [FINE] aurora.database.service.BusinessModelService.onDecideSqlGenerationMode
2018-10-18 07:55:36.244 [uncertain.proc] [CONFIG] [action] CreateOperationSql
2018-10-18 07:55:36.244 [uncertain.proc] [CONFIG] [action] PopulateOperationSql
2018-10-18 07:55:36.244 [uncertain.proc] [FINE] aurora.database.features.OrderByClauseCreator.onPopulateOperationSql
2018-10-18 07:55:36.244 [uncertain.proc] [FINE] aurora.database.features.WhereClauseCreator.onPopulateOperationSql
2018-10-18 07:55:36.244 [uncertain.proc] [CONFIG] [action] ExecuteQuery
2018-10-18 07:55:36.244 [uncertain.proc] [FINE] aurora.bm.QuerySqlCreator.onExecuteQuery
2018-10-18 07:55:36.246 [uncertain.proc] [CONFIG] [action] QueryFinish
2018-10-18 07:55:36.246 [uncertain.proc] [FINE] aurora.database.features.AutoQueryCounter.onQueryFinish
2018-10-18 07:55:36.246 [uncertain.proc] [CONFIG] [action] FetchResultSet
2018-10-18 07:55:36.246 [uncertain.proc] [FINE] aurora.database.features.CacheBasedLookUpField.postFetchResultSet
2018-10-18 07:55:36.246 [aurora.database] [CONFIG] 
============= BEGIN [query] SQL Statement execution dump ============

            	select * from (
            		select t1.business_rule_id,
					       t1.business_rule_code,
					       t1.description_id,
					       t1.workflow_category,
					       to_char(start_date, 'yyyy-mm-dd') as start_date,
					       to_char(end_date, 'yyyy-mm-dd') as end_date,
					       (select description_text
					          from fnd_descriptions
					         where description_id = t1.description_id
					           and language = ?) as description
					  from wfl_business_rules t1
					 where sysdate >= t1.start_date and sysdate <= nvl(t1.end_date,to_date('9999-12-31','yyyy-mm-dd'))
					   and exists (select 1
					          from wfl_workflow ww
					         where ww.workflow_category = t1.workflow_category
					           and ww.workflow_id = ?))
	            WHERE BUSINESS_RULE_CODE LIKE ?
        	
---------------------Binding info---------------------
No.1	Access path:/session/@lang	Data type of passed value :java.lang.String	Value:ZHS	Output:false	Database Type:null	
No.2	Access path:@workflow_id	Data type of passed value :java.lang.String	Value:210	Output:false	Database Type:null	
No.3	Access path:@business_rule_code	Data type of passed value :java.lang.String	Value:LN%	Output:false	Database Type:null	

=============== END [query] SQL Statement execution dump ============

2018-10-18 07:55:36.247 [uncertain.proc] [CONFIG] [action] CreateSuccessResponse
