2018-10-17 05:57:31.126 [aurora.application.session_check] [CONFIG] Session data copied to context
2018-10-17 05:57:31.126 [aurora.application.session_check] [CONFIG] Checking BM access wfl.WFL1001.wfl_workflow_return_list for operation query
2018-10-17 05:57:31.128 [aurora.application.session_check] [CONFIG] Result from aurora.bm.DefaultAccessChecker$ConstantChecker@442252e5 is true
2018-10-17 05:57:31.128 [uncertain.proc] [CONFIG] [action] AccessCheck
2018-10-17 05:57:31.129 [uncertain.proc] [CONFIG] [action] CheckServiceLock
2018-10-17 05:57:31.129 [uncertain.proc] [CONFIG] [action] ParseParameter
2018-10-17 05:57:31.129 [uncertain.proc] [CONFIG] [action] ValidateInput
2018-10-17 05:57:31.129 [uncertain.proc] [CONFIG] [action] InvokeService
2018-10-17 05:57:31.129 [aurora.database] [CONFIG] ===================================== prepare to run model-query wfl.WFL1001.wfl_workflow_return_list==============================
2018-10-17 05:57:31.135 [uncertain.proc] [CONFIG] [action] DecideSqlGenerationMode
2018-10-17 05:57:31.135 [uncertain.proc] [FINE] aurora.database.service.BusinessModelService.onDecideSqlGenerationMode
2018-10-17 05:57:31.135 [uncertain.proc] [CONFIG] [action] CreateOperationSql
2018-10-17 05:57:31.135 [uncertain.proc] [CONFIG] [action] PopulateOperationSql
2018-10-17 05:57:31.135 [uncertain.proc] [FINE] aurora.database.features.OrderByClauseCreator.onPopulateOperationSql
2018-10-17 05:57:31.135 [uncertain.proc] [FINE] aurora.database.features.WhereClauseCreator.onPopulateOperationSql
2018-10-17 05:57:31.135 [uncertain.proc] [CONFIG] [action] ExecuteQuery
2018-10-17 05:57:31.136 [uncertain.proc] [FINE] aurora.bm.QuerySqlCreator.onExecuteQuery
2018-10-17 05:57:31.247 [uncertain.proc] [CONFIG] [action] QueryFinish
2018-10-17 05:57:31.248 [uncertain.proc] [FINE] aurora.database.features.AutoQueryCounter.onQueryFinish
2018-10-17 05:57:31.371 [uncertain.proc] [CONFIG] [action] FetchResultSet
2018-10-17 05:57:31.371 [uncertain.proc] [FINE] aurora.database.features.CacheBasedLookUpField.postFetchResultSet
2018-10-17 05:57:31.371 [aurora.database] [CONFIG] 
============= BEGIN [query] SQL Statement execution dump ============

                SELECT
                    *
                FROM
                    (SELECT
                        TO_CHAR(i.last_update_date, 'yyyy-mm-dd hh24:mi') last_update_date,
                        i.instance_id,
                        i.document_number ,
                        i.instance_amount instance_amount,
                        i.attribute_n_1,
                        i.attribute_n_2,
                        i.attribute_n_3,
                        i.attribute_n_4,
                        i.attribute_n_5,
                        i.attribute_n_6,
                        i.attribute_n_7,
                        i.attribute_n_8,
                        i.attribute_n_9,
                        i.attribute_n_10,
                        i.attribute_c_1,
                        i.attribute_c_2,
                        i.attribute_c_3,
                        i.attribute_c_4,
                        i.attribute_c_5,
                        i.attribute_c_6,
                        i.attribute_c_7,
                        i.attribute_c_8,
                        i.attribute_c_9,
                        i.attribute_c_10,
                        i.attribute_d_1,
                        i.attribute_d_2,
                        i.attribute_d_3,
                        i.attribute_d_4,
                        i.attribute_d_5,
                        i.attribute_d_6,
                        i.attribute_d_7,
                        i.attribute_d_8,
                        i.attribute_d_9,
                        i.attribute_d_10,
                        '拒绝' AS type,
                        (SELECT
                            l.employee_name
                        FROM
                            wfl_users_employee_v l
                        WHERE
                            l.user_id = i.last_updated_by
                        ) name,
                        wf.name AS workflow_name,
                        wf.description AS workflow_desc,
                        wf.UPDATE_FORM,
                        (SELECT
                            r.document_desc
                        FROM
                            wfl_document_reference_vl r
                        WHERE
                            r.workflow_category = wf.workflow_category
                        ) order_type,
                        wf.workflow_category,
                        i.instance_param
                    FROM
                        (SELECT
                            MAX(i.instance_id) instance_id
                        FROM
                            wfl_workflow_instance i,
                            wfl_workflow w1
                        WHERE
                            i.status      = -1 AND
                            i.created_by  =? AND
                            i.workflow_id = w1.workflow_id AND
                            NOT EXISTS
                            (SELECT
                                1
                            FROM
                                wfl_workflow_instance a,
                                wfl_workflow w2
                            WHERE
                                a.instance_id        > i.instance_id AND
                                a.workflow_id        = w2.workflow_id AND
                                w1.workflow_category = w2.workflow_category AND
                                a.instance_param     = i.instance_param
                            )
                        UNION
                        SELECT
                            MAX(i.instance_id) instance_id
                        FROM
                            wfl_workflow_instance i,
                            wfl_workflow w1
                        WHERE
                            i.status      = -1 AND
                            i.workflow_id = w1.workflow_id AND
                            NOT EXISTS
                            (SELECT
                                1
                            FROM
                                wfl_workflow_instance a,
                                wfl_workflow w2
                            WHERE
                                a.instance_id        > i.instance_id AND
                                a.workflow_id        = w2.workflow_id AND
                                w1.workflow_category = w2.workflow_category AND
                                a.instance_param     = i.instance_param
                            ) AND
                            EXISTS
                            (SELECT
                                1
                            FROM
                                exp_report_headers rep
                            WHERE
                                rep.exp_report_header_id = i.instance_param AND
                                rep.exp_report_number    = i.document_number AND
                                rep.employee_id          =
                                (SELECT u.employee_id FROM sys_user u WHERE u.user_id = ?
                                ) AND
                                w1.workflow_category = 'EXP_REPORT'
                            UNION ALL
                            SELECT
                                1
                            FROM
                                exp_requisition_headers req
                            WHERE
                                req.exp_requisition_header_id = i.instance_param AND
                                req.exp_requisition_number    = i.document_number AND
                                req.employee_id               =
                                (SELECT u.employee_id FROM sys_user u WHERE u.user_id = ?
                                ) AND
                                w1.workflow_category = 'EXP_REQUISITION'
                            UNION ALL
                            SELECT
                                1
                            FROM
                                csh_payment_requisition_hds crh
                            WHERE
                                crh.payment_requisition_header_id = i.instance_param AND
                                crh.requisition_number            = i.document_number AND
                                crh.employee_id                   =
                                (SELECT u.employee_id FROM sys_user u WHERE u.user_id = ?
                                ) AND
                                w1.workflow_category = 'PAYMENT_REQUISITION'
                            UNION ALL
                            SELECT
                                1
                            FROM
                                acp_acp_requisition_hds acr
                            WHERE
                                acr.acp_requisition_header_id = i.instance_param AND
                                acr.requisition_number        = i.document_number AND
                                acr.employee_id               =
                                (SELECT u.employee_id FROM sys_user u WHERE u.user_id = ?
                                ) AND
                                w1.workflow_category = 'ACP_REQUISITION'
                            UNION ALL
                            SELECT
                                1
                            FROM
                                bgt_journal_headers bjh
                            WHERE
                                bjh.journal_header_id     = i.instance_param AND
                                bjh.budget_journal_number = i.document_number AND
                                bjh.employee_id           =
                                (SELECT u.employee_id FROM sys_user u WHERE u.user_id = ?
                                ) AND
                                w1.workflow_category = 'BUDGET_JOURNAL'
                            UNION ALL
                            SELECT
                                1
                            FROM
                                gld_work_order_headers gwo
                            WHERE
                                gwo.work_order_header_id = i.instance_param AND
                                gwo.work_order_number    = i.document_number AND
                                gwo.employee_id          =
                                (SELECT u.employee_id FROM sys_user u WHERE u.user_id = ?
                                ) AND
                                w1.workflow_category = 'WORK_ORDER'
                            )
                        GROUP BY
                            w1.workflow_category,
                            i.instance_param
                        ) t,
                        wfl_workflow_instance i,
                        wfl_workflow_vl wf
                    WHERE
                        i.instance_id = t.instance_id AND
                        i.workflow_id = wf.workflow_id
                    ) v 
            
---------------------Binding info---------------------
No.1	Access path:/session/@user_id	Data type of passed value :java.lang.Long	Value:1	Output:false	Database Type:null	
No.2	Access path:/session/@user_id	Data type of passed value :java.lang.Long	Value:1	Output:false	Database Type:null	
No.3	Access path:/session/@user_id	Data type of passed value :java.lang.Long	Value:1	Output:false	Database Type:null	
No.4	Access path:/session/@user_id	Data type of passed value :java.lang.Long	Value:1	Output:false	Database Type:null	
No.5	Access path:/session/@user_id	Data type of passed value :java.lang.Long	Value:1	Output:false	Database Type:null	
No.6	Access path:/session/@user_id	Data type of passed value :java.lang.Long	Value:1	Output:false	Database Type:null	
No.7	Access path:/session/@user_id	Data type of passed value :java.lang.Long	Value:1	Output:false	Database Type:null	

=============== END [query] SQL Statement execution dump ============

2018-10-17 05:57:31.371 [uncertain.proc] [CONFIG] [action] CreateSuccessResponse
