2018-10-19 02:39:01.626 [aurora.application.session_check] [CONFIG] Session data copied to context
2018-10-19 02:39:01.626 [aurora.application.session_check] [CONFIG] Checking BM access wfl.WFL2030.wfl_business_rule_details for operation batch_update
2018-10-19 02:39:01.626 [aurora.application.session_check] [CONFIG] for batch_update, access check will be performed on each record from parameter
2018-10-19 02:39:01.626 [uncertain.proc] [CONFIG] [action] AccessCheck
2018-10-19 02:39:01.627 [uncertain.proc] [CONFIG] [action] CheckServiceLock
2018-10-19 02:39:01.627 [uncertain.proc] [CONFIG] [action] ParseParameter
2018-10-19 02:39:01.627 [uncertain.proc] [CONFIG] [action] ValidateInput
2018-10-19 02:39:01.627 [uncertain.proc] [CONFIG] [action] InvokeService
2018-10-19 02:39:01.633 [aurora.database] [CONFIG] ============ Running model batch update with data from path /parameter, total 2 records
2018-10-19 02:39:01.633 [aurora.database] [CONFIG] execute update on record No.0 for model wfl.WFL2030.wfl_business_rule_details
2018-10-19 02:39:01.636 [uncertain.proc] [CONFIG] [action] DecideStatement
2018-10-19 02:39:01.638 [uncertain.proc] [CONFIG] [action] DecideSqlGenerationMode
2018-10-19 02:39:01.638 [uncertain.proc] [FINE] aurora.database.service.BusinessModelService.onDecideSqlGenerationMode
2018-10-19 02:39:01.638 [uncertain.proc] [CONFIG] [action] CreateUpdateStatement
2018-10-19 02:39:01.638 [uncertain.proc] [FINE] aurora.bm.UpdateSqlCreator.onCreateUpdateStatement
2018-10-19 02:39:01.638 [uncertain.proc] [CONFIG] [action] PopulateUpdateStatement
2018-10-19 02:39:01.638 [uncertain.proc] [FINE] aurora.database.features.WhereClauseCreator.onPopulateUpdateStatement
2018-10-19 02:39:01.639 [uncertain.proc] [CONFIG] [action] CreateUpdateSql
2018-10-19 02:39:01.639 [uncertain.proc] [FINE] aurora.bm.UpdateSqlCreator.onCreateUpdateSql
2018-10-19 02:39:01.639 [uncertain.proc] [CONFIG] [action] CreateSqlRunner
2018-10-19 02:39:01.639 [uncertain.proc] [FINE] aurora.database.service.BusinessModelService.onCreateSqlRunner
2018-10-19 02:39:01.639 [uncertain.proc] [CONFIG] [action] ExecuteDmlStatement
2018-10-19 02:39:01.639 [uncertain.proc] [FINE] aurora.database.service.BusinessModelService.onExecuteDmlStatement
2018-10-19 02:39:01.639 [aurora.database] [CONFIG] 
============= BEGIN [Update] SQL Statement execution dump ============
UPDATE WFL_BUSINESS_RULE_DETAILS t1
SET t1.line_number=?,t1.condition_value=?,t1.condition_type=?,t1.BUSINESS_RULE_ID=?,t1.RULE_PARAMETER_ID=?,t1.AND_OR=?,t1.LAST_UPDATED_BY=?,t1.LAST_UPDATE_DATE=sysdate
WHERE t1.BUSINESS_RULE_DETAIL_ID = ?
---------------------Binding info---------------------
No.1	Access path:@line_number	Data type of passed value :java.lang.Long	Value:10	Output:false	Database Type:null	
No.2	Access path:@condition_value	Data type of passed value :java.lang.String	Value:Y	Output:false	Database Type:null	
No.3	Access path:@condition_type	Data type of passed value :java.lang.String	Value:EQ	Output:false	Database Type:null	
No.4	Access path:@business_rule_id	Data type of passed value :java.lang.Double	Value:1457.0	Output:false	Database Type:null	
No.5	Access path:@rule_parameter_id	Data type of passed value :java.lang.Double	Value:237.0	Output:false	Database Type:null	
No.6	Access path:@and_or	Data type of passed value :java.lang.String	Value:AND	Output:false	Database Type:null	
No.7	Access path:/session/@user_id	Data type of passed value :java.lang.Long	Value:1	Output:false	Database Type:null	
No.8	Access path:@business_rule_detail_id	Data type of passed value :java.lang.Double	Value:2422.0	Output:false	Database Type:null	

=============== END [Update] SQL Statement execution dump ============

2018-10-19 02:39:01.639 [aurora.database] [CONFIG] execute update on record No.1 for model wfl.WFL2030.wfl_business_rule_details
2018-10-19 02:39:01.641 [uncertain.proc] [CONFIG] [action] DecideStatement
2018-10-19 02:39:01.642 [uncertain.proc] [CONFIG] [action] DecideSqlGenerationMode
2018-10-19 02:39:01.642 [uncertain.proc] [FINE] aurora.database.service.BusinessModelService.onDecideSqlGenerationMode
2018-10-19 02:39:01.644 [uncertain.proc] [CONFIG] [action] CreateUpdateStatement
2018-10-19 02:39:01.644 [uncertain.proc] [FINE] aurora.bm.UpdateSqlCreator.onCreateUpdateStatement
2018-10-19 02:39:01.644 [uncertain.proc] [CONFIG] [action] PopulateUpdateStatement
2018-10-19 02:39:01.644 [uncertain.proc] [FINE] aurora.database.features.WhereClauseCreator.onPopulateUpdateStatement
2018-10-19 02:39:01.644 [uncertain.proc] [CONFIG] [action] CreateUpdateSql
2018-10-19 02:39:01.644 [uncertain.proc] [FINE] aurora.bm.UpdateSqlCreator.onCreateUpdateSql
2018-10-19 02:39:01.644 [uncertain.proc] [CONFIG] [action] CreateSqlRunner
2018-10-19 02:39:01.644 [uncertain.proc] [FINE] aurora.database.service.BusinessModelService.onCreateSqlRunner
2018-10-19 02:39:01.644 [uncertain.proc] [CONFIG] [action] ExecuteDmlStatement
2018-10-19 02:39:01.644 [uncertain.proc] [FINE] aurora.database.service.BusinessModelService.onExecuteDmlStatement
2018-10-19 02:39:01.645 [aurora.database] [CONFIG] 
============= BEGIN [Update] SQL Statement execution dump ============
UPDATE WFL_BUSINESS_RULE_DETAILS t1
SET t1.line_number=?,t1.condition_value=?,t1.condition_type=?,t1.BUSINESS_RULE_ID=?,t1.RULE_PARAMETER_ID=?,t1.AND_OR=?,t1.LAST_UPDATED_BY=?,t1.LAST_UPDATE_DATE=sysdate
WHERE t1.BUSINESS_RULE_DETAIL_ID = ?
---------------------Binding info---------------------
No.1	Access path:@line_number	Data type of passed value :java.lang.Long	Value:20	Output:false	Database Type:null	
No.2	Access path:@condition_value	Data type of passed value :java.lang.String	Value:CQ-POS0001	Output:false	Database Type:null	
No.3	Access path:@condition_type	Data type of passed value :java.lang.String	Value:EQ	Output:false	Database Type:null	
No.4	Access path:@business_rule_id	Data type of passed value :java.lang.Double	Value:1457.0	Output:false	Database Type:null	
No.5	Access path:@rule_parameter_id	Data type of passed value :java.lang.Double	Value:234.0	Output:false	Database Type:null	
No.6	Access path:@and_or	Data type of passed value :java.lang.String	Value:AND	Output:false	Database Type:null	
No.7	Access path:/session/@user_id	Data type of passed value :java.lang.Long	Value:1	Output:false	Database Type:null	
No.8	Access path:@business_rule_detail_id	Data type of passed value :java.lang.Double	Value:2423.0	Output:false	Database Type:null	

=============== END [Update] SQL Statement execution dump ============

2018-10-19 02:39:01.645 [aurora.database] [CONFIG] ============ End of batch update for /parameter
2018-10-19 02:39:01.645 [uncertain.proc] [CONFIG] [action] CreateSuccessResponse
