2018-10-10 07:18:38.388 [aurora.application.session_check] [CONFIG] Session data copied to context
2018-10-10 07:18:38.388 [aurora.application.session_check] [CONFIG] Checking BM access wfl.WFL3010.wfl_instance_save_delete for operation batch_update
2018-10-10 07:18:38.388 [aurora.application.session_check] [CONFIG] for batch_update, access check will be performed on each record from parameter
2018-10-10 07:18:38.388 [uncertain.proc] [CONFIG] [action] AccessCheck
2018-10-10 07:18:38.390 [uncertain.proc] [CONFIG] [action] CheckServiceLock
2018-10-10 07:18:38.390 [uncertain.proc] [CONFIG] [action] ParseParameter
2018-10-10 07:18:38.390 [uncertain.proc] [CONFIG] [action] ValidateInput
2018-10-10 07:18:38.390 [uncertain.proc] [CONFIG] [action] InvokeService
2018-10-10 07:18:38.392 [aurora.database] [CONFIG] ============ Running model batch update with data from path /parameter, total 1 records
2018-10-10 07:18:38.392 [aurora.database] [CONFIG] execute insert on record No.0 for model wfl.WFL3010.wfl_instance_save_delete
2018-10-10 07:18:38.395 [uncertain.proc] [CONFIG] [action] DecideStatement
2018-10-10 07:18:38.396 [uncertain.proc] [CONFIG] [action] DecideSqlGenerationMode
2018-10-10 07:18:38.397 [uncertain.proc] [FINE] aurora.database.service.BusinessModelService.onDecideSqlGenerationMode
2018-10-10 07:18:38.397 [uncertain.proc] [CONFIG] [action] CreateOperationSql
2018-10-10 07:18:38.397 [uncertain.proc] [CONFIG] [action] PopulateOperationSql
2018-10-10 07:18:38.397 [uncertain.proc] [FINE] aurora.database.features.OrderByClauseCreator.onPopulateOperationSql
2018-10-10 07:18:38.397 [uncertain.proc] [FINE] aurora.database.features.WhereClauseCreator.onPopulateOperationSql
2018-10-10 07:18:38.397 [uncertain.proc] [CONFIG] [action] CreateSqlRunner
2018-10-10 07:18:38.397 [uncertain.proc] [FINE] aurora.database.service.BusinessModelService.onCreateSqlRunner
2018-10-10 07:18:38.397 [uncertain.proc] [CONFIG] [action] ExecuteDmlStatement
2018-10-10 07:18:38.397 [uncertain.proc] [FINE] aurora.database.service.BusinessModelService.onExecuteDmlStatement
2018-10-10 07:18:38.517 [aurora.database] [CONFIG] 
============= BEGIN [Insert] SQL Statement execution dump ============

                begin
                  wfl_core_pkg.workflow_run_instance_delete(?);
                  
                  insert into wfl_audit_record
                    (instance_id,
                     creation_date,
                     changed_by,
                     change_desc,
                     created_by,
                     last_update_date,
                     last_updated_by)
                  values
                    (?,
                     sysdate,
                     ?,
                     ?,
                     ?,
                     sysdate,
                     ?);
                end;
            
---------------------Binding info---------------------
No.1	Access path:@instance_id	Data type of passed value :java.lang.String	Value:2763	Output:false	Database Type:null	
No.2	Access path:@instance_id	Data type of passed value :java.lang.String	Value:2763	Output:false	Database Type:null	
No.3	Access path:/session/@user_id	Data type of passed value :java.lang.Long	Value:1	Output:false	Database Type:null	
No.4	Access path:@reason	Data type of passed value :java.lang.String	Value:123	Output:false	Database Type:null	
No.5	Access path:/session/@user_id	Data type of passed value :java.lang.Long	Value:1	Output:false	Database Type:null	
No.6	Access path:/session/@user_id	Data type of passed value :java.lang.Long	Value:1	Output:false	Database Type:null	

=============== END [Insert] SQL Statement execution dump ============

2018-10-10 07:18:38.517 [aurora.database] [CONFIG] ============ End of batch update for /parameter
2018-10-10 07:18:38.517 [uncertain.proc] [CONFIG] [action] CreateSuccessResponse
