2018-10-10 08:14:06.801 [aurora.application.session_check] [CONFIG] Session data copied to context
2018-10-10 08:14:06.802 [aurora.application.session_check] [CONFIG] Checking BM access wfl.WFL2040.wfl_node_recipient_set_rules for operation batch_update
2018-10-10 08:14:06.802 [aurora.application.session_check] [CONFIG] for batch_update, access check will be performed on each record from parameter
2018-10-10 08:14:06.802 [uncertain.proc] [CONFIG] [action] AccessCheck
2018-10-10 08:14:06.803 [uncertain.proc] [CONFIG] [action] CheckServiceLock
2018-10-10 08:14:06.803 [uncertain.proc] [CONFIG] [action] ParseParameter
2018-10-10 08:14:06.803 [uncertain.proc] [CONFIG] [action] ValidateInput
2018-10-10 08:14:06.803 [uncertain.proc] [CONFIG] [action] InvokeService
2018-10-10 08:14:06.808 [aurora.database] [CONFIG] ============ Running model batch update with data from path /parameter, total 1 records
2018-10-10 08:14:06.808 [aurora.database] [CONFIG] execute insert on record No.0 for model wfl.WFL2040.wfl_node_recipient_set_rules
2018-10-10 08:14:06.810 [uncertain.proc] [CONFIG] [action] DecideStatement
2018-10-10 08:14:06.811 [uncertain.proc] [CONFIG] [action] DecideSqlGenerationMode
2018-10-10 08:14:06.811 [uncertain.proc] [FINE] aurora.database.service.BusinessModelService.onDecideSqlGenerationMode
2018-10-10 08:14:06.811 [uncertain.proc] [CONFIG] [action] CreateInsertStatement
2018-10-10 08:14:06.811 [uncertain.proc] [FINE] aurora.bm.InsertSqlCreator.onCreateInsertStatement
2018-10-10 08:14:06.811 [uncertain.proc] [CONFIG] [action] PopulateInsertStatement
2018-10-10 08:14:06.811 [uncertain.proc] [FINE] aurora.database.local.oracle.SequencePk.postPopulateInsertStatement
2018-10-10 08:14:06.811 [uncertain.proc] [CONFIG] [action] CreateInsertSql
2018-10-10 08:14:06.811 [uncertain.proc] [FINE] aurora.bm.InsertSqlCreator.onCreateInsertSql
2018-10-10 08:14:06.811 [uncertain.proc] [CONFIG] [action] CreateSqlRunner
2018-10-10 08:14:06.811 [uncertain.proc] [FINE] aurora.database.service.BusinessModelService.onCreateSqlRunner
2018-10-10 08:14:06.811 [uncertain.proc] [CONFIG] [action] ExecuteDmlStatement
2018-10-10 08:14:06.811 [uncertain.proc] [FINE] aurora.database.service.BusinessModelService.onExecuteDmlStatement
2018-10-10 08:14:06.812 [aurora.database] [CONFIG] 
============= BEGIN [Insert] SQL Statement execution dump ============
BEGIN INSERT INTO WFL_NODE_RECIPIENT_SET_RULES ( RECORD_ID,RECIPIENT_SET_ID,BUSINESS_RULE_ID,CREATED_BY,CREATION_DATE,LAST_UPDATED_BY,LAST_UPDATE_DATE) VALUES ( WFL_NODE_RECIPIENT_SET_RULES_S.NEXTVAL,?,?,?,sysdate,?,sysdate)  RETURNING RECORD_ID INTO ?; END;
---------------------Binding info---------------------
No.1	Access path:@recipient_set_id	Data type of passed value :java.lang.Double	Value:1253.0	Output:false	Database Type:null	
No.2	Access path:@business_rule_id	Data type of passed value :java.lang.Double	Value:1134.0	Output:false	Database Type:null	
No.3	Access path:/session/@user_id	Data type of passed value :java.lang.Long	Value:1	Output:false	Database Type:null	
No.4	Access path:/session/@user_id	Data type of passed value :java.lang.Long	Value:1	Output:false	Database Type:null	
No.5	Access path:@record_id	Data type of passed value :[null]	Value:null	Output:true	Database Type:null	

=============== END [Insert] SQL Statement execution dump ============

2018-10-10 08:14:06.812 [aurora.database] [CONFIG] ============ End of batch update for /parameter
2018-10-10 08:14:06.812 [uncertain.proc] [CONFIG] [action] CreateSuccessResponse
