2018-10-16 07:01:45.186 [aurora.application.session_check] [CONFIG] Session data copied to context
2018-10-16 07:01:45.186 [aurora.application.session_check] [CONFIG] Checking BM access wfl.WFL2020.wfl_business_rule_parameters for operation query
2018-10-16 07:01:45.187 [aurora.application.session_check] [CONFIG] Result from aurora.bm.DefaultAccessChecker@b78894c is true
2018-10-16 07:01:45.187 [uncertain.proc] [CONFIG] [action] AccessCheck
2018-10-16 07:01:45.188 [uncertain.proc] [CONFIG] [action] CheckServiceLock
2018-10-16 07:01:45.188 [uncertain.proc] [CONFIG] [action] ParseParameter
2018-10-16 07:01:45.189 [uncertain.proc] [CONFIG] [action] ValidateInput
2018-10-16 07:01:45.189 [uncertain.proc] [CONFIG] [action] InvokeService
2018-10-16 07:01:45.189 [aurora.database] [CONFIG] ===================================== prepare to run model-query wfl.WFL2020.wfl_business_rule_parameters==============================
2018-10-16 07:01:45.193 [uncertain.proc] [CONFIG] [action] DecideSqlGenerationMode
2018-10-16 07:01:45.193 [uncertain.proc] [FINE] aurora.database.service.BusinessModelService.onDecideSqlGenerationMode
2018-10-16 07:01:45.193 [uncertain.proc] [CONFIG] [action] CreatequeryStatement
2018-10-16 07:01:45.193 [uncertain.proc] [FINE] aurora.bm.QuerySqlCreator.onCreateQueryStatement
2018-10-16 07:01:45.193 [uncertain.proc] [CONFIG] [action] PopulatequeryStatement
2018-10-16 07:01:45.193 [uncertain.proc] [FINE] aurora.database.features.OrderByClauseCreator.onPopulateQueryStatement
2018-10-16 07:01:45.193 [uncertain.proc] [FINE] aurora.database.features.WhereClauseCreator.onPopulateQueryStatement
2018-10-16 07:01:45.193 [uncertain.proc] [CONFIG] [action] CreatequerySql
2018-10-16 07:01:45.193 [uncertain.proc] [FINE] aurora.bm.QuerySqlCreator.onCreateQuerySql
2018-10-16 07:01:45.193 [uncertain.proc] [CONFIG] [action] ExecuteQuery
2018-10-16 07:01:45.193 [uncertain.proc] [FINE] aurora.bm.QuerySqlCreator.onExecuteQuery
2018-10-16 07:01:45.196 [uncertain.proc] [CONFIG] [action] QueryFinish
2018-10-16 07:01:45.196 [uncertain.proc] [FINE] aurora.database.features.AutoQueryCounter.onQueryFinish
2018-10-16 07:01:45.196 [uncertain.proc] [CONFIG] [action] FetchResultSet
2018-10-16 07:01:45.196 [uncertain.proc] [FINE] aurora.database.features.CacheBasedLookUpField.postFetchResultSet
2018-10-16 07:01:45.196 [aurora.database] [CONFIG] 
============= BEGIN [query] SQL Statement execution dump ============
SELECT t1.PARAMETER_ID,t1.PARAMETER_CODE,t1.DESCRIPTION_ID,t1.ENABLED_FLAG,t1.WORKFLOW_CATEGORY,t1.SQL_CONTENTS,(select DESCRIPTION_TEXT from fnd_descriptions where DESCRIPTION_ID=t1.description_id and Language=?) AS description
FROM WFL_BUSINESS_RULE_PARAMETERS t1

---------------------Binding info---------------------
No.1	Access path:/session/@lang	Data type of passed value :java.lang.String	Value:ZHS	Output:false	Database Type:null	

=============== END [query] SQL Statement execution dump ============

2018-10-16 07:01:45.196 [uncertain.proc] [CONFIG] [action] CreateSuccessResponse
