2018-10-15 03:34:17.965 [aurora.application.session_check] [CONFIG] Session data copied to context
2018-10-15 03:34:17.965 [aurora.application.session_check] [CONFIG] Checking BM access wfl.WFL5010.wfl_workflow_instance_self_current for operation query
2018-10-15 03:34:17.966 [aurora.application.session_check] [CONFIG] Result from aurora.bm.DefaultAccessChecker$ConstantChecker@442252e5 is true
2018-10-15 03:34:17.966 [uncertain.proc] [CONFIG] [action] AccessCheck
2018-10-15 03:34:17.967 [uncertain.proc] [CONFIG] [action] CheckServiceLock
2018-10-15 03:34:17.967 [uncertain.proc] [CONFIG] [action] ParseParameter
2018-10-15 03:34:17.967 [uncertain.proc] [CONFIG] [action] ValidateInput
2018-10-15 03:34:17.967 [uncertain.proc] [CONFIG] [action] InvokeService
2018-10-15 03:34:17.967 [aurora.database] [CONFIG] ===================================== prepare to run model-query wfl.WFL5010.wfl_workflow_instance_self_current==============================
2018-10-15 03:34:17.971 [uncertain.proc] [CONFIG] [action] DecideSqlGenerationMode
2018-10-15 03:34:17.971 [uncertain.proc] [FINE] aurora.database.service.BusinessModelService.onDecideSqlGenerationMode
2018-10-15 03:34:17.971 [uncertain.proc] [CONFIG] [action] CreateOperationSql
2018-10-15 03:34:17.971 [uncertain.proc] [CONFIG] [action] PopulateOperationSql
2018-10-15 03:34:17.971 [uncertain.proc] [FINE] aurora.database.features.OrderByClauseCreator.onPopulateOperationSql
2018-10-15 03:34:17.971 [uncertain.proc] [FINE] aurora.database.features.WhereClauseCreator.onPopulateOperationSql
2018-10-15 03:34:17.971 [uncertain.proc] [CONFIG] [action] ExecuteQuery
2018-10-15 03:34:17.971 [uncertain.proc] [FINE] aurora.bm.QuerySqlCreator.onExecuteQuery
2018-10-15 03:34:17.982 [uncertain.proc] [CONFIG] [action] QueryFinish
2018-10-15 03:34:17.982 [uncertain.proc] [FINE] aurora.database.features.AutoQueryCounter.onQueryFinish
2018-10-15 03:34:17.991 [uncertain.proc] [CONFIG] [action] FetchResultSet
2018-10-15 03:34:17.991 [uncertain.proc] [FINE] aurora.database.features.CacheBasedLookUpField.postFetchResultSet
2018-10-15 03:34:17.991 [aurora.database] [CONFIG] 
============= BEGIN [query] SQL Statement execution dump ============

                SELECT
                    t.*,
                    wfl_common_pkg.can_cancel_instance(?,t.instance_id) allow_cancel,
                    DECODE(t.last_approve_name, NULL, NULL, TO_CHAR(t.LAST_UPDATE_DATE, 'yyyy-mm-dd hh24:mi')) LAST_UPDATE_DATE_desc
                FROM
                    (SELECT
                        rs.*,
                        TO_CHAR(rs.creation_date, 'yyyy-mm-dd hh24:mi') creation_date_desc,
                        (SELECT
                            code_value_name
                        FROM
                            sys_code_values_v
                        WHERE
                            code       = 'WFL_WORKFLOW_INSTANCE_STATUS' AND
                            code_value = TO_CHAR(rs.status)
                        ) status_name,
                        wfl_common_pkg.get_current_node(rs.workflow_id, rs.instance_id, rs.current_node) curr_approve_name,
                        wfl_common_pkg.get_wfl_user_name(rs.created_by) create_by_name,
                        wfl_common_pkg.get_wfl_user_name(
                        (SELECT
                            r.created_by
                        FROM
                            wfl_approve_record r
                        WHERE
                            r.record_id =
                            (SELECT
                                MAX(record_id)
                            FROM
                                wfl_approve_record
                            WHERE
                                instance_id = rs.instance_id
                            )
                        )) last_approve_name,
                        (SELECT
                            r.created_by
                        FROM
                            wfl_approve_record r
                        WHERE
                            r.record_id =
                            (SELECT
                                MAX(record_id)
                            FROM
                                wfl_approve_record
                            WHERE
                                instance_id = rs.instance_id
                            )
                        ) last_approve_user_id,
                        (SELECT
                            wdr.document_desc
                        FROM
                            wfl_document_reference_vl wdr
                        WHERE
                            rs.workflow_category = wdr.workflow_category
                        ) ORDER_TYPE,
                        TO_CHAR(
                        (SELECT
                            MAX(nr.date_limit)
                        FROM
                            wfl_instance_node_recipient nr,
                            wfl_workflow_node n
                        WHERE
                            nr.instance_id = rs.instance_id AND
                            nr.node_id     = n.node_id AND
                            n.sequence_num = rs.current_node
                        ), 'yyyy-mm-dd hh24:mi') date_limit
                    FROM
                        (SELECT
                            a.instance_id,
                            a.workflow_id,
                            a.current_node,
                            a.created_by,
                            a.creation_date,
                            a.document_number ORDER_NO,
                            b.name workflow_name,
                            a.LAST_UPDATE_DATE,
                            b.workflow_category,
                            a.status,
                            b.can_cancel,
                            a.status_desc,
                            a.instance_amount
                        FROM
                            wfl_workflow_instance a,
                            wfl_workflow_vl b
                        WHERE
                            a.created_by  =? AND
                            a.workflow_id = b.workflow_id AND
                            a.status      = 1
                        UNION
                        SELECT
                            A.INSTANCE_ID,
                            A.WORKFLOW_ID,
                            A.CURRENT_NODE,
                            A.CREATED_BY,
                            A.CREATION_DATE,
                            A.DOCUMENT_NUMBER ORDER_NO,
                            B.NAME WORKFLOW_NAME,
                            A.LAST_UPDATE_DATE,
                            B.WORKFLOW_CATEGORY,
                            A.STATUS,
                            B.CAN_CANCEL,
                            A.STATUS_DESC,
                            A.INSTANCE_AMOUNT
                        FROM
                            WFL_WORKFLOW_INSTANCE A,
                            WFL_WORKFLOW_VL B
                        WHERE
                            A.WORKFLOW_ID = B.WORKFLOW_ID AND
                            A.STATUS      = 1 AND
                            EXISTS
                            (SELECT
                                1
                            FROM
                                exp_report_headers rep
                            WHERE
                                rep.exp_report_header_id = a.instance_param AND
                                rep.exp_report_number    = a.document_number AND
                                rep.employee_id          =
                                (SELECT u.employee_id FROM sys_user u WHERE u.user_id = ?
                                ) AND
                                b.workflow_category = 'EXP_REPORT'
                            UNION ALL
                            SELECT
                                1
                            FROM
                                exp_requisition_headers req
                            WHERE
                                req.exp_requisition_header_id = a.instance_param AND
                                req.exp_requisition_number    = a.document_number AND
                                req.employee_id               =
                                (SELECT u.employee_id FROM sys_user u WHERE u.user_id = ?
                                ) AND
                                b.workflow_category = 'EXP_REQUISITION'
                            UNION ALL
                            SELECT
                                1
                            FROM
                                CSH_PAYMENT_REQUISITION_HDS crh
                            WHERE
                                crh.payment_requisition_header_id = a.instance_param AND
                                crh.requisition_number            = a.document_number AND
                                crh.employee_id                   =
                                (SELECT u.employee_id FROM sys_user u WHERE u.user_id = ?
                                ) AND
                                b.workflow_category = 'PAYMENT_REQUISITION'
                            UNION ALL
                            SELECT
                                1
                            FROM
                                acp_acp_requisition_hds acr
                            WHERE
                                acr.acp_requisition_header_id = a.instance_param AND
                                acr.requisition_number        = a.document_number AND
                                acr.employee_id               =
                                (SELECT u.employee_id FROM sys_user u WHERE u.user_id = ?
                                ) AND
                                b.workflow_category = 'ACP_REQUISITION'
                            UNION ALL
                            SELECT
                                1
                            FROM
                                BGT_JOURNAL_HEADERS bjh
                            WHERE
                                bjh.journal_header_id     = a.instance_param AND
                                bjh.budget_journal_number = a.document_number AND
                                bjh.employee_id           =
                                (SELECT u.employee_id FROM sys_user u WHERE u.user_id = ?
                                ) AND
                                b.workflow_category = 'BUDGET_JOURNAL'
                            UNION ALL
                            SELECT
                                1
                            FROM
                                GLD_WORK_ORDER_HEADERS gwo
                            WHERE
                                gwo.work_order_header_id = a.instance_param AND
                                gwo.work_order_number    = a.document_number AND
                                gwo.employee_id          =
                                (SELECT u.employee_id FROM sys_user u WHERE u.user_id = ?
                                ) AND
                                b.workflow_category = 'WORK_ORDER'
                            )
                        ) rs
                    ORDER BY
                        rs.creation_date DESC
                    ) t  WHERE t.status='1'
            
---------------------Binding info---------------------
No.1	Access path:/session/@user_id	Data type of passed value :java.lang.Long	Value:891	Output:false	Database Type:null	
No.2	Access path:/session/@user_id	Data type of passed value :java.lang.Long	Value:891	Output:false	Database Type:null	
No.3	Access path:/session/@user_id	Data type of passed value :java.lang.Long	Value:891	Output:false	Database Type:null	
No.4	Access path:/session/@user_id	Data type of passed value :java.lang.Long	Value:891	Output:false	Database Type:null	
No.5	Access path:/session/@user_id	Data type of passed value :java.lang.Long	Value:891	Output:false	Database Type:null	
No.6	Access path:/session/@user_id	Data type of passed value :java.lang.Long	Value:891	Output:false	Database Type:null	
No.7	Access path:/session/@user_id	Data type of passed value :java.lang.Long	Value:891	Output:false	Database Type:null	
No.8	Access path:/session/@user_id	Data type of passed value :java.lang.Long	Value:891	Output:false	Database Type:null	

=============== END [query] SQL Statement execution dump ============

2018-10-15 03:34:17.991 [uncertain.proc] [CONFIG] [action] CreateSuccessResponse
