2018-10-17 08:25:13.767 [aurora.application.session_check] [CONFIG] Session data copied to context
2018-10-17 08:25:13.767 [aurora.application.session_check] [CONFIG] Checking BM access wfl.wfl_business_rules for operation query
2018-10-17 08:25:13.768 [aurora.application.session_check] [CONFIG] Result from aurora.bm.DefaultAccessChecker@21a990ea is true
2018-10-17 08:25:13.768 [uncertain.proc] [CONFIG] [action] AccessCheck
2018-10-17 08:25:13.770 [uncertain.proc] [CONFIG] [action] CheckServiceLock
2018-10-17 08:25:13.770 [uncertain.proc] [CONFIG] [action] ParseParameter
2018-10-17 08:25:13.770 [uncertain.proc] [CONFIG] [action] ValidateInput
2018-10-17 08:25:13.770 [uncertain.proc] [CONFIG] [action] InvokeService
2018-10-17 08:25:13.770 [aurora.database] [CONFIG] ===================================== prepare to run model-query wfl.wfl_business_rules==============================
2018-10-17 08:25:13.774 [uncertain.proc] [CONFIG] [action] DecideSqlGenerationMode
2018-10-17 08:25:13.774 [uncertain.proc] [FINE] aurora.database.service.BusinessModelService.onDecideSqlGenerationMode
2018-10-17 08:25:13.774 [uncertain.proc] [CONFIG] [action] CreatequeryStatement
2018-10-17 08:25:13.774 [uncertain.proc] [FINE] aurora.bm.QuerySqlCreator.onCreateQueryStatement
2018-10-17 08:25:13.774 [uncertain.proc] [CONFIG] [action] PopulatequeryStatement
2018-10-17 08:25:13.774 [uncertain.proc] [FINE] aurora.database.features.OrderByClauseCreator.onPopulateQueryStatement
2018-10-17 08:25:13.774 [uncertain.proc] [FINE] aurora.database.features.WhereClauseCreator.onPopulateQueryStatement
2018-10-17 08:25:13.774 [uncertain.proc] [CONFIG] [action] CreatequerySql
2018-10-17 08:25:13.774 [uncertain.proc] [FINE] aurora.bm.QuerySqlCreator.onCreateQuerySql
2018-10-17 08:25:13.774 [uncertain.proc] [CONFIG] [action] ExecuteQuery
2018-10-17 08:25:13.774 [uncertain.proc] [FINE] aurora.bm.QuerySqlCreator.onExecuteQuery
2018-10-17 08:25:13.781 [uncertain.proc] [CONFIG] [action] QueryFinish
2018-10-17 08:25:13.781 [uncertain.proc] [FINE] aurora.database.features.AutoQueryCounter.onQueryFinish
2018-10-17 08:25:13.781 [uncertain.proc] [CONFIG] [action] FetchResultSet
2018-10-17 08:25:13.781 [uncertain.proc] [FINE] aurora.database.features.CacheBasedLookUpField.postFetchResultSet
2018-10-17 08:25:13.781 [aurora.database] [CONFIG] 
============= BEGIN [query] SQL Statement execution dump ============
SELECT t1.BUSINESS_RULE_ID,t1.BUSINESS_RULE_CODE,t1.DESCRIPTION_ID,t1.WORKFLOW_CATEGORY,to_char(start_date,'yyyy-mm-dd') AS start_date,to_char(end_date,'yyyy-mm-dd') AS end_date,(select DESCRIPTION_TEXT from fnd_descriptions where DESCRIPTION_ID=t1.description_id and Language=?) AS description
FROM WFL_BUSINESS_RULES t1

ORDER BY business_rule_code
---------------------Binding info---------------------
No.1	Access path:/session/@lang	Data type of passed value :java.lang.String	Value:ZHS	Output:false	Database Type:null	

=============== END [query] SQL Statement execution dump ============

2018-10-17 08:25:13.781 [uncertain.proc] [CONFIG] [action] CreateSuccessResponse
