2018-10-11 08:31:07.943 [aurora.application.session_check] [CONFIG] Session data copied to context
2018-10-11 08:31:07.944 [aurora.application.session_check] [CONFIG] Checking BM access wfl.WFL3010.wfl_instance_query_approve_record for operation query
2018-10-11 08:31:07.945 [aurora.application.session_check] [CONFIG] Result from aurora.bm.DefaultAccessChecker@7257ed26 is true
2018-10-11 08:31:07.945 [uncertain.proc] [CONFIG] [action] AccessCheck
2018-10-11 08:31:07.946 [uncertain.proc] [CONFIG] [action] CheckServiceLock
2018-10-11 08:31:07.946 [uncertain.proc] [CONFIG] [action] ParseParameter
2018-10-11 08:31:07.946 [uncertain.proc] [CONFIG] [action] ValidateInput
2018-10-11 08:31:07.946 [uncertain.proc] [CONFIG] [action] InvokeService
2018-10-11 08:31:07.946 [aurora.database] [CONFIG] ===================================== prepare to run model-query wfl.WFL3010.wfl_instance_query_approve_record==============================
2018-10-11 08:31:07.951 [uncertain.proc] [CONFIG] [action] DecideSqlGenerationMode
2018-10-11 08:31:07.951 [uncertain.proc] [FINE] aurora.database.service.BusinessModelService.onDecideSqlGenerationMode
2018-10-11 08:31:07.951 [uncertain.proc] [CONFIG] [action] CreateOperationSql
2018-10-11 08:31:07.951 [uncertain.proc] [CONFIG] [action] PopulateOperationSql
2018-10-11 08:31:07.951 [uncertain.proc] [FINE] aurora.database.features.OrderByClauseCreator.onPopulateOperationSql
2018-10-11 08:31:07.951 [uncertain.proc] [FINE] aurora.database.features.WhereClauseCreator.onPopulateOperationSql
2018-10-11 08:31:07.951 [uncertain.proc] [CONFIG] [action] ExecuteQuery
2018-10-11 08:31:07.951 [uncertain.proc] [FINE] aurora.bm.QuerySqlCreator.onExecuteQuery
2018-10-11 08:31:07.952 [uncertain.proc] [CONFIG] [action] QueryFinish
2018-10-11 08:31:07.952 [uncertain.proc] [FINE] aurora.database.features.AutoQueryCounter.onQueryFinish
2018-10-11 08:31:07.952 [uncertain.proc] [CONFIG] [action] FetchResultSet
2018-10-11 08:31:07.952 [uncertain.proc] [FINE] aurora.database.features.CacheBasedLookUpField.postFetchResultSet
2018-10-11 08:31:07.952 [aurora.database] [CONFIG] 
============= BEGIN [query] SQL Statement execution dump ============

                SELECT
                    TO_CHAR(a.creation_date, 'yyyy-mm-dd hh24:mi') AS creation_date,
                    a.user_name,
                    a.action_title,
                    a.comment_text,
                    (SELECT name FROM wfl_workflow_node_vl WHERE node_id = a.node_id
                    ) AS node
                FROM
                    wfl_approve_record_v a, wfl_workflow_node n
                WHERE
                    instance_id = ?
                AND  a.node_id = n.node_id
                ORDER BY
                     n.sequence_num,a.creation_date                    
           
---------------------Binding info---------------------
No.1	Access path:@instance_id	Data type of passed value :java.lang.Integer	Value:2774	Output:false	Database Type:null	

=============== END [query] SQL Statement execution dump ============

2018-10-11 08:31:07.952 [uncertain.proc] [CONFIG] [action] CreateSuccessResponse
