2018-10-22 10:34:53.753 [aurora.application.session_check] [CONFIG] Session data copied to context
2018-10-22 10:34:53.754 [aurora.application.session_check] [CONFIG] Checking BM access wfl.wfl_back_instance for operation insert
2018-10-22 10:34:53.755 [aurora.application.session_check] [CONFIG] Result from aurora.bm.DefaultAccessChecker$ConstantChecker@442252e5 is true
2018-10-22 10:34:53.755 [uncertain.proc] [CONFIG] [action] AccessCheck
2018-10-22 10:34:53.756 [uncertain.proc] [CONFIG] [action] CheckServiceLock
2018-10-22 10:34:53.756 [uncertain.proc] [CONFIG] [action] ParseParameter
2018-10-22 10:34:53.756 [uncertain.proc] [CONFIG] [action] ValidateInput
2018-10-22 10:34:53.756 [uncertain.proc] [CONFIG] [action] InvokeService
2018-10-22 10:34:53.759 [uncertain.proc] [CONFIG] [action] DecideStatement
2018-10-22 10:34:53.760 [uncertain.proc] [CONFIG] [action] DecideSqlGenerationMode
2018-10-22 10:34:53.760 [uncertain.proc] [FINE] aurora.database.service.BusinessModelService.onDecideSqlGenerationMode
2018-10-22 10:34:53.760 [uncertain.proc] [CONFIG] [action] CreateOperationSql
2018-10-22 10:34:53.760 [uncertain.proc] [CONFIG] [action] PopulateOperationSql
2018-10-22 10:34:53.760 [uncertain.proc] [FINE] aurora.database.features.OrderByClauseCreator.onPopulateOperationSql
2018-10-22 10:34:53.760 [uncertain.proc] [FINE] aurora.database.features.WhereClauseCreator.onPopulateOperationSql
2018-10-22 10:34:53.761 [uncertain.proc] [CONFIG] [action] CreateSqlRunner
2018-10-22 10:34:53.761 [uncertain.proc] [FINE] aurora.database.service.BusinessModelService.onCreateSqlRunner
2018-10-22 10:34:53.761 [uncertain.proc] [CONFIG] [action] ExecuteDmlStatement
2018-10-22 10:34:53.761 [uncertain.proc] [FINE] aurora.database.service.BusinessModelService.onExecuteDmlStatement
2018-10-22 10:34:53.967 [aurora.database] [CONFIG] 
============= BEGIN [Insert] SQL Statement execution dump ============

             begin 
               wfl_core_pkg.workflow_cancel(?,? ); 
             end;
           
---------------------Binding info---------------------
No.1	Access path:@instance_id	Data type of passed value :java.lang.Integer	Value:2900	Output:false	Database Type:null	
No.2	Access path:/session/@user_id	Data type of passed value :java.lang.Long	Value:345	Output:false	Database Type:null	

=============== END [Insert] SQL Statement execution dump ============

2018-10-22 10:34:53.967 [uncertain.proc] [CONFIG] [action] CreateSuccessResponse
