2018-09-29 09:31:36.825 [aurora.application.session_check] [CONFIG] Session data copied to context
2018-09-29 09:31:36.825 [aurora.application.session_check] [CONFIG] Access check result for modules/exp/EXP4030/exp_sob_batch_companiex.svc => success
2018-09-29 09:31:36.825 [uncertain.proc] [CONFIG] [action] AccessCheck
2018-09-29 09:31:36.828 [uncertain.proc] [CONFIG] [action] CheckServiceLock
2018-09-29 09:31:36.828 [uncertain.proc] [CONFIG] [action] ParseParameter
2018-09-29 09:31:36.828 [uncertain.proc] [CONFIG] [action] ValidateInput
2018-09-29 09:31:36.828 [uncertain.proc] [CONFIG] [action] InvokeService
2018-09-29 09:31:36.828 [aurora.database] [CONFIG] Running batch-apply with data from path /parameter/detail1, total 47 records
2018-09-29 09:31:36.828 [aurora.database] [CONFIG] Executing batch-apply on parameter No.0
2018-09-29 09:31:36.828 [aurora.database] [CONFIG] Running batch-apply with data from path @current_parameter/detail2, total 1 records
2018-09-29 09:31:36.828 [aurora.database] [CONFIG] Executing batch-apply on parameter No.0
2018-09-29 09:31:36.832 [uncertain.proc] [CONFIG] [action] DecideStatement
2018-09-29 09:31:36.834 [uncertain.proc] [CONFIG] [action] DecideSqlGenerationMode
2018-09-29 09:31:36.834 [uncertain.proc] [FINE] aurora.database.service.BusinessModelService.onDecideSqlGenerationMode
2018-09-29 09:31:36.834 [uncertain.proc] [CONFIG] [action] CreateOperationSql
2018-09-29 09:31:36.834 [uncertain.proc] [CONFIG] [action] PopulateOperationSql
2018-09-29 09:31:36.834 [uncertain.proc] [FINE] aurora.database.features.OrderByClauseCreator.onPopulateOperationSql
2018-09-29 09:31:36.834 [uncertain.proc] [FINE] aurora.database.features.WhereClauseCreator.onPopulateOperationSql
2018-09-29 09:31:36.834 [uncertain.proc] [CONFIG] [action] CreateSqlRunner
2018-09-29 09:31:36.834 [uncertain.proc] [FINE] aurora.database.service.BusinessModelService.onCreateSqlRunner
2018-09-29 09:31:36.834 [uncertain.proc] [CONFIG] [action] ExecuteDmlStatement
2018-09-29 09:31:36.834 [uncertain.proc] [FINE] aurora.database.service.BusinessModelService.onExecuteDmlStatement
2018-09-29 09:31:36.839 [aurora.database] [CONFIG] 
============= BEGIN [execute] SQL Statement execution dump ============

                begin
                    EXP_SOB_EXPENSE_TYPES_PKG.EXP_TYPES_SELECT_COMPANY
                    (
                        p_company_id=>?,
                        p_expense_type_code=>?,
                        p_description=>?,
                        p_enabled_flag=>?,
                        p_user_id=>?,
                        p_other_company_use_flag=>?,
                        p_sob_id=>?	
                       
                    );
                end;
---------------------Binding info---------------------
No.1	Access path:@company_id	Data type of passed value :java.lang.Long	Value:2537	Output:false	Database Type:null	
No.2	Access path:../../@expense_type_code	Data type of passed value :java.lang.String	Value:BX01	Output:false	Database Type:null	
No.3	Access path:../../@description	Data type of passed value :java.lang.String	Value:差旅费	Output:false	Database Type:null	
No.4	Access path:../../@enabled_flag	Data type of passed value :java.lang.String	Value:Y	Output:false	Database Type:null	
No.5	Access path:/session/@user_id	Data type of passed value :java.lang.Long	Value:2232	Output:false	Database Type:null	
No.6	Access path:../../@other_company_use_flag	Data type of passed value :[null]	Value:null	Output:false	Database Type:null	
No.7	Access path:../../@set_of_books_id	Data type of passed value :java.lang.String	Value:122	Output:false	Database Type:null	

=============== END [execute] SQL Statement execution dump ============

2018-09-29 09:31:36.839 [aurora.database] [CONFIG] Executing batch-apply on parameter No.1
2018-09-29 09:31:36.839 [aurora.database] [CONFIG] Running batch-apply with data from path @current_parameter/detail2, total 1 records
2018-09-29 09:31:36.839 [aurora.database] [CONFIG] Executing batch-apply on parameter No.0
2018-09-29 09:31:36.843 [uncertain.proc] [CONFIG] [action] DecideStatement
2018-09-29 09:31:36.844 [uncertain.proc] [CONFIG] [action] DecideSqlGenerationMode
2018-09-29 09:31:36.844 [uncertain.proc] [FINE] aurora.database.service.BusinessModelService.onDecideSqlGenerationMode
2018-09-29 09:31:36.844 [uncertain.proc] [CONFIG] [action] CreateOperationSql
2018-09-29 09:31:36.844 [uncertain.proc] [CONFIG] [action] PopulateOperationSql
2018-09-29 09:31:36.844 [uncertain.proc] [FINE] aurora.database.features.OrderByClauseCreator.onPopulateOperationSql
2018-09-29 09:31:36.844 [uncertain.proc] [FINE] aurora.database.features.WhereClauseCreator.onPopulateOperationSql
2018-09-29 09:31:36.844 [uncertain.proc] [CONFIG] [action] CreateSqlRunner
2018-09-29 09:31:36.844 [uncertain.proc] [FINE] aurora.database.service.BusinessModelService.onCreateSqlRunner
2018-09-29 09:31:36.844 [uncertain.proc] [CONFIG] [action] ExecuteDmlStatement
2018-09-29 09:31:36.844 [uncertain.proc] [FINE] aurora.database.service.BusinessModelService.onExecuteDmlStatement
2018-09-29 09:31:36.854 [aurora.database] [CONFIG] 
============= BEGIN [execute] SQL Statement execution dump ============

                begin
                    EXP_SOB_EXPENSE_TYPES_PKG.EXP_TYPES_SELECT_COMPANY
                    (
                        p_company_id=>?,
                        p_expense_type_code=>?,
                        p_description=>?,
                        p_enabled_flag=>?,
                        p_user_id=>?,
                        p_other_company_use_flag=>?,
                        p_sob_id=>?	
                       
                    );
                end;
---------------------Binding info---------------------
No.1	Access path:@company_id	Data type of passed value :java.lang.Long	Value:2537	Output:false	Database Type:null	
No.2	Access path:../../@expense_type_code	Data type of passed value :java.lang.String	Value:BX02	Output:false	Database Type:null	
No.3	Access path:../../@description	Data type of passed value :java.lang.String	Value:展业费-差旅费	Output:false	Database Type:null	
No.4	Access path:../../@enabled_flag	Data type of passed value :java.lang.String	Value:Y	Output:false	Database Type:null	
No.5	Access path:/session/@user_id	Data type of passed value :java.lang.Long	Value:2232	Output:false	Database Type:null	
No.6	Access path:../../@other_company_use_flag	Data type of passed value :[null]	Value:null	Output:false	Database Type:null	
No.7	Access path:../../@set_of_books_id	Data type of passed value :java.lang.String	Value:122	Output:false	Database Type:null	

=============== END [execute] SQL Statement execution dump ============

2018-09-29 09:31:36.861 [aurora.database] [CONFIG] Executing batch-apply on parameter No.2
2018-09-29 09:31:36.861 [aurora.database] [CONFIG] Running batch-apply with data from path @current_parameter/detail2, total 1 records
2018-09-29 09:31:36.861 [aurora.database] [CONFIG] Executing batch-apply on parameter No.0
2018-09-29 09:31:36.864 [uncertain.proc] [CONFIG] [action] DecideStatement
2018-09-29 09:31:36.866 [uncertain.proc] [CONFIG] [action] DecideSqlGenerationMode
2018-09-29 09:31:36.866 [uncertain.proc] [FINE] aurora.database.service.BusinessModelService.onDecideSqlGenerationMode
2018-09-29 09:31:36.866 [uncertain.proc] [CONFIG] [action] CreateOperationSql
2018-09-29 09:31:36.866 [uncertain.proc] [CONFIG] [action] PopulateOperationSql
2018-09-29 09:31:36.866 [uncertain.proc] [FINE] aurora.database.features.OrderByClauseCreator.onPopulateOperationSql
2018-09-29 09:31:36.866 [uncertain.proc] [FINE] aurora.database.features.WhereClauseCreator.onPopulateOperationSql
2018-09-29 09:31:36.866 [uncertain.proc] [CONFIG] [action] CreateSqlRunner
2018-09-29 09:31:36.866 [uncertain.proc] [FINE] aurora.database.service.BusinessModelService.onCreateSqlRunner
2018-09-29 09:31:36.866 [uncertain.proc] [CONFIG] [action] ExecuteDmlStatement
2018-09-29 09:31:36.866 [uncertain.proc] [FINE] aurora.database.service.BusinessModelService.onExecuteDmlStatement
2018-09-29 09:31:36.869 [aurora.database] [CONFIG] 
============= BEGIN [execute] SQL Statement execution dump ============

                begin
                    EXP_SOB_EXPENSE_TYPES_PKG.EXP_TYPES_SELECT_COMPANY
                    (
                        p_company_id=>?,
                        p_expense_type_code=>?,
                        p_description=>?,
                        p_enabled_flag=>?,
                        p_user_id=>?,
                        p_other_company_use_flag=>?,
                        p_sob_id=>?	
                       
                    );
                end;
---------------------Binding info---------------------
No.1	Access path:@company_id	Data type of passed value :java.lang.Long	Value:2537	Output:false	Database Type:null	
No.2	Access path:../../@expense_type_code	Data type of passed value :java.lang.String	Value:BX03	Output:false	Database Type:null	
No.3	Access path:../../@description	Data type of passed value :java.lang.String	Value:业务招待费	Output:false	Database Type:null	
No.4	Access path:../../@enabled_flag	Data type of passed value :java.lang.String	Value:Y	Output:false	Database Type:null	
No.5	Access path:/session/@user_id	Data type of passed value :java.lang.Long	Value:2232	Output:false	Database Type:null	
No.6	Access path:../../@other_company_use_flag	Data type of passed value :[null]	Value:null	Output:false	Database Type:null	
No.7	Access path:../../@set_of_books_id	Data type of passed value :java.lang.String	Value:122	Output:false	Database Type:null	

=============== END [execute] SQL Statement execution dump ============

2018-09-29 09:31:36.869 [aurora.database] [CONFIG] Executing batch-apply on parameter No.3
2018-09-29 09:31:36.869 [aurora.database] [CONFIG] Running batch-apply with data from path @current_parameter/detail2, total 1 records
2018-09-29 09:31:36.869 [aurora.database] [CONFIG] Executing batch-apply on parameter No.0
2018-09-29 09:31:36.873 [uncertain.proc] [CONFIG] [action] DecideStatement
2018-09-29 09:31:36.875 [uncertain.proc] [CONFIG] [action] DecideSqlGenerationMode
2018-09-29 09:31:36.875 [uncertain.proc] [FINE] aurora.database.service.BusinessModelService.onDecideSqlGenerationMode
2018-09-29 09:31:36.876 [uncertain.proc] [CONFIG] [action] CreateOperationSql
2018-09-29 09:31:36.876 [uncertain.proc] [CONFIG] [action] PopulateOperationSql
2018-09-29 09:31:36.876 [uncertain.proc] [FINE] aurora.database.features.OrderByClauseCreator.onPopulateOperationSql
2018-09-29 09:31:36.876 [uncertain.proc] [FINE] aurora.database.features.WhereClauseCreator.onPopulateOperationSql
2018-09-29 09:31:36.876 [uncertain.proc] [CONFIG] [action] CreateSqlRunner
2018-09-29 09:31:36.876 [uncertain.proc] [FINE] aurora.database.service.BusinessModelService.onCreateSqlRunner
2018-09-29 09:31:36.876 [uncertain.proc] [CONFIG] [action] ExecuteDmlStatement
2018-09-29 09:31:36.876 [uncertain.proc] [FINE] aurora.database.service.BusinessModelService.onExecuteDmlStatement
2018-09-29 09:31:36.879 [aurora.database] [CONFIG] 
============= BEGIN [execute] SQL Statement execution dump ============

                begin
                    EXP_SOB_EXPENSE_TYPES_PKG.EXP_TYPES_SELECT_COMPANY
                    (
                        p_company_id=>?,
                        p_expense_type_code=>?,
                        p_description=>?,
                        p_enabled_flag=>?,
                        p_user_id=>?,
                        p_other_company_use_flag=>?,
                        p_sob_id=>?	
                       
                    );
                end;
---------------------Binding info---------------------
No.1	Access path:@company_id	Data type of passed value :java.lang.Long	Value:2537	Output:false	Database Type:null	
No.2	Access path:../../@expense_type_code	Data type of passed value :java.lang.String	Value:BX04	Output:false	Database Type:null	
No.3	Access path:../../@description	Data type of passed value :java.lang.String	Value:展业费-业务招待费	Output:false	Database Type:null	
No.4	Access path:../../@enabled_flag	Data type of passed value :java.lang.String	Value:Y	Output:false	Database Type:null	
No.5	Access path:/session/@user_id	Data type of passed value :java.lang.Long	Value:2232	Output:false	Database Type:null	
No.6	Access path:../../@other_company_use_flag	Data type of passed value :[null]	Value:null	Output:false	Database Type:null	
No.7	Access path:../../@set_of_books_id	Data type of passed value :java.lang.String	Value:122	Output:false	Database Type:null	

=============== END [execute] SQL Statement execution dump ============

2018-09-29 09:31:36.879 [aurora.database] [CONFIG] Executing batch-apply on parameter No.4
2018-09-29 09:31:36.879 [aurora.database] [CONFIG] Running batch-apply with data from path @current_parameter/detail2, total 1 records
2018-09-29 09:31:36.879 [aurora.database] [CONFIG] Executing batch-apply on parameter No.0
2018-09-29 09:31:36.882 [uncertain.proc] [CONFIG] [action] DecideStatement
2018-09-29 09:31:36.884 [uncertain.proc] [CONFIG] [action] DecideSqlGenerationMode
2018-09-29 09:31:36.884 [uncertain.proc] [FINE] aurora.database.service.BusinessModelService.onDecideSqlGenerationMode
2018-09-29 09:31:36.884 [uncertain.proc] [CONFIG] [action] CreateOperationSql
2018-09-29 09:31:36.884 [uncertain.proc] [CONFIG] [action] PopulateOperationSql
2018-09-29 09:31:36.884 [uncertain.proc] [FINE] aurora.database.features.OrderByClauseCreator.onPopulateOperationSql
2018-09-29 09:31:36.884 [uncertain.proc] [FINE] aurora.database.features.WhereClauseCreator.onPopulateOperationSql
2018-09-29 09:31:36.884 [uncertain.proc] [CONFIG] [action] CreateSqlRunner
2018-09-29 09:31:36.884 [uncertain.proc] [FINE] aurora.database.service.BusinessModelService.onCreateSqlRunner
2018-09-29 09:31:36.884 [uncertain.proc] [CONFIG] [action] ExecuteDmlStatement
2018-09-29 09:31:36.884 [uncertain.proc] [FINE] aurora.database.service.BusinessModelService.onExecuteDmlStatement
2018-09-29 09:31:36.917 [aurora.database] [CONFIG] 
============= BEGIN [execute] SQL Statement execution dump ============

                begin
                    EXP_SOB_EXPENSE_TYPES_PKG.EXP_TYPES_SELECT_COMPANY
                    (
                        p_company_id=>?,
                        p_expense_type_code=>?,
                        p_description=>?,
                        p_enabled_flag=>?,
                        p_user_id=>?,
                        p_other_company_use_flag=>?,
                        p_sob_id=>?	
                       
                    );
                end;
---------------------Binding info---------------------
No.1	Access path:@company_id	Data type of passed value :java.lang.Long	Value:2537	Output:false	Database Type:null	
No.2	Access path:../../@expense_type_code	Data type of passed value :java.lang.String	Value:BX05	Output:false	Database Type:null	
No.3	Access path:../../@description	Data type of passed value :java.lang.String	Value:固定资产	Output:false	Database Type:null	
No.4	Access path:../../@enabled_flag	Data type of passed value :java.lang.String	Value:Y	Output:false	Database Type:null	
No.5	Access path:/session/@user_id	Data type of passed value :java.lang.Long	Value:2232	Output:false	Database Type:null	
No.6	Access path:../../@other_company_use_flag	Data type of passed value :[null]	Value:null	Output:false	Database Type:null	
No.7	Access path:../../@set_of_books_id	Data type of passed value :java.lang.String	Value:122	Output:false	Database Type:null	

=============== END [execute] SQL Statement execution dump ============

2018-09-29 09:31:36.917 [aurora.database] [CONFIG] Executing batch-apply on parameter No.5
2018-09-29 09:31:36.917 [aurora.database] [CONFIG] Executing batch-apply on parameter No.6
2018-09-29 09:31:36.917 [aurora.database] [CONFIG] Executing batch-apply on parameter No.7
2018-09-29 09:31:36.917 [aurora.database] [CONFIG] Executing batch-apply on parameter No.8
2018-09-29 09:31:36.917 [aurora.database] [CONFIG] Executing batch-apply on parameter No.9
2018-09-29 09:31:36.917 [aurora.database] [CONFIG] Executing batch-apply on parameter No.10
2018-09-29 09:31:36.917 [aurora.database] [CONFIG] Executing batch-apply on parameter No.11
2018-09-29 09:31:36.917 [aurora.database] [CONFIG] Executing batch-apply on parameter No.12
2018-09-29 09:31:36.917 [aurora.database] [CONFIG] Executing batch-apply on parameter No.13
2018-09-29 09:31:36.917 [aurora.database] [CONFIG] Executing batch-apply on parameter No.14
2018-09-29 09:31:36.917 [aurora.database] [CONFIG] Executing batch-apply on parameter No.15
2018-09-29 09:31:36.917 [aurora.database] [CONFIG] Executing batch-apply on parameter No.16
2018-09-29 09:31:36.917 [aurora.database] [CONFIG] Executing batch-apply on parameter No.17
2018-09-29 09:31:36.917 [aurora.database] [CONFIG] Executing batch-apply on parameter No.18
2018-09-29 09:31:36.917 [aurora.database] [CONFIG] Executing batch-apply on parameter No.19
2018-09-29 09:31:36.917 [aurora.database] [CONFIG] Executing batch-apply on parameter No.20
2018-09-29 09:31:36.917 [aurora.database] [CONFIG] Executing batch-apply on parameter No.21
2018-09-29 09:31:36.917 [aurora.database] [CONFIG] Executing batch-apply on parameter No.22
2018-09-29 09:31:36.917 [aurora.database] [CONFIG] Executing batch-apply on parameter No.23
2018-09-29 09:31:36.917 [aurora.database] [CONFIG] Executing batch-apply on parameter No.24
2018-09-29 09:31:36.917 [aurora.database] [CONFIG] Executing batch-apply on parameter No.25
2018-09-29 09:31:36.917 [aurora.database] [CONFIG] Executing batch-apply on parameter No.26
2018-09-29 09:31:36.917 [aurora.database] [CONFIG] Executing batch-apply on parameter No.27
2018-09-29 09:31:36.917 [aurora.database] [CONFIG] Executing batch-apply on parameter No.28
2018-09-29 09:31:36.917 [aurora.database] [CONFIG] Executing batch-apply on parameter No.29
2018-09-29 09:31:36.918 [aurora.database] [CONFIG] Executing batch-apply on parameter No.30
2018-09-29 09:31:36.918 [aurora.database] [CONFIG] Executing batch-apply on parameter No.31
2018-09-29 09:31:36.918 [aurora.database] [CONFIG] Executing batch-apply on parameter No.32
2018-09-29 09:31:36.918 [aurora.database] [CONFIG] Executing batch-apply on parameter No.33
2018-09-29 09:31:36.918 [aurora.database] [CONFIG] Executing batch-apply on parameter No.34
2018-09-29 09:31:36.918 [aurora.database] [CONFIG] Executing batch-apply on parameter No.35
2018-09-29 09:31:36.918 [aurora.database] [CONFIG] Executing batch-apply on parameter No.36
2018-09-29 09:31:36.918 [aurora.database] [CONFIG] Executing batch-apply on parameter No.37
2018-09-29 09:31:36.918 [aurora.database] [CONFIG] Executing batch-apply on parameter No.38
2018-09-29 09:31:36.918 [aurora.database] [CONFIG] Executing batch-apply on parameter No.39
2018-09-29 09:31:36.918 [aurora.database] [CONFIG] Executing batch-apply on parameter No.40
2018-09-29 09:31:36.918 [aurora.database] [CONFIG] Executing batch-apply on parameter No.41
2018-09-29 09:31:36.918 [aurora.database] [CONFIG] Executing batch-apply on parameter No.42
2018-09-29 09:31:36.918 [aurora.database] [CONFIG] Executing batch-apply on parameter No.43
2018-09-29 09:31:36.918 [aurora.database] [CONFIG] Executing batch-apply on parameter No.44
2018-09-29 09:31:36.918 [aurora.database] [CONFIG] Executing batch-apply on parameter No.45
2018-09-29 09:31:36.918 [aurora.database] [CONFIG] Executing batch-apply on parameter No.46
2018-09-29 09:31:36.918 [uncertain.proc] [CONFIG] [action] HandleException
2018-09-29 09:31:36.922 [uncertain.proc] [CONFIG] [action] DecideSqlGenerationMode
2018-09-29 09:31:36.922 [uncertain.proc] [FINE] aurora.database.service.BusinessModelService.onDecideSqlGenerationMode
2018-09-29 09:31:36.922 [uncertain.proc] [CONFIG] [action] CreateOperationSql
2018-09-29 09:31:36.922 [uncertain.proc] [CONFIG] [action] PopulateOperationSql
2018-09-29 09:31:36.922 [uncertain.proc] [FINE] aurora.database.features.OrderByClauseCreator.onPopulateOperationSql
2018-09-29 09:31:36.922 [uncertain.proc] [FINE] aurora.database.features.WhereClauseCreator.onPopulateOperationSql
2018-09-29 09:31:36.922 [uncertain.proc] [CONFIG] [action] ExecuteQuery
2018-09-29 09:31:36.922 [uncertain.proc] [FINE] aurora.bm.QuerySqlCreator.onExecuteQuery
2018-09-29 09:31:36.922 [uncertain.proc] [CONFIG] [action] QueryFinish
2018-09-29 09:31:36.922 [uncertain.proc] [FINE] aurora.database.features.AutoQueryCounter.onQueryFinish
2018-09-29 09:31:36.922 [uncertain.proc] [CONFIG] [action] FetchResultSet
2018-09-29 09:31:36.922 [uncertain.proc] [FINE] aurora.database.features.CacheBasedLookUpField.postFetchResultSet
2018-09-29 09:31:36.922 [aurora.database] [CONFIG] 
============= BEGIN [query] SQL Statement execution dump ============

                select message,message_code from sys_raise_app_errors where app_error_line_id = ?
            
---------------------Binding info---------------------
No.1	Access path:@lineId	Data type of passed value :java.lang.Integer	Value:22962	Output:false	Database Type:null	

=============== END [query] SQL Statement execution dump ============

2018-09-29 09:31:36.922 [uncertain.proc] [CONFIG] [action] CreateFailResponse
2018-09-29 09:31:36.923 [aurora.application] [SEVERE] java.sql.SQLException: ORA-20000: 22962
ORA-06512: 在 "CCBLHEC.EXP_SOB_EXPENSE_TYPES_PKG", line 396
ORA-06512: 在 line 3

	at oracle.jdbc.driver.T4CTTIoer.processError(T4CTTIoer.java:450)
	at oracle.jdbc.driver.T4CTTIoer.processError(T4CTTIoer.java:399)
	at oracle.jdbc.driver.T4C8Oall.processError(T4C8Oall.java:1059)
	at oracle.jdbc.driver.T4CTTIfun.receive(T4CTTIfun.java:522)
	at oracle.jdbc.driver.T4CTTIfun.doRPC(T4CTTIfun.java:257)
	at oracle.jdbc.driver.T4C8Oall.doOALL(T4C8Oall.java:587)
	at oracle.jdbc.driver.T4CPreparedStatement.doOall8(T4CPreparedStatement.java:225)
	at oracle.jdbc.driver.T4CPreparedStatement.doOall8(T4CPreparedStatement.java:53)
	at oracle.jdbc.driver.T4CPreparedStatement.executeForRows(T4CPreparedStatement.java:943)
	at oracle.jdbc.driver.OracleStatement.doExecuteWithTimeout(OracleStatement.java:1150)
	at oracle.jdbc.driver.OraclePreparedStatement.executeInternal(OraclePreparedStatement.java:4798)
	at oracle.jdbc.driver.OraclePreparedStatement.executeUpdate(OraclePreparedStatement.java:4875)
	at oracle.jdbc.driver.OraclePreparedStatementWrapper.executeUpdate(OraclePreparedStatementWrapper.java:1361)
	at com.mchange.v2.c3p0.impl.NewProxyPreparedStatement.executeUpdate(NewProxyPreparedStatement.java:105)
	at aurora.database.SqlRunner.updateInternal(SqlRunner.java:274)
	at aurora.database.SqlRunner.update(SqlRunner.java:299)
	at aurora.database.SqlRunner.update(SqlRunner.java:314)
	at aurora.database.service.BusinessModelService.onExecuteDmlStatement(BusinessModelService.java:347)
	at sun.reflect.GeneratedMethodAccessor9900.invoke(Unknown Source)
	at sun.reflect.DelegatingMethodAccessorImpl.invoke(DelegatingMethodAccessorImpl.java:43)
	at java.lang.reflect.Method.invoke(Method.java:498)
	at uncertain.event.ReflectionMethodHandle.handleEvent(ReflectionMethodHandle.java:92)
	at uncertain.event.ReflectionMethodHandle.handleEvent(ReflectionMethodHandle.java:49)
	at uncertain.event.Configuration.fireEventInternal(Configuration.java:450)
	at uncertain.event.Configuration.fireEvent(Configuration.java:388)
	at uncertain.proc.ProcedureRunner.fireEvent(ProcedureRunner.java:352)
	at uncertain.proc.Action.run(Action.java:171)
	at uncertain.proc.ProcedureRunner.run(ProcedureRunner.java:289)
	at uncertain.proc.ProcedureRunner.run(ProcedureRunner.java:330)
	at uncertain.proc.Procedure.run(Procedure.java:101)
	at uncertain.proc.ProcedureRunner.run(ProcedureRunner.java:277)
	at aurora.database.service.BusinessModelService.runProcedure(BusinessModelService.java:244)
	at aurora.database.service.BusinessModelService.executeDml(BusinessModelService.java:260)
	at aurora.database.actions.ModelExecute.run(ModelExecute.java:20)
	at uncertain.proc.ProcedureRunner.run(ProcedureRunner.java:289)
	at uncertain.proc.ProcedureRunner.run(ProcedureRunner.java:330)
	at uncertain.proc.Procedure.run(Procedure.java:101)
	at aurora.database.actions.BatchApply.run(BatchApply.java:53)
	at uncertain.proc.ProcedureRunner.run(ProcedureRunner.java:289)
	at uncertain.proc.ProcedureRunner.run(ProcedureRunner.java:330)
	at uncertain.proc.Procedure.run(Procedure.java:101)
	at aurora.database.actions.BatchApply.run(BatchApply.java:53)
	at uncertain.proc.ProcedureRunner.run(ProcedureRunner.java:289)
	at uncertain.proc.ProcedureRunner.run(ProcedureRunner.java:330)
	at uncertain.proc.Procedure.run(Procedure.java:101)
	at uncertain.proc.ProcedureRunner.run(ProcedureRunner.java:277)
	at aurora.application.features.AbstractProcedureInvoker.runProcedure(AbstractProcedureInvoker.java:41)
	at aurora.application.features.InitProcedureInvoker.doInvoke(InitProcedureInvoker.java:34)
	at aurora.application.features.InitProcedureInvoker.onInvokeService(InitProcedureInvoker.java:42)
	at sun.reflect.GeneratedMethodAccessor9945.invoke(Unknown Source)
	at sun.reflect.DelegatingMethodAccessorImpl.invoke(DelegatingMethodAccessorImpl.java:43)
	at java.lang.reflect.Method.invoke(Method.java:498)
	at uncertain.event.ReflectionMethodHandle.handleEvent(ReflectionMethodHandle.java:92)
	at uncertain.event.ReflectionMethodHandle.handleEvent(ReflectionMethodHandle.java:49)
	at uncertain.event.Configuration.fireEventInternal(Configuration.java:450)
	at uncertain.event.Configuration.fireEvent(Configuration.java:388)
	at uncertain.proc.ProcedureRunner.fireEvent(ProcedureRunner.java:352)
	at uncertain.proc.Action.run(Action.java:171)
	at uncertain.proc.ProcedureRunner.run(ProcedureRunner.java:289)
	at uncertain.proc.ProcedureRunner.run(ProcedureRunner.java:330)
	at uncertain.proc.Procedure.run(Procedure.java:101)
	at uncertain.proc.Switch.run(Switch.java:90)
	at uncertain.proc.ProcedureRunner.run(ProcedureRunner.java:289)
	at uncertain.proc.ProcedureRunner.run(ProcedureRunner.java:330)
	at uncertain.proc.Procedure.run(Procedure.java:101)
	at uncertain.proc.ProcedureRunner.run(ProcedureRunner.java:277)
	at aurora.service.ServiceInstance.invoke(ServiceInstance.java:133)
	at aurora.service.http.AbstractFacadeServlet.doService(AbstractFacadeServlet.java:158)
	at aurora.service.http.AbstractFacadeServlet.doPost(AbstractFacadeServlet.java:97)
	at javax.servlet.http.HttpServlet.service(HttpServlet.java:751)
	at javax.servlet.http.HttpServlet.service(HttpServlet.java:844)
	at weblogic.servlet.internal.StubSecurityHelper$ServletServiceAction.run(StubSecurityHelper.java:280)
	at weblogic.servlet.internal.StubSecurityHelper$ServletServiceAction.run(StubSecurityHelper.java:254)
	at weblogic.servlet.internal.StubSecurityHelper.invokeServlet(StubSecurityHelper.java:136)
	at weblogic.servlet.internal.ServletStubImpl.execute(ServletStubImpl.java:346)
	at weblogic.servlet.internal.ServletStubImpl.execute(ServletStubImpl.java:243)
	at weblogic.servlet.internal.WebAppServletContext$ServletInvocationAction.wrapRun(WebAppServletContext.java:3432)
	at weblogic.servlet.internal.WebAppServletContext$ServletInvocationAction.run(WebAppServletContext.java:3402)
	at weblogic.security.acl.internal.AuthenticatedSubject.doAs(AuthenticatedSubject.java:321)
	at weblogic.security.service.SecurityManager.runAs(SecurityManager.java:120)
	at weblogic.servlet.provider.WlsSubjectHandle.run(WlsSubjectHandle.java:57)
	at weblogic.servlet.internal.WebAppServletContext.doSecuredExecute(WebAppServletContext.java:2285)
	at weblogic.servlet.internal.WebAppServletContext.securedExecute(WebAppServletContext.java:2201)
	at weblogic.servlet.internal.WebAppServletContext.execute(WebAppServletContext.java:2179)
	at weblogic.servlet.internal.ServletRequestImpl.run(ServletRequestImpl.java:1572)
	at weblogic.servlet.provider.ContainerSupportProviderImpl$WlsRequestExecutor.run(ContainerSupportProviderImpl.java:255)
	at weblogic.work.ExecuteThread.execute(ExecuteThread.java:311)
	at weblogic.work.ExecuteThread.run(ExecuteThread.java:263)

