2018-09-30 03:13:41.418 [aurora.application.session_check] [CONFIG] Session data copied to context
2018-09-30 03:13:41.466 [aurora.application.session_check] [CONFIG] Access check result for modules/wfl/public/wfl_workflow_new.screen => success
2018-09-30 03:13:41.466 [uncertain.proc] [CONFIG] [action] AccessCheck
2018-09-30 03:13:41.502 [uncertain.proc] [CONFIG] [action] InitService
2018-09-30 03:13:41.502 [uncertain.proc] [CONFIG] [action] ParseParameter
2018-09-30 03:13:41.502 [uncertain.proc] [CONFIG] [action] CreateModel
2018-09-30 03:13:41.503 [aurora.database] [CONFIG] ===================================== prepare to run model-query wfl.wfl_workflow_page_vl==============================
2018-09-30 03:13:41.507 [uncertain.proc] [CONFIG] [action] DecideSqlGenerationMode
2018-09-30 03:13:41.507 [uncertain.proc] [FINE] aurora.database.service.BusinessModelService.onDecideSqlGenerationMode
2018-09-30 03:13:41.507 [uncertain.proc] [CONFIG] [action] CreatequeryStatement
2018-09-30 03:13:41.507 [uncertain.proc] [FINE] aurora.bm.QuerySqlCreator.onCreateQueryStatement
2018-09-30 03:13:41.507 [uncertain.proc] [CONFIG] [action] PopulatequeryStatement
2018-09-30 03:13:41.507 [uncertain.proc] [FINE] aurora.database.features.OrderByClauseCreator.onPopulateQueryStatement
2018-09-30 03:13:41.507 [uncertain.proc] [FINE] aurora.database.features.WhereClauseCreator.onPopulateQueryStatement
2018-09-30 03:13:41.507 [uncertain.proc] [CONFIG] [action] CreatequerySql
2018-09-30 03:13:41.507 [uncertain.proc] [FINE] aurora.bm.QuerySqlCreator.onCreateQuerySql
2018-09-30 03:13:41.507 [uncertain.proc] [CONFIG] [action] ExecuteQuery
2018-09-30 03:13:41.507 [uncertain.proc] [FINE] aurora.bm.QuerySqlCreator.onExecuteQuery
2018-09-30 03:13:41.528 [uncertain.proc] [CONFIG] [action] QueryFinish
2018-09-30 03:13:41.528 [uncertain.proc] [FINE] aurora.database.features.AutoQueryCounter.onQueryFinish
2018-09-30 03:13:41.528 [uncertain.proc] [CONFIG] [action] FetchResultSet
2018-09-30 03:13:41.529 [uncertain.proc] [FINE] aurora.database.features.CacheBasedLookUpField.postFetchResultSet
2018-09-30 03:13:41.529 [aurora.database] [CONFIG] 
============= BEGIN [query] SQL Statement execution dump ============
SELECT t1.RECORD_ID,t1.SERVICE_NAME,t1.SERVICE_DISPLAY,t1.DESCRIPTION
FROM WFL_WORKFLOW_PAGE_VL t1

---------------------Binding info---------------------
null
=============== END [query] SQL Statement execution dump ============

2018-09-30 03:13:41.529 [aurora.database] [CONFIG] ===================================== prepare to run model-query wfl.wfl_workflow_node==============================
2018-09-30 03:13:41.544 [uncertain.proc] [CONFIG] [action] DecideSqlGenerationMode
2018-09-30 03:13:41.544 [uncertain.proc] [FINE] aurora.database.service.BusinessModelService.onDecideSqlGenerationMode
2018-09-30 03:13:41.544 [uncertain.proc] [CONFIG] [action] CreatequeryStatement
2018-09-30 03:13:41.544 [uncertain.proc] [FINE] aurora.bm.QuerySqlCreator.onCreateQueryStatement
2018-09-30 03:13:41.544 [uncertain.proc] [CONFIG] [action] PopulatequeryStatement
2018-09-30 03:13:41.544 [uncertain.proc] [FINE] aurora.database.features.OrderByClauseCreator.onPopulateQueryStatement
2018-09-30 03:13:41.544 [uncertain.proc] [FINE] aurora.database.features.WhereClauseCreator.onPopulateQueryStatement
2018-09-30 03:13:41.544 [uncertain.proc] [CONFIG] [action] CreatequerySql
2018-09-30 03:13:41.544 [uncertain.proc] [FINE] aurora.bm.QuerySqlCreator.onCreateQuerySql
2018-09-30 03:13:41.545 [uncertain.proc] [CONFIG] [action] ExecuteQuery
2018-09-30 03:13:41.545 [uncertain.proc] [FINE] aurora.bm.QuerySqlCreator.onExecuteQuery
2018-09-30 03:13:41.702 [uncertain.proc] [CONFIG] [action] QueryFinish
2018-09-30 03:13:41.702 [uncertain.proc] [FINE] aurora.database.features.AutoQueryCounter.onQueryFinish
2018-09-30 03:13:41.702 [uncertain.proc] [CONFIG] [action] FetchResultSet
2018-09-30 03:13:41.702 [uncertain.proc] [FINE] aurora.database.features.CacheBasedLookUpField.postFetchResultSet
2018-09-30 03:13:41.703 [aurora.database] [CONFIG] 
============= BEGIN [query] SQL Statement execution dump ============
SELECT e.node_id,e.workflow_id,e.sequence_num,e.approval_type,e.quantity,e.recipient_type,e.can_deliver_to,e.can_auto_pass,e.can_add_approver,e.can_no_approver,e.can_add_notification,e.form_name,(select service_display from wfl_workflow_page_vl where  service_name=e.form_name) AS form_name_display,e.form_width,e.form_height,(select DESCRIPTION_TEXT from fnd_descriptions where DESCRIPTION_ID=e.name_id and Language=?) AS name,e.name_id,e.notify_period,e.notify_period_length,e.process_date,e.process_date_unit_id,e.mail_notify,e.is_date_limited,e.is_self_re_commit,e.notify_on_finish,e.is_comment_access_control,(select DESCRIPTION_TEXT from fnd_descriptions where DESCRIPTION_ID=e.description_id and Language=?) AS description,e.description_id,e.check_proc,e.pre_node_proc
FROM wfl_workflow_node e

ORDER BY e.sequence_num asc
---------------------Binding info---------------------
No.1	Access path:/session/@lang	Data type of passed value :java.lang.String	Value:ZHS	Output:false	Database Type:null	
No.2	Access path:/session/@lang	Data type of passed value :java.lang.String	Value:ZHS	Output:false	Database Type:null	

=============== END [query] SQL Statement execution dump ============

2018-09-30 03:13:41.703 [aurora.database] [CONFIG] ===================================== prepare to run model-query wfl.wfl_workflow_recipient_type==============================
2018-09-30 03:13:41.707 [uncertain.proc] [CONFIG] [action] DecideSqlGenerationMode
2018-09-30 03:13:41.707 [uncertain.proc] [FINE] aurora.database.service.BusinessModelService.onDecideSqlGenerationMode
2018-09-30 03:13:41.707 [uncertain.proc] [CONFIG] [action] CreateOperationSql
2018-09-30 03:13:41.707 [uncertain.proc] [CONFIG] [action] PopulateOperationSql
2018-09-30 03:13:41.707 [uncertain.proc] [FINE] aurora.database.features.OrderByClauseCreator.onPopulateOperationSql
2018-09-30 03:13:41.707 [uncertain.proc] [FINE] aurora.database.features.WhereClauseCreator.onPopulateOperationSql
2018-09-30 03:13:41.707 [uncertain.proc] [CONFIG] [action] ExecuteQuery
2018-09-30 03:13:41.707 [uncertain.proc] [FINE] aurora.bm.QuerySqlCreator.onExecuteQuery
2018-09-30 03:13:41.745 [uncertain.proc] [CONFIG] [action] QueryFinish
2018-09-30 03:13:41.745 [uncertain.proc] [FINE] aurora.database.features.AutoQueryCounter.onQueryFinish
2018-09-30 03:13:41.745 [uncertain.proc] [CONFIG] [action] FetchResultSet
2018-09-30 03:13:41.745 [uncertain.proc] [FINE] aurora.database.features.CacheBasedLookUpField.postFetchResultSet
2018-09-30 03:13:41.745 [aurora.database] [CONFIG] 
============= BEGIN [query] SQL Statement execution dump ============

                select to_number(code_value) value, 
                       code_value_name name
                  from sys_service_lookup_v
                 where code = 'WFL_WORKFLOW_RECIPIENT_TYPE' 
                 and language=?
            
---------------------Binding info---------------------
No.1	Access path:/session/@lang	Data type of passed value :java.lang.String	Value:ZHS	Output:false	Database Type:null	

=============== END [query] SQL Statement execution dump ============

2018-09-30 03:13:41.745 [aurora.database] [CONFIG] ===================================== prepare to run model-query wfl.wfl_workflow_approval_type==============================
2018-09-30 03:13:41.751 [uncertain.proc] [CONFIG] [action] DecideSqlGenerationMode
2018-09-30 03:13:41.751 [uncertain.proc] [FINE] aurora.database.service.BusinessModelService.onDecideSqlGenerationMode
2018-09-30 03:13:41.751 [uncertain.proc] [CONFIG] [action] CreateOperationSql
2018-09-30 03:13:41.751 [uncertain.proc] [CONFIG] [action] PopulateOperationSql
2018-09-30 03:13:41.751 [uncertain.proc] [FINE] aurora.database.features.OrderByClauseCreator.onPopulateOperationSql
2018-09-30 03:13:41.751 [uncertain.proc] [FINE] aurora.database.features.WhereClauseCreator.onPopulateOperationSql
2018-09-30 03:13:41.751 [uncertain.proc] [CONFIG] [action] ExecuteQuery
2018-09-30 03:13:41.751 [uncertain.proc] [FINE] aurora.bm.QuerySqlCreator.onExecuteQuery
2018-09-30 03:13:41.759 [uncertain.proc] [CONFIG] [action] QueryFinish
2018-09-30 03:13:41.759 [uncertain.proc] [FINE] aurora.database.features.AutoQueryCounter.onQueryFinish
2018-09-30 03:13:41.759 [uncertain.proc] [CONFIG] [action] FetchResultSet
2018-09-30 03:13:41.759 [uncertain.proc] [FINE] aurora.database.features.CacheBasedLookUpField.postFetchResultSet
2018-09-30 03:13:41.759 [aurora.database] [CONFIG] 
============= BEGIN [query] SQL Statement execution dump ============

                select to_number(code_value) value, 
                       code_value_name name
                  from sys_service_lookup_v
                 where code = 'WFL_WORKFLOW_APPROVAL_TYPE'
                 and language=?
            
---------------------Binding info---------------------
No.1	Access path:/session/@lang	Data type of passed value :java.lang.String	Value:ZHS	Output:false	Database Type:null	

=============== END [query] SQL Statement execution dump ============

2018-09-30 03:13:41.760 [aurora.database] [CONFIG] ===================================== prepare to run model-query wfl.wfl_workflow_category==============================
2018-09-30 03:13:41.764 [uncertain.proc] [CONFIG] [action] DecideSqlGenerationMode
2018-09-30 03:13:41.764 [uncertain.proc] [FINE] aurora.database.service.BusinessModelService.onDecideSqlGenerationMode
2018-09-30 03:13:41.764 [uncertain.proc] [CONFIG] [action] CreateOperationSql
2018-09-30 03:13:41.764 [uncertain.proc] [CONFIG] [action] PopulateOperationSql
2018-09-30 03:13:41.764 [uncertain.proc] [FINE] aurora.database.features.OrderByClauseCreator.onPopulateOperationSql
2018-09-30 03:13:41.764 [uncertain.proc] [FINE] aurora.database.features.WhereClauseCreator.onPopulateOperationSql
2018-09-30 03:13:41.764 [uncertain.proc] [CONFIG] [action] ExecuteQuery
2018-09-30 03:13:41.764 [uncertain.proc] [FINE] aurora.bm.QuerySqlCreator.onExecuteQuery
2018-09-30 03:13:41.765 [uncertain.proc] [CONFIG] [action] QueryFinish
2018-09-30 03:13:41.765 [uncertain.proc] [FINE] aurora.database.features.AutoQueryCounter.onQueryFinish
2018-09-30 03:13:41.765 [uncertain.proc] [CONFIG] [action] FetchResultSet
2018-09-30 03:13:41.765 [uncertain.proc] [FINE] aurora.database.features.CacheBasedLookUpField.postFetchResultSet
2018-09-30 03:13:41.765 [aurora.database] [CONFIG] 
============= BEGIN [query] SQL Statement execution dump ============

                select code_value,
                       code_value_name
                  from sys_service_lookup_v v
                 where code = 'WFL_WORKFLOW_CATEGORY' 
                 and v.enabled_flag = 'Y'
                 and language=?
                 ORDER BY code_value 
            
---------------------Binding info---------------------
No.1	Access path:/session/@lang	Data type of passed value :java.lang.String	Value:ZHS	Output:false	Database Type:null	

=============== END [query] SQL Statement execution dump ============

2018-09-30 03:13:41.765 [aurora.database] [CONFIG] ===================================== prepare to run model-query wfl.wfl_workflow_page_vl==============================
2018-09-30 03:13:41.768 [uncertain.proc] [CONFIG] [action] DecideSqlGenerationMode
2018-09-30 03:13:41.768 [uncertain.proc] [FINE] aurora.database.service.BusinessModelService.onDecideSqlGenerationMode
2018-09-30 03:13:41.768 [uncertain.proc] [CONFIG] [action] CreatequeryStatement
2018-09-30 03:13:41.768 [uncertain.proc] [FINE] aurora.bm.QuerySqlCreator.onCreateQueryStatement
2018-09-30 03:13:41.768 [uncertain.proc] [CONFIG] [action] PopulatequeryStatement
2018-09-30 03:13:41.768 [uncertain.proc] [FINE] aurora.database.features.OrderByClauseCreator.onPopulateQueryStatement
2018-09-30 03:13:41.768 [uncertain.proc] [FINE] aurora.database.features.WhereClauseCreator.onPopulateQueryStatement
2018-09-30 03:13:41.768 [uncertain.proc] [CONFIG] [action] CreatequerySql
2018-09-30 03:13:41.768 [uncertain.proc] [FINE] aurora.bm.QuerySqlCreator.onCreateQuerySql
2018-09-30 03:13:41.768 [uncertain.proc] [CONFIG] [action] ExecuteQuery
2018-09-30 03:13:41.768 [uncertain.proc] [FINE] aurora.bm.QuerySqlCreator.onExecuteQuery
2018-09-30 03:13:41.772 [uncertain.proc] [CONFIG] [action] QueryFinish
2018-09-30 03:13:41.772 [uncertain.proc] [FINE] aurora.database.features.AutoQueryCounter.onQueryFinish
2018-09-30 03:13:41.772 [uncertain.proc] [CONFIG] [action] FetchResultSet
2018-09-30 03:13:41.772 [uncertain.proc] [FINE] aurora.database.features.CacheBasedLookUpField.postFetchResultSet
2018-09-30 03:13:41.772 [aurora.database] [CONFIG] 
============= BEGIN [query] SQL Statement execution dump ============
SELECT t1.RECORD_ID,t1.SERVICE_NAME,t1.SERVICE_DISPLAY,t1.DESCRIPTION
FROM WFL_WORKFLOW_PAGE_VL t1

---------------------Binding info---------------------
null
=============== END [query] SQL Statement execution dump ============

2018-09-30 03:13:41.772 [uncertain.proc] [CONFIG] [action] CreateView
2018-09-30 03:13:41.772 [uncertain.proc] [CONFIG] [action] BuildOutputContent
2018-09-30 03:13:41.772 [aurora.presentation.buildsession] [CONFIG] Start build session
2018-09-30 03:13:41.772 [aurora.presentation.buildsession] [CONFIG] building view: <html-page> -> aurora.presentation.component.HtmlPage@6e038429
2018-09-30 03:13:41.774 [aurora.presentation.buildsession] [CONFIG] building view: <link> -> aurora.presentation.TemplateBasedView@314dc5c8
2018-09-30 03:13:41.774 [aurora.presentation.buildsession] [CONFIG] building view: <div> -> aurora.presentation.DefaultViewBuilder@59d097e
2018-09-30 03:13:41.775 [aurora.presentation.buildsession] [CONFIG] building view: <script> -> aurora.presentation.DefaultViewBuilder@59d097e
2018-09-30 03:13:41.775 [aurora.presentation.buildsession] [CONFIG] building view: <dataSets> -> aurora.application.features.DataSetInit@3d5b0f47
2018-09-30 03:13:41.775 [aurora.presentation.buildsession] [CONFIG] building view: <dataSet> -> aurora.presentation.TemplateBasedView@314dc5c8
2018-09-30 03:13:41.775 [aurora.presentation.buildsession] [CONFIG] building view: <dataSet> -> aurora.presentation.TemplateBasedView@314dc5c8
2018-09-30 03:13:41.776 [aurora.presentation.buildsession] [CONFIG] building view: <dataSet> -> aurora.presentation.TemplateBasedView@314dc5c8
2018-09-30 03:13:41.777 [aurora.presentation.buildsession] [CONFIG] building view: <dataSet> -> aurora.presentation.TemplateBasedView@314dc5c8
2018-09-30 03:13:41.778 [aurora.presentation.buildsession] [CONFIG] building view: <dataSet> -> aurora.presentation.TemplateBasedView@314dc5c8
2018-09-30 03:13:41.779 [aurora.presentation.buildsession] [CONFIG] building view: <dataSet> -> aurora.presentation.TemplateBasedView@314dc5c8
2018-09-30 03:13:41.783 [aurora.presentation.buildsession] [CONFIG] building view: <screenBody> -> aurora.presentation.component.std.ScreenBody@542b25e2
2018-09-30 03:13:41.783 [aurora.presentation.buildsession] [CONFIG] building view: <screenTopToolbar> -> aurora.presentation.component.std.ScreenTopToolbar@7b974da2
2018-09-30 03:13:41.783 [aurora.presentation.buildsession] [CONFIG] building view: <screenTitle> -> aurora.presentation.component.std.ScreenTitle@947ac35
2018-09-30 03:13:41.788 [uncertain.proc] [CONFIG] [action] DecideSqlGenerationMode
2018-09-30 03:13:41.788 [uncertain.proc] [FINE] aurora.database.service.BusinessModelService.onDecideSqlGenerationMode
2018-09-30 03:13:41.788 [uncertain.proc] [CONFIG] [action] CreatequeryStatement
2018-09-30 03:13:41.788 [uncertain.proc] [FINE] aurora.bm.QuerySqlCreator.onCreateQueryStatement
2018-09-30 03:13:41.788 [uncertain.proc] [CONFIG] [action] PopulatequeryStatement
2018-09-30 03:13:41.788 [uncertain.proc] [FINE] aurora.database.features.OrderByClauseCreator.onPopulateQueryStatement
2018-09-30 03:13:41.788 [uncertain.proc] [FINE] aurora.database.features.WhereClauseCreator.onPopulateQueryStatement
2018-09-30 03:13:41.788 [uncertain.proc] [CONFIG] [action] CreatequerySql
2018-09-30 03:13:41.788 [uncertain.proc] [FINE] aurora.bm.QuerySqlCreator.onCreateQuerySql
2018-09-30 03:13:41.788 [uncertain.proc] [CONFIG] [action] ExecuteQuery
2018-09-30 03:13:41.788 [uncertain.proc] [FINE] aurora.bm.QuerySqlCreator.onExecuteQuery
2018-09-30 03:13:41.818 [uncertain.proc] [CONFIG] [action] QueryFinish
2018-09-30 03:13:41.818 [uncertain.proc] [FINE] aurora.database.features.AutoQueryCounter.onQueryFinish
2018-09-30 03:13:41.818 [uncertain.proc] [CONFIG] [action] FetchResultSet
2018-09-30 03:13:41.818 [uncertain.proc] [FINE] aurora.database.features.CacheBasedLookUpField.postFetchResultSet
2018-09-30 03:13:41.818 [aurora.database] [CONFIG] 
============= BEGIN [query] SQL Statement execution dump ============
SELECT f.service_id,f.service_name,f.is_entry_page,f.is_access_checked,f.is_login_required,f.is_system_access,? AS language,(select d.description_text from fnd_descriptions d where d.description_id = f.title_id and d.language = ?) AS title,f.title_id,f.weixin_flag
FROM sys_service f
WHERE f.service_name = ?
ORDER BY service_name
---------------------Binding info---------------------
No.1	Access path:/session/@lang	Data type of passed value :java.lang.String	Value:ZHS	Output:false	Database Type:null	
No.2	Access path:/session/@lang	Data type of passed value :java.lang.String	Value:ZHS	Output:false	Database Type:null	
No.3	Access path:@service_name	Data type of passed value :java.lang.String	Value:modules/wfl/public/wfl_workflow_new.screen	Output:false	Database Type:null	

=============== END [query] SQL Statement execution dump ============

2018-09-30 03:13:41.818 [aurora.presentation.buildsession] [CONFIG] building view: <toolbarButton> -> aurora.presentation.TemplateBasedView@314dc5c8
2018-09-30 03:13:41.819 [aurora.presentation.buildsession] [CONFIG] building view: <form> -> aurora.presentation.component.std.Form@245dcbdd
2018-09-30 03:13:41.819 [aurora.presentation.buildsession] [CONFIG] building view: <box> -> aurora.presentation.component.std.Box@7f7dd33
2018-09-30 03:13:41.819 [aurora.presentation.buildsession] [CONFIG] building view: <textField> -> aurora.presentation.TemplateBasedView@314dc5c8
2018-09-30 03:13:41.819 [aurora.presentation.buildsession] [CONFIG] building view: <textField> -> aurora.presentation.TemplateBasedView@314dc5c8
2018-09-30 03:13:41.819 [aurora.presentation.buildsession] [CONFIG] building view: <comboBox> -> aurora.presentation.TemplateBasedView@314dc5c8
2018-09-30 03:13:41.819 [aurora.presentation.buildsession] [CONFIG] building view: <comboBox> -> aurora.presentation.TemplateBasedView@314dc5c8
2018-09-30 03:13:41.820 [aurora.presentation.buildsession] [CONFIG] building view: <comboBox> -> aurora.presentation.TemplateBasedView@314dc5c8
2018-09-30 03:13:41.820 [aurora.presentation.buildsession] [CONFIG] building view: <comboBox> -> aurora.presentation.TemplateBasedView@314dc5c8
2018-09-30 03:13:41.820 [aurora.presentation.buildsession] [CONFIG] building view: <checkBox> -> aurora.presentation.TemplateBasedView@314dc5c8
2018-09-30 03:13:41.820 [aurora.presentation.buildsession] [CONFIG] building view: <script> -> aurora.presentation.DefaultViewBuilder@59d097e
2018-09-30 03:13:41.821 [aurora.presentation.buildsession] [CONFIG] End build session
