2018-10-11 09:01:48.829 [aurora.application.session_check] [CONFIG] Session data copied to context
2018-10-11 09:01:48.830 [aurora.application.session_check] [CONFIG] Access check result for modules/wfl/public/wfl_workflow_node_update.svc => success
2018-10-11 09:01:48.830 [uncertain.proc] [CONFIG] [action] AccessCheck
2018-10-11 09:01:48.834 [uncertain.proc] [CONFIG] [action] CheckServiceLock
2018-10-11 09:01:48.834 [uncertain.proc] [CONFIG] [action] ParseParameter
2018-10-11 09:01:48.834 [uncertain.proc] [CONFIG] [action] ValidateInput
2018-10-11 09:01:48.834 [uncertain.proc] [CONFIG] [action] InvokeService
2018-10-11 09:01:48.834 [aurora.database] [CONFIG] Running batch-apply with data from path /parameter, total 1 records
2018-10-11 09:01:48.835 [aurora.database] [CONFIG] Executing batch-apply on parameter No.0
2018-10-11 09:01:48.838 [uncertain.proc] [CONFIG] [action] DecideStatement
2018-10-11 09:01:48.840 [uncertain.proc] [CONFIG] [action] DecideSqlGenerationMode
2018-10-11 09:01:48.840 [uncertain.proc] [FINE] aurora.database.service.BusinessModelService.onDecideSqlGenerationMode
2018-10-11 09:01:48.841 [uncertain.proc] [CONFIG] [action] CreateUpdateStatement
2018-10-11 09:01:48.841 [uncertain.proc] [FINE] aurora.bm.UpdateSqlCreator.onCreateUpdateStatement
2018-10-11 09:01:48.841 [uncertain.proc] [CONFIG] [action] PopulateUpdateStatement
2018-10-11 09:01:48.841 [uncertain.proc] [FINE] aurora.database.features.WhereClauseCreator.onPopulateUpdateStatement
2018-10-11 09:01:48.841 [uncertain.proc] [CONFIG] [action] CreateUpdateSql
2018-10-11 09:01:48.841 [uncertain.proc] [FINE] aurora.bm.UpdateSqlCreator.onCreateUpdateSql
2018-10-11 09:01:48.841 [uncertain.proc] [CONFIG] [action] CreateSqlRunner
2018-10-11 09:01:48.841 [uncertain.proc] [FINE] aurora.database.service.BusinessModelService.onCreateSqlRunner
2018-10-11 09:01:48.841 [uncertain.proc] [CONFIG] [action] ExecuteDmlStatement
2018-10-11 09:01:48.841 [uncertain.proc] [FINE] aurora.database.service.BusinessModelService.onExecuteDmlStatement
2018-10-11 09:01:48.846 [uncertain.proc] [FINE] aurora.database.features.MultiLanguageStorage.postExecuteDmlStatement
2018-10-11 09:01:48.847 [aurora.database] [CONFIG] 
============= BEGIN [MultiLanguageStorage update] SQL Statement execution dump ============

				begin 
					fnd_description_pkg.reset_fnd_descriptions(?,
                                                               ?,
				                                               ?,
				                                               ?,
															   ?,
															   ?,
															   ?
				                                               );
				end;				
			
---------------------Binding info---------------------
No.1	Access path:@DESCRIPTION_ID	Data type of passed value :java.lang.String	Value:236882	Output:false	Database Type:null	
No.2	Access path:@REF_TABLE	Data type of passed value :java.lang.String	Value:WFL_WORKFLOW_NODE	Output:false	Database Type:null	
No.3	Access path:@REF_FIELD	Data type of passed value :java.lang.String	Value:NAME_ID	Output:false	Database Type:null	
No.4	Access path:@DESCRIPTION_TEXT	Data type of passed value :java.lang.String	Value:财务复核	Output:false	Database Type:null	
No.5	Access path:/session/@user_id	Data type of passed value :java.lang.Long	Value:1	Output:false	Database Type:null	
No.6	Access path:/session/@user_id	Data type of passed value :java.lang.Long	Value:1	Output:false	Database Type:null	
No.7	Access path:/session/@lang	Data type of passed value :java.lang.String	Value:ZHS	Output:false	Database Type:null	

=============== END [MultiLanguageStorage update] SQL Statement execution dump ============

2018-10-11 09:01:48.848 [aurora.database] [CONFIG] 
============= BEGIN [MultiLanguageStorage update] SQL Statement execution dump ============

				begin 
					fnd_description_pkg.reset_fnd_descriptions(?,
                                                               ?,
				                                               ?,
				                                               ?,
															   ?,
															   ?,
															   ?
				                                               );
				end;				
			
---------------------Binding info---------------------
No.1	Access path:@DESCRIPTION_ID	Data type of passed value :java.lang.String	Value:236883	Output:false	Database Type:null	
No.2	Access path:@REF_TABLE	Data type of passed value :java.lang.String	Value:WFL_WORKFLOW_NODE	Output:false	Database Type:null	
No.3	Access path:@REF_FIELD	Data type of passed value :java.lang.String	Value:DESCRIPTION_ID	Output:false	Database Type:null	
No.4	Access path:@DESCRIPTION_TEXT	Data type of passed value :[null]	Value:null	Output:false	Database Type:null	
No.5	Access path:/session/@user_id	Data type of passed value :java.lang.Long	Value:1	Output:false	Database Type:null	
No.6	Access path:/session/@user_id	Data type of passed value :java.lang.Long	Value:1	Output:false	Database Type:null	
No.7	Access path:/session/@lang	Data type of passed value :java.lang.String	Value:ZHS	Output:false	Database Type:null	

=============== END [MultiLanguageStorage update] SQL Statement execution dump ============

2018-10-11 09:01:48.848 [aurora.database] [CONFIG] 
============= BEGIN [Update] SQL Statement execution dump ============
UPDATE wfl_workflow_node e
SET e.sequence_num=?,e.approval_type=?,e.quantity=?,e.recipient_type=?,e.can_deliver_to=?,e.can_auto_pass=?,e.can_add_approver=?,e.can_no_approver=?,e.can_add_notification=?,e.form_name=?,e.form_width=?,e.form_height=?,e.name_id=?,e.notify_period=?,e.notify_period_length=?,e.process_date=?,e.process_date_unit_id=?,e.mail_notify=?,e.is_date_limited=?,e.is_self_re_commit=?,e.notify_on_finish=?,e.is_comment_access_control=?,e.description_id=?,e.check_proc=?,e.pre_node_proc=?,e.LAST_UPDATED_BY=?,e.LAST_UPDATE_DATE=sysdate
WHERE e.node_id = ?
---------------------Binding info---------------------
No.1	Access path:@sequence_num	Data type of passed value :java.lang.Long	Value:40	Output:false	Database Type:null	
No.2	Access path:@approval_type	Data type of passed value :java.lang.Long	Value:7	Output:false	Database Type:null	
No.3	Access path:@quantity	Data type of passed value :[null]	Value:null	Output:false	Database Type:null	
No.4	Access path:@recipient_type	Data type of passed value :java.lang.String	Value:0	Output:false	Database Type:null	
No.5	Access path:@can_deliver_to	Data type of passed value :java.lang.Long	Value:1	Output:false	Database Type:null	
No.6	Access path:@can_auto_pass	Data type of passed value :java.lang.Long	Value:1	Output:false	Database Type:null	
No.7	Access path:@can_add_approver	Data type of passed value :java.lang.Long	Value:1	Output:false	Database Type:null	
No.8	Access path:@can_no_approver	Data type of passed value :java.lang.Long	Value:1	Output:false	Database Type:null	
No.9	Access path:@can_add_notification	Data type of passed value :java.lang.Long	Value:0	Output:false	Database Type:null	
No.10	Access path:@form_name	Data type of passed value :java.lang.String	Value:modules/csh/public/csh_pay_req_query_detail.screen?payment_requisition_header_id	Output:false	Database Type:null	
No.11	Access path:@form_width	Data type of passed value :[null]	Value:null	Output:false	Database Type:null	
No.12	Access path:@form_height	Data type of passed value :[null]	Value:null	Output:false	Database Type:null	
No.13	Access path:@name_id	Data type of passed value :java.lang.Long	Value:236882	Output:false	Database Type:null	
No.14	Access path:@notify_period	Data type of passed value :[null]	Value:null	Output:false	Database Type:null	
No.15	Access path:@notify_period_length	Data type of passed value :[null]	Value:null	Output:false	Database Type:null	
No.16	Access path:@process_date	Data type of passed value :[null]	Value:null	Output:false	Database Type:null	
No.17	Access path:@process_date_unit_id	Data type of passed value :[null]	Value:null	Output:false	Database Type:null	
No.18	Access path:@mail_notify	Data type of passed value :java.lang.Long	Value:0	Output:false	Database Type:null	
No.19	Access path:@is_date_limited	Data type of passed value :java.lang.Long	Value:0	Output:false	Database Type:null	
No.20	Access path:@is_self_re_commit	Data type of passed value :java.lang.Long	Value:1	Output:false	Database Type:null	
No.21	Access path:@notify_on_finish	Data type of passed value :java.lang.Long	Value:0	Output:false	Database Type:null	
No.22	Access path:@is_comment_access_control	Data type of passed value :java.lang.Long	Value:0	Output:false	Database Type:null	
No.23	Access path:@description_id	Data type of passed value :java.lang.Long	Value:236883	Output:false	Database Type:null	
No.24	Access path:@check_proc	Data type of passed value :[null]	Value:null	Output:false	Database Type:null	
No.25	Access path:@pre_node_proc	Data type of passed value :[null]	Value:null	Output:false	Database Type:null	
No.26	Access path:/session/@user_id	Data type of passed value :java.lang.Long	Value:1	Output:false	Database Type:null	
No.27	Access path:@node_id	Data type of passed value :java.lang.Long	Value:985	Output:false	Database Type:null	

=============== END [Update] SQL Statement execution dump ============

2018-10-11 09:01:48.856 [aurora.database] [CONFIG] ============ Running model batch update with data from path @current_parameter/approvals, total 1 records
2018-10-11 09:01:48.856 [aurora.database] [CONFIG] execute update on record No.0 for model wfl.wfl_workflow_approval
2018-10-11 09:01:48.857 [uncertain.proc] [CONFIG] [action] DecideStatement
2018-10-11 09:01:48.858 [uncertain.proc] [CONFIG] [action] DecideSqlGenerationMode
2018-10-11 09:01:48.858 [uncertain.proc] [FINE] aurora.database.service.BusinessModelService.onDecideSqlGenerationMode
2018-10-11 09:01:48.858 [uncertain.proc] [CONFIG] [action] CreateUpdateStatement
2018-10-11 09:01:48.858 [uncertain.proc] [FINE] aurora.bm.UpdateSqlCreator.onCreateUpdateStatement
2018-10-11 09:01:48.858 [uncertain.proc] [CONFIG] [action] PopulateUpdateStatement
2018-10-11 09:01:48.858 [uncertain.proc] [FINE] aurora.database.features.WhereClauseCreator.onPopulateUpdateStatement
2018-10-11 09:01:48.858 [uncertain.proc] [CONFIG] [action] CreateUpdateSql
2018-10-11 09:01:48.858 [uncertain.proc] [FINE] aurora.bm.UpdateSqlCreator.onCreateUpdateSql
2018-10-11 09:01:48.859 [uncertain.proc] [CONFIG] [action] CreateSqlRunner
2018-10-11 09:01:48.859 [uncertain.proc] [FINE] aurora.database.service.BusinessModelService.onCreateSqlRunner
2018-10-11 09:01:48.859 [uncertain.proc] [CONFIG] [action] ExecuteDmlStatement
2018-10-11 09:01:48.859 [uncertain.proc] [FINE] aurora.database.service.BusinessModelService.onExecuteDmlStatement
2018-10-11 09:01:48.859 [aurora.database] [CONFIG] 
============= BEGIN [Update] SQL Statement execution dump ============
UPDATE wfl_node_recipient_set e
SET e.recipient_sequence=?,e.rule_sequence=?,e.rule_code=?,e.parameter_1_value=?,e.parameter_1_desc=?,e.parameter_2_value=?,e.parameter_2_desc=?,e.parameter_3_value=?,e.parameter_3_desc=?,e.parameter_4_value=?,e.parameter_4_desc=?,e.LAST_UPDATED_BY=?,e.LAST_UPDATE_DATE=sysdate
WHERE e.recipient_set_id = ?
---------------------Binding info---------------------
No.1	Access path:@recipient_sequence	Data type of passed value :java.lang.Long	Value:10	Output:false	Database Type:null	
No.2	Access path:@rule_sequence	Data type of passed value :java.lang.Long	Value:10	Output:false	Database Type:null	
No.3	Access path:@rule_code	Data type of passed value :java.lang.String	Value:APPOINTED_POSITION	Output:false	Database Type:null	
No.4	Access path:@parameter_1_value	Data type of passed value :java.lang.String	Value:1041	Output:false	Database Type:null	
No.5	Access path:@parameter_1_desc	Data type of passed value :java.lang.String	Value:HLJ-POS0012-黑龙江分公司财务会计部主要负责人-财务会计部-建信人寿保险股份有限公司黑龙江分公司	Output:false	Database Type:null	
No.6	Access path:@parameter_2_value	Data type of passed value :[null]	Value:null	Output:false	Database Type:null	
No.7	Access path:@parameter_2_desc	Data type of passed value :[null]	Value:null	Output:false	Database Type:null	
No.8	Access path:@parameter_3_value	Data type of passed value :[null]	Value:null	Output:false	Database Type:null	
No.9	Access path:@parameter_3_desc	Data type of passed value :[null]	Value:null	Output:false	Database Type:null	
No.10	Access path:@parameter_4_value	Data type of passed value :[null]	Value:null	Output:false	Database Type:null	
No.11	Access path:@parameter_4_desc	Data type of passed value :[null]	Value:null	Output:false	Database Type:null	
No.12	Access path:/session/@user_id	Data type of passed value :java.lang.Long	Value:1	Output:false	Database Type:null	
No.13	Access path:@recipient_set_id	Data type of passed value :java.lang.Long	Value:979	Output:false	Database Type:null	

=============== END [Update] SQL Statement execution dump ============

2018-10-11 09:01:48.860 [aurora.database] [CONFIG] ============ End of batch update for @current_parameter/approvals
2018-10-11 09:01:48.863 [aurora.database] [INFO] [model-batch-update] Data from '@current_parameter/actions' is null
2018-10-11 09:01:48.864 [aurora.database] [INFO] [model-batch-update] Data from '@current_parameter/procs' is null
2018-10-11 09:01:48.866 [aurora.database] [INFO] [model-batch-update] Data from '@current_parameter/parameters' is null
2018-10-11 09:01:48.871 [aurora.database] [INFO] [model-batch-update] Data from '@current_parameter/notifications' is null
2018-10-11 09:01:48.875 [aurora.database] [INFO] [model-batch-update] Data from '@current_parameter/access' is null
2018-10-11 09:01:48.876 [aurora.database] [INFO] [model-batch-update] Data from '@current_parameter/rules' is null
2018-10-11 09:01:48.876 [uncertain.proc] [CONFIG] [action] CreateSuccessResponse
