2018-10-09 13:23:36.24 [aurora.application.session_check] [CONFIG] Session data copied to context
2018-10-09 13:23:36.24 [aurora.application.session_check] [CONFIG] Access check result for modules/wfl/public/wfl_workflow_node.screen => success
2018-10-09 13:23:36.24 [uncertain.proc] [CONFIG] [action] AccessCheck
2018-10-09 13:23:36.29 [uncertain.proc] [CONFIG] [action] InitService
2018-10-09 13:23:36.29 [uncertain.proc] [CONFIG] [action] ParseParameter
2018-10-09 13:23:36.29 [uncertain.proc] [CONFIG] [action] CreateModel
2018-10-09 13:23:36.29 [aurora.database] [CONFIG] ===================================== prepare to run model-query wfl.wfl_workflow_node==============================
2018-10-09 13:23:36.34 [uncertain.proc] [CONFIG] [action] DecideSqlGenerationMode
2018-10-09 13:23:36.34 [uncertain.proc] [FINE] aurora.database.service.BusinessModelService.onDecideSqlGenerationMode
2018-10-09 13:23:36.35 [uncertain.proc] [CONFIG] [action] CreatequeryStatement
2018-10-09 13:23:36.35 [uncertain.proc] [FINE] aurora.bm.QuerySqlCreator.onCreateQueryStatement
2018-10-09 13:23:36.35 [uncertain.proc] [CONFIG] [action] PopulatequeryStatement
2018-10-09 13:23:36.35 [uncertain.proc] [FINE] aurora.database.features.OrderByClauseCreator.onPopulateQueryStatement
2018-10-09 13:23:36.35 [uncertain.proc] [FINE] aurora.database.features.WhereClauseCreator.onPopulateQueryStatement
2018-10-09 13:23:36.35 [uncertain.proc] [CONFIG] [action] CreatequerySql
2018-10-09 13:23:36.35 [uncertain.proc] [FINE] aurora.bm.QuerySqlCreator.onCreateQuerySql
2018-10-09 13:23:36.35 [uncertain.proc] [CONFIG] [action] ExecuteQuery
2018-10-09 13:23:36.35 [uncertain.proc] [FINE] aurora.bm.QuerySqlCreator.onExecuteQuery
2018-10-09 13:23:36.36 [uncertain.proc] [CONFIG] [action] QueryFinish
2018-10-09 13:23:36.36 [uncertain.proc] [FINE] aurora.database.features.AutoQueryCounter.onQueryFinish
2018-10-09 13:23:36.36 [uncertain.proc] [CONFIG] [action] FetchResultSet
2018-10-09 13:23:36.36 [uncertain.proc] [FINE] aurora.database.features.CacheBasedLookUpField.postFetchResultSet
2018-10-09 13:23:36.36 [aurora.database] [CONFIG] 
============= BEGIN [query] SQL Statement execution dump ============
SELECT e.node_id,e.workflow_id,e.sequence_num,e.approval_type,e.quantity,e.recipient_type,e.can_deliver_to,e.can_auto_pass,e.can_add_approver,e.can_no_approver,e.can_add_notification,e.form_name,(select service_display from wfl_workflow_page_vl where  service_name=e.form_name) AS form_name_display,e.form_width,e.form_height,(select DESCRIPTION_TEXT from fnd_descriptions where DESCRIPTION_ID=e.name_id and Language=?) AS name,e.name_id,e.notify_period,e.notify_period_length,e.process_date,e.process_date_unit_id,e.mail_notify,e.is_date_limited,e.is_self_re_commit,e.notify_on_finish,e.is_comment_access_control,(select DESCRIPTION_TEXT from fnd_descriptions where DESCRIPTION_ID=e.description_id and Language=?) AS description,e.description_id,e.check_proc,e.pre_node_proc
FROM wfl_workflow_node e
WHERE e.node_id = ? AND e.workflow_id = ?
ORDER BY sequence_num
---------------------Binding info---------------------
No.1	Access path:/session/@lang	Data type of passed value :java.lang.String	Value:ZHS	Output:false	Database Type:null	
No.2	Access path:/session/@lang	Data type of passed value :java.lang.String	Value:ZHS	Output:false	Database Type:null	
No.3	Access path:@node_id	Data type of passed value :java.lang.Long	Value:1048	Output:false	Database Type:null	
No.4	Access path:@workflow_id	Data type of passed value :java.lang.Long	Value:147	Output:false	Database Type:null	

=============== END [query] SQL Statement execution dump ============

2018-10-09 13:23:36.36 [aurora.database] [CONFIG] ===================================== prepare to run model-query wfl.wfl_workflow_approval==============================
2018-10-09 13:23:36.46 [uncertain.proc] [CONFIG] [action] DecideSqlGenerationMode
2018-10-09 13:23:36.46 [uncertain.proc] [FINE] aurora.database.service.BusinessModelService.onDecideSqlGenerationMode
2018-10-09 13:23:36.46 [uncertain.proc] [CONFIG] [action] CreatequeryStatement
2018-10-09 13:23:36.46 [uncertain.proc] [FINE] aurora.bm.QuerySqlCreator.onCreateQueryStatement
2018-10-09 13:23:36.56 [uncertain.proc] [CONFIG] [action] PopulatequeryStatement
2018-10-09 13:23:36.56 [uncertain.proc] [FINE] aurora.database.features.OrderByClauseCreator.onPopulateQueryStatement
2018-10-09 13:23:36.56 [uncertain.proc] [FINE] aurora.database.features.WhereClauseCreator.onPopulateQueryStatement
2018-10-09 13:23:36.56 [uncertain.proc] [CONFIG] [action] CreatequerySql
2018-10-09 13:23:36.56 [uncertain.proc] [FINE] aurora.bm.QuerySqlCreator.onCreateQuerySql
2018-10-09 13:23:36.56 [uncertain.proc] [CONFIG] [action] ExecuteQuery
2018-10-09 13:23:36.56 [uncertain.proc] [FINE] aurora.bm.QuerySqlCreator.onExecuteQuery
2018-10-09 13:23:36.73 [uncertain.proc] [CONFIG] [action] QueryFinish
2018-10-09 13:23:36.73 [uncertain.proc] [FINE] aurora.database.features.AutoQueryCounter.onQueryFinish
2018-10-09 13:23:36.73 [uncertain.proc] [CONFIG] [action] FetchResultSet
2018-10-09 13:23:36.73 [uncertain.proc] [FINE] aurora.database.features.CacheBasedLookUpField.postFetchResultSet
2018-10-09 13:23:36.79 [aurora.database] [CONFIG] 
============= BEGIN [query] SQL Statement execution dump ============
SELECT e.recipient_set_id,e.recipient_sequence,e.node_id,e.rule_sequence,e.rule_code,e.parameter_1_value,e.parameter_1_desc,e.parameter_2_value,e.parameter_2_desc,e.parameter_3_value,e.parameter_3_desc,e.parameter_4_value,e.parameter_4_desc,rv.description AS rule_code_display,rv.parameter_1_type,rv.parameter_1_url,rv.parameter_2_type,rv.parameter_2_url,rv.parameter_3_type,rv.parameter_3_url,rv.parameter_4_type,rv.parameter_4_url
FROM wfl_node_recipient_set e
	LEFT OUTER JOIN wfl_recipient_rules_vl rv ON e.rule_code = rv.rule_code
WHERE e.node_id = ?
ORDER BY e.rule_sequence asc
---------------------Binding info---------------------
No.1	Access path:@node_id	Data type of passed value :java.lang.Long	Value:1048	Output:false	Database Type:null	

=============== END [query] SQL Statement execution dump ============

2018-10-09 13:23:36.80 [aurora.database] [CONFIG] ===================================== prepare to run model-query wfl.wfl_workflow_recipient_rules==============================
2018-10-09 13:23:36.83 [uncertain.proc] [CONFIG] [action] DecideSqlGenerationMode
2018-10-09 13:23:36.83 [uncertain.proc] [FINE] aurora.database.service.BusinessModelService.onDecideSqlGenerationMode
2018-10-09 13:23:36.83 [uncertain.proc] [CONFIG] [action] CreatequeryStatement
2018-10-09 13:23:36.83 [uncertain.proc] [FINE] aurora.bm.QuerySqlCreator.onCreateQueryStatement
2018-10-09 13:23:36.83 [uncertain.proc] [CONFIG] [action] PopulatequeryStatement
2018-10-09 13:23:36.83 [uncertain.proc] [FINE] aurora.database.features.OrderByClauseCreator.onPopulateQueryStatement
2018-10-09 13:23:36.83 [uncertain.proc] [FINE] aurora.database.features.WhereClauseCreator.onPopulateQueryStatement
2018-10-09 13:23:36.83 [uncertain.proc] [CONFIG] [action] CreatequerySql
2018-10-09 13:23:36.83 [uncertain.proc] [FINE] aurora.bm.QuerySqlCreator.onCreateQuerySql
2018-10-09 13:23:36.83 [uncertain.proc] [CONFIG] [action] ExecuteQuery
2018-10-09 13:23:36.83 [uncertain.proc] [FINE] aurora.bm.QuerySqlCreator.onExecuteQuery
2018-10-09 13:23:36.86 [uncertain.proc] [CONFIG] [action] QueryFinish
2018-10-09 13:23:36.86 [uncertain.proc] [FINE] aurora.database.features.AutoQueryCounter.onQueryFinish
2018-10-09 13:23:36.86 [uncertain.proc] [CONFIG] [action] FetchResultSet
2018-10-09 13:23:36.86 [uncertain.proc] [FINE] aurora.database.features.CacheBasedLookUpField.postFetchResultSet
2018-10-09 13:23:36.86 [aurora.database] [CONFIG] 
============= BEGIN [query] SQL Statement execution dump ============
SELECT t1.rule_code,t1.name,t1.description,t1.procedure_name,t1.sys_flag,t1.parameter_1_type,t1.parameter_1_desc,t1.parameter_1_url,t1.parameter_2_type,t1.parameter_2_desc,t1.parameter_2_url,t1.parameter_3_type,t1.parameter_3_desc,t1.parameter_3_url,t1.parameter_4_type,t1.parameter_4_desc,t1.parameter_4_url
FROM wfl_recipient_rules_vl t1

ORDER BY rule_code
---------------------Binding info---------------------
null
=============== END [query] SQL Statement execution dump ============

2018-10-09 13:23:36.86 [aurora.database] [CONFIG] ===================================== prepare to run model-query wfl.wfl_workflow_procedure==============================
2018-10-09 13:23:36.90 [uncertain.proc] [CONFIG] [action] DecideSqlGenerationMode
2018-10-09 13:23:36.90 [uncertain.proc] [FINE] aurora.database.service.BusinessModelService.onDecideSqlGenerationMode
2018-10-09 13:23:36.90 [uncertain.proc] [CONFIG] [action] CreatequeryStatement
2018-10-09 13:23:36.90 [uncertain.proc] [FINE] aurora.bm.QuerySqlCreator.onCreateQueryStatement
2018-10-09 13:23:36.90 [uncertain.proc] [CONFIG] [action] PopulatequeryStatement
2018-10-09 13:23:36.90 [uncertain.proc] [FINE] aurora.database.features.OrderByClauseCreator.onPopulateQueryStatement
2018-10-09 13:23:36.90 [uncertain.proc] [FINE] aurora.database.features.WhereClauseCreator.onPopulateQueryStatement
2018-10-09 13:23:36.90 [uncertain.proc] [CONFIG] [action] CreatequerySql
2018-10-09 13:23:36.90 [uncertain.proc] [FINE] aurora.bm.QuerySqlCreator.onCreateQuerySql
2018-10-09 13:23:36.90 [uncertain.proc] [CONFIG] [action] ExecuteQuery
2018-10-09 13:23:36.90 [uncertain.proc] [FINE] aurora.bm.QuerySqlCreator.onExecuteQuery
2018-10-09 13:23:36.91 [uncertain.proc] [CONFIG] [action] QueryFinish
2018-10-09 13:23:36.91 [uncertain.proc] [FINE] aurora.database.features.AutoQueryCounter.onQueryFinish
2018-10-09 13:23:36.91 [uncertain.proc] [CONFIG] [action] FetchResultSet
2018-10-09 13:23:36.91 [uncertain.proc] [FINE] aurora.database.features.CacheBasedLookUpField.postFetchResultSet
2018-10-09 13:23:36.91 [aurora.database] [CONFIG] 
============= BEGIN [query] SQL Statement execution dump ============
SELECT e.record_id,e.workflow_id,e.proc_name,(select DESCRIPTION_TEXT from fnd_descriptions where DESCRIPTION_ID=e.proc_display_id and Language=?) AS proc_display,e.PROC_DISPLAY_ID,(select DESCRIPTION_TEXT from fnd_descriptions where DESCRIPTION_ID=e.description_id and Language=?) AS description,e.DESCRIPTION_ID,e.proc_type,(select code_value_name from sys_service_lookup_v where code = 'WFL_WORKFLOW_PROC_TYPE' and code_value=to_char(e.proc_type) and language=?)  AS proc_type_display
FROM wfl_workflow_procedure e
WHERE e.proc_type = 10 AND e.workflow_id = ?
---------------------Binding info---------------------
No.1	Access path:/session/@lang	Data type of passed value :java.lang.String	Value:ZHS	Output:false	Database Type:null	
No.2	Access path:/session/@lang	Data type of passed value :java.lang.String	Value:ZHS	Output:false	Database Type:null	
No.3	Access path:/session/@lang	Data type of passed value :java.lang.String	Value:ZHS	Output:false	Database Type:null	
No.4	Access path:@workflow_id	Data type of passed value :java.lang.Long	Value:147	Output:false	Database Type:null	

=============== END [query] SQL Statement execution dump ============

2018-10-09 13:23:36.91 [aurora.database] [CONFIG] ===================================== prepare to run model-query wfl.wfl_workflow_procedure==============================
2018-10-09 13:23:36.94 [uncertain.proc] [CONFIG] [action] DecideSqlGenerationMode
2018-10-09 13:23:36.94 [uncertain.proc] [FINE] aurora.database.service.BusinessModelService.onDecideSqlGenerationMode
2018-10-09 13:23:36.94 [uncertain.proc] [CONFIG] [action] CreatequeryStatement
2018-10-09 13:23:36.94 [uncertain.proc] [FINE] aurora.bm.QuerySqlCreator.onCreateQueryStatement
2018-10-09 13:23:36.94 [uncertain.proc] [CONFIG] [action] PopulatequeryStatement
2018-10-09 13:23:36.94 [uncertain.proc] [FINE] aurora.database.features.OrderByClauseCreator.onPopulateQueryStatement
2018-10-09 13:23:36.94 [uncertain.proc] [FINE] aurora.database.features.WhereClauseCreator.onPopulateQueryStatement
2018-10-09 13:23:36.94 [uncertain.proc] [CONFIG] [action] CreatequerySql
2018-10-09 13:23:36.94 [uncertain.proc] [FINE] aurora.bm.QuerySqlCreator.onCreateQuerySql
2018-10-09 13:23:36.94 [uncertain.proc] [CONFIG] [action] ExecuteQuery
2018-10-09 13:23:36.94 [uncertain.proc] [FINE] aurora.bm.QuerySqlCreator.onExecuteQuery
2018-10-09 13:23:36.94 [uncertain.proc] [CONFIG] [action] QueryFinish
2018-10-09 13:23:36.94 [uncertain.proc] [FINE] aurora.database.features.AutoQueryCounter.onQueryFinish
2018-10-09 13:23:36.94 [uncertain.proc] [CONFIG] [action] FetchResultSet
2018-10-09 13:23:36.94 [uncertain.proc] [FINE] aurora.database.features.CacheBasedLookUpField.postFetchResultSet
2018-10-09 13:23:36.94 [aurora.database] [CONFIG] 
============= BEGIN [query] SQL Statement execution dump ============
SELECT e.record_id,e.workflow_id,e.proc_name,(select DESCRIPTION_TEXT from fnd_descriptions where DESCRIPTION_ID=e.proc_display_id and Language=?) AS proc_display,e.PROC_DISPLAY_ID,(select DESCRIPTION_TEXT from fnd_descriptions where DESCRIPTION_ID=e.description_id and Language=?) AS description,e.DESCRIPTION_ID,e.proc_type,(select code_value_name from sys_service_lookup_v where code = 'WFL_WORKFLOW_PROC_TYPE' and code_value=to_char(e.proc_type) and language=?)  AS proc_type_display
FROM wfl_workflow_procedure e
WHERE e.proc_type = 20 AND e.workflow_id = ?
---------------------Binding info---------------------
No.1	Access path:/session/@lang	Data type of passed value :java.lang.String	Value:ZHS	Output:false	Database Type:null	
No.2	Access path:/session/@lang	Data type of passed value :java.lang.String	Value:ZHS	Output:false	Database Type:null	
No.3	Access path:/session/@lang	Data type of passed value :java.lang.String	Value:ZHS	Output:false	Database Type:null	
No.4	Access path:@workflow_id	Data type of passed value :java.lang.Long	Value:147	Output:false	Database Type:null	

=============== END [query] SQL Statement execution dump ============

2018-10-09 13:23:36.94 [uncertain.proc] [CONFIG] [action] CreateView
2018-10-09 13:23:36.94 [uncertain.proc] [CONFIG] [action] BuildOutputContent
2018-10-09 13:23:36.94 [aurora.presentation.buildsession] [CONFIG] Start build session
2018-10-09 13:23:36.95 [aurora.presentation.buildsession] [CONFIG] building view: <html-page> -> aurora.presentation.component.HtmlPage@ad81c52
2018-10-09 13:23:36.95 [aurora.presentation.buildsession] [CONFIG] building view: <div> -> aurora.presentation.DefaultViewBuilder@35f5c5a3
2018-10-09 13:23:36.95 [aurora.presentation.buildsession] [CONFIG] building view: <script> -> aurora.presentation.DefaultViewBuilder@35f5c5a3
2018-10-09 13:23:36.95 [aurora.presentation.buildsession] [CONFIG] building view: <dataSets> -> aurora.application.features.DataSetInit@4f84956
2018-10-09 13:23:36.95 [aurora.presentation.buildsession] [CONFIG] building view: <dataSet> -> aurora.presentation.TemplateBasedView@3dda489e
2018-10-09 13:23:36.96 [aurora.presentation.buildsession] [CONFIG] building view: <dataSet> -> aurora.presentation.TemplateBasedView@3dda489e
2018-10-09 13:23:36.96 [aurora.presentation.buildsession] [CONFIG] building view: <dataSet> -> aurora.presentation.TemplateBasedView@3dda489e
2018-10-09 13:23:36.96 [aurora.presentation.buildsession] [CONFIG] building view: <dataSet> -> aurora.presentation.TemplateBasedView@3dda489e
2018-10-09 13:23:36.97 [aurora.presentation.buildsession] [CONFIG] building view: <dataSet> -> aurora.presentation.TemplateBasedView@3dda489e
2018-10-09 13:23:36.98 [aurora.presentation.buildsession] [CONFIG] building view: <dataSet> -> aurora.presentation.TemplateBasedView@3dda489e
2018-10-09 13:23:36.99 [aurora.presentation.buildsession] [CONFIG] building view: <screenBody> -> aurora.presentation.component.std.ScreenBody@7e6898c
2018-10-09 13:23:36.99 [aurora.presentation.buildsession] [CONFIG] building view: <screenTopToolbar> -> aurora.presentation.component.std.ScreenTopToolbar@24250b98
2018-10-09 13:23:36.99 [aurora.presentation.buildsession] [CONFIG] building view: <screenTitle> -> aurora.presentation.component.std.ScreenTitle@6e55a9c2
2018-10-09 13:23:36.103 [uncertain.proc] [CONFIG] [action] DecideSqlGenerationMode
2018-10-09 13:23:36.103 [uncertain.proc] [FINE] aurora.database.service.BusinessModelService.onDecideSqlGenerationMode
2018-10-09 13:23:36.103 [uncertain.proc] [CONFIG] [action] CreatequeryStatement
2018-10-09 13:23:36.103 [uncertain.proc] [FINE] aurora.bm.QuerySqlCreator.onCreateQueryStatement
2018-10-09 13:23:36.103 [uncertain.proc] [CONFIG] [action] PopulatequeryStatement
2018-10-09 13:23:36.103 [uncertain.proc] [FINE] aurora.database.features.OrderByClauseCreator.onPopulateQueryStatement
2018-10-09 13:23:36.103 [uncertain.proc] [FINE] aurora.database.features.WhereClauseCreator.onPopulateQueryStatement
2018-10-09 13:23:36.103 [uncertain.proc] [CONFIG] [action] CreatequerySql
2018-10-09 13:23:36.103 [uncertain.proc] [FINE] aurora.bm.QuerySqlCreator.onCreateQuerySql
2018-10-09 13:23:36.103 [uncertain.proc] [CONFIG] [action] ExecuteQuery
2018-10-09 13:23:36.103 [uncertain.proc] [FINE] aurora.bm.QuerySqlCreator.onExecuteQuery
2018-10-09 13:23:36.104 [uncertain.proc] [CONFIG] [action] QueryFinish
2018-10-09 13:23:36.104 [uncertain.proc] [FINE] aurora.database.features.AutoQueryCounter.onQueryFinish
2018-10-09 13:23:36.104 [uncertain.proc] [CONFIG] [action] FetchResultSet
2018-10-09 13:23:36.104 [uncertain.proc] [FINE] aurora.database.features.CacheBasedLookUpField.postFetchResultSet
2018-10-09 13:23:36.104 [aurora.database] [CONFIG] 
============= BEGIN [query] SQL Statement execution dump ============
SELECT f.service_id,f.service_name,f.is_entry_page,f.is_access_checked,f.is_login_required,f.is_system_access,? AS language,(select d.description_text from fnd_descriptions d where d.description_id = f.title_id and d.language = ?) AS title,f.title_id,f.weixin_flag
FROM sys_service f
WHERE f.service_name = ?
ORDER BY service_name
---------------------Binding info---------------------
No.1	Access path:/session/@lang	Data type of passed value :java.lang.String	Value:ZHS	Output:false	Database Type:null	
No.2	Access path:/session/@lang	Data type of passed value :java.lang.String	Value:ZHS	Output:false	Database Type:null	
No.3	Access path:@service_name	Data type of passed value :java.lang.String	Value:modules/wfl/public/wfl_workflow_node.screen	Output:false	Database Type:null	

=============== END [query] SQL Statement execution dump ============

2018-10-09 13:23:36.104 [aurora.presentation.buildsession] [CONFIG] building view: <toolbarButton> -> aurora.presentation.TemplateBasedView@3dda489e
2018-10-09 13:23:36.104 [aurora.presentation.buildsession] [CONFIG] building view: <toolbarButton> -> aurora.presentation.TemplateBasedView@3dda489e
2018-10-09 13:23:36.105 [aurora.presentation.buildsession] [CONFIG] building view: <form> -> aurora.presentation.component.std.Form@4deead5b
2018-10-09 13:23:36.105 [aurora.presentation.buildsession] [CONFIG] building view: <box> -> aurora.presentation.component.std.Box@4fe169c0
2018-10-09 13:23:36.105 [aurora.presentation.buildsession] [CONFIG] building view: <textField> -> aurora.presentation.TemplateBasedView@3dda489e
2018-10-09 13:23:36.105 [aurora.presentation.buildsession] [CONFIG] building view: <textField> -> aurora.presentation.TemplateBasedView@3dda489e
2018-10-09 13:23:36.105 [aurora.presentation.buildsession] [CONFIG] building view: <comboBox> -> aurora.presentation.TemplateBasedView@3dda489e
2018-10-09 13:23:36.105 [aurora.presentation.buildsession] [CONFIG] building view: <comboBox> -> aurora.presentation.TemplateBasedView@3dda489e
2018-10-09 13:23:36.105 [aurora.presentation.buildsession] [CONFIG] building view: <comboBox> -> aurora.presentation.TemplateBasedView@3dda489e
2018-10-09 13:23:36.105 [aurora.presentation.buildsession] [CONFIG] building view: <comboBox> -> aurora.presentation.TemplateBasedView@3dda489e
2018-10-09 13:23:36.105 [aurora.presentation.buildsession] [CONFIG] building view: <comboBox> -> aurora.presentation.TemplateBasedView@3dda489e
2018-10-09 13:23:36.106 [aurora.presentation.buildsession] [CONFIG] building view: <numberField> -> aurora.presentation.TemplateBasedView@3dda489e
2018-10-09 13:23:36.106 [aurora.presentation.buildsession] [CONFIG] building view: <numberField> -> aurora.presentation.TemplateBasedView@3dda489e
2018-10-09 13:23:36.106 [aurora.presentation.buildsession] [CONFIG] building view: <numberField> -> aurora.presentation.TemplateBasedView@3dda489e
2018-10-09 13:23:36.106 [aurora.presentation.buildsession] [CONFIG] building view: <hBox> -> aurora.presentation.component.std.HBox@4220fc36
2018-10-09 13:23:36.106 [aurora.presentation.buildsession] [CONFIG] building view: <textField> -> aurora.presentation.TemplateBasedView@3dda489e
2018-10-09 13:23:36.106 [aurora.presentation.buildsession] [CONFIG] building view: <comboBox> -> aurora.presentation.TemplateBasedView@3dda489e
2018-10-09 13:23:36.106 [aurora.presentation.buildsession] [CONFIG] building view: <hBox> -> aurora.presentation.component.std.HBox@451122da
2018-10-09 13:23:36.106 [aurora.presentation.buildsession] [CONFIG] building view: <textField> -> aurora.presentation.TemplateBasedView@3dda489e
2018-10-09 13:23:36.107 [aurora.presentation.buildsession] [CONFIG] building view: <comboBox> -> aurora.presentation.TemplateBasedView@3dda489e
2018-10-09 13:23:36.107 [aurora.presentation.buildsession] [CONFIG] building view: <checkBox> -> aurora.presentation.TemplateBasedView@3dda489e
2018-10-09 13:23:36.107 [aurora.presentation.buildsession] [CONFIG] building view: <checkBox> -> aurora.presentation.TemplateBasedView@3dda489e
2018-10-09 13:23:36.107 [aurora.presentation.buildsession] [CONFIG] building view: <checkBox> -> aurora.presentation.TemplateBasedView@3dda489e
2018-10-09 13:23:36.107 [aurora.presentation.buildsession] [CONFIG] building view: <checkBox> -> aurora.presentation.TemplateBasedView@3dda489e
2018-10-09 13:23:36.107 [aurora.presentation.buildsession] [CONFIG] building view: <checkBox> -> aurora.presentation.TemplateBasedView@3dda489e
2018-10-09 13:23:36.107 [aurora.presentation.buildsession] [CONFIG] building view: <checkBox> -> aurora.presentation.TemplateBasedView@3dda489e
2018-10-09 13:23:36.107 [aurora.presentation.buildsession] [CONFIG] building view: <checkBox> -> aurora.presentation.TemplateBasedView@3dda489e
2018-10-09 13:23:36.107 [aurora.presentation.buildsession] [CONFIG] building view: <checkBox> -> aurora.presentation.TemplateBasedView@3dda489e
2018-10-09 13:23:36.107 [aurora.presentation.buildsession] [CONFIG] building view: <checkBox> -> aurora.presentation.TemplateBasedView@3dda489e
2018-10-09 13:23:36.107 [aurora.presentation.buildsession] [CONFIG] building view: <checkBox> -> aurora.presentation.TemplateBasedView@3dda489e
2018-10-09 13:23:36.108 [aurora.presentation.buildsession] [CONFIG] building view: <box> -> aurora.presentation.component.std.Box@7daddb56
2018-10-09 13:23:36.108 [aurora.presentation.buildsession] [CONFIG] building view: <textArea> -> aurora.presentation.TemplateBasedView@3dda489e
2018-10-09 13:23:36.108 [aurora.presentation.buildsession] [CONFIG] building view: <tabPanel> -> aurora.presentation.TemplateBasedView@3dda489e
2018-10-09 13:23:36.108 [aurora.presentation.buildsession] [CONFIG] building view: <grid> -> aurora.presentation.TemplateBasedView@3dda489e
2018-10-09 13:23:36.108 [aurora.presentation.buildsession] [CONFIG] building view: <toolBar> -> aurora.presentation.TemplateBasedView@3dda489e
2018-10-09 13:23:36.109 [aurora.presentation.buildsession] [CONFIG] building view: <button> -> aurora.presentation.TemplateBasedView@3dda489e
2018-10-09 13:23:36.109 [aurora.presentation.buildsession] [CONFIG] building view: <button> -> aurora.presentation.TemplateBasedView@3dda489e
2018-10-09 13:23:36.109 [aurora.presentation.buildsession] [CONFIG] building view: <textField> -> aurora.presentation.TemplateBasedView@3dda489e
2018-10-09 13:23:36.110 [aurora.presentation.buildsession] [CONFIG] building view: <numberField> -> aurora.presentation.TemplateBasedView@3dda489e
2018-10-09 13:23:36.110 [aurora.presentation.buildsession] [CONFIG] building view: <comboBox> -> aurora.presentation.TemplateBasedView@3dda489e
2018-10-09 13:23:36.110 [aurora.presentation.buildsession] [CONFIG] building view: <lov> -> aurora.presentation.TemplateBasedView@3dda489e
2018-10-09 13:23:36.111 [aurora.presentation.buildsession] [CONFIG] building view: <script> -> aurora.presentation.DefaultViewBuilder@35f5c5a3
2018-10-09 13:23:36.111 [aurora.presentation.buildsession] [CONFIG] End build session
