2018-10-17 07:45:22.699 [aurora.application.session_check] [CONFIG] Session data copied to context
2018-10-17 07:45:22.699 [aurora.application.session_check] [CONFIG] Access check result for modules/wfl/public/wfl_workflow_node_update.svc => success
2018-10-17 07:45:22.699 [uncertain.proc] [CONFIG] [action] AccessCheck
2018-10-17 07:45:22.715 [uncertain.proc] [CONFIG] [action] CheckServiceLock
2018-10-17 07:45:22.715 [uncertain.proc] [CONFIG] [action] ParseParameter
2018-10-17 07:45:22.715 [uncertain.proc] [CONFIG] [action] ValidateInput
2018-10-17 07:45:22.715 [uncertain.proc] [CONFIG] [action] InvokeService
2018-10-17 07:45:22.715 [aurora.database] [CONFIG] Running batch-apply with data from path /parameter, total 1 records
2018-10-17 07:45:22.715 [aurora.database] [CONFIG] Executing batch-apply on parameter No.0
2018-10-17 07:45:22.726 [uncertain.proc] [CONFIG] [action] DecideStatement
2018-10-17 07:45:22.728 [uncertain.proc] [CONFIG] [action] DecideSqlGenerationMode
2018-10-17 07:45:22.728 [uncertain.proc] [FINE] aurora.database.service.BusinessModelService.onDecideSqlGenerationMode
2018-10-17 07:45:22.728 [uncertain.proc] [CONFIG] [action] CreateUpdateStatement
2018-10-17 07:45:22.728 [uncertain.proc] [FINE] aurora.bm.UpdateSqlCreator.onCreateUpdateStatement
2018-10-17 07:45:22.728 [uncertain.proc] [CONFIG] [action] PopulateUpdateStatement
2018-10-17 07:45:22.728 [uncertain.proc] [FINE] aurora.database.features.WhereClauseCreator.onPopulateUpdateStatement
2018-10-17 07:45:22.728 [uncertain.proc] [CONFIG] [action] CreateUpdateSql
2018-10-17 07:45:22.728 [uncertain.proc] [FINE] aurora.bm.UpdateSqlCreator.onCreateUpdateSql
2018-10-17 07:45:22.728 [uncertain.proc] [CONFIG] [action] CreateSqlRunner
2018-10-17 07:45:22.728 [uncertain.proc] [FINE] aurora.database.service.BusinessModelService.onCreateSqlRunner
2018-10-17 07:45:22.728 [uncertain.proc] [CONFIG] [action] ExecuteDmlStatement
2018-10-17 07:45:22.728 [uncertain.proc] [FINE] aurora.database.service.BusinessModelService.onExecuteDmlStatement
2018-10-17 07:45:22.729 [uncertain.proc] [FINE] aurora.database.features.MultiLanguageStorage.postExecuteDmlStatement
2018-10-17 07:45:22.731 [aurora.database] [CONFIG] 
============= BEGIN [MultiLanguageStorage update] SQL Statement execution dump ============

				begin 
					fnd_description_pkg.reset_fnd_descriptions(?,
                                                               ?,
				                                               ?,
				                                               ?,
															   ?,
															   ?,
															   ?
				                                               );
				end;				
			
---------------------Binding info---------------------
No.1	Access path:@DESCRIPTION_ID	Data type of passed value :java.lang.String	Value:237886	Output:false	Database Type:null	
No.2	Access path:@REF_TABLE	Data type of passed value :java.lang.String	Value:WFL_WORKFLOW_NODE	Output:false	Database Type:null	
No.3	Access path:@REF_FIELD	Data type of passed value :java.lang.String	Value:NAME_ID	Output:false	Database Type:null	
No.4	Access path:@DESCRIPTION_TEXT	Data type of passed value :java.lang.String	Value:总裁	Output:false	Database Type:null	
No.5	Access path:/session/@user_id	Data type of passed value :java.lang.Long	Value:1	Output:false	Database Type:null	
No.6	Access path:/session/@user_id	Data type of passed value :java.lang.Long	Value:1	Output:false	Database Type:null	
No.7	Access path:/session/@lang	Data type of passed value :java.lang.String	Value:ZHS	Output:false	Database Type:null	

=============== END [MultiLanguageStorage update] SQL Statement execution dump ============

2018-10-17 07:45:22.732 [aurora.database] [CONFIG] 
============= BEGIN [MultiLanguageStorage update] SQL Statement execution dump ============

				begin 
					fnd_description_pkg.reset_fnd_descriptions(?,
                                                               ?,
				                                               ?,
				                                               ?,
															   ?,
															   ?,
															   ?
				                                               );
				end;				
			
---------------------Binding info---------------------
No.1	Access path:@DESCRIPTION_ID	Data type of passed value :java.lang.String	Value:237887	Output:false	Database Type:null	
No.2	Access path:@REF_TABLE	Data type of passed value :java.lang.String	Value:WFL_WORKFLOW_NODE	Output:false	Database Type:null	
No.3	Access path:@REF_FIELD	Data type of passed value :java.lang.String	Value:DESCRIPTION_ID	Output:false	Database Type:null	
No.4	Access path:@DESCRIPTION_TEXT	Data type of passed value :[null]	Value:null	Output:false	Database Type:null	
No.5	Access path:/session/@user_id	Data type of passed value :java.lang.Long	Value:1	Output:false	Database Type:null	
No.6	Access path:/session/@user_id	Data type of passed value :java.lang.Long	Value:1	Output:false	Database Type:null	
No.7	Access path:/session/@lang	Data type of passed value :java.lang.String	Value:ZHS	Output:false	Database Type:null	

=============== END [MultiLanguageStorage update] SQL Statement execution dump ============

2018-10-17 07:45:22.732 [aurora.database] [CONFIG] 
============= BEGIN [Update] SQL Statement execution dump ============
UPDATE wfl_workflow_node e
SET e.sequence_num=?,e.approval_type=?,e.quantity=?,e.recipient_type=?,e.can_deliver_to=?,e.can_auto_pass=?,e.can_add_approver=?,e.can_no_approver=?,e.can_add_notification=?,e.form_name=?,e.form_width=?,e.form_height=?,e.name_id=?,e.notify_period=?,e.notify_period_length=?,e.process_date=?,e.process_date_unit_id=?,e.mail_notify=?,e.is_date_limited=?,e.is_self_re_commit=?,e.notify_on_finish=?,e.is_comment_access_control=?,e.description_id=?,e.check_proc=?,e.pre_node_proc=?,e.LAST_UPDATED_BY=?,e.LAST_UPDATE_DATE=sysdate
WHERE e.node_id = ?
---------------------Binding info---------------------
No.1	Access path:@sequence_num	Data type of passed value :java.lang.Long	Value:110	Output:false	Database Type:null	
No.2	Access path:@approval_type	Data type of passed value :java.lang.Long	Value:7	Output:false	Database Type:null	
No.3	Access path:@quantity	Data type of passed value :[null]	Value:null	Output:false	Database Type:null	
No.4	Access path:@recipient_type	Data type of passed value :java.lang.String	Value:0	Output:false	Database Type:null	
No.5	Access path:@can_deliver_to	Data type of passed value :java.lang.Long	Value:1	Output:false	Database Type:null	
No.6	Access path:@can_auto_pass	Data type of passed value :java.lang.Long	Value:1	Output:false	Database Type:null	
No.7	Access path:@can_add_approver	Data type of passed value :java.lang.Long	Value:1	Output:false	Database Type:null	
No.8	Access path:@can_no_approver	Data type of passed value :java.lang.Long	Value:1	Output:false	Database Type:null	
No.9	Access path:@can_add_notification	Data type of passed value :java.lang.Long	Value:0	Output:false	Database Type:null	
No.10	Access path:@form_name	Data type of passed value :java.lang.String	Value:modules/expm/public/exp_report_readonly_wfl.screen?exp_report_header_id	Output:false	Database Type:null	
No.11	Access path:@form_width	Data type of passed value :[null]	Value:null	Output:false	Database Type:null	
No.12	Access path:@form_height	Data type of passed value :[null]	Value:null	Output:false	Database Type:null	
No.13	Access path:@name_id	Data type of passed value :java.lang.Long	Value:237886	Output:false	Database Type:null	
No.14	Access path:@notify_period	Data type of passed value :[null]	Value:null	Output:false	Database Type:null	
No.15	Access path:@notify_period_length	Data type of passed value :[null]	Value:null	Output:false	Database Type:null	
No.16	Access path:@process_date	Data type of passed value :[null]	Value:null	Output:false	Database Type:null	
No.17	Access path:@process_date_unit_id	Data type of passed value :[null]	Value:null	Output:false	Database Type:null	
No.18	Access path:@mail_notify	Data type of passed value :java.lang.Long	Value:0	Output:false	Database Type:null	
No.19	Access path:@is_date_limited	Data type of passed value :java.lang.Long	Value:0	Output:false	Database Type:null	
No.20	Access path:@is_self_re_commit	Data type of passed value :java.lang.Long	Value:1	Output:false	Database Type:null	
No.21	Access path:@notify_on_finish	Data type of passed value :java.lang.Long	Value:0	Output:false	Database Type:null	
No.22	Access path:@is_comment_access_control	Data type of passed value :java.lang.Long	Value:0	Output:false	Database Type:null	
No.23	Access path:@description_id	Data type of passed value :java.lang.Long	Value:237887	Output:false	Database Type:null	
No.24	Access path:@check_proc	Data type of passed value :[null]	Value:null	Output:false	Database Type:null	
No.25	Access path:@pre_node_proc	Data type of passed value :[null]	Value:null	Output:false	Database Type:null	
No.26	Access path:/session/@user_id	Data type of passed value :java.lang.Long	Value:1	Output:false	Database Type:null	
No.27	Access path:@node_id	Data type of passed value :java.lang.Long	Value:1413	Output:false	Database Type:null	

=============== END [Update] SQL Statement execution dump ============

2018-10-17 07:45:22.741 [aurora.database] [INFO] [model-batch-update] Data from '@current_parameter/approvals' is null
2018-10-17 07:45:22.745 [aurora.database] [INFO] [model-batch-update] Data from '@current_parameter/actions' is null
2018-10-17 07:45:22.746 [aurora.database] [INFO] [model-batch-update] Data from '@current_parameter/procs' is null
2018-10-17 07:45:22.747 [aurora.database] [INFO] [model-batch-update] Data from '@current_parameter/parameters' is null
2018-10-17 07:45:22.752 [aurora.database] [INFO] [model-batch-update] Data from '@current_parameter/notifications' is null
2018-10-17 07:45:22.756 [aurora.database] [INFO] [model-batch-update] Data from '@current_parameter/access' is null
2018-10-17 07:45:22.757 [aurora.database] [INFO] [model-batch-update] Data from '@current_parameter/rules' is null
2018-10-17 07:45:22.757 [uncertain.proc] [CONFIG] [action] CreateSuccessResponse
