2018-10-10 06:36:55.519 [aurora.application.session_check] [CONFIG] Session data copied to context
2018-10-10 06:36:55.520 [aurora.application.session_check] [CONFIG] Access check result for modules/wfl/public/wfl_workflow_node_rules.screen => success
2018-10-10 06:36:55.520 [uncertain.proc] [CONFIG] [action] AccessCheck
2018-10-10 06:36:55.528 [uncertain.proc] [CONFIG] [action] InitService
2018-10-10 06:36:55.528 [uncertain.proc] [CONFIG] [action] ParseParameter
2018-10-10 06:36:55.528 [uncertain.proc] [CONFIG] [action] CreateModel
2018-10-10 06:36:55.528 [aurora.database] [CONFIG] ===================================== prepare to run model-query wfl.WFL2010.wfl_workflow_node_action_type==============================
2018-10-10 06:36:55.534 [uncertain.proc] [CONFIG] [action] DecideSqlGenerationMode
2018-10-10 06:36:55.534 [uncertain.proc] [FINE] aurora.database.service.BusinessModelService.onDecideSqlGenerationMode
2018-10-10 06:36:55.534 [uncertain.proc] [CONFIG] [action] CreateOperationSql
2018-10-10 06:36:55.534 [uncertain.proc] [CONFIG] [action] PopulateOperationSql
2018-10-10 06:36:55.534 [uncertain.proc] [FINE] aurora.database.features.OrderByClauseCreator.onPopulateOperationSql
2018-10-10 06:36:55.534 [uncertain.proc] [FINE] aurora.database.features.WhereClauseCreator.onPopulateOperationSql
2018-10-10 06:36:55.534 [uncertain.proc] [CONFIG] [action] ExecuteQuery
2018-10-10 06:36:55.534 [uncertain.proc] [FINE] aurora.bm.QuerySqlCreator.onExecuteQuery
2018-10-10 06:36:55.540 [uncertain.proc] [CONFIG] [action] QueryFinish
2018-10-10 06:36:55.540 [uncertain.proc] [FINE] aurora.database.features.AutoQueryCounter.onQueryFinish
2018-10-10 06:36:55.540 [uncertain.proc] [CONFIG] [action] FetchResultSet
2018-10-10 06:36:55.540 [uncertain.proc] [FINE] aurora.database.features.CacheBasedLookUpField.postFetchResultSet
2018-10-10 06:36:55.540 [aurora.database] [CONFIG] 
============= BEGIN [query] SQL Statement execution dump ============

                select to_number(code_value) value ,
                              code_value_name name 
                         from sys_service_lookup_v
                        where code = 'WFL_WORKFLOW_NODE_ACTION_TYPE'
                        and language=?
            
---------------------Binding info---------------------
No.1	Access path:/session/@lang	Data type of passed value :java.lang.String	Value:ZHS	Output:false	Database Type:null	

=============== END [query] SQL Statement execution dump ============

2018-10-10 06:36:55.540 [aurora.database] [CONFIG] ===================================== prepare to run model-query wfl.WFL2010.wfl_workflow_node_jump_list==============================
2018-10-10 06:36:55.545 [uncertain.proc] [CONFIG] [action] DecideSqlGenerationMode
2018-10-10 06:36:55.545 [uncertain.proc] [FINE] aurora.database.service.BusinessModelService.onDecideSqlGenerationMode
2018-10-10 06:36:55.545 [uncertain.proc] [CONFIG] [action] CreateOperationSql
2018-10-10 06:36:55.545 [uncertain.proc] [CONFIG] [action] PopulateOperationSql
2018-10-10 06:36:55.545 [uncertain.proc] [FINE] aurora.database.features.OrderByClauseCreator.onPopulateOperationSql
2018-10-10 06:36:55.545 [uncertain.proc] [FINE] aurora.database.features.WhereClauseCreator.onPopulateOperationSql
2018-10-10 06:36:55.545 [uncertain.proc] [CONFIG] [action] ExecuteQuery
2018-10-10 06:36:55.545 [uncertain.proc] [FINE] aurora.bm.QuerySqlCreator.onExecuteQuery
2018-10-10 06:36:55.549 [uncertain.proc] [CONFIG] [action] QueryFinish
2018-10-10 06:36:55.549 [uncertain.proc] [FINE] aurora.database.features.AutoQueryCounter.onQueryFinish
2018-10-10 06:36:55.549 [uncertain.proc] [CONFIG] [action] FetchResultSet
2018-10-10 06:36:55.549 [uncertain.proc] [FINE] aurora.database.features.CacheBasedLookUpField.postFetchResultSet
2018-10-10 06:36:55.549 [aurora.database] [CONFIG] 
============= BEGIN [query] SQL Statement execution dump ============

                select '申请者自己' name,
                       0 value 
                  from dual 
                 union all  
                select (select description_text from fnd_descriptions fd
                where fd.description_id=e.name_id
                and fd.language=?)name,
                       node_id value  
                  from wfl_workflow_node e
                   WHERE e.workflow_id = ?
            
---------------------Binding info---------------------
No.1	Access path:/session/@lang	Data type of passed value :java.lang.String	Value:ZHS	Output:false	Database Type:null	
No.2	Access path:@workflow_id	Data type of passed value :java.lang.String	Value:142	Output:false	Database Type:null	

=============== END [query] SQL Statement execution dump ============

2018-10-10 06:36:55.549 [aurora.database] [CONFIG] ===================================== prepare to run model-query wfl.WFL2010.wfl_workflow_node_proc==============================
2018-10-10 06:36:55.554 [uncertain.proc] [CONFIG] [action] DecideSqlGenerationMode
2018-10-10 06:36:55.554 [uncertain.proc] [FINE] aurora.database.service.BusinessModelService.onDecideSqlGenerationMode
2018-10-10 06:36:55.554 [uncertain.proc] [CONFIG] [action] CreatequeryStatement
2018-10-10 06:36:55.554 [uncertain.proc] [FINE] aurora.bm.QuerySqlCreator.onCreateQueryStatement
2018-10-10 06:36:55.554 [uncertain.proc] [CONFIG] [action] PopulatequeryStatement
2018-10-10 06:36:55.554 [uncertain.proc] [FINE] aurora.database.features.OrderByClauseCreator.onPopulateQueryStatement
2018-10-10 06:36:55.554 [uncertain.proc] [FINE] aurora.database.features.WhereClauseCreator.onPopulateQueryStatement
2018-10-10 06:36:55.554 [uncertain.proc] [CONFIG] [action] CreatequerySql
2018-10-10 06:36:55.554 [uncertain.proc] [FINE] aurora.bm.QuerySqlCreator.onCreateQuerySql
2018-10-10 06:36:55.554 [uncertain.proc] [CONFIG] [action] ExecuteQuery
2018-10-10 06:36:55.554 [uncertain.proc] [FINE] aurora.bm.QuerySqlCreator.onExecuteQuery
2018-10-10 06:36:55.566 [uncertain.proc] [CONFIG] [action] QueryFinish
2018-10-10 06:36:55.566 [uncertain.proc] [FINE] aurora.database.features.AutoQueryCounter.onQueryFinish
2018-10-10 06:36:55.566 [uncertain.proc] [CONFIG] [action] FetchResultSet
2018-10-10 06:36:55.566 [uncertain.proc] [FINE] aurora.database.features.CacheBasedLookUpField.postFetchResultSet
2018-10-10 06:36:55.566 [aurora.database] [CONFIG] 
============= BEGIN [query] SQL Statement execution dump ============
SELECT e.record_id,e.node_id,e.proc_sequence,e.proc_name,(select proc_display from wfl_workflow_procedure_vl where workflow_id = (select workflow_id from wfl_workflow_node where node_id=e.node_id) and proc_name=e.proc_name) AS proc_name_display,e.decription
FROM wfl_workflow_node_proc e
WHERE e.node_id = ?
---------------------Binding info---------------------
No.1	Access path:@node_id	Data type of passed value :java.lang.String	Value:941	Output:false	Database Type:null	

=============== END [query] SQL Statement execution dump ============

2018-10-10 06:36:55.567 [aurora.database] [CONFIG] ===================================== prepare to run model-query wfl.WFL2010.wfl_workflow_result==============================
2018-10-10 06:36:55.571 [uncertain.proc] [CONFIG] [action] DecideSqlGenerationMode
2018-10-10 06:36:55.571 [uncertain.proc] [FINE] aurora.database.service.BusinessModelService.onDecideSqlGenerationMode
2018-10-10 06:36:55.571 [uncertain.proc] [CONFIG] [action] CreatequeryStatement
2018-10-10 06:36:55.571 [uncertain.proc] [FINE] aurora.bm.QuerySqlCreator.onCreateQueryStatement
2018-10-10 06:36:55.571 [uncertain.proc] [CONFIG] [action] PopulatequeryStatement
2018-10-10 06:36:55.571 [uncertain.proc] [FINE] aurora.database.features.OrderByClauseCreator.onPopulateQueryStatement
2018-10-10 06:36:55.571 [uncertain.proc] [FINE] aurora.database.features.WhereClauseCreator.onPopulateQueryStatement
2018-10-10 06:36:55.571 [uncertain.proc] [CONFIG] [action] CreatequerySql
2018-10-10 06:36:55.571 [uncertain.proc] [FINE] aurora.bm.QuerySqlCreator.onCreateQuerySql
2018-10-10 06:36:55.572 [uncertain.proc] [CONFIG] [action] ExecuteQuery
2018-10-10 06:36:55.572 [uncertain.proc] [FINE] aurora.bm.QuerySqlCreator.onExecuteQuery
2018-10-10 06:36:55.576 [uncertain.proc] [CONFIG] [action] QueryFinish
2018-10-10 06:36:55.576 [uncertain.proc] [FINE] aurora.database.features.AutoQueryCounter.onQueryFinish
2018-10-10 06:36:55.576 [uncertain.proc] [CONFIG] [action] FetchResultSet
2018-10-10 06:36:55.576 [uncertain.proc] [FINE] aurora.database.features.CacheBasedLookUpField.postFetchResultSet
2018-10-10 06:36:55.576 [aurora.database] [CONFIG] 
============= BEGIN [query] SQL Statement execution dump ============
SELECT t1.record_id,t1.workflow_id,t1.workflow_result,t1.description
FROM wfl_workflow_results t1
WHERE t1.workflow_id = ?
---------------------Binding info---------------------
No.1	Access path:@workflow_id	Data type of passed value :java.lang.String	Value:142	Output:false	Database Type:null	

=============== END [query] SQL Statement execution dump ============

2018-10-10 06:36:55.576 [aurora.database] [CONFIG] ===================================== prepare to run model-query wfl.WFL2010.wfl_workflow_rules==============================
2018-10-10 06:36:55.583 [uncertain.proc] [CONFIG] [action] DecideSqlGenerationMode
2018-10-10 06:36:55.583 [uncertain.proc] [FINE] aurora.database.service.BusinessModelService.onDecideSqlGenerationMode
2018-10-10 06:36:55.583 [uncertain.proc] [CONFIG] [action] CreatequeryStatement
2018-10-10 06:36:55.583 [uncertain.proc] [FINE] aurora.bm.QuerySqlCreator.onCreateQueryStatement
2018-10-10 06:36:55.583 [uncertain.proc] [CONFIG] [action] PopulatequeryStatement
2018-10-10 06:36:55.583 [uncertain.proc] [FINE] aurora.database.features.OrderByClauseCreator.onPopulateQueryStatement
2018-10-10 06:36:55.583 [uncertain.proc] [FINE] aurora.database.features.WhereClauseCreator.onPopulateQueryStatement
2018-10-10 06:36:55.583 [uncertain.proc] [CONFIG] [action] CreatequerySql
2018-10-10 06:36:55.583 [uncertain.proc] [FINE] aurora.bm.QuerySqlCreator.onCreateQuerySql
2018-10-10 06:36:55.583 [uncertain.proc] [CONFIG] [action] ExecuteQuery
2018-10-10 06:36:55.583 [uncertain.proc] [FINE] aurora.bm.QuerySqlCreator.onExecuteQuery
2018-10-10 06:36:55.592 [uncertain.proc] [CONFIG] [action] QueryFinish
2018-10-10 06:36:55.592 [uncertain.proc] [FINE] aurora.database.features.AutoQueryCounter.onQueryFinish
2018-10-10 06:36:55.592 [uncertain.proc] [CONFIG] [action] FetchResultSet
2018-10-10 06:36:55.592 [uncertain.proc] [FINE] aurora.database.features.CacheBasedLookUpField.postFetchResultSet
2018-10-10 06:36:55.592 [aurora.database] [CONFIG] 
============= BEGIN [query] SQL Statement execution dump ============
SELECT e.record_id,e.node_id,e.node_result,e.node_action_type,(select code_value_name from sys_service_lookup_v where code = 'WFL_WORKFLOW_NODE_ACTION_TYPE' and code_value =  to_char(e.node_action_type) and language=?) AS node_action_type_display,e.jump_to_node_id,e.description
FROM wfl_workflow_rules e
WHERE e.node_id = ?
---------------------Binding info---------------------
No.1	Access path:/session/@lang	Data type of passed value :java.lang.String	Value:ZHS	Output:false	Database Type:null	
No.2	Access path:@node_id	Data type of passed value :java.lang.String	Value:941	Output:false	Database Type:null	

=============== END [query] SQL Statement execution dump ============

2018-10-10 06:36:55.592 [aurora.database] [CONFIG] ===================================== prepare to run model-query wfl.wfl_workflow_procedure==============================
2018-10-10 06:36:55.597 [uncertain.proc] [CONFIG] [action] DecideSqlGenerationMode
2018-10-10 06:36:55.597 [uncertain.proc] [FINE] aurora.database.service.BusinessModelService.onDecideSqlGenerationMode
2018-10-10 06:36:55.597 [uncertain.proc] [CONFIG] [action] CreatequeryStatement
2018-10-10 06:36:55.597 [uncertain.proc] [FINE] aurora.bm.QuerySqlCreator.onCreateQueryStatement
2018-10-10 06:36:55.597 [uncertain.proc] [CONFIG] [action] PopulatequeryStatement
2018-10-10 06:36:55.597 [uncertain.proc] [FINE] aurora.database.features.OrderByClauseCreator.onPopulateQueryStatement
2018-10-10 06:36:55.597 [uncertain.proc] [FINE] aurora.database.features.WhereClauseCreator.onPopulateQueryStatement
2018-10-10 06:36:55.597 [uncertain.proc] [CONFIG] [action] CreatequerySql
2018-10-10 06:36:55.597 [uncertain.proc] [FINE] aurora.bm.QuerySqlCreator.onCreateQuerySql
2018-10-10 06:36:55.597 [uncertain.proc] [CONFIG] [action] ExecuteQuery
2018-10-10 06:36:55.597 [uncertain.proc] [FINE] aurora.bm.QuerySqlCreator.onExecuteQuery
2018-10-10 06:36:55.604 [uncertain.proc] [CONFIG] [action] QueryFinish
2018-10-10 06:36:55.604 [uncertain.proc] [FINE] aurora.database.features.AutoQueryCounter.onQueryFinish
2018-10-10 06:36:55.604 [uncertain.proc] [CONFIG] [action] FetchResultSet
2018-10-10 06:36:55.604 [uncertain.proc] [FINE] aurora.database.features.CacheBasedLookUpField.postFetchResultSet
2018-10-10 06:36:55.605 [aurora.database] [CONFIG] 
============= BEGIN [query] SQL Statement execution dump ============
SELECT e.record_id,e.workflow_id,e.proc_name,(select DESCRIPTION_TEXT from fnd_descriptions where DESCRIPTION_ID=e.proc_display_id and Language=?) AS proc_display,e.PROC_DISPLAY_ID,(select DESCRIPTION_TEXT from fnd_descriptions where DESCRIPTION_ID=e.description_id and Language=?) AS description,e.DESCRIPTION_ID,e.proc_type,(select code_value_name from sys_service_lookup_v where code = 'WFL_WORKFLOW_PROC_TYPE' and code_value=to_char(e.proc_type) and language=?)  AS proc_type_display
FROM wfl_workflow_procedure e
WHERE e.proc_type = 30 AND e.workflow_id = ?
---------------------Binding info---------------------
No.1	Access path:/session/@lang	Data type of passed value :java.lang.String	Value:ZHS	Output:false	Database Type:null	
No.2	Access path:/session/@lang	Data type of passed value :java.lang.String	Value:ZHS	Output:false	Database Type:null	
No.3	Access path:/session/@lang	Data type of passed value :java.lang.String	Value:ZHS	Output:false	Database Type:null	
No.4	Access path:@workflow_id	Data type of passed value :java.lang.String	Value:142	Output:false	Database Type:null	

=============== END [query] SQL Statement execution dump ============

2018-10-10 06:36:55.605 [uncertain.proc] [CONFIG] [action] CreateView
2018-10-10 06:36:55.605 [uncertain.proc] [CONFIG] [action] BuildOutputContent
2018-10-10 06:36:55.605 [aurora.presentation.buildsession] [CONFIG] Start build session
2018-10-10 06:36:55.605 [aurora.presentation.buildsession] [CONFIG] building view: <html-page> -> aurora.presentation.component.HtmlPage@361e1958
2018-10-10 06:36:55.606 [aurora.presentation.buildsession] [CONFIG] building view: <script> -> aurora.presentation.DefaultViewBuilder@35f5c5a3
2018-10-10 06:36:55.606 [aurora.presentation.buildsession] [CONFIG] building view: <div> -> aurora.presentation.DefaultViewBuilder@35f5c5a3
2018-10-10 06:36:55.606 [aurora.presentation.buildsession] [CONFIG] building view: <dataSets> -> aurora.application.features.DataSetInit@59e92be2
2018-10-10 06:36:55.606 [aurora.presentation.buildsession] [CONFIG] building view: <dataSet> -> aurora.presentation.TemplateBasedView@3dda489e
2018-10-10 06:36:55.606 [aurora.presentation.buildsession] [CONFIG] building view: <dataSet> -> aurora.presentation.TemplateBasedView@3dda489e
2018-10-10 06:36:55.606 [aurora.presentation.buildsession] [CONFIG] building view: <dataSet> -> aurora.presentation.TemplateBasedView@3dda489e
2018-10-10 06:36:55.607 [aurora.presentation.buildsession] [CONFIG] building view: <dataSet> -> aurora.presentation.TemplateBasedView@3dda489e
2018-10-10 06:36:55.607 [aurora.presentation.buildsession] [CONFIG] building view: <dataSet> -> aurora.presentation.TemplateBasedView@3dda489e
2018-10-10 06:36:55.608 [aurora.presentation.buildsession] [CONFIG] building view: <dataSet> -> aurora.presentation.TemplateBasedView@3dda489e
2018-10-10 06:36:55.610 [aurora.presentation.buildsession] [CONFIG] building view: <hBox> -> aurora.presentation.component.std.HBox@422a3c8b
2018-10-10 06:36:55.610 [aurora.presentation.buildsession] [CONFIG] building view: <grid> -> aurora.presentation.TemplateBasedView@3dda489e
2018-10-10 06:36:55.610 [aurora.presentation.buildsession] [CONFIG] building view: <toolBar> -> aurora.presentation.TemplateBasedView@3dda489e
2018-10-10 06:36:55.610 [aurora.presentation.buildsession] [CONFIG] building view: <button> -> aurora.presentation.TemplateBasedView@3dda489e
2018-10-10 06:36:55.610 [aurora.presentation.buildsession] [CONFIG] building view: <button> -> aurora.presentation.TemplateBasedView@3dda489e
2018-10-10 06:36:55.611 [aurora.presentation.buildsession] [CONFIG] building view: <textField> -> aurora.presentation.TemplateBasedView@3dda489e
2018-10-10 06:36:55.611 [aurora.presentation.buildsession] [CONFIG] building view: <comboBox> -> aurora.presentation.TemplateBasedView@3dda489e
2018-10-10 06:36:55.612 [aurora.presentation.buildsession] [CONFIG] building view: <grid> -> aurora.presentation.TemplateBasedView@3dda489e
2018-10-10 06:36:55.612 [aurora.presentation.buildsession] [CONFIG] building view: <toolBar> -> aurora.presentation.TemplateBasedView@3dda489e
2018-10-10 06:36:55.612 [aurora.presentation.buildsession] [CONFIG] building view: <button> -> aurora.presentation.TemplateBasedView@3dda489e
2018-10-10 06:36:55.612 [aurora.presentation.buildsession] [CONFIG] building view: <button> -> aurora.presentation.TemplateBasedView@3dda489e
2018-10-10 06:36:55.612 [aurora.presentation.buildsession] [CONFIG] building view: <textField> -> aurora.presentation.TemplateBasedView@3dda489e
2018-10-10 06:36:55.613 [aurora.presentation.buildsession] [CONFIG] building view: <comboBox> -> aurora.presentation.TemplateBasedView@3dda489e
2018-10-10 06:36:55.613 [aurora.presentation.buildsession] [CONFIG] building view: <script> -> aurora.presentation.DefaultViewBuilder@35f5c5a3
2018-10-10 06:36:55.613 [aurora.presentation.buildsession] [CONFIG] End build session
