2018-10-17 09:33:00.173 [aurora.application.session_check] [CONFIG] Session data copied to context
2018-10-17 09:33:00.173 [aurora.application.session_check] [CONFIG] Access check result for modules/wfl/public/wfl_workflow_new.screen => success
2018-10-17 09:33:00.173 [uncertain.proc] [CONFIG] [action] AccessCheck
2018-10-17 09:33:00.183 [uncertain.proc] [CONFIG] [action] InitService
2018-10-17 09:33:00.183 [uncertain.proc] [CONFIG] [action] ParseParameter
2018-10-17 09:33:00.183 [uncertain.proc] [CONFIG] [action] CreateModel
2018-10-17 09:33:00.183 [aurora.database] [CONFIG] ===================================== prepare to run model-query wfl.wfl_workflow_page_vl==============================
2018-10-17 09:33:00.187 [uncertain.proc] [CONFIG] [action] DecideSqlGenerationMode
2018-10-17 09:33:00.187 [uncertain.proc] [FINE] aurora.database.service.BusinessModelService.onDecideSqlGenerationMode
2018-10-17 09:33:00.187 [uncertain.proc] [CONFIG] [action] CreatequeryStatement
2018-10-17 09:33:00.187 [uncertain.proc] [FINE] aurora.bm.QuerySqlCreator.onCreateQueryStatement
2018-10-17 09:33:00.187 [uncertain.proc] [CONFIG] [action] PopulatequeryStatement
2018-10-17 09:33:00.187 [uncertain.proc] [FINE] aurora.database.features.OrderByClauseCreator.onPopulateQueryStatement
2018-10-17 09:33:00.187 [uncertain.proc] [FINE] aurora.database.features.WhereClauseCreator.onPopulateQueryStatement
2018-10-17 09:33:00.187 [uncertain.proc] [CONFIG] [action] CreatequerySql
2018-10-17 09:33:00.187 [uncertain.proc] [FINE] aurora.bm.QuerySqlCreator.onCreateQuerySql
2018-10-17 09:33:00.187 [uncertain.proc] [CONFIG] [action] ExecuteQuery
2018-10-17 09:33:00.187 [uncertain.proc] [FINE] aurora.bm.QuerySqlCreator.onExecuteQuery
2018-10-17 09:33:00.189 [uncertain.proc] [CONFIG] [action] QueryFinish
2018-10-17 09:33:00.189 [uncertain.proc] [FINE] aurora.database.features.AutoQueryCounter.onQueryFinish
2018-10-17 09:33:00.189 [uncertain.proc] [CONFIG] [action] FetchResultSet
2018-10-17 09:33:00.190 [uncertain.proc] [FINE] aurora.database.features.CacheBasedLookUpField.postFetchResultSet
2018-10-17 09:33:00.190 [aurora.database] [CONFIG] 
============= BEGIN [query] SQL Statement execution dump ============
SELECT t1.RECORD_ID,t1.SERVICE_NAME,t1.SERVICE_DISPLAY,t1.DESCRIPTION
FROM WFL_WORKFLOW_PAGE_VL t1

---------------------Binding info---------------------
null
=============== END [query] SQL Statement execution dump ============

2018-10-17 09:33:00.190 [aurora.database] [CONFIG] ===================================== prepare to run model-query wfl.wfl_workflow_node==============================
2018-10-17 09:33:00.193 [uncertain.proc] [CONFIG] [action] DecideSqlGenerationMode
2018-10-17 09:33:00.193 [uncertain.proc] [FINE] aurora.database.service.BusinessModelService.onDecideSqlGenerationMode
2018-10-17 09:33:00.193 [uncertain.proc] [CONFIG] [action] CreatequeryStatement
2018-10-17 09:33:00.193 [uncertain.proc] [FINE] aurora.bm.QuerySqlCreator.onCreateQueryStatement
2018-10-17 09:33:00.193 [uncertain.proc] [CONFIG] [action] PopulatequeryStatement
2018-10-17 09:33:00.193 [uncertain.proc] [FINE] aurora.database.features.OrderByClauseCreator.onPopulateQueryStatement
2018-10-17 09:33:00.193 [uncertain.proc] [FINE] aurora.database.features.WhereClauseCreator.onPopulateQueryStatement
2018-10-17 09:33:00.193 [uncertain.proc] [CONFIG] [action] CreatequerySql
2018-10-17 09:33:00.193 [uncertain.proc] [FINE] aurora.bm.QuerySqlCreator.onCreateQuerySql
2018-10-17 09:33:00.193 [uncertain.proc] [CONFIG] [action] ExecuteQuery
2018-10-17 09:33:00.193 [uncertain.proc] [FINE] aurora.bm.QuerySqlCreator.onExecuteQuery
2018-10-17 09:33:00.233 [uncertain.proc] [CONFIG] [action] QueryFinish
2018-10-17 09:33:00.233 [uncertain.proc] [FINE] aurora.database.features.AutoQueryCounter.onQueryFinish
2018-10-17 09:33:00.234 [uncertain.proc] [CONFIG] [action] FetchResultSet
2018-10-17 09:33:00.234 [uncertain.proc] [FINE] aurora.database.features.CacheBasedLookUpField.postFetchResultSet
2018-10-17 09:33:00.236 [aurora.database] [CONFIG] 
============= BEGIN [query] SQL Statement execution dump ============
SELECT e.node_id,e.workflow_id,e.sequence_num,e.approval_type,e.quantity,e.recipient_type,e.can_deliver_to,e.can_auto_pass,e.can_add_approver,e.can_no_approver,e.can_add_notification,e.form_name,(select service_display from wfl_workflow_page_vl where  service_name=e.form_name) AS form_name_display,e.form_width,e.form_height,(select DESCRIPTION_TEXT from fnd_descriptions where DESCRIPTION_ID=e.name_id and Language=?) AS name,e.name_id,e.notify_period,e.notify_period_length,e.process_date,e.process_date_unit_id,e.mail_notify,e.is_date_limited,e.is_self_re_commit,e.notify_on_finish,e.is_comment_access_control,(select DESCRIPTION_TEXT from fnd_descriptions where DESCRIPTION_ID=e.description_id and Language=?) AS description,e.description_id,e.check_proc,e.pre_node_proc
FROM wfl_workflow_node e

ORDER BY e.sequence_num asc
---------------------Binding info---------------------
No.1	Access path:/session/@lang	Data type of passed value :java.lang.String	Value:ZHS	Output:false	Database Type:null	
No.2	Access path:/session/@lang	Data type of passed value :java.lang.String	Value:ZHS	Output:false	Database Type:null	

=============== END [query] SQL Statement execution dump ============

2018-10-17 09:33:00.237 [aurora.database] [CONFIG] ===================================== prepare to run model-query wfl.wfl_workflow_recipient_type==============================
2018-10-17 09:33:00.240 [uncertain.proc] [CONFIG] [action] DecideSqlGenerationMode
2018-10-17 09:33:00.240 [uncertain.proc] [FINE] aurora.database.service.BusinessModelService.onDecideSqlGenerationMode
2018-10-17 09:33:00.240 [uncertain.proc] [CONFIG] [action] CreateOperationSql
2018-10-17 09:33:00.240 [uncertain.proc] [CONFIG] [action] PopulateOperationSql
2018-10-17 09:33:00.240 [uncertain.proc] [FINE] aurora.database.features.OrderByClauseCreator.onPopulateOperationSql
2018-10-17 09:33:00.240 [uncertain.proc] [FINE] aurora.database.features.WhereClauseCreator.onPopulateOperationSql
2018-10-17 09:33:00.240 [uncertain.proc] [CONFIG] [action] ExecuteQuery
2018-10-17 09:33:00.240 [uncertain.proc] [FINE] aurora.bm.QuerySqlCreator.onExecuteQuery
2018-10-17 09:33:00.243 [uncertain.proc] [CONFIG] [action] QueryFinish
2018-10-17 09:33:00.243 [uncertain.proc] [FINE] aurora.database.features.AutoQueryCounter.onQueryFinish
2018-10-17 09:33:00.243 [uncertain.proc] [CONFIG] [action] FetchResultSet
2018-10-17 09:33:00.243 [uncertain.proc] [FINE] aurora.database.features.CacheBasedLookUpField.postFetchResultSet
2018-10-17 09:33:00.243 [aurora.database] [CONFIG] 
============= BEGIN [query] SQL Statement execution dump ============

                select to_number(code_value) value, 
                       code_value_name name
                  from sys_service_lookup_v
                 where code = 'WFL_WORKFLOW_RECIPIENT_TYPE' 
                 and language=?
            
---------------------Binding info---------------------
No.1	Access path:/session/@lang	Data type of passed value :java.lang.String	Value:ZHS	Output:false	Database Type:null	

=============== END [query] SQL Statement execution dump ============

2018-10-17 09:33:00.243 [aurora.database] [CONFIG] ===================================== prepare to run model-query wfl.wfl_workflow_approval_type==============================
2018-10-17 09:33:00.246 [uncertain.proc] [CONFIG] [action] DecideSqlGenerationMode
2018-10-17 09:33:00.246 [uncertain.proc] [FINE] aurora.database.service.BusinessModelService.onDecideSqlGenerationMode
2018-10-17 09:33:00.246 [uncertain.proc] [CONFIG] [action] CreateOperationSql
2018-10-17 09:33:00.246 [uncertain.proc] [CONFIG] [action] PopulateOperationSql
2018-10-17 09:33:00.246 [uncertain.proc] [FINE] aurora.database.features.OrderByClauseCreator.onPopulateOperationSql
2018-10-17 09:33:00.246 [uncertain.proc] [FINE] aurora.database.features.WhereClauseCreator.onPopulateOperationSql
2018-10-17 09:33:00.246 [uncertain.proc] [CONFIG] [action] ExecuteQuery
2018-10-17 09:33:00.246 [uncertain.proc] [FINE] aurora.bm.QuerySqlCreator.onExecuteQuery
2018-10-17 09:33:00.249 [uncertain.proc] [CONFIG] [action] QueryFinish
2018-10-17 09:33:00.249 [uncertain.proc] [FINE] aurora.database.features.AutoQueryCounter.onQueryFinish
2018-10-17 09:33:00.249 [uncertain.proc] [CONFIG] [action] FetchResultSet
2018-10-17 09:33:00.249 [uncertain.proc] [FINE] aurora.database.features.CacheBasedLookUpField.postFetchResultSet
2018-10-17 09:33:00.249 [aurora.database] [CONFIG] 
============= BEGIN [query] SQL Statement execution dump ============

                select to_number(code_value) value, 
                       code_value_name name
                  from sys_service_lookup_v
                 where code = 'WFL_WORKFLOW_APPROVAL_TYPE'
                 and language=?
            
---------------------Binding info---------------------
No.1	Access path:/session/@lang	Data type of passed value :java.lang.String	Value:ZHS	Output:false	Database Type:null	

=============== END [query] SQL Statement execution dump ============

2018-10-17 09:33:00.249 [aurora.database] [CONFIG] ===================================== prepare to run model-query wfl.wfl_workflow_category==============================
2018-10-17 09:33:00.252 [uncertain.proc] [CONFIG] [action] DecideSqlGenerationMode
2018-10-17 09:33:00.252 [uncertain.proc] [FINE] aurora.database.service.BusinessModelService.onDecideSqlGenerationMode
2018-10-17 09:33:00.252 [uncertain.proc] [CONFIG] [action] CreateOperationSql
2018-10-17 09:33:00.252 [uncertain.proc] [CONFIG] [action] PopulateOperationSql
2018-10-17 09:33:00.252 [uncertain.proc] [FINE] aurora.database.features.OrderByClauseCreator.onPopulateOperationSql
2018-10-17 09:33:00.252 [uncertain.proc] [FINE] aurora.database.features.WhereClauseCreator.onPopulateOperationSql
2018-10-17 09:33:00.252 [uncertain.proc] [CONFIG] [action] ExecuteQuery
2018-10-17 09:33:00.252 [uncertain.proc] [FINE] aurora.bm.QuerySqlCreator.onExecuteQuery
2018-10-17 09:33:00.255 [uncertain.proc] [CONFIG] [action] QueryFinish
2018-10-17 09:33:00.255 [uncertain.proc] [FINE] aurora.database.features.AutoQueryCounter.onQueryFinish
2018-10-17 09:33:00.255 [uncertain.proc] [CONFIG] [action] FetchResultSet
2018-10-17 09:33:00.255 [uncertain.proc] [FINE] aurora.database.features.CacheBasedLookUpField.postFetchResultSet
2018-10-17 09:33:00.255 [aurora.database] [CONFIG] 
============= BEGIN [query] SQL Statement execution dump ============

                select code_value,
                       code_value_name
                  from sys_service_lookup_v v
                 where code = 'WFL_WORKFLOW_CATEGORY' 
                 and v.enabled_flag = 'Y'
                 and language=?
                 ORDER BY code_value 
            
---------------------Binding info---------------------
No.1	Access path:/session/@lang	Data type of passed value :java.lang.String	Value:ZHS	Output:false	Database Type:null	

=============== END [query] SQL Statement execution dump ============

2018-10-17 09:33:00.255 [aurora.database] [CONFIG] ===================================== prepare to run model-query wfl.wfl_workflow_page_vl==============================
2018-10-17 09:33:00.258 [uncertain.proc] [CONFIG] [action] DecideSqlGenerationMode
2018-10-17 09:33:00.258 [uncertain.proc] [FINE] aurora.database.service.BusinessModelService.onDecideSqlGenerationMode
2018-10-17 09:33:00.258 [uncertain.proc] [CONFIG] [action] CreatequeryStatement
2018-10-17 09:33:00.258 [uncertain.proc] [FINE] aurora.bm.QuerySqlCreator.onCreateQueryStatement
2018-10-17 09:33:00.258 [uncertain.proc] [CONFIG] [action] PopulatequeryStatement
2018-10-17 09:33:00.258 [uncertain.proc] [FINE] aurora.database.features.OrderByClauseCreator.onPopulateQueryStatement
2018-10-17 09:33:00.258 [uncertain.proc] [FINE] aurora.database.features.WhereClauseCreator.onPopulateQueryStatement
2018-10-17 09:33:00.258 [uncertain.proc] [CONFIG] [action] CreatequerySql
2018-10-17 09:33:00.258 [uncertain.proc] [FINE] aurora.bm.QuerySqlCreator.onCreateQuerySql
2018-10-17 09:33:00.258 [uncertain.proc] [CONFIG] [action] ExecuteQuery
2018-10-17 09:33:00.258 [uncertain.proc] [FINE] aurora.bm.QuerySqlCreator.onExecuteQuery
2018-10-17 09:33:00.260 [uncertain.proc] [CONFIG] [action] QueryFinish
2018-10-17 09:33:00.260 [uncertain.proc] [FINE] aurora.database.features.AutoQueryCounter.onQueryFinish
2018-10-17 09:33:00.260 [uncertain.proc] [CONFIG] [action] FetchResultSet
2018-10-17 09:33:00.261 [uncertain.proc] [FINE] aurora.database.features.CacheBasedLookUpField.postFetchResultSet
2018-10-17 09:33:00.261 [aurora.database] [CONFIG] 
============= BEGIN [query] SQL Statement execution dump ============
SELECT t1.RECORD_ID,t1.SERVICE_NAME,t1.SERVICE_DISPLAY,t1.DESCRIPTION
FROM WFL_WORKFLOW_PAGE_VL t1

---------------------Binding info---------------------
null
=============== END [query] SQL Statement execution dump ============

2018-10-17 09:33:00.261 [uncertain.proc] [CONFIG] [action] CreateView
2018-10-17 09:33:00.261 [uncertain.proc] [CONFIG] [action] BuildOutputContent
2018-10-17 09:33:00.261 [aurora.presentation.buildsession] [CONFIG] Start build session
2018-10-17 09:33:00.261 [aurora.presentation.buildsession] [CONFIG] building view: <html-page> -> aurora.presentation.component.HtmlPage@703326a7
2018-10-17 09:33:00.261 [aurora.presentation.buildsession] [CONFIG] building view: <link> -> aurora.presentation.TemplateBasedView@3dda489e
2018-10-17 09:33:00.261 [aurora.presentation.buildsession] [CONFIG] building view: <div> -> aurora.presentation.DefaultViewBuilder@35f5c5a3
2018-10-17 09:33:00.261 [aurora.presentation.buildsession] [CONFIG] building view: <script> -> aurora.presentation.DefaultViewBuilder@35f5c5a3
2018-10-17 09:33:00.261 [aurora.presentation.buildsession] [CONFIG] building view: <dataSets> -> aurora.application.features.DataSetInit@6a42ccbf
2018-10-17 09:33:00.262 [aurora.presentation.buildsession] [CONFIG] building view: <dataSet> -> aurora.presentation.TemplateBasedView@3dda489e
2018-10-17 09:33:00.262 [aurora.presentation.buildsession] [CONFIG] building view: <dataSet> -> aurora.presentation.TemplateBasedView@3dda489e
2018-10-17 09:33:00.263 [aurora.presentation.buildsession] [CONFIG] building view: <dataSet> -> aurora.presentation.TemplateBasedView@3dda489e
2018-10-17 09:33:00.263 [aurora.presentation.buildsession] [CONFIG] building view: <dataSet> -> aurora.presentation.TemplateBasedView@3dda489e
2018-10-17 09:33:00.264 [aurora.presentation.buildsession] [CONFIG] building view: <dataSet> -> aurora.presentation.TemplateBasedView@3dda489e
2018-10-17 09:33:00.265 [aurora.presentation.buildsession] [CONFIG] building view: <dataSet> -> aurora.presentation.TemplateBasedView@3dda489e
2018-10-17 09:33:00.267 [aurora.presentation.buildsession] [CONFIG] building view: <screenBody> -> aurora.presentation.component.std.ScreenBody@6b624180
2018-10-17 09:33:00.268 [aurora.presentation.buildsession] [CONFIG] building view: <screenTopToolbar> -> aurora.presentation.component.std.ScreenTopToolbar@1f9301bf
2018-10-17 09:33:00.268 [aurora.presentation.buildsession] [CONFIG] building view: <screenTitle> -> aurora.presentation.component.std.ScreenTitle@767c0af4
2018-10-17 09:33:00.271 [uncertain.proc] [CONFIG] [action] DecideSqlGenerationMode
2018-10-17 09:33:00.271 [uncertain.proc] [FINE] aurora.database.service.BusinessModelService.onDecideSqlGenerationMode
2018-10-17 09:33:00.271 [uncertain.proc] [CONFIG] [action] CreatequeryStatement
2018-10-17 09:33:00.271 [uncertain.proc] [FINE] aurora.bm.QuerySqlCreator.onCreateQueryStatement
2018-10-17 09:33:00.271 [uncertain.proc] [CONFIG] [action] PopulatequeryStatement
2018-10-17 09:33:00.271 [uncertain.proc] [FINE] aurora.database.features.OrderByClauseCreator.onPopulateQueryStatement
2018-10-17 09:33:00.271 [uncertain.proc] [FINE] aurora.database.features.WhereClauseCreator.onPopulateQueryStatement
2018-10-17 09:33:00.271 [uncertain.proc] [CONFIG] [action] CreatequerySql
2018-10-17 09:33:00.271 [uncertain.proc] [FINE] aurora.bm.QuerySqlCreator.onCreateQuerySql
2018-10-17 09:33:00.271 [uncertain.proc] [CONFIG] [action] ExecuteQuery
2018-10-17 09:33:00.271 [uncertain.proc] [FINE] aurora.bm.QuerySqlCreator.onExecuteQuery
2018-10-17 09:33:00.272 [uncertain.proc] [CONFIG] [action] QueryFinish
2018-10-17 09:33:00.272 [uncertain.proc] [FINE] aurora.database.features.AutoQueryCounter.onQueryFinish
2018-10-17 09:33:00.272 [uncertain.proc] [CONFIG] [action] FetchResultSet
2018-10-17 09:33:00.272 [uncertain.proc] [FINE] aurora.database.features.CacheBasedLookUpField.postFetchResultSet
2018-10-17 09:33:00.272 [aurora.database] [CONFIG] 
============= BEGIN [query] SQL Statement execution dump ============
SELECT f.service_id,f.service_name,f.is_entry_page,f.is_access_checked,f.is_login_required,f.is_system_access,? AS language,(select d.description_text from fnd_descriptions d where d.description_id = f.title_id and d.language = ?) AS title,f.title_id,f.weixin_flag
FROM sys_service f
WHERE f.service_name = ?
ORDER BY service_name
---------------------Binding info---------------------
No.1	Access path:/session/@lang	Data type of passed value :java.lang.String	Value:ZHS	Output:false	Database Type:null	
No.2	Access path:/session/@lang	Data type of passed value :java.lang.String	Value:ZHS	Output:false	Database Type:null	
No.3	Access path:@service_name	Data type of passed value :java.lang.String	Value:modules/wfl/public/wfl_workflow_new.screen	Output:false	Database Type:null	

=============== END [query] SQL Statement execution dump ============

2018-10-17 09:33:00.272 [aurora.presentation.buildsession] [CONFIG] building view: <toolbarButton> -> aurora.presentation.TemplateBasedView@3dda489e
2018-10-17 09:33:00.272 [aurora.presentation.buildsession] [CONFIG] building view: <form> -> aurora.presentation.component.std.Form@763deae6
2018-10-17 09:33:00.272 [aurora.presentation.buildsession] [CONFIG] building view: <box> -> aurora.presentation.component.std.Box@130770da
2018-10-17 09:33:00.272 [aurora.presentation.buildsession] [CONFIG] building view: <textField> -> aurora.presentation.TemplateBasedView@3dda489e
2018-10-17 09:33:00.273 [aurora.presentation.buildsession] [CONFIG] building view: <textField> -> aurora.presentation.TemplateBasedView@3dda489e
2018-10-17 09:33:00.273 [aurora.presentation.buildsession] [CONFIG] building view: <comboBox> -> aurora.presentation.TemplateBasedView@3dda489e
2018-10-17 09:33:00.273 [aurora.presentation.buildsession] [CONFIG] building view: <comboBox> -> aurora.presentation.TemplateBasedView@3dda489e
2018-10-17 09:33:00.273 [aurora.presentation.buildsession] [CONFIG] building view: <comboBox> -> aurora.presentation.TemplateBasedView@3dda489e
2018-10-17 09:33:00.273 [aurora.presentation.buildsession] [CONFIG] building view: <comboBox> -> aurora.presentation.TemplateBasedView@3dda489e
2018-10-17 09:33:00.273 [aurora.presentation.buildsession] [CONFIG] building view: <checkBox> -> aurora.presentation.TemplateBasedView@3dda489e
2018-10-17 09:33:00.274 [aurora.presentation.buildsession] [CONFIG] building view: <script> -> aurora.presentation.DefaultViewBuilder@35f5c5a3
2018-10-17 09:33:00.274 [aurora.presentation.buildsession] [CONFIG] End build session
