2018-10-18 06:58:07.648 [aurora.application.session_check] [CONFIG] Session data copied to context
2018-10-18 06:58:07.648 [aurora.application.session_check] [CONFIG] Access check result for modules/wfl/public/wfl_workflow_node_action.screen => success
2018-10-18 06:58:07.648 [uncertain.proc] [CONFIG] [action] AccessCheck
2018-10-18 06:58:07.651 [uncertain.proc] [CONFIG] [action] InitService
2018-10-18 06:58:07.651 [uncertain.proc] [CONFIG] [action] ParseParameter
2018-10-18 06:58:07.651 [uncertain.proc] [CONFIG] [action] CreateModel
2018-10-18 06:58:07.651 [aurora.database] [CONFIG] ===================================== prepare to run model-query wfl.WFL2010.wfl_workflow_node_action==============================
2018-10-18 06:58:07.657 [uncertain.proc] [CONFIG] [action] DecideSqlGenerationMode
2018-10-18 06:58:07.657 [uncertain.proc] [FINE] aurora.database.service.BusinessModelService.onDecideSqlGenerationMode
2018-10-18 06:58:07.657 [uncertain.proc] [CONFIG] [action] CreatequeryStatement
2018-10-18 06:58:07.657 [uncertain.proc] [FINE] aurora.bm.QuerySqlCreator.onCreateQueryStatement
2018-10-18 06:58:07.658 [uncertain.proc] [CONFIG] [action] PopulatequeryStatement
2018-10-18 06:58:07.658 [uncertain.proc] [FINE] aurora.database.features.OrderByClauseCreator.onPopulateQueryStatement
2018-10-18 06:58:07.658 [uncertain.proc] [FINE] aurora.database.features.WhereClauseCreator.onPopulateQueryStatement
2018-10-18 06:58:07.658 [uncertain.proc] [CONFIG] [action] CreatequerySql
2018-10-18 06:58:07.658 [uncertain.proc] [FINE] aurora.bm.QuerySqlCreator.onCreateQuerySql
2018-10-18 06:58:07.658 [uncertain.proc] [CONFIG] [action] ExecuteQuery
2018-10-18 06:58:07.658 [uncertain.proc] [FINE] aurora.bm.QuerySqlCreator.onExecuteQuery
2018-10-18 06:58:07.662 [uncertain.proc] [CONFIG] [action] QueryFinish
2018-10-18 06:58:07.662 [uncertain.proc] [FINE] aurora.database.features.AutoQueryCounter.onQueryFinish
2018-10-18 06:58:07.662 [uncertain.proc] [CONFIG] [action] FetchResultSet
2018-10-18 06:58:07.662 [uncertain.proc] [FINE] aurora.database.features.CacheBasedLookUpField.postFetchResultSet
2018-10-18 06:58:07.662 [aurora.database] [CONFIG] 
============= BEGIN [query] SQL Statement execution dump ============
SELECT e.record_id,e.action_id,e.node_id,e.exec_proc,e.order_num,(select vv.proc_display from wfl_workflow_procedure_vl  vv where vv.workflow_id =( select workflow_id from wfl_workflow_node wn where wn.node_id=e.node_id ) and vv.proc_name=e.exec_proc) AS exec_proc_display,(select description_text from fnd_descriptions fd where fd.description_id=at.action_title_id and fd.language=?) AS action_id_display,at.action_title_id
FROM wfl_workflow_node_action e
	LEFT OUTER JOIN wfl_workflow_action at ON e.action_id = at.action_id
WHERE e.node_id = ?
---------------------Binding info---------------------
No.1	Access path:/session/@lang	Data type of passed value :java.lang.String	Value:ZHS	Output:false	Database Type:null	
No.2	Access path:@node_id	Data type of passed value :java.lang.Long	Value:1912	Output:false	Database Type:null	

=============== END [query] SQL Statement execution dump ============

2018-10-18 06:58:07.662 [aurora.database] [CONFIG] ===================================== prepare to run model-query wfl.WFL2010.wfl_workflow_action==============================
2018-10-18 06:58:07.666 [uncertain.proc] [CONFIG] [action] DecideSqlGenerationMode
2018-10-18 06:58:07.666 [uncertain.proc] [FINE] aurora.database.service.BusinessModelService.onDecideSqlGenerationMode
2018-10-18 06:58:07.666 [uncertain.proc] [CONFIG] [action] CreatequeryStatement
2018-10-18 06:58:07.666 [uncertain.proc] [FINE] aurora.bm.QuerySqlCreator.onCreateQueryStatement
2018-10-18 06:58:07.666 [uncertain.proc] [CONFIG] [action] PopulatequeryStatement
2018-10-18 06:58:07.666 [uncertain.proc] [FINE] aurora.database.features.OrderByClauseCreator.onPopulateQueryStatement
2018-10-18 06:58:07.666 [uncertain.proc] [FINE] aurora.database.features.WhereClauseCreator.onPopulateQueryStatement
2018-10-18 06:58:07.666 [uncertain.proc] [CONFIG] [action] CreatequerySql
2018-10-18 06:58:07.666 [uncertain.proc] [FINE] aurora.bm.QuerySqlCreator.onCreateQuerySql
2018-10-18 06:58:07.666 [uncertain.proc] [CONFIG] [action] ExecuteQuery
2018-10-18 06:58:07.666 [uncertain.proc] [FINE] aurora.bm.QuerySqlCreator.onExecuteQuery
2018-10-18 06:58:07.667 [uncertain.proc] [CONFIG] [action] QueryFinish
2018-10-18 06:58:07.667 [uncertain.proc] [FINE] aurora.database.features.AutoQueryCounter.onQueryFinish
2018-10-18 06:58:07.667 [uncertain.proc] [CONFIG] [action] FetchResultSet
2018-10-18 06:58:07.667 [uncertain.proc] [FINE] aurora.database.features.CacheBasedLookUpField.postFetchResultSet
2018-10-18 06:58:07.667 [aurora.database] [CONFIG] 
============= BEGIN [query] SQL Statement execution dump ============
SELECT e.action_id,? AS workflow_id,e.is_reserved,e.action_type,(select code_value_name from sys_service_lookup_v where code = 'WFL_WORKFLOW_ACTION_TYPE' and code_value = to_char(e.action_type) and language=?) AS action_type_display,e.perform_procedure,(select DESCRIPTION_TEXT from fnd_descriptions where DESCRIPTION_ID=e.action_title_id and Language=?) AS action_title,e.action_title_id,e.status,e.sendback_node_id,(select name from wfl_workflow_node_vl where node_id = e.sendback_node_id) AS sendback_node_id_display
FROM wfl_workflow_action e
WHERE workflow_id = ?
---------------------Binding info---------------------
No.1	Access path:/parameter/@workflow_id	Data type of passed value :java.lang.String	Value:210	Output:false	Database Type:null	
No.2	Access path:/session/@lang	Data type of passed value :java.lang.String	Value:ZHS	Output:false	Database Type:null	
No.3	Access path:/session/@lang	Data type of passed value :java.lang.String	Value:ZHS	Output:false	Database Type:null	
No.4	Access path:@workflow_id	Data type of passed value :java.lang.String	Value:210	Output:false	Database Type:null	

=============== END [query] SQL Statement execution dump ============

2018-10-18 06:58:07.667 [aurora.database] [CONFIG] ===================================== prepare to run model-query wfl.wfl_workflow_procedure==============================
2018-10-18 06:58:07.671 [uncertain.proc] [CONFIG] [action] DecideSqlGenerationMode
2018-10-18 06:58:07.671 [uncertain.proc] [FINE] aurora.database.service.BusinessModelService.onDecideSqlGenerationMode
2018-10-18 06:58:07.671 [uncertain.proc] [CONFIG] [action] CreatequeryStatement
2018-10-18 06:58:07.671 [uncertain.proc] [FINE] aurora.bm.QuerySqlCreator.onCreateQueryStatement
2018-10-18 06:58:07.671 [uncertain.proc] [CONFIG] [action] PopulatequeryStatement
2018-10-18 06:58:07.671 [uncertain.proc] [FINE] aurora.database.features.OrderByClauseCreator.onPopulateQueryStatement
2018-10-18 06:58:07.671 [uncertain.proc] [FINE] aurora.database.features.WhereClauseCreator.onPopulateQueryStatement
2018-10-18 06:58:07.671 [uncertain.proc] [CONFIG] [action] CreatequerySql
2018-10-18 06:58:07.671 [uncertain.proc] [FINE] aurora.bm.QuerySqlCreator.onCreateQuerySql
2018-10-18 06:58:07.671 [uncertain.proc] [CONFIG] [action] ExecuteQuery
2018-10-18 06:58:07.672 [uncertain.proc] [FINE] aurora.bm.QuerySqlCreator.onExecuteQuery
2018-10-18 06:58:07.672 [uncertain.proc] [CONFIG] [action] QueryFinish
2018-10-18 06:58:07.672 [uncertain.proc] [FINE] aurora.database.features.AutoQueryCounter.onQueryFinish
2018-10-18 06:58:07.672 [uncertain.proc] [CONFIG] [action] FetchResultSet
2018-10-18 06:58:07.672 [uncertain.proc] [FINE] aurora.database.features.CacheBasedLookUpField.postFetchResultSet
2018-10-18 06:58:07.672 [aurora.database] [CONFIG] 
============= BEGIN [query] SQL Statement execution dump ============
SELECT e.record_id,e.workflow_id,e.proc_name,(select DESCRIPTION_TEXT from fnd_descriptions where DESCRIPTION_ID=e.proc_display_id and Language=?) AS proc_display,e.PROC_DISPLAY_ID,(select DESCRIPTION_TEXT from fnd_descriptions where DESCRIPTION_ID=e.description_id and Language=?) AS description,e.DESCRIPTION_ID,e.proc_type,(select code_value_name from sys_service_lookup_v where code = 'WFL_WORKFLOW_PROC_TYPE' and code_value=to_char(e.proc_type) and language=?)  AS proc_type_display
FROM wfl_workflow_procedure e
WHERE proc_type=50 AND e.workflow_id = ?
---------------------Binding info---------------------
No.1	Access path:/session/@lang	Data type of passed value :java.lang.String	Value:ZHS	Output:false	Database Type:null	
No.2	Access path:/session/@lang	Data type of passed value :java.lang.String	Value:ZHS	Output:false	Database Type:null	
No.3	Access path:/session/@lang	Data type of passed value :java.lang.String	Value:ZHS	Output:false	Database Type:null	
No.4	Access path:@workflow_id	Data type of passed value :java.lang.String	Value:210	Output:false	Database Type:null	

=============== END [query] SQL Statement execution dump ============

2018-10-18 06:58:07.672 [uncertain.proc] [CONFIG] [action] CreateView
2018-10-18 06:58:07.672 [uncertain.proc] [CONFIG] [action] BuildOutputContent
2018-10-18 06:58:07.672 [aurora.presentation.buildsession] [CONFIG] Start build session
2018-10-18 06:58:07.672 [aurora.presentation.buildsession] [CONFIG] building view: <html-page> -> aurora.presentation.component.HtmlPage@385e3264
2018-10-18 06:58:07.673 [aurora.presentation.buildsession] [CONFIG] building view: <div> -> aurora.presentation.DefaultViewBuilder@35f5c5a3
2018-10-18 06:58:07.673 [aurora.presentation.buildsession] [CONFIG] building view: <dataSets> -> aurora.application.features.DataSetInit@52ae0d48
2018-10-18 06:58:07.673 [aurora.presentation.buildsession] [CONFIG] building view: <dataSet> -> aurora.presentation.TemplateBasedView@3dda489e
2018-10-18 06:58:07.673 [aurora.presentation.buildsession] [CONFIG] building view: <dataSet> -> aurora.presentation.TemplateBasedView@3dda489e
2018-10-18 06:58:07.674 [aurora.presentation.buildsession] [CONFIG] building view: <dataSet> -> aurora.presentation.TemplateBasedView@3dda489e
2018-10-18 06:58:07.676 [aurora.presentation.buildsession] [CONFIG] building view: <grid> -> aurora.presentation.TemplateBasedView@3dda489e
2018-10-18 06:58:07.676 [aurora.presentation.buildsession] [CONFIG] building view: <toolBar> -> aurora.presentation.TemplateBasedView@3dda489e
2018-10-18 06:58:07.676 [aurora.presentation.buildsession] [CONFIG] building view: <button> -> aurora.presentation.TemplateBasedView@3dda489e
2018-10-18 06:58:07.676 [aurora.presentation.buildsession] [CONFIG] building view: <button> -> aurora.presentation.TemplateBasedView@3dda489e
2018-10-18 06:58:07.677 [aurora.presentation.buildsession] [CONFIG] building view: <textField> -> aurora.presentation.TemplateBasedView@3dda489e
2018-10-18 06:58:07.677 [aurora.presentation.buildsession] [CONFIG] building view: <comboBox> -> aurora.presentation.TemplateBasedView@3dda489e
2018-10-18 06:58:07.677 [aurora.presentation.buildsession] [CONFIG] building view: <script> -> aurora.presentation.DefaultViewBuilder@35f5c5a3
2018-10-18 06:58:07.677 [aurora.presentation.buildsession] [CONFIG] End build session
