2018-10-10 04:19:29.824 [aurora.application.session_check] [CONFIG] Session data copied to context
2018-10-10 04:19:29.824 [aurora.application.session_check] [CONFIG] Access check result for modules/wfl/public/wfl_refuse_reasons.screen => success
2018-10-10 04:19:29.824 [uncertain.proc] [CONFIG] [action] AccessCheck
2018-10-10 04:19:29.827 [uncertain.proc] [CONFIG] [action] InitService
2018-10-10 04:19:29.827 [uncertain.proc] [CONFIG] [action] ParseParameter
2018-10-10 04:19:29.827 [uncertain.proc] [CONFIG] [action] CreateModel
2018-10-10 04:19:29.827 [aurora.database] [CONFIG] ===================================== prepare to run model-query wbc.WBC1110.wbc_refuse_reasons==============================
2018-10-10 04:19:29.832 [uncertain.proc] [CONFIG] [action] DecideSqlGenerationMode
2018-10-10 04:19:29.832 [uncertain.proc] [FINE] aurora.database.service.BusinessModelService.onDecideSqlGenerationMode
2018-10-10 04:19:29.832 [uncertain.proc] [CONFIG] [action] CreateOperationSql
2018-10-10 04:19:29.832 [uncertain.proc] [CONFIG] [action] PopulateOperationSql
2018-10-10 04:19:29.832 [uncertain.proc] [FINE] aurora.database.features.OrderByClauseCreator.onPopulateOperationSql
2018-10-10 04:19:29.832 [uncertain.proc] [FINE] aurora.database.features.WhereClauseCreator.onPopulateOperationSql
2018-10-10 04:19:29.832 [uncertain.proc] [CONFIG] [action] ExecuteQuery
2018-10-10 04:19:29.832 [uncertain.proc] [FINE] aurora.bm.QuerySqlCreator.onExecuteQuery
2018-10-10 04:19:29.833 [uncertain.proc] [CONFIG] [action] QueryFinish
2018-10-10 04:19:29.833 [uncertain.proc] [FINE] aurora.database.features.AutoQueryCounter.onQueryFinish
2018-10-10 04:19:29.833 [uncertain.proc] [CONFIG] [action] FetchResultSet
2018-10-10 04:19:29.833 [uncertain.proc] [FINE] aurora.database.features.CacheBasedLookUpField.postFetchResultSet
2018-10-10 04:19:29.833 [aurora.database] [CONFIG] 
============= BEGIN [query] SQL Statement execution dump ============

                SELECT
                    b.code_value,
                    b.code_value_name
                FROM
                    sys_codes_vl a,
                    sys_code_values_vl b
                WHERE
                    a.code_id = b.code_id AND
                    a.code    = 'CUX_WBC_REFUSE_REASONS' and
                    b.enabled_flag ='Y'
            
---------------------Binding info---------------------
null
=============== END [query] SQL Statement execution dump ============

2018-10-10 04:19:29.833 [uncertain.proc] [CONFIG] [action] CreateView
2018-10-10 04:19:29.833 [uncertain.proc] [CONFIG] [action] BuildOutputContent
2018-10-10 04:19:29.833 [aurora.presentation.buildsession] [CONFIG] Start build session
2018-10-10 04:19:29.833 [aurora.presentation.buildsession] [CONFIG] building view: <html-page> -> aurora.presentation.component.HtmlPage@13a0c259
2018-10-10 04:19:29.834 [aurora.presentation.buildsession] [CONFIG] building view: <script> -> aurora.presentation.DefaultViewBuilder@35f5c5a3
2018-10-10 04:19:29.834 [aurora.presentation.buildsession] [CONFIG] building view: <dataSets> -> aurora.application.features.DataSetInit@10ee1410
2018-10-10 04:19:29.834 [aurora.presentation.buildsession] [CONFIG] building view: <dataSet> -> aurora.presentation.TemplateBasedView@3dda489e
2018-10-10 04:19:29.835 [aurora.presentation.buildsession] [CONFIG] building view: <screenBody> -> aurora.presentation.component.std.ScreenBody@5596ce87
2018-10-10 04:19:29.835 [aurora.presentation.buildsession] [CONFIG] building view: <screenTopToolbar> -> aurora.presentation.component.std.ScreenTopToolbar@425f57da
2018-10-10 04:19:29.835 [aurora.presentation.buildsession] [CONFIG] building view: <toolbarButton> -> aurora.presentation.TemplateBasedView@3dda489e
2018-10-10 04:19:29.836 [aurora.presentation.buildsession] [CONFIG] building view: <toolbarButton> -> aurora.presentation.TemplateBasedView@3dda489e
2018-10-10 04:19:29.836 [aurora.presentation.buildsession] [CONFIG] building view: <grid> -> aurora.presentation.TemplateBasedView@3dda489e
2018-10-10 04:19:29.836 [aurora.presentation.buildsession] [CONFIG] building view: <textField> -> aurora.presentation.TemplateBasedView@3dda489e
2018-10-10 04:19:29.837 [aurora.presentation.buildsession] [CONFIG] End build session
