2018-10-12 03:50:24.147 [aurora.application.session_check] [CONFIG] Session data copied to context
2018-10-12 03:50:24.147 [aurora.application.session_check] [CONFIG] Access check result for modules/wfl/public/work_flow_approve.svc => success
2018-10-12 03:50:24.147 [uncertain.proc] [CONFIG] [action] AccessCheck
2018-10-12 03:50:24.149 [uncertain.proc] [CONFIG] [action] CheckServiceLock
2018-10-12 03:50:24.149 [uncertain.proc] [CONFIG] [action] ParseParameter
2018-10-12 03:50:24.149 [uncertain.proc] [CONFIG] [action] ValidateInput
2018-10-12 03:50:24.149 [uncertain.proc] [CONFIG] [action] InvokeService
2018-10-12 03:50:24.149 [aurora.database] [CONFIG] Running batch-apply with data from path /parameter, total 1 records
2018-10-12 03:50:24.149 [aurora.database] [CONFIG] Executing batch-apply on parameter No.0
2018-10-12 03:50:24.151 [uncertain.proc] [CONFIG] [action] DecideStatement
2018-10-12 03:50:24.154 [uncertain.proc] [CONFIG] [action] DecideSqlGenerationMode
2018-10-12 03:50:24.154 [uncertain.proc] [FINE] aurora.database.service.BusinessModelService.onDecideSqlGenerationMode
2018-10-12 03:50:24.154 [uncertain.proc] [CONFIG] [action] CreateOperationSql
2018-10-12 03:50:24.154 [uncertain.proc] [CONFIG] [action] PopulateOperationSql
2018-10-12 03:50:24.154 [uncertain.proc] [FINE] aurora.database.features.OrderByClauseCreator.onPopulateOperationSql
2018-10-12 03:50:24.154 [uncertain.proc] [FINE] aurora.database.features.WhereClauseCreator.onPopulateOperationSql
2018-10-12 03:50:24.154 [uncertain.proc] [CONFIG] [action] CreateSqlRunner
2018-10-12 03:50:24.154 [uncertain.proc] [FINE] aurora.database.service.BusinessModelService.onCreateSqlRunner
2018-10-12 03:50:24.154 [uncertain.proc] [CONFIG] [action] ExecuteDmlStatement
2018-10-12 03:50:24.154 [uncertain.proc] [FINE] aurora.database.service.BusinessModelService.onExecuteDmlStatement
2018-10-12 03:50:24.399 [aurora.database] [CONFIG] 
============= BEGIN [Update] SQL Statement execution dump ============
declare
            ln_result number;
        begin 
            ln_result:=wfl_core_pkg.workflow_approve(?,?,?,?);
        end;
---------------------Binding info---------------------
No.1	Access path:/session/@user_id	Data type of passed value :java.lang.Long	Value:204	Output:false	Database Type:null	
No.2	Access path:@record_id	Data type of passed value :java.lang.String	Value:4621	Output:false	Database Type:null	
No.3	Access path:@comments	Data type of passed value :java.lang.String	Value:1：描述问题--测试;	Output:false	Database Type:null	
No.4	Access path:@action_id	Data type of passed value :java.lang.String	Value:966	Output:false	Database Type:null	

=============== END [Update] SQL Statement execution dump ============

2018-10-12 03:50:24.399 [uncertain.proc] [CONFIG] [action] CreateSuccessResponse
