2018-10-22 09:05:02.358 [aurora.application.session_check] [CONFIG] Session data copied to context
2018-10-22 09:05:02.358 [aurora.application.session_check] [CONFIG] Access check result for modules/csh/CSH1015/csh_bank_accounts.screen => success
2018-10-22 09:05:02.358 [uncertain.proc] [CONFIG] [action] AccessCheck
2018-10-22 09:05:02.362 [uncertain.proc] [CONFIG] [action] InitService
2018-10-22 09:05:02.362 [uncertain.proc] [CONFIG] [action] ParseParameter
2018-10-22 09:05:02.362 [uncertain.proc] [CONFIG] [action] CreateModel
2018-10-22 09:05:02.362 [aurora.database] [CONFIG] ===================================== prepare to run model-query csh.CSH1015.csh_get_csh_bank==============================
2018-10-22 09:05:02.366 [uncertain.proc] [CONFIG] [action] DecideSqlGenerationMode
2018-10-22 09:05:02.366 [uncertain.proc] [FINE] aurora.database.service.BusinessModelService.onDecideSqlGenerationMode
2018-10-22 09:05:02.366 [uncertain.proc] [CONFIG] [action] CreateOperationSql
2018-10-22 09:05:02.366 [uncertain.proc] [CONFIG] [action] PopulateOperationSql
2018-10-22 09:05:02.366 [uncertain.proc] [FINE] aurora.database.features.OrderByClauseCreator.onPopulateOperationSql
2018-10-22 09:05:02.366 [uncertain.proc] [FINE] aurora.database.features.WhereClauseCreator.onPopulateOperationSql
2018-10-22 09:05:02.366 [uncertain.proc] [CONFIG] [action] ExecuteQuery
2018-10-22 09:05:02.366 [uncertain.proc] [FINE] aurora.bm.QuerySqlCreator.onExecuteQuery
2018-10-22 09:05:02.367 [uncertain.proc] [CONFIG] [action] QueryFinish
2018-10-22 09:05:02.367 [uncertain.proc] [FINE] aurora.database.features.AutoQueryCounter.onQueryFinish
2018-10-22 09:05:02.367 [uncertain.proc] [CONFIG] [action] FetchResultSet
2018-10-22 09:05:02.367 [uncertain.proc] [FINE] aurora.database.features.CacheBasedLookUpField.postFetchResultSet
2018-10-22 09:05:02.367 [aurora.database] [CONFIG] 
============= BEGIN [query] SQL Statement execution dump ============
select cbv.bank_name,cbbv.branch_name      from csh_banks_vl cbv, csh_bank_branches_vl cbbv     where cbv.bank_code = cbbv.bank_code       and cbbv.BANK_BRANCH_ID =?
---------------------Binding info---------------------
No.1	Access path:/parameter/@bank_branch_id	Data type of passed value :java.lang.String	Value:21	Output:false	Database Type:null	

=============== END [query] SQL Statement execution dump ============

2018-10-22 09:05:02.367 [aurora.database] [CONFIG] ===================================== prepare to run model-query csh.CSH1015.csh_bank_account_type==============================
2018-10-22 09:05:02.369 [uncertain.proc] [CONFIG] [action] DecideSqlGenerationMode
2018-10-22 09:05:02.369 [uncertain.proc] [FINE] aurora.database.service.BusinessModelService.onDecideSqlGenerationMode
2018-10-22 09:05:02.369 [uncertain.proc] [CONFIG] [action] CreateOperationSql
2018-10-22 09:05:02.369 [uncertain.proc] [CONFIG] [action] PopulateOperationSql
2018-10-22 09:05:02.369 [uncertain.proc] [FINE] aurora.database.features.OrderByClauseCreator.onPopulateOperationSql
2018-10-22 09:05:02.369 [uncertain.proc] [FINE] aurora.database.features.WhereClauseCreator.onPopulateOperationSql
2018-10-22 09:05:02.369 [uncertain.proc] [CONFIG] [action] ExecuteQuery
2018-10-22 09:05:02.369 [uncertain.proc] [FINE] aurora.bm.QuerySqlCreator.onExecuteQuery
2018-10-22 09:05:02.372 [uncertain.proc] [CONFIG] [action] QueryFinish
2018-10-22 09:05:02.372 [uncertain.proc] [FINE] aurora.database.features.AutoQueryCounter.onQueryFinish
2018-10-22 09:05:02.372 [uncertain.proc] [CONFIG] [action] FetchResultSet
2018-10-22 09:05:02.372 [uncertain.proc] [FINE] aurora.database.features.CacheBasedLookUpField.postFetchResultSet
2018-10-22 09:05:02.372 [aurora.database] [CONFIG] 
============= BEGIN [query] SQL Statement execution dump ============
select a.code_value,b.description_text as code_value_name 
              from sys_code_values a,fnd_descriptions b,sys_codes c
        where a.code_value_name_id=b.description_id(+) 
        and a.code_id=c.code_id
        and b.ref_table(+)='SYS_CODE_VALUES'
        and b.ref_field(+) = 'CODE_VALUE_NAME_ID'
        and c.code='BANK_ACCOUNT_TYPE'
        and b.language(+) = ?
        order by c.code
---------------------Binding info---------------------
No.1	Access path:/session/@lang	Data type of passed value :java.lang.String	Value:ZHS	Output:false	Database Type:null	

=============== END [query] SQL Statement execution dump ============

2018-10-22 09:05:02.372 [aurora.database] [CONFIG] ===================================== prepare to run model-query gld.gld_currency_vl==============================
2018-10-22 09:05:02.375 [uncertain.proc] [CONFIG] [action] DecideSqlGenerationMode
2018-10-22 09:05:02.375 [uncertain.proc] [FINE] aurora.database.service.BusinessModelService.onDecideSqlGenerationMode
2018-10-22 09:05:02.375 [uncertain.proc] [CONFIG] [action] CreatequeryStatement
2018-10-22 09:05:02.375 [uncertain.proc] [FINE] aurora.bm.QuerySqlCreator.onCreateQueryStatement
2018-10-22 09:05:02.375 [uncertain.proc] [CONFIG] [action] PopulatequeryStatement
2018-10-22 09:05:02.375 [uncertain.proc] [FINE] aurora.database.features.OrderByClauseCreator.onPopulateQueryStatement
2018-10-22 09:05:02.375 [uncertain.proc] [FINE] aurora.database.features.WhereClauseCreator.onPopulateQueryStatement
2018-10-22 09:05:02.375 [uncertain.proc] [CONFIG] [action] CreatequerySql
2018-10-22 09:05:02.375 [uncertain.proc] [FINE] aurora.bm.QuerySqlCreator.onCreateQuerySql
2018-10-22 09:05:02.375 [uncertain.proc] [CONFIG] [action] ExecuteQuery
2018-10-22 09:05:02.375 [uncertain.proc] [FINE] aurora.bm.QuerySqlCreator.onExecuteQuery
2018-10-22 09:05:02.376 [uncertain.proc] [CONFIG] [action] QueryFinish
2018-10-22 09:05:02.376 [uncertain.proc] [FINE] aurora.database.features.AutoQueryCounter.onQueryFinish
2018-10-22 09:05:02.376 [uncertain.proc] [CONFIG] [action] FetchResultSet
2018-10-22 09:05:02.376 [uncertain.proc] [FINE] aurora.database.features.CacheBasedLookUpField.postFetchResultSet
2018-10-22 09:05:02.376 [aurora.database] [CONFIG] 
============= BEGIN [query] SQL Statement execution dump ============
SELECT t1.ROW_ID,t1.CURRENCY_CODE,t1.ENABLED_FLAG,t1.CURRENCY_NAME,t1.COUNTRY_CODE,t1.PRECISION,t1.TRANSACTION_PRECISION,t1.CURRENCY_SYMBOL
FROM GLD_CURRENCY_VL t1
WHERE  t1.ENABLED_FLAG ='Y'
ORDER BY currency_code
---------------------Binding info---------------------
null
=============== END [query] SQL Statement execution dump ============

2018-10-22 09:05:02.376 [aurora.database] [CONFIG] ===================================== prepare to run model-query fnd.fnd_responsibility_centers_vl==============================
2018-10-22 09:05:02.379 [uncertain.proc] [CONFIG] [action] DecideSqlGenerationMode
2018-10-22 09:05:02.379 [uncertain.proc] [FINE] aurora.database.service.BusinessModelService.onDecideSqlGenerationMode
2018-10-22 09:05:02.379 [uncertain.proc] [CONFIG] [action] CreatequeryStatement
2018-10-22 09:05:02.379 [uncertain.proc] [FINE] aurora.bm.QuerySqlCreator.onCreateQueryStatement
2018-10-22 09:05:02.379 [uncertain.proc] [CONFIG] [action] PopulatequeryStatement
2018-10-22 09:05:02.379 [uncertain.proc] [FINE] aurora.database.features.OrderByClauseCreator.onPopulateQueryStatement
2018-10-22 09:05:02.379 [uncertain.proc] [FINE] aurora.database.features.WhereClauseCreator.onPopulateQueryStatement
2018-10-22 09:05:02.379 [uncertain.proc] [CONFIG] [action] CreatequerySql
2018-10-22 09:05:02.379 [uncertain.proc] [FINE] aurora.bm.QuerySqlCreator.onCreateQuerySql
2018-10-22 09:05:02.379 [uncertain.proc] [CONFIG] [action] ExecuteQuery
2018-10-22 09:05:02.379 [uncertain.proc] [FINE] aurora.bm.QuerySqlCreator.onExecuteQuery
2018-10-22 09:05:02.382 [uncertain.proc] [CONFIG] [action] QueryFinish
2018-10-22 09:05:02.382 [uncertain.proc] [FINE] aurora.database.features.AutoQueryCounter.onQueryFinish
2018-10-22 09:05:02.382 [uncertain.proc] [CONFIG] [action] FetchResultSet
2018-10-22 09:05:02.382 [uncertain.proc] [FINE] aurora.database.features.CacheBasedLookUpField.postFetchResultSet
2018-10-22 09:05:02.382 [aurora.database] [CONFIG] 
============= BEGIN [query] SQL Statement execution dump ============
SELECT t1.ROW_ID,t1.COMPANY_ID,t1.RESPONSIBILITY_CENTER_ID,t1.RESPONSIBILITY_CENTER_CODE,t1.RESPONSIBILITY_CENTER_NAME,(responsibility_center_code||'-'||responsibility_center_name) AS code_name,t1.ADDRESS_ID,t1.RESP_CENTER_TYPE_CODE,t1.SUMMARY_FLAG,t1.START_DATE_ACTIVE,t1.END_DATE_ACTIVE,(select fcv.company_short_name from fnd_companies_vl fcv where fcv.company_id = t1.company_id) AS company_name
FROM FND_RESPONSIBILITY_CENTERS_VL t1
WHERE company_id=? and (start_date_active <= sysdate or start_date_active is null)and (end_date_active >= sysdate or end_date_active is null) and summary_flag = 'N'
ORDER BY responsibility_center_code
---------------------Binding info---------------------
No.1	Access path:/session/@company_id	Data type of passed value :java.lang.String	Value:2240	Output:false	Database Type:null	

=============== END [query] SQL Statement execution dump ============

2018-10-22 09:05:02.382 [uncertain.proc] [CONFIG] [action] CreateView
2018-10-22 09:05:02.382 [uncertain.proc] [CONFIG] [action] BuildOutputContent
2018-10-22 09:05:02.382 [aurora.presentation.buildsession] [CONFIG] Start build session
2018-10-22 09:05:02.382 [aurora.presentation.buildsession] [CONFIG] building view: <html-page> -> aurora.presentation.component.HtmlPage@3fef34e7
2018-10-22 09:05:02.383 [aurora.presentation.buildsession] [CONFIG] building view: <script> -> aurora.presentation.DefaultViewBuilder@35f5c5a3
2018-10-22 09:05:02.383 [aurora.presentation.buildsession] [CONFIG] building view: <dataSets> -> aurora.application.features.DataSetInit@4929cc2
2018-10-22 09:05:02.383 [aurora.presentation.buildsession] [CONFIG] building view: <dataSet> -> aurora.presentation.TemplateBasedView@3dda489e
2018-10-22 09:05:02.383 [aurora.presentation.buildsession] [CONFIG] building view: <dataSet> -> aurora.presentation.TemplateBasedView@3dda489e
2018-10-22 09:05:02.383 [aurora.presentation.buildsession] [CONFIG] building view: <dataSet> -> aurora.presentation.TemplateBasedView@3dda489e
2018-10-22 09:05:02.384 [aurora.presentation.buildsession] [CONFIG] building view: <dataSet> -> aurora.presentation.TemplateBasedView@3dda489e
2018-10-22 09:05:02.384 [aurora.presentation.buildsession] [CONFIG] building view: <dataSet> -> aurora.presentation.TemplateBasedView@3dda489e
2018-10-22 09:05:02.388 [aurora.presentation.buildsession] [CONFIG] building view: <screenBody> -> aurora.presentation.component.std.ScreenBody@6e4d9607
2018-10-22 09:05:02.388 [aurora.presentation.buildsession] [CONFIG] building view: <screenTopToolbar> -> aurora.presentation.component.std.ScreenTopToolbar@4fe82da3
2018-10-22 09:05:02.388 [aurora.presentation.buildsession] [CONFIG] building view: <screenTitle> -> aurora.presentation.component.std.ScreenTitle@9e670b5
2018-10-22 09:05:02.392 [uncertain.proc] [CONFIG] [action] DecideSqlGenerationMode
2018-10-22 09:05:02.392 [uncertain.proc] [FINE] aurora.database.service.BusinessModelService.onDecideSqlGenerationMode
2018-10-22 09:05:02.392 [uncertain.proc] [CONFIG] [action] CreatequeryStatement
2018-10-22 09:05:02.392 [uncertain.proc] [FINE] aurora.bm.QuerySqlCreator.onCreateQueryStatement
2018-10-22 09:05:02.392 [uncertain.proc] [CONFIG] [action] PopulatequeryStatement
2018-10-22 09:05:02.392 [uncertain.proc] [FINE] aurora.database.features.OrderByClauseCreator.onPopulateQueryStatement
2018-10-22 09:05:02.392 [uncertain.proc] [FINE] aurora.database.features.WhereClauseCreator.onPopulateQueryStatement
2018-10-22 09:05:02.392 [uncertain.proc] [CONFIG] [action] CreatequerySql
2018-10-22 09:05:02.392 [uncertain.proc] [FINE] aurora.bm.QuerySqlCreator.onCreateQuerySql
2018-10-22 09:05:02.392 [uncertain.proc] [CONFIG] [action] ExecuteQuery
2018-10-22 09:05:02.392 [uncertain.proc] [FINE] aurora.bm.QuerySqlCreator.onExecuteQuery
2018-10-22 09:05:02.393 [uncertain.proc] [CONFIG] [action] QueryFinish
2018-10-22 09:05:02.393 [uncertain.proc] [FINE] aurora.database.features.AutoQueryCounter.onQueryFinish
2018-10-22 09:05:02.393 [uncertain.proc] [CONFIG] [action] FetchResultSet
2018-10-22 09:05:02.393 [uncertain.proc] [FINE] aurora.database.features.CacheBasedLookUpField.postFetchResultSet
2018-10-22 09:05:02.393 [aurora.database] [CONFIG] 
============= BEGIN [query] SQL Statement execution dump ============
SELECT f.service_id,f.service_name,f.is_entry_page,f.is_access_checked,f.is_login_required,f.is_system_access,? AS language,(select d.description_text from fnd_descriptions d where d.description_id = f.title_id and d.language = ?) AS title,f.title_id,f.weixin_flag
FROM sys_service f
WHERE f.service_name = ?
ORDER BY service_name
---------------------Binding info---------------------
No.1	Access path:/session/@lang	Data type of passed value :java.lang.String	Value:ZHS	Output:false	Database Type:null	
No.2	Access path:/session/@lang	Data type of passed value :java.lang.String	Value:ZHS	Output:false	Database Type:null	
No.3	Access path:@service_name	Data type of passed value :java.lang.String	Value:modules/csh/CSH1015/csh_bank_accounts.screen	Output:false	Database Type:null	

=============== END [query] SQL Statement execution dump ============

2018-10-22 09:05:02.393 [aurora.presentation.buildsession] [CONFIG] building view: <toolbarButton> -> aurora.presentation.TemplateBasedView@3dda489e
2018-10-22 09:05:02.394 [aurora.presentation.buildsession] [CONFIG] building view: <gridButton> -> aurora.presentation.TemplateBasedView@3dda489e
2018-10-22 09:05:02.394 [aurora.presentation.buildsession] [CONFIG] building view: <gridButton> -> aurora.presentation.TemplateBasedView@3dda489e
2018-10-22 09:05:02.394 [aurora.presentation.buildsession] [CONFIG] building view: <gridButton> -> aurora.presentation.TemplateBasedView@3dda489e
2018-10-22 09:05:02.394 [aurora.presentation.buildsession] [CONFIG] building view: <form> -> aurora.presentation.component.std.Form@4e8f01fa
2018-10-22 09:05:02.394 [aurora.presentation.buildsession] [CONFIG] building view: <textField> -> aurora.presentation.TemplateBasedView@3dda489e
2018-10-22 09:05:02.394 [aurora.presentation.buildsession] [CONFIG] building view: <textField> -> aurora.presentation.TemplateBasedView@3dda489e
2018-10-22 09:05:02.394 [aurora.presentation.buildsession] [CONFIG] building view: <grid> -> aurora.presentation.TemplateBasedView@3dda489e
2018-10-22 09:05:02.395 [aurora.presentation.buildsession] [CONFIG] building view: <navBar> -> aurora.presentation.TemplateBasedView@3dda489e
2018-10-22 09:05:02.396 [aurora.presentation.buildsession] [CONFIG] building view: <button> -> aurora.presentation.TemplateBasedView@3dda489e
2018-10-22 09:05:02.396 [aurora.presentation.buildsession] [CONFIG] building view: <button> -> aurora.presentation.TemplateBasedView@3dda489e
2018-10-22 09:05:02.396 [aurora.presentation.buildsession] [CONFIG] building view: <separator> -> aurora.presentation.TemplateBasedView@3dda489e
2018-10-22 09:05:02.396 [aurora.presentation.buildsession] [CONFIG] building view: <div> -> aurora.presentation.DefaultViewBuilder@35f5c5a3
2018-10-22 09:05:02.396 [aurora.presentation.buildsession] [CONFIG] building view: <numberField> -> aurora.presentation.TemplateBasedView@3dda489e
2018-10-22 09:05:02.396 [aurora.presentation.buildsession] [CONFIG] building view: <div> -> aurora.presentation.DefaultViewBuilder@35f5c5a3
2018-10-22 09:05:02.396 [aurora.presentation.buildsession] [CONFIG] building view: <separator> -> aurora.presentation.TemplateBasedView@3dda489e
2018-10-22 09:05:02.396 [aurora.presentation.buildsession] [CONFIG] building view: <button> -> aurora.presentation.TemplateBasedView@3dda489e
2018-10-22 09:05:02.397 [aurora.presentation.buildsession] [CONFIG] building view: <button> -> aurora.presentation.TemplateBasedView@3dda489e
2018-10-22 09:05:02.397 [aurora.presentation.buildsession] [CONFIG] building view: <button> -> aurora.presentation.TemplateBasedView@3dda489e
2018-10-22 09:05:02.397 [aurora.presentation.buildsession] [CONFIG] building view: <separator> -> aurora.presentation.TemplateBasedView@3dda489e
2018-10-22 09:05:02.397 [aurora.presentation.buildsession] [CONFIG] building view: <div> -> aurora.presentation.DefaultViewBuilder@35f5c5a3
2018-10-22 09:05:02.397 [aurora.presentation.buildsession] [CONFIG] building view: <comboBox> -> aurora.presentation.TemplateBasedView@3dda489e
2018-10-22 09:05:02.397 [aurora.presentation.buildsession] [CONFIG] building view: <div> -> aurora.presentation.DefaultViewBuilder@35f5c5a3
2018-10-22 09:05:02.397 [aurora.presentation.buildsession] [CONFIG] building view: <separator> -> aurora.presentation.TemplateBasedView@3dda489e
2018-10-22 09:05:02.397 [aurora.presentation.buildsession] [CONFIG] building view: <div> -> aurora.presentation.DefaultViewBuilder@35f5c5a3
2018-10-22 09:05:02.398 [aurora.presentation.buildsession] [CONFIG] building view: <comboBox> -> aurora.presentation.TemplateBasedView@3dda489e
2018-10-22 09:05:02.398 [aurora.presentation.buildsession] [CONFIG] building view: <datePicker> -> aurora.presentation.TemplateBasedView@3dda489e
2018-10-22 09:05:02.398 [aurora.presentation.buildsession] [CONFIG] building view: <textField> -> aurora.presentation.TemplateBasedView@3dda489e
2018-10-22 09:05:02.398 [aurora.presentation.buildsession] [CONFIG] building view: <checkBox> -> aurora.presentation.TemplateBasedView@3dda489e
2018-10-22 09:05:02.398 [aurora.presentation.buildsession] [CONFIG] building view: <textField> -> aurora.presentation.TemplateBasedView@3dda489e
2018-10-22 09:05:02.398 [aurora.presentation.buildsession] [CONFIG] building view: <lov> -> aurora.presentation.TemplateBasedView@3dda489e
2018-10-22 09:05:02.399 [aurora.presentation.buildsession] [CONFIG] building view: <script> -> aurora.presentation.DefaultViewBuilder@35f5c5a3
2018-10-22 09:05:02.399 [aurora.presentation.buildsession] [CONFIG] End build session
