2018-10-15 01:52:07.898 [aurora.application.session_check] [CONFIG] Session data copied to context
2018-10-15 01:52:07.898 [aurora.application.session_check] [CONFIG] Access check result for modules/wfl/WFL5060/wfl_sob_batch_companiex.svc => success
2018-10-15 01:52:07.899 [uncertain.proc] [CONFIG] [action] AccessCheck
2018-10-15 01:52:07.901 [uncertain.proc] [CONFIG] [action] CheckServiceLock
2018-10-15 01:52:07.901 [uncertain.proc] [CONFIG] [action] ParseParameter
2018-10-15 01:52:07.901 [uncertain.proc] [CONFIG] [action] ValidateInput
2018-10-15 01:52:07.901 [uncertain.proc] [CONFIG] [action] InvokeService
2018-10-15 01:52:07.901 [aurora.database] [CONFIG] Running batch-apply with data from path /parameter/detail1, total 12 records
2018-10-15 01:52:07.901 [aurora.database] [CONFIG] Executing batch-apply on parameter No.0
2018-10-15 01:52:07.901 [aurora.database] [CONFIG] Running batch-apply with data from path @current_parameter/detail2, total 1 records
2018-10-15 01:52:07.901 [aurora.database] [CONFIG] Executing batch-apply on parameter No.0
2018-10-15 01:52:07.903 [uncertain.proc] [CONFIG] [action] DecideStatement
2018-10-15 01:52:07.904 [uncertain.proc] [CONFIG] [action] DecideSqlGenerationMode
2018-10-15 01:52:07.904 [uncertain.proc] [FINE] aurora.database.service.BusinessModelService.onDecideSqlGenerationMode
2018-10-15 01:52:07.904 [uncertain.proc] [CONFIG] [action] CreateOperationSql
2018-10-15 01:52:07.904 [uncertain.proc] [CONFIG] [action] PopulateOperationSql
2018-10-15 01:52:07.904 [uncertain.proc] [FINE] aurora.database.features.OrderByClauseCreator.onPopulateOperationSql
2018-10-15 01:52:07.904 [uncertain.proc] [FINE] aurora.database.features.WhereClauseCreator.onPopulateOperationSql
2018-10-15 01:52:07.904 [uncertain.proc] [CONFIG] [action] CreateSqlRunner
2018-10-15 01:52:07.904 [uncertain.proc] [FINE] aurora.database.service.BusinessModelService.onCreateSqlRunner
2018-10-15 01:52:07.904 [uncertain.proc] [CONFIG] [action] ExecuteDmlStatement
2018-10-15 01:52:07.904 [uncertain.proc] [FINE] aurora.database.service.BusinessModelService.onExecuteDmlStatement
2018-10-15 01:52:07.905 [aurora.database] [CONFIG] 
============= BEGIN [execute] SQL Statement execution dump ============

                begin							
				 wfl_sob_transaction_pkg.insert_company_wfl_trs_bat(?,
													?,
													?,
													?,
													'Y',
													?); 
                end;
                
             
---------------------Binding info---------------------
No.1	Access path:../../@transaction_category	Data type of passed value :java.lang.String	Value:EXP_REPORT	Output:false	Database Type:null	
No.2	Access path:../../@transaction_type_code	Data type of passed value :java.lang.String	Value:BX01	Output:false	Database Type:null	
No.3	Access path:../../@workflow_code	Data type of passed value :java.lang.String	Value:JC_BX05	Output:false	Database Type:null	
No.4	Access path:@company_id	Data type of passed value :java.lang.Long	Value:2334	Output:false	Database Type:null	
No.5	Access path:../../@set_of_books_id	Data type of passed value :java.lang.Integer	Value:122	Output:false	Database Type:null	

=============== END [execute] SQL Statement execution dump ============

2018-10-15 01:52:07.905 [aurora.database] [CONFIG] Executing batch-apply on parameter No.1
2018-10-15 01:52:07.905 [aurora.database] [CONFIG] Running batch-apply with data from path @current_parameter/detail2, total 1 records
2018-10-15 01:52:07.905 [aurora.database] [CONFIG] Executing batch-apply on parameter No.0
2018-10-15 01:52:07.907 [uncertain.proc] [CONFIG] [action] DecideStatement
2018-10-15 01:52:07.908 [uncertain.proc] [CONFIG] [action] DecideSqlGenerationMode
2018-10-15 01:52:07.908 [uncertain.proc] [FINE] aurora.database.service.BusinessModelService.onDecideSqlGenerationMode
2018-10-15 01:52:07.908 [uncertain.proc] [CONFIG] [action] CreateOperationSql
2018-10-15 01:52:07.908 [uncertain.proc] [CONFIG] [action] PopulateOperationSql
2018-10-15 01:52:07.908 [uncertain.proc] [FINE] aurora.database.features.OrderByClauseCreator.onPopulateOperationSql
2018-10-15 01:52:07.908 [uncertain.proc] [FINE] aurora.database.features.WhereClauseCreator.onPopulateOperationSql
2018-10-15 01:52:07.908 [uncertain.proc] [CONFIG] [action] CreateSqlRunner
2018-10-15 01:52:07.908 [uncertain.proc] [FINE] aurora.database.service.BusinessModelService.onCreateSqlRunner
2018-10-15 01:52:07.908 [uncertain.proc] [CONFIG] [action] ExecuteDmlStatement
2018-10-15 01:52:07.908 [uncertain.proc] [FINE] aurora.database.service.BusinessModelService.onExecuteDmlStatement
2018-10-15 01:52:07.918 [aurora.database] [CONFIG] 
============= BEGIN [execute] SQL Statement execution dump ============

                begin							
				 wfl_sob_transaction_pkg.insert_company_wfl_trs_bat(?,
													?,
													?,
													?,
													'Y',
													?); 
                end;
                
             
---------------------Binding info---------------------
No.1	Access path:../../@transaction_category	Data type of passed value :java.lang.String	Value:EXP_REPORT	Output:false	Database Type:null	
No.2	Access path:../../@transaction_type_code	Data type of passed value :java.lang.String	Value:BX02	Output:false	Database Type:null	
No.3	Access path:../../@workflow_code	Data type of passed value :java.lang.String	Value:JC_BX05	Output:false	Database Type:null	
No.4	Access path:@company_id	Data type of passed value :java.lang.Long	Value:2334	Output:false	Database Type:null	
No.5	Access path:../../@set_of_books_id	Data type of passed value :java.lang.Integer	Value:122	Output:false	Database Type:null	

=============== END [execute] SQL Statement execution dump ============

2018-10-15 01:52:07.918 [aurora.database] [CONFIG] Executing batch-apply on parameter No.2
2018-10-15 01:52:07.918 [aurora.database] [CONFIG] Running batch-apply with data from path @current_parameter/detail2, total 1 records
2018-10-15 01:52:07.918 [aurora.database] [CONFIG] Executing batch-apply on parameter No.0
2018-10-15 01:52:07.921 [uncertain.proc] [CONFIG] [action] DecideStatement
2018-10-15 01:52:07.922 [uncertain.proc] [CONFIG] [action] DecideSqlGenerationMode
2018-10-15 01:52:07.922 [uncertain.proc] [FINE] aurora.database.service.BusinessModelService.onDecideSqlGenerationMode
2018-10-15 01:52:07.922 [uncertain.proc] [CONFIG] [action] CreateOperationSql
2018-10-15 01:52:07.922 [uncertain.proc] [CONFIG] [action] PopulateOperationSql
2018-10-15 01:52:07.922 [uncertain.proc] [FINE] aurora.database.features.OrderByClauseCreator.onPopulateOperationSql
2018-10-15 01:52:07.922 [uncertain.proc] [FINE] aurora.database.features.WhereClauseCreator.onPopulateOperationSql
2018-10-15 01:52:07.922 [uncertain.proc] [CONFIG] [action] CreateSqlRunner
2018-10-15 01:52:07.922 [uncertain.proc] [FINE] aurora.database.service.BusinessModelService.onCreateSqlRunner
2018-10-15 01:52:07.922 [uncertain.proc] [CONFIG] [action] ExecuteDmlStatement
2018-10-15 01:52:07.922 [uncertain.proc] [FINE] aurora.database.service.BusinessModelService.onExecuteDmlStatement
2018-10-15 01:52:07.927 [aurora.database] [CONFIG] 
============= BEGIN [execute] SQL Statement execution dump ============

                begin							
				 wfl_sob_transaction_pkg.insert_company_wfl_trs_bat(?,
													?,
													?,
													?,
													'Y',
													?); 
                end;
                
             
---------------------Binding info---------------------
No.1	Access path:../../@transaction_category	Data type of passed value :java.lang.String	Value:EXP_REPORT	Output:false	Database Type:null	
No.2	Access path:../../@transaction_type_code	Data type of passed value :java.lang.String	Value:BX03	Output:false	Database Type:null	
No.3	Access path:../../@workflow_code	Data type of passed value :java.lang.String	Value:JC_BX01	Output:false	Database Type:null	
No.4	Access path:@company_id	Data type of passed value :java.lang.Long	Value:2334	Output:false	Database Type:null	
No.5	Access path:../../@set_of_books_id	Data type of passed value :java.lang.Integer	Value:122	Output:false	Database Type:null	

=============== END [execute] SQL Statement execution dump ============

2018-10-15 01:52:07.927 [aurora.database] [CONFIG] Executing batch-apply on parameter No.3
2018-10-15 01:52:07.927 [aurora.database] [CONFIG] Running batch-apply with data from path @current_parameter/detail2, total 1 records
2018-10-15 01:52:07.927 [aurora.database] [CONFIG] Executing batch-apply on parameter No.0
2018-10-15 01:52:07.929 [uncertain.proc] [CONFIG] [action] DecideStatement
2018-10-15 01:52:07.930 [uncertain.proc] [CONFIG] [action] DecideSqlGenerationMode
2018-10-15 01:52:07.930 [uncertain.proc] [FINE] aurora.database.service.BusinessModelService.onDecideSqlGenerationMode
2018-10-15 01:52:07.930 [uncertain.proc] [CONFIG] [action] CreateOperationSql
2018-10-15 01:52:07.930 [uncertain.proc] [CONFIG] [action] PopulateOperationSql
2018-10-15 01:52:07.930 [uncertain.proc] [FINE] aurora.database.features.OrderByClauseCreator.onPopulateOperationSql
2018-10-15 01:52:07.930 [uncertain.proc] [FINE] aurora.database.features.WhereClauseCreator.onPopulateOperationSql
2018-10-15 01:52:07.930 [uncertain.proc] [CONFIG] [action] CreateSqlRunner
2018-10-15 01:52:07.930 [uncertain.proc] [FINE] aurora.database.service.BusinessModelService.onCreateSqlRunner
2018-10-15 01:52:07.930 [uncertain.proc] [CONFIG] [action] ExecuteDmlStatement
2018-10-15 01:52:07.930 [uncertain.proc] [FINE] aurora.database.service.BusinessModelService.onExecuteDmlStatement
2018-10-15 01:52:07.934 [aurora.database] [CONFIG] 
============= BEGIN [execute] SQL Statement execution dump ============

                begin							
				 wfl_sob_transaction_pkg.insert_company_wfl_trs_bat(?,
													?,
													?,
													?,
													'Y',
													?); 
                end;
                
             
---------------------Binding info---------------------
No.1	Access path:../../@transaction_category	Data type of passed value :java.lang.String	Value:EXP_REPORT	Output:false	Database Type:null	
No.2	Access path:../../@transaction_type_code	Data type of passed value :java.lang.String	Value:BX04	Output:false	Database Type:null	
No.3	Access path:../../@workflow_code	Data type of passed value :java.lang.String	Value:JC_BX02	Output:false	Database Type:null	
No.4	Access path:@company_id	Data type of passed value :java.lang.Long	Value:2334	Output:false	Database Type:null	
No.5	Access path:../../@set_of_books_id	Data type of passed value :java.lang.Integer	Value:122	Output:false	Database Type:null	

=============== END [execute] SQL Statement execution dump ============

2018-10-15 01:52:07.934 [aurora.database] [CONFIG] Executing batch-apply on parameter No.4
2018-10-15 01:52:07.934 [aurora.database] [CONFIG] Running batch-apply with data from path @current_parameter/detail2, total 1 records
2018-10-15 01:52:07.934 [aurora.database] [CONFIG] Executing batch-apply on parameter No.0
2018-10-15 01:52:07.936 [uncertain.proc] [CONFIG] [action] DecideStatement
2018-10-15 01:52:07.937 [uncertain.proc] [CONFIG] [action] DecideSqlGenerationMode
2018-10-15 01:52:07.937 [uncertain.proc] [FINE] aurora.database.service.BusinessModelService.onDecideSqlGenerationMode
2018-10-15 01:52:07.937 [uncertain.proc] [CONFIG] [action] CreateOperationSql
2018-10-15 01:52:07.937 [uncertain.proc] [CONFIG] [action] PopulateOperationSql
2018-10-15 01:52:07.937 [uncertain.proc] [FINE] aurora.database.features.OrderByClauseCreator.onPopulateOperationSql
2018-10-15 01:52:07.937 [uncertain.proc] [FINE] aurora.database.features.WhereClauseCreator.onPopulateOperationSql
2018-10-15 01:52:07.937 [uncertain.proc] [CONFIG] [action] CreateSqlRunner
2018-10-15 01:52:07.937 [uncertain.proc] [FINE] aurora.database.service.BusinessModelService.onCreateSqlRunner
2018-10-15 01:52:07.937 [uncertain.proc] [CONFIG] [action] ExecuteDmlStatement
2018-10-15 01:52:07.937 [uncertain.proc] [FINE] aurora.database.service.BusinessModelService.onExecuteDmlStatement
2018-10-15 01:52:07.942 [aurora.database] [CONFIG] 
============= BEGIN [execute] SQL Statement execution dump ============

                begin							
				 wfl_sob_transaction_pkg.insert_company_wfl_trs_bat(?,
													?,
													?,
													?,
													'Y',
													?); 
                end;
                
             
---------------------Binding info---------------------
No.1	Access path:../../@transaction_category	Data type of passed value :java.lang.String	Value:EXP_REPORT	Output:false	Database Type:null	
No.2	Access path:../../@transaction_type_code	Data type of passed value :java.lang.String	Value:BX05	Output:false	Database Type:null	
No.3	Access path:../../@workflow_code	Data type of passed value :java.lang.String	Value:JC_BX04	Output:false	Database Type:null	
No.4	Access path:@company_id	Data type of passed value :java.lang.Long	Value:2334	Output:false	Database Type:null	
No.5	Access path:../../@set_of_books_id	Data type of passed value :java.lang.Integer	Value:122	Output:false	Database Type:null	

=============== END [execute] SQL Statement execution dump ============

2018-10-15 01:52:07.942 [aurora.database] [CONFIG] Executing batch-apply on parameter No.5
2018-10-15 01:52:07.942 [aurora.database] [CONFIG] Running batch-apply with data from path @current_parameter/detail2, total 1 records
2018-10-15 01:52:07.942 [aurora.database] [CONFIG] Executing batch-apply on parameter No.0
2018-10-15 01:52:07.944 [uncertain.proc] [CONFIG] [action] DecideStatement
2018-10-15 01:52:07.945 [uncertain.proc] [CONFIG] [action] DecideSqlGenerationMode
2018-10-15 01:52:07.945 [uncertain.proc] [FINE] aurora.database.service.BusinessModelService.onDecideSqlGenerationMode
2018-10-15 01:52:07.945 [uncertain.proc] [CONFIG] [action] CreateOperationSql
2018-10-15 01:52:07.945 [uncertain.proc] [CONFIG] [action] PopulateOperationSql
2018-10-15 01:52:07.945 [uncertain.proc] [FINE] aurora.database.features.OrderByClauseCreator.onPopulateOperationSql
2018-10-15 01:52:07.945 [uncertain.proc] [FINE] aurora.database.features.WhereClauseCreator.onPopulateOperationSql
2018-10-15 01:52:07.945 [uncertain.proc] [CONFIG] [action] CreateSqlRunner
2018-10-15 01:52:07.945 [uncertain.proc] [FINE] aurora.database.service.BusinessModelService.onCreateSqlRunner
2018-10-15 01:52:07.945 [uncertain.proc] [CONFIG] [action] ExecuteDmlStatement
2018-10-15 01:52:07.945 [uncertain.proc] [FINE] aurora.database.service.BusinessModelService.onExecuteDmlStatement
2018-10-15 01:52:07.954 [aurora.database] [CONFIG] 
============= BEGIN [execute] SQL Statement execution dump ============

                begin							
				 wfl_sob_transaction_pkg.insert_company_wfl_trs_bat(?,
													?,
													?,
													?,
													'Y',
													?); 
                end;
                
             
---------------------Binding info---------------------
No.1	Access path:../../@transaction_category	Data type of passed value :java.lang.String	Value:EXP_REPORT	Output:false	Database Type:null	
No.2	Access path:../../@transaction_type_code	Data type of passed value :java.lang.String	Value:BX07	Output:false	Database Type:null	
No.3	Access path:../../@workflow_code	Data type of passed value :java.lang.String	Value:JC_BX03	Output:false	Database Type:null	
No.4	Access path:@company_id	Data type of passed value :java.lang.Long	Value:2334	Output:false	Database Type:null	
No.5	Access path:../../@set_of_books_id	Data type of passed value :java.lang.Integer	Value:122	Output:false	Database Type:null	

=============== END [execute] SQL Statement execution dump ============

2018-10-15 01:52:07.954 [aurora.database] [CONFIG] Executing batch-apply on parameter No.6
2018-10-15 01:52:07.954 [aurora.database] [CONFIG] Running batch-apply with data from path @current_parameter/detail2, total 1 records
2018-10-15 01:52:07.954 [aurora.database] [CONFIG] Executing batch-apply on parameter No.0
2018-10-15 01:52:07.957 [uncertain.proc] [CONFIG] [action] DecideStatement
2018-10-15 01:52:07.959 [uncertain.proc] [CONFIG] [action] DecideSqlGenerationMode
2018-10-15 01:52:07.959 [uncertain.proc] [FINE] aurora.database.service.BusinessModelService.onDecideSqlGenerationMode
2018-10-15 01:52:07.959 [uncertain.proc] [CONFIG] [action] CreateOperationSql
2018-10-15 01:52:07.959 [uncertain.proc] [CONFIG] [action] PopulateOperationSql
2018-10-15 01:52:07.959 [uncertain.proc] [FINE] aurora.database.features.OrderByClauseCreator.onPopulateOperationSql
2018-10-15 01:52:07.959 [uncertain.proc] [FINE] aurora.database.features.WhereClauseCreator.onPopulateOperationSql
2018-10-15 01:52:07.959 [uncertain.proc] [CONFIG] [action] CreateSqlRunner
2018-10-15 01:52:07.959 [uncertain.proc] [FINE] aurora.database.service.BusinessModelService.onCreateSqlRunner
2018-10-15 01:52:07.959 [uncertain.proc] [CONFIG] [action] ExecuteDmlStatement
2018-10-15 01:52:07.959 [uncertain.proc] [FINE] aurora.database.service.BusinessModelService.onExecuteDmlStatement
2018-10-15 01:52:07.989 [aurora.database] [CONFIG] 
============= BEGIN [execute] SQL Statement execution dump ============

                begin							
				 wfl_sob_transaction_pkg.insert_company_wfl_trs_bat(?,
													?,
													?,
													?,
													'Y',
													?); 
                end;
                
             
---------------------Binding info---------------------
No.1	Access path:../../@transaction_category	Data type of passed value :java.lang.String	Value:EXP_REQUISITION	Output:false	Database Type:null	
No.2	Access path:../../@transaction_type_code	Data type of passed value :java.lang.String	Value:SQ01	Output:false	Database Type:null	
No.3	Access path:../../@workflow_code	Data type of passed value :java.lang.String	Value:JC_SQ01	Output:false	Database Type:null	
No.4	Access path:@company_id	Data type of passed value :java.lang.Long	Value:2334	Output:false	Database Type:null	
No.5	Access path:../../@set_of_books_id	Data type of passed value :java.lang.Integer	Value:122	Output:false	Database Type:null	

=============== END [execute] SQL Statement execution dump ============

2018-10-15 01:52:07.989 [aurora.database] [CONFIG] Executing batch-apply on parameter No.7
2018-10-15 01:52:07.989 [aurora.database] [CONFIG] Running batch-apply with data from path @current_parameter/detail2, total 1 records
2018-10-15 01:52:07.989 [aurora.database] [CONFIG] Executing batch-apply on parameter No.0
2018-10-15 01:52:07.991 [uncertain.proc] [CONFIG] [action] DecideStatement
2018-10-15 01:52:07.992 [uncertain.proc] [CONFIG] [action] DecideSqlGenerationMode
2018-10-15 01:52:07.992 [uncertain.proc] [FINE] aurora.database.service.BusinessModelService.onDecideSqlGenerationMode
2018-10-15 01:52:07.992 [uncertain.proc] [CONFIG] [action] CreateOperationSql
2018-10-15 01:52:07.992 [uncertain.proc] [CONFIG] [action] PopulateOperationSql
2018-10-15 01:52:07.992 [uncertain.proc] [FINE] aurora.database.features.OrderByClauseCreator.onPopulateOperationSql
2018-10-15 01:52:07.992 [uncertain.proc] [FINE] aurora.database.features.WhereClauseCreator.onPopulateOperationSql
2018-10-15 01:52:07.992 [uncertain.proc] [CONFIG] [action] CreateSqlRunner
2018-10-15 01:52:07.992 [uncertain.proc] [FINE] aurora.database.service.BusinessModelService.onCreateSqlRunner
2018-10-15 01:52:07.992 [uncertain.proc] [CONFIG] [action] ExecuteDmlStatement
2018-10-15 01:52:07.992 [uncertain.proc] [FINE] aurora.database.service.BusinessModelService.onExecuteDmlStatement
2018-10-15 01:52:07.993 [aurora.database] [CONFIG] 
============= BEGIN [execute] SQL Statement execution dump ============

                begin							
				 wfl_sob_transaction_pkg.insert_company_wfl_trs_bat(?,
													?,
													?,
													?,
													'Y',
													?); 
                end;
                
             
---------------------Binding info---------------------
No.1	Access path:../../@transaction_category	Data type of passed value :java.lang.String	Value:EXP_REQUISITION	Output:false	Database Type:null	
No.2	Access path:../../@transaction_type_code	Data type of passed value :java.lang.String	Value:SQ02	Output:false	Database Type:null	
No.3	Access path:../../@workflow_code	Data type of passed value :java.lang.String	Value:JC_SQ03	Output:false	Database Type:null	
No.4	Access path:@company_id	Data type of passed value :java.lang.Long	Value:2334	Output:false	Database Type:null	
No.5	Access path:../../@set_of_books_id	Data type of passed value :java.lang.Integer	Value:122	Output:false	Database Type:null	

=============== END [execute] SQL Statement execution dump ============

2018-10-15 01:52:07.993 [aurora.database] [CONFIG] Executing batch-apply on parameter No.8
2018-10-15 01:52:07.993 [aurora.database] [CONFIG] Running batch-apply with data from path @current_parameter/detail2, total 1 records
2018-10-15 01:52:07.993 [aurora.database] [CONFIG] Executing batch-apply on parameter No.0
2018-10-15 01:52:07.995 [uncertain.proc] [CONFIG] [action] DecideStatement
2018-10-15 01:52:07.996 [uncertain.proc] [CONFIG] [action] DecideSqlGenerationMode
2018-10-15 01:52:07.996 [uncertain.proc] [FINE] aurora.database.service.BusinessModelService.onDecideSqlGenerationMode
2018-10-15 01:52:07.996 [uncertain.proc] [CONFIG] [action] CreateOperationSql
2018-10-15 01:52:07.996 [uncertain.proc] [CONFIG] [action] PopulateOperationSql
2018-10-15 01:52:07.996 [uncertain.proc] [FINE] aurora.database.features.OrderByClauseCreator.onPopulateOperationSql
2018-10-15 01:52:07.996 [uncertain.proc] [FINE] aurora.database.features.WhereClauseCreator.onPopulateOperationSql
2018-10-15 01:52:07.996 [uncertain.proc] [CONFIG] [action] CreateSqlRunner
2018-10-15 01:52:07.996 [uncertain.proc] [FINE] aurora.database.service.BusinessModelService.onCreateSqlRunner
2018-10-15 01:52:07.996 [uncertain.proc] [CONFIG] [action] ExecuteDmlStatement
2018-10-15 01:52:07.996 [uncertain.proc] [FINE] aurora.database.service.BusinessModelService.onExecuteDmlStatement
2018-10-15 01:52:07.997 [aurora.database] [CONFIG] 
============= BEGIN [execute] SQL Statement execution dump ============

                begin							
				 wfl_sob_transaction_pkg.insert_company_wfl_trs_bat(?,
													?,
													?,
													?,
													'Y',
													?); 
                end;
                
             
---------------------Binding info---------------------
No.1	Access path:../../@transaction_category	Data type of passed value :java.lang.String	Value:EXP_REQUISITION	Output:false	Database Type:null	
No.2	Access path:../../@transaction_type_code	Data type of passed value :java.lang.String	Value:SQ03	Output:false	Database Type:null	
No.3	Access path:../../@workflow_code	Data type of passed value :java.lang.String	Value:JC_SQ02	Output:false	Database Type:null	
No.4	Access path:@company_id	Data type of passed value :java.lang.Long	Value:2334	Output:false	Database Type:null	
No.5	Access path:../../@set_of_books_id	Data type of passed value :java.lang.Integer	Value:122	Output:false	Database Type:null	

=============== END [execute] SQL Statement execution dump ============

2018-10-15 01:52:07.997 [aurora.database] [CONFIG] Executing batch-apply on parameter No.9
2018-10-15 01:52:07.997 [aurora.database] [CONFIG] Running batch-apply with data from path @current_parameter/detail2, total 1 records
2018-10-15 01:52:07.997 [aurora.database] [CONFIG] Executing batch-apply on parameter No.0
2018-10-15 01:52:08.0 [uncertain.proc] [CONFIG] [action] DecideStatement
2018-10-15 01:52:08.1 [uncertain.proc] [CONFIG] [action] DecideSqlGenerationMode
2018-10-15 01:52:08.1 [uncertain.proc] [FINE] aurora.database.service.BusinessModelService.onDecideSqlGenerationMode
2018-10-15 01:52:08.1 [uncertain.proc] [CONFIG] [action] CreateOperationSql
2018-10-15 01:52:08.1 [uncertain.proc] [CONFIG] [action] PopulateOperationSql
2018-10-15 01:52:08.1 [uncertain.proc] [FINE] aurora.database.features.OrderByClauseCreator.onPopulateOperationSql
2018-10-15 01:52:08.1 [uncertain.proc] [FINE] aurora.database.features.WhereClauseCreator.onPopulateOperationSql
2018-10-15 01:52:08.1 [uncertain.proc] [CONFIG] [action] CreateSqlRunner
2018-10-15 01:52:08.1 [uncertain.proc] [FINE] aurora.database.service.BusinessModelService.onCreateSqlRunner
2018-10-15 01:52:08.1 [uncertain.proc] [CONFIG] [action] ExecuteDmlStatement
2018-10-15 01:52:08.1 [uncertain.proc] [FINE] aurora.database.service.BusinessModelService.onExecuteDmlStatement
2018-10-15 01:52:08.2 [aurora.database] [CONFIG] 
============= BEGIN [execute] SQL Statement execution dump ============

                begin							
				 wfl_sob_transaction_pkg.insert_company_wfl_trs_bat(?,
													?,
													?,
													?,
													'Y',
													?); 
                end;
                
             
---------------------Binding info---------------------
No.1	Access path:../../@transaction_category	Data type of passed value :java.lang.String	Value:EXP_REQUISITION	Output:false	Database Type:null	
No.2	Access path:../../@transaction_type_code	Data type of passed value :java.lang.String	Value:SQ04	Output:false	Database Type:null	
No.3	Access path:../../@workflow_code	Data type of passed value :java.lang.String	Value:JC_SQ04	Output:false	Database Type:null	
No.4	Access path:@company_id	Data type of passed value :java.lang.Long	Value:2334	Output:false	Database Type:null	
No.5	Access path:../../@set_of_books_id	Data type of passed value :java.lang.Integer	Value:122	Output:false	Database Type:null	

=============== END [execute] SQL Statement execution dump ============

2018-10-15 01:52:08.2 [aurora.database] [CONFIG] Executing batch-apply on parameter No.10
2018-10-15 01:52:08.2 [aurora.database] [CONFIG] Running batch-apply with data from path @current_parameter/detail2, total 1 records
2018-10-15 01:52:08.2 [aurora.database] [CONFIG] Executing batch-apply on parameter No.0
2018-10-15 01:52:08.5 [uncertain.proc] [CONFIG] [action] DecideStatement
2018-10-15 01:52:08.7 [uncertain.proc] [CONFIG] [action] DecideSqlGenerationMode
2018-10-15 01:52:08.7 [uncertain.proc] [FINE] aurora.database.service.BusinessModelService.onDecideSqlGenerationMode
2018-10-15 01:52:08.7 [uncertain.proc] [CONFIG] [action] CreateOperationSql
2018-10-15 01:52:08.7 [uncertain.proc] [CONFIG] [action] PopulateOperationSql
2018-10-15 01:52:08.7 [uncertain.proc] [FINE] aurora.database.features.OrderByClauseCreator.onPopulateOperationSql
2018-10-15 01:52:08.7 [uncertain.proc] [FINE] aurora.database.features.WhereClauseCreator.onPopulateOperationSql
2018-10-15 01:52:08.7 [uncertain.proc] [CONFIG] [action] CreateSqlRunner
2018-10-15 01:52:08.7 [uncertain.proc] [FINE] aurora.database.service.BusinessModelService.onCreateSqlRunner
2018-10-15 01:52:08.7 [uncertain.proc] [CONFIG] [action] ExecuteDmlStatement
2018-10-15 01:52:08.7 [uncertain.proc] [FINE] aurora.database.service.BusinessModelService.onExecuteDmlStatement
2018-10-15 01:52:08.8 [aurora.database] [CONFIG] 
============= BEGIN [execute] SQL Statement execution dump ============

                begin							
				 wfl_sob_transaction_pkg.insert_company_wfl_trs_bat(?,
													?,
													?,
													?,
													'Y',
													?); 
                end;
                
             
---------------------Binding info---------------------
No.1	Access path:../../@transaction_category	Data type of passed value :java.lang.String	Value:EXP_REQUISITION	Output:false	Database Type:null	
No.2	Access path:../../@transaction_type_code	Data type of passed value :java.lang.String	Value:SQ05	Output:false	Database Type:null	
No.3	Access path:../../@workflow_code	Data type of passed value :java.lang.String	Value:JC_SQ02	Output:false	Database Type:null	
No.4	Access path:@company_id	Data type of passed value :java.lang.Long	Value:2334	Output:false	Database Type:null	
No.5	Access path:../../@set_of_books_id	Data type of passed value :java.lang.Integer	Value:122	Output:false	Database Type:null	

=============== END [execute] SQL Statement execution dump ============

2018-10-15 01:52:08.8 [aurora.database] [CONFIG] Executing batch-apply on parameter No.11
2018-10-15 01:52:08.8 [aurora.database] [CONFIG] Running batch-apply with data from path @current_parameter/detail2, total 1 records
2018-10-15 01:52:08.8 [aurora.database] [CONFIG] Executing batch-apply on parameter No.0
2018-10-15 01:52:08.10 [uncertain.proc] [CONFIG] [action] DecideStatement
2018-10-15 01:52:08.11 [uncertain.proc] [CONFIG] [action] DecideSqlGenerationMode
2018-10-15 01:52:08.11 [uncertain.proc] [FINE] aurora.database.service.BusinessModelService.onDecideSqlGenerationMode
2018-10-15 01:52:08.11 [uncertain.proc] [CONFIG] [action] CreateOperationSql
2018-10-15 01:52:08.11 [uncertain.proc] [CONFIG] [action] PopulateOperationSql
2018-10-15 01:52:08.11 [uncertain.proc] [FINE] aurora.database.features.OrderByClauseCreator.onPopulateOperationSql
2018-10-15 01:52:08.11 [uncertain.proc] [FINE] aurora.database.features.WhereClauseCreator.onPopulateOperationSql
2018-10-15 01:52:08.11 [uncertain.proc] [CONFIG] [action] CreateSqlRunner
2018-10-15 01:52:08.11 [uncertain.proc] [FINE] aurora.database.service.BusinessModelService.onCreateSqlRunner
2018-10-15 01:52:08.11 [uncertain.proc] [CONFIG] [action] ExecuteDmlStatement
2018-10-15 01:52:08.11 [uncertain.proc] [FINE] aurora.database.service.BusinessModelService.onExecuteDmlStatement
2018-10-15 01:52:08.26 [aurora.database] [CONFIG] 
============= BEGIN [execute] SQL Statement execution dump ============

                begin							
				 wfl_sob_transaction_pkg.insert_company_wfl_trs_bat(?,
													?,
													?,
													?,
													'Y',
													?); 
                end;
                
             
---------------------Binding info---------------------
No.1	Access path:../../@transaction_category	Data type of passed value :java.lang.String	Value:PAYMENT_REQUISITION	Output:false	Database Type:null	
No.2	Access path:../../@transaction_type_code	Data type of passed value :java.lang.String	Value:JK001	Output:false	Database Type:null	
No.3	Access path:../../@workflow_code	Data type of passed value :java.lang.String	Value:JC_JK01	Output:false	Database Type:null	
No.4	Access path:@company_id	Data type of passed value :java.lang.Long	Value:2334	Output:false	Database Type:null	
No.5	Access path:../../@set_of_books_id	Data type of passed value :java.lang.Integer	Value:122	Output:false	Database Type:null	

=============== END [execute] SQL Statement execution dump ============

2018-10-15 01:52:08.26 [uncertain.proc] [CONFIG] [action] CreateSuccessResponse
