2018-10-17 03:44:08.99 [aurora.application.session_check] [CONFIG] Session data copied to context
2018-10-17 03:44:08.99 [aurora.application.session_check] [CONFIG] Access check result for modules/wfl/WFL5060/wfl_sob_batch_companiex.svc => success
2018-10-17 03:44:08.100 [uncertain.proc] [CONFIG] [action] AccessCheck
2018-10-17 03:44:08.104 [uncertain.proc] [CONFIG] [action] CheckServiceLock
2018-10-17 03:44:08.104 [uncertain.proc] [CONFIG] [action] ParseParameter
2018-10-17 03:44:08.105 [uncertain.proc] [CONFIG] [action] ValidateInput
2018-10-17 03:44:08.105 [uncertain.proc] [CONFIG] [action] InvokeService
2018-10-17 03:44:08.105 [aurora.database] [CONFIG] Running batch-apply with data from path /parameter/detail1, total 12 records
2018-10-17 03:44:08.105 [aurora.database] [CONFIG] Executing batch-apply on parameter No.0
2018-10-17 03:44:08.105 [aurora.database] [CONFIG] Running batch-apply with data from path @current_parameter/detail2, total 1 records
2018-10-17 03:44:08.105 [aurora.database] [CONFIG] Executing batch-apply on parameter No.0
2018-10-17 03:44:08.108 [uncertain.proc] [CONFIG] [action] DecideStatement
2018-10-17 03:44:08.110 [uncertain.proc] [CONFIG] [action] DecideSqlGenerationMode
2018-10-17 03:44:08.110 [uncertain.proc] [FINE] aurora.database.service.BusinessModelService.onDecideSqlGenerationMode
2018-10-17 03:44:08.110 [uncertain.proc] [CONFIG] [action] CreateOperationSql
2018-10-17 03:44:08.110 [uncertain.proc] [CONFIG] [action] PopulateOperationSql
2018-10-17 03:44:08.110 [uncertain.proc] [FINE] aurora.database.features.OrderByClauseCreator.onPopulateOperationSql
2018-10-17 03:44:08.110 [uncertain.proc] [FINE] aurora.database.features.WhereClauseCreator.onPopulateOperationSql
2018-10-17 03:44:08.110 [uncertain.proc] [CONFIG] [action] CreateSqlRunner
2018-10-17 03:44:08.110 [uncertain.proc] [FINE] aurora.database.service.BusinessModelService.onCreateSqlRunner
2018-10-17 03:44:08.110 [uncertain.proc] [CONFIG] [action] ExecuteDmlStatement
2018-10-17 03:44:08.110 [uncertain.proc] [FINE] aurora.database.service.BusinessModelService.onExecuteDmlStatement
2018-10-17 03:44:08.111 [aurora.database] [CONFIG] 
============= BEGIN [execute] SQL Statement execution dump ============

                begin							
				 wfl_sob_transaction_pkg.insert_company_wfl_trs_bat(?,
													?,
													?,
													?,
													'Y',
													?); 
                end;
                
             
---------------------Binding info---------------------
No.1	Access path:../../@transaction_category	Data type of passed value :java.lang.String	Value:EXP_REPORT	Output:false	Database Type:null	
No.2	Access path:../../@transaction_type_code	Data type of passed value :java.lang.String	Value:BX01	Output:false	Database Type:null	
No.3	Access path:../../@workflow_code	Data type of passed value :java.lang.String	Value:CQ_BX05	Output:false	Database Type:null	
No.4	Access path:@company_id	Data type of passed value :java.lang.Long	Value:2388	Output:false	Database Type:null	
No.5	Access path:../../@set_of_books_id	Data type of passed value :java.lang.Integer	Value:122	Output:false	Database Type:null	

=============== END [execute] SQL Statement execution dump ============

2018-10-17 03:44:08.111 [aurora.database] [CONFIG] Executing batch-apply on parameter No.1
2018-10-17 03:44:08.111 [aurora.database] [CONFIG] Running batch-apply with data from path @current_parameter/detail2, total 1 records
2018-10-17 03:44:08.112 [aurora.database] [CONFIG] Executing batch-apply on parameter No.0
2018-10-17 03:44:08.114 [uncertain.proc] [CONFIG] [action] DecideStatement
2018-10-17 03:44:08.115 [uncertain.proc] [CONFIG] [action] DecideSqlGenerationMode
2018-10-17 03:44:08.115 [uncertain.proc] [FINE] aurora.database.service.BusinessModelService.onDecideSqlGenerationMode
2018-10-17 03:44:08.116 [uncertain.proc] [CONFIG] [action] CreateOperationSql
2018-10-17 03:44:08.116 [uncertain.proc] [CONFIG] [action] PopulateOperationSql
2018-10-17 03:44:08.116 [uncertain.proc] [FINE] aurora.database.features.OrderByClauseCreator.onPopulateOperationSql
2018-10-17 03:44:08.116 [uncertain.proc] [FINE] aurora.database.features.WhereClauseCreator.onPopulateOperationSql
2018-10-17 03:44:08.116 [uncertain.proc] [CONFIG] [action] CreateSqlRunner
2018-10-17 03:44:08.116 [uncertain.proc] [FINE] aurora.database.service.BusinessModelService.onCreateSqlRunner
2018-10-17 03:44:08.116 [uncertain.proc] [CONFIG] [action] ExecuteDmlStatement
2018-10-17 03:44:08.116 [uncertain.proc] [FINE] aurora.database.service.BusinessModelService.onExecuteDmlStatement
2018-10-17 03:44:08.116 [aurora.database] [CONFIG] 
============= BEGIN [execute] SQL Statement execution dump ============

                begin							
				 wfl_sob_transaction_pkg.insert_company_wfl_trs_bat(?,
													?,
													?,
													?,
													'Y',
													?); 
                end;
                
             
---------------------Binding info---------------------
No.1	Access path:../../@transaction_category	Data type of passed value :java.lang.String	Value:EXP_REPORT	Output:false	Database Type:null	
No.2	Access path:../../@transaction_type_code	Data type of passed value :java.lang.String	Value:BX02	Output:false	Database Type:null	
No.3	Access path:../../@workflow_code	Data type of passed value :java.lang.String	Value:CQ_BX05	Output:false	Database Type:null	
No.4	Access path:@company_id	Data type of passed value :java.lang.Long	Value:2388	Output:false	Database Type:null	
No.5	Access path:../../@set_of_books_id	Data type of passed value :java.lang.Integer	Value:122	Output:false	Database Type:null	

=============== END [execute] SQL Statement execution dump ============

2018-10-17 03:44:08.117 [aurora.database] [CONFIG] Executing batch-apply on parameter No.2
2018-10-17 03:44:08.117 [aurora.database] [CONFIG] Running batch-apply with data from path @current_parameter/detail2, total 1 records
2018-10-17 03:44:08.117 [aurora.database] [CONFIG] Executing batch-apply on parameter No.0
2018-10-17 03:44:08.119 [uncertain.proc] [CONFIG] [action] DecideStatement
2018-10-17 03:44:08.120 [uncertain.proc] [CONFIG] [action] DecideSqlGenerationMode
2018-10-17 03:44:08.120 [uncertain.proc] [FINE] aurora.database.service.BusinessModelService.onDecideSqlGenerationMode
2018-10-17 03:44:08.120 [uncertain.proc] [CONFIG] [action] CreateOperationSql
2018-10-17 03:44:08.120 [uncertain.proc] [CONFIG] [action] PopulateOperationSql
2018-10-17 03:44:08.120 [uncertain.proc] [FINE] aurora.database.features.OrderByClauseCreator.onPopulateOperationSql
2018-10-17 03:44:08.120 [uncertain.proc] [FINE] aurora.database.features.WhereClauseCreator.onPopulateOperationSql
2018-10-17 03:44:08.120 [uncertain.proc] [CONFIG] [action] CreateSqlRunner
2018-10-17 03:44:08.120 [uncertain.proc] [FINE] aurora.database.service.BusinessModelService.onCreateSqlRunner
2018-10-17 03:44:08.120 [uncertain.proc] [CONFIG] [action] ExecuteDmlStatement
2018-10-17 03:44:08.120 [uncertain.proc] [FINE] aurora.database.service.BusinessModelService.onExecuteDmlStatement
2018-10-17 03:44:08.121 [aurora.database] [CONFIG] 
============= BEGIN [execute] SQL Statement execution dump ============

                begin							
				 wfl_sob_transaction_pkg.insert_company_wfl_trs_bat(?,
													?,
													?,
													?,
													'Y',
													?); 
                end;
                
             
---------------------Binding info---------------------
No.1	Access path:../../@transaction_category	Data type of passed value :java.lang.String	Value:EXP_REPORT	Output:false	Database Type:null	
No.2	Access path:../../@transaction_type_code	Data type of passed value :java.lang.String	Value:BX03	Output:false	Database Type:null	
No.3	Access path:../../@workflow_code	Data type of passed value :java.lang.String	Value:CQ_BX01	Output:false	Database Type:null	
No.4	Access path:@company_id	Data type of passed value :java.lang.Long	Value:2388	Output:false	Database Type:null	
No.5	Access path:../../@set_of_books_id	Data type of passed value :java.lang.Integer	Value:122	Output:false	Database Type:null	

=============== END [execute] SQL Statement execution dump ============

2018-10-17 03:44:08.121 [aurora.database] [CONFIG] Executing batch-apply on parameter No.3
2018-10-17 03:44:08.121 [aurora.database] [CONFIG] Running batch-apply with data from path @current_parameter/detail2, total 1 records
2018-10-17 03:44:08.121 [aurora.database] [CONFIG] Executing batch-apply on parameter No.0
2018-10-17 03:44:08.123 [uncertain.proc] [CONFIG] [action] DecideStatement
2018-10-17 03:44:08.124 [uncertain.proc] [CONFIG] [action] DecideSqlGenerationMode
2018-10-17 03:44:08.124 [uncertain.proc] [FINE] aurora.database.service.BusinessModelService.onDecideSqlGenerationMode
2018-10-17 03:44:08.124 [uncertain.proc] [CONFIG] [action] CreateOperationSql
2018-10-17 03:44:08.124 [uncertain.proc] [CONFIG] [action] PopulateOperationSql
2018-10-17 03:44:08.124 [uncertain.proc] [FINE] aurora.database.features.OrderByClauseCreator.onPopulateOperationSql
2018-10-17 03:44:08.124 [uncertain.proc] [FINE] aurora.database.features.WhereClauseCreator.onPopulateOperationSql
2018-10-17 03:44:08.124 [uncertain.proc] [CONFIG] [action] CreateSqlRunner
2018-10-17 03:44:08.124 [uncertain.proc] [FINE] aurora.database.service.BusinessModelService.onCreateSqlRunner
2018-10-17 03:44:08.125 [uncertain.proc] [CONFIG] [action] ExecuteDmlStatement
2018-10-17 03:44:08.125 [uncertain.proc] [FINE] aurora.database.service.BusinessModelService.onExecuteDmlStatement
2018-10-17 03:44:08.125 [aurora.database] [CONFIG] 
============= BEGIN [execute] SQL Statement execution dump ============

                begin							
				 wfl_sob_transaction_pkg.insert_company_wfl_trs_bat(?,
													?,
													?,
													?,
													'Y',
													?); 
                end;
                
             
---------------------Binding info---------------------
No.1	Access path:../../@transaction_category	Data type of passed value :java.lang.String	Value:EXP_REPORT	Output:false	Database Type:null	
No.2	Access path:../../@transaction_type_code	Data type of passed value :java.lang.String	Value:BX04	Output:false	Database Type:null	
No.3	Access path:../../@workflow_code	Data type of passed value :java.lang.String	Value:CQ_BX02	Output:false	Database Type:null	
No.4	Access path:@company_id	Data type of passed value :java.lang.Long	Value:2388	Output:false	Database Type:null	
No.5	Access path:../../@set_of_books_id	Data type of passed value :java.lang.Integer	Value:122	Output:false	Database Type:null	

=============== END [execute] SQL Statement execution dump ============

2018-10-17 03:44:08.125 [aurora.database] [CONFIG] Executing batch-apply on parameter No.4
2018-10-17 03:44:08.125 [aurora.database] [CONFIG] Running batch-apply with data from path @current_parameter/detail2, total 1 records
2018-10-17 03:44:08.125 [aurora.database] [CONFIG] Executing batch-apply on parameter No.0
2018-10-17 03:44:08.127 [uncertain.proc] [CONFIG] [action] DecideStatement
2018-10-17 03:44:08.129 [uncertain.proc] [CONFIG] [action] DecideSqlGenerationMode
2018-10-17 03:44:08.129 [uncertain.proc] [FINE] aurora.database.service.BusinessModelService.onDecideSqlGenerationMode
2018-10-17 03:44:08.129 [uncertain.proc] [CONFIG] [action] CreateOperationSql
2018-10-17 03:44:08.129 [uncertain.proc] [CONFIG] [action] PopulateOperationSql
2018-10-17 03:44:08.129 [uncertain.proc] [FINE] aurora.database.features.OrderByClauseCreator.onPopulateOperationSql
2018-10-17 03:44:08.129 [uncertain.proc] [FINE] aurora.database.features.WhereClauseCreator.onPopulateOperationSql
2018-10-17 03:44:08.129 [uncertain.proc] [CONFIG] [action] CreateSqlRunner
2018-10-17 03:44:08.129 [uncertain.proc] [FINE] aurora.database.service.BusinessModelService.onCreateSqlRunner
2018-10-17 03:44:08.129 [uncertain.proc] [CONFIG] [action] ExecuteDmlStatement
2018-10-17 03:44:08.129 [uncertain.proc] [FINE] aurora.database.service.BusinessModelService.onExecuteDmlStatement
2018-10-17 03:44:08.129 [aurora.database] [CONFIG] 
============= BEGIN [execute] SQL Statement execution dump ============

                begin							
				 wfl_sob_transaction_pkg.insert_company_wfl_trs_bat(?,
													?,
													?,
													?,
													'Y',
													?); 
                end;
                
             
---------------------Binding info---------------------
No.1	Access path:../../@transaction_category	Data type of passed value :java.lang.String	Value:EXP_REPORT	Output:false	Database Type:null	
No.2	Access path:../../@transaction_type_code	Data type of passed value :java.lang.String	Value:BX05	Output:false	Database Type:null	
No.3	Access path:../../@workflow_code	Data type of passed value :java.lang.String	Value:CQ_BX04	Output:false	Database Type:null	
No.4	Access path:@company_id	Data type of passed value :java.lang.Long	Value:2388	Output:false	Database Type:null	
No.5	Access path:../../@set_of_books_id	Data type of passed value :java.lang.Integer	Value:122	Output:false	Database Type:null	

=============== END [execute] SQL Statement execution dump ============

2018-10-17 03:44:08.130 [aurora.database] [CONFIG] Executing batch-apply on parameter No.5
2018-10-17 03:44:08.130 [aurora.database] [CONFIG] Running batch-apply with data from path @current_parameter/detail2, total 1 records
2018-10-17 03:44:08.130 [aurora.database] [CONFIG] Executing batch-apply on parameter No.0
2018-10-17 03:44:08.132 [uncertain.proc] [CONFIG] [action] DecideStatement
2018-10-17 03:44:08.133 [uncertain.proc] [CONFIG] [action] DecideSqlGenerationMode
2018-10-17 03:44:08.133 [uncertain.proc] [FINE] aurora.database.service.BusinessModelService.onDecideSqlGenerationMode
2018-10-17 03:44:08.133 [uncertain.proc] [CONFIG] [action] CreateOperationSql
2018-10-17 03:44:08.133 [uncertain.proc] [CONFIG] [action] PopulateOperationSql
2018-10-17 03:44:08.133 [uncertain.proc] [FINE] aurora.database.features.OrderByClauseCreator.onPopulateOperationSql
2018-10-17 03:44:08.133 [uncertain.proc] [FINE] aurora.database.features.WhereClauseCreator.onPopulateOperationSql
2018-10-17 03:44:08.133 [uncertain.proc] [CONFIG] [action] CreateSqlRunner
2018-10-17 03:44:08.133 [uncertain.proc] [FINE] aurora.database.service.BusinessModelService.onCreateSqlRunner
2018-10-17 03:44:08.133 [uncertain.proc] [CONFIG] [action] ExecuteDmlStatement
2018-10-17 03:44:08.133 [uncertain.proc] [FINE] aurora.database.service.BusinessModelService.onExecuteDmlStatement
2018-10-17 03:44:08.134 [aurora.database] [CONFIG] 
============= BEGIN [execute] SQL Statement execution dump ============

                begin							
				 wfl_sob_transaction_pkg.insert_company_wfl_trs_bat(?,
													?,
													?,
													?,
													'Y',
													?); 
                end;
                
             
---------------------Binding info---------------------
No.1	Access path:../../@transaction_category	Data type of passed value :java.lang.String	Value:EXP_REPORT	Output:false	Database Type:null	
No.2	Access path:../../@transaction_type_code	Data type of passed value :java.lang.String	Value:BX07	Output:false	Database Type:null	
No.3	Access path:../../@workflow_code	Data type of passed value :java.lang.String	Value:CQ_BX03	Output:false	Database Type:null	
No.4	Access path:@company_id	Data type of passed value :java.lang.Long	Value:2388	Output:false	Database Type:null	
No.5	Access path:../../@set_of_books_id	Data type of passed value :java.lang.Integer	Value:122	Output:false	Database Type:null	

=============== END [execute] SQL Statement execution dump ============

2018-10-17 03:44:08.134 [aurora.database] [CONFIG] Executing batch-apply on parameter No.6
2018-10-17 03:44:08.134 [aurora.database] [CONFIG] Running batch-apply with data from path @current_parameter/detail2, total 1 records
2018-10-17 03:44:08.134 [aurora.database] [CONFIG] Executing batch-apply on parameter No.0
2018-10-17 03:44:08.136 [uncertain.proc] [CONFIG] [action] DecideStatement
2018-10-17 03:44:08.137 [uncertain.proc] [CONFIG] [action] DecideSqlGenerationMode
2018-10-17 03:44:08.137 [uncertain.proc] [FINE] aurora.database.service.BusinessModelService.onDecideSqlGenerationMode
2018-10-17 03:44:08.137 [uncertain.proc] [CONFIG] [action] CreateOperationSql
2018-10-17 03:44:08.137 [uncertain.proc] [CONFIG] [action] PopulateOperationSql
2018-10-17 03:44:08.137 [uncertain.proc] [FINE] aurora.database.features.OrderByClauseCreator.onPopulateOperationSql
2018-10-17 03:44:08.137 [uncertain.proc] [FINE] aurora.database.features.WhereClauseCreator.onPopulateOperationSql
2018-10-17 03:44:08.137 [uncertain.proc] [CONFIG] [action] CreateSqlRunner
2018-10-17 03:44:08.137 [uncertain.proc] [FINE] aurora.database.service.BusinessModelService.onCreateSqlRunner
2018-10-17 03:44:08.137 [uncertain.proc] [CONFIG] [action] ExecuteDmlStatement
2018-10-17 03:44:08.137 [uncertain.proc] [FINE] aurora.database.service.BusinessModelService.onExecuteDmlStatement
2018-10-17 03:44:08.140 [aurora.database] [CONFIG] 
============= BEGIN [execute] SQL Statement execution dump ============

                begin							
				 wfl_sob_transaction_pkg.insert_company_wfl_trs_bat(?,
													?,
													?,
													?,
													'Y',
													?); 
                end;
                
             
---------------------Binding info---------------------
No.1	Access path:../../@transaction_category	Data type of passed value :java.lang.String	Value:EXP_REQUISITION	Output:false	Database Type:null	
No.2	Access path:../../@transaction_type_code	Data type of passed value :java.lang.String	Value:SQ01	Output:false	Database Type:null	
No.3	Access path:../../@workflow_code	Data type of passed value :java.lang.String	Value:CQ_SQ01	Output:false	Database Type:null	
No.4	Access path:@company_id	Data type of passed value :java.lang.Long	Value:2388	Output:false	Database Type:null	
No.5	Access path:../../@set_of_books_id	Data type of passed value :java.lang.Integer	Value:122	Output:false	Database Type:null	

=============== END [execute] SQL Statement execution dump ============

2018-10-17 03:44:08.140 [aurora.database] [CONFIG] Executing batch-apply on parameter No.7
2018-10-17 03:44:08.140 [aurora.database] [CONFIG] Running batch-apply with data from path @current_parameter/detail2, total 1 records
2018-10-17 03:44:08.140 [aurora.database] [CONFIG] Executing batch-apply on parameter No.0
2018-10-17 03:44:08.143 [uncertain.proc] [CONFIG] [action] DecideStatement
2018-10-17 03:44:08.145 [uncertain.proc] [CONFIG] [action] DecideSqlGenerationMode
2018-10-17 03:44:08.145 [uncertain.proc] [FINE] aurora.database.service.BusinessModelService.onDecideSqlGenerationMode
2018-10-17 03:44:08.145 [uncertain.proc] [CONFIG] [action] CreateOperationSql
2018-10-17 03:44:08.145 [uncertain.proc] [CONFIG] [action] PopulateOperationSql
2018-10-17 03:44:08.145 [uncertain.proc] [FINE] aurora.database.features.OrderByClauseCreator.onPopulateOperationSql
2018-10-17 03:44:08.145 [uncertain.proc] [FINE] aurora.database.features.WhereClauseCreator.onPopulateOperationSql
2018-10-17 03:44:08.145 [uncertain.proc] [CONFIG] [action] CreateSqlRunner
2018-10-17 03:44:08.145 [uncertain.proc] [FINE] aurora.database.service.BusinessModelService.onCreateSqlRunner
2018-10-17 03:44:08.145 [uncertain.proc] [CONFIG] [action] ExecuteDmlStatement
2018-10-17 03:44:08.145 [uncertain.proc] [FINE] aurora.database.service.BusinessModelService.onExecuteDmlStatement
2018-10-17 03:44:08.146 [aurora.database] [CONFIG] 
============= BEGIN [execute] SQL Statement execution dump ============

                begin							
				 wfl_sob_transaction_pkg.insert_company_wfl_trs_bat(?,
													?,
													?,
													?,
													'Y',
													?); 
                end;
                
             
---------------------Binding info---------------------
No.1	Access path:../../@transaction_category	Data type of passed value :java.lang.String	Value:EXP_REQUISITION	Output:false	Database Type:null	
No.2	Access path:../../@transaction_type_code	Data type of passed value :java.lang.String	Value:SQ02	Output:false	Database Type:null	
No.3	Access path:../../@workflow_code	Data type of passed value :java.lang.String	Value:CQ_SQ03	Output:false	Database Type:null	
No.4	Access path:@company_id	Data type of passed value :java.lang.Long	Value:2388	Output:false	Database Type:null	
No.5	Access path:../../@set_of_books_id	Data type of passed value :java.lang.Integer	Value:122	Output:false	Database Type:null	

=============== END [execute] SQL Statement execution dump ============

2018-10-17 03:44:08.146 [aurora.database] [CONFIG] Executing batch-apply on parameter No.8
2018-10-17 03:44:08.146 [aurora.database] [CONFIG] Running batch-apply with data from path @current_parameter/detail2, total 1 records
2018-10-17 03:44:08.146 [aurora.database] [CONFIG] Executing batch-apply on parameter No.0
2018-10-17 03:44:08.149 [uncertain.proc] [CONFIG] [action] DecideStatement
2018-10-17 03:44:08.150 [uncertain.proc] [CONFIG] [action] DecideSqlGenerationMode
2018-10-17 03:44:08.150 [uncertain.proc] [FINE] aurora.database.service.BusinessModelService.onDecideSqlGenerationMode
2018-10-17 03:44:08.150 [uncertain.proc] [CONFIG] [action] CreateOperationSql
2018-10-17 03:44:08.150 [uncertain.proc] [CONFIG] [action] PopulateOperationSql
2018-10-17 03:44:08.150 [uncertain.proc] [FINE] aurora.database.features.OrderByClauseCreator.onPopulateOperationSql
2018-10-17 03:44:08.150 [uncertain.proc] [FINE] aurora.database.features.WhereClauseCreator.onPopulateOperationSql
2018-10-17 03:44:08.150 [uncertain.proc] [CONFIG] [action] CreateSqlRunner
2018-10-17 03:44:08.150 [uncertain.proc] [FINE] aurora.database.service.BusinessModelService.onCreateSqlRunner
2018-10-17 03:44:08.150 [uncertain.proc] [CONFIG] [action] ExecuteDmlStatement
2018-10-17 03:44:08.150 [uncertain.proc] [FINE] aurora.database.service.BusinessModelService.onExecuteDmlStatement
2018-10-17 03:44:08.151 [aurora.database] [CONFIG] 
============= BEGIN [execute] SQL Statement execution dump ============

                begin							
				 wfl_sob_transaction_pkg.insert_company_wfl_trs_bat(?,
													?,
													?,
													?,
													'Y',
													?); 
                end;
                
             
---------------------Binding info---------------------
No.1	Access path:../../@transaction_category	Data type of passed value :java.lang.String	Value:EXP_REQUISITION	Output:false	Database Type:null	
No.2	Access path:../../@transaction_type_code	Data type of passed value :java.lang.String	Value:SQ03	Output:false	Database Type:null	
No.3	Access path:../../@workflow_code	Data type of passed value :java.lang.String	Value:CQ_SQ02	Output:false	Database Type:null	
No.4	Access path:@company_id	Data type of passed value :java.lang.Long	Value:2388	Output:false	Database Type:null	
No.5	Access path:../../@set_of_books_id	Data type of passed value :java.lang.Integer	Value:122	Output:false	Database Type:null	

=============== END [execute] SQL Statement execution dump ============

2018-10-17 03:44:08.151 [aurora.database] [CONFIG] Executing batch-apply on parameter No.9
2018-10-17 03:44:08.151 [aurora.database] [CONFIG] Running batch-apply with data from path @current_parameter/detail2, total 1 records
2018-10-17 03:44:08.151 [aurora.database] [CONFIG] Executing batch-apply on parameter No.0
2018-10-17 03:44:08.153 [uncertain.proc] [CONFIG] [action] DecideStatement
2018-10-17 03:44:08.154 [uncertain.proc] [CONFIG] [action] DecideSqlGenerationMode
2018-10-17 03:44:08.154 [uncertain.proc] [FINE] aurora.database.service.BusinessModelService.onDecideSqlGenerationMode
2018-10-17 03:44:08.154 [uncertain.proc] [CONFIG] [action] CreateOperationSql
2018-10-17 03:44:08.154 [uncertain.proc] [CONFIG] [action] PopulateOperationSql
2018-10-17 03:44:08.154 [uncertain.proc] [FINE] aurora.database.features.OrderByClauseCreator.onPopulateOperationSql
2018-10-17 03:44:08.154 [uncertain.proc] [FINE] aurora.database.features.WhereClauseCreator.onPopulateOperationSql
2018-10-17 03:44:08.154 [uncertain.proc] [CONFIG] [action] CreateSqlRunner
2018-10-17 03:44:08.154 [uncertain.proc] [FINE] aurora.database.service.BusinessModelService.onCreateSqlRunner
2018-10-17 03:44:08.154 [uncertain.proc] [CONFIG] [action] ExecuteDmlStatement
2018-10-17 03:44:08.154 [uncertain.proc] [FINE] aurora.database.service.BusinessModelService.onExecuteDmlStatement
2018-10-17 03:44:08.156 [aurora.database] [CONFIG] 
============= BEGIN [execute] SQL Statement execution dump ============

                begin							
				 wfl_sob_transaction_pkg.insert_company_wfl_trs_bat(?,
													?,
													?,
													?,
													'Y',
													?); 
                end;
                
             
---------------------Binding info---------------------
No.1	Access path:../../@transaction_category	Data type of passed value :java.lang.String	Value:EXP_REQUISITION	Output:false	Database Type:null	
No.2	Access path:../../@transaction_type_code	Data type of passed value :java.lang.String	Value:SQ04	Output:false	Database Type:null	
No.3	Access path:../../@workflow_code	Data type of passed value :java.lang.String	Value:CQ_SQ04	Output:false	Database Type:null	
No.4	Access path:@company_id	Data type of passed value :java.lang.Long	Value:2388	Output:false	Database Type:null	
No.5	Access path:../../@set_of_books_id	Data type of passed value :java.lang.Integer	Value:122	Output:false	Database Type:null	

=============== END [execute] SQL Statement execution dump ============

2018-10-17 03:44:08.156 [aurora.database] [CONFIG] Executing batch-apply on parameter No.10
2018-10-17 03:44:08.156 [aurora.database] [CONFIG] Running batch-apply with data from path @current_parameter/detail2, total 1 records
2018-10-17 03:44:08.156 [aurora.database] [CONFIG] Executing batch-apply on parameter No.0
2018-10-17 03:44:08.159 [uncertain.proc] [CONFIG] [action] DecideStatement
2018-10-17 03:44:08.161 [uncertain.proc] [CONFIG] [action] DecideSqlGenerationMode
2018-10-17 03:44:08.161 [uncertain.proc] [FINE] aurora.database.service.BusinessModelService.onDecideSqlGenerationMode
2018-10-17 03:44:08.161 [uncertain.proc] [CONFIG] [action] CreateOperationSql
2018-10-17 03:44:08.161 [uncertain.proc] [CONFIG] [action] PopulateOperationSql
2018-10-17 03:44:08.161 [uncertain.proc] [FINE] aurora.database.features.OrderByClauseCreator.onPopulateOperationSql
2018-10-17 03:44:08.161 [uncertain.proc] [FINE] aurora.database.features.WhereClauseCreator.onPopulateOperationSql
2018-10-17 03:44:08.161 [uncertain.proc] [CONFIG] [action] CreateSqlRunner
2018-10-17 03:44:08.161 [uncertain.proc] [FINE] aurora.database.service.BusinessModelService.onCreateSqlRunner
2018-10-17 03:44:08.161 [uncertain.proc] [CONFIG] [action] ExecuteDmlStatement
2018-10-17 03:44:08.161 [uncertain.proc] [FINE] aurora.database.service.BusinessModelService.onExecuteDmlStatement
2018-10-17 03:44:08.162 [aurora.database] [CONFIG] 
============= BEGIN [execute] SQL Statement execution dump ============

                begin							
				 wfl_sob_transaction_pkg.insert_company_wfl_trs_bat(?,
													?,
													?,
													?,
													'Y',
													?); 
                end;
                
             
---------------------Binding info---------------------
No.1	Access path:../../@transaction_category	Data type of passed value :java.lang.String	Value:EXP_REQUISITION	Output:false	Database Type:null	
No.2	Access path:../../@transaction_type_code	Data type of passed value :java.lang.String	Value:SQ05	Output:false	Database Type:null	
No.3	Access path:../../@workflow_code	Data type of passed value :java.lang.String	Value:CQ_SQ02	Output:false	Database Type:null	
No.4	Access path:@company_id	Data type of passed value :java.lang.Long	Value:2388	Output:false	Database Type:null	
No.5	Access path:../../@set_of_books_id	Data type of passed value :java.lang.Integer	Value:122	Output:false	Database Type:null	

=============== END [execute] SQL Statement execution dump ============

2018-10-17 03:44:08.162 [aurora.database] [CONFIG] Executing batch-apply on parameter No.11
2018-10-17 03:44:08.162 [aurora.database] [CONFIG] Running batch-apply with data from path @current_parameter/detail2, total 1 records
2018-10-17 03:44:08.162 [aurora.database] [CONFIG] Executing batch-apply on parameter No.0
2018-10-17 03:44:08.164 [uncertain.proc] [CONFIG] [action] DecideStatement
2018-10-17 03:44:08.165 [uncertain.proc] [CONFIG] [action] DecideSqlGenerationMode
2018-10-17 03:44:08.165 [uncertain.proc] [FINE] aurora.database.service.BusinessModelService.onDecideSqlGenerationMode
2018-10-17 03:44:08.165 [uncertain.proc] [CONFIG] [action] CreateOperationSql
2018-10-17 03:44:08.165 [uncertain.proc] [CONFIG] [action] PopulateOperationSql
2018-10-17 03:44:08.165 [uncertain.proc] [FINE] aurora.database.features.OrderByClauseCreator.onPopulateOperationSql
2018-10-17 03:44:08.165 [uncertain.proc] [FINE] aurora.database.features.WhereClauseCreator.onPopulateOperationSql
2018-10-17 03:44:08.165 [uncertain.proc] [CONFIG] [action] CreateSqlRunner
2018-10-17 03:44:08.165 [uncertain.proc] [FINE] aurora.database.service.BusinessModelService.onCreateSqlRunner
2018-10-17 03:44:08.166 [uncertain.proc] [CONFIG] [action] ExecuteDmlStatement
2018-10-17 03:44:08.166 [uncertain.proc] [FINE] aurora.database.service.BusinessModelService.onExecuteDmlStatement
2018-10-17 03:44:08.168 [aurora.database] [CONFIG] 
============= BEGIN [execute] SQL Statement execution dump ============

                begin							
				 wfl_sob_transaction_pkg.insert_company_wfl_trs_bat(?,
													?,
													?,
													?,
													'Y',
													?); 
                end;
                
             
---------------------Binding info---------------------
No.1	Access path:../../@transaction_category	Data type of passed value :java.lang.String	Value:PAYMENT_REQUISITION	Output:false	Database Type:null	
No.2	Access path:../../@transaction_type_code	Data type of passed value :java.lang.String	Value:JK001	Output:false	Database Type:null	
No.3	Access path:../../@workflow_code	Data type of passed value :java.lang.String	Value:CQ_JK01	Output:false	Database Type:null	
No.4	Access path:@company_id	Data type of passed value :java.lang.Long	Value:2388	Output:false	Database Type:null	
No.5	Access path:../../@set_of_books_id	Data type of passed value :java.lang.Integer	Value:122	Output:false	Database Type:null	

=============== END [execute] SQL Statement execution dump ============

2018-10-17 03:44:08.168 [uncertain.proc] [CONFIG] [action] CreateSuccessResponse
