2018-09-30 06:14:27.546 [aurora.application.session_check] [CONFIG] Session data copied to context
2018-09-30 06:14:27.592 [aurora.application.session_check] [CONFIG] Access check result for modules/wfl/WFL5060/wfl_sob_workflow_transaction.screen => success
2018-09-30 06:14:27.592 [uncertain.proc] [CONFIG] [action] AccessCheck
2018-09-30 06:14:27.667 [uncertain.proc] [CONFIG] [action] InitService
2018-09-30 06:14:27.667 [uncertain.proc] [CONFIG] [action] ParseParameter
2018-09-30 06:14:27.667 [uncertain.proc] [CONFIG] [action] CreateModel
2018-09-30 06:14:27.667 [aurora.database] [CONFIG] ===================================== prepare to run model-query expm.EXP2030.exp_req_items_books_path==============================
2018-09-30 06:14:27.697 [uncertain.proc] [CONFIG] [action] DecideSqlGenerationMode
2018-09-30 06:14:27.697 [uncertain.proc] [FINE] aurora.database.service.BusinessModelService.onDecideSqlGenerationMode
2018-09-30 06:14:27.697 [uncertain.proc] [CONFIG] [action] CreatequeryStatement
2018-09-30 06:14:27.697 [uncertain.proc] [FINE] aurora.bm.QuerySqlCreator.onCreateQueryStatement
2018-09-30 06:14:27.697 [uncertain.proc] [CONFIG] [action] PopulatequeryStatement
2018-09-30 06:14:27.697 [uncertain.proc] [FINE] aurora.database.features.OrderByClauseCreator.onPopulateQueryStatement
2018-09-30 06:14:27.697 [uncertain.proc] [FINE] aurora.database.features.WhereClauseCreator.onPopulateQueryStatement
2018-09-30 06:14:27.697 [uncertain.proc] [CONFIG] [action] CreatequerySql
2018-09-30 06:14:27.697 [uncertain.proc] [FINE] aurora.bm.QuerySqlCreator.onCreateQuerySql
2018-09-30 06:14:27.697 [uncertain.proc] [CONFIG] [action] ExecuteQuery
2018-09-30 06:14:27.697 [uncertain.proc] [FINE] aurora.bm.QuerySqlCreator.onExecuteQuery
2018-09-30 06:14:27.699 [uncertain.proc] [CONFIG] [action] QueryFinish
2018-09-30 06:14:27.699 [uncertain.proc] [FINE] aurora.database.features.AutoQueryCounter.onQueryFinish
2018-09-30 06:14:27.699 [uncertain.proc] [CONFIG] [action] FetchResultSet
2018-09-30 06:14:27.699 [uncertain.proc] [FINE] aurora.database.features.CacheBasedLookUpField.postFetchResultSet
2018-09-30 06:14:27.699 [aurora.database] [CONFIG] 
============= BEGIN [query] SQL Statement execution dump ============
SELECT fc.SET_OF_BOOKS_ID,fc.COMPANY_ID
FROM fnd_companies fc
WHERE company_id=?
---------------------Binding info---------------------
No.1	Access path:/session/@company_id	Data type of passed value :java.lang.String	Value:2295	Output:false	Database Type:null	

=============== END [query] SQL Statement execution dump ============

2018-09-30 06:14:27.699 [aurora.database] [CONFIG] ===================================== prepare to run model-query exp.WFL5060.exp_wfl_set_of_books_id==============================
2018-09-30 06:14:27.702 [uncertain.proc] [CONFIG] [action] DecideSqlGenerationMode
2018-09-30 06:14:27.703 [uncertain.proc] [FINE] aurora.database.service.BusinessModelService.onDecideSqlGenerationMode
2018-09-30 06:14:27.703 [uncertain.proc] [CONFIG] [action] CreateOperationSql
2018-09-30 06:14:27.703 [uncertain.proc] [CONFIG] [action] PopulateOperationSql
2018-09-30 06:14:27.703 [uncertain.proc] [FINE] aurora.database.features.OrderByClauseCreator.onPopulateOperationSql
2018-09-30 06:14:27.703 [uncertain.proc] [FINE] aurora.database.features.WhereClauseCreator.onPopulateOperationSql
2018-09-30 06:14:27.703 [uncertain.proc] [CONFIG] [action] ExecuteQuery
2018-09-30 06:14:27.703 [uncertain.proc] [FINE] aurora.bm.QuerySqlCreator.onExecuteQuery
2018-09-30 06:14:27.703 [uncertain.proc] [CONFIG] [action] QueryFinish
2018-09-30 06:14:27.703 [uncertain.proc] [FINE] aurora.database.features.AutoQueryCounter.onQueryFinish
2018-09-30 06:14:27.703 [uncertain.proc] [CONFIG] [action] FetchResultSet
2018-09-30 06:14:27.703 [uncertain.proc] [FINE] aurora.database.features.CacheBasedLookUpField.postFetchResultSet
2018-09-30 06:14:27.703 [aurora.database] [CONFIG] 
============= BEGIN [query] SQL Statement execution dump ============
select * from (select sob.SET_OF_BOOKS_ID,
				   sob.SET_OF_BOOKS_CODE || '-' || sob.SET_OF_BOOKS_NAME sob_name
			  from gld_set_of_books_vl sob
			 where sob.ENABLED_FLAG = 'Y'
			 order by sob.SET_OF_BOOKS_CODE ) WHERE set_of_books_id = ?
---------------------Binding info---------------------
No.1	Access path:@set_of_books_id	Data type of passed value :java.lang.String	Value:122	Output:false	Database Type:null	

=============== END [query] SQL Statement execution dump ============

2018-09-30 06:14:27.703 [aurora.database] [CONFIG] ===================================== prepare to run model-query exp.WFL5060.exp_wfl_workflow_category==============================
2018-09-30 06:14:27.706 [uncertain.proc] [CONFIG] [action] DecideSqlGenerationMode
2018-09-30 06:14:27.706 [uncertain.proc] [FINE] aurora.database.service.BusinessModelService.onDecideSqlGenerationMode
2018-09-30 06:14:27.706 [uncertain.proc] [CONFIG] [action] CreateOperationSql
2018-09-30 06:14:27.706 [uncertain.proc] [CONFIG] [action] PopulateOperationSql
2018-09-30 06:14:27.706 [uncertain.proc] [FINE] aurora.database.features.OrderByClauseCreator.onPopulateOperationSql
2018-09-30 06:14:27.706 [uncertain.proc] [FINE] aurora.database.features.WhereClauseCreator.onPopulateOperationSql
2018-09-30 06:14:27.706 [uncertain.proc] [CONFIG] [action] ExecuteQuery
2018-09-30 06:14:27.706 [uncertain.proc] [FINE] aurora.bm.QuerySqlCreator.onExecuteQuery
2018-09-30 06:14:27.740 [uncertain.proc] [CONFIG] [action] QueryFinish
2018-09-30 06:14:27.740 [uncertain.proc] [FINE] aurora.database.features.AutoQueryCounter.onQueryFinish
2018-09-30 06:14:27.740 [uncertain.proc] [CONFIG] [action] FetchResultSet
2018-09-30 06:14:27.740 [uncertain.proc] [FINE] aurora.database.features.CacheBasedLookUpField.postFetchResultSet
2018-09-30 06:14:27.740 [aurora.database] [CONFIG] 
============= BEGIN [query] SQL Statement execution dump ============
SELECT V.CODE_VALUE, V.CODE_VALUE_NAME
					  FROM SYS_CODE_VALUES_V V
					 WHERE V.CODE = 'WFL_WORKFLOW_CATEGORY'
					 ORDER BY V.CODE_VALUE, V.CODE_VALUE_NAME
					 
---------------------Binding info---------------------
null
=============== END [query] SQL Statement execution dump ============

2018-09-30 06:14:27.740 [aurora.database] [CONFIG] ===================================== prepare to run model-query exp.WFL5060.exp_wfl_set_of_books_id==============================
2018-09-30 06:14:27.743 [uncertain.proc] [CONFIG] [action] DecideSqlGenerationMode
2018-09-30 06:14:27.744 [uncertain.proc] [FINE] aurora.database.service.BusinessModelService.onDecideSqlGenerationMode
2018-09-30 06:14:27.744 [uncertain.proc] [CONFIG] [action] CreateOperationSql
2018-09-30 06:14:27.744 [uncertain.proc] [CONFIG] [action] PopulateOperationSql
2018-09-30 06:14:27.744 [uncertain.proc] [FINE] aurora.database.features.OrderByClauseCreator.onPopulateOperationSql
2018-09-30 06:14:27.744 [uncertain.proc] [FINE] aurora.database.features.WhereClauseCreator.onPopulateOperationSql
2018-09-30 06:14:27.744 [uncertain.proc] [CONFIG] [action] ExecuteQuery
2018-09-30 06:14:27.744 [uncertain.proc] [FINE] aurora.bm.QuerySqlCreator.onExecuteQuery
2018-09-30 06:14:27.744 [uncertain.proc] [CONFIG] [action] QueryFinish
2018-09-30 06:14:27.744 [uncertain.proc] [FINE] aurora.database.features.AutoQueryCounter.onQueryFinish
2018-09-30 06:14:27.744 [uncertain.proc] [CONFIG] [action] FetchResultSet
2018-09-30 06:14:27.744 [uncertain.proc] [FINE] aurora.database.features.CacheBasedLookUpField.postFetchResultSet
2018-09-30 06:14:27.744 [aurora.database] [CONFIG] 
============= BEGIN [query] SQL Statement execution dump ============
select * from (select sob.SET_OF_BOOKS_ID,
				   sob.SET_OF_BOOKS_CODE || '-' || sob.SET_OF_BOOKS_NAME sob_name
			  from gld_set_of_books_vl sob
			 where sob.ENABLED_FLAG = 'Y'
			 order by sob.SET_OF_BOOKS_CODE ) WHERE set_of_books_id = ?
---------------------Binding info---------------------
No.1	Access path:@set_of_books_id	Data type of passed value :java.lang.String	Value:122	Output:false	Database Type:null	

=============== END [query] SQL Statement execution dump ============

2018-09-30 06:14:27.744 [aurora.database] [CONFIG] ===================================== prepare to run model-query fnd.fnd_company_levels==============================
2018-09-30 06:14:27.749 [uncertain.proc] [CONFIG] [action] DecideSqlGenerationMode
2018-09-30 06:14:27.749 [uncertain.proc] [FINE] aurora.database.service.BusinessModelService.onDecideSqlGenerationMode
2018-09-30 06:14:27.749 [uncertain.proc] [CONFIG] [action] CreatequeryStatement
2018-09-30 06:14:27.749 [uncertain.proc] [FINE] aurora.bm.QuerySqlCreator.onCreateQueryStatement
2018-09-30 06:14:27.749 [uncertain.proc] [CONFIG] [action] PopulatequeryStatement
2018-09-30 06:14:27.749 [uncertain.proc] [FINE] aurora.database.features.OrderByClauseCreator.onPopulateQueryStatement
2018-09-30 06:14:27.749 [uncertain.proc] [FINE] aurora.database.features.WhereClauseCreator.onPopulateQueryStatement
2018-09-30 06:14:27.749 [uncertain.proc] [CONFIG] [action] CreatequerySql
2018-09-30 06:14:27.749 [uncertain.proc] [FINE] aurora.bm.QuerySqlCreator.onCreateQuerySql
2018-09-30 06:14:27.749 [uncertain.proc] [CONFIG] [action] ExecuteQuery
2018-09-30 06:14:27.749 [uncertain.proc] [FINE] aurora.bm.QuerySqlCreator.onExecuteQuery
2018-09-30 06:14:27.772 [uncertain.proc] [CONFIG] [action] QueryFinish
2018-09-30 06:14:27.772 [uncertain.proc] [FINE] aurora.database.features.AutoQueryCounter.onQueryFinish
2018-09-30 06:14:27.772 [uncertain.proc] [CONFIG] [action] FetchResultSet
2018-09-30 06:14:27.772 [uncertain.proc] [FINE] aurora.database.features.CacheBasedLookUpField.postFetchResultSet
2018-09-30 06:14:27.772 [aurora.database] [CONFIG] 
============= BEGIN [query] SQL Statement execution dump ============
SELECT fc.company_level_id,fc.company_level_code,fc.description_id,(select DESCRIPTION_TEXT from fnd_descriptions where DESCRIPTION_ID=fc.description_id and Language=?) AS description,fc.enabled_flag,(select fc.company_level_code || '-' || fd.description_text from fnd_descriptions fd where fd.description_id = fc.description_id and fd.language=?) AS description_display
FROM fnd_company_levels fc

ORDER BY company_level_code
---------------------Binding info---------------------
No.1	Access path:/session/@lang	Data type of passed value :java.lang.String	Value:ZHS	Output:false	Database Type:null	
No.2	Access path:/session/@lang	Data type of passed value :java.lang.String	Value:ZHS	Output:false	Database Type:null	

=============== END [query] SQL Statement execution dump ============

2018-09-30 06:14:27.772 [uncertain.proc] [CONFIG] [action] CreateView
2018-09-30 06:14:27.772 [uncertain.proc] [CONFIG] [action] BuildOutputContent
2018-09-30 06:14:27.772 [aurora.presentation.buildsession] [CONFIG] Start build session
2018-09-30 06:14:27.772 [aurora.presentation.buildsession] [CONFIG] building view: <html-page> -> aurora.presentation.component.HtmlPage@1d1cc607
2018-09-30 06:14:27.788 [aurora.presentation.buildsession] [CONFIG] building view: <link> -> aurora.presentation.TemplateBasedView@314dc5c8
2018-09-30 06:14:27.788 [aurora.presentation.buildsession] [CONFIG] building view: <link> -> aurora.presentation.TemplateBasedView@314dc5c8
2018-09-30 06:14:27.788 [aurora.presentation.buildsession] [CONFIG] building view: <script> -> aurora.presentation.DefaultViewBuilder@59d097e
2018-09-30 06:14:27.789 [aurora.presentation.buildsession] [CONFIG] building view: <dataSets> -> aurora.application.features.DataSetInit@51e7e17
2018-09-30 06:14:27.789 [aurora.presentation.buildsession] [CONFIG] building view: <dataSet> -> aurora.presentation.TemplateBasedView@314dc5c8
2018-09-30 06:14:27.789 [aurora.presentation.buildsession] [CONFIG] building view: <dataSet> -> aurora.presentation.TemplateBasedView@314dc5c8
2018-09-30 06:14:27.790 [aurora.presentation.buildsession] [CONFIG] building view: <dataSet> -> aurora.presentation.TemplateBasedView@314dc5c8
2018-09-30 06:14:27.791 [aurora.presentation.buildsession] [CONFIG] building view: <dataSet> -> aurora.presentation.TemplateBasedView@314dc5c8
2018-09-30 06:14:27.792 [aurora.presentation.buildsession] [CONFIG] building view: <dataSet> -> aurora.presentation.TemplateBasedView@314dc5c8
2018-09-30 06:14:27.793 [aurora.presentation.buildsession] [CONFIG] building view: <dataSet> -> aurora.presentation.TemplateBasedView@314dc5c8
2018-09-30 06:14:27.794 [aurora.presentation.buildsession] [CONFIG] building view: <screenBody> -> aurora.presentation.component.std.ScreenBody@2f029115
2018-09-30 06:14:27.794 [aurora.presentation.buildsession] [CONFIG] building view: <screenTopToolbar> -> aurora.presentation.component.std.ScreenTopToolbar@9f88d1
2018-09-30 06:14:27.794 [aurora.presentation.buildsession] [CONFIG] building view: <screenTitle> -> aurora.presentation.component.std.ScreenTitle@7b485a3b
2018-09-30 06:14:27.797 [uncertain.proc] [CONFIG] [action] DecideSqlGenerationMode
2018-09-30 06:14:27.797 [uncertain.proc] [FINE] aurora.database.service.BusinessModelService.onDecideSqlGenerationMode
2018-09-30 06:14:27.797 [uncertain.proc] [CONFIG] [action] CreatequeryStatement
2018-09-30 06:14:27.797 [uncertain.proc] [FINE] aurora.bm.QuerySqlCreator.onCreateQueryStatement
2018-09-30 06:14:27.797 [uncertain.proc] [CONFIG] [action] PopulatequeryStatement
2018-09-30 06:14:27.797 [uncertain.proc] [FINE] aurora.database.features.OrderByClauseCreator.onPopulateQueryStatement
2018-09-30 06:14:27.797 [uncertain.proc] [FINE] aurora.database.features.WhereClauseCreator.onPopulateQueryStatement
2018-09-30 06:14:27.797 [uncertain.proc] [CONFIG] [action] CreatequerySql
2018-09-30 06:14:27.797 [uncertain.proc] [FINE] aurora.bm.QuerySqlCreator.onCreateQuerySql
2018-09-30 06:14:27.797 [uncertain.proc] [CONFIG] [action] ExecuteQuery
2018-09-30 06:14:27.797 [uncertain.proc] [FINE] aurora.bm.QuerySqlCreator.onExecuteQuery
2018-09-30 06:14:27.799 [uncertain.proc] [CONFIG] [action] QueryFinish
2018-09-30 06:14:27.799 [uncertain.proc] [FINE] aurora.database.features.AutoQueryCounter.onQueryFinish
2018-09-30 06:14:27.799 [uncertain.proc] [CONFIG] [action] FetchResultSet
2018-09-30 06:14:27.799 [uncertain.proc] [FINE] aurora.database.features.CacheBasedLookUpField.postFetchResultSet
2018-09-30 06:14:27.799 [aurora.database] [CONFIG] 
============= BEGIN [query] SQL Statement execution dump ============
SELECT f.service_id,f.service_name,f.is_entry_page,f.is_access_checked,f.is_login_required,f.is_system_access,? AS language,(select d.description_text from fnd_descriptions d where d.description_id = f.title_id and d.language = ?) AS title,f.title_id,f.weixin_flag
FROM sys_service f
WHERE f.service_name = ?
ORDER BY service_name
---------------------Binding info---------------------
No.1	Access path:/session/@lang	Data type of passed value :java.lang.String	Value:ZHS	Output:false	Database Type:null	
No.2	Access path:/session/@lang	Data type of passed value :java.lang.String	Value:ZHS	Output:false	Database Type:null	
No.3	Access path:@service_name	Data type of passed value :java.lang.String	Value:modules/wfl/WFL5060/wfl_sob_workflow_transaction.screen	Output:false	Database Type:null	

=============== END [query] SQL Statement execution dump ============

2018-09-30 06:14:27.799 [aurora.presentation.buildsession] [CONFIG] building view: <toolbarButton> -> aurora.presentation.TemplateBasedView@314dc5c8
2018-09-30 06:14:27.799 [aurora.presentation.buildsession] [CONFIG] building view: <toolbarButton> -> aurora.presentation.TemplateBasedView@314dc5c8
2018-09-30 06:14:27.799 [aurora.presentation.buildsession] [CONFIG] building view: <toolbarButton> -> aurora.presentation.TemplateBasedView@314dc5c8
2018-09-30 06:14:27.799 [aurora.presentation.buildsession] [CONFIG] building view: <gridButton> -> aurora.presentation.TemplateBasedView@314dc5c8
2018-09-30 06:14:27.800 [aurora.presentation.buildsession] [CONFIG] building view: <gridButton> -> aurora.presentation.TemplateBasedView@314dc5c8
2018-09-30 06:14:27.800 [aurora.presentation.buildsession] [CONFIG] building view: <gridButton> -> aurora.presentation.TemplateBasedView@314dc5c8
2018-09-30 06:14:27.800 [aurora.presentation.buildsession] [CONFIG] building view: <queryForm> -> aurora.presentation.component.std.QueryForm@6e319753
2018-09-30 06:14:27.800 [aurora.presentation.buildsession] [CONFIG] building view: <hBox> -> aurora.presentation.component.std.HBox@2cd5f0dc
2018-09-30 06:14:27.800 [aurora.presentation.buildsession] [CONFIG] building view: <comboBox> -> aurora.presentation.TemplateBasedView@314dc5c8
2018-09-30 06:14:27.801 [aurora.presentation.buildsession] [CONFIG] building view: <textField> -> aurora.presentation.TemplateBasedView@314dc5c8
2018-09-30 06:14:27.801 [aurora.presentation.buildsession] [CONFIG] building view: <textField> -> aurora.presentation.TemplateBasedView@314dc5c8
2018-09-30 06:14:27.802 [aurora.presentation.buildsession] [CONFIG] building view: <toolbarButton> -> aurora.presentation.TemplateBasedView@314dc5c8
2018-09-30 06:14:27.802 [aurora.presentation.buildsession] [CONFIG] building view: <grid> -> aurora.presentation.TemplateBasedView@314dc5c8
2018-09-30 06:14:27.802 [aurora.presentation.buildsession] [CONFIG] building view: <navBar> -> aurora.presentation.TemplateBasedView@314dc5c8
2018-09-30 06:14:27.805 [aurora.presentation.buildsession] [CONFIG] building view: <button> -> aurora.presentation.TemplateBasedView@314dc5c8
2018-09-30 06:14:27.805 [aurora.presentation.buildsession] [CONFIG] building view: <button> -> aurora.presentation.TemplateBasedView@314dc5c8
2018-09-30 06:14:27.806 [aurora.presentation.buildsession] [CONFIG] building view: <separator> -> aurora.presentation.TemplateBasedView@314dc5c8
2018-09-30 06:14:27.815 [aurora.presentation.buildsession] [CONFIG] building view: <div> -> aurora.presentation.DefaultViewBuilder@59d097e
2018-09-30 06:14:27.815 [aurora.presentation.buildsession] [CONFIG] building view: <numberField> -> aurora.presentation.TemplateBasedView@314dc5c8
2018-09-30 06:14:27.816 [aurora.presentation.buildsession] [CONFIG] building view: <div> -> aurora.presentation.DefaultViewBuilder@59d097e
2018-09-30 06:14:27.816 [aurora.presentation.buildsession] [CONFIG] building view: <separator> -> aurora.presentation.TemplateBasedView@314dc5c8
2018-09-30 06:14:27.817 [aurora.presentation.buildsession] [CONFIG] building view: <button> -> aurora.presentation.TemplateBasedView@314dc5c8
2018-09-30 06:14:27.817 [aurora.presentation.buildsession] [CONFIG] building view: <button> -> aurora.presentation.TemplateBasedView@314dc5c8
2018-09-30 06:14:27.817 [aurora.presentation.buildsession] [CONFIG] building view: <button> -> aurora.presentation.TemplateBasedView@314dc5c8
2018-09-30 06:14:27.817 [aurora.presentation.buildsession] [CONFIG] building view: <separator> -> aurora.presentation.TemplateBasedView@314dc5c8
2018-09-30 06:14:27.817 [aurora.presentation.buildsession] [CONFIG] building view: <div> -> aurora.presentation.DefaultViewBuilder@59d097e
2018-09-30 06:14:27.817 [aurora.presentation.buildsession] [CONFIG] building view: <comboBox> -> aurora.presentation.TemplateBasedView@314dc5c8
2018-09-30 06:14:27.817 [aurora.presentation.buildsession] [CONFIG] building view: <div> -> aurora.presentation.DefaultViewBuilder@59d097e
2018-09-30 06:14:27.817 [aurora.presentation.buildsession] [CONFIG] building view: <separator> -> aurora.presentation.TemplateBasedView@314dc5c8
2018-09-30 06:14:27.818 [aurora.presentation.buildsession] [CONFIG] building view: <div> -> aurora.presentation.DefaultViewBuilder@59d097e
2018-09-30 06:14:27.818 [aurora.presentation.buildsession] [CONFIG] building view: <checkBox> -> aurora.presentation.TemplateBasedView@314dc5c8
2018-09-30 06:14:27.819 [aurora.presentation.buildsession] [CONFIG] building view: <lov> -> aurora.presentation.TemplateBasedView@314dc5c8
2018-09-30 06:14:27.819 [aurora.presentation.buildsession] [CONFIG] building view: <comboBox> -> aurora.presentation.TemplateBasedView@314dc5c8
2018-09-30 06:14:27.820 [aurora.presentation.buildsession] [CONFIG] building view: <script> -> aurora.presentation.DefaultViewBuilder@59d097e
2018-09-30 06:14:27.820 [aurora.presentation.buildsession] [CONFIG] End build session
