2018-10-19 10:34:26.353 [aurora.application.session_check] [CONFIG] Session data copied to context
2018-10-19 10:34:26.353 [aurora.application.session_check] [CONFIG] Access check result for modules/wfl/WFL5060/wfl_sob_batch_companiex.svc => success
2018-10-19 10:34:26.353 [uncertain.proc] [CONFIG] [action] AccessCheck
2018-10-19 10:34:26.357 [uncertain.proc] [CONFIG] [action] CheckServiceLock
2018-10-19 10:34:26.357 [uncertain.proc] [CONFIG] [action] ParseParameter
2018-10-19 10:34:26.357 [uncertain.proc] [CONFIG] [action] ValidateInput
2018-10-19 10:34:26.357 [uncertain.proc] [CONFIG] [action] InvokeService
2018-10-19 10:34:26.357 [aurora.database] [CONFIG] Running batch-apply with data from path /parameter/detail1, total 12 records
2018-10-19 10:34:26.357 [aurora.database] [CONFIG] Executing batch-apply on parameter No.0
2018-10-19 10:34:26.357 [aurora.database] [CONFIG] Running batch-apply with data from path @current_parameter/detail2, total 1 records
2018-10-19 10:34:26.357 [aurora.database] [CONFIG] Executing batch-apply on parameter No.0
2018-10-19 10:34:26.374 [uncertain.proc] [CONFIG] [action] DecideStatement
2018-10-19 10:34:26.375 [uncertain.proc] [CONFIG] [action] DecideSqlGenerationMode
2018-10-19 10:34:26.375 [uncertain.proc] [FINE] aurora.database.service.BusinessModelService.onDecideSqlGenerationMode
2018-10-19 10:34:26.375 [uncertain.proc] [CONFIG] [action] CreateOperationSql
2018-10-19 10:34:26.375 [uncertain.proc] [CONFIG] [action] PopulateOperationSql
2018-10-19 10:34:26.375 [uncertain.proc] [FINE] aurora.database.features.OrderByClauseCreator.onPopulateOperationSql
2018-10-19 10:34:26.375 [uncertain.proc] [FINE] aurora.database.features.WhereClauseCreator.onPopulateOperationSql
2018-10-19 10:34:26.375 [uncertain.proc] [CONFIG] [action] CreateSqlRunner
2018-10-19 10:34:26.375 [uncertain.proc] [FINE] aurora.database.service.BusinessModelService.onCreateSqlRunner
2018-10-19 10:34:26.375 [uncertain.proc] [CONFIG] [action] ExecuteDmlStatement
2018-10-19 10:34:26.375 [uncertain.proc] [FINE] aurora.database.service.BusinessModelService.onExecuteDmlStatement
2018-10-19 10:34:26.437 [aurora.database] [CONFIG] 
============= BEGIN [execute] SQL Statement execution dump ============

                begin							
				 wfl_sob_transaction_pkg.insert_company_wfl_trs_bat(?,
													?,
													?,
													?,
													'Y',
													?); 
                end;
                
             
---------------------Binding info---------------------
No.1	Access path:../../@transaction_category	Data type of passed value :java.lang.String	Value:EXP_REPORT	Output:false	Database Type:null	
No.2	Access path:../../@transaction_type_code	Data type of passed value :java.lang.String	Value:BX01	Output:false	Database Type:null	
No.3	Access path:../../@workflow_code	Data type of passed value :java.lang.String	Value:SZ_BX05	Output:false	Database Type:null	
No.4	Access path:@company_id	Data type of passed value :java.lang.Long	Value:2461	Output:false	Database Type:null	
No.5	Access path:../../@set_of_books_id	Data type of passed value :java.lang.Integer	Value:122	Output:false	Database Type:null	

=============== END [execute] SQL Statement execution dump ============

2018-10-19 10:34:26.437 [aurora.database] [CONFIG] Executing batch-apply on parameter No.1
2018-10-19 10:34:26.437 [aurora.database] [CONFIG] Running batch-apply with data from path @current_parameter/detail2, total 1 records
2018-10-19 10:34:26.437 [aurora.database] [CONFIG] Executing batch-apply on parameter No.0
2018-10-19 10:34:26.440 [uncertain.proc] [CONFIG] [action] DecideStatement
2018-10-19 10:34:26.441 [uncertain.proc] [CONFIG] [action] DecideSqlGenerationMode
2018-10-19 10:34:26.441 [uncertain.proc] [FINE] aurora.database.service.BusinessModelService.onDecideSqlGenerationMode
2018-10-19 10:34:26.441 [uncertain.proc] [CONFIG] [action] CreateOperationSql
2018-10-19 10:34:26.441 [uncertain.proc] [CONFIG] [action] PopulateOperationSql
2018-10-19 10:34:26.441 [uncertain.proc] [FINE] aurora.database.features.OrderByClauseCreator.onPopulateOperationSql
2018-10-19 10:34:26.441 [uncertain.proc] [FINE] aurora.database.features.WhereClauseCreator.onPopulateOperationSql
2018-10-19 10:34:26.441 [uncertain.proc] [CONFIG] [action] CreateSqlRunner
2018-10-19 10:34:26.441 [uncertain.proc] [FINE] aurora.database.service.BusinessModelService.onCreateSqlRunner
2018-10-19 10:34:26.441 [uncertain.proc] [CONFIG] [action] ExecuteDmlStatement
2018-10-19 10:34:26.441 [uncertain.proc] [FINE] aurora.database.service.BusinessModelService.onExecuteDmlStatement
2018-10-19 10:34:26.443 [aurora.database] [CONFIG] 
============= BEGIN [execute] SQL Statement execution dump ============

                begin							
				 wfl_sob_transaction_pkg.insert_company_wfl_trs_bat(?,
													?,
													?,
													?,
													'Y',
													?); 
                end;
                
             
---------------------Binding info---------------------
No.1	Access path:../../@transaction_category	Data type of passed value :java.lang.String	Value:EXP_REPORT	Output:false	Database Type:null	
No.2	Access path:../../@transaction_type_code	Data type of passed value :java.lang.String	Value:BX02	Output:false	Database Type:null	
No.3	Access path:../../@workflow_code	Data type of passed value :java.lang.String	Value:SZ_BX05	Output:false	Database Type:null	
No.4	Access path:@company_id	Data type of passed value :java.lang.Long	Value:2461	Output:false	Database Type:null	
No.5	Access path:../../@set_of_books_id	Data type of passed value :java.lang.Integer	Value:122	Output:false	Database Type:null	

=============== END [execute] SQL Statement execution dump ============

2018-10-19 10:34:26.443 [aurora.database] [CONFIG] Executing batch-apply on parameter No.2
2018-10-19 10:34:26.443 [aurora.database] [CONFIG] Running batch-apply with data from path @current_parameter/detail2, total 1 records
2018-10-19 10:34:26.443 [aurora.database] [CONFIG] Executing batch-apply on parameter No.0
2018-10-19 10:34:26.445 [uncertain.proc] [CONFIG] [action] DecideStatement
2018-10-19 10:34:26.446 [uncertain.proc] [CONFIG] [action] DecideSqlGenerationMode
2018-10-19 10:34:26.446 [uncertain.proc] [FINE] aurora.database.service.BusinessModelService.onDecideSqlGenerationMode
2018-10-19 10:34:26.446 [uncertain.proc] [CONFIG] [action] CreateOperationSql
2018-10-19 10:34:26.446 [uncertain.proc] [CONFIG] [action] PopulateOperationSql
2018-10-19 10:34:26.446 [uncertain.proc] [FINE] aurora.database.features.OrderByClauseCreator.onPopulateOperationSql
2018-10-19 10:34:26.446 [uncertain.proc] [FINE] aurora.database.features.WhereClauseCreator.onPopulateOperationSql
2018-10-19 10:34:26.446 [uncertain.proc] [CONFIG] [action] CreateSqlRunner
2018-10-19 10:34:26.446 [uncertain.proc] [FINE] aurora.database.service.BusinessModelService.onCreateSqlRunner
2018-10-19 10:34:26.446 [uncertain.proc] [CONFIG] [action] ExecuteDmlStatement
2018-10-19 10:34:26.446 [uncertain.proc] [FINE] aurora.database.service.BusinessModelService.onExecuteDmlStatement
2018-10-19 10:34:26.447 [aurora.database] [CONFIG] 
============= BEGIN [execute] SQL Statement execution dump ============

                begin							
				 wfl_sob_transaction_pkg.insert_company_wfl_trs_bat(?,
													?,
													?,
													?,
													'Y',
													?); 
                end;
                
             
---------------------Binding info---------------------
No.1	Access path:../../@transaction_category	Data type of passed value :java.lang.String	Value:EXP_REPORT	Output:false	Database Type:null	
No.2	Access path:../../@transaction_type_code	Data type of passed value :java.lang.String	Value:BX03	Output:false	Database Type:null	
No.3	Access path:../../@workflow_code	Data type of passed value :java.lang.String	Value:SZ_BX01	Output:false	Database Type:null	
No.4	Access path:@company_id	Data type of passed value :java.lang.Long	Value:2461	Output:false	Database Type:null	
No.5	Access path:../../@set_of_books_id	Data type of passed value :java.lang.Integer	Value:122	Output:false	Database Type:null	

=============== END [execute] SQL Statement execution dump ============

2018-10-19 10:34:26.447 [aurora.database] [CONFIG] Executing batch-apply on parameter No.3
2018-10-19 10:34:26.447 [aurora.database] [CONFIG] Running batch-apply with data from path @current_parameter/detail2, total 1 records
2018-10-19 10:34:26.447 [aurora.database] [CONFIG] Executing batch-apply on parameter No.0
2018-10-19 10:34:26.449 [uncertain.proc] [CONFIG] [action] DecideStatement
2018-10-19 10:34:26.450 [uncertain.proc] [CONFIG] [action] DecideSqlGenerationMode
2018-10-19 10:34:26.450 [uncertain.proc] [FINE] aurora.database.service.BusinessModelService.onDecideSqlGenerationMode
2018-10-19 10:34:26.450 [uncertain.proc] [CONFIG] [action] CreateOperationSql
2018-10-19 10:34:26.450 [uncertain.proc] [CONFIG] [action] PopulateOperationSql
2018-10-19 10:34:26.450 [uncertain.proc] [FINE] aurora.database.features.OrderByClauseCreator.onPopulateOperationSql
2018-10-19 10:34:26.450 [uncertain.proc] [FINE] aurora.database.features.WhereClauseCreator.onPopulateOperationSql
2018-10-19 10:34:26.450 [uncertain.proc] [CONFIG] [action] CreateSqlRunner
2018-10-19 10:34:26.450 [uncertain.proc] [FINE] aurora.database.service.BusinessModelService.onCreateSqlRunner
2018-10-19 10:34:26.450 [uncertain.proc] [CONFIG] [action] ExecuteDmlStatement
2018-10-19 10:34:26.450 [uncertain.proc] [FINE] aurora.database.service.BusinessModelService.onExecuteDmlStatement
2018-10-19 10:34:26.450 [aurora.database] [CONFIG] 
============= BEGIN [execute] SQL Statement execution dump ============

                begin							
				 wfl_sob_transaction_pkg.insert_company_wfl_trs_bat(?,
													?,
													?,
													?,
													'Y',
													?); 
                end;
                
             
---------------------Binding info---------------------
No.1	Access path:../../@transaction_category	Data type of passed value :java.lang.String	Value:EXP_REPORT	Output:false	Database Type:null	
No.2	Access path:../../@transaction_type_code	Data type of passed value :java.lang.String	Value:BX04	Output:false	Database Type:null	
No.3	Access path:../../@workflow_code	Data type of passed value :java.lang.String	Value:SZ_BX02	Output:false	Database Type:null	
No.4	Access path:@company_id	Data type of passed value :java.lang.Long	Value:2461	Output:false	Database Type:null	
No.5	Access path:../../@set_of_books_id	Data type of passed value :java.lang.Integer	Value:122	Output:false	Database Type:null	

=============== END [execute] SQL Statement execution dump ============

2018-10-19 10:34:26.450 [aurora.database] [CONFIG] Executing batch-apply on parameter No.4
2018-10-19 10:34:26.450 [aurora.database] [CONFIG] Running batch-apply with data from path @current_parameter/detail2, total 1 records
2018-10-19 10:34:26.450 [aurora.database] [CONFIG] Executing batch-apply on parameter No.0
2018-10-19 10:34:26.453 [uncertain.proc] [CONFIG] [action] DecideStatement
2018-10-19 10:34:26.454 [uncertain.proc] [CONFIG] [action] DecideSqlGenerationMode
2018-10-19 10:34:26.454 [uncertain.proc] [FINE] aurora.database.service.BusinessModelService.onDecideSqlGenerationMode
2018-10-19 10:34:26.454 [uncertain.proc] [CONFIG] [action] CreateOperationSql
2018-10-19 10:34:26.454 [uncertain.proc] [CONFIG] [action] PopulateOperationSql
2018-10-19 10:34:26.454 [uncertain.proc] [FINE] aurora.database.features.OrderByClauseCreator.onPopulateOperationSql
2018-10-19 10:34:26.454 [uncertain.proc] [FINE] aurora.database.features.WhereClauseCreator.onPopulateOperationSql
2018-10-19 10:34:26.454 [uncertain.proc] [CONFIG] [action] CreateSqlRunner
2018-10-19 10:34:26.454 [uncertain.proc] [FINE] aurora.database.service.BusinessModelService.onCreateSqlRunner
2018-10-19 10:34:26.454 [uncertain.proc] [CONFIG] [action] ExecuteDmlStatement
2018-10-19 10:34:26.454 [uncertain.proc] [FINE] aurora.database.service.BusinessModelService.onExecuteDmlStatement
2018-10-19 10:34:26.455 [aurora.database] [CONFIG] 
============= BEGIN [execute] SQL Statement execution dump ============

                begin							
				 wfl_sob_transaction_pkg.insert_company_wfl_trs_bat(?,
													?,
													?,
													?,
													'Y',
													?); 
                end;
                
             
---------------------Binding info---------------------
No.1	Access path:../../@transaction_category	Data type of passed value :java.lang.String	Value:EXP_REPORT	Output:false	Database Type:null	
No.2	Access path:../../@transaction_type_code	Data type of passed value :java.lang.String	Value:BX05	Output:false	Database Type:null	
No.3	Access path:../../@workflow_code	Data type of passed value :java.lang.String	Value:SZ_BX04	Output:false	Database Type:null	
No.4	Access path:@company_id	Data type of passed value :java.lang.Long	Value:2461	Output:false	Database Type:null	
No.5	Access path:../../@set_of_books_id	Data type of passed value :java.lang.Integer	Value:122	Output:false	Database Type:null	

=============== END [execute] SQL Statement execution dump ============

2018-10-19 10:34:26.455 [aurora.database] [CONFIG] Executing batch-apply on parameter No.5
2018-10-19 10:34:26.455 [aurora.database] [CONFIG] Running batch-apply with data from path @current_parameter/detail2, total 1 records
2018-10-19 10:34:26.455 [aurora.database] [CONFIG] Executing batch-apply on parameter No.0
2018-10-19 10:34:26.457 [uncertain.proc] [CONFIG] [action] DecideStatement
2018-10-19 10:34:26.458 [uncertain.proc] [CONFIG] [action] DecideSqlGenerationMode
2018-10-19 10:34:26.458 [uncertain.proc] [FINE] aurora.database.service.BusinessModelService.onDecideSqlGenerationMode
2018-10-19 10:34:26.458 [uncertain.proc] [CONFIG] [action] CreateOperationSql
2018-10-19 10:34:26.458 [uncertain.proc] [CONFIG] [action] PopulateOperationSql
2018-10-19 10:34:26.458 [uncertain.proc] [FINE] aurora.database.features.OrderByClauseCreator.onPopulateOperationSql
2018-10-19 10:34:26.458 [uncertain.proc] [FINE] aurora.database.features.WhereClauseCreator.onPopulateOperationSql
2018-10-19 10:34:26.458 [uncertain.proc] [CONFIG] [action] CreateSqlRunner
2018-10-19 10:34:26.458 [uncertain.proc] [FINE] aurora.database.service.BusinessModelService.onCreateSqlRunner
2018-10-19 10:34:26.458 [uncertain.proc] [CONFIG] [action] ExecuteDmlStatement
2018-10-19 10:34:26.458 [uncertain.proc] [FINE] aurora.database.service.BusinessModelService.onExecuteDmlStatement
2018-10-19 10:34:26.458 [aurora.database] [CONFIG] 
============= BEGIN [execute] SQL Statement execution dump ============

                begin							
				 wfl_sob_transaction_pkg.insert_company_wfl_trs_bat(?,
													?,
													?,
													?,
													'Y',
													?); 
                end;
                
             
---------------------Binding info---------------------
No.1	Access path:../../@transaction_category	Data type of passed value :java.lang.String	Value:EXP_REPORT	Output:false	Database Type:null	
No.2	Access path:../../@transaction_type_code	Data type of passed value :java.lang.String	Value:BX07	Output:false	Database Type:null	
No.3	Access path:../../@workflow_code	Data type of passed value :java.lang.String	Value:SZ_BX03	Output:false	Database Type:null	
No.4	Access path:@company_id	Data type of passed value :java.lang.Long	Value:2461	Output:false	Database Type:null	
No.5	Access path:../../@set_of_books_id	Data type of passed value :java.lang.Integer	Value:122	Output:false	Database Type:null	

=============== END [execute] SQL Statement execution dump ============

2018-10-19 10:34:26.458 [aurora.database] [CONFIG] Executing batch-apply on parameter No.6
2018-10-19 10:34:26.458 [aurora.database] [CONFIG] Running batch-apply with data from path @current_parameter/detail2, total 1 records
2018-10-19 10:34:26.458 [aurora.database] [CONFIG] Executing batch-apply on parameter No.0
2018-10-19 10:34:26.460 [uncertain.proc] [CONFIG] [action] DecideStatement
2018-10-19 10:34:26.461 [uncertain.proc] [CONFIG] [action] DecideSqlGenerationMode
2018-10-19 10:34:26.461 [uncertain.proc] [FINE] aurora.database.service.BusinessModelService.onDecideSqlGenerationMode
2018-10-19 10:34:26.461 [uncertain.proc] [CONFIG] [action] CreateOperationSql
2018-10-19 10:34:26.461 [uncertain.proc] [CONFIG] [action] PopulateOperationSql
2018-10-19 10:34:26.461 [uncertain.proc] [FINE] aurora.database.features.OrderByClauseCreator.onPopulateOperationSql
2018-10-19 10:34:26.461 [uncertain.proc] [FINE] aurora.database.features.WhereClauseCreator.onPopulateOperationSql
2018-10-19 10:34:26.461 [uncertain.proc] [CONFIG] [action] CreateSqlRunner
2018-10-19 10:34:26.461 [uncertain.proc] [FINE] aurora.database.service.BusinessModelService.onCreateSqlRunner
2018-10-19 10:34:26.461 [uncertain.proc] [CONFIG] [action] ExecuteDmlStatement
2018-10-19 10:34:26.461 [uncertain.proc] [FINE] aurora.database.service.BusinessModelService.onExecuteDmlStatement
2018-10-19 10:34:26.463 [aurora.database] [CONFIG] 
============= BEGIN [execute] SQL Statement execution dump ============

                begin							
				 wfl_sob_transaction_pkg.insert_company_wfl_trs_bat(?,
													?,
													?,
													?,
													'Y',
													?); 
                end;
                
             
---------------------Binding info---------------------
No.1	Access path:../../@transaction_category	Data type of passed value :java.lang.String	Value:EXP_REQUISITION	Output:false	Database Type:null	
No.2	Access path:../../@transaction_type_code	Data type of passed value :java.lang.String	Value:SQ01	Output:false	Database Type:null	
No.3	Access path:../../@workflow_code	Data type of passed value :java.lang.String	Value:SZ_SQ01	Output:false	Database Type:null	
No.4	Access path:@company_id	Data type of passed value :java.lang.Long	Value:2461	Output:false	Database Type:null	
No.5	Access path:../../@set_of_books_id	Data type of passed value :java.lang.Integer	Value:122	Output:false	Database Type:null	

=============== END [execute] SQL Statement execution dump ============

2018-10-19 10:34:26.463 [aurora.database] [CONFIG] Executing batch-apply on parameter No.7
2018-10-19 10:34:26.463 [aurora.database] [CONFIG] Running batch-apply with data from path @current_parameter/detail2, total 1 records
2018-10-19 10:34:26.463 [aurora.database] [CONFIG] Executing batch-apply on parameter No.0
2018-10-19 10:34:26.465 [uncertain.proc] [CONFIG] [action] DecideStatement
2018-10-19 10:34:26.465 [uncertain.proc] [CONFIG] [action] DecideSqlGenerationMode
2018-10-19 10:34:26.465 [uncertain.proc] [FINE] aurora.database.service.BusinessModelService.onDecideSqlGenerationMode
2018-10-19 10:34:26.465 [uncertain.proc] [CONFIG] [action] CreateOperationSql
2018-10-19 10:34:26.465 [uncertain.proc] [CONFIG] [action] PopulateOperationSql
2018-10-19 10:34:26.465 [uncertain.proc] [FINE] aurora.database.features.OrderByClauseCreator.onPopulateOperationSql
2018-10-19 10:34:26.465 [uncertain.proc] [FINE] aurora.database.features.WhereClauseCreator.onPopulateOperationSql
2018-10-19 10:34:26.465 [uncertain.proc] [CONFIG] [action] CreateSqlRunner
2018-10-19 10:34:26.465 [uncertain.proc] [FINE] aurora.database.service.BusinessModelService.onCreateSqlRunner
2018-10-19 10:34:26.466 [uncertain.proc] [CONFIG] [action] ExecuteDmlStatement
2018-10-19 10:34:26.466 [uncertain.proc] [FINE] aurora.database.service.BusinessModelService.onExecuteDmlStatement
2018-10-19 10:34:26.466 [aurora.database] [CONFIG] 
============= BEGIN [execute] SQL Statement execution dump ============

                begin							
				 wfl_sob_transaction_pkg.insert_company_wfl_trs_bat(?,
													?,
													?,
													?,
													'Y',
													?); 
                end;
                
             
---------------------Binding info---------------------
No.1	Access path:../../@transaction_category	Data type of passed value :java.lang.String	Value:EXP_REQUISITION	Output:false	Database Type:null	
No.2	Access path:../../@transaction_type_code	Data type of passed value :java.lang.String	Value:SQ02	Output:false	Database Type:null	
No.3	Access path:../../@workflow_code	Data type of passed value :java.lang.String	Value:SZ_SQ03	Output:false	Database Type:null	
No.4	Access path:@company_id	Data type of passed value :java.lang.Long	Value:2461	Output:false	Database Type:null	
No.5	Access path:../../@set_of_books_id	Data type of passed value :java.lang.Integer	Value:122	Output:false	Database Type:null	

=============== END [execute] SQL Statement execution dump ============

2018-10-19 10:34:26.466 [aurora.database] [CONFIG] Executing batch-apply on parameter No.8
2018-10-19 10:34:26.466 [aurora.database] [CONFIG] Running batch-apply with data from path @current_parameter/detail2, total 1 records
2018-10-19 10:34:26.466 [aurora.database] [CONFIG] Executing batch-apply on parameter No.0
2018-10-19 10:34:26.468 [uncertain.proc] [CONFIG] [action] DecideStatement
2018-10-19 10:34:26.468 [uncertain.proc] [CONFIG] [action] DecideSqlGenerationMode
2018-10-19 10:34:26.468 [uncertain.proc] [FINE] aurora.database.service.BusinessModelService.onDecideSqlGenerationMode
2018-10-19 10:34:26.468 [uncertain.proc] [CONFIG] [action] CreateOperationSql
2018-10-19 10:34:26.468 [uncertain.proc] [CONFIG] [action] PopulateOperationSql
2018-10-19 10:34:26.469 [uncertain.proc] [FINE] aurora.database.features.OrderByClauseCreator.onPopulateOperationSql
2018-10-19 10:34:26.469 [uncertain.proc] [FINE] aurora.database.features.WhereClauseCreator.onPopulateOperationSql
2018-10-19 10:34:26.469 [uncertain.proc] [CONFIG] [action] CreateSqlRunner
2018-10-19 10:34:26.469 [uncertain.proc] [FINE] aurora.database.service.BusinessModelService.onCreateSqlRunner
2018-10-19 10:34:26.469 [uncertain.proc] [CONFIG] [action] ExecuteDmlStatement
2018-10-19 10:34:26.469 [uncertain.proc] [FINE] aurora.database.service.BusinessModelService.onExecuteDmlStatement
2018-10-19 10:34:26.469 [aurora.database] [CONFIG] 
============= BEGIN [execute] SQL Statement execution dump ============

                begin							
				 wfl_sob_transaction_pkg.insert_company_wfl_trs_bat(?,
													?,
													?,
													?,
													'Y',
													?); 
                end;
                
             
---------------------Binding info---------------------
No.1	Access path:../../@transaction_category	Data type of passed value :java.lang.String	Value:EXP_REQUISITION	Output:false	Database Type:null	
No.2	Access path:../../@transaction_type_code	Data type of passed value :java.lang.String	Value:SQ03	Output:false	Database Type:null	
No.3	Access path:../../@workflow_code	Data type of passed value :java.lang.String	Value:SZ_SQ02	Output:false	Database Type:null	
No.4	Access path:@company_id	Data type of passed value :java.lang.Long	Value:2461	Output:false	Database Type:null	
No.5	Access path:../../@set_of_books_id	Data type of passed value :java.lang.Integer	Value:122	Output:false	Database Type:null	

=============== END [execute] SQL Statement execution dump ============

2018-10-19 10:34:26.469 [aurora.database] [CONFIG] Executing batch-apply on parameter No.9
2018-10-19 10:34:26.469 [aurora.database] [CONFIG] Running batch-apply with data from path @current_parameter/detail2, total 1 records
2018-10-19 10:34:26.469 [aurora.database] [CONFIG] Executing batch-apply on parameter No.0
2018-10-19 10:34:26.470 [uncertain.proc] [CONFIG] [action] DecideStatement
2018-10-19 10:34:26.472 [uncertain.proc] [CONFIG] [action] DecideSqlGenerationMode
2018-10-19 10:34:26.472 [uncertain.proc] [FINE] aurora.database.service.BusinessModelService.onDecideSqlGenerationMode
2018-10-19 10:34:26.472 [uncertain.proc] [CONFIG] [action] CreateOperationSql
2018-10-19 10:34:26.472 [uncertain.proc] [CONFIG] [action] PopulateOperationSql
2018-10-19 10:34:26.472 [uncertain.proc] [FINE] aurora.database.features.OrderByClauseCreator.onPopulateOperationSql
2018-10-19 10:34:26.472 [uncertain.proc] [FINE] aurora.database.features.WhereClauseCreator.onPopulateOperationSql
2018-10-19 10:34:26.472 [uncertain.proc] [CONFIG] [action] CreateSqlRunner
2018-10-19 10:34:26.472 [uncertain.proc] [FINE] aurora.database.service.BusinessModelService.onCreateSqlRunner
2018-10-19 10:34:26.472 [uncertain.proc] [CONFIG] [action] ExecuteDmlStatement
2018-10-19 10:34:26.472 [uncertain.proc] [FINE] aurora.database.service.BusinessModelService.onExecuteDmlStatement
2018-10-19 10:34:26.472 [aurora.database] [CONFIG] 
============= BEGIN [execute] SQL Statement execution dump ============

                begin							
				 wfl_sob_transaction_pkg.insert_company_wfl_trs_bat(?,
													?,
													?,
													?,
													'Y',
													?); 
                end;
                
             
---------------------Binding info---------------------
No.1	Access path:../../@transaction_category	Data type of passed value :java.lang.String	Value:EXP_REQUISITION	Output:false	Database Type:null	
No.2	Access path:../../@transaction_type_code	Data type of passed value :java.lang.String	Value:SQ04	Output:false	Database Type:null	
No.3	Access path:../../@workflow_code	Data type of passed value :java.lang.String	Value:SZ_SQ04	Output:false	Database Type:null	
No.4	Access path:@company_id	Data type of passed value :java.lang.Long	Value:2461	Output:false	Database Type:null	
No.5	Access path:../../@set_of_books_id	Data type of passed value :java.lang.Integer	Value:122	Output:false	Database Type:null	

=============== END [execute] SQL Statement execution dump ============

2018-10-19 10:34:26.472 [aurora.database] [CONFIG] Executing batch-apply on parameter No.10
2018-10-19 10:34:26.472 [aurora.database] [CONFIG] Running batch-apply with data from path @current_parameter/detail2, total 1 records
2018-10-19 10:34:26.472 [aurora.database] [CONFIG] Executing batch-apply on parameter No.0
2018-10-19 10:34:26.474 [uncertain.proc] [CONFIG] [action] DecideStatement
2018-10-19 10:34:26.474 [uncertain.proc] [CONFIG] [action] DecideSqlGenerationMode
2018-10-19 10:34:26.474 [uncertain.proc] [FINE] aurora.database.service.BusinessModelService.onDecideSqlGenerationMode
2018-10-19 10:34:26.474 [uncertain.proc] [CONFIG] [action] CreateOperationSql
2018-10-19 10:34:26.474 [uncertain.proc] [CONFIG] [action] PopulateOperationSql
2018-10-19 10:34:26.474 [uncertain.proc] [FINE] aurora.database.features.OrderByClauseCreator.onPopulateOperationSql
2018-10-19 10:34:26.474 [uncertain.proc] [FINE] aurora.database.features.WhereClauseCreator.onPopulateOperationSql
2018-10-19 10:34:26.474 [uncertain.proc] [CONFIG] [action] CreateSqlRunner
2018-10-19 10:34:26.474 [uncertain.proc] [FINE] aurora.database.service.BusinessModelService.onCreateSqlRunner
2018-10-19 10:34:26.474 [uncertain.proc] [CONFIG] [action] ExecuteDmlStatement
2018-10-19 10:34:26.474 [uncertain.proc] [FINE] aurora.database.service.BusinessModelService.onExecuteDmlStatement
2018-10-19 10:34:26.475 [aurora.database] [CONFIG] 
============= BEGIN [execute] SQL Statement execution dump ============

                begin							
				 wfl_sob_transaction_pkg.insert_company_wfl_trs_bat(?,
													?,
													?,
													?,
													'Y',
													?); 
                end;
                
             
---------------------Binding info---------------------
No.1	Access path:../../@transaction_category	Data type of passed value :java.lang.String	Value:EXP_REQUISITION	Output:false	Database Type:null	
No.2	Access path:../../@transaction_type_code	Data type of passed value :java.lang.String	Value:SQ05	Output:false	Database Type:null	
No.3	Access path:../../@workflow_code	Data type of passed value :java.lang.String	Value:SZ_SQ02	Output:false	Database Type:null	
No.4	Access path:@company_id	Data type of passed value :java.lang.Long	Value:2461	Output:false	Database Type:null	
No.5	Access path:../../@set_of_books_id	Data type of passed value :java.lang.Integer	Value:122	Output:false	Database Type:null	

=============== END [execute] SQL Statement execution dump ============

2018-10-19 10:34:26.475 [aurora.database] [CONFIG] Executing batch-apply on parameter No.11
2018-10-19 10:34:26.475 [aurora.database] [CONFIG] Running batch-apply with data from path @current_parameter/detail2, total 1 records
2018-10-19 10:34:26.475 [aurora.database] [CONFIG] Executing batch-apply on parameter No.0
2018-10-19 10:34:26.476 [uncertain.proc] [CONFIG] [action] DecideStatement
2018-10-19 10:34:26.477 [uncertain.proc] [CONFIG] [action] DecideSqlGenerationMode
2018-10-19 10:34:26.477 [uncertain.proc] [FINE] aurora.database.service.BusinessModelService.onDecideSqlGenerationMode
2018-10-19 10:34:26.477 [uncertain.proc] [CONFIG] [action] CreateOperationSql
2018-10-19 10:34:26.477 [uncertain.proc] [CONFIG] [action] PopulateOperationSql
2018-10-19 10:34:26.477 [uncertain.proc] [FINE] aurora.database.features.OrderByClauseCreator.onPopulateOperationSql
2018-10-19 10:34:26.477 [uncertain.proc] [FINE] aurora.database.features.WhereClauseCreator.onPopulateOperationSql
2018-10-19 10:34:26.477 [uncertain.proc] [CONFIG] [action] CreateSqlRunner
2018-10-19 10:34:26.477 [uncertain.proc] [FINE] aurora.database.service.BusinessModelService.onCreateSqlRunner
2018-10-19 10:34:26.477 [uncertain.proc] [CONFIG] [action] ExecuteDmlStatement
2018-10-19 10:34:26.477 [uncertain.proc] [FINE] aurora.database.service.BusinessModelService.onExecuteDmlStatement
2018-10-19 10:34:26.496 [aurora.database] [CONFIG] 
============= BEGIN [execute] SQL Statement execution dump ============

                begin							
				 wfl_sob_transaction_pkg.insert_company_wfl_trs_bat(?,
													?,
													?,
													?,
													'Y',
													?); 
                end;
                
             
---------------------Binding info---------------------
No.1	Access path:../../@transaction_category	Data type of passed value :java.lang.String	Value:PAYMENT_REQUISITION	Output:false	Database Type:null	
No.2	Access path:../../@transaction_type_code	Data type of passed value :java.lang.String	Value:JK001	Output:false	Database Type:null	
No.3	Access path:../../@workflow_code	Data type of passed value :java.lang.String	Value:SZ_JK01	Output:false	Database Type:null	
No.4	Access path:@company_id	Data type of passed value :java.lang.Long	Value:2461	Output:false	Database Type:null	
No.5	Access path:../../@set_of_books_id	Data type of passed value :java.lang.Integer	Value:122	Output:false	Database Type:null	

=============== END [execute] SQL Statement execution dump ============

2018-10-19 10:34:26.496 [uncertain.proc] [CONFIG] [action] CreateSuccessResponse
