2018-10-15 06:31:34.158 [aurora.application.session_check] [CONFIG] Session data copied to context
2018-10-15 06:31:34.158 [aurora.application.session_check] [CONFIG] Access check result for modules/csh/CSH5220/csh_prepayment_write_off.screen => success
2018-10-15 06:31:34.159 [uncertain.proc] [CONFIG] [action] AccessCheck
2018-10-15 06:31:34.193 [uncertain.proc] [CONFIG] [action] InitService
2018-10-15 06:31:34.193 [uncertain.proc] [CONFIG] [action] ParseParameter
2018-10-15 06:31:34.193 [uncertain.proc] [CONFIG] [action] CreateModel
2018-10-15 06:31:34.193 [aurora.database] [CONFIG] ===================================== prepare to run model-query exp.exp_currency_code==============================
2018-10-15 06:31:34.197 [uncertain.proc] [CONFIG] [action] DecideSqlGenerationMode
2018-10-15 06:31:34.197 [uncertain.proc] [FINE] aurora.database.service.BusinessModelService.onDecideSqlGenerationMode
2018-10-15 06:31:34.197 [uncertain.proc] [CONFIG] [action] CreateOperationSql
2018-10-15 06:31:34.197 [uncertain.proc] [CONFIG] [action] PopulateOperationSql
2018-10-15 06:31:34.197 [uncertain.proc] [FINE] aurora.database.features.OrderByClauseCreator.onPopulateOperationSql
2018-10-15 06:31:34.197 [uncertain.proc] [FINE] aurora.database.features.WhereClauseCreator.onPopulateOperationSql
2018-10-15 06:31:34.197 [uncertain.proc] [CONFIG] [action] ExecuteQuery
2018-10-15 06:31:34.197 [uncertain.proc] [FINE] aurora.bm.QuerySqlCreator.onExecuteQuery
2018-10-15 06:31:34.198 [uncertain.proc] [CONFIG] [action] QueryFinish
2018-10-15 06:31:34.198 [uncertain.proc] [FINE] aurora.database.features.AutoQueryCounter.onQueryFinish
2018-10-15 06:31:34.198 [uncertain.proc] [CONFIG] [action] FetchResultSet
2018-10-15 06:31:34.198 [uncertain.proc] [FINE] aurora.database.features.CacheBasedLookUpField.postFetchResultSet
2018-10-15 06:31:34.198 [aurora.database] [CONFIG] 
============= BEGIN [query] SQL Statement execution dump ============
select cv.currency_code, cv.currency_name
  from gld_currency_vl cv
 where cv.enabled_flag = 'Y'
 order by cv.currency_code
---------------------Binding info---------------------
null
=============== END [query] SQL Statement execution dump ============

2018-10-15 06:31:34.198 [aurora.database] [CONFIG] ===================================== prepare to run model-query csh.csh_payment_methods==============================
2018-10-15 06:31:34.201 [uncertain.proc] [CONFIG] [action] DecideSqlGenerationMode
2018-10-15 06:31:34.201 [uncertain.proc] [FINE] aurora.database.service.BusinessModelService.onDecideSqlGenerationMode
2018-10-15 06:31:34.201 [uncertain.proc] [CONFIG] [action] CreatequeryStatement
2018-10-15 06:31:34.201 [uncertain.proc] [FINE] aurora.bm.QuerySqlCreator.onCreateQueryStatement
2018-10-15 06:31:34.201 [uncertain.proc] [CONFIG] [action] PopulatequeryStatement
2018-10-15 06:31:34.201 [uncertain.proc] [FINE] aurora.database.features.OrderByClauseCreator.onPopulateQueryStatement
2018-10-15 06:31:34.201 [uncertain.proc] [FINE] aurora.database.features.WhereClauseCreator.onPopulateQueryStatement
2018-10-15 06:31:34.201 [uncertain.proc] [CONFIG] [action] CreatequerySql
2018-10-15 06:31:34.201 [uncertain.proc] [FINE] aurora.bm.QuerySqlCreator.onCreateQuerySql
2018-10-15 06:31:34.201 [uncertain.proc] [CONFIG] [action] ExecuteQuery
2018-10-15 06:31:34.202 [uncertain.proc] [FINE] aurora.bm.QuerySqlCreator.onExecuteQuery
2018-10-15 06:31:34.202 [uncertain.proc] [CONFIG] [action] QueryFinish
2018-10-15 06:31:34.202 [uncertain.proc] [FINE] aurora.database.features.AutoQueryCounter.onQueryFinish
2018-10-15 06:31:34.202 [uncertain.proc] [CONFIG] [action] FetchResultSet
2018-10-15 06:31:34.202 [uncertain.proc] [FINE] aurora.database.features.CacheBasedLookUpField.postFetchResultSet
2018-10-15 06:31:34.202 [aurora.database] [CONFIG] 
============= BEGIN [query] SQL Statement execution dump ============
SELECT cpm.payment_method_id,cpm.payment_method_code,cpm.description_id,(select DESCRIPTION_TEXT from fnd_descriptions where DESCRIPTION_ID=cpm.description_id and Language=?) AS description,cpm.enabled_flag,cpm.ebanking_flag,cpm.using_csh_flag
FROM csh_payment_methods cpm

---------------------Binding info---------------------
No.1	Access path:/session/@lang	Data type of passed value :java.lang.String	Value:ZHS	Output:false	Database Type:null	

=============== END [query] SQL Statement execution dump ============

2018-10-15 06:31:34.202 [uncertain.proc] [CONFIG] [action] CreateView
2018-10-15 06:31:34.202 [uncertain.proc] [CONFIG] [action] BuildOutputContent
2018-10-15 06:31:34.202 [aurora.presentation.buildsession] [CONFIG] Start build session
2018-10-15 06:31:34.202 [aurora.presentation.buildsession] [CONFIG] building view: <html-page> -> aurora.presentation.component.HtmlPage@46f05aef
2018-10-15 06:31:34.203 [aurora.presentation.buildsession] [CONFIG] building view: <link> -> aurora.presentation.TemplateBasedView@3dda489e
2018-10-15 06:31:34.203 [aurora.presentation.buildsession] [CONFIG] building view: <link> -> aurora.presentation.TemplateBasedView@3dda489e
2018-10-15 06:31:34.203 [aurora.presentation.buildsession] [CONFIG] building view: <div> -> aurora.presentation.DefaultViewBuilder@35f5c5a3
2018-10-15 06:31:34.203 [aurora.presentation.buildsession] [CONFIG] building view: <script> -> aurora.presentation.DefaultViewBuilder@35f5c5a3
2018-10-15 06:31:34.204 [aurora.presentation.buildsession] [CONFIG] building view: <dataSets> -> aurora.application.features.DataSetInit@1723264f
2018-10-15 06:31:34.204 [aurora.presentation.buildsession] [CONFIG] building view: <dataSet> -> aurora.presentation.TemplateBasedView@3dda489e
2018-10-15 06:31:34.204 [aurora.presentation.buildsession] [CONFIG] building view: <dataSet> -> aurora.presentation.TemplateBasedView@3dda489e
2018-10-15 06:31:34.205 [aurora.presentation.buildsession] [CONFIG] building view: <dataSet> -> aurora.presentation.TemplateBasedView@3dda489e
2018-10-15 06:31:34.206 [aurora.presentation.buildsession] [CONFIG] building view: <dataSet> -> aurora.presentation.TemplateBasedView@3dda489e
2018-10-15 06:31:34.230 [aurora.presentation.buildsession] [CONFIG] building view: <dataSet> -> aurora.presentation.TemplateBasedView@3dda489e
2018-10-15 06:31:34.231 [aurora.presentation.buildsession] [CONFIG] building view: <screenBody> -> aurora.presentation.component.std.ScreenBody@1a6439fb
2018-10-15 06:31:34.231 [aurora.presentation.buildsession] [CONFIG] building view: <screenTopToolbar> -> aurora.presentation.component.std.ScreenTopToolbar@3de1eb77
2018-10-15 06:31:34.231 [aurora.presentation.buildsession] [CONFIG] building view: <screenTitle> -> aurora.presentation.component.std.ScreenTitle@7902e906
2018-10-15 06:31:34.236 [uncertain.proc] [CONFIG] [action] DecideSqlGenerationMode
2018-10-15 06:31:34.236 [uncertain.proc] [FINE] aurora.database.service.BusinessModelService.onDecideSqlGenerationMode
2018-10-15 06:31:34.236 [uncertain.proc] [CONFIG] [action] CreatequeryStatement
2018-10-15 06:31:34.236 [uncertain.proc] [FINE] aurora.bm.QuerySqlCreator.onCreateQueryStatement
2018-10-15 06:31:34.236 [uncertain.proc] [CONFIG] [action] PopulatequeryStatement
2018-10-15 06:31:34.236 [uncertain.proc] [FINE] aurora.database.features.OrderByClauseCreator.onPopulateQueryStatement
2018-10-15 06:31:34.236 [uncertain.proc] [FINE] aurora.database.features.WhereClauseCreator.onPopulateQueryStatement
2018-10-15 06:31:34.236 [uncertain.proc] [CONFIG] [action] CreatequerySql
2018-10-15 06:31:34.236 [uncertain.proc] [FINE] aurora.bm.QuerySqlCreator.onCreateQuerySql
2018-10-15 06:31:34.236 [uncertain.proc] [CONFIG] [action] ExecuteQuery
2018-10-15 06:31:34.236 [uncertain.proc] [FINE] aurora.bm.QuerySqlCreator.onExecuteQuery
2018-10-15 06:31:34.236 [uncertain.proc] [CONFIG] [action] QueryFinish
2018-10-15 06:31:34.236 [uncertain.proc] [FINE] aurora.database.features.AutoQueryCounter.onQueryFinish
2018-10-15 06:31:34.236 [uncertain.proc] [CONFIG] [action] FetchResultSet
2018-10-15 06:31:34.237 [uncertain.proc] [FINE] aurora.database.features.CacheBasedLookUpField.postFetchResultSet
2018-10-15 06:31:34.237 [aurora.database] [CONFIG] 
============= BEGIN [query] SQL Statement execution dump ============
SELECT f.service_id,f.service_name,f.is_entry_page,f.is_access_checked,f.is_login_required,f.is_system_access,? AS language,(select d.description_text from fnd_descriptions d where d.description_id = f.title_id and d.language = ?) AS title,f.title_id,f.weixin_flag
FROM sys_service f
WHERE f.service_name = ?
ORDER BY service_name
---------------------Binding info---------------------
No.1	Access path:/session/@lang	Data type of passed value :java.lang.String	Value:ZHS	Output:false	Database Type:null	
No.2	Access path:/session/@lang	Data type of passed value :java.lang.String	Value:ZHS	Output:false	Database Type:null	
No.3	Access path:@service_name	Data type of passed value :java.lang.String	Value:modules/csh/CSH5220/csh_prepayment_write_off.screen	Output:false	Database Type:null	

=============== END [query] SQL Statement execution dump ============

2018-10-15 06:31:34.237 [aurora.presentation.buildsession] [CONFIG] building view: <toolbarButton> -> aurora.presentation.TemplateBasedView@3dda489e
2018-10-15 06:31:34.237 [aurora.presentation.buildsession] [CONFIG] building view: <gridButton> -> aurora.presentation.TemplateBasedView@3dda489e
2018-10-15 06:31:34.237 [aurora.presentation.buildsession] [CONFIG] building view: <queryForm> -> aurora.presentation.component.std.QueryForm@4943a22
2018-10-15 06:31:34.237 [aurora.presentation.buildsession] [CONFIG] building view: <hBox> -> aurora.presentation.component.std.HBox@951eeb7
2018-10-15 06:31:34.237 [aurora.presentation.buildsession] [CONFIG] building view: <comboBox> -> aurora.presentation.TemplateBasedView@3dda489e
2018-10-15 06:31:34.238 [aurora.presentation.buildsession] [CONFIG] building view: <lov> -> aurora.presentation.TemplateBasedView@3dda489e
2018-10-15 06:31:34.238 [aurora.presentation.buildsession] [CONFIG] building view: <textField> -> aurora.presentation.TemplateBasedView@3dda489e
2018-10-15 06:31:34.238 [aurora.presentation.buildsession] [CONFIG] building view: <toolbarButton> -> aurora.presentation.TemplateBasedView@3dda489e
2018-10-15 06:31:34.238 [aurora.presentation.buildsession] [CONFIG] building view: <toolbarButton> -> aurora.presentation.TemplateBasedView@3dda489e
2018-10-15 06:31:34.238 [aurora.presentation.buildsession] [CONFIG] building view: <box> -> aurora.presentation.component.std.Box@6f6c895
2018-10-15 06:31:34.238 [aurora.presentation.buildsession] [CONFIG] building view: <lov> -> aurora.presentation.TemplateBasedView@3dda489e
2018-10-15 06:31:34.238 [aurora.presentation.buildsession] [CONFIG] building view: <datePicker> -> aurora.presentation.TemplateBasedView@3dda489e
2018-10-15 06:31:34.238 [aurora.presentation.buildsession] [CONFIG] building view: <datePicker> -> aurora.presentation.TemplateBasedView@3dda489e
2018-10-15 06:31:34.239 [aurora.presentation.buildsession] [CONFIG] building view: <lov> -> aurora.presentation.TemplateBasedView@3dda489e
2018-10-15 06:31:34.239 [aurora.presentation.buildsession] [CONFIG] building view: <comboBox> -> aurora.presentation.TemplateBasedView@3dda489e
2018-10-15 06:31:34.239 [aurora.presentation.buildsession] [CONFIG] building view: <comboBox> -> aurora.presentation.TemplateBasedView@3dda489e
2018-10-15 06:31:34.239 [aurora.presentation.buildsession] [CONFIG] building view: <textField> -> aurora.presentation.TemplateBasedView@3dda489e
2018-10-15 06:31:34.239 [aurora.presentation.buildsession] [CONFIG] building view: <numberField> -> aurora.presentation.TemplateBasedView@3dda489e
2018-10-15 06:31:34.239 [aurora.presentation.buildsession] [CONFIG] building view: <numberField> -> aurora.presentation.TemplateBasedView@3dda489e
2018-10-15 06:31:34.240 [aurora.presentation.buildsession] [CONFIG] building view: <textField> -> aurora.presentation.TemplateBasedView@3dda489e
2018-10-15 06:31:34.240 [aurora.presentation.buildsession] [CONFIG] building view: <grid> -> aurora.presentation.TemplateBasedView@3dda489e
2018-10-15 06:31:34.240 [aurora.presentation.buildsession] [CONFIG] building view: <navBar> -> aurora.presentation.TemplateBasedView@3dda489e
2018-10-15 06:31:34.241 [aurora.presentation.buildsession] [CONFIG] building view: <button> -> aurora.presentation.TemplateBasedView@3dda489e
2018-10-15 06:31:34.241 [aurora.presentation.buildsession] [CONFIG] building view: <button> -> aurora.presentation.TemplateBasedView@3dda489e
2018-10-15 06:31:34.241 [aurora.presentation.buildsession] [CONFIG] building view: <separator> -> aurora.presentation.TemplateBasedView@3dda489e
2018-10-15 06:31:34.241 [aurora.presentation.buildsession] [CONFIG] building view: <div> -> aurora.presentation.DefaultViewBuilder@35f5c5a3
2018-10-15 06:31:34.241 [aurora.presentation.buildsession] [CONFIG] building view: <numberField> -> aurora.presentation.TemplateBasedView@3dda489e
2018-10-15 06:31:34.242 [aurora.presentation.buildsession] [CONFIG] building view: <div> -> aurora.presentation.DefaultViewBuilder@35f5c5a3
2018-10-15 06:31:34.242 [aurora.presentation.buildsession] [CONFIG] building view: <separator> -> aurora.presentation.TemplateBasedView@3dda489e
2018-10-15 06:31:34.242 [aurora.presentation.buildsession] [CONFIG] building view: <button> -> aurora.presentation.TemplateBasedView@3dda489e
2018-10-15 06:31:34.242 [aurora.presentation.buildsession] [CONFIG] building view: <button> -> aurora.presentation.TemplateBasedView@3dda489e
2018-10-15 06:31:34.242 [aurora.presentation.buildsession] [CONFIG] building view: <button> -> aurora.presentation.TemplateBasedView@3dda489e
2018-10-15 06:31:34.242 [aurora.presentation.buildsession] [CONFIG] building view: <separator> -> aurora.presentation.TemplateBasedView@3dda489e
2018-10-15 06:31:34.242 [aurora.presentation.buildsession] [CONFIG] building view: <div> -> aurora.presentation.DefaultViewBuilder@35f5c5a3
2018-10-15 06:31:34.242 [aurora.presentation.buildsession] [CONFIG] building view: <comboBox> -> aurora.presentation.TemplateBasedView@3dda489e
2018-10-15 06:31:34.242 [aurora.presentation.buildsession] [CONFIG] building view: <div> -> aurora.presentation.DefaultViewBuilder@35f5c5a3
2018-10-15 06:31:34.242 [aurora.presentation.buildsession] [CONFIG] building view: <separator> -> aurora.presentation.TemplateBasedView@3dda489e
2018-10-15 06:31:34.242 [aurora.presentation.buildsession] [CONFIG] building view: <div> -> aurora.presentation.DefaultViewBuilder@35f5c5a3
2018-10-15 06:31:34.243 [aurora.presentation.buildsession] [CONFIG] building view: <script> -> aurora.presentation.DefaultViewBuilder@35f5c5a3
2018-10-15 06:31:34.243 [aurora.presentation.buildsession] [CONFIG] End build session
