2018-10-16 01:59:10.635 [aurora.application.session_check] [CONFIG] Session data copied to context
2018-10-16 01:59:10.635 [aurora.application.session_check] [CONFIG] Access check result for modules/expm/EXP1310/exp_policy_place_assign.screen => success
2018-10-16 01:59:10.635 [uncertain.proc] [CONFIG] [action] AccessCheck
2018-10-16 01:59:10.638 [uncertain.proc] [CONFIG] [action] InitService
2018-10-16 01:59:10.638 [uncertain.proc] [CONFIG] [action] ParseParameter
2018-10-16 01:59:10.638 [uncertain.proc] [CONFIG] [action] CreateModel
2018-10-16 01:59:10.638 [aurora.database] [CONFIG] ===================================== prepare to run model-query expm.EXP1310.exp_policy_place_type_query==============================
2018-10-16 01:59:10.642 [uncertain.proc] [CONFIG] [action] DecideSqlGenerationMode
2018-10-16 01:59:10.642 [uncertain.proc] [FINE] aurora.database.service.BusinessModelService.onDecideSqlGenerationMode
2018-10-16 01:59:10.642 [uncertain.proc] [CONFIG] [action] CreatequeryStatement
2018-10-16 01:59:10.642 [uncertain.proc] [FINE] aurora.bm.QuerySqlCreator.onCreateQueryStatement
2018-10-16 01:59:10.642 [uncertain.proc] [CONFIG] [action] PopulatequeryStatement
2018-10-16 01:59:10.642 [uncertain.proc] [FINE] aurora.database.features.OrderByClauseCreator.onPopulateQueryStatement
2018-10-16 01:59:10.642 [uncertain.proc] [FINE] aurora.database.features.WhereClauseCreator.onPopulateQueryStatement
2018-10-16 01:59:10.642 [uncertain.proc] [CONFIG] [action] CreatequerySql
2018-10-16 01:59:10.642 [uncertain.proc] [FINE] aurora.bm.QuerySqlCreator.onCreateQuerySql
2018-10-16 01:59:10.642 [uncertain.proc] [CONFIG] [action] ExecuteQuery
2018-10-16 01:59:10.642 [uncertain.proc] [FINE] aurora.bm.QuerySqlCreator.onExecuteQuery
2018-10-16 01:59:10.643 [uncertain.proc] [CONFIG] [action] QueryFinish
2018-10-16 01:59:10.643 [uncertain.proc] [FINE] aurora.database.features.AutoQueryCounter.onQueryFinish
2018-10-16 01:59:10.643 [uncertain.proc] [CONFIG] [action] FetchResultSet
2018-10-16 01:59:10.643 [uncertain.proc] [FINE] aurora.database.features.CacheBasedLookUpField.postFetchResultSet
2018-10-16 01:59:10.643 [aurora.database] [CONFIG] 
============= BEGIN [query] SQL Statement execution dump ============
SELECT p.place_type_id,p.place_type_code,p.enabled_flag,(p.enabled_flag) AS e_flag,p.description_id,(select DESCRIPTION_TEXT from fnd_descriptions where DESCRIPTION_ID=p.description_id and Language=?) AS description,p.sob_id,(select v.set_of_books_code || '-' || v.set_of_books_name value_name from gld_set_of_books_vl v where v.enabled_flag = 'Y' and set_of_books_id = (select set_of_books_id from fnd_companies f where f.company_id = ?)) AS sob_description
FROM exp_policy_place_types p
WHERE p.sob_id = (select set_of_books_id from fnd_companies where company_id = ?) AND place_type_id=? AND p.place_type_id = ?
---------------------Binding info---------------------
No.1	Access path:/session/@lang	Data type of passed value :java.lang.String	Value:ZHS	Output:false	Database Type:null	
No.2	Access path:/session/@company_id	Data type of passed value :java.lang.String	Value:835	Output:false	Database Type:null	
No.3	Access path:/session/@company_id	Data type of passed value :java.lang.String	Value:835	Output:false	Database Type:null	
No.4	Access path:/parameter/@place_type_id	Data type of passed value :java.lang.Long	Value:11	Output:false	Database Type:null	
No.5	Access path:@place_type_id	Data type of passed value :java.lang.Long	Value:11	Output:false	Database Type:null	

=============== END [query] SQL Statement execution dump ============

2018-10-16 01:59:10.643 [uncertain.proc] [CONFIG] [action] CreateView
2018-10-16 01:59:10.643 [uncertain.proc] [CONFIG] [action] BuildOutputContent
2018-10-16 01:59:10.643 [aurora.presentation.buildsession] [CONFIG] Start build session
2018-10-16 01:59:10.643 [aurora.presentation.buildsession] [CONFIG] building view: <html-page> -> aurora.presentation.component.HtmlPage@77135675
2018-10-16 01:59:10.644 [aurora.presentation.buildsession] [CONFIG] building view: <link> -> aurora.presentation.TemplateBasedView@3dda489e
2018-10-16 01:59:10.645 [aurora.presentation.buildsession] [CONFIG] building view: <div> -> aurora.presentation.DefaultViewBuilder@35f5c5a3
2018-10-16 01:59:10.645 [aurora.presentation.buildsession] [CONFIG] building view: <script> -> aurora.presentation.DefaultViewBuilder@35f5c5a3
2018-10-16 01:59:10.645 [aurora.presentation.buildsession] [CONFIG] building view: <dataSets> -> aurora.application.features.DataSetInit@26d441be
2018-10-16 01:59:10.645 [aurora.presentation.buildsession] [CONFIG] building view: <dataSet> -> aurora.presentation.TemplateBasedView@3dda489e
2018-10-16 01:59:10.645 [aurora.presentation.buildsession] [CONFIG] building view: <dataSet> -> aurora.presentation.TemplateBasedView@3dda489e
2018-10-16 01:59:10.647 [aurora.presentation.buildsession] [CONFIG] building view: <screenBody> -> aurora.presentation.component.std.ScreenBody@4e1aaf47
2018-10-16 01:59:10.647 [aurora.presentation.buildsession] [CONFIG] building view: <screenTopToolbar> -> aurora.presentation.component.std.ScreenTopToolbar@36ef2bd2
2018-10-16 01:59:10.647 [aurora.presentation.buildsession] [CONFIG] building view: <screenTitle> -> aurora.presentation.component.std.ScreenTitle@5b227384
2018-10-16 01:59:10.650 [uncertain.proc] [CONFIG] [action] DecideSqlGenerationMode
2018-10-16 01:59:10.650 [uncertain.proc] [FINE] aurora.database.service.BusinessModelService.onDecideSqlGenerationMode
2018-10-16 01:59:10.650 [uncertain.proc] [CONFIG] [action] CreatequeryStatement
2018-10-16 01:59:10.650 [uncertain.proc] [FINE] aurora.bm.QuerySqlCreator.onCreateQueryStatement
2018-10-16 01:59:10.650 [uncertain.proc] [CONFIG] [action] PopulatequeryStatement
2018-10-16 01:59:10.650 [uncertain.proc] [FINE] aurora.database.features.OrderByClauseCreator.onPopulateQueryStatement
2018-10-16 01:59:10.650 [uncertain.proc] [FINE] aurora.database.features.WhereClauseCreator.onPopulateQueryStatement
2018-10-16 01:59:10.650 [uncertain.proc] [CONFIG] [action] CreatequerySql
2018-10-16 01:59:10.650 [uncertain.proc] [FINE] aurora.bm.QuerySqlCreator.onCreateQuerySql
2018-10-16 01:59:10.650 [uncertain.proc] [CONFIG] [action] ExecuteQuery
2018-10-16 01:59:10.650 [uncertain.proc] [FINE] aurora.bm.QuerySqlCreator.onExecuteQuery
2018-10-16 01:59:10.651 [uncertain.proc] [CONFIG] [action] QueryFinish
2018-10-16 01:59:10.651 [uncertain.proc] [FINE] aurora.database.features.AutoQueryCounter.onQueryFinish
2018-10-16 01:59:10.651 [uncertain.proc] [CONFIG] [action] FetchResultSet
2018-10-16 01:59:10.651 [uncertain.proc] [FINE] aurora.database.features.CacheBasedLookUpField.postFetchResultSet
2018-10-16 01:59:10.651 [aurora.database] [CONFIG] 
============= BEGIN [query] SQL Statement execution dump ============
SELECT f.service_id,f.service_name,f.is_entry_page,f.is_access_checked,f.is_login_required,f.is_system_access,? AS language,(select d.description_text from fnd_descriptions d where d.description_id = f.title_id and d.language = ?) AS title,f.title_id,f.weixin_flag
FROM sys_service f
WHERE f.service_name = ?
ORDER BY service_name
---------------------Binding info---------------------
No.1	Access path:/session/@lang	Data type of passed value :java.lang.String	Value:ZHS	Output:false	Database Type:null	
No.2	Access path:/session/@lang	Data type of passed value :java.lang.String	Value:ZHS	Output:false	Database Type:null	
No.3	Access path:@service_name	Data type of passed value :java.lang.String	Value:modules/expm/EXP1310/exp_policy_place_assign.screen	Output:false	Database Type:null	

=============== END [query] SQL Statement execution dump ============

2018-10-16 01:59:10.651 [aurora.presentation.buildsession] [CONFIG] building view: <toolbarButton> -> aurora.presentation.TemplateBasedView@3dda489e
2018-10-16 01:59:10.651 [aurora.presentation.buildsession] [CONFIG] building view: <toolbarButton> -> aurora.presentation.TemplateBasedView@3dda489e
2018-10-16 01:59:10.651 [aurora.presentation.buildsession] [CONFIG] building view: <gridButton> -> aurora.presentation.TemplateBasedView@3dda489e
2018-10-16 01:59:10.652 [aurora.presentation.buildsession] [CONFIG] building view: <gridButton> -> aurora.presentation.TemplateBasedView@3dda489e
2018-10-16 01:59:10.652 [aurora.presentation.buildsession] [CONFIG] building view: <gridButton> -> aurora.presentation.TemplateBasedView@3dda489e
2018-10-16 01:59:10.652 [aurora.presentation.buildsession] [CONFIG] building view: <gridButton> -> aurora.presentation.TemplateBasedView@3dda489e
2018-10-16 01:59:10.652 [aurora.presentation.buildsession] [CONFIG] building view: <form> -> aurora.presentation.component.std.Form@3195c35f
2018-10-16 01:59:10.652 [aurora.presentation.buildsession] [CONFIG] building view: <box> -> aurora.presentation.component.std.Box@4b34b42d
2018-10-16 01:59:10.652 [aurora.presentation.buildsession] [CONFIG] building view: <textField> -> aurora.presentation.TemplateBasedView@3dda489e
2018-10-16 01:59:10.652 [aurora.presentation.buildsession] [CONFIG] building view: <textField> -> aurora.presentation.TemplateBasedView@3dda489e
2018-10-16 01:59:10.652 [aurora.presentation.buildsession] [CONFIG] building view: <grid> -> aurora.presentation.TemplateBasedView@3dda489e
2018-10-16 01:59:10.653 [aurora.presentation.buildsession] [CONFIG] building view: <navBar> -> aurora.presentation.TemplateBasedView@3dda489e
2018-10-16 01:59:10.654 [aurora.presentation.buildsession] [CONFIG] building view: <button> -> aurora.presentation.TemplateBasedView@3dda489e
2018-10-16 01:59:10.654 [aurora.presentation.buildsession] [CONFIG] building view: <button> -> aurora.presentation.TemplateBasedView@3dda489e
2018-10-16 01:59:10.654 [aurora.presentation.buildsession] [CONFIG] building view: <separator> -> aurora.presentation.TemplateBasedView@3dda489e
2018-10-16 01:59:10.654 [aurora.presentation.buildsession] [CONFIG] building view: <div> -> aurora.presentation.DefaultViewBuilder@35f5c5a3
2018-10-16 01:59:10.654 [aurora.presentation.buildsession] [CONFIG] building view: <numberField> -> aurora.presentation.TemplateBasedView@3dda489e
2018-10-16 01:59:10.654 [aurora.presentation.buildsession] [CONFIG] building view: <div> -> aurora.presentation.DefaultViewBuilder@35f5c5a3
2018-10-16 01:59:10.654 [aurora.presentation.buildsession] [CONFIG] building view: <separator> -> aurora.presentation.TemplateBasedView@3dda489e
2018-10-16 01:59:10.654 [aurora.presentation.buildsession] [CONFIG] building view: <button> -> aurora.presentation.TemplateBasedView@3dda489e
2018-10-16 01:59:10.655 [aurora.presentation.buildsession] [CONFIG] building view: <button> -> aurora.presentation.TemplateBasedView@3dda489e
2018-10-16 01:59:10.655 [aurora.presentation.buildsession] [CONFIG] building view: <button> -> aurora.presentation.TemplateBasedView@3dda489e
2018-10-16 01:59:10.655 [aurora.presentation.buildsession] [CONFIG] building view: <separator> -> aurora.presentation.TemplateBasedView@3dda489e
2018-10-16 01:59:10.655 [aurora.presentation.buildsession] [CONFIG] building view: <div> -> aurora.presentation.DefaultViewBuilder@35f5c5a3
2018-10-16 01:59:10.655 [aurora.presentation.buildsession] [CONFIG] building view: <comboBox> -> aurora.presentation.TemplateBasedView@3dda489e
2018-10-16 01:59:10.655 [aurora.presentation.buildsession] [CONFIG] building view: <div> -> aurora.presentation.DefaultViewBuilder@35f5c5a3
2018-10-16 01:59:10.655 [aurora.presentation.buildsession] [CONFIG] building view: <separator> -> aurora.presentation.TemplateBasedView@3dda489e
2018-10-16 01:59:10.655 [aurora.presentation.buildsession] [CONFIG] building view: <div> -> aurora.presentation.DefaultViewBuilder@35f5c5a3
2018-10-16 01:59:10.656 [aurora.presentation.buildsession] [CONFIG] building view: <lov> -> aurora.presentation.TemplateBasedView@3dda489e
2018-10-16 01:59:10.656 [aurora.presentation.buildsession] [CONFIG] building view: <checkBox> -> aurora.presentation.TemplateBasedView@3dda489e
2018-10-16 01:59:10.656 [aurora.presentation.buildsession] [CONFIG] building view: <script> -> aurora.presentation.DefaultViewBuilder@35f5c5a3
2018-10-16 01:59:10.656 [aurora.presentation.buildsession] [CONFIG] End build session
