2018-10-15 03:28:14.753 [aurora.application.session_check] [CONFIG] Session data copied to context
2018-10-15 03:28:14.803 [aurora.application.session_check] [CONFIG] Access check result for modules/expm/EXP5140/exp_expense_report_audit.svc => success
2018-10-15 03:28:14.803 [uncertain.proc] [CONFIG] [action] AccessCheck
2018-10-15 03:28:14.828 [uncertain.proc] [CONFIG] [action] CheckServiceLock
2018-10-15 03:28:14.828 [uncertain.proc] [CONFIG] [action] ParseParameter
2018-10-15 03:28:14.830 [uncertain.proc] [CONFIG] [action] ValidateInput
2018-10-15 03:28:14.830 [uncertain.proc] [CONFIG] [action] InvokeService
2018-10-15 03:28:14.830 [aurora.database] [CONFIG] Running batch-apply with data from path /parameter/details, total 1 records
2018-10-15 03:28:14.830 [aurora.database] [CONFIG] Executing batch-apply on parameter No.0
2018-10-15 03:28:14.857 [uncertain.proc] [CONFIG] [action] DecideStatement
2018-10-15 03:28:14.859 [uncertain.proc] [CONFIG] [action] DecideSqlGenerationMode
2018-10-15 03:28:14.859 [uncertain.proc] [FINE] aurora.database.service.BusinessModelService.onDecideSqlGenerationMode
2018-10-15 03:28:14.859 [uncertain.proc] [CONFIG] [action] CreateOperationSql
2018-10-15 03:28:14.859 [uncertain.proc] [CONFIG] [action] PopulateOperationSql
2018-10-15 03:28:14.859 [uncertain.proc] [FINE] aurora.database.features.OrderByClauseCreator.onPopulateOperationSql
2018-10-15 03:28:14.859 [uncertain.proc] [FINE] aurora.database.features.WhereClauseCreator.onPopulateOperationSql
2018-10-15 03:28:14.859 [uncertain.proc] [CONFIG] [action] CreateSqlRunner
2018-10-15 03:28:14.859 [uncertain.proc] [FINE] aurora.database.service.BusinessModelService.onCreateSqlRunner
2018-10-15 03:28:14.859 [uncertain.proc] [CONFIG] [action] ExecuteDmlStatement
2018-10-15 03:28:14.859 [uncertain.proc] [FINE] aurora.database.service.BusinessModelService.onExecuteDmlStatement
2018-10-15 03:28:14.906 [aurora.database] [CONFIG] 
============= BEGIN [Update] SQL Statement execution dump ============

                begin
                    EXP_REPORT_PKG.check_pmt_schedule_ln_unwf_amt
                    (
                        p_exp_report_head_id => ?, 
                        p_check_flag      => ?
                    );
                end;
---------------------Binding info---------------------
No.1	Access path:@exp_report_header_id	Data type of passed value :java.lang.Integer	Value:1832	Output:false	Database Type:null	
No.2	Access path:@check_flag	Data type of passed value :[null]	Value:null	Output:true	Database Type:null	

=============== END [Update] SQL Statement execution dump ============

2018-10-15 03:28:14.907 [uncertain.proc] [CONFIG] [action] CreateSuccessResponse
