2018-10-18 06:15:45.182 [aurora.application.session_check] [CONFIG] Session data copied to context
2018-10-18 06:15:45.218 [aurora.application.session_check] [CONFIG] Access check result for modules/gld/FND3010/gld_period_query.screen => success
2018-10-18 06:15:45.218 [uncertain.proc] [CONFIG] [action] AccessCheck
2018-10-18 06:15:45.249 [uncertain.proc] [CONFIG] [action] InitService
2018-10-18 06:15:45.249 [uncertain.proc] [CONFIG] [action] ParseParameter
2018-10-18 06:15:45.249 [uncertain.proc] [CONFIG] [action] CreateModel
2018-10-18 06:15:45.249 [aurora.database] [CONFIG] ===================================== prepare to run model-query gld.gld_period_sets==============================
2018-10-18 06:15:45.255 [uncertain.proc] [CONFIG] [action] DecideSqlGenerationMode
2018-10-18 06:15:45.256 [uncertain.proc] [FINE] aurora.database.service.BusinessModelService.onDecideSqlGenerationMode
2018-10-18 06:15:45.256 [uncertain.proc] [CONFIG] [action] CreatequeryStatement
2018-10-18 06:15:45.256 [uncertain.proc] [FINE] aurora.bm.QuerySqlCreator.onCreateQueryStatement
2018-10-18 06:15:45.256 [uncertain.proc] [CONFIG] [action] PopulatequeryStatement
2018-10-18 06:15:45.256 [uncertain.proc] [FINE] aurora.database.features.OrderByClauseCreator.onPopulateQueryStatement
2018-10-18 06:15:45.256 [uncertain.proc] [FINE] aurora.database.features.WhereClauseCreator.onPopulateQueryStatement
2018-10-18 06:15:45.256 [uncertain.proc] [CONFIG] [action] CreatequerySql
2018-10-18 06:15:45.256 [uncertain.proc] [FINE] aurora.bm.QuerySqlCreator.onCreateQuerySql
2018-10-18 06:15:45.256 [uncertain.proc] [CONFIG] [action] ExecuteQuery
2018-10-18 06:15:45.256 [uncertain.proc] [FINE] aurora.bm.QuerySqlCreator.onExecuteQuery
2018-10-18 06:15:45.319 [uncertain.proc] [CONFIG] [action] QueryFinish
2018-10-18 06:15:45.319 [uncertain.proc] [FINE] aurora.database.features.AutoQueryCounter.onQueryFinish
2018-10-18 06:15:45.319 [uncertain.proc] [CONFIG] [action] FetchResultSet
2018-10-18 06:15:45.319 [uncertain.proc] [FINE] aurora.database.features.CacheBasedLookUpField.postFetchResultSet
2018-10-18 06:15:45.319 [aurora.database] [CONFIG] 
============= BEGIN [query] SQL Statement execution dump ============
SELECT fc.period_set_code,fc.period_set_name_id,(select DESCRIPTION_TEXT from fnd_descriptions where DESCRIPTION_ID=fc.period_set_name_id and Language=?) AS period_set_name,fc.total_period_num,fc.period_additional_flag,(nvl((select count(*) from gld_period_rules gpr where gpr.period_set_code = fc.period_set_code group by gpr.period_set_code), 0)) AS gpr_count,(select fc.period_set_code||'-'||fd.description_text from fnd_descriptions fd where fc.period_set_name_id = fd.description_id             and fd.language = ? ) AS period_code_name
FROM gld_period_sets fc

ORDER BY period_set_code
---------------------Binding info---------------------
No.1	Access path:/session/@lang	Data type of passed value :java.lang.String	Value:ZHS	Output:false	Database Type:null	
No.2	Access path:/session/@lang	Data type of passed value :java.lang.String	Value:ZHS	Output:false	Database Type:null	

=============== END [query] SQL Statement execution dump ============

2018-10-18 06:15:45.319 [uncertain.proc] [CONFIG] [action] CreateView
2018-10-18 06:15:45.319 [uncertain.proc] [CONFIG] [action] BuildOutputContent
2018-10-18 06:15:45.319 [aurora.presentation.buildsession] [CONFIG] Start build session
2018-10-18 06:15:45.319 [aurora.presentation.buildsession] [CONFIG] building view: <html-page> -> aurora.presentation.component.HtmlPage@7f40a00d
2018-10-18 06:15:45.321 [aurora.presentation.buildsession] [CONFIG] building view: <script> -> aurora.presentation.DefaultViewBuilder@35f5c5a3
2018-10-18 06:15:45.322 [aurora.presentation.buildsession] [CONFIG] building view: <dataSets> -> aurora.application.features.DataSetInit@75ed5501
2018-10-18 06:15:45.322 [aurora.presentation.buildsession] [CONFIG] building view: <dataSet> -> aurora.presentation.TemplateBasedView@3dda489e
2018-10-18 06:15:45.322 [aurora.presentation.buildsession] [CONFIG] building view: <dataSet> -> aurora.presentation.TemplateBasedView@3dda489e
2018-10-18 06:15:45.322 [aurora.presentation.buildsession] [CONFIG] building view: <dataSet> -> aurora.presentation.TemplateBasedView@3dda489e
2018-10-18 06:15:45.325 [aurora.presentation.buildsession] [CONFIG] building view: <screenBody> -> aurora.presentation.component.std.ScreenBody@26c6fa8e
2018-10-18 06:15:45.325 [aurora.presentation.buildsession] [CONFIG] building view: <screenTopToolbar> -> aurora.presentation.component.std.ScreenTopToolbar@79334290
2018-10-18 06:15:45.325 [aurora.presentation.buildsession] [CONFIG] building view: <screenTitle> -> aurora.presentation.component.std.ScreenTitle@389c573
2018-10-18 06:15:45.334 [uncertain.proc] [CONFIG] [action] DecideSqlGenerationMode
2018-10-18 06:15:45.335 [uncertain.proc] [FINE] aurora.database.service.BusinessModelService.onDecideSqlGenerationMode
2018-10-18 06:15:45.335 [uncertain.proc] [CONFIG] [action] CreatequeryStatement
2018-10-18 06:15:45.335 [uncertain.proc] [FINE] aurora.bm.QuerySqlCreator.onCreateQueryStatement
2018-10-18 06:15:45.335 [uncertain.proc] [CONFIG] [action] PopulatequeryStatement
2018-10-18 06:15:45.335 [uncertain.proc] [FINE] aurora.database.features.OrderByClauseCreator.onPopulateQueryStatement
2018-10-18 06:15:45.335 [uncertain.proc] [FINE] aurora.database.features.WhereClauseCreator.onPopulateQueryStatement
2018-10-18 06:15:45.335 [uncertain.proc] [CONFIG] [action] CreatequerySql
2018-10-18 06:15:45.335 [uncertain.proc] [FINE] aurora.bm.QuerySqlCreator.onCreateQuerySql
2018-10-18 06:15:45.335 [uncertain.proc] [CONFIG] [action] ExecuteQuery
2018-10-18 06:15:45.335 [uncertain.proc] [FINE] aurora.bm.QuerySqlCreator.onExecuteQuery
2018-10-18 06:15:45.336 [uncertain.proc] [CONFIG] [action] QueryFinish
2018-10-18 06:15:45.336 [uncertain.proc] [FINE] aurora.database.features.AutoQueryCounter.onQueryFinish
2018-10-18 06:15:45.336 [uncertain.proc] [CONFIG] [action] FetchResultSet
2018-10-18 06:15:45.336 [uncertain.proc] [FINE] aurora.database.features.CacheBasedLookUpField.postFetchResultSet
2018-10-18 06:15:45.336 [aurora.database] [CONFIG] 
============= BEGIN [query] SQL Statement execution dump ============
SELECT f.service_id,f.service_name,f.is_entry_page,f.is_access_checked,f.is_login_required,f.is_system_access,? AS language,(select d.description_text from fnd_descriptions d where d.description_id = f.title_id and d.language = ?) AS title,f.title_id,f.weixin_flag
FROM sys_service f
WHERE f.service_name = ?
ORDER BY service_name
---------------------Binding info---------------------
No.1	Access path:/session/@lang	Data type of passed value :java.lang.String	Value:ZHS	Output:false	Database Type:null	
No.2	Access path:/session/@lang	Data type of passed value :java.lang.String	Value:ZHS	Output:false	Database Type:null	
No.3	Access path:@service_name	Data type of passed value :java.lang.String	Value:modules/gld/FND3010/gld_period_query.screen	Output:false	Database Type:null	

=============== END [query] SQL Statement execution dump ============

2018-10-18 06:15:45.336 [aurora.presentation.buildsession] [CONFIG] building view: <toolbarButton> -> aurora.presentation.TemplateBasedView@3dda489e
2018-10-18 06:15:45.338 [aurora.presentation.buildsession] [CONFIG] building view: <queryForm> -> aurora.presentation.component.std.QueryForm@19600d05
2018-10-18 06:15:45.338 [aurora.presentation.buildsession] [CONFIG] building view: <hBox> -> aurora.presentation.component.std.HBox@bca1703
2018-10-18 06:15:45.338 [aurora.presentation.buildsession] [CONFIG] building view: <comboBox> -> aurora.presentation.TemplateBasedView@3dda489e
2018-10-18 06:15:45.340 [aurora.presentation.buildsession] [CONFIG] building view: <toolbarButton> -> aurora.presentation.TemplateBasedView@3dda489e
2018-10-18 06:15:45.340 [aurora.presentation.buildsession] [CONFIG] building view: <grid> -> aurora.presentation.TemplateBasedView@3dda489e
2018-10-18 06:15:45.340 [aurora.presentation.buildsession] [CONFIG] building view: <navBar> -> aurora.presentation.TemplateBasedView@3dda489e
2018-10-18 06:15:45.342 [aurora.presentation.buildsession] [CONFIG] building view: <button> -> aurora.presentation.TemplateBasedView@3dda489e
2018-10-18 06:15:45.343 [aurora.presentation.buildsession] [CONFIG] building view: <button> -> aurora.presentation.TemplateBasedView@3dda489e
2018-10-18 06:15:45.343 [aurora.presentation.buildsession] [CONFIG] building view: <separator> -> aurora.presentation.TemplateBasedView@3dda489e
2018-10-18 06:15:45.344 [aurora.presentation.buildsession] [CONFIG] building view: <div> -> aurora.presentation.DefaultViewBuilder@35f5c5a3
2018-10-18 06:15:45.344 [aurora.presentation.buildsession] [CONFIG] building view: <numberField> -> aurora.presentation.TemplateBasedView@3dda489e
2018-10-18 06:15:45.345 [aurora.presentation.buildsession] [CONFIG] building view: <div> -> aurora.presentation.DefaultViewBuilder@35f5c5a3
2018-10-18 06:15:45.345 [aurora.presentation.buildsession] [CONFIG] building view: <separator> -> aurora.presentation.TemplateBasedView@3dda489e
2018-10-18 06:15:45.345 [aurora.presentation.buildsession] [CONFIG] building view: <button> -> aurora.presentation.TemplateBasedView@3dda489e
2018-10-18 06:15:45.345 [aurora.presentation.buildsession] [CONFIG] building view: <button> -> aurora.presentation.TemplateBasedView@3dda489e
2018-10-18 06:15:45.346 [aurora.presentation.buildsession] [CONFIG] building view: <button> -> aurora.presentation.TemplateBasedView@3dda489e
2018-10-18 06:15:45.346 [aurora.presentation.buildsession] [CONFIG] building view: <separator> -> aurora.presentation.TemplateBasedView@3dda489e
2018-10-18 06:15:45.346 [aurora.presentation.buildsession] [CONFIG] building view: <div> -> aurora.presentation.DefaultViewBuilder@35f5c5a3
2018-10-18 06:15:45.346 [aurora.presentation.buildsession] [CONFIG] building view: <comboBox> -> aurora.presentation.TemplateBasedView@3dda489e
2018-10-18 06:15:45.346 [aurora.presentation.buildsession] [CONFIG] building view: <div> -> aurora.presentation.DefaultViewBuilder@35f5c5a3
2018-10-18 06:15:45.346 [aurora.presentation.buildsession] [CONFIG] building view: <separator> -> aurora.presentation.TemplateBasedView@3dda489e
2018-10-18 06:15:45.346 [aurora.presentation.buildsession] [CONFIG] building view: <div> -> aurora.presentation.DefaultViewBuilder@35f5c5a3
2018-10-18 06:15:45.347 [aurora.presentation.buildsession] [CONFIG] building view: <script> -> aurora.presentation.DefaultViewBuilder@35f5c5a3
2018-10-18 06:15:45.347 [aurora.presentation.buildsession] [CONFIG] End build session
