2018-10-11 08:21:17.402 [aurora.application.session_check] [CONFIG] Session data copied to context
2018-10-11 08:21:17.426 [aurora.application.session_check] [CONFIG] Access check result for modules/expm/public/exp_report_audit_control.svc => success
2018-10-11 08:21:17.426 [uncertain.proc] [CONFIG] [action] AccessCheck
2018-10-11 08:21:17.430 [uncertain.proc] [CONFIG] [action] CheckServiceLock
2018-10-11 08:21:17.430 [uncertain.proc] [CONFIG] [action] ParseParameter
2018-10-11 08:21:17.430 [uncertain.proc] [CONFIG] [action] ValidateInput
2018-10-11 08:21:17.430 [uncertain.proc] [CONFIG] [action] InvokeService
2018-10-11 08:21:17.430 [aurora.database] [CONFIG] Running batch-apply with data from path /parameter/details, total 1 records
2018-10-11 08:21:17.430 [aurora.database] [CONFIG] Executing batch-apply on parameter No.0
2018-10-11 08:21:17.433 [uncertain.proc] [CONFIG] [action] DecideStatement
2018-10-11 08:21:17.434 [uncertain.proc] [CONFIG] [action] DecideSqlGenerationMode
2018-10-11 08:21:17.434 [uncertain.proc] [FINE] aurora.database.service.BusinessModelService.onDecideSqlGenerationMode
2018-10-11 08:21:17.434 [uncertain.proc] [CONFIG] [action] CreateOperationSql
2018-10-11 08:21:17.434 [uncertain.proc] [CONFIG] [action] PopulateOperationSql
2018-10-11 08:21:17.434 [uncertain.proc] [FINE] aurora.database.features.OrderByClauseCreator.onPopulateOperationSql
2018-10-11 08:21:17.434 [uncertain.proc] [FINE] aurora.database.features.WhereClauseCreator.onPopulateOperationSql
2018-10-11 08:21:17.434 [uncertain.proc] [CONFIG] [action] CreateSqlRunner
2018-10-11 08:21:17.434 [uncertain.proc] [FINE] aurora.database.service.BusinessModelService.onCreateSqlRunner
2018-10-11 08:21:17.435 [uncertain.proc] [CONFIG] [action] ExecuteDmlStatement
2018-10-11 08:21:17.435 [uncertain.proc] [FINE] aurora.database.service.BusinessModelService.onExecuteDmlStatement
2018-10-11 08:21:17.439 [aurora.database] [CONFIG] 
============= BEGIN [Update] SQL Statement execution dump ============
 begin
			exp_report_pkg.audit_exp_report(?,
											?);		
                                                    									  
                                 
		end;
---------------------Binding info---------------------
No.1	Access path:@exp_report_header_id	Data type of passed value :java.lang.String	Value:1822	Output:false	Database Type:null	
No.2	Access path:/session/@user_id	Data type of passed value :java.lang.Long	Value:1	Output:false	Database Type:null	

=============== END [Update] SQL Statement execution dump ============

2018-10-11 08:21:17.439 [uncertain.proc] [CONFIG] [action] CreateSuccessResponse
