2018-10-18 02:25:58.656 [aurora.application.session_check] [CONFIG] Session data copied to context
2018-10-18 02:25:58.656 [aurora.application.session_check] [CONFIG] Access check result for modules/expm/public/exp_report_submit_control.svc => success
2018-10-18 02:25:58.656 [uncertain.proc] [CONFIG] [action] AccessCheck
2018-10-18 02:25:58.659 [uncertain.proc] [CONFIG] [action] CheckServiceLock
2018-10-18 02:25:58.659 [uncertain.proc] [CONFIG] [action] ParseParameter
2018-10-18 02:25:58.659 [uncertain.proc] [CONFIG] [action] ValidateInput
2018-10-18 02:25:58.659 [uncertain.proc] [CONFIG] [action] InvokeService
2018-10-18 02:25:58.670 [uncertain.proc] [CONFIG] [action] DecideStatement
2018-10-18 02:25:58.672 [uncertain.proc] [CONFIG] [action] DecideSqlGenerationMode
2018-10-18 02:25:58.672 [uncertain.proc] [FINE] aurora.database.service.BusinessModelService.onDecideSqlGenerationMode
2018-10-18 02:25:58.672 [uncertain.proc] [CONFIG] [action] CreateOperationSql
2018-10-18 02:25:58.672 [uncertain.proc] [CONFIG] [action] PopulateOperationSql
2018-10-18 02:25:58.672 [uncertain.proc] [FINE] aurora.database.features.OrderByClauseCreator.onPopulateOperationSql
2018-10-18 02:25:58.672 [uncertain.proc] [FINE] aurora.database.features.WhereClauseCreator.onPopulateOperationSql
2018-10-18 02:25:58.672 [uncertain.proc] [CONFIG] [action] CreateSqlRunner
2018-10-18 02:25:58.672 [uncertain.proc] [FINE] aurora.database.service.BusinessModelService.onCreateSqlRunner
2018-10-18 02:25:58.672 [uncertain.proc] [CONFIG] [action] ExecuteDmlStatement
2018-10-18 02:25:58.672 [uncertain.proc] [FINE] aurora.database.service.BusinessModelService.onExecuteDmlStatement
2018-10-18 02:25:58.673 [aurora.database] [CONFIG] 
============= BEGIN [execute] SQL Statement execution dump ============

                begin
                    EXP_REPORT_PKG.SUBMIT_EXP_REPORT_CHECK
                    (
                        p_exp_report_header_id=>?,
                        p_user_id=>?
                    );
                end;
---------------------Binding info---------------------
No.1	Access path:@exp_report_header_id	Data type of passed value :java.lang.Long	Value:1895	Output:false	Database Type:null	
No.2	Access path:/session/@user_id	Data type of passed value :java.lang.Long	Value:204	Output:false	Database Type:null	

=============== END [execute] SQL Statement execution dump ============

2018-10-18 02:25:58.677 [uncertain.proc] [CONFIG] [action] DecideStatement
2018-10-18 02:25:58.678 [uncertain.proc] [CONFIG] [action] DecideSqlGenerationMode
2018-10-18 02:25:58.678 [uncertain.proc] [FINE] aurora.database.service.BusinessModelService.onDecideSqlGenerationMode
2018-10-18 02:25:58.678 [uncertain.proc] [CONFIG] [action] CreateOperationSql
2018-10-18 02:25:58.678 [uncertain.proc] [CONFIG] [action] PopulateOperationSql
2018-10-18 02:25:58.678 [uncertain.proc] [FINE] aurora.database.features.OrderByClauseCreator.onPopulateOperationSql
2018-10-18 02:25:58.678 [uncertain.proc] [FINE] aurora.database.features.WhereClauseCreator.onPopulateOperationSql
2018-10-18 02:25:58.679 [uncertain.proc] [CONFIG] [action] CreateSqlRunner
2018-10-18 02:25:58.679 [uncertain.proc] [FINE] aurora.database.service.BusinessModelService.onCreateSqlRunner
2018-10-18 02:25:58.679 [uncertain.proc] [CONFIG] [action] ExecuteDmlStatement
2018-10-18 02:25:58.679 [uncertain.proc] [FINE] aurora.database.service.BusinessModelService.onExecuteDmlStatement
2018-10-18 02:26:01.343 [aurora.database] [CONFIG] 
============= BEGIN [execute] SQL Statement execution dump ============
   
            begin
            exp_report_pkg.submit_exp_report
            (
               ?,
               ?
            );
        end;
---------------------Binding info---------------------
No.1	Access path:@exp_report_header_id	Data type of passed value :java.lang.Long	Value:1895	Output:false	Database Type:null	
No.2	Access path:/session/@user_id	Data type of passed value :java.lang.Long	Value:204	Output:false	Database Type:null	

=============== END [execute] SQL Statement execution dump ============

2018-10-18 02:26:01.343 [uncertain.proc] [CONFIG] [action] CreateSuccessResponse
