2018-10-11 08:32:09.191 [aurora.application.session_check] [CONFIG] Session data copied to context
2018-10-11 08:32:09.191 [aurora.application.session_check] [CONFIG] Access check result for modules/expm/public/exp_report_audit_account_tmp_control.svc => success
2018-10-11 08:32:09.191 [uncertain.proc] [CONFIG] [action] AccessCheck
2018-10-11 08:32:09.194 [uncertain.proc] [CONFIG] [action] CheckServiceLock
2018-10-11 08:32:09.194 [uncertain.proc] [CONFIG] [action] ParseParameter
2018-10-11 08:32:09.194 [uncertain.proc] [CONFIG] [action] ValidateInput
2018-10-11 08:32:09.194 [uncertain.proc] [CONFIG] [action] InvokeService
2018-10-11 08:32:09.196 [uncertain.proc] [CONFIG] [action] DecideStatement
2018-10-11 08:32:09.197 [uncertain.proc] [CONFIG] [action] DecideSqlGenerationMode
2018-10-11 08:32:09.197 [uncertain.proc] [FINE] aurora.database.service.BusinessModelService.onDecideSqlGenerationMode
2018-10-11 08:32:09.197 [uncertain.proc] [CONFIG] [action] CreateOperationSql
2018-10-11 08:32:09.197 [uncertain.proc] [CONFIG] [action] PopulateOperationSql
2018-10-11 08:32:09.197 [uncertain.proc] [FINE] aurora.database.features.OrderByClauseCreator.onPopulateOperationSql
2018-10-11 08:32:09.197 [uncertain.proc] [FINE] aurora.database.features.WhereClauseCreator.onPopulateOperationSql
2018-10-11 08:32:09.197 [uncertain.proc] [CONFIG] [action] CreateSqlRunner
2018-10-11 08:32:09.197 [uncertain.proc] [FINE] aurora.database.service.BusinessModelService.onCreateSqlRunner
2018-10-11 08:32:09.197 [uncertain.proc] [CONFIG] [action] ExecuteDmlStatement
2018-10-11 08:32:09.197 [uncertain.proc] [FINE] aurora.database.service.BusinessModelService.onExecuteDmlStatement
2018-10-11 08:32:09.198 [aurora.database] [CONFIG] 
============= BEGIN [Update] SQL Statement execution dump ============

            begin
            	exp_report_pkg.delete_exp_report_accounts_tmp(?);
            end;
            
---------------------Binding info---------------------
No.1	Access path:@batch_id	Data type of passed value :java.lang.String	Value:14008	Output:false	Database Type:null	

=============== END [Update] SQL Statement execution dump ============

2018-10-11 08:32:09.199 [aurora.database] [CONFIG] Running batch-apply with data from path /parameter/details, total 1 records
2018-10-11 08:32:09.199 [aurora.database] [CONFIG] Executing batch-apply on parameter No.0
2018-10-11 08:32:09.201 [uncertain.proc] [CONFIG] [action] DecideStatement
2018-10-11 08:32:09.202 [uncertain.proc] [CONFIG] [action] DecideSqlGenerationMode
2018-10-11 08:32:09.202 [uncertain.proc] [FINE] aurora.database.service.BusinessModelService.onDecideSqlGenerationMode
2018-10-11 08:32:09.202 [uncertain.proc] [CONFIG] [action] CreateOperationSql
2018-10-11 08:32:09.202 [uncertain.proc] [CONFIG] [action] PopulateOperationSql
2018-10-11 08:32:09.202 [uncertain.proc] [FINE] aurora.database.features.OrderByClauseCreator.onPopulateOperationSql
2018-10-11 08:32:09.202 [uncertain.proc] [FINE] aurora.database.features.WhereClauseCreator.onPopulateOperationSql
2018-10-11 08:32:09.202 [uncertain.proc] [CONFIG] [action] CreateSqlRunner
2018-10-11 08:32:09.202 [uncertain.proc] [FINE] aurora.database.service.BusinessModelService.onCreateSqlRunner
2018-10-11 08:32:09.202 [uncertain.proc] [CONFIG] [action] ExecuteDmlStatement
2018-10-11 08:32:09.202 [uncertain.proc] [FINE] aurora.database.service.BusinessModelService.onExecuteDmlStatement
2018-10-11 08:32:09.203 [aurora.database] [CONFIG] 
============= BEGIN [Update] SQL Statement execution dump ============

            begin
            	exp_report_pkg.insert_exp_report_accounts_tmp(?,

														  ?,

														  ?);
			end;
			
---------------------Binding info---------------------
No.1	Access path:@batch_id	Data type of passed value :java.lang.String	Value:14008	Output:false	Database Type:null	
No.2	Access path:@exp_report_header_id	Data type of passed value :java.lang.String	Value:1824	Output:false	Database Type:null	
No.3	Access path:@amortization_flag	Data type of passed value :java.lang.String	Value:N	Output:false	Database Type:null	

=============== END [Update] SQL Statement execution dump ============

2018-10-11 08:32:09.204 [uncertain.proc] [CONFIG] [action] DecideStatement
2018-10-11 08:32:09.205 [uncertain.proc] [CONFIG] [action] DecideSqlGenerationMode
2018-10-11 08:32:09.205 [uncertain.proc] [FINE] aurora.database.service.BusinessModelService.onDecideSqlGenerationMode
2018-10-11 08:32:09.205 [uncertain.proc] [CONFIG] [action] CreateOperationSql
2018-10-11 08:32:09.205 [uncertain.proc] [CONFIG] [action] PopulateOperationSql
2018-10-11 08:32:09.205 [uncertain.proc] [FINE] aurora.database.features.OrderByClauseCreator.onPopulateOperationSql
2018-10-11 08:32:09.205 [uncertain.proc] [FINE] aurora.database.features.WhereClauseCreator.onPopulateOperationSql
2018-10-11 08:32:09.205 [uncertain.proc] [CONFIG] [action] CreateSqlRunner
2018-10-11 08:32:09.205 [uncertain.proc] [FINE] aurora.database.service.BusinessModelService.onCreateSqlRunner
2018-10-11 08:32:09.205 [uncertain.proc] [CONFIG] [action] ExecuteDmlStatement
2018-10-11 08:32:09.205 [uncertain.proc] [FINE] aurora.database.service.BusinessModelService.onExecuteDmlStatement
2018-10-11 08:32:09.208 [aurora.database] [CONFIG] 
============= BEGIN [Update] SQL Statement execution dump ============

            begin
            	exp_report_pkg.create_currency_code_tmp(?,

												    ?,

                                                    ?);	
            end;
            
---------------------Binding info---------------------
No.1	Access path:@batch_id	Data type of passed value :java.lang.String	Value:14008	Output:false	Database Type:null	
No.2	Access path:/session/@company_id	Data type of passed value :java.lang.String	Value:835	Output:false	Database Type:null	
No.3	Access path:/session/@user_id	Data type of passed value :java.lang.Long	Value:1	Output:false	Database Type:null	

=============== END [Update] SQL Statement execution dump ============

2018-10-11 08:32:09.208 [uncertain.proc] [CONFIG] [action] CreateSuccessResponse
