2018-10-19 09:43:29.910 [uncertain.proc] [CONFIG] [action] CreateModel
2018-10-19 09:43:29.910 [aurora.database] [CONFIG] ===================================== prepare to run model-query expm.exp_report_head_wfl==============================
2018-10-19 09:43:29.914 [uncertain.proc] [CONFIG] [action] DecideSqlGenerationMode
2018-10-19 09:43:29.914 [uncertain.proc] [FINE] aurora.database.service.BusinessModelService.onDecideSqlGenerationMode
2018-10-19 09:43:29.914 [uncertain.proc] [CONFIG] [action] CreateOperationSql
2018-10-19 09:43:29.914 [uncertain.proc] [CONFIG] [action] PopulateOperationSql
2018-10-19 09:43:29.914 [uncertain.proc] [FINE] aurora.database.features.OrderByClauseCreator.onPopulateOperationSql
2018-10-19 09:43:29.914 [uncertain.proc] [FINE] aurora.database.features.WhereClauseCreator.onPopulateOperationSql
2018-10-19 09:43:29.914 [uncertain.proc] [CONFIG] [action] ExecuteQuery
2018-10-19 09:43:29.914 [uncertain.proc] [FINE] aurora.bm.QuerySqlCreator.onExecuteQuery
2018-10-19 09:43:29.918 [uncertain.proc] [CONFIG] [action] QueryFinish
2018-10-19 09:43:29.918 [uncertain.proc] [FINE] aurora.database.features.AutoQueryCounter.onQueryFinish
2018-10-19 09:43:29.918 [uncertain.proc] [CONFIG] [action] FetchResultSet
2018-10-19 09:43:29.918 [uncertain.proc] [FINE] aurora.database.features.CacheBasedLookUpField.postFetchResultSet
2018-10-19 09:43:29.919 [aurora.database] [CONFIG] 
============= BEGIN [query] SQL Statement execution dump ============

                SELECT
                    h.exp_report_header_id,
                    (SELECT  sys_parameter_pkg.value('CUX_SYS_IMAGE_URL') FROM dual)as cux_sys_image_url,
                    (SELECT  sys_parameter_pkg.value('CUX_SYS_IMAGE_QUERY_URL') FROM dual)as cux_sys_image_query_url,
                    (SELECT  sys_parameter_pkg.value('CUX_SYS_IMAGE_BUSTYPE') FROM dual)as cux_sys_image_bustype,
                    (SELECT  sys_parameter_pkg.value('CUX_SYS_IMAGE_BUSNO') FROM dual)as cux_sys_image_busno,
                    (SELECT
                        ee.employee_code
                    FROM
                        exp_employees ee
                    WHERE
                        ee.employee_id=h.employee_id
                    ) employee_code,
                    (select u.unit_code from exp_org_unit_vl u where u.unit_id=h.unit_id)unit_code,
                    (select cux_document_image_pkg.get_document_image_count('EXP_RPT',h.exp_report_header_id) from dual)image_count,
                    (select sum(t.report_amount)
						  from exp_report_lines t
						 where t.exp_report_header_id = ?) sum_amount,
                    (SELECT
                        tv.description
                    FROM
                        exp_expense_report_types_vl tv
                    WHERE
                        tv.expense_report_type_id = h.exp_report_type_id
                    ) exp_report_type_name,
                    (SELECT
                        tv.report_name
                    FROM
                        exp_expense_report_types_vl tv
                    WHERE
                        tv.expense_report_type_id = h.exp_report_type_id
                    ) report_name,
                    (SELECT
                        sr.param_name
                    FROM
                        exp_expense_report_types_vl tv,
                        sys_reports sr
                    WHERE
                        tv.expense_report_type_id = h.exp_report_type_id AND
                        tv.report_name            = sr.report_name AND
                        rownum                    = 1
                    ) report_param_name,
                    TO_CHAR(h.exp_report_type_id) exp_report_type_id,
                    TO_CHAR(h.report_date,'yyyy-mm-dd') exp_report_data,
                    (SELECT
                        ee.employee_code
                        || ' - '
                        ||name
                    FROM
                        exp_employees ee
                    WHERE
                        ee.employee_id=h.employee_id
                    ) exp_report_employee_name,
                    (SELECT
                        eop.description
                    FROM
                        exp_org_position_vl eop
                    WHERE
                        eop.position_id=h.position_id
                    ) exp_report_position,
                    h.position_id exp_report_position_id,
                    h.currency_code exp_report_currency_code,
                    (SELECT
                        GV.CURRENCY_NAME
                    FROM
                        GLD_CURRENCY_VL GV
                    WHERE
                        GV.CURRENCY_CODE= h.currency_code
                    ) exp_report_currency_name,
                    (SELECT
                        CODE_VALUE_NAME
                    FROM
                        SYS_CODES_VL SC,
                        SYS_CODE_VALUES_V SV
                    WHERE
                        SC.code      ='PAYMENT_OBJECT' AND
                        sc.code_id   =sv.code_id AND
                        SV.code_value=h.payee_category
                    ) exp_report_payee_category_name,
                    h.payee_category exp_report_payee_category,
                    (SELECT
                        GB.FUNCTIONAL_CURRENCY_CODE
                    FROM
                        FND_COMPANIES FC,
                        GLD_SET_OF_BOOKS GB
                    WHERE
                        FC.COMPANY_ID    2018-10-19 09:43:29.919 [aurora.database] [CONFIG] 
============= BEGIN [query] SQL Statement execution dump ============

                SELECT
                    h.exp_report_header_id,
                    (SELECT  sys_parameter_pkg.value('CUX_SYS_IMAGE_URL') FROM dual)as cux_sys_image_url,
                    (SELECT  sys_parameter_pkg.value('CUX_SYS_IMAGE_QUERY_URL') FROM dual)as cux_sys_image_query_url,
                    (SELECT  sys_parameter_pkg.value('CUX_SYS_IMAGE_BUSTYPE') FROM dual)as cux_sys_image_bustype,
                    (SELECT  sys_parameter_pkg.value('CUX_SYS_IMAGE_BUSNO') FROM dual)as cux_sys_image_busno,
                    (SELECT
                        ee.employee_code
                    FROM
                        exp_employees ee
                    WHERE
                        ee.employee_id=h.employee_id
                    ) employee_code,
                    (select u.unit_code from exp_org_unit_vl u where u.unit_id=h.unit_id)unit_code,
                    (select cux_document_image_pkg.get_document_image_count('EXP_RPT',h.exp_report_header_id) from dual)image_count,
                    (select sum(t.report_amount)
						  from exp_report_lines t
						 where t.exp_report_header_id = ?) sum_amount,
                    (SELECT
                        tv.description
                    FROM
                        exp_expense_report_types_vl tv
                    WHERE
                        tv.expense_report_type_id = h.exp_report_type_id
                    ) exp_report_type_name,
                    (SELECT
                        tv.report_name
                    FROM
                        exp_expense_report_types_vl tv
                    WHERE
                        tv.expense_report_type_id = h.exp_report_type_id
                    ) report_name,
                    (SELECT
                        sr.param_name
                    FROM
                        exp_expense_report_types_vl tv,
                        sys_reports sr
                    WHERE
                        tv.expense_report_type_id = h.exp_report_type_id AND
                        tv.report_name            = sr.report_name AND
                        rownum                    = 1
                    ) report_param_name,
                    TO_CHAR(h.exp_report_type_id) exp_report_type_id,
                    TO_CHAR(h.report_date,'yyyy-mm-dd') exp_report_data,
                    (SELECT
                        ee.employee_code
                        || ' - '
                        ||name
                    FROM
                        exp_employees ee
                    WHERE
                        ee.employee_id=h.employee_id
                    ) exp_report_employee_name,
                    (SELECT
                        eop.description
                    FROM
                        exp_org_position_vl eop
                    WHERE
                        eop.position_id=h.position_id
                    ) exp_report_position,
                    h.position_id exp_report_position_id,
                    h.currency_code exp_report_currency_code,
                    (SELECT
                        GV.CURRENCY_NAME
                    FROM
                        GLD_CURRENCY_VL GV
                    WHERE
                        GV.CURRENCY_CODE= h.currency_code
                    ) exp_report_currency_name,
                    (SELECT
                        CODE_VALUE_NAME
                    FROM
                        SYS_CODES_VL SC,
                        SYS_CODE_VALUES_V SV
                    WHERE
                        SC.code      ='PAYMENT_OBJECT' AND
                        sc.code_id   =sv.code_id AND
                        SV.code_value=h.payee_category
                    ) exp_report_payee_category_name,
                    h.payee_category exp_report_payee_category,
                    (SELECT
                        GB.FUNCTIONAL_CURRENCY_CODE
                    FROM
                        FND_COMPANIES FC,
                        GLD_SET_OF_BOOKS GB
                    WHERE
                        FC.COMPANY_ID     =h.company_id AND
                        FC.SET_OF_BOOKS_ID=GB.SET_OF_BOOKS_ID
                    )FUNCTIONAL_CURRENCY_CODE,
                    TO_CHAR(h.employee_id) employee_id,
                    TO_CHAR(h.company_id) company_id,
                    (SELECT
                        company_short_name
                    FROM
                        fnd_companies_vl fv
                    WHERE
                        fv.company_id=h.company_id
                    ) company_name,
                    (SELECT name FROM exp_employees ee WHERE ee.employee_id= h.employee_id
                    ) employee_name,
                    h.position_id position_id,
                    (SELECT
                        ep.description
                    FROM
                        exp_org_position_vl ep
                    WHERE
                        ep.POSITION_ID=h.position_id
                    ) position_name,
                    h.unit_id,
                    (SELECT eu.description FROM exp_org_unit_vl eu WHERE eu.unit_id=h.unit_id
                    ) unit_name,
                    (SELECT
                        er.responsibility_center_id
                    FROM
                        exp_employee_assigns sa,
                        exp_org_unit_vl eu,
                        exp_org_position_vl ep,
                        fnd_responsibility_centers_vl er
                    WHERE
                        sa.employee_id             =h.employee_id AND
                        sa.company_id              =h.company_id AND
                        sa.primary_position_flag   ='Y' AND
                        sa.enabled_flag            = 'Y' AND
                        eu.UNIT_ID                 =ep.UNIT_ID AND
                        sa.position_id             =ep.POSITION_ID AND
                        er.responsibility_center_id=eu.responsibility_center_id
                    ) responsibility_center_id,
                    (SELECT
                        er.responsibility_center_name
                    FROM
                        exp_employee_assigns sa,
                        exp_org_unit_vl eu,
                        exp_org_position_vl ep,
                        fnd_responsibility_centers_vl er
                    WHERE
                        sa.employee_id             =h.employee_id AND
                        sa.company_id              =h.company_id AND
                        sa.primary_position_flag   ='Y' AND
                        sa.enabled_flag            = 'Y' AND
                        eu.UNIT_ID                 =ep.UNIT_ID AND
                        sa.position_id             =ep.POSITION_ID AND
                        er.responsibility_center_id=eu.responsibility_center_id
                    ) responsibility_center_name,
                    (SELECT
                        tv.payment_flag
                    FROM
                        exp_expense_report_types_vl tv
                    WHERE
                        tv.expense_report_type_id =h.exp_report_type_id
                    ) payment_flag,
                    (SELECT
                        ees.name
                    FROM
                        exp_employees ees ,
                        sys_user su
                    WHERE
                        ees.employee_id=su.employee_id AND
                        su.user_id     =h.created_by
                    ) exp_report_create_by,
                    (SELECT
                        sv.code_value_name
                    FROM
                        sys_code_values_vl sv,
                        sys_codes sc
                    WHERE
                        sv.code_id   =sc.code_id AND
                        sc.code      ='EXP_EXPENSE_REPORT_STATUS' AND
                        sv.code_value=h.report_status
                    ) exp_report_status,
                    h.period_name,
                    h.exp_report_number,
                    h.payment_method_id,
                    (SELECT
                        description
                    FROM
                        csh_payment_methods_vl vv
                    WHERE
                        vv.payment_method_id=h.payment_method_id
                    ) exp_report_payment_method,
                    description exp_report_description,
              2018-10-19 09:43:29.919 [aurora.database] [CONFIG] ===================================== prepare to run model-query expm.exp_report_head_dimension==============================
2018-10-19 09:43:29.923 [uncertain.proc] [CONFIG] [action] DecideSqlGenerationMode
2018-10-19 09:43:29.923 [uncertain.proc] [FINE] aurora.database.service.BusinessModelService.onDecideSqlGenerationMode
2018-10-19 09:43:29.923 [uncertain.proc] [CONFIG] [action] CreateOperationSql
2018-10-19 09:43:29.923 [uncertain.proc] [CONFIG] [action] PopulateOperationSql
2018-10-19 09:43:29.923 [uncertain.proc] [FINE] aurora.database.features.OrderByClauseCreator.onPopulateOperationSql
2018-10-19 09:43:29.923 [uncertain.proc] [FINE] aurora.database.features.WhereClauseCreator.onPopulateOperationSql
2018-10-19 09:43:29.923 [uncertain.proc] [CONFIG] [action] ExecuteQuery
2018-10-19 09:43:29.923 [uncertain.proc] [FINE] aurora.bm.QuerySqlCreator.onExecuteQuery
2018-10-19 09:43:29.926 [uncertain.proc] [CONFIG] [action] QueryFinish
2018-10-19 09:43:29.926 [uncertain.proc] [FINE] aurora.database.features.AutoQueryCounter.onQueryFinish
2018-10-19 09:43:29.926 [uncertain.proc] [CONFIG] [action] FetchResultSet
2018-10-19 09:43:29.926 [uncertain.proc] [FINE] aurora.database.features.CacheBasedLookUpField.postFetchResultSet
2018-10-19 09:43:29.926 [aurora.database] [CONFIG] 
============= BEGIN [query] SQL Statement execution dump ============

                SELECT
                    *
                FROM
                    (SELECT
                        fv.description,
                        fv.dimension_id,
                        'd'
                        ||fv.dimension_sequence dimension_code,
                        'e'
                        ||fv.dimension_sequence dimension_code1,
                        fdv.dimension_value_code,
                        fdv.description value_description,
                        er.default_dim_value_id,
                        er.layout_priority
                    FROM
                        exp_rep_ref_dimensions er,
                        fnd_dimension_values_vl fdv,
                        fnd_dimensions_vl fv
                    WHERE
                        er.dimension_id          = fv.dimension_id AND
                        er.default_dim_value_id  = fdv.dimension_value_id(+) AND
                        er.layout_position       ='DOCUMENTS_HEAD' AND
                        er.expense_report_type_id=?
                    UNION
                    SELECT DISTINCT
                        fdl.description,
                        fdl.dimension_id ,
                        'd'
                        || fdl.dimension_sequence dimension_code,
                        'e'
                        || fdl.dimension_sequence dimension_code1,
                        fdv.dimension_value_code,
                        fdv.description value_description,
                        fnd_dimension_tools.get_dimension_sequnce_r(ers.exp_report_line_id, fdl.dimension_sequence) default_dim_value_id,
                        edl.layout_priority
                    FROM
                        exp_rep_dimension_layouts edl,
                        exp_report_lines ers,
                        fnd_dimensions_vl fdl,
                        fnd_dimension_values_vl fdv
                    WHERE
                        edl.exp_report_header_id                                                          = ? AND
                        edl.exp_report_header_id                                                          = ers.exp_report_header_id AND
                        fdl.dimension_id                                                                  = edl.dimension_id AND
                        edl.layout_position                                                               = 'DOCUMENTS_HEAD' AND
                        fdv.dimension_value_id                                                            = fnd_dimension_tools.get_dimension_sequnce_r(ers.exp_report_line_id, fdl.dimension_sequence) AND
                        exp_report_util_pkg.get_release_dimsion_count(?)=1
                    UNION
                    SELECT
                        fv.description,
                        fv.dimension_id,
                        'd'
                        ||fv.dimension_sequence dimension_code,
                        'e'
                        ||fv.dimension_sequence dimension_code1,
                        fdv.dimension_value_code,
                        fdv.description value_description,
                        er.default_dim_value_id default_dim_value_id,
                        er.layout_priority
                    FROM
                        exp_rep_ref_dimensions er,
                        fnd_dimension_values_vl fdv,
                        fnd_dimensions_vl fv
                    WHERE
                        er.dimension_id          = fv.dimension_id AND
                        er.default_dim_value_id  = fdv.dimension_value_id(+) AND
                        er.layout_position       ='DOCUMENTS_HEAD' AND
                        er.expense_report_type_id=
                        (SELECT
                            erh.exp_report_type_id
                        FROM
                            exp_report_headers erh
                        WHERE
                            erh.exp_report_header_id=?
                        ) AND
                        DECODE(exp_2018-10-19 09:43:29.926 [aurora.database] [CONFIG] 
============= BEGIN [query] SQL Statement execution dump ============

                SELECT
                    *
                FROM
                    (SELECT
                        fv.description,
                        fv.dimension_id,
                        'd'
                        ||fv.dimension_sequence dimension_code,
                        'e'
                        ||fv.dimension_sequence dimension_code1,
                        fdv.dimension_value_code,
                        fdv.description value_description,
                        er.default_dim_value_id,
                        er.layout_priority
                    FROM
                        exp_rep_ref_dimensions er,
                        fnd_dimension_values_vl fdv,
                        fnd_dimensions_vl fv
                    WHERE
                        er.dimension_id          = fv.dimension_id AND
              2018-10-19 09:43:29.926 [aurora.database] [CONFIG] ===================================== prepare to run model-query expm.exp_report_head_object==============================
2018-10-19 09:43:29.930 [uncertain.proc] [CONFIG] [action] DecideSqlGenerationMode
2018-10-19 09:43:29.930 [uncertain.proc] [FINE] aurora.database.service.BusinessModelService.onDecideSqlGenerationMode
2018-10-19 09:43:29.930 [uncertain.proc] [CONFIG] [action] CreateOperationSql
2018-10-19 09:43:29.930 [uncertain.proc] [CONFIG] [action] PopulateOperationSql
2018-10-19 09:43:29.930 [uncertain.proc] [FINE] aurora.database.features.OrderByClauseCreator.onPopulateOperationSql
2018-10-19 09:43:29.930 [uncertain.proc] [FINE] aurora.database.features.WhereClauseCreator.onPopulateOperationSql
2018-10-19 09:43:29.930 [uncertain.proc] [CONFIG] [action] ExecuteQuery
2018-10-19 09:43:29.930 [uncertain.proc] [FINE] aurora.bm.QuerySqlCreator.onExecuteQuery
2018-10-19 09:43:29.932 [uncertain.proc] [CONFIG] [action] QueryFinish
2018-10-19 09:43:29.932 [uncertain.proc] [FINE] aurora.database.features.AutoQueryCounter.onQueryFinish
2018-10-19 09:43:29.932 [uncertain.proc] [CONFIG] [action] FetchResultSet
2018-10-19 09:43:29.932 [uncertain.proc] [FINE] aurora.database.features.CacheBasedLookUpField.postFetchResultSet
2018-10-19 09:43:29.932 [aurora.database] [CONFIG] 
============= BEGIN [query] SQL Statement execution dump ============

                SELECT
                    *
                FROM
                    (SELECT
                        t.expense_object_type_id,
                        t.layout_position,
                        t.layout_priority,
                        t.default_object_id,
                        exp_expense_object_types_pkg.get_object_code(t.expense_object_type_id, t.default_object_id) default_object_code,
                        exp_expense_object_types_pkg.get_object_description(t.expense_object_type_id, t.default_object_id) default_object_desc,
                        '^#'
                        ||v.expense_object_type_id AS expense_object_type_code,
                        v.description,
                        v.expense_object_method,
                        '#'
                        ||t.expense_object_type_id forname,
                        DECODE(t.required_flag, 'Y', 'true', NULL) required_flag,
                        DECODE(v.expense_object_method, 'DESC_TEXT','textfield','lov') EOM
                    FROM
                        exp_report_ref_object_types t,
                        exp_expense_object_types_vl v
                    WHERE
                        t.expense_object_type_id = v.expense_object_type_id AND
                        t.expense_report_type_id =? AND
                        t.layout_position        ='DOCUMENTS_HEAD'
                    UNION ALL
                    SELECT
                        eol.expense_object_type_id,
                        eol.layout_position,
                        eol.layout_priority,
                        ero.expense_object_id default_object_id,
                        exp_expense_object_types_pkg.get_object_code(eol.expense_object_type_id, ero.expense_object_id) default_object_code,
                        NVL(exp_expense_object_types_pkg.get_object_description(eol.expense_object_type_id, ero.expense_object_id),ero.expense_object_desc) default_object_desc,
                        '^#'
                        ||v.expense_object_type_id AS expense_object_type_code,
                        v.description,
                        v.expense_object_method,
                        '#'
                        ||eol.expense_object_type_id forname,
                        DECODE(erot.required_flag, 'Y', 'true', NULL) required_flag,
                        '' EOM
                    FROM
                        exp_report_objects_layouts eol,
                        exp_report_objects ero,
                        exp_expense_object_types_vl v,
                        exp_report_ref_object_types erot,
                        exp_report_headers h
                    WHERE
                        eol.exp_report_header_id    = ? AND
                        eol.exp_report_header_id    = h.exp_report_header_id AND
                        eol.layout_position         = 'DOCUMENTS_HEAD' AND
                        eol.exp_report_header_id    = ero.exp_report_header_id AND
                        erot.expense_object_type_id = ero.expense_object_type_id AND
                        erot.expense_report_type_id = h.exp_report_type_id AND
                        eol.expense_object_type_id  = ero.expense_object_type_id AND
                        ero.exp_report_line_id     IS NULL AND
                        eol.expense_object_type_id  = v.expense_object_type_id 
                    ) t
                ORDER BY
                    t.layout_priority
            
---------------------Binding info---------------------
No.1	Access path:/parameter/@expense_report_type_id	Data type of passed value :[null]	Value:null	Output:false	Database Type:null	
No.2	Access path:/parameter/@exp_report_header_id	Data type of passed value :java.lang.String	Value:1914	Output:false	Database Type:null	

=============== END [query] SQL Statement execution dump ============

2018-10-19 09:43:29.932 [aurora.database] [CONFIG] ===================================== prepare to run model-query expm.exp_report_line_dimension==============================
2018-10-19 09:43:29.935 [uncertain.proc] [CONFIG] [action] DecideSqlGenerationMode
2018-10-19 09:43:29.935 [uncertain.proc] [FINE] aurora.database.service.BusinessModelService.onDecideSqlGenerationMode
2018-10-19 09:43:29.935 [uncertain.proc] [CONFIG] [action] CreateOperationSql
2018-10-19 09:43:29.935 [uncertain.proc] [CONFIG] [action] PopulateOperationSql
2018-10-19 09:43:29.935 [uncertain.proc] [FINE] aurora.database.features.OrderByClauseCreator.onPopulateOperationSql
2018-10-19 09:43:29.935 [uncertain.proc] [FINE] aurora.database.features.WhereClauseCreator.onPopulateOperationSql
2018-10-19 09:43:29.935 [uncertain.proc] [CONFIG] [action] ExecuteQuery
2018-10-19 09:43:29.935 [uncertain.proc] [FINE] aurora.bm.QuerySqlCreator.onExecuteQuery
2018-10-19 09:43:29.936 [uncertain.proc] [CONFIG] [action] QueryFinish
2018-10-19 09:43:29.936 [uncertain.proc] [FINE] aurora.database.features.AutoQueryCounter.onQueryFinish
2018-10-19 09:43:29.936 [uncertain.proc] [CONFIG] [action] FetchResultSet
2018-10-19 09:43:29.936 [uncertain.proc] [FINE] aurora.database.features.CacheBasedLookUpField.postFetchResultSet
2018-10-19 09:43:29.936 [aurora.database] [CONFIG] 
============= BEGIN [query] SQL Statement execution dump ============

                SELECT
                    *
                FROM
                    (SELECT
                        fv.description,
                        fv.dimension_id,
                        'd'
                        ||fv.dimension_sequence dimension_code,
                        'e'
                        ||fv.dimension_sequence dimension_code1,
                        fdv.dimension_value_code,
                        fdv.description value_description,
                        er.default_dim_value_id,
                        layout_priority,
                        er.expense_report_type_id as expense_report_type_id
                    FROM
                        exp_rep_ref_dimensions er,
                        fnd_dimension_values_vl fdv,
                        fnd_dimensions_vl fv
                    WHERE
                        er.dimension_id         = fv.dimension_id AND
                        er.default_dim_value_id = fdv.dimension_value_id(+) AND
                        er.layout_position      ='DOCUMENTS_LINE' AND
                        expense_report_type_id  =?
                    UNION
                    SELECT
                        fv.description,
                        edl.dimension_id,
                        'd'
                        ||fv.dimension_sequence dimension_code,
                        'e'
                        ||fv.dimension_sequence dimension_code1,
                        fdv.dimension_value_code,
                        fdv.description value_description,
                        edl.default_dim_value_id,
                        layout_priority,
                        h.exp_report_type_id as expense_report_type_id
                    FROM
                        exp_rep_dimension_layouts edl,
                        fnd_dimensions_vl fv,
                        fnd_dimension_values_vl fdv,
                        exp_report_headers h
                    WHERE
                        edl.dimension_id         =fv.dimension_id AND
                        edl.exp_report_header_id =? AND
                        edl.exp_report_header_id = h.exp_report_header_id AND
                        edl.layout_position      ='DOCUMENTS_LINE' AND
                        edl.default_dim_value_id =fdv.dimension_value_id(+)
                    ) vv 
                ORDER BY
                    layout_priority
            
---------------------Binding info---------------------
No.1	Access path:/parameter/@expense_report_type_id	Data type of passed value :[null]	Value:null	Output:false	Database Type:null	
No.2	Access path:/parameter/@exp_report_header_id	Data type of passed value :java.lang.String	Value:1914	Output:false	Database Type:null	

=============== END [query] SQL Statement execution dump ============

2018-10-19 09:43:29.936 [aurora.database] [CONFIG] ===================================== prepare to run model-query expm.exp_report_line_object==============================
2018-10-19 09:43:29.940 [uncertain.proc] [CONFIG] [action] DecideSqlGenerationMode
2018-10-19 09:43:29.940 [uncertain.proc] [FINE] aurora.database.service.BusinessModelService.onDecideSqlGenerationMode
2018-10-19 09:43:29.940 [uncertain.proc] [CONFIG] [action] CreateOperationSql
2018-10-19 09:43:29.940 [uncertain.proc] [CONFIG] [action] PopulateOperationSql
2018-10-19 09:43:29.940 [uncertain.proc] [FINE] aurora.database.features.OrderByClauseCreator.onPopulateOperationSql
2018-10-19 09:43:29.940 [uncertain.proc] [FINE] aurora.database.features.WhereClauseCreator.onPopulateOperationSql
2018-10-19 09:43:29.940 [uncertain.proc] [CONFIG] [action] ExecuteQuery
2018-10-19 09:43:29.940 [uncertain.proc] [FINE] aurora.bm.QuerySqlCreator.onExecuteQuery
2018-10-19 09:43:29.941 [uncertain.proc] [CONFIG] [action] QueryFinish
2018-10-19 09:43:29.941 [uncertain.proc] [FINE] aurora.database.features.AutoQueryCounter.onQueryFinish
2018-10-19 09:43:29.941 [uncertain.proc] [CONFIG] [action] FetchResultSet
2018-10-19 09:43:29.941 [uncertain.proc] [FINE] aurora.database.features.CacheBasedLookUpField.postFetchResultSet
2018-10-19 09:43:29.941 [aurora.database] [CONFIG] 
============= BEGIN [query] SQL Statement execution dump ============

                SELECT
                    *
                FROM
                    (SELECT
                        t.expense_object_type_id,
                        t.default_object_id,
                        '#'
                        ||t.expense_object_type_id forname,
                        exp_expense_object_types_pkg.get_object_code(t.expense_object_type_id, t.default_object_id) default_object_code,
                        exp_expense_object_types_pkg.get_object_description(t.expense_object_type_id, t.default_object_id) default_object_desc,
                        '^#'
                        ||v.expense_object_type_id AS expense_object_type_code,
                        v.description,
                        v.expense_object_method,
                        DECODE(v.expense_object_method, 'DESC_TEXT','textfield','lov') EOM,
                        DECODE(t.required_flag, 'Y', 'true', NULL) required_flag,
                        t.layout_priority,
                        t.expense_report_type_id as expense_report_type_id
                    FROM
                        exp_report_ref_object_types t,
                        exp_expense_object_types_vl v
                    WHERE
                        t.expense_object_type_id = v.expense_object_type_id AND
                        t.expense_report_type_id = ? AND
                        t.layout_position        ='DOCUMENTS_LINE'
                    UNION
                    SELECT
                        eol.expense_object_type_id,
                        eol.default_object_id,
                        '#'
                        || eol.expense_object_type_id forname,
                        exp_expense_object_types_pkg.get_object_code(eol.expense_object_type_id, eol.default_object_id) default_object_code,
                        exp_expense_object_types_pkg.get_object_description(eol.expense_object_type_id, eol.default_object_id) default_object_desc,
                        '^#'
                        ||v.expense_object_type_id AS expense_object_type_code,
                        v.description,
                        v.expense_object_method,
                        DECODE(v.expense_object_method, 'DESC_TEXT', 'textfield', 'lov') EOM,
                        DECODE(erot.required_flag, 'Y', 'true', NULL) required_flag,
                        eol.layout_priority,
                        h.exp_report_type_id as expense_report_type_id
                    FROM
                        exp_report_objects_layouts eol,
                        exp_report_ref_object_types erot,
                        exp_expense_object_types_vl v,
                        exp_report_headers h
                    WHERE
                        eol.exp_report_header_id    = ? AND
                        eol.exp_report_header_id    = h.exp_report_header_id AND
                        eol.layout_position         = 'DOCUMENTS_LINE' AND
                        eol.expense_object_type_id  = v.expense_object_type_id AND
                        erot.expense_object_type_id = eol.expense_object_type_id AND
                        erot.expense_report_type_id = h.exp_report_type_id
                    )v 
                ORDER BY
                    v.layout_priority
            
---------------------Binding info---------------------
No.1	Access path:/parameter/@expense_report_type_id	Data type of passed value :[null]	Value:null	Output:false	Database Type:null	
No.2	Access path:/parameter/@exp_report_header_id	Data type of passed value :java.lang.String	Value:1914	Output:false	Database Type:null	

=============== END [query] SQL Statement execution dump ============

2018-10-19 09:43:29.941 [aurora.database] [CONFIG] ===================================== prepare to run model-query expm.expm_get_policy_enabled==============================
2018-10-19 09:43:29.944 [uncertain.proc] [CONFIG] [action] DecideSqlGenerationMode
2018-10-19 09:43:29.944 [uncertain.proc] [FINE] aurora.database.service.BusinessModelService.onDecideSqlGenerationMode
2018-10-19 09:43:29.944 [uncertain.proc] [CONFIG] [action] CreateOperationSql
2018-10-19 09:43:29.944 [uncertain.proc] [CONFIG] [action] PopulateOperationSql
2018-10-19 09:43:29.944 [uncertain.proc] [FINE] aurora.database.features.OrderByClauseCreator.onPopulateOperationSql
2018-10-19 09:43:29.944 [uncertain.proc] [FINE] aurora.database.features.WhereClauseCreator.onPopulateOperationSql
2018-10-19 09:43:29.944 [uncertain.proc] [CONFIG] [action] ExecuteQuery
2018-10-19 09:43:29.944 [uncertain.proc] [FINE] aurora.bm.QuerySqlCreator.onExecuteQuery
2018-10-19 09:43:29.944 [uncertain.proc] [CONFIG] [action] QueryFinish
2018-10-19 09:43:29.944 [uncertain.proc] [FINE] aurora.database.features.AutoQueryCounter.onQueryFinish
2018-10-19 09:43:29.944 [uncertain.proc] [CONFIG] [action] FetchResultSet
2018-10-19 09:43:29.944 [uncertain.proc] [FINE] aurora.database.features.CacheBasedLookUpField.postFetchResultSet
2018-10-19 09:43:29.945 [aurora.database] [CONFIG] 
============= BEGIN [query] SQL Statement execution dump ============

            select sys_parameter_pkg.value('FND_POLICY_PLACE_MASTER_DATA_ENABLED') 
            POLICY_ENABLED from dual	
---------------------Binding info---------------------
null
=============== END [query] SQL Statement execution dump ============

2018-10-19 09:43:29.945 [aurora.database] [CONFIG] ===================================== prepare to run model-query expm.exp_rep_att_exist==============================
2018-10-19 09:43:29.947 [uncertain.proc] [CONFIG] [action] DecideSqlGenerationMode
2018-10-19 09:43:29.947 [uncertain.proc] [FINE] aurora.database.service.BusinessModelService.onDecideSqlGenerationMode
2018-10-19 09:43:29.947 [uncertain.proc] [CONFIG] [action] CreateOperationSql
2018-10-19 09:43:29.947 [uncertain.proc] [CONFIG] [action] PopulateOperationSql
2018-10-19 09:43:29.947 [uncertain.proc] [FINE] aurora.database.features.OrderByClauseCreator.onPopulateOperationSql
2018-10-19 09:43:29.947 [uncertain.proc] [FINE] aurora.database.features.WhereClauseCreator.onPopulateOperationSql
2018-10-19 09:43:29.947 [uncertain.proc] [CONFIG] [action] ExecuteQuery
2018-10-19 09:43:29.948 [uncertain.proc] [FINE] aurora.bm.QuerySqlCreator.onExecuteQuery
2018-10-19 09:43:29.948 [uncertain.proc] [CONFIG] [action] QueryFinish
2018-10-19 09:43:29.948 [uncertain.proc] [FINE] aurora.database.features.AutoQueryCounter.onQueryFinish
2018-10-19 09:43:29.948 [uncertain.proc] [CONFIG] [action] FetchResultSet
2018-10-19 09:43:29.948 [uncertain.proc] [FINE] aurora.database.features.CacheBasedLookUpField.postFetchResultSet
2018-10-19 09:43:29.948 [aurora.database] [CONFIG] 
============= BEGIN [query] SQL Statement execution dump ============

			select decode(count(1), 0, 0, 1) as exists_flag, count(1) as attachments
              from fnd_atm_attachment_multi m
             where m.table_name = 'EXP_REPORT_HEADERS'
               and m.table_pk_value = nvl(?,?)
			
---------------------Binding info---------------------
No.1	Access path:@exp_report_header_id	Data type of passed value :java.lang.String	Value:1914	Output:false	Database Type:null	
No.2	Access path:@head_id	Data type of passed value :[null]	Value:null	Output:false	Database Type:null	

=============== END [query] SQL Statement execution dump ============

2018-10-19 09:43:29.948 [aurora.database] [CONFIG] ===================================== prepare to run model-query csh.CSH1075.csh_default_flowitems_lov==============================
2018-10-19 09:43:29.985 [uncertain.proc] [CONFIG] [action] DecideSqlGenerationMode
2018-10-19 09:43:29.985 [uncertain.proc] [FINE] aurora.database.service.BusinessModelService.onDecideSqlGenerationMode
2018-10-19 09:43:29.985 [uncertain.proc] [CONFIG] [action] CreatequeryStatement
2018-10-19 09:43:29.985 [uncertain.proc] [FINE] aurora.bm.QuerySqlCreator.onCreateQueryStatement
2018-10-19 09:43:29.985 [uncertain.proc] [CONFIG] [action] PopulatequeryStatement
2018-10-19 09:43:29.985 [uncertain.proc] [FINE] aurora.database.features.OrderByClauseCreator.onPopulateQueryStatement
2018-10-19 09:43:29.985 [uncertain.proc] [FINE] aurora.database.features.WhereClauseCreator.onPopulateQueryStatement
2018-10-19 09:43:29.985 [uncertain.proc] [CONFIG] [action] CreatequerySql
2018-10-19 09:43:29.985 [uncertain.proc] [FINE] aurora.bm.QuerySqlCreator.onCreateQuerySql
2018-10-19 09:43:29.985 [uncertain.proc] [CONFIG] [action] ExecuteQuery
2018-10-19 09:43:29.985 [uncertain.proc] [FINE] aurora.bm.QuerySqlCreator.onExecuteQuery
2018-10-19 09:43:29.991 [uncertain.proc] [CONFIG] [action] QueryFinish
2018-10-19 09:43:29.991 [uncertain.proc] [FINE] aurora.database.features.AutoQueryCounter.onQueryFinish
2018-10-19 09:43:29.991 [uncertain.proc] [CONFIG] [action] FetchResultSet
2018-10-19 09:43:29.991 [uncertain.proc] [FINE] aurora.database.features.CacheBasedLookUpField.postFetchResultSet
2018-10-19 09:43:29.991 [aurora.database] [CONFIG] 
============= BEGIN [query] SQL Statement execution dump ============
SELECT t1.DEFAULT_ID,t1.DEFAULT_TYPE,t1.DEFAULT_CODE,t1.CASH_FLOW_ITEM_ID,(select cv.description from csh_cash_flow_items_vl cv where cv.cash_flow_item_id=t1.cash_flow_item_id) AS cash_flow_item_description,t1.DEFAULT_FLAG,t1.ENABLED_FLAG
FROM CSH_DEFAULT_FLOWITEMS t1
WHERE  t1.enabled_flag ='Y' AND default_type = 'PAYMENT_USEDES' and default_flag = 'Y'and enabled_flag = 'Y'
---------------------Binding info---------------------
null
=============== END [query] SQL Statement execution dump ============

2018-10-19 09:43:29.991 [aurora.database] [CONFIG] ===================================== prepare to run model-query expm.exp_report_get_check_log_count==============================
2018-10-19 09:43:29.995 [uncertain.proc] [CONFIG] [action] DecideSqlGenerationMode
2018-10-19 09:43:29.995 [uncertain.proc] [FINE] aurora.database.service.BusinessModelService.onDecideSqlGenerationMode
2018-10-19 09:43:29.995 [uncertain.proc] [CONFIG] [action] CreateOperationSql
2018-10-19 09:43:29.995 [uncertain.proc] [CONFIG] [action] PopulateOperationSql
2018-10-19 09:43:29.995 [uncertain.proc] [FINE] aurora.database.features.OrderByClauseCreator.onPopulateOperationSql
2018-10-19 09:43:29.995 [uncertain.proc] [FINE] aurora.database.features.WhereClauseCreator.onPopulateOperationSql
2018-10-19 09:43:29.995 [uncertain.proc] [CONFIG] [action] ExecuteQuery
2018-10-19 09:43:29.995 [uncertain.proc] [FINE] aurora.bm.QuerySqlCreator.onExecuteQuery
2018-10-19 09:43:30.2 [uncertain.proc] [CONFIG] [action] QueryFinish
2018-10-19 09:43:30.2 [uncertain.proc] [FINE] aurora.database.features.AutoQueryCounter.onQueryFinish
2018-10-19 09:43:30.3 [uncertain.proc] [CONFIG] [action] FetchResultSet
2018-10-19 09:43:30.3 [uncertain.proc] [FINE] aurora.database.features.CacheBasedLookUpField.postFetchResultSet
2018-10-19 09:43:30.3 [aurora.database] [CONFIG] 
============= BEGIN [query] SQL Statement execution dump ============

                SELECT
                    (SELECT
                        COUNT(1)
                    FROM
                        bgt_check_logs l
                    WHERE
                        l.document_type = 'EXP_REPORT' AND
                        l.document_id   = NVL(?,?)
                    ) +
                    (SELECT
                        COUNT(1)
                    FROM
                        (SELECT
                            *
                        FROM
                            (SELECT
                                a.record_id,
                                a.event_name,
                                b.event_desc,
                                a.event_type,
                                a.event_param AS doc_header_id,
                                to_number(a.param1) AS doc_line_id,
                                a.event_source AS source_from,
                                a.param1,
                                a.param2,
                                a.param3,
                                a.param4,
                                a.param5,
                                a.param6,
                                a.param7,
                                a.param8,
                                a.created_by,
                                a.creation_date,
                                a.last_updated_by,
                                a.last_update_date
                            FROM
                                evt_event_record a,
                                evt_event b
                            WHERE
                                a.event_source   IN ('EXP_REQUISITION', 'EXP_REPORT', 'EXP_TRAVEL_PLAN') AND
                                a.event_name NOT IN ('EXP_REQUISITION', 'EXP_REPORT', 'EXP_TRAVEL_PLAN', 'EXP_REPORT_LINES_POST_MODIFY', 'EXP_REPORT_SUBMIT', 'EXP_REQUISITION_SUBMIT', 'EXP_REPORT_POST_AUDIT', 'EXP_REPORT_REJECT_AUDIT', 'EXP_REPORT_CREATE_ACCOUNTS', 'EXP_REPORT_DISTS_POST_MODIFY' ) AND
                                a.event_name      = b.event_name(+)
                            ) v
                        WHERE
                            v.record_id IN
                            (SELECT
                                MAX(r.record_id)
                            FROM
                                evt_event_record r
                            WHERE
                                r.event_param  = NVL(?,?) AND
                                r.event_source = 'EXP_REPORT'
                            GROUP BY
                                r.event_param,
                                r.param1,
                                r.event_source
                            )
                        ) bv,
                        exp_document_all_v eda
                    WHERE
                        bv.doc_header_id = eda.header_id AND
                        bv.source_from   = eda.source_from AND
                        bv.doc_line_id   = eda.doc_line_id
                    ) AS check_count
                FROM
                    dual
            
---------------------Binding info---------------------
No.1	Access path:/parameter/@exp_report_header_id	Data type of passed value :java.lang.String	Value:1914	Output:false	Database Type:null	
No.2	Access path:/parameter/@head_id	Data type of passed value :[null]	Value:null	Output:false	Database Type:null	
No.3	Access path:/parameter/@exp_report_header_id	Data type of passed value :java.lang.String	Value:1914	Output:false	Database Type:null	
No.4	Access path:/parameter/@head_id	Data type of passed value :[null]	Value:null	Output:false	Database Type:null	

=============== END [query] SQL Statement execution dump ============

2018-10-19 09:43:30.3 [uncertain.proc] [CONFIG] [action] CreateView
2018-10-19 09:43:30.4 [uncertain.proc] [CONFIG] [action] BuildOutputContent
2018-10-19 09:43:30.21 [uncertain.proc] [CONFIG] [action] DecideSqlGenerationMode
2018-10-19 09:43:30.21 [uncertain.proc] [FINE] aurora.database.service.BusinessModelService.onDecideSqlGenerationMode
2018-10-19 09:43:30.21 [uncertain.proc] [CONFIG] [action] CreatequeryStatement
2018-10-19 09:43:30.21 [uncertain.proc] [FINE] aurora.bm.QuerySqlCreator.onCreateQueryStatement
2018-10-19 09:43:30.21 [uncertain.proc] [CONFIG] [action] PopulatequeryStatement
2018-10-19 09:43:30.21 [uncertain.proc] [FINE] aurora.database.features.OrderByClauseCreator.onPopulateQueryStatement
2018-10-19 09:43:30.21 [uncertain.proc] [FINE] aurora.database.features.WhereClauseCreator.onPopulateQueryStatement
2018-10-19 09:43:30.22 [uncertain.proc] [CONFIG] [action] CreatequerySql
2018-10-19 09:43:30.22 [uncertain.proc] [FINE] aurora.bm.QuerySqlCreator.onCreateQuerySql
2018-10-19 09:43:30.22 [uncertain.proc] [CONFIG] [action] ExecuteQuery
2018-10-19 09:43:30.22 [uncertain.proc] [FINE] aurora.bm.QuerySqlCreator.onExecuteQuery
2018-10-19 09:43:30.22 [uncertain.proc] [CONFIG] [action] QueryFinish
2018-10-19 09:43:30.22 [uncertain.proc] [FINE] aurora.database.features.AutoQueryCounter.onQueryFinish
2018-10-19 09:43:30.22 [uncertain.proc] [CONFIG] [action] FetchResultSet
2018-10-19 09:43:30.22 [uncertain.proc] [FINE] aurora.database.features.CacheBasedLookUpField.postFetchResultSet
2018-10-19 09:43:30.22 [aurora.database] [CONFIG] 
============= BEGIN [query] SQL Statement execution dump ============
SELECT f.service_id,f.service_name,f.is_entry_page,f.is_access_checked,f.is_login_required,f.is_system_access,? AS language,(select d.description_text from fnd_descriptions d where d.description_id = f.title_id and d.language = ?) AS title,f.title_id,f.weixin_flag
FROM sys_service f
WHERE f.service_name = ?
ORDER BY service_name
---------------------Binding info---------------------
No.1	Access path:/session/@lang	Data type of passed value :java.lang.String	Value:ZHS	Output:false	Database Type:null	
No.2	Access path:/session/@lang	Data type of passed value :java.lang.String	Value:ZHS	Output:false	Database Type:null	
No.3	Access path:@service_name	Data type of passed value :java.lang.String	Value:modules/expm/public/exp_report_readonly_wfl_edit_for_expense_journal_adjust.screen	Output:false	Database Type:null	

=============== END [query] SQL Statement execution dump ============

             WHERE
                            v.record_id IN
                            (SELECT
                                MAX(r.record_id)
                            FROM
                                evt_event_record r
                            WHERE
                                r.event_param  = NVL(?,?) AND
                                r.event_source = 'EXP_REPORT'
                            GROUP BY
                                r.event_param,
                                r.param1,
                                r.event_source
                            )
                        ) bv,
                        exp_document_all_v eda
                    WHERE
                        bv.doc_header_id = eda.header_id AND
                        bv.source_from   = eda.source_from AND
                        bv.doc_line_id   = eda.doc_line_id
                    ) AS check_count
                FROM
                    dual
            
---------------------Binding info---------------------
No.1	Access path:/parameter/@exp_report_header_id	Data type of passed value :java.lang.String	Value:1914	Output:false	Database Type:null	
No.2	Access path:/parameter/@head_id	Data type of passed value :[null]	Value:null	Output:false	Database Type:null	
No.3	Access path:/parameter/@exp_report_header_id	Data type of passed value :java.lang.String	Value:1914	Output:false	Database Type:null	
No.4	Access path:/parameter/@head_id	Data type of passed value :[null]	Value:null	Output:false	Database Type:null	

=============== END [query] SQL Statement execution dump ============

2018-10-19 09:43:30.3 [uncertain.proc] [CONFIG] [action] CreateView
2018-10-19 09:43:30.4 [uncertain.proc] [CONFIG] [action] BuildOutputContent
2018-10-19 09:43:30.4 [aurora.presentation.buildsession] [CONFIG] Start build session
2018-10-19 09:43:30.4 [aurora.presentation.buildsession] [CONFIG] building view: <html-page> -> aurora.presentation.component.HtmlPage@70332f0
2018-10-19 09:43:30.4 [aurora.presentation.buildsession] [CONFIG] building view: <link> -> aurora.presentation.TemplateBasedView@3dda489e
2018-10-19 09:43:30.4 [aurora.presentation.buildsession] [CONFIG] building view: <link> -> aurora.presentation.TemplateBasedView@3dda489e
2018-10-19 09:43:30.4 [aurora.presentation.buildsession] [CONFIG] building view: <link> -> aurora.presentation.TemplateBasedView@3dda489e
2018-10-19 09:43:30.4 [aurora.presentation.buildsession] [CONFIG] building view: <link> -> aurora.presentation.TemplateBasedView@3dda489e
2018-10-19 09:43:30.4 [aurora.presentation.buildsession] [CONFIG] building view: <link> -> aurora.presentation.TemplateBasedView@3dda489e
2018-10-19 09:43:30.4 [aurora.presentation.buildsession] [CONFIG] building view: <link> -> aurora.presentation.TemplateBasedView@3dda489e
2018-10-19 09:43:30.5 [aurora.presentation.buildsession] [CONFIG] building view: <link> -> aurora.presentation.TemplateBasedView@3dda489e
2018-10-19 09:43:30.5 [aurora.presentation.buildsession] [CONFIG] building view: <link> -> aurora.presentation.TemplateBasedView@3dda489e
2018-10-19 09:43:30.5 [aurora.presentation.buildsession] [CONFIG] building view: <link> -> aurora.presentation.TemplateBasedView@3dda489e
2018-10-19 09:43:30.5 [aurora.presentation.buildsession] [CONFIG] building view: <link> -> aurora.presentation.TemplateBasedView@3dda489e
2018-10-19 09:43:30.5 [aurora.presentation.buildsession] [CONFIG] building view: <link> -> aurora.presentation.TemplateBasedView@3dda489e
2018-10-19 09:43:30.5 [aurora.presentation.buildsession] [CONFIG] building view: <link> -> aurora.presentation.TemplateBasedView@3dda489e
2018-10-19 09:43:30.5 [aurora.presentation.buildsession] [CONFIG] building view: <script> -> aurora.presentation.DefaultViewBuilder@35f5c5a3
2018-10-19 09:43:30.6 [aurora.presentation.buildsession] [CONFIG] building view: <dataSets> -> aurora.application.features.DataSetInit@68eebf18
2018-10-19 09:43:30.6 [aurora.presentation.buildsession] [CONFIG] building view: <dataSet> -> aurora.presentation.TemplateBasedView@3dda489e
2018-10-19 09:43:30.6 [aurora.presentation.buildsession] [CONFIG] building view: <dataSet> -> aurora.presentation.TemplateBasedView@3dda489e
2018-10-19 09:43:30.7 [aurora.presentation.buildsession] [CONFIG] building view: <dataSet> -> aurora.presentation.TemplateBasedView@3dda489e
2018-10-19 09:43:30.8 [aurora.presentation.buildsession] [CONFIG] building view: <dataSet> -> aurora.presentation.TemplateBasedView@3dda489e
2018-10-19 09:43:30.8 [aurora.presentation.buildsession] [CONFIG] building view: <dataSet> -> aurora.presentation.TemplateBasedView@3dda489e
2018-10-19 09:43:30.16 [aurora.presentation.buildsession] [CONFIG] building view: <dataSet> -> aurora.presentation.TemplateBasedView@3dda489e
2018-10-19 09:43:30.18 [aurora.presentation.buildsession] [CONFIG] building view: <screenBody> -> aurora.presentation.component.std.ScreenBody@48de00e6
2018-10-19 09:43:30.18 [aurora.presentation.buildsession] [CONFIG] building view: <screenTopToolbar> -> aurora.presentation.component.std.ScreenTopToolbar@68c26748
2018-10-19 09:43:30.18 [aurora.presentation.buildsession] [CONFIG] building view: <screenTitle> -> aurora.presentation.component.std.ScreenTitle@76484c12
2018-10-19 09:43:30.21 [uncertain.proc] [CONFIG] [action] DecideSqlGenerationMode
2018-10-19 09:43:30.21 [uncertain.proc] [FINE] aurora.database.service.BusinessModelService.onDecideSqlGenerationMode
2018-10-19 09:43:30.21 [uncertain.proc] [CONFIG] [action] CreatequeryStatement
2018-10-19 09:43:30.21 [uncertain.proc] [FINE] aurora.bm.QuerySqlCreator.onCreateQueryStatement
2018-10-19 09:43:30.21 [uncertain.proc] [CONFIG] [action] PopulatequeryStatement
2018-10-19 09:43:30.21 [uncertain.proc] [FINE] aurora.database.features.OrderByClauseCreator.onPopulateQueryStatement
2018-10-19 09:43:30.21 [uncertain.proc] [FINE] aurora.database.features.WhereClauseCreator.onPopulateQueryStatement
2018-10-19 09:43:30.22 [uncertain.proc] [CONFIG] [action] CreatequerySql
2018-10-19 09:43:30.22 [uncertain.proc] [FINE] aurora.bm.QuerySqlCreator.onCreateQuerySql
2018-10-19 09:43:30.22 [uncertain.proc] [CONFIG] [action] ExecuteQuery
2018-10-19 09:43:30.22 [uncertain.proc] [FINE] aurora.bm.QuerySqlCreator.onExecuteQuery
2018-10-19 09:43:30.22 [uncertain.proc] [CONFIG] [action] QueryFinish
2018-10-19 09:43:30.22 [uncertain.proc] [FINE] aurora.database.features.AutoQueryCounter.onQueryFinish
2018-10-19 09:43:30.22 [uncertain.proc] [CONFIG] [action] FetchResultSet
2018-10-19 09:43:30.22 [uncertain.proc] [FINE] aurora.database.features.CacheBasedLookUpField.postFetchResultSet
2018-10-19 09:43:30.22 [aurora.database] [CONFIG] 
============= BEGIN [query] SQL Statement execution dump ============
SELECT f.service_id,f.service_name,f.is_entry_page,f.is_access_checked,f.is_login_required,f.is_system_access,? AS language,(select d.description_text from fnd_descriptions d where d.description_id = f.title_id and d.language = ?) AS title,f.title_id,f.weixin_flag
FROM sys_service f
WHERE f.service_name = ?
ORDER BY service_name
---------------------Binding info---------------------
No.1	Access path:/session/@lang	Data type of passed value :java.lang.String	Value:ZHS	Output:false	Database Type:null	
No.2	Access path:/session/@lang	Data type of passed value :java.lang.String	Value:ZHS	Output:false	Database Type:null	
No.3	Access path:@service_name	Data type of passed value :java.lang.String	Value:modules/expm/public/exp_report_readonly_wfl_edit_for_expense_journal_adjust.screen	Output:false	Database Type:null	

=============== END [query] SQL Statement execution dump ============

2018-10-19 09:43:30.22 [aurora.presentation.buildsession] [CONFIG] building view: <toolbarButton> -> aurora.presentation.TemplateBasedView@3dda489e
2018-10-19 09:43:30.22 [aurora.presentation.buildsession] [CONFIG] building view: <toolbarButton> -> aurora.presentation.TemplateBasedView@3dda489e
2018-10-19 09:43:30.23 [aurora.presentation.buildsession] [CONFIG] building view: <toolbarButton> -> aurora.presentation.TemplateBasedView@3dda489e
2018-10-19 09:43:30.23 [aurora.presentation.buildsession] [CONFIG] building view: <toolbarButton> -> aurora.presentation.TemplateBasedView@3dda489e
2018-10-19 09:43:30.23 [aurora.presentation.buildsession] [CONFIG] building view: <toolbarButton> -> aurora.presentation.TemplateBasedView@3dda489e
2018-10-19 09:43:30.23 [aurora.presentation.buildsession] [CONFIG] building view: <toolbarButton> -> aurora.presentation.TemplateBasedView@3dda489e
2018-10-19 09:43:30.23 [aurora.presentation.buildsession] [CONFIG] building view: <form> -> aurora.presentation.component.std.Form@7d6e6a94
2018-10-19 09:43:30.23 [aurora.presentation.buildsession] [CONFIG] building view: <box> -> aurora.presentation.component.std.Box@7f7cc3b7
2018-10-19 09:43:30.23 [aurora.presentation.buildsession] [CONFIG] building view: <textField> -> aurora.presentation.TemplateBasedView@3dda489e
2018-10-19 09:43:30.23 [aurora.presentation.buildsession] [CONFIG] building view: <textField> -> aurora.presentation.TemplateBasedView@3dda489e
2018-10-19 09:43:30.23 [aurora.presentation.buildsession] [CONFIG] building view: <textField> -> aurora.presentation.TemplateBasedView@3dda489e
2018-10-19 09:43:30.24 [aurora.presentation.buildsession] [CONFIG] building view: <numberField> -> aurora.presentation.TemplateBasedView@3dda489e
2018-10-19 09:43:30.24 [aurora.presentation.buildsession] [CONFIG] building view: <textField> -> aurora.presentation.TemplateBasedView@3dda489e
2018-10-19 09:43:30.24 [aurora.presentation.buildsession] [CONFIG] building view: <textField> -> aurora.presentation.TemplateBasedView@3dda489e
2018-10-19 09:43:30.24 [aurora.presentation.buildsession] [CONFIG] building view: <textField> -> aurora.presentation.TemplateBasedView@3dda489e
2018-10-19 09:43:30.24 [aurora.presentation.buildsession] [CONFIG] building view: <textField> -> aurora.presentation.TemplateBasedView@3dda489e
2018-10-19 09:43:30.24 [aurora.presentation.buildsession] [CONFIG] building view: <textField> -> aurora.presentation.TemplateBasedView@3dda489e
2018-10-19 09:43:30.24 [aurora.presentation.buildsession] [CONFIG] building view: <textField> -> aurora.presentation.TemplateBasedView@3dda489e
2018-10-19 09:43:30.24 [aurora.presentation.buildsession] [CONFIG] building view: <lov> -> aurora.presentation.TemplateBasedView@3dda489e
2018-10-19 09:43:30.24 [aurora.presentation.buildsession] [CONFIG] building view: <checkBox> -> aurora.presentation.TemplateBasedView@3dda489e
2018-10-19 09:43:30.24 [aurora.presentation.buildsession] [CONFIG] building view: <lov> -> aurora.presentation.TemplateBasedView@3dda489e
2018-10-19 09:43:30.25 [aurora.presentation.buildsession] [CONFIG] building view: <box> -> aurora.presentation.component.std.Box@77e7c645
2018-10-19 09:43:30.25 [aurora.presentation.buildsession] [CONFIG] building view: <textArea> -> aurora.presentation.TemplateBasedView@3dda489e
2018-10-19 09:43:30.25 [aurora.presentation.buildsession] [CONFIG] building view: <grid> -> aurora.presentation.TemplateBasedView@3dda489e
2018-10-19 09:43:30.25 [aurora.presentation.buildsession] [CONFIG] building view: <toolBar> -> aurora.presentation.TemplateBasedView@3dda489e
2018-10-19 09:43:30.25 [aurora.presentation.buildsession] [CONFIG] building view: <label> -> aurora.presentation.TemplateBasedView@3dda489e
2018-10-19 09:43:30.25 [aurora.presentation.buildsession] [CONFIG] building view: <navBar> -> aurora.presentation.TemplateBasedView@3dda489e
2018-10-19 09:43:30.26 [aurora.presentation.buildsession] [CONFIG] building view: <button> -> aurora.presentation.TemplateBasedView@3dda489e
2018-10-19 09:43:30.26 [aurora.presentation.buildsession] [CONFIG] building view: <button> -> aurora.presentation.TemplateBasedView@3dda489e
2018-10-19 09:43:30.26 [aurora.presentation.buildsession] [CONFIG] building view: <separator> -> aurora.presentation.TemplateBasedView@3dda489e
2018-10-19 09:43:30.26 [aurora.presentation.buildsession] [CONFIG] building view: <div> -> aurora.presentation.DefaultViewBuilder@35f5c5a3
2018-10-19 09:43:30.26 [aurora.presentation.buildsession] [CONFIG] building view: <numberField> -> aurora.presentation.TemplateBasedView@3dda489e
2018-10-19 09:43:30.27 [aurora.presentation.buildsession] [CONFIG] building view: <div> -> aurora.presentation.DefaultViewBuilder@35f5c5a3
2018-10-19 09:43:30.27 [aurora.presentation.buildsession] [CONFIG] building view: <separator> -> aurora.presentation.TemplateBasedView@3dda489e
2018-10-19 09:43:30.27 [aurora.presentation.buildsession] [CONFIG] building view: <button> -> aurora.presentation.TemplateBasedView@3dda489e
2018-10-19 09:43:30.27 [aurora.presentation.buildsession] [CONFIG] building view: <button> -> aurora.presentation.TemplateBasedView@3dda489e
2018-10-19 09:43:30.27 [aurora.presentation.buildsession] [CONFIG] building view: <button> -> aurora.presentation.TemplateBasedView@3dda489e
2018-10-19 09:43:30.27 [aurora.presentation.buildsession] [CONFIG] building view: <separator> -> aurora.presentation.TemplateBasedView@3dda489e
2018-10-19 09:43:30.27 [aurora.presentation.buildsession] [CONFIG] building view: <div> -> aurora.presentation.DefaultViewBuilder@35f5c5a3
2018-10-19 09:43:30.27 [aurora.presentation.buildsession] [CONFIG] building view: <comboBox> -> aurora.presentation.TemplateBasedView@3dda489e
2018-10-19 09:43:30.27 [aurora.presentation.buildsession] [CONFIG] building view: <div> -> aurora.presentation.DefaultViewBuilder@35f5c5a3
2018-10-19 09:43:30.27 [aurora.presentation.buildsession] [CONFIG] building view: <separator> -> aurora.presentation.TemplateBasedView@3dda489e
2018-10-19 09:43:30.27 [aurora.presentation.buildsession] [CONFIG] building view: <div> -> aurora.presentation.DefaultViewBuilder@35f5c5a3
2018-10-19 09:43:30.28 [aurora.presentation.buildsession] [CONFIG] building view: <comboBox> -> aurora.presentation.TemplateBasedView@3dda489e
2018-10-19 09:43:30.28 [aurora.presentation.buildsession] [CONFIG] building view: <textField> -> aurora.presentation.TemplateBasedView@3dda489e
2018-10-19 09:43:30.29 [aurora.presentation.buildsession] [CONFIG] building view: <grid> -> aurora.presentation.TemplateBasedView@3dda489e
2018-10-19 09:43:30.29 [aurora.presentation.buildsession] [CONFIG] building view: <navBar> -> aurora.presentation.TemplateBasedView@3dda489e
2018-10-19 09:43:30.30 [aurora.presentation.buildsession] [CONFIG] building view: <button> -> aurora.presentation.TemplateBasedView@3dda489e
2018-10-19 09:43:30.30 [aurora.presentation.buildsession] [CONFIG] building view: <button> -> aurora.presentation.TemplateBasedView@3dda489e
2018-10-19 09:43:30.30 [aurora.presentation.buildsession] [CONFIG] building view: <separator> -> aurora.presentation.TemplateBasedView@3dda489e
2018-10-19 09:43:30.30 [aurora.presentation.buildsession] [CONFIG] building view: <div> -> aurora.presentation.DefaultViewBuilder@35f5c5a3
2018-10-19 09:43:30.30 [aurora.presentation.buildsession] [CONFIG] building view: <numberField> -> aurora.presentation.TemplateBasedView@3dda489e
2018-10-19 09:43:30.31 [aurora.presentation.buildsession] [CONFIG] building view: <div> -> aurora.presentation.DefaultViewBuilder@35f5c5a3
2018-10-19 09:43:30.31 [aurora.presentation.buildsession] [CONFIG] building view: <separator> -> aurora.presentation.TemplateBasedView@3dda489e
2018-10-19 09:43:30.31 [aurora.presentation.buildsession] [CONFIG] building view: <button> -> aurora.presentation.TemplateBasedView@3dda489e
2018-10-19 09:43:30.31 [aurora.presentation.buildsession] [CONFIG] building view: <button> -> aurora.presentation.TemplateBasedView@3dda489e
2018-10-19 09:43:30.31 [aurora.presentation.buildsession] [CONFIG] building view: <button> -> aurora.presentation.TemplateBasedView@3dda489e
2018-10-19 09:43:30.31 [aurora.presentation.buildsession] [CONFIG] building view: <separator> -> aurora.presentation.TemplateBasedView@3dda489e
2018-10-19 09:43:30.31 [aurora.presentation.buildsession] [CONFIG] building view: <div> -> aurora.presentation.DefaultViewBuilder@35f5c5a3
2018-10-19 09:43:30.31 [aurora.presentation.buildsession] [CONFIG] building view: <comboBox> -> aurora.presentation.TemplateBasedView@3dda489e
2018-10-19 09:43:30.31 [aurora.presentation.buildsession] [CONFIG] building view: <div> -> aurora.presentation.DefaultViewBuilder@35f5c5a3
2018-10-19 09:43:30.31 [aurora.presentation.buildsession] [CONFIG] building view: <separator> -> aurora.presentation.TemplateBasedView@3dda489e
2018-10-19 09:43:30.31 [aurora.presentation.buildsession] [CONFIG] building view: <div> -> aurora.presentation.DefaultViewBuilder@35f5c5a3
2018-10-19 09:43:30.32 [aurora.presentation.buildsession] [CONFIG] building view: <lov> -> aurora.presentation.TemplateBasedView@3dda489e
2018-10-19 09:43:30.32 [aurora.presentation.buildsession] [CONFIG] building view: <script> -> aurora.presentation.DefaultViewBuilder@35f5c5a3
2018-10-19 09:43:30.33 [aurora.presentation.buildsession] [CONFIG] building view: <script> -> aurora.presentation.DefaultViewBuilder@35f5c5a3
2018-10-19 09:43:30.33 [aurora.presentation.buildsession] [CONFIG] End build session
2018-10-19 09:43:30.33 [aurora.presentation.buildsession] [CONFIG] End build session
