2018-10-11 08:30:46.933 [aurora.application.session_check] [CONFIG] Session data copied to context
2018-10-11 08:30:46.933 [aurora.application.session_check] [CONFIG] Access check result for modules/expm/public/exp_report_save.svc => success
2018-10-11 08:30:46.933 [uncertain.proc] [CONFIG] [action] AccessCheck
2018-10-11 08:30:46.936 [uncertain.proc] [CONFIG] [action] CheckServiceLock
2018-10-11 08:30:46.936 [uncertain.proc] [CONFIG] [action] ParseParameter
2018-10-11 08:30:46.937 [uncertain.proc] [CONFIG] [action] ValidateInput
2018-10-11 08:30:46.937 [uncertain.proc] [CONFIG] [action] InvokeService
2018-10-11 08:30:46.937 [aurora.database] [CONFIG] Running batch-apply with data from path /parameter, total 1 records
2018-10-11 08:30:46.937 [aurora.database] [CONFIG] Executing batch-apply on parameter No.0
2018-10-11 08:30:46.941 [uncertain.proc] [CONFIG] [action] DecideStatement
2018-10-11 08:30:46.942 [uncertain.proc] [CONFIG] [action] DecideSqlGenerationMode
2018-10-11 08:30:46.942 [uncertain.proc] [FINE] aurora.database.service.BusinessModelService.onDecideSqlGenerationMode
2018-10-11 08:30:46.942 [uncertain.proc] [CONFIG] [action] CreateOperationSql
2018-10-11 08:30:46.942 [uncertain.proc] [CONFIG] [action] PopulateOperationSql
2018-10-11 08:30:46.942 [uncertain.proc] [FINE] aurora.database.features.OrderByClauseCreator.onPopulateOperationSql
2018-10-11 08:30:46.942 [uncertain.proc] [FINE] aurora.database.features.WhereClauseCreator.onPopulateOperationSql
2018-10-11 08:30:46.942 [uncertain.proc] [CONFIG] [action] CreateSqlRunner
2018-10-11 08:30:46.942 [uncertain.proc] [FINE] aurora.database.service.BusinessModelService.onCreateSqlRunner
2018-10-11 08:30:46.943 [uncertain.proc] [CONFIG] [action] ExecuteDmlStatement
2018-10-11 08:30:46.943 [uncertain.proc] [FINE] aurora.database.service.BusinessModelService.onExecuteDmlStatement
2018-10-11 08:30:46.955 [aurora.database] [CONFIG] 
============= BEGIN [Update] SQL Statement execution dump ============

                BEGIN
                    exp_report_pkg.exp_report_header_save ( 
                    p_exp_report_header_id=>?, 
                    p_exp_report_number=>?, 
                    p_company_id=>?, 
                    p_exp_report_barcode=>NULL, 
                    p_employee_id=>?, 
                    p_position_id=>?, 
                    p_payee_category=>?, 
                    p_payee_id=>?, 
                    p_exp_report_type_id=>?, 
                    p_expense_user_group_id=>NULL, 
                    p_currency_code=>?, 
                    p_exchange_rate_type=>?, 
                    p_exchange_rate_quotation=>?, 
                    p_exchange_rate=>?, 
                    p_report_date=>to_date(?,'yyyy-mm-dd'), 
                    p_period_name=>?, 
                    p_report_status=>'GENERATE', 
                    p_gld_interface_flag=>'N', 
                    p_attachment_num=>?, 
                    p_description=>?, 
                    p_write_off_status=>'N', 
                    p_write_off_completed_date=>NULL, 
                    p_reversed_flag=>NULL, 
                    p_source_exp_rep_header_id=>NULL, 
                    p_created_by=>?, 
                    p_operation_date=>NULL, 
                    p_source_type=>'MANUAL', 
                    p_payment_method_id=>?, 
                    p_contract_header_id=>?, 
                    p_eam_asset_id=>?, 
                    p_vat_special_invoice_include=>?,
                    p_consistent_invoice_amount=>?,
                    p_pay_company_id  => ?);
                END;
            
---------------------Binding info---------------------
No.1	Access path:@exp_report_header_id	Data type of passed value :[null]	Value:null	Output:true	Database Type:null	
No.2	Access path:@exp_report_number	Data type of passed value :[null]	Value:null	Output:true	Database Type:null	
No.3	Access path:/session/@company_id	Data type of passed value :java.lang.String	Value:835	Output:false	Database Type:null	
No.4	Access path:@employee_id	Data type of passed value :java.lang.String	Value:203	Output:false	Database Type:null	
No.5	Access path:@position_id	Data type of passed value :java.lang.Integer	Value:10	Output:false	Database Type:null	
No.6	Access path:@exp_report_payee_category	Data type of passed value :java.lang.String	Value:EMPLOYEE	Output:false	Database Type:null	
No.7	Access path:@exp_report_payee_id	Data type of passed value :java.lang.String	Value:203	Output:false	Database Type:null	
No.8	Access path:@exp_report_type_id	Data type of passed value :java.lang.String	Value:7	Output:false	Database Type:null	
No.9	Access path:@exp_report_currency_code	Data type of passed value :java.lang.String	Value:CNY	Output:false	Database Type:null	
No.10	Access path:@exp_report_rate_type	Data type of passed value :[null]	Value:null	Output:false	Database Type:null	
No.11	Access path:@exp_report_rate_quotation	Data type of passed value :[null]	Value:null	Output:false	Database Type:null	
No.12	Access path:@exp_report_rate	Data type of passed value :java.lang.Integer	Value:1	Output:false	Database Type:null	
No.13	Access path:@exp_report_data	Data type of passed value :java.lang.String	Value:2018-10-11	Output:false	Database Type:null	
No.14	Access path:@period_name	Data type of passed value :java.lang.String	Value:2018-10	Output:false	Database Type:null	
No.15	Access path:@exp_report_attach_id	Data type of passed value :[null]	Value:null	Output:false	Database Type:null	
No.16	Access path:@exp_report_description	Data type of passed value :java.lang.String	Value:1	Output:false	Database Type:null	
No.17	Access path:/session/@user_id	Data type of passed value :java.lang.Long	Value:204	Output:false	Database Type:null	
No.18	Access path:@payment_method_id	Data type of passed value :java.lang.Integer	Value:11	Output:false	Database Type:null	
No.19	Access path:@contract_header_id	Data type of passed value :[null]	Value:null	Output:false	Database Type:null	
No.20	Access path:@eam_asset_id	Data type of passed value :[null]	Value:null	Output:false	Database Type:null	
No.21	Access path:@vat_special_invoice_include	Data type of passed value :java.lang.String	Value:Y	Output:false	Database Type:null	
No.22	Access path:@consistent_invoice_amount	Data type of passed value :java.lang.String	Value:Y	Output:false	Database Type:null	
No.23	Access path:@pay_company_id	Data type of passed value :java.lang.Integer	Value:835	Output:false	Database Type:null	

=============== END [Update] SQL Statement execution dump ============

2018-10-11 08:30:46.957 [aurora.database] [INFO] [model-batch-update] Data from '@current_parameter/objlines' is null
2018-10-11 08:30:46.957 [aurora.database] [CONFIG] Running batch-apply with data from path @current_parameter/lines, total 5 records
2018-10-11 08:30:46.957 [aurora.database] [CONFIG] Executing batch-apply on parameter No.0
2018-10-11 08:30:46.959 [uncertain.proc] [CONFIG] [action] DecideStatement
2018-10-11 08:30:46.961 [uncertain.proc] [CONFIG] [action] DecideSqlGenerationMode
2018-10-11 08:30:46.961 [uncertain.proc] [FINE] aurora.database.service.BusinessModelService.onDecideSqlGenerationMode
2018-10-11 08:30:46.961 [uncertain.proc] [CONFIG] [action] CreateOperationSql
2018-10-11 08:30:46.961 [uncertain.proc] [CONFIG] [action] PopulateOperationSql
2018-10-11 08:30:46.961 [uncertain.proc] [FINE] aurora.database.features.OrderByClauseCreator.onPopulateOperationSql
2018-10-11 08:30:46.961 [uncertain.proc] [FINE] aurora.database.features.WhereClauseCreator.onPopulateOperationSql
2018-10-11 08:30:46.961 [uncertain.proc] [CONFIG] [action] CreateSqlRunner
2018-10-11 08:30:46.961 [uncertain.proc] [FINE] aurora.database.service.BusinessModelService.onCreateSqlRunner
2018-10-11 08:30:46.961 [uncertain.proc] [CONFIG] [action] ExecuteDmlStatement
2018-10-11 08:30:46.961 [uncertain.proc] [FINE] aurora.database.service.BusinessModelService.onExecuteDmlStatement
2018-10-11 08:30:46.972 [aurora.database] [CONFIG] 
============= BEGIN [Insert] SQL Statement execution dump ============

                BEGIN
                    exp_report_pkg.insert_exp_report_lines ( 
                    ?, 
                    ?, 
                    ?, 
                    ?, 
                    to_date(?,'yyyy-mm-dd'), 
                    to_date(?,'yyyy-mm-dd'), 
                    ?, 
                    ?, 
                    ?, 
                    ?, 
                    ?, 
                    ?, 
                    ?, 
                    NULL, ?, 
                    ?, 
                    NULL, 
                    NULL, 
                    NULL, 
                    ?, 
                    ?, 
                    NULL, ?, 
                    ?, 
                    ?, 
                    ?, 
                    ?, 
                    ?, 
                    ?, 
                    NULL, 
                    ?, 
                    'GENERATE', 
                    'N', 
                    NULL, 
                    NULL, 
                    ?, 
                    ?, 
                    ?, 
                    ?, 
                    ?, 
                    ?, 
                    ?, 
                    ?, 
                    ?, 
                    ?, 
                    ?, 
                    ?, 
                    ?, 
                    ?, 
                    ?, 
                    ?, 
                    ?, 
                    ?, 
                    ?, 
                    ?, 
                    ?, 
                    ?, 
                    ?, 
                    ?, 
                    ?, 
                    ?, 
                    ?, 
                    ?, 
                    ?, 
                    to_date(?,'yyyy-mm-dd'), 
                    ?, 
                    ?, 
                    ?, 
                    ?,
                    ?,
                    ?,
                    ?,
                    ?,
                    ?,
                    ?,
                    ?,
                    ?);
                END;
            
---------------------Binding info---------------------
No.1	Access path:../../@exp_report_header_id	Data type of passed value :java.lang.Long	Value:1824	Output:false	Database Type:null	
No.2	Access path:@line_number	Data type of passed value :java.lang.Integer	Value:10	Output:false	Database Type:null	
No.3	Access path:@city	Data type of passed value :[null]	Value:null	Output:false	Database Type:null	
No.4	Access path:@description	Data type of passed value :java.lang.String	Value:1	Output:false	Database Type:null	
No.5	Access path:@date_from	Data type of passed value :[null]	Value:null	Output:false	Database Type:null	
No.6	Access path:@date_to	Data type of passed value :[null]	Value:null	Output:false	Database Type:null	
No.7	Access path:@period_name	Data type of passed value :java.lang.String	Value:2018-10	Output:false	Database Type:null	
No.8	Access path:@currency_code	Data type of passed value :java.lang.String	Value:CNY	Output:false	Database Type:null	
No.9	Access path:@exchange_rate_type	Data type of passed value :[null]	Value:null	Output:false	Database Type:null	
No.10	Access path:@exchange_rate_quotation	Data type of passed value :[null]	Value:null	Output:false	Database Type:null	
No.11	Access path:@exchange_rate	Data type of passed value :java.lang.Integer	Value:1	Output:false	Database Type:null	
No.12	Access path:@expense_type_id	Data type of passed value :java.lang.Integer	Value:23174	Output:false	Database Type:null	
No.13	Access path:@exp_req_item_id	Data type of passed value :java.lang.Integer	Value:519	Output:false	Database Type:null	
No.14	Access path:@price	Data type of passed value :java.lang.String	Value:100.00	Output:false	Database Type:null	
No.15	Access path:@primary_quantity	Data type of passed value :java.lang.String	Value:1	Output:false	Database Type:null	
No.16	Access path:@report_amount	Data type of passed value :java.lang.Integer	Value:100	Output:false	Database Type:null	
No.17	Access path:@report_functional_amount	Data type of passed value :java.lang.Integer	Value:100	Output:false	Database Type:null	
No.18	Access path:@company_id	Data type of passed value :java.lang.String	Value:835	Output:false	Database Type:null	
No.19	Access path:@unit_id	Data type of passed value :java.lang.Integer	Value:3	Output:false	Database Type:null	
No.20	Access path:@position_id	Data type of passed value :java.lang.Integer	Value:10	Output:false	Database Type:null	
No.21	Access path:@responsibility_center_id	Data type of passed value :java.lang.Integer	Value:7424	Output:false	Database Type:null	
No.22	Access path:@employee_id	Data type of passed value :java.lang.String	Value:203	Output:false	Database Type:null	
No.23	Access path:@payee_category	Data type of passed value :java.lang.String	Value:EMPLOYEE	Output:false	Database Type:null	
No.24	Access path:@payee_id	Data type of passed value :java.lang.String	Value:203	Output:false	Database Type:null	
No.25	Access path:@payment_flag	Data type of passed value :java.lang.String	Value:Y	Output:false	Database Type:null	
No.26	Access path:@e1	Data type of passed value :[null]	Value:null	Output:false	Database Type:null	
No.27	Access path:@e2	Data type of passed value :java.lang.String	Value:3.0	Output:false	Database Type:null	
No.28	Access path:@e3	Data type of passed value :java.lang.String	Value:2	Output:false	Database Type:null	
No.29	Access path:@e4	Data type of passed value :[null]	Value:null	Output:false	Database Type:null	
No.30	Access path:@e5	Data type of passed value :java.lang.String	Value:51	Output:false	Database Type:null	
No.31	Access path:@e6	Data type of passed value :[null]	Value:null	Output:false	Database Type:null	
No.32	Access path:@e7	Data type of passed value :[null]	Value:null	Output:false	Database Type:null	
No.33	Access path:@e8	Data type of passed value :[null]	Value:null	Output:false	Database Type:null	
No.34	Access path:@e9	Data type of passed value :[null]	Value:null	Output:false	Database Type:null	
No.35	Access path:@e10	Data type of passed value :[null]	Value:null	Output:false	Database Type:null	
No.36	Access path:@account_name	Data type of passed value :[null]	Value:null	Output:false	Database Type:null	
No.37	Access path:@account_number	Data type of passed value :[null]	Value:null	Output:false	Database Type:null	
No.38	Access path:@payment_type_id	Data type of passed value :java.lang.Integer	Value:11	Output:false	Database Type:null	
No.39	Access path:@payment_type	Data type of passed value :java.lang.String	Value:转账	Output:false	Database Type:null	
No.40	Access path:/session/@user_id	Data type of passed value :java.lang.Long	Value:204	Output:false	Database Type:null	
No.41	Access path:@exp_report_line_id	Data type of passed value :[null]	Value:null	Output:true	Database Type:null	
No.42	Access path:@place_type_id	Data type of passed value :[null]	Value:null	Output:false	Database Type:null	
No.43	Access path:@place_id	Data type of passed value :[null]	Value:null	Output:false	Database Type:null	
No.44	Access path:@tax_type_id	Data type of passed value :[null]	Value:null	Output:false	Database Type:null	
No.45	Access path:@transportation	Data type of passed value :[null]	Value:null	Output:false	Database Type:null	
No.46	Access path:@place_to_id	Data type of passed value :[null]	Value:null	Output:false	Database Type:null	
No.47	Access path:@invoice_type	Data type of passed value :java.lang.String	Value:INV001	Output:false	Database Type:null	
No.48	Access path:@invoice_number	Data type of passed value :java.lang.String	Value:2018101110	Output:false	Database Type:null	
No.49	Access path:@invoice_status	Data type of passed value :java.lang.String	Value:20	Output:false	Database Type:null	
No.50	Access path:@tax_amount	Data type of passed value :java.lang.Integer	Value:3	Output:false	Database Type:null	
No.51	Access path:@sale_amount	Data type of passed value :java.lang.String	Value:97.00	Output:false	Database Type:null	
No.52	Access path:@tax_rate	Data type of passed value :java.lang.String	Value:0.03	Output:false	Database Type:null	
No.53	Access path:@usage_type	Data type of passed value :java.lang.String	Value:YT001	Output:false	Database Type:null	
No.54	Access path:@invoice_code	Data type of passed value :java.lang.String	Value:2018101110	Output:false	Database Type:null	
No.55	Access path:@invoice_date	Data type of passed value :java.lang.String	Value:2018-10-01	Output:false	Database Type:null	
No.56	Access path:@input_tax_structure_detail	Data type of passed value :java.lang.String	Value:VAT_IN_3_10	Output:false	Database Type:null	
No.57	Access path:@ref_pay_num	Data type of passed value :[null]	Value:null	Output:false	Database Type:null	
No.58	Access path:@ref_gather_num	Data type of passed value :[null]	Value:null	Output:false	Database Type:null	
No.59	Access path:@invoice_item	Data type of passed value :[null]	Value:null	Output:false	Database Type:null	
No.60	Access path:@deduction_rules	Data type of passed value :[null]	Value:null	Output:false	Database Type:null	
No.61	Access path:@adjusted_full_deductions	Data type of passed value :[null]	Value:null	Output:false	Database Type:null	
No.62	Access path:@adjusted_partial_deductions	Data type of passed value :[null]	Value:null	Output:false	Database Type:null	
No.63	Access path:@adjustable_tax_deductible	Data type of passed value :[null]	Value:null	Output:false	Database Type:null	
No.64	Access path:@invoice_amount	Data type of passed value :java.lang.Integer	Value:1000	Output:false	Database Type:null	
No.65	Access path:@invoice_tax_amount	Data type of passed value :java.lang.Integer	Value:100	Output:false	Database Type:null	
No.66	Access path:@associated_oasign	Data type of passed value :[null]	Value:null	Output:false	Database Type:null	
No.67	Access path:@meetting_name	Data type of passed value :[null]	Value:null	Output:false	Database Type:null	

=============== END [Insert] SQL Statement execution dump ============

2018-10-11 08:30:46.975 [aurora.database] [INFO] [model-batch-update] Data from '@current_parameter/details' is null
2018-10-11 08:30:46.977 [uncertain.proc] [CONFIG] [action] DecideStatement
2018-10-11 08:30:46.978 [uncertain.proc] [CONFIG] [action] DecideSqlGenerationMode
2018-10-11 08:30:46.978 [uncertain.proc] [FINE] aurora.database.service.BusinessModelService.onDecideSqlGenerationMode
2018-10-11 08:30:46.978 [uncertain.proc] [CONFIG] [action] CreateOperationSql
2018-10-11 08:30:46.978 [uncertain.proc] [CONFIG] [action] PopulateOperationSql
2018-10-11 08:30:46.978 [uncertain.proc] [FINE] aurora.database.features.OrderByClauseCreator.onPopulateOperationSql
2018-10-11 08:30:46.978 [uncertain.proc] [FINE] aurora.database.features.WhereClauseCreator.onPopulateOperationSql
2018-10-11 08:30:46.978 [uncertain.proc] [CONFIG] [action] CreateSqlRunner
2018-10-11 08:30:46.978 [uncertain.proc] [FINE] aurora.database.service.BusinessModelService.onCreateSqlRunner
2018-10-11 08:30:46.978 [uncertain.proc] [CONFIG] [action] ExecuteDmlStatement
2018-10-11 08:30:46.978 [uncertain.proc] [FINE] aurora.database.service.BusinessModelService.onExecuteDmlStatement
2018-10-11 08:30:46.979 [aurora.database] [CONFIG] 
============= BEGIN [Insert] SQL Statement execution dump ============

    			begin
					con_contract_maintenance_pkg.insert_con_document_flows
					(
					   'CON_CONTRACT' ,
					   ?,
					   ?,
					   'EXP_REPORT_LINES',
					   ?,
					   ?,			   
					   ?
					);
				end;
        	
---------------------Binding info---------------------
No.1	Access path:@contract_header_id	Data type of passed value :[null]	Value:null	Output:false	Database Type:null	
No.2	Access path:@payment_schedule_line_id	Data type of passed value :[null]	Value:null	Output:false	Database Type:null	
No.3	Access path:../../@exp_report_header_id	Data type of passed value :java.lang.Long	Value:1824	Output:false	Database Type:null	
No.4	Access path:@exp_report_line_id	Data type of passed value :java.lang.Long	Value:2508	Output:false	Database Type:null	
No.5	Access path:/session/@user_id	Data type of passed value :java.lang.Long	Value:204	Output:false	Database Type:null	

=============== END [Insert] SQL Statement execution dump ============

2018-10-11 08:30:46.981 [uncertain.proc] [CONFIG] [action] DecideStatement
2018-10-11 08:30:46.983 [uncertain.proc] [CONFIG] [action] DecideSqlGenerationMode
2018-10-11 08:30:46.983 [uncertain.proc] [FINE] aurora.database.service.BusinessModelService.onDecideSqlGenerationMode
2018-10-11 08:30:46.983 [uncertain.proc] [CONFIG] [action] CreateOperationSql
2018-10-11 08:30:46.983 [uncertain.proc] [CONFIG] [action] PopulateOperationSql
2018-10-11 08:30:46.983 [uncertain.proc] [FINE] aurora.database.features.OrderByClauseCreator.onPopulateOperationSql
2018-10-11 08:30:46.983 [uncertain.proc] [FINE] aurora.database.features.WhereClauseCreator.onPopulateOperationSql
2018-10-11 08:30:46.983 [uncertain.proc] [CONFIG] [action] CreateSqlRunner
2018-10-11 08:30:46.983 [uncertain.proc] [FINE] aurora.database.service.BusinessModelService.onCreateSqlRunner
2018-10-11 08:30:46.983 [uncertain.proc] [CONFIG] [action] ExecuteDmlStatement
2018-10-11 08:30:46.983 [uncertain.proc] [FINE] aurora.database.service.BusinessModelService.onExecuteDmlStatement
2018-10-11 08:30:46.983 [aurora.database] [CONFIG] 
============= BEGIN [Update] SQL Statement execution dump ============

			begin
				exp_report_pkg.create_manual_exp_req_relation
				(
		          ?,
		          ?,
		          ?
				 );
			end;
			
---------------------Binding info---------------------
No.1	Access path:@exp_requisition_dists_id	Data type of passed value :[null]	Value:null	Output:false	Database Type:null	
No.2	Access path:@exp_report_line_id	Data type of passed value :java.lang.Long	Value:2508	Output:false	Database Type:null	
No.3	Access path:/session/@user_id	Data type of passed value :java.lang.Long	Value:204	Output:false	Database Type:null	

=============== END [Update] SQL Statement execution dump ============

2018-10-11 08:30:46.983 [aurora.database] [CONFIG] Executing batch-apply on parameter No.1
2018-10-11 08:30:46.985 [uncertain.proc] [CONFIG] [action] DecideStatement
2018-10-11 08:30:46.986 [uncertain.proc] [CONFIG] [action] DecideSqlGenerationMode
2018-10-11 08:30:46.986 [uncertain.proc] [FINE] aurora.database.service.BusinessModelService.onDecideSqlGenerationMode
2018-10-11 08:30:46.986 [uncertain.proc] [CONFIG] [action] CreateOperationSql
2018-10-11 08:30:46.986 [uncertain.proc] [CONFIG] [action] PopulateOperationSql
2018-10-11 08:30:46.986 [uncertain.proc] [FINE] aurora.database.features.OrderByClauseCreator.onPopulateOperationSql
2018-10-11 08:30:46.986 [uncertain.proc] [FINE] aurora.database.features.WhereClauseCreator.onPopulateOperationSql
2018-10-11 08:30:46.986 [uncertain.proc] [CONFIG] [action] CreateSqlRunner
2018-10-11 08:30:46.986 [uncertain.proc] [FINE] aurora.database.service.BusinessModelService.onCreateSqlRunner
2018-10-11 08:30:46.986 [uncertain.proc] [CONFIG] [action] ExecuteDmlStatement
2018-10-11 08:30:46.986 [uncertain.proc] [FINE] aurora.database.service.BusinessModelService.onExecuteDmlStatement
2018-10-11 08:30:46.993 [aurora.database] [CONFIG] 
============= BEGIN [Insert] SQL Statement execution dump ============

                BEGIN
                    exp_report_pkg.insert_exp_report_lines ( 
                    ?, 
                    ?, 
                    ?, 
                    ?, 
                    to_date(?,'yyyy-mm-dd'), 
                    to_date(?,'yyyy-mm-dd'), 
                    ?, 
                    ?, 
                    ?, 
                    ?, 
                    ?, 
                    ?, 
                    ?, 
                    NULL, ?, 
                    ?, 
                    NULL, 
                    NULL, 
                    NULL, 
                    ?, 
                    ?, 
                    NULL, ?, 
                    ?, 
                    ?, 
                    ?, 
                    ?, 
                    ?, 
                    ?, 
                    NULL, 
                    ?, 
                    'GENERATE', 
                    'N', 
                    NULL, 
                    NULL, 
                    ?, 
                    ?, 
                    ?, 
                    ?, 
                    ?, 
                    ?, 
                    ?, 
                    ?, 
                    ?, 
                    ?, 
                    ?, 
                    ?, 
                    ?, 
                    ?, 
                    ?, 
                    ?, 
                    ?, 
                    ?, 
                    ?, 
                    ?, 
                    ?, 
                    ?, 
                    ?, 
                    ?, 
                    ?, 
                    ?, 
                    ?, 
                    ?, 
                    ?, 
                    to_date(?,'yyyy-mm-dd'), 
                    ?, 
                    ?, 
                    ?, 
                    ?,
                    ?,
                    ?,
                    ?,
                    ?,
                    ?,
                    ?,
                    ?,
                    ?);
                END;
            
---------------------Binding info---------------------
No.1	Access path:../../@exp_report_header_id	Data type of passed value :java.lang.Long	Value:1824	Output:false	Database Type:null	
No.2	Access path:@line_number	Data type of passed value :java.lang.Integer	Value:20	Output:false	Database Type:null	
No.3	Access path:@city	Data type of passed value :[null]	Value:null	Output:false	Database Type:null	
No.4	Access path:@description	Data type of passed value :java.lang.String	Value:1	Output:false	Database Type:null	
No.5	Access path:@date_from	Data type of passed value :[null]	Value:null	Output:false	Database Type:null	
No.6	Access path:@date_to	Data type of passed value :[null]	Value:null	Output:false	Database Type:null	
No.7	Access path:@period_name	Data type of passed value :java.lang.String	Value:2018-10	Output:false	Database Type:null	
No.8	Access path:@currency_code	Data type of passed value :java.lang.String	Value:CNY	Output:false	Database Type:null	
No.9	Access path:@exchange_rate_type	Data type of passed value :[null]	Value:null	Output:false	Database Type:null	
No.10	Access path:@exchange_rate_quotation	Data type of passed value :[null]	Value:null	Output:false	Database Type:null	
No.11	Access path:@exchange_rate	Data type of passed value :java.lang.Integer	Value:1	Output:false	Database Type:null	
No.12	Access path:@expense_type_id	Data type of passed value :java.lang.Integer	Value:23174	Output:false	Database Type:null	
No.13	Access path:@exp_req_item_id	Data type of passed value :java.lang.Integer	Value:519	Output:false	Database Type:null	
No.14	Access path:@price	Data type of passed value :java.lang.String	Value:100.00	Output:false	Database Type:null	
No.15	Access path:@primary_quantity	Data type of passed value :java.lang.String	Value:1	Output:false	Database Type:null	
No.16	Access path:@report_amount	Data type of passed value :java.lang.Integer	Value:100	Output:false	Database Type:null	
No.17	Access path:@report_functional_amount	Data type of passed value :java.lang.Integer	Value:100	Output:false	Database Type:null	
No.18	Access path:@company_id	Data type of passed value :java.lang.String	Value:835	Output:false	Database Type:null	
No.19	Access path:@unit_id	Data type of passed value :java.lang.Integer	Value:3	Output:false	Database Type:null	
No.20	Access path:@position_id	Data type of passed value :java.lang.Integer	Value:10	Output:false	Database Type:null	
No.21	Access path:@responsibility_center_id	Data type of passed value :java.lang.Integer	Value:7424	Output:false	Database Type:null	
No.22	Access path:@employee_id	Data type of passed value :java.lang.String	Value:203	Output:false	Database Type:null	
No.23	Access path:@payee_category	Data type of passed value :java.lang.String	Value:EMPLOYEE	Output:false	Database Type:null	
No.24	Access path:@payee_id	Data type of passed value :java.lang.String	Value:203	Output:false	Database Type:null	
No.25	Access path:@payment_flag	Data type of passed value :java.lang.String	Value:Y	Output:false	Database Type:null	
No.26	Access path:@e1	Data type of passed value :[null]	Value:null	Output:false	Database Type:null	
No.27	Access path:@e2	Data type of passed value :java.lang.String	Value:3.0	Output:false	Database Type:null	
No.28	Access path:@e3	Data type of passed value :java.lang.String	Value:2	Output:false	Database Type:null	
No.29	Access path:@e4	Data type of passed value :[null]	Value:null	Output:false	Database Type:null	
No.30	Access path:@e5	Data type of passed value :java.lang.String	Value:51	Output:false	Database Type:null	
No.31	Access path:@e6	Data type of passed value :[null]	Value:null	Output:false	Database Type:null	
No.32	Access path:@e7	Data type of passed value :[null]	Value:null	Output:false	Database Type:null	
No.33	Access path:@e8	Data type of passed value :[null]	Value:null	Output:false	Database Type:null	
No.34	Access path:@e9	Data type of passed value :[null]	Value:null	Output:false	Database Type:null	
No.35	Access path:@e10	Data type of passed value :[null]	Value:null	Output:false	Database Type:null	
No.36	Access path:@account_name	Data type of passed value :[null]	Value:null	Output:false	Database Type:null	
No.37	Access path:@account_number	Data type of passed value :[null]	Value:null	Output:false	Database Type:null	
No.38	Access path:@payment_type_id	Data type of passed value :java.lang.Integer	Value:11	Output:false	Database Type:null	
No.39	Access path:@payment_type	Data type of passed value :java.lang.String	Value:转账	Output:false	Database Type:null	
No.40	Access path:/session/@user_id	Data type of passed value :java.lang.Long	Value:204	Output:false	Database Type:null	
No.41	Access path:@exp_report_line_id	Data type of passed value :[null]	Value:null	Output:true	Database Type:null	
No.42	Access path:@place_type_id	Data type of passed value :[null]	Value:null	Output:false	Database Type:null	
No.43	Access path:@place_id	Data type of passed value :[null]	Value:null	Output:false	Database Type:null	
No.44	Access path:@tax_type_id	Data type of passed value :[null]	Value:null	Output:false	Database Type:null	
No.45	Access path:@transportation	Data type of passed value :[null]	Value:null	Output:false	Database Type:null	
No.46	Access path:@place_to_id	Data type of passed value :[null]	Value:null	Output:false	Database Type:null	
No.47	Access path:@invoice_type	Data type of passed value :java.lang.String	Value:INV001	Output:false	Database Type:null	
No.48	Access path:@invoice_number	Data type of passed value :java.lang.String	Value:2018101110	Output:false	Database Type:null	
No.49	Access path:@invoice_status	Data type of passed value :java.lang.String	Value:20	Output:false	Database Type:null	
No.50	Access path:@tax_amount	Data type of passed value :java.lang.Integer	Value:5	Output:false	Database Type:null	
No.51	Access path:@sale_amount	Data type of passed value :java.lang.String	Value:95.00	Output:false	Database Type:null	
No.52	Access path:@tax_rate	Data type of passed value :java.lang.String	Value:0.05	Output:false	Database Type:null	
No.53	Access path:@usage_type	Data type of passed value :java.lang.String	Value:YT002	Output:false	Database Type:null	
No.54	Access path:@invoice_code	Data type of passed value :java.lang.String	Value:2018101110	Output:false	Database Type:null	
No.55	Access path:@invoice_date	Data type of passed value :java.lang.String	Value:2018-10-01	Output:false	Database Type:null	
No.56	Access path:@input_tax_structure_detail	Data type of passed value :java.lang.String	Value:VAT_IN_5_3	Output:false	Database Type:null	
No.57	Access path:@ref_pay_num	Data type of passed value :[null]	Value:null	Output:false	Database Type:null	
No.58	Access path:@ref_gather_num	Data type of passed value :[null]	Value:null	Output:false	Database Type:null	
No.59	Access path:@invoice_item	Data type of passed value :[null]	Value:null	Output:false	Database Type:null	
No.60	Access path:@deduction_rules	Data type of passed value :[null]	Value:null	Output:false	Database Type:null	
No.61	Access path:@adjusted_full_deductions	Data type of passed value :[null]	Value:null	Output:false	Database Type:null	
No.62	Access path:@adjusted_partial_deductions	Data type of passed value :[null]	Value:null	Output:false	Database Type:null	
No.63	Access path:@adjustable_tax_deductible	Data type of passed value :[null]	Value:null	Output:false	Database Type:null	
No.64	Access path:@invoice_amount	Data type of passed value :java.lang.Integer	Value:1000	Output:false	Database Type:null	
No.65	Access path:@invoice_tax_amount	Data type of passed value :java.lang.Integer	Value:100	Output:false	Database Type:null	
No.66	Access path:@associated_oasign	Data type of passed value :[null]	Value:null	Output:false	Database Type:null	
No.67	Access path:@meetting_name	Data type of passed value :[null]	Value:null	Output:false	Database Type:null	

=============== END [Insert] SQL Statement execution dump ============

2018-10-11 08:30:46.995 [aurora.database] [INFO] [model-batch-update] Data from '@current_parameter/details' is null
2018-10-11 08:30:46.996 [uncertain.proc] [CONFIG] [action] DecideStatement
2018-10-11 08:30:46.998 [uncertain.proc] [CONFIG] [action] DecideSqlGenerationMode
2018-10-11 08:30:46.998 [uncertain.proc] [FINE] aurora.database.service.BusinessModelService.onDecideSqlGenerationMode
2018-10-11 08:30:46.998 [uncertain.proc] [CONFIG] [action] CreateOperationSql
2018-10-11 08:30:46.998 [uncertain.proc] [CONFIG] [action] PopulateOperationSql
2018-10-11 08:30:46.998 [uncertain.proc] [FINE] aurora.database.features.OrderByClauseCreator.onPopulateOperationSql
2018-10-11 08:30:46.998 [uncertain.proc] [FINE] aurora.database.features.WhereClauseCreator.onPopulateOperationSql
2018-10-11 08:30:46.998 [uncertain.proc] [CONFIG] [action] CreateSqlRunner
2018-10-11 08:30:46.998 [uncertain.proc] [FINE] aurora.database.service.BusinessModelService.onCreateSqlRunner
2018-10-11 08:30:46.998 [uncertain.proc] [CONFIG] [action] ExecuteDmlStatement
2018-10-11 08:30:46.998 [uncertain.proc] [FINE] aurora.database.service.BusinessModelService.onExecuteDmlStatement
2018-10-11 08:30:46.999 [aurora.database] [CONFIG] 
============= BEGIN [Insert] SQL Statement execution dump ============

    			begin
					con_contract_maintenance_pkg.insert_con_document_flows
					(
					   'CON_CONTRACT' ,
					   ?,
					   ?,
					   'EXP_REPORT_LINES',
					   ?,
					   ?,			   
					   ?
					);
				end;
        	
---------------------Binding info---------------------
No.1	Access path:@contract_header_id	Data type of passed value :[null]	Value:null	Output:false	Database Type:null	
No.2	Access path:@payment_schedule_line_id	Data type of passed value :[null]	Value:null	Output:false	Database Type:null	
No.3	Access path:../../@exp_report_header_id	Data type of passed value :java.lang.Long	Value:1824	Output:false	Database Type:null	
No.4	Access path:@exp_report_line_id	Data type of passed value :java.lang.Long	Value:2509	Output:false	Database Type:null	
No.5	Access path:/session/@user_id	Data type of passed value :java.lang.Long	Value:204	Output:false	Database Type:null	

=============== END [Insert] SQL Statement execution dump ============

2018-10-11 08:30:47.0 [uncertain.proc] [CONFIG] [action] DecideStatement
2018-10-11 08:30:47.1 [uncertain.proc] [CONFIG] [action] DecideSqlGenerationMode
2018-10-11 08:30:47.1 [uncertain.proc] [FINE] aurora.database.service.BusinessModelService.onDecideSqlGenerationMode
2018-10-11 08:30:47.1 [uncertain.proc] [CONFIG] [action] CreateOperationSql
2018-10-11 08:30:47.1 [uncertain.proc] [CONFIG] [action] PopulateOperationSql
2018-10-11 08:30:47.1 [uncertain.proc] [FINE] aurora.database.features.OrderByClauseCreator.onPopulateOperationSql
2018-10-11 08:30:47.1 [uncertain.proc] [FINE] aurora.database.features.WhereClauseCreator.onPopulateOperationSql
2018-10-11 08:30:47.1 [uncertain.proc] [CONFIG] [action] CreateSqlRunner
2018-10-11 08:30:47.1 [uncertain.proc] [FINE] aurora.database.service.BusinessModelService.onCreateSqlRunner
2018-10-11 08:30:47.1 [uncertain.proc] [CONFIG] [action] ExecuteDmlStatement
2018-10-11 08:30:47.1 [uncertain.proc] [FINE] aurora.database.service.BusinessModelService.onExecuteDmlStatement
2018-10-11 08:30:47.2 [aurora.database] [CONFIG] 
============= BEGIN [Update] SQL Statement execution dump ============

			begin
				exp_report_pkg.create_manual_exp_req_relation
				(
		          ?,
		          ?,
		          ?
				 );
			end;
			
---------------------Binding info---------------------
No.1	Access path:@exp_requisition_dists_id	Data type of passed value :[null]	Value:null	Output:false	Database Type:null	
No.2	Access path:@exp_report_line_id	Data type of passed value :java.lang.Long	Value:2509	Output:false	Database Type:null	
No.3	Access path:/session/@user_id	Data type of passed value :java.lang.Long	Value:204	Output:false	Database Type:null	

=============== END [Update] SQL Statement execution dump ============

2018-10-11 08:30:47.2 [aurora.database] [CONFIG] Executing batch-apply on parameter No.2
2018-10-11 08:30:47.4 [uncertain.proc] [CONFIG] [action] DecideStatement
2018-10-11 08:30:47.5 [uncertain.proc] [CONFIG] [action] DecideSqlGenerationMode
2018-10-11 08:30:47.5 [uncertain.proc] [FINE] aurora.database.service.BusinessModelService.onDecideSqlGenerationMode
2018-10-11 08:30:47.5 [uncertain.proc] [CONFIG] [action] CreateOperationSql
2018-10-11 08:30:47.5 [uncertain.proc] [CONFIG] [action] PopulateOperationSql
2018-10-11 08:30:47.5 [uncertain.proc] [FINE] aurora.database.features.OrderByClauseCreator.onPopulateOperationSql
2018-10-11 08:30:47.5 [uncertain.proc] [FINE] aurora.database.features.WhereClauseCreator.onPopulateOperationSql
2018-10-11 08:30:47.5 [uncertain.proc] [CONFIG] [action] CreateSqlRunner
2018-10-11 08:30:47.5 [uncertain.proc] [FINE] aurora.database.service.BusinessModelService.onCreateSqlRunner
2018-10-11 08:30:47.5 [uncertain.proc] [CONFIG] [action] ExecuteDmlStatement
2018-10-11 08:30:47.5 [uncertain.proc] [FINE] aurora.database.service.BusinessModelService.onExecuteDmlStatement
2018-10-11 08:30:47.11 [aurora.database] [CONFIG] 
============= BEGIN [Insert] SQL Statement execution dump ============

                BEGIN
                    exp_report_pkg.insert_exp_report_lines ( 
                    ?, 
                    ?, 
                    ?, 
                    ?, 
                    to_date(?,'yyyy-mm-dd'), 
                    to_date(?,'yyyy-mm-dd'), 
                    ?, 
                    ?, 
                    ?, 
                    ?, 
                    ?, 
                    ?, 
                    ?, 
                    NULL, ?, 
                    ?, 
                    NULL, 
                    NULL, 
                    NULL, 
                    ?, 
                    ?, 
                    NULL, ?, 
                    ?, 
                    ?, 
                    ?, 
                    ?, 
                    ?, 
                    ?, 
                    NULL, 
                    ?, 
                    'GENERATE', 
                    'N', 
                    NULL, 
                    NULL, 
                    ?, 
                    ?, 
                    ?, 
                    ?, 
                    ?, 
                    ?, 
                    ?, 
                    ?, 
                    ?, 
                    ?, 
                    ?, 
                    ?, 
                    ?, 
                    ?, 
                    ?, 
                    ?, 
                    ?, 
                    ?, 
                    ?, 
                    ?, 
                    ?, 
                    ?, 
                    ?, 
                    ?, 
                    ?, 
                    ?, 
                    ?, 
                    ?, 
                    ?, 
                    to_date(?,'yyyy-mm-dd'), 
                    ?, 
                    ?, 
                    ?, 
                    ?,
                    ?,
                    ?,
                    ?,
                    ?,
                    ?,
                    ?,
                    ?,
                    ?);
                END;
            
---------------------Binding info---------------------
No.1	Access path:../../@exp_report_header_id	Data type of passed value :java.lang.Long	Value:1824	Output:false	Database Type:null	
No.2	Access path:@line_number	Data type of passed value :java.lang.Integer	Value:30	Output:false	Database Type:null	
No.3	Access path:@city	Data type of passed value :[null]	Value:null	Output:false	Database Type:null	
No.4	Access path:@description	Data type of passed value :java.lang.String	Value:1	Output:false	Database Type:null	
No.5	Access path:@date_from	Data type of passed value :[null]	Value:null	Output:false	Database Type:null	
No.6	Access path:@date_to	Data type of passed value :[null]	Value:null	Output:false	Database Type:null	
No.7	Access path:@period_name	Data type of passed value :java.lang.String	Value:2018-10	Output:false	Database Type:null	
No.8	Access path:@currency_code	Data type of passed value :java.lang.String	Value:CNY	Output:false	Database Type:null	
No.9	Access path:@exchange_rate_type	Data type of passed value :[null]	Value:null	Output:false	Database Type:null	
No.10	Access path:@exchange_rate_quotation	Data type of passed value :[null]	Value:null	Output:false	Database Type:null	
No.11	Access path:@exchange_rate	Data type of passed value :java.lang.Integer	Value:1	Output:false	Database Type:null	
No.12	Access path:@expense_type_id	Data type of passed value :java.lang.Integer	Value:23174	Output:false	Database Type:null	
No.13	Access path:@exp_req_item_id	Data type of passed value :java.lang.Integer	Value:519	Output:false	Database Type:null	
No.14	Access path:@price	Data type of passed value :java.lang.String	Value:100.00	Output:false	Database Type:null	
No.15	Access path:@primary_quantity	Data type of passed value :java.lang.String	Value:1	Output:false	Database Type:null	
No.16	Access path:@report_amount	Data type of passed value :java.lang.Integer	Value:100	Output:false	Database Type:null	
No.17	Access path:@report_functional_amount	Data type of passed value :java.lang.Integer	Value:100	Output:false	Database Type:null	
No.18	Access path:@company_id	Data type of passed value :java.lang.String	Value:835	Output:false	Database Type:null	
No.19	Access path:@unit_id	Data type of passed value :java.lang.Integer	Value:3	Output:false	Database Type:null	
No.20	Access path:@position_id	Data type of passed value :java.lang.Integer	Value:10	Output:false	Database Type:null	
No.21	Access path:@responsibility_center_id	Data type of passed value :java.lang.Integer	Value:7424	Output:false	Database Type:null	
No.22	Access path:@employee_id	Data type of passed value :java.lang.String	Value:203	Output:false	Database Type:null	
No.23	Access path:@payee_category	Data type of passed value :java.lang.String	Value:EMPLOYEE	Output:false	Database Type:null	
No.24	Access path:@payee_id	Data type of passed value :java.lang.String	Value:203	Output:false	Database Type:null	
No.25	Access path:@payment_flag	Data type of passed value :java.lang.String	Value:Y	Output:false	Database Type:null	
No.26	Access path:@e1	Data type of passed value :[null]	Value:null	Output:false	Database Type:null	
No.27	Access path:@e2	Data type of passed value :java.lang.String	Value:3.0	Output:false	Database Type:null	
No.28	Access path:@e3	Data type of passed value :java.lang.String	Value:2	Output:false	Database Type:null	
No.29	Access path:@e4	Data type of passed value :[null]	Value:null	Output:false	Database Type:null	
No.30	Access path:@e5	Data type of passed value :java.lang.String	Value:51	Output:false	Database Type:null	
No.31	Access path:@e6	Data type of passed value :[null]	Value:null	Output:false	Database Type:null	
No.32	Access path:@e7	Data type of passed value :[null]	Value:null	Output:false	Database Type:null	
No.33	Access path:@e8	Data type of passed value :[null]	Value:null	Output:false	Database Type:null	
No.34	Access path:@e9	Data type of passed value :[null]	Value:null	Output:false	Database Type:null	
No.35	Access path:@e10	Data type of passed value :[null]	Value:null	Output:false	Database Type:null	
No.36	Access path:@account_name	Data type of passed value :[null]	Value:null	Output:false	Database Type:null	
No.37	Access path:@account_number	Data type of passed value :[null]	Value:null	Output:false	Database Type:null	
No.38	Access path:@payment_type_id	Data type of passed value :java.lang.Integer	Value:11	Output:false	Database Type:null	
No.39	Access path:@payment_type	Data type of passed value :java.lang.String	Value:转账	Output:false	Database Type:null	
No.40	Access path:/session/@user_id	Data type of passed value :java.lang.Long	Value:204	Output:false	Database Type:null	
No.41	Access path:@exp_report_line_id	Data type of passed value :[null]	Value:null	Output:true	Database Type:null	
No.42	Access path:@place_type_id	Data type of passed value :[null]	Value:null	Output:false	Database Type:null	
No.43	Access path:@place_id	Data type of passed value :[null]	Value:null	Output:false	Database Type:null	
No.44	Access path:@tax_type_id	Data type of passed value :[null]	Value:null	Output:false	Database Type:null	
No.45	Access path:@transportation	Data type of passed value :[null]	Value:null	Output:false	Database Type:null	
No.46	Access path:@place_to_id	Data type of passed value :[null]	Value:null	Output:false	Database Type:null	
No.47	Access path:@invoice_type	Data type of passed value :java.lang.String	Value:INV001	Output:false	Database Type:null	
No.48	Access path:@invoice_number	Data type of passed value :java.lang.String	Value:2018101110	Output:false	Database Type:null	
No.49	Access path:@invoice_status	Data type of passed value :java.lang.String	Value:20	Output:false	Database Type:null	
No.50	Access path:@tax_amount	Data type of passed value :java.lang.Integer	Value:6	Output:false	Database Type:null	
No.51	Access path:@sale_amount	Data type of passed value :java.lang.String	Value:94.00	Output:false	Database Type:null	
No.52	Access path:@tax_rate	Data type of passed value :java.lang.String	Value:0.06	Output:false	Database Type:null	
No.53	Access path:@usage_type	Data type of passed value :java.lang.String	Value:YT003	Output:false	Database Type:null	
No.54	Access path:@invoice_code	Data type of passed value :java.lang.String	Value:2018101110	Output:false	Database Type:null	
No.55	Access path:@invoice_date	Data type of passed value :java.lang.String	Value:2018-10-01	Output:false	Database Type:null	
No.56	Access path:@input_tax_structure_detail	Data type of passed value :java.lang.String	Value:VAT_IN_6_10	Output:false	Database Type:null	
No.57	Access path:@ref_pay_num	Data type of passed value :[null]	Value:null	Output:false	Database Type:null	
No.58	Access path:@ref_gather_num	Data type of passed value :[null]	Value:null	Output:false	Database Type:null	
No.59	Access path:@invoice_item	Data type of passed value :[null]	Value:null	Output:false	Database Type:null	
No.60	Access path:@deduction_rules	Data type of passed value :[null]	Value:null	Output:false	Database Type:null	
No.61	Access path:@adjusted_full_deductions	Data type of passed value :[null]	Value:null	Output:false	Database Type:null	
No.62	Access path:@adjusted_partial_deductions	Data type of passed value :[null]	Value:null	Output:false	Database Type:null	
No.63	Access path:@adjustable_tax_deductible	Data type of passed value :[null]	Value:null	Output:false	Database Type:null	
No.64	Access path:@invoice_amount	Data type of passed value :java.lang.Integer	Value:1000	Output:false	Database Type:null	
No.65	Access path:@invoice_tax_amount	Data type of passed value :java.lang.Integer	Value:100	Output:false	Database Type:null	
No.66	Access path:@associated_oasign	Data type of passed value :[null]	Value:null	Output:false	Database Type:null	
No.67	Access path:@meetting_name	Data type of passed value :[null]	Value:null	Output:false	Database Type:null	

=============== END [Insert] SQL Statement execution dump ============

2018-10-11 08:30:47.13 [aurora.database] [INFO] [model-batch-update] Data from '@current_parameter/details' is null
2018-10-11 08:30:47.15 [uncertain.proc] [CONFIG] [action] DecideStatement
2018-10-11 08:30:47.16 [uncertain.proc] [CONFIG] [action] DecideSqlGenerationMode
2018-10-11 08:30:47.16 [uncertain.proc] [FINE] aurora.database.service.BusinessModelService.onDecideSqlGenerationMode
2018-10-11 08:30:47.16 [uncertain.proc] [CONFIG] [action] CreateOperationSql
2018-10-11 08:30:47.16 [uncertain.proc] [CONFIG] [action] PopulateOperationSql
2018-10-11 08:30:47.16 [uncertain.proc] [FINE] aurora.database.features.OrderByClauseCreator.onPopulateOperationSql
2018-10-11 08:30:47.16 [uncertain.proc] [FINE] aurora.database.features.WhereClauseCreator.onPopulateOperationSql
2018-10-11 08:30:47.16 [uncertain.proc] [CONFIG] [action] CreateSqlRunner
2018-10-11 08:30:47.16 [uncertain.proc] [FINE] aurora.database.service.BusinessModelService.onCreateSqlRunner
2018-10-11 08:30:47.16 [uncertain.proc] [CONFIG] [action] ExecuteDmlStatement
2018-10-11 08:30:47.16 [uncertain.proc] [FINE] aurora.database.service.BusinessModelService.onExecuteDmlStatement
2018-10-11 08:30:47.17 [aurora.database] [CONFIG] 
============= BEGIN [Insert] SQL Statement execution dump ============

    			begin
					con_contract_maintenance_pkg.insert_con_document_flows
					(
					   'CON_CONTRACT' ,
					   ?,
					   ?,
					   'EXP_REPORT_LINES',
					   ?,
					   ?,			   
					   ?
					);
				end;
        	
---------------------Binding info---------------------
No.1	Access path:@contract_header_id	Data type of passed value :[null]	Value:null	Output:false	Database Type:null	
No.2	Access path:@payment_schedule_line_id	Data type of passed value :[null]	Value:null	Output:false	Database Type:null	
No.3	Access path:../../@exp_report_header_id	Data type of passed value :java.lang.Long	Value:1824	Output:false	Database Type:null	
No.4	Access path:@exp_report_line_id	Data type of passed value :java.lang.Long	Value:2510	Output:false	Database Type:null	
No.5	Access path:/session/@user_id	Data type of passed value :java.lang.Long	Value:204	Output:false	Database Type:null	

=============== END [Insert] SQL Statement execution dump ============

2018-10-11 08:30:47.18 [uncertain.proc] [CONFIG] [action] DecideStatement
2018-10-11 08:30:47.19 [uncertain.proc] [CONFIG] [action] DecideSqlGenerationMode
2018-10-11 08:30:47.19 [uncertain.proc] [FINE] aurora.database.service.BusinessModelService.onDecideSqlGenerationMode
2018-10-11 08:30:47.19 [uncertain.proc] [CONFIG] [action] CreateOperationSql
2018-10-11 08:30:47.19 [uncertain.proc] [CONFIG] [action] PopulateOperationSql
2018-10-11 08:30:47.19 [uncertain.proc] [FINE] aurora.database.features.OrderByClauseCreator.onPopulateOperationSql
2018-10-11 08:30:47.19 [uncertain.proc] [FINE] aurora.database.features.WhereClauseCreator.onPopulateOperationSql
2018-10-11 08:30:47.19 [uncertain.proc] [CONFIG] [action] CreateSqlRunner
2018-10-11 08:30:47.19 [uncertain.proc] [FINE] aurora.database.service.BusinessModelService.onCreateSqlRunner
2018-10-11 08:30:47.19 [uncertain.proc] [CONFIG] [action] ExecuteDmlStatement
2018-10-11 08:30:47.19 [uncertain.proc] [FINE] aurora.database.service.BusinessModelService.onExecuteDmlStatement
2018-10-11 08:30:47.19 [aurora.database] [CONFIG] 
============= BEGIN [Update] SQL Statement execution dump ============

			begin
				exp_report_pkg.create_manual_exp_req_relation
				(
		          ?,
		          ?,
		          ?
				 );
			end;
			
---------------------Binding info---------------------
No.1	Access path:@exp_requisition_dists_id	Data type of passed value :[null]	Value:null	Output:false	Database Type:null	
No.2	Access path:@exp_report_line_id	Data type of passed value :java.lang.Long	Value:2510	Output:false	Database Type:null	
No.3	Access path:/session/@user_id	Data type of passed value :java.lang.Long	Value:204	Output:false	Database Type:null	

=============== END [Update] SQL Statement execution dump ============

2018-10-11 08:30:47.19 [aurora.database] [CONFIG] Executing batch-apply on parameter No.3
2018-10-11 08:30:47.21 [uncertain.proc] [CONFIG] [action] DecideStatement
2018-10-11 08:30:47.22 [uncertain.proc] [CONFIG] [action] DecideSqlGenerationMode
2018-10-11 08:30:47.22 [uncertain.proc] [FINE] aurora.database.service.BusinessModelService.onDecideSqlGenerationMode
2018-10-11 08:30:47.22 [uncertain.proc] [CONFIG] [action] CreateOperationSql
2018-10-11 08:30:47.22 [uncertain.proc] [CONFIG] [action] PopulateOperationSql
2018-10-11 08:30:47.22 [uncertain.proc] [FINE] aurora.database.features.OrderByClauseCreator.onPopulateOperationSql
2018-10-11 08:30:47.22 [uncertain.proc] [FINE] aurora.database.features.WhereClauseCreator.onPopulateOperationSql
2018-10-11 08:30:47.22 [uncertain.proc] [CONFIG] [action] CreateSqlRunner
2018-10-11 08:30:47.22 [uncertain.proc] [FINE] aurora.database.service.BusinessModelService.onCreateSqlRunner
2018-10-11 08:30:47.22 [uncertain.proc] [CONFIG] [action] ExecuteDmlStatement
2018-10-11 08:30:47.22 [uncertain.proc] [FINE] aurora.database.service.BusinessModelService.onExecuteDmlStatement
2018-10-11 08:30:47.29 [aurora.database] [CONFIG] 
============= BEGIN [Insert] SQL Statement execution dump ============

                BEGIN
                    exp_report_pkg.insert_exp_report_lines ( 
                    ?, 
                    ?, 
                    ?, 
                    ?, 
                    to_date(?,'yyyy-mm-dd'), 
                    to_date(?,'yyyy-mm-dd'), 
                    ?, 
                    ?, 
                    ?, 
                    ?, 
                    ?, 
                    ?, 
                    ?, 
                    NULL, ?, 
                    ?, 
                    NULL, 
                    NULL, 
                    NULL, 
                    ?, 
                    ?, 
                    NULL, ?, 
                    ?, 
                    ?, 
                    ?, 
                    ?, 
                    ?, 
                    ?, 
                    NULL, 
                    ?, 
                    'GENERATE', 
                    'N', 
                    NULL, 
                    NULL, 
                    ?, 
                    ?, 
                    ?, 
                    ?, 
                    ?, 
                    ?, 
                    ?, 
                    ?, 
                    ?, 
                    ?, 
                    ?, 
                    ?, 
                    ?, 
                    ?, 
                    ?, 
                    ?, 
                    ?, 
                    ?, 
                    ?, 
                    ?, 
                    ?, 
                    ?, 
                    ?, 
                    ?, 
                    ?, 
                    ?, 
                    ?, 
                    ?, 
                    ?, 
                    to_date(?,'yyyy-mm-dd'), 
                    ?, 
                    ?, 
                    ?, 
                    ?,
                    ?,
                    ?,
                    ?,
                    ?,
                    ?,
                    ?,
                    ?,
                    ?);
                END;
            
---------------------Binding info---------------------
No.1	Access path:../../@exp_report_header_id	Data type of passed value :java.lang.Long	Value:1824	Output:false	Database Type:null	
No.2	Access path:@line_number	Data type of passed value :java.lang.Integer	Value:40	Output:false	Database Type:null	
No.3	Access path:@city	Data type of passed value :[null]	Value:null	Output:false	Database Type:null	
No.4	Access path:@description	Data type of passed value :java.lang.String	Value:1	Output:false	Database Type:null	
No.5	Access path:@date_from	Data type of passed value :[null]	Value:null	Output:false	Database Type:null	
No.6	Access path:@date_to	Data type of passed value :[null]	Value:null	Output:false	Database Type:null	
No.7	Access path:@period_name	Data type of passed value :java.lang.String	Value:2018-10	Output:false	Database Type:null	
No.8	Access path:@currency_code	Data type of passed value :java.lang.String	Value:CNY	Output:false	Database Type:null	
No.9	Access path:@exchange_rate_type	Data type of passed value :[null]	Value:null	Output:false	Database Type:null	
No.10	Access path:@exchange_rate_quotation	Data type of passed value :[null]	Value:null	Output:false	Database Type:null	
No.11	Access path:@exchange_rate	Data type of passed value :java.lang.Integer	Value:1	Output:false	Database Type:null	
No.12	Access path:@expense_type_id	Data type of passed value :java.lang.Integer	Value:23174	Output:false	Database Type:null	
No.13	Access path:@exp_req_item_id	Data type of passed value :java.lang.Integer	Value:519	Output:false	Database Type:null	
No.14	Access path:@price	Data type of passed value :java.lang.String	Value:100.00	Output:false	Database Type:null	
No.15	Access path:@primary_quantity	Data type of passed value :java.lang.String	Value:1	Output:false	Database Type:null	
No.16	Access path:@report_amount	Data type of passed value :java.lang.Integer	Value:100	Output:false	Database Type:null	
No.17	Access path:@report_functional_amount	Data type of passed value :java.lang.Integer	Value:100	Output:false	Database Type:null	
No.18	Access path:@company_id	Data type of passed value :java.lang.String	Value:835	Output:false	Database Type:null	
No.19	Access path:@unit_id	Data type of passed value :java.lang.Integer	Value:3	Output:false	Database Type:null	
No.20	Access path:@position_id	Data type of passed value :java.lang.Integer	Value:10	Output:false	Database Type:null	
No.21	Access path:@responsibility_center_id	Data type of passed value :java.lang.Integer	Value:7424	Output:false	Database Type:null	
No.22	Access path:@employee_id	Data type of passed value :java.lang.String	Value:203	Output:false	Database Type:null	
No.23	Access path:@payee_category	Data type of passed value :java.lang.String	Value:EMPLOYEE	Output:false	Database Type:null	
No.24	Access path:@payee_id	Data type of passed value :java.lang.String	Value:203	Output:false	Database Type:null	
No.25	Access path:@payment_flag	Data type of passed value :java.lang.String	Value:Y	Output:false	Database Type:null	
No.26	Access path:@e1	Data type of passed value :[null]	Value:null	Output:false	Database Type:null	
No.27	Access path:@e2	Data type of passed value :java.lang.String	Value:3.0	Output:false	Database Type:null	
No.28	Access path:@e3	Data type of passed value :java.lang.String	Value:2	Output:false	Database Type:null	
No.29	Access path:@e4	Data type of passed value :[null]	Value:null	Output:false	Database Type:null	
No.30	Access path:@e5	Data type of passed value :java.lang.String	Value:51	Output:false	Database Type:null	
No.31	Access path:@e6	Data type of passed value :[null]	Value:null	Output:false	Database Type:null	
No.32	Access path:@e7	Data type of passed value :[null]	Value:null	Output:false	Database Type:null	
No.33	Access path:@e8	Data type of passed value :[null]	Value:null	Output:false	Database Type:null	
No.34	Access path:@e9	Data type of passed value :[null]	Value:null	Output:false	Database Type:null	
No.35	Access path:@e10	Data type of passed value :[null]	Value:null	Output:false	Database Type:null	
No.36	Access path:@account_name	Data type of passed value :[null]	Value:null	Output:false	Database Type:null	
No.37	Access path:@account_number	Data type of passed value :[null]	Value:null	Output:false	Database Type:null	
No.38	Access path:@payment_type_id	Data type of passed value :java.lang.Integer	Value:11	Output:false	Database Type:null	
No.39	Access path:@payment_type	Data type of passed value :java.lang.String	Value:转账	Output:false	Database Type:null	
No.40	Access path:/session/@user_id	Data type of passed value :java.lang.Long	Value:204	Output:false	Database Type:null	
No.41	Access path:@exp_report_line_id	Data type of passed value :[null]	Value:null	Output:true	Database Type:null	
No.42	Access path:@place_type_id	Data type of passed value :[null]	Value:null	Output:false	Database Type:null	
No.43	Access path:@place_id	Data type of passed value :[null]	Value:null	Output:false	Database Type:null	
No.44	Access path:@tax_type_id	Data type of passed value :[null]	Value:null	Output:false	Database Type:null	
No.45	Access path:@transportation	Data type of passed value :[null]	Value:null	Output:false	Database Type:null	
No.46	Access path:@place_to_id	Data type of passed value :[null]	Value:null	Output:false	Database Type:null	
No.47	Access path:@invoice_type	Data type of passed value :java.lang.String	Value:INV001	Output:false	Database Type:null	
No.48	Access path:@invoice_number	Data type of passed value :java.lang.String	Value:2018101110	Output:false	Database Type:null	
No.49	Access path:@invoice_status	Data type of passed value :java.lang.String	Value:20	Output:false	Database Type:null	
No.50	Access path:@tax_amount	Data type of passed value :java.lang.Integer	Value:10	Output:false	Database Type:null	
No.51	Access path:@sale_amount	Data type of passed value :java.lang.String	Value:90.00	Output:false	Database Type:null	
No.52	Access path:@tax_rate	Data type of passed value :java.lang.String	Value:0.11	Output:false	Database Type:null	
No.53	Access path:@usage_type	Data type of passed value :java.lang.String	Value:YT004	Output:false	Database Type:null	
No.54	Access path:@invoice_code	Data type of passed value :java.lang.String	Value:2018101110	Output:false	Database Type:null	
No.55	Access path:@invoice_date	Data type of passed value :java.lang.String	Value:2018-10-01	Output:false	Database Type:null	
No.56	Access path:@input_tax_structure_detail	Data type of passed value :java.lang.String	Value:VAT_IN_11_6	Output:false	Database Type:null	
No.57	Access path:@ref_pay_num	Data type of passed value :[null]	Value:null	Output:false	Database Type:null	
No.58	Access path:@ref_gather_num	Data type of passed value :[null]	Value:null	Output:false	Database Type:null	
No.59	Access path:@invoice_item	Data type of passed value :[null]	Value:null	Output:false	Database Type:null	
No.60	Access path:@deduction_rules	Data type of passed value :[null]	Value:null	Output:false	Database Type:null	
No.61	Access path:@adjusted_full_deductions	Data type of passed value :[null]	Value:null	Output:false	Database Type:null	
No.62	Access path:@adjusted_partial_deductions	Data type of passed value :[null]	Value:null	Output:false	Database Type:null	
No.63	Access path:@adjustable_tax_deductible	Data type of passed value :[null]	Value:null	Output:false	Database Type:null	
No.64	Access path:@invoice_amount	Data type of passed value :java.lang.Integer	Value:1000	Output:false	Database Type:null	
No.65	Access path:@invoice_tax_amount	Data type of passed value :java.lang.Integer	Value:100	Output:false	Database Type:null	
No.66	Access path:@associated_oasign	Data type of passed value :[null]	Value:null	Output:false	Database Type:null	
No.67	Access path:@meetting_name	Data type of passed value :[null]	Value:null	Output:false	Database Type:null	

=============== END [Insert] SQL Statement execution dump ============

2018-10-11 08:30:47.30 [aurora.database] [INFO] [model-batch-update] Data from '@current_parameter/details' is null
2018-10-11 08:30:47.32 [uncertain.proc] [CONFIG] [action] DecideStatement
2018-10-11 08:30:47.33 [uncertain.proc] [CONFIG] [action] DecideSqlGenerationMode
2018-10-11 08:30:47.33 [uncertain.proc] [FINE] aurora.database.service.BusinessModelService.onDecideSqlGenerationMode
2018-10-11 08:30:47.33 [uncertain.proc] [CONFIG] [action] CreateOperationSql
2018-10-11 08:30:47.33 [uncertain.proc] [CONFIG] [action] PopulateOperationSql
2018-10-11 08:30:47.33 [uncertain.proc] [FINE] aurora.database.features.OrderByClauseCreator.onPopulateOperationSql
2018-10-11 08:30:47.33 [uncertain.proc] [FINE] aurora.database.features.WhereClauseCreator.onPopulateOperationSql
2018-10-11 08:30:47.33 [uncertain.proc] [CONFIG] [action] CreateSqlRunner
2018-10-11 08:30:47.33 [uncertain.proc] [FINE] aurora.database.service.BusinessModelService.onCreateSqlRunner
2018-10-11 08:30:47.33 [uncertain.proc] [CONFIG] [action] ExecuteDmlStatement
2018-10-11 08:30:47.33 [uncertain.proc] [FINE] aurora.database.service.BusinessModelService.onExecuteDmlStatement
2018-10-11 08:30:47.33 [aurora.database] [CONFIG] 
============= BEGIN [Insert] SQL Statement execution dump ============

    			begin
					con_contract_maintenance_pkg.insert_con_document_flows
					(
					   'CON_CONTRACT' ,
					   ?,
					   ?,
					   'EXP_REPORT_LINES',
					   ?,
					   ?,			   
					   ?
					);
				end;
        	
---------------------Binding info---------------------
No.1	Access path:@contract_header_id	Data type of passed value :[null]	Value:null	Output:false	Database Type:null	
No.2	Access path:@payment_schedule_line_id	Data type of passed value :[null]	Value:null	Output:false	Database Type:null	
No.3	Access path:../../@exp_report_header_id	Data type of passed value :java.lang.Long	Value:1824	Output:false	Database Type:null	
No.4	Access path:@exp_report_line_id	Data type of passed value :java.lang.Long	Value:2511	Output:false	Database Type:null	
No.5	Access path:/session/@user_id	Data type of passed value :java.lang.Long	Value:204	Output:false	Database Type:null	

=============== END [Insert] SQL Statement execution dump ============

2018-10-11 08:30:47.35 [uncertain.proc] [CONFIG] [action] DecideStatement
2018-10-11 08:30:47.36 [uncertain.proc] [CONFIG] [action] DecideSqlGenerationMode
2018-10-11 08:30:47.36 [uncertain.proc] [FINE] aurora.database.service.BusinessModelService.onDecideSqlGenerationMode
2018-10-11 08:30:47.36 [uncertain.proc] [CONFIG] [action] CreateOperationSql
2018-10-11 08:30:47.36 [uncertain.proc] [CONFIG] [action] PopulateOperationSql
2018-10-11 08:30:47.36 [uncertain.proc] [FINE] aurora.database.features.OrderByClauseCreator.onPopulateOperationSql
2018-10-11 08:30:47.36 [uncertain.proc] [FINE] aurora.database.features.WhereClauseCreator.onPopulateOperationSql
2018-10-11 08:30:47.36 [uncertain.proc] [CONFIG] [action] CreateSqlRunner
2018-10-11 08:30:47.36 [uncertain.proc] [FINE] aurora.database.service.BusinessModelService.onCreateSqlRunner
2018-10-11 08:30:47.36 [uncertain.proc] [CONFIG] [action] ExecuteDmlStatement
2018-10-11 08:30:47.36 [uncertain.proc] [FINE] aurora.database.service.BusinessModelService.onExecuteDmlStatement
2018-10-11 08:30:47.36 [aurora.database] [CONFIG] 
============= BEGIN [Update] SQL Statement execution dump ============

			begin
				exp_report_pkg.create_manual_exp_req_relation
				(
		          ?,
		          ?,
		          ?
				 );
			end;
			
---------------------Binding info---------------------
No.1	Access path:@exp_requisition_dists_id	Data type of passed value :[null]	Value:null	Output:false	Database Type:null	
No.2	Access path:@exp_report_line_id	Data type of passed value :java.lang.Long	Value:2511	Output:false	Database Type:null	
No.3	Access path:/session/@user_id	Data type of passed value :java.lang.Long	Value:204	Output:false	Database Type:null	

=============== END [Update] SQL Statement execution dump ============

2018-10-11 08:30:47.36 [aurora.database] [CONFIG] Executing batch-apply on parameter No.4
2018-10-11 08:30:47.38 [uncertain.proc] [CONFIG] [action] DecideStatement
2018-10-11 08:30:47.39 [uncertain.proc] [CONFIG] [action] DecideSqlGenerationMode
2018-10-11 08:30:47.39 [uncertain.proc] [FINE] aurora.database.service.BusinessModelService.onDecideSqlGenerationMode
2018-10-11 08:30:47.39 [uncertain.proc] [CONFIG] [action] CreateOperationSql
2018-10-11 08:30:47.39 [uncertain.proc] [CONFIG] [action] PopulateOperationSql
2018-10-11 08:30:47.39 [uncertain.proc] [FINE] aurora.database.features.OrderByClauseCreator.onPopulateOperationSql
2018-10-11 08:30:47.39 [uncertain.proc] [FINE] aurora.database.features.WhereClauseCreator.onPopulateOperationSql
2018-10-11 08:30:47.39 [uncertain.proc] [CONFIG] [action] CreateSqlRunner
2018-10-11 08:30:47.39 [uncertain.proc] [FINE] aurora.database.service.BusinessModelService.onCreateSqlRunner
2018-10-11 08:30:47.39 [uncertain.proc] [CONFIG] [action] ExecuteDmlStatement
2018-10-11 08:30:47.39 [uncertain.proc] [FINE] aurora.database.service.BusinessModelService.onExecuteDmlStatement
2018-10-11 08:30:47.46 [aurora.database] [CONFIG] 
============= BEGIN [Insert] SQL Statement execution dump ============

                BEGIN
                    exp_report_pkg.insert_exp_report_lines ( 
                    ?, 
                    ?, 
                    ?, 
                    ?, 
                    to_date(?,'yyyy-mm-dd'), 
                    to_date(?,'yyyy-mm-dd'), 
                    ?, 
                    ?, 
                    ?, 
                    ?, 
                    ?, 
                    ?, 
                    ?, 
                    NULL, ?, 
                    ?, 
                    NULL, 
                    NULL, 
                    NULL, 
                    ?, 
                    ?, 
                    NULL, ?, 
                    ?, 
                    ?, 
                    ?, 
                    ?, 
                    ?, 
                    ?, 
                    NULL, 
                    ?, 
                    'GENERATE', 
                    'N', 
                    NULL, 
                    NULL, 
                    ?, 
                    ?, 
                    ?, 
                    ?, 
                    ?, 
                    ?, 
                    ?, 
                    ?, 
                    ?, 
                    ?, 
                    ?, 
                    ?, 
                    ?, 
                    ?, 
                    ?, 
                    ?, 
                    ?, 
                    ?, 
                    ?, 
                    ?, 
                    ?, 
                    ?, 
                    ?, 
                    ?, 
                    ?, 
                    ?, 
                    ?, 
                    ?, 
                    ?, 
                    to_date(?,'yyyy-mm-dd'), 
                    ?, 
                    ?, 
                    ?, 
                    ?,
                    ?,
                    ?,
                    ?,
                    ?,
                    ?,
                    ?,
                    ?,
                    ?);
                END;
            
---------------------Binding info---------------------
No.1	Access path:../../@exp_report_header_id	Data type of passed value :java.lang.Long	Value:1824	Output:false	Database Type:null	
No.2	Access path:@line_number	Data type of passed value :java.lang.Integer	Value:50	Output:false	Database Type:null	
No.3	Access path:@city	Data type of passed value :[null]	Value:null	Output:false	Database Type:null	
No.4	Access path:@description	Data type of passed value :java.lang.String	Value:1	Output:false	Database Type:null	
No.5	Access path:@date_from	Data type of passed value :[null]	Value:null	Output:false	Database Type:null	
No.6	Access path:@date_to	Data type of passed value :[null]	Value:null	Output:false	Database Type:null	
No.7	Access path:@period_name	Data type of passed value :java.lang.String	Value:2018-10	Output:false	Database Type:null	
No.8	Access path:@currency_code	Data type of passed value :java.lang.String	Value:CNY	Output:false	Database Type:null	
No.9	Access path:@exchange_rate_type	Data type of passed value :[null]	Value:null	Output:false	Database Type:null	
No.10	Access path:@exchange_rate_quotation	Data type of passed value :[null]	Value:null	Output:false	Database Type:null	
No.11	Access path:@exchange_rate	Data type of passed value :java.lang.Integer	Value:1	Output:false	Database Type:null	
No.12	Access path:@expense_type_id	Data type of passed value :java.lang.Integer	Value:23174	Output:false	Database Type:null	
No.13	Access path:@exp_req_item_id	Data type of passed value :java.lang.Integer	Value:519	Output:false	Database Type:null	
No.14	Access path:@price	Data type of passed value :java.lang.String	Value:100.00	Output:false	Database Type:null	
No.15	Access path:@primary_quantity	Data type of passed value :java.lang.String	Value:1	Output:false	Database Type:null	
No.16	Access path:@report_amount	Data type of passed value :java.lang.Integer	Value:100	Output:false	Database Type:null	
No.17	Access path:@report_functional_amount	Data type of passed value :java.lang.Integer	Value:100	Output:false	Database Type:null	
No.18	Access path:@company_id	Data type of passed value :java.lang.String	Value:835	Output:false	Database Type:null	
No.19	Access path:@unit_id	Data type of passed value :java.lang.Integer	Value:3	Output:false	Database Type:null	
No.20	Access path:@position_id	Data type of passed value :java.lang.Integer	Value:10	Output:false	Database Type:null	
No.21	Access path:@responsibility_center_id	Data type of passed value :java.lang.Integer	Value:7424	Output:false	Database Type:null	
No.22	Access path:@employee_id	Data type of passed value :java.lang.String	Value:203	Output:false	Database Type:null	
No.23	Access path:@payee_category	Data type of passed value :java.lang.String	Value:EMPLOYEE	Output:false	Database Type:null	
No.24	Access path:@payee_id	Data type of passed value :java.lang.String	Value:203	Output:false	Database Type:null	
No.25	Access path:@payment_flag	Data type of passed value :java.lang.String	Value:Y	Output:false	Database Type:null	
No.26	Access path:@e1	Data type of passed value :[null]	Value:null	Output:false	Database Type:null	
No.27	Access path:@e2	Data type of passed value :java.lang.String	Value:3.0	Output:false	Database Type:null	
No.28	Access path:@e3	Data type of passed value :java.lang.String	Value:2	Output:false	Database Type:null	
No.29	Access path:@e4	Data type of passed value :[null]	Value:null	Output:false	Database Type:null	
No.30	Access path:@e5	Data type of passed value :java.lang.String	Value:51	Output:false	Database Type:null	
No.31	Access path:@e6	Data type of passed value :[null]	Value:null	Output:false	Database Type:null	
No.32	Access path:@e7	Data type of passed value :[null]	Value:null	Output:false	Database Type:null	
No.33	Access path:@e8	Data type of passed value :[null]	Value:null	Output:false	Database Type:null	
No.34	Access path:@e9	Data type of passed value :[null]	Value:null	Output:false	Database Type:null	
No.35	Access path:@e10	Data type of passed value :[null]	Value:null	Output:false	Database Type:null	
No.36	Access path:@account_name	Data type of passed value :[null]	Value:null	Output:false	Database Type:null	
No.37	Access path:@account_number	Data type of passed value :[null]	Value:null	Output:false	Database Type:null	
No.38	Access path:@payment_type_id	Data type of passed value :java.lang.Integer	Value:11	Output:false	Database Type:null	
No.39	Access path:@payment_type	Data type of passed value :java.lang.String	Value:转账	Output:false	Database Type:null	
No.40	Access path:/session/@user_id	Data type of passed value :java.lang.Long	Value:204	Output:false	Database Type:null	
No.41	Access path:@exp_report_line_id	Data type of passed value :[null]	Value:null	Output:true	Database Type:null	
No.42	Access path:@place_type_id	Data type of passed value :[null]	Value:null	Output:false	Database Type:null	
No.43	Access path:@place_id	Data type of passed value :[null]	Value:null	Output:false	Database Type:null	
No.44	Access path:@tax_type_id	Data type of passed value :[null]	Value:null	Output:false	Database Type:null	
No.45	Access path:@transportation	Data type of passed value :[null]	Value:null	Output:false	Database Type:null	
No.46	Access path:@place_to_id	Data type of passed value :[null]	Value:null	Output:false	Database Type:null	
No.47	Access path:@invoice_type	Data type of passed value :java.lang.String	Value:INV001	Output:false	Database Type:null	
No.48	Access path:@invoice_number	Data type of passed value :java.lang.String	Value:2018101110	Output:false	Database Type:null	
No.49	Access path:@invoice_status	Data type of passed value :java.lang.String	Value:20	Output:false	Database Type:null	
No.50	Access path:@tax_amount	Data type of passed value :java.lang.Integer	Value:14	Output:false	Database Type:null	
No.51	Access path:@sale_amount	Data type of passed value :java.lang.String	Value:86.00	Output:false	Database Type:null	
No.52	Access path:@tax_rate	Data type of passed value :java.lang.String	Value:0.16	Output:false	Database Type:null	
No.53	Access path:@usage_type	Data type of passed value :java.lang.String	Value:YT005	Output:false	Database Type:null	
No.54	Access path:@invoice_code	Data type of passed value :java.lang.String	Value:2018101110	Output:false	Database Type:null	
No.55	Access path:@invoice_date	Data type of passed value :java.lang.String	Value:2018-10-01	Output:false	Database Type:null	
No.56	Access path:@input_tax_structure_detail	Data type of passed value :java.lang.String	Value:VAT_IN_16_6	Output:false	Database Type:null	
No.57	Access path:@ref_pay_num	Data type of passed value :[null]	Value:null	Output:false	Database Type:null	
No.58	Access path:@ref_gather_num	Data type of passed value :[null]	Value:null	Output:false	Database Type:null	
No.59	Access path:@invoice_item	Data type of passed value :[null]	Value:null	Output:false	Database Type:null	
No.60	Access path:@deduction_rules	Data type of passed value :[null]	Value:null	Output:false	Database Type:null	
No.61	Access path:@adjusted_full_deductions	Data type of passed value :[null]	Value:null	Output:false	Database Type:null	
No.62	Access path:@adjusted_partial_deductions	Data type of passed value :[null]	Value:null	Output:false	Database Type:null	
No.63	Access path:@adjustable_tax_deductible	Data type of passed value :[null]	Value:null	Output:false	Database Type:null	
No.64	Access path:@invoice_amount	Data type of passed value :java.lang.Integer	Value:1000	Output:false	Database Type:null	
No.65	Access path:@invoice_tax_amount	Data type of passed value :java.lang.Integer	Value:100	Output:false	Database Type:null	
No.66	Access path:@associated_oasign	Data type of passed value :[null]	Value:null	Output:false	Database Type:null	
No.67	Access path:@meetting_name	Data type of passed value :[null]	Value:null	Output:false	Database Type:null	

=============== END [Insert] SQL Statement execution dump ============

2018-10-11 08:30:47.48 [aurora.database] [INFO] [model-batch-update] Data from '@current_parameter/details' is null
2018-10-11 08:30:47.50 [uncertain.proc] [CONFIG] [action] DecideStatement
2018-10-11 08:30:47.51 [uncertain.proc] [CONFIG] [action] DecideSqlGenerationMode
2018-10-11 08:30:47.51 [uncertain.proc] [FINE] aurora.database.service.BusinessModelService.onDecideSqlGenerationMode
2018-10-11 08:30:47.51 [uncertain.proc] [CONFIG] [action] CreateOperationSql
2018-10-11 08:30:47.51 [uncertain.proc] [CONFIG] [action] PopulateOperationSql
2018-10-11 08:30:47.51 [uncertain.proc] [FINE] aurora.database.features.OrderByClauseCreator.onPopulateOperationSql
2018-10-11 08:30:47.51 [uncertain.proc] [FINE] aurora.database.features.WhereClauseCreator.onPopulateOperationSql
2018-10-11 08:30:47.51 [uncertain.proc] [CONFIG] [action] CreateSqlRunner
2018-10-11 08:30:47.51 [uncertain.proc] [FINE] aurora.database.service.BusinessModelService.onCreateSqlRunner
2018-10-11 08:30:47.51 [uncertain.proc] [CONFIG] [action] ExecuteDmlStatement
2018-10-11 08:30:47.51 [uncertain.proc] [FINE] aurora.database.service.BusinessModelService.onExecuteDmlStatement
2018-10-11 08:30:47.52 [aurora.database] [CONFIG] 
============= BEGIN [Insert] SQL Statement execution dump ============

    			begin
					con_contract_maintenance_pkg.insert_con_document_flows
					(
					   'CON_CONTRACT' ,
					   ?,
					   ?,
					   'EXP_REPORT_LINES',
					   ?,
					   ?,			   
					   ?
					);
				end;
        	
---------------------Binding info---------------------
No.1	Access path:@contract_header_id	Data type of passed value :[null]	Value:null	Output:false	Database Type:null	
No.2	Access path:@payment_schedule_line_id	Data type of passed value :[null]	Value:null	Output:false	Database Type:null	
No.3	Access path:../../@exp_report_header_id	Data type of passed value :java.lang.Long	Value:1824	Output:false	Database Type:null	
No.4	Access path:@exp_report_line_id	Data type of passed value :java.lang.Long	Value:2512	Output:false	Database Type:null	
No.5	Access path:/session/@user_id	Data type of passed value :java.lang.Long	Value:204	Output:false	Database Type:null	

=============== END [Insert] SQL Statement execution dump ============

2018-10-11 08:30:47.53 [uncertain.proc] [CONFIG] [action] DecideStatement
2018-10-11 08:30:47.54 [uncertain.proc] [CONFIG] [action] DecideSqlGenerationMode
2018-10-11 08:30:47.54 [uncertain.proc] [FINE] aurora.database.service.BusinessModelService.onDecideSqlGenerationMode
2018-10-11 08:30:47.54 [uncertain.proc] [CONFIG] [action] CreateOperationSql
2018-10-11 08:30:47.54 [uncertain.proc] [CONFIG] [action] PopulateOperationSql
2018-10-11 08:30:47.54 [uncertain.proc] [FINE] aurora.database.features.OrderByClauseCreator.onPopulateOperationSql
2018-10-11 08:30:47.54 [uncertain.proc] [FINE] aurora.database.features.WhereClauseCreator.onPopulateOperationSql
2018-10-11 08:30:47.54 [uncertain.proc] [CONFIG] [action] CreateSqlRunner
2018-10-11 08:30:47.54 [uncertain.proc] [FINE] aurora.database.service.BusinessModelService.onCreateSqlRunner
2018-10-11 08:30:47.54 [uncertain.proc] [CONFIG] [action] ExecuteDmlStatement
2018-10-11 08:30:47.54 [uncertain.proc] [FINE] aurora.database.service.BusinessModelService.onExecuteDmlStatement
2018-10-11 08:30:47.55 [aurora.database] [CONFIG] 
============= BEGIN [Update] SQL Statement execution dump ============

			begin
				exp_report_pkg.create_manual_exp_req_relation
				(
		          ?,
		          ?,
		          ?
				 );
			end;
			
---------------------Binding info---------------------
No.1	Access path:@exp_requisition_dists_id	Data type of passed value :[null]	Value:null	Output:false	Database Type:null	
No.2	Access path:@exp_report_line_id	Data type of passed value :java.lang.Long	Value:2512	Output:false	Database Type:null	
No.3	Access path:/session/@user_id	Data type of passed value :java.lang.Long	Value:204	Output:false	Database Type:null	

=============== END [Update] SQL Statement execution dump ============

2018-10-11 08:30:47.55 [aurora.database] [INFO] [batch-apply] Data from '@current_parameter/pmtplan' is null
2018-10-11 08:30:47.57 [uncertain.proc] [CONFIG] [action] DecideStatement
2018-10-11 08:30:47.57 [uncertain.proc] [CONFIG] [action] DecideSqlGenerationMode
2018-10-11 08:30:47.57 [uncertain.proc] [FINE] aurora.database.service.BusinessModelService.onDecideSqlGenerationMode
2018-10-11 08:30:47.57 [uncertain.proc] [CONFIG] [action] CreateOperationSql
2018-10-11 08:30:47.57 [uncertain.proc] [CONFIG] [action] PopulateOperationSql
2018-10-11 08:30:47.57 [uncertain.proc] [FINE] aurora.database.features.OrderByClauseCreator.onPopulateOperationSql
2018-10-11 08:30:47.57 [uncertain.proc] [FINE] aurora.database.features.WhereClauseCreator.onPopulateOperationSql
2018-10-11 08:30:47.57 [uncertain.proc] [CONFIG] [action] CreateSqlRunner
2018-10-11 08:30:47.57 [uncertain.proc] [FINE] aurora.database.service.BusinessModelService.onCreateSqlRunner
2018-10-11 08:30:47.58 [uncertain.proc] [CONFIG] [action] ExecuteDmlStatement
2018-10-11 08:30:47.58 [uncertain.proc] [FINE] aurora.database.service.BusinessModelService.onExecuteDmlStatement
2018-10-11 08:30:47.60 [aurora.database] [CONFIG] 
============= BEGIN [execute] SQL Statement execution dump ============

            begin
				exp_report_pkg.resert_exp_rep_line_number
				(
		           ?,
		           ?
				   );
			end;
			
---------------------Binding info---------------------
No.1	Access path:@exp_report_header_id	Data type of passed value :java.lang.Long	Value:1824	Output:false	Database Type:null	
No.2	Access path:/session/@user_id	Data type of passed value :java.lang.Long	Value:204	Output:false	Database Type:null	

=============== END [execute] SQL Statement execution dump ============

2018-10-11 08:30:47.61 [uncertain.proc] [CONFIG] [action] DecideStatement
2018-10-11 08:30:47.62 [uncertain.proc] [CONFIG] [action] DecideSqlGenerationMode
2018-10-11 08:30:47.62 [uncertain.proc] [FINE] aurora.database.service.BusinessModelService.onDecideSqlGenerationMode
2018-10-11 08:30:47.62 [uncertain.proc] [CONFIG] [action] CreateOperationSql
2018-10-11 08:30:47.62 [uncertain.proc] [CONFIG] [action] PopulateOperationSql
2018-10-11 08:30:47.62 [uncertain.proc] [FINE] aurora.database.features.OrderByClauseCreator.onPopulateOperationSql
2018-10-11 08:30:47.62 [uncertain.proc] [FINE] aurora.database.features.WhereClauseCreator.onPopulateOperationSql
2018-10-11 08:30:47.62 [uncertain.proc] [CONFIG] [action] CreateSqlRunner
2018-10-11 08:30:47.62 [uncertain.proc] [FINE] aurora.database.service.BusinessModelService.onCreateSqlRunner
2018-10-11 08:30:47.62 [uncertain.proc] [CONFIG] [action] ExecuteDmlStatement
2018-10-11 08:30:47.62 [uncertain.proc] [FINE] aurora.database.service.BusinessModelService.onExecuteDmlStatement
2018-10-11 08:30:47.70 [aurora.database] [CONFIG] 
============= BEGIN [execute] SQL Statement execution dump ============
 
	            begin
					exp_report_pkg.create_exp_rep_pmt_schedule(
					?,
					?);
				end;
			
---------------------Binding info---------------------
No.1	Access path:@exp_report_header_id	Data type of passed value :java.lang.Long	Value:1824	Output:false	Database Type:null	
No.2	Access path:/session/@user_id	Data type of passed value :java.lang.Long	Value:204	Output:false	Database Type:null	

=============== END [execute] SQL Statement execution dump ============

2018-10-11 08:30:47.72 [uncertain.proc] [CONFIG] [action] DecideStatement
2018-10-11 08:30:47.73 [uncertain.proc] [CONFIG] [action] DecideSqlGenerationMode
2018-10-11 08:30:47.73 [uncertain.proc] [FINE] aurora.database.service.BusinessModelService.onDecideSqlGenerationMode
2018-10-11 08:30:47.73 [uncertain.proc] [CONFIG] [action] CreateOperationSql
2018-10-11 08:30:47.73 [uncertain.proc] [CONFIG] [action] PopulateOperationSql
2018-10-11 08:30:47.73 [uncertain.proc] [FINE] aurora.database.features.OrderByClauseCreator.onPopulateOperationSql
2018-10-11 08:30:47.73 [uncertain.proc] [FINE] aurora.database.features.WhereClauseCreator.onPopulateOperationSql
2018-10-11 08:30:47.73 [uncertain.proc] [CONFIG] [action] CreateSqlRunner
2018-10-11 08:30:47.73 [uncertain.proc] [FINE] aurora.database.service.BusinessModelService.onCreateSqlRunner
2018-10-11 08:30:47.73 [uncertain.proc] [CONFIG] [action] ExecuteDmlStatement
2018-10-11 08:30:47.73 [uncertain.proc] [FINE] aurora.database.service.BusinessModelService.onExecuteDmlStatement
2018-10-11 08:30:47.74 [aurora.database] [CONFIG] 
============= BEGIN [Update] SQL Statement execution dump ============

            begin
				cux_wlzq_exp_report_pkg.update_bgt_status
				(
		           ?,
		           ?
				   );
			end;
			
---------------------Binding info---------------------
No.1	Access path:@exp_report_header_id	Data type of passed value :java.lang.Long	Value:1824	Output:false	Database Type:null	
No.2	Access path:/session/@user_id	Data type of passed value :java.lang.Long	Value:204	Output:false	Database Type:null	

=============== END [Update] SQL Statement execution dump ============

2018-10-11 08:30:47.74 [uncertain.proc] [CONFIG] [action] CreateSuccessResponse
