2018-10-22 10:14:12.310 [aurora.application.session_check] [CONFIG] Session data copied to context
2018-10-22 10:14:12.310 [aurora.application.session_check] [CONFIG] Access check result for modules/expm/public/exp_report_line_query.svc => success
2018-10-22 10:14:12.310 [uncertain.proc] [CONFIG] [action] AccessCheck
2018-10-22 10:14:12.312 [uncertain.proc] [CONFIG] [action] CheckServiceLock
2018-10-22 10:14:12.312 [uncertain.proc] [CONFIG] [action] ParseParameter
2018-10-22 10:14:12.312 [uncertain.proc] [CONFIG] [action] ValidateInput
2018-10-22 10:14:12.312 [uncertain.proc] [CONFIG] [action] InvokeService
2018-10-22 10:14:12.313 [aurora.database] [CONFIG] ===================================== prepare to run model-query expm.exp_report_lines==============================
2018-10-22 10:14:12.355 [uncertain.proc] [CONFIG] [action] DecideSqlGenerationMode
2018-10-22 10:14:12.355 [uncertain.proc] [FINE] aurora.database.service.BusinessModelService.onDecideSqlGenerationMode
2018-10-22 10:14:12.355 [uncertain.proc] [CONFIG] [action] CreatequeryStatement
2018-10-22 10:14:12.355 [uncertain.proc] [FINE] aurora.bm.QuerySqlCreator.onCreateQueryStatement
2018-10-22 10:14:12.376 [uncertain.proc] [CONFIG] [action] PopulatequeryStatement
2018-10-22 10:14:12.376 [uncertain.proc] [FINE] aurora.database.features.OrderByClauseCreator.onPopulateQueryStatement
2018-10-22 10:14:12.376 [uncertain.proc] [FINE] aurora.database.features.WhereClauseCreator.onPopulateQueryStatement
2018-10-22 10:14:12.376 [uncertain.proc] [CONFIG] [action] CreatequerySql
2018-10-22 10:14:12.376 [uncertain.proc] [FINE] aurora.bm.QuerySqlCreator.onCreateQuerySql
2018-10-22 10:14:12.376 [uncertain.proc] [CONFIG] [action] ExecuteQuery
2018-10-22 10:14:12.376 [uncertain.proc] [FINE] aurora.bm.QuerySqlCreator.onExecuteQuery
2018-10-22 10:14:12.405 [uncertain.proc] [CONFIG] [action] QueryFinish
2018-10-22 10:14:12.405 [uncertain.proc] [FINE] aurora.database.features.AutoQueryCounter.onQueryFinish
2018-10-22 10:14:12.407 [uncertain.proc] [CONFIG] [action] FetchResultSet
2018-10-22 10:14:12.408 [uncertain.proc] [FINE] aurora.database.features.CacheBasedLookUpField.postFetchResultSet
2018-10-22 10:14:12.418 [aurora.database] [CONFIG] 
============= BEGIN [query] SQL Statement execution dump ============
SELECT l.EXP_REPORT_HEADER_ID,l.EXP_REPORT_LINE_ID,l.LINE_NUMBER,l.CITY,l.DESCRIPTION,to_char(l.date_from,'yyyy-mm-dd') AS date_from,to_char(l.date_to,'yyyy-mm-dd') AS date_to,l.PERIOD_NAME,l.CURRENCY_CODE,l.EXCHANGE_RATE_TYPE,l.EXCHANGE_RATE_QUOTATION,l.EXCHANGE_RATE,l.EXPENSE_TYPE_ID,l.EXPENSE_ITEM_ID,l.BUDGET_ITEM_ID,l.PRICE,l.PRIMARY_QUANTITY,l.REPORT_AMOUNT,l.REPORT_FUNCTIONAL_AMOUNT,l.COMPANY_ID,l.OPERATION_UNIT_ID,l.UNIT_ID,l.POSITION_ID,l.RESPONSIBILITY_CENTER_ID,l.EMPLOYEE_ID,l.PAYEE_CATEGORY,l.PAYEE_ID,l.PARTNER_ID,l.PAYMENT_FLAG,l.REPORT_STATUS,l.AUDIT_FLAG,l.AUDIT_DATE,l.WRITE_OFF_STATUS,l.WRITE_OFF_COMLETED_DATE,l.ATTACHMENT_NUM,l.DIMENSION1_ID AS e1,l.DIMENSION2_ID AS e2,l.DIMENSION3_ID AS e3,l.DIMENSION4_ID AS e4,l.DIMENSION5_ID AS e5,l.DIMENSION6_ID AS e6,l.DIMENSION7_ID AS e7,l.DIMENSION8_ID AS e8,l.DIMENSION9_ID AS e9,l.DIMENSION10_ID AS e10,(select  fdv.description from fnd_dimension_values_vl   fdv    where fdv.dimension_value_id=l.DIMENSION1_ID) AS d1,(select  fdv.description from fnd_dimension_values_vl   fdv    where fdv.dimension_value_id=l.DIMENSION2_ID) AS d2,(select  fdv.description from fnd_dimension_values_vl   fdv    where fdv.dimension_value_id=l.DIMENSION3_ID) AS d3,(select  fdv.description from fnd_dimension_values_vl   fdv    where fdv.dimension_value_id=l.DIMENSION4_ID) AS d4,(select  fdv.description from fnd_dimension_values_vl   fdv    where fdv.dimension_value_id=l.DIMENSION5_ID) AS d5,(select  fdv.description from fnd_dimension_values_vl   fdv    where fdv.dimension_value_id=l.DIMENSION6_ID) AS d6,(select  fdv.description from fnd_dimension_values_vl   fdv    where fdv.dimension_value_id=l.DIMENSION7_ID) AS d7,(select  fdv.description from fnd_dimension_values_vl   fdv    where fdv.dimension_value_id=l.DIMENSION8_ID) AS d8,(select  fdv.description from fnd_dimension_values_vl   fdv    where fdv.dimension_value_id=l.DIMENSION9_ID) AS d9,(select  fdv.description from fnd_dimension_values_vl   fdv    where fdv.dimension_value_id=l.DIMENSION10_ID) AS d10,l.ACCOUNT_NAME,l.ACCOUNT_NUMBER,l.payment_type_id,l.PAYMENT_TYPE,l.PLACE_TYPE_ID,(select a.description from exp_policy_place_types_vl a where a.place_type_id = l.place_type_id) AS place_type,l.PLACE_ID,(select a.place_desc from exp_policy_places_vl a where a.place_id = l.place_id) AS place_from,l.PLACE_TO_ID,(select a.place_desc from exp_policy_places_vl a where a.place_id = l.place_to_id) AS place_to,l.TRANSPORTATION,(select b.code_value_name from sys_codes a,sys_code_values_vl b where a.code_id = b.code_id and a.code= 'TRANSPORTATION' and b.code_value = l.transportation) AS transport_name,(select description_text          from fnd_descriptions fd    where fd.description_id = fc.company_short_name_id   and Language = ?) AS company_name,(select description_text             from fnd_descriptions fd    where fd.description_id = eou.description_id       and Language = ?) AS unit_name,(select description_text     from fnd_descriptions fd    where fd.description_id = et.description_id        and Language = ?) AS expense_type_name,(select description_text     from fnd_descriptions fd    where fd.description_id = ei.description_id        and Language = ?) AS exp_req_item_name,(select description_text     from fnd_descriptions fd    where fd.description_id = ft.responsibility_center_name_id        and Language = ?) AS responsibility_center_name,(select description_text     from fnd_descriptions fd    where fd.description_id = ep.description_id        and Language = ?) AS position_name,(ee.name) AS employee_name,(select description_text     from fnd_descriptions fd    where fd.description_id = ge.type_name_id        and Language = ?) AS exchange_rate_type_name,(             select sv.code_value_name               from sys_code_values_v sv,sys_codes_vl sc             where sc.code = 'EXCHANGE_RATE_QUOTATION'             and   sv.code_id=sc.code_id             and sv.code_value=l.exchange_rate_quotation         ) AS exchange_rate_quotation_name,(             select sv.code_value_name               from sys_code_values_v sv,sys_codes_vl sc             where sc.code = 'PAYMENT_OBJECT'             and   sv.code_id=sc.code_id             and sv.code_value=l.payee_category         ) AS payee_category_name,decode (PAYEE_CATEGORY,'EMPLOYEE',                            (select employee_code  ||'-'||  name                           from  exp_employees ee                              where ee.employee_id=l.payee_id),                                     'CUSTOMER',                                     (select vc.CUSTOMER_CODE||'-'|| vc.DESCRIPTION                             from ord_system_customers_vl vc                              where vc.CUSTOMER_ID=l.payee_id ),                                     ( select vv.VENDER_CODE||'-'|| vv.DESCRIPTION                             from pur_system_venders_vl vv                              where vv.VENDER_ID=l.payee_id )) AS payee_name,l.expense_item_id AS exp_req_item_id,l.tax_type_id,(select v.description from fnd_tax_type_codes_vl v where v.tax_type_id = l.tax_type_id) AS tax_type_desc,l.invoice_type,(select e.type_name from exp_ygz_invoice_types e where e.type_code=l.invoice_type) AS invoice_type_desc,l.invoice_number,l.INVOICE_STATUS,l.tax_amount,l.sale_amount,l.tax_rate,l.usage_type,l.invoice_code,l.invoice_date,l.INPUT_TAX_STRUCTURE_DETAIL,(select type_name from exp_ygz_input_tax_struc_dtl where type_code=input_tax_structure_detail) AS input_tax_struc_detail_desc,(select type_name from exp_ygz_usage_types where type_code=usage_type) AS usage_type_desc,(select nvl(special_invoice,'N') from exp_ygz_invoice_types where type_code=invoice_type) AS special_invoice,(select invoice_number_digit from exp_ygz_invoice_types where type_code=invoice_type) AS invoice_number_digit,(select invoice_code_digit from exp_ygz_invoice_types where type_code=invoice_type) AS invoice_code_digit,(select nvl(einvoice_flag,'N') from exp_ygz_invoice_types where type_code=invoice_type) AS einvoice_flag,l.ref_pay_num,l.ref_gather_num,l.invoice_item,l.deduction_rules,l.adjusted_full_deductions,l.adjusted_partial_deductions,l.adjustable_tax_deductible,l.invoice_amount,l.invoice_tax_amount,l.associated_oasign,(select c.sign_name from con_sign_oa c where c.sign_code = l.associated_oasign ) AS associated_oasign_desc,l.meetting_name,fc.company_short_name_id,eou.description_id,et.DESCRIPTION_ID AS et_description_id,ei.DESCRIPTION_ID AS ei_description_id,ft.responsibility_center_name_id,ep.description_id AS ep_description_id,ee.NAME,ge.type_name_id,cer.CONTRACT_HEADER_ID,cer.PAYMENT_SCHEDULE_LINE_ID,cer.CONTRACT_HEADER_CODE,cer.PAYMENT_SCHEDULE_LINE_CODE
FROM EXP_REPORT_LINES l
	LEFT OUTER JOIN fnd_companies fc ON l.COMPANY_ID = fc.company_id
	LEFT OUTER JOIN EXP_ORG_UNIT eou ON l.UNIT_ID = eou.unit_id
	LEFT OUTER JOIN EXP_EXPENSE_TYPES et ON l.EXPENSE_TYPE_ID = et.EXPENSE_TYPE_ID
	LEFT OUTER JOIN EXP_EXPENSE_ITEMS ei ON l.EXPENSE_ITEM_ID = ei.EXPENSE_ITEM_ID
	LEFT OUTER JOIN fnd_responsibility_centers ft ON l.RESPONSIBILITY_CENTER_ID = ft.responsibility_center_id
	LEFT OUTER JOIN exp_org_position ep ON l.POSITION_ID = ep.position_id
	LEFT OUTER JOIN EXP_EMPLOYEES ee ON l.EMPLOYEE_ID = ee.EMPLOYEE_ID
	LEFT OUTER JOIN GLD_EXCHANGERATE_TYPES ge ON l.EXCHANGE_RATE_TYPE = ge.type_code
	LEFT OUTER JOIN CON_EXP_REPORT_DETAIL_V cer ON l.EXP_REPORT_HEADER_ID = cer.SOURCE_DOCUMENT_ID AND l.EXP_REPORT_LINE_ID = cer.SOURCE_DOCUMENT_LINE_ID AND cer.source_document_type = 'EXP_REPORT_LINES'
WHERE exp_report_header_id=? AND exp_document_authorities_pkg.exist_exp_doc_authorities('02', (select s.employee_id  from sys_user s  where s.user_id =?), (select h.employee_id from exp_report_headers h where h.exp_report_header_id=?),  'MAINTENANCE',   ?) = 'Y'
ORDER BY line_number
---------------------Binding info---------------------
No.1	Access path:/session/@lang	Data type of passed value :java.lang.String	Value:ZHS	Output:false	Database Type:null	
No.2	Access path:/session/@lang	Data type of passed value :java.lang.String	Value:ZHS	Output:false	Database Type:null	
No.3	Access path:/session/@lang	Data type of passed value :java.lang.String	Value:ZHS	Output:false	Database Type:null	
No.4	Access path:/session/@lang	Data type of passed value :java.lang.String	Value:ZHS	Output:false	Database Type:null	
No.5	Access path:/session/@lang	Data type of passed value :java.lang.String	Value:ZHS	Output:false	Database Type:null	
No.6	Access path:/session/@lang	Data type of passed value :java.lang.String	Value:ZHS	Output:false	Database Type:null	
No.7	Access path:/session/@lang	Data type of passed value :java.lang.String	Value:ZHS	Output:false	Database Type:null	
No.8	Access path:@exp_report_header_id	Data type of passed value :java.lang.String	Value:1551	Output:false	Database Type:null	
No.9	Access path:/session/@user_id	Data type of passed value :java.lang.Long	Value:671	Output:false	Database Type:null	
No.10	Access path:@exp_report_header_id	Data type of passed value :java.lang.String	Value:1551	Output:false	Database Type:null	
No.11	Access path:/session/@user_id	Data type of passed value :java.lang.Long	Value:671	Output:false	Database Type:null	

=============== END [query] SQL Statement execution dump ============

2018-10-22 10:14:12.418 [aurora.database] [CONFIG] ===================================== prepare to run model-query expm.exp_report_line_obj_init==============================
2018-10-22 10:14:12.422 [uncertain.proc] [CONFIG] [action] DecideSqlGenerationMode
2018-10-22 10:14:12.422 [uncertain.proc] [FINE] aurora.database.service.BusinessModelService.onDecideSqlGenerationMode
2018-10-22 10:14:12.422 [uncertain.proc] [CONFIG] [action] CreateOperationSql
2018-10-22 10:14:12.422 [uncertain.proc] [CONFIG] [action] PopulateOperationSql
2018-10-22 10:14:12.422 [uncertain.proc] [FINE] aurora.database.features.OrderByClauseCreator.onPopulateOperationSql
2018-10-22 10:14:12.422 [uncertain.proc] [FINE] aurora.database.features.WhereClauseCreator.onPopulateOperationSql
2018-10-22 10:14:12.422 [uncertain.proc] [CONFIG] [action] ExecuteQuery
2018-10-22 10:14:12.422 [uncertain.proc] [FINE] aurora.bm.QuerySqlCreator.onExecuteQuery
2018-10-22 10:14:12.423 [uncertain.proc] [CONFIG] [action] QueryFinish
2018-10-22 10:14:12.423 [uncertain.proc] [FINE] aurora.database.features.AutoQueryCounter.onQueryFinish
2018-10-22 10:14:12.423 [uncertain.proc] [CONFIG] [action] FetchResultSet
2018-10-22 10:14:12.423 [uncertain.proc] [FINE] aurora.database.features.CacheBasedLookUpField.postFetchResultSet
2018-10-22 10:14:12.423 [aurora.database] [CONFIG] 
============= BEGIN [query] SQL Statement execution dump ============

                SELECT
                    eol.expense_object_type_id,
                    ero.expense_object_id,
                    exp_expense_object_types_pkg.get_object_code(eol.expense_object_type_id, ero.expense_object_id) expense_object_code,
                    NVL(exp_expense_object_types_pkg.get_object_description(eol.expense_object_type_id, ero.expense_object_id), ero.expense_object_desc) expense_object_description,
                    '#'
                    ||eol.expense_object_type_id forname,
                    v.description,
                    erl.exp_report_line_id ,
                    '^#'
                    ||eol.expense_object_type_id AS expense_object_type_code
                FROM
                    exp_report_objects_layouts eol,
                    exp_report_lines erl,
                    exp_report_objects ero,
                    exp_expense_object_types_vl v
                WHERE
                    eol.layout_position        = 'DOCUMENTS_LINE' AND
                    eol.exp_report_header_id   = ? AND
                    eol.expense_object_type_id = ero.expense_object_type_id AND
                    eol.exp_report_header_id   = erl.exp_report_header_id AND
                    ero.exp_report_line_id     = erl.exp_report_line_id AND
                    v.expense_object_type_id   = ero.expense_object_type_id
                ORDER BY
                    erl.exp_report_line_id,
                    eol.layout_priority
            
---------------------Binding info---------------------
No.1	Access path:/parameter/@exp_report_header_id	Data type of passed value :java.lang.String	Value:1551	Output:false	Database Type:null	

=============== END [query] SQL Statement execution dump ============

2018-10-22 10:14:12.423 [uncertain.proc] [CONFIG] [action] CreateSuccessResponse
