2018-10-10 07:51:47.552 [aurora.application.session_check] [CONFIG] Session data copied to context
2018-10-10 07:51:47.553 [aurora.application.session_check] [CONFIG] Access check result for modules/expm/public/exp_report_reject.screen => success
2018-10-10 07:51:47.553 [uncertain.proc] [CONFIG] [action] AccessCheck
2018-10-10 07:51:47.555 [uncertain.proc] [CONFIG] [action] InitService
2018-10-10 07:51:47.555 [uncertain.proc] [CONFIG] [action] ParseParameter
2018-10-10 07:51:47.556 [uncertain.proc] [CONFIG] [action] CreateModel
2018-10-10 07:51:47.556 [aurora.database] [CONFIG] ===================================== prepare to run model-query expm.get_record==============================
2018-10-10 07:51:47.559 [uncertain.proc] [CONFIG] [action] DecideSqlGenerationMode
2018-10-10 07:51:47.559 [uncertain.proc] [FINE] aurora.database.service.BusinessModelService.onDecideSqlGenerationMode
2018-10-10 07:51:47.559 [uncertain.proc] [CONFIG] [action] CreateOperationSql
2018-10-10 07:51:47.559 [uncertain.proc] [CONFIG] [action] PopulateOperationSql
2018-10-10 07:51:47.559 [uncertain.proc] [FINE] aurora.database.features.OrderByClauseCreator.onPopulateOperationSql
2018-10-10 07:51:47.559 [uncertain.proc] [FINE] aurora.database.features.WhereClauseCreator.onPopulateOperationSql
2018-10-10 07:51:47.559 [uncertain.proc] [CONFIG] [action] ExecuteQuery
2018-10-10 07:51:47.559 [uncertain.proc] [FINE] aurora.bm.QuerySqlCreator.onExecuteQuery
2018-10-10 07:51:47.559 [uncertain.proc] [CONFIG] [action] QueryFinish
2018-10-10 07:51:47.559 [uncertain.proc] [FINE] aurora.database.features.AutoQueryCounter.onQueryFinish
2018-10-10 07:51:47.559 [uncertain.proc] [CONFIG] [action] FetchResultSet
2018-10-10 07:51:47.559 [uncertain.proc] [FINE] aurora.database.features.CacheBasedLookUpField.postFetchResultSet
2018-10-10 07:51:47.559 [aurora.database] [CONFIG] 
============= BEGIN [query] SQL Statement execution dump ============
SELECT V.EMPLOYEE_ID,
       V.EMPLOYEE_TYPE_ID,
       V.EMPLOYEE_CODE || '-' || V.NAME  NAME 
  FROM EXP_COMPANY_EMPLOYEES_V V, SYS_USER SU
 WHERE SU.EMPLOYEE_ID = V.EMPLOYEE_ID
   AND SU.USER_ID = ?
   AND V.COMPANY_ID = ?
---------------------Binding info---------------------
No.1	Access path:/session/@user_id	Data type of passed value :java.lang.Long	Value:1	Output:false	Database Type:null	
No.2	Access path:/session/@company_id	Data type of passed value :java.lang.String	Value:835	Output:false	Database Type:null	

=============== END [query] SQL Statement execution dump ============

2018-10-10 07:51:47.559 [uncertain.proc] [CONFIG] [action] CreateView
2018-10-10 07:51:47.559 [uncertain.proc] [CONFIG] [action] BuildOutputContent
2018-10-10 07:51:47.559 [aurora.presentation.buildsession] [CONFIG] Start build session
2018-10-10 07:51:47.559 [aurora.presentation.buildsession] [CONFIG] building view: <html-page> -> aurora.presentation.component.HtmlPage@237454a0
2018-10-10 07:51:47.560 [aurora.presentation.buildsession] [CONFIG] building view: <link> -> aurora.presentation.TemplateBasedView@3dda489e
2018-10-10 07:51:47.560 [aurora.presentation.buildsession] [CONFIG] building view: <script> -> aurora.presentation.DefaultViewBuilder@35f5c5a3
2018-10-10 07:51:47.560 [aurora.presentation.buildsession] [CONFIG] building view: <dataSets> -> aurora.application.features.DataSetInit@3d24a10f
2018-10-10 07:51:47.560 [aurora.presentation.buildsession] [CONFIG] building view: <dataSet> -> aurora.presentation.TemplateBasedView@3dda489e
2018-10-10 07:51:47.560 [aurora.presentation.buildsession] [CONFIG] building view: <screenBody> -> aurora.presentation.component.std.ScreenBody@7ca6172c
2018-10-10 07:51:47.560 [aurora.presentation.buildsession] [CONFIG] building view: <screenTopToolbar> -> aurora.presentation.component.std.ScreenTopToolbar@77d65c8b
2018-10-10 07:51:47.560 [aurora.presentation.buildsession] [CONFIG] building view: <screenTitle> -> aurora.presentation.component.std.ScreenTitle@7606c785
2018-10-10 07:51:47.564 [uncertain.proc] [CONFIG] [action] DecideSqlGenerationMode
2018-10-10 07:51:47.564 [uncertain.proc] [FINE] aurora.database.service.BusinessModelService.onDecideSqlGenerationMode
2018-10-10 07:51:47.564 [uncertain.proc] [CONFIG] [action] CreatequeryStatement
2018-10-10 07:51:47.564 [uncertain.proc] [FINE] aurora.bm.QuerySqlCreator.onCreateQueryStatement
2018-10-10 07:51:47.564 [uncertain.proc] [CONFIG] [action] PopulatequeryStatement
2018-10-10 07:51:47.564 [uncertain.proc] [FINE] aurora.database.features.OrderByClauseCreator.onPopulateQueryStatement
2018-10-10 07:51:47.564 [uncertain.proc] [FINE] aurora.database.features.WhereClauseCreator.onPopulateQueryStatement
2018-10-10 07:51:47.564 [uncertain.proc] [CONFIG] [action] CreatequerySql
2018-10-10 07:51:47.564 [uncertain.proc] [FINE] aurora.bm.QuerySqlCreator.onCreateQuerySql
2018-10-10 07:51:47.564 [uncertain.proc] [CONFIG] [action] ExecuteQuery
2018-10-10 07:51:47.564 [uncertain.proc] [FINE] aurora.bm.QuerySqlCreator.onExecuteQuery
2018-10-10 07:51:47.565 [uncertain.proc] [CONFIG] [action] QueryFinish
2018-10-10 07:51:47.565 [uncertain.proc] [FINE] aurora.database.features.AutoQueryCounter.onQueryFinish
2018-10-10 07:51:47.565 [uncertain.proc] [CONFIG] [action] FetchResultSet
2018-10-10 07:51:47.565 [uncertain.proc] [FINE] aurora.database.features.CacheBasedLookUpField.postFetchResultSet
2018-10-10 07:51:47.565 [aurora.database] [CONFIG] 
============= BEGIN [query] SQL Statement execution dump ============
SELECT f.service_id,f.service_name,f.is_entry_page,f.is_access_checked,f.is_login_required,f.is_system_access,? AS language,(select d.description_text from fnd_descriptions d where d.description_id = f.title_id and d.language = ?) AS title,f.title_id,f.weixin_flag
FROM sys_service f
WHERE f.service_name = ?
ORDER BY service_name
---------------------Binding info---------------------
No.1	Access path:/session/@lang	Data type of passed value :java.lang.String	Value:ZHS	Output:false	Database Type:null	
No.2	Access path:/session/@lang	Data type of passed value :java.lang.String	Value:ZHS	Output:false	Database Type:null	
No.3	Access path:@service_name	Data type of passed value :java.lang.String	Value:modules/expm/public/exp_report_reject.screen	Output:false	Database Type:null	

=============== END [query] SQL Statement execution dump ============

2018-10-10 07:51:47.565 [aurora.presentation.buildsession] [CONFIG] building view: <toolbarButton> -> aurora.presentation.TemplateBasedView@3dda489e
2018-10-10 07:51:47.565 [aurora.presentation.buildsession] [CONFIG] building view: <toolbarButton> -> aurora.presentation.TemplateBasedView@3dda489e
2018-10-10 07:51:47.565 [aurora.presentation.buildsession] [CONFIG] building view: <vBox> -> aurora.presentation.component.std.VBox@60ddfbdd
2018-10-10 07:51:47.565 [aurora.presentation.buildsession] [CONFIG] building view: <textField> -> aurora.presentation.TemplateBasedView@3dda489e
2018-10-10 07:51:47.565 [aurora.presentation.buildsession] [CONFIG] building view: <textArea> -> aurora.presentation.TemplateBasedView@3dda489e
2018-10-10 07:51:47.565 [aurora.presentation.buildsession] [CONFIG] End build session
