2018-10-22 06:58:13.678 [aurora.application.session_check] [CONFIG] Session data copied to context
2018-10-22 06:58:13.679 [aurora.application.session_check] [CONFIG] Access check result for modules/expm/public/exp_report_save.svc => success
2018-10-22 06:58:13.679 [uncertain.proc] [CONFIG] [action] AccessCheck
2018-10-22 06:58:13.682 [uncertain.proc] [CONFIG] [action] CheckServiceLock
2018-10-22 06:58:13.682 [uncertain.proc] [CONFIG] [action] ParseParameter
2018-10-22 06:58:13.682 [uncertain.proc] [CONFIG] [action] ValidateInput
2018-10-22 06:58:13.682 [uncertain.proc] [CONFIG] [action] InvokeService
2018-10-22 06:58:13.682 [aurora.database] [CONFIG] Running batch-apply with data from path /parameter, total 1 records
2018-10-22 06:58:13.682 [aurora.database] [CONFIG] Executing batch-apply on parameter No.0
2018-10-22 06:58:13.684 [uncertain.proc] [CONFIG] [action] DecideStatement
2018-10-22 06:58:13.686 [uncertain.proc] [CONFIG] [action] DecideSqlGenerationMode
2018-10-22 06:58:13.686 [uncertain.proc] [FINE] aurora.database.service.BusinessModelService.onDecideSqlGenerationMode
2018-10-22 06:58:13.686 [uncertain.proc] [CONFIG] [action] CreateOperationSql
2018-10-22 06:58:13.686 [uncertain.proc] [CONFIG] [action] PopulateOperationSql
2018-10-22 06:58:13.686 [uncertain.proc] [FINE] aurora.database.features.OrderByClauseCreator.onPopulateOperationSql
2018-10-22 06:58:13.686 [uncertain.proc] [FINE] aurora.database.features.WhereClauseCreator.onPopulateOperationSql
2018-10-22 06:58:13.686 [uncertain.proc] [CONFIG] [action] CreateSqlRunner
2018-10-22 06:58:13.686 [uncertain.proc] [FINE] aurora.database.service.BusinessModelService.onCreateSqlRunner
2018-10-22 06:58:13.686 [uncertain.proc] [CONFIG] [action] ExecuteDmlStatement
2018-10-22 06:58:13.686 [uncertain.proc] [FINE] aurora.database.service.BusinessModelService.onExecuteDmlStatement
2018-10-22 06:58:13.693 [aurora.database] [CONFIG] 
============= BEGIN [Update] SQL Statement execution dump ============

                BEGIN
                    exp_report_pkg.exp_report_header_save ( 
                    p_exp_report_header_id=>?, 
                    p_exp_report_number=>?, 
                    p_company_id=>?, 
                    p_exp_report_barcode=>NULL, 
                    p_employee_id=>?, 
                    p_position_id=>?, 
                    p_payee_category=>?, 
                    p_payee_id=>?, 
                    p_exp_report_type_id=>?, 
                    p_expense_user_group_id=>NULL, 
                    p_currency_code=>?, 
                    p_exchange_rate_type=>?, 
                    p_exchange_rate_quotation=>?, 
                    p_exchange_rate=>?, 
                    p_report_date=>to_date(?,'yyyy-mm-dd'), 
                    p_period_name=>?, 
                    p_report_status=>'GENERATE', 
                    p_gld_interface_flag=>'N', 
                    p_attachment_num=>?, 
                    p_description=>?, 
                    p_write_off_status=>'N', 
                    p_write_off_completed_date=>NULL, 
                    p_reversed_flag=>NULL, 
                    p_source_exp_rep_header_id=>NULL, 
                    p_created_by=>?, 
                    p_operation_date=>NULL, 
                    p_source_type=>'MANUAL', 
                    p_payment_method_id=>?, 
                    p_contract_header_id=>?, 
                    p_eam_asset_id=>?, 
                    p_vat_special_invoice_include=>?,
                    p_consistent_invoice_amount=>?,
                    p_pay_company_id  => ?);
                END;
            
---------------------Binding info---------------------
No.1	Access path:@exp_report_header_id	Data type of passed value :java.lang.Long	Value:1934	Output:true	Database Type:null	
No.2	Access path:@exp_report_number	Data type of passed value :java.lang.String	Value:BX8600000181000074	Output:true	Database Type:null	
No.3	Access path:/session/@company_id	Data type of passed value :java.lang.String	Value:835	Output:false	Database Type:null	
No.4	Access path:@employee_id	Data type of passed value :java.lang.String	Value:203	Output:false	Database Type:null	
No.5	Access path:@position_id	Data type of passed value :java.lang.Integer	Value:10	Output:false	Database Type:null	
No.6	Access path:@exp_report_payee_category	Data type of passed value :java.lang.String	Value:EMPLOYEE	Output:false	Database Type:null	
No.7	Access path:@exp_report_payee_id	Data type of passed value :java.lang.Integer	Value:203	Output:false	Database Type:null	
No.8	Access path:@exp_report_type_id	Data type of passed value :java.lang.String	Value:1352	Output:false	Database Type:null	
No.9	Access path:@exp_report_currency_code	Data type of passed value :java.lang.String	Value:CNY	Output:false	Database Type:null	
No.10	Access path:@exp_report_rate_type	Data type of passed value :[null]	Value:null	Output:false	Database Type:null	
No.11	Access path:@exp_report_rate_quotation	Data type of passed value :[null]	Value:null	Output:false	Database Type:null	
No.12	Access path:@exp_report_rate	Data type of passed value :java.lang.Integer	Value:1	Output:false	Database Type:null	
No.13	Access path:@exp_report_data	Data type of passed value :java.lang.String	Value:2018-10-22	Output:false	Database Type:null	
No.14	Access path:@period_name	Data type of passed value :java.lang.String	Value:2018-10	Output:false	Database Type:null	
No.15	Access path:@exp_report_attach_id	Data type of passed value :[null]	Value:null	Output:false	Database Type:null	
No.16	Access path:@exp_report_description	Data type of passed value :java.lang.String	Value:1	Output:false	Database Type:null	
No.17	Access path:/session/@user_id	Data type of passed value :java.lang.Long	Value:204	Output:false	Database Type:null	
No.18	Access path:@payment_method_id	Data type of passed value :java.lang.Integer	Value:11	Output:false	Database Type:null	
No.19	Access path:@contract_header_id	Data type of passed value :[null]	Value:null	Output:false	Database Type:null	
No.20	Access path:@eam_asset_id	Data type of passed value :[null]	Value:null	Output:false	Database Type:null	
No.21	Access path:@vat_special_invoice_include	Data type of passed value :java.lang.String	Value:Y	Output:false	Database Type:null	
No.22	Access path:@consistent_invoice_amount	Data type of passed value :java.lang.String	Value:N	Output:false	Database Type:null	
No.23	Access path:@pay_company_id	Data type of passed value :java.lang.Integer	Value:835	Output:false	Database Type:null	

=============== END [Update] SQL Statement execution dump ============

2018-10-22 06:58:13.694 [aurora.database] [INFO] [model-batch-update] Data from '@current_parameter/objlines' is null
2018-10-22 06:58:13.694 [aurora.database] [CONFIG] Running batch-apply with data from path @current_parameter/lines, total 1 records
2018-10-22 06:58:13.694 [aurora.database] [CONFIG] Executing batch-apply on parameter No.0
2018-10-22 06:58:13.696 [uncertain.proc] [CONFIG] [action] DecideStatement
2018-10-22 06:58:13.697 [uncertain.proc] [CONFIG] [action] DecideSqlGenerationMode
2018-10-22 06:58:13.697 [uncertain.proc] [FINE] aurora.database.service.BusinessModelService.onDecideSqlGenerationMode
2018-10-22 06:58:13.697 [uncertain.proc] [CONFIG] [action] CreateOperationSql
2018-10-22 06:58:13.697 [uncertain.proc] [CONFIG] [action] PopulateOperationSql
2018-10-22 06:58:13.697 [uncertain.proc] [FINE] aurora.database.features.OrderByClauseCreator.onPopulateOperationSql
2018-10-22 06:58:13.697 [uncertain.proc] [FINE] aurora.database.features.WhereClauseCreator.onPopulateOperationSql
2018-10-22 06:58:13.697 [uncertain.proc] [CONFIG] [action] CreateSqlRunner
2018-10-22 06:58:13.697 [uncertain.proc] [FINE] aurora.database.service.BusinessModelService.onCreateSqlRunner
2018-10-22 06:58:13.697 [uncertain.proc] [CONFIG] [action] ExecuteDmlStatement
2018-10-22 06:58:13.697 [uncertain.proc] [FINE] aurora.database.service.BusinessModelService.onExecuteDmlStatement
2018-10-22 06:58:13.708 [aurora.database] [CONFIG] 
============= BEGIN [Insert] SQL Statement execution dump ============

                BEGIN
                    exp_report_pkg.insert_exp_report_lines ( 
                    ?, 
                    ?, 
                    ?, 
                    ?, 
                    to_date(?,'yyyy-mm-dd'), 
                    to_date(?,'yyyy-mm-dd'), 
                    ?, 
                    ?, 
                    ?, 
                    ?, 
                    ?, 
                    ?, 
                    ?, 
                    NULL, ?, 
                    ?, 
                    NULL, 
                    NULL, 
                    NULL, 
                    ?, 
                    ?, 
                    NULL, ?, 
                    ?, 
                    ?, 
                    ?, 
                    ?, 
                    ?, 
                    ?, 
                    NULL, 
                    ?, 
                    'GENERATE', 
                    'N', 
                    NULL, 
                    NULL, 
                    ?, 
                    ?, 
                    ?, 
                    ?, 
                    ?, 
                    ?, 
                    ?, 
                    ?, 
                    ?, 
                    ?, 
                    ?, 
                    ?, 
                    ?, 
                    ?, 
                    ?, 
                    ?, 
                    ?, 
                    ?, 
                    ?, 
                    ?, 
                    ?, 
                    ?, 
                    ?, 
                    ?, 
                    ?, 
                    ?, 
                    ?, 
                    ?, 
                    ?, 
                    to_date(?,'yyyy-mm-dd'), 
                    ?, 
                    ?, 
                    ?, 
                    ?,
                    ?,
                    ?,
                    ?,
                    ?,
                    ?,
                    ?,
                    ?,
                    ?);
                END;
            
---------------------Binding info---------------------
No.1	Access path:../../@exp_report_header_id	Data type of passed value :java.lang.Long	Value:1934	Output:false	Database Type:null	
No.2	Access path:@line_number	Data type of passed value :java.lang.Integer	Value:11	Output:false	Database Type:null	
No.3	Access path:@city	Data type of passed value :[null]	Value:null	Output:false	Database Type:null	
No.4	Access path:@description	Data type of passed value :java.lang.String	Value:1	Output:false	Database Type:null	
No.5	Access path:@date_from	Data type of passed value :[null]	Value:null	Output:false	Database Type:null	
No.6	Access path:@date_to	Data type of passed value :[null]	Value:null	Output:false	Database Type:null	
No.7	Access path:@period_name	Data type of passed value :java.lang.String	Value:2018-10	Output:false	Database Type:null	
No.8	Access path:@currency_code	Data type of passed value :java.lang.String	Value:CNY	Output:false	Database Type:null	
No.9	Access path:@exchange_rate_type	Data type of passed value :[null]	Value:null	Output:false	Database Type:null	
No.10	Access path:@exchange_rate_quotation	Data type of passed value :[null]	Value:null	Output:false	Database Type:null	
No.11	Access path:@exchange_rate	Data type of passed value :java.lang.Integer	Value:1	Output:false	Database Type:null	
No.12	Access path:@expense_type_id	Data type of passed value :java.lang.Integer	Value:26974	Output:false	Database Type:null	
No.13	Access path:@exp_req_item_id	Data type of passed value :java.lang.Integer	Value:626	Output:false	Database Type:null	
No.14	Access path:@price	Data type of passed value :java.lang.Integer	Value:1	Output:false	Database Type:null	
No.15	Access path:@primary_quantity	Data type of passed value :java.lang.Integer	Value:1	Output:false	Database Type:null	
No.16	Access path:@report_amount	Data type of passed value :java.lang.Integer	Value:1	Output:false	Database Type:null	
No.17	Access path:@report_functional_amount	Data type of passed value :java.lang.Integer	Value:1	Output:false	Database Type:null	
No.18	Access path:@company_id	Data type of passed value :java.lang.Integer	Value:835	Output:false	Database Type:null	
No.19	Access path:@unit_id	Data type of passed value :java.lang.Integer	Value:3	Output:false	Database Type:null	
No.20	Access path:@position_id	Data type of passed value :java.lang.Integer	Value:10	Output:false	Database Type:null	
No.21	Access path:@responsibility_center_id	Data type of passed value :java.lang.Integer	Value:7424	Output:false	Database Type:null	
No.22	Access path:@employee_id	Data type of passed value :java.lang.Integer	Value:203	Output:false	Database Type:null	
No.23	Access path:@payee_category	Data type of passed value :[null]	Value:null	Output:false	Database Type:null	
No.24	Access path:@payee_id	Data type of passed value :[null]	Value:null	Output:false	Database Type:null	
No.25	Access path:@payment_flag	Data type of passed value :java.lang.String	Value:Y	Output:false	Database Type:null	
No.26	Access path:@e1	Data type of passed value :[null]	Value:null	Output:false	Database Type:null	
No.27	Access path:@e2	Data type of passed value :java.lang.String	Value:3.0	Output:false	Database Type:null	
No.28	Access path:@e3	Data type of passed value :java.lang.Integer	Value:2	Output:false	Database Type:null	
No.29	Access path:@e4	Data type of passed value :[null]	Value:null	Output:false	Database Type:null	
No.30	Access path:@e5	Data type of passed value :[null]	Value:null	Output:false	Database Type:null	
No.31	Access path:@e6	Data type of passed value :[null]	Value:null	Output:false	Database Type:null	
No.32	Access path:@e7	Data type of passed value :[null]	Value:null	Output:false	Database Type:null	
No.33	Access path:@e8	Data type of passed value :[null]	Value:null	Output:false	Database Type:null	
No.34	Access path:@e9	Data type of passed value :[null]	Value:null	Output:false	Database Type:null	
No.35	Access path:@e10	Data type of passed value :[null]	Value:null	Output:false	Database Type:null	
No.36	Access path:@account_name	Data type of passed value :[null]	Value:null	Output:false	Database Type:null	
No.37	Access path:@account_number	Data type of passed value :[null]	Value:null	Output:false	Database Type:null	
No.38	Access path:@payment_type_id	Data type of passed value :java.lang.Integer	Value:11	Output:false	Database Type:null	
No.39	Access path:@payment_type	Data type of passed value :java.lang.String	Value:转账	Output:false	Database Type:null	
No.40	Access path:/session/@user_id	Data type of passed value :java.lang.Long	Value:204	Output:false	Database Type:null	
No.41	Access path:@exp_report_line_id	Data type of passed value :[null]	Value:null	Output:true	Database Type:null	
No.42	Access path:@place_type_id	Data type of passed value :[null]	Value:null	Output:false	Database Type:null	
No.43	Access path:@place_id	Data type of passed value :[null]	Value:null	Output:false	Database Type:null	
No.44	Access path:@tax_type_id	Data type of passed value :[null]	Value:null	Output:false	Database Type:null	
No.45	Access path:@transportation	Data type of passed value :[null]	Value:null	Output:false	Database Type:null	
No.46	Access path:@place_to_id	Data type of passed value :[null]	Value:null	Output:false	Database Type:null	
No.47	Access path:@invoice_type	Data type of passed value :java.lang.String	Value:INV002	Output:false	Database Type:null	
No.48	Access path:@invoice_number	Data type of passed value :[null]	Value:null	Output:false	Database Type:null	
No.49	Access path:@invoice_status	Data type of passed value :java.lang.String	Value:10	Output:false	Database Type:null	
No.50	Access path:@tax_amount	Data type of passed value :java.lang.Integer	Value:0	Output:false	Database Type:null	
No.51	Access path:@sale_amount	Data type of passed value :java.lang.Integer	Value:1	Output:false	Database Type:null	
No.52	Access path:@tax_rate	Data type of passed value :java.lang.String	Value:0.00	Output:false	Database Type:null	
No.53	Access path:@usage_type	Data type of passed value :[null]	Value:null	Output:false	Database Type:null	
No.54	Access path:@invoice_code	Data type of passed value :[null]	Value:null	Output:false	Database Type:null	
No.55	Access path:@invoice_date	Data type of passed value :[null]	Value:null	Output:false	Database Type:null	
No.56	Access path:@input_tax_structure_detail	Data type of passed value :[null]	Value:null	Output:false	Database Type:null	
No.57	Access path:@ref_pay_num	Data type of passed value :[null]	Value:null	Output:false	Database Type:null	
No.58	Access path:@ref_gather_num	Data type of passed value :[null]	Value:null	Output:false	Database Type:null	
No.59	Access path:@invoice_item	Data type of passed value :[null]	Value:null	Output:false	Database Type:null	
No.60	Access path:@deduction_rules	Data type of passed value :[null]	Value:null	Output:false	Database Type:null	
No.61	Access path:@adjusted_full_deductions	Data type of passed value :[null]	Value:null	Output:false	Database Type:null	
No.62	Access path:@adjusted_partial_deductions	Data type of passed value :[null]	Value:null	Output:false	Database Type:null	
No.63	Access path:@adjustable_tax_deductible	Data type of passed value :[null]	Value:null	Output:false	Database Type:null	
No.64	Access path:@invoice_amount	Data type of passed value :java.lang.Integer	Value:1	Output:false	Database Type:null	
No.65	Access path:@invoice_tax_amount	Data type of passed value :java.lang.Integer	Value:0	Output:false	Database Type:null	
No.66	Access path:@associated_oasign	Data type of passed value :[null]	Value:null	Output:false	Database Type:null	
No.67	Access path:@meetting_name	Data type of passed value :[null]	Value:null	Output:false	Database Type:null	

=============== END [Insert] SQL Statement execution dump ============

2018-10-22 06:58:13.710 [aurora.database] [INFO] [model-batch-update] Data from '@current_parameter/details' is null
2018-10-22 06:58:13.711 [uncertain.proc] [CONFIG] [action] DecideStatement
2018-10-22 06:58:13.712 [uncertain.proc] [CONFIG] [action] DecideSqlGenerationMode
2018-10-22 06:58:13.712 [uncertain.proc] [FINE] aurora.database.service.BusinessModelService.onDecideSqlGenerationMode
2018-10-22 06:58:13.712 [uncertain.proc] [CONFIG] [action] CreateOperationSql
2018-10-22 06:58:13.712 [uncertain.proc] [CONFIG] [action] PopulateOperationSql
2018-10-22 06:58:13.712 [uncertain.proc] [FINE] aurora.database.features.OrderByClauseCreator.onPopulateOperationSql
2018-10-22 06:58:13.712 [uncertain.proc] [FINE] aurora.database.features.WhereClauseCreator.onPopulateOperationSql
2018-10-22 06:58:13.712 [uncertain.proc] [CONFIG] [action] CreateSqlRunner
2018-10-22 06:58:13.712 [uncertain.proc] [FINE] aurora.database.service.BusinessModelService.onCreateSqlRunner
2018-10-22 06:58:13.712 [uncertain.proc] [CONFIG] [action] ExecuteDmlStatement
2018-10-22 06:58:13.712 [uncertain.proc] [FINE] aurora.database.service.BusinessModelService.onExecuteDmlStatement
2018-10-22 06:58:13.713 [aurora.database] [CONFIG] 
============= BEGIN [Insert] SQL Statement execution dump ============

    			begin
					con_contract_maintenance_pkg.insert_con_document_flows
					(
					   'CON_CONTRACT' ,
					   ?,
					   ?,
					   'EXP_REPORT_LINES',
					   ?,
					   ?,			   
					   ?
					);
				end;
        	
---------------------Binding info---------------------
No.1	Access path:@contract_header_id	Data type of passed value :[null]	Value:null	Output:false	Database Type:null	
No.2	Access path:@payment_schedule_line_id	Data type of passed value :[null]	Value:null	Output:false	Database Type:null	
No.3	Access path:../../@exp_report_header_id	Data type of passed value :java.lang.Long	Value:1934	Output:false	Database Type:null	
No.4	Access path:@exp_report_line_id	Data type of passed value :java.lang.Long	Value:2642	Output:false	Database Type:null	
No.5	Access path:/session/@user_id	Data type of passed value :java.lang.Long	Value:204	Output:false	Database Type:null	

=============== END [Insert] SQL Statement execution dump ============

2018-10-22 06:58:13.715 [uncertain.proc] [CONFIG] [action] DecideStatement
2018-10-22 06:58:13.716 [uncertain.proc] [CONFIG] [action] DecideSqlGenerationMode
2018-10-22 06:58:13.716 [uncertain.proc] [FINE] aurora.database.service.BusinessModelService.onDecideSqlGenerationMode
2018-10-22 06:58:13.716 [uncertain.proc] [CONFIG] [action] CreateOperationSql
2018-10-22 06:58:13.716 [uncertain.proc] [CONFIG] [action] PopulateOperationSql
2018-10-22 06:58:13.716 [uncertain.proc] [FINE] aurora.database.features.OrderByClauseCreator.onPopulateOperationSql
2018-10-22 06:58:13.716 [uncertain.proc] [FINE] aurora.database.features.WhereClauseCreator.onPopulateOperationSql
2018-10-22 06:58:13.716 [uncertain.proc] [CONFIG] [action] CreateSqlRunner
2018-10-22 06:58:13.716 [uncertain.proc] [FINE] aurora.database.service.BusinessModelService.onCreateSqlRunner
2018-10-22 06:58:13.716 [uncertain.proc] [CONFIG] [action] ExecuteDmlStatement
2018-10-22 06:58:13.716 [uncertain.proc] [FINE] aurora.database.service.BusinessModelService.onExecuteDmlStatement
2018-10-22 06:58:13.720 [aurora.database] [CONFIG] 
============= BEGIN [Update] SQL Statement execution dump ============

			begin
				exp_report_pkg.create_manual_exp_req_relation
				(
		          ?,
		          ?,
		          ?
				 );
			end;
			
---------------------Binding info---------------------
No.1	Access path:@exp_requisition_dists_id	Data type of passed value :java.lang.Integer	Value:1472	Output:false	Database Type:null	
No.2	Access path:@exp_report_line_id	Data type of passed value :java.lang.Long	Value:2642	Output:false	Database Type:null	
No.3	Access path:/session/@user_id	Data type of passed value :java.lang.Long	Value:204	Output:false	Database Type:null	

=============== END [Update] SQL Statement execution dump ============

2018-10-22 06:58:13.720 [aurora.database] [CONFIG] Running batch-apply with data from path @current_parameter/pmtplan, total 1 records
2018-10-22 06:58:13.721 [aurora.database] [CONFIG] Executing batch-apply on parameter No.0
2018-10-22 06:58:13.723 [uncertain.proc] [CONFIG] [action] DecideStatement
2018-10-22 06:58:13.724 [uncertain.proc] [CONFIG] [action] DecideSqlGenerationMode
2018-10-22 06:58:13.724 [uncertain.proc] [FINE] aurora.database.service.BusinessModelService.onDecideSqlGenerationMode
2018-10-22 06:58:13.724 [uncertain.proc] [CONFIG] [action] CreateOperationSql
2018-10-22 06:58:13.724 [uncertain.proc] [CONFIG] [action] PopulateOperationSql
2018-10-22 06:58:13.724 [uncertain.proc] [FINE] aurora.database.features.OrderByClauseCreator.onPopulateOperationSql
2018-10-22 06:58:13.724 [uncertain.proc] [FINE] aurora.database.features.WhereClauseCreator.onPopulateOperationSql
2018-10-22 06:58:13.724 [uncertain.proc] [CONFIG] [action] CreateSqlRunner
2018-10-22 06:58:13.724 [uncertain.proc] [FINE] aurora.database.service.BusinessModelService.onCreateSqlRunner
2018-10-22 06:58:13.724 [uncertain.proc] [CONFIG] [action] ExecuteDmlStatement
2018-10-22 06:58:13.724 [uncertain.proc] [FINE] aurora.database.service.BusinessModelService.onExecuteDmlStatement
2018-10-22 06:58:13.733 [aurora.database] [CONFIG] 
============= BEGIN [Update] SQL Statement execution dump ============

                begin
                    EXP_REPORT_PKG.UPDATE_EXP_REP_PMT_SCHEDULES
                    (
                        ?,
                        ?,
                        to_date(?,'yyyy-mm-dd'),
                        to_date(?,'yyyy-mm-dd'),
                        ?,
                        ?,
                        ?,
                        ?,
                        ?,
                        ?,
                        ?,
                        ?,
                        ?,
                        ?,
                        ?,
                        ?,
                        ?,
                        ?,
                        ?,
                        ?,
                        ?,
                        ?,
                        ?,
                        ?,
                        ?,
                        ?
                    );
                end;
---------------------Binding info---------------------
No.1	Access path:@exp_report_header_id	Data type of passed value :java.lang.Integer	Value:1934	Output:false	Database Type:null	
No.2	Access path:@payment_schedule_line_id	Data type of passed value :java.lang.Integer	Value:2063	Output:false	Database Type:null	
No.3	Access path:@schedule_start_date	Data type of passed value :java.lang.String	Value:2018-10-22	Output:false	Database Type:null	
No.4	Access path:@schedule_due_date	Data type of passed value :java.lang.String	Value:2018-10-22	Output:false	Database Type:null	
No.5	Access path:@payee_type_value	Data type of passed value :java.lang.String	Value:EMPLOYEE	Output:false	Database Type:null	
No.6	Access path:@payee_id	Data type of passed value :java.lang.Integer	Value:203	Output:false	Database Type:null	
No.7	Access path:@due_amount	Data type of passed value :java.lang.Integer	Value:1	Output:false	Database Type:null	
No.8	Access path:@account_number	Data type of passed value :java.lang.String	Value:6222801205220515555	Output:false	Database Type:null	
No.9	Access path:@account_name	Data type of passed value :java.lang.String	Value:朱海浪	Output:false	Database Type:null	
No.10	Access path:@payment_type_id	Data type of passed value :java.lang.Integer	Value:11	Output:false	Database Type:null	
No.11	Access path:@bank_code	Data type of passed value :java.lang.String	Value:CCB	Output:false	Database Type:null	
No.12	Access path:@bank_name	Data type of passed value :java.lang.String	Value:中国建设银行	Output:false	Database Type:null	
No.13	Access path:@bank_location_code	Data type of passed value :[null]	Value:null	Output:false	Database Type:null	
No.14	Access path:@bank_location_name	Data type of passed value :java.lang.String	Value:建行浦东高化支行	Output:false	Database Type:null	
No.15	Access path:@province_code	Data type of passed value :java.lang.String	Value:310000	Output:false	Database Type:null	
No.16	Access path:@province_name	Data type of passed value :java.lang.String	Value:上海市	Output:false	Database Type:null	
No.17	Access path:@city_code	Data type of passed value :java.lang.String	Value:310000	Output:false	Database Type:null	
No.18	Access path:@city_name	Data type of passed value :java.lang.String	Value:上海市	Output:false	Database Type:null	
No.19	Access path:@usedes	Data type of passed value :java.lang.String	Value:10	Output:false	Database Type:null	
No.20	Access path:@contract_header_id	Data type of passed value :[null]	Value:null	Output:false	Database Type:null	
No.21	Access path:@payment_sch_line_id	Data type of passed value :[null]	Value:null	Output:false	Database Type:null	
No.22	Access path:/session/@user_id	Data type of passed value :java.lang.Long	Value:204	Output:false	Database Type:null	
No.23	Access path:@frozen_flag	Data type of passed value :java.lang.String	Value:N	Output:false	Database Type:null	
No.24	Access path:@description	Data type of passed value :[null]	Value:null	Output:false	Database Type:null	
No.25	Access path:@collection_account_id	Data type of passed value :[null]	Value:null	Output:false	Database Type:null	
No.26	Access path:@gather_flag	Data type of passed value :java.lang.String	Value:1	Output:false	Database Type:null	

=============== END [Update] SQL Statement execution dump ============

2018-10-22 06:58:13.735 [uncertain.proc] [CONFIG] [action] DecideStatement
2018-10-22 06:58:13.736 [uncertain.proc] [CONFIG] [action] DecideSqlGenerationMode
2018-10-22 06:58:13.737 [uncertain.proc] [FINE] aurora.database.service.BusinessModelService.onDecideSqlGenerationMode
2018-10-22 06:58:13.737 [uncertain.proc] [CONFIG] [action] CreateOperationSql
2018-10-22 06:58:13.737 [uncertain.proc] [CONFIG] [action] PopulateOperationSql
2018-10-22 06:58:13.737 [uncertain.proc] [FINE] aurora.database.features.OrderByClauseCreator.onPopulateOperationSql
2018-10-22 06:58:13.737 [uncertain.proc] [FINE] aurora.database.features.WhereClauseCreator.onPopulateOperationSql
2018-10-22 06:58:13.737 [uncertain.proc] [CONFIG] [action] CreateSqlRunner
2018-10-22 06:58:13.737 [uncertain.proc] [FINE] aurora.database.service.BusinessModelService.onCreateSqlRunner
2018-10-22 06:58:13.737 [uncertain.proc] [CONFIG] [action] ExecuteDmlStatement
2018-10-22 06:58:13.737 [uncertain.proc] [FINE] aurora.database.service.BusinessModelService.onExecuteDmlStatement
2018-10-22 06:58:13.738 [aurora.database] [CONFIG] 
============= BEGIN [execute] SQL Statement execution dump ============

            begin
				exp_report_pkg.resert_exp_rep_line_number
				(
		           ?,
		           ?
				   );
			end;
			
---------------------Binding info---------------------
No.1	Access path:@exp_report_header_id	Data type of passed value :java.lang.Long	Value:1934	Output:false	Database Type:null	
No.2	Access path:/session/@user_id	Data type of passed value :java.lang.Long	Value:204	Output:false	Database Type:null	

=============== END [execute] SQL Statement execution dump ============

2018-10-22 06:58:13.740 [uncertain.proc] [CONFIG] [action] DecideStatement
2018-10-22 06:58:13.741 [uncertain.proc] [CONFIG] [action] DecideSqlGenerationMode
2018-10-22 06:58:13.741 [uncertain.proc] [FINE] aurora.database.service.BusinessModelService.onDecideSqlGenerationMode
2018-10-22 06:58:13.741 [uncertain.proc] [CONFIG] [action] CreateOperationSql
2018-10-22 06:58:13.741 [uncertain.proc] [CONFIG] [action] PopulateOperationSql
2018-10-22 06:58:13.741 [uncertain.proc] [FINE] aurora.database.features.OrderByClauseCreator.onPopulateOperationSql
2018-10-22 06:58:13.741 [uncertain.proc] [FINE] aurora.database.features.WhereClauseCreator.onPopulateOperationSql
2018-10-22 06:58:13.741 [uncertain.proc] [CONFIG] [action] CreateSqlRunner
2018-10-22 06:58:13.741 [uncertain.proc] [FINE] aurora.database.service.BusinessModelService.onCreateSqlRunner
2018-10-22 06:58:13.741 [uncertain.proc] [CONFIG] [action] ExecuteDmlStatement
2018-10-22 06:58:13.741 [uncertain.proc] [FINE] aurora.database.service.BusinessModelService.onExecuteDmlStatement
2018-10-22 06:58:13.743 [aurora.database] [CONFIG] 
============= BEGIN [execute] SQL Statement execution dump ============
 
	            begin
					exp_report_pkg.create_exp_rep_pmt_schedule(
					?,
					?);
				end;
			
---------------------Binding info---------------------
No.1	Access path:@exp_report_header_id	Data type of passed value :java.lang.Long	Value:1934	Output:false	Database Type:null	
No.2	Access path:/session/@user_id	Data type of passed value :java.lang.Long	Value:204	Output:false	Database Type:null	

=============== END [execute] SQL Statement execution dump ============

2018-10-22 06:58:13.745 [uncertain.proc] [CONFIG] [action] DecideStatement
2018-10-22 06:58:13.746 [uncertain.proc] [CONFIG] [action] DecideSqlGenerationMode
2018-10-22 06:58:13.746 [uncertain.proc] [FINE] aurora.database.service.BusinessModelService.onDecideSqlGenerationMode
2018-10-22 06:58:13.746 [uncertain.proc] [CONFIG] [action] CreateOperationSql
2018-10-22 06:58:13.746 [uncertain.proc] [CONFIG] [action] PopulateOperationSql
2018-10-22 06:58:13.746 [uncertain.proc] [FINE] aurora.database.features.OrderByClauseCreator.onPopulateOperationSql
2018-10-22 06:58:13.746 [uncertain.proc] [FINE] aurora.database.features.WhereClauseCreator.onPopulateOperationSql
2018-10-22 06:58:13.746 [uncertain.proc] [CONFIG] [action] CreateSqlRunner
2018-10-22 06:58:13.746 [uncertain.proc] [FINE] aurora.database.service.BusinessModelService.onCreateSqlRunner
2018-10-22 06:58:13.746 [uncertain.proc] [CONFIG] [action] ExecuteDmlStatement
2018-10-22 06:58:13.746 [uncertain.proc] [FINE] aurora.database.service.BusinessModelService.onExecuteDmlStatement
2018-10-22 06:58:13.747 [aurora.database] [CONFIG] 
============= BEGIN [Update] SQL Statement execution dump ============

            begin
				cux_wlzq_exp_report_pkg.update_bgt_status
				(
		           ?,
		           ?
				   );
			end;
			
---------------------Binding info---------------------
No.1	Access path:@exp_report_header_id	Data type of passed value :java.lang.Long	Value:1934	Output:false	Database Type:null	
No.2	Access path:/session/@user_id	Data type of passed value :java.lang.Long	Value:204	Output:false	Database Type:null	

=============== END [Update] SQL Statement execution dump ============

2018-10-22 06:58:13.747 [uncertain.proc] [CONFIG] [action] CreateSuccessResponse
