2018-10-18 01:57:23.537 [aurora.application.session_check] [CONFIG] Session data copied to context
2018-10-18 01:57:23.537 [aurora.application.session_check] [CONFIG] Access check result for modules/expm/public/exp_report_maintain_query.screen => success
2018-10-18 01:57:23.537 [uncertain.proc] [CONFIG] [action] AccessCheck
2018-10-18 01:57:23.542 [uncertain.proc] [CONFIG] [action] InitService
2018-10-18 01:57:23.542 [uncertain.proc] [CONFIG] [action] ParseParameter
2018-10-18 01:57:23.542 [uncertain.proc] [CONFIG] [action] CreateModel
2018-10-18 01:57:23.542 [aurora.database] [CONFIG] ===================================== prepare to run model-query expm.exp_report_employeelist==============================
2018-10-18 01:57:23.547 [uncertain.proc] [CONFIG] [action] DecideSqlGenerationMode
2018-10-18 01:57:23.547 [uncertain.proc] [FINE] aurora.database.service.BusinessModelService.onDecideSqlGenerationMode
2018-10-18 01:57:23.547 [uncertain.proc] [CONFIG] [action] CreateOperationSql
2018-10-18 01:57:23.547 [uncertain.proc] [CONFIG] [action] PopulateOperationSql
2018-10-18 01:57:23.547 [uncertain.proc] [FINE] aurora.database.features.OrderByClauseCreator.onPopulateOperationSql
2018-10-18 01:57:23.547 [uncertain.proc] [FINE] aurora.database.features.WhereClauseCreator.onPopulateOperationSql
2018-10-18 01:57:23.547 [uncertain.proc] [CONFIG] [action] ExecuteQuery
2018-10-18 01:57:23.547 [uncertain.proc] [FINE] aurora.bm.QuerySqlCreator.onExecuteQuery
2018-10-18 01:57:23.587 [uncertain.proc] [CONFIG] [action] QueryFinish
2018-10-18 01:57:23.587 [uncertain.proc] [FINE] aurora.database.features.AutoQueryCounter.onQueryFinish
2018-10-18 01:57:23.587 [uncertain.proc] [CONFIG] [action] FetchResultSet
2018-10-18 01:57:23.587 [uncertain.proc] [FINE] aurora.database.features.CacheBasedLookUpField.postFetchResultSet
2018-10-18 01:57:23.587 [aurora.database] [CONFIG] 
============= BEGIN [query] SQL Statement execution dump ============

                SELECT
                    *
                FROM
                    ( SELECT DISTINCT
                        v.employee_id ,
                        emp.employee_code
                        ||' - '
                        ||emp.name EMPLOYEENAME,
                        emp.employee_code code,
                        emp.name name
                    FROM
                        exp_employee_assigns v ,
                        exp_employees emp,
                        (SELECT
                            t2.employee_id
                        FROM
                            exp_document_authorities a,
                            exp_employee_assigns t,
                            exp_employee_assigns t2,
                            exp_org_position p,
                            exp_org_unit u,
                            sys_user su
                        WHERE
                            su.user_id      = ? AND
                            a.document_type = '02' AND
                            (
                                a.granted_position_id IS NULL OR
                                a.granted_position_id  = t.position_id AND
                                t.enabled_flag         = 'Y' AND
                                t.company_id           = a.company_id AND
                                t.employee_id          = su.employee_id
                            )
                            AND
                            NVL(a.granted_employee_id, su.employee_id ) = su.employee_id AND
                            t2.enabled_flag                             = 'Y' AND
                            p.enabled_flag                              = 'Y' AND
                            u.enabled_flag                              = 'Y' AND
                            p.position_id                               = t2.position_id AND
                            u.unit_id                                   = p.unit_id AND
                            a.start_date                               <= sysdate AND
                            (
                                a.end_date     IS NULL OR
                                a.end_date + 1 >= sysdate
                            )
                            AND
                            (
                                a.query_authority       = 'Y' OR
                                a.maintenance_authority = 'Y'
                            )
                            AND
                            t2.company_id = a.company_id AND
                            (
                                a.org_unit_id IS NULL OR
                                a.org_unit_id  = u.unit_id
                            )
                            AND
                            (
                                a.position_id IS NULL OR
                                a.position_id  = p.position_id
                            )
                            AND
                            (
                                a.employee_id IS NULL OR
                                a.employee_id  = t2.employee_id
                            )
                        GROUP BY
                            t2.employee_id
                        UNION
                        SELECT
                            su2.employee_id
                        FROM
                            sys_user su2
                        WHERE
                            su2.user_id = ?
                        ) x
                    WHERE
                        v.employee_id  = emp.employee_id AND
                        v.enabled_flag = 'Y' AND
                        v.company_id   = ? AND
                        v.employee_id  = x.employee_id
                    ) 
            
---------------------Binding info---------------------
No.1	Access path:/session/@user_id	Data type of passed value :java.lang.Long	Value:204	Output:false	Database Type:null	
No.2	Access path:/session/@user_id	Data type of passed value :java.lang.Long	Value:204	Output:false	Database Type:null	
No.3	Access path:/session/@company_id	Data type of passed value :java.lang.String	Value:835	Output:false	Database Type:null	

=============== END [query] SQL Statement execution dump ============

2018-10-18 01:57:23.587 [aurora.database] [CONFIG] ===================================== prepare to run model-query expm.exp_report_typelist==============================
2018-10-18 01:57:23.592 [uncertain.proc] [CONFIG] [action] DecideSqlGenerationMode
2018-10-18 01:57:23.592 [uncertain.proc] [FINE] aurora.database.service.BusinessModelService.onDecideSqlGenerationMode
2018-10-18 01:57:23.592 [uncertain.proc] [CONFIG] [action] CreateOperationSql
2018-10-18 01:57:23.592 [uncertain.proc] [CONFIG] [action] PopulateOperationSql
2018-10-18 01:57:23.592 [uncertain.proc] [FINE] aurora.database.features.OrderByClauseCreator.onPopulateOperationSql
2018-10-18 01:57:23.592 [uncertain.proc] [FINE] aurora.database.features.WhereClauseCreator.onPopulateOperationSql
2018-10-18 01:57:23.592 [uncertain.proc] [CONFIG] [action] ExecuteQuery
2018-10-18 01:57:23.592 [uncertain.proc] [FINE] aurora.bm.QuerySqlCreator.onExecuteQuery
2018-10-18 01:57:23.600 [uncertain.proc] [CONFIG] [action] QueryFinish
2018-10-18 01:57:23.600 [uncertain.proc] [FINE] aurora.database.features.AutoQueryCounter.onQueryFinish
2018-10-18 01:57:23.600 [uncertain.proc] [CONFIG] [action] FetchResultSet
2018-10-18 01:57:23.600 [uncertain.proc] [FINE] aurora.database.features.CacheBasedLookUpField.postFetchResultSet
2018-10-18 01:57:23.600 [aurora.database] [CONFIG] 
============= BEGIN [query] SQL Statement execution dump ============
 select erpv.expense_report_type_id,
       erpv.expense_report_type_code,
       erpv.description,
       erpv.currency_code
  from exp_expense_report_types_vl erpv
 WHERE exists (select 1  from exp_report_ref_user_groups egs where egs.expense_report_type_id = erpv.expense_report_type_id  and exists  (select 1  from exp_user_group_lines el  where el.expense_user_group_id = egs.expense_user_group_id  and el.employee_id =  (select employee_id from sys_user where user_id = ?))) and erpv.enabled_flag = 'Y' and erpv.company_id = ?  
   
 order by expense_report_type_code
---------------------Binding info---------------------
No.1	Access path:/session/@user_id	Data type of passed value :java.lang.Long	Value:204	Output:false	Database Type:null	
No.2	Access path:/session/@company_id	Data type of passed value :java.lang.String	Value:835	Output:false	Database Type:null	

=============== END [query] SQL Statement execution dump ============

2018-10-18 01:57:23.600 [aurora.database] [CONFIG] ===================================== prepare to run model-query sys.sys_service_lookup_v==============================
2018-10-18 01:57:23.605 [uncertain.proc] [CONFIG] [action] DecideSqlGenerationMode
2018-10-18 01:57:23.605 [uncertain.proc] [FINE] aurora.database.service.BusinessModelService.onDecideSqlGenerationMode
2018-10-18 01:57:23.605 [uncertain.proc] [CONFIG] [action] CreatequeryStatement
2018-10-18 01:57:23.605 [uncertain.proc] [FINE] aurora.bm.QuerySqlCreator.onCreateQueryStatement
2018-10-18 01:57:23.605 [uncertain.proc] [CONFIG] [action] PopulatequeryStatement
2018-10-18 01:57:23.605 [uncertain.proc] [FINE] aurora.database.features.OrderByClauseCreator.onPopulateQueryStatement
2018-10-18 01:57:23.605 [uncertain.proc] [FINE] aurora.database.features.WhereClauseCreator.onPopulateQueryStatement
2018-10-18 01:57:23.605 [uncertain.proc] [CONFIG] [action] CreatequerySql
2018-10-18 01:57:23.605 [uncertain.proc] [FINE] aurora.bm.QuerySqlCreator.onCreateQuerySql
2018-10-18 01:57:23.605 [uncertain.proc] [CONFIG] [action] ExecuteQuery
2018-10-18 01:57:23.605 [uncertain.proc] [FINE] aurora.bm.QuerySqlCreator.onExecuteQuery
2018-10-18 01:57:23.606 [uncertain.proc] [CONFIG] [action] QueryFinish
2018-10-18 01:57:23.606 [uncertain.proc] [FINE] aurora.database.features.AutoQueryCounter.onQueryFinish
2018-10-18 01:57:23.606 [uncertain.proc] [CONFIG] [action] FetchResultSet
2018-10-18 01:57:23.606 [uncertain.proc] [FINE] aurora.database.features.CacheBasedLookUpField.postFetchResultSet
2018-10-18 01:57:23.606 [aurora.database] [CONFIG] 
============= BEGIN [query] SQL Statement execution dump ============
SELECT t1.code,t1.code_value,t1.code_value_name,t1.code_value_id,t1.language
FROM sys_service_lookup_v t1
WHERE t1.enabled_flag = 'Y' AND code='EXP_EXPENSE_REPORT_STATUS' and code_value in('GENERATE','REJECTED','TAKEN_BACK') and  language=?
---------------------Binding info---------------------
No.1	Access path:/session/@lang	Data type of passed value :java.lang.String	Value:ZHS	Output:false	Database Type:null	

=============== END [query] SQL Statement execution dump ============

2018-10-18 01:57:23.606 [aurora.database] [CONFIG] ===================================== prepare to run model-query sys.sys_service_lookup_v==============================
2018-10-18 01:57:23.610 [uncertain.proc] [CONFIG] [action] DecideSqlGenerationMode
2018-10-18 01:57:23.611 [uncertain.proc] [FINE] aurora.database.service.BusinessModelService.onDecideSqlGenerationMode
2018-10-18 01:57:23.611 [uncertain.proc] [CONFIG] [action] CreatequeryStatement
2018-10-18 01:57:23.611 [uncertain.proc] [FINE] aurora.bm.QuerySqlCreator.onCreateQueryStatement
2018-10-18 01:57:23.611 [uncertain.proc] [CONFIG] [action] PopulatequeryStatement
2018-10-18 01:57:23.611 [uncertain.proc] [FINE] aurora.database.features.OrderByClauseCreator.onPopulateQueryStatement
2018-10-18 01:57:23.611 [uncertain.proc] [FINE] aurora.database.features.WhereClauseCreator.onPopulateQueryStatement
2018-10-18 01:57:23.611 [uncertain.proc] [CONFIG] [action] CreatequerySql
2018-10-18 01:57:23.611 [uncertain.proc] [FINE] aurora.bm.QuerySqlCreator.onCreateQuerySql
2018-10-18 01:57:23.611 [uncertain.proc] [CONFIG] [action] ExecuteQuery
2018-10-18 01:57:23.611 [uncertain.proc] [FINE] aurora.bm.QuerySqlCreator.onExecuteQuery
2018-10-18 01:57:23.615 [uncertain.proc] [CONFIG] [action] QueryFinish
2018-10-18 01:57:23.615 [uncertain.proc] [FINE] aurora.database.features.AutoQueryCounter.onQueryFinish
2018-10-18 01:57:23.615 [uncertain.proc] [CONFIG] [action] FetchResultSet
2018-10-18 01:57:23.615 [uncertain.proc] [FINE] aurora.database.features.CacheBasedLookUpField.postFetchResultSet
2018-10-18 01:57:23.615 [aurora.database] [CONFIG] 
============= BEGIN [query] SQL Statement execution dump ============
SELECT t1.code,t1.code_value,t1.code_value_name,t1.code_value_id,t1.language
FROM sys_service_lookup_v t1
WHERE t1.enabled_flag = 'Y' AND code='PAYMENT_OBJECT'  and  language=?
---------------------Binding info---------------------
No.1	Access path:/session/@lang	Data type of passed value :java.lang.String	Value:ZHS	Output:false	Database Type:null	

=============== END [query] SQL Statement execution dump ============

2018-10-18 01:57:23.615 [aurora.database] [CONFIG] ===================================== prepare to run model-query gld.gld_currency_vl==============================
2018-10-18 01:57:23.619 [uncertain.proc] [CONFIG] [action] DecideSqlGenerationMode
2018-10-18 01:57:23.619 [uncertain.proc] [FINE] aurora.database.service.BusinessModelService.onDecideSqlGenerationMode
2018-10-18 01:57:23.619 [uncertain.proc] [CONFIG] [action] CreatequeryStatement
2018-10-18 01:57:23.619 [uncertain.proc] [FINE] aurora.bm.QuerySqlCreator.onCreateQueryStatement
2018-10-18 01:57:23.619 [uncertain.proc] [CONFIG] [action] PopulatequeryStatement
2018-10-18 01:57:23.619 [uncertain.proc] [FINE] aurora.database.features.OrderByClauseCreator.onPopulateQueryStatement
2018-10-18 01:57:23.619 [uncertain.proc] [FINE] aurora.database.features.WhereClauseCreator.onPopulateQueryStatement
2018-10-18 01:57:23.619 [uncertain.proc] [CONFIG] [action] CreatequerySql
2018-10-18 01:57:23.619 [uncertain.proc] [FINE] aurora.bm.QuerySqlCreator.onCreateQuerySql
2018-10-18 01:57:23.619 [uncertain.proc] [CONFIG] [action] ExecuteQuery
2018-10-18 01:57:23.620 [uncertain.proc] [FINE] aurora.bm.QuerySqlCreator.onExecuteQuery
2018-10-18 01:57:23.620 [uncertain.proc] [CONFIG] [action] QueryFinish
2018-10-18 01:57:23.620 [uncertain.proc] [FINE] aurora.database.features.AutoQueryCounter.onQueryFinish
2018-10-18 01:57:23.620 [uncertain.proc] [CONFIG] [action] FetchResultSet
2018-10-18 01:57:23.621 [uncertain.proc] [FINE] aurora.database.features.CacheBasedLookUpField.postFetchResultSet
2018-10-18 01:57:23.621 [aurora.database] [CONFIG] 
============= BEGIN [query] SQL Statement execution dump ============
SELECT t1.ROW_ID,t1.CURRENCY_CODE,t1.ENABLED_FLAG,t1.CURRENCY_NAME,t1.COUNTRY_CODE,t1.PRECISION,t1.TRANSACTION_PRECISION,t1.CURRENCY_SYMBOL
FROM GLD_CURRENCY_VL t1
WHERE  t1.ENABLED_FLAG ='Y'
ORDER BY currency_code
---------------------Binding info---------------------
null
=============== END [query] SQL Statement execution dump ============

2018-10-18 01:57:23.621 [uncertain.proc] [CONFIG] [action] CreateView
2018-10-18 01:57:23.621 [uncertain.proc] [CONFIG] [action] BuildOutputContent
2018-10-18 01:57:23.621 [aurora.presentation.buildsession] [CONFIG] Start build session
2018-10-18 01:57:23.621 [aurora.presentation.buildsession] [CONFIG] building view: <html-page> -> aurora.presentation.component.HtmlPage@430da62f
2018-10-18 01:57:23.621 [aurora.presentation.buildsession] [CONFIG] building view: <link> -> aurora.presentation.TemplateBasedView@3dda489e
2018-10-18 01:57:23.622 [aurora.presentation.buildsession] [CONFIG] building view: <link> -> aurora.presentation.TemplateBasedView@3dda489e
2018-10-18 01:57:23.622 [aurora.presentation.buildsession] [CONFIG] building view: <script> -> aurora.presentation.DefaultViewBuilder@35f5c5a3
2018-10-18 01:57:23.622 [aurora.presentation.buildsession] [CONFIG] building view: <dataSets> -> aurora.application.features.DataSetInit@768b9437
2018-10-18 01:57:23.622 [aurora.presentation.buildsession] [CONFIG] building view: <dataSet> -> aurora.presentation.TemplateBasedView@3dda489e
2018-10-18 01:57:23.622 [aurora.presentation.buildsession] [CONFIG] building view: <dataSet> -> aurora.presentation.TemplateBasedView@3dda489e
2018-10-18 01:57:23.622 [aurora.presentation.buildsession] [CONFIG] building view: <dataSet> -> aurora.presentation.TemplateBasedView@3dda489e
2018-10-18 01:57:23.623 [aurora.presentation.buildsession] [CONFIG] building view: <dataSet> -> aurora.presentation.TemplateBasedView@3dda489e
2018-10-18 01:57:23.623 [aurora.presentation.buildsession] [CONFIG] building view: <dataSet> -> aurora.presentation.TemplateBasedView@3dda489e
2018-10-18 01:57:23.624 [aurora.presentation.buildsession] [CONFIG] building view: <dataSet> -> aurora.presentation.TemplateBasedView@3dda489e
2018-10-18 01:57:23.626 [aurora.presentation.buildsession] [CONFIG] building view: <dataSet> -> aurora.presentation.TemplateBasedView@3dda489e
2018-10-18 01:57:23.627 [aurora.presentation.buildsession] [CONFIG] building view: <screenBody> -> aurora.presentation.component.std.ScreenBody@57b91115
2018-10-18 01:57:23.627 [aurora.presentation.buildsession] [CONFIG] building view: <screenTopToolbar> -> aurora.presentation.component.std.ScreenTopToolbar@79dd9f26
2018-10-18 01:57:23.627 [aurora.presentation.buildsession] [CONFIG] building view: <screenTitle> -> aurora.presentation.component.std.ScreenTitle@57cf62ec
2018-10-18 01:57:23.631 [uncertain.proc] [CONFIG] [action] DecideSqlGenerationMode
2018-10-18 01:57:23.631 [uncertain.proc] [FINE] aurora.database.service.BusinessModelService.onDecideSqlGenerationMode
2018-10-18 01:57:23.631 [uncertain.proc] [CONFIG] [action] CreatequeryStatement
2018-10-18 01:57:23.631 [uncertain.proc] [FINE] aurora.bm.QuerySqlCreator.onCreateQueryStatement
2018-10-18 01:57:23.631 [uncertain.proc] [CONFIG] [action] PopulatequeryStatement
2018-10-18 01:57:23.631 [uncertain.proc] [FINE] aurora.database.features.OrderByClauseCreator.onPopulateQueryStatement
2018-10-18 01:57:23.631 [uncertain.proc] [FINE] aurora.database.features.WhereClauseCreator.onPopulateQueryStatement
2018-10-18 01:57:23.631 [uncertain.proc] [CONFIG] [action] CreatequerySql
2018-10-18 01:57:23.631 [uncertain.proc] [FINE] aurora.bm.QuerySqlCreator.onCreateQuerySql
2018-10-18 01:57:23.631 [uncertain.proc] [CONFIG] [action] ExecuteQuery
2018-10-18 01:57:23.631 [uncertain.proc] [FINE] aurora.bm.QuerySqlCreator.onExecuteQuery
2018-10-18 01:57:23.632 [uncertain.proc] [CONFIG] [action] QueryFinish
2018-10-18 01:57:23.632 [uncertain.proc] [FINE] aurora.database.features.AutoQueryCounter.onQueryFinish
2018-10-18 01:57:23.632 [uncertain.proc] [CONFIG] [action] FetchResultSet
2018-10-18 01:57:23.632 [uncertain.proc] [FINE] aurora.database.features.CacheBasedLookUpField.postFetchResultSet
2018-10-18 01:57:23.632 [aurora.database] [CONFIG] 
============= BEGIN [query] SQL Statement execution dump ============
SELECT f.service_id,f.service_name,f.is_entry_page,f.is_access_checked,f.is_login_required,f.is_system_access,? AS language,(select d.description_text from fnd_descriptions d where d.description_id = f.title_id and d.language = ?) AS title,f.title_id,f.weixin_flag
FROM sys_service f
WHERE f.service_name = ?
ORDER BY service_name
---------------------Binding info---------------------
No.1	Access path:/session/@lang	Data type of passed value :java.lang.String	Value:ZHS	Output:false	Database Type:null	
No.2	Access path:/session/@lang	Data type of passed value :java.lang.String	Value:ZHS	Output:false	Database Type:null	
No.3	Access path:@service_name	Data type of passed value :java.lang.String	Value:modules/expm/public/exp_report_maintain_query.screen	Output:false	Database Type:null	

=============== END [query] SQL Statement execution dump ============

2018-10-18 01:57:23.632 [aurora.presentation.buildsession] [CONFIG] building view: <toolbarButton> -> aurora.presentation.TemplateBasedView@3dda489e
2018-10-18 01:57:23.632 [aurora.presentation.buildsession] [CONFIG] building view: <gridButton> -> aurora.presentation.TemplateBasedView@3dda489e
2018-10-18 01:57:23.633 [aurora.presentation.buildsession] [CONFIG] building view: <queryForm> -> aurora.presentation.component.std.QueryForm@5d73510
2018-10-18 01:57:23.633 [aurora.presentation.buildsession] [CONFIG] building view: <hBox> -> aurora.presentation.component.std.HBox@f80b4d2
2018-10-18 01:57:23.633 [aurora.presentation.buildsession] [CONFIG] building view: <textField> -> aurora.presentation.TemplateBasedView@3dda489e
2018-10-18 01:57:23.633 [aurora.presentation.buildsession] [CONFIG] building view: <datePicker> -> aurora.presentation.TemplateBasedView@3dda489e
2018-10-18 01:57:23.633 [aurora.presentation.buildsession] [CONFIG] building view: <datePicker> -> aurora.presentation.TemplateBasedView@3dda489e
2018-10-18 01:57:23.634 [aurora.presentation.buildsession] [CONFIG] building view: <toolbarButton> -> aurora.presentation.TemplateBasedView@3dda489e
2018-10-18 01:57:23.634 [aurora.presentation.buildsession] [CONFIG] building view: <toolbarButton> -> aurora.presentation.TemplateBasedView@3dda489e
2018-10-18 01:57:23.634 [aurora.presentation.buildsession] [CONFIG] building view: <box> -> aurora.presentation.component.std.Box@2e170a0c
2018-10-18 01:57:23.634 [aurora.presentation.buildsession] [CONFIG] building view: <lov> -> aurora.presentation.TemplateBasedView@3dda489e
2018-10-18 01:57:23.634 [aurora.presentation.buildsession] [CONFIG] building view: <comboBox> -> aurora.presentation.TemplateBasedView@3dda489e
2018-10-18 01:57:23.634 [aurora.presentation.buildsession] [CONFIG] building view: <comboBox> -> aurora.presentation.TemplateBasedView@3dda489e
2018-10-18 01:57:23.634 [aurora.presentation.buildsession] [CONFIG] building view: <comboBox> -> aurora.presentation.TemplateBasedView@3dda489e
2018-10-18 01:57:23.634 [aurora.presentation.buildsession] [CONFIG] building view: <lov> -> aurora.presentation.TemplateBasedView@3dda489e
2018-10-18 01:57:23.635 [aurora.presentation.buildsession] [CONFIG] building view: <numberField> -> aurora.presentation.TemplateBasedView@3dda489e
2018-10-18 01:57:23.635 [aurora.presentation.buildsession] [CONFIG] building view: <numberField> -> aurora.presentation.TemplateBasedView@3dda489e
2018-10-18 01:57:23.635 [aurora.presentation.buildsession] [CONFIG] building view: <datePicker> -> aurora.presentation.TemplateBasedView@3dda489e
2018-10-18 01:57:23.635 [aurora.presentation.buildsession] [CONFIG] building view: <datePicker> -> aurora.presentation.TemplateBasedView@3dda489e
2018-10-18 01:57:23.635 [aurora.presentation.buildsession] [CONFIG] building view: <textField> -> aurora.presentation.TemplateBasedView@3dda489e
2018-10-18 01:57:23.635 [aurora.presentation.buildsession] [CONFIG] building view: <grid> -> aurora.presentation.TemplateBasedView@3dda489e
2018-10-18 01:57:23.636 [aurora.presentation.buildsession] [CONFIG] building view: <navBar> -> aurora.presentation.TemplateBasedView@3dda489e
2018-10-18 01:57:23.637 [aurora.presentation.buildsession] [CONFIG] building view: <button> -> aurora.presentation.TemplateBasedView@3dda489e
2018-10-18 01:57:23.637 [aurora.presentation.buildsession] [CONFIG] building view: <button> -> aurora.presentation.TemplateBasedView@3dda489e
2018-10-18 01:57:23.638 [aurora.presentation.buildsession] [CONFIG] building view: <separator> -> aurora.presentation.TemplateBasedView@3dda489e
2018-10-18 01:57:23.638 [aurora.presentation.buildsession] [CONFIG] building view: <div> -> aurora.presentation.DefaultViewBuilder@35f5c5a3
2018-10-18 01:57:23.638 [aurora.presentation.buildsession] [CONFIG] building view: <numberField> -> aurora.presentation.TemplateBasedView@3dda489e
2018-10-18 01:57:23.638 [aurora.presentation.buildsession] [CONFIG] building view: <div> -> aurora.presentation.DefaultViewBuilder@35f5c5a3
2018-10-18 01:57:23.638 [aurora.presentation.buildsession] [CONFIG] building view: <separator> -> aurora.presentation.TemplateBasedView@3dda489e
2018-10-18 01:57:23.638 [aurora.presentation.buildsession] [CONFIG] building view: <button> -> aurora.presentation.TemplateBasedView@3dda489e
2018-10-18 01:57:23.638 [aurora.presentation.buildsession] [CONFIG] building view: <button> -> aurora.presentation.TemplateBasedView@3dda489e
2018-10-18 01:57:23.638 [aurora.presentation.buildsession] [CONFIG] building view: <button> -> aurora.presentation.TemplateBasedView@3dda489e
2018-10-18 01:57:23.639 [aurora.presentation.buildsession] [CONFIG] building view: <separator> -> aurora.presentation.TemplateBasedView@3dda489e
2018-10-18 01:57:23.639 [aurora.presentation.buildsession] [CONFIG] building view: <div> -> aurora.presentation.DefaultViewBuilder@35f5c5a3
2018-10-18 01:57:23.639 [aurora.presentation.buildsession] [CONFIG] building view: <comboBox> -> aurora.presentation.TemplateBasedView@3dda489e
2018-10-18 01:57:23.639 [aurora.presentation.buildsession] [CONFIG] building view: <div> -> aurora.presentation.DefaultViewBuilder@35f5c5a3
2018-10-18 01:57:23.639 [aurora.presentation.buildsession] [CONFIG] building view: <separator> -> aurora.presentation.TemplateBasedView@3dda489e
2018-10-18 01:57:23.639 [aurora.presentation.buildsession] [CONFIG] building view: <div> -> aurora.presentation.DefaultViewBuilder@35f5c5a3
2018-10-18 01:57:23.640 [aurora.presentation.buildsession] [CONFIG] End build session
