2018-10-17 09:29:20.955 [aurora.application.session_check] [CONFIG] Session data copied to context
2018-10-17 09:29:20.956 [aurora.application.session_check] [CONFIG] Access check result for modules/expm/public/exp_report_submit_control.svc => success
2018-10-17 09:29:20.956 [uncertain.proc] [CONFIG] [action] AccessCheck
2018-10-17 09:29:20.960 [uncertain.proc] [CONFIG] [action] CheckServiceLock
2018-10-17 09:29:20.960 [uncertain.proc] [CONFIG] [action] ParseParameter
2018-10-17 09:29:20.960 [uncertain.proc] [CONFIG] [action] ValidateInput
2018-10-17 09:29:20.960 [uncertain.proc] [CONFIG] [action] InvokeService
2018-10-17 09:29:20.964 [uncertain.proc] [CONFIG] [action] DecideStatement
2018-10-17 09:29:20.965 [uncertain.proc] [CONFIG] [action] DecideSqlGenerationMode
2018-10-17 09:29:20.966 [uncertain.proc] [FINE] aurora.database.service.BusinessModelService.onDecideSqlGenerationMode
2018-10-17 09:29:20.966 [uncertain.proc] [CONFIG] [action] CreateOperationSql
2018-10-17 09:29:20.966 [uncertain.proc] [CONFIG] [action] PopulateOperationSql
2018-10-17 09:29:20.966 [uncertain.proc] [FINE] aurora.database.features.OrderByClauseCreator.onPopulateOperationSql
2018-10-17 09:29:20.966 [uncertain.proc] [FINE] aurora.database.features.WhereClauseCreator.onPopulateOperationSql
2018-10-17 09:29:20.966 [uncertain.proc] [CONFIG] [action] CreateSqlRunner
2018-10-17 09:29:20.966 [uncertain.proc] [FINE] aurora.database.service.BusinessModelService.onCreateSqlRunner
2018-10-17 09:29:20.966 [uncertain.proc] [CONFIG] [action] ExecuteDmlStatement
2018-10-17 09:29:20.966 [uncertain.proc] [FINE] aurora.database.service.BusinessModelService.onExecuteDmlStatement
2018-10-17 09:29:20.967 [aurora.database] [CONFIG] 
============= BEGIN [execute] SQL Statement execution dump ============

                begin
                    EXP_REPORT_PKG.SUBMIT_EXP_REPORT_CHECK
                    (
                        p_exp_report_header_id=>?,
                        p_user_id=>?
                    );
                end;
---------------------Binding info---------------------
No.1	Access path:@exp_report_header_id	Data type of passed value :java.lang.Long	Value:1895	Output:false	Database Type:null	
No.2	Access path:/session/@user_id	Data type of passed value :java.lang.Long	Value:204	Output:false	Database Type:null	

=============== END [execute] SQL Statement execution dump ============

2018-10-17 09:29:20.969 [uncertain.proc] [CONFIG] [action] DecideStatement
2018-10-17 09:29:20.970 [uncertain.proc] [CONFIG] [action] DecideSqlGenerationMode
2018-10-17 09:29:20.970 [uncertain.proc] [FINE] aurora.database.service.BusinessModelService.onDecideSqlGenerationMode
2018-10-17 09:29:20.970 [uncertain.proc] [CONFIG] [action] CreateOperationSql
2018-10-17 09:29:20.970 [uncertain.proc] [CONFIG] [action] PopulateOperationSql
2018-10-17 09:29:20.970 [uncertain.proc] [FINE] aurora.database.features.OrderByClauseCreator.onPopulateOperationSql
2018-10-17 09:29:20.970 [uncertain.proc] [FINE] aurora.database.features.WhereClauseCreator.onPopulateOperationSql
2018-10-17 09:29:20.970 [uncertain.proc] [CONFIG] [action] CreateSqlRunner
2018-10-17 09:29:20.970 [uncertain.proc] [FINE] aurora.database.service.BusinessModelService.onCreateSqlRunner
2018-10-17 09:29:20.970 [uncertain.proc] [CONFIG] [action] ExecuteDmlStatement
2018-10-17 09:29:20.970 [uncertain.proc] [FINE] aurora.database.service.BusinessModelService.onExecuteDmlStatement
2018-10-17 09:29:21.242 [aurora.database] [CONFIG] 
============= BEGIN [execute] SQL Statement execution dump ============
   
            begin
            exp_report_pkg.submit_exp_report
            (
               ?,
               ?
            );
        end;
---------------------Binding info---------------------
No.1	Access path:@exp_report_header_id	Data type of passed value :java.lang.Long	Value:1895	Output:false	Database Type:null	
No.2	Access path:/session/@user_id	Data type of passed value :java.lang.Long	Value:204	Output:false	Database Type:null	

=============== END [execute] SQL Statement execution dump ============

2018-10-17 09:29:21.242 [uncertain.proc] [CONFIG] [action] CreateSuccessResponse
