2018-10-15 09:47:01.945 [aurora.application.session_check] [CONFIG] Session data copied to context
2018-10-15 09:47:01.946 [aurora.application.session_check] [CONFIG] Access check result for modules/expm/public/exp_report_delete.svc => success
2018-10-15 09:47:01.946 [uncertain.proc] [CONFIG] [action] AccessCheck
2018-10-15 09:47:01.951 [uncertain.proc] [CONFIG] [action] CheckServiceLock
2018-10-15 09:47:01.951 [uncertain.proc] [CONFIG] [action] ParseParameter
2018-10-15 09:47:01.951 [uncertain.proc] [CONFIG] [action] ValidateInput
2018-10-15 09:47:01.951 [uncertain.proc] [CONFIG] [action] InvokeService
2018-10-15 09:47:01.971 [uncertain.proc] [CONFIG] [action] DecideStatement
2018-10-15 09:47:01.973 [uncertain.proc] [CONFIG] [action] DecideSqlGenerationMode
2018-10-15 09:47:01.973 [uncertain.proc] [FINE] aurora.database.service.BusinessModelService.onDecideSqlGenerationMode
2018-10-15 09:47:01.973 [uncertain.proc] [CONFIG] [action] CreateOperationSql
2018-10-15 09:47:01.973 [uncertain.proc] [CONFIG] [action] PopulateOperationSql
2018-10-15 09:47:01.973 [uncertain.proc] [FINE] aurora.database.features.OrderByClauseCreator.onPopulateOperationSql
2018-10-15 09:47:01.973 [uncertain.proc] [FINE] aurora.database.features.WhereClauseCreator.onPopulateOperationSql
2018-10-15 09:47:01.973 [uncertain.proc] [CONFIG] [action] CreateSqlRunner
2018-10-15 09:47:01.973 [uncertain.proc] [FINE] aurora.database.service.BusinessModelService.onCreateSqlRunner
2018-10-15 09:47:01.973 [uncertain.proc] [CONFIG] [action] ExecuteDmlStatement
2018-10-15 09:47:01.973 [uncertain.proc] [FINE] aurora.database.service.BusinessModelService.onExecuteDmlStatement
2018-10-15 09:47:02.202 [aurora.database] [CONFIG] 
============= BEGIN [execute] SQL Statement execution dump ============
   begin
            exp_report_pkg.delete_exp_report_headers(
            ?,
            ?
            );
        end;
---------------------Binding info---------------------
No.1	Access path:@exp_report_header_id	Data type of passed value :java.lang.String	Value:1849	Output:false	Database Type:null	
No.2	Access path:/session/@user_id	Data type of passed value :java.lang.Long	Value:2242	Output:false	Database Type:null	

=============== END [execute] SQL Statement execution dump ============

2018-10-15 09:47:02.202 [uncertain.proc] [CONFIG] [action] CreateSuccessResponse
