2018-10-18 06:33:19.119 [aurora.application.session_check] [CONFIG] Session data copied to context
2018-10-18 06:33:19.119 [aurora.application.session_check] [CONFIG] Access check result for modules/expm/public/exp_requisition_update_control.svc => success
2018-10-18 06:33:19.119 [uncertain.proc] [CONFIG] [action] AccessCheck
2018-10-18 06:33:19.122 [uncertain.proc] [CONFIG] [action] CheckServiceLock
2018-10-18 06:33:19.122 [uncertain.proc] [CONFIG] [action] ParseParameter
2018-10-18 06:33:19.122 [uncertain.proc] [CONFIG] [action] ValidateInput
2018-10-18 06:33:19.122 [uncertain.proc] [CONFIG] [action] InvokeService
2018-10-18 06:33:19.125 [uncertain.proc] [CONFIG] [action] DecideStatement
2018-10-18 06:33:19.127 [uncertain.proc] [CONFIG] [action] DecideSqlGenerationMode
2018-10-18 06:33:19.127 [uncertain.proc] [FINE] aurora.database.service.BusinessModelService.onDecideSqlGenerationMode
2018-10-18 06:33:19.127 [uncertain.proc] [CONFIG] [action] CreateOperationSql
2018-10-18 06:33:19.127 [uncertain.proc] [CONFIG] [action] PopulateOperationSql
2018-10-18 06:33:19.127 [uncertain.proc] [FINE] aurora.database.features.OrderByClauseCreator.onPopulateOperationSql
2018-10-18 06:33:19.127 [uncertain.proc] [FINE] aurora.database.features.WhereClauseCreator.onPopulateOperationSql
2018-10-18 06:33:19.127 [uncertain.proc] [CONFIG] [action] CreateSqlRunner
2018-10-18 06:33:19.127 [uncertain.proc] [FINE] aurora.database.service.BusinessModelService.onCreateSqlRunner
2018-10-18 06:33:19.127 [uncertain.proc] [CONFIG] [action] ExecuteDmlStatement
2018-10-18 06:33:19.127 [uncertain.proc] [FINE] aurora.database.service.BusinessModelService.onExecuteDmlStatement
2018-10-18 06:33:19.128 [aurora.database] [CONFIG] 
============= BEGIN [Update] SQL Statement execution dump ============
	   
			begin
				sys_user_doc_access_verify_pkg.exp_req_update_access_verify(
				?,
				?,
				?,
				'MAINTENANCE'
				);
			end;
---------------------Binding info---------------------
No.1	Access path:/session/@session_id	Data type of passed value :java.lang.Long	Value:55505	Output:false	Database Type:null	
No.2	Access path:@head_id	Data type of passed value :java.lang.String	Value:2031	Output:false	Database Type:null	
No.3	Access path:/session/@user_id	Data type of passed value :java.lang.Long	Value:2242	Output:false	Database Type:null	

=============== END [Update] SQL Statement execution dump ============

2018-10-18 06:33:19.130 [uncertain.proc] [CONFIG] [action] DecideStatement
2018-10-18 06:33:19.132 [uncertain.proc] [CONFIG] [action] DecideSqlGenerationMode
2018-10-18 06:33:19.132 [uncertain.proc] [FINE] aurora.database.service.BusinessModelService.onDecideSqlGenerationMode
2018-10-18 06:33:19.132 [uncertain.proc] [CONFIG] [action] CreateOperationSql
2018-10-18 06:33:19.132 [uncertain.proc] [CONFIG] [action] PopulateOperationSql
2018-10-18 06:33:19.132 [uncertain.proc] [FINE] aurora.database.features.OrderByClauseCreator.onPopulateOperationSql
2018-10-18 06:33:19.132 [uncertain.proc] [FINE] aurora.database.features.WhereClauseCreator.onPopulateOperationSql
2018-10-18 06:33:19.132 [uncertain.proc] [CONFIG] [action] CreateSqlRunner
2018-10-18 06:33:19.132 [uncertain.proc] [FINE] aurora.database.service.BusinessModelService.onCreateSqlRunner
2018-10-18 06:33:19.132 [uncertain.proc] [CONFIG] [action] ExecuteDmlStatement
2018-10-18 06:33:19.132 [uncertain.proc] [FINE] aurora.database.service.BusinessModelService.onExecuteDmlStatement
2018-10-18 06:33:19.134 [aurora.database] [CONFIG] 
============= BEGIN [Update] SQL Statement execution dump ============

                BEGIN
                    exp_requisition_pkg.update_exp_requisition_headers ( 
                    ? , 
                    NULL, 
                    ?, 
                    ?, 
                    ?, 
                    ?, 
                    ?, 
                    ?, 
                    ?, 
                    ?, 
                    ?, 
                    to_date(?,'yyyy-mm-dd'), 
                    ?, 
                    'GENERATE', 
                    ?, 
                    'N', 
                    '', 
                    NULL, 
                    ?, 
                    ?, 
                    NULL, 
                    ?, 
                    ?,
                    ?) ;
                END;
            
---------------------Binding info---------------------
No.1	Access path:@head_id	Data type of passed value :java.lang.String	Value:2031	Output:false	Database Type:null	
No.2	Access path:@employee_id	Data type of passed value :java.lang.String	Value:2271	Output:false	Database Type:null	
No.3	Access path:@position_id	Data type of passed value :java.lang.Integer	Value:10781	Output:false	Database Type:null	
No.4	Access path:@payee_category	Data type of passed value :[null]	Value:null	Output:false	Database Type:null	
No.5	Access path:@payee_id	Data type of passed value :java.lang.String	Value:2271	Output:false	Database Type:null	
No.6	Access path:@exp_requisition_type_id	Data type of passed value :java.lang.String	Value:1381	Output:false	Database Type:null	
No.7	Access path:@currency_code	Data type of passed value :java.lang.String	Value:CNY	Output:false	Database Type:null	
No.8	Access path:@exchange_rate_type	Data type of passed value :[null]	Value:null	Output:false	Database Type:null	
No.9	Access path:@exchange_rate_quotation	Data type of passed value :[null]	Value:null	Output:false	Database Type:null	
No.10	Access path:@exchange_rate	Data type of passed value :java.lang.Integer	Value:1	Output:false	Database Type:null	
No.11	Access path:@requisition_date	Data type of passed value :java.lang.String	Value:2018-10-18	Output:false	Database Type:null	
No.12	Access path:@period_name	Data type of passed value :java.lang.String	Value:2018-10	Output:false	Database Type:null	
No.13	Access path:@description	Data type of passed value :java.lang.String	Value:测试	Output:false	Database Type:null	
No.14	Access path:/session/@user_id	Data type of passed value :java.lang.Long	Value:2242	Output:false	Database Type:null	
No.15	Access path:@attachment	Data type of passed value :[null]	Value:null	Output:false	Database Type:null	
No.16	Access path:@oa_sign_flag	Data type of passed value :java.lang.String	Value:N	Output:false	Database Type:null	
No.17	Access path:@oa_sign_note	Data type of passed value :[null]	Value:null	Output:false	Database Type:null	
No.18	Access path:@overseas_flag	Data type of passed value :[null]	Value:null	Output:false	Database Type:null	

=============== END [Update] SQL Statement execution dump ============

2018-10-18 06:33:19.134 [aurora.database] [INFO] [batch-apply] Data from '/parameter/obj_details' is null
2018-10-18 06:33:19.134 [aurora.database] [CONFIG] Running batch-apply with data from path /parameter/details, total 1 records
2018-10-18 06:33:19.134 [aurora.database] [CONFIG] Executing batch-apply on parameter No.0
2018-10-18 06:33:19.138 [uncertain.proc] [CONFIG] [action] DecideStatement
2018-10-18 06:33:19.140 [uncertain.proc] [CONFIG] [action] DecideSqlGenerationMode
2018-10-18 06:33:19.140 [uncertain.proc] [FINE] aurora.database.service.BusinessModelService.onDecideSqlGenerationMode
2018-10-18 06:33:19.140 [uncertain.proc] [CONFIG] [action] CreateOperationSql
2018-10-18 06:33:19.140 [uncertain.proc] [CONFIG] [action] PopulateOperationSql
2018-10-18 06:33:19.140 [uncertain.proc] [FINE] aurora.database.features.OrderByClauseCreator.onPopulateOperationSql
2018-10-18 06:33:19.140 [uncertain.proc] [FINE] aurora.database.features.WhereClauseCreator.onPopulateOperationSql
2018-10-18 06:33:19.140 [uncertain.proc] [CONFIG] [action] CreateSqlRunner
2018-10-18 06:33:19.140 [uncertain.proc] [FINE] aurora.database.service.BusinessModelService.onCreateSqlRunner
2018-10-18 06:33:19.140 [uncertain.proc] [CONFIG] [action] ExecuteDmlStatement
2018-10-18 06:33:19.140 [uncertain.proc] [FINE] aurora.database.service.BusinessModelService.onExecuteDmlStatement
2018-10-18 06:33:19.151 [aurora.database] [CONFIG] 
============= BEGIN [Update] SQL Statement execution dump ============
 
			begin
				exp_requisition_pkg.update_exp_requisition_lines 
				(
		           ?,
		           ?,
		           ?,
		           ?,
		           ?,
		           to_date(?,'yyyy-mm-dd'),
		           to_date(?,'yyyy-mm-dd'),
		           ?,
		           ?,
		           ?,
		           ?,
		           ?,
		           ?,
		           ?,
		           ?,
		           ?,
		           ?,
		           ?,
		           ?,
		           ?,
		           ?,
		           ?,
		           ?,
		           ?,
		           ?,
		           ?,
		           ?,
		           ?,
		           ?,
		           ?,
		           ?,
		           ?,
		           ?,
		           ?,
		           ?,
		           ?,
		           ?,
		           ?,
		           ?,
		           ?,
		           ?
				);
			end;
		
---------------------Binding info---------------------
No.1	Access path:@line_id	Data type of passed value :java.lang.Integer	Value:1463	Output:false	Database Type:null	
No.2	Access path:@head_id	Data type of passed value :java.lang.Integer	Value:2031	Output:false	Database Type:null	
No.3	Access path:@line_number	Data type of passed value :java.lang.Integer	Value:10	Output:false	Database Type:null	
No.4	Access path:@city	Data type of passed value :[null]	Value:null	Output:false	Database Type:null	
No.5	Access path:@description	Data type of passed value :java.lang.String	Value:测试	Output:false	Database Type:null	
No.6	Access path:@date_from	Data type of passed value :[null]	Value:null	Output:false	Database Type:null	
No.7	Access path:@date_to	Data type of passed value :[null]	Value:null	Output:false	Database Type:null	
No.8	Access path:@period_num	Data type of passed value :java.lang.String	Value:2018-10	Output:false	Database Type:null	
No.9	Access path:@currency_code	Data type of passed value :java.lang.String	Value:CNY	Output:false	Database Type:null	
No.10	Access path:@exchange_rate_type	Data type of passed value :[null]	Value:null	Output:false	Database Type:null	
No.11	Access path:@exchange_rate_quotation	Data type of passed value :[null]	Value:null	Output:false	Database Type:null	
No.12	Access path:@exchange_rate	Data type of passed value :java.lang.Integer	Value:1	Output:false	Database Type:null	
No.13	Access path:@expense_type_id	Data type of passed value :java.lang.Integer	Value:29501	Output:false	Database Type:null	
No.14	Access path:@exp_req_item_id	Data type of passed value :java.lang.Integer	Value:181	Output:false	Database Type:null	
No.15	Access path:@price	Data type of passed value :java.lang.Integer	Value:1000	Output:false	Database Type:null	
No.16	Access path:@primary_quantity	Data type of passed value :java.lang.Integer	Value:1	Output:false	Database Type:null	
No.17	Access path:@requisition_amount	Data type of passed value :java.lang.Integer	Value:1000	Output:false	Database Type:null	
No.18	Access path:@requisition_functional_amount	Data type of passed value :java.lang.Integer	Value:1000	Output:false	Database Type:null	
No.19	Access path:@company_id	Data type of passed value :java.lang.Integer	Value:2555	Output:false	Database Type:null	
No.20	Access path:@unit_id	Data type of passed value :java.lang.Integer	Value:8271	Output:false	Database Type:null	
No.21	Access path:@position_id	Data type of passed value :java.lang.Integer	Value:10781	Output:false	Database Type:null	
No.22	Access path:@responsibility_center_id	Data type of passed value :java.lang.Integer	Value:54252	Output:false	Database Type:null	
No.23	Access path:@employee_id	Data type of passed value :java.lang.Integer	Value:2271	Output:false	Database Type:null	
No.24	Access path:@payee_category	Data type of passed value :[null]	Value:null	Output:false	Database Type:null	
No.25	Access path:@payee_id	Data type of passed value :[null]	Value:null	Output:false	Database Type:null	
No.26	Access path:@payment_flag	Data type of passed value :java.lang.String	Value:Y	Output:false	Database Type:null	
No.27	Access path:@e1	Data type of passed value :[null]	Value:null	Output:false	Database Type:null	
No.28	Access path:@e2	Data type of passed value :[null]	Value:null	Output:false	Database Type:null	
No.29	Access path:@e3	Data type of passed value :java.lang.Integer	Value:2	Output:false	Database Type:null	
No.30	Access path:@e4	Data type of passed value :[null]	Value:null	Output:false	Database Type:null	
No.31	Access path:@e5	Data type of passed value :[null]	Value:null	Output:false	Database Type:null	
No.32	Access path:@e6	Data type of passed value :[null]	Value:null	Output:false	Database Type:null	
No.33	Access path:@e7	Data type of passed value :[null]	Value:null	Output:false	Database Type:null	
No.34	Access path:@e8	Data type of passed value :[null]	Value:null	Output:false	Database Type:null	
No.35	Access path:@e9	Data type of passed value :[null]	Value:null	Output:false	Database Type:null	
No.36	Access path:@e10	Data type of passed value :[null]	Value:null	Output:false	Database Type:null	
No.37	Access path:/session/@user_id	Data type of passed value :java.lang.Long	Value:2242	Output:false	Database Type:null	
No.38	Access path:@place_type_id	Data type of passed value :[null]	Value:null	Output:false	Database Type:null	
No.39	Access path:@place_id	Data type of passed value :[null]	Value:null	Output:false	Database Type:null	
No.40	Access path:@transportation	Data type of passed value :[null]	Value:null	Output:false	Database Type:null	
No.41	Access path:@place_to_id	Data type of passed value :[null]	Value:null	Output:false	Database Type:null	

=============== END [Update] SQL Statement execution dump ============

2018-10-18 06:33:19.151 [aurora.database] [INFO] [batch-apply] Data from '@current_parameter/details' is null
2018-10-18 06:33:19.154 [uncertain.proc] [CONFIG] [action] DecideStatement
2018-10-18 06:33:19.155 [uncertain.proc] [CONFIG] [action] DecideSqlGenerationMode
2018-10-18 06:33:19.155 [uncertain.proc] [FINE] aurora.database.service.BusinessModelService.onDecideSqlGenerationMode
2018-10-18 06:33:19.156 [uncertain.proc] [CONFIG] [action] CreateOperationSql
2018-10-18 06:33:19.156 [uncertain.proc] [CONFIG] [action] PopulateOperationSql
2018-10-18 06:33:19.156 [uncertain.proc] [FINE] aurora.database.features.OrderByClauseCreator.onPopulateOperationSql
2018-10-18 06:33:19.156 [uncertain.proc] [FINE] aurora.database.features.WhereClauseCreator.onPopulateOperationSql
2018-10-18 06:33:19.156 [uncertain.proc] [CONFIG] [action] CreateSqlRunner
2018-10-18 06:33:19.156 [uncertain.proc] [FINE] aurora.database.service.BusinessModelService.onCreateSqlRunner
2018-10-18 06:33:19.156 [uncertain.proc] [CONFIG] [action] ExecuteDmlStatement
2018-10-18 06:33:19.156 [uncertain.proc] [FINE] aurora.database.service.BusinessModelService.onExecuteDmlStatement
2018-10-18 06:33:19.157 [aurora.database] [CONFIG] 
============= BEGIN [Update] SQL Statement execution dump ============
	   
			begin
				con_contract_maintenance_pkg.update_con_doc_flows_by_exp
				(
				   'CON_CONTRACT',
				   ?,
				   ?,
				   'EXP_REQUISITION_LINES',
				   ?,
				   ?,
				   ?
				);
			end;
---------------------Binding info---------------------
No.1	Access path:@contract_header_id	Data type of passed value :[null]	Value:null	Output:false	Database Type:null	
No.2	Access path:@payment_schedule_line_id	Data type of passed value :[null]	Value:null	Output:false	Database Type:null	
No.3	Access path:@head_id	Data type of passed value :java.lang.Integer	Value:2031	Output:false	Database Type:null	
No.4	Access path:@line_id	Data type of passed value :java.lang.Integer	Value:1463	Output:false	Database Type:null	
No.5	Access path:/session/@user_id	Data type of passed value :java.lang.Long	Value:2242	Output:false	Database Type:null	

=============== END [Update] SQL Statement execution dump ============

2018-10-18 06:33:19.161 [uncertain.proc] [CONFIG] [action] DecideStatement
2018-10-18 06:33:19.162 [uncertain.proc] [CONFIG] [action] DecideSqlGenerationMode
2018-10-18 06:33:19.163 [uncertain.proc] [FINE] aurora.database.service.BusinessModelService.onDecideSqlGenerationMode
2018-10-18 06:33:19.163 [uncertain.proc] [CONFIG] [action] CreateOperationSql
2018-10-18 06:33:19.163 [uncertain.proc] [CONFIG] [action] PopulateOperationSql
2018-10-18 06:33:19.163 [uncertain.proc] [FINE] aurora.database.features.OrderByClauseCreator.onPopulateOperationSql
2018-10-18 06:33:19.163 [uncertain.proc] [FINE] aurora.database.features.WhereClauseCreator.onPopulateOperationSql
2018-10-18 06:33:19.163 [uncertain.proc] [CONFIG] [action] CreateSqlRunner
2018-10-18 06:33:19.163 [uncertain.proc] [FINE] aurora.database.service.BusinessModelService.onCreateSqlRunner
2018-10-18 06:33:19.163 [uncertain.proc] [CONFIG] [action] ExecuteDmlStatement
2018-10-18 06:33:19.163 [uncertain.proc] [FINE] aurora.database.service.BusinessModelService.onExecuteDmlStatement
2018-10-18 06:33:19.166 [aurora.database] [CONFIG] 
============= BEGIN [Update] SQL Statement execution dump ============
	    
            begin
				exp_requisition_pkg.resert_exp_req_line_number
				(
		           ?,
		           ?
				 );
			end;
---------------------Binding info---------------------
No.1	Access path:@head_id	Data type of passed value :java.lang.String	Value:2031	Output:false	Database Type:null	
No.2	Access path:/session/@company_id	Data type of passed value :java.lang.Integer	Value:2555	Output:false	Database Type:null	

=============== END [Update] SQL Statement execution dump ============

2018-10-18 06:33:19.166 [uncertain.proc] [CONFIG] [action] CreateSuccessResponse
