2018-10-17 09:37:25.654 [aurora.application.session_check] [CONFIG] Session data copied to context
2018-10-17 09:37:25.654 [aurora.application.session_check] [CONFIG] Access check result for modules/expm/public/exp_report_submit_control.svc => success
2018-10-17 09:37:25.654 [uncertain.proc] [CONFIG] [action] AccessCheck
2018-10-17 09:37:25.657 [uncertain.proc] [CONFIG] [action] CheckServiceLock
2018-10-17 09:37:25.657 [uncertain.proc] [CONFIG] [action] ParseParameter
2018-10-17 09:37:25.657 [uncertain.proc] [CONFIG] [action] ValidateInput
2018-10-17 09:37:25.657 [uncertain.proc] [CONFIG] [action] InvokeService
2018-10-17 09:37:25.660 [uncertain.proc] [CONFIG] [action] DecideStatement
2018-10-17 09:37:25.662 [uncertain.proc] [CONFIG] [action] DecideSqlGenerationMode
2018-10-17 09:37:25.662 [uncertain.proc] [FINE] aurora.database.service.BusinessModelService.onDecideSqlGenerationMode
2018-10-17 09:37:25.662 [uncertain.proc] [CONFIG] [action] CreateOperationSql
2018-10-17 09:37:25.662 [uncertain.proc] [CONFIG] [action] PopulateOperationSql
2018-10-17 09:37:25.662 [uncertain.proc] [FINE] aurora.database.features.OrderByClauseCreator.onPopulateOperationSql
2018-10-17 09:37:25.662 [uncertain.proc] [FINE] aurora.database.features.WhereClauseCreator.onPopulateOperationSql
2018-10-17 09:37:25.662 [uncertain.proc] [CONFIG] [action] CreateSqlRunner
2018-10-17 09:37:25.662 [uncertain.proc] [FINE] aurora.database.service.BusinessModelService.onCreateSqlRunner
2018-10-17 09:37:25.662 [uncertain.proc] [CONFIG] [action] ExecuteDmlStatement
2018-10-17 09:37:25.662 [uncertain.proc] [FINE] aurora.database.service.BusinessModelService.onExecuteDmlStatement
2018-10-17 09:37:25.663 [aurora.database] [CONFIG] 
============= BEGIN [execute] SQL Statement execution dump ============

                begin
                    EXP_REPORT_PKG.SUBMIT_EXP_REPORT_CHECK
                    (
                        p_exp_report_header_id=>?,
                        p_user_id=>?
                    );
                end;
---------------------Binding info---------------------
No.1	Access path:@exp_report_header_id	Data type of passed value :java.lang.Long	Value:1901	Output:false	Database Type:null	
No.2	Access path:/session/@user_id	Data type of passed value :java.lang.Long	Value:204	Output:false	Database Type:null	

=============== END [execute] SQL Statement execution dump ============

2018-10-17 09:37:25.666 [uncertain.proc] [CONFIG] [action] DecideStatement
2018-10-17 09:37:25.667 [uncertain.proc] [CONFIG] [action] DecideSqlGenerationMode
2018-10-17 09:37:25.667 [uncertain.proc] [FINE] aurora.database.service.BusinessModelService.onDecideSqlGenerationMode
2018-10-17 09:37:25.667 [uncertain.proc] [CONFIG] [action] CreateOperationSql
2018-10-17 09:37:25.667 [uncertain.proc] [CONFIG] [action] PopulateOperationSql
2018-10-17 09:37:25.667 [uncertain.proc] [FINE] aurora.database.features.OrderByClauseCreator.onPopulateOperationSql
2018-10-17 09:37:25.667 [uncertain.proc] [FINE] aurora.database.features.WhereClauseCreator.onPopulateOperationSql
2018-10-17 09:37:25.667 [uncertain.proc] [CONFIG] [action] CreateSqlRunner
2018-10-17 09:37:25.667 [uncertain.proc] [FINE] aurora.database.service.BusinessModelService.onCreateSqlRunner
2018-10-17 09:37:25.667 [uncertain.proc] [CONFIG] [action] ExecuteDmlStatement
2018-10-17 09:37:25.667 [uncertain.proc] [FINE] aurora.database.service.BusinessModelService.onExecuteDmlStatement
2018-10-17 09:37:25.905 [aurora.database] [CONFIG] 
============= BEGIN [execute] SQL Statement execution dump ============
   
            begin
            exp_report_pkg.submit_exp_report
            (
               ?,
               ?
            );
        end;
---------------------Binding info---------------------
No.1	Access path:@exp_report_header_id	Data type of passed value :java.lang.Long	Value:1901	Output:false	Database Type:null	
No.2	Access path:/session/@user_id	Data type of passed value :java.lang.Long	Value:204	Output:false	Database Type:null	

=============== END [execute] SQL Statement execution dump ============

2018-10-17 09:37:25.905 [uncertain.proc] [CONFIG] [action] CreateSuccessResponse
