2018-09-30 07:03:03.67 [aurora.application.session_check] [CONFIG] Session data copied to context
2018-09-30 07:03:03.67 [aurora.application.session_check] [CONFIG] Access check result for modules/fnd/FND3110/fnd_company_hierarchy_assign.screen => success
2018-09-30 07:03:03.67 [uncertain.proc] [CONFIG] [action] AccessCheck
2018-09-30 07:03:03.98 [uncertain.proc] [CONFIG] [action] InitService
2018-09-30 07:03:03.98 [uncertain.proc] [CONFIG] [action] ParseParameter
2018-09-30 07:03:03.98 [uncertain.proc] [CONFIG] [action] CreateModel
2018-09-30 07:03:03.98 [aurora.database] [CONFIG] ===================================== prepare to run model-query fnd.FND3110.fnd_company_hierarchy_company_select==============================
2018-09-30 07:03:03.112 [uncertain.proc] [CONFIG] [action] DecideSqlGenerationMode
2018-09-30 07:03:03.112 [uncertain.proc] [FINE] aurora.database.service.BusinessModelService.onDecideSqlGenerationMode
2018-09-30 07:03:03.112 [uncertain.proc] [CONFIG] [action] CreatequeryStatement
2018-09-30 07:03:03.112 [uncertain.proc] [FINE] aurora.bm.QuerySqlCreator.onCreateQueryStatement
2018-09-30 07:03:03.112 [uncertain.proc] [CONFIG] [action] PopulatequeryStatement
2018-09-30 07:03:03.112 [uncertain.proc] [FINE] aurora.database.features.OrderByClauseCreator.onPopulateQueryStatement
2018-09-30 07:03:03.112 [uncertain.proc] [FINE] aurora.database.features.WhereClauseCreator.onPopulateQueryStatement
2018-09-30 07:03:03.112 [uncertain.proc] [CONFIG] [action] CreatequerySql
2018-09-30 07:03:03.112 [uncertain.proc] [FINE] aurora.bm.QuerySqlCreator.onCreateQuerySql
2018-09-30 07:03:03.112 [uncertain.proc] [CONFIG] [action] ExecuteQuery
2018-09-30 07:03:03.112 [uncertain.proc] [FINE] aurora.bm.QuerySqlCreator.onExecuteQuery
2018-09-30 07:03:03.123 [uncertain.proc] [CONFIG] [action] QueryFinish
2018-09-30 07:03:03.123 [uncertain.proc] [FINE] aurora.database.features.AutoQueryCounter.onQueryFinish
2018-09-30 07:03:03.126 [uncertain.proc] [CONFIG] [action] FetchResultSet
2018-09-30 07:03:03.127 [uncertain.proc] [FINE] aurora.database.features.CacheBasedLookUpField.postFetchResultSet
2018-09-30 07:03:03.127 [aurora.database] [CONFIG] 
============= BEGIN [query] SQL Statement execution dump ============
SELECT fc.company_id,fc.company_code,fc.company_type,fc.company_short_name_id,(select DESCRIPTION_TEXT from fnd_descriptions where DESCRIPTION_ID=fc.company_short_name_id and Language=?) AS company_short_name,(select fc.company_code||'-'|| fd.description_text from fnd_descriptions fd where fd.description_id=fc.company_short_name_id and language=?) AS company_code_display
FROM fnd_companies fc
WHERE sysdate between start_date_active and nvl(end_date_active, sysdate) AND fc.company_id <> ?
ORDER BY company_code
---------------------Binding info---------------------
No.1	Access path:/session/@lang	Data type of passed value :java.lang.String	Value:ZHS	Output:false	Database Type:null	
No.2	Access path:/session/@lang	Data type of passed value :java.lang.String	Value:ZHS	Output:false	Database Type:null	
No.3	Access path:@company_id	Data type of passed value :java.lang.String	Value:2535	Output:false	Database Type:null	

=============== END [query] SQL Statement execution dump ============

2018-09-30 07:03:03.127 [aurora.database] [CONFIG] ===================================== prepare to run model-query fnd.FND3110.fnd_company_hierarchy_query==============================
2018-09-30 07:03:03.138 [uncertain.proc] [CONFIG] [action] DecideSqlGenerationMode
2018-09-30 07:03:03.138 [uncertain.proc] [FINE] aurora.database.service.BusinessModelService.onDecideSqlGenerationMode
2018-09-30 07:03:03.138 [uncertain.proc] [CONFIG] [action] CreatequeryStatement
2018-09-30 07:03:03.138 [uncertain.proc] [FINE] aurora.bm.QuerySqlCreator.onCreateQueryStatement
2018-09-30 07:03:03.140 [uncertain.proc] [CONFIG] [action] PopulatequeryStatement
2018-09-30 07:03:03.140 [uncertain.proc] [FINE] aurora.database.features.OrderByClauseCreator.onPopulateQueryStatement
2018-09-30 07:03:03.140 [uncertain.proc] [FINE] aurora.database.features.WhereClauseCreator.onPopulateQueryStatement
2018-09-30 07:03:03.140 [uncertain.proc] [CONFIG] [action] CreatequerySql
2018-09-30 07:03:03.140 [uncertain.proc] [FINE] aurora.bm.QuerySqlCreator.onCreateQuerySql
2018-09-30 07:03:03.140 [uncertain.proc] [CONFIG] [action] ExecuteQuery
2018-09-30 07:03:03.140 [uncertain.proc] [FINE] aurora.bm.QuerySqlCreator.onExecuteQuery
2018-09-30 07:03:03.148 [uncertain.proc] [CONFIG] [action] QueryFinish
2018-09-30 07:03:03.148 [uncertain.proc] [FINE] aurora.database.features.AutoQueryCounter.onQueryFinish
2018-09-30 07:03:03.148 [uncertain.proc] [CONFIG] [action] FetchResultSet
2018-09-30 07:03:03.148 [uncertain.proc] [FINE] aurora.database.features.CacheBasedLookUpField.postFetchResultSet
2018-09-30 07:03:03.149 [aurora.database] [CONFIG] 
============= BEGIN [query] SQL Statement execution dump ============
SELECT fc.company_id,fc.company_code,fc.set_of_books_id,fc.company_short_name_id,(select DESCRIPTION_TEXT from fnd_descriptions where DESCRIPTION_ID=fc.company_short_name_id and Language=?) AS company_short_name,(select gs.set_of_books_code||'-'||fd.description_text from fnd_descriptions fd where  fd.description_id=gs.set_of_books_name_id and language=?) AS set_of_books_name,gs.set_of_books_code
FROM fnd_companies fc
	INNER JOIN gld_set_of_books gs ON fc.set_of_books_id = gs.set_of_books_id
WHERE fc.company_type=2 AND gs.enabled_flag='Y' AND ((sysdate between fc.start_date_active and fc.end_date_active) or fc.end_date_active is null) AND fc.set_of_books_id = ? AND fc.company_id = ?
ORDER BY company_code
---------------------Binding info---------------------
No.1	Access path:/session/@lang	Data type of passed value :java.lang.String	Value:ZHS	Output:false	Database Type:null	
No.2	Access path:/session/@lang	Data type of passed value :java.lang.String	Value:ZHS	Output:false	Database Type:null	
No.3	Access path:@set_of_books_id	Data type of passed value :java.lang.String	Value:122	Output:false	Database Type:null	
No.4	Access path:@company_id	Data type of passed value :java.lang.String	Value:2535	Output:false	Database Type:null	

=============== END [query] SQL Statement execution dump ============

2018-09-30 07:03:03.149 [uncertain.proc] [CONFIG] [action] CreateView
2018-09-30 07:03:03.149 [uncertain.proc] [CONFIG] [action] BuildOutputContent
2018-09-30 07:03:03.149 [aurora.presentation.buildsession] [CONFIG] Start build session
2018-09-30 07:03:03.149 [aurora.presentation.buildsession] [CONFIG] building view: <html-page> -> aurora.presentation.component.HtmlPage@5a7a531b
2018-09-30 07:03:03.150 [aurora.presentation.buildsession] [CONFIG] building view: <script> -> aurora.presentation.DefaultViewBuilder@59d097e
2018-09-30 07:03:03.151 [aurora.presentation.buildsession] [CONFIG] building view: <dataSets> -> aurora.application.features.DataSetInit@bba7b13
2018-09-30 07:03:03.151 [aurora.presentation.buildsession] [CONFIG] building view: <dataSet> -> aurora.presentation.TemplateBasedView@314dc5c8
2018-09-30 07:03:03.154 [aurora.presentation.buildsession] [CONFIG] building view: <dataSet> -> aurora.presentation.TemplateBasedView@314dc5c8
2018-09-30 07:03:03.156 [aurora.presentation.buildsession] [CONFIG] building view: <dataSet> -> aurora.presentation.TemplateBasedView@314dc5c8
2018-09-30 07:03:03.159 [aurora.presentation.buildsession] [CONFIG] building view: <screenBody> -> aurora.presentation.component.std.ScreenBody@5b922d6
2018-09-30 07:03:03.159 [aurora.presentation.buildsession] [CONFIG] building view: <screenTopToolbar> -> aurora.presentation.component.std.ScreenTopToolbar@3f671882
2018-09-30 07:03:03.159 [aurora.presentation.buildsession] [CONFIG] building view: <screenTitle> -> aurora.presentation.component.std.ScreenTitle@370d66fe
2018-09-30 07:03:03.163 [uncertain.proc] [CONFIG] [action] DecideSqlGenerationMode
2018-09-30 07:03:03.163 [uncertain.proc] [FINE] aurora.database.service.BusinessModelService.onDecideSqlGenerationMode
2018-09-30 07:03:03.163 [uncertain.proc] [CONFIG] [action] CreatequeryStatement
2018-09-30 07:03:03.163 [uncertain.proc] [FINE] aurora.bm.QuerySqlCreator.onCreateQueryStatement
2018-09-30 07:03:03.163 [uncertain.proc] [CONFIG] [action] PopulatequeryStatement
2018-09-30 07:03:03.163 [uncertain.proc] [FINE] aurora.database.features.OrderByClauseCreator.onPopulateQueryStatement
2018-09-30 07:03:03.163 [uncertain.proc] [FINE] aurora.database.features.WhereClauseCreator.onPopulateQueryStatement
2018-09-30 07:03:03.163 [uncertain.proc] [CONFIG] [action] CreatequerySql
2018-09-30 07:03:03.163 [uncertain.proc] [FINE] aurora.bm.QuerySqlCreator.onCreateQuerySql
2018-09-30 07:03:03.163 [uncertain.proc] [CONFIG] [action] ExecuteQuery
2018-09-30 07:03:03.163 [uncertain.proc] [FINE] aurora.bm.QuerySqlCreator.onExecuteQuery
2018-09-30 07:03:03.164 [uncertain.proc] [CONFIG] [action] QueryFinish
2018-09-30 07:03:03.164 [uncertain.proc] [FINE] aurora.database.features.AutoQueryCounter.onQueryFinish
2018-09-30 07:03:03.164 [uncertain.proc] [CONFIG] [action] FetchResultSet
2018-09-30 07:03:03.164 [uncertain.proc] [FINE] aurora.database.features.CacheBasedLookUpField.postFetchResultSet
2018-09-30 07:03:03.164 [aurora.database] [CONFIG] 
============= BEGIN [query] SQL Statement execution dump ============
SELECT f.service_id,f.service_name,f.is_entry_page,f.is_access_checked,f.is_login_required,f.is_system_access,? AS language,(select d.description_text from fnd_descriptions d where d.description_id = f.title_id and d.language = ?) AS title,f.title_id,f.weixin_flag
FROM sys_service f
WHERE f.service_name = ?
ORDER BY service_name
---------------------Binding info---------------------
No.1	Access path:/session/@lang	Data type of passed value :java.lang.String	Value:ZHS	Output:false	Database Type:null	
No.2	Access path:/session/@lang	Data type of passed value :java.lang.String	Value:ZHS	Output:false	Database Type:null	
No.3	Access path:@service_name	Data type of passed value :java.lang.String	Value:modules/fnd/FND3110/fnd_company_hierarchy_assign.screen	Output:false	Database Type:null	

=============== END [query] SQL Statement execution dump ============

2018-09-30 07:03:03.164 [aurora.presentation.buildsession] [CONFIG] building view: <gridButton> -> aurora.presentation.TemplateBasedView@314dc5c8
2018-09-30 07:03:03.165 [aurora.presentation.buildsession] [CONFIG] building view: <gridButton> -> aurora.presentation.TemplateBasedView@314dc5c8
2018-09-30 07:03:03.165 [aurora.presentation.buildsession] [CONFIG] building view: <gridButton> -> aurora.presentation.TemplateBasedView@314dc5c8
2018-09-30 07:03:03.165 [aurora.presentation.buildsession] [CONFIG] building view: <fieldSet> -> aurora.presentation.component.std.FieldSet@3dadd81c
2018-09-30 07:03:03.165 [aurora.presentation.buildsession] [CONFIG] building view: <textField> -> aurora.presentation.TemplateBasedView@314dc5c8
2018-09-30 07:03:03.165 [aurora.presentation.buildsession] [CONFIG] building view: <textField> -> aurora.presentation.TemplateBasedView@314dc5c8
2018-09-30 07:03:03.166 [aurora.presentation.buildsession] [CONFIG] building view: <textField> -> aurora.presentation.TemplateBasedView@314dc5c8
2018-09-30 07:03:03.166 [aurora.presentation.buildsession] [CONFIG] building view: <grid> -> aurora.presentation.TemplateBasedView@314dc5c8
2018-09-30 07:03:03.166 [aurora.presentation.buildsession] [CONFIG] building view: <navBar> -> aurora.presentation.TemplateBasedView@314dc5c8
2018-09-30 07:03:03.168 [aurora.presentation.buildsession] [CONFIG] building view: <button> -> aurora.presentation.TemplateBasedView@314dc5c8
2018-09-30 07:03:03.168 [aurora.presentation.buildsession] [CONFIG] building view: <button> -> aurora.presentation.TemplateBasedView@314dc5c8
2018-09-30 07:03:03.168 [aurora.presentation.buildsession] [CONFIG] building view: <separator> -> aurora.presentation.TemplateBasedView@314dc5c8
2018-09-30 07:03:03.168 [aurora.presentation.buildsession] [CONFIG] building view: <div> -> aurora.presentation.DefaultViewBuilder@59d097e
2018-09-30 07:03:03.168 [aurora.presentation.buildsession] [CONFIG] building view: <numberField> -> aurora.presentation.TemplateBasedView@314dc5c8
2018-09-30 07:03:03.169 [aurora.presentation.buildsession] [CONFIG] building view: <div> -> aurora.presentation.DefaultViewBuilder@59d097e
2018-09-30 07:03:03.169 [aurora.presentation.buildsession] [CONFIG] building view: <separator> -> aurora.presentation.TemplateBasedView@314dc5c8
2018-09-30 07:03:03.169 [aurora.presentation.buildsession] [CONFIG] building view: <button> -> aurora.presentation.TemplateBasedView@314dc5c8
2018-09-30 07:03:03.169 [aurora.presentation.buildsession] [CONFIG] building view: <button> -> aurora.presentation.TemplateBasedView@314dc5c8
2018-09-30 07:03:03.169 [aurora.presentation.buildsession] [CONFIG] building view: <button> -> aurora.presentation.TemplateBasedView@314dc5c8
2018-09-30 07:03:03.169 [aurora.presentation.buildsession] [CONFIG] building view: <separator> -> aurora.presentation.TemplateBasedView@314dc5c8
2018-09-30 07:03:03.169 [aurora.presentation.buildsession] [CONFIG] building view: <div> -> aurora.presentation.DefaultViewBuilder@59d097e
2018-09-30 07:03:03.169 [aurora.presentation.buildsession] [CONFIG] building view: <comboBox> -> aurora.presentation.TemplateBasedView@314dc5c8
2018-09-30 07:03:03.170 [aurora.presentation.buildsession] [CONFIG] building view: <div> -> aurora.presentation.DefaultViewBuilder@59d097e
2018-09-30 07:03:03.170 [aurora.presentation.buildsession] [CONFIG] building view: <separator> -> aurora.presentation.TemplateBasedView@314dc5c8
2018-09-30 07:03:03.170 [aurora.presentation.buildsession] [CONFIG] building view: <div> -> aurora.presentation.DefaultViewBuilder@59d097e
2018-09-30 07:03:03.170 [aurora.presentation.buildsession] [CONFIG] building view: <comboBox> -> aurora.presentation.TemplateBasedView@314dc5c8
2018-09-30 07:03:03.171 [aurora.presentation.buildsession] [CONFIG] building view: <checkBox> -> aurora.presentation.TemplateBasedView@314dc5c8
2018-09-30 07:03:03.171 [aurora.presentation.buildsession] [CONFIG] building view: <script> -> aurora.presentation.DefaultViewBuilder@59d097e
2018-09-30 07:03:03.171 [aurora.presentation.buildsession] [CONFIG] End build session
