2018-10-11 01:15:13.457 [aurora.application.session_check] [CONFIG] Session data copied to context
2018-10-11 01:15:13.457 [aurora.application.session_check] [CONFIG] Access check result for modules/exp/EXP1050/exp_employee_assign.svc => success
2018-10-11 01:15:13.457 [uncertain.proc] [CONFIG] [action] AccessCheck
2018-10-11 01:15:13.462 [uncertain.proc] [CONFIG] [action] CheckServiceLock
2018-10-11 01:15:13.462 [uncertain.proc] [CONFIG] [action] ParseParameter
2018-10-11 01:15:13.462 [uncertain.proc] [CONFIG] [action] ValidateInput
2018-10-11 01:15:13.462 [uncertain.proc] [CONFIG] [action] InvokeService
2018-10-11 01:15:13.463 [aurora.database] [CONFIG] Running batch-apply with data from path /parameter, total 2 records
2018-10-11 01:15:13.463 [aurora.database] [CONFIG] Executing batch-apply on parameter No.0
2018-10-11 01:15:13.476 [uncertain.proc] [CONFIG] [action] DecideStatement
2018-10-11 01:15:13.481 [uncertain.proc] [CONFIG] [action] DecideSqlGenerationMode
2018-10-11 01:15:13.481 [uncertain.proc] [FINE] aurora.database.service.BusinessModelService.onDecideSqlGenerationMode
2018-10-11 01:15:13.481 [uncertain.proc] [CONFIG] [action] CreateUpdateStatement
2018-10-11 01:15:13.481 [uncertain.proc] [FINE] aurora.bm.UpdateSqlCreator.onCreateUpdateStatement
2018-10-11 01:15:13.481 [uncertain.proc] [CONFIG] [action] PopulateUpdateStatement
2018-10-11 01:15:13.481 [uncertain.proc] [FINE] aurora.database.features.WhereClauseCreator.onPopulateUpdateStatement
2018-10-11 01:15:13.481 [uncertain.proc] [CONFIG] [action] CreateUpdateSql
2018-10-11 01:15:13.481 [uncertain.proc] [FINE] aurora.bm.UpdateSqlCreator.onCreateUpdateSql
2018-10-11 01:15:13.481 [uncertain.proc] [CONFIG] [action] CreateSqlRunner
2018-10-11 01:15:13.481 [uncertain.proc] [FINE] aurora.database.service.BusinessModelService.onCreateSqlRunner
2018-10-11 01:15:13.481 [uncertain.proc] [CONFIG] [action] ExecuteDmlStatement
2018-10-11 01:15:13.481 [uncertain.proc] [FINE] aurora.database.service.BusinessModelService.onExecuteDmlStatement
2018-10-11 01:15:13.482 [aurora.database] [CONFIG] 
============= BEGIN [Update] SQL Statement execution dump ============
UPDATE EXP_EMPLOYEE_ASSIGNS t1
SET t1.EMPLOYEE_ID=?,t1.COMPANY_ID=?,t1.POSITION_ID=?,t1.EMPLOYEE_JOB_ID=?,t1.EMPLOYEE_LEVELS_ID=?,t1.PRIMARY_POSITION_FLAG=?,t1.ENABLED_FLAG=?,t1.EDIT_FLAG=?,t1.unit_com_position=?,t1.LAST_UPDATED_BY=?,t1.LAST_UPDATE_DATE=sysdate
WHERE t1.EMPLOYEES_ASSIGN_ID = ?
---------------------Binding info---------------------
No.1	Access path:@employee_id	Data type of passed value :java.lang.Double	Value:289.0	Output:false	Database Type:null	
No.2	Access path:@company_id	Data type of passed value :java.lang.Double	Value:835.0	Output:false	Database Type:null	
No.3	Access path:@position_id	Data type of passed value :java.lang.Double	Value:16.0	Output:false	Database Type:null	
No.4	Access path:@employee_job_id	Data type of passed value :java.lang.Double	Value:11.0	Output:false	Database Type:null	
No.5	Access path:@employee_levels_id	Data type of passed value :java.lang.Double	Value:2.0	Output:false	Database Type:null	
No.6	Access path:@primary_position_flag	Data type of passed value :java.lang.String	Value:Y	Output:false	Database Type:null	
No.7	Access path:@enabled_flag	Data type of passed value :java.lang.String	Value:Y	Output:false	Database Type:null	
No.8	Access path:@edit_flag	Data type of passed value :java.lang.String	Value:N	Output:false	Database Type:null	
No.9	Access path:@unit_com_position	Data type of passed value :java.lang.String	Value:N	Output:false	Database Type:null	
No.10	Access path:/session/@user_id	Data type of passed value :java.lang.Long	Value:1	Output:false	Database Type:null	
No.11	Access path:@employees_assign_id	Data type of passed value :java.lang.Double	Value:1712.0	Output:false	Database Type:null	

=============== END [Update] SQL Statement execution dump ============

2018-10-11 01:15:13.482 [aurora.database] [CONFIG] Executing batch-apply on parameter No.1
2018-10-11 01:15:13.485 [uncertain.proc] [CONFIG] [action] DecideStatement
2018-10-11 01:15:13.485 [uncertain.proc] [CONFIG] [action] DecideSqlGenerationMode
2018-10-11 01:15:13.486 [uncertain.proc] [FINE] aurora.database.service.BusinessModelService.onDecideSqlGenerationMode
2018-10-11 01:15:13.486 [uncertain.proc] [CONFIG] [action] CreateUpdateStatement
2018-10-11 01:15:13.486 [uncertain.proc] [FINE] aurora.bm.UpdateSqlCreator.onCreateUpdateStatement
2018-10-11 01:15:13.486 [uncertain.proc] [CONFIG] [action] PopulateUpdateStatement
2018-10-11 01:15:13.486 [uncertain.proc] [FINE] aurora.database.features.WhereClauseCreator.onPopulateUpdateStatement
2018-10-11 01:15:13.486 [uncertain.proc] [CONFIG] [action] CreateUpdateSql
2018-10-11 01:15:13.486 [uncertain.proc] [FINE] aurora.bm.UpdateSqlCreator.onCreateUpdateSql
2018-10-11 01:15:13.486 [uncertain.proc] [CONFIG] [action] CreateSqlRunner
2018-10-11 01:15:13.486 [uncertain.proc] [FINE] aurora.database.service.BusinessModelService.onCreateSqlRunner
2018-10-11 01:15:13.486 [uncertain.proc] [CONFIG] [action] ExecuteDmlStatement
2018-10-11 01:15:13.486 [uncertain.proc] [FINE] aurora.database.service.BusinessModelService.onExecuteDmlStatement
2018-10-11 01:15:13.486 [aurora.database] [CONFIG] 
============= BEGIN [Update] SQL Statement execution dump ============
UPDATE EXP_EMPLOYEE_ASSIGNS t1
SET t1.EMPLOYEE_ID=?,t1.COMPANY_ID=?,t1.POSITION_ID=?,t1.EMPLOYEE_JOB_ID=?,t1.EMPLOYEE_LEVELS_ID=?,t1.PRIMARY_POSITION_FLAG=?,t1.ENABLED_FLAG=?,t1.EDIT_FLAG=?,t1.unit_com_position=?,t1.LAST_UPDATED_BY=?,t1.LAST_UPDATE_DATE=sysdate
WHERE t1.EMPLOYEES_ASSIGN_ID = ?
---------------------Binding info---------------------
No.1	Access path:@employee_id	Data type of passed value :java.lang.Double	Value:289.0	Output:false	Database Type:null	
No.2	Access path:@company_id	Data type of passed value :java.lang.Double	Value:2240.0	Output:false	Database Type:null	
No.3	Access path:@position_id	Data type of passed value :java.lang.Double	Value:416.0	Output:false	Database Type:null	
No.4	Access path:@employee_job_id	Data type of passed value :java.lang.Double	Value:19.0	Output:false	Database Type:null	
No.5	Access path:@employee_levels_id	Data type of passed value :java.lang.Double	Value:3.0	Output:false	Database Type:null	
No.6	Access path:@primary_position_flag	Data type of passed value :java.lang.String	Value:Y	Output:false	Database Type:null	
No.7	Access path:@enabled_flag	Data type of passed value :java.lang.String	Value:Y	Output:false	Database Type:null	
No.8	Access path:@edit_flag	Data type of passed value :java.lang.String	Value:N	Output:false	Database Type:null	
No.9	Access path:@unit_com_position	Data type of passed value :java.lang.String	Value:N	Output:false	Database Type:null	
No.10	Access path:/session/@user_id	Data type of passed value :java.lang.Long	Value:1	Output:false	Database Type:null	
No.11	Access path:@employees_assign_id	Data type of passed value :java.lang.Double	Value:1714.0	Output:false	Database Type:null	

=============== END [Update] SQL Statement execution dump ============

2018-10-11 01:15:13.486 [aurora.database] [CONFIG] Running batch-apply with data from path /parameter, total 2 records
2018-10-11 01:15:13.487 [aurora.database] [CONFIG] Executing batch-apply on parameter No.0
2018-10-11 01:15:13.488 [uncertain.proc] [CONFIG] [action] DecideStatement
2018-10-11 01:15:13.489 [uncertain.proc] [CONFIG] [action] DecideSqlGenerationMode
2018-10-11 01:15:13.489 [uncertain.proc] [FINE] aurora.database.service.BusinessModelService.onDecideSqlGenerationMode
2018-10-11 01:15:13.489 [uncertain.proc] [CONFIG] [action] CreateOperationSql
2018-10-11 01:15:13.489 [uncertain.proc] [CONFIG] [action] PopulateOperationSql
2018-10-11 01:15:13.489 [uncertain.proc] [FINE] aurora.database.features.OrderByClauseCreator.onPopulateOperationSql
2018-10-11 01:15:13.489 [uncertain.proc] [FINE] aurora.database.features.WhereClauseCreator.onPopulateOperationSql
2018-10-11 01:15:13.489 [uncertain.proc] [CONFIG] [action] CreateSqlRunner
2018-10-11 01:15:13.489 [uncertain.proc] [FINE] aurora.database.service.BusinessModelService.onCreateSqlRunner
2018-10-11 01:15:13.489 [uncertain.proc] [CONFIG] [action] ExecuteDmlStatement
2018-10-11 01:15:13.489 [uncertain.proc] [FINE] aurora.database.service.BusinessModelService.onExecuteDmlStatement
2018-10-11 01:15:13.491 [aurora.database] [CONFIG] 
============= BEGIN [execute] SQL Statement execution dump ============

                begin
                    exp_employees_pkg.primary_position_flag_check(?,
                                                                ?
                    );                                              
                end;              
            
---------------------Binding info---------------------
No.1	Access path:@employee_id	Data type of passed value :java.lang.Double	Value:289.0	Output:false	Database Type:null	
No.2	Access path:/session/@user_id	Data type of passed value :java.lang.Long	Value:1	Output:false	Database Type:null	

=============== END [execute] SQL Statement execution dump ============

2018-10-11 01:15:13.491 [aurora.database] [CONFIG] Executing batch-apply on parameter No.1
2018-10-11 01:15:13.493 [uncertain.proc] [CONFIG] [action] DecideStatement
2018-10-11 01:15:13.494 [uncertain.proc] [CONFIG] [action] DecideSqlGenerationMode
2018-10-11 01:15:13.494 [uncertain.proc] [FINE] aurora.database.service.BusinessModelService.onDecideSqlGenerationMode
2018-10-11 01:15:13.494 [uncertain.proc] [CONFIG] [action] CreateOperationSql
2018-10-11 01:15:13.494 [uncertain.proc] [CONFIG] [action] PopulateOperationSql
2018-10-11 01:15:13.494 [uncertain.proc] [FINE] aurora.database.features.OrderByClauseCreator.onPopulateOperationSql
2018-10-11 01:15:13.494 [uncertain.proc] [FINE] aurora.database.features.WhereClauseCreator.onPopulateOperationSql
2018-10-11 01:15:13.494 [uncertain.proc] [CONFIG] [action] CreateSqlRunner
2018-10-11 01:15:13.494 [uncertain.proc] [FINE] aurora.database.service.BusinessModelService.onCreateSqlRunner
2018-10-11 01:15:13.494 [uncertain.proc] [CONFIG] [action] ExecuteDmlStatement
2018-10-11 01:15:13.494 [uncertain.proc] [FINE] aurora.database.service.BusinessModelService.onExecuteDmlStatement
2018-10-11 01:15:13.495 [aurora.database] [CONFIG] 
============= BEGIN [execute] SQL Statement execution dump ============

                begin
                    exp_employees_pkg.primary_position_flag_check(?,
                                                                ?
                    );                                              
                end;              
            
---------------------Binding info---------------------
No.1	Access path:@employee_id	Data type of passed value :java.lang.Double	Value:289.0	Output:false	Database Type:null	
No.2	Access path:/session/@user_id	Data type of passed value :java.lang.Long	Value:1	Output:false	Database Type:null	

=============== END [execute] SQL Statement execution dump ============

2018-10-11 01:15:13.495 [uncertain.proc] [CONFIG] [action] CreateSuccessResponse
