2018-10-15 01:41:24.845 [aurora.application.session_check] [CONFIG] Session data copied to context
2018-10-15 01:41:24.866 [aurora.application.session_check] [CONFIG] Access check result for modules/exp/EXP1050/exp_bank_assign.screen => success
2018-10-15 01:41:24.866 [uncertain.proc] [CONFIG] [action] AccessCheck
2018-10-15 01:41:24.904 [uncertain.proc] [CONFIG] [action] InitService
2018-10-15 01:41:24.904 [uncertain.proc] [CONFIG] [action] ParseParameter
2018-10-15 01:41:24.904 [uncertain.proc] [CONFIG] [action] CreateModel
2018-10-15 01:41:24.904 [aurora.database] [CONFIG] ===================================== prepare to run model-query exp.exp_employees==============================
2018-10-15 01:41:24.911 [uncertain.proc] [CONFIG] [action] DecideSqlGenerationMode
2018-10-15 01:41:24.911 [uncertain.proc] [FINE] aurora.database.service.BusinessModelService.onDecideSqlGenerationMode
2018-10-15 01:41:24.911 [uncertain.proc] [CONFIG] [action] CreatequeryStatement
2018-10-15 01:41:24.911 [uncertain.proc] [FINE] aurora.bm.QuerySqlCreator.onCreateQueryStatement
2018-10-15 01:41:24.912 [uncertain.proc] [CONFIG] [action] PopulatequeryStatement
2018-10-15 01:41:24.912 [uncertain.proc] [FINE] aurora.database.features.OrderByClauseCreator.onPopulateQueryStatement
2018-10-15 01:41:24.912 [uncertain.proc] [FINE] aurora.database.features.WhereClauseCreator.onPopulateQueryStatement
2018-10-15 01:41:24.912 [uncertain.proc] [CONFIG] [action] CreatequerySql
2018-10-15 01:41:24.912 [uncertain.proc] [FINE] aurora.bm.QuerySqlCreator.onCreateQuerySql
2018-10-15 01:41:24.912 [uncertain.proc] [CONFIG] [action] ExecuteQuery
2018-10-15 01:41:24.912 [uncertain.proc] [FINE] aurora.bm.QuerySqlCreator.onExecuteQuery
2018-10-15 01:41:24.913 [uncertain.proc] [CONFIG] [action] QueryFinish
2018-10-15 01:41:24.913 [uncertain.proc] [FINE] aurora.database.features.AutoQueryCounter.onQueryFinish
2018-10-15 01:41:24.913 [uncertain.proc] [CONFIG] [action] FetchResultSet
2018-10-15 01:41:24.913 [uncertain.proc] [FINE] aurora.database.features.CacheBasedLookUpField.postFetchResultSet
2018-10-15 01:41:24.914 [aurora.database] [CONFIG] 
============= BEGIN [query] SQL Statement execution dump ============
SELECT t1.EMPLOYEE_ID,t1.EMPLOYEE_CODE,t1.NAME,t1.EMAIL,t1.MOBIL,t1.PHONE,t1.BANK_OF_DEPOSIT,t1.BANK_ACCOUNT,t1.ENABLED_FLAG,t1.EMPLOYEE_TYPE_ID,t1.ID_TYPE,t1.ID_CODE,t1.NOTES,t1.NATIONAL_IDENTIFIER,(employee_code||' - '||name) AS namecode,t1.CITY_NAME,t1.APPROVE_CODE,t1.APPROVE_NAME,t1.EDIT_FLAG,t1.sex,r1.DESCRIPTION
FROM EXP_EMPLOYEES t1
	INNER JOIN EXP_EMPLOYEE_TYPES_VL r1 ON t1.EMPLOYEE_TYPE_ID = r1.EMPLOYEE_TYPE_ID
WHERE EMPLOYEE_ID = ?
---------------------Binding info---------------------
No.1	Access path:@employee_id	Data type of passed value :java.lang.Long	Value:2271	Output:false	Database Type:null	

=============== END [query] SQL Statement execution dump ============

2018-10-15 01:41:24.914 [uncertain.proc] [CONFIG] [action] CreateView
2018-10-15 01:41:24.914 [uncertain.proc] [CONFIG] [action] BuildOutputContent
2018-10-15 01:41:24.914 [aurora.presentation.buildsession] [CONFIG] Start build session
2018-10-15 01:41:24.914 [aurora.presentation.buildsession] [CONFIG] building view: <html-page> -> aurora.presentation.component.HtmlPage@3470f72b
2018-10-15 01:41:24.915 [aurora.presentation.buildsession] [CONFIG] building view: <script> -> aurora.presentation.DefaultViewBuilder@35f5c5a3
2018-10-15 01:41:24.915 [aurora.presentation.buildsession] [CONFIG] building view: <dataSets> -> aurora.application.features.DataSetInit@74f617a1
2018-10-15 01:41:24.915 [aurora.presentation.buildsession] [CONFIG] building view: <dataSet> -> aurora.presentation.TemplateBasedView@3dda489e
2018-10-15 01:41:24.915 [aurora.presentation.buildsession] [CONFIG] building view: <dataSet> -> aurora.presentation.TemplateBasedView@3dda489e
2018-10-15 01:41:24.915 [aurora.presentation.buildsession] [CONFIG] building view: <dataSet> -> aurora.presentation.TemplateBasedView@3dda489e
2018-10-15 01:41:25.145 [aurora.presentation.buildsession] [CONFIG] building view: <screenBody> -> aurora.presentation.component.std.ScreenBody@f30f718
2018-10-15 01:41:25.145 [aurora.presentation.buildsession] [CONFIG] building view: <screenTopToolbar> -> aurora.presentation.component.std.ScreenTopToolbar@9897c06
2018-10-15 01:41:25.145 [aurora.presentation.buildsession] [CONFIG] building view: <screenTitle> -> aurora.presentation.component.std.ScreenTitle@3af31bb3
2018-10-15 01:41:25.150 [uncertain.proc] [CONFIG] [action] DecideSqlGenerationMode
2018-10-15 01:41:25.150 [uncertain.proc] [FINE] aurora.database.service.BusinessModelService.onDecideSqlGenerationMode
2018-10-15 01:41:25.150 [uncertain.proc] [CONFIG] [action] CreatequeryStatement
2018-10-15 01:41:25.150 [uncertain.proc] [FINE] aurora.bm.QuerySqlCreator.onCreateQueryStatement
2018-10-15 01:41:25.150 [uncertain.proc] [CONFIG] [action] PopulatequeryStatement
2018-10-15 01:41:25.150 [uncertain.proc] [FINE] aurora.database.features.OrderByClauseCreator.onPopulateQueryStatement
2018-10-15 01:41:25.150 [uncertain.proc] [FINE] aurora.database.features.WhereClauseCreator.onPopulateQueryStatement
2018-10-15 01:41:25.150 [uncertain.proc] [CONFIG] [action] CreatequerySql
2018-10-15 01:41:25.150 [uncertain.proc] [FINE] aurora.bm.QuerySqlCreator.onCreateQuerySql
2018-10-15 01:41:25.150 [uncertain.proc] [CONFIG] [action] ExecuteQuery
2018-10-15 01:41:25.150 [uncertain.proc] [FINE] aurora.bm.QuerySqlCreator.onExecuteQuery
2018-10-15 01:41:25.152 [uncertain.proc] [CONFIG] [action] QueryFinish
2018-10-15 01:41:25.152 [uncertain.proc] [FINE] aurora.database.features.AutoQueryCounter.onQueryFinish
2018-10-15 01:41:25.152 [uncertain.proc] [CONFIG] [action] FetchResultSet
2018-10-15 01:41:25.152 [uncertain.proc] [FINE] aurora.database.features.CacheBasedLookUpField.postFetchResultSet
2018-10-15 01:41:25.152 [aurora.database] [CONFIG] 
============= BEGIN [query] SQL Statement execution dump ============
SELECT f.service_id,f.service_name,f.is_entry_page,f.is_access_checked,f.is_login_required,f.is_system_access,? AS language,(select d.description_text from fnd_descriptions d where d.description_id = f.title_id and d.language = ?) AS title,f.title_id,f.weixin_flag
FROM sys_service f
WHERE f.service_name = ?
ORDER BY service_name
---------------------Binding info---------------------
No.1	Access path:/session/@lang	Data type of passed value :java.lang.String	Value:ZHS	Output:false	Database Type:null	
No.2	Access path:/session/@lang	Data type of passed value :java.lang.String	Value:ZHS	Output:false	Database Type:null	
No.3	Access path:@service_name	Data type of passed value :java.lang.String	Value:modules/exp/EXP1050/exp_bank_assign.screen	Output:false	Database Type:null	

=============== END [query] SQL Statement execution dump ============

2018-10-15 01:41:25.152 [aurora.presentation.buildsession] [CONFIG] building view: <gridButton> -> aurora.presentation.TemplateBasedView@3dda489e
2018-10-15 01:41:25.152 [aurora.presentation.buildsession] [CONFIG] building view: <gridButton> -> aurora.presentation.TemplateBasedView@3dda489e
2018-10-15 01:41:25.152 [aurora.presentation.buildsession] [CONFIG] building view: <gridButton> -> aurora.presentation.TemplateBasedView@3dda489e
2018-10-15 01:41:25.153 [aurora.presentation.buildsession] [CONFIG] building view: <gridButton> -> aurora.presentation.TemplateBasedView@3dda489e
2018-10-15 01:41:25.153 [aurora.presentation.buildsession] [CONFIG] building view: <fieldSet> -> aurora.presentation.component.std.FieldSet@1808783
2018-10-15 01:41:25.153 [aurora.presentation.buildsession] [CONFIG] building view: <textField> -> aurora.presentation.TemplateBasedView@3dda489e
2018-10-15 01:41:25.153 [aurora.presentation.buildsession] [CONFIG] building view: <textField> -> aurora.presentation.TemplateBasedView@3dda489e
2018-10-15 01:41:25.153 [aurora.presentation.buildsession] [CONFIG] building view: <grid> -> aurora.presentation.TemplateBasedView@3dda489e
2018-10-15 01:41:25.153 [aurora.presentation.buildsession] [CONFIG] building view: <navBar> -> aurora.presentation.TemplateBasedView@3dda489e
2018-10-15 01:41:25.155 [aurora.presentation.buildsession] [CONFIG] building view: <button> -> aurora.presentation.TemplateBasedView@3dda489e
2018-10-15 01:41:25.156 [aurora.presentation.buildsession] [CONFIG] building view: <button> -> aurora.presentation.TemplateBasedView@3dda489e
2018-10-15 01:41:25.156 [aurora.presentation.buildsession] [CONFIG] building view: <separator> -> aurora.presentation.TemplateBasedView@3dda489e
2018-10-15 01:41:25.156 [aurora.presentation.buildsession] [CONFIG] building view: <div> -> aurora.presentation.DefaultViewBuilder@35f5c5a3
2018-10-15 01:41:25.156 [aurora.presentation.buildsession] [CONFIG] building view: <numberField> -> aurora.presentation.TemplateBasedView@3dda489e
2018-10-15 01:41:25.156 [aurora.presentation.buildsession] [CONFIG] building view: <div> -> aurora.presentation.DefaultViewBuilder@35f5c5a3
2018-10-15 01:41:25.156 [aurora.presentation.buildsession] [CONFIG] building view: <separator> -> aurora.presentation.TemplateBasedView@3dda489e
2018-10-15 01:41:25.156 [aurora.presentation.buildsession] [CONFIG] building view: <button> -> aurora.presentation.TemplateBasedView@3dda489e
2018-10-15 01:41:25.157 [aurora.presentation.buildsession] [CONFIG] building view: <button> -> aurora.presentation.TemplateBasedView@3dda489e
2018-10-15 01:41:25.157 [aurora.presentation.buildsession] [CONFIG] building view: <button> -> aurora.presentation.TemplateBasedView@3dda489e
2018-10-15 01:41:25.157 [aurora.presentation.buildsession] [CONFIG] building view: <separator> -> aurora.presentation.TemplateBasedView@3dda489e
2018-10-15 01:41:25.157 [aurora.presentation.buildsession] [CONFIG] building view: <div> -> aurora.presentation.DefaultViewBuilder@35f5c5a3
2018-10-15 01:41:25.157 [aurora.presentation.buildsession] [CONFIG] building view: <comboBox> -> aurora.presentation.TemplateBasedView@3dda489e
2018-10-15 01:41:25.157 [aurora.presentation.buildsession] [CONFIG] building view: <div> -> aurora.presentation.DefaultViewBuilder@35f5c5a3
2018-10-15 01:41:25.157 [aurora.presentation.buildsession] [CONFIG] building view: <separator> -> aurora.presentation.TemplateBasedView@3dda489e
2018-10-15 01:41:25.157 [aurora.presentation.buildsession] [CONFIG] building view: <div> -> aurora.presentation.DefaultViewBuilder@35f5c5a3
2018-10-15 01:41:25.158 [aurora.presentation.buildsession] [CONFIG] building view: <lov> -> aurora.presentation.TemplateBasedView@3dda489e
2018-10-15 01:41:25.159 [aurora.presentation.buildsession] [CONFIG] building view: <textField> -> aurora.presentation.TemplateBasedView@3dda489e
2018-10-15 01:41:25.159 [aurora.presentation.buildsession] [CONFIG] building view: <checkBox> -> aurora.presentation.TemplateBasedView@3dda489e
2018-10-15 01:41:25.159 [aurora.presentation.buildsession] [CONFIG] building view: <textField> -> aurora.presentation.TemplateBasedView@3dda489e
2018-10-15 01:41:25.159 [aurora.presentation.buildsession] [CONFIG] building view: <comboBox> -> aurora.presentation.TemplateBasedView@3dda489e
2018-10-15 01:41:25.159 [aurora.presentation.buildsession] [CONFIG] building view: <textField> -> aurora.presentation.TemplateBasedView@3dda489e
2018-10-15 01:41:25.160 [aurora.presentation.buildsession] [CONFIG] building view: <script> -> aurora.presentation.DefaultViewBuilder@35f5c5a3
2018-10-15 01:41:25.160 [aurora.presentation.buildsession] [CONFIG] End build session
