2018-10-18 08:00:13.542 [aurora.application.session_check] [CONFIG] Session data copied to context
2018-10-18 08:00:13.542 [aurora.application.session_check] [CONFIG] Access check result for modules/wfl/WFL2030/wfl_business_rules_define_details.svc => success
2018-10-18 08:00:13.542 [uncertain.proc] [CONFIG] [action] AccessCheck
2018-10-18 08:00:13.545 [uncertain.proc] [CONFIG] [action] CheckServiceLock
2018-10-18 08:00:13.545 [uncertain.proc] [CONFIG] [action] ParseParameter
2018-10-18 08:00:13.545 [uncertain.proc] [CONFIG] [action] ValidateInput
2018-10-18 08:00:13.545 [uncertain.proc] [CONFIG] [action] InvokeService
2018-10-18 08:00:13.550 [uncertain.proc] [CONFIG] [action] DecideStatement
2018-10-18 08:00:13.551 [uncertain.proc] [CONFIG] [action] DecideSqlGenerationMode
2018-10-18 08:00:13.551 [uncertain.proc] [FINE] aurora.database.service.BusinessModelService.onDecideSqlGenerationMode
2018-10-18 08:00:13.551 [uncertain.proc] [CONFIG] [action] CreateOperationSql
2018-10-18 08:00:13.551 [uncertain.proc] [CONFIG] [action] PopulateOperationSql
2018-10-18 08:00:13.551 [uncertain.proc] [FINE] aurora.database.features.OrderByClauseCreator.onPopulateOperationSql
2018-10-18 08:00:13.551 [uncertain.proc] [FINE] aurora.database.features.WhereClauseCreator.onPopulateOperationSql
2018-10-18 08:00:13.551 [uncertain.proc] [CONFIG] [action] CreateSqlRunner
2018-10-18 08:00:13.551 [uncertain.proc] [FINE] aurora.database.service.BusinessModelService.onCreateSqlRunner
2018-10-18 08:00:13.551 [uncertain.proc] [CONFIG] [action] ExecuteDmlStatement
2018-10-18 08:00:13.551 [uncertain.proc] [FINE] aurora.database.service.BusinessModelService.onExecuteDmlStatement
2018-10-18 08:00:13.552 [aurora.database] [CONFIG] 
============= BEGIN [execute] SQL Statement execution dump ============
   
         begin
         wfl_business_rule_pkg.delete_biz_rule_detail_tmp(
                                       p_session_id  => 	?
        );
        end;
---------------------Binding info---------------------
No.1	Access path:/session/@session_id	Data type of passed value :java.lang.Long	Value:55504	Output:false	Database Type:null	

=============== END [execute] SQL Statement execution dump ============

2018-10-18 08:00:13.552 [aurora.database] [CONFIG] Running batch-apply with data from path /parameter, total 3 records
2018-10-18 08:00:13.552 [aurora.database] [CONFIG] Executing batch-apply on parameter No.0
2018-10-18 08:00:13.555 [uncertain.proc] [CONFIG] [action] DecideStatement
2018-10-18 08:00:13.557 [uncertain.proc] [CONFIG] [action] DecideSqlGenerationMode
2018-10-18 08:00:13.557 [uncertain.proc] [FINE] aurora.database.service.BusinessModelService.onDecideSqlGenerationMode
2018-10-18 08:00:13.557 [uncertain.proc] [CONFIG] [action] CreateOperationSql
2018-10-18 08:00:13.557 [uncertain.proc] [CONFIG] [action] PopulateOperationSql
2018-10-18 08:00:13.557 [uncertain.proc] [FINE] aurora.database.features.OrderByClauseCreator.onPopulateOperationSql
2018-10-18 08:00:13.557 [uncertain.proc] [FINE] aurora.database.features.WhereClauseCreator.onPopulateOperationSql
2018-10-18 08:00:13.557 [uncertain.proc] [CONFIG] [action] CreateSqlRunner
2018-10-18 08:00:13.557 [uncertain.proc] [FINE] aurora.database.service.BusinessModelService.onCreateSqlRunner
2018-10-18 08:00:13.557 [uncertain.proc] [CONFIG] [action] ExecuteDmlStatement
2018-10-18 08:00:13.557 [uncertain.proc] [FINE] aurora.database.service.BusinessModelService.onExecuteDmlStatement
2018-10-18 08:00:13.558 [aurora.database] [CONFIG] 
============= BEGIN [Update] SQL Statement execution dump ============
   
         begin
         wfl_business_rule_pkg.insert_biz_rule_detail_tmp(
                                       p_session_id  => 	?,
                                       p_business_rule_id  => ?,
                                       p_rule_parameter_id => ?,
                                       p_and_or            => ?,
                                       p_invalid_date      => to_date(?,'yyyy-mm-dd'),
                                       p_sql_param_1       => ?,
                                       p_sql_param_2       => ?,
                                       p_sql_param_3       => ?,
                                       p_sql_param_4       => ?,
                                       p_left_parenthesis  => ?,
                                       p_right_parenthesis => ?,
                                       p_condition_type    => ?,
                                       p_condition_value   => ?,
                                       p_line_number       => ?,
                                       p_user_id           => ?
        );
        end;
---------------------Binding info---------------------
No.1	Access path:/session/@session_id	Data type of passed value :java.lang.Long	Value:55504	Output:false	Database Type:null	
No.2	Access path:@business_rule_id	Data type of passed value :java.lang.Integer	Value:1408	Output:false	Database Type:null	
No.3	Access path:@rule_parameter_id	Data type of passed value :java.lang.Integer	Value:14	Output:false	Database Type:null	
No.4	Access path:@and_or	Data type of passed value :java.lang.String	Value:AND	Output:false	Database Type:null	
No.5	Access path:@invalid_date	Data type of passed value :[null]	Value:null	Output:false	Database Type:null	
No.6	Access path:@sql_param_1	Data type of passed value :[null]	Value:null	Output:false	Database Type:null	
No.7	Access path:@sql_param_2	Data type of passed value :[null]	Value:null	Output:false	Database Type:null	
No.8	Access path:@sql_param_3	Data type of passed value :[null]	Value:null	Output:false	Database Type:null	
No.9	Access path:@sql_param_4	Data type of passed value :[null]	Value:null	Output:false	Database Type:null	
No.10	Access path:@left_parenthesis_dis	Data type of passed value :[null]	Value:null	Output:false	Database Type:null	
No.11	Access path:@right_parenthesis_dis	Data type of passed value :[null]	Value:null	Output:false	Database Type:null	
No.12	Access path:@condition_type	Data type of passed value :java.lang.String	Value:GT	Output:false	Database Type:null	
No.13	Access path:@condition_value	Data type of passed value :java.lang.String	Value:200000	Output:false	Database Type:null	
No.14	Access path:@line_number	Data type of passed value :java.lang.Integer	Value:10	Output:false	Database Type:null	
No.15	Access path:/session/@user_id	Data type of passed value :java.lang.Long	Value:1	Output:false	Database Type:null	

=============== END [Update] SQL Statement execution dump ============

2018-10-18 08:00:13.558 [aurora.database] [CONFIG] Executing batch-apply on parameter No.1
2018-10-18 08:00:13.561 [uncertain.proc] [CONFIG] [action] DecideStatement
2018-10-18 08:00:13.562 [uncertain.proc] [CONFIG] [action] DecideSqlGenerationMode
2018-10-18 08:00:13.562 [uncertain.proc] [FINE] aurora.database.service.BusinessModelService.onDecideSqlGenerationMode
2018-10-18 08:00:13.562 [uncertain.proc] [CONFIG] [action] CreateOperationSql
2018-10-18 08:00:13.562 [uncertain.proc] [CONFIG] [action] PopulateOperationSql
2018-10-18 08:00:13.562 [uncertain.proc] [FINE] aurora.database.features.OrderByClauseCreator.onPopulateOperationSql
2018-10-18 08:00:13.562 [uncertain.proc] [FINE] aurora.database.features.WhereClauseCreator.onPopulateOperationSql
2018-10-18 08:00:13.562 [uncertain.proc] [CONFIG] [action] CreateSqlRunner
2018-10-18 08:00:13.562 [uncertain.proc] [FINE] aurora.database.service.BusinessModelService.onCreateSqlRunner
2018-10-18 08:00:13.562 [uncertain.proc] [CONFIG] [action] ExecuteDmlStatement
2018-10-18 08:00:13.562 [uncertain.proc] [FINE] aurora.database.service.BusinessModelService.onExecuteDmlStatement
2018-10-18 08:00:13.563 [aurora.database] [CONFIG] 
============= BEGIN [Update] SQL Statement execution dump ============
   
         begin
         wfl_business_rule_pkg.insert_biz_rule_detail_tmp(
                                       p_session_id  => 	?,
                                       p_business_rule_id  => ?,
                                       p_rule_parameter_id => ?,
                                       p_and_or            => ?,
                                       p_invalid_date      => to_date(?,'yyyy-mm-dd'),
                                       p_sql_param_1       => ?,
                                       p_sql_param_2       => ?,
                                       p_sql_param_3       => ?,
                                       p_sql_param_4       => ?,
                                       p_left_parenthesis  => ?,
                                       p_right_parenthesis => ?,
                                       p_condition_type    => ?,
                                       p_condition_value   => ?,
                                       p_line_number       => ?,
                                       p_user_id           => ?
        );
        end;
---------------------Binding info---------------------
No.1	Access path:/session/@session_id	Data type of passed value :java.lang.Long	Value:55504	Output:false	Database Type:null	
No.2	Access path:@business_rule_id	Data type of passed value :java.lang.Integer	Value:1408	Output:false	Database Type:null	
No.3	Access path:@rule_parameter_id	Data type of passed value :java.lang.Integer	Value:233	Output:false	Database Type:null	
No.4	Access path:@and_or	Data type of passed value :java.lang.String	Value:AND	Output:false	Database Type:null	
No.5	Access path:@invalid_date	Data type of passed value :[null]	Value:null	Output:false	Database Type:null	
No.6	Access path:@sql_param_1	Data type of passed value :[null]	Value:null	Output:false	Database Type:null	
No.7	Access path:@sql_param_2	Data type of passed value :[null]	Value:null	Output:false	Database Type:null	
No.8	Access path:@sql_param_3	Data type of passed value :[null]	Value:null	Output:false	Database Type:null	
No.9	Access path:@sql_param_4	Data type of passed value :[null]	Value:null	Output:false	Database Type:null	
No.10	Access path:@left_parenthesis_dis	Data type of passed value :[null]	Value:null	Output:false	Database Type:null	
No.11	Access path:@right_parenthesis_dis	Data type of passed value :[null]	Value:null	Output:false	Database Type:null	
No.12	Access path:@condition_type	Data type of passed value :java.lang.String	Value:NEQ	Output:false	Database Type:null	
No.13	Access path:@condition_value	Data type of passed value :java.lang.String	Value:B60	Output:false	Database Type:null	
No.14	Access path:@line_number	Data type of passed value :java.lang.Integer	Value:30	Output:false	Database Type:null	
No.15	Access path:/session/@user_id	Data type of passed value :java.lang.Long	Value:1	Output:false	Database Type:null	

=============== END [Update] SQL Statement execution dump ============

2018-10-18 08:00:13.563 [aurora.database] [CONFIG] Executing batch-apply on parameter No.2
2018-10-18 08:00:13.566 [uncertain.proc] [CONFIG] [action] DecideStatement
2018-10-18 08:00:13.568 [uncertain.proc] [CONFIG] [action] DecideSqlGenerationMode
2018-10-18 08:00:13.568 [uncertain.proc] [FINE] aurora.database.service.BusinessModelService.onDecideSqlGenerationMode
2018-10-18 08:00:13.568 [uncertain.proc] [CONFIG] [action] CreateOperationSql
2018-10-18 08:00:13.568 [uncertain.proc] [CONFIG] [action] PopulateOperationSql
2018-10-18 08:00:13.568 [uncertain.proc] [FINE] aurora.database.features.OrderByClauseCreator.onPopulateOperationSql
2018-10-18 08:00:13.568 [uncertain.proc] [FINE] aurora.database.features.WhereClauseCreator.onPopulateOperationSql
2018-10-18 08:00:13.568 [uncertain.proc] [CONFIG] [action] CreateSqlRunner
2018-10-18 08:00:13.568 [uncertain.proc] [FINE] aurora.database.service.BusinessModelService.onCreateSqlRunner
2018-10-18 08:00:13.568 [uncertain.proc] [CONFIG] [action] ExecuteDmlStatement
2018-10-18 08:00:13.568 [uncertain.proc] [FINE] aurora.database.service.BusinessModelService.onExecuteDmlStatement
2018-10-18 08:00:13.569 [aurora.database] [CONFIG] 
============= BEGIN [Update] SQL Statement execution dump ============
   
         begin
         wfl_business_rule_pkg.insert_biz_rule_detail_tmp(
                                       p_session_id  => 	?,
                                       p_business_rule_id  => ?,
                                       p_rule_parameter_id => ?,
                                       p_and_or            => ?,
                                       p_invalid_date      => to_date(?,'yyyy-mm-dd'),
                                       p_sql_param_1       => ?,
                                       p_sql_param_2       => ?,
                                       p_sql_param_3       => ?,
                                       p_sql_param_4       => ?,
                                       p_left_parenthesis  => ?,
                                       p_right_parenthesis => ?,
                                       p_condition_type    => ?,
                                       p_condition_value   => ?,
                                       p_line_number       => ?,
                                       p_user_id           => ?
        );
        end;
---------------------Binding info---------------------
No.1	Access path:/session/@session_id	Data type of passed value :java.lang.Long	Value:55504	Output:false	Database Type:null	
No.2	Access path:@business_rule_id	Data type of passed value :java.lang.String	Value:1408.0	Output:false	Database Type:null	
No.3	Access path:@rule_parameter_id	Data type of passed value :java.lang.Integer	Value:237	Output:false	Database Type:null	
No.4	Access path:@and_or	Data type of passed value :java.lang.String	Value:AND	Output:false	Database Type:null	
No.5	Access path:@invalid_date	Data type of passed value :[null]	Value:null	Output:false	Database Type:null	
No.6	Access path:@sql_param_1	Data type of passed value :[null]	Value:null	Output:false	Database Type:null	
No.7	Access path:@sql_param_2	Data type of passed value :[null]	Value:null	Output:false	Database Type:null	
No.8	Access path:@sql_param_3	Data type of passed value :[null]	Value:null	Output:false	Database Type:null	
No.9	Access path:@sql_param_4	Data type of passed value :[null]	Value:null	Output:false	Database Type:null	
No.10	Access path:@left_parenthesis_dis	Data type of passed value :[null]	Value:null	Output:false	Database Type:null	
No.11	Access path:@right_parenthesis_dis	Data type of passed value :[null]	Value:null	Output:false	Database Type:null	
No.12	Access path:@condition_type	Data type of passed value :java.lang.String	Value:EQ	Output:false	Database Type:null	
No.13	Access path:@condition_value	Data type of passed value :java.lang.String	Value:Y	Output:false	Database Type:null	
No.14	Access path:@line_number	Data type of passed value :java.lang.Integer	Value:20	Output:false	Database Type:null	
No.15	Access path:/session/@user_id	Data type of passed value :java.lang.Long	Value:1	Output:false	Database Type:null	

=============== END [Update] SQL Statement execution dump ============

2018-10-18 08:00:13.570 [uncertain.proc] [CONFIG] [action] DecideStatement
2018-10-18 08:00:13.571 [uncertain.proc] [CONFIG] [action] DecideSqlGenerationMode
2018-10-18 08:00:13.571 [uncertain.proc] [FINE] aurora.database.service.BusinessModelService.onDecideSqlGenerationMode
2018-10-18 08:00:13.571 [uncertain.proc] [CONFIG] [action] CreateOperationSql
2018-10-18 08:00:13.571 [uncertain.proc] [CONFIG] [action] PopulateOperationSql
2018-10-18 08:00:13.571 [uncertain.proc] [FINE] aurora.database.features.OrderByClauseCreator.onPopulateOperationSql
2018-10-18 08:00:13.571 [uncertain.proc] [FINE] aurora.database.features.WhereClauseCreator.onPopulateOperationSql
2018-10-18 08:00:13.571 [uncertain.proc] [CONFIG] [action] CreateSqlRunner
2018-10-18 08:00:13.571 [uncertain.proc] [FINE] aurora.database.service.BusinessModelService.onCreateSqlRunner
2018-10-18 08:00:13.571 [uncertain.proc] [CONFIG] [action] ExecuteDmlStatement
2018-10-18 08:00:13.571 [uncertain.proc] [FINE] aurora.database.service.BusinessModelService.onExecuteDmlStatement
2018-10-18 08:00:13.577 [aurora.database] [CONFIG] 
============= BEGIN [execute] SQL Statement execution dump ============

                BEGIN
                    wfl_business_rule_pkg.check_sql_statement_tmp(p_session_id => ?,
                                                                  p_user_id => ?);
                END;
            
---------------------Binding info---------------------
No.1	Access path:/session/@session_id	Data type of passed value :java.lang.Long	Value:55504	Output:false	Database Type:null	
No.2	Access path:/session/@user_id	Data type of passed value :java.lang.Long	Value:1	Output:false	Database Type:null	

=============== END [execute] SQL Statement execution dump ============

2018-10-18 08:00:13.577 [uncertain.proc] [CONFIG] [action] CreateSuccessResponse
