2018-10-15 03:34:38.785 [aurora.application.session_check] [CONFIG] Session data copied to context
2018-10-15 03:34:38.785 [aurora.application.session_check] [CONFIG] Access check result for modules/acp/public/acp_acp_req_create.screen => success
2018-10-15 03:34:38.785 [uncertain.proc] [CONFIG] [action] AccessCheck
2018-10-15 03:34:38.789 [uncertain.proc] [CONFIG] [action] InitService
2018-10-15 03:34:38.789 [uncertain.proc] [CONFIG] [action] ParseParameter
2018-10-15 03:34:38.789 [uncertain.proc] [CONFIG] [action] CreateModel
2018-10-15 03:34:38.789 [aurora.database] [CONFIG] ===================================== prepare to run model-query expm.exp_report_head_show==============================
2018-10-15 03:34:38.795 [uncertain.proc] [CONFIG] [action] DecideSqlGenerationMode
2018-10-15 03:34:38.795 [uncertain.proc] [FINE] aurora.database.service.BusinessModelService.onDecideSqlGenerationMode
2018-10-15 03:34:38.795 [uncertain.proc] [CONFIG] [action] CreateOperationSql
2018-10-15 03:34:38.795 [uncertain.proc] [CONFIG] [action] PopulateOperationSql
2018-10-15 03:34:38.795 [uncertain.proc] [FINE] aurora.database.features.OrderByClauseCreator.onPopulateOperationSql
2018-10-15 03:34:38.795 [uncertain.proc] [FINE] aurora.database.features.WhereClauseCreator.onPopulateOperationSql
2018-10-15 03:34:38.795 [uncertain.proc] [CONFIG] [action] ExecuteQuery
2018-10-15 03:34:38.795 [uncertain.proc] [FINE] aurora.bm.QuerySqlCreator.onExecuteQuery
2018-10-15 03:34:38.801 [uncertain.proc] [CONFIG] [action] QueryFinish
2018-10-15 03:34:38.801 [uncertain.proc] [FINE] aurora.database.features.AutoQueryCounter.onQueryFinish
2018-10-15 03:34:38.801 [uncertain.proc] [CONFIG] [action] FetchResultSet
2018-10-15 03:34:38.801 [uncertain.proc] [FINE] aurora.database.features.CacheBasedLookUpField.postFetchResultSet
2018-10-15 03:34:38.801 [aurora.database] [CONFIG] 
============= BEGIN [query] SQL Statement execution dump ============

                SELECT
                    NULL exp_report_header_id,
                    (SELECT 0 FROM dual
                    ) sum_amount,
                    (SELECT
                        tv.description
                    FROM
                        exp_expense_report_types_vl tv
                    WHERE
                        tv.expense_report_type_id = ?
                    ) exp_report_type_name,
                    (SELECT
                        tv.report_name
                    FROM
                        exp_expense_report_types_vl tv
                    WHERE
                        tv.expense_report_type_id = ?
                    ) report_name,
                    (SELECT
                        sr.param_name
                    FROM
                        exp_expense_report_types_vl tv,
                        sys_reports sr
                    WHERE
                        tv.expense_report_type_id = ? AND
                        tv.report_name            = sr.report_name AND
                        rownum                    = 1
                    ) report_param_name,
                    ''
                    ||? exp_report_type_id,
                    TO_CHAR(sysdate,'yyyy-mm-dd') exp_report_data,
                    (SELECT
                        ee.employee_code
                        || ' - '
                        || name
                    FROM
                        exp_employees ee
                    WHERE
                        ee.employee_id=?
                    ) exp_report_employee_name,
                    (SELECT
                        eop.description
                    FROM
                        exp_org_position_vl eop ,
                        exp_employee_assigns eea
                    WHERE
                        eop.position_id          =eea.position_id AND
                        eea.employee_id          =? AND
                        eea.primary_position_flag='Y' AND
                        eea.company_id           =?
                    ) exp_report_position,
                    (SELECT
                        eop.position_id
                    FROM
                        exp_org_position_vl eop ,
                        exp_employee_assigns eea
                    WHERE
                        eop.position_id          =eea.position_id AND
                        eea.employee_id          =? AND
                        eea.primary_position_flag='Y' AND
                        eea.company_id           =?
                    ) exp_report_position_id,
                    ? exp_report_currency_code,
                    (SELECT
                        GV.CURRENCY_NAME
                    FROM
                        GLD_CURRENCY_VL GV
                    WHERE
                        GV.CURRENCY_CODE= ?
                    ) exp_report_currency_name,
                    (SELECT
                        CODE_VALUE_NAME
                    FROM
                        SYS_CODES_VL SC,
                        SYS_CODE_VALUES_V SV
                    WHERE
                        SC.code      ='PAYMENT_OBJECT' AND
                        sc.code_id   =sv.code_id AND
                        SV.code_value=
                        (SELECT
                            tv.payment_object
                        FROM
                            exp_expense_report_types_vl tv
                        WHERE
                            tv.expense_report_type_id = ?
                        )
                    ) exp_report_payee_category_name,
                    (SELECT
                        CODE_VALUE
                    FROM
                        SYS_CODES_VL SC,
                        SYS_CODE_VALUES_V SV
                    WHERE
                        SC.code      ='PAYMENT_OBJECT' AND
                        sc.code_id   =sv.code_id AND
                        SV.code_value=
                        (SELECT
                            tv.payment_object
                        FROM
                            exp_expense_report_types_vl tv
                        WHERE
                            tv.expense_report_type_id = ?
                        )
                    ) exp_report_payee_category,
                    (SELECT
                        GB.FUNCTIONAL_CURRENCY_CODE
                    FROM
                        FND_COMPANIES FC,
                        GLD_SET_OF_BOOKS GB
                    WHERE
                        FC.COMPANY_ID     =? AND
                        FC.SET_OF_BOOKS_ID=GB.SET_OF_BOOKS_ID
                    )FUNCTIONAL_CURRENCY_CODE,
                    ''
                    ||? employee_id,
                    ''
                    ||? company_id,
                    (SELECT
                        company_short_name
                    FROM
                        fnd_companies_vl fv
                    WHERE
                        fv.company_id=?
                    ) company_name,
                    (SELECT
                        ee.name
                    FROM
                        exp_employees ee
                    WHERE
                        ee.employee_id=?
                    ) employee_name,
                    (SELECT
                        ep.POSITION_ID
                    FROM
                        exp_employee_assigns sa,
                        exp_org_unit_vl eu,
                        exp_org_position_vl ep
                    WHERE
                        sa.employee_id          =? AND
                        sa.company_id           =? AND
                        sa.primary_position_flag='Y' AND
                        eu.UNIT_ID              =ep.UNIT_ID AND
                        sa.position_id          =ep.POSITION_ID
                    ) position_id,
                    (SELECT
                        ep.description
                    FROM
                        exp_employee_assigns sa,
                        exp_org_unit_vl eu,
                        exp_org_position_vl ep
                    WHERE
                        sa.employee_id          =? AND
                        sa.company_id           =? AND
                        sa.primary_position_flag='Y' AND
                        eu.UNIT_ID              =ep.UNIT_ID AND
                        sa.position_id          =ep.POSITION_ID
                    ) position_name,
                    (SELECT
                        eu.unit_id
                    FROM
                        exp_employee_assigns sa,
                        exp_org_unit_vl eu,
                        exp_org_position_vl ep
                    WHERE
                        sa.employee_id          =? AND
                        sa.company_id           =? AND
                        sa.primary_position_flag='Y' AND
                        eu.UNIT_ID              =ep.UNIT_ID AND
                        sa.position_id          =ep.POSITION_ID
                    ) unit_id,
                    (SELECT
                        eu.description
                    FROM
                        exp_employee_assigns sa,
                        exp_org_unit_vl eu,
                        exp_org_position_vl ep
                    WHERE
                        sa.employee_id          =? AND
                        sa.company_id           =? AND
                        sa.primary_position_flag='Y' AND
                        eu.UNIT_ID              =ep.UNIT_ID AND
                        sa.position_id          =ep.POSITION_ID
                    ) unit_name,
                    (SELECT
                        er.responsibility_center_id
                    FROM
                        exp_employee_assigns sa,
                        exp_org_unit_vl eu,
                        exp_org_position_vl ep,
                        fnd_responsibility_centers_vl er
                    WHERE
                        sa.employee_id             =? AND
                        sa.company_id              =? AND
                        sa.primary_position_flag   ='Y' AND
                        eu.UNIT_ID                 =ep.UNIT_ID AND
                        sa.position_id             =ep.POSITION_ID AND
                        er.responsibility_center_id=eu.responsibility_center_id AND
                        (
                            (
                                TRUNC(er.start_date_active) <= sysdate AND
                                er.end_date_active          >= TRUNC(sysdate)
                            )
                            OR
                            (
                                TRUNC(er.start_date_active) <= sysdate AND
                                er.end_date_active          IS NULL
                            )
                        )
                    ) responsibility_center_id,
                    (SELECT
                        er.responsibility_center_name
                    FROM
                        exp_employee_assigns sa,
                        exp_org_unit_vl eu,
                        exp_org_position_vl ep,
                        fnd_responsibility_centers_vl er
                    WHERE
                        sa.employee_id             =? AND
                        sa.company_id              =? AND
                        sa.primary_position_flag   ='Y' AND
                        eu.UNIT_ID                 =ep.UNIT_ID AND
                        sa.position_id             =ep.POSITION_ID AND
                        er.responsibility_center_id=eu.responsibility_center_id AND
                        (
                            (
                                TRUNC(er.start_date_active) <= sysdate AND
                                er.end_date_active          >= TRUNC(sysdate)
                            )
                            OR
                            (
                                TRUNC(er.start_date_active) <= sysdate AND
                                er.end_date_active          IS NULL
                            )
                        )
                    ) responsibility_center_name,
                    (SELECT
                        tv.payment_flag
                    FROM
                        exp_expense_report_types_vl tv
                    WHERE
                        tv.expense_report_type_id = ?
                    ) payment_flag,
                    (SELECT
                        tv.req_required_flag
                    FROM
                        exp_expense_report_types_vl tv
                    WHERE
                        tv.expense_report_type_id = ?
                    ) req_required_flag,
                    (SELECT
                        u.usedes_code
                    FROM
                        csh_payment_usedes u,
                        exp_rep_ref_payment_usedes e
                    WHERE
                        u.usedes_id              = e.usedes_id AND
                        e.expense_report_type_id = ? AND
                        e.primary_flag           ='Y'
                    ) usedes,
                    (SELECT
                        u.description
                    FROM
                        csh_payment_usedes_vl u,
                        exp_rep_ref_payment_usedes e
                    WHERE
                        u.usedes_id              = e.usedes_id AND
                        e.expense_report_type_id = ? AND
                        e.primary_flag           ='Y'
                    ) usedes_name,
                    (SELECT
                        tv.adjustment_flag
                    FROM
                        exp_expense_report_types_vl tv
                    WHERE
                        tv.expense_report_type_id = ?
                    ) adjustment_flag,
                    (SELECT
                        ees.name
                    FROM
                        exp_employees ees ,
                        sys_user su
                    WHERE
                        ees.employee_id=su.employee_id AND
                        su.user_id     =?
                    ) exp_report_create_by,
                    (SELECT TO_CHAR(sysdate,'yyyy-mm-dd') FROM dual
                    ) sys_date,
                    'GENERATE' report_status,
                    (SELECT
                        sv.code_value_name
                    FROM
                        sys_code_values_vl sv,
                        sys_codes sc
                    WHERE
                        sv.code_id   =sc.code_id AND
                        sc.code      ='EXP_EXPENSE_REPORT_STATUS' AND
                        sv.code_value='GENERATE'
                    ) exp_report_status,
                    (SELECT
                        DECODE(
                        (SELECT
                            NVL(v.BUDGET_CONTROL_ENABLED,'N') FROM exp_expense_report_types_vl v WHERE v.expense_report_type_id=?
                        ),'N',
                        (SELECT
                            bgt_common_pkg.get_bgt_period_name(?,sysdate)
                        FROM
                            dual
                        ),
                        (SELECT
                            bgt_common_pkg.get_budget_period_name(?,sysdate)
                        FROM
                            dual
                        ))
                    FROM
                        dual
                    ) period_name,
                    '' exp_report_number,
                    (SELECT
                        tv2.payment_method
                    FROM
                        exp_expense_report_types_vl tv2
                    WHERE
                        tv2.expense_report_type_id = ?
                    ) AS payment_method_id,
                    (SELECT
                        tv3.payment_method_desc
                    FROM
                        exp_expense_report_types_vl tv3
                    WHERE
                        tv3.expense_report_type_id = ?
                    ) AS exp_report_payment_method,
                    NULL exp_report_description,
                    NULL exp_report_attach_id,
                    NULL exp_report_payee_id,
                    NULL exp_report_payee_name ,
                    (SELECT
                        NVL(v.BUDGET_CONTROL_ENABLED,'N')
                    FROM
                        exp_expense_report_types_vl v
                    WHERE
                        v.expense_report_type_id=?
                    ) BUDGET_CONTROL_ENABLED,
                    NULL exp_report_rate_type,
                    NULL exp_report_rate_quotation,
                    NULL exp_report_rate,
                    NULL exp_report_rate_type_name,
                    NULL exp_report_rate_quotation_name ,
                    0 line_number,
                    'Y' vat_special_invoice_include,
                    'N' consistent_invoice_amount,
                    (
                        CASE
                            WHEN
                                (SELECT
                                        fcl.company_level_code
                                    FROM
                                        fnd_company_levels fcl
                                    WHERE
                                        fcl.company_level_id =
                                        (SELECT
                                            fc.company_level_id
                                        FROM
                                            fnd_companies_vl fc
                                        WHERE
                                            fc.company_id =?
                                        )
                                )
                                = '30'
                            THEN
                                (SELECT
                                    fc.parent_company_id
                                FROM
                                    fnd_companies_vl fc
                                WHERE
                                    fc.company_id = ?
                                )
                            ELSE to_number(?)
                        END) pay_company_id,
                    (
                        CASE
                            WHEN
                                (SELECT
                                        fcl.company_level_code
                                    FROM
                                        fnd_company_levels fcl
                                    WHERE
                                        fcl.company_level_id =
                                        (SELECT
                                            fc.company_level_id
                                        FROM
                                            fnd_companies_vl fc
                                        WHERE
                                            fc.company_id = ?
                                        )
                                )
                                = '30'
                            THEN
                                (SELECT
                                    fc.company_full_name
                                FROM
                                    fnd_companies_vl fc
                                WHERE
                                    fc.company_id =
                                    (SELECT
                                        fc.parent_company_id
                                    FROM
                                        fnd_companies_vl fc
                                    WHERE
                                        fc.company_id = ?
                                    )
                                )
                            ELSE
                                (SELECT
                                    fc.company_full_name
                                FROM
                                    fnd_companies_vl fc
                                WHERE
                                    fc.company_id = ?
                                )
                        END) pay_company_name,
                    (SELECT
                        MAX(f.attachment_id)
                    FROM
                        fnd_atm_attachment_multi f
                    WHERE
                        f.table_name     = 'EXP_REPORT' AND
                        f.table_pk_value = -999
                    ) attachment_id
                FROM
                    dual
                WHERE
                    ''
                    ||? IS NULL
                UNION ALL
                SELECT
                    h.exp_report_header_id,
                    (SELECT
                        SUM(t.report_amount)
                    FROM
                        exp_report_lines t
                    WHERE
                        t.exp_report_header_id = ?
                    ) sum_amount,
                    (SELECT
                        tv.description
                    FROM
                        exp_expense_report_types_vl tv
                    WHERE
                        tv.expense_report_type_id = h.exp_report_type_id
                    ) exp_report_type_name,
                    (SELECT
                        tv.report_name
                    FROM
                        exp_expense_report_types_vl tv
                    WHERE
                        tv.expense_report_type_id = h.exp_report_type_id
                    ) report_name,
                    (SELECT
                        sr.param_name
                    FROM
                        exp_expense_report_types_vl tv,
                        sys_reports sr
                    WHERE
                        tv.expense_report_type_id = h.exp_report_type_id AND
                        tv.report_name            = sr.report_name AND
                        rownum                    = 1
                    ) report_param_name,
                    TO_CHAR(h.exp_report_type_id) exp_report_type_id,
                    TO_CHAR(h.report_date,'yyyy-mm-dd') exp_report_data,
                    (SELECT
                        ee.employee_code
                        || ' - '
                        ||name
                    FROM
                        exp_employees ee
                    WHERE
                        ee.employee_id=h.employee_id
                    ) exp_report_employee_name,
                    (SELECT
                        eop.description
                    FROM
                        exp_org_position_vl eop
                    WHERE
                        eop.position_id=h.position_id
                    ) exp_report_position,
                    h.position_id exp_report_position_id,
                    h.currency_code exp_report_currency_code,
                    (SELECT
                        GV.CURRENCY_NAME
                    FROM
                        GLD_CURRENCY_VL GV
                    WHERE
                        GV.CURRENCY_CODE= h.currency_code
                    ) exp_report_currency_name,
                    (SELECT
                        CODE_VALUE_NAME
                    FROM
                        SYS_CODES_VL SC,
                        SYS_CODE_VALUES_V SV
                    WHERE
                        SC.code      ='PAYMENT_OBJECT' AND
                        sc.code_id   =sv.code_id AND
                        SV.code_value=h.payee_category
                    ) exp_report_payee_category_name,
                    h.payee_category exp_report_payee_category,
                    (SELECT
                        GB.FUNCTIONAL_CURRENCY_CODE
                    FROM
                        FND_COMPANIES FC,
                        GLD_SET_OF_BOOKS GB
                    WHERE
                        FC.COMPANY_ID     =h.company_id AND
                        FC.SET_OF_BOOKS_ID=GB.SET_OF_BOOKS_ID
                    )FUNCTIONAL_CURRENCY_CODE,
                    TO_CHAR(h.employee_id) employee_id,
                    TO_CHAR(h.company_id) company_id,
                    (SELECT
                        company_short_name
                    FROM
                        fnd_companies_vl fv
                    WHERE
                        fv.company_id=h.company_id
                    ) company_name,
                    (SELECT
                        (employee_code
                        ||' - '
                        ||name) employee_name
                    FROM
                        exp_employees ee
                    WHERE
                        ee.employee_id= h.employee_id
                    ) employee_name,
                    h.position_id position_id,
                    (SELECT
                        ep.description
                    FROM
                        exp_org_position_vl ep
                    WHERE
                        ep.POSITION_ID=h.position_id
                    ) position_name,
                    h.unit_id,
                    (SELECT eu.description FROM exp_org_unit_vl eu WHERE eu.unit_id=h.unit_id
                    ) unit_name,
                    (SELECT
                        er.responsibility_center_id
                    FROM
                        exp_employee_assigns sa,
                        exp_org_unit_vl eu,
                        exp_org_position_vl ep,
                        fnd_responsibility_centers_vl er
                    WHERE
                        sa.employee_id             =h.employee_id AND
                        sa.company_id              =h.company_id AND
                        sa.primary_position_flag   ='Y' AND
                        eu.UNIT_ID                 =ep.UNIT_ID AND
                        sa.position_id             =ep.POSITION_ID AND
                        er.responsibility_center_id=eu.responsibility_center_id
                    ) responsibility_center_id,
                    (SELECT
                        er.responsibility_center_name
                    FROM
                        exp_employee_assigns sa,
                        exp_org_unit_vl eu,
                        exp_org_position_vl ep,
                        fnd_responsibility_centers_vl er
                    WHERE
                        sa.employee_id             =h.employee_id AND
                        sa.company_id              =h.company_id AND
                        sa.primary_position_flag   ='Y' AND
                        eu.UNIT_ID                 =ep.UNIT_ID AND
                        sa.position_id             =ep.POSITION_ID AND
                        er.responsibility_center_id=eu.responsibility_center_id
                    ) responsibility_center_name,
                    (SELECT
                        tv.payment_flag
                    FROM
                        exp_expense_report_types_vl tv
                    WHERE
                        tv.expense_report_type_id =h.exp_report_type_id
                    ) payment_flag,
                    (SELECT
                        tv.req_required_flag
                    FROM
                        exp_expense_report_types_vl tv
                    WHERE
                        tv.expense_report_type_id =h.exp_report_type_id
                    ) req_required_flag,
                    (SELECT
                        u.usedes_code
                    FROM
                        csh_payment_usedes u,
                        exp_rep_ref_payment_usedes e
                    WHERE
                        u.usedes_id              = e.usedes_id AND
                        e.expense_report_type_id = h.exp_report_type_id AND
                        e.primary_flag           ='Y'
                    ) usedes,
                    (SELECT
                        u.description
                    FROM
                        csh_payment_usedes_vl u,
                        exp_rep_ref_payment_usedes e
                    WHERE
                        u.usedes_id              = e.usedes_id AND
                        e.expense_report_type_id = h.exp_report_type_id AND
                        e.primary_flag           ='Y'
                    ) usedes_name,
                    (SELECT
                        tv.adjustment_flag
                    FROM
                        exp_expense_report_types_vl tv
                    WHERE
                        tv.expense_report_type_id =h.exp_report_type_id
                    ) adjustment_flag,
                    (SELECT
                        ees.name
                    FROM
                        exp_employees ees ,
                        sys_user su
                    WHERE
                        ees.employee_id=su.employee_id AND
                        su.user_id     =h.created_by
                    ) exp_report_create_by,
                    (SELECT TO_CHAR(sysdate,'yyyy-mm-dd') FROM dual
                    ) sys_date,
                    h.report_status,
                    (SELECT
                        sv.code_value_name
                    FROM
                        sys_code_values_vl sv,
                        sys_codes sc
                    WHERE
                        sv.code_id   =sc.code_id AND
                        sc.code      ='EXP_EXPENSE_REPORT_STATUS' AND
                        sv.code_value=h.report_status
                    ) exp_report_status,
                    h.period_name,
                    h.exp_report_number,
                    h.payment_method_id,
                    (SELECT
                        description
                    FROM
                        csh_payment_methods_vl vv
                    WHERE
                        vv.payment_method_id=h.payment_method_id
                    ) exp_report_payment_method,
                    description exp_report_description,
                    attachment_num exp_report_attach_id,
                    payee_id exp_report_payee_id,
                    DECODE (PAYEE_CATEGORY,'EMPLOYEE' ,
                    (SELECT
                        ee.employee_code
                        || ' - '
                        ||name
                    FROM
                        exp_employees ee
                    WHERE
                        ee.employee_id=h.payee_id
                    ), 'CUSTOMER',
                    (SELECT
                        vc.customer_code
                        || ' - '
                        ||vc.DESCRIPTION
                    FROM
                        ord_system_customers_vl vc
                    WHERE
                        vc.CUSTOMER_ID=h.payee_id
                    ),
                    (SELECT
                        vv.vender_code
                        || ' - '
                        ||vv.DESCRIPTION
                    FROM
                        pur_system_venders_vl vv
                    WHERE
                        vv.VENDER_ID=h.payee_id
                    )) exp_report_payee_name,
                    (SELECT
                        v.BUDGET_CONTROL_ENABLED
                    FROM
                        exp_expense_report_types_vl v
                    WHERE
                        v.expense_report_type_id=h.exp_report_type_id
                    ) BUDGET_CONTROL_ENABLED,
                    h.exchange_rate_type exp_report_rate_type,
                    h.exchange_rate_quotation exp_report_rate_quotation,
                    h.exchange_rate exp_report_rate,
                    (SELECT
                        type_name
                    FROM
                        gld_exchangerate_types_vl g
                    WHERE
                        g.type_code = h.exchange_rate_type
                    ) exp_report_rate_type_name,
                    (SELECT
                        v.code_value_name
                    FROM
                        sys_codes c,
                        sys_code_values_vl v
                    WHERE
                        c.code       = 'EXCHANGE_RATE_QUOTATION' AND
                        c.code_id    = v.code_id AND
                        v.code_value = h.exchange_rate_quotation
                    ) exp_report_rate_quotation_name,
                    (SELECT
                        MAX(ln.line_number)
                    FROM
                        exp_report_lines ln
                    WHERE
                        ln.exp_report_header_id = h.exp_report_header_id
                    ) line_number,
                    h.vat_special_invoice_include,
                    h.consistent_invoice_amount,
                    h.pay_company_id,
                    (SELECT
                        fc.company_full_name
                    FROM
                        fnd_companies_vl fc
                    WHERE
                        fc.company_id = h.pay_company_id
                    ) pay_company_name,
                    (SELECT
                        MAX(f.attachment_id)
                    FROM
                        fnd_atm_attachment_multi f
                    WHERE
                        f.table_name     = 'EXP_REPORT' AND
                        f.table_pk_value = -999
                    ) attachment_id
                FROM
                    exp_report_headers h,
                    (SELECT
                        t2.employee_id
                    FROM
                        exp_document_authorities a,
                        exp_employee_assigns t,
                        exp_employee_assigns t2,
                        exp_org_position p,
                        exp_org_unit u,
                        sys_user su
                    WHERE
                        su.user_id      = ? AND
                        a.document_type = '02' AND
                        (
                            a.granted_position_id IS NULL OR
                            a.granted_position_id  = t.position_id AND
                            t.enabled_flag         = 'Y' AND
                            t.company_id           = a.company_id AND
                            t.employee_id          = su.employee_id
                        )
                        AND
                        NVL(a.granted_employee_id, su.employee_id ) = su.employee_id AND
                        t2.enabled_flag                             = 'Y' AND
                        p.enabled_flag                              = 'Y' AND
                        u.enabled_flag                              = 'Y' AND
                        p.position_id                               = t2.position_id AND
                        u.unit_id                                   = p.unit_id AND
                        a.start_date                               <= sysdate AND
                        (
                            a.end_date     IS NULL OR
                            a.end_date + 1 >= sysdate
                        )
                        AND
                        a.query_authority = 'Y' AND
                        t2.company_id     = a.company_id AND
                        (
                            a.org_unit_id IS NULL OR
                            a.org_unit_id  = u.unit_id
                        )
                        AND
                        (
                            a.position_id IS NULL OR
                            a.position_id  = p.position_id
                        )
                        AND
                        (
                            a.employee_id IS NULL OR
                            a.employee_id  = t2.employee_id
                        )
                    GROUP BY
                        t2.employee_id
                    UNION
                    SELECT
                        su2.employee_id
                    FROM
                        sys_user su2
                    WHERE
                        su2.user_id = ?
                    ) x
                WHERE
                    h.exp_report_header_id=NVL(?,?) AND
                    h.employee_id         = x.employee_id
            
---------------------Binding info---------------------
No.1	Access path:/parameter/@expense_report_type_id	Data type of passed value :[null]	Value:null	Output:false	Database Type:null	
No.2	Access path:/parameter/@expense_report_type_id	Data type of passed value :[null]	Value:null	Output:false	Database Type:null	
No.3	Access path:/parameter/@expense_report_type_id	Data type of passed value :[null]	Value:null	Output:false	Database Type:null	
No.4	Access path:/parameter/@expense_report_type_id	Data type of passed value :[null]	Value:null	Output:false	Database Type:null	
No.5	Access path:/parameter/@employee_id	Data type of passed value :java.lang.String	Value:910	Output:false	Database Type:null	
No.6	Access path:/parameter/@employee_id	Data type of passed value :java.lang.String	Value:910	Output:false	Database Type:null	
No.7	Access path:/session/@company_id	Data type of passed value :java.lang.String	Value:2240	Output:false	Database Type:null	
No.8	Access path:/parameter/@employee_id	Data type of passed value :java.lang.String	Value:910	Output:false	Database Type:null	
No.9	Access path:/session/@company_id	Data type of passed value :java.lang.String	Value:2240	Output:false	Database Type:null	
No.10	Access path:/parameter/@currency_code	Data type of passed value :java.lang.String	Value:CNY	Output:false	Database Type:null	
No.11	Access path:/parameter/@currency_code	Data type of passed value :java.lang.String	Value:CNY	Output:false	Database Type:null	
No.12	Access path:/parameter/@expense_report_type_id	Data type of passed value :[null]	Value:null	Output:false	Database Type:null	
No.13	Access path:/parameter/@expense_report_type_id	Data type of passed value :[null]	Value:null	Output:false	Database Type:null	
No.14	Access path:/session/@company_id	Data type of passed value :java.lang.String	Value:2240	Output:false	Database Type:null	
No.15	Access path:/parameter/@employee_id	Data type of passed value :java.lang.String	Value:910	Output:false	Database Type:null	
No.16	Access path:/session/@company_id	Data type of passed value :java.lang.String	Value:2240	Output:false	Database Type:null	
No.17	Access path:/session/@company_id	Data type of passed value :java.lang.String	Value:2240	Output:false	Database Type:null	
No.18	Access path:/parameter/@employee_id	Data type of passed value :java.lang.String	Value:910	Output:false	Database Type:null	
No.19	Access path:/parameter/@employee_id	Data type of passed value :java.lang.String	Value:910	Output:false	Database Type:null	
No.20	Access path:/session/@company_id	Data type of passed value :java.lang.String	Value:2240	Output:false	Database Type:null	
No.21	Access path:/parameter/@employee_id	Data type of passed value :java.lang.String	Value:910	Output:false	Database Type:null	
No.22	Access path:/session/@company_id	Data type of passed value :java.lang.String	Value:2240	Output:false	Database Type:null	
No.23	Access path:/parameter/@employee_id	Data type of passed value :java.lang.String	Value:910	Output:false	Database Type:null	
No.24	Access path:/session/@company_id	Data type of passed value :java.lang.String	Value:2240	Output:false	Database Type:null	
No.25	Access path:/parameter/@employee_id	Data type of passed value :java.lang.String	Value:910	Output:false	Database Type:null	
No.26	Access path:/session/@company_id	Data type of passed value :java.lang.String	Value:2240	Output:false	Database Type:null	
No.27	Access path:/parameter/@employee_id	Data type of passed value :java.lang.String	Value:910	Output:false	Database Type:null	
No.28	Access path:/session/@company_id	Data type of passed value :java.lang.String	Value:2240	Output:false	Database Type:null	
No.29	Access path:/parameter/@employee_id	Data type of passed value :java.lang.String	Value:910	Output:false	Database Type:null	
No.30	Access path:/session/@company_id	Data type of passed value :java.lang.String	Value:2240	Output:false	Database Type:null	
No.31	Access path:/parameter/@expense_report_type_id	Data type of passed value :[null]	Value:null	Output:false	Database Type:null	
No.32	Access path:/parameter/@expense_report_type_id	Data type of passed value :[null]	Value:null	Output:false	Database Type:null	
No.33	Access path:/parameter/@expense_report_type_id	Data type of passed value :[null]	Value:null	Output:false	Database Type:null	
No.34	Access path:/parameter/@expense_report_type_id	Data type of passed value :[null]	Value:null	Output:false	Database Type:null	
No.35	Access path:/parameter/@expense_report_type_id	Data type of passed value :[null]	Value:null	Output:false	Database Type:null	
No.36	Access path:/session/@user_id	Data type of passed value :java.lang.Long	Value:891	Output:false	Database Type:null	
No.37	Access path:/parameter/@expense_report_type_id	Data type of passed value :[null]	Value:null	Output:false	Database Type:null	
No.38	Access path:/session/@company_id	Data type of passed value :java.lang.String	Value:2240	Output:false	Database Type:null	
No.39	Access path:/session/@company_id	Data type of passed value :java.lang.String	Value:2240	Output:false	Database Type:null	
No.40	Access path:/parameter/@expense_report_type_id	Data type of passed value :[null]	Value:null	Output:false	Database Type:null	
No.41	Access path:/parameter/@expense_report_type_id	Data type of passed value :[null]	Value:null	Output:false	Database Type:null	
No.42	Access path:/parameter/@expense_report_type_id	Data type of passed value :[null]	Value:null	Output:false	Database Type:null	
No.43	Access path:/session/@company_id	Data type of passed value :java.lang.String	Value:2240	Output:false	Database Type:null	
No.44	Access path:/session/@company_id	Data type of passed value :java.lang.String	Value:2240	Output:false	Database Type:null	
No.45	Access path:/session/@company_id	Data type of passed value :java.lang.String	Value:2240	Output:false	Database Type:null	
No.46	Access path:/session/@company_id	Data type of passed value :java.lang.String	Value:2240	Output:false	Database Type:null	
No.47	Access path:/session/@company_id	Data type of passed value :java.lang.String	Value:2240	Output:false	Database Type:null	
No.48	Access path:/session/@company_id	Data type of passed value :java.lang.String	Value:2240	Output:false	Database Type:null	
No.49	Access path:/parameter/@exp_report_header_id	Data type of passed value :java.lang.String	Value:1832	Output:false	Database Type:null	
No.50	Access path:/parameter/@exp_report_header_id	Data type of passed value :java.lang.String	Value:1832	Output:false	Database Type:null	
No.51	Access path:/session/@user_id	Data type of passed value :java.lang.Long	Value:891	Output:false	Database Type:null	
No.52	Access path:/session/@user_id	Data type of passed value :java.lang.Long	Value:891	Output:false	Database Type:null	
No.53	Access path:@exp_report_header_id	Data type of passed value :java.lang.String	Value:1832	Output:false	Database Type:null	
No.54	Access path:/parameter/@exp_report_header_id	Data type of passed value :java.lang.String	Value:1832	Output:false	Database Type:null	

=============== END [query] SQL Statement execution dump ============

2018-10-15 03:34:38.802 [aurora.database] [CONFIG] ===================================== prepare to run model-query expm.exp_report_employeelist==============================
2018-10-15 03:34:38.805 [uncertain.proc] [CONFIG] [action] DecideSqlGenerationMode
2018-10-15 03:34:38.805 [uncertain.proc] [FINE] aurora.database.service.BusinessModelService.onDecideSqlGenerationMode
2018-10-15 03:34:38.805 [uncertain.proc] [CONFIG] [action] CreateOperationSql
2018-10-15 03:34:38.805 [uncertain.proc] [CONFIG] [action] PopulateOperationSql
2018-10-15 03:34:38.805 [uncertain.proc] [FINE] aurora.database.features.OrderByClauseCreator.onPopulateOperationSql
2018-10-15 03:34:38.805 [uncertain.proc] [FINE] aurora.database.features.WhereClauseCreator.onPopulateOperationSql
2018-10-15 03:34:38.805 [uncertain.proc] [CONFIG] [action] ExecuteQuery
2018-10-15 03:34:38.805 [uncertain.proc] [FINE] aurora.bm.QuerySqlCreator.onExecuteQuery
2018-10-15 03:34:38.808 [uncertain.proc] [CONFIG] [action] QueryFinish
2018-10-15 03:34:38.808 [uncertain.proc] [FINE] aurora.database.features.AutoQueryCounter.onQueryFinish
2018-10-15 03:34:38.808 [uncertain.proc] [CONFIG] [action] FetchResultSet
2018-10-15 03:34:38.808 [uncertain.proc] [FINE] aurora.database.features.CacheBasedLookUpField.postFetchResultSet
2018-10-15 03:34:38.808 [aurora.database] [CONFIG] 
============= BEGIN [query] SQL Statement execution dump ============

                SELECT
                    *
                FROM
                    ( SELECT DISTINCT
                        v.employee_id ,
                        emp.employee_code
                        ||' - '
                        ||emp.name EMPLOYEENAME,
                        emp.employee_code code,
                        emp.name name
                    FROM
                        exp_employee_assigns v ,
                        exp_employees emp,
                        (SELECT
                            t2.employee_id
                        FROM
                            exp_document_authorities a,
                            exp_employee_assigns t,
                            exp_employee_assigns t2,
                            exp_org_position p,
                            exp_org_unit u,
                            sys_user su
                        WHERE
                            su.user_id      = ? AND
                            a.document_type = '02' AND
                            (
                                a.granted_position_id IS NULL OR
                                a.granted_position_id  = t.position_id AND
                                t.enabled_flag         = 'Y' AND
                                t.company_id           = a.company_id AND
                                t.employee_id          = su.employee_id
                            )
                            AND
                            NVL(a.granted_employee_id, su.employee_id ) = su.employee_id AND
                            t2.enabled_flag                             = 'Y' AND
                            p.enabled_flag                              = 'Y' AND
                            u.enabled_flag                              = 'Y' AND
                            p.position_id                               = t2.position_id AND
                            u.unit_id                                   = p.unit_id AND
                            a.start_date                               <= sysdate AND
                            (
                                a.end_date     IS NULL OR
                                a.end_date + 1 >= sysdate
                            )
                            AND
                            (
                                a.query_authority       = 'Y' OR
                                a.maintenance_authority = 'Y'
                            )
                            AND
                            t2.company_id = a.company_id AND
                            (
                                a.org_unit_id IS NULL OR
                                a.org_unit_id  = u.unit_id
                            )
                            AND
                            (
                                a.position_id IS NULL OR
                                a.position_id  = p.position_id
                            )
                            AND
                            (
                                a.employee_id IS NULL OR
                                a.employee_id  = t2.employee_id
                            )
                        GROUP BY
                            t2.employee_id
                        UNION
                        SELECT
                            su2.employee_id
                        FROM
                            sys_user su2
                        WHERE
                            su2.user_id = ?
                        ) x
                    WHERE
                        v.employee_id  = emp.employee_id AND
                        v.enabled_flag = 'Y' AND
                        v.company_id   = ? AND
                        v.employee_id  = x.employee_id
                    )  WHERE employee_id=?
            
---------------------Binding info---------------------
No.1	Access path:/session/@user_id	Data type of passed value :java.lang.Long	Value:891	Output:false	Database Type:null	
No.2	Access path:/session/@user_id	Data type of passed value :java.lang.Long	Value:891	Output:false	Database Type:null	
No.3	Access path:/session/@company_id	Data type of passed value :java.lang.String	Value:2240	Output:false	Database Type:null	
No.4	Access path:/parameter/@employee_id	Data type of passed value :java.lang.String	Value:910	Output:false	Database Type:null	

=============== END [query] SQL Statement execution dump ============

2018-10-15 03:34:38.808 [aurora.database] [CONFIG] ===================================== prepare to run model-query csh.csh_payment_methods==============================
2018-10-15 03:34:38.812 [uncertain.proc] [CONFIG] [action] DecideSqlGenerationMode
2018-10-15 03:34:38.812 [uncertain.proc] [FINE] aurora.database.service.BusinessModelService.onDecideSqlGenerationMode
2018-10-15 03:34:38.812 [uncertain.proc] [CONFIG] [action] CreatequeryStatement
2018-10-15 03:34:38.812 [uncertain.proc] [FINE] aurora.bm.QuerySqlCreator.onCreateQueryStatement
2018-10-15 03:34:38.812 [uncertain.proc] [CONFIG] [action] PopulatequeryStatement
2018-10-15 03:34:38.812 [uncertain.proc] [FINE] aurora.database.features.OrderByClauseCreator.onPopulateQueryStatement
2018-10-15 03:34:38.812 [uncertain.proc] [FINE] aurora.database.features.WhereClauseCreator.onPopulateQueryStatement
2018-10-15 03:34:38.812 [uncertain.proc] [CONFIG] [action] CreatequerySql
2018-10-15 03:34:38.812 [uncertain.proc] [FINE] aurora.bm.QuerySqlCreator.onCreateQuerySql
2018-10-15 03:34:38.812 [uncertain.proc] [CONFIG] [action] ExecuteQuery
2018-10-15 03:34:38.812 [uncertain.proc] [FINE] aurora.bm.QuerySqlCreator.onExecuteQuery
2018-10-15 03:34:38.813 [uncertain.proc] [CONFIG] [action] QueryFinish
2018-10-15 03:34:38.813 [uncertain.proc] [FINE] aurora.database.features.AutoQueryCounter.onQueryFinish
2018-10-15 03:34:38.813 [uncertain.proc] [CONFIG] [action] FetchResultSet
2018-10-15 03:34:38.813 [uncertain.proc] [FINE] aurora.database.features.CacheBasedLookUpField.postFetchResultSet
2018-10-15 03:34:38.813 [aurora.database] [CONFIG] 
============= BEGIN [query] SQL Statement execution dump ============
SELECT cpm.payment_method_id,cpm.payment_method_code,cpm.description_id,(select DESCRIPTION_TEXT from fnd_descriptions where DESCRIPTION_ID=cpm.description_id and Language=?) AS description,cpm.enabled_flag,cpm.ebanking_flag,cpm.using_csh_flag
FROM csh_payment_methods cpm
WHERE enabled_flag='Y'
---------------------Binding info---------------------
No.1	Access path:/session/@lang	Data type of passed value :java.lang.String	Value:ZHS	Output:false	Database Type:null	

=============== END [query] SQL Statement execution dump ============

2018-10-15 03:34:38.813 [aurora.database] [CONFIG] ===================================== prepare to run model-query exp.exp_org_position==============================
2018-10-15 03:34:38.817 [uncertain.proc] [CONFIG] [action] DecideSqlGenerationMode
2018-10-15 03:34:38.817 [uncertain.proc] [FINE] aurora.database.service.BusinessModelService.onDecideSqlGenerationMode
2018-10-15 03:34:38.817 [uncertain.proc] [CONFIG] [action] CreatequeryStatement
2018-10-15 03:34:38.817 [uncertain.proc] [FINE] aurora.bm.QuerySqlCreator.onCreateQueryStatement
2018-10-15 03:34:38.817 [uncertain.proc] [CONFIG] [action] PopulatequeryStatement
2018-10-15 03:34:38.817 [uncertain.proc] [FINE] aurora.database.features.OrderByClauseCreator.onPopulateQueryStatement
2018-10-15 03:34:38.817 [uncertain.proc] [FINE] aurora.database.features.WhereClauseCreator.onPopulateQueryStatement
2018-10-15 03:34:38.817 [uncertain.proc] [CONFIG] [action] CreatequerySql
2018-10-15 03:34:38.817 [uncertain.proc] [FINE] aurora.bm.QuerySqlCreator.onCreateQuerySql
2018-10-15 03:34:38.817 [uncertain.proc] [CONFIG] [action] ExecuteQuery
2018-10-15 03:34:38.817 [uncertain.proc] [FINE] aurora.bm.QuerySqlCreator.onExecuteQuery
2018-10-15 03:34:38.818 [uncertain.proc] [CONFIG] [action] QueryFinish
2018-10-15 03:34:38.818 [uncertain.proc] [FINE] aurora.database.features.AutoQueryCounter.onQueryFinish
2018-10-15 03:34:38.818 [uncertain.proc] [CONFIG] [action] FetchResultSet
2018-10-15 03:34:38.818 [uncertain.proc] [FINE] aurora.database.features.CacheBasedLookUpField.postFetchResultSet
2018-10-15 03:34:38.818 [aurora.database] [CONFIG] 
============= BEGIN [query] SQL Statement execution dump ============
SELECT op.position_id,op.unit_id,op.position_code,op.description_id,(select DESCRIPTION_TEXT from fnd_descriptions where DESCRIPTION_ID=op.description_id and Language=?) AS position_name,op.parent_position_id,op.company_id,op.enabled_flag,op.employee_job_id,(select parent.position_code || '-' || fd.description_text from fnd_descriptions fd,exp_org_position parent where parent.description_id = fd.description_id             and fd.language = ? and op.parent_position_id = parent.position_id) AS parent_position_name_display,(select u.unit_code || '-' || fd.description_text from fnd_descriptions fd,exp_org_unit u where u.description_id = fd.description_id             and fd.language = ? and u.unit_id = op.unit_id) AS org_unit_description_display,(select fd.description_text from fnd_descriptions fd,exp_org_unit u where u.description_id = fd.description_id             and fd.language = ? and u.unit_id = op.unit_id) AS unit_name,(select job.employee_job_code|| '-' || fd.description_text from fnd_descriptions fd,exp_employee_jobs job where job.description_id = fd.description_id             and fd.language = ? and job.employee_job_id = op.employee_job_id) AS employee_job_desc_display,(select a.responsibility_center_id  from fnd_responsibility_centers_vl a, exp_org_unit_vl b, exp_org_position c where a.responsibility_center_id = b.responsibility_center_id  and c.unit_id = b.unit_id   and c.position_id=op.position_id  ) AS responsibility_center_id,(select a.responsibility_center_name  from fnd_responsibility_centers_vl a, exp_org_unit_vl b, exp_org_position_vl c where a.responsibility_center_id = b.responsibility_center_id  and op.unit_id = b.unit_id  and c.position_id=op.position_id) AS responsibility_center_name,(select u.unit_code from exp_org_unit u where u.unit_id = op.unit_id) AS unit_code,op.EDIT_FLAG,op.EMPLOYEE_LEVELS_CODE
FROM exp_org_position op
WHERE (company_id = nvl(?,?) or nvl(?,'N') = 'Y') AND exists (select 1 from exp_employee_assigns eea         where eea.position_id=op.position_id    and eea.enabled_flag = 'Y'   and   eea.employee_id= ?)  and company_id = ? AND exists (                                     select 1 from exp_employee_assigns eea                                      where eea.employee_id=?                                     and   eea.company_id = op.company_id                                     and   eea.position_id = op.position_id                                     and   eea.enabled_flag='Y')
ORDER BY position_code
---------------------Binding info---------------------
No.1	Access path:/session/@lang	Data type of passed value :java.lang.String	Value:ZHS	Output:false	Database Type:null	
No.2	Access path:/session/@lang	Data type of passed value :java.lang.String	Value:ZHS	Output:false	Database Type:null	
No.3	Access path:/session/@lang	Data type of passed value :java.lang.String	Value:ZHS	Output:false	Database Type:null	
No.4	Access path:/session/@lang	Data type of passed value :java.lang.String	Value:ZHS	Output:false	Database Type:null	
No.5	Access path:/session/@lang	Data type of passed value :java.lang.String	Value:ZHS	Output:false	Database Type:null	
No.6	Access path:@company_id	Data type of passed value :[null]	Value:null	Output:false	Database Type:null	
No.7	Access path:/session/@company_id	Data type of passed value :java.lang.String	Value:2240	Output:false	Database Type:null	
No.8	Access path:@query_all	Data type of passed value :[null]	Value:null	Output:false	Database Type:null	
No.9	Access path:/parameter/@employee_id	Data type of passed value :java.lang.String	Value:910	Output:false	Database Type:null	
No.10	Access path:/session/@company_id	Data type of passed value :java.lang.String	Value:2240	Output:false	Database Type:null	
No.11	Access path:@employee_id	Data type of passed value :java.lang.String	Value:910	Output:false	Database Type:null	

=============== END [query] SQL Statement execution dump ============

2018-10-15 03:34:38.818 [aurora.database] [CONFIG] ===================================== prepare to run model-query exp.exp_org_position==============================
2018-10-15 03:34:38.822 [uncertain.proc] [CONFIG] [action] DecideSqlGenerationMode
2018-10-15 03:34:38.822 [uncertain.proc] [FINE] aurora.database.service.BusinessModelService.onDecideSqlGenerationMode
2018-10-15 03:34:38.822 [uncertain.proc] [CONFIG] [action] CreatequeryStatement
2018-10-15 03:34:38.822 [uncertain.proc] [FINE] aurora.bm.QuerySqlCreator.onCreateQueryStatement
2018-10-15 03:34:38.822 [uncertain.proc] [CONFIG] [action] PopulatequeryStatement
2018-10-15 03:34:38.822 [uncertain.proc] [FINE] aurora.database.features.OrderByClauseCreator.onPopulateQueryStatement
2018-10-15 03:34:38.822 [uncertain.proc] [FINE] aurora.database.features.WhereClauseCreator.onPopulateQueryStatement
2018-10-15 03:34:38.822 [uncertain.proc] [CONFIG] [action] CreatequerySql
2018-10-15 03:34:38.822 [uncertain.proc] [FINE] aurora.bm.QuerySqlCreator.onCreateQuerySql
2018-10-15 03:34:38.822 [uncertain.proc] [CONFIG] [action] ExecuteQuery
2018-10-15 03:34:38.822 [uncertain.proc] [FINE] aurora.bm.QuerySqlCreator.onExecuteQuery
2018-10-15 03:34:38.824 [uncertain.proc] [CONFIG] [action] QueryFinish
2018-10-15 03:34:38.824 [uncertain.proc] [FINE] aurora.database.features.AutoQueryCounter.onQueryFinish
2018-10-15 03:34:38.824 [uncertain.proc] [CONFIG] [action] FetchResultSet
2018-10-15 03:34:38.824 [uncertain.proc] [FINE] aurora.database.features.CacheBasedLookUpField.postFetchResultSet
2018-10-15 03:34:38.824 [aurora.database] [CONFIG] 
============= BEGIN [query] SQL Statement execution dump ============
SELECT op.position_id,op.unit_id,op.position_code,op.description_id,(select DESCRIPTION_TEXT from fnd_descriptions where DESCRIPTION_ID=op.description_id and Language=?) AS position_name,op.parent_position_id,op.company_id,op.enabled_flag,op.employee_job_id,(select parent.position_code || '-' || fd.description_text from fnd_descriptions fd,exp_org_position parent where parent.description_id = fd.description_id             and fd.language = ? and op.parent_position_id = parent.position_id) AS parent_position_name_display,(select u.unit_code || '-' || fd.description_text from fnd_descriptions fd,exp_org_unit u where u.description_id = fd.description_id             and fd.language = ? and u.unit_id = op.unit_id) AS org_unit_description_display,(select fd.description_text from fnd_descriptions fd,exp_org_unit u where u.description_id = fd.description_id             and fd.language = ? and u.unit_id = op.unit_id) AS unit_name,(select job.employee_job_code|| '-' || fd.description_text from fnd_descriptions fd,exp_employee_jobs job where job.description_id = fd.description_id             and fd.language = ? and job.employee_job_id = op.employee_job_id) AS employee_job_desc_display,(select a.responsibility_center_id  from fnd_responsibility_centers_vl a, exp_org_unit_vl b, exp_org_position c where a.responsibility_center_id = b.responsibility_center_id  and c.unit_id = b.unit_id   and c.position_id=op.position_id  ) AS responsibility_center_id,(select a.responsibility_center_name  from fnd_responsibility_centers_vl a, exp_org_unit_vl b, exp_org_position_vl c where a.responsibility_center_id = b.responsibility_center_id  and op.unit_id = b.unit_id  and c.position_id=op.position_id) AS responsibility_center_name,(select u.unit_code from exp_org_unit u where u.unit_id = op.unit_id) AS unit_code,op.EDIT_FLAG,op.EMPLOYEE_LEVELS_CODE
FROM exp_org_position op
WHERE (company_id = nvl(?,?) or nvl(?,'N') = 'Y') AND exists (select 1 from exp_employee_assigns eea         where eea.position_id=op.position_id    and eea.enabled_flag = 'Y'   and   eea.employee_id= ? and eea.primary_position_flag = 'Y') and company_id = ? AND exists (                                     select 1 from exp_employee_assigns eea                                      where eea.employee_id=?                                     and   eea.company_id = op.company_id                                     and   eea.position_id = op.position_id                                     and   eea.enabled_flag='Y')
ORDER BY position_code
---------------------Binding info---------------------
No.1	Access path:/session/@lang	Data type of passed value :java.lang.String	Value:ZHS	Output:false	Database Type:null	
No.2	Access path:/session/@lang	Data type of passed value :java.lang.String	Value:ZHS	Output:false	Database Type:null	
No.3	Access path:/session/@lang	Data type of passed value :java.lang.String	Value:ZHS	Output:false	Database Type:null	
No.4	Access path:/session/@lang	Data type of passed value :java.lang.String	Value:ZHS	Output:false	Database Type:null	
No.5	Access path:/session/@lang	Data type of passed value :java.lang.String	Value:ZHS	Output:false	Database Type:null	
No.6	Access path:@company_id	Data type of passed value :[null]	Value:null	Output:false	Database Type:null	
No.7	Access path:/session/@company_id	Data type of passed value :java.lang.String	Value:2240	Output:false	Database Type:null	
No.8	Access path:@query_all	Data type of passed value :[null]	Value:null	Output:false	Database Type:null	
No.9	Access path:/parameter/@employee_id	Data type of passed value :java.lang.String	Value:910	Output:false	Database Type:null	
No.10	Access path:/session/@company_id	Data type of passed value :java.lang.String	Value:2240	Output:false	Database Type:null	
No.11	Access path:@employee_id	Data type of passed value :java.lang.String	Value:910	Output:false	Database Type:null	

=============== END [query] SQL Statement execution dump ============

2018-10-15 03:34:38.824 [aurora.database] [CONFIG] ===================================== prepare to run model-query acp.acp_acp_req_usedes_list==============================
2018-10-15 03:34:38.828 [uncertain.proc] [CONFIG] [action] DecideSqlGenerationMode
2018-10-15 03:34:38.828 [uncertain.proc] [FINE] aurora.database.service.BusinessModelService.onDecideSqlGenerationMode
2018-10-15 03:34:38.828 [uncertain.proc] [CONFIG] [action] CreateOperationSql
2018-10-15 03:34:38.828 [uncertain.proc] [CONFIG] [action] PopulateOperationSql
2018-10-15 03:34:38.828 [uncertain.proc] [FINE] aurora.database.features.OrderByClauseCreator.onPopulateOperationSql
2018-10-15 03:34:38.828 [uncertain.proc] [FINE] aurora.database.features.WhereClauseCreator.onPopulateOperationSql
2018-10-15 03:34:38.828 [uncertain.proc] [CONFIG] [action] ExecuteQuery
2018-10-15 03:34:38.828 [uncertain.proc] [FINE] aurora.bm.QuerySqlCreator.onExecuteQuery
2018-10-15 03:34:38.829 [uncertain.proc] [CONFIG] [action] QueryFinish
2018-10-15 03:34:38.829 [uncertain.proc] [FINE] aurora.database.features.AutoQueryCounter.onQueryFinish
2018-10-15 03:34:38.829 [uncertain.proc] [CONFIG] [action] FetchResultSet
2018-10-15 03:34:38.829 [uncertain.proc] [FINE] aurora.database.features.CacheBasedLookUpField.postFetchResultSet
2018-10-15 03:34:38.829 [aurora.database] [CONFIG] 
============= BEGIN [query] SQL Statement execution dump ============

            select aa.* from(
                SELECT v.description,v.usedes_code,v.usedes_id,t.acp_req_type_id
                FROM acp_acp_ref_payment_usedes t,csh_payment_usedes_vl v
                WHERE t.usedes_id = v.usedes_id) aa
                  WHERE aa.acp_req_type_id = ? 

            
---------------------Binding info---------------------
No.1	Access path:/parameter/@acp_req_type_id	Data type of passed value :java.lang.String	Value:1	Output:false	Database Type:null	

=============== END [query] SQL Statement execution dump ============

2018-10-15 03:34:38.829 [uncertain.proc] [CONFIG] [action] CreateView
2018-10-15 03:34:38.829 [uncertain.proc] [CONFIG] [action] BuildOutputContent
2018-10-15 03:34:38.829 [aurora.presentation.buildsession] [CONFIG] Start build session
2018-10-15 03:34:38.829 [aurora.presentation.buildsession] [CONFIG] building view: <html-page> -> aurora.presentation.component.HtmlPage@7b6f12d4
2018-10-15 03:34:38.830 [aurora.presentation.buildsession] [CONFIG] building view: <link> -> aurora.presentation.TemplateBasedView@3dda489e
2018-10-15 03:34:38.830 [aurora.presentation.buildsession] [CONFIG] building view: <link> -> aurora.presentation.TemplateBasedView@3dda489e
2018-10-15 03:34:38.830 [aurora.presentation.buildsession] [CONFIG] building view: <link> -> aurora.presentation.TemplateBasedView@3dda489e
2018-10-15 03:34:38.830 [aurora.presentation.buildsession] [CONFIG] building view: <script> -> aurora.presentation.DefaultViewBuilder@35f5c5a3
2018-10-15 03:34:38.832 [aurora.presentation.buildsession] [CONFIG] building view: <dataSets> -> aurora.application.features.DataSetInit@1d438b7c
2018-10-15 03:34:38.832 [aurora.presentation.buildsession] [CONFIG] building view: <dataSet> -> aurora.presentation.TemplateBasedView@3dda489e
2018-10-15 03:34:38.832 [aurora.presentation.buildsession] [CONFIG] building view: <dataSet> -> aurora.presentation.TemplateBasedView@3dda489e
2018-10-15 03:34:38.832 [aurora.presentation.buildsession] [CONFIG] building view: <dataSet> -> aurora.presentation.TemplateBasedView@3dda489e
2018-10-15 03:34:38.832 [aurora.presentation.buildsession] [CONFIG] building view: <dataSet> -> aurora.presentation.TemplateBasedView@3dda489e
2018-10-15 03:34:38.832 [aurora.presentation.buildsession] [CONFIG] building view: <dataSet> -> aurora.presentation.TemplateBasedView@3dda489e
2018-10-15 03:34:38.833 [aurora.presentation.buildsession] [CONFIG] building view: <dataSet> -> aurora.presentation.TemplateBasedView@3dda489e
2018-10-15 03:34:38.835 [aurora.presentation.buildsession] [CONFIG] building view: <screenBody> -> aurora.presentation.component.std.ScreenBody@766a0cb1
2018-10-15 03:34:38.835 [aurora.presentation.buildsession] [CONFIG] building view: <screenTopToolbar> -> aurora.presentation.component.std.ScreenTopToolbar@288ad8c3
2018-10-15 03:34:38.835 [aurora.presentation.buildsession] [CONFIG] building view: <screenTitle> -> aurora.presentation.component.std.ScreenTitle@2bf086b4
2018-10-15 03:34:38.839 [uncertain.proc] [CONFIG] [action] DecideSqlGenerationMode
2018-10-15 03:34:38.839 [uncertain.proc] [FINE] aurora.database.service.BusinessModelService.onDecideSqlGenerationMode
2018-10-15 03:34:38.839 [uncertain.proc] [CONFIG] [action] CreatequeryStatement
2018-10-15 03:34:38.839 [uncertain.proc] [FINE] aurora.bm.QuerySqlCreator.onCreateQueryStatement
2018-10-15 03:34:38.839 [uncertain.proc] [CONFIG] [action] PopulatequeryStatement
2018-10-15 03:34:38.839 [uncertain.proc] [FINE] aurora.database.features.OrderByClauseCreator.onPopulateQueryStatement
2018-10-15 03:34:38.839 [uncertain.proc] [FINE] aurora.database.features.WhereClauseCreator.onPopulateQueryStatement
2018-10-15 03:34:38.839 [uncertain.proc] [CONFIG] [action] CreatequerySql
2018-10-15 03:34:38.839 [uncertain.proc] [FINE] aurora.bm.QuerySqlCreator.onCreateQuerySql
2018-10-15 03:34:38.839 [uncertain.proc] [CONFIG] [action] ExecuteQuery
2018-10-15 03:34:38.839 [uncertain.proc] [FINE] aurora.bm.QuerySqlCreator.onExecuteQuery
2018-10-15 03:34:38.840 [uncertain.proc] [CONFIG] [action] QueryFinish
2018-10-15 03:34:38.840 [uncertain.proc] [FINE] aurora.database.features.AutoQueryCounter.onQueryFinish
2018-10-15 03:34:38.840 [uncertain.proc] [CONFIG] [action] FetchResultSet
2018-10-15 03:34:38.840 [uncertain.proc] [FINE] aurora.database.features.CacheBasedLookUpField.postFetchResultSet
2018-10-15 03:34:38.840 [aurora.database] [CONFIG] 
============= BEGIN [query] SQL Statement execution dump ============
SELECT f.service_id,f.service_name,f.is_entry_page,f.is_access_checked,f.is_login_required,f.is_system_access,? AS language,(select d.description_text from fnd_descriptions d where d.description_id = f.title_id and d.language = ?) AS title,f.title_id,f.weixin_flag
FROM sys_service f
WHERE f.service_name = ?
ORDER BY service_name
---------------------Binding info---------------------
No.1	Access path:/session/@lang	Data type of passed value :java.lang.String	Value:ZHS	Output:false	Database Type:null	
No.2	Access path:/session/@lang	Data type of passed value :java.lang.String	Value:ZHS	Output:false	Database Type:null	
No.3	Access path:@service_name	Data type of passed value :java.lang.String	Value:modules/acp/public/acp_acp_req_create.screen	Output:false	Database Type:null	

=============== END [query] SQL Statement execution dump ============

2018-10-15 03:34:38.841 [aurora.presentation.buildsession] [CONFIG] building view: <toolbarButton> -> aurora.presentation.TemplateBasedView@3dda489e
2018-10-15 03:34:38.841 [aurora.presentation.buildsession] [CONFIG] building view: <toolbarButton> -> aurora.presentation.TemplateBasedView@3dda489e
2018-10-15 03:34:38.841 [aurora.presentation.buildsession] [CONFIG] building view: <form> -> aurora.presentation.component.std.Form@25263d38
2018-10-15 03:34:38.841 [aurora.presentation.buildsession] [CONFIG] building view: <box> -> aurora.presentation.component.std.Box@28317f75
2018-10-15 03:34:38.841 [aurora.presentation.buildsession] [CONFIG] building view: <textField> -> aurora.presentation.TemplateBasedView@3dda489e
2018-10-15 03:34:38.841 [aurora.presentation.buildsession] [CONFIG] building view: <textField> -> aurora.presentation.TemplateBasedView@3dda489e
2018-10-15 03:34:38.841 [aurora.presentation.buildsession] [CONFIG] building view: <datePicker> -> aurora.presentation.TemplateBasedView@3dda489e
2018-10-15 03:34:38.842 [aurora.presentation.buildsession] [CONFIG] building view: <textField> -> aurora.presentation.TemplateBasedView@3dda489e
2018-10-15 03:34:38.842 [aurora.presentation.buildsession] [CONFIG] building view: <textField> -> aurora.presentation.TemplateBasedView@3dda489e
2018-10-15 03:34:38.842 [aurora.presentation.buildsession] [CONFIG] building view: <comboBox> -> aurora.presentation.TemplateBasedView@3dda489e
2018-10-15 03:34:38.842 [aurora.presentation.buildsession] [CONFIG] building view: <box> -> aurora.presentation.component.std.Box@5b9f864b
2018-10-15 03:34:38.842 [aurora.presentation.buildsession] [CONFIG] building view: <textArea> -> aurora.presentation.TemplateBasedView@3dda489e
2018-10-15 03:34:38.842 [aurora.presentation.buildsession] [CONFIG] building view: <grid> -> aurora.presentation.TemplateBasedView@3dda489e
2018-10-15 03:34:38.842 [aurora.presentation.buildsession] [CONFIG] building view: <toolBar> -> aurora.presentation.TemplateBasedView@3dda489e
2018-10-15 03:34:38.843 [aurora.presentation.buildsession] [CONFIG] building view: <button> -> aurora.presentation.TemplateBasedView@3dda489e
2018-10-15 03:34:38.843 [aurora.presentation.buildsession] [CONFIG] building view: <navBar> -> aurora.presentation.TemplateBasedView@3dda489e
2018-10-15 03:34:38.845 [aurora.presentation.buildsession] [CONFIG] building view: <button> -> aurora.presentation.TemplateBasedView@3dda489e
2018-10-15 03:34:38.845 [aurora.presentation.buildsession] [CONFIG] building view: <button> -> aurora.presentation.TemplateBasedView@3dda489e
2018-10-15 03:34:38.845 [aurora.presentation.buildsession] [CONFIG] building view: <separator> -> aurora.presentation.TemplateBasedView@3dda489e
2018-10-15 03:34:38.845 [aurora.presentation.buildsession] [CONFIG] building view: <div> -> aurora.presentation.DefaultViewBuilder@35f5c5a3
2018-10-15 03:34:38.845 [aurora.presentation.buildsession] [CONFIG] building view: <numberField> -> aurora.presentation.TemplateBasedView@3dda489e
2018-10-15 03:34:38.845 [aurora.presentation.buildsession] [CONFIG] building view: <div> -> aurora.presentation.DefaultViewBuilder@35f5c5a3
2018-10-15 03:34:38.845 [aurora.presentation.buildsession] [CONFIG] building view: <separator> -> aurora.presentation.TemplateBasedView@3dda489e
2018-10-15 03:34:38.845 [aurora.presentation.buildsession] [CONFIG] building view: <button> -> aurora.presentation.TemplateBasedView@3dda489e
2018-10-15 03:34:38.846 [aurora.presentation.buildsession] [CONFIG] building view: <button> -> aurora.presentation.TemplateBasedView@3dda489e
2018-10-15 03:34:38.846 [aurora.presentation.buildsession] [CONFIG] building view: <button> -> aurora.presentation.TemplateBasedView@3dda489e
2018-10-15 03:34:38.846 [aurora.presentation.buildsession] [CONFIG] building view: <separator> -> aurora.presentation.TemplateBasedView@3dda489e
2018-10-15 03:34:38.846 [aurora.presentation.buildsession] [CONFIG] building view: <div> -> aurora.presentation.DefaultViewBuilder@35f5c5a3
2018-10-15 03:34:38.846 [aurora.presentation.buildsession] [CONFIG] building view: <comboBox> -> aurora.presentation.TemplateBasedView@3dda489e
2018-10-15 03:34:38.846 [aurora.presentation.buildsession] [CONFIG] building view: <div> -> aurora.presentation.DefaultViewBuilder@35f5c5a3
2018-10-15 03:34:38.846 [aurora.presentation.buildsession] [CONFIG] building view: <separator> -> aurora.presentation.TemplateBasedView@3dda489e
2018-10-15 03:34:38.846 [aurora.presentation.buildsession] [CONFIG] building view: <div> -> aurora.presentation.DefaultViewBuilder@35f5c5a3
2018-10-15 03:34:38.847 [aurora.presentation.buildsession] [CONFIG] building view: <datePicker> -> aurora.presentation.TemplateBasedView@3dda489e
2018-10-15 03:34:38.847 [aurora.presentation.buildsession] [CONFIG] building view: <checkBox> -> aurora.presentation.TemplateBasedView@3dda489e
2018-10-15 03:34:38.847 [aurora.presentation.buildsession] [CONFIG] building view: <textField> -> aurora.presentation.TemplateBasedView@3dda489e
2018-10-15 03:34:38.847 [aurora.presentation.buildsession] [CONFIG] building view: <lov> -> aurora.presentation.TemplateBasedView@3dda489e
2018-10-15 03:34:38.848 [aurora.presentation.buildsession] [CONFIG] building view: <comboBox> -> aurora.presentation.TemplateBasedView@3dda489e
2018-10-15 03:34:38.848 [aurora.presentation.buildsession] [CONFIG] building view: <numberField> -> aurora.presentation.TemplateBasedView@3dda489e
2018-10-15 03:34:38.848 [aurora.presentation.buildsession] [CONFIG] building view: <script> -> aurora.presentation.DefaultViewBuilder@35f5c5a3
2018-10-15 03:34:38.848 [aurora.presentation.buildsession] [CONFIG] End build session
