2018-10-18 05:57:59.957 [aurora.application.session_check] [CONFIG] Session data copied to context
2018-10-18 05:57:59.957 [aurora.application.session_check] [CONFIG] Access check result for modules/bgt/BGT2110/bgt_budget_stru_com_assign_batch_submit.svc => success
2018-10-18 05:57:59.957 [uncertain.proc] [CONFIG] [action] AccessCheck
2018-10-18 05:57:59.962 [uncertain.proc] [CONFIG] [action] CheckServiceLock
2018-10-18 05:57:59.963 [uncertain.proc] [CONFIG] [action] ParseParameter
2018-10-18 05:57:59.963 [uncertain.proc] [CONFIG] [action] ValidateInput
2018-10-18 05:57:59.963 [uncertain.proc] [CONFIG] [action] InvokeService
2018-10-18 05:57:59.963 [aurora.database] [CONFIG] Running batch-apply with data from path /parameter/detail, total 1 records
2018-10-18 05:57:59.963 [aurora.database] [CONFIG] Executing batch-apply on parameter No.0
2018-10-18 05:58:00.3 [uncertain.proc] [CONFIG] [action] DecideStatement
2018-10-18 05:58:00.7 [uncertain.proc] [CONFIG] [action] DecideSqlGenerationMode
2018-10-18 05:58:00.7 [uncertain.proc] [FINE] aurora.database.service.BusinessModelService.onDecideSqlGenerationMode
2018-10-18 05:58:00.7 [uncertain.proc] [CONFIG] [action] CreateOperationSql
2018-10-18 05:58:00.7 [uncertain.proc] [CONFIG] [action] PopulateOperationSql
2018-10-18 05:58:00.7 [uncertain.proc] [FINE] aurora.database.features.OrderByClauseCreator.onPopulateOperationSql
2018-10-18 05:58:00.7 [uncertain.proc] [FINE] aurora.database.features.WhereClauseCreator.onPopulateOperationSql
2018-10-18 05:58:00.7 [uncertain.proc] [CONFIG] [action] CreateSqlRunner
2018-10-18 05:58:00.7 [uncertain.proc] [FINE] aurora.database.service.BusinessModelService.onCreateSqlRunner
2018-10-18 05:58:00.7 [uncertain.proc] [CONFIG] [action] ExecuteDmlStatement
2018-10-18 05:58:00.7 [uncertain.proc] [FINE] aurora.database.service.BusinessModelService.onExecuteDmlStatement
2018-10-18 05:58:00.19 [aurora.database] [CONFIG] 
============= BEGIN [Insert] SQL Statement execution dump ============
   
            begin
				bgt_budget_structures_pkg.batch_import_com_bgt_structure(
			      ?,
			      ?,	
			      ?,	     
			      ?,
			      ?	  
			    ); 
			 end;
	 		
---------------------Binding info---------------------
No.1	Access path:@company_id	Data type of passed value :java.lang.Integer	Value:2555	Output:false	Database Type:null	
No.2	Access path:@set_of_books_id	Data type of passed value :java.lang.Integer	Value:122	Output:false	Database Type:null	
No.3	Access path:/session/@session_id	Data type of passed value :java.lang.Long	Value:55505	Output:false	Database Type:null	
No.4	Access path:/parameter/@application_code	Data type of passed value :java.lang.String	Value:BGT2110	Output:false	Database Type:null	
No.5	Access path:/session/@user_id	Data type of passed value :java.lang.Long	Value:2242	Output:false	Database Type:null	

=============== END [Insert] SQL Statement execution dump ============

2018-10-18 05:58:00.24 [uncertain.proc] [CONFIG] [action] DecideStatement
2018-10-18 05:58:00.26 [uncertain.proc] [CONFIG] [action] DecideSqlGenerationMode
2018-10-18 05:58:00.26 [uncertain.proc] [FINE] aurora.database.service.BusinessModelService.onDecideSqlGenerationMode
2018-10-18 05:58:00.26 [uncertain.proc] [CONFIG] [action] CreateOperationSql
2018-10-18 05:58:00.26 [uncertain.proc] [CONFIG] [action] PopulateOperationSql
2018-10-18 05:58:00.26 [uncertain.proc] [FINE] aurora.database.features.OrderByClauseCreator.onPopulateOperationSql
2018-10-18 05:58:00.26 [uncertain.proc] [FINE] aurora.database.features.WhereClauseCreator.onPopulateOperationSql
2018-10-18 05:58:00.26 [uncertain.proc] [CONFIG] [action] CreateSqlRunner
2018-10-18 05:58:00.26 [uncertain.proc] [FINE] aurora.database.service.BusinessModelService.onCreateSqlRunner
2018-10-18 05:58:00.26 [uncertain.proc] [CONFIG] [action] ExecuteDmlStatement
2018-10-18 05:58:00.26 [uncertain.proc] [FINE] aurora.database.service.BusinessModelService.onExecuteDmlStatement
2018-10-18 05:58:00.28 [aurora.database] [CONFIG] 
============= BEGIN [Delete] SQL Statement execution dump ============
   
	            begin
				  bgt_budget_structures_pkg.del_bgt_structure_asgn_company(p_session_id       => ?,
				                                                           p_application_code => 'BGT2110');
				end;
	 		
---------------------Binding info---------------------
No.1	Access path:/session/@session_id	Data type of passed value :java.lang.Long	Value:55505	Output:false	Database Type:null	

=============== END [Delete] SQL Statement execution dump ============

2018-10-18 05:58:00.28 [uncertain.proc] [CONFIG] [action] CreateSuccessResponse
