2018-10-21 08:59:08.249 [aurora.application.session_check] [CONFIG] Session data copied to context
2018-10-21 08:59:08.249 [aurora.application.session_check] [CONFIG] Access check result for modules/bgt/BGT2110/bgt_budget_structure.screen => success
2018-10-21 08:59:08.249 [uncertain.proc] [CONFIG] [action] AccessCheck
2018-10-21 08:59:08.257 [uncertain.proc] [CONFIG] [action] InitService
2018-10-21 08:59:08.257 [uncertain.proc] [CONFIG] [action] ParseParameter
2018-10-21 08:59:08.257 [uncertain.proc] [CONFIG] [action] CreateModel
2018-10-21 08:59:08.257 [aurora.database] [CONFIG] ===================================== prepare to run model-query bgt.BGT2110.operate_unit==============================
2018-10-21 08:59:08.262 [uncertain.proc] [CONFIG] [action] DecideSqlGenerationMode
2018-10-21 08:59:08.262 [uncertain.proc] [FINE] aurora.database.service.BusinessModelService.onDecideSqlGenerationMode
2018-10-21 08:59:08.262 [uncertain.proc] [CONFIG] [action] CreateOperationSql
2018-10-21 08:59:08.262 [uncertain.proc] [CONFIG] [action] PopulateOperationSql
2018-10-21 08:59:08.262 [uncertain.proc] [FINE] aurora.database.features.OrderByClauseCreator.onPopulateOperationSql
2018-10-21 08:59:08.262 [uncertain.proc] [FINE] aurora.database.features.WhereClauseCreator.onPopulateOperationSql
2018-10-21 08:59:08.262 [uncertain.proc] [CONFIG] [action] ExecuteQuery
2018-10-21 08:59:08.262 [uncertain.proc] [FINE] aurora.bm.QuerySqlCreator.onExecuteQuery
2018-10-21 08:59:08.264 [uncertain.proc] [CONFIG] [action] QueryFinish
2018-10-21 08:59:08.264 [uncertain.proc] [FINE] aurora.database.features.AutoQueryCounter.onQueryFinish
2018-10-21 08:59:08.264 [uncertain.proc] [CONFIG] [action] FetchResultSet
2018-10-21 08:59:08.264 [uncertain.proc] [FINE] aurora.database.features.CacheBasedLookUpField.postFetchResultSet
2018-10-21 08:59:08.264 [aurora.database] [CONFIG] 
============= BEGIN [query] SQL Statement execution dump ============
    
            select fou.operation_unit_id,fou.description     
            from  sys_user t,       
            exp_employee_assigns_v ee,       
            exp_org_position eop,       
            exp_org_unit eou,       
            fnd_operation_units_vl fou       
            where t.employee_id = ee.employee_id      
            and ee.position_id =eop.position_id       
            and ee.company_id = ?       
            and eop.unit_id = eou.unit_id       
            and eou.operate_unit_id =fou.operation_unit_id       
            and t.user_id = ?     
            group by fou.operation_unit_id,fou.description  
            
---------------------Binding info---------------------
No.1	Access path:/session/@company_id	Data type of passed value :java.lang.Integer	Value:2575	Output:false	Database Type:null	
No.2	Access path:/session/@user_id	Data type of passed value :java.lang.Long	Value:2252	Output:false	Database Type:null	

=============== END [query] SQL Statement execution dump ============

2018-10-21 08:59:08.264 [aurora.database] [CONFIG] ===================================== prepare to run model-query bgt.bgt_org==============================
2018-10-21 08:59:08.268 [uncertain.proc] [CONFIG] [action] DecideSqlGenerationMode
2018-10-21 08:59:08.268 [uncertain.proc] [FINE] aurora.database.service.BusinessModelService.onDecideSqlGenerationMode
2018-10-21 08:59:08.268 [uncertain.proc] [CONFIG] [action] CreateOperationSql
2018-10-21 08:59:08.268 [uncertain.proc] [CONFIG] [action] PopulateOperationSql
2018-10-21 08:59:08.268 [uncertain.proc] [FINE] aurora.database.features.OrderByClauseCreator.onPopulateOperationSql
2018-10-21 08:59:08.268 [uncertain.proc] [FINE] aurora.database.features.WhereClauseCreator.onPopulateOperationSql
2018-10-21 08:59:08.268 [uncertain.proc] [CONFIG] [action] ExecuteQuery
2018-10-21 08:59:08.268 [uncertain.proc] [FINE] aurora.bm.QuerySqlCreator.onExecuteQuery
2018-10-21 08:59:08.269 [uncertain.proc] [CONFIG] [action] QueryFinish
2018-10-21 08:59:08.269 [uncertain.proc] [FINE] aurora.database.features.AutoQueryCounter.onQueryFinish
2018-10-21 08:59:08.269 [uncertain.proc] [CONFIG] [action] FetchResultSet
2018-10-21 08:59:08.269 [uncertain.proc] [FINE] aurora.database.features.CacheBasedLookUpField.postFetchResultSet
2018-10-21 08:59:08.269 [aurora.database] [CONFIG] 
============= BEGIN [query] SQL Statement execution dump ============

            select 
            bo.bgt_org_id, 
            bo.bgt_org_code, 
            bo.description,
            fc.company_short_name
			from fnd_companies_vl fc, bgt_organizations_vl bo
			where 
			fc.set_of_books_id = bo.set_of_books_id
			and fc.company_id = ?
			
			
---------------------Binding info---------------------
No.1	Access path:/session/@company_id	Data type of passed value :java.lang.Integer	Value:2575	Output:false	Database Type:null	

=============== END [query] SQL Statement execution dump ============

2018-10-21 08:59:08.269 [aurora.database] [CONFIG] ===================================== prepare to run model-query bgt.BGT2110.bgt_budget_structure_init_budget_period==============================
2018-10-21 08:59:08.274 [uncertain.proc] [CONFIG] [action] DecideSqlGenerationMode
2018-10-21 08:59:08.275 [uncertain.proc] [FINE] aurora.database.service.BusinessModelService.onDecideSqlGenerationMode
2018-10-21 08:59:08.275 [uncertain.proc] [CONFIG] [action] CreateOperationSql
2018-10-21 08:59:08.275 [uncertain.proc] [CONFIG] [action] PopulateOperationSql
2018-10-21 08:59:08.275 [uncertain.proc] [FINE] aurora.database.features.OrderByClauseCreator.onPopulateOperationSql
2018-10-21 08:59:08.275 [uncertain.proc] [FINE] aurora.database.features.WhereClauseCreator.onPopulateOperationSql
2018-10-21 08:59:08.275 [uncertain.proc] [CONFIG] [action] ExecuteQuery
2018-10-21 08:59:08.275 [uncertain.proc] [FINE] aurora.bm.QuerySqlCreator.onExecuteQuery
2018-10-21 08:59:08.276 [uncertain.proc] [CONFIG] [action] QueryFinish
2018-10-21 08:59:08.276 [uncertain.proc] [FINE] aurora.database.features.AutoQueryCounter.onQueryFinish
2018-10-21 08:59:08.276 [uncertain.proc] [CONFIG] [action] FetchResultSet
2018-10-21 08:59:08.276 [uncertain.proc] [FINE] aurora.database.features.CacheBasedLookUpField.postFetchResultSet
2018-10-21 08:59:08.276 [aurora.database] [CONFIG] 
============= BEGIN [query] SQL Statement execution dump ============

            select l.code_value, 
				   l.code_value_name
			  from sys_codes h, sys_code_values_vl l
			 where h.code = 'BUDGET_PERIOD'
			   and h.code_id = l.code_id
			   and h.enabled_flag = 'Y'
			   and l.enabled_flag = 'Y'
			 order by l.code_value
			 
---------------------Binding info---------------------
null
=============== END [query] SQL Statement execution dump ============

2018-10-21 08:59:08.276 [aurora.database] [CONFIG] ===================================== prepare to run model-query bgt.bgt_scenarios_org_ref==============================
2018-10-21 08:59:08.282 [uncertain.proc] [CONFIG] [action] DecideSqlGenerationMode
2018-10-21 08:59:08.282 [uncertain.proc] [FINE] aurora.database.service.BusinessModelService.onDecideSqlGenerationMode
2018-10-21 08:59:08.282 [uncertain.proc] [CONFIG] [action] CreatequeryStatement
2018-10-21 08:59:08.282 [uncertain.proc] [FINE] aurora.bm.QuerySqlCreator.onCreateQueryStatement
2018-10-21 08:59:08.282 [uncertain.proc] [CONFIG] [action] PopulatequeryStatement
2018-10-21 08:59:08.282 [uncertain.proc] [FINE] aurora.database.features.OrderByClauseCreator.onPopulateQueryStatement
2018-10-21 08:59:08.282 [uncertain.proc] [FINE] aurora.database.features.WhereClauseCreator.onPopulateQueryStatement
2018-10-21 08:59:08.282 [uncertain.proc] [CONFIG] [action] CreatequerySql
2018-10-21 08:59:08.282 [uncertain.proc] [FINE] aurora.bm.QuerySqlCreator.onCreateQuerySql
2018-10-21 08:59:08.282 [uncertain.proc] [CONFIG] [action] ExecuteQuery
2018-10-21 08:59:08.282 [uncertain.proc] [FINE] aurora.bm.QuerySqlCreator.onExecuteQuery
2018-10-21 08:59:08.283 [uncertain.proc] [CONFIG] [action] QueryFinish
2018-10-21 08:59:08.284 [uncertain.proc] [FINE] aurora.database.features.AutoQueryCounter.onQueryFinish
2018-10-21 08:59:08.284 [uncertain.proc] [CONFIG] [action] FetchResultSet
2018-10-21 08:59:08.284 [uncertain.proc] [FINE] aurora.database.features.CacheBasedLookUpField.postFetchResultSet
2018-10-21 08:59:08.284 [aurora.database] [CONFIG] 
============= BEGIN [query] SQL Statement execution dump ============
SELECT t1.BGT_ORG_ID,t1.BGT_ORG_CODE,t1.DESCRIPTION_ID,t1.SET_OF_BOOKS_ID,t1.ENABLED_FLAG,(select DESCRIPTION_TEXT from fnd_descriptions where DESCRIPTION_ID=t1.description_id and Language=?) AS description,(select description from bgt_organizations_vl where bgt_org_id = t1.bgt_org_id) AS bgt_org_description
FROM BGT_ORGANIZATIONS t1
WHERE t1.set_of_books_id=(select set_of_books_id from fnd_companies fc where fc.company_id=?)
---------------------Binding info---------------------
No.1	Access path:/session/@lang	Data type of passed value :java.lang.String	Value:ZHS	Output:false	Database Type:null	
No.2	Access path:/session/@company_id	Data type of passed value :java.lang.Integer	Value:2575	Output:false	Database Type:null	

=============== END [query] SQL Statement execution dump ============

2018-10-21 08:59:08.284 [uncertain.proc] [CONFIG] [action] CreateView
2018-10-21 08:59:08.284 [uncertain.proc] [CONFIG] [action] BuildOutputContent
2018-10-21 08:59:08.284 [aurora.presentation.buildsession] [CONFIG] Start build session
2018-10-21 08:59:08.284 [aurora.presentation.buildsession] [CONFIG] building view: <html-page> -> aurora.presentation.component.HtmlPage@3fbeb695
2018-10-21 08:59:08.285 [aurora.presentation.buildsession] [CONFIG] building view: <link> -> aurora.presentation.TemplateBasedView@3dda489e
2018-10-21 08:59:08.285 [aurora.presentation.buildsession] [CONFIG] building view: <link> -> aurora.presentation.TemplateBasedView@3dda489e
2018-10-21 08:59:08.285 [aurora.presentation.buildsession] [CONFIG] building view: <link> -> aurora.presentation.TemplateBasedView@3dda489e
2018-10-21 08:59:08.285 [aurora.presentation.buildsession] [CONFIG] building view: <link> -> aurora.presentation.TemplateBasedView@3dda489e
2018-10-21 08:59:08.285 [aurora.presentation.buildsession] [CONFIG] building view: <script> -> aurora.presentation.DefaultViewBuilder@35f5c5a3
2018-10-21 08:59:08.286 [aurora.presentation.buildsession] [CONFIG] building view: <dataSets> -> aurora.application.features.DataSetInit@707da5cb
2018-10-21 08:59:08.286 [aurora.presentation.buildsession] [CONFIG] building view: <dataSet> -> aurora.presentation.TemplateBasedView@3dda489e
2018-10-21 08:59:08.286 [aurora.presentation.buildsession] [CONFIG] building view: <dataSet> -> aurora.presentation.TemplateBasedView@3dda489e
2018-10-21 08:59:08.287 [aurora.presentation.buildsession] [CONFIG] building view: <dataSet> -> aurora.presentation.TemplateBasedView@3dda489e
2018-10-21 08:59:08.288 [aurora.presentation.buildsession] [CONFIG] building view: <dataSet> -> aurora.presentation.TemplateBasedView@3dda489e
2018-10-21 08:59:08.290 [aurora.presentation.buildsession] [CONFIG] building view: <screenBody> -> aurora.presentation.component.std.ScreenBody@5c458b0e
2018-10-21 08:59:08.290 [aurora.presentation.buildsession] [CONFIG] building view: <screenTopToolbar> -> aurora.presentation.component.std.ScreenTopToolbar@2f65d0f3
2018-10-21 08:59:08.290 [aurora.presentation.buildsession] [CONFIG] building view: <screenTitle> -> aurora.presentation.component.std.ScreenTitle@65a5d194
2018-10-21 08:59:08.294 [uncertain.proc] [CONFIG] [action] DecideSqlGenerationMode
2018-10-21 08:59:08.295 [uncertain.proc] [FINE] aurora.database.service.BusinessModelService.onDecideSqlGenerationMode
2018-10-21 08:59:08.295 [uncertain.proc] [CONFIG] [action] CreatequeryStatement
2018-10-21 08:59:08.295 [uncertain.proc] [FINE] aurora.bm.QuerySqlCreator.onCreateQueryStatement
2018-10-21 08:59:08.295 [uncertain.proc] [CONFIG] [action] PopulatequeryStatement
2018-10-21 08:59:08.295 [uncertain.proc] [FINE] aurora.database.features.OrderByClauseCreator.onPopulateQueryStatement
2018-10-21 08:59:08.295 [uncertain.proc] [FINE] aurora.database.features.WhereClauseCreator.onPopulateQueryStatement
2018-10-21 08:59:08.295 [uncertain.proc] [CONFIG] [action] CreatequerySql
2018-10-21 08:59:08.295 [uncertain.proc] [FINE] aurora.bm.QuerySqlCreator.onCreateQuerySql
2018-10-21 08:59:08.295 [uncertain.proc] [CONFIG] [action] ExecuteQuery
2018-10-21 08:59:08.295 [uncertain.proc] [FINE] aurora.bm.QuerySqlCreator.onExecuteQuery
2018-10-21 08:59:08.296 [uncertain.proc] [CONFIG] [action] QueryFinish
2018-10-21 08:59:08.296 [uncertain.proc] [FINE] aurora.database.features.AutoQueryCounter.onQueryFinish
2018-10-21 08:59:08.296 [uncertain.proc] [CONFIG] [action] FetchResultSet
2018-10-21 08:59:08.296 [uncertain.proc] [FINE] aurora.database.features.CacheBasedLookUpField.postFetchResultSet
2018-10-21 08:59:08.296 [aurora.database] [CONFIG] 
============= BEGIN [query] SQL Statement execution dump ============
SELECT f.service_id,f.service_name,f.is_entry_page,f.is_access_checked,f.is_login_required,f.is_system_access,? AS language,(select d.description_text from fnd_descriptions d where d.description_id = f.title_id and d.language = ?) AS title,f.title_id,f.weixin_flag
FROM sys_service f
WHERE f.service_name = ?
ORDER BY service_name
---------------------Binding info---------------------
No.1	Access path:/session/@lang	Data type of passed value :java.lang.String	Value:ZHS	Output:false	Database Type:null	
No.2	Access path:/session/@lang	Data type of passed value :java.lang.String	Value:ZHS	Output:false	Database Type:null	
No.3	Access path:@service_name	Data type of passed value :java.lang.String	Value:modules/bgt/BGT2110/bgt_budget_structure.screen	Output:false	Database Type:null	

=============== END [query] SQL Statement execution dump ============

2018-10-21 08:59:08.296 [aurora.presentation.buildsession] [CONFIG] building view: <toolbarButton> -> aurora.presentation.TemplateBasedView@3dda489e
2018-10-21 08:59:08.296 [aurora.presentation.buildsession] [CONFIG] building view: <gridButton> -> aurora.presentation.TemplateBasedView@3dda489e
2018-10-21 08:59:08.297 [aurora.presentation.buildsession] [CONFIG] building view: <gridButton> -> aurora.presentation.TemplateBasedView@3dda489e
2018-10-21 08:59:08.297 [aurora.presentation.buildsession] [CONFIG] building view: <gridButton> -> aurora.presentation.TemplateBasedView@3dda489e
2018-10-21 08:59:08.297 [aurora.presentation.buildsession] [CONFIG] building view: <toolbarButton> -> aurora.presentation.TemplateBasedView@3dda489e
2018-10-21 08:59:08.297 [aurora.presentation.buildsession] [CONFIG] building view: <queryForm> -> aurora.presentation.component.std.QueryForm@6d6ad415
2018-10-21 08:59:08.298 [aurora.presentation.buildsession] [CONFIG] building view: <hBox> -> aurora.presentation.component.std.HBox@48fef54e
2018-10-21 08:59:08.298 [aurora.presentation.buildsession] [CONFIG] building view: <textField> -> aurora.presentation.TemplateBasedView@3dda489e
2018-10-21 08:59:08.298 [aurora.presentation.buildsession] [CONFIG] building view: <textField> -> aurora.presentation.TemplateBasedView@3dda489e
2018-10-21 08:59:08.298 [aurora.presentation.buildsession] [CONFIG] building view: <toolbarButton> -> aurora.presentation.TemplateBasedView@3dda489e
2018-10-21 08:59:08.298 [aurora.presentation.buildsession] [CONFIG] building view: <grid> -> aurora.presentation.TemplateBasedView@3dda489e
2018-10-21 08:59:08.298 [aurora.presentation.buildsession] [CONFIG] building view: <navBar> -> aurora.presentation.TemplateBasedView@3dda489e
2018-10-21 08:59:08.300 [aurora.presentation.buildsession] [CONFIG] building view: <button> -> aurora.presentation.TemplateBasedView@3dda489e
2018-10-21 08:59:08.301 [aurora.presentation.buildsession] [CONFIG] building view: <button> -> aurora.presentation.TemplateBasedView@3dda489e
2018-10-21 08:59:08.301 [aurora.presentation.buildsession] [CONFIG] building view: <separator> -> aurora.presentation.TemplateBasedView@3dda489e
2018-10-21 08:59:08.301 [aurora.presentation.buildsession] [CONFIG] building view: <div> -> aurora.presentation.DefaultViewBuilder@35f5c5a3
2018-10-21 08:59:08.301 [aurora.presentation.buildsession] [CONFIG] building view: <numberField> -> aurora.presentation.TemplateBasedView@3dda489e
2018-10-21 08:59:08.301 [aurora.presentation.buildsession] [CONFIG] building view: <div> -> aurora.presentation.DefaultViewBuilder@35f5c5a3
2018-10-21 08:59:08.301 [aurora.presentation.buildsession] [CONFIG] building view: <separator> -> aurora.presentation.TemplateBasedView@3dda489e
2018-10-21 08:59:08.301 [aurora.presentation.buildsession] [CONFIG] building view: <button> -> aurora.presentation.TemplateBasedView@3dda489e
2018-10-21 08:59:08.302 [aurora.presentation.buildsession] [CONFIG] building view: <button> -> aurora.presentation.TemplateBasedView@3dda489e
2018-10-21 08:59:08.302 [aurora.presentation.buildsession] [CONFIG] building view: <button> -> aurora.presentation.TemplateBasedView@3dda489e
2018-10-21 08:59:08.302 [aurora.presentation.buildsession] [CONFIG] building view: <separator> -> aurora.presentation.TemplateBasedView@3dda489e
2018-10-21 08:59:08.302 [aurora.presentation.buildsession] [CONFIG] building view: <div> -> aurora.presentation.DefaultViewBuilder@35f5c5a3
2018-10-21 08:59:08.302 [aurora.presentation.buildsession] [CONFIG] building view: <comboBox> -> aurora.presentation.TemplateBasedView@3dda489e
2018-10-21 08:59:08.302 [aurora.presentation.buildsession] [CONFIG] building view: <div> -> aurora.presentation.DefaultViewBuilder@35f5c5a3
2018-10-21 08:59:08.302 [aurora.presentation.buildsession] [CONFIG] building view: <separator> -> aurora.presentation.TemplateBasedView@3dda489e
2018-10-21 08:59:08.302 [aurora.presentation.buildsession] [CONFIG] building view: <div> -> aurora.presentation.DefaultViewBuilder@35f5c5a3
2018-10-21 08:59:08.303 [aurora.presentation.buildsession] [CONFIG] building view: <checkBox> -> aurora.presentation.TemplateBasedView@3dda489e
2018-10-21 08:59:08.303 [aurora.presentation.buildsession] [CONFIG] building view: <textField> -> aurora.presentation.TemplateBasedView@3dda489e
2018-10-21 08:59:08.304 [aurora.presentation.buildsession] [CONFIG] building view: <comboBox> -> aurora.presentation.TemplateBasedView@3dda489e
2018-10-21 08:59:08.304 [aurora.presentation.buildsession] [CONFIG] building view: <lov> -> aurora.presentation.TemplateBasedView@3dda489e
2018-10-21 08:59:08.304 [aurora.presentation.buildsession] [CONFIG] End build session
