2018-10-11 08:21:41.969 [aurora.application.session_check] [CONFIG] Session data copied to context
2018-10-11 08:21:41.969 [aurora.application.session_check] [CONFIG] Access check result for modules/expm/EXP5310/exp_report_roll_out_account_create_control.svc => success
2018-10-11 08:21:41.969 [uncertain.proc] [CONFIG] [action] AccessCheck
2018-10-11 08:21:41.972 [uncertain.proc] [CONFIG] [action] CheckServiceLock
2018-10-11 08:21:41.972 [uncertain.proc] [CONFIG] [action] ParseParameter
2018-10-11 08:21:41.972 [uncertain.proc] [CONFIG] [action] ValidateInput
2018-10-11 08:21:41.972 [uncertain.proc] [CONFIG] [action] InvokeService
2018-10-11 08:21:41.972 [aurora.database] [CONFIG] Running batch-apply with data from path /parameter/details, total 1 records
2018-10-11 08:21:41.972 [aurora.database] [CONFIG] Executing batch-apply on parameter No.0
2018-10-11 08:21:41.975 [uncertain.proc] [CONFIG] [action] DecideStatement
2018-10-11 08:21:41.976 [uncertain.proc] [CONFIG] [action] DecideSqlGenerationMode
2018-10-11 08:21:41.976 [uncertain.proc] [FINE] aurora.database.service.BusinessModelService.onDecideSqlGenerationMode
2018-10-11 08:21:41.976 [uncertain.proc] [CONFIG] [action] CreateOperationSql
2018-10-11 08:21:41.976 [uncertain.proc] [CONFIG] [action] PopulateOperationSql
2018-10-11 08:21:41.976 [uncertain.proc] [FINE] aurora.database.features.OrderByClauseCreator.onPopulateOperationSql
2018-10-11 08:21:41.976 [uncertain.proc] [FINE] aurora.database.features.WhereClauseCreator.onPopulateOperationSql
2018-10-11 08:21:41.976 [uncertain.proc] [CONFIG] [action] CreateSqlRunner
2018-10-11 08:21:41.976 [uncertain.proc] [FINE] aurora.database.service.BusinessModelService.onCreateSqlRunner
2018-10-11 08:21:41.976 [uncertain.proc] [CONFIG] [action] ExecuteDmlStatement
2018-10-11 08:21:41.976 [uncertain.proc] [FINE] aurora.database.service.BusinessModelService.onExecuteDmlStatement
2018-10-11 08:21:41.978 [aurora.database] [CONFIG] 
============= BEGIN [Update] SQL Statement execution dump ============

                  begin
                    EXP_REPORT_PKG.EXP_REPORT_ROLL_OUT_SAVE
                    (
                        p_exp_report_line_id=>?,
                        p_roll_out_per=>?,
                        p_user_id=>?
                    );
                end;
            
---------------------Binding info---------------------
No.1	Access path:@exp_report_line_id	Data type of passed value :java.lang.Integer	Value:2502	Output:false	Database Type:null	
No.2	Access path:@roll_out_per	Data type of passed value :java.lang.Integer	Value:50	Output:false	Database Type:null	
No.3	Access path:/session/@user_id	Data type of passed value :java.lang.Long	Value:1	Output:false	Database Type:null	

=============== END [Update] SQL Statement execution dump ============

2018-10-11 08:21:41.979 [uncertain.proc] [CONFIG] [action] DecideStatement
2018-10-11 08:21:41.982 [uncertain.proc] [CONFIG] [action] DecideSqlGenerationMode
2018-10-11 08:21:41.982 [uncertain.proc] [FINE] aurora.database.service.BusinessModelService.onDecideSqlGenerationMode
2018-10-11 08:21:41.982 [uncertain.proc] [CONFIG] [action] CreateOperationSql
2018-10-11 08:21:41.982 [uncertain.proc] [CONFIG] [action] PopulateOperationSql
2018-10-11 08:21:41.982 [uncertain.proc] [FINE] aurora.database.features.OrderByClauseCreator.onPopulateOperationSql
2018-10-11 08:21:41.982 [uncertain.proc] [FINE] aurora.database.features.WhereClauseCreator.onPopulateOperationSql
2018-10-11 08:21:41.982 [uncertain.proc] [CONFIG] [action] CreateSqlRunner
2018-10-11 08:21:41.982 [uncertain.proc] [FINE] aurora.database.service.BusinessModelService.onCreateSqlRunner
2018-10-11 08:21:41.982 [uncertain.proc] [CONFIG] [action] ExecuteDmlStatement
2018-10-11 08:21:41.982 [uncertain.proc] [FINE] aurora.database.service.BusinessModelService.onExecuteDmlStatement
2018-10-11 08:21:42.462 [aurora.database] [CONFIG] 
============= BEGIN [Update] SQL Statement execution dump ============
 begin
			exp_report_pkg.create_expense_report_acc_rt(?,
														--'$ {@ batch_id}',
														 to_date(?,'yyyy-mm-dd'),
														 ?,
														 ?);
                                                    									  
                                 
		end;
---------------------Binding info---------------------
No.1	Access path:@exp_report_line_id	Data type of passed value :java.lang.Integer	Value:2502	Output:false	Database Type:null	
No.2	Access path:@journal_date	Data type of passed value :java.lang.String	Value:2018-10-11	Output:false	Database Type:null	
No.3	Access path:/session/@company_id	Data type of passed value :java.lang.String	Value:835	Output:false	Database Type:null	
No.4	Access path:/session/@user_id	Data type of passed value :java.lang.Long	Value:1	Output:false	Database Type:null	

=============== END [Update] SQL Statement execution dump ============

2018-10-11 08:21:42.462 [uncertain.proc] [CONFIG] [action] CreateSuccessResponse
