2018-10-17 09:24:19.155 [aurora.application.session_check] [CONFIG] Session data copied to context
2018-10-17 09:24:19.155 [aurora.application.session_check] [CONFIG] Access check result for modules/exp/EXP4060/exp_sob_expense_req_types_books_select.screen => success
2018-10-17 09:24:19.156 [uncertain.proc] [CONFIG] [action] AccessCheck
2018-10-17 09:24:19.160 [uncertain.proc] [CONFIG] [action] InitService
2018-10-17 09:24:19.160 [uncertain.proc] [CONFIG] [action] ParseParameter
2018-10-17 09:24:19.160 [uncertain.proc] [CONFIG] [action] CreateModel
2018-10-17 09:24:19.160 [uncertain.proc] [CONFIG] [action] CreateView
2018-10-17 09:24:19.160 [uncertain.proc] [CONFIG] [action] BuildOutputContent
2018-10-17 09:24:19.160 [aurora.presentation.buildsession] [CONFIG] Start build session
2018-10-17 09:24:19.160 [aurora.presentation.buildsession] [CONFIG] building view: <html-page> -> aurora.presentation.component.HtmlPage@44990055
2018-10-17 09:24:19.160 [aurora.presentation.buildsession] [CONFIG] building view: <link> -> aurora.presentation.TemplateBasedView@3dda489e
2018-10-17 09:24:19.161 [aurora.presentation.buildsession] [CONFIG] building view: <script> -> aurora.presentation.DefaultViewBuilder@35f5c5a3
2018-10-17 09:24:19.161 [aurora.presentation.buildsession] [CONFIG] building view: <dataSets> -> aurora.application.features.DataSetInit@67aef88d
2018-10-17 09:24:19.161 [aurora.presentation.buildsession] [CONFIG] building view: <dataSet> -> aurora.presentation.TemplateBasedView@3dda489e
2018-10-17 09:24:19.162 [aurora.presentation.buildsession] [CONFIG] building view: <dataSet> -> aurora.presentation.TemplateBasedView@3dda489e
2018-10-17 09:24:19.162 [aurora.presentation.buildsession] [CONFIG] building view: <screenBody> -> aurora.presentation.component.std.ScreenBody@4f4712d5
2018-10-17 09:24:19.162 [aurora.presentation.buildsession] [CONFIG] building view: <screenTopToolbar> -> aurora.presentation.component.std.ScreenTopToolbar@5d934c37
2018-10-17 09:24:19.162 [aurora.presentation.buildsession] [CONFIG] building view: <screenTitle> -> aurora.presentation.component.std.ScreenTitle@51846478
2018-10-17 09:24:19.168 [uncertain.proc] [CONFIG] [action] DecideSqlGenerationMode
2018-10-17 09:24:19.168 [uncertain.proc] [FINE] aurora.database.service.BusinessModelService.onDecideSqlGenerationMode
2018-10-17 09:24:19.168 [uncertain.proc] [CONFIG] [action] CreatequeryStatement
2018-10-17 09:24:19.168 [uncertain.proc] [FINE] aurora.bm.QuerySqlCreator.onCreateQueryStatement
2018-10-17 09:24:19.168 [uncertain.proc] [CONFIG] [action] PopulatequeryStatement
2018-10-17 09:24:19.168 [uncertain.proc] [FINE] aurora.database.features.OrderByClauseCreator.onPopulateQueryStatement
2018-10-17 09:24:19.168 [uncertain.proc] [FINE] aurora.database.features.WhereClauseCreator.onPopulateQueryStatement
2018-10-17 09:24:19.168 [uncertain.proc] [CONFIG] [action] CreatequerySql
2018-10-17 09:24:19.168 [uncertain.proc] [FINE] aurora.bm.QuerySqlCreator.onCreateQuerySql
2018-10-17 09:24:19.168 [uncertain.proc] [CONFIG] [action] ExecuteQuery
2018-10-17 09:24:19.168 [uncertain.proc] [FINE] aurora.bm.QuerySqlCreator.onExecuteQuery
2018-10-17 09:24:19.168 [uncertain.proc] [CONFIG] [action] QueryFinish
2018-10-17 09:24:19.168 [uncertain.proc] [FINE] aurora.database.features.AutoQueryCounter.onQueryFinish
2018-10-17 09:24:19.168 [uncertain.proc] [CONFIG] [action] FetchResultSet
2018-10-17 09:24:19.168 [uncertain.proc] [FINE] aurora.database.features.CacheBasedLookUpField.postFetchResultSet
2018-10-17 09:24:19.168 [aurora.database] [CONFIG] 
============= BEGIN [query] SQL Statement execution dump ============
SELECT f.service_id,f.service_name,f.is_entry_page,f.is_access_checked,f.is_login_required,f.is_system_access,? AS language,(select d.description_text from fnd_descriptions d where d.description_id = f.title_id and d.language = ?) AS title,f.title_id,f.weixin_flag
FROM sys_service f
WHERE f.service_name = ?
ORDER BY service_name
---------------------Binding info---------------------
No.1	Access path:/session/@lang	Data type of passed value :java.lang.String	Value:ZHS	Output:false	Database Type:null	
No.2	Access path:/session/@lang	Data type of passed value :java.lang.String	Value:ZHS	Output:false	Database Type:null	
No.3	Access path:@service_name	Data type of passed value :java.lang.String	Value:modules/exp/EXP4060/exp_sob_expense_req_types_books_select.screen	Output:false	Database Type:null	

=============== END [query] SQL Statement execution dump ============

2018-10-17 09:24:19.169 [aurora.presentation.buildsession] [CONFIG] building view: <toolbarButton> -> aurora.presentation.TemplateBasedView@3dda489e
2018-10-17 09:24:19.169 [aurora.presentation.buildsession] [CONFIG] building view: <box> -> aurora.presentation.component.std.Box@22a5209c
2018-10-17 09:24:19.169 [aurora.presentation.buildsession] [CONFIG] building view: <comboBox> -> aurora.presentation.TemplateBasedView@3dda489e
2018-10-17 09:24:19.169 [aurora.presentation.buildsession] [CONFIG] building view: <script> -> aurora.presentation.DefaultViewBuilder@35f5c5a3
2018-10-17 09:24:19.169 [aurora.presentation.buildsession] [CONFIG] End build session
