2018-10-17 09:17:28.24 [aurora.application.session_check] [CONFIG] Session data copied to context
2018-10-17 09:17:28.24 [aurora.application.session_check] [CONFIG] Access check result for modules/exp/EXP4060/exp_sob_expense_req_types.screen => success
2018-10-17 09:17:28.24 [uncertain.proc] [CONFIG] [action] AccessCheck
2018-10-17 09:17:28.27 [uncertain.proc] [CONFIG] [action] InitService
2018-10-17 09:17:28.27 [uncertain.proc] [CONFIG] [action] ParseParameter
2018-10-17 09:17:28.27 [uncertain.proc] [CONFIG] [action] CreateModel
2018-10-17 09:17:28.28 [aurora.database] [CONFIG] ===================================== prepare to run model-query exp.EXP4060.gld_currency_query==============================
2018-10-17 09:17:28.31 [uncertain.proc] [CONFIG] [action] DecideSqlGenerationMode
2018-10-17 09:17:28.31 [uncertain.proc] [FINE] aurora.database.service.BusinessModelService.onDecideSqlGenerationMode
2018-10-17 09:17:28.31 [uncertain.proc] [CONFIG] [action] CreateOperationSql
2018-10-17 09:17:28.31 [uncertain.proc] [CONFIG] [action] PopulateOperationSql
2018-10-17 09:17:28.31 [uncertain.proc] [FINE] aurora.database.features.OrderByClauseCreator.onPopulateOperationSql
2018-10-17 09:17:28.31 [uncertain.proc] [FINE] aurora.database.features.WhereClauseCreator.onPopulateOperationSql
2018-10-17 09:17:28.31 [uncertain.proc] [CONFIG] [action] ExecuteQuery
2018-10-17 09:17:28.31 [uncertain.proc] [FINE] aurora.bm.QuerySqlCreator.onExecuteQuery
2018-10-17 09:17:28.32 [uncertain.proc] [CONFIG] [action] QueryFinish
2018-10-17 09:17:28.32 [uncertain.proc] [FINE] aurora.database.features.AutoQueryCounter.onQueryFinish
2018-10-17 09:17:28.32 [uncertain.proc] [CONFIG] [action] FetchResultSet
2018-10-17 09:17:28.32 [uncertain.proc] [FINE] aurora.database.features.CacheBasedLookUpField.postFetchResultSet
2018-10-17 09:17:28.32 [aurora.database] [CONFIG] 
============= BEGIN [query] SQL Statement execution dump ============
select g.currency_code,f.description_text 
  from gld_currency g,fnd_descriptions f 
  where g.currency_name_id = f.description_id and  f.ref_table = 'GLD_CURRENCY' and g.enabled_flag = 'Y'
   and f.ref_field = 'CURRENCY_NAME_ID' and f.language = ?
---------------------Binding info---------------------
No.1	Access path:/session/@lang	Data type of passed value :java.lang.String	Value:ZHS	Output:false	Database Type:null	

=============== END [query] SQL Statement execution dump ============

2018-10-17 09:17:28.32 [aurora.database] [CONFIG] ===================================== prepare to run model-query exp.EXP4060.exp_payment_object==============================
2018-10-17 09:17:28.35 [uncertain.proc] [CONFIG] [action] DecideSqlGenerationMode
2018-10-17 09:17:28.35 [uncertain.proc] [FINE] aurora.database.service.BusinessModelService.onDecideSqlGenerationMode
2018-10-17 09:17:28.35 [uncertain.proc] [CONFIG] [action] CreateOperationSql
2018-10-17 09:17:28.35 [uncertain.proc] [CONFIG] [action] PopulateOperationSql
2018-10-17 09:17:28.35 [uncertain.proc] [FINE] aurora.database.features.OrderByClauseCreator.onPopulateOperationSql
2018-10-17 09:17:28.35 [uncertain.proc] [FINE] aurora.database.features.WhereClauseCreator.onPopulateOperationSql
2018-10-17 09:17:28.35 [uncertain.proc] [CONFIG] [action] ExecuteQuery
2018-10-17 09:17:28.35 [uncertain.proc] [FINE] aurora.bm.QuerySqlCreator.onExecuteQuery
2018-10-17 09:17:28.36 [uncertain.proc] [CONFIG] [action] QueryFinish
2018-10-17 09:17:28.36 [uncertain.proc] [FINE] aurora.database.features.AutoQueryCounter.onQueryFinish
2018-10-17 09:17:28.36 [uncertain.proc] [CONFIG] [action] FetchResultSet
2018-10-17 09:17:28.36 [uncertain.proc] [FINE] aurora.database.features.CacheBasedLookUpField.postFetchResultSet
2018-10-17 09:17:28.36 [aurora.database] [CONFIG] 
============= BEGIN [query] SQL Statement execution dump ============

         select * from (select scv.code_value,f.description_text code_value_name from sys_codes sc,sys_code_values scv,fnd_descriptions f where scv.code_value_name_id = f.description_id
   and sc.code_id = scv.code_id and sc.code = 'PAYMENT_OBJECT' and sc.enabled_flag = 'Y' and scv.enabled_flag = 'Y' and f.language = ?) t 
     
       
---------------------Binding info---------------------
No.1	Access path:/session/@lang	Data type of passed value :java.lang.String	Value:ZHS	Output:false	Database Type:null	

=============== END [query] SQL Statement execution dump ============

2018-10-17 09:17:28.36 [uncertain.proc] [CONFIG] [action] CreateView
2018-10-17 09:17:28.36 [uncertain.proc] [CONFIG] [action] BuildOutputContent
2018-10-17 09:17:28.36 [aurora.presentation.buildsession] [CONFIG] Start build session
2018-10-17 09:17:28.36 [aurora.presentation.buildsession] [CONFIG] building view: <html-page> -> aurora.presentation.component.HtmlPage@3e4ce9cc
2018-10-17 09:17:28.37 [aurora.presentation.buildsession] [CONFIG] building view: <link> -> aurora.presentation.TemplateBasedView@3dda489e
2018-10-17 09:17:28.37 [aurora.presentation.buildsession] [CONFIG] building view: <link> -> aurora.presentation.TemplateBasedView@3dda489e
2018-10-17 09:17:28.37 [aurora.presentation.buildsession] [CONFIG] building view: <link> -> aurora.presentation.TemplateBasedView@3dda489e
2018-10-17 09:17:28.37 [aurora.presentation.buildsession] [CONFIG] building view: <link> -> aurora.presentation.TemplateBasedView@3dda489e
2018-10-17 09:17:28.37 [aurora.presentation.buildsession] [CONFIG] building view: <link> -> aurora.presentation.TemplateBasedView@3dda489e
2018-10-17 09:17:28.38 [aurora.presentation.buildsession] [CONFIG] building view: <link> -> aurora.presentation.TemplateBasedView@3dda489e
2018-10-17 09:17:28.38 [aurora.presentation.buildsession] [CONFIG] building view: <link> -> aurora.presentation.TemplateBasedView@3dda489e
2018-10-17 09:17:28.38 [aurora.presentation.buildsession] [CONFIG] building view: <script> -> aurora.presentation.DefaultViewBuilder@35f5c5a3
2018-10-17 09:17:28.38 [aurora.presentation.buildsession] [CONFIG] building view: <dataSets> -> aurora.application.features.DataSetInit@251ab2d0
2018-10-17 09:17:28.38 [aurora.presentation.buildsession] [CONFIG] building view: <dataSet> -> aurora.presentation.TemplateBasedView@3dda489e
2018-10-17 09:17:28.39 [aurora.presentation.buildsession] [CONFIG] building view: <dataSet> -> aurora.presentation.TemplateBasedView@3dda489e
2018-10-17 09:17:28.39 [aurora.presentation.buildsession] [CONFIG] building view: <dataSet> -> aurora.presentation.TemplateBasedView@3dda489e
2018-10-17 09:17:28.39 [aurora.presentation.buildsession] [CONFIG] building view: <dataSet> -> aurora.presentation.TemplateBasedView@3dda489e
2018-10-17 09:17:28.39 [aurora.presentation.buildsession] [CONFIG] building view: <dataSet> -> aurora.presentation.TemplateBasedView@3dda489e
2018-10-17 09:17:28.40 [aurora.presentation.buildsession] [CONFIG] building view: <dataSet> -> aurora.presentation.TemplateBasedView@3dda489e
2018-10-17 09:17:28.40 [aurora.presentation.buildsession] [CONFIG] building view: <dataSet> -> aurora.presentation.TemplateBasedView@3dda489e
2018-10-17 09:17:28.41 [aurora.presentation.buildsession] [CONFIG] building view: <screenBody> -> aurora.presentation.component.std.ScreenBody@71d8cfbc
2018-10-17 09:17:28.42 [aurora.presentation.buildsession] [CONFIG] building view: <screenTopToolbar> -> aurora.presentation.component.std.ScreenTopToolbar@26beb67e
2018-10-17 09:17:28.42 [aurora.presentation.buildsession] [CONFIG] building view: <screenTitle> -> aurora.presentation.component.std.ScreenTitle@7f6529ec
2018-10-17 09:17:28.45 [uncertain.proc] [CONFIG] [action] DecideSqlGenerationMode
2018-10-17 09:17:28.45 [uncertain.proc] [FINE] aurora.database.service.BusinessModelService.onDecideSqlGenerationMode
2018-10-17 09:17:28.45 [uncertain.proc] [CONFIG] [action] CreatequeryStatement
2018-10-17 09:17:28.45 [uncertain.proc] [FINE] aurora.bm.QuerySqlCreator.onCreateQueryStatement
2018-10-17 09:17:28.45 [uncertain.proc] [CONFIG] [action] PopulatequeryStatement
2018-10-17 09:17:28.45 [uncertain.proc] [FINE] aurora.database.features.OrderByClauseCreator.onPopulateQueryStatement
2018-10-17 09:17:28.45 [uncertain.proc] [FINE] aurora.database.features.WhereClauseCreator.onPopulateQueryStatement
2018-10-17 09:17:28.45 [uncertain.proc] [CONFIG] [action] CreatequerySql
2018-10-17 09:17:28.45 [uncertain.proc] [FINE] aurora.bm.QuerySqlCreator.onCreateQuerySql
2018-10-17 09:17:28.45 [uncertain.proc] [CONFIG] [action] ExecuteQuery
2018-10-17 09:17:28.45 [uncertain.proc] [FINE] aurora.bm.QuerySqlCreator.onExecuteQuery
2018-10-17 09:17:28.46 [uncertain.proc] [CONFIG] [action] QueryFinish
2018-10-17 09:17:28.46 [uncertain.proc] [FINE] aurora.database.features.AutoQueryCounter.onQueryFinish
2018-10-17 09:17:28.46 [uncertain.proc] [CONFIG] [action] FetchResultSet
2018-10-17 09:17:28.46 [uncertain.proc] [FINE] aurora.database.features.CacheBasedLookUpField.postFetchResultSet
2018-10-17 09:17:28.46 [aurora.database] [CONFIG] 
============= BEGIN [query] SQL Statement execution dump ============
SELECT f.service_id,f.service_name,f.is_entry_page,f.is_access_checked,f.is_login_required,f.is_system_access,? AS language,(select d.description_text from fnd_descriptions d where d.description_id = f.title_id and d.language = ?) AS title,f.title_id,f.weixin_flag
FROM sys_service f
WHERE f.service_name = ?
ORDER BY service_name
---------------------Binding info---------------------
No.1	Access path:/session/@lang	Data type of passed value :java.lang.String	Value:ZHS	Output:false	Database Type:null	
No.2	Access path:/session/@lang	Data type of passed value :java.lang.String	Value:ZHS	Output:false	Database Type:null	
No.3	Access path:@service_name	Data type of passed value :java.lang.String	Value:modules/exp/EXP4060/exp_sob_expense_req_types.screen	Output:false	Database Type:null	

=============== END [query] SQL Statement execution dump ============

2018-10-17 09:17:28.46 [aurora.presentation.buildsession] [CONFIG] building view: <toolbarButton> -> aurora.presentation.TemplateBasedView@3dda489e
2018-10-17 09:17:28.46 [aurora.presentation.buildsession] [CONFIG] building view: <toolbarButton> -> aurora.presentation.TemplateBasedView@3dda489e
2018-10-17 09:17:28.46 [aurora.presentation.buildsession] [CONFIG] building view: <toolbarButton> -> aurora.presentation.TemplateBasedView@3dda489e
2018-10-17 09:17:28.47 [aurora.presentation.buildsession] [CONFIG] building view: <gridButton> -> aurora.presentation.TemplateBasedView@3dda489e
2018-10-17 09:17:28.47 [aurora.presentation.buildsession] [CONFIG] building view: <gridButton> -> aurora.presentation.TemplateBasedView@3dda489e
2018-10-17 09:17:28.47 [aurora.presentation.buildsession] [CONFIG] building view: <gridButton> -> aurora.presentation.TemplateBasedView@3dda489e
2018-10-17 09:17:28.47 [aurora.presentation.buildsession] [CONFIG] building view: <queryForm> -> aurora.presentation.component.std.QueryForm@3502e6e4
2018-10-17 09:17:28.47 [aurora.presentation.buildsession] [CONFIG] building view: <hBox> -> aurora.presentation.component.std.HBox@11da0991
2018-10-17 09:17:28.47 [aurora.presentation.buildsession] [CONFIG] building view: <textField> -> aurora.presentation.TemplateBasedView@3dda489e
2018-10-17 09:17:28.48 [aurora.presentation.buildsession] [CONFIG] building view: <textField> -> aurora.presentation.TemplateBasedView@3dda489e
2018-10-17 09:17:28.48 [aurora.presentation.buildsession] [CONFIG] building view: <toolbarButton> -> aurora.presentation.TemplateBasedView@3dda489e
2018-10-17 09:17:28.48 [aurora.presentation.buildsession] [CONFIG] building view: <grid> -> aurora.presentation.TemplateBasedView@3dda489e
2018-10-17 09:17:28.48 [aurora.presentation.buildsession] [CONFIG] building view: <navBar> -> aurora.presentation.TemplateBasedView@3dda489e
2018-10-17 09:17:28.49 [aurora.presentation.buildsession] [CONFIG] building view: <button> -> aurora.presentation.TemplateBasedView@3dda489e
2018-10-17 09:17:28.49 [aurora.presentation.buildsession] [CONFIG] building view: <button> -> aurora.presentation.TemplateBasedView@3dda489e
2018-10-17 09:17:28.49 [aurora.presentation.buildsession] [CONFIG] building view: <separator> -> aurora.presentation.TemplateBasedView@3dda489e
2018-10-17 09:17:28.49 [aurora.presentation.buildsession] [CONFIG] building view: <div> -> aurora.presentation.DefaultViewBuilder@35f5c5a3
2018-10-17 09:17:28.49 [aurora.presentation.buildsession] [CONFIG] building view: <numberField> -> aurora.presentation.TemplateBasedView@3dda489e
2018-10-17 09:17:28.50 [aurora.presentation.buildsession] [CONFIG] building view: <div> -> aurora.presentation.DefaultViewBuilder@35f5c5a3
2018-10-17 09:17:28.50 [aurora.presentation.buildsession] [CONFIG] building view: <separator> -> aurora.presentation.TemplateBasedView@3dda489e
2018-10-17 09:17:28.50 [aurora.presentation.buildsession] [CONFIG] building view: <button> -> aurora.presentation.TemplateBasedView@3dda489e
2018-10-17 09:17:28.50 [aurora.presentation.buildsession] [CONFIG] building view: <button> -> aurora.presentation.TemplateBasedView@3dda489e
2018-10-17 09:17:28.50 [aurora.presentation.buildsession] [CONFIG] building view: <button> -> aurora.presentation.TemplateBasedView@3dda489e
2018-10-17 09:17:28.50 [aurora.presentation.buildsession] [CONFIG] building view: <separator> -> aurora.presentation.TemplateBasedView@3dda489e
2018-10-17 09:17:28.50 [aurora.presentation.buildsession] [CONFIG] building view: <div> -> aurora.presentation.DefaultViewBuilder@35f5c5a3
2018-10-17 09:17:28.50 [aurora.presentation.buildsession] [CONFIG] building view: <comboBox> -> aurora.presentation.TemplateBasedView@3dda489e
2018-10-17 09:17:28.50 [aurora.presentation.buildsession] [CONFIG] building view: <div> -> aurora.presentation.DefaultViewBuilder@35f5c5a3
2018-10-17 09:17:28.50 [aurora.presentation.buildsession] [CONFIG] building view: <separator> -> aurora.presentation.TemplateBasedView@3dda489e
2018-10-17 09:17:28.50 [aurora.presentation.buildsession] [CONFIG] building view: <div> -> aurora.presentation.DefaultViewBuilder@35f5c5a3
2018-10-17 09:17:28.51 [aurora.presentation.buildsession] [CONFIG] building view: <textField> -> aurora.presentation.TemplateBasedView@3dda489e
2018-10-17 09:17:28.52 [aurora.presentation.buildsession] [CONFIG] building view: <textField> -> aurora.presentation.TemplateBasedView@3dda489e
2018-10-17 09:17:28.52 [aurora.presentation.buildsession] [CONFIG] building view: <numberField> -> aurora.presentation.TemplateBasedView@3dda489e
2018-10-17 09:17:28.52 [aurora.presentation.buildsession] [CONFIG] building view: <checkBox> -> aurora.presentation.TemplateBasedView@3dda489e
2018-10-17 09:17:28.52 [aurora.presentation.buildsession] [CONFIG] building view: <comboBox> -> aurora.presentation.TemplateBasedView@3dda489e
2018-10-17 09:17:28.52 [aurora.presentation.buildsession] [CONFIG] building view: <comboBox> -> aurora.presentation.TemplateBasedView@3dda489e
2018-10-17 09:17:28.52 [aurora.presentation.buildsession] [CONFIG] building view: <lov> -> aurora.presentation.TemplateBasedView@3dda489e
2018-10-17 09:17:28.53 [aurora.presentation.buildsession] [CONFIG] building view: <script> -> aurora.presentation.DefaultViewBuilder@35f5c5a3
2018-10-17 09:17:28.53 [aurora.presentation.buildsession] [CONFIG] End build session
