2018-10-21 09:04:25.667 [aurora.application.session_check] [CONFIG] Session data copied to context
2018-10-21 09:04:25.667 [aurora.application.session_check] [CONFIG] Access check result for modules/fnd/FND2220/fnd_dimension_value_assign_unit.svc => success
2018-10-21 09:04:25.667 [uncertain.proc] [CONFIG] [action] AccessCheck
2018-10-21 09:04:25.670 [uncertain.proc] [CONFIG] [action] CheckServiceLock
2018-10-21 09:04:25.670 [uncertain.proc] [CONFIG] [action] ParseParameter
2018-10-21 09:04:25.670 [uncertain.proc] [CONFIG] [action] ValidateInput
2018-10-21 09:04:25.670 [uncertain.proc] [CONFIG] [action] InvokeService
2018-10-21 09:04:25.670 [aurora.database] [CONFIG] Running batch-apply with data from path /parameter, total 1 records
2018-10-21 09:04:25.671 [aurora.database] [CONFIG] Executing batch-apply on parameter No.0
2018-10-21 09:04:25.673 [uncertain.proc] [CONFIG] [action] DecideStatement
2018-10-21 09:04:25.674 [uncertain.proc] [CONFIG] [action] DecideSqlGenerationMode
2018-10-21 09:04:25.674 [uncertain.proc] [FINE] aurora.database.service.BusinessModelService.onDecideSqlGenerationMode
2018-10-21 09:04:25.674 [uncertain.proc] [CONFIG] [action] CreateOperationSql
2018-10-21 09:04:25.674 [uncertain.proc] [CONFIG] [action] PopulateOperationSql
2018-10-21 09:04:25.674 [uncertain.proc] [FINE] aurora.database.features.OrderByClauseCreator.onPopulateOperationSql
2018-10-21 09:04:25.674 [uncertain.proc] [FINE] aurora.database.features.WhereClauseCreator.onPopulateOperationSql
2018-10-21 09:04:25.674 [uncertain.proc] [CONFIG] [action] CreateSqlRunner
2018-10-21 09:04:25.674 [uncertain.proc] [FINE] aurora.database.service.BusinessModelService.onCreateSqlRunner
2018-10-21 09:04:25.674 [uncertain.proc] [CONFIG] [action] ExecuteDmlStatement
2018-10-21 09:04:25.674 [uncertain.proc] [FINE] aurora.database.service.BusinessModelService.onExecuteDmlStatement
2018-10-21 09:04:25.679 [aurora.database] [CONFIG] 
============= BEGIN [execute] SQL Statement execution dump ============

                 BEGIN
                     FND_DIMENSION_VALUES_PKG.INS_FND_UNIT_DIM_VALUE_ASS ( 
                     p_company_id=>?, 
                     p_unit_id=>?, 
                     p_dimension_value_id=>?, 
                     p_enabled_flag=>?, 
                     p_user_id=>? );
                 END;
             
---------------------Binding info---------------------
No.1	Access path:@company_id	Data type of passed value :java.lang.String	Value:2575	Output:false	Database Type:null	
No.2	Access path:@unit_id	Data type of passed value :java.lang.String	Value:8281	Output:false	Database Type:null	
No.3	Access path:@dimension_value_id	Data type of passed value :java.lang.String	Value:51	Output:false	Database Type:null	
No.4	Access path:@enabled_flag	Data type of passed value :java.lang.String	Value:N	Output:false	Database Type:null	
No.5	Access path:/session/@user_id	Data type of passed value :java.lang.Long	Value:2252	Output:false	Database Type:null	

=============== END [execute] SQL Statement execution dump ============

2018-10-21 09:04:25.679 [uncertain.proc] [CONFIG] [action] CreateSuccessResponse
