2018-09-30 02:25:54.952 [aurora.application.session_check] [CONFIG] Session data copied to context
2018-09-30 02:25:54.983 [aurora.application.session_check] [CONFIG] Access check result for modules/fnd/FND2220/fnd_dimension_values.screen => success
2018-09-30 02:25:54.983 [uncertain.proc] [CONFIG] [action] AccessCheck
2018-09-30 02:25:55.27 [uncertain.proc] [CONFIG] [action] InitService
2018-09-30 02:25:55.27 [uncertain.proc] [CONFIG] [action] ParseParameter
2018-09-30 02:25:55.27 [uncertain.proc] [CONFIG] [action] CreateModel
2018-09-30 02:25:55.27 [aurora.database] [CONFIG] ===================================== prepare to run model-query fnd.FND2220.fnd_dimensions_system==============================
2018-09-30 02:25:55.33 [uncertain.proc] [CONFIG] [action] DecideSqlGenerationMode
2018-09-30 02:25:55.33 [uncertain.proc] [FINE] aurora.database.service.BusinessModelService.onDecideSqlGenerationMode
2018-09-30 02:25:55.33 [uncertain.proc] [CONFIG] [action] CreatequeryStatement
2018-09-30 02:25:55.33 [uncertain.proc] [FINE] aurora.bm.QuerySqlCreator.onCreateQueryStatement
2018-09-30 02:25:55.33 [uncertain.proc] [CONFIG] [action] PopulatequeryStatement
2018-09-30 02:25:55.33 [uncertain.proc] [FINE] aurora.database.features.OrderByClauseCreator.onPopulateQueryStatement
2018-09-30 02:25:55.33 [uncertain.proc] [FINE] aurora.database.features.WhereClauseCreator.onPopulateQueryStatement
2018-09-30 02:25:55.33 [uncertain.proc] [CONFIG] [action] CreatequerySql
2018-09-30 02:25:55.33 [uncertain.proc] [FINE] aurora.bm.QuerySqlCreator.onCreateQuerySql
2018-09-30 02:25:55.34 [uncertain.proc] [CONFIG] [action] ExecuteQuery
2018-09-30 02:25:55.34 [uncertain.proc] [FINE] aurora.bm.QuerySqlCreator.onExecuteQuery
2018-09-30 02:25:55.38 [uncertain.proc] [CONFIG] [action] QueryFinish
2018-09-30 02:25:55.38 [uncertain.proc] [FINE] aurora.database.features.AutoQueryCounter.onQueryFinish
2018-09-30 02:25:55.39 [uncertain.proc] [CONFIG] [action] FetchResultSet
2018-09-30 02:25:55.39 [uncertain.proc] [FINE] aurora.database.features.CacheBasedLookUpField.postFetchResultSet
2018-09-30 02:25:55.39 [aurora.database] [CONFIG] 
============= BEGIN [query] SQL Statement execution dump ============
SELECT (t1.dimension_code || '-'||(select DESCRIPTION_TEXT from fnd_descriptions where DESCRIPTION_ID=t1.description_id and Language=?)) AS dimension_code_display,t1.DIMENSION_ID,t1.DIMENSION_SEQUENCE,t1.DIMENSION_CODE,t1.SYSTEM_FLAG,t1.SYSTEM_LEVEL,t1.COMPANY_LEVEL,t1.ENABLED_FLAG,t1.description_id,(select DESCRIPTION_TEXT from fnd_descriptions where DESCRIPTION_ID=t1.description_id and Language=?) AS description
FROM FND_DIMENSIONS t1
WHERE exists ( select 1 from fnd_dimensions where t1.enabled_flag='Y' and t1.system_level='Y' and t1.system_flag!='Y' )
---------------------Binding info---------------------
No.1	Access path:/session/@lang	Data type of passed value :java.lang.String	Value:ZHS	Output:false	Database Type:null	
No.2	Access path:/session/@lang	Data type of passed value :java.lang.String	Value:ZHS	Output:false	Database Type:null	

=============== END [query] SQL Statement execution dump ============

2018-09-30 02:25:55.39 [uncertain.proc] [CONFIG] [action] CreateView
2018-09-30 02:25:55.39 [uncertain.proc] [CONFIG] [action] BuildOutputContent
2018-09-30 02:25:55.39 [aurora.presentation.buildsession] [CONFIG] Start build session
2018-09-30 02:25:55.39 [aurora.presentation.buildsession] [CONFIG] building view: <html-page> -> aurora.presentation.component.HtmlPage@5cac07b5
2018-09-30 02:25:55.41 [aurora.presentation.buildsession] [CONFIG] building view: <link> -> aurora.presentation.TemplateBasedView@314dc5c8
2018-09-30 02:25:55.41 [aurora.presentation.buildsession] [CONFIG] building view: <link> -> aurora.presentation.TemplateBasedView@314dc5c8
2018-09-30 02:25:55.41 [aurora.presentation.buildsession] [CONFIG] building view: <link> -> aurora.presentation.TemplateBasedView@314dc5c8
2018-09-30 02:25:55.41 [aurora.presentation.buildsession] [CONFIG] building view: <link> -> aurora.presentation.TemplateBasedView@314dc5c8
2018-09-30 02:25:55.41 [aurora.presentation.buildsession] [CONFIG] building view: <div> -> aurora.presentation.DefaultViewBuilder@59d097e
2018-09-30 02:25:55.41 [aurora.presentation.buildsession] [CONFIG] building view: <script> -> aurora.presentation.DefaultViewBuilder@59d097e
2018-09-30 02:25:55.42 [aurora.presentation.buildsession] [CONFIG] building view: <dataSets> -> aurora.application.features.DataSetInit@59fac162
2018-09-30 02:25:55.42 [aurora.presentation.buildsession] [CONFIG] building view: <dataSet> -> aurora.presentation.TemplateBasedView@314dc5c8
2018-09-30 02:25:55.42 [aurora.presentation.buildsession] [CONFIG] building view: <dataSet> -> aurora.presentation.TemplateBasedView@314dc5c8
2018-09-30 02:25:55.42 [aurora.presentation.buildsession] [CONFIG] building view: <dataSet> -> aurora.presentation.TemplateBasedView@314dc5c8
2018-09-30 02:25:55.45 [aurora.presentation.buildsession] [CONFIG] building view: <dataSet> -> aurora.presentation.TemplateBasedView@314dc5c8
2018-09-30 02:25:55.46 [aurora.presentation.buildsession] [CONFIG] building view: <dataSet> -> aurora.presentation.TemplateBasedView@314dc5c8
2018-09-30 02:25:55.47 [aurora.presentation.buildsession] [CONFIG] building view: <screenBody> -> aurora.presentation.component.std.ScreenBody@5b8380eb
2018-09-30 02:25:55.47 [aurora.presentation.buildsession] [CONFIG] building view: <screenTopToolbar> -> aurora.presentation.component.std.ScreenTopToolbar@430e370e
2018-09-30 02:25:55.48 [aurora.presentation.buildsession] [CONFIG] building view: <screenTitle> -> aurora.presentation.component.std.ScreenTitle@7fa30175
2018-09-30 02:25:55.52 [uncertain.proc] [CONFIG] [action] DecideSqlGenerationMode
2018-09-30 02:25:55.52 [uncertain.proc] [FINE] aurora.database.service.BusinessModelService.onDecideSqlGenerationMode
2018-09-30 02:25:55.52 [uncertain.proc] [CONFIG] [action] CreatequeryStatement
2018-09-30 02:25:55.52 [uncertain.proc] [FINE] aurora.bm.QuerySqlCreator.onCreateQueryStatement
2018-09-30 02:25:55.52 [uncertain.proc] [CONFIG] [action] PopulatequeryStatement
2018-09-30 02:25:55.52 [uncertain.proc] [FINE] aurora.database.features.OrderByClauseCreator.onPopulateQueryStatement
2018-09-30 02:25:55.52 [uncertain.proc] [FINE] aurora.database.features.WhereClauseCreator.onPopulateQueryStatement
2018-09-30 02:25:55.52 [uncertain.proc] [CONFIG] [action] CreatequerySql
2018-09-30 02:25:55.52 [uncertain.proc] [FINE] aurora.bm.QuerySqlCreator.onCreateQuerySql
2018-09-30 02:25:55.52 [uncertain.proc] [CONFIG] [action] ExecuteQuery
2018-09-30 02:25:55.52 [uncertain.proc] [FINE] aurora.bm.QuerySqlCreator.onExecuteQuery
2018-09-30 02:25:55.53 [uncertain.proc] [CONFIG] [action] QueryFinish
2018-09-30 02:25:55.53 [uncertain.proc] [FINE] aurora.database.features.AutoQueryCounter.onQueryFinish
2018-09-30 02:25:55.53 [uncertain.proc] [CONFIG] [action] FetchResultSet
2018-09-30 02:25:55.53 [uncertain.proc] [FINE] aurora.database.features.CacheBasedLookUpField.postFetchResultSet
2018-09-30 02:25:55.53 [aurora.database] [CONFIG] 
============= BEGIN [query] SQL Statement execution dump ============
SELECT f.service_id,f.service_name,f.is_entry_page,f.is_access_checked,f.is_login_required,f.is_system_access,? AS language,(select d.description_text from fnd_descriptions d where d.description_id = f.title_id and d.language = ?) AS title,f.title_id,f.weixin_flag
FROM sys_service f
WHERE f.service_name = ?
ORDER BY service_name
---------------------Binding info---------------------
No.1	Access path:/session/@lang	Data type of passed value :java.lang.String	Value:ZHS	Output:false	Database Type:null	
No.2	Access path:/session/@lang	Data type of passed value :java.lang.String	Value:ZHS	Output:false	Database Type:null	
No.3	Access path:@service_name	Data type of passed value :java.lang.String	Value:modules/fnd/FND2220/fnd_dimension_values.screen	Output:false	Database Type:null	

=============== END [query] SQL Statement execution dump ============

2018-09-30 02:25:55.53 [aurora.presentation.buildsession] [CONFIG] building view: <toolbarButton> -> aurora.presentation.TemplateBasedView@314dc5c8
2018-09-30 02:25:55.53 [aurora.presentation.buildsession] [CONFIG] building view: <toolbarButton> -> aurora.presentation.TemplateBasedView@314dc5c8
2018-09-30 02:25:55.54 [aurora.presentation.buildsession] [CONFIG] building view: <gridButton> -> aurora.presentation.TemplateBasedView@314dc5c8
2018-09-30 02:25:55.54 [aurora.presentation.buildsession] [CONFIG] building view: <gridButton> -> aurora.presentation.TemplateBasedView@314dc5c8
2018-09-30 02:25:55.54 [aurora.presentation.buildsession] [CONFIG] building view: <gridButton> -> aurora.presentation.TemplateBasedView@314dc5c8
2018-09-30 02:25:55.54 [aurora.presentation.buildsession] [CONFIG] building view: <queryForm> -> aurora.presentation.component.std.QueryForm@50dcb9ec
2018-09-30 02:25:55.55 [aurora.presentation.buildsession] [CONFIG] building view: <hBox> -> aurora.presentation.component.std.HBox@4d516f19
2018-09-30 02:25:55.55 [aurora.presentation.buildsession] [CONFIG] building view: <comboBox> -> aurora.presentation.TemplateBasedView@314dc5c8
2018-09-30 02:25:55.55 [aurora.presentation.buildsession] [CONFIG] building view: <textField> -> aurora.presentation.TemplateBasedView@314dc5c8
2018-09-30 02:25:55.55 [aurora.presentation.buildsession] [CONFIG] building view: <textField> -> aurora.presentation.TemplateBasedView@314dc5c8
2018-09-30 02:25:55.55 [aurora.presentation.buildsession] [CONFIG] building view: <textField> -> aurora.presentation.TemplateBasedView@314dc5c8
2018-09-30 02:25:55.55 [aurora.presentation.buildsession] [CONFIG] building view: <checkBox> -> aurora.presentation.TemplateBasedView@314dc5c8
2018-09-30 02:25:55.56 [aurora.presentation.buildsession] [CONFIG] building view: <checkBox> -> aurora.presentation.TemplateBasedView@314dc5c8
2018-09-30 02:25:55.56 [aurora.presentation.buildsession] [CONFIG] building view: <toolbarButton> -> aurora.presentation.TemplateBasedView@314dc5c8
2018-09-30 02:25:55.56 [aurora.presentation.buildsession] [CONFIG] building view: <grid> -> aurora.presentation.TemplateBasedView@314dc5c8
2018-09-30 02:25:55.56 [aurora.presentation.buildsession] [CONFIG] building view: <navBar> -> aurora.presentation.TemplateBasedView@314dc5c8
2018-09-30 02:25:55.58 [aurora.presentation.buildsession] [CONFIG] building view: <button> -> aurora.presentation.TemplateBasedView@314dc5c8
2018-09-30 02:25:55.58 [aurora.presentation.buildsession] [CONFIG] building view: <button> -> aurora.presentation.TemplateBasedView@314dc5c8
2018-09-30 02:25:55.59 [aurora.presentation.buildsession] [CONFIG] building view: <separator> -> aurora.presentation.TemplateBasedView@314dc5c8
2018-09-30 02:25:55.59 [aurora.presentation.buildsession] [CONFIG] building view: <div> -> aurora.presentation.DefaultViewBuilder@59d097e
2018-09-30 02:25:55.59 [aurora.presentation.buildsession] [CONFIG] building view: <numberField> -> aurora.presentation.TemplateBasedView@314dc5c8
2018-09-30 02:25:55.59 [aurora.presentation.buildsession] [CONFIG] building view: <div> -> aurora.presentation.DefaultViewBuilder@59d097e
2018-09-30 02:25:55.59 [aurora.presentation.buildsession] [CONFIG] building view: <separator> -> aurora.presentation.TemplateBasedView@314dc5c8
2018-09-30 02:25:55.59 [aurora.presentation.buildsession] [CONFIG] building view: <button> -> aurora.presentation.TemplateBasedView@314dc5c8
2018-09-30 02:25:55.59 [aurora.presentation.buildsession] [CONFIG] building view: <button> -> aurora.presentation.TemplateBasedView@314dc5c8
2018-09-30 02:25:55.60 [aurora.presentation.buildsession] [CONFIG] building view: <button> -> aurora.presentation.TemplateBasedView@314dc5c8
2018-09-30 02:25:55.60 [aurora.presentation.buildsession] [CONFIG] building view: <separator> -> aurora.presentation.TemplateBasedView@314dc5c8
2018-09-30 02:25:55.60 [aurora.presentation.buildsession] [CONFIG] building view: <div> -> aurora.presentation.DefaultViewBuilder@59d097e
2018-09-30 02:25:55.60 [aurora.presentation.buildsession] [CONFIG] building view: <comboBox> -> aurora.presentation.TemplateBasedView@314dc5c8
2018-09-30 02:25:55.60 [aurora.presentation.buildsession] [CONFIG] building view: <div> -> aurora.presentation.DefaultViewBuilder@59d097e
2018-09-30 02:25:55.60 [aurora.presentation.buildsession] [CONFIG] building view: <separator> -> aurora.presentation.TemplateBasedView@314dc5c8
2018-09-30 02:25:55.60 [aurora.presentation.buildsession] [CONFIG] building view: <div> -> aurora.presentation.DefaultViewBuilder@59d097e
2018-09-30 02:25:55.61 [aurora.presentation.buildsession] [CONFIG] building view: <textField> -> aurora.presentation.TemplateBasedView@314dc5c8
2018-09-30 02:25:55.61 [aurora.presentation.buildsession] [CONFIG] building view: <textField> -> aurora.presentation.TemplateBasedView@314dc5c8
2018-09-30 02:25:55.62 [aurora.presentation.buildsession] [CONFIG] building view: <checkBox> -> aurora.presentation.TemplateBasedView@314dc5c8
2018-09-30 02:25:55.62 [aurora.presentation.buildsession] [CONFIG] building view: <checkBox> -> aurora.presentation.TemplateBasedView@314dc5c8
2018-09-30 02:25:55.62 [aurora.presentation.buildsession] [CONFIG] building view: <comboBox> -> aurora.presentation.TemplateBasedView@314dc5c8
2018-09-30 02:25:55.63 [aurora.presentation.buildsession] [CONFIG] building view: <script> -> aurora.presentation.DefaultViewBuilder@59d097e
2018-09-30 02:25:55.63 [aurora.presentation.buildsession] [CONFIG] End build session
