2018-10-18 02:26:37.618 [aurora.application.session_check] [CONFIG] Session data copied to context
2018-10-18 02:26:37.619 [aurora.application.session_check] [CONFIG] Access check result for modules/fnd/FND2220/fnd_dimension_values_assigned_batch_tmp.svc => success
2018-10-18 02:26:37.619 [uncertain.proc] [CONFIG] [action] AccessCheck
2018-10-18 02:26:37.621 [uncertain.proc] [CONFIG] [action] CheckServiceLock
2018-10-18 02:26:37.621 [uncertain.proc] [CONFIG] [action] ParseParameter
2018-10-18 02:26:37.621 [uncertain.proc] [CONFIG] [action] ValidateInput
2018-10-18 02:26:37.621 [uncertain.proc] [CONFIG] [action] InvokeService
2018-10-18 02:26:37.625 [uncertain.proc] [CONFIG] [action] DecideStatement
2018-10-18 02:26:37.626 [uncertain.proc] [CONFIG] [action] DecideSqlGenerationMode
2018-10-18 02:26:37.626 [uncertain.proc] [FINE] aurora.database.service.BusinessModelService.onDecideSqlGenerationMode
2018-10-18 02:26:37.626 [uncertain.proc] [CONFIG] [action] CreateOperationSql
2018-10-18 02:26:37.626 [uncertain.proc] [CONFIG] [action] PopulateOperationSql
2018-10-18 02:26:37.626 [uncertain.proc] [FINE] aurora.database.features.OrderByClauseCreator.onPopulateOperationSql
2018-10-18 02:26:37.626 [uncertain.proc] [FINE] aurora.database.features.WhereClauseCreator.onPopulateOperationSql
2018-10-18 02:26:37.626 [uncertain.proc] [CONFIG] [action] CreateSqlRunner
2018-10-18 02:26:37.626 [uncertain.proc] [FINE] aurora.database.service.BusinessModelService.onCreateSqlRunner
2018-10-18 02:26:37.626 [uncertain.proc] [CONFIG] [action] ExecuteDmlStatement
2018-10-18 02:26:37.626 [uncertain.proc] [FINE] aurora.database.service.BusinessModelService.onExecuteDmlStatement
2018-10-18 02:26:37.627 [aurora.database] [CONFIG] 
============= BEGIN [Delete] SQL Statement execution dump ============

	            begin
			         fnd_dimension_values_pkg.delete_fnd_dim_value_tmp
					   (		      
					      ?
					   );
			                                           
				 end;
		
---------------------Binding info---------------------
No.1	Access path:/session/@session_id	Data type of passed value :java.lang.Long	Value:55505	Output:false	Database Type:null	

=============== END [Delete] SQL Statement execution dump ============

2018-10-18 02:26:37.629 [uncertain.proc] [CONFIG] [action] DecideStatement
2018-10-18 02:26:37.630 [uncertain.proc] [CONFIG] [action] DecideSqlGenerationMode
2018-10-18 02:26:37.630 [uncertain.proc] [FINE] aurora.database.service.BusinessModelService.onDecideSqlGenerationMode
2018-10-18 02:26:37.630 [uncertain.proc] [CONFIG] [action] CreateOperationSql
2018-10-18 02:26:37.630 [uncertain.proc] [CONFIG] [action] PopulateOperationSql
2018-10-18 02:26:37.630 [uncertain.proc] [FINE] aurora.database.features.OrderByClauseCreator.onPopulateOperationSql
2018-10-18 02:26:37.630 [uncertain.proc] [FINE] aurora.database.features.WhereClauseCreator.onPopulateOperationSql
2018-10-18 02:26:37.630 [uncertain.proc] [CONFIG] [action] CreateSqlRunner
2018-10-18 02:26:37.630 [uncertain.proc] [FINE] aurora.database.service.BusinessModelService.onCreateSqlRunner
2018-10-18 02:26:37.630 [uncertain.proc] [CONFIG] [action] ExecuteDmlStatement
2018-10-18 02:26:37.630 [uncertain.proc] [FINE] aurora.database.service.BusinessModelService.onExecuteDmlStatement
2018-10-18 02:26:37.632 [aurora.database] [CONFIG] 
============= BEGIN [Delete] SQL Statement execution dump ============

        		begin
        			inv_system_items_pkg.del_fnd_sys_item_asgn_company(?,'FND2310');
        		end;
        
---------------------Binding info---------------------
No.1	Access path:/session/@session_id	Data type of passed value :java.lang.Long	Value:55505	Output:false	Database Type:null	

=============== END [Delete] SQL Statement execution dump ============

2018-10-18 02:26:37.632 [aurora.database] [CONFIG] Running batch-apply with data from path /parameter/lines, total 10 records
2018-10-18 02:26:37.633 [aurora.database] [CONFIG] Executing batch-apply on parameter No.0
2018-10-18 02:26:37.635 [uncertain.proc] [CONFIG] [action] DecideStatement
2018-10-18 02:26:37.636 [uncertain.proc] [CONFIG] [action] DecideSqlGenerationMode
2018-10-18 02:26:37.636 [uncertain.proc] [FINE] aurora.database.service.BusinessModelService.onDecideSqlGenerationMode
2018-10-18 02:26:37.636 [uncertain.proc] [CONFIG] [action] CreateOperationSql
2018-10-18 02:26:37.636 [uncertain.proc] [CONFIG] [action] PopulateOperationSql
2018-10-18 02:26:37.636 [uncertain.proc] [FINE] aurora.database.features.OrderByClauseCreator.onPopulateOperationSql
2018-10-18 02:26:37.636 [uncertain.proc] [FINE] aurora.database.features.WhereClauseCreator.onPopulateOperationSql
2018-10-18 02:26:37.636 [uncertain.proc] [CONFIG] [action] CreateSqlRunner
2018-10-18 02:26:37.636 [uncertain.proc] [FINE] aurora.database.service.BusinessModelService.onCreateSqlRunner
2018-10-18 02:26:37.636 [uncertain.proc] [CONFIG] [action] ExecuteDmlStatement
2018-10-18 02:26:37.636 [uncertain.proc] [FINE] aurora.database.service.BusinessModelService.onExecuteDmlStatement
2018-10-18 02:26:37.637 [aurora.database] [CONFIG] 
============= BEGIN [Insert] SQL Statement execution dump ============

	            begin
					fnd_dimension_values_pkg.insert_fnd_dim_value_tmp(p_dimension_value_id =>?,
								                                      p_session_id         =>?,
								                                      p_created_by         =>?);
				end;
		
---------------------Binding info---------------------
No.1	Access path:@dimension_value_id	Data type of passed value :java.lang.Integer	Value:2	Output:false	Database Type:null	
No.2	Access path:/session/@session_id	Data type of passed value :java.lang.Long	Value:55505	Output:false	Database Type:null	
No.3	Access path:/session/@user_id	Data type of passed value :java.lang.Long	Value:2242	Output:false	Database Type:null	

=============== END [Insert] SQL Statement execution dump ============

2018-10-18 02:26:37.637 [aurora.database] [CONFIG] Executing batch-apply on parameter No.1
2018-10-18 02:26:37.639 [uncertain.proc] [CONFIG] [action] DecideStatement
2018-10-18 02:26:37.640 [uncertain.proc] [CONFIG] [action] DecideSqlGenerationMode
2018-10-18 02:26:37.640 [uncertain.proc] [FINE] aurora.database.service.BusinessModelService.onDecideSqlGenerationMode
2018-10-18 02:26:37.640 [uncertain.proc] [CONFIG] [action] CreateOperationSql
2018-10-18 02:26:37.640 [uncertain.proc] [CONFIG] [action] PopulateOperationSql
2018-10-18 02:26:37.640 [uncertain.proc] [FINE] aurora.database.features.OrderByClauseCreator.onPopulateOperationSql
2018-10-18 02:26:37.640 [uncertain.proc] [FINE] aurora.database.features.WhereClauseCreator.onPopulateOperationSql
2018-10-18 02:26:37.640 [uncertain.proc] [CONFIG] [action] CreateSqlRunner
2018-10-18 02:26:37.640 [uncertain.proc] [FINE] aurora.database.service.BusinessModelService.onCreateSqlRunner
2018-10-18 02:26:37.640 [uncertain.proc] [CONFIG] [action] ExecuteDmlStatement
2018-10-18 02:26:37.640 [uncertain.proc] [FINE] aurora.database.service.BusinessModelService.onExecuteDmlStatement
2018-10-18 02:26:37.641 [aurora.database] [CONFIG] 
============= BEGIN [Insert] SQL Statement execution dump ============

	            begin
					fnd_dimension_values_pkg.insert_fnd_dim_value_tmp(p_dimension_value_id =>?,
								                                      p_session_id         =>?,
								                                      p_created_by         =>?);
				end;
		
---------------------Binding info---------------------
No.1	Access path:@dimension_value_id	Data type of passed value :java.lang.Integer	Value:28	Output:false	Database Type:null	
No.2	Access path:/session/@session_id	Data type of passed value :java.lang.Long	Value:55505	Output:false	Database Type:null	
No.3	Access path:/session/@user_id	Data type of passed value :java.lang.Long	Value:2242	Output:false	Database Type:null	

=============== END [Insert] SQL Statement execution dump ============

2018-10-18 02:26:37.641 [aurora.database] [CONFIG] Executing batch-apply on parameter No.2
2018-10-18 02:26:37.642 [uncertain.proc] [CONFIG] [action] DecideStatement
2018-10-18 02:26:37.643 [uncertain.proc] [CONFIG] [action] DecideSqlGenerationMode
2018-10-18 02:26:37.644 [uncertain.proc] [FINE] aurora.database.service.BusinessModelService.onDecideSqlGenerationMode
2018-10-18 02:26:37.644 [uncertain.proc] [CONFIG] [action] CreateOperationSql
2018-10-18 02:26:37.644 [uncertain.proc] [CONFIG] [action] PopulateOperationSql
2018-10-18 02:26:37.644 [uncertain.proc] [FINE] aurora.database.features.OrderByClauseCreator.onPopulateOperationSql
2018-10-18 02:26:37.644 [uncertain.proc] [FINE] aurora.database.features.WhereClauseCreator.onPopulateOperationSql
2018-10-18 02:26:37.644 [uncertain.proc] [CONFIG] [action] CreateSqlRunner
2018-10-18 02:26:37.644 [uncertain.proc] [FINE] aurora.database.service.BusinessModelService.onCreateSqlRunner
2018-10-18 02:26:37.644 [uncertain.proc] [CONFIG] [action] ExecuteDmlStatement
2018-10-18 02:26:37.644 [uncertain.proc] [FINE] aurora.database.service.BusinessModelService.onExecuteDmlStatement
2018-10-18 02:26:37.644 [aurora.database] [CONFIG] 
============= BEGIN [Insert] SQL Statement execution dump ============

	            begin
					fnd_dimension_values_pkg.insert_fnd_dim_value_tmp(p_dimension_value_id =>?,
								                                      p_session_id         =>?,
								                                      p_created_by         =>?);
				end;
		
---------------------Binding info---------------------
No.1	Access path:@dimension_value_id	Data type of passed value :java.lang.Integer	Value:29	Output:false	Database Type:null	
No.2	Access path:/session/@session_id	Data type of passed value :java.lang.Long	Value:55505	Output:false	Database Type:null	
No.3	Access path:/session/@user_id	Data type of passed value :java.lang.Long	Value:2242	Output:false	Database Type:null	

=============== END [Insert] SQL Statement execution dump ============

2018-10-18 02:26:37.644 [aurora.database] [CONFIG] Executing batch-apply on parameter No.3
2018-10-18 02:26:37.646 [uncertain.proc] [CONFIG] [action] DecideStatement
2018-10-18 02:26:37.648 [uncertain.proc] [CONFIG] [action] DecideSqlGenerationMode
2018-10-18 02:26:37.648 [uncertain.proc] [FINE] aurora.database.service.BusinessModelService.onDecideSqlGenerationMode
2018-10-18 02:26:37.648 [uncertain.proc] [CONFIG] [action] CreateOperationSql
2018-10-18 02:26:37.648 [uncertain.proc] [CONFIG] [action] PopulateOperationSql
2018-10-18 02:26:37.648 [uncertain.proc] [FINE] aurora.database.features.OrderByClauseCreator.onPopulateOperationSql
2018-10-18 02:26:37.648 [uncertain.proc] [FINE] aurora.database.features.WhereClauseCreator.onPopulateOperationSql
2018-10-18 02:26:37.648 [uncertain.proc] [CONFIG] [action] CreateSqlRunner
2018-10-18 02:26:37.648 [uncertain.proc] [FINE] aurora.database.service.BusinessModelService.onCreateSqlRunner
2018-10-18 02:26:37.648 [uncertain.proc] [CONFIG] [action] ExecuteDmlStatement
2018-10-18 02:26:37.648 [uncertain.proc] [FINE] aurora.database.service.BusinessModelService.onExecuteDmlStatement
2018-10-18 02:26:37.648 [aurora.database] [CONFIG] 
============= BEGIN [Insert] SQL Statement execution dump ============

	            begin
					fnd_dimension_values_pkg.insert_fnd_dim_value_tmp(p_dimension_value_id =>?,
								                                      p_session_id         =>?,
								                                      p_created_by         =>?);
				end;
		
---------------------Binding info---------------------
No.1	Access path:@dimension_value_id	Data type of passed value :java.lang.Integer	Value:22	Output:false	Database Type:null	
No.2	Access path:/session/@session_id	Data type of passed value :java.lang.Long	Value:55505	Output:false	Database Type:null	
No.3	Access path:/session/@user_id	Data type of passed value :java.lang.Long	Value:2242	Output:false	Database Type:null	

=============== END [Insert] SQL Statement execution dump ============

2018-10-18 02:26:37.648 [aurora.database] [CONFIG] Executing batch-apply on parameter No.4
2018-10-18 02:26:37.651 [uncertain.proc] [CONFIG] [action] DecideStatement
2018-10-18 02:26:37.653 [uncertain.proc] [CONFIG] [action] DecideSqlGenerationMode
2018-10-18 02:26:37.653 [uncertain.proc] [FINE] aurora.database.service.BusinessModelService.onDecideSqlGenerationMode
2018-10-18 02:26:37.653 [uncertain.proc] [CONFIG] [action] CreateOperationSql
2018-10-18 02:26:37.653 [uncertain.proc] [CONFIG] [action] PopulateOperationSql
2018-10-18 02:26:37.653 [uncertain.proc] [FINE] aurora.database.features.OrderByClauseCreator.onPopulateOperationSql
2018-10-18 02:26:37.653 [uncertain.proc] [FINE] aurora.database.features.WhereClauseCreator.onPopulateOperationSql
2018-10-18 02:26:37.653 [uncertain.proc] [CONFIG] [action] CreateSqlRunner
2018-10-18 02:26:37.653 [uncertain.proc] [FINE] aurora.database.service.BusinessModelService.onCreateSqlRunner
2018-10-18 02:26:37.653 [uncertain.proc] [CONFIG] [action] ExecuteDmlStatement
2018-10-18 02:26:37.653 [uncertain.proc] [FINE] aurora.database.service.BusinessModelService.onExecuteDmlStatement
2018-10-18 02:26:37.653 [aurora.database] [CONFIG] 
============= BEGIN [Insert] SQL Statement execution dump ============

	            begin
					fnd_dimension_values_pkg.insert_fnd_dim_value_tmp(p_dimension_value_id =>?,
								                                      p_session_id         =>?,
								                                      p_created_by         =>?);
				end;
		
---------------------Binding info---------------------
No.1	Access path:@dimension_value_id	Data type of passed value :java.lang.Integer	Value:23	Output:false	Database Type:null	
No.2	Access path:/session/@session_id	Data type of passed value :java.lang.Long	Value:55505	Output:false	Database Type:null	
No.3	Access path:/session/@user_id	Data type of passed value :java.lang.Long	Value:2242	Output:false	Database Type:null	

=============== END [Insert] SQL Statement execution dump ============

2018-10-18 02:26:37.653 [aurora.database] [CONFIG] Executing batch-apply on parameter No.5
2018-10-18 02:26:37.656 [uncertain.proc] [CONFIG] [action] DecideStatement
2018-10-18 02:26:37.657 [uncertain.proc] [CONFIG] [action] DecideSqlGenerationMode
2018-10-18 02:26:37.658 [uncertain.proc] [FINE] aurora.database.service.BusinessModelService.onDecideSqlGenerationMode
2018-10-18 02:26:37.658 [uncertain.proc] [CONFIG] [action] CreateOperationSql
2018-10-18 02:26:37.658 [uncertain.proc] [CONFIG] [action] PopulateOperationSql
2018-10-18 02:26:37.658 [uncertain.proc] [FINE] aurora.database.features.OrderByClauseCreator.onPopulateOperationSql
2018-10-18 02:26:37.658 [uncertain.proc] [FINE] aurora.database.features.WhereClauseCreator.onPopulateOperationSql
2018-10-18 02:26:37.658 [uncertain.proc] [CONFIG] [action] CreateSqlRunner
2018-10-18 02:26:37.658 [uncertain.proc] [FINE] aurora.database.service.BusinessModelService.onCreateSqlRunner
2018-10-18 02:26:37.658 [uncertain.proc] [CONFIG] [action] ExecuteDmlStatement
2018-10-18 02:26:37.658 [uncertain.proc] [FINE] aurora.database.service.BusinessModelService.onExecuteDmlStatement
2018-10-18 02:26:37.658 [aurora.database] [CONFIG] 
============= BEGIN [Insert] SQL Statement execution dump ============

	            begin
					fnd_dimension_values_pkg.insert_fnd_dim_value_tmp(p_dimension_value_id =>?,
								                                      p_session_id         =>?,
								                                      p_created_by         =>?);
				end;
		
---------------------Binding info---------------------
No.1	Access path:@dimension_value_id	Data type of passed value :java.lang.Integer	Value:24	Output:false	Database Type:null	
No.2	Access path:/session/@session_id	Data type of passed value :java.lang.Long	Value:55505	Output:false	Database Type:null	
No.3	Access path:/session/@user_id	Data type of passed value :java.lang.Long	Value:2242	Output:false	Database Type:null	

=============== END [Insert] SQL Statement execution dump ============

2018-10-18 02:26:37.658 [aurora.database] [CONFIG] Executing batch-apply on parameter No.6
2018-10-18 02:26:37.661 [uncertain.proc] [CONFIG] [action] DecideStatement
2018-10-18 02:26:37.662 [uncertain.proc] [CONFIG] [action] DecideSqlGenerationMode
2018-10-18 02:26:37.662 [uncertain.proc] [FINE] aurora.database.service.BusinessModelService.onDecideSqlGenerationMode
2018-10-18 02:26:37.662 [uncertain.proc] [CONFIG] [action] CreateOperationSql
2018-10-18 02:26:37.662 [uncertain.proc] [CONFIG] [action] PopulateOperationSql
2018-10-18 02:26:37.662 [uncertain.proc] [FINE] aurora.database.features.OrderByClauseCreator.onPopulateOperationSql
2018-10-18 02:26:37.662 [uncertain.proc] [FINE] aurora.database.features.WhereClauseCreator.onPopulateOperationSql
2018-10-18 02:26:37.662 [uncertain.proc] [CONFIG] [action] CreateSqlRunner
2018-10-18 02:26:37.662 [uncertain.proc] [FINE] aurora.database.service.BusinessModelService.onCreateSqlRunner
2018-10-18 02:26:37.662 [uncertain.proc] [CONFIG] [action] ExecuteDmlStatement
2018-10-18 02:26:37.662 [uncertain.proc] [FINE] aurora.database.service.BusinessModelService.onExecuteDmlStatement
2018-10-18 02:26:37.663 [aurora.database] [CONFIG] 
============= BEGIN [Insert] SQL Statement execution dump ============

	            begin
					fnd_dimension_values_pkg.insert_fnd_dim_value_tmp(p_dimension_value_id =>?,
								                                      p_session_id         =>?,
								                                      p_created_by         =>?);
				end;
		
---------------------Binding info---------------------
No.1	Access path:@dimension_value_id	Data type of passed value :java.lang.Integer	Value:25	Output:false	Database Type:null	
No.2	Access path:/session/@session_id	Data type of passed value :java.lang.Long	Value:55505	Output:false	Database Type:null	
No.3	Access path:/session/@user_id	Data type of passed value :java.lang.Long	Value:2242	Output:false	Database Type:null	

=============== END [Insert] SQL Statement execution dump ============

2018-10-18 02:26:37.663 [aurora.database] [CONFIG] Executing batch-apply on parameter No.7
2018-10-18 02:26:37.666 [uncertain.proc] [CONFIG] [action] DecideStatement
2018-10-18 02:26:37.667 [uncertain.proc] [CONFIG] [action] DecideSqlGenerationMode
2018-10-18 02:26:37.667 [uncertain.proc] [FINE] aurora.database.service.BusinessModelService.onDecideSqlGenerationMode
2018-10-18 02:26:37.667 [uncertain.proc] [CONFIG] [action] CreateOperationSql
2018-10-18 02:26:37.667 [uncertain.proc] [CONFIG] [action] PopulateOperationSql
2018-10-18 02:26:37.667 [uncertain.proc] [FINE] aurora.database.features.OrderByClauseCreator.onPopulateOperationSql
2018-10-18 02:26:37.667 [uncertain.proc] [FINE] aurora.database.features.WhereClauseCreator.onPopulateOperationSql
2018-10-18 02:26:37.667 [uncertain.proc] [CONFIG] [action] CreateSqlRunner
2018-10-18 02:26:37.667 [uncertain.proc] [FINE] aurora.database.service.BusinessModelService.onCreateSqlRunner
2018-10-18 02:26:37.667 [uncertain.proc] [CONFIG] [action] ExecuteDmlStatement
2018-10-18 02:26:37.667 [uncertain.proc] [FINE] aurora.database.service.BusinessModelService.onExecuteDmlStatement
2018-10-18 02:26:37.668 [aurora.database] [CONFIG] 
============= BEGIN [Insert] SQL Statement execution dump ============

	            begin
					fnd_dimension_values_pkg.insert_fnd_dim_value_tmp(p_dimension_value_id =>?,
								                                      p_session_id         =>?,
								                                      p_created_by         =>?);
				end;
		
---------------------Binding info---------------------
No.1	Access path:@dimension_value_id	Data type of passed value :java.lang.Integer	Value:26	Output:false	Database Type:null	
No.2	Access path:/session/@session_id	Data type of passed value :java.lang.Long	Value:55505	Output:false	Database Type:null	
No.3	Access path:/session/@user_id	Data type of passed value :java.lang.Long	Value:2242	Output:false	Database Type:null	

=============== END [Insert] SQL Statement execution dump ============

2018-10-18 02:26:37.668 [aurora.database] [CONFIG] Executing batch-apply on parameter No.8
2018-10-18 02:26:37.670 [uncertain.proc] [CONFIG] [action] DecideStatement
2018-10-18 02:26:37.671 [uncertain.proc] [CONFIG] [action] DecideSqlGenerationMode
2018-10-18 02:26:37.671 [uncertain.proc] [FINE] aurora.database.service.BusinessModelService.onDecideSqlGenerationMode
2018-10-18 02:26:37.671 [uncertain.proc] [CONFIG] [action] CreateOperationSql
2018-10-18 02:26:37.671 [uncertain.proc] [CONFIG] [action] PopulateOperationSql
2018-10-18 02:26:37.671 [uncertain.proc] [FINE] aurora.database.features.OrderByClauseCreator.onPopulateOperationSql
2018-10-18 02:26:37.671 [uncertain.proc] [FINE] aurora.database.features.WhereClauseCreator.onPopulateOperationSql
2018-10-18 02:26:37.671 [uncertain.proc] [CONFIG] [action] CreateSqlRunner
2018-10-18 02:26:37.671 [uncertain.proc] [FINE] aurora.database.service.BusinessModelService.onCreateSqlRunner
2018-10-18 02:26:37.671 [uncertain.proc] [CONFIG] [action] ExecuteDmlStatement
2018-10-18 02:26:37.671 [uncertain.proc] [FINE] aurora.database.service.BusinessModelService.onExecuteDmlStatement
2018-10-18 02:26:37.672 [aurora.database] [CONFIG] 
============= BEGIN [Insert] SQL Statement execution dump ============

	            begin
					fnd_dimension_values_pkg.insert_fnd_dim_value_tmp(p_dimension_value_id =>?,
								                                      p_session_id         =>?,
								                                      p_created_by         =>?);
				end;
		
---------------------Binding info---------------------
No.1	Access path:@dimension_value_id	Data type of passed value :java.lang.Integer	Value:21	Output:false	Database Type:null	
No.2	Access path:/session/@session_id	Data type of passed value :java.lang.Long	Value:55505	Output:false	Database Type:null	
No.3	Access path:/session/@user_id	Data type of passed value :java.lang.Long	Value:2242	Output:false	Database Type:null	

=============== END [Insert] SQL Statement execution dump ============

2018-10-18 02:26:37.672 [aurora.database] [CONFIG] Executing batch-apply on parameter No.9
2018-10-18 02:26:37.674 [uncertain.proc] [CONFIG] [action] DecideStatement
2018-10-18 02:26:37.675 [uncertain.proc] [CONFIG] [action] DecideSqlGenerationMode
2018-10-18 02:26:37.675 [uncertain.proc] [FINE] aurora.database.service.BusinessModelService.onDecideSqlGenerationMode
2018-10-18 02:26:37.675 [uncertain.proc] [CONFIG] [action] CreateOperationSql
2018-10-18 02:26:37.675 [uncertain.proc] [CONFIG] [action] PopulateOperationSql
2018-10-18 02:26:37.675 [uncertain.proc] [FINE] aurora.database.features.OrderByClauseCreator.onPopulateOperationSql
2018-10-18 02:26:37.675 [uncertain.proc] [FINE] aurora.database.features.WhereClauseCreator.onPopulateOperationSql
2018-10-18 02:26:37.675 [uncertain.proc] [CONFIG] [action] CreateSqlRunner
2018-10-18 02:26:37.675 [uncertain.proc] [FINE] aurora.database.service.BusinessModelService.onCreateSqlRunner
2018-10-18 02:26:37.675 [uncertain.proc] [CONFIG] [action] ExecuteDmlStatement
2018-10-18 02:26:37.675 [uncertain.proc] [FINE] aurora.database.service.BusinessModelService.onExecuteDmlStatement
2018-10-18 02:26:37.676 [aurora.database] [CONFIG] 
============= BEGIN [Insert] SQL Statement execution dump ============

	            begin
					fnd_dimension_values_pkg.insert_fnd_dim_value_tmp(p_dimension_value_id =>?,
								                                      p_session_id         =>?,
								                                      p_created_by         =>?);
				end;
		
---------------------Binding info---------------------
No.1	Access path:@dimension_value_id	Data type of passed value :java.lang.Integer	Value:27	Output:false	Database Type:null	
No.2	Access path:/session/@session_id	Data type of passed value :java.lang.Long	Value:55505	Output:false	Database Type:null	
No.3	Access path:/session/@user_id	Data type of passed value :java.lang.Long	Value:2242	Output:false	Database Type:null	

=============== END [Insert] SQL Statement execution dump ============

2018-10-18 02:26:37.676 [uncertain.proc] [CONFIG] [action] CreateSuccessResponse
