2018-10-18 02:11:08.366 [aurora.application.session_check] [CONFIG] Session data copied to context
2018-10-18 02:11:08.366 [aurora.application.session_check] [CONFIG] Access check result for modules/fnd/FND2220/fnd_dimension_unit_values_assigned_batch.svc => success
2018-10-18 02:11:08.366 [uncertain.proc] [CONFIG] [action] AccessCheck
2018-10-18 02:11:08.369 [uncertain.proc] [CONFIG] [action] CheckServiceLock
2018-10-18 02:11:08.369 [uncertain.proc] [CONFIG] [action] ParseParameter
2018-10-18 02:11:08.369 [uncertain.proc] [CONFIG] [action] ValidateInput
2018-10-18 02:11:08.369 [uncertain.proc] [CONFIG] [action] InvokeService
2018-10-18 02:11:08.369 [aurora.database] [CONFIG] Running batch-apply with data from path /parameter/lines, total 1 records
2018-10-18 02:11:08.369 [aurora.database] [CONFIG] Executing batch-apply on parameter No.0
2018-10-18 02:11:08.374 [uncertain.proc] [CONFIG] [action] DecideStatement
2018-10-18 02:11:08.375 [uncertain.proc] [CONFIG] [action] DecideSqlGenerationMode
2018-10-18 02:11:08.375 [uncertain.proc] [FINE] aurora.database.service.BusinessModelService.onDecideSqlGenerationMode
2018-10-18 02:11:08.375 [uncertain.proc] [CONFIG] [action] CreateOperationSql
2018-10-18 02:11:08.375 [uncertain.proc] [CONFIG] [action] PopulateOperationSql
2018-10-18 02:11:08.375 [uncertain.proc] [FINE] aurora.database.features.OrderByClauseCreator.onPopulateOperationSql
2018-10-18 02:11:08.375 [uncertain.proc] [FINE] aurora.database.features.WhereClauseCreator.onPopulateOperationSql
2018-10-18 02:11:08.375 [uncertain.proc] [CONFIG] [action] CreateSqlRunner
2018-10-18 02:11:08.375 [uncertain.proc] [FINE] aurora.database.service.BusinessModelService.onCreateSqlRunner
2018-10-18 02:11:08.375 [uncertain.proc] [CONFIG] [action] ExecuteDmlStatement
2018-10-18 02:11:08.375 [uncertain.proc] [FINE] aurora.database.service.BusinessModelService.onExecuteDmlStatement
2018-10-18 02:11:08.380 [aurora.database] [CONFIG] 
============= BEGIN [Insert] SQL Statement execution dump ============

                BEGIN
                    fnd_dimension_values_pkg.import_all_unit_to_dim( 
                    ?, 
                    ?, 
                    ?, 
                    ?);
                END;
            
---------------------Binding info---------------------
No.1	Access path:@company_id	Data type of passed value :java.lang.String	Value:2555	Output:false	Database Type:null	
No.2	Access path:@unit_id	Data type of passed value :java.lang.String	Value:8271	Output:false	Database Type:null	
No.3	Access path:/session/@session_id	Data type of passed value :java.lang.Long	Value:55505	Output:false	Database Type:null	
No.4	Access path:/session/@user_id	Data type of passed value :java.lang.Long	Value:2242	Output:false	Database Type:null	

=============== END [Insert] SQL Statement execution dump ============

2018-10-18 02:11:08.384 [uncertain.proc] [CONFIG] [action] DecideStatement
2018-10-18 02:11:08.385 [uncertain.proc] [CONFIG] [action] DecideSqlGenerationMode
2018-10-18 02:11:08.385 [uncertain.proc] [FINE] aurora.database.service.BusinessModelService.onDecideSqlGenerationMode
2018-10-18 02:11:08.385 [uncertain.proc] [CONFIG] [action] CreateOperationSql
2018-10-18 02:11:08.385 [uncertain.proc] [CONFIG] [action] PopulateOperationSql
2018-10-18 02:11:08.385 [uncertain.proc] [FINE] aurora.database.features.OrderByClauseCreator.onPopulateOperationSql
2018-10-18 02:11:08.385 [uncertain.proc] [FINE] aurora.database.features.WhereClauseCreator.onPopulateOperationSql
2018-10-18 02:11:08.385 [uncertain.proc] [CONFIG] [action] CreateSqlRunner
2018-10-18 02:11:08.385 [uncertain.proc] [FINE] aurora.database.service.BusinessModelService.onCreateSqlRunner
2018-10-18 02:11:08.385 [uncertain.proc] [CONFIG] [action] ExecuteDmlStatement
2018-10-18 02:11:08.385 [uncertain.proc] [FINE] aurora.database.service.BusinessModelService.onExecuteDmlStatement
2018-10-18 02:11:08.386 [aurora.database] [CONFIG] 
============= BEGIN [Delete] SQL Statement execution dump ============

	            begin
			         fnd_dimension_values_pkg.delete_fnd_dim_value_unit_tmp
					   (		      
					      ?
					   );
				 end;
		
---------------------Binding info---------------------
No.1	Access path:/session/@session_id	Data type of passed value :java.lang.Long	Value:55505	Output:false	Database Type:null	

=============== END [Delete] SQL Statement execution dump ============

2018-10-18 02:11:08.386 [uncertain.proc] [CONFIG] [action] CreateSuccessResponse
