2018-09-30 02:26:49.688 [aurora.application.session_check] [CONFIG] Session data copied to context
2018-09-30 02:26:49.688 [aurora.application.session_check] [CONFIG] Access check result for modules/fnd/FND2220/fnd_dimension_unit_values_assigned_batch.svc => success
2018-09-30 02:26:49.688 [uncertain.proc] [CONFIG] [action] AccessCheck
2018-09-30 02:26:49.693 [uncertain.proc] [CONFIG] [action] CheckServiceLock
2018-09-30 02:26:49.693 [uncertain.proc] [CONFIG] [action] ParseParameter
2018-09-30 02:26:49.694 [uncertain.proc] [CONFIG] [action] ValidateInput
2018-09-30 02:26:49.694 [uncertain.proc] [CONFIG] [action] InvokeService
2018-09-30 02:26:49.694 [aurora.database] [CONFIG] Running batch-apply with data from path /parameter/lines, total 30 records
2018-09-30 02:26:49.694 [aurora.database] [CONFIG] Executing batch-apply on parameter No.0
2018-09-30 02:26:49.697 [uncertain.proc] [CONFIG] [action] DecideStatement
2018-09-30 02:26:49.699 [uncertain.proc] [CONFIG] [action] DecideSqlGenerationMode
2018-09-30 02:26:49.699 [uncertain.proc] [FINE] aurora.database.service.BusinessModelService.onDecideSqlGenerationMode
2018-09-30 02:26:49.699 [uncertain.proc] [CONFIG] [action] CreateOperationSql
2018-09-30 02:26:49.699 [uncertain.proc] [CONFIG] [action] PopulateOperationSql
2018-09-30 02:26:49.699 [uncertain.proc] [FINE] aurora.database.features.OrderByClauseCreator.onPopulateOperationSql
2018-09-30 02:26:49.699 [uncertain.proc] [FINE] aurora.database.features.WhereClauseCreator.onPopulateOperationSql
2018-09-30 02:26:49.699 [uncertain.proc] [CONFIG] [action] CreateSqlRunner
2018-09-30 02:26:49.699 [uncertain.proc] [FINE] aurora.database.service.BusinessModelService.onCreateSqlRunner
2018-09-30 02:26:49.699 [uncertain.proc] [CONFIG] [action] ExecuteDmlStatement
2018-09-30 02:26:49.699 [uncertain.proc] [FINE] aurora.database.service.BusinessModelService.onExecuteDmlStatement
2018-09-30 02:26:49.709 [aurora.database] [CONFIG] 
============= BEGIN [Insert] SQL Statement execution dump ============

                BEGIN
                    fnd_dimension_values_pkg.import_all_unit_to_dim( 
                    ?, 
                    ?, 
                    ?, 
                    ?);
                END;
            
---------------------Binding info---------------------
No.1	Access path:@company_id	Data type of passed value :java.lang.String	Value:835	Output:false	Database Type:null	
No.2	Access path:@unit_id	Data type of passed value :java.lang.String	Value:41	Output:false	Database Type:null	
No.3	Access path:/session/@session_id	Data type of passed value :java.lang.Long	Value:55338	Output:false	Database Type:null	
No.4	Access path:/session/@user_id	Data type of passed value :java.lang.Long	Value:1	Output:false	Database Type:null	

=============== END [Insert] SQL Statement execution dump ============

2018-09-30 02:26:49.709 [aurora.database] [CONFIG] Executing batch-apply on parameter No.1
2018-09-30 02:26:49.713 [uncertain.proc] [CONFIG] [action] DecideStatement
2018-09-30 02:26:49.714 [uncertain.proc] [CONFIG] [action] DecideSqlGenerationMode
2018-09-30 02:26:49.714 [uncertain.proc] [FINE] aurora.database.service.BusinessModelService.onDecideSqlGenerationMode
2018-09-30 02:26:49.714 [uncertain.proc] [CONFIG] [action] CreateOperationSql
2018-09-30 02:26:49.714 [uncertain.proc] [CONFIG] [action] PopulateOperationSql
2018-09-30 02:26:49.714 [uncertain.proc] [FINE] aurora.database.features.OrderByClauseCreator.onPopulateOperationSql
2018-09-30 02:26:49.714 [uncertain.proc] [FINE] aurora.database.features.WhereClauseCreator.onPopulateOperationSql
2018-09-30 02:26:49.714 [uncertain.proc] [CONFIG] [action] CreateSqlRunner
2018-09-30 02:26:49.714 [uncertain.proc] [FINE] aurora.database.service.BusinessModelService.onCreateSqlRunner
2018-09-30 02:26:49.714 [uncertain.proc] [CONFIG] [action] ExecuteDmlStatement
2018-09-30 02:26:49.714 [uncertain.proc] [FINE] aurora.database.service.BusinessModelService.onExecuteDmlStatement
2018-09-30 02:26:49.716 [aurora.database] [CONFIG] 
============= BEGIN [Insert] SQL Statement execution dump ============

                BEGIN
                    fnd_dimension_values_pkg.import_all_unit_to_dim( 
                    ?, 
                    ?, 
                    ?, 
                    ?);
                END;
            
---------------------Binding info---------------------
No.1	Access path:@company_id	Data type of passed value :java.lang.String	Value:835	Output:false	Database Type:null	
No.2	Access path:@unit_id	Data type of passed value :java.lang.String	Value:1	Output:false	Database Type:null	
No.3	Access path:/session/@session_id	Data type of passed value :java.lang.Long	Value:55338	Output:false	Database Type:null	
No.4	Access path:/session/@user_id	Data type of passed value :java.lang.Long	Value:1	Output:false	Database Type:null	

=============== END [Insert] SQL Statement execution dump ============

2018-09-30 02:26:49.716 [aurora.database] [CONFIG] Executing batch-apply on parameter No.2
2018-09-30 02:26:49.721 [uncertain.proc] [CONFIG] [action] DecideStatement
2018-09-30 02:26:49.722 [uncertain.proc] [CONFIG] [action] DecideSqlGenerationMode
2018-09-30 02:26:49.722 [uncertain.proc] [FINE] aurora.database.service.BusinessModelService.onDecideSqlGenerationMode
2018-09-30 02:26:49.722 [uncertain.proc] [CONFIG] [action] CreateOperationSql
2018-09-30 02:26:49.722 [uncertain.proc] [CONFIG] [action] PopulateOperationSql
2018-09-30 02:26:49.722 [uncertain.proc] [FINE] aurora.database.features.OrderByClauseCreator.onPopulateOperationSql
2018-09-30 02:26:49.722 [uncertain.proc] [FINE] aurora.database.features.WhereClauseCreator.onPopulateOperationSql
2018-09-30 02:26:49.723 [uncertain.proc] [CONFIG] [action] CreateSqlRunner
2018-09-30 02:26:49.723 [uncertain.proc] [FINE] aurora.database.service.BusinessModelService.onCreateSqlRunner
2018-09-30 02:26:49.723 [uncertain.proc] [CONFIG] [action] ExecuteDmlStatement
2018-09-30 02:26:49.723 [uncertain.proc] [FINE] aurora.database.service.BusinessModelService.onExecuteDmlStatement
2018-09-30 02:26:49.724 [aurora.database] [CONFIG] 
============= BEGIN [Insert] SQL Statement execution dump ============

                BEGIN
                    fnd_dimension_values_pkg.import_all_unit_to_dim( 
                    ?, 
                    ?, 
                    ?, 
                    ?);
                END;
            
---------------------Binding info---------------------
No.1	Access path:@company_id	Data type of passed value :java.lang.String	Value:835	Output:false	Database Type:null	
No.2	Access path:@unit_id	Data type of passed value :java.lang.String	Value:2	Output:false	Database Type:null	
No.3	Access path:/session/@session_id	Data type of passed value :java.lang.Long	Value:55338	Output:false	Database Type:null	
No.4	Access path:/session/@user_id	Data type of passed value :java.lang.Long	Value:1	Output:false	Database Type:null	

=============== END [Insert] SQL Statement execution dump ============

2018-09-30 02:26:49.724 [aurora.database] [CONFIG] Executing batch-apply on parameter No.3
2018-09-30 02:26:49.728 [uncertain.proc] [CONFIG] [action] DecideStatement
2018-09-30 02:26:49.730 [uncertain.proc] [CONFIG] [action] DecideSqlGenerationMode
2018-09-30 02:26:49.730 [uncertain.proc] [FINE] aurora.database.service.BusinessModelService.onDecideSqlGenerationMode
2018-09-30 02:26:49.730 [uncertain.proc] [CONFIG] [action] CreateOperationSql
2018-09-30 02:26:49.730 [uncertain.proc] [CONFIG] [action] PopulateOperationSql
2018-09-30 02:26:49.730 [uncertain.proc] [FINE] aurora.database.features.OrderByClauseCreator.onPopulateOperationSql
2018-09-30 02:26:49.730 [uncertain.proc] [FINE] aurora.database.features.WhereClauseCreator.onPopulateOperationSql
2018-09-30 02:26:49.730 [uncertain.proc] [CONFIG] [action] CreateSqlRunner
2018-09-30 02:26:49.730 [uncertain.proc] [FINE] aurora.database.service.BusinessModelService.onCreateSqlRunner
2018-09-30 02:26:49.730 [uncertain.proc] [CONFIG] [action] ExecuteDmlStatement
2018-09-30 02:26:49.730 [uncertain.proc] [FINE] aurora.database.service.BusinessModelService.onExecuteDmlStatement
2018-09-30 02:26:49.732 [aurora.database] [CONFIG] 
============= BEGIN [Insert] SQL Statement execution dump ============

                BEGIN
                    fnd_dimension_values_pkg.import_all_unit_to_dim( 
                    ?, 
                    ?, 
                    ?, 
                    ?);
                END;
            
---------------------Binding info---------------------
No.1	Access path:@company_id	Data type of passed value :java.lang.String	Value:835	Output:false	Database Type:null	
No.2	Access path:@unit_id	Data type of passed value :java.lang.String	Value:3	Output:false	Database Type:null	
No.3	Access path:/session/@session_id	Data type of passed value :java.lang.Long	Value:55338	Output:false	Database Type:null	
No.4	Access path:/session/@user_id	Data type of passed value :java.lang.Long	Value:1	Output:false	Database Type:null	

=============== END [Insert] SQL Statement execution dump ============

2018-09-30 02:26:49.732 [aurora.database] [CONFIG] Executing batch-apply on parameter No.4
2018-09-30 02:26:49.736 [uncertain.proc] [CONFIG] [action] DecideStatement
2018-09-30 02:26:49.738 [uncertain.proc] [CONFIG] [action] DecideSqlGenerationMode
2018-09-30 02:26:49.738 [uncertain.proc] [FINE] aurora.database.service.BusinessModelService.onDecideSqlGenerationMode
2018-09-30 02:26:49.738 [uncertain.proc] [CONFIG] [action] CreateOperationSql
2018-09-30 02:26:49.738 [uncertain.proc] [CONFIG] [action] PopulateOperationSql
2018-09-30 02:26:49.738 [uncertain.proc] [FINE] aurora.database.features.OrderByClauseCreator.onPopulateOperationSql
2018-09-30 02:26:49.738 [uncertain.proc] [FINE] aurora.database.features.WhereClauseCreator.onPopulateOperationSql
2018-09-30 02:26:49.738 [uncertain.proc] [CONFIG] [action] CreateSqlRunner
2018-09-30 02:26:49.738 [uncertain.proc] [FINE] aurora.database.service.BusinessModelService.onCreateSqlRunner
2018-09-30 02:26:49.738 [uncertain.proc] [CONFIG] [action] ExecuteDmlStatement
2018-09-30 02:26:49.738 [uncertain.proc] [FINE] aurora.database.service.BusinessModelService.onExecuteDmlStatement
2018-09-30 02:26:49.739 [aurora.database] [CONFIG] 
============= BEGIN [Insert] SQL Statement execution dump ============

                BEGIN
                    fnd_dimension_values_pkg.import_all_unit_to_dim( 
                    ?, 
                    ?, 
                    ?, 
                    ?);
                END;
            
---------------------Binding info---------------------
No.1	Access path:@company_id	Data type of passed value :java.lang.String	Value:835	Output:false	Database Type:null	
No.2	Access path:@unit_id	Data type of passed value :java.lang.String	Value:331	Output:false	Database Type:null	
No.3	Access path:/session/@session_id	Data type of passed value :java.lang.Long	Value:55338	Output:false	Database Type:null	
No.4	Access path:/session/@user_id	Data type of passed value :java.lang.Long	Value:1	Output:false	Database Type:null	

=============== END [Insert] SQL Statement execution dump ============

2018-09-30 02:26:49.739 [aurora.database] [CONFIG] Executing batch-apply on parameter No.5
2018-09-30 02:26:49.744 [uncertain.proc] [CONFIG] [action] DecideStatement
2018-09-30 02:26:49.745 [uncertain.proc] [CONFIG] [action] DecideSqlGenerationMode
2018-09-30 02:26:49.745 [uncertain.proc] [FINE] aurora.database.service.BusinessModelService.onDecideSqlGenerationMode
2018-09-30 02:26:49.745 [uncertain.proc] [CONFIG] [action] CreateOperationSql
2018-09-30 02:26:49.745 [uncertain.proc] [CONFIG] [action] PopulateOperationSql
2018-09-30 02:26:49.745 [uncertain.proc] [FINE] aurora.database.features.OrderByClauseCreator.onPopulateOperationSql
2018-09-30 02:26:49.745 [uncertain.proc] [FINE] aurora.database.features.WhereClauseCreator.onPopulateOperationSql
2018-09-30 02:26:49.745 [uncertain.proc] [CONFIG] [action] CreateSqlRunner
2018-09-30 02:26:49.745 [uncertain.proc] [FINE] aurora.database.service.BusinessModelService.onCreateSqlRunner
2018-09-30 02:26:49.745 [uncertain.proc] [CONFIG] [action] ExecuteDmlStatement
2018-09-30 02:26:49.745 [uncertain.proc] [FINE] aurora.database.service.BusinessModelService.onExecuteDmlStatement
2018-09-30 02:26:49.747 [aurora.database] [CONFIG] 
============= BEGIN [Insert] SQL Statement execution dump ============

                BEGIN
                    fnd_dimension_values_pkg.import_all_unit_to_dim( 
                    ?, 
                    ?, 
                    ?, 
                    ?);
                END;
            
---------------------Binding info---------------------
No.1	Access path:@company_id	Data type of passed value :java.lang.String	Value:835	Output:false	Database Type:null	
No.2	Access path:@unit_id	Data type of passed value :java.lang.String	Value:4	Output:false	Database Type:null	
No.3	Access path:/session/@session_id	Data type of passed value :java.lang.Long	Value:55338	Output:false	Database Type:null	
No.4	Access path:/session/@user_id	Data type of passed value :java.lang.Long	Value:1	Output:false	Database Type:null	

=============== END [Insert] SQL Statement execution dump ============

2018-09-30 02:26:49.747 [aurora.database] [CONFIG] Executing batch-apply on parameter No.6
2018-09-30 02:26:49.751 [uncertain.proc] [CONFIG] [action] DecideStatement
2018-09-30 02:26:49.753 [uncertain.proc] [CONFIG] [action] DecideSqlGenerationMode
2018-09-30 02:26:49.753 [uncertain.proc] [FINE] aurora.database.service.BusinessModelService.onDecideSqlGenerationMode
2018-09-30 02:26:49.753 [uncertain.proc] [CONFIG] [action] CreateOperationSql
2018-09-30 02:26:49.753 [uncertain.proc] [CONFIG] [action] PopulateOperationSql
2018-09-30 02:26:49.753 [uncertain.proc] [FINE] aurora.database.features.OrderByClauseCreator.onPopulateOperationSql
2018-09-30 02:26:49.753 [uncertain.proc] [FINE] aurora.database.features.WhereClauseCreator.onPopulateOperationSql
2018-09-30 02:26:49.753 [uncertain.proc] [CONFIG] [action] CreateSqlRunner
2018-09-30 02:26:49.753 [uncertain.proc] [FINE] aurora.database.service.BusinessModelService.onCreateSqlRunner
2018-09-30 02:26:49.753 [uncertain.proc] [CONFIG] [action] ExecuteDmlStatement
2018-09-30 02:26:49.753 [uncertain.proc] [FINE] aurora.database.service.BusinessModelService.onExecuteDmlStatement
2018-09-30 02:26:49.755 [aurora.database] [CONFIG] 
============= BEGIN [Insert] SQL Statement execution dump ============

                BEGIN
                    fnd_dimension_values_pkg.import_all_unit_to_dim( 
                    ?, 
                    ?, 
                    ?, 
                    ?);
                END;
            
---------------------Binding info---------------------
No.1	Access path:@company_id	Data type of passed value :java.lang.String	Value:835	Output:false	Database Type:null	
No.2	Access path:@unit_id	Data type of passed value :java.lang.String	Value:10	Output:false	Database Type:null	
No.3	Access path:/session/@session_id	Data type of passed value :java.lang.Long	Value:55338	Output:false	Database Type:null	
No.4	Access path:/session/@user_id	Data type of passed value :java.lang.Long	Value:1	Output:false	Database Type:null	

=============== END [Insert] SQL Statement execution dump ============

2018-09-30 02:26:49.755 [aurora.database] [CONFIG] Executing batch-apply on parameter No.7
2018-09-30 02:26:49.759 [uncertain.proc] [CONFIG] [action] DecideStatement
2018-09-30 02:26:49.761 [uncertain.proc] [CONFIG] [action] DecideSqlGenerationMode
2018-09-30 02:26:49.761 [uncertain.proc] [FINE] aurora.database.service.BusinessModelService.onDecideSqlGenerationMode
2018-09-30 02:26:49.761 [uncertain.proc] [CONFIG] [action] CreateOperationSql
2018-09-30 02:26:49.761 [uncertain.proc] [CONFIG] [action] PopulateOperationSql
2018-09-30 02:26:49.761 [uncertain.proc] [FINE] aurora.database.features.OrderByClauseCreator.onPopulateOperationSql
2018-09-30 02:26:49.761 [uncertain.proc] [FINE] aurora.database.features.WhereClauseCreator.onPopulateOperationSql
2018-09-30 02:26:49.761 [uncertain.proc] [CONFIG] [action] CreateSqlRunner
2018-09-30 02:26:49.761 [uncertain.proc] [FINE] aurora.database.service.BusinessModelService.onCreateSqlRunner
2018-09-30 02:26:49.761 [uncertain.proc] [CONFIG] [action] ExecuteDmlStatement
2018-09-30 02:26:49.761 [uncertain.proc] [FINE] aurora.database.service.BusinessModelService.onExecuteDmlStatement
2018-09-30 02:26:49.762 [aurora.database] [CONFIG] 
============= BEGIN [Insert] SQL Statement execution dump ============

                BEGIN
                    fnd_dimension_values_pkg.import_all_unit_to_dim( 
                    ?, 
                    ?, 
                    ?, 
                    ?);
                END;
            
---------------------Binding info---------------------
No.1	Access path:@company_id	Data type of passed value :java.lang.String	Value:835	Output:false	Database Type:null	
No.2	Access path:@unit_id	Data type of passed value :java.lang.String	Value:8	Output:false	Database Type:null	
No.3	Access path:/session/@session_id	Data type of passed value :java.lang.Long	Value:55338	Output:false	Database Type:null	
No.4	Access path:/session/@user_id	Data type of passed value :java.lang.Long	Value:1	Output:false	Database Type:null	

=============== END [Insert] SQL Statement execution dump ============

2018-09-30 02:26:49.763 [aurora.database] [CONFIG] Executing batch-apply on parameter No.8
2018-09-30 02:26:49.766 [uncertain.proc] [CONFIG] [action] DecideStatement
2018-09-30 02:26:49.768 [uncertain.proc] [CONFIG] [action] DecideSqlGenerationMode
2018-09-30 02:26:49.768 [uncertain.proc] [FINE] aurora.database.service.BusinessModelService.onDecideSqlGenerationMode
2018-09-30 02:26:49.768 [uncertain.proc] [CONFIG] [action] CreateOperationSql
2018-09-30 02:26:49.768 [uncertain.proc] [CONFIG] [action] PopulateOperationSql
2018-09-30 02:26:49.768 [uncertain.proc] [FINE] aurora.database.features.OrderByClauseCreator.onPopulateOperationSql
2018-09-30 02:26:49.768 [uncertain.proc] [FINE] aurora.database.features.WhereClauseCreator.onPopulateOperationSql
2018-09-30 02:26:49.768 [uncertain.proc] [CONFIG] [action] CreateSqlRunner
2018-09-30 02:26:49.768 [uncertain.proc] [FINE] aurora.database.service.BusinessModelService.onCreateSqlRunner
2018-09-30 02:26:49.768 [uncertain.proc] [CONFIG] [action] ExecuteDmlStatement
2018-09-30 02:26:49.768 [uncertain.proc] [FINE] aurora.database.service.BusinessModelService.onExecuteDmlStatement
2018-09-30 02:26:49.770 [aurora.database] [CONFIG] 
============= BEGIN [Insert] SQL Statement execution dump ============

                BEGIN
                    fnd_dimension_values_pkg.import_all_unit_to_dim( 
                    ?, 
                    ?, 
                    ?, 
                    ?);
                END;
            
---------------------Binding info---------------------
No.1	Access path:@company_id	Data type of passed value :java.lang.String	Value:835	Output:false	Database Type:null	
No.2	Access path:@unit_id	Data type of passed value :java.lang.String	Value:9	Output:false	Database Type:null	
No.3	Access path:/session/@session_id	Data type of passed value :java.lang.Long	Value:55338	Output:false	Database Type:null	
No.4	Access path:/session/@user_id	Data type of passed value :java.lang.Long	Value:1	Output:false	Database Type:null	

=============== END [Insert] SQL Statement execution dump ============

2018-09-30 02:26:49.770 [aurora.database] [CONFIG] Executing batch-apply on parameter No.9
2018-09-30 02:26:49.774 [uncertain.proc] [CONFIG] [action] DecideStatement
2018-09-30 02:26:49.775 [uncertain.proc] [CONFIG] [action] DecideSqlGenerationMode
2018-09-30 02:26:49.775 [uncertain.proc] [FINE] aurora.database.service.BusinessModelService.onDecideSqlGenerationMode
2018-09-30 02:26:49.775 [uncertain.proc] [CONFIG] [action] CreateOperationSql
2018-09-30 02:26:49.775 [uncertain.proc] [CONFIG] [action] PopulateOperationSql
2018-09-30 02:26:49.775 [uncertain.proc] [FINE] aurora.database.features.OrderByClauseCreator.onPopulateOperationSql
2018-09-30 02:26:49.775 [uncertain.proc] [FINE] aurora.database.features.WhereClauseCreator.onPopulateOperationSql
2018-09-30 02:26:49.775 [uncertain.proc] [CONFIG] [action] CreateSqlRunner
2018-09-30 02:26:49.775 [uncertain.proc] [FINE] aurora.database.service.BusinessModelService.onCreateSqlRunner
2018-09-30 02:26:49.775 [uncertain.proc] [CONFIG] [action] ExecuteDmlStatement
2018-09-30 02:26:49.775 [uncertain.proc] [FINE] aurora.database.service.BusinessModelService.onExecuteDmlStatement
2018-09-30 02:26:49.777 [aurora.database] [CONFIG] 
============= BEGIN [Insert] SQL Statement execution dump ============

                BEGIN
                    fnd_dimension_values_pkg.import_all_unit_to_dim( 
                    ?, 
                    ?, 
                    ?, 
                    ?);
                END;
            
---------------------Binding info---------------------
No.1	Access path:@company_id	Data type of passed value :java.lang.String	Value:835	Output:false	Database Type:null	
No.2	Access path:@unit_id	Data type of passed value :java.lang.String	Value:5	Output:false	Database Type:null	
No.3	Access path:/session/@session_id	Data type of passed value :java.lang.Long	Value:55338	Output:false	Database Type:null	
No.4	Access path:/session/@user_id	Data type of passed value :java.lang.Long	Value:1	Output:false	Database Type:null	

=============== END [Insert] SQL Statement execution dump ============

2018-09-30 02:26:49.777 [aurora.database] [CONFIG] Executing batch-apply on parameter No.10
2018-09-30 02:26:49.781 [uncertain.proc] [CONFIG] [action] DecideStatement
2018-09-30 02:26:49.782 [uncertain.proc] [CONFIG] [action] DecideSqlGenerationMode
2018-09-30 02:26:49.783 [uncertain.proc] [FINE] aurora.database.service.BusinessModelService.onDecideSqlGenerationMode
2018-09-30 02:26:49.783 [uncertain.proc] [CONFIG] [action] CreateOperationSql
2018-09-30 02:26:49.783 [uncertain.proc] [CONFIG] [action] PopulateOperationSql
2018-09-30 02:26:49.783 [uncertain.proc] [FINE] aurora.database.features.OrderByClauseCreator.onPopulateOperationSql
2018-09-30 02:26:49.783 [uncertain.proc] [FINE] aurora.database.features.WhereClauseCreator.onPopulateOperationSql
2018-09-30 02:26:49.783 [uncertain.proc] [CONFIG] [action] CreateSqlRunner
2018-09-30 02:26:49.783 [uncertain.proc] [FINE] aurora.database.service.BusinessModelService.onCreateSqlRunner
2018-09-30 02:26:49.783 [uncertain.proc] [CONFIG] [action] ExecuteDmlStatement
2018-09-30 02:26:49.783 [uncertain.proc] [FINE] aurora.database.service.BusinessModelService.onExecuteDmlStatement
2018-09-30 02:26:49.784 [aurora.database] [CONFIG] 
============= BEGIN [Insert] SQL Statement execution dump ============

                BEGIN
                    fnd_dimension_values_pkg.import_all_unit_to_dim( 
                    ?, 
                    ?, 
                    ?, 
                    ?);
                END;
            
---------------------Binding info---------------------
No.1	Access path:@company_id	Data type of passed value :java.lang.String	Value:835	Output:false	Database Type:null	
No.2	Access path:@unit_id	Data type of passed value :java.lang.String	Value:46	Output:false	Database Type:null	
No.3	Access path:/session/@session_id	Data type of passed value :java.lang.Long	Value:55338	Output:false	Database Type:null	
No.4	Access path:/session/@user_id	Data type of passed value :java.lang.Long	Value:1	Output:false	Database Type:null	

=============== END [Insert] SQL Statement execution dump ============

2018-09-30 02:26:49.785 [aurora.database] [CONFIG] Executing batch-apply on parameter No.11
2018-09-30 02:26:49.789 [uncertain.proc] [CONFIG] [action] DecideStatement
2018-09-30 02:26:49.790 [uncertain.proc] [CONFIG] [action] DecideSqlGenerationMode
2018-09-30 02:26:49.790 [uncertain.proc] [FINE] aurora.database.service.BusinessModelService.onDecideSqlGenerationMode
2018-09-30 02:26:49.790 [uncertain.proc] [CONFIG] [action] CreateOperationSql
2018-09-30 02:26:49.790 [uncertain.proc] [CONFIG] [action] PopulateOperationSql
2018-09-30 02:26:49.790 [uncertain.proc] [FINE] aurora.database.features.OrderByClauseCreator.onPopulateOperationSql
2018-09-30 02:26:49.790 [uncertain.proc] [FINE] aurora.database.features.WhereClauseCreator.onPopulateOperationSql
2018-09-30 02:26:49.790 [uncertain.proc] [CONFIG] [action] CreateSqlRunner
2018-09-30 02:26:49.790 [uncertain.proc] [FINE] aurora.database.service.BusinessModelService.onCreateSqlRunner
2018-09-30 02:26:49.790 [uncertain.proc] [CONFIG] [action] ExecuteDmlStatement
2018-09-30 02:26:49.790 [uncertain.proc] [FINE] aurora.database.service.BusinessModelService.onExecuteDmlStatement
2018-09-30 02:26:49.792 [aurora.database] [CONFIG] 
============= BEGIN [Insert] SQL Statement execution dump ============

                BEGIN
                    fnd_dimension_values_pkg.import_all_unit_to_dim( 
                    ?, 
                    ?, 
                    ?, 
                    ?);
                END;
            
---------------------Binding info---------------------
No.1	Access path:@company_id	Data type of passed value :java.lang.String	Value:835	Output:false	Database Type:null	
No.2	Access path:@unit_id	Data type of passed value :java.lang.String	Value:50	Output:false	Database Type:null	
No.3	Access path:/session/@session_id	Data type of passed value :java.lang.Long	Value:55338	Output:false	Database Type:null	
No.4	Access path:/session/@user_id	Data type of passed value :java.lang.Long	Value:1	Output:false	Database Type:null	

=============== END [Insert] SQL Statement execution dump ============

2018-09-30 02:26:49.792 [aurora.database] [CONFIG] Executing batch-apply on parameter No.12
2018-09-30 02:26:49.796 [uncertain.proc] [CONFIG] [action] DecideStatement
2018-09-30 02:26:49.798 [uncertain.proc] [CONFIG] [action] DecideSqlGenerationMode
2018-09-30 02:26:49.798 [uncertain.proc] [FINE] aurora.database.service.BusinessModelService.onDecideSqlGenerationMode
2018-09-30 02:26:49.798 [uncertain.proc] [CONFIG] [action] CreateOperationSql
2018-09-30 02:26:49.798 [uncertain.proc] [CONFIG] [action] PopulateOperationSql
2018-09-30 02:26:49.798 [uncertain.proc] [FINE] aurora.database.features.OrderByClauseCreator.onPopulateOperationSql
2018-09-30 02:26:49.798 [uncertain.proc] [FINE] aurora.database.features.WhereClauseCreator.onPopulateOperationSql
2018-09-30 02:26:49.798 [uncertain.proc] [CONFIG] [action] CreateSqlRunner
2018-09-30 02:26:49.798 [uncertain.proc] [FINE] aurora.database.service.BusinessModelService.onCreateSqlRunner
2018-09-30 02:26:49.798 [uncertain.proc] [CONFIG] [action] ExecuteDmlStatement
2018-09-30 02:26:49.798 [uncertain.proc] [FINE] aurora.database.service.BusinessModelService.onExecuteDmlStatement
2018-09-30 02:26:49.800 [aurora.database] [CONFIG] 
============= BEGIN [Insert] SQL Statement execution dump ============

                BEGIN
                    fnd_dimension_values_pkg.import_all_unit_to_dim( 
                    ?, 
                    ?, 
                    ?, 
                    ?);
                END;
            
---------------------Binding info---------------------
No.1	Access path:@company_id	Data type of passed value :java.lang.String	Value:835	Output:false	Database Type:null	
No.2	Access path:@unit_id	Data type of passed value :java.lang.String	Value:11	Output:false	Database Type:null	
No.3	Access path:/session/@session_id	Data type of passed value :java.lang.Long	Value:55338	Output:false	Database Type:null	
No.4	Access path:/session/@user_id	Data type of passed value :java.lang.Long	Value:1	Output:false	Database Type:null	

=============== END [Insert] SQL Statement execution dump ============

2018-09-30 02:26:49.800 [aurora.database] [CONFIG] Executing batch-apply on parameter No.13
2018-09-30 02:26:49.804 [uncertain.proc] [CONFIG] [action] DecideStatement
2018-09-30 02:26:49.805 [uncertain.proc] [CONFIG] [action] DecideSqlGenerationMode
2018-09-30 02:26:49.805 [uncertain.proc] [FINE] aurora.database.service.BusinessModelService.onDecideSqlGenerationMode
2018-09-30 02:26:49.806 [uncertain.proc] [CONFIG] [action] CreateOperationSql
2018-09-30 02:26:49.806 [uncertain.proc] [CONFIG] [action] PopulateOperationSql
2018-09-30 02:26:49.806 [uncertain.proc] [FINE] aurora.database.features.OrderByClauseCreator.onPopulateOperationSql
2018-09-30 02:26:49.806 [uncertain.proc] [FINE] aurora.database.features.WhereClauseCreator.onPopulateOperationSql
2018-09-30 02:26:49.806 [uncertain.proc] [CONFIG] [action] CreateSqlRunner
2018-09-30 02:26:49.806 [uncertain.proc] [FINE] aurora.database.service.BusinessModelService.onCreateSqlRunner
2018-09-30 02:26:49.806 [uncertain.proc] [CONFIG] [action] ExecuteDmlStatement
2018-09-30 02:26:49.806 [uncertain.proc] [FINE] aurora.database.service.BusinessModelService.onExecuteDmlStatement
2018-09-30 02:26:49.807 [aurora.database] [CONFIG] 
============= BEGIN [Insert] SQL Statement execution dump ============

                BEGIN
                    fnd_dimension_values_pkg.import_all_unit_to_dim( 
                    ?, 
                    ?, 
                    ?, 
                    ?);
                END;
            
---------------------Binding info---------------------
No.1	Access path:@company_id	Data type of passed value :java.lang.String	Value:835	Output:false	Database Type:null	
No.2	Access path:@unit_id	Data type of passed value :java.lang.String	Value:43	Output:false	Database Type:null	
No.3	Access path:/session/@session_id	Data type of passed value :java.lang.Long	Value:55338	Output:false	Database Type:null	
No.4	Access path:/session/@user_id	Data type of passed value :java.lang.Long	Value:1	Output:false	Database Type:null	

=============== END [Insert] SQL Statement execution dump ============

2018-09-30 02:26:49.808 [aurora.database] [CONFIG] Executing batch-apply on parameter No.14
2018-09-30 02:26:49.813 [uncertain.proc] [CONFIG] [action] DecideStatement
2018-09-30 02:26:49.814 [uncertain.proc] [CONFIG] [action] DecideSqlGenerationMode
2018-09-30 02:26:49.814 [uncertain.proc] [FINE] aurora.database.service.BusinessModelService.onDecideSqlGenerationMode
2018-09-30 02:26:49.814 [uncertain.proc] [CONFIG] [action] CreateOperationSql
2018-09-30 02:26:49.814 [uncertain.proc] [CONFIG] [action] PopulateOperationSql
2018-09-30 02:26:49.814 [uncertain.proc] [FINE] aurora.database.features.OrderByClauseCreator.onPopulateOperationSql
2018-09-30 02:26:49.814 [uncertain.proc] [FINE] aurora.database.features.WhereClauseCreator.onPopulateOperationSql
2018-09-30 02:26:49.814 [uncertain.proc] [CONFIG] [action] CreateSqlRunner
2018-09-30 02:26:49.815 [uncertain.proc] [FINE] aurora.database.service.BusinessModelService.onCreateSqlRunner
2018-09-30 02:26:49.815 [uncertain.proc] [CONFIG] [action] ExecuteDmlStatement
2018-09-30 02:26:49.815 [uncertain.proc] [FINE] aurora.database.service.BusinessModelService.onExecuteDmlStatement
2018-09-30 02:26:49.816 [aurora.database] [CONFIG] 
============= BEGIN [Insert] SQL Statement execution dump ============

                BEGIN
                    fnd_dimension_values_pkg.import_all_unit_to_dim( 
                    ?, 
                    ?, 
                    ?, 
                    ?);
                END;
            
---------------------Binding info---------------------
No.1	Access path:@company_id	Data type of passed value :java.lang.String	Value:835	Output:false	Database Type:null	
No.2	Access path:@unit_id	Data type of passed value :java.lang.String	Value:42	Output:false	Database Type:null	
No.3	Access path:/session/@session_id	Data type of passed value :java.lang.Long	Value:55338	Output:false	Database Type:null	
No.4	Access path:/session/@user_id	Data type of passed value :java.lang.Long	Value:1	Output:false	Database Type:null	

=============== END [Insert] SQL Statement execution dump ============

2018-09-30 02:26:49.816 [aurora.database] [CONFIG] Executing batch-apply on parameter No.15
2018-09-30 02:26:49.819 [uncertain.proc] [CONFIG] [action] DecideStatement
2018-09-30 02:26:49.821 [uncertain.proc] [CONFIG] [action] DecideSqlGenerationMode
2018-09-30 02:26:49.821 [uncertain.proc] [FINE] aurora.database.service.BusinessModelService.onDecideSqlGenerationMode
2018-09-30 02:26:49.821 [uncertain.proc] [CONFIG] [action] CreateOperationSql
2018-09-30 02:26:49.821 [uncertain.proc] [CONFIG] [action] PopulateOperationSql
2018-09-30 02:26:49.821 [uncertain.proc] [FINE] aurora.database.features.OrderByClauseCreator.onPopulateOperationSql
2018-09-30 02:26:49.821 [uncertain.proc] [FINE] aurora.database.features.WhereClauseCreator.onPopulateOperationSql
2018-09-30 02:26:49.821 [uncertain.proc] [CONFIG] [action] CreateSqlRunner
2018-09-30 02:26:49.821 [uncertain.proc] [FINE] aurora.database.service.BusinessModelService.onCreateSqlRunner
2018-09-30 02:26:49.821 [uncertain.proc] [CONFIG] [action] ExecuteDmlStatement
2018-09-30 02:26:49.821 [uncertain.proc] [FINE] aurora.database.service.BusinessModelService.onExecuteDmlStatement
2018-09-30 02:26:49.822 [aurora.database] [CONFIG] 
============= BEGIN [Insert] SQL Statement execution dump ============

                BEGIN
                    fnd_dimension_values_pkg.import_all_unit_to_dim( 
                    ?, 
                    ?, 
                    ?, 
                    ?);
                END;
            
---------------------Binding info---------------------
No.1	Access path:@company_id	Data type of passed value :java.lang.String	Value:835	Output:false	Database Type:null	
No.2	Access path:@unit_id	Data type of passed value :java.lang.String	Value:47	Output:false	Database Type:null	
No.3	Access path:/session/@session_id	Data type of passed value :java.lang.Long	Value:55338	Output:false	Database Type:null	
No.4	Access path:/session/@user_id	Data type of passed value :java.lang.Long	Value:1	Output:false	Database Type:null	

=============== END [Insert] SQL Statement execution dump ============

2018-09-30 02:26:49.822 [aurora.database] [CONFIG] Executing batch-apply on parameter No.16
2018-09-30 02:26:49.826 [uncertain.proc] [CONFIG] [action] DecideStatement
2018-09-30 02:26:49.827 [uncertain.proc] [CONFIG] [action] DecideSqlGenerationMode
2018-09-30 02:26:49.827 [uncertain.proc] [FINE] aurora.database.service.BusinessModelService.onDecideSqlGenerationMode
2018-09-30 02:26:49.828 [uncertain.proc] [CONFIG] [action] CreateOperationSql
2018-09-30 02:26:49.828 [uncertain.proc] [CONFIG] [action] PopulateOperationSql
2018-09-30 02:26:49.828 [uncertain.proc] [FINE] aurora.database.features.OrderByClauseCreator.onPopulateOperationSql
2018-09-30 02:26:49.828 [uncertain.proc] [FINE] aurora.database.features.WhereClauseCreator.onPopulateOperationSql
2018-09-30 02:26:49.828 [uncertain.proc] [CONFIG] [action] CreateSqlRunner
2018-09-30 02:26:49.828 [uncertain.proc] [FINE] aurora.database.service.BusinessModelService.onCreateSqlRunner
2018-09-30 02:26:49.828 [uncertain.proc] [CONFIG] [action] ExecuteDmlStatement
2018-09-30 02:26:49.828 [uncertain.proc] [FINE] aurora.database.service.BusinessModelService.onExecuteDmlStatement
2018-09-30 02:26:49.829 [aurora.database] [CONFIG] 
============= BEGIN [Insert] SQL Statement execution dump ============

                BEGIN
                    fnd_dimension_values_pkg.import_all_unit_to_dim( 
                    ?, 
                    ?, 
                    ?, 
                    ?);
                END;
            
---------------------Binding info---------------------
No.1	Access path:@company_id	Data type of passed value :java.lang.String	Value:835	Output:false	Database Type:null	
No.2	Access path:@unit_id	Data type of passed value :java.lang.String	Value:51	Output:false	Database Type:null	
No.3	Access path:/session/@session_id	Data type of passed value :java.lang.Long	Value:55338	Output:false	Database Type:null	
No.4	Access path:/session/@user_id	Data type of passed value :java.lang.Long	Value:1	Output:false	Database Type:null	

=============== END [Insert] SQL Statement execution dump ============

2018-09-30 02:26:49.829 [aurora.database] [CONFIG] Executing batch-apply on parameter No.17
2018-09-30 02:26:49.832 [uncertain.proc] [CONFIG] [action] DecideStatement
2018-09-30 02:26:49.833 [uncertain.proc] [CONFIG] [action] DecideSqlGenerationMode
2018-09-30 02:26:49.833 [uncertain.proc] [FINE] aurora.database.service.BusinessModelService.onDecideSqlGenerationMode
2018-09-30 02:26:49.833 [uncertain.proc] [CONFIG] [action] CreateOperationSql
2018-09-30 02:26:49.833 [uncertain.proc] [CONFIG] [action] PopulateOperationSql
2018-09-30 02:26:49.833 [uncertain.proc] [FINE] aurora.database.features.OrderByClauseCreator.onPopulateOperationSql
2018-09-30 02:26:49.833 [uncertain.proc] [FINE] aurora.database.features.WhereClauseCreator.onPopulateOperationSql
2018-09-30 02:26:49.833 [uncertain.proc] [CONFIG] [action] CreateSqlRunner
2018-09-30 02:26:49.833 [uncertain.proc] [FINE] aurora.database.service.BusinessModelService.onCreateSqlRunner
2018-09-30 02:26:49.833 [uncertain.proc] [CONFIG] [action] ExecuteDmlStatement
2018-09-30 02:26:49.833 [uncertain.proc] [FINE] aurora.database.service.BusinessModelService.onExecuteDmlStatement
2018-09-30 02:26:49.835 [aurora.database] [CONFIG] 
============= BEGIN [Insert] SQL Statement execution dump ============

                BEGIN
                    fnd_dimension_values_pkg.import_all_unit_to_dim( 
                    ?, 
                    ?, 
                    ?, 
                    ?);
                END;
            
---------------------Binding info---------------------
No.1	Access path:@company_id	Data type of passed value :java.lang.String	Value:835	Output:false	Database Type:null	
No.2	Access path:@unit_id	Data type of passed value :java.lang.String	Value:6	Output:false	Database Type:null	
No.3	Access path:/session/@session_id	Data type of passed value :java.lang.Long	Value:55338	Output:false	Database Type:null	
No.4	Access path:/session/@user_id	Data type of passed value :java.lang.Long	Value:1	Output:false	Database Type:null	

=============== END [Insert] SQL Statement execution dump ============

2018-09-30 02:26:49.835 [aurora.database] [CONFIG] Executing batch-apply on parameter No.18
2018-09-30 02:26:49.838 [uncertain.proc] [CONFIG] [action] DecideStatement
2018-09-30 02:26:49.839 [uncertain.proc] [CONFIG] [action] DecideSqlGenerationMode
2018-09-30 02:26:49.839 [uncertain.proc] [FINE] aurora.database.service.BusinessModelService.onDecideSqlGenerationMode
2018-09-30 02:26:49.839 [uncertain.proc] [CONFIG] [action] CreateOperationSql
2018-09-30 02:26:49.839 [uncertain.proc] [CONFIG] [action] PopulateOperationSql
2018-09-30 02:26:49.839 [uncertain.proc] [FINE] aurora.database.features.OrderByClauseCreator.onPopulateOperationSql
2018-09-30 02:26:49.839 [uncertain.proc] [FINE] aurora.database.features.WhereClauseCreator.onPopulateOperationSql
2018-09-30 02:26:49.839 [uncertain.proc] [CONFIG] [action] CreateSqlRunner
2018-09-30 02:26:49.839 [uncertain.proc] [FINE] aurora.database.service.BusinessModelService.onCreateSqlRunner
2018-09-30 02:26:49.839 [uncertain.proc] [CONFIG] [action] ExecuteDmlStatement
2018-09-30 02:26:49.839 [uncertain.proc] [FINE] aurora.database.service.BusinessModelService.onExecuteDmlStatement
2018-09-30 02:26:49.840 [aurora.database] [CONFIG] 
============= BEGIN [Insert] SQL Statement execution dump ============

                BEGIN
                    fnd_dimension_values_pkg.import_all_unit_to_dim( 
                    ?, 
                    ?, 
                    ?, 
                    ?);
                END;
            
---------------------Binding info---------------------
No.1	Access path:@company_id	Data type of passed value :java.lang.String	Value:835	Output:false	Database Type:null	
No.2	Access path:@unit_id	Data type of passed value :java.lang.String	Value:48	Output:false	Database Type:null	
No.3	Access path:/session/@session_id	Data type of passed value :java.lang.Long	Value:55338	Output:false	Database Type:null	
No.4	Access path:/session/@user_id	Data type of passed value :java.lang.Long	Value:1	Output:false	Database Type:null	

=============== END [Insert] SQL Statement execution dump ============

2018-09-30 02:26:49.840 [aurora.database] [CONFIG] Executing batch-apply on parameter No.19
2018-09-30 02:26:49.844 [uncertain.proc] [CONFIG] [action] DecideStatement
2018-09-30 02:26:49.845 [uncertain.proc] [CONFIG] [action] DecideSqlGenerationMode
2018-09-30 02:26:49.845 [uncertain.proc] [FINE] aurora.database.service.BusinessModelService.onDecideSqlGenerationMode
2018-09-30 02:26:49.845 [uncertain.proc] [CONFIG] [action] CreateOperationSql
2018-09-30 02:26:49.845 [uncertain.proc] [CONFIG] [action] PopulateOperationSql
2018-09-30 02:26:49.845 [uncertain.proc] [FINE] aurora.database.features.OrderByClauseCreator.onPopulateOperationSql
2018-09-30 02:26:49.845 [uncertain.proc] [FINE] aurora.database.features.WhereClauseCreator.onPopulateOperationSql
2018-09-30 02:26:49.845 [uncertain.proc] [CONFIG] [action] CreateSqlRunner
2018-09-30 02:26:49.845 [uncertain.proc] [FINE] aurora.database.service.BusinessModelService.onCreateSqlRunner
2018-09-30 02:26:49.845 [uncertain.proc] [CONFIG] [action] ExecuteDmlStatement
2018-09-30 02:26:49.845 [uncertain.proc] [FINE] aurora.database.service.BusinessModelService.onExecuteDmlStatement
2018-09-30 02:26:49.846 [aurora.database] [CONFIG] 
============= BEGIN [Insert] SQL Statement execution dump ============

                BEGIN
                    fnd_dimension_values_pkg.import_all_unit_to_dim( 
                    ?, 
                    ?, 
                    ?, 
                    ?);
                END;
            
---------------------Binding info---------------------
No.1	Access path:@company_id	Data type of passed value :java.lang.String	Value:835	Output:false	Database Type:null	
No.2	Access path:@unit_id	Data type of passed value :java.lang.String	Value:49	Output:false	Database Type:null	
No.3	Access path:/session/@session_id	Data type of passed value :java.lang.Long	Value:55338	Output:false	Database Type:null	
No.4	Access path:/session/@user_id	Data type of passed value :java.lang.Long	Value:1	Output:false	Database Type:null	

=============== END [Insert] SQL Statement execution dump ============

2018-09-30 02:26:49.847 [aurora.database] [CONFIG] Executing batch-apply on parameter No.20
2018-09-30 02:26:49.850 [uncertain.proc] [CONFIG] [action] DecideStatement
2018-09-30 02:26:49.852 [uncertain.proc] [CONFIG] [action] DecideSqlGenerationMode
2018-09-30 02:26:49.852 [uncertain.proc] [FINE] aurora.database.service.BusinessModelService.onDecideSqlGenerationMode
2018-09-30 02:26:49.852 [uncertain.proc] [CONFIG] [action] CreateOperationSql
2018-09-30 02:26:49.852 [uncertain.proc] [CONFIG] [action] PopulateOperationSql
2018-09-30 02:26:49.852 [uncertain.proc] [FINE] aurora.database.features.OrderByClauseCreator.onPopulateOperationSql
2018-09-30 02:26:49.852 [uncertain.proc] [FINE] aurora.database.features.WhereClauseCreator.onPopulateOperationSql
2018-09-30 02:26:49.852 [uncertain.proc] [CONFIG] [action] CreateSqlRunner
2018-09-30 02:26:49.852 [uncertain.proc] [FINE] aurora.database.service.BusinessModelService.onCreateSqlRunner
2018-09-30 02:26:49.852 [uncertain.proc] [CONFIG] [action] ExecuteDmlStatement
2018-09-30 02:26:49.852 [uncertain.proc] [FINE] aurora.database.service.BusinessModelService.onExecuteDmlStatement
2018-09-30 02:26:49.853 [aurora.database] [CONFIG] 
============= BEGIN [Insert] SQL Statement execution dump ============

                BEGIN
                    fnd_dimension_values_pkg.import_all_unit_to_dim( 
                    ?, 
                    ?, 
                    ?, 
                    ?);
                END;
            
---------------------Binding info---------------------
No.1	Access path:@company_id	Data type of passed value :java.lang.String	Value:835	Output:false	Database Type:null	
No.2	Access path:@unit_id	Data type of passed value :java.lang.String	Value:44	Output:false	Database Type:null	
No.3	Access path:/session/@session_id	Data type of passed value :java.lang.Long	Value:55338	Output:false	Database Type:null	
No.4	Access path:/session/@user_id	Data type of passed value :java.lang.Long	Value:1	Output:false	Database Type:null	

=============== END [Insert] SQL Statement execution dump ============

2018-09-30 02:26:49.854 [aurora.database] [CONFIG] Executing batch-apply on parameter No.21
2018-09-30 02:26:49.856 [uncertain.proc] [CONFIG] [action] DecideStatement
2018-09-30 02:26:49.858 [uncertain.proc] [CONFIG] [action] DecideSqlGenerationMode
2018-09-30 02:26:49.858 [uncertain.proc] [FINE] aurora.database.service.BusinessModelService.onDecideSqlGenerationMode
2018-09-30 02:26:49.858 [uncertain.proc] [CONFIG] [action] CreateOperationSql
2018-09-30 02:26:49.858 [uncertain.proc] [CONFIG] [action] PopulateOperationSql
2018-09-30 02:26:49.858 [uncertain.proc] [FINE] aurora.database.features.OrderByClauseCreator.onPopulateOperationSql
2018-09-30 02:26:49.858 [uncertain.proc] [FINE] aurora.database.features.WhereClauseCreator.onPopulateOperationSql
2018-09-30 02:26:49.858 [uncertain.proc] [CONFIG] [action] CreateSqlRunner
2018-09-30 02:26:49.858 [uncertain.proc] [FINE] aurora.database.service.BusinessModelService.onCreateSqlRunner
2018-09-30 02:26:49.858 [uncertain.proc] [CONFIG] [action] ExecuteDmlStatement
2018-09-30 02:26:49.858 [uncertain.proc] [FINE] aurora.database.service.BusinessModelService.onExecuteDmlStatement
2018-09-30 02:26:49.859 [aurora.database] [CONFIG] 
============= BEGIN [Insert] SQL Statement execution dump ============

                BEGIN
                    fnd_dimension_values_pkg.import_all_unit_to_dim( 
                    ?, 
                    ?, 
                    ?, 
                    ?);
                END;
            
---------------------Binding info---------------------
No.1	Access path:@company_id	Data type of passed value :java.lang.String	Value:835	Output:false	Database Type:null	
No.2	Access path:@unit_id	Data type of passed value :java.lang.String	Value:45	Output:false	Database Type:null	
No.3	Access path:/session/@session_id	Data type of passed value :java.lang.Long	Value:55338	Output:false	Database Type:null	
No.4	Access path:/session/@user_id	Data type of passed value :java.lang.Long	Value:1	Output:false	Database Type:null	

=============== END [Insert] SQL Statement execution dump ============

2018-09-30 02:26:49.859 [aurora.database] [CONFIG] Executing batch-apply on parameter No.22
2018-09-30 02:26:49.862 [uncertain.proc] [CONFIG] [action] DecideStatement
2018-09-30 02:26:49.863 [uncertain.proc] [CONFIG] [action] DecideSqlGenerationMode
2018-09-30 02:26:49.863 [uncertain.proc] [FINE] aurora.database.service.BusinessModelService.onDecideSqlGenerationMode
2018-09-30 02:26:49.863 [uncertain.proc] [CONFIG] [action] CreateOperationSql
2018-09-30 02:26:49.863 [uncertain.proc] [CONFIG] [action] PopulateOperationSql
2018-09-30 02:26:49.863 [uncertain.proc] [FINE] aurora.database.features.OrderByClauseCreator.onPopulateOperationSql
2018-09-30 02:26:49.863 [uncertain.proc] [FINE] aurora.database.features.WhereClauseCreator.onPopulateOperationSql
2018-09-30 02:26:49.863 [uncertain.proc] [CONFIG] [action] CreateSqlRunner
2018-09-30 02:26:49.863 [uncertain.proc] [FINE] aurora.database.service.BusinessModelService.onCreateSqlRunner
2018-09-30 02:26:49.863 [uncertain.proc] [CONFIG] [action] ExecuteDmlStatement
2018-09-30 02:26:49.863 [uncertain.proc] [FINE] aurora.database.service.BusinessModelService.onExecuteDmlStatement
2018-09-30 02:26:49.865 [aurora.database] [CONFIG] 
============= BEGIN [Insert] SQL Statement execution dump ============

                BEGIN
                    fnd_dimension_values_pkg.import_all_unit_to_dim( 
                    ?, 
                    ?, 
                    ?, 
                    ?);
                END;
            
---------------------Binding info---------------------
No.1	Access path:@company_id	Data type of passed value :java.lang.String	Value:835	Output:false	Database Type:null	
No.2	Access path:@unit_id	Data type of passed value :java.lang.String	Value:7	Output:false	Database Type:null	
No.3	Access path:/session/@session_id	Data type of passed value :java.lang.Long	Value:55338	Output:false	Database Type:null	
No.4	Access path:/session/@user_id	Data type of passed value :java.lang.Long	Value:1	Output:false	Database Type:null	

=============== END [Insert] SQL Statement execution dump ============

2018-09-30 02:26:49.865 [aurora.database] [CONFIG] Executing batch-apply on parameter No.23
2018-09-30 02:26:49.867 [uncertain.proc] [CONFIG] [action] DecideStatement
2018-09-30 02:26:49.868 [uncertain.proc] [CONFIG] [action] DecideSqlGenerationMode
2018-09-30 02:26:49.868 [uncertain.proc] [FINE] aurora.database.service.BusinessModelService.onDecideSqlGenerationMode
2018-09-30 02:26:49.868 [uncertain.proc] [CONFIG] [action] CreateOperationSql
2018-09-30 02:26:49.868 [uncertain.proc] [CONFIG] [action] PopulateOperationSql
2018-09-30 02:26:49.868 [uncertain.proc] [FINE] aurora.database.features.OrderByClauseCreator.onPopulateOperationSql
2018-09-30 02:26:49.868 [uncertain.proc] [FINE] aurora.database.features.WhereClauseCreator.onPopulateOperationSql
2018-09-30 02:26:49.868 [uncertain.proc] [CONFIG] [action] CreateSqlRunner
2018-09-30 02:26:49.868 [uncertain.proc] [FINE] aurora.database.service.BusinessModelService.onCreateSqlRunner
2018-09-30 02:26:49.868 [uncertain.proc] [CONFIG] [action] ExecuteDmlStatement
2018-09-30 02:26:49.868 [uncertain.proc] [FINE] aurora.database.service.BusinessModelService.onExecuteDmlStatement
2018-09-30 02:26:49.918 [aurora.database] [CONFIG] 
============= BEGIN [Insert] SQL Statement execution dump ============

                BEGIN
                    fnd_dimension_values_pkg.import_all_unit_to_dim( 
                    ?, 
                    ?, 
                    ?, 
                    ?);
                END;
            
---------------------Binding info---------------------
No.1	Access path:@company_id	Data type of passed value :java.lang.String	Value:2536	Output:false	Database Type:null	
No.2	Access path:@unit_id	Data type of passed value :java.lang.String	Value:6111	Output:false	Database Type:null	
No.3	Access path:/session/@session_id	Data type of passed value :java.lang.Long	Value:55338	Output:false	Database Type:null	
No.4	Access path:/session/@user_id	Data type of passed value :java.lang.Long	Value:1	Output:false	Database Type:null	

=============== END [Insert] SQL Statement execution dump ============

2018-09-30 02:26:49.918 [aurora.database] [CONFIG] Executing batch-apply on parameter No.24
2018-09-30 02:26:49.922 [uncertain.proc] [CONFIG] [action] DecideStatement
2018-09-30 02:26:49.923 [uncertain.proc] [CONFIG] [action] DecideSqlGenerationMode
2018-09-30 02:26:49.923 [uncertain.proc] [FINE] aurora.database.service.BusinessModelService.onDecideSqlGenerationMode
2018-09-30 02:26:49.923 [uncertain.proc] [CONFIG] [action] CreateOperationSql
2018-09-30 02:26:49.923 [uncertain.proc] [CONFIG] [action] PopulateOperationSql
2018-09-30 02:26:49.923 [uncertain.proc] [FINE] aurora.database.features.OrderByClauseCreator.onPopulateOperationSql
2018-09-30 02:26:49.923 [uncertain.proc] [FINE] aurora.database.features.WhereClauseCreator.onPopulateOperationSql
2018-09-30 02:26:49.923 [uncertain.proc] [CONFIG] [action] CreateSqlRunner
2018-09-30 02:26:49.923 [uncertain.proc] [FINE] aurora.database.service.BusinessModelService.onCreateSqlRunner
2018-09-30 02:26:49.923 [uncertain.proc] [CONFIG] [action] ExecuteDmlStatement
2018-09-30 02:26:49.923 [uncertain.proc] [FINE] aurora.database.service.BusinessModelService.onExecuteDmlStatement
2018-09-30 02:26:49.926 [aurora.database] [CONFIG] 
============= BEGIN [Insert] SQL Statement execution dump ============

                BEGIN
                    fnd_dimension_values_pkg.import_all_unit_to_dim( 
                    ?, 
                    ?, 
                    ?, 
                    ?);
                END;
            
---------------------Binding info---------------------
No.1	Access path:@company_id	Data type of passed value :java.lang.String	Value:2536	Output:false	Database Type:null	
No.2	Access path:@unit_id	Data type of passed value :java.lang.String	Value:6115	Output:false	Database Type:null	
No.3	Access path:/session/@session_id	Data type of passed value :java.lang.Long	Value:55338	Output:false	Database Type:null	
No.4	Access path:/session/@user_id	Data type of passed value :java.lang.Long	Value:1	Output:false	Database Type:null	

=============== END [Insert] SQL Statement execution dump ============

2018-09-30 02:26:49.926 [aurora.database] [CONFIG] Executing batch-apply on parameter No.25
2018-09-30 02:26:49.928 [uncertain.proc] [CONFIG] [action] DecideStatement
2018-09-30 02:26:49.930 [uncertain.proc] [CONFIG] [action] DecideSqlGenerationMode
2018-09-30 02:26:49.930 [uncertain.proc] [FINE] aurora.database.service.BusinessModelService.onDecideSqlGenerationMode
2018-09-30 02:26:49.930 [uncertain.proc] [CONFIG] [action] CreateOperationSql
2018-09-30 02:26:49.930 [uncertain.proc] [CONFIG] [action] PopulateOperationSql
2018-09-30 02:26:49.930 [uncertain.proc] [FINE] aurora.database.features.OrderByClauseCreator.onPopulateOperationSql
2018-09-30 02:26:49.930 [uncertain.proc] [FINE] aurora.database.features.WhereClauseCreator.onPopulateOperationSql
2018-09-30 02:26:49.930 [uncertain.proc] [CONFIG] [action] CreateSqlRunner
2018-09-30 02:26:49.930 [uncertain.proc] [FINE] aurora.database.service.BusinessModelService.onCreateSqlRunner
2018-09-30 02:26:49.930 [uncertain.proc] [CONFIG] [action] ExecuteDmlStatement
2018-09-30 02:26:49.930 [uncertain.proc] [FINE] aurora.database.service.BusinessModelService.onExecuteDmlStatement
2018-09-30 02:26:49.936 [aurora.database] [CONFIG] 
============= BEGIN [Insert] SQL Statement execution dump ============

                BEGIN
                    fnd_dimension_values_pkg.import_all_unit_to_dim( 
                    ?, 
                    ?, 
                    ?, 
                    ?);
                END;
            
---------------------Binding info---------------------
No.1	Access path:@company_id	Data type of passed value :java.lang.String	Value:2536	Output:false	Database Type:null	
No.2	Access path:@unit_id	Data type of passed value :java.lang.String	Value:6116	Output:false	Database Type:null	
No.3	Access path:/session/@session_id	Data type of passed value :java.lang.Long	Value:55338	Output:false	Database Type:null	
No.4	Access path:/session/@user_id	Data type of passed value :java.lang.Long	Value:1	Output:false	Database Type:null	

=============== END [Insert] SQL Statement execution dump ============

2018-09-30 02:26:49.936 [aurora.database] [CONFIG] Executing batch-apply on parameter No.26
2018-09-30 02:26:49.940 [uncertain.proc] [CONFIG] [action] DecideStatement
2018-09-30 02:26:49.942 [uncertain.proc] [CONFIG] [action] DecideSqlGenerationMode
2018-09-30 02:26:49.942 [uncertain.proc] [FINE] aurora.database.service.BusinessModelService.onDecideSqlGenerationMode
2018-09-30 02:26:49.942 [uncertain.proc] [CONFIG] [action] CreateOperationSql
2018-09-30 02:26:49.942 [uncertain.proc] [CONFIG] [action] PopulateOperationSql
2018-09-30 02:26:49.942 [uncertain.proc] [FINE] aurora.database.features.OrderByClauseCreator.onPopulateOperationSql
2018-09-30 02:26:49.942 [uncertain.proc] [FINE] aurora.database.features.WhereClauseCreator.onPopulateOperationSql
2018-09-30 02:26:49.942 [uncertain.proc] [CONFIG] [action] CreateSqlRunner
2018-09-30 02:26:49.942 [uncertain.proc] [FINE] aurora.database.service.BusinessModelService.onCreateSqlRunner
2018-09-30 02:26:49.942 [uncertain.proc] [CONFIG] [action] ExecuteDmlStatement
2018-09-30 02:26:49.942 [uncertain.proc] [FINE] aurora.database.service.BusinessModelService.onExecuteDmlStatement
2018-09-30 02:26:49.944 [aurora.database] [CONFIG] 
============= BEGIN [Insert] SQL Statement execution dump ============

                BEGIN
                    fnd_dimension_values_pkg.import_all_unit_to_dim( 
                    ?, 
                    ?, 
                    ?, 
                    ?);
                END;
            
---------------------Binding info---------------------
No.1	Access path:@company_id	Data type of passed value :java.lang.String	Value:2536	Output:false	Database Type:null	
No.2	Access path:@unit_id	Data type of passed value :java.lang.String	Value:6117	Output:false	Database Type:null	
No.3	Access path:/session/@session_id	Data type of passed value :java.lang.Long	Value:55338	Output:false	Database Type:null	
No.4	Access path:/session/@user_id	Data type of passed value :java.lang.Long	Value:1	Output:false	Database Type:null	

=============== END [Insert] SQL Statement execution dump ============

2018-09-30 02:26:49.945 [aurora.database] [CONFIG] Executing batch-apply on parameter No.27
2018-09-30 02:26:49.948 [uncertain.proc] [CONFIG] [action] DecideStatement
2018-09-30 02:26:49.950 [uncertain.proc] [CONFIG] [action] DecideSqlGenerationMode
2018-09-30 02:26:49.950 [uncertain.proc] [FINE] aurora.database.service.BusinessModelService.onDecideSqlGenerationMode
2018-09-30 02:26:49.950 [uncertain.proc] [CONFIG] [action] CreateOperationSql
2018-09-30 02:26:49.950 [uncertain.proc] [CONFIG] [action] PopulateOperationSql
2018-09-30 02:26:49.950 [uncertain.proc] [FINE] aurora.database.features.OrderByClauseCreator.onPopulateOperationSql
2018-09-30 02:26:49.950 [uncertain.proc] [FINE] aurora.database.features.WhereClauseCreator.onPopulateOperationSql
2018-09-30 02:26:49.950 [uncertain.proc] [CONFIG] [action] CreateSqlRunner
2018-09-30 02:26:49.950 [uncertain.proc] [FINE] aurora.database.service.BusinessModelService.onCreateSqlRunner
2018-09-30 02:26:49.950 [uncertain.proc] [CONFIG] [action] ExecuteDmlStatement
2018-09-30 02:26:49.950 [uncertain.proc] [FINE] aurora.database.service.BusinessModelService.onExecuteDmlStatement
2018-09-30 02:26:49.955 [aurora.database] [CONFIG] 
============= BEGIN [Insert] SQL Statement execution dump ============

                BEGIN
                    fnd_dimension_values_pkg.import_all_unit_to_dim( 
                    ?, 
                    ?, 
                    ?, 
                    ?);
                END;
            
---------------------Binding info---------------------
No.1	Access path:@company_id	Data type of passed value :java.lang.String	Value:2537	Output:false	Database Type:null	
No.2	Access path:@unit_id	Data type of passed value :java.lang.String	Value:6112	Output:false	Database Type:null	
No.3	Access path:/session/@session_id	Data type of passed value :java.lang.Long	Value:55338	Output:false	Database Type:null	
No.4	Access path:/session/@user_id	Data type of passed value :java.lang.Long	Value:1	Output:false	Database Type:null	

=============== END [Insert] SQL Statement execution dump ============

2018-09-30 02:26:49.955 [aurora.database] [CONFIG] Executing batch-apply on parameter No.28
2018-09-30 02:26:49.959 [uncertain.proc] [CONFIG] [action] DecideStatement
2018-09-30 02:26:49.960 [uncertain.proc] [CONFIG] [action] DecideSqlGenerationMode
2018-09-30 02:26:49.960 [uncertain.proc] [FINE] aurora.database.service.BusinessModelService.onDecideSqlGenerationMode
2018-09-30 02:26:49.961 [uncertain.proc] [CONFIG] [action] CreateOperationSql
2018-09-30 02:26:49.961 [uncertain.proc] [CONFIG] [action] PopulateOperationSql
2018-09-30 02:26:49.961 [uncertain.proc] [FINE] aurora.database.features.OrderByClauseCreator.onPopulateOperationSql
2018-09-30 02:26:49.961 [uncertain.proc] [FINE] aurora.database.features.WhereClauseCreator.onPopulateOperationSql
2018-09-30 02:26:49.961 [uncertain.proc] [CONFIG] [action] CreateSqlRunner
2018-09-30 02:26:49.961 [uncertain.proc] [FINE] aurora.database.service.BusinessModelService.onCreateSqlRunner
2018-09-30 02:26:49.961 [uncertain.proc] [CONFIG] [action] ExecuteDmlStatement
2018-09-30 02:26:49.961 [uncertain.proc] [FINE] aurora.database.service.BusinessModelService.onExecuteDmlStatement
2018-09-30 02:26:49.963 [aurora.database] [CONFIG] 
============= BEGIN [Insert] SQL Statement execution dump ============

                BEGIN
                    fnd_dimension_values_pkg.import_all_unit_to_dim( 
                    ?, 
                    ?, 
                    ?, 
                    ?);
                END;
            
---------------------Binding info---------------------
No.1	Access path:@company_id	Data type of passed value :java.lang.String	Value:2537	Output:false	Database Type:null	
No.2	Access path:@unit_id	Data type of passed value :java.lang.String	Value:6118	Output:false	Database Type:null	
No.3	Access path:/session/@session_id	Data type of passed value :java.lang.Long	Value:55338	Output:false	Database Type:null	
No.4	Access path:/session/@user_id	Data type of passed value :java.lang.Long	Value:1	Output:false	Database Type:null	

=============== END [Insert] SQL Statement execution dump ============

2018-09-30 02:26:49.963 [aurora.database] [CONFIG] Executing batch-apply on parameter No.29
2018-09-30 02:26:49.968 [uncertain.proc] [CONFIG] [action] DecideStatement
2018-09-30 02:26:49.970 [uncertain.proc] [CONFIG] [action] DecideSqlGenerationMode
2018-09-30 02:26:49.970 [uncertain.proc] [FINE] aurora.database.service.BusinessModelService.onDecideSqlGenerationMode
2018-09-30 02:26:49.970 [uncertain.proc] [CONFIG] [action] CreateOperationSql
2018-09-30 02:26:49.970 [uncertain.proc] [CONFIG] [action] PopulateOperationSql
2018-09-30 02:26:49.971 [uncertain.proc] [FINE] aurora.database.features.OrderByClauseCreator.onPopulateOperationSql
2018-09-30 02:26:49.971 [uncertain.proc] [FINE] aurora.database.features.WhereClauseCreator.onPopulateOperationSql
2018-09-30 02:26:49.971 [uncertain.proc] [CONFIG] [action] CreateSqlRunner
2018-09-30 02:26:49.971 [uncertain.proc] [FINE] aurora.database.service.BusinessModelService.onCreateSqlRunner
2018-09-30 02:26:49.971 [uncertain.proc] [CONFIG] [action] ExecuteDmlStatement
2018-09-30 02:26:49.971 [uncertain.proc] [FINE] aurora.database.service.BusinessModelService.onExecuteDmlStatement
2018-09-30 02:26:49.973 [aurora.database] [CONFIG] 
============= BEGIN [Insert] SQL Statement execution dump ============

                BEGIN
                    fnd_dimension_values_pkg.import_all_unit_to_dim( 
                    ?, 
                    ?, 
                    ?, 
                    ?);
                END;
            
---------------------Binding info---------------------
No.1	Access path:@company_id	Data type of passed value :java.lang.String	Value:2537	Output:false	Database Type:null	
No.2	Access path:@unit_id	Data type of passed value :java.lang.String	Value:6119	Output:false	Database Type:null	
No.3	Access path:/session/@session_id	Data type of passed value :java.lang.Long	Value:55338	Output:false	Database Type:null	
No.4	Access path:/session/@user_id	Data type of passed value :java.lang.Long	Value:1	Output:false	Database Type:null	

=============== END [Insert] SQL Statement execution dump ============

2018-09-30 02:26:49.976 [uncertain.proc] [CONFIG] [action] DecideStatement
2018-09-30 02:26:49.978 [uncertain.proc] [CONFIG] [action] DecideSqlGenerationMode
2018-09-30 02:26:49.978 [uncertain.proc] [FINE] aurora.database.service.BusinessModelService.onDecideSqlGenerationMode
2018-09-30 02:26:49.978 [uncertain.proc] [CONFIG] [action] CreateOperationSql
2018-09-30 02:26:49.978 [uncertain.proc] [CONFIG] [action] PopulateOperationSql
2018-09-30 02:26:49.978 [uncertain.proc] [FINE] aurora.database.features.OrderByClauseCreator.onPopulateOperationSql
2018-09-30 02:26:49.978 [uncertain.proc] [FINE] aurora.database.features.WhereClauseCreator.onPopulateOperationSql
2018-09-30 02:26:49.978 [uncertain.proc] [CONFIG] [action] CreateSqlRunner
2018-09-30 02:26:49.978 [uncertain.proc] [FINE] aurora.database.service.BusinessModelService.onCreateSqlRunner
2018-09-30 02:26:49.978 [uncertain.proc] [CONFIG] [action] ExecuteDmlStatement
2018-09-30 02:26:49.978 [uncertain.proc] [FINE] aurora.database.service.BusinessModelService.onExecuteDmlStatement
2018-09-30 02:26:49.979 [aurora.database] [CONFIG] 
============= BEGIN [Delete] SQL Statement execution dump ============

	            begin
			         fnd_dimension_values_pkg.delete_fnd_dim_value_unit_tmp
					   (		      
					      ?
					   );
				 end;
		
---------------------Binding info---------------------
No.1	Access path:/session/@session_id	Data type of passed value :java.lang.Long	Value:55338	Output:false	Database Type:null	

=============== END [Delete] SQL Statement execution dump ============

2018-09-30 02:26:49.979 [uncertain.proc] [CONFIG] [action] CreateSuccessResponse
