2018-10-19 06:21:54.387 [aurora.application.session_check] [CONFIG] Session data copied to context
2018-10-19 06:21:54.388 [aurora.application.session_check] [CONFIG] Access check result for modules/bgt/BGT2920/bgt_control_rule_details.screen => success
2018-10-19 06:21:54.388 [uncertain.proc] [CONFIG] [action] AccessCheck
2018-10-19 06:21:54.391 [uncertain.proc] [CONFIG] [action] InitService
2018-10-19 06:21:54.391 [uncertain.proc] [CONFIG] [action] ParseParameter
2018-10-19 06:21:54.391 [uncertain.proc] [CONFIG] [action] CreateModel
2018-10-19 06:21:54.392 [aurora.database] [CONFIG] ===================================== prepare to run model-query bgt.BGT2920.bgt_rule_details_parameter_type==============================
2018-10-19 06:21:54.395 [uncertain.proc] [CONFIG] [action] DecideSqlGenerationMode
2018-10-19 06:21:54.395 [uncertain.proc] [FINE] aurora.database.service.BusinessModelService.onDecideSqlGenerationMode
2018-10-19 06:21:54.395 [uncertain.proc] [CONFIG] [action] CreateOperationSql
2018-10-19 06:21:54.395 [uncertain.proc] [CONFIG] [action] PopulateOperationSql
2018-10-19 06:21:54.395 [uncertain.proc] [FINE] aurora.database.features.OrderByClauseCreator.onPopulateOperationSql
2018-10-19 06:21:54.395 [uncertain.proc] [FINE] aurora.database.features.WhereClauseCreator.onPopulateOperationSql
2018-10-19 06:21:54.395 [uncertain.proc] [CONFIG] [action] ExecuteQuery
2018-10-19 06:21:54.395 [uncertain.proc] [FINE] aurora.bm.QuerySqlCreator.onExecuteQuery
2018-10-19 06:21:54.396 [uncertain.proc] [CONFIG] [action] QueryFinish
2018-10-19 06:21:54.396 [uncertain.proc] [FINE] aurora.database.features.AutoQueryCounter.onQueryFinish
2018-10-19 06:21:54.396 [uncertain.proc] [CONFIG] [action] FetchResultSet
2018-10-19 06:21:54.396 [uncertain.proc] [FINE] aurora.database.features.CacheBasedLookUpField.postFetchResultSet
2018-10-19 06:21:54.396 [aurora.database] [CONFIG] 
============= BEGIN [query] SQL Statement execution dump ============
select v.code_value, v.code_value_name
						   from sys_code_values_v v
						  where v.code = 'BGT_RULE_PARAMETER_TYPE'
---------------------Binding info---------------------
null
=============== END [query] SQL Statement execution dump ============

2018-10-19 06:21:54.396 [aurora.database] [CONFIG] ===================================== prepare to run model-query bgt.BGT2920.bgt_rule_details_filtrate_method==============================
2018-10-19 06:21:54.398 [uncertain.proc] [CONFIG] [action] DecideSqlGenerationMode
2018-10-19 06:21:54.398 [uncertain.proc] [FINE] aurora.database.service.BusinessModelService.onDecideSqlGenerationMode
2018-10-19 06:21:54.398 [uncertain.proc] [CONFIG] [action] CreateOperationSql
2018-10-19 06:21:54.398 [uncertain.proc] [CONFIG] [action] PopulateOperationSql
2018-10-19 06:21:54.398 [uncertain.proc] [FINE] aurora.database.features.OrderByClauseCreator.onPopulateOperationSql
2018-10-19 06:21:54.398 [uncertain.proc] [FINE] aurora.database.features.WhereClauseCreator.onPopulateOperationSql
2018-10-19 06:21:54.398 [uncertain.proc] [CONFIG] [action] ExecuteQuery
2018-10-19 06:21:54.398 [uncertain.proc] [FINE] aurora.bm.QuerySqlCreator.onExecuteQuery
2018-10-19 06:21:54.399 [uncertain.proc] [CONFIG] [action] QueryFinish
2018-10-19 06:21:54.399 [uncertain.proc] [FINE] aurora.database.features.AutoQueryCounter.onQueryFinish
2018-10-19 06:21:54.399 [uncertain.proc] [CONFIG] [action] FetchResultSet
2018-10-19 06:21:54.399 [uncertain.proc] [FINE] aurora.database.features.CacheBasedLookUpField.postFetchResultSet
2018-10-19 06:21:54.399 [aurora.database] [CONFIG] 
============= BEGIN [query] SQL Statement execution dump ============
SELECT V.CODE_VALUE, V.CODE_VALUE_NAME
						   FROM SYS_CODE_VALUES_V V
						  WHERE V.CODE = 'WFL_WORKFLOW_FILTRATE_METHOD'
---------------------Binding info---------------------
null
=============== END [query] SQL Statement execution dump ============

2018-10-19 06:21:54.399 [aurora.database] [CONFIG] ===================================== prepare to run model-query bgt.BGT2920.bgt_rule_details_summary_or_detail==============================
2018-10-19 06:21:54.401 [uncertain.proc] [CONFIG] [action] DecideSqlGenerationMode
2018-10-19 06:21:54.401 [uncertain.proc] [FINE] aurora.database.service.BusinessModelService.onDecideSqlGenerationMode
2018-10-19 06:21:54.401 [uncertain.proc] [CONFIG] [action] CreateOperationSql
2018-10-19 06:21:54.401 [uncertain.proc] [CONFIG] [action] PopulateOperationSql
2018-10-19 06:21:54.401 [uncertain.proc] [FINE] aurora.database.features.OrderByClauseCreator.onPopulateOperationSql
2018-10-19 06:21:54.401 [uncertain.proc] [FINE] aurora.database.features.WhereClauseCreator.onPopulateOperationSql
2018-10-19 06:21:54.401 [uncertain.proc] [CONFIG] [action] ExecuteQuery
2018-10-19 06:21:54.401 [uncertain.proc] [FINE] aurora.bm.QuerySqlCreator.onExecuteQuery
2018-10-19 06:21:54.402 [uncertain.proc] [CONFIG] [action] QueryFinish
2018-10-19 06:21:54.402 [uncertain.proc] [FINE] aurora.database.features.AutoQueryCounter.onQueryFinish
2018-10-19 06:21:54.402 [uncertain.proc] [CONFIG] [action] FetchResultSet
2018-10-19 06:21:54.402 [uncertain.proc] [FINE] aurora.database.features.CacheBasedLookUpField.postFetchResultSet
2018-10-19 06:21:54.402 [aurora.database] [CONFIG] 
============= BEGIN [query] SQL Statement execution dump ============
SELECT V.CODE_VALUE, V.CODE_VALUE_NAME
						   FROM SYS_CODE_VALUES_V V
						  WHERE V.CODE = 'BGT_CONTROL_RULE_RANGE'
---------------------Binding info---------------------
null
=============== END [query] SQL Statement execution dump ============

2018-10-19 06:21:54.402 [aurora.database] [CONFIG] ===================================== prepare to run model-query bgt.BGT2920.bgt_control_rule==============================
2018-10-19 06:21:54.404 [uncertain.proc] [CONFIG] [action] DecideSqlGenerationMode
2018-10-19 06:21:54.404 [uncertain.proc] [FINE] aurora.database.service.BusinessModelService.onDecideSqlGenerationMode
2018-10-19 06:21:54.404 [uncertain.proc] [CONFIG] [action] CreateOperationSql
2018-10-19 06:21:54.404 [uncertain.proc] [CONFIG] [action] PopulateOperationSql
2018-10-19 06:21:54.404 [uncertain.proc] [FINE] aurora.database.features.OrderByClauseCreator.onPopulateOperationSql
2018-10-19 06:21:54.404 [uncertain.proc] [FINE] aurora.database.features.WhereClauseCreator.onPopulateOperationSql
2018-10-19 06:21:54.404 [uncertain.proc] [CONFIG] [action] ExecuteQuery
2018-10-19 06:21:54.404 [uncertain.proc] [FINE] aurora.bm.QuerySqlCreator.onExecuteQuery
2018-10-19 06:21:54.405 [uncertain.proc] [CONFIG] [action] QueryFinish
2018-10-19 06:21:54.405 [uncertain.proc] [FINE] aurora.database.features.AutoQueryCounter.onQueryFinish
2018-10-19 06:21:54.405 [uncertain.proc] [CONFIG] [action] FetchResultSet
2018-10-19 06:21:54.405 [uncertain.proc] [FINE] aurora.database.features.CacheBasedLookUpField.postFetchResultSet
2018-10-19 06:21:54.405 [aurora.database] [CONFIG] 
============= BEGIN [query] SQL Statement execution dump ============

select t.control_rule_id,
       t.control_rule_code,
       t.description_text,
       t.priority,
       t.budget_group_id,
       t.budget_group_id_display,
       t.start_date,
       t.end_date,
       t.bgt_org_id
  from (select t.control_rule_id,
               t.control_rule_code,
               t.description                 description_text,
               t.priority,
               t.budget_strategy_group_id    budget_group_id,
               b.control_strategy_group_desc budget_group_id_display,
               t.start_date,
               t.end_date,
               t.bgt_org_id
          from bgt_control_rules_vl t,
               bgt_control_strategy_groups b,
               (select t.bgt_org_id,
                       t.bgt_org_code,
                       t.description bgt_org_dec,
                       t.set_of_books_id,
                       v.set_of_books_code,
                       v.set_of_books_name,
                       t.enabled_flag
                  from bgt_organizations_vl t, gld_set_of_books_vl v
                 where t.set_of_books_id = v.set_of_books_id) k
         where b.control_strategy_group_id = t.budget_strategy_group_id
           and t.bgt_org_id = k.bgt_org_id
           and exists (select com.set_of_books_id
                  from fnd_companies_vl com
                 where com.set_of_books_id = k.set_of_books_id
                   and com.company_id = ?)
         order by t.priority) t 
          WHERE control_rule_id = ?
		
	
---------------------Binding info---------------------
No.1	Access path:/session/@company_id	Data type of passed value :java.lang.String	Value:835	Output:false	Database Type:null	
No.2	Access path:/parameter/@control_rule_id	Data type of passed value :java.lang.String	Value:2	Output:false	Database Type:null	

=============== END [query] SQL Statement execution dump ============

2018-10-19 06:21:54.405 [uncertain.proc] [CONFIG] [action] CreateView
2018-10-19 06:21:54.405 [uncertain.proc] [CONFIG] [action] BuildOutputContent
2018-10-19 06:21:54.405 [aurora.presentation.buildsession] [CONFIG] Start build session
2018-10-19 06:21:54.405 [aurora.presentation.buildsession] [CONFIG] building view: <html-page> -> aurora.presentation.component.HtmlPage@5e52f4f4
2018-10-19 06:21:54.406 [aurora.presentation.buildsession] [CONFIG] building view: <script> -> aurora.presentation.DefaultViewBuilder@35f5c5a3
2018-10-19 06:21:54.406 [aurora.presentation.buildsession] [CONFIG] building view: <dataSets> -> aurora.application.features.DataSetInit@3cab22c5
2018-10-19 06:21:54.406 [aurora.presentation.buildsession] [CONFIG] building view: <dataSet> -> aurora.presentation.TemplateBasedView@3dda489e
2018-10-19 06:21:54.406 [aurora.presentation.buildsession] [CONFIG] building view: <dataSet> -> aurora.presentation.TemplateBasedView@3dda489e
2018-10-19 06:21:54.406 [aurora.presentation.buildsession] [CONFIG] building view: <dataSet> -> aurora.presentation.TemplateBasedView@3dda489e
2018-10-19 06:21:54.406 [aurora.presentation.buildsession] [CONFIG] building view: <dataSet> -> aurora.presentation.TemplateBasedView@3dda489e
2018-10-19 06:21:54.406 [aurora.presentation.buildsession] [CONFIG] building view: <dataSet> -> aurora.presentation.TemplateBasedView@3dda489e
2018-10-19 06:21:54.407 [aurora.presentation.buildsession] [CONFIG] building view: <dataSet> -> aurora.presentation.TemplateBasedView@3dda489e
2018-10-19 06:21:54.411 [aurora.presentation.buildsession] [CONFIG] building view: <screenBody> -> aurora.presentation.component.std.ScreenBody@1769a191
2018-10-19 06:21:54.411 [aurora.presentation.buildsession] [CONFIG] building view: <screenTopToolbar> -> aurora.presentation.component.std.ScreenTopToolbar@4730d853
2018-10-19 06:21:54.411 [aurora.presentation.buildsession] [CONFIG] building view: <screenTitle> -> aurora.presentation.component.std.ScreenTitle@e8c7115
2018-10-19 06:21:54.414 [uncertain.proc] [CONFIG] [action] DecideSqlGenerationMode
2018-10-19 06:21:54.414 [uncertain.proc] [FINE] aurora.database.service.BusinessModelService.onDecideSqlGenerationMode
2018-10-19 06:21:54.414 [uncertain.proc] [CONFIG] [action] CreatequeryStatement
2018-10-19 06:21:54.414 [uncertain.proc] [FINE] aurora.bm.QuerySqlCreator.onCreateQueryStatement
2018-10-19 06:21:54.414 [uncertain.proc] [CONFIG] [action] PopulatequeryStatement
2018-10-19 06:21:54.414 [uncertain.proc] [FINE] aurora.database.features.OrderByClauseCreator.onPopulateQueryStatement
2018-10-19 06:21:54.414 [uncertain.proc] [FINE] aurora.database.features.WhereClauseCreator.onPopulateQueryStatement
2018-10-19 06:21:54.414 [uncertain.proc] [CONFIG] [action] CreatequerySql
2018-10-19 06:21:54.414 [uncertain.proc] [FINE] aurora.bm.QuerySqlCreator.onCreateQuerySql
2018-10-19 06:21:54.414 [uncertain.proc] [CONFIG] [action] ExecuteQuery
2018-10-19 06:21:54.414 [uncertain.proc] [FINE] aurora.bm.QuerySqlCreator.onExecuteQuery
2018-10-19 06:21:54.415 [uncertain.proc] [CONFIG] [action] QueryFinish
2018-10-19 06:21:54.415 [uncertain.proc] [FINE] aurora.database.features.AutoQueryCounter.onQueryFinish
2018-10-19 06:21:54.415 [uncertain.proc] [CONFIG] [action] FetchResultSet
2018-10-19 06:21:54.415 [uncertain.proc] [FINE] aurora.database.features.CacheBasedLookUpField.postFetchResultSet
2018-10-19 06:21:54.415 [aurora.database] [CONFIG] 
============= BEGIN [query] SQL Statement execution dump ============
SELECT f.service_id,f.service_name,f.is_entry_page,f.is_access_checked,f.is_login_required,f.is_system_access,? AS language,(select d.description_text from fnd_descriptions d where d.description_id = f.title_id and d.language = ?) AS title,f.title_id,f.weixin_flag
FROM sys_service f
WHERE f.service_name = ?
ORDER BY service_name
---------------------Binding info---------------------
No.1	Access path:/session/@lang	Data type of passed value :java.lang.String	Value:ZHS	Output:false	Database Type:null	
No.2	Access path:/session/@lang	Data type of passed value :java.lang.String	Value:ZHS	Output:false	Database Type:null	
No.3	Access path:@service_name	Data type of passed value :java.lang.String	Value:modules/bgt/BGT2920/bgt_control_rule_details.screen	Output:false	Database Type:null	

=============== END [query] SQL Statement execution dump ============

2018-10-19 06:21:54.415 [aurora.presentation.buildsession] [CONFIG] building view: <toolbarButton> -> aurora.presentation.TemplateBasedView@3dda489e
2018-10-19 06:21:54.416 [aurora.presentation.buildsession] [CONFIG] building view: <form> -> aurora.presentation.component.std.Form@1d8acf81
2018-10-19 06:21:54.416 [aurora.presentation.buildsession] [CONFIG] building view: <textField> -> aurora.presentation.TemplateBasedView@3dda489e
2018-10-19 06:21:54.416 [aurora.presentation.buildsession] [CONFIG] building view: <textField> -> aurora.presentation.TemplateBasedView@3dda489e
2018-10-19 06:21:54.416 [aurora.presentation.buildsession] [CONFIG] building view: <textField> -> aurora.presentation.TemplateBasedView@3dda489e
2018-10-19 06:21:54.416 [aurora.presentation.buildsession] [CONFIG] building view: <textField> -> aurora.presentation.TemplateBasedView@3dda489e
2018-10-19 06:21:54.416 [aurora.presentation.buildsession] [CONFIG] building view: <grid> -> aurora.presentation.TemplateBasedView@3dda489e
2018-10-19 06:21:54.417 [aurora.presentation.buildsession] [CONFIG] building view: <toolBar> -> aurora.presentation.TemplateBasedView@3dda489e
2018-10-19 06:21:54.417 [aurora.presentation.buildsession] [CONFIG] building view: <button> -> aurora.presentation.TemplateBasedView@3dda489e
2018-10-19 06:21:54.417 [aurora.presentation.buildsession] [CONFIG] building view: <button> -> aurora.presentation.TemplateBasedView@3dda489e
2018-10-19 06:21:54.417 [aurora.presentation.buildsession] [CONFIG] building view: <button> -> aurora.presentation.TemplateBasedView@3dda489e
2018-10-19 06:21:54.417 [aurora.presentation.buildsession] [CONFIG] building view: <button> -> aurora.presentation.TemplateBasedView@3dda489e
2018-10-19 06:21:54.417 [aurora.presentation.buildsession] [CONFIG] building view: <navBar> -> aurora.presentation.TemplateBasedView@3dda489e
2018-10-19 06:21:54.419 [aurora.presentation.buildsession] [CONFIG] building view: <button> -> aurora.presentation.TemplateBasedView@3dda489e
2018-10-19 06:21:54.419 [aurora.presentation.buildsession] [CONFIG] building view: <button> -> aurora.presentation.TemplateBasedView@3dda489e
2018-10-19 06:21:54.419 [aurora.presentation.buildsession] [CONFIG] building view: <separator> -> aurora.presentation.TemplateBasedView@3dda489e
2018-10-19 06:21:54.419 [aurora.presentation.buildsession] [CONFIG] building view: <div> -> aurora.presentation.DefaultViewBuilder@35f5c5a3
2018-10-19 06:21:54.419 [aurora.presentation.buildsession] [CONFIG] building view: <numberField> -> aurora.presentation.TemplateBasedView@3dda489e
2018-10-19 06:21:54.419 [aurora.presentation.buildsession] [CONFIG] building view: <div> -> aurora.presentation.DefaultViewBuilder@35f5c5a3
2018-10-19 06:21:54.419 [aurora.presentation.buildsession] [CONFIG] building view: <separator> -> aurora.presentation.TemplateBasedView@3dda489e
2018-10-19 06:21:54.420 [aurora.presentation.buildsession] [CONFIG] building view: <button> -> aurora.presentation.TemplateBasedView@3dda489e
2018-10-19 06:21:54.420 [aurora.presentation.buildsession] [CONFIG] building view: <button> -> aurora.presentation.TemplateBasedView@3dda489e
2018-10-19 06:21:54.420 [aurora.presentation.buildsession] [CONFIG] building view: <button> -> aurora.presentation.TemplateBasedView@3dda489e
2018-10-19 06:21:54.420 [aurora.presentation.buildsession] [CONFIG] building view: <separator> -> aurora.presentation.TemplateBasedView@3dda489e
2018-10-19 06:21:54.420 [aurora.presentation.buildsession] [CONFIG] building view: <div> -> aurora.presentation.DefaultViewBuilder@35f5c5a3
2018-10-19 06:21:54.420 [aurora.presentation.buildsession] [CONFIG] building view: <comboBox> -> aurora.presentation.TemplateBasedView@3dda489e
2018-10-19 06:21:54.420 [aurora.presentation.buildsession] [CONFIG] building view: <div> -> aurora.presentation.DefaultViewBuilder@35f5c5a3
2018-10-19 06:21:54.420 [aurora.presentation.buildsession] [CONFIG] building view: <separator> -> aurora.presentation.TemplateBasedView@3dda489e
2018-10-19 06:21:54.421 [aurora.presentation.buildsession] [CONFIG] building view: <div> -> aurora.presentation.DefaultViewBuilder@35f5c5a3
2018-10-19 06:21:54.421 [aurora.presentation.buildsession] [CONFIG] building view: <comboBox> -> aurora.presentation.TemplateBasedView@3dda489e
2018-10-19 06:21:54.421 [aurora.presentation.buildsession] [CONFIG] building view: <datePicker> -> aurora.presentation.TemplateBasedView@3dda489e
2018-10-19 06:21:54.421 [aurora.presentation.buildsession] [CONFIG] building view: <lov> -> aurora.presentation.TemplateBasedView@3dda489e
2018-10-19 06:21:54.422 [aurora.presentation.buildsession] [CONFIG] building view: <textField> -> aurora.presentation.TemplateBasedView@3dda489e
2018-10-19 06:21:54.422 [aurora.presentation.buildsession] [CONFIG] End build session
