2018-09-30 07:03:41.981 [aurora.application.session_check] [CONFIG] Session data copied to context
2018-09-30 07:03:41.981 [aurora.application.session_check] [CONFIG] Access check result for modules/bgt/BGT2920/bgt_control_rule_details.screen => success
2018-09-30 07:03:41.981 [uncertain.proc] [CONFIG] [action] AccessCheck
2018-09-30 07:03:41.984 [uncertain.proc] [CONFIG] [action] InitService
2018-09-30 07:03:41.984 [uncertain.proc] [CONFIG] [action] ParseParameter
2018-09-30 07:03:41.984 [uncertain.proc] [CONFIG] [action] CreateModel
2018-09-30 07:03:41.984 [aurora.database] [CONFIG] ===================================== prepare to run model-query bgt.BGT2920.bgt_rule_details_parameter_type==============================
2018-09-30 07:03:41.988 [uncertain.proc] [CONFIG] [action] DecideSqlGenerationMode
2018-09-30 07:03:41.988 [uncertain.proc] [FINE] aurora.database.service.BusinessModelService.onDecideSqlGenerationMode
2018-09-30 07:03:41.988 [uncertain.proc] [CONFIG] [action] CreateOperationSql
2018-09-30 07:03:41.988 [uncertain.proc] [CONFIG] [action] PopulateOperationSql
2018-09-30 07:03:41.988 [uncertain.proc] [FINE] aurora.database.features.OrderByClauseCreator.onPopulateOperationSql
2018-09-30 07:03:41.988 [uncertain.proc] [FINE] aurora.database.features.WhereClauseCreator.onPopulateOperationSql
2018-09-30 07:03:41.988 [uncertain.proc] [CONFIG] [action] ExecuteQuery
2018-09-30 07:03:41.988 [uncertain.proc] [FINE] aurora.bm.QuerySqlCreator.onExecuteQuery
2018-09-30 07:03:41.988 [uncertain.proc] [CONFIG] [action] QueryFinish
2018-09-30 07:03:41.988 [uncertain.proc] [FINE] aurora.database.features.AutoQueryCounter.onQueryFinish
2018-09-30 07:03:41.988 [uncertain.proc] [CONFIG] [action] FetchResultSet
2018-09-30 07:03:41.989 [uncertain.proc] [FINE] aurora.database.features.CacheBasedLookUpField.postFetchResultSet
2018-09-30 07:03:41.989 [aurora.database] [CONFIG] 
============= BEGIN [query] SQL Statement execution dump ============
select v.code_value, v.code_value_name
						   from sys_code_values_v v
						  where v.code = 'BGT_RULE_PARAMETER_TYPE'
---------------------Binding info---------------------
null
=============== END [query] SQL Statement execution dump ============

2018-09-30 07:03:41.989 [aurora.database] [CONFIG] ===================================== prepare to run model-query bgt.BGT2920.bgt_rule_details_filtrate_method==============================
2018-09-30 07:03:41.993 [uncertain.proc] [CONFIG] [action] DecideSqlGenerationMode
2018-09-30 07:03:41.993 [uncertain.proc] [FINE] aurora.database.service.BusinessModelService.onDecideSqlGenerationMode
2018-09-30 07:03:41.993 [uncertain.proc] [CONFIG] [action] CreateOperationSql
2018-09-30 07:03:41.993 [uncertain.proc] [CONFIG] [action] PopulateOperationSql
2018-09-30 07:03:41.993 [uncertain.proc] [FINE] aurora.database.features.OrderByClauseCreator.onPopulateOperationSql
2018-09-30 07:03:41.993 [uncertain.proc] [FINE] aurora.database.features.WhereClauseCreator.onPopulateOperationSql
2018-09-30 07:03:41.993 [uncertain.proc] [CONFIG] [action] ExecuteQuery
2018-09-30 07:03:41.993 [uncertain.proc] [FINE] aurora.bm.QuerySqlCreator.onExecuteQuery
2018-09-30 07:03:41.994 [uncertain.proc] [CONFIG] [action] QueryFinish
2018-09-30 07:03:41.994 [uncertain.proc] [FINE] aurora.database.features.AutoQueryCounter.onQueryFinish
2018-09-30 07:03:41.994 [uncertain.proc] [CONFIG] [action] FetchResultSet
2018-09-30 07:03:41.995 [uncertain.proc] [FINE] aurora.database.features.CacheBasedLookUpField.postFetchResultSet
2018-09-30 07:03:41.995 [aurora.database] [CONFIG] 
============= BEGIN [query] SQL Statement execution dump ============
SELECT V.CODE_VALUE, V.CODE_VALUE_NAME
						   FROM SYS_CODE_VALUES_V V
						  WHERE V.CODE = 'WFL_WORKFLOW_FILTRATE_METHOD'
---------------------Binding info---------------------
null
=============== END [query] SQL Statement execution dump ============

2018-09-30 07:03:41.995 [aurora.database] [CONFIG] ===================================== prepare to run model-query bgt.BGT2920.bgt_rule_details_summary_or_detail==============================
2018-09-30 07:03:41.999 [uncertain.proc] [CONFIG] [action] DecideSqlGenerationMode
2018-09-30 07:03:41.999 [uncertain.proc] [FINE] aurora.database.service.BusinessModelService.onDecideSqlGenerationMode
2018-09-30 07:03:41.999 [uncertain.proc] [CONFIG] [action] CreateOperationSql
2018-09-30 07:03:41.999 [uncertain.proc] [CONFIG] [action] PopulateOperationSql
2018-09-30 07:03:41.999 [uncertain.proc] [FINE] aurora.database.features.OrderByClauseCreator.onPopulateOperationSql
2018-09-30 07:03:41.999 [uncertain.proc] [FINE] aurora.database.features.WhereClauseCreator.onPopulateOperationSql
2018-09-30 07:03:41.999 [uncertain.proc] [CONFIG] [action] ExecuteQuery
2018-09-30 07:03:41.999 [uncertain.proc] [FINE] aurora.bm.QuerySqlCreator.onExecuteQuery
2018-09-30 07:03:42.0 [uncertain.proc] [CONFIG] [action] QueryFinish
2018-09-30 07:03:42.0 [uncertain.proc] [FINE] aurora.database.features.AutoQueryCounter.onQueryFinish
2018-09-30 07:03:42.0 [uncertain.proc] [CONFIG] [action] FetchResultSet
2018-09-30 07:03:42.0 [uncertain.proc] [FINE] aurora.database.features.CacheBasedLookUpField.postFetchResultSet
2018-09-30 07:03:42.0 [aurora.database] [CONFIG] 
============= BEGIN [query] SQL Statement execution dump ============
SELECT V.CODE_VALUE, V.CODE_VALUE_NAME
						   FROM SYS_CODE_VALUES_V V
						  WHERE V.CODE = 'BGT_CONTROL_RULE_RANGE'
---------------------Binding info---------------------
null
=============== END [query] SQL Statement execution dump ============

2018-09-30 07:03:42.0 [aurora.database] [CONFIG] ===================================== prepare to run model-query bgt.BGT2920.bgt_control_rule==============================
2018-09-30 07:03:42.4 [uncertain.proc] [CONFIG] [action] DecideSqlGenerationMode
2018-09-30 07:03:42.4 [uncertain.proc] [FINE] aurora.database.service.BusinessModelService.onDecideSqlGenerationMode
2018-09-30 07:03:42.4 [uncertain.proc] [CONFIG] [action] CreateOperationSql
2018-09-30 07:03:42.4 [uncertain.proc] [CONFIG] [action] PopulateOperationSql
2018-09-30 07:03:42.4 [uncertain.proc] [FINE] aurora.database.features.OrderByClauseCreator.onPopulateOperationSql
2018-09-30 07:03:42.4 [uncertain.proc] [FINE] aurora.database.features.WhereClauseCreator.onPopulateOperationSql
2018-09-30 07:03:42.4 [uncertain.proc] [CONFIG] [action] ExecuteQuery
2018-09-30 07:03:42.4 [uncertain.proc] [FINE] aurora.bm.QuerySqlCreator.onExecuteQuery
2018-09-30 07:03:42.6 [uncertain.proc] [CONFIG] [action] QueryFinish
2018-09-30 07:03:42.6 [uncertain.proc] [FINE] aurora.database.features.AutoQueryCounter.onQueryFinish
2018-09-30 07:03:42.6 [uncertain.proc] [CONFIG] [action] FetchResultSet
2018-09-30 07:03:42.6 [uncertain.proc] [FINE] aurora.database.features.CacheBasedLookUpField.postFetchResultSet
2018-09-30 07:03:42.6 [aurora.database] [CONFIG] 
============= BEGIN [query] SQL Statement execution dump ============

select t.control_rule_id,
       t.control_rule_code,
       t.description_text,
       t.priority,
       t.budget_group_id,
       t.budget_group_id_display,
       t.start_date,
       t.end_date,
       t.bgt_org_id
  from (select t.control_rule_id,
               t.control_rule_code,
               t.description                 description_text,
               t.priority,
               t.budget_strategy_group_id    budget_group_id,
               b.control_strategy_group_desc budget_group_id_display,
               t.start_date,
               t.end_date,
               t.bgt_org_id
          from bgt_control_rules_vl t,
               bgt_control_strategy_groups b,
               (select t.bgt_org_id,
                       t.bgt_org_code,
                       t.description bgt_org_dec,
                       t.set_of_books_id,
                       v.set_of_books_code,
                       v.set_of_books_name,
                       t.enabled_flag
                  from bgt_organizations_vl t, gld_set_of_books_vl v
                 where t.set_of_books_id = v.set_of_books_id) k
         where b.control_strategy_group_id = t.budget_strategy_group_id
           and t.bgt_org_id = k.bgt_org_id
           and exists (select com.set_of_books_id
                  from fnd_companies_vl com
                 where com.set_of_books_id = k.set_of_books_id
                   and com.company_id = ?)
         order by t.priority) t 
          WHERE control_rule_id = ?
		
	
---------------------Binding info---------------------
No.1	Access path:/session/@company_id	Data type of passed value :java.lang.String	Value:2295	Output:false	Database Type:null	
No.2	Access path:/parameter/@control_rule_id	Data type of passed value :java.lang.String	Value:1	Output:false	Database Type:null	

=============== END [query] SQL Statement execution dump ============

2018-09-30 07:03:42.6 [uncertain.proc] [CONFIG] [action] CreateView
2018-09-30 07:03:42.6 [uncertain.proc] [CONFIG] [action] BuildOutputContent
2018-09-30 07:03:42.6 [aurora.presentation.buildsession] [CONFIG] Start build session
2018-09-30 07:03:42.6 [aurora.presentation.buildsession] [CONFIG] building view: <html-page> -> aurora.presentation.component.HtmlPage@34a9b6ac
2018-09-30 07:03:42.7 [aurora.presentation.buildsession] [CONFIG] building view: <script> -> aurora.presentation.DefaultViewBuilder@59d097e
2018-09-30 07:03:42.7 [aurora.presentation.buildsession] [CONFIG] building view: <dataSets> -> aurora.application.features.DataSetInit@65a9e3d0
2018-09-30 07:03:42.7 [aurora.presentation.buildsession] [CONFIG] building view: <dataSet> -> aurora.presentation.TemplateBasedView@314dc5c8
2018-09-30 07:03:42.8 [aurora.presentation.buildsession] [CONFIG] building view: <dataSet> -> aurora.presentation.TemplateBasedView@314dc5c8
2018-09-30 07:03:42.8 [aurora.presentation.buildsession] [CONFIG] building view: <dataSet> -> aurora.presentation.TemplateBasedView@314dc5c8
2018-09-30 07:03:42.8 [aurora.presentation.buildsession] [CONFIG] building view: <dataSet> -> aurora.presentation.TemplateBasedView@314dc5c8
2018-09-30 07:03:42.8 [aurora.presentation.buildsession] [CONFIG] building view: <dataSet> -> aurora.presentation.TemplateBasedView@314dc5c8
2018-09-30 07:03:42.10 [aurora.presentation.buildsession] [CONFIG] building view: <dataSet> -> aurora.presentation.TemplateBasedView@314dc5c8
2018-09-30 07:03:42.15 [aurora.presentation.buildsession] [CONFIG] building view: <screenBody> -> aurora.presentation.component.std.ScreenBody@684e811a
2018-09-30 07:03:42.15 [aurora.presentation.buildsession] [CONFIG] building view: <screenTopToolbar> -> aurora.presentation.component.std.ScreenTopToolbar@78fb7663
2018-09-30 07:03:42.15 [aurora.presentation.buildsession] [CONFIG] building view: <screenTitle> -> aurora.presentation.component.std.ScreenTitle@11ea306
2018-09-30 07:03:42.20 [uncertain.proc] [CONFIG] [action] DecideSqlGenerationMode
2018-09-30 07:03:42.20 [uncertain.proc] [FINE] aurora.database.service.BusinessModelService.onDecideSqlGenerationMode
2018-09-30 07:03:42.20 [uncertain.proc] [CONFIG] [action] CreatequeryStatement
2018-09-30 07:03:42.20 [uncertain.proc] [FINE] aurora.bm.QuerySqlCreator.onCreateQueryStatement
2018-09-30 07:03:42.20 [uncertain.proc] [CONFIG] [action] PopulatequeryStatement
2018-09-30 07:03:42.20 [uncertain.proc] [FINE] aurora.database.features.OrderByClauseCreator.onPopulateQueryStatement
2018-09-30 07:03:42.20 [uncertain.proc] [FINE] aurora.database.features.WhereClauseCreator.onPopulateQueryStatement
2018-09-30 07:03:42.20 [uncertain.proc] [CONFIG] [action] CreatequerySql
2018-09-30 07:03:42.21 [uncertain.proc] [FINE] aurora.bm.QuerySqlCreator.onCreateQuerySql
2018-09-30 07:03:42.21 [uncertain.proc] [CONFIG] [action] ExecuteQuery
2018-09-30 07:03:42.21 [uncertain.proc] [FINE] aurora.bm.QuerySqlCreator.onExecuteQuery
2018-09-30 07:03:42.22 [uncertain.proc] [CONFIG] [action] QueryFinish
2018-09-30 07:03:42.22 [uncertain.proc] [FINE] aurora.database.features.AutoQueryCounter.onQueryFinish
2018-09-30 07:03:42.22 [uncertain.proc] [CONFIG] [action] FetchResultSet
2018-09-30 07:03:42.22 [uncertain.proc] [FINE] aurora.database.features.CacheBasedLookUpField.postFetchResultSet
2018-09-30 07:03:42.22 [aurora.database] [CONFIG] 
============= BEGIN [query] SQL Statement execution dump ============
SELECT f.service_id,f.service_name,f.is_entry_page,f.is_access_checked,f.is_login_required,f.is_system_access,? AS language,(select d.description_text from fnd_descriptions d where d.description_id = f.title_id and d.language = ?) AS title,f.title_id,f.weixin_flag
FROM sys_service f
WHERE f.service_name = ?
ORDER BY service_name
---------------------Binding info---------------------
No.1	Access path:/session/@lang	Data type of passed value :java.lang.String	Value:ZHS	Output:false	Database Type:null	
No.2	Access path:/session/@lang	Data type of passed value :java.lang.String	Value:ZHS	Output:false	Database Type:null	
No.3	Access path:@service_name	Data type of passed value :java.lang.String	Value:modules/bgt/BGT2920/bgt_control_rule_details.screen	Output:false	Database Type:null	

=============== END [query] SQL Statement execution dump ============

2018-09-30 07:03:42.22 [aurora.presentation.buildsession] [CONFIG] building view: <toolbarButton> -> aurora.presentation.TemplateBasedView@314dc5c8
2018-09-30 07:03:42.22 [aurora.presentation.buildsession] [CONFIG] building view: <form> -> aurora.presentation.component.std.Form@bcd3246
2018-09-30 07:03:42.22 [aurora.presentation.buildsession] [CONFIG] building view: <textField> -> aurora.presentation.TemplateBasedView@314dc5c8
2018-09-30 07:03:42.23 [aurora.presentation.buildsession] [CONFIG] building view: <textField> -> aurora.presentation.TemplateBasedView@314dc5c8
2018-09-30 07:03:42.23 [aurora.presentation.buildsession] [CONFIG] building view: <textField> -> aurora.presentation.TemplateBasedView@314dc5c8
2018-09-30 07:03:42.23 [aurora.presentation.buildsession] [CONFIG] building view: <textField> -> aurora.presentation.TemplateBasedView@314dc5c8
2018-09-30 07:03:42.23 [aurora.presentation.buildsession] [CONFIG] building view: <grid> -> aurora.presentation.TemplateBasedView@314dc5c8
2018-09-30 07:03:42.23 [aurora.presentation.buildsession] [CONFIG] building view: <toolBar> -> aurora.presentation.TemplateBasedView@314dc5c8
2018-09-30 07:03:42.23 [aurora.presentation.buildsession] [CONFIG] building view: <button> -> aurora.presentation.TemplateBasedView@314dc5c8
2018-09-30 07:03:42.24 [aurora.presentation.buildsession] [CONFIG] building view: <button> -> aurora.presentation.TemplateBasedView@314dc5c8
2018-09-30 07:03:42.24 [aurora.presentation.buildsession] [CONFIG] building view: <button> -> aurora.presentation.TemplateBasedView@314dc5c8
2018-09-30 07:03:42.24 [aurora.presentation.buildsession] [CONFIG] building view: <button> -> aurora.presentation.TemplateBasedView@314dc5c8
2018-09-30 07:03:42.24 [aurora.presentation.buildsession] [CONFIG] building view: <navBar> -> aurora.presentation.TemplateBasedView@314dc5c8
2018-09-30 07:03:42.26 [aurora.presentation.buildsession] [CONFIG] building view: <button> -> aurora.presentation.TemplateBasedView@314dc5c8
2018-09-30 07:03:42.27 [aurora.presentation.buildsession] [CONFIG] building view: <button> -> aurora.presentation.TemplateBasedView@314dc5c8
2018-09-30 07:03:42.27 [aurora.presentation.buildsession] [CONFIG] building view: <separator> -> aurora.presentation.TemplateBasedView@314dc5c8
2018-09-30 07:03:42.27 [aurora.presentation.buildsession] [CONFIG] building view: <div> -> aurora.presentation.DefaultViewBuilder@59d097e
2018-09-30 07:03:42.27 [aurora.presentation.buildsession] [CONFIG] building view: <numberField> -> aurora.presentation.TemplateBasedView@314dc5c8
2018-09-30 07:03:42.27 [aurora.presentation.buildsession] [CONFIG] building view: <div> -> aurora.presentation.DefaultViewBuilder@59d097e
2018-09-30 07:03:42.27 [aurora.presentation.buildsession] [CONFIG] building view: <separator> -> aurora.presentation.TemplateBasedView@314dc5c8
2018-09-30 07:03:42.27 [aurora.presentation.buildsession] [CONFIG] building view: <button> -> aurora.presentation.TemplateBasedView@314dc5c8
2018-09-30 07:03:42.28 [aurora.presentation.buildsession] [CONFIG] building view: <button> -> aurora.presentation.TemplateBasedView@314dc5c8
2018-09-30 07:03:42.28 [aurora.presentation.buildsession] [CONFIG] building view: <button> -> aurora.presentation.TemplateBasedView@314dc5c8
2018-09-30 07:03:42.28 [aurora.presentation.buildsession] [CONFIG] building view: <separator> -> aurora.presentation.TemplateBasedView@314dc5c8
2018-09-30 07:03:42.28 [aurora.presentation.buildsession] [CONFIG] building view: <div> -> aurora.presentation.DefaultViewBuilder@59d097e
2018-09-30 07:03:42.28 [aurora.presentation.buildsession] [CONFIG] building view: <comboBox> -> aurora.presentation.TemplateBasedView@314dc5c8
2018-09-30 07:03:42.28 [aurora.presentation.buildsession] [CONFIG] building view: <div> -> aurora.presentation.DefaultViewBuilder@59d097e
2018-09-30 07:03:42.28 [aurora.presentation.buildsession] [CONFIG] building view: <separator> -> aurora.presentation.TemplateBasedView@314dc5c8
2018-09-30 07:03:42.29 [aurora.presentation.buildsession] [CONFIG] building view: <div> -> aurora.presentation.DefaultViewBuilder@59d097e
2018-09-30 07:03:42.29 [aurora.presentation.buildsession] [CONFIG] building view: <comboBox> -> aurora.presentation.TemplateBasedView@314dc5c8
2018-09-30 07:03:42.30 [aurora.presentation.buildsession] [CONFIG] building view: <datePicker> -> aurora.presentation.TemplateBasedView@314dc5c8
2018-09-30 07:03:42.30 [aurora.presentation.buildsession] [CONFIG] building view: <lov> -> aurora.presentation.TemplateBasedView@314dc5c8
2018-09-30 07:03:42.30 [aurora.presentation.buildsession] [CONFIG] building view: <textField> -> aurora.presentation.TemplateBasedView@314dc5c8
2018-09-30 07:03:42.31 [aurora.presentation.buildsession] [CONFIG] End build session
