2018-10-15 09:46:27.83 [aurora.application.session_check] [CONFIG] Session data copied to context
2018-10-15 09:46:27.83 [aurora.application.session_check] [CONFIG] Access check result for modules/gld/FND2910/gld_acc_gen_user_dy.screen => success
2018-10-15 09:46:27.83 [uncertain.proc] [CONFIG] [action] AccessCheck
2018-10-15 09:46:27.87 [uncertain.proc] [CONFIG] [action] InitService
2018-10-15 09:46:27.87 [uncertain.proc] [CONFIG] [action] ParseParameter
2018-10-15 09:46:27.87 [uncertain.proc] [CONFIG] [action] CreateModel
2018-10-15 09:46:27.87 [aurora.database] [CONFIG] ===================================== prepare to run model-query gld.FND2910.gld_mapping_conds_grps_ln_query==============================
2018-10-15 09:46:27.100 [uncertain.proc] [CONFIG] [action] DecideSqlGenerationMode
2018-10-15 09:46:27.100 [uncertain.proc] [FINE] aurora.database.service.BusinessModelService.onDecideSqlGenerationMode
2018-10-15 09:46:27.100 [uncertain.proc] [CONFIG] [action] CreatequeryStatement
2018-10-15 09:46:27.100 [uncertain.proc] [FINE] aurora.bm.QuerySqlCreator.onCreateQueryStatement
2018-10-15 09:46:27.104 [uncertain.proc] [CONFIG] [action] PopulatequeryStatement
2018-10-15 09:46:27.104 [uncertain.proc] [FINE] aurora.database.features.OrderByClauseCreator.onPopulateQueryStatement
2018-10-15 09:46:27.105 [uncertain.proc] [FINE] aurora.database.features.WhereClauseCreator.onPopulateQueryStatement
2018-10-15 09:46:27.105 [uncertain.proc] [CONFIG] [action] CreatequerySql
2018-10-15 09:46:27.105 [uncertain.proc] [FINE] aurora.bm.QuerySqlCreator.onCreateQuerySql
2018-10-15 09:46:27.105 [uncertain.proc] [CONFIG] [action] ExecuteQuery
2018-10-15 09:46:27.105 [uncertain.proc] [FINE] aurora.bm.QuerySqlCreator.onExecuteQuery
2018-10-15 09:46:27.109 [uncertain.proc] [CONFIG] [action] QueryFinish
2018-10-15 09:46:27.109 [uncertain.proc] [FINE] aurora.database.features.AutoQueryCounter.onQueryFinish
2018-10-15 09:46:27.109 [uncertain.proc] [CONFIG] [action] FetchResultSet
2018-10-15 09:46:27.109 [uncertain.proc] [FINE] aurora.database.features.CacheBasedLookUpField.postFetchResultSet
2018-10-15 09:46:27.110 [aurora.database] [CONFIG] 
============= BEGIN [query] SQL Statement execution dump ============
SELECT t.group_name,lower(t.mapping_condition_code) AS mapping_condition_code,t.layout_priority,(select DESCRIPTION_TEXT from fnd_descriptions where DESCRIPTION_ID=s.description_id and Language=?) AS mapping_condition_sql_desc,s.description_id,s.ref_id_field
FROM gld_mapping_conds_grps_ln t
	INNER JOIN GLD_MAPPING_CONDITIONS_SQL s ON t.mapping_condition_code = s.mapping_condition_code
WHERE t.group_name = ?
ORDER BY t.layout_priority
---------------------Binding info---------------------
No.1	Access path:/session/@lang	Data type of passed value :java.lang.String	Value:ZHS	Output:false	Database Type:null	
No.2	Access path:@group_name	Data type of passed value :java.lang.String	Value:EMPLOYEE_EXPENSE_CLEARING_10	Output:false	Database Type:null	

=============== END [query] SQL Statement execution dump ============

2018-10-15 09:46:27.110 [uncertain.proc] [CONFIG] [action] CreateView
2018-10-15 09:46:27.111 [uncertain.proc] [CONFIG] [action] BuildOutputContent
2018-10-15 09:46:27.111 [aurora.presentation.buildsession] [CONFIG] Start build session
2018-10-15 09:46:27.111 [aurora.presentation.buildsession] [CONFIG] building view: <html-page> -> aurora.presentation.component.HtmlPage@224b790f
2018-10-15 09:46:27.112 [aurora.presentation.buildsession] [CONFIG] building view: <link> -> aurora.presentation.TemplateBasedView@3dda489e
2018-10-15 09:46:27.112 [aurora.presentation.buildsession] [CONFIG] building view: <div> -> aurora.presentation.DefaultViewBuilder@35f5c5a3
2018-10-15 09:46:27.112 [aurora.presentation.buildsession] [CONFIG] building view: <script> -> aurora.presentation.DefaultViewBuilder@35f5c5a3
2018-10-15 09:46:27.112 [aurora.presentation.buildsession] [CONFIG] building view: <dataSets> -> aurora.application.features.DataSetInit@7e64fb5d
2018-10-15 09:46:27.112 [aurora.presentation.buildsession] [CONFIG] building view: <dataSet> -> aurora.presentation.TemplateBasedView@3dda489e
2018-10-15 09:46:27.113 [aurora.presentation.buildsession] [CONFIG] building view: <dataSet> -> aurora.presentation.TemplateBasedView@3dda489e
2018-10-15 09:46:27.114 [aurora.presentation.buildsession] [CONFIG] building view: <dataSet> -> aurora.presentation.TemplateBasedView@3dda489e
2018-10-15 09:46:27.116 [aurora.presentation.buildsession] [CONFIG] building view: <dataSet> -> aurora.presentation.TemplateBasedView@3dda489e
2018-10-15 09:46:27.119 [aurora.presentation.buildsession] [CONFIG] building view: <screenBody> -> aurora.presentation.component.std.ScreenBody@53848f6a
2018-10-15 09:46:27.119 [aurora.presentation.buildsession] [CONFIG] building view: <screenTopToolbar> -> aurora.presentation.component.std.ScreenTopToolbar@7a8b378
2018-10-15 09:46:27.119 [aurora.presentation.buildsession] [CONFIG] building view: <screenTitle> -> aurora.presentation.component.std.ScreenTitle@7e522183
2018-10-15 09:46:27.124 [uncertain.proc] [CONFIG] [action] DecideSqlGenerationMode
2018-10-15 09:46:27.124 [uncertain.proc] [FINE] aurora.database.service.BusinessModelService.onDecideSqlGenerationMode
2018-10-15 09:46:27.124 [uncertain.proc] [CONFIG] [action] CreatequeryStatement
2018-10-15 09:46:27.124 [uncertain.proc] [FINE] aurora.bm.QuerySqlCreator.onCreateQueryStatement
2018-10-15 09:46:27.124 [uncertain.proc] [CONFIG] [action] PopulatequeryStatement
2018-10-15 09:46:27.124 [uncertain.proc] [FINE] aurora.database.features.OrderByClauseCreator.onPopulateQueryStatement
2018-10-15 09:46:27.124 [uncertain.proc] [FINE] aurora.database.features.WhereClauseCreator.onPopulateQueryStatement
2018-10-15 09:46:27.124 [uncertain.proc] [CONFIG] [action] CreatequerySql
2018-10-15 09:46:27.124 [uncertain.proc] [FINE] aurora.bm.QuerySqlCreator.onCreateQuerySql
2018-10-15 09:46:27.124 [uncertain.proc] [CONFIG] [action] ExecuteQuery
2018-10-15 09:46:27.124 [uncertain.proc] [FINE] aurora.bm.QuerySqlCreator.onExecuteQuery
2018-10-15 09:46:27.125 [uncertain.proc] [CONFIG] [action] QueryFinish
2018-10-15 09:46:27.125 [uncertain.proc] [FINE] aurora.database.features.AutoQueryCounter.onQueryFinish
2018-10-15 09:46:27.125 [uncertain.proc] [CONFIG] [action] FetchResultSet
2018-10-15 09:46:27.125 [uncertain.proc] [FINE] aurora.database.features.CacheBasedLookUpField.postFetchResultSet
2018-10-15 09:46:27.125 [aurora.database] [CONFIG] 
============= BEGIN [query] SQL Statement execution dump ============
SELECT f.service_id,f.service_name,f.is_entry_page,f.is_access_checked,f.is_login_required,f.is_system_access,? AS language,(select d.description_text from fnd_descriptions d where d.description_id = f.title_id and d.language = ?) AS title,f.title_id,f.weixin_flag
FROM sys_service f
WHERE f.service_name = ?
ORDER BY service_name
---------------------Binding info---------------------
No.1	Access path:/session/@lang	Data type of passed value :java.lang.String	Value:ZHS	Output:false	Database Type:null	
No.2	Access path:/session/@lang	Data type of passed value :java.lang.String	Value:ZHS	Output:false	Database Type:null	
No.3	Access path:@service_name	Data type of passed value :java.lang.String	Value:modules/gld/FND2910/gld_acc_gen_user_dy.screen	Output:false	Database Type:null	

=============== END [query] SQL Statement execution dump ============

2018-10-15 09:46:27.125 [aurora.presentation.buildsession] [CONFIG] building view: <toolbarButton> -> aurora.presentation.TemplateBasedView@3dda489e
2018-10-15 09:46:27.126 [aurora.presentation.buildsession] [CONFIG] building view: <gridButton> -> aurora.presentation.TemplateBasedView@3dda489e
2018-10-15 09:46:27.126 [aurora.presentation.buildsession] [CONFIG] building view: <gridButton> -> aurora.presentation.TemplateBasedView@3dda489e
2018-10-15 09:46:27.126 [aurora.presentation.buildsession] [CONFIG] building view: <gridButton> -> aurora.presentation.TemplateBasedView@3dda489e
2018-10-15 09:46:27.126 [aurora.presentation.buildsession] [CONFIG] building view: <fieldSet> -> aurora.presentation.component.std.FieldSet@6ec5cff9
2018-10-15 09:46:27.126 [aurora.presentation.buildsession] [CONFIG] building view: <textField> -> aurora.presentation.TemplateBasedView@3dda489e
2018-10-15 09:46:27.126 [aurora.presentation.buildsession] [CONFIG] building view: <textField> -> aurora.presentation.TemplateBasedView@3dda489e
2018-10-15 09:46:27.126 [aurora.presentation.buildsession] [CONFIG] building view: <textField> -> aurora.presentation.TemplateBasedView@3dda489e
2018-10-15 09:46:27.126 [aurora.presentation.buildsession] [CONFIG] building view: <textField> -> aurora.presentation.TemplateBasedView@3dda489e
2018-10-15 09:46:27.127 [aurora.presentation.buildsession] [CONFIG] building view: <textField> -> aurora.presentation.TemplateBasedView@3dda489e
2018-10-15 09:46:27.127 [aurora.presentation.buildsession] [CONFIG] building view: <textField> -> aurora.presentation.TemplateBasedView@3dda489e
2018-10-15 09:46:27.127 [aurora.presentation.buildsession] [CONFIG] building view: <lov> -> aurora.presentation.TemplateBasedView@3dda489e
2018-10-15 09:46:27.127 [aurora.presentation.buildsession] [CONFIG] building view: <textField> -> aurora.presentation.TemplateBasedView@3dda489e
2018-10-15 09:46:27.127 [aurora.presentation.buildsession] [CONFIG] building view: <fieldSet> -> aurora.presentation.component.std.FieldSet@69aaa724
2018-10-15 09:46:27.127 [aurora.presentation.buildsession] [CONFIG] building view: <textField> -> aurora.presentation.TemplateBasedView@3dda489e
2018-10-15 09:46:27.127 [aurora.presentation.buildsession] [CONFIG] building view: <grid> -> aurora.presentation.TemplateBasedView@3dda489e
2018-10-15 09:46:27.127 [aurora.presentation.buildsession] [CONFIG] building view: <navBar> -> aurora.presentation.TemplateBasedView@3dda489e
2018-10-15 09:46:27.128 [aurora.presentation.buildsession] [CONFIG] building view: <button> -> aurora.presentation.TemplateBasedView@3dda489e
2018-10-15 09:46:27.128 [aurora.presentation.buildsession] [CONFIG] building view: <button> -> aurora.presentation.TemplateBasedView@3dda489e
2018-10-15 09:46:27.129 [aurora.presentation.buildsession] [CONFIG] building view: <separator> -> aurora.presentation.TemplateBasedView@3dda489e
2018-10-15 09:46:27.129 [aurora.presentation.buildsession] [CONFIG] building view: <div> -> aurora.presentation.DefaultViewBuilder@35f5c5a3
2018-10-15 09:46:27.129 [aurora.presentation.buildsession] [CONFIG] building view: <numberField> -> aurora.presentation.TemplateBasedView@3dda489e
2018-10-15 09:46:27.129 [aurora.presentation.buildsession] [CONFIG] building view: <div> -> aurora.presentation.DefaultViewBuilder@35f5c5a3
2018-10-15 09:46:27.129 [aurora.presentation.buildsession] [CONFIG] building view: <separator> -> aurora.presentation.TemplateBasedView@3dda489e
2018-10-15 09:46:27.129 [aurora.presentation.buildsession] [CONFIG] building view: <button> -> aurora.presentation.TemplateBasedView@3dda489e
2018-10-15 09:46:27.129 [aurora.presentation.buildsession] [CONFIG] building view: <button> -> aurora.presentation.TemplateBasedView@3dda489e
2018-10-15 09:46:27.129 [aurora.presentation.buildsession] [CONFIG] building view: <button> -> aurora.presentation.TemplateBasedView@3dda489e
2018-10-15 09:46:27.129 [aurora.presentation.buildsession] [CONFIG] building view: <separator> -> aurora.presentation.TemplateBasedView@3dda489e
2018-10-15 09:46:27.129 [aurora.presentation.buildsession] [CONFIG] building view: <div> -> aurora.presentation.DefaultViewBuilder@35f5c5a3
2018-10-15 09:46:27.129 [aurora.presentation.buildsession] [CONFIG] building view: <comboBox> -> aurora.presentation.TemplateBasedView@3dda489e
2018-10-15 09:46:27.130 [aurora.presentation.buildsession] [CONFIG] building view: <div> -> aurora.presentation.DefaultViewBuilder@35f5c5a3
2018-10-15 09:46:27.130 [aurora.presentation.buildsession] [CONFIG] building view: <separator> -> aurora.presentation.TemplateBasedView@3dda489e
2018-10-15 09:46:27.130 [aurora.presentation.buildsession] [CONFIG] building view: <div> -> aurora.presentation.DefaultViewBuilder@35f5c5a3
2018-10-15 09:46:27.130 [aurora.presentation.buildsession] [CONFIG] building view: <lov> -> aurora.presentation.TemplateBasedView@3dda489e
2018-10-15 09:46:27.130 [aurora.presentation.buildsession] [CONFIG] building view: <script> -> aurora.presentation.DefaultViewBuilder@35f5c5a3
2018-10-15 09:46:27.130 [aurora.presentation.buildsession] [CONFIG] End build session
