2018-10-15 08:50:45.423 [aurora.application.session_check] [CONFIG] Session data copied to context
2018-10-15 08:50:45.452 [aurora.application.session_check] [CONFIG] Access check result for modules/gld/FND2910/gld_acc_gen_user_dy.screen => success
2018-10-15 08:50:45.452 [uncertain.proc] [CONFIG] [action] AccessCheck
2018-10-15 08:50:45.459 [uncertain.proc] [CONFIG] [action] InitService
2018-10-15 08:50:45.459 [uncertain.proc] [CONFIG] [action] ParseParameter
2018-10-15 08:50:45.459 [uncertain.proc] [CONFIG] [action] CreateModel
2018-10-15 08:50:45.459 [aurora.database] [CONFIG] ===================================== prepare to run model-query gld.FND2910.gld_mapping_conds_grps_ln_query==============================
2018-10-15 08:50:45.510 [uncertain.proc] [CONFIG] [action] DecideSqlGenerationMode
2018-10-15 08:50:45.510 [uncertain.proc] [FINE] aurora.database.service.BusinessModelService.onDecideSqlGenerationMode
2018-10-15 08:50:45.510 [uncertain.proc] [CONFIG] [action] CreatequeryStatement
2018-10-15 08:50:45.510 [uncertain.proc] [FINE] aurora.bm.QuerySqlCreator.onCreateQueryStatement
2018-10-15 08:50:45.512 [uncertain.proc] [CONFIG] [action] PopulatequeryStatement
2018-10-15 08:50:45.512 [uncertain.proc] [FINE] aurora.database.features.OrderByClauseCreator.onPopulateQueryStatement
2018-10-15 08:50:45.512 [uncertain.proc] [FINE] aurora.database.features.WhereClauseCreator.onPopulateQueryStatement
2018-10-15 08:50:45.512 [uncertain.proc] [CONFIG] [action] CreatequerySql
2018-10-15 08:50:45.512 [uncertain.proc] [FINE] aurora.bm.QuerySqlCreator.onCreateQuerySql
2018-10-15 08:50:45.512 [uncertain.proc] [CONFIG] [action] ExecuteQuery
2018-10-15 08:50:45.512 [uncertain.proc] [FINE] aurora.bm.QuerySqlCreator.onExecuteQuery
2018-10-15 08:50:45.564 [uncertain.proc] [CONFIG] [action] QueryFinish
2018-10-15 08:50:45.564 [uncertain.proc] [FINE] aurora.database.features.AutoQueryCounter.onQueryFinish
2018-10-15 08:50:45.564 [uncertain.proc] [CONFIG] [action] FetchResultSet
2018-10-15 08:50:45.564 [uncertain.proc] [FINE] aurora.database.features.CacheBasedLookUpField.postFetchResultSet
2018-10-15 08:50:45.565 [aurora.database] [CONFIG] 
============= BEGIN [query] SQL Statement execution dump ============
SELECT t.group_name,lower(t.mapping_condition_code) AS mapping_condition_code,t.layout_priority,(select DESCRIPTION_TEXT from fnd_descriptions where DESCRIPTION_ID=s.description_id and Language=?) AS mapping_condition_sql_desc,s.description_id,s.ref_id_field
FROM gld_mapping_conds_grps_ln t
	INNER JOIN GLD_MAPPING_CONDITIONS_SQL s ON t.mapping_condition_code = s.mapping_condition_code
WHERE t.group_name = ?
ORDER BY t.layout_priority
---------------------Binding info---------------------
No.1	Access path:/session/@lang	Data type of passed value :java.lang.String	Value:ZHS	Output:false	Database Type:null	
No.2	Access path:@group_name	Data type of passed value :java.lang.String	Value:EMPLOYEE_EXPENSE_CLEARING_10	Output:false	Database Type:null	

=============== END [query] SQL Statement execution dump ============

2018-10-15 08:50:45.565 [uncertain.proc] [CONFIG] [action] CreateView
2018-10-15 08:50:45.566 [uncertain.proc] [CONFIG] [action] BuildOutputContent
2018-10-15 08:50:45.566 [aurora.presentation.buildsession] [CONFIG] Start build session
2018-10-15 08:50:45.566 [aurora.presentation.buildsession] [CONFIG] building view: <html-page> -> aurora.presentation.component.HtmlPage@34676a78
2018-10-15 08:50:45.566 [aurora.presentation.buildsession] [CONFIG] building view: <link> -> aurora.presentation.TemplateBasedView@3dda489e
2018-10-15 08:50:45.567 [aurora.presentation.buildsession] [CONFIG] building view: <div> -> aurora.presentation.DefaultViewBuilder@35f5c5a3
2018-10-15 08:50:45.567 [aurora.presentation.buildsession] [CONFIG] building view: <script> -> aurora.presentation.DefaultViewBuilder@35f5c5a3
2018-10-15 08:50:45.567 [aurora.presentation.buildsession] [CONFIG] building view: <dataSets> -> aurora.application.features.DataSetInit@2f3bae5d
2018-10-15 08:50:45.567 [aurora.presentation.buildsession] [CONFIG] building view: <dataSet> -> aurora.presentation.TemplateBasedView@3dda489e
2018-10-15 08:50:45.567 [aurora.presentation.buildsession] [CONFIG] building view: <dataSet> -> aurora.presentation.TemplateBasedView@3dda489e
2018-10-15 08:50:45.568 [aurora.presentation.buildsession] [CONFIG] building view: <dataSet> -> aurora.presentation.TemplateBasedView@3dda489e
2018-10-15 08:50:45.587 [aurora.presentation.buildsession] [CONFIG] building view: <dataSet> -> aurora.presentation.TemplateBasedView@3dda489e
2018-10-15 08:50:45.625 [aurora.presentation.buildsession] [CONFIG] building view: <screenBody> -> aurora.presentation.component.std.ScreenBody@6e42e1b3
2018-10-15 08:50:45.625 [aurora.presentation.buildsession] [CONFIG] building view: <screenTopToolbar> -> aurora.presentation.component.std.ScreenTopToolbar@6d5d6213
2018-10-15 08:50:45.625 [aurora.presentation.buildsession] [CONFIG] building view: <screenTitle> -> aurora.presentation.component.std.ScreenTitle@6266e16a
2018-10-15 08:50:45.629 [uncertain.proc] [CONFIG] [action] DecideSqlGenerationMode
2018-10-15 08:50:45.629 [uncertain.proc] [FINE] aurora.database.service.BusinessModelService.onDecideSqlGenerationMode
2018-10-15 08:50:45.629 [uncertain.proc] [CONFIG] [action] CreatequeryStatement
2018-10-15 08:50:45.629 [uncertain.proc] [FINE] aurora.bm.QuerySqlCreator.onCreateQueryStatement
2018-10-15 08:50:45.629 [uncertain.proc] [CONFIG] [action] PopulatequeryStatement
2018-10-15 08:50:45.629 [uncertain.proc] [FINE] aurora.database.features.OrderByClauseCreator.onPopulateQueryStatement
2018-10-15 08:50:45.629 [uncertain.proc] [FINE] aurora.database.features.WhereClauseCreator.onPopulateQueryStatement
2018-10-15 08:50:45.629 [uncertain.proc] [CONFIG] [action] CreatequerySql
2018-10-15 08:50:45.629 [uncertain.proc] [FINE] aurora.bm.QuerySqlCreator.onCreateQuerySql
2018-10-15 08:50:45.629 [uncertain.proc] [CONFIG] [action] ExecuteQuery
2018-10-15 08:50:45.630 [uncertain.proc] [FINE] aurora.bm.QuerySqlCreator.onExecuteQuery
2018-10-15 08:50:45.630 [uncertain.proc] [CONFIG] [action] QueryFinish
2018-10-15 08:50:45.630 [uncertain.proc] [FINE] aurora.database.features.AutoQueryCounter.onQueryFinish
2018-10-15 08:50:45.630 [uncertain.proc] [CONFIG] [action] FetchResultSet
2018-10-15 08:50:45.630 [uncertain.proc] [FINE] aurora.database.features.CacheBasedLookUpField.postFetchResultSet
2018-10-15 08:50:45.630 [aurora.database] [CONFIG] 
============= BEGIN [query] SQL Statement execution dump ============
SELECT f.service_id,f.service_name,f.is_entry_page,f.is_access_checked,f.is_login_required,f.is_system_access,? AS language,(select d.description_text from fnd_descriptions d where d.description_id = f.title_id and d.language = ?) AS title,f.title_id,f.weixin_flag
FROM sys_service f
WHERE f.service_name = ?
ORDER BY service_name
---------------------Binding info---------------------
No.1	Access path:/session/@lang	Data type of passed value :java.lang.String	Value:ZHS	Output:false	Database Type:null	
No.2	Access path:/session/@lang	Data type of passed value :java.lang.String	Value:ZHS	Output:false	Database Type:null	
No.3	Access path:@service_name	Data type of passed value :java.lang.String	Value:modules/gld/FND2910/gld_acc_gen_user_dy.screen	Output:false	Database Type:null	

=============== END [query] SQL Statement execution dump ============

2018-10-15 08:50:45.630 [aurora.presentation.buildsession] [CONFIG] building view: <toolbarButton> -> aurora.presentation.TemplateBasedView@3dda489e
2018-10-15 08:50:45.630 [aurora.presentation.buildsession] [CONFIG] building view: <gridButton> -> aurora.presentation.TemplateBasedView@3dda489e
2018-10-15 08:50:45.631 [aurora.presentation.buildsession] [CONFIG] building view: <gridButton> -> aurora.presentation.TemplateBasedView@3dda489e
2018-10-15 08:50:45.631 [aurora.presentation.buildsession] [CONFIG] building view: <gridButton> -> aurora.presentation.TemplateBasedView@3dda489e
2018-10-15 08:50:45.631 [aurora.presentation.buildsession] [CONFIG] building view: <fieldSet> -> aurora.presentation.component.std.FieldSet@36f400d3
2018-10-15 08:50:45.631 [aurora.presentation.buildsession] [CONFIG] building view: <textField> -> aurora.presentation.TemplateBasedView@3dda489e
2018-10-15 08:50:45.631 [aurora.presentation.buildsession] [CONFIG] building view: <textField> -> aurora.presentation.TemplateBasedView@3dda489e
2018-10-15 08:50:45.631 [aurora.presentation.buildsession] [CONFIG] building view: <textField> -> aurora.presentation.TemplateBasedView@3dda489e
2018-10-15 08:50:45.632 [aurora.presentation.buildsession] [CONFIG] building view: <textField> -> aurora.presentation.TemplateBasedView@3dda489e
2018-10-15 08:50:45.632 [aurora.presentation.buildsession] [CONFIG] building view: <textField> -> aurora.presentation.TemplateBasedView@3dda489e
2018-10-15 08:50:45.632 [aurora.presentation.buildsession] [CONFIG] building view: <textField> -> aurora.presentation.TemplateBasedView@3dda489e
2018-10-15 08:50:45.632 [aurora.presentation.buildsession] [CONFIG] building view: <lov> -> aurora.presentation.TemplateBasedView@3dda489e
2018-10-15 08:50:45.632 [aurora.presentation.buildsession] [CONFIG] building view: <textField> -> aurora.presentation.TemplateBasedView@3dda489e
2018-10-15 08:50:45.632 [aurora.presentation.buildsession] [CONFIG] building view: <fieldSet> -> aurora.presentation.component.std.FieldSet@4a67d23f
2018-10-15 08:50:45.632 [aurora.presentation.buildsession] [CONFIG] building view: <textField> -> aurora.presentation.TemplateBasedView@3dda489e
2018-10-15 08:50:45.632 [aurora.presentation.buildsession] [CONFIG] building view: <grid> -> aurora.presentation.TemplateBasedView@3dda489e
2018-10-15 08:50:45.632 [aurora.presentation.buildsession] [CONFIG] building view: <navBar> -> aurora.presentation.TemplateBasedView@3dda489e
2018-10-15 08:50:45.634 [aurora.presentation.buildsession] [CONFIG] building view: <button> -> aurora.presentation.TemplateBasedView@3dda489e
2018-10-15 08:50:45.634 [aurora.presentation.buildsession] [CONFIG] building view: <button> -> aurora.presentation.TemplateBasedView@3dda489e
2018-10-15 08:50:45.634 [aurora.presentation.buildsession] [CONFIG] building view: <separator> -> aurora.presentation.TemplateBasedView@3dda489e
2018-10-15 08:50:45.634 [aurora.presentation.buildsession] [CONFIG] building view: <div> -> aurora.presentation.DefaultViewBuilder@35f5c5a3
2018-10-15 08:50:45.634 [aurora.presentation.buildsession] [CONFIG] building view: <numberField> -> aurora.presentation.TemplateBasedView@3dda489e
2018-10-15 08:50:45.634 [aurora.presentation.buildsession] [CONFIG] building view: <div> -> aurora.presentation.DefaultViewBuilder@35f5c5a3
2018-10-15 08:50:45.634 [aurora.presentation.buildsession] [CONFIG] building view: <separator> -> aurora.presentation.TemplateBasedView@3dda489e
2018-10-15 08:50:45.635 [aurora.presentation.buildsession] [CONFIG] building view: <button> -> aurora.presentation.TemplateBasedView@3dda489e
2018-10-15 08:50:45.635 [aurora.presentation.buildsession] [CONFIG] building view: <button> -> aurora.presentation.TemplateBasedView@3dda489e
2018-10-15 08:50:45.635 [aurora.presentation.buildsession] [CONFIG] building view: <button> -> aurora.presentation.TemplateBasedView@3dda489e
2018-10-15 08:50:45.635 [aurora.presentation.buildsession] [CONFIG] building view: <separator> -> aurora.presentation.TemplateBasedView@3dda489e
2018-10-15 08:50:45.635 [aurora.presentation.buildsession] [CONFIG] building view: <div> -> aurora.presentation.DefaultViewBuilder@35f5c5a3
2018-10-15 08:50:45.635 [aurora.presentation.buildsession] [CONFIG] building view: <comboBox> -> aurora.presentation.TemplateBasedView@3dda489e
2018-10-15 08:50:45.635 [aurora.presentation.buildsession] [CONFIG] building view: <div> -> aurora.presentation.DefaultViewBuilder@35f5c5a3
2018-10-15 08:50:45.635 [aurora.presentation.buildsession] [CONFIG] building view: <separator> -> aurora.presentation.TemplateBasedView@3dda489e
2018-10-15 08:50:45.635 [aurora.presentation.buildsession] [CONFIG] building view: <div> -> aurora.presentation.DefaultViewBuilder@35f5c5a3
2018-10-15 08:50:45.636 [aurora.presentation.buildsession] [CONFIG] building view: <lov> -> aurora.presentation.TemplateBasedView@3dda489e
2018-10-15 08:50:45.638 [aurora.presentation.buildsession] [CONFIG] building view: <script> -> aurora.presentation.DefaultViewBuilder@35f5c5a3
2018-10-15 08:50:45.638 [aurora.presentation.buildsession] [CONFIG] End build session
