2018-10-15 02:43:09.95 [aurora.application.session_check] [CONFIG] Session data copied to context
2018-10-15 02:43:09.95 [aurora.application.session_check] [CONFIG] Access check result for modules/csh/CSH5010/csh_pay_req_create_save.svc => success
2018-10-15 02:43:09.95 [uncertain.proc] [CONFIG] [action] AccessCheck
2018-10-15 02:43:09.99 [uncertain.proc] [CONFIG] [action] CheckServiceLock
2018-10-15 02:43:09.99 [uncertain.proc] [CONFIG] [action] ParseParameter
2018-10-15 02:43:09.99 [uncertain.proc] [CONFIG] [action] ValidateInput
2018-10-15 02:43:09.99 [uncertain.proc] [CONFIG] [action] InvokeService
2018-10-15 02:43:09.104 [uncertain.proc] [CONFIG] [action] DecideStatement
2018-10-15 02:43:09.106 [uncertain.proc] [CONFIG] [action] DecideSqlGenerationMode
2018-10-15 02:43:09.106 [uncertain.proc] [FINE] aurora.database.service.BusinessModelService.onDecideSqlGenerationMode
2018-10-15 02:43:09.106 [uncertain.proc] [CONFIG] [action] CreateOperationSql
2018-10-15 02:43:09.106 [uncertain.proc] [CONFIG] [action] PopulateOperationSql
2018-10-15 02:43:09.106 [uncertain.proc] [FINE] aurora.database.features.OrderByClauseCreator.onPopulateOperationSql
2018-10-15 02:43:09.106 [uncertain.proc] [FINE] aurora.database.features.WhereClauseCreator.onPopulateOperationSql
2018-10-15 02:43:09.106 [uncertain.proc] [CONFIG] [action] CreateSqlRunner
2018-10-15 02:43:09.106 [uncertain.proc] [FINE] aurora.database.service.BusinessModelService.onCreateSqlRunner
2018-10-15 02:43:09.106 [uncertain.proc] [CONFIG] [action] ExecuteDmlStatement
2018-10-15 02:43:09.106 [uncertain.proc] [FINE] aurora.database.service.BusinessModelService.onExecuteDmlStatement
2018-10-15 02:43:09.226 [aurora.database] [CONFIG] 
============= BEGIN [Insert] SQL Statement execution dump ============

            begin
				csh_payment_requisition_pkg.insert_payment_requisition_hd
				(
					?,
					nvl(?,?),
					?,
					?,
					?,
					to_date(?,'YYYY-MM-DD'),
					?,
					'BUSINESS',
					null,
					?,
					?,
					?,
					?,
					?,
					null,
					?,
					'GENERATE',
					?,
					?,
					?,
					nvl(?,'MANUAL'),
					?
				);	
			end;
			
---------------------Binding info---------------------
No.1	Access path:@payment_requisition_header_id	Data type of passed value :java.lang.String	Value:881	Output:false	Database Type:null	
No.2	Access path:@ref_document_id	Data type of passed value :[null]	Value:null	Output:false	Database Type:null	
No.3	Access path:@exp_req_header_id	Data type of passed value :[null]	Value:null	Output:false	Database Type:null	
No.4	Access path:/session/@company_id	Data type of passed value :java.lang.String	Value:2240	Output:false	Database Type:null	
No.5	Access path:@operation_unit_id	Data type of passed value :[null]	Value:null	Output:false	Database Type:null	
No.6	Access path:@employee_id	Data type of passed value :java.lang.String	Value:910	Output:false	Database Type:null	
No.7	Access path:@requisition_date	Data type of passed value :java.lang.String	Value:2018-10-15	Output:false	Database Type:null	
No.8	Access path:@csh_type_id	Data type of passed value :java.lang.String	Value:2	Output:false	Database Type:null	
No.9	Access path:@payment_method_id	Data type of passed value :java.lang.String	Value:1	Output:false	Database Type:null	
No.10	Access path:@partner_category	Data type of passed value :java.lang.String	Value:EMPLOYEE	Output:false	Database Type:null	
No.11	Access path:@p_partner_id	Data type of passed value :java.lang.String	Value:910.0	Output:false	Database Type:null	
No.12	Access path:@amount	Data type of passed value :java.lang.String	Value:1	Output:false	Database Type:null	
No.13	Access path:@currency_code	Data type of passed value :java.lang.String	Value:CNY	Output:false	Database Type:null	
No.14	Access path:@description	Data type of passed value :java.lang.String	Value:1	Output:false	Database Type:null	
No.15	Access path:@payment_requisition_attach_id	Data type of passed value :[null]	Value:null	Output:false	Database Type:null	
No.16	Access path:@position_id	Data type of passed value :java.lang.String	Value:438.0	Output:false	Database Type:null	
No.17	Access path:/session/@user_id	Data type of passed value :java.lang.Long	Value:891	Output:false	Database Type:null	
No.18	Access path:@source_type	Data type of passed value :[null]	Value:null	Output:false	Database Type:null	
No.19	Access path:@related_transactions	Data type of passed value :java.lang.String	Value:*	Output:false	Database Type:null	

=============== END [Insert] SQL Statement execution dump ============

2018-10-15 02:43:09.227 [aurora.database] [CONFIG] Running batch-apply with data from path /parameter/line, total 1 records
2018-10-15 02:43:09.227 [aurora.database] [CONFIG] Executing batch-apply on parameter No.0
2018-10-15 02:43:09.236 [uncertain.proc] [CONFIG] [action] DecideStatement
2018-10-15 02:43:09.238 [uncertain.proc] [CONFIG] [action] DecideSqlGenerationMode
2018-10-15 02:43:09.238 [uncertain.proc] [FINE] aurora.database.service.BusinessModelService.onDecideSqlGenerationMode
2018-10-15 02:43:09.238 [uncertain.proc] [CONFIG] [action] CreateOperationSql
2018-10-15 02:43:09.238 [uncertain.proc] [CONFIG] [action] PopulateOperationSql
2018-10-15 02:43:09.238 [uncertain.proc] [FINE] aurora.database.features.OrderByClauseCreator.onPopulateOperationSql
2018-10-15 02:43:09.238 [uncertain.proc] [FINE] aurora.database.features.WhereClauseCreator.onPopulateOperationSql
2018-10-15 02:43:09.238 [uncertain.proc] [CONFIG] [action] CreateSqlRunner
2018-10-15 02:43:09.238 [uncertain.proc] [FINE] aurora.database.service.BusinessModelService.onCreateSqlRunner
2018-10-15 02:43:09.238 [uncertain.proc] [CONFIG] [action] ExecuteDmlStatement
2018-10-15 02:43:09.238 [uncertain.proc] [FINE] aurora.database.service.BusinessModelService.onExecuteDmlStatement
2018-10-15 02:43:09.328 [aurora.database] [CONFIG] 
============= BEGIN [Insert] SQL Statement execution dump ============

            begin
				csh_payment_requisition_pkg.insert_payment_requisition_ln
				(
					?,
					?,
					?,
					?,
					?,
					?,
					'NEVER',
					null,
					?,
					?,
					?,
					?,
					?,
					?,
					?,
					?,
					?,
					?,
					?,
					?,
					?,
					?,
					?,
					?,
					?,
					?,
					?,
					to_date(?,'yyyy-mm-dd'),
					?
				);	
			end;               
			
---------------------Binding info---------------------
No.1	Access path:@payment_requisition_line_id	Data type of passed value :[null]	Value:null	Output:true	Database Type:null	
No.2	Access path:@payment_requisition_header_id	Data type of passed value :java.lang.Integer	Value:881	Output:false	Database Type:null	
No.3	Access path:@payment_requisition_line_type	Data type of passed value :java.lang.String	Value:EXP_REQUISITION	Output:false	Database Type:null	
No.4	Access path:@ref_document_id	Data type of passed value :[null]	Value:null	Output:false	Database Type:null	
No.5	Access path:@amount	Data type of passed value :java.lang.Integer	Value:1	Output:false	Database Type:null	
No.6	Access path:@description	Data type of passed value :java.lang.String	Value:1	Output:false	Database Type:null	
No.7	Access path:/session/@user_id	Data type of passed value :java.lang.Long	Value:891	Output:false	Database Type:null	
No.8	Access path:@partner_category	Data type of passed value :java.lang.String	Value:EMPLOYEE	Output:false	Database Type:null	
No.9	Access path:@partner_id	Data type of passed value :java.lang.String	Value:910.0	Output:false	Database Type:null	
No.10	Access path:@payment_method_id	Data type of passed value :java.lang.Integer	Value:1	Output:false	Database Type:null	
No.11	Access path:@account_number	Data type of passed value :java.lang.String	Value:6230941180001389005	Output:false	Database Type:null	
No.12	Access path:@account_name	Data type of passed value :java.lang.String	Value:黄芳	Output:false	Database Type:null	
No.13	Access path:@csh_transaction_class_code	Data type of passed value :java.lang.String	Value:XJSW001	Output:false	Database Type:null	
No.14	Access path:/session/@company_id	Data type of passed value :java.lang.String	Value:2240	Output:false	Database Type:null	
No.15	Access path:@contract_header_id	Data type of passed value :[null]	Value:null	Output:false	Database Type:null	
No.16	Access path:@payment_schedule_line_id	Data type of passed value :[null]	Value:null	Output:false	Database Type:null	
No.17	Access path:@bank_code	Data type of passed value :java.lang.String	Value:CCB	Output:false	Database Type:null	
No.18	Access path:@bank_name	Data type of passed value :java.lang.String	Value:中国建设银行	Output:false	Database Type:null	
No.19	Access path:@bank_location_code	Data type of passed value :[null]	Value:null	Output:false	Database Type:null	
No.20	Access path:@bank_location_name	Data type of passed value :java.lang.String	Value:建设银行	Output:false	Database Type:null	
No.21	Access path:@province_code	Data type of passed value :java.lang.String	Value:310000	Output:false	Database Type:null	
No.22	Access path:@province_name	Data type of passed value :java.lang.String	Value:上海市	Output:false	Database Type:null	
No.23	Access path:@city_code	Data type of passed value :java.lang.String	Value:310000	Output:false	Database Type:null	
No.24	Access path:@city_name	Data type of passed value :java.lang.String	Value:上海市	Output:false	Database Type:null	
No.25	Access path:@gather_flag	Data type of passed value :java.lang.String	Value:1	Output:false	Database Type:null	
No.26	Access path:@plan_repayment_date	Data type of passed value :java.lang.String	Value:2018-10-31	Output:false	Database Type:null	
No.27	Access path:@repay_code	Data type of passed value :[null]	Value:null	Output:false	Database Type:null	

=============== END [Insert] SQL Statement execution dump ============

2018-10-15 02:43:09.328 [uncertain.proc] [CONFIG] [action] CreateSuccessResponse
