2018-10-21 07:55:04.825 [aurora.application.session_check] [CONFIG] Session data copied to context
2018-10-21 07:55:04.825 [aurora.application.session_check] [CONFIG] Access check result for modules/bgt/BGT2010/assgin_company.screen => success
2018-10-21 07:55:04.825 [uncertain.proc] [CONFIG] [action] AccessCheck
2018-10-21 07:55:04.829 [uncertain.proc] [CONFIG] [action] InitService
2018-10-21 07:55:04.829 [uncertain.proc] [CONFIG] [action] ParseParameter
2018-10-21 07:55:04.829 [uncertain.proc] [CONFIG] [action] CreateModel
2018-10-21 07:55:04.829 [aurora.database] [CONFIG] ===================================== prepare to run model-query bgt.bgt_get_set_of_books_id==============================
2018-10-21 07:55:04.833 [uncertain.proc] [CONFIG] [action] DecideSqlGenerationMode
2018-10-21 07:55:04.833 [uncertain.proc] [FINE] aurora.database.service.BusinessModelService.onDecideSqlGenerationMode
2018-10-21 07:55:04.833 [uncertain.proc] [CONFIG] [action] CreateOperationSql
2018-10-21 07:55:04.833 [uncertain.proc] [CONFIG] [action] PopulateOperationSql
2018-10-21 07:55:04.833 [uncertain.proc] [FINE] aurora.database.features.OrderByClauseCreator.onPopulateOperationSql
2018-10-21 07:55:04.833 [uncertain.proc] [FINE] aurora.database.features.WhereClauseCreator.onPopulateOperationSql
2018-10-21 07:55:04.833 [uncertain.proc] [CONFIG] [action] ExecuteQuery
2018-10-21 07:55:04.833 [uncertain.proc] [FINE] aurora.bm.QuerySqlCreator.onExecuteQuery
2018-10-21 07:55:04.836 [uncertain.proc] [CONFIG] [action] QueryFinish
2018-10-21 07:55:04.836 [uncertain.proc] [FINE] aurora.database.features.AutoQueryCounter.onQueryFinish
2018-10-21 07:55:04.836 [uncertain.proc] [CONFIG] [action] FetchResultSet
2018-10-21 07:55:04.836 [uncertain.proc] [FINE] aurora.database.features.CacheBasedLookUpField.postFetchResultSet
2018-10-21 07:55:04.836 [aurora.database] [CONFIG] 
============= BEGIN [query] SQL Statement execution dump ============
select t.set_of_books_id from fnd_companies t 
            where t.company_id =? 
---------------------Binding info---------------------
No.1	Access path:/session/@company_id	Data type of passed value :java.lang.Integer	Value:2575	Output:false	Database Type:null	

=============== END [query] SQL Statement execution dump ============

2018-10-21 07:55:04.836 [uncertain.proc] [CONFIG] [action] CreateView
2018-10-21 07:55:04.836 [uncertain.proc] [CONFIG] [action] BuildOutputContent
2018-10-21 07:55:04.836 [aurora.presentation.buildsession] [CONFIG] Start build session
2018-10-21 07:55:04.836 [aurora.presentation.buildsession] [CONFIG] building view: <html-page> -> aurora.presentation.component.HtmlPage@4dde6d4b
2018-10-21 07:55:04.837 [aurora.presentation.buildsession] [CONFIG] building view: <link> -> aurora.presentation.TemplateBasedView@3dda489e
2018-10-21 07:55:04.837 [aurora.presentation.buildsession] [CONFIG] building view: <link> -> aurora.presentation.TemplateBasedView@3dda489e
2018-10-21 07:55:04.837 [aurora.presentation.buildsession] [CONFIG] building view: <script> -> aurora.presentation.DefaultViewBuilder@35f5c5a3
2018-10-21 07:55:04.837 [aurora.presentation.buildsession] [CONFIG] building view: <dataSets> -> aurora.application.features.DataSetInit@171a7f7a
2018-10-21 07:55:04.837 [aurora.presentation.buildsession] [CONFIG] building view: <dataSet> -> aurora.presentation.TemplateBasedView@3dda489e
2018-10-21 07:55:04.837 [aurora.presentation.buildsession] [CONFIG] building view: <dataSet> -> aurora.presentation.TemplateBasedView@3dda489e
2018-10-21 07:55:04.840 [aurora.presentation.buildsession] [CONFIG] building view: <screenBody> -> aurora.presentation.component.std.ScreenBody@67f12faa
2018-10-21 07:55:04.840 [aurora.presentation.buildsession] [CONFIG] building view: <form> -> aurora.presentation.component.std.Form@52789428
2018-10-21 07:55:04.840 [aurora.presentation.buildsession] [CONFIG] building view: <textField> -> aurora.presentation.TemplateBasedView@3dda489e
2018-10-21 07:55:04.840 [aurora.presentation.buildsession] [CONFIG] building view: <textField> -> aurora.presentation.TemplateBasedView@3dda489e
2018-10-21 07:55:04.840 [aurora.presentation.buildsession] [CONFIG] building view: <textField> -> aurora.presentation.TemplateBasedView@3dda489e
2018-10-21 07:55:04.840 [aurora.presentation.buildsession] [CONFIG] building view: <hBox> -> aurora.presentation.component.std.HBox@6c720f19
2018-10-21 07:55:04.841 [aurora.presentation.buildsession] [CONFIG] building view: <button> -> aurora.presentation.TemplateBasedView@3dda489e
2018-10-21 07:55:04.841 [aurora.presentation.buildsession] [CONFIG] building view: <button> -> aurora.presentation.TemplateBasedView@3dda489e
2018-10-21 07:55:04.841 [aurora.presentation.buildsession] [CONFIG] building view: <grid> -> aurora.presentation.TemplateBasedView@3dda489e
2018-10-21 07:55:04.841 [aurora.presentation.buildsession] [CONFIG] building view: <toolBar> -> aurora.presentation.TemplateBasedView@3dda489e
2018-10-21 07:55:04.841 [aurora.presentation.buildsession] [CONFIG] building view: <button> -> aurora.presentation.TemplateBasedView@3dda489e
2018-10-21 07:55:04.841 [aurora.presentation.buildsession] [CONFIG] building view: <button> -> aurora.presentation.TemplateBasedView@3dda489e
2018-10-21 07:55:04.842 [aurora.presentation.buildsession] [CONFIG] building view: <button> -> aurora.presentation.TemplateBasedView@3dda489e
2018-10-21 07:55:04.842 [aurora.presentation.buildsession] [CONFIG] building view: <navBar> -> aurora.presentation.TemplateBasedView@3dda489e
2018-10-21 07:55:04.844 [aurora.presentation.buildsession] [CONFIG] building view: <button> -> aurora.presentation.TemplateBasedView@3dda489e
2018-10-21 07:55:04.844 [aurora.presentation.buildsession] [CONFIG] building view: <button> -> aurora.presentation.TemplateBasedView@3dda489e
2018-10-21 07:55:04.844 [aurora.presentation.buildsession] [CONFIG] building view: <separator> -> aurora.presentation.TemplateBasedView@3dda489e
2018-10-21 07:55:04.844 [aurora.presentation.buildsession] [CONFIG] building view: <div> -> aurora.presentation.DefaultViewBuilder@35f5c5a3
2018-10-21 07:55:04.844 [aurora.presentation.buildsession] [CONFIG] building view: <numberField> -> aurora.presentation.TemplateBasedView@3dda489e
2018-10-21 07:55:04.844 [aurora.presentation.buildsession] [CONFIG] building view: <div> -> aurora.presentation.DefaultViewBuilder@35f5c5a3
2018-10-21 07:55:04.845 [aurora.presentation.buildsession] [CONFIG] building view: <separator> -> aurora.presentation.TemplateBasedView@3dda489e
2018-10-21 07:55:04.845 [aurora.presentation.buildsession] [CONFIG] building view: <button> -> aurora.presentation.TemplateBasedView@3dda489e
2018-10-21 07:55:04.845 [aurora.presentation.buildsession] [CONFIG] building view: <button> -> aurora.presentation.TemplateBasedView@3dda489e
2018-10-21 07:55:04.845 [aurora.presentation.buildsession] [CONFIG] building view: <button> -> aurora.presentation.TemplateBasedView@3dda489e
2018-10-21 07:55:04.845 [aurora.presentation.buildsession] [CONFIG] building view: <separator> -> aurora.presentation.TemplateBasedView@3dda489e
2018-10-21 07:55:04.845 [aurora.presentation.buildsession] [CONFIG] building view: <div> -> aurora.presentation.DefaultViewBuilder@35f5c5a3
2018-10-21 07:55:04.845 [aurora.presentation.buildsession] [CONFIG] building view: <comboBox> -> aurora.presentation.TemplateBasedView@3dda489e
2018-10-21 07:55:04.846 [aurora.presentation.buildsession] [CONFIG] building view: <div> -> aurora.presentation.DefaultViewBuilder@35f5c5a3
2018-10-21 07:55:04.846 [aurora.presentation.buildsession] [CONFIG] building view: <separator> -> aurora.presentation.TemplateBasedView@3dda489e
2018-10-21 07:55:04.846 [aurora.presentation.buildsession] [CONFIG] building view: <div> -> aurora.presentation.DefaultViewBuilder@35f5c5a3
2018-10-21 07:55:04.846 [aurora.presentation.buildsession] [CONFIG] building view: <lov> -> aurora.presentation.TemplateBasedView@3dda489e
2018-10-21 07:55:04.847 [aurora.presentation.buildsession] [CONFIG] building view: <checkBox> -> aurora.presentation.TemplateBasedView@3dda489e
2018-10-21 07:55:04.847 [aurora.presentation.buildsession] [CONFIG] End build session
