2018-10-19 06:14:25.129 [aurora.application.session_check] [CONFIG] Session data copied to context
2018-10-19 06:14:25.169 [aurora.application.session_check] [CONFIG] Access check result for modules/bgt/BGT2010/bgt_budget_items.screen => success
2018-10-19 06:14:25.169 [uncertain.proc] [CONFIG] [action] AccessCheck
2018-10-19 06:14:25.276 [uncertain.proc] [CONFIG] [action] InitService
2018-10-19 06:14:25.276 [uncertain.proc] [CONFIG] [action] ParseParameter
2018-10-19 06:14:25.276 [uncertain.proc] [CONFIG] [action] CreateModel
2018-10-19 06:14:25.276 [aurora.database] [CONFIG] ===================================== prepare to run model-query bgt.bgt_budget_item_types==============================
2018-10-19 06:14:25.327 [uncertain.proc] [CONFIG] [action] DecideSqlGenerationMode
2018-10-19 06:14:25.327 [uncertain.proc] [FINE] aurora.database.service.BusinessModelService.onDecideSqlGenerationMode
2018-10-19 06:14:25.327 [uncertain.proc] [CONFIG] [action] CreatequeryStatement
2018-10-19 06:14:25.327 [uncertain.proc] [FINE] aurora.bm.QuerySqlCreator.onCreateQueryStatement
2018-10-19 06:14:25.334 [uncertain.proc] [CONFIG] [action] PopulatequeryStatement
2018-10-19 06:14:25.334 [uncertain.proc] [FINE] aurora.database.features.OrderByClauseCreator.onPopulateQueryStatement
2018-10-19 06:14:25.334 [uncertain.proc] [FINE] aurora.database.features.WhereClauseCreator.onPopulateQueryStatement
2018-10-19 06:14:25.334 [uncertain.proc] [CONFIG] [action] CreatequerySql
2018-10-19 06:14:25.334 [uncertain.proc] [FINE] aurora.bm.QuerySqlCreator.onCreateQuerySql
2018-10-19 06:14:25.334 [uncertain.proc] [CONFIG] [action] ExecuteQuery
2018-10-19 06:14:25.335 [uncertain.proc] [FINE] aurora.bm.QuerySqlCreator.onExecuteQuery
2018-10-19 06:14:25.415 [uncertain.proc] [CONFIG] [action] QueryFinish
2018-10-19 06:14:25.415 [uncertain.proc] [FINE] aurora.database.features.AutoQueryCounter.onQueryFinish
2018-10-19 06:14:25.415 [uncertain.proc] [CONFIG] [action] FetchResultSet
2018-10-19 06:14:25.415 [uncertain.proc] [FINE] aurora.database.features.CacheBasedLookUpField.postFetchResultSet
2018-10-19 06:14:25.417 [aurora.database] [CONFIG] 
============= BEGIN [query] SQL Statement execution dump ============
SELECT t1.budget_org_id,t1.budget_item_type_id,t1.budget_item_type_code,t1.description_id,t1.enabled_flag,(select DESCRIPTION_TEXT from fnd_descriptions where DESCRIPTION_ID=t1.description_id and Language=?) AS description,(select description_text from fnd_descriptions fd where fd.description_id = r1.description_id and Language = ?) AS budget_org_description,(select DESCRIPTION_TEXT from fnd_descriptions where DESCRIPTION_ID=r1.description_id and Language=?) AS bgt_org_description,r1.description_id AS r1_description_id
FROM BGT_BUDGET_ITEM_TYPES t1
	INNER JOIN BGT_ORGANIZATIONS r1 ON t1.budget_org_id = r1.bgt_org_id
WHERE  ( select bo.set_of_books_id from bgt_organizations bo       where bo.bgt_org_id=t1.budget_org_id)       =(select set_of_books_id from fnd_companies fc where fc.company_id=?)
---------------------Binding info---------------------
No.1	Access path:/session/@lang	Data type of passed value :java.lang.String	Value:ZHS	Output:false	Database Type:null	
No.2	Access path:/session/@lang	Data type of passed value :java.lang.String	Value:ZHS	Output:false	Database Type:null	
No.3	Access path:/session/@lang	Data type of passed value :java.lang.String	Value:ZHS	Output:false	Database Type:null	
No.4	Access path:/session/@company_id	Data type of passed value :java.lang.String	Value:835	Output:false	Database Type:null	

=============== END [query] SQL Statement execution dump ============

2018-10-19 06:14:25.417 [aurora.database] [CONFIG] ===================================== prepare to run model-query bgt.bgt_budget_item_types==============================
2018-10-19 06:14:25.426 [uncertain.proc] [CONFIG] [action] DecideSqlGenerationMode
2018-10-19 06:14:25.426 [uncertain.proc] [FINE] aurora.database.service.BusinessModelService.onDecideSqlGenerationMode
2018-10-19 06:14:25.426 [uncertain.proc] [CONFIG] [action] CreatequeryStatement
2018-10-19 06:14:25.426 [uncertain.proc] [FINE] aurora.bm.QuerySqlCreator.onCreateQueryStatement
2018-10-19 06:14:25.432 [uncertain.proc] [CONFIG] [action] PopulatequeryStatement
2018-10-19 06:14:25.432 [uncertain.proc] [FINE] aurora.database.features.OrderByClauseCreator.onPopulateQueryStatement
2018-10-19 06:14:25.432 [uncertain.proc] [FINE] aurora.database.features.WhereClauseCreator.onPopulateQueryStatement
2018-10-19 06:14:25.432 [uncertain.proc] [CONFIG] [action] CreatequerySql
2018-10-19 06:14:25.432 [uncertain.proc] [FINE] aurora.bm.QuerySqlCreator.onCreateQuerySql
2018-10-19 06:14:25.432 [uncertain.proc] [CONFIG] [action] ExecuteQuery
2018-10-19 06:14:25.432 [uncertain.proc] [FINE] aurora.bm.QuerySqlCreator.onExecuteQuery
2018-10-19 06:14:25.446 [uncertain.proc] [CONFIG] [action] QueryFinish
2018-10-19 06:14:25.446 [uncertain.proc] [FINE] aurora.database.features.AutoQueryCounter.onQueryFinish
2018-10-19 06:14:25.446 [uncertain.proc] [CONFIG] [action] FetchResultSet
2018-10-19 06:14:25.446 [uncertain.proc] [FINE] aurora.database.features.CacheBasedLookUpField.postFetchResultSet
2018-10-19 06:14:25.448 [aurora.database] [CONFIG] 
============= BEGIN [query] SQL Statement execution dump ============
SELECT t1.budget_org_id,t1.budget_item_type_id,t1.budget_item_type_code,t1.description_id,t1.enabled_flag,(select DESCRIPTION_TEXT from fnd_descriptions where DESCRIPTION_ID=t1.description_id and Language=?) AS description,(select description_text from fnd_descriptions fd where fd.description_id = r1.description_id and Language = ?) AS budget_org_description,(select DESCRIPTION_TEXT from fnd_descriptions where DESCRIPTION_ID=r1.description_id and Language=?) AS bgt_org_description,r1.description_id AS r1_description_id
FROM BGT_BUDGET_ITEM_TYPES t1
	INNER JOIN BGT_ORGANIZATIONS r1 ON t1.budget_org_id = r1.bgt_org_id
WHERE  ( select bo.set_of_books_id from bgt_organizations bo       where bo.bgt_org_id=t1.budget_org_id)       =(select set_of_books_id from fnd_companies fc where fc.company_id=?)
---------------------Binding info---------------------
No.1	Access path:/session/@lang	Data type of passed value :java.lang.String	Value:ZHS	Output:false	Database Type:null	
No.2	Access path:/session/@lang	Data type of passed value :java.lang.String	Value:ZHS	Output:false	Database Type:null	
No.3	Access path:/session/@lang	Data type of passed value :java.lang.String	Value:ZHS	Output:false	Database Type:null	
No.4	Access path:/session/@company_id	Data type of passed value :java.lang.String	Value:835	Output:false	Database Type:null	

=============== END [query] SQL Statement execution dump ============

2018-10-19 06:14:25.448 [uncertain.proc] [CONFIG] [action] CreateView
2018-10-19 06:14:25.448 [uncertain.proc] [CONFIG] [action] BuildOutputContent
2018-10-19 06:14:25.448 [aurora.presentation.buildsession] [CONFIG] Start build session
2018-10-19 06:14:25.448 [aurora.presentation.buildsession] [CONFIG] building view: <html-page> -> aurora.presentation.component.HtmlPage@3bd6cccb
2018-10-19 06:14:25.448 [aurora.presentation.buildsession] [CONFIG] building view: <link> -> aurora.presentation.TemplateBasedView@3dda489e
2018-10-19 06:14:25.448 [aurora.presentation.buildsession] [CONFIG] building view: <link> -> aurora.presentation.TemplateBasedView@3dda489e
2018-10-19 06:14:25.448 [aurora.presentation.buildsession] [CONFIG] building view: <link> -> aurora.presentation.TemplateBasedView@3dda489e
2018-10-19 06:14:25.449 [aurora.presentation.buildsession] [CONFIG] building view: <link> -> aurora.presentation.TemplateBasedView@3dda489e
2018-10-19 06:14:25.449 [aurora.presentation.buildsession] [CONFIG] building view: <script> -> aurora.presentation.DefaultViewBuilder@35f5c5a3
2018-10-19 06:14:25.449 [aurora.presentation.buildsession] [CONFIG] building view: <dataSets> -> aurora.application.features.DataSetInit@890c197
2018-10-19 06:14:25.449 [aurora.presentation.buildsession] [CONFIG] building view: <dataSet> -> aurora.presentation.TemplateBasedView@3dda489e
2018-10-19 06:14:25.450 [aurora.presentation.buildsession] [CONFIG] building view: <dataSet> -> aurora.presentation.TemplateBasedView@3dda489e
2018-10-19 06:14:25.451 [aurora.presentation.buildsession] [CONFIG] building view: <dataSet> -> aurora.presentation.TemplateBasedView@3dda489e
2018-10-19 06:14:25.451 [aurora.presentation.buildsession] [CONFIG] building view: <dataSet> -> aurora.presentation.TemplateBasedView@3dda489e
2018-10-19 06:14:25.457 [aurora.presentation.buildsession] [CONFIG] building view: <dataSet> -> aurora.presentation.TemplateBasedView@3dda489e
2018-10-19 06:14:25.460 [aurora.presentation.buildsession] [CONFIG] building view: <screenBody> -> aurora.presentation.component.std.ScreenBody@76129c7b
2018-10-19 06:14:25.461 [aurora.presentation.buildsession] [CONFIG] building view: <screenTopToolbar> -> aurora.presentation.component.std.ScreenTopToolbar@1c8bed5b
2018-10-19 06:14:25.461 [aurora.presentation.buildsession] [CONFIG] building view: <screenTitle> -> aurora.presentation.component.std.ScreenTitle@1136ca95
2018-10-19 06:14:25.465 [uncertain.proc] [CONFIG] [action] DecideSqlGenerationMode
2018-10-19 06:14:25.465 [uncertain.proc] [FINE] aurora.database.service.BusinessModelService.onDecideSqlGenerationMode
2018-10-19 06:14:25.465 [uncertain.proc] [CONFIG] [action] CreatequeryStatement
2018-10-19 06:14:25.465 [uncertain.proc] [FINE] aurora.bm.QuerySqlCreator.onCreateQueryStatement
2018-10-19 06:14:25.465 [uncertain.proc] [CONFIG] [action] PopulatequeryStatement
2018-10-19 06:14:25.465 [uncertain.proc] [FINE] aurora.database.features.OrderByClauseCreator.onPopulateQueryStatement
2018-10-19 06:14:25.465 [uncertain.proc] [FINE] aurora.database.features.WhereClauseCreator.onPopulateQueryStatement
2018-10-19 06:14:25.465 [uncertain.proc] [CONFIG] [action] CreatequerySql
2018-10-19 06:14:25.465 [uncertain.proc] [FINE] aurora.bm.QuerySqlCreator.onCreateQuerySql
2018-10-19 06:14:25.465 [uncertain.proc] [CONFIG] [action] ExecuteQuery
2018-10-19 06:14:25.465 [uncertain.proc] [FINE] aurora.bm.QuerySqlCreator.onExecuteQuery
2018-10-19 06:14:25.487 [uncertain.proc] [CONFIG] [action] QueryFinish
2018-10-19 06:14:25.487 [uncertain.proc] [FINE] aurora.database.features.AutoQueryCounter.onQueryFinish
2018-10-19 06:14:25.487 [uncertain.proc] [CONFIG] [action] FetchResultSet
2018-10-19 06:14:25.487 [uncertain.proc] [FINE] aurora.database.features.CacheBasedLookUpField.postFetchResultSet
2018-10-19 06:14:25.487 [aurora.database] [CONFIG] 
============= BEGIN [query] SQL Statement execution dump ============
SELECT f.service_id,f.service_name,f.is_entry_page,f.is_access_checked,f.is_login_required,f.is_system_access,? AS language,(select d.description_text from fnd_descriptions d where d.description_id = f.title_id and d.language = ?) AS title,f.title_id,f.weixin_flag
FROM sys_service f
WHERE f.service_name = ?
ORDER BY service_name
---------------------Binding info---------------------
No.1	Access path:/session/@lang	Data type of passed value :java.lang.String	Value:ZHS	Output:false	Database Type:null	
No.2	Access path:/session/@lang	Data type of passed value :java.lang.String	Value:ZHS	Output:false	Database Type:null	
No.3	Access path:@service_name	Data type of passed value :java.lang.String	Value:modules/bgt/BGT2010/bgt_budget_items.screen	Output:false	Database Type:null	

=============== END [query] SQL Statement execution dump ============

2018-10-19 06:14:25.488 [aurora.presentation.buildsession] [CONFIG] building view: <toolbarButton> -> aurora.presentation.TemplateBasedView@3dda489e
2018-10-19 06:14:25.488 [aurora.presentation.buildsession] [CONFIG] building view: <gridButton> -> aurora.presentation.TemplateBasedView@3dda489e
2018-10-19 06:14:25.488 [aurora.presentation.buildsession] [CONFIG] building view: <gridButton> -> aurora.presentation.TemplateBasedView@3dda489e
2018-10-19 06:14:25.488 [aurora.presentation.buildsession] [CONFIG] building view: <gridButton> -> aurora.presentation.TemplateBasedView@3dda489e
2018-10-19 06:14:25.489 [aurora.presentation.buildsession] [CONFIG] building view: <toolbarButton> -> aurora.presentation.TemplateBasedView@3dda489e
2018-10-19 06:14:25.489 [aurora.presentation.buildsession] [CONFIG] building view: <queryForm> -> aurora.presentation.component.std.QueryForm@10c3072a
2018-10-19 06:14:25.489 [aurora.presentation.buildsession] [CONFIG] building view: <hBox> -> aurora.presentation.component.std.HBox@78a6232e
2018-10-19 06:14:25.489 [aurora.presentation.buildsession] [CONFIG] building view: <textField> -> aurora.presentation.TemplateBasedView@3dda489e
2018-10-19 06:14:25.490 [aurora.presentation.buildsession] [CONFIG] building view: <lov> -> aurora.presentation.TemplateBasedView@3dda489e
2018-10-19 06:14:25.490 [aurora.presentation.buildsession] [CONFIG] building view: <toolbarButton> -> aurora.presentation.TemplateBasedView@3dda489e
2018-10-19 06:14:25.490 [aurora.presentation.buildsession] [CONFIG] building view: <toolbarButton> -> aurora.presentation.TemplateBasedView@3dda489e
2018-10-19 06:14:25.490 [aurora.presentation.buildsession] [CONFIG] building view: <box> -> aurora.presentation.component.std.Box@28bdcd42
2018-10-19 06:14:25.490 [aurora.presentation.buildsession] [CONFIG] building view: <lov> -> aurora.presentation.TemplateBasedView@3dda489e
2018-10-19 06:14:25.490 [aurora.presentation.buildsession] [CONFIG] building view: <textField> -> aurora.presentation.TemplateBasedView@3dda489e
2018-10-19 06:14:25.491 [aurora.presentation.buildsession] [CONFIG] building view: <lov> -> aurora.presentation.TemplateBasedView@3dda489e
2018-10-19 06:14:25.492 [aurora.presentation.buildsession] [CONFIG] building view: <textField> -> aurora.presentation.TemplateBasedView@3dda489e
2018-10-19 06:14:25.492 [aurora.presentation.buildsession] [CONFIG] building view: <grid> -> aurora.presentation.TemplateBasedView@3dda489e
2018-10-19 06:14:25.492 [aurora.presentation.buildsession] [CONFIG] building view: <navBar> -> aurora.presentation.TemplateBasedView@3dda489e
2018-10-19 06:14:25.494 [aurora.presentation.buildsession] [CONFIG] building view: <button> -> aurora.presentation.TemplateBasedView@3dda489e
2018-10-19 06:14:25.495 [aurora.presentation.buildsession] [CONFIG] building view: <button> -> aurora.presentation.TemplateBasedView@3dda489e
2018-10-19 06:14:25.495 [aurora.presentation.buildsession] [CONFIG] building view: <separator> -> aurora.presentation.TemplateBasedView@3dda489e
2018-10-19 06:14:25.495 [aurora.presentation.buildsession] [CONFIG] building view: <div> -> aurora.presentation.DefaultViewBuilder@35f5c5a3
2018-10-19 06:14:25.495 [aurora.presentation.buildsession] [CONFIG] building view: <numberField> -> aurora.presentation.TemplateBasedView@3dda489e
2018-10-19 06:14:25.496 [aurora.presentation.buildsession] [CONFIG] building view: <div> -> aurora.presentation.DefaultViewBuilder@35f5c5a3
2018-10-19 06:14:25.496 [aurora.presentation.buildsession] [CONFIG] building view: <separator> -> aurora.presentation.TemplateBasedView@3dda489e
2018-10-19 06:14:25.496 [aurora.presentation.buildsession] [CONFIG] building view: <button> -> aurora.presentation.TemplateBasedView@3dda489e
2018-10-19 06:14:25.496 [aurora.presentation.buildsession] [CONFIG] building view: <button> -> aurora.presentation.TemplateBasedView@3dda489e
2018-10-19 06:14:25.496 [aurora.presentation.buildsession] [CONFIG] building view: <button> -> aurora.presentation.TemplateBasedView@3dda489e
2018-10-19 06:14:25.496 [aurora.presentation.buildsession] [CONFIG] building view: <separator> -> aurora.presentation.TemplateBasedView@3dda489e
2018-10-19 06:14:25.496 [aurora.presentation.buildsession] [CONFIG] building view: <div> -> aurora.presentation.DefaultViewBuilder@35f5c5a3
2018-10-19 06:14:25.496 [aurora.presentation.buildsession] [CONFIG] building view: <comboBox> -> aurora.presentation.TemplateBasedView@3dda489e
2018-10-19 06:14:25.497 [aurora.presentation.buildsession] [CONFIG] building view: <div> -> aurora.presentation.DefaultViewBuilder@35f5c5a3
2018-10-19 06:14:25.497 [aurora.presentation.buildsession] [CONFIG] building view: <separator> -> aurora.presentation.TemplateBasedView@3dda489e
2018-10-19 06:14:25.497 [aurora.presentation.buildsession] [CONFIG] building view: <div> -> aurora.presentation.DefaultViewBuilder@35f5c5a3
2018-10-19 06:14:25.498 [aurora.presentation.buildsession] [CONFIG] building view: <textField> -> aurora.presentation.TemplateBasedView@3dda489e
2018-10-19 06:14:25.498 [aurora.presentation.buildsession] [CONFIG] building view: <textField> -> aurora.presentation.TemplateBasedView@3dda489e
2018-10-19 06:14:25.498 [aurora.presentation.buildsession] [CONFIG] building view: <checkBox> -> aurora.presentation.TemplateBasedView@3dda489e
2018-10-19 06:14:25.498 [aurora.presentation.buildsession] [CONFIG] building view: <checkBox> -> aurora.presentation.TemplateBasedView@3dda489e
2018-10-19 06:14:25.498 [aurora.presentation.buildsession] [CONFIG] building view: <comboBox> -> aurora.presentation.TemplateBasedView@3dda489e
2018-10-19 06:14:25.498 [aurora.presentation.buildsession] [CONFIG] End build session
