2018-09-29 07:33:43.283 [aurora.application.session_check] [CONFIG] Session data copied to context
2018-09-29 07:33:43.318 [aurora.application.session_check] [CONFIG] Access check result for modules/bgt/BGT2010/bgt_budget_items.screen => success
2018-09-29 07:33:43.318 [uncertain.proc] [CONFIG] [action] AccessCheck
2018-09-29 07:33:43.377 [uncertain.proc] [CONFIG] [action] InitService
2018-09-29 07:33:43.378 [uncertain.proc] [CONFIG] [action] ParseParameter
2018-09-29 07:33:43.378 [uncertain.proc] [CONFIG] [action] CreateModel
2018-09-29 07:33:43.378 [aurora.database] [CONFIG] ===================================== prepare to run model-query bgt.bgt_budget_item_types==============================
2018-09-29 07:33:43.394 [uncertain.proc] [CONFIG] [action] DecideSqlGenerationMode
2018-09-29 07:33:43.395 [uncertain.proc] [FINE] aurora.database.service.BusinessModelService.onDecideSqlGenerationMode
2018-09-29 07:33:43.395 [uncertain.proc] [CONFIG] [action] CreatequeryStatement
2018-09-29 07:33:43.395 [uncertain.proc] [FINE] aurora.bm.QuerySqlCreator.onCreateQueryStatement
2018-09-29 07:33:43.402 [uncertain.proc] [CONFIG] [action] PopulatequeryStatement
2018-09-29 07:33:43.402 [uncertain.proc] [FINE] aurora.database.features.OrderByClauseCreator.onPopulateQueryStatement
2018-09-29 07:33:43.402 [uncertain.proc] [FINE] aurora.database.features.WhereClauseCreator.onPopulateQueryStatement
2018-09-29 07:33:43.402 [uncertain.proc] [CONFIG] [action] CreatequerySql
2018-09-29 07:33:43.402 [uncertain.proc] [FINE] aurora.bm.QuerySqlCreator.onCreateQuerySql
2018-09-29 07:33:43.402 [uncertain.proc] [CONFIG] [action] ExecuteQuery
2018-09-29 07:33:43.402 [uncertain.proc] [FINE] aurora.bm.QuerySqlCreator.onExecuteQuery
2018-09-29 07:33:43.426 [uncertain.proc] [CONFIG] [action] QueryFinish
2018-09-29 07:33:43.426 [uncertain.proc] [FINE] aurora.database.features.AutoQueryCounter.onQueryFinish
2018-09-29 07:33:43.426 [uncertain.proc] [CONFIG] [action] FetchResultSet
2018-09-29 07:33:43.426 [uncertain.proc] [FINE] aurora.database.features.CacheBasedLookUpField.postFetchResultSet
2018-09-29 07:33:43.431 [aurora.database] [CONFIG] 
============= BEGIN [query] SQL Statement execution dump ============
SELECT t1.budget_org_id,t1.budget_item_type_id,t1.budget_item_type_code,t1.description_id,t1.enabled_flag,(select DESCRIPTION_TEXT from fnd_descriptions where DESCRIPTION_ID=t1.description_id and Language=?) AS description,(select description_text from fnd_descriptions fd where fd.description_id = r1.description_id and Language = ?) AS budget_org_description,(select DESCRIPTION_TEXT from fnd_descriptions where DESCRIPTION_ID=r1.description_id and Language=?) AS bgt_org_description,r1.description_id AS r1_description_id
FROM BGT_BUDGET_ITEM_TYPES t1
	INNER JOIN BGT_ORGANIZATIONS r1 ON t1.budget_org_id = r1.bgt_org_id
WHERE  ( select bo.set_of_books_id from bgt_organizations bo       where bo.bgt_org_id=t1.budget_org_id)       =(select set_of_books_id from fnd_companies fc where fc.company_id=?)
---------------------Binding info---------------------
No.1	Access path:/session/@lang	Data type of passed value :java.lang.String	Value:ZHS	Output:false	Database Type:null	
No.2	Access path:/session/@lang	Data type of passed value :java.lang.String	Value:ZHS	Output:false	Database Type:null	
No.3	Access path:/session/@lang	Data type of passed value :java.lang.String	Value:ZHS	Output:false	Database Type:null	
No.4	Access path:/session/@company_id	Data type of passed value :java.lang.Integer	Value:2536	Output:false	Database Type:null	

=============== END [query] SQL Statement execution dump ============

2018-09-29 07:33:43.431 [aurora.database] [CONFIG] ===================================== prepare to run model-query bgt.bgt_budget_item_types==============================
2018-09-29 07:33:43.446 [uncertain.proc] [CONFIG] [action] DecideSqlGenerationMode
2018-09-29 07:33:43.446 [uncertain.proc] [FINE] aurora.database.service.BusinessModelService.onDecideSqlGenerationMode
2018-09-29 07:33:43.446 [uncertain.proc] [CONFIG] [action] CreatequeryStatement
2018-09-29 07:33:43.446 [uncertain.proc] [FINE] aurora.bm.QuerySqlCreator.onCreateQueryStatement
2018-09-29 07:33:43.450 [uncertain.proc] [CONFIG] [action] PopulatequeryStatement
2018-09-29 07:33:43.450 [uncertain.proc] [FINE] aurora.database.features.OrderByClauseCreator.onPopulateQueryStatement
2018-09-29 07:33:43.450 [uncertain.proc] [FINE] aurora.database.features.WhereClauseCreator.onPopulateQueryStatement
2018-09-29 07:33:43.451 [uncertain.proc] [CONFIG] [action] CreatequerySql
2018-09-29 07:33:43.451 [uncertain.proc] [FINE] aurora.bm.QuerySqlCreator.onCreateQuerySql
2018-09-29 07:33:43.451 [uncertain.proc] [CONFIG] [action] ExecuteQuery
2018-09-29 07:33:43.451 [uncertain.proc] [FINE] aurora.bm.QuerySqlCreator.onExecuteQuery
2018-09-29 07:33:43.470 [uncertain.proc] [CONFIG] [action] QueryFinish
2018-09-29 07:33:43.470 [uncertain.proc] [FINE] aurora.database.features.AutoQueryCounter.onQueryFinish
2018-09-29 07:33:43.470 [uncertain.proc] [CONFIG] [action] FetchResultSet
2018-09-29 07:33:43.470 [uncertain.proc] [FINE] aurora.database.features.CacheBasedLookUpField.postFetchResultSet
2018-09-29 07:33:43.473 [aurora.database] [CONFIG] 
============= BEGIN [query] SQL Statement execution dump ============
SELECT t1.budget_org_id,t1.budget_item_type_id,t1.budget_item_type_code,t1.description_id,t1.enabled_flag,(select DESCRIPTION_TEXT from fnd_descriptions where DESCRIPTION_ID=t1.description_id and Language=?) AS description,(select description_text from fnd_descriptions fd where fd.description_id = r1.description_id and Language = ?) AS budget_org_description,(select DESCRIPTION_TEXT from fnd_descriptions where DESCRIPTION_ID=r1.description_id and Language=?) AS bgt_org_description,r1.description_id AS r1_description_id
FROM BGT_BUDGET_ITEM_TYPES t1
	INNER JOIN BGT_ORGANIZATIONS r1 ON t1.budget_org_id = r1.bgt_org_id
WHERE  ( select bo.set_of_books_id from bgt_organizations bo       where bo.bgt_org_id=t1.budget_org_id)       =(select set_of_books_id from fnd_companies fc where fc.company_id=?)
---------------------Binding info---------------------
No.1	Access path:/session/@lang	Data type of passed value :java.lang.String	Value:ZHS	Output:false	Database Type:null	
No.2	Access path:/session/@lang	Data type of passed value :java.lang.String	Value:ZHS	Output:false	Database Type:null	
No.3	Access path:/session/@lang	Data type of passed value :java.lang.String	Value:ZHS	Output:false	Database Type:null	
No.4	Access path:/session/@company_id	Data type of passed value :java.lang.Integer	Value:2536	Output:false	Database Type:null	

=============== END [query] SQL Statement execution dump ============

2018-09-29 07:33:43.473 [uncertain.proc] [CONFIG] [action] CreateView
2018-09-29 07:33:43.473 [uncertain.proc] [CONFIG] [action] BuildOutputContent
2018-09-29 07:33:43.474 [aurora.presentation.buildsession] [CONFIG] Start build session
2018-09-29 07:33:43.474 [aurora.presentation.buildsession] [CONFIG] building view: <html-page> -> aurora.presentation.component.HtmlPage@1b35ff80
2018-09-29 07:33:43.474 [aurora.presentation.buildsession] [CONFIG] building view: <link> -> aurora.presentation.TemplateBasedView@314dc5c8
2018-09-29 07:33:43.525 [aurora.presentation.buildsession] [CONFIG] building view: <link> -> aurora.presentation.TemplateBasedView@314dc5c8
2018-09-29 07:33:43.525 [aurora.presentation.buildsession] [CONFIG] building view: <link> -> aurora.presentation.TemplateBasedView@314dc5c8
2018-09-29 07:33:43.525 [aurora.presentation.buildsession] [CONFIG] building view: <link> -> aurora.presentation.TemplateBasedView@314dc5c8
2018-09-29 07:33:43.525 [aurora.presentation.buildsession] [CONFIG] building view: <script> -> aurora.presentation.DefaultViewBuilder@59d097e
2018-09-29 07:33:43.526 [aurora.presentation.buildsession] [CONFIG] building view: <dataSets> -> aurora.application.features.DataSetInit@7195acda
2018-09-29 07:33:43.526 [aurora.presentation.buildsession] [CONFIG] building view: <dataSet> -> aurora.presentation.TemplateBasedView@314dc5c8
2018-09-29 07:33:43.529 [aurora.presentation.buildsession] [CONFIG] building view: <dataSet> -> aurora.presentation.TemplateBasedView@314dc5c8
2018-09-29 07:33:43.532 [aurora.presentation.buildsession] [CONFIG] building view: <dataSet> -> aurora.presentation.TemplateBasedView@314dc5c8
2018-09-29 07:33:43.533 [aurora.presentation.buildsession] [CONFIG] building view: <dataSet> -> aurora.presentation.TemplateBasedView@314dc5c8
2018-09-29 07:33:43.546 [aurora.presentation.buildsession] [CONFIG] building view: <dataSet> -> aurora.presentation.TemplateBasedView@314dc5c8
2018-09-29 07:33:43.552 [aurora.presentation.buildsession] [CONFIG] building view: <screenBody> -> aurora.presentation.component.std.ScreenBody@1ece6bad
2018-09-29 07:33:43.552 [aurora.presentation.buildsession] [CONFIG] building view: <screenTopToolbar> -> aurora.presentation.component.std.ScreenTopToolbar@1c28f933
2018-09-29 07:33:43.552 [aurora.presentation.buildsession] [CONFIG] building view: <screenTitle> -> aurora.presentation.component.std.ScreenTitle@28d5dcc9
2018-09-29 07:33:43.558 [uncertain.proc] [CONFIG] [action] DecideSqlGenerationMode
2018-09-29 07:33:43.558 [uncertain.proc] [FINE] aurora.database.service.BusinessModelService.onDecideSqlGenerationMode
2018-09-29 07:33:43.558 [uncertain.proc] [CONFIG] [action] CreatequeryStatement
2018-09-29 07:33:43.558 [uncertain.proc] [FINE] aurora.bm.QuerySqlCreator.onCreateQueryStatement
2018-09-29 07:33:43.558 [uncertain.proc] [CONFIG] [action] PopulatequeryStatement
2018-09-29 07:33:43.558 [uncertain.proc] [FINE] aurora.database.features.OrderByClauseCreator.onPopulateQueryStatement
2018-09-29 07:33:43.558 [uncertain.proc] [FINE] aurora.database.features.WhereClauseCreator.onPopulateQueryStatement
2018-09-29 07:33:43.558 [uncertain.proc] [CONFIG] [action] CreatequerySql
2018-09-29 07:33:43.558 [uncertain.proc] [FINE] aurora.bm.QuerySqlCreator.onCreateQuerySql
2018-09-29 07:33:43.558 [uncertain.proc] [CONFIG] [action] ExecuteQuery
2018-09-29 07:33:43.558 [uncertain.proc] [FINE] aurora.bm.QuerySqlCreator.onExecuteQuery
2018-09-29 07:33:43.559 [uncertain.proc] [CONFIG] [action] QueryFinish
2018-09-29 07:33:43.559 [uncertain.proc] [FINE] aurora.database.features.AutoQueryCounter.onQueryFinish
2018-09-29 07:33:43.559 [uncertain.proc] [CONFIG] [action] FetchResultSet
2018-09-29 07:33:43.559 [uncertain.proc] [FINE] aurora.database.features.CacheBasedLookUpField.postFetchResultSet
2018-09-29 07:33:43.559 [aurora.database] [CONFIG] 
============= BEGIN [query] SQL Statement execution dump ============
SELECT f.service_id,f.service_name,f.is_entry_page,f.is_access_checked,f.is_login_required,f.is_system_access,? AS language,(select d.description_text from fnd_descriptions d where d.description_id = f.title_id and d.language = ?) AS title,f.title_id,f.weixin_flag
FROM sys_service f
WHERE f.service_name = ?
ORDER BY service_name
---------------------Binding info---------------------
No.1	Access path:/session/@lang	Data type of passed value :java.lang.String	Value:ZHS	Output:false	Database Type:null	
No.2	Access path:/session/@lang	Data type of passed value :java.lang.String	Value:ZHS	Output:false	Database Type:null	
No.3	Access path:@service_name	Data type of passed value :java.lang.String	Value:modules/bgt/BGT2010/bgt_budget_items.screen	Output:false	Database Type:null	

=============== END [query] SQL Statement execution dump ============

2018-09-29 07:33:43.559 [aurora.presentation.buildsession] [CONFIG] building view: <toolbarButton> -> aurora.presentation.TemplateBasedView@314dc5c8
2018-09-29 07:33:43.560 [aurora.presentation.buildsession] [CONFIG] building view: <gridButton> -> aurora.presentation.TemplateBasedView@314dc5c8
2018-09-29 07:33:43.560 [aurora.presentation.buildsession] [CONFIG] building view: <gridButton> -> aurora.presentation.TemplateBasedView@314dc5c8
2018-09-29 07:33:43.560 [aurora.presentation.buildsession] [CONFIG] building view: <gridButton> -> aurora.presentation.TemplateBasedView@314dc5c8
2018-09-29 07:33:43.561 [aurora.presentation.buildsession] [CONFIG] building view: <toolbarButton> -> aurora.presentation.TemplateBasedView@314dc5c8
2018-09-29 07:33:43.561 [aurora.presentation.buildsession] [CONFIG] building view: <queryForm> -> aurora.presentation.component.std.QueryForm@adb4163
2018-09-29 07:33:43.561 [aurora.presentation.buildsession] [CONFIG] building view: <hBox> -> aurora.presentation.component.std.HBox@7da2ecff
2018-09-29 07:33:43.561 [aurora.presentation.buildsession] [CONFIG] building view: <textField> -> aurora.presentation.TemplateBasedView@314dc5c8
2018-09-29 07:33:43.562 [aurora.presentation.buildsession] [CONFIG] building view: <lov> -> aurora.presentation.TemplateBasedView@314dc5c8
2018-09-29 07:33:43.575 [aurora.presentation.buildsession] [CONFIG] building view: <toolbarButton> -> aurora.presentation.TemplateBasedView@314dc5c8
2018-09-29 07:33:43.575 [aurora.presentation.buildsession] [CONFIG] building view: <toolbarButton> -> aurora.presentation.TemplateBasedView@314dc5c8
2018-09-29 07:33:43.575 [aurora.presentation.buildsession] [CONFIG] building view: <box> -> aurora.presentation.component.std.Box@4b4a68f0
2018-09-29 07:33:43.575 [aurora.presentation.buildsession] [CONFIG] building view: <lov> -> aurora.presentation.TemplateBasedView@314dc5c8
2018-09-29 07:33:43.576 [aurora.presentation.buildsession] [CONFIG] building view: <textField> -> aurora.presentation.TemplateBasedView@314dc5c8
2018-09-29 07:33:43.576 [aurora.presentation.buildsession] [CONFIG] building view: <lov> -> aurora.presentation.TemplateBasedView@314dc5c8
2018-09-29 07:33:43.576 [aurora.presentation.buildsession] [CONFIG] building view: <textField> -> aurora.presentation.TemplateBasedView@314dc5c8
2018-09-29 07:33:43.576 [aurora.presentation.buildsession] [CONFIG] building view: <grid> -> aurora.presentation.TemplateBasedView@314dc5c8
2018-09-29 07:33:43.576 [aurora.presentation.buildsession] [CONFIG] building view: <navBar> -> aurora.presentation.TemplateBasedView@314dc5c8
2018-09-29 07:33:43.578 [aurora.presentation.buildsession] [CONFIG] building view: <button> -> aurora.presentation.TemplateBasedView@314dc5c8
2018-09-29 07:33:43.578 [aurora.presentation.buildsession] [CONFIG] building view: <button> -> aurora.presentation.TemplateBasedView@314dc5c8
2018-09-29 07:33:43.578 [aurora.presentation.buildsession] [CONFIG] building view: <separator> -> aurora.presentation.TemplateBasedView@314dc5c8
2018-09-29 07:33:43.578 [aurora.presentation.buildsession] [CONFIG] building view: <div> -> aurora.presentation.DefaultViewBuilder@59d097e
2018-09-29 07:33:43.578 [aurora.presentation.buildsession] [CONFIG] building view: <numberField> -> aurora.presentation.TemplateBasedView@314dc5c8
2018-09-29 07:33:43.578 [aurora.presentation.buildsession] [CONFIG] building view: <div> -> aurora.presentation.DefaultViewBuilder@59d097e
2018-09-29 07:33:43.579 [aurora.presentation.buildsession] [CONFIG] building view: <separator> -> aurora.presentation.TemplateBasedView@314dc5c8
2018-09-29 07:33:43.579 [aurora.presentation.buildsession] [CONFIG] building view: <button> -> aurora.presentation.TemplateBasedView@314dc5c8
2018-09-29 07:33:43.579 [aurora.presentation.buildsession] [CONFIG] building view: <button> -> aurora.presentation.TemplateBasedView@314dc5c8
2018-09-29 07:33:43.579 [aurora.presentation.buildsession] [CONFIG] building view: <button> -> aurora.presentation.TemplateBasedView@314dc5c8
2018-09-29 07:33:43.579 [aurora.presentation.buildsession] [CONFIG] building view: <separator> -> aurora.presentation.TemplateBasedView@314dc5c8
2018-09-29 07:33:43.579 [aurora.presentation.buildsession] [CONFIG] building view: <div> -> aurora.presentation.DefaultViewBuilder@59d097e
2018-09-29 07:33:43.579 [aurora.presentation.buildsession] [CONFIG] building view: <comboBox> -> aurora.presentation.TemplateBasedView@314dc5c8
2018-09-29 07:33:43.579 [aurora.presentation.buildsession] [CONFIG] building view: <div> -> aurora.presentation.DefaultViewBuilder@59d097e
2018-09-29 07:33:43.579 [aurora.presentation.buildsession] [CONFIG] building view: <separator> -> aurora.presentation.TemplateBasedView@314dc5c8
2018-09-29 07:33:43.579 [aurora.presentation.buildsession] [CONFIG] building view: <div> -> aurora.presentation.DefaultViewBuilder@59d097e
2018-09-29 07:33:43.580 [aurora.presentation.buildsession] [CONFIG] building view: <textField> -> aurora.presentation.TemplateBasedView@314dc5c8
2018-09-29 07:33:43.581 [aurora.presentation.buildsession] [CONFIG] building view: <textField> -> aurora.presentation.TemplateBasedView@314dc5c8
2018-09-29 07:33:43.581 [aurora.presentation.buildsession] [CONFIG] building view: <checkBox> -> aurora.presentation.TemplateBasedView@314dc5c8
2018-09-29 07:33:43.581 [aurora.presentation.buildsession] [CONFIG] building view: <checkBox> -> aurora.presentation.TemplateBasedView@314dc5c8
2018-09-29 07:33:43.581 [aurora.presentation.buildsession] [CONFIG] building view: <comboBox> -> aurora.presentation.TemplateBasedView@314dc5c8
2018-09-29 07:33:43.581 [aurora.presentation.buildsession] [CONFIG] End build session
