2018-10-15 08:51:12.822 [aurora.application.session_check] [CONFIG] Session data copied to context
2018-10-15 08:51:12.822 [aurora.application.session_check] [CONFIG] Access check result for modules/gld/FND2140/gld_accounts.screen => success
2018-10-15 08:51:12.822 [uncertain.proc] [CONFIG] [action] AccessCheck
2018-10-15 08:51:12.827 [uncertain.proc] [CONFIG] [action] InitService
2018-10-15 08:51:12.827 [uncertain.proc] [CONFIG] [action] ParseParameter
2018-10-15 08:51:12.827 [uncertain.proc] [CONFIG] [action] CreateModel
2018-10-15 08:51:12.827 [aurora.database] [CONFIG] ===================================== prepare to run model-query gld.gld_account_sets==============================
2018-10-15 08:51:12.839 [uncertain.proc] [CONFIG] [action] DecideSqlGenerationMode
2018-10-15 08:51:12.839 [uncertain.proc] [FINE] aurora.database.service.BusinessModelService.onDecideSqlGenerationMode
2018-10-15 08:51:12.839 [uncertain.proc] [CONFIG] [action] CreatequeryStatement
2018-10-15 08:51:12.839 [uncertain.proc] [FINE] aurora.bm.QuerySqlCreator.onCreateQueryStatement
2018-10-15 08:51:12.843 [uncertain.proc] [CONFIG] [action] PopulatequeryStatement
2018-10-15 08:51:12.843 [uncertain.proc] [FINE] aurora.database.features.OrderByClauseCreator.onPopulateQueryStatement
2018-10-15 08:51:12.843 [uncertain.proc] [FINE] aurora.database.features.WhereClauseCreator.onPopulateQueryStatement
2018-10-15 08:51:12.843 [uncertain.proc] [CONFIG] [action] CreatequerySql
2018-10-15 08:51:12.843 [uncertain.proc] [FINE] aurora.bm.QuerySqlCreator.onCreateQuerySql
2018-10-15 08:51:12.843 [uncertain.proc] [CONFIG] [action] ExecuteQuery
2018-10-15 08:51:12.843 [uncertain.proc] [FINE] aurora.bm.QuerySqlCreator.onExecuteQuery
2018-10-15 08:51:12.846 [uncertain.proc] [CONFIG] [action] QueryFinish
2018-10-15 08:51:12.846 [uncertain.proc] [FINE] aurora.database.features.AutoQueryCounter.onQueryFinish
2018-10-15 08:51:12.846 [uncertain.proc] [CONFIG] [action] FetchResultSet
2018-10-15 08:51:12.847 [uncertain.proc] [FINE] aurora.database.features.CacheBasedLookUpField.postFetchResultSet
2018-10-15 08:51:12.848 [aurora.database] [CONFIG] 
============= BEGIN [query] SQL Statement execution dump ============
SELECT gas.account_set_id,gas.account_set_code,gas.account_set_name_id,(select DESCRIPTION_TEXT from fnd_descriptions where DESCRIPTION_ID=gas.account_set_name_id and Language=?) AS account_set_name,gas.coa_structure_id,(select DESCRIPTION_TEXT from fnd_descriptions where DESCRIPTION_ID=gcs.description_id and Language=?) AS description,gcs.coa_structure_code,gcs.description_id,gcs.structure_format
FROM gld_account_sets gas
	INNER JOIN gld_coa_structure gcs ON gas.coa_structure_id = gcs.coa_structure_id
WHERE gas.account_set_id LIKE ?
ORDER BY account_set_code
---------------------Binding info---------------------
No.1	Access path:/session/@lang	Data type of passed value :java.lang.String	Value:ZHS	Output:false	Database Type:null	
No.2	Access path:/session/@lang	Data type of passed value :java.lang.String	Value:ZHS	Output:false	Database Type:null	
No.3	Access path:@account_set_id	Data type of passed value :java.lang.Long	Value:81	Output:false	Database Type:null	

=============== END [query] SQL Statement execution dump ============

2018-10-15 08:51:12.848 [uncertain.proc] [CONFIG] [action] CreateView
2018-10-15 08:51:12.848 [uncertain.proc] [CONFIG] [action] BuildOutputContent
2018-10-15 08:51:12.848 [aurora.presentation.buildsession] [CONFIG] Start build session
2018-10-15 08:51:12.848 [aurora.presentation.buildsession] [CONFIG] building view: <html-page> -> aurora.presentation.component.HtmlPage@3fcb69a7
2018-10-15 08:51:12.849 [aurora.presentation.buildsession] [CONFIG] building view: <link> -> aurora.presentation.TemplateBasedView@3dda489e
2018-10-15 08:51:12.849 [aurora.presentation.buildsession] [CONFIG] building view: <link> -> aurora.presentation.TemplateBasedView@3dda489e
2018-10-15 08:51:12.849 [aurora.presentation.buildsession] [CONFIG] building view: <link> -> aurora.presentation.TemplateBasedView@3dda489e
2018-10-15 08:51:12.849 [aurora.presentation.buildsession] [CONFIG] building view: <link> -> aurora.presentation.TemplateBasedView@3dda489e
2018-10-15 08:51:12.849 [aurora.presentation.buildsession] [CONFIG] building view: <script> -> aurora.presentation.DefaultViewBuilder@35f5c5a3
2018-10-15 08:51:12.849 [aurora.presentation.buildsession] [CONFIG] building view: <dataSets> -> aurora.application.features.DataSetInit@6f5b640
2018-10-15 08:51:12.849 [aurora.presentation.buildsession] [CONFIG] building view: <dataSet> -> aurora.presentation.TemplateBasedView@3dda489e
2018-10-15 08:51:12.850 [aurora.presentation.buildsession] [CONFIG] building view: <dataSet> -> aurora.presentation.TemplateBasedView@3dda489e
2018-10-15 08:51:12.851 [aurora.presentation.buildsession] [CONFIG] building view: <dataSet> -> aurora.presentation.TemplateBasedView@3dda489e
2018-10-15 08:51:12.851 [aurora.presentation.buildsession] [CONFIG] building view: <dataSet> -> aurora.presentation.TemplateBasedView@3dda489e
2018-10-15 08:51:12.853 [aurora.presentation.buildsession] [CONFIG] building view: <screenBody> -> aurora.presentation.component.std.ScreenBody@54846449
2018-10-15 08:51:12.853 [aurora.presentation.buildsession] [CONFIG] building view: <screenTopToolbar> -> aurora.presentation.component.std.ScreenTopToolbar@12cc34c3
2018-10-15 08:51:12.853 [aurora.presentation.buildsession] [CONFIG] building view: <screenTitle> -> aurora.presentation.component.std.ScreenTitle@76aef16c
2018-10-15 08:51:12.856 [uncertain.proc] [CONFIG] [action] DecideSqlGenerationMode
2018-10-15 08:51:12.856 [uncertain.proc] [FINE] aurora.database.service.BusinessModelService.onDecideSqlGenerationMode
2018-10-15 08:51:12.856 [uncertain.proc] [CONFIG] [action] CreatequeryStatement
2018-10-15 08:51:12.856 [uncertain.proc] [FINE] aurora.bm.QuerySqlCreator.onCreateQueryStatement
2018-10-15 08:51:12.856 [uncertain.proc] [CONFIG] [action] PopulatequeryStatement
2018-10-15 08:51:12.856 [uncertain.proc] [FINE] aurora.database.features.OrderByClauseCreator.onPopulateQueryStatement
2018-10-15 08:51:12.856 [uncertain.proc] [FINE] aurora.database.features.WhereClauseCreator.onPopulateQueryStatement
2018-10-15 08:51:12.856 [uncertain.proc] [CONFIG] [action] CreatequerySql
2018-10-15 08:51:12.856 [uncertain.proc] [FINE] aurora.bm.QuerySqlCreator.onCreateQuerySql
2018-10-15 08:51:12.856 [uncertain.proc] [CONFIG] [action] ExecuteQuery
2018-10-15 08:51:12.856 [uncertain.proc] [FINE] aurora.bm.QuerySqlCreator.onExecuteQuery
2018-10-15 08:51:12.857 [uncertain.proc] [CONFIG] [action] QueryFinish
2018-10-15 08:51:12.857 [uncertain.proc] [FINE] aurora.database.features.AutoQueryCounter.onQueryFinish
2018-10-15 08:51:12.857 [uncertain.proc] [CONFIG] [action] FetchResultSet
2018-10-15 08:51:12.857 [uncertain.proc] [FINE] aurora.database.features.CacheBasedLookUpField.postFetchResultSet
2018-10-15 08:51:12.857 [aurora.database] [CONFIG] 
============= BEGIN [query] SQL Statement execution dump ============
SELECT f.service_id,f.service_name,f.is_entry_page,f.is_access_checked,f.is_login_required,f.is_system_access,? AS language,(select d.description_text from fnd_descriptions d where d.description_id = f.title_id and d.language = ?) AS title,f.title_id,f.weixin_flag
FROM sys_service f
WHERE f.service_name = ?
ORDER BY service_name
---------------------Binding info---------------------
No.1	Access path:/session/@lang	Data type of passed value :java.lang.String	Value:ZHS	Output:false	Database Type:null	
No.2	Access path:/session/@lang	Data type of passed value :java.lang.String	Value:ZHS	Output:false	Database Type:null	
No.3	Access path:@service_name	Data type of passed value :java.lang.String	Value:modules/gld/FND2140/gld_accounts.screen	Output:false	Database Type:null	

=============== END [query] SQL Statement execution dump ============

2018-10-15 08:51:12.857 [aurora.presentation.buildsession] [CONFIG] building view: <toolbarButton> -> aurora.presentation.TemplateBasedView@3dda489e
2018-10-15 08:51:12.857 [aurora.presentation.buildsession] [CONFIG] building view: <toolbarButton> -> aurora.presentation.TemplateBasedView@3dda489e
2018-10-15 08:51:12.857 [aurora.presentation.buildsession] [CONFIG] building view: <gridButton> -> aurora.presentation.TemplateBasedView@3dda489e
2018-10-15 08:51:12.857 [aurora.presentation.buildsession] [CONFIG] building view: <gridButton> -> aurora.presentation.TemplateBasedView@3dda489e
2018-10-15 08:51:12.857 [aurora.presentation.buildsession] [CONFIG] building view: <gridButton> -> aurora.presentation.TemplateBasedView@3dda489e
2018-10-15 08:51:12.858 [aurora.presentation.buildsession] [CONFIG] building view: <form> -> aurora.presentation.component.std.Form@5588d21e
2018-10-15 08:51:12.858 [aurora.presentation.buildsession] [CONFIG] building view: <hBox> -> aurora.presentation.component.std.HBox@27c08a23
2018-10-15 08:51:12.858 [aurora.presentation.buildsession] [CONFIG] building view: <textField> -> aurora.presentation.TemplateBasedView@3dda489e
2018-10-15 08:51:12.858 [aurora.presentation.buildsession] [CONFIG] building view: <textField> -> aurora.presentation.TemplateBasedView@3dda489e
2018-10-15 08:51:12.858 [aurora.presentation.buildsession] [CONFIG] building view: <hBox> -> aurora.presentation.component.std.HBox@4e0dd716
2018-10-15 08:51:12.858 [aurora.presentation.buildsession] [CONFIG] building view: <textField> -> aurora.presentation.TemplateBasedView@3dda489e
2018-10-15 08:51:12.858 [aurora.presentation.buildsession] [CONFIG] building view: <textField> -> aurora.presentation.TemplateBasedView@3dda489e
2018-10-15 08:51:12.858 [aurora.presentation.buildsession] [CONFIG] building view: <textField> -> aurora.presentation.TemplateBasedView@3dda489e
2018-10-15 08:51:12.858 [aurora.presentation.buildsession] [CONFIG] building view: <hBox> -> aurora.presentation.component.std.HBox@4340953e
2018-10-15 08:51:12.858 [aurora.presentation.buildsession] [CONFIG] building view: <textField> -> aurora.presentation.TemplateBasedView@3dda489e
2018-10-15 08:51:12.859 [aurora.presentation.buildsession] [CONFIG] building view: <textField> -> aurora.presentation.TemplateBasedView@3dda489e
2018-10-15 08:51:12.859 [aurora.presentation.buildsession] [CONFIG] building view: <comboBox> -> aurora.presentation.TemplateBasedView@3dda489e
2018-10-15 08:51:12.859 [aurora.presentation.buildsession] [CONFIG] building view: <grid> -> aurora.presentation.TemplateBasedView@3dda489e
2018-10-15 08:51:12.859 [aurora.presentation.buildsession] [CONFIG] building view: <navBar> -> aurora.presentation.TemplateBasedView@3dda489e
2018-10-15 08:51:12.860 [aurora.presentation.buildsession] [CONFIG] building view: <button> -> aurora.presentation.TemplateBasedView@3dda489e
2018-10-15 08:51:12.860 [aurora.presentation.buildsession] [CONFIG] building view: <button> -> aurora.presentation.TemplateBasedView@3dda489e
2018-10-15 08:51:12.861 [aurora.presentation.buildsession] [CONFIG] building view: <separator> -> aurora.presentation.TemplateBasedView@3dda489e
2018-10-15 08:51:12.861 [aurora.presentation.buildsession] [CONFIG] building view: <div> -> aurora.presentation.DefaultViewBuilder@35f5c5a3
2018-10-15 08:51:12.861 [aurora.presentation.buildsession] [CONFIG] building view: <numberField> -> aurora.presentation.TemplateBasedView@3dda489e
2018-10-15 08:51:12.861 [aurora.presentation.buildsession] [CONFIG] building view: <div> -> aurora.presentation.DefaultViewBuilder@35f5c5a3
2018-10-15 08:51:12.861 [aurora.presentation.buildsession] [CONFIG] building view: <separator> -> aurora.presentation.TemplateBasedView@3dda489e
2018-10-15 08:51:12.861 [aurora.presentation.buildsession] [CONFIG] building view: <button> -> aurora.presentation.TemplateBasedView@3dda489e
2018-10-15 08:51:12.861 [aurora.presentation.buildsession] [CONFIG] building view: <button> -> aurora.presentation.TemplateBasedView@3dda489e
2018-10-15 08:51:12.862 [aurora.presentation.buildsession] [CONFIG] building view: <button> -> aurora.presentation.TemplateBasedView@3dda489e
2018-10-15 08:51:12.862 [aurora.presentation.buildsession] [CONFIG] building view: <separator> -> aurora.presentation.TemplateBasedView@3dda489e
2018-10-15 08:51:12.862 [aurora.presentation.buildsession] [CONFIG] building view: <div> -> aurora.presentation.DefaultViewBuilder@35f5c5a3
2018-10-15 08:51:12.862 [aurora.presentation.buildsession] [CONFIG] building view: <comboBox> -> aurora.presentation.TemplateBasedView@3dda489e
2018-10-15 08:51:12.862 [aurora.presentation.buildsession] [CONFIG] building view: <div> -> aurora.presentation.DefaultViewBuilder@35f5c5a3
2018-10-15 08:51:12.862 [aurora.presentation.buildsession] [CONFIG] building view: <separator> -> aurora.presentation.TemplateBasedView@3dda489e
2018-10-15 08:51:12.862 [aurora.presentation.buildsession] [CONFIG] building view: <div> -> aurora.presentation.DefaultViewBuilder@35f5c5a3
2018-10-15 08:51:12.863 [aurora.presentation.buildsession] [CONFIG] building view: <textField> -> aurora.presentation.TemplateBasedView@3dda489e
2018-10-15 08:51:12.863 [aurora.presentation.buildsession] [CONFIG] building view: <textField> -> aurora.presentation.TemplateBasedView@3dda489e
2018-10-15 08:51:12.863 [aurora.presentation.buildsession] [CONFIG] building view: <comboBox> -> aurora.presentation.TemplateBasedView@3dda489e
2018-10-15 08:51:12.864 [aurora.presentation.buildsession] [CONFIG] building view: <checkBox> -> aurora.presentation.TemplateBasedView@3dda489e
2018-10-15 08:51:12.864 [aurora.presentation.buildsession] [CONFIG] building view: <checkBox> -> aurora.presentation.TemplateBasedView@3dda489e
2018-10-15 08:51:12.864 [aurora.presentation.buildsession] [CONFIG] building view: <lov> -> aurora.presentation.TemplateBasedView@3dda489e
2018-10-15 08:51:12.864 [aurora.presentation.buildsession] [CONFIG] building view: <script> -> aurora.presentation.DefaultViewBuilder@35f5c5a3
2018-10-15 08:51:12.864 [aurora.presentation.buildsession] [CONFIG] End build session
