2018-10-15 06:42:23.948 [aurora.application.session_check] [CONFIG] Session data copied to context
2018-10-15 06:42:23.948 [aurora.application.session_check] [CONFIG] Access check result for modules/gld/FND2140/gld_company_accounts.screen => success
2018-10-15 06:42:23.948 [uncertain.proc] [CONFIG] [action] AccessCheck
2018-10-15 06:42:23.984 [uncertain.proc] [CONFIG] [action] InitService
2018-10-15 06:42:23.984 [uncertain.proc] [CONFIG] [action] ParseParameter
2018-10-15 06:42:23.984 [uncertain.proc] [CONFIG] [action] CreateModel
2018-10-15 06:42:23.984 [aurora.database] [CONFIG] ===================================== prepare to run model-query gld.gld_set_of_books==============================
2018-10-15 06:42:23.994 [uncertain.proc] [CONFIG] [action] DecideSqlGenerationMode
2018-10-15 06:42:23.994 [uncertain.proc] [FINE] aurora.database.service.BusinessModelService.onDecideSqlGenerationMode
2018-10-15 06:42:23.994 [uncertain.proc] [CONFIG] [action] CreatequeryStatement
2018-10-15 06:42:23.994 [uncertain.proc] [FINE] aurora.bm.QuerySqlCreator.onCreateQueryStatement
2018-10-15 06:42:23.994 [uncertain.proc] [CONFIG] [action] PopulatequeryStatement
2018-10-15 06:42:23.994 [uncertain.proc] [FINE] aurora.database.features.OrderByClauseCreator.onPopulateQueryStatement
2018-10-15 06:42:23.994 [uncertain.proc] [FINE] aurora.database.features.WhereClauseCreator.onPopulateQueryStatement
2018-10-15 06:42:23.994 [uncertain.proc] [CONFIG] [action] CreatequerySql
2018-10-15 06:42:23.994 [uncertain.proc] [FINE] aurora.bm.QuerySqlCreator.onCreateQuerySql
2018-10-15 06:42:23.994 [uncertain.proc] [CONFIG] [action] ExecuteQuery
2018-10-15 06:42:23.994 [uncertain.proc] [FINE] aurora.bm.QuerySqlCreator.onExecuteQuery
2018-10-15 06:42:24.5 [uncertain.proc] [CONFIG] [action] QueryFinish
2018-10-15 06:42:24.6 [uncertain.proc] [FINE] aurora.database.features.AutoQueryCounter.onQueryFinish
2018-10-15 06:42:24.9 [uncertain.proc] [CONFIG] [action] FetchResultSet
2018-10-15 06:42:24.9 [uncertain.proc] [FINE] aurora.database.features.CacheBasedLookUpField.postFetchResultSet
2018-10-15 06:42:24.9 [aurora.database] [CONFIG] 
============= BEGIN [query] SQL Statement execution dump ============
SELECT sob.set_of_books_id,sob.set_of_books_name_id,(select DESCRIPTION_TEXT from fnd_descriptions where DESCRIPTION_ID=sob.set_of_books_name_id and Language=?) AS set_of_books_name,sob.set_of_books_code,sob.period_set_code,(select description_text from fnd_descriptions fn,gld_period_sets gps where fn.description_id=gps.period_set_name_id and gps.period_set_code = sob.period_set_code and language=?) AS period_set_name,sob.functional_currency_code,(select description_text from fnd_descriptions fn,gld_currency gc where fn.description_id=gc.currency_name_id and gc.currency_code = sob.functional_currency_code and language=?) AS currency_name,sob.account_set_id,(select description_text from fnd_descriptions fn,gld_account_sets gas where fn.description_id=gas.account_set_name_id and gas.account_set_id = sob.account_set_id and language=?) AS account_set_name,sob.enabled_flag,sob.main_set_flag,(sob.set_of_books_code || '-' || (select fd.description_text from fnd_descriptions fd where sob.set_of_books_name_id=fd.description_id and fd.language=?)) AS set_of_books_name_display
FROM gld_set_of_books sob
WHERE enabled_flag = 'Y' and account_set_id = ?
ORDER BY set_of_books_code
---------------------Binding info---------------------
No.1	Access path:/session/@lang	Data type of passed value :java.lang.String	Value:ZHS	Output:false	Database Type:null	
No.2	Access path:/session/@lang	Data type of passed value :java.lang.String	Value:ZHS	Output:false	Database Type:null	
No.3	Access path:/session/@lang	Data type of passed value :java.lang.String	Value:ZHS	Output:false	Database Type:null	
No.4	Access path:/session/@lang	Data type of passed value :java.lang.String	Value:ZHS	Output:false	Database Type:null	
No.5	Access path:/session/@lang	Data type of passed value :java.lang.String	Value:ZHS	Output:false	Database Type:null	
No.6	Access path:/parameter/@account_set_id	Data type of passed value :java.lang.String	Value:81	Output:false	Database Type:null	

=============== END [query] SQL Statement execution dump ============

2018-10-15 06:42:24.9 [aurora.database] [CONFIG] ===================================== prepare to run model-query fnd.fnd_companies_vl==============================
2018-10-15 06:42:24.14 [uncertain.proc] [CONFIG] [action] DecideSqlGenerationMode
2018-10-15 06:42:24.14 [uncertain.proc] [FINE] aurora.database.service.BusinessModelService.onDecideSqlGenerationMode
2018-10-15 06:42:24.14 [uncertain.proc] [CONFIG] [action] CreatequeryStatement
2018-10-15 06:42:24.14 [uncertain.proc] [FINE] aurora.bm.QuerySqlCreator.onCreateQueryStatement
2018-10-15 06:42:24.14 [uncertain.proc] [CONFIG] [action] PopulatequeryStatement
2018-10-15 06:42:24.14 [uncertain.proc] [FINE] aurora.database.features.OrderByClauseCreator.onPopulateQueryStatement
2018-10-15 06:42:24.14 [uncertain.proc] [FINE] aurora.database.features.WhereClauseCreator.onPopulateQueryStatement
2018-10-15 06:42:24.14 [uncertain.proc] [CONFIG] [action] CreatequerySql
2018-10-15 06:42:24.14 [uncertain.proc] [FINE] aurora.bm.QuerySqlCreator.onCreateQuerySql
2018-10-15 06:42:24.14 [uncertain.proc] [CONFIG] [action] ExecuteQuery
2018-10-15 06:42:24.14 [uncertain.proc] [FINE] aurora.bm.QuerySqlCreator.onExecuteQuery
2018-10-15 06:42:24.22 [uncertain.proc] [CONFIG] [action] QueryFinish
2018-10-15 06:42:24.22 [uncertain.proc] [FINE] aurora.database.features.AutoQueryCounter.onQueryFinish
2018-10-15 06:42:24.27 [uncertain.proc] [CONFIG] [action] FetchResultSet
2018-10-15 06:42:24.27 [uncertain.proc] [FINE] aurora.database.features.CacheBasedLookUpField.postFetchResultSet
2018-10-15 06:42:24.27 [aurora.database] [CONFIG] 
============= BEGIN [query] SQL Statement execution dump ============
SELECT t1.COMPANY_ID,t1.COMPANY_CODE,t1.COMPANY_SHORT_NAME,t1.COMPANY_FULL_NAME,t1.COMPANY_TYPE,t1.SET_OF_BOOKS_ID,t1.COMPANY_LEVEL_ID,t1.CHIEF_POSITION_ID,t1.PARENT_COMPANY_ID,t1.ADDRESS,t1.START_DATE_ACTIVE,t1.END_DATE_ACTIVE,company_code||'-'||company_short_name AS code_name
FROM FND_COMPANIES_VL t1
WHERE t1.company_id=?
ORDER BY company_code
---------------------Binding info---------------------
No.1	Access path:/session/@company_id	Data type of passed value :java.lang.String	Value:2240	Output:false	Database Type:null	

=============== END [query] SQL Statement execution dump ============

2018-10-15 06:42:24.27 [aurora.database] [CONFIG] ===================================== prepare to run model-query gld.gld_set_of_books==============================
2018-10-15 06:42:24.33 [uncertain.proc] [CONFIG] [action] DecideSqlGenerationMode
2018-10-15 06:42:24.33 [uncertain.proc] [FINE] aurora.database.service.BusinessModelService.onDecideSqlGenerationMode
2018-10-15 06:42:24.33 [uncertain.proc] [CONFIG] [action] CreatequeryStatement
2018-10-15 06:42:24.33 [uncertain.proc] [FINE] aurora.bm.QuerySqlCreator.onCreateQueryStatement
2018-10-15 06:42:24.33 [uncertain.proc] [CONFIG] [action] PopulatequeryStatement
2018-10-15 06:42:24.33 [uncertain.proc] [FINE] aurora.database.features.OrderByClauseCreator.onPopulateQueryStatement
2018-10-15 06:42:24.33 [uncertain.proc] [FINE] aurora.database.features.WhereClauseCreator.onPopulateQueryStatement
2018-10-15 06:42:24.33 [uncertain.proc] [CONFIG] [action] CreatequerySql
2018-10-15 06:42:24.33 [uncertain.proc] [FINE] aurora.bm.QuerySqlCreator.onCreateQuerySql
2018-10-15 06:42:24.33 [uncertain.proc] [CONFIG] [action] ExecuteQuery
2018-10-15 06:42:24.33 [uncertain.proc] [FINE] aurora.bm.QuerySqlCreator.onExecuteQuery
2018-10-15 06:42:24.41 [uncertain.proc] [CONFIG] [action] QueryFinish
2018-10-15 06:42:24.41 [uncertain.proc] [FINE] aurora.database.features.AutoQueryCounter.onQueryFinish
2018-10-15 06:42:24.45 [uncertain.proc] [CONFIG] [action] FetchResultSet
2018-10-15 06:42:24.45 [uncertain.proc] [FINE] aurora.database.features.CacheBasedLookUpField.postFetchResultSet
2018-10-15 06:42:24.45 [aurora.database] [CONFIG] 
============= BEGIN [query] SQL Statement execution dump ============
SELECT sob.set_of_books_id,sob.set_of_books_name_id,(select DESCRIPTION_TEXT from fnd_descriptions where DESCRIPTION_ID=sob.set_of_books_name_id and Language=?) AS set_of_books_name,sob.set_of_books_code,sob.period_set_code,(select description_text from fnd_descriptions fn,gld_period_sets gps where fn.description_id=gps.period_set_name_id and gps.period_set_code = sob.period_set_code and language=?) AS period_set_name,sob.functional_currency_code,(select description_text from fnd_descriptions fn,gld_currency gc where fn.description_id=gc.currency_name_id and gc.currency_code = sob.functional_currency_code and language=?) AS currency_name,sob.account_set_id,(select description_text from fnd_descriptions fn,gld_account_sets gas where fn.description_id=gas.account_set_name_id and gas.account_set_id = sob.account_set_id and language=?) AS account_set_name,sob.enabled_flag,sob.main_set_flag,(sob.set_of_books_code || '-' || (select fd.description_text from fnd_descriptions fd where sob.set_of_books_name_id=fd.description_id and fd.language=?)) AS set_of_books_name_display
FROM gld_set_of_books sob
WHERE sob.set_of_books_id=?
ORDER BY set_of_books_code
---------------------Binding info---------------------
No.1	Access path:/session/@lang	Data type of passed value :java.lang.String	Value:ZHS	Output:false	Database Type:null	
No.2	Access path:/session/@lang	Data type of passed value :java.lang.String	Value:ZHS	Output:false	Database Type:null	
No.3	Access path:/session/@lang	Data type of passed value :java.lang.String	Value:ZHS	Output:false	Database Type:null	
No.4	Access path:/session/@lang	Data type of passed value :java.lang.String	Value:ZHS	Output:false	Database Type:null	
No.5	Access path:/session/@lang	Data type of passed value :java.lang.String	Value:ZHS	Output:false	Database Type:null	
No.6	Access path:/model/get_set_bookid/record/@set_of_books_id	Data type of passed value :java.lang.Double	Value:122.0	Output:false	Database Type:null	

=============== END [query] SQL Statement execution dump ============

2018-10-15 06:42:24.45 [aurora.database] [CONFIG] ===================================== prepare to run model-query gld.FND2140.gld_accounts==============================
2018-10-15 06:42:24.50 [uncertain.proc] [CONFIG] [action] DecideSqlGenerationMode
2018-10-15 06:42:24.50 [uncertain.proc] [FINE] aurora.database.service.BusinessModelService.onDecideSqlGenerationMode
2018-10-15 06:42:24.50 [uncertain.proc] [CONFIG] [action] CreatequeryStatement
2018-10-15 06:42:24.50 [uncertain.proc] [FINE] aurora.bm.QuerySqlCreator.onCreateQueryStatement
2018-10-15 06:42:24.50 [uncertain.proc] [CONFIG] [action] PopulatequeryStatement
2018-10-15 06:42:24.50 [uncertain.proc] [FINE] aurora.database.features.OrderByClauseCreator.onPopulateQueryStatement
2018-10-15 06:42:24.50 [uncertain.proc] [FINE] aurora.database.features.WhereClauseCreator.onPopulateQueryStatement
2018-10-15 06:42:24.50 [uncertain.proc] [CONFIG] [action] CreatequerySql
2018-10-15 06:42:24.50 [uncertain.proc] [FINE] aurora.bm.QuerySqlCreator.onCreateQuerySql
2018-10-15 06:42:24.50 [uncertain.proc] [CONFIG] [action] ExecuteQuery
2018-10-15 06:42:24.50 [uncertain.proc] [FINE] aurora.bm.QuerySqlCreator.onExecuteQuery
2018-10-15 06:42:24.60 [uncertain.proc] [CONFIG] [action] QueryFinish
2018-10-15 06:42:24.60 [uncertain.proc] [FINE] aurora.database.features.AutoQueryCounter.onQueryFinish
2018-10-15 06:42:24.60 [uncertain.proc] [CONFIG] [action] FetchResultSet
2018-10-15 06:42:24.60 [uncertain.proc] [FINE] aurora.database.features.CacheBasedLookUpField.postFetchResultSet
2018-10-15 06:42:24.60 [aurora.database] [CONFIG] 
============= BEGIN [query] SQL Statement execution dump ============
SELECT ga.account_set_id,ga.account_id,ga.account_code,ga.description_id,(select DESCRIPTION_TEXT from fnd_descriptions where DESCRIPTION_ID=ga.description_id and Language=?) AS account_description,ga.account_type,ga.enabled_flag,ga.summary_flag,ga.budget_item_id,(select bbi.description from BGT_BUDGET_ITEMS_vl bbi where bbi.budget_item_id = ga.budget_item_id ) AS budget_item_desc,(select bbi.budget_item_code from BGT_BUDGET_ITEMS_vl bbi where bbi.budget_item_id = ga.budget_item_id ) AS budget_item_code,ga.cashflow_flag,ga.inter_flag,ga.tax_flag,ga.expense_account,ga.receivable_account,ga.asset_account,ga.pay_account
FROM gld_accounts ga
WHERE ga.account_id = ? AND ga.account_set_id = ?
---------------------Binding info---------------------
No.1	Access path:/session/@lang	Data type of passed value :java.lang.String	Value:ZHS	Output:false	Database Type:null	
No.2	Access path:@account_id	Data type of passed value :java.lang.String	Value:52	Output:false	Database Type:null	
No.3	Access path:@account_set_id	Data type of passed value :java.lang.String	Value:81	Output:false	Database Type:null	

=============== END [query] SQL Statement execution dump ============

2018-10-15 06:42:24.60 [uncertain.proc] [CONFIG] [action] CreateView
2018-10-15 06:42:24.60 [uncertain.proc] [CONFIG] [action] BuildOutputContent
2018-10-15 06:42:24.60 [aurora.presentation.buildsession] [CONFIG] Start build session
2018-10-15 06:42:24.60 [aurora.presentation.buildsession] [CONFIG] building view: <html-page> -> aurora.presentation.component.HtmlPage@28e289f5
2018-10-15 06:42:24.61 [aurora.presentation.buildsession] [CONFIG] building view: <script> -> aurora.presentation.DefaultViewBuilder@35f5c5a3
2018-10-15 06:42:24.61 [aurora.presentation.buildsession] [CONFIG] building view: <dataSets> -> aurora.application.features.DataSetInit@4161b6bc
2018-10-15 06:42:24.61 [aurora.presentation.buildsession] [CONFIG] building view: <dataSet> -> aurora.presentation.TemplateBasedView@3dda489e
2018-10-15 06:42:24.63 [aurora.presentation.buildsession] [CONFIG] building view: <dataSet> -> aurora.presentation.TemplateBasedView@3dda489e
2018-10-15 06:42:24.63 [aurora.presentation.buildsession] [CONFIG] building view: <dataSet> -> aurora.presentation.TemplateBasedView@3dda489e
2018-10-15 06:42:24.64 [aurora.presentation.buildsession] [CONFIG] building view: <dataSet> -> aurora.presentation.TemplateBasedView@3dda489e
2018-10-15 06:42:24.109 [aurora.presentation.buildsession] [CONFIG] building view: <screenBody> -> aurora.presentation.component.std.ScreenBody@fc2ca6
2018-10-15 06:42:24.109 [aurora.presentation.buildsession] [CONFIG] building view: <screenTopToolbar> -> aurora.presentation.component.std.ScreenTopToolbar@77cf2cae
2018-10-15 06:42:24.109 [aurora.presentation.buildsession] [CONFIG] building view: <screenTitle> -> aurora.presentation.component.std.ScreenTitle@4b5ebe83
2018-10-15 06:42:24.114 [uncertain.proc] [CONFIG] [action] DecideSqlGenerationMode
2018-10-15 06:42:24.114 [uncertain.proc] [FINE] aurora.database.service.BusinessModelService.onDecideSqlGenerationMode
2018-10-15 06:42:24.114 [uncertain.proc] [CONFIG] [action] CreatequeryStatement
2018-10-15 06:42:24.114 [uncertain.proc] [FINE] aurora.bm.QuerySqlCreator.onCreateQueryStatement
2018-10-15 06:42:24.114 [uncertain.proc] [CONFIG] [action] PopulatequeryStatement
2018-10-15 06:42:24.114 [uncertain.proc] [FINE] aurora.database.features.OrderByClauseCreator.onPopulateQueryStatement
2018-10-15 06:42:24.114 [uncertain.proc] [FINE] aurora.database.features.WhereClauseCreator.onPopulateQueryStatement
2018-10-15 06:42:24.114 [uncertain.proc] [CONFIG] [action] CreatequerySql
2018-10-15 06:42:24.114 [uncertain.proc] [FINE] aurora.bm.QuerySqlCreator.onCreateQuerySql
2018-10-15 06:42:24.114 [uncertain.proc] [CONFIG] [action] ExecuteQuery
2018-10-15 06:42:24.114 [uncertain.proc] [FINE] aurora.bm.QuerySqlCreator.onExecuteQuery
2018-10-15 06:42:24.114 [uncertain.proc] [CONFIG] [action] QueryFinish
2018-10-15 06:42:24.114 [uncertain.proc] [FINE] aurora.database.features.AutoQueryCounter.onQueryFinish
2018-10-15 06:42:24.114 [uncertain.proc] [CONFIG] [action] FetchResultSet
2018-10-15 06:42:24.115 [uncertain.proc] [FINE] aurora.database.features.CacheBasedLookUpField.postFetchResultSet
2018-10-15 06:42:24.115 [aurora.database] [CONFIG] 
============= BEGIN [query] SQL Statement execution dump ============
SELECT f.service_id,f.service_name,f.is_entry_page,f.is_access_checked,f.is_login_required,f.is_system_access,? AS language,(select d.description_text from fnd_descriptions d where d.description_id = f.title_id and d.language = ?) AS title,f.title_id,f.weixin_flag
FROM sys_service f
WHERE f.service_name = ?
ORDER BY service_name
---------------------Binding info---------------------
No.1	Access path:/session/@lang	Data type of passed value :java.lang.String	Value:ZHS	Output:false	Database Type:null	
No.2	Access path:/session/@lang	Data type of passed value :java.lang.String	Value:ZHS	Output:false	Database Type:null	
No.3	Access path:@service_name	Data type of passed value :java.lang.String	Value:modules/gld/FND2140/gld_company_accounts.screen	Output:false	Database Type:null	

=============== END [query] SQL Statement execution dump ============

2018-10-15 06:42:24.115 [aurora.presentation.buildsession] [CONFIG] building view: <toolbarButton> -> aurora.presentation.TemplateBasedView@3dda489e
2018-10-15 06:42:24.115 [aurora.presentation.buildsession] [CONFIG] building view: <gridButton> -> aurora.presentation.TemplateBasedView@3dda489e
2018-10-15 06:42:24.115 [aurora.presentation.buildsession] [CONFIG] building view: <gridButton> -> aurora.presentation.TemplateBasedView@3dda489e
2018-10-15 06:42:24.115 [aurora.presentation.buildsession] [CONFIG] building view: <gridButton> -> aurora.presentation.TemplateBasedView@3dda489e
2018-10-15 06:42:24.115 [aurora.presentation.buildsession] [CONFIG] building view: <form> -> aurora.presentation.component.std.Form@6498ec4e
2018-10-15 06:42:24.115 [aurora.presentation.buildsession] [CONFIG] building view: <comboBox> -> aurora.presentation.TemplateBasedView@3dda489e
2018-10-15 06:42:24.116 [aurora.presentation.buildsession] [CONFIG] building view: <textField> -> aurora.presentation.TemplateBasedView@3dda489e
2018-10-15 06:42:24.116 [aurora.presentation.buildsession] [CONFIG] building view: <textField> -> aurora.presentation.TemplateBasedView@3dda489e
2018-10-15 06:42:24.116 [aurora.presentation.buildsession] [CONFIG] building view: <grid> -> aurora.presentation.TemplateBasedView@3dda489e
2018-10-15 06:42:24.116 [aurora.presentation.buildsession] [CONFIG] building view: <navBar> -> aurora.presentation.TemplateBasedView@3dda489e
2018-10-15 06:42:24.117 [aurora.presentation.buildsession] [CONFIG] building view: <button> -> aurora.presentation.TemplateBasedView@3dda489e
2018-10-15 06:42:24.117 [aurora.presentation.buildsession] [CONFIG] building view: <button> -> aurora.presentation.TemplateBasedView@3dda489e
2018-10-15 06:42:24.117 [aurora.presentation.buildsession] [CONFIG] building view: <separator> -> aurora.presentation.TemplateBasedView@3dda489e
2018-10-15 06:42:24.118 [aurora.presentation.buildsession] [CONFIG] building view: <div> -> aurora.presentation.DefaultViewBuilder@35f5c5a3
2018-10-15 06:42:24.118 [aurora.presentation.buildsession] [CONFIG] building view: <numberField> -> aurora.presentation.TemplateBasedView@3dda489e
2018-10-15 06:42:24.118 [aurora.presentation.buildsession] [CONFIG] building view: <div> -> aurora.presentation.DefaultViewBuilder@35f5c5a3
2018-10-15 06:42:24.118 [aurora.presentation.buildsession] [CONFIG] building view: <separator> -> aurora.presentation.TemplateBasedView@3dda489e
2018-10-15 06:42:24.118 [aurora.presentation.buildsession] [CONFIG] building view: <button> -> aurora.presentation.TemplateBasedView@3dda489e
2018-10-15 06:42:24.118 [aurora.presentation.buildsession] [CONFIG] building view: <button> -> aurora.presentation.TemplateBasedView@3dda489e
2018-10-15 06:42:24.118 [aurora.presentation.buildsession] [CONFIG] building view: <button> -> aurora.presentation.TemplateBasedView@3dda489e
2018-10-15 06:42:24.118 [aurora.presentation.buildsession] [CONFIG] building view: <separator> -> aurora.presentation.TemplateBasedView@3dda489e
2018-10-15 06:42:24.118 [aurora.presentation.buildsession] [CONFIG] building view: <div> -> aurora.presentation.DefaultViewBuilder@35f5c5a3
2018-10-15 06:42:24.118 [aurora.presentation.buildsession] [CONFIG] building view: <comboBox> -> aurora.presentation.TemplateBasedView@3dda489e
2018-10-15 06:42:24.119 [aurora.presentation.buildsession] [CONFIG] building view: <div> -> aurora.presentation.DefaultViewBuilder@35f5c5a3
2018-10-15 06:42:24.119 [aurora.presentation.buildsession] [CONFIG] building view: <separator> -> aurora.presentation.TemplateBasedView@3dda489e
2018-10-15 06:42:24.119 [aurora.presentation.buildsession] [CONFIG] building view: <div> -> aurora.presentation.DefaultViewBuilder@35f5c5a3
2018-10-15 06:42:24.119 [aurora.presentation.buildsession] [CONFIG] building view: <lov> -> aurora.presentation.TemplateBasedView@3dda489e
2018-10-15 06:42:24.119 [aurora.presentation.buildsession] [CONFIG] building view: <checkBox> -> aurora.presentation.TemplateBasedView@3dda489e
2018-10-15 06:42:24.120 [aurora.presentation.buildsession] [CONFIG] building view: <script> -> aurora.presentation.DefaultViewBuilder@35f5c5a3
2018-10-15 06:42:24.120 [aurora.presentation.buildsession] [CONFIG] End build session
