2018-10-19 08:06:26.106 [aurora.application.session_check] [CONFIG] Session data copied to context
2018-10-19 08:06:26.129 [aurora.application.session_check] [CONFIG] Access check result for modules/expm/EXP5205/exp_report_csh_requistion_payment.screen => success
2018-10-19 08:06:26.129 [uncertain.proc] [CONFIG] [action] AccessCheck
2018-10-19 08:06:26.135 [uncertain.proc] [CONFIG] [action] InitService
2018-10-19 08:06:26.135 [uncertain.proc] [CONFIG] [action] ParseParameter
2018-10-19 08:06:26.135 [uncertain.proc] [CONFIG] [action] CreateModel
2018-10-19 08:06:26.135 [aurora.database] [CONFIG] ===================================== prepare to run model-query gld.gld_currency_vl==============================
2018-10-19 08:06:26.139 [uncertain.proc] [CONFIG] [action] DecideSqlGenerationMode
2018-10-19 08:06:26.139 [uncertain.proc] [FINE] aurora.database.service.BusinessModelService.onDecideSqlGenerationMode
2018-10-19 08:06:26.139 [uncertain.proc] [CONFIG] [action] CreatequeryStatement
2018-10-19 08:06:26.139 [uncertain.proc] [FINE] aurora.bm.QuerySqlCreator.onCreateQueryStatement
2018-10-19 08:06:26.139 [uncertain.proc] [CONFIG] [action] PopulatequeryStatement
2018-10-19 08:06:26.139 [uncertain.proc] [FINE] aurora.database.features.OrderByClauseCreator.onPopulateQueryStatement
2018-10-19 08:06:26.139 [uncertain.proc] [FINE] aurora.database.features.WhereClauseCreator.onPopulateQueryStatement
2018-10-19 08:06:26.139 [uncertain.proc] [CONFIG] [action] CreatequerySql
2018-10-19 08:06:26.139 [uncertain.proc] [FINE] aurora.bm.QuerySqlCreator.onCreateQuerySql
2018-10-19 08:06:26.139 [uncertain.proc] [CONFIG] [action] ExecuteQuery
2018-10-19 08:06:26.139 [uncertain.proc] [FINE] aurora.bm.QuerySqlCreator.onExecuteQuery
2018-10-19 08:06:26.143 [uncertain.proc] [CONFIG] [action] QueryFinish
2018-10-19 08:06:26.143 [uncertain.proc] [FINE] aurora.database.features.AutoQueryCounter.onQueryFinish
2018-10-19 08:06:26.143 [uncertain.proc] [CONFIG] [action] FetchResultSet
2018-10-19 08:06:26.143 [uncertain.proc] [FINE] aurora.database.features.CacheBasedLookUpField.postFetchResultSet
2018-10-19 08:06:26.143 [aurora.database] [CONFIG] 
============= BEGIN [query] SQL Statement execution dump ============
SELECT t1.ROW_ID,t1.CURRENCY_CODE,t1.ENABLED_FLAG,t1.CURRENCY_NAME,t1.COUNTRY_CODE,t1.PRECISION,t1.TRANSACTION_PRECISION,t1.CURRENCY_SYMBOL
FROM GLD_CURRENCY_VL t1
WHERE  t1.ENABLED_FLAG ='Y' AND enabled_flag = 'Y'
ORDER BY currency_code
---------------------Binding info---------------------
null
=============== END [query] SQL Statement execution dump ============

2018-10-19 08:06:26.144 [aurora.database] [CONFIG] ===================================== prepare to run model-query csh.csh_payment_methods_vl_ext==============================
2018-10-19 08:06:26.161 [uncertain.proc] [CONFIG] [action] DecideSqlGenerationMode
2018-10-19 08:06:26.161 [uncertain.proc] [FINE] aurora.database.service.BusinessModelService.onDecideSqlGenerationMode
2018-10-19 08:06:26.161 [uncertain.proc] [CONFIG] [action] CreatequeryStatement
2018-10-19 08:06:26.161 [uncertain.proc] [FINE] aurora.bm.QuerySqlCreator.onCreateQueryStatement
2018-10-19 08:06:26.161 [uncertain.proc] [CONFIG] [action] PopulatequeryStatement
2018-10-19 08:06:26.161 [uncertain.proc] [FINE] aurora.database.features.OrderByClauseCreator.onPopulateQueryStatement
2018-10-19 08:06:26.161 [uncertain.proc] [FINE] aurora.database.features.WhereClauseCreator.onPopulateQueryStatement
2018-10-19 08:06:26.161 [uncertain.proc] [CONFIG] [action] CreatequerySql
2018-10-19 08:06:26.161 [uncertain.proc] [FINE] aurora.bm.QuerySqlCreator.onCreateQuerySql
2018-10-19 08:06:26.161 [uncertain.proc] [CONFIG] [action] ExecuteQuery
2018-10-19 08:06:26.161 [uncertain.proc] [FINE] aurora.bm.QuerySqlCreator.onExecuteQuery
2018-10-19 08:06:26.205 [uncertain.proc] [CONFIG] [action] QueryFinish
2018-10-19 08:06:26.205 [uncertain.proc] [FINE] aurora.database.features.AutoQueryCounter.onQueryFinish
2018-10-19 08:06:26.205 [uncertain.proc] [CONFIG] [action] FetchResultSet
2018-10-19 08:06:26.205 [uncertain.proc] [FINE] aurora.database.features.CacheBasedLookUpField.postFetchResultSet
2018-10-19 08:06:26.205 [aurora.database] [CONFIG] 
============= BEGIN [query] SQL Statement execution dump ============
SELECT t1.payment_method_id,t1.payment_method_code,t1.description,t1.enabled_flag,t1.ebanking_flag,t1.using_csh_flag
FROM CSH_PAYMENT_METHODS_VL t1
WHERE t1.enabled_flag = 'Y' AND EXISTS (SELECT 1           FROM csh_pay_meth_ref_com cpr          WHERE cpr.payment_method_id = t1.payment_method_id            AND cpr.company_id IN                (SELECT eea.company_id                   FROM exp_employee_assigns eea, exp_org_position p                  WHERE eea.employee_id =                        (SELECT su.employee_id                           FROM sys_user su                           WHERE su.user_id = ?                            AND eea.enabled_flag = 'Y')                    AND eea.position_id = p.position_id                    AND p.enabled_flag = 'Y')            AND cpr.enabled_flag = 'Y')
ORDER BY payment_method_code
---------------------Binding info---------------------
No.1	Access path:/session/@user_id	Data type of passed value :java.lang.Long	Value:2242	Output:false	Database Type:null	

=============== END [query] SQL Statement execution dump ============

2018-10-19 08:06:26.205 [aurora.database] [CONFIG] ===================================== prepare to run model-query expm.exp_report_payment_batch_id_init==============================
2018-10-19 08:06:26.220 [uncertain.proc] [CONFIG] [action] DecideSqlGenerationMode
2018-10-19 08:06:26.220 [uncertain.proc] [FINE] aurora.database.service.BusinessModelService.onDecideSqlGenerationMode
2018-10-19 08:06:26.220 [uncertain.proc] [CONFIG] [action] CreateOperationSql
2018-10-19 08:06:26.220 [uncertain.proc] [CONFIG] [action] PopulateOperationSql
2018-10-19 08:06:26.220 [uncertain.proc] [FINE] aurora.database.features.OrderByClauseCreator.onPopulateOperationSql
2018-10-19 08:06:26.220 [uncertain.proc] [FINE] aurora.database.features.WhereClauseCreator.onPopulateOperationSql
2018-10-19 08:06:26.220 [uncertain.proc] [CONFIG] [action] ExecuteQuery
2018-10-19 08:06:26.220 [uncertain.proc] [FINE] aurora.bm.QuerySqlCreator.onExecuteQuery
2018-10-19 08:06:26.345 [uncertain.proc] [CONFIG] [action] QueryFinish
2018-10-19 08:06:26.345 [uncertain.proc] [FINE] aurora.database.features.AutoQueryCounter.onQueryFinish
2018-10-19 08:06:26.345 [uncertain.proc] [CONFIG] [action] FetchResultSet
2018-10-19 08:06:26.345 [uncertain.proc] [FINE] aurora.database.features.CacheBasedLookUpField.postFetchResultSet
2018-10-19 08:06:26.345 [aurora.database] [CONFIG] 
============= BEGIN [query] SQL Statement execution dump ============

            	select csh_write_off_pkg.get_exp_rep_batch_id batch_id from dual
            
---------------------Binding info---------------------
null
=============== END [query] SQL Statement execution dump ============

2018-10-19 08:06:26.345 [uncertain.proc] [CONFIG] [action] CreateView
2018-10-19 08:06:26.345 [uncertain.proc] [CONFIG] [action] BuildOutputContent
2018-10-19 08:06:26.345 [aurora.presentation.buildsession] [CONFIG] Start build session
2018-10-19 08:06:26.345 [aurora.presentation.buildsession] [CONFIG] building view: <html-page> -> aurora.presentation.component.HtmlPage@224787e9
2018-10-19 08:06:26.345 [aurora.presentation.buildsession] [CONFIG] building view: <link> -> aurora.presentation.TemplateBasedView@3dda489e
2018-10-19 08:06:26.346 [aurora.presentation.buildsession] [CONFIG] building view: <link> -> aurora.presentation.TemplateBasedView@3dda489e
2018-10-19 08:06:26.346 [aurora.presentation.buildsession] [CONFIG] building view: <link> -> aurora.presentation.TemplateBasedView@3dda489e
2018-10-19 08:06:26.346 [aurora.presentation.buildsession] [CONFIG] building view: <link> -> aurora.presentation.TemplateBasedView@3dda489e
2018-10-19 08:06:26.346 [aurora.presentation.buildsession] [CONFIG] building view: <link> -> aurora.presentation.TemplateBasedView@3dda489e
2018-10-19 08:06:26.346 [aurora.presentation.buildsession] [CONFIG] building view: <link> -> aurora.presentation.TemplateBasedView@3dda489e
2018-10-19 08:06:26.346 [aurora.presentation.buildsession] [CONFIG] building view: <link> -> aurora.presentation.TemplateBasedView@3dda489e
2018-10-19 08:06:26.346 [aurora.presentation.buildsession] [CONFIG] building view: <link> -> aurora.presentation.TemplateBasedView@3dda489e
2018-10-19 08:06:26.346 [aurora.presentation.buildsession] [CONFIG] building view: <link> -> aurora.presentation.TemplateBasedView@3dda489e
2018-10-19 08:06:26.346 [aurora.presentation.buildsession] [CONFIG] building view: <link> -> aurora.presentation.TemplateBasedView@3dda489e
2018-10-19 08:06:26.346 [aurora.presentation.buildsession] [CONFIG] building view: <link> -> aurora.presentation.TemplateBasedView@3dda489e
2018-10-19 08:06:26.346 [aurora.presentation.buildsession] [CONFIG] building view: <link> -> aurora.presentation.TemplateBasedView@3dda489e
2018-10-19 08:06:26.346 [aurora.presentation.buildsession] [CONFIG] building view: <link> -> aurora.presentation.TemplateBasedView@3dda489e
2018-10-19 08:06:26.347 [aurora.presentation.buildsession] [CONFIG] building view: <script> -> aurora.presentation.DefaultViewBuilder@35f5c5a3
2018-10-19 08:06:26.348 [aurora.presentation.buildsession] [CONFIG] building view: <dataSets> -> aurora.application.features.DataSetInit@7a33041f
2018-10-19 08:06:26.348 [aurora.presentation.buildsession] [CONFIG] building view: <dataSet> -> aurora.presentation.TemplateBasedView@3dda489e
2018-10-19 08:06:26.348 [aurora.presentation.buildsession] [CONFIG] building view: <dataSet> -> aurora.presentation.TemplateBasedView@3dda489e
2018-10-19 08:06:26.349 [aurora.presentation.buildsession] [CONFIG] building view: <dataSet> -> aurora.presentation.TemplateBasedView@3dda489e
2018-10-19 08:06:26.349 [aurora.presentation.buildsession] [CONFIG] building view: <dataSet> -> aurora.presentation.TemplateBasedView@3dda489e
2018-10-19 08:06:26.349 [aurora.presentation.buildsession] [CONFIG] building view: <dataSet> -> aurora.presentation.TemplateBasedView@3dda489e
2018-10-19 08:06:26.387 [aurora.presentation.buildsession] [CONFIG] building view: <dataSet> -> aurora.presentation.TemplateBasedView@3dda489e
2018-10-19 08:06:26.388 [aurora.presentation.buildsession] [CONFIG] building view: <screenBody> -> aurora.presentation.component.std.ScreenBody@4a733931
2018-10-19 08:06:26.388 [aurora.presentation.buildsession] [CONFIG] building view: <screenTopToolbar> -> aurora.presentation.component.std.ScreenTopToolbar@3c99bfdf
2018-10-19 08:06:26.388 [aurora.presentation.buildsession] [CONFIG] building view: <screenTitle> -> aurora.presentation.component.std.ScreenTitle@227f0f6a
2018-10-19 08:06:26.392 [uncertain.proc] [CONFIG] [action] DecideSqlGenerationMode
2018-10-19 08:06:26.392 [uncertain.proc] [FINE] aurora.database.service.BusinessModelService.onDecideSqlGenerationMode
2018-10-19 08:06:26.392 [uncertain.proc] [CONFIG] [action] CreatequeryStatement
2018-10-19 08:06:26.392 [uncertain.proc] [FINE] aurora.bm.QuerySqlCreator.onCreateQueryStatement
2018-10-19 08:06:26.392 [uncertain.proc] [CONFIG] [action] PopulatequeryStatement
2018-10-19 08:06:26.392 [uncertain.proc] [FINE] aurora.database.features.OrderByClauseCreator.onPopulateQueryStatement
2018-10-19 08:06:26.392 [uncertain.proc] [FINE] aurora.database.features.WhereClauseCreator.onPopulateQueryStatement
2018-10-19 08:06:26.392 [uncertain.proc] [CONFIG] [action] CreatequerySql
2018-10-19 08:06:26.392 [uncertain.proc] [FINE] aurora.bm.QuerySqlCreator.onCreateQuerySql
2018-10-19 08:06:26.392 [uncertain.proc] [CONFIG] [action] ExecuteQuery
2018-10-19 08:06:26.392 [uncertain.proc] [FINE] aurora.bm.QuerySqlCreator.onExecuteQuery
2018-10-19 08:06:26.393 [uncertain.proc] [CONFIG] [action] QueryFinish
2018-10-19 08:06:26.393 [uncertain.proc] [FINE] aurora.database.features.AutoQueryCounter.onQueryFinish
2018-10-19 08:06:26.393 [uncertain.proc] [CONFIG] [action] FetchResultSet
2018-10-19 08:06:26.393 [uncertain.proc] [FINE] aurora.database.features.CacheBasedLookUpField.postFetchResultSet
2018-10-19 08:06:26.393 [aurora.database] [CONFIG] 
============= BEGIN [query] SQL Statement execution dump ============
SELECT f.service_id,f.service_name,f.is_entry_page,f.is_access_checked,f.is_login_required,f.is_system_access,? AS language,(select d.description_text from fnd_descriptions d where d.description_id = f.title_id and d.language = ?) AS title,f.title_id,f.weixin_flag
FROM sys_service f
WHERE f.service_name = ?
ORDER BY service_name
---------------------Binding info---------------------
No.1	Access path:/session/@lang	Data type of passed value :java.lang.String	Value:ZHS	Output:false	Database Type:null	
No.2	Access path:/session/@lang	Data type of passed value :java.lang.String	Value:ZHS	Output:false	Database Type:null	
No.3	Access path:@service_name	Data type of passed value :java.lang.String	Value:modules/expm/EXP5205/exp_report_csh_requistion_payment.screen	Output:false	Database Type:null	

=============== END [query] SQL Statement execution dump ============

2018-10-19 08:06:26.393 [aurora.presentation.buildsession] [CONFIG] building view: <toolbarButton> -> aurora.presentation.TemplateBasedView@3dda489e
2018-10-19 08:06:26.393 [aurora.presentation.buildsession] [CONFIG] building view: <toolbarButton> -> aurora.presentation.TemplateBasedView@3dda489e
2018-10-19 08:06:26.394 [aurora.presentation.buildsession] [CONFIG] building view: <toolbarButton> -> aurora.presentation.TemplateBasedView@3dda489e
2018-10-19 08:06:26.394 [aurora.presentation.buildsession] [CONFIG] building view: <gridButton> -> aurora.presentation.TemplateBasedView@3dda489e
2018-10-19 08:06:26.394 [aurora.presentation.buildsession] [CONFIG] building view: <div> -> aurora.presentation.DefaultViewBuilder@35f5c5a3
2018-10-19 08:06:26.394 [aurora.presentation.buildsession] [CONFIG] building view: <font> -> aurora.presentation.DefaultViewBuilder@35f5c5a3
2018-10-19 08:06:26.394 [aurora.presentation.buildsession] [CONFIG] building view: <div> -> aurora.presentation.DefaultViewBuilder@35f5c5a3
2018-10-19 08:06:26.394 [aurora.presentation.buildsession] [CONFIG] building view: <font> -> aurora.presentation.DefaultViewBuilder@35f5c5a3
2018-10-19 08:06:26.394 [aurora.presentation.buildsession] [CONFIG] building view: <queryForm> -> aurora.presentation.component.std.QueryForm@1408bab3
2018-10-19 08:06:26.395 [aurora.presentation.buildsession] [CONFIG] building view: <hBox> -> aurora.presentation.component.std.HBox@604fbfa
2018-10-19 08:06:26.395 [aurora.presentation.buildsession] [CONFIG] building view: <comboBox> -> aurora.presentation.TemplateBasedView@3dda489e
2018-10-19 08:06:26.395 [aurora.presentation.buildsession] [CONFIG] building view: <comboBox> -> aurora.presentation.TemplateBasedView@3dda489e
2018-10-19 08:06:26.395 [aurora.presentation.buildsession] [CONFIG] building view: <textField> -> aurora.presentation.TemplateBasedView@3dda489e
2018-10-19 08:06:26.395 [aurora.presentation.buildsession] [CONFIG] building view: <lov> -> aurora.presentation.TemplateBasedView@3dda489e
2018-10-19 08:06:26.396 [aurora.presentation.buildsession] [CONFIG] building view: <toolbarButton> -> aurora.presentation.TemplateBasedView@3dda489e
2018-10-19 08:06:26.396 [aurora.presentation.buildsession] [CONFIG] building view: <toolbarButton> -> aurora.presentation.TemplateBasedView@3dda489e
2018-10-19 08:06:26.396 [aurora.presentation.buildsession] [CONFIG] building view: <box> -> aurora.presentation.component.std.Box@7eaba7bb
2018-10-19 08:06:26.396 [aurora.presentation.buildsession] [CONFIG] building view: <comboBox> -> aurora.presentation.TemplateBasedView@3dda489e
2018-10-19 08:06:26.396 [aurora.presentation.buildsession] [CONFIG] building view: <comboBox> -> aurora.presentation.TemplateBasedView@3dda489e
2018-10-19 08:06:26.396 [aurora.presentation.buildsession] [CONFIG] building view: <lov> -> aurora.presentation.TemplateBasedView@3dda489e
2018-10-19 08:06:26.397 [aurora.presentation.buildsession] [CONFIG] building view: <datePicker> -> aurora.presentation.TemplateBasedView@3dda489e
2018-10-19 08:06:26.397 [aurora.presentation.buildsession] [CONFIG] building view: <datePicker> -> aurora.presentation.TemplateBasedView@3dda489e
2018-10-19 08:06:26.397 [aurora.presentation.buildsession] [CONFIG] building view: <lov> -> aurora.presentation.TemplateBasedView@3dda489e
2018-10-19 08:06:26.397 [aurora.presentation.buildsession] [CONFIG] building view: <grid> -> aurora.presentation.TemplateBasedView@3dda489e
2018-10-19 08:06:26.398 [aurora.presentation.buildsession] [CONFIG] building view: <navBar> -> aurora.presentation.TemplateBasedView@3dda489e
2018-10-19 08:06:26.401 [aurora.presentation.buildsession] [CONFIG] building view: <button> -> aurora.presentation.TemplateBasedView@3dda489e
2018-10-19 08:06:26.401 [aurora.presentation.buildsession] [CONFIG] building view: <button> -> aurora.presentation.TemplateBasedView@3dda489e
2018-10-19 08:06:26.402 [aurora.presentation.buildsession] [CONFIG] building view: <separator> -> aurora.presentation.TemplateBasedView@3dda489e
2018-10-19 08:06:26.402 [aurora.presentation.buildsession] [CONFIG] building view: <div> -> aurora.presentation.DefaultViewBuilder@35f5c5a3
2018-10-19 08:06:26.402 [aurora.presentation.buildsession] [CONFIG] building view: <numberField> -> aurora.presentation.TemplateBasedView@3dda489e
2018-10-19 08:06:26.402 [aurora.presentation.buildsession] [CONFIG] building view: <div> -> aurora.presentation.DefaultViewBuilder@35f5c5a3
2018-10-19 08:06:26.402 [aurora.presentation.buildsession] [CONFIG] building view: <separator> -> aurora.presentation.TemplateBasedView@3dda489e
2018-10-19 08:06:26.402 [aurora.presentation.buildsession] [CONFIG] building view: <button> -> aurora.presentation.TemplateBasedView@3dda489e
2018-10-19 08:06:26.402 [aurora.presentation.buildsession] [CONFIG] building view: <button> -> aurora.presentation.TemplateBasedView@3dda489e
2018-10-19 08:06:26.403 [aurora.presentation.buildsession] [CONFIG] building view: <button> -> aurora.presentation.TemplateBasedView@3dda489e
2018-10-19 08:06:26.403 [aurora.presentation.buildsession] [CONFIG] building view: <separator> -> aurora.presentation.TemplateBasedView@3dda489e
2018-10-19 08:06:26.403 [aurora.presentation.buildsession] [CONFIG] building view: <div> -> aurora.presentation.DefaultViewBuilder@35f5c5a3
2018-10-19 08:06:26.403 [aurora.presentation.buildsession] [CONFIG] building view: <comboBox> -> aurora.presentation.TemplateBasedView@3dda489e
2018-10-19 08:06:26.403 [aurora.presentation.buildsession] [CONFIG] building view: <div> -> aurora.presentation.DefaultViewBuilder@35f5c5a3
2018-10-19 08:06:26.403 [aurora.presentation.buildsession] [CONFIG] building view: <separator> -> aurora.presentation.TemplateBasedView@3dda489e
2018-10-19 08:06:26.403 [aurora.presentation.buildsession] [CONFIG] building view: <div> -> aurora.presentation.DefaultViewBuilder@35f5c5a3
2018-10-19 08:06:26.404 [aurora.presentation.buildsession] [CONFIG] building view: <numberField> -> aurora.presentation.TemplateBasedView@3dda489e
2018-10-19 08:06:26.405 [aurora.presentation.buildsession] [CONFIG] building view: <comboBox> -> aurora.presentation.TemplateBasedView@3dda489e
2018-10-19 08:06:26.405 [aurora.presentation.buildsession] [CONFIG] building view: <lov> -> aurora.presentation.TemplateBasedView@3dda489e
2018-10-19 08:06:26.406 [aurora.presentation.buildsession] [CONFIG] building view: <script> -> aurora.presentation.DefaultViewBuilder@35f5c5a3
2018-10-19 08:06:26.406 [aurora.presentation.buildsession] [CONFIG] End build session
