2018-10-16 10:00:06.544 [aurora.application.session_check] [CONFIG] Session data copied to context
2018-10-16 10:00:06.545 [aurora.application.session_check] [CONFIG] Access check result for modules/wfl/WFL6010/wfl_workflow_procedure_base.screen => success
2018-10-16 10:00:06.545 [uncertain.proc] [CONFIG] [action] AccessCheck
2018-10-16 10:00:06.558 [uncertain.proc] [CONFIG] [action] InitService
2018-10-16 10:00:06.558 [uncertain.proc] [CONFIG] [action] ParseParameter
2018-10-16 10:00:06.558 [uncertain.proc] [CONFIG] [action] CreateModel
2018-10-16 10:00:06.558 [aurora.database] [CONFIG] ===================================== prepare to run model-query wfl.WFL2010.wfl_workflow_proc_type==============================
2018-10-16 10:00:06.564 [uncertain.proc] [CONFIG] [action] DecideSqlGenerationMode
2018-10-16 10:00:06.564 [uncertain.proc] [FINE] aurora.database.service.BusinessModelService.onDecideSqlGenerationMode
2018-10-16 10:00:06.564 [uncertain.proc] [CONFIG] [action] CreateOperationSql
2018-10-16 10:00:06.564 [uncertain.proc] [CONFIG] [action] PopulateOperationSql
2018-10-16 10:00:06.564 [uncertain.proc] [FINE] aurora.database.features.OrderByClauseCreator.onPopulateOperationSql
2018-10-16 10:00:06.564 [uncertain.proc] [FINE] aurora.database.features.WhereClauseCreator.onPopulateOperationSql
2018-10-16 10:00:06.564 [uncertain.proc] [CONFIG] [action] ExecuteQuery
2018-10-16 10:00:06.564 [uncertain.proc] [FINE] aurora.bm.QuerySqlCreator.onExecuteQuery
2018-10-16 10:00:06.568 [uncertain.proc] [CONFIG] [action] QueryFinish
2018-10-16 10:00:06.568 [uncertain.proc] [FINE] aurora.database.features.AutoQueryCounter.onQueryFinish
2018-10-16 10:00:06.568 [uncertain.proc] [CONFIG] [action] FetchResultSet
2018-10-16 10:00:06.568 [uncertain.proc] [FINE] aurora.database.features.CacheBasedLookUpField.postFetchResultSet
2018-10-16 10:00:06.568 [aurora.database] [CONFIG] 
============= BEGIN [query] SQL Statement execution dump ============

                select to_number(code_value) value,
               code_value_name name 
          from sys_service_lookup_v
         where code = 'WFL_WORKFLOW_PROC_TYPE'
         and language=?
            
---------------------Binding info---------------------
No.1	Access path:/session/@lang	Data type of passed value :java.lang.String	Value:ZHS	Output:false	Database Type:null	

=============== END [query] SQL Statement execution dump ============

2018-10-16 10:00:06.568 [uncertain.proc] [CONFIG] [action] CreateView
2018-10-16 10:00:06.568 [uncertain.proc] [CONFIG] [action] BuildOutputContent
2018-10-16 10:00:06.568 [aurora.presentation.buildsession] [CONFIG] Start build session
2018-10-16 10:00:06.568 [aurora.presentation.buildsession] [CONFIG] building view: <html-page> -> aurora.presentation.component.HtmlPage@2fd21a41
2018-10-16 10:00:06.569 [aurora.presentation.buildsession] [CONFIG] building view: <link> -> aurora.presentation.TemplateBasedView@3dda489e
2018-10-16 10:00:06.569 [aurora.presentation.buildsession] [CONFIG] building view: <script> -> aurora.presentation.DefaultViewBuilder@35f5c5a3
2018-10-16 10:00:06.569 [aurora.presentation.buildsession] [CONFIG] building view: <dataSets> -> aurora.application.features.DataSetInit@79fc11b7
2018-10-16 10:00:06.569 [aurora.presentation.buildsession] [CONFIG] building view: <dataSet> -> aurora.presentation.TemplateBasedView@3dda489e
2018-10-16 10:00:06.569 [aurora.presentation.buildsession] [CONFIG] building view: <dataSet> -> aurora.presentation.TemplateBasedView@3dda489e
2018-10-16 10:00:06.569 [aurora.presentation.buildsession] [CONFIG] building view: <dataSet> -> aurora.presentation.TemplateBasedView@3dda489e
2018-10-16 10:00:06.571 [aurora.presentation.buildsession] [CONFIG] building view: <screenBody> -> aurora.presentation.component.std.ScreenBody@2278cf1d
2018-10-16 10:00:06.571 [aurora.presentation.buildsession] [CONFIG] building view: <screenTopToolbar> -> aurora.presentation.component.std.ScreenTopToolbar@4956b299
2018-10-16 10:00:06.571 [aurora.presentation.buildsession] [CONFIG] building view: <screenTitle> -> aurora.presentation.component.std.ScreenTitle@76e9a9e0
2018-10-16 10:00:06.581 [uncertain.proc] [CONFIG] [action] DecideSqlGenerationMode
2018-10-16 10:00:06.582 [uncertain.proc] [FINE] aurora.database.service.BusinessModelService.onDecideSqlGenerationMode
2018-10-16 10:00:06.582 [uncertain.proc] [CONFIG] [action] CreatequeryStatement
2018-10-16 10:00:06.582 [uncertain.proc] [FINE] aurora.bm.QuerySqlCreator.onCreateQueryStatement
2018-10-16 10:00:06.582 [uncertain.proc] [CONFIG] [action] PopulatequeryStatement
2018-10-16 10:00:06.582 [uncertain.proc] [FINE] aurora.database.features.OrderByClauseCreator.onPopulateQueryStatement
2018-10-16 10:00:06.582 [uncertain.proc] [FINE] aurora.database.features.WhereClauseCreator.onPopulateQueryStatement
2018-10-16 10:00:06.582 [uncertain.proc] [CONFIG] [action] CreatequerySql
2018-10-16 10:00:06.582 [uncertain.proc] [FINE] aurora.bm.QuerySqlCreator.onCreateQuerySql
2018-10-16 10:00:06.582 [uncertain.proc] [CONFIG] [action] ExecuteQuery
2018-10-16 10:00:06.582 [uncertain.proc] [FINE] aurora.bm.QuerySqlCreator.onExecuteQuery
2018-10-16 10:00:06.585 [uncertain.proc] [CONFIG] [action] QueryFinish
2018-10-16 10:00:06.585 [uncertain.proc] [FINE] aurora.database.features.AutoQueryCounter.onQueryFinish
2018-10-16 10:00:06.585 [uncertain.proc] [CONFIG] [action] FetchResultSet
2018-10-16 10:00:06.585 [uncertain.proc] [FINE] aurora.database.features.CacheBasedLookUpField.postFetchResultSet
2018-10-16 10:00:06.585 [aurora.database] [CONFIG] 
============= BEGIN [query] SQL Statement execution dump ============
SELECT f.service_id,f.service_name,f.is_entry_page,f.is_access_checked,f.is_login_required,f.is_system_access,? AS language,(select d.description_text from fnd_descriptions d where d.description_id = f.title_id and d.language = ?) AS title,f.title_id,f.weixin_flag
FROM sys_service f
WHERE f.service_name = ?
ORDER BY service_name
---------------------Binding info---------------------
No.1	Access path:/session/@lang	Data type of passed value :java.lang.String	Value:ZHS	Output:false	Database Type:null	
No.2	Access path:/session/@lang	Data type of passed value :java.lang.String	Value:ZHS	Output:false	Database Type:null	
No.3	Access path:@service_name	Data type of passed value :java.lang.String	Value:modules/wfl/WFL6010/wfl_workflow_procedure_base.screen	Output:false	Database Type:null	

=============== END [query] SQL Statement execution dump ============

2018-10-16 10:00:06.585 [aurora.presentation.buildsession] [CONFIG] building view: <toolbarButton> -> aurora.presentation.TemplateBasedView@3dda489e
2018-10-16 10:00:06.586 [aurora.presentation.buildsession] [CONFIG] building view: <gridButton> -> aurora.presentation.TemplateBasedView@3dda489e
2018-10-16 10:00:06.587 [aurora.presentation.buildsession] [CONFIG] building view: <gridButton> -> aurora.presentation.TemplateBasedView@3dda489e
2018-10-16 10:00:06.588 [aurora.presentation.buildsession] [CONFIG] building view: <gridButton> -> aurora.presentation.TemplateBasedView@3dda489e
2018-10-16 10:00:06.592 [aurora.presentation.buildsession] [CONFIG] building view: <queryForm> -> aurora.presentation.component.std.QueryForm@761e26c8
2018-10-16 10:00:06.592 [aurora.presentation.buildsession] [CONFIG] building view: <hBox> -> aurora.presentation.component.std.HBox@388abfcf
2018-10-16 10:00:06.592 [aurora.presentation.buildsession] [CONFIG] building view: <comboBox> -> aurora.presentation.TemplateBasedView@3dda489e
2018-10-16 10:00:06.593 [aurora.presentation.buildsession] [CONFIG] building view: <textField> -> aurora.presentation.TemplateBasedView@3dda489e
2018-10-16 10:00:06.593 [aurora.presentation.buildsession] [CONFIG] building view: <textField> -> aurora.presentation.TemplateBasedView@3dda489e
2018-10-16 10:00:06.593 [aurora.presentation.buildsession] [CONFIG] building view: <toolbarButton> -> aurora.presentation.TemplateBasedView@3dda489e
2018-10-16 10:00:06.593 [aurora.presentation.buildsession] [CONFIG] building view: <grid> -> aurora.presentation.TemplateBasedView@3dda489e
2018-10-16 10:00:06.593 [aurora.presentation.buildsession] [CONFIG] building view: <navBar> -> aurora.presentation.TemplateBasedView@3dda489e
2018-10-16 10:00:06.595 [aurora.presentation.buildsession] [CONFIG] building view: <button> -> aurora.presentation.TemplateBasedView@3dda489e
2018-10-16 10:00:06.596 [aurora.presentation.buildsession] [CONFIG] building view: <button> -> aurora.presentation.TemplateBasedView@3dda489e
2018-10-16 10:00:06.596 [aurora.presentation.buildsession] [CONFIG] building view: <separator> -> aurora.presentation.TemplateBasedView@3dda489e
2018-10-16 10:00:06.596 [aurora.presentation.buildsession] [CONFIG] building view: <div> -> aurora.presentation.DefaultViewBuilder@35f5c5a3
2018-10-16 10:00:06.596 [aurora.presentation.buildsession] [CONFIG] building view: <numberField> -> aurora.presentation.TemplateBasedView@3dda489e
2018-10-16 10:00:06.607 [aurora.presentation.buildsession] [CONFIG] building view: <div> -> aurora.presentation.DefaultViewBuilder@35f5c5a3
2018-10-16 10:00:06.607 [aurora.presentation.buildsession] [CONFIG] building view: <separator> -> aurora.presentation.TemplateBasedView@3dda489e
2018-10-16 10:00:06.613 [aurora.presentation.buildsession] [CONFIG] building view: <button> -> aurora.presentation.TemplateBasedView@3dda489e
2018-10-16 10:00:06.614 [aurora.presentation.buildsession] [CONFIG] building view: <button> -> aurora.presentation.TemplateBasedView@3dda489e
2018-10-16 10:00:06.614 [aurora.presentation.buildsession] [CONFIG] building view: <button> -> aurora.presentation.TemplateBasedView@3dda489e
2018-10-16 10:00:06.615 [aurora.presentation.buildsession] [CONFIG] building view: <separator> -> aurora.presentation.TemplateBasedView@3dda489e
2018-10-16 10:00:06.615 [aurora.presentation.buildsession] [CONFIG] building view: <div> -> aurora.presentation.DefaultViewBuilder@35f5c5a3
2018-10-16 10:00:06.615 [aurora.presentation.buildsession] [CONFIG] building view: <comboBox> -> aurora.presentation.TemplateBasedView@3dda489e
2018-10-16 10:00:06.615 [aurora.presentation.buildsession] [CONFIG] building view: <div> -> aurora.presentation.DefaultViewBuilder@35f5c5a3
2018-10-16 10:00:06.615 [aurora.presentation.buildsession] [CONFIG] building view: <separator> -> aurora.presentation.TemplateBasedView@3dda489e
2018-10-16 10:00:06.616 [aurora.presentation.buildsession] [CONFIG] building view: <div> -> aurora.presentation.DefaultViewBuilder@35f5c5a3
2018-10-16 10:00:06.617 [aurora.presentation.buildsession] [CONFIG] building view: <textField> -> aurora.presentation.TemplateBasedView@3dda489e
2018-10-16 10:00:06.617 [aurora.presentation.buildsession] [CONFIG] building view: <comboBox> -> aurora.presentation.TemplateBasedView@3dda489e
2018-10-16 10:00:06.618 [aurora.presentation.buildsession] [CONFIG] building view: <checkBox> -> aurora.presentation.TemplateBasedView@3dda489e
2018-10-16 10:00:06.619 [aurora.presentation.buildsession] [CONFIG] building view: <script> -> aurora.presentation.DefaultViewBuilder@35f5c5a3
2018-10-16 10:00:06.619 [aurora.presentation.buildsession] [CONFIG] End build session
