2018-10-19 06:46:22.203 [aurora.application.session_check] [CONFIG] Session data copied to context
2018-10-19 06:46:22.248 [aurora.application.session_check] [CONFIG] Access check result for modules/fnd/FND2410/pur_system_venders.screen => success
2018-10-19 06:46:22.248 [uncertain.proc] [CONFIG] [action] AccessCheck
2018-10-19 06:46:22.382 [uncertain.proc] [CONFIG] [action] InitService
2018-10-19 06:46:22.382 [uncertain.proc] [CONFIG] [action] ParseParameter
2018-10-19 06:46:22.382 [uncertain.proc] [CONFIG] [action] CreateModel
2018-10-19 06:46:22.382 [aurora.database] [CONFIG] ===================================== prepare to run model-query csh.csh_payment_terms==============================
2018-10-19 06:46:22.387 [uncertain.proc] [CONFIG] [action] DecideSqlGenerationMode
2018-10-19 06:46:22.387 [uncertain.proc] [FINE] aurora.database.service.BusinessModelService.onDecideSqlGenerationMode
2018-10-19 06:46:22.387 [uncertain.proc] [CONFIG] [action] CreatequeryStatement
2018-10-19 06:46:22.387 [uncertain.proc] [FINE] aurora.bm.QuerySqlCreator.onCreateQueryStatement
2018-10-19 06:46:22.387 [uncertain.proc] [CONFIG] [action] PopulatequeryStatement
2018-10-19 06:46:22.387 [uncertain.proc] [FINE] aurora.database.features.OrderByClauseCreator.onPopulateQueryStatement
2018-10-19 06:46:22.387 [uncertain.proc] [FINE] aurora.database.features.WhereClauseCreator.onPopulateQueryStatement
2018-10-19 06:46:22.387 [uncertain.proc] [CONFIG] [action] CreatequerySql
2018-10-19 06:46:22.387 [uncertain.proc] [FINE] aurora.bm.QuerySqlCreator.onCreateQuerySql
2018-10-19 06:46:22.387 [uncertain.proc] [CONFIG] [action] ExecuteQuery
2018-10-19 06:46:22.387 [uncertain.proc] [FINE] aurora.bm.QuerySqlCreator.onExecuteQuery
2018-10-19 06:46:22.411 [uncertain.proc] [CONFIG] [action] QueryFinish
2018-10-19 06:46:22.411 [uncertain.proc] [FINE] aurora.database.features.AutoQueryCounter.onQueryFinish
2018-10-19 06:46:22.411 [uncertain.proc] [CONFIG] [action] FetchResultSet
2018-10-19 06:46:22.411 [uncertain.proc] [FINE] aurora.database.features.CacheBasedLookUpField.postFetchResultSet
2018-10-19 06:46:22.411 [aurora.database] [CONFIG] 
============= BEGIN [query] SQL Statement execution dump ============
SELECT t.payment_term_id,t.payment_term_code,t.description_id,(select DESCRIPTION_TEXT from fnd_descriptions where DESCRIPTION_ID=t.description_id and Language=?) AS description,t.due_dates,t.enabled_flag
FROM csh_payment_terms t

ORDER BY payment_term_code
---------------------Binding info---------------------
No.1	Access path:/session/@lang	Data type of passed value :java.lang.String	Value:ZHS	Output:false	Database Type:null	

=============== END [query] SQL Statement execution dump ============

2018-10-19 06:46:22.411 [aurora.database] [CONFIG] ===================================== prepare to run model-query csh.csh_payment_methods==============================
2018-10-19 06:46:22.442 [uncertain.proc] [CONFIG] [action] DecideSqlGenerationMode
2018-10-19 06:46:22.442 [uncertain.proc] [FINE] aurora.database.service.BusinessModelService.onDecideSqlGenerationMode
2018-10-19 06:46:22.442 [uncertain.proc] [CONFIG] [action] CreatequeryStatement
2018-10-19 06:46:22.442 [uncertain.proc] [FINE] aurora.bm.QuerySqlCreator.onCreateQueryStatement
2018-10-19 06:46:22.442 [uncertain.proc] [CONFIG] [action] PopulatequeryStatement
2018-10-19 06:46:22.442 [uncertain.proc] [FINE] aurora.database.features.OrderByClauseCreator.onPopulateQueryStatement
2018-10-19 06:46:22.442 [uncertain.proc] [FINE] aurora.database.features.WhereClauseCreator.onPopulateQueryStatement
2018-10-19 06:46:22.442 [uncertain.proc] [CONFIG] [action] CreatequerySql
2018-10-19 06:46:22.442 [uncertain.proc] [FINE] aurora.bm.QuerySqlCreator.onCreateQuerySql
2018-10-19 06:46:22.442 [uncertain.proc] [CONFIG] [action] ExecuteQuery
2018-10-19 06:46:22.442 [uncertain.proc] [FINE] aurora.bm.QuerySqlCreator.onExecuteQuery
2018-10-19 06:46:22.445 [uncertain.proc] [CONFIG] [action] QueryFinish
2018-10-19 06:46:22.445 [uncertain.proc] [FINE] aurora.database.features.AutoQueryCounter.onQueryFinish
2018-10-19 06:46:22.445 [uncertain.proc] [CONFIG] [action] FetchResultSet
2018-10-19 06:46:22.445 [uncertain.proc] [FINE] aurora.database.features.CacheBasedLookUpField.postFetchResultSet
2018-10-19 06:46:22.445 [aurora.database] [CONFIG] 
============= BEGIN [query] SQL Statement execution dump ============
SELECT cpm.payment_method_id,cpm.payment_method_code,cpm.description_id,(select DESCRIPTION_TEXT from fnd_descriptions where DESCRIPTION_ID=cpm.description_id and Language=?) AS description,cpm.enabled_flag,cpm.ebanking_flag,cpm.using_csh_flag
FROM csh_payment_methods cpm
WHERE enabled_flag='Y'
---------------------Binding info---------------------
No.1	Access path:/session/@lang	Data type of passed value :java.lang.String	Value:ZHS	Output:false	Database Type:null	

=============== END [query] SQL Statement execution dump ============

2018-10-19 06:46:22.445 [aurora.database] [CONFIG] ===================================== prepare to run model-query gld.gld_currency_lov==============================
2018-10-19 06:46:22.449 [uncertain.proc] [CONFIG] [action] DecideSqlGenerationMode
2018-10-19 06:46:22.449 [uncertain.proc] [FINE] aurora.database.service.BusinessModelService.onDecideSqlGenerationMode
2018-10-19 06:46:22.449 [uncertain.proc] [CONFIG] [action] CreatequeryStatement
2018-10-19 06:46:22.449 [uncertain.proc] [FINE] aurora.bm.QuerySqlCreator.onCreateQueryStatement
2018-10-19 06:46:22.449 [uncertain.proc] [CONFIG] [action] PopulatequeryStatement
2018-10-19 06:46:22.449 [uncertain.proc] [FINE] aurora.database.features.OrderByClauseCreator.onPopulateQueryStatement
2018-10-19 06:46:22.449 [uncertain.proc] [FINE] aurora.database.features.WhereClauseCreator.onPopulateQueryStatement
2018-10-19 06:46:22.449 [uncertain.proc] [CONFIG] [action] CreatequerySql
2018-10-19 06:46:22.449 [uncertain.proc] [FINE] aurora.bm.QuerySqlCreator.onCreateQuerySql
2018-10-19 06:46:22.449 [uncertain.proc] [CONFIG] [action] ExecuteQuery
2018-10-19 06:46:22.449 [uncertain.proc] [FINE] aurora.bm.QuerySqlCreator.onExecuteQuery
2018-10-19 06:46:22.452 [uncertain.proc] [CONFIG] [action] QueryFinish
2018-10-19 06:46:22.452 [uncertain.proc] [FINE] aurora.database.features.AutoQueryCounter.onQueryFinish
2018-10-19 06:46:22.452 [uncertain.proc] [CONFIG] [action] FetchResultSet
2018-10-19 06:46:22.452 [uncertain.proc] [FINE] aurora.database.features.CacheBasedLookUpField.postFetchResultSet
2018-10-19 06:46:22.452 [aurora.database] [CONFIG] 
============= BEGIN [query] SQL Statement execution dump ============
SELECT gc_lov.CURRENCY_CODE,gc_lov.currency_name_id,(select DESCRIPTION_TEXT from fnd_descriptions where DESCRIPTION_ID=gc_lov.currency_name_id and Language=?) AS currency_name
FROM GLD_CURRENCY gc_lov
WHERE  gc_lov.enabled_flag='Y' and (? is null or ? <> currency_code) 
ORDER BY currency_code
---------------------Binding info---------------------
No.1	Access path:/session/@lang	Data type of passed value :java.lang.String	Value:ZHS	Output:false	Database Type:null	
No.2	Access path:@currency_code_frn	Data type of passed value :[null]	Value:null	Output:false	Database Type:null	
No.3	Access path:@currency_code_frn	Data type of passed value :[null]	Value:null	Output:false	Database Type:null	

=============== END [query] SQL Statement execution dump ============

2018-10-19 06:46:22.452 [aurora.database] [CONFIG] ===================================== prepare to run model-query fnd.fnd_tax_type_codes==============================
2018-10-19 06:46:22.456 [uncertain.proc] [CONFIG] [action] DecideSqlGenerationMode
2018-10-19 06:46:22.456 [uncertain.proc] [FINE] aurora.database.service.BusinessModelService.onDecideSqlGenerationMode
2018-10-19 06:46:22.456 [uncertain.proc] [CONFIG] [action] CreatequeryStatement
2018-10-19 06:46:22.456 [uncertain.proc] [FINE] aurora.bm.QuerySqlCreator.onCreateQueryStatement
2018-10-19 06:46:22.456 [uncertain.proc] [CONFIG] [action] PopulatequeryStatement
2018-10-19 06:46:22.456 [uncertain.proc] [FINE] aurora.database.features.OrderByClauseCreator.onPopulateQueryStatement
2018-10-19 06:46:22.456 [uncertain.proc] [FINE] aurora.database.features.WhereClauseCreator.onPopulateQueryStatement
2018-10-19 06:46:22.456 [uncertain.proc] [CONFIG] [action] CreatequerySql
2018-10-19 06:46:22.456 [uncertain.proc] [FINE] aurora.bm.QuerySqlCreator.onCreateQuerySql
2018-10-19 06:46:22.456 [uncertain.proc] [CONFIG] [action] ExecuteQuery
2018-10-19 06:46:22.456 [uncertain.proc] [FINE] aurora.bm.QuerySqlCreator.onExecuteQuery
2018-10-19 06:46:22.459 [uncertain.proc] [CONFIG] [action] QueryFinish
2018-10-19 06:46:22.459 [uncertain.proc] [FINE] aurora.database.features.AutoQueryCounter.onQueryFinish
2018-10-19 06:46:22.459 [uncertain.proc] [CONFIG] [action] FetchResultSet
2018-10-19 06:46:22.459 [uncertain.proc] [FINE] aurora.database.features.CacheBasedLookUpField.postFetchResultSet
2018-10-19 06:46:22.459 [aurora.database] [CONFIG] 
============= BEGIN [query] SQL Statement execution dump ============
SELECT fc.tax_type_id,fc.tax_type_code,fc.description_id,(select DESCRIPTION_TEXT from fnd_descriptions where DESCRIPTION_ID=fc.description_id and Language=?) AS description,fc.tax_type_rate,fc.enabled_flag,fc.tax_category
FROM fnd_tax_type_codes fc

ORDER BY tax_type_code
---------------------Binding info---------------------
No.1	Access path:/session/@lang	Data type of passed value :java.lang.String	Value:ZHS	Output:false	Database Type:null	

=============== END [query] SQL Statement execution dump ============

2018-10-19 06:46:22.459 [aurora.database] [CONFIG] ===================================== prepare to run model-query fnd.pur_vender_types==============================
2018-10-19 06:46:22.462 [uncertain.proc] [CONFIG] [action] DecideSqlGenerationMode
2018-10-19 06:46:22.462 [uncertain.proc] [FINE] aurora.database.service.BusinessModelService.onDecideSqlGenerationMode
2018-10-19 06:46:22.462 [uncertain.proc] [CONFIG] [action] CreatequeryStatement
2018-10-19 06:46:22.462 [uncertain.proc] [FINE] aurora.bm.QuerySqlCreator.onCreateQueryStatement
2018-10-19 06:46:22.462 [uncertain.proc] [CONFIG] [action] PopulatequeryStatement
2018-10-19 06:46:22.462 [uncertain.proc] [FINE] aurora.database.features.OrderByClauseCreator.onPopulateQueryStatement
2018-10-19 06:46:22.462 [uncertain.proc] [FINE] aurora.database.features.WhereClauseCreator.onPopulateQueryStatement
2018-10-19 06:46:22.462 [uncertain.proc] [CONFIG] [action] CreatequerySql
2018-10-19 06:46:22.462 [uncertain.proc] [FINE] aurora.bm.QuerySqlCreator.onCreateQuerySql
2018-10-19 06:46:22.462 [uncertain.proc] [CONFIG] [action] ExecuteQuery
2018-10-19 06:46:22.462 [uncertain.proc] [FINE] aurora.bm.QuerySqlCreator.onExecuteQuery
2018-10-19 06:46:22.501 [uncertain.proc] [CONFIG] [action] QueryFinish
2018-10-19 06:46:22.501 [uncertain.proc] [FINE] aurora.database.features.AutoQueryCounter.onQueryFinish
2018-10-19 06:46:22.501 [uncertain.proc] [CONFIG] [action] FetchResultSet
2018-10-19 06:46:22.501 [uncertain.proc] [FINE] aurora.database.features.CacheBasedLookUpField.postFetchResultSet
2018-10-19 06:46:22.501 [aurora.database] [CONFIG] 
============= BEGIN [query] SQL Statement execution dump ============
SELECT pu.VENDER_TYPE_ID,pu.VENDER_TYPE_CODE,pu.DESCRIPTION_ID,pu.CODING_RULE_CODE,pu.ONE_OFF_FLAG,pu.ENABLED_FLAG,(select description_text from fnd_descriptions v where v.description_id = pu.description_id and v.language = ?) AS description,vender_type_code||'-'||(select DESCRIPTION_TEXT from fnd_descriptions where DESCRIPTION_ID=pu.description_id and Language=?) AS code_name
FROM PUR_VENDER_TYPES pu
WHERE enabled_flag='Y'
ORDER BY vender_type_code
---------------------Binding info---------------------
No.1	Access path:/session/@lang	Data type of passed value :java.lang.String	Value:ZHS	Output:false	Database Type:null	
No.2	Access path:/session/@lang	Data type of passed value :java.lang.String	Value:ZHS	Output:false	Database Type:null	

=============== END [query] SQL Statement execution dump ============

2018-10-19 06:46:22.501 [uncertain.proc] [CONFIG] [action] CreateView
2018-10-19 06:46:22.501 [uncertain.proc] [CONFIG] [action] BuildOutputContent
2018-10-19 06:46:22.501 [aurora.presentation.buildsession] [CONFIG] Start build session
2018-10-19 06:46:22.501 [aurora.presentation.buildsession] [CONFIG] building view: <html-page> -> aurora.presentation.component.HtmlPage@2512f9eb
2018-10-19 06:46:22.502 [aurora.presentation.buildsession] [CONFIG] building view: <link> -> aurora.presentation.TemplateBasedView@3dda489e
2018-10-19 06:46:22.502 [aurora.presentation.buildsession] [CONFIG] building view: <link> -> aurora.presentation.TemplateBasedView@3dda489e
2018-10-19 06:46:22.502 [aurora.presentation.buildsession] [CONFIG] building view: <link> -> aurora.presentation.TemplateBasedView@3dda489e
2018-10-19 06:46:22.502 [aurora.presentation.buildsession] [CONFIG] building view: <link> -> aurora.presentation.TemplateBasedView@3dda489e
2018-10-19 06:46:22.502 [aurora.presentation.buildsession] [CONFIG] building view: <script> -> aurora.presentation.DefaultViewBuilder@35f5c5a3
2018-10-19 06:46:22.503 [aurora.presentation.buildsession] [CONFIG] building view: <dataSets> -> aurora.application.features.DataSetInit@642e717
2018-10-19 06:46:22.503 [aurora.presentation.buildsession] [CONFIG] building view: <dataSet> -> aurora.presentation.TemplateBasedView@3dda489e
2018-10-19 06:46:22.503 [aurora.presentation.buildsession] [CONFIG] building view: <dataSet> -> aurora.presentation.TemplateBasedView@3dda489e
2018-10-19 06:46:22.503 [aurora.presentation.buildsession] [CONFIG] building view: <dataSet> -> aurora.presentation.TemplateBasedView@3dda489e
2018-10-19 06:46:22.503 [aurora.presentation.buildsession] [CONFIG] building view: <dataSet> -> aurora.presentation.TemplateBasedView@3dda489e
2018-10-19 06:46:22.504 [aurora.presentation.buildsession] [CONFIG] building view: <dataSet> -> aurora.presentation.TemplateBasedView@3dda489e
2018-10-19 06:46:22.504 [aurora.presentation.buildsession] [CONFIG] building view: <dataSet> -> aurora.presentation.TemplateBasedView@3dda489e
2018-10-19 06:46:22.504 [aurora.presentation.buildsession] [CONFIG] building view: <dataSet> -> aurora.presentation.TemplateBasedView@3dda489e
2018-10-19 06:46:22.529 [aurora.presentation.buildsession] [CONFIG] building view: <screenBody> -> aurora.presentation.component.std.ScreenBody@3148aef2
2018-10-19 06:46:22.529 [aurora.presentation.buildsession] [CONFIG] building view: <screenTopToolbar> -> aurora.presentation.component.std.ScreenTopToolbar@315f55be
2018-10-19 06:46:22.529 [aurora.presentation.buildsession] [CONFIG] building view: <screenTitle> -> aurora.presentation.component.std.ScreenTitle@3b03fdf
2018-10-19 06:46:22.534 [uncertain.proc] [CONFIG] [action] DecideSqlGenerationMode
2018-10-19 06:46:22.534 [uncertain.proc] [FINE] aurora.database.service.BusinessModelService.onDecideSqlGenerationMode
2018-10-19 06:46:22.534 [uncertain.proc] [CONFIG] [action] CreatequeryStatement
2018-10-19 06:46:22.534 [uncertain.proc] [FINE] aurora.bm.QuerySqlCreator.onCreateQueryStatement
2018-10-19 06:46:22.534 [uncertain.proc] [CONFIG] [action] PopulatequeryStatement
2018-10-19 06:46:22.534 [uncertain.proc] [FINE] aurora.database.features.OrderByClauseCreator.onPopulateQueryStatement
2018-10-19 06:46:22.534 [uncertain.proc] [FINE] aurora.database.features.WhereClauseCreator.onPopulateQueryStatement
2018-10-19 06:46:22.534 [uncertain.proc] [CONFIG] [action] CreatequerySql
2018-10-19 06:46:22.534 [uncertain.proc] [FINE] aurora.bm.QuerySqlCreator.onCreateQuerySql
2018-10-19 06:46:22.534 [uncertain.proc] [CONFIG] [action] ExecuteQuery
2018-10-19 06:46:22.534 [uncertain.proc] [FINE] aurora.bm.QuerySqlCreator.onExecuteQuery
2018-10-19 06:46:22.535 [uncertain.proc] [CONFIG] [action] QueryFinish
2018-10-19 06:46:22.535 [uncertain.proc] [FINE] aurora.database.features.AutoQueryCounter.onQueryFinish
2018-10-19 06:46:22.535 [uncertain.proc] [CONFIG] [action] FetchResultSet
2018-10-19 06:46:22.535 [uncertain.proc] [FINE] aurora.database.features.CacheBasedLookUpField.postFetchResultSet
2018-10-19 06:46:22.535 [aurora.database] [CONFIG] 
============= BEGIN [query] SQL Statement execution dump ============
SELECT f.service_id,f.service_name,f.is_entry_page,f.is_access_checked,f.is_login_required,f.is_system_access,? AS language,(select d.description_text from fnd_descriptions d where d.description_id = f.title_id and d.language = ?) AS title,f.title_id,f.weixin_flag
FROM sys_service f
WHERE f.service_name = ?
ORDER BY service_name
---------------------Binding info---------------------
No.1	Access path:/session/@lang	Data type of passed value :java.lang.String	Value:ZHS	Output:false	Database Type:null	
No.2	Access path:/session/@lang	Data type of passed value :java.lang.String	Value:ZHS	Output:false	Database Type:null	
No.3	Access path:@service_name	Data type of passed value :java.lang.String	Value:modules/fnd/FND2410/pur_system_venders.screen	Output:false	Database Type:null	

=============== END [query] SQL Statement execution dump ============

2018-10-19 06:46:22.535 [aurora.presentation.buildsession] [CONFIG] building view: <toolbarButton> -> aurora.presentation.TemplateBasedView@3dda489e
2018-10-19 06:46:22.535 [aurora.presentation.buildsession] [CONFIG] building view: <gridButton> -> aurora.presentation.TemplateBasedView@3dda489e
2018-10-19 06:46:22.535 [aurora.presentation.buildsession] [CONFIG] building view: <gridButton> -> aurora.presentation.TemplateBasedView@3dda489e
2018-10-19 06:46:22.536 [aurora.presentation.buildsession] [CONFIG] building view: <gridButton> -> aurora.presentation.TemplateBasedView@3dda489e
2018-10-19 06:46:22.536 [aurora.presentation.buildsession] [CONFIG] building view: <toolbarButton> -> aurora.presentation.TemplateBasedView@3dda489e
2018-10-19 06:46:22.536 [aurora.presentation.buildsession] [CONFIG] building view: <queryForm> -> aurora.presentation.component.std.QueryForm@7be1537d
2018-10-19 06:46:22.536 [aurora.presentation.buildsession] [CONFIG] building view: <hBox> -> aurora.presentation.component.std.HBox@3247ab5f
2018-10-19 06:46:22.536 [aurora.presentation.buildsession] [CONFIG] building view: <textField> -> aurora.presentation.TemplateBasedView@3dda489e
2018-10-19 06:46:22.537 [aurora.presentation.buildsession] [CONFIG] building view: <textField> -> aurora.presentation.TemplateBasedView@3dda489e
2018-10-19 06:46:22.537 [aurora.presentation.buildsession] [CONFIG] building view: <toolbarButton> -> aurora.presentation.TemplateBasedView@3dda489e
2018-10-19 06:46:22.537 [aurora.presentation.buildsession] [CONFIG] building view: <grid> -> aurora.presentation.TemplateBasedView@3dda489e
2018-10-19 06:46:22.537 [aurora.presentation.buildsession] [CONFIG] building view: <navBar> -> aurora.presentation.TemplateBasedView@3dda489e
2018-10-19 06:46:22.538 [aurora.presentation.buildsession] [CONFIG] building view: <button> -> aurora.presentation.TemplateBasedView@3dda489e
2018-10-19 06:46:22.539 [aurora.presentation.buildsession] [CONFIG] building view: <button> -> aurora.presentation.TemplateBasedView@3dda489e
2018-10-19 06:46:22.539 [aurora.presentation.buildsession] [CONFIG] building view: <separator> -> aurora.presentation.TemplateBasedView@3dda489e
2018-10-19 06:46:22.539 [aurora.presentation.buildsession] [CONFIG] building view: <div> -> aurora.presentation.DefaultViewBuilder@35f5c5a3
2018-10-19 06:46:22.539 [aurora.presentation.buildsession] [CONFIG] building view: <numberField> -> aurora.presentation.TemplateBasedView@3dda489e
2018-10-19 06:46:22.539 [aurora.presentation.buildsession] [CONFIG] building view: <div> -> aurora.presentation.DefaultViewBuilder@35f5c5a3
2018-10-19 06:46:22.539 [aurora.presentation.buildsession] [CONFIG] building view: <separator> -> aurora.presentation.TemplateBasedView@3dda489e
2018-10-19 06:46:22.539 [aurora.presentation.buildsession] [CONFIG] building view: <button> -> aurora.presentation.TemplateBasedView@3dda489e
2018-10-19 06:46:22.539 [aurora.presentation.buildsession] [CONFIG] building view: <button> -> aurora.presentation.TemplateBasedView@3dda489e
2018-10-19 06:46:22.539 [aurora.presentation.buildsession] [CONFIG] building view: <button> -> aurora.presentation.TemplateBasedView@3dda489e
2018-10-19 06:46:22.539 [aurora.presentation.buildsession] [CONFIG] building view: <separator> -> aurora.presentation.TemplateBasedView@3dda489e
2018-10-19 06:46:22.539 [aurora.presentation.buildsession] [CONFIG] building view: <div> -> aurora.presentation.DefaultViewBuilder@35f5c5a3
2018-10-19 06:46:22.539 [aurora.presentation.buildsession] [CONFIG] building view: <comboBox> -> aurora.presentation.TemplateBasedView@3dda489e
2018-10-19 06:46:22.540 [aurora.presentation.buildsession] [CONFIG] building view: <div> -> aurora.presentation.DefaultViewBuilder@35f5c5a3
2018-10-19 06:46:22.540 [aurora.presentation.buildsession] [CONFIG] building view: <separator> -> aurora.presentation.TemplateBasedView@3dda489e
2018-10-19 06:46:22.540 [aurora.presentation.buildsession] [CONFIG] building view: <div> -> aurora.presentation.DefaultViewBuilder@35f5c5a3
2018-10-19 06:46:22.540 [aurora.presentation.buildsession] [CONFIG] building view: <comboBox> -> aurora.presentation.TemplateBasedView@3dda489e
2018-10-19 06:46:22.540 [aurora.presentation.buildsession] [CONFIG] building view: <textField> -> aurora.presentation.TemplateBasedView@3dda489e
2018-10-19 06:46:22.540 [aurora.presentation.buildsession] [CONFIG] building view: <textField> -> aurora.presentation.TemplateBasedView@3dda489e
2018-10-19 06:46:22.540 [aurora.presentation.buildsession] [CONFIG] building view: <textField> -> aurora.presentation.TemplateBasedView@3dda489e
2018-10-19 06:46:22.540 [aurora.presentation.buildsession] [CONFIG] building view: <numberField> -> aurora.presentation.TemplateBasedView@3dda489e
2018-10-19 06:46:22.541 [aurora.presentation.buildsession] [CONFIG] building view: <lov> -> aurora.presentation.TemplateBasedView@3dda489e
2018-10-19 06:46:22.541 [aurora.presentation.buildsession] [CONFIG] building view: <checkBox> -> aurora.presentation.TemplateBasedView@3dda489e
2018-10-19 06:46:22.541 [aurora.presentation.buildsession] [CONFIG] building view: <checkBox> -> aurora.presentation.TemplateBasedView@3dda489e
2018-10-19 06:46:22.541 [aurora.presentation.buildsession] [CONFIG] building view: <script> -> aurora.presentation.DefaultViewBuilder@35f5c5a3
2018-10-19 06:46:22.541 [aurora.presentation.buildsession] [CONFIG] End build session
