2018-10-21 07:53:56.998 [aurora.application.session_check] [CONFIG] Session data copied to context
2018-10-21 07:53:56.999 [aurora.application.session_check] [CONFIG] Access check result for modules/bgt/BGT1070/bgt_period.screen => success
2018-10-21 07:53:56.999 [uncertain.proc] [CONFIG] [action] AccessCheck
2018-10-21 07:53:57.13 [uncertain.proc] [CONFIG] [action] InitService
2018-10-21 07:53:57.13 [uncertain.proc] [CONFIG] [action] ParseParameter
2018-10-21 07:53:57.13 [uncertain.proc] [CONFIG] [action] CreateModel
2018-10-21 07:53:57.13 [aurora.database] [CONFIG] ===================================== prepare to run model-query bgt.BGT1070.bgt_period_init==============================
2018-10-21 07:53:57.20 [uncertain.proc] [CONFIG] [action] DecideSqlGenerationMode
2018-10-21 07:53:57.21 [uncertain.proc] [FINE] aurora.database.service.BusinessModelService.onDecideSqlGenerationMode
2018-10-21 07:53:57.21 [uncertain.proc] [CONFIG] [action] CreateOperationSql
2018-10-21 07:53:57.21 [uncertain.proc] [CONFIG] [action] PopulateOperationSql
2018-10-21 07:53:57.21 [uncertain.proc] [FINE] aurora.database.features.OrderByClauseCreator.onPopulateOperationSql
2018-10-21 07:53:57.21 [uncertain.proc] [FINE] aurora.database.features.WhereClauseCreator.onPopulateOperationSql
2018-10-21 07:53:57.21 [uncertain.proc] [CONFIG] [action] ExecuteQuery
2018-10-21 07:53:57.21 [uncertain.proc] [FINE] aurora.bm.QuerySqlCreator.onExecuteQuery
2018-10-21 07:53:57.26 [uncertain.proc] [CONFIG] [action] QueryFinish
2018-10-21 07:53:57.26 [uncertain.proc] [FINE] aurora.database.features.AutoQueryCounter.onQueryFinish
2018-10-21 07:53:57.26 [uncertain.proc] [CONFIG] [action] FetchResultSet
2018-10-21 07:53:57.26 [uncertain.proc] [FINE] aurora.database.features.CacheBasedLookUpField.postFetchResultSet
2018-10-21 07:53:57.26 [aurora.database] [CONFIG] 
============= BEGIN [query] SQL Statement execution dump ============

	            select bo_v.bgt_org_id,           
		            bo_v.bgt_org_code,           
		            bo_v.description bgt_org_dec,           
		            bps_v.set_of_books_id,           
		            bps_v.bgt_period_set_code,           
		            bps_v.description bgt_period_set_dec         
		            from bgt_organizations_vl bo_v, bgt_period_sets_vl bps_v        
		            where bo_v.bgt_org_id = bps_v.bgt_org_id                  
		            and bo_v.bgt_org_id=?          
		            and bps_v.bgt_period_set_code =?       
            
---------------------Binding info---------------------
No.1	Access path:/parameter/@bgt_org_id	Data type of passed value :java.lang.String	Value:1	Output:false	Database Type:null	
No.2	Access path:/parameter/@bgt_period_set_code	Data type of passed value :java.lang.String	Value:CCBL_BGT_PERIOD	Output:false	Database Type:null	

=============== END [query] SQL Statement execution dump ============

2018-10-21 07:53:57.26 [uncertain.proc] [CONFIG] [action] CreateView
2018-10-21 07:53:57.27 [uncertain.proc] [CONFIG] [action] BuildOutputContent
2018-10-21 07:53:57.27 [aurora.presentation.buildsession] [CONFIG] Start build session
2018-10-21 07:53:57.27 [aurora.presentation.buildsession] [CONFIG] building view: <html-page> -> aurora.presentation.component.HtmlPage@68ea84b9
2018-10-21 07:53:57.27 [aurora.presentation.buildsession] [CONFIG] building view: <link> -> aurora.presentation.TemplateBasedView@3dda489e
2018-10-21 07:53:57.28 [aurora.presentation.buildsession] [CONFIG] building view: <script> -> aurora.presentation.DefaultViewBuilder@35f5c5a3
2018-10-21 07:53:57.28 [aurora.presentation.buildsession] [CONFIG] building view: <dataSets> -> aurora.application.features.DataSetInit@3e8e5dae
2018-10-21 07:53:57.28 [aurora.presentation.buildsession] [CONFIG] building view: <dataSet> -> aurora.presentation.TemplateBasedView@3dda489e
2018-10-21 07:53:57.28 [aurora.presentation.buildsession] [CONFIG] building view: <dataSet> -> aurora.presentation.TemplateBasedView@3dda489e
2018-10-21 07:53:57.30 [aurora.presentation.buildsession] [CONFIG] building view: <screenBody> -> aurora.presentation.component.std.ScreenBody@647c7b0f
2018-10-21 07:53:57.30 [aurora.presentation.buildsession] [CONFIG] building view: <screenTopToolbar> -> aurora.presentation.component.std.ScreenTopToolbar@2272871
2018-10-21 07:53:57.30 [aurora.presentation.buildsession] [CONFIG] building view: <screenTitle> -> aurora.presentation.component.std.ScreenTitle@3ed4bbc0
2018-10-21 07:53:57.33 [uncertain.proc] [CONFIG] [action] DecideSqlGenerationMode
2018-10-21 07:53:57.33 [uncertain.proc] [FINE] aurora.database.service.BusinessModelService.onDecideSqlGenerationMode
2018-10-21 07:53:57.33 [uncertain.proc] [CONFIG] [action] CreatequeryStatement
2018-10-21 07:53:57.33 [uncertain.proc] [FINE] aurora.bm.QuerySqlCreator.onCreateQueryStatement
2018-10-21 07:53:57.33 [uncertain.proc] [CONFIG] [action] PopulatequeryStatement
2018-10-21 07:53:57.33 [uncertain.proc] [FINE] aurora.database.features.OrderByClauseCreator.onPopulateQueryStatement
2018-10-21 07:53:57.33 [uncertain.proc] [FINE] aurora.database.features.WhereClauseCreator.onPopulateQueryStatement
2018-10-21 07:53:57.33 [uncertain.proc] [CONFIG] [action] CreatequerySql
2018-10-21 07:53:57.33 [uncertain.proc] [FINE] aurora.bm.QuerySqlCreator.onCreateQuerySql
2018-10-21 07:53:57.34 [uncertain.proc] [CONFIG] [action] ExecuteQuery
2018-10-21 07:53:57.34 [uncertain.proc] [FINE] aurora.bm.QuerySqlCreator.onExecuteQuery
2018-10-21 07:53:57.34 [uncertain.proc] [CONFIG] [action] QueryFinish
2018-10-21 07:53:57.34 [uncertain.proc] [FINE] aurora.database.features.AutoQueryCounter.onQueryFinish
2018-10-21 07:53:57.34 [uncertain.proc] [CONFIG] [action] FetchResultSet
2018-10-21 07:53:57.34 [uncertain.proc] [FINE] aurora.database.features.CacheBasedLookUpField.postFetchResultSet
2018-10-21 07:53:57.34 [aurora.database] [CONFIG] 
============= BEGIN [query] SQL Statement execution dump ============
SELECT f.service_id,f.service_name,f.is_entry_page,f.is_access_checked,f.is_login_required,f.is_system_access,? AS language,(select d.description_text from fnd_descriptions d where d.description_id = f.title_id and d.language = ?) AS title,f.title_id,f.weixin_flag
FROM sys_service f
WHERE f.service_name = ?
ORDER BY service_name
---------------------Binding info---------------------
No.1	Access path:/session/@lang	Data type of passed value :java.lang.String	Value:ZHS	Output:false	Database Type:null	
No.2	Access path:/session/@lang	Data type of passed value :java.lang.String	Value:ZHS	Output:false	Database Type:null	
No.3	Access path:@service_name	Data type of passed value :java.lang.String	Value:modules/bgt/BGT1070/bgt_period.screen	Output:false	Database Type:null	

=============== END [query] SQL Statement execution dump ============

2018-10-21 07:53:57.35 [aurora.presentation.buildsession] [CONFIG] building view: <toolbarButton> -> aurora.presentation.TemplateBasedView@3dda489e
2018-10-21 07:53:57.35 [aurora.presentation.buildsession] [CONFIG] building view: <toolbarButton> -> aurora.presentation.TemplateBasedView@3dda489e
2018-10-21 07:53:57.35 [aurora.presentation.buildsession] [CONFIG] building view: <form> -> aurora.presentation.component.std.Form@472f8ac
2018-10-21 07:53:57.35 [aurora.presentation.buildsession] [CONFIG] building view: <textField> -> aurora.presentation.TemplateBasedView@3dda489e
2018-10-21 07:53:57.35 [aurora.presentation.buildsession] [CONFIG] building view: <textField> -> aurora.presentation.TemplateBasedView@3dda489e
2018-10-21 07:53:57.35 [aurora.presentation.buildsession] [CONFIG] building view: <textField> -> aurora.presentation.TemplateBasedView@3dda489e
2018-10-21 07:53:57.35 [aurora.presentation.buildsession] [CONFIG] building view: <textField> -> aurora.presentation.TemplateBasedView@3dda489e
2018-10-21 07:53:57.35 [aurora.presentation.buildsession] [CONFIG] building view: <grid> -> aurora.presentation.TemplateBasedView@3dda489e
2018-10-21 07:53:57.36 [aurora.presentation.buildsession] [CONFIG] building view: <navBar> -> aurora.presentation.TemplateBasedView@3dda489e
2018-10-21 07:53:57.37 [aurora.presentation.buildsession] [CONFIG] building view: <button> -> aurora.presentation.TemplateBasedView@3dda489e
2018-10-21 07:53:57.37 [aurora.presentation.buildsession] [CONFIG] building view: <button> -> aurora.presentation.TemplateBasedView@3dda489e
2018-10-21 07:53:57.37 [aurora.presentation.buildsession] [CONFIG] building view: <separator> -> aurora.presentation.TemplateBasedView@3dda489e
2018-10-21 07:53:57.37 [aurora.presentation.buildsession] [CONFIG] building view: <div> -> aurora.presentation.DefaultViewBuilder@35f5c5a3
2018-10-21 07:53:57.37 [aurora.presentation.buildsession] [CONFIG] building view: <numberField> -> aurora.presentation.TemplateBasedView@3dda489e
2018-10-21 07:53:57.37 [aurora.presentation.buildsession] [CONFIG] building view: <div> -> aurora.presentation.DefaultViewBuilder@35f5c5a3
2018-10-21 07:53:57.37 [aurora.presentation.buildsession] [CONFIG] building view: <separator> -> aurora.presentation.TemplateBasedView@3dda489e
2018-10-21 07:53:57.37 [aurora.presentation.buildsession] [CONFIG] building view: <button> -> aurora.presentation.TemplateBasedView@3dda489e
2018-10-21 07:53:57.38 [aurora.presentation.buildsession] [CONFIG] building view: <button> -> aurora.presentation.TemplateBasedView@3dda489e
2018-10-21 07:53:57.38 [aurora.presentation.buildsession] [CONFIG] building view: <button> -> aurora.presentation.TemplateBasedView@3dda489e
2018-10-21 07:53:57.38 [aurora.presentation.buildsession] [CONFIG] building view: <separator> -> aurora.presentation.TemplateBasedView@3dda489e
2018-10-21 07:53:57.38 [aurora.presentation.buildsession] [CONFIG] building view: <div> -> aurora.presentation.DefaultViewBuilder@35f5c5a3
2018-10-21 07:53:57.38 [aurora.presentation.buildsession] [CONFIG] building view: <comboBox> -> aurora.presentation.TemplateBasedView@3dda489e
2018-10-21 07:53:57.38 [aurora.presentation.buildsession] [CONFIG] building view: <div> -> aurora.presentation.DefaultViewBuilder@35f5c5a3
2018-10-21 07:53:57.38 [aurora.presentation.buildsession] [CONFIG] building view: <separator> -> aurora.presentation.TemplateBasedView@3dda489e
2018-10-21 07:53:57.38 [aurora.presentation.buildsession] [CONFIG] building view: <div> -> aurora.presentation.DefaultViewBuilder@35f5c5a3
2018-10-21 07:53:57.39 [aurora.presentation.buildsession] [CONFIG] building view: <script> -> aurora.presentation.DefaultViewBuilder@35f5c5a3
2018-10-21 07:53:57.39 [aurora.presentation.buildsession] [CONFIG] building view: <script> -> aurora.presentation.DefaultViewBuilder@35f5c5a3
2018-10-21 07:53:57.39 [aurora.presentation.buildsession] [CONFIG] End build session
