2018-10-17 01:48:53.850 [aurora.application.session_check] [CONFIG] Session data copied to context
2018-10-17 01:48:53.850 [aurora.application.session_check] [CONFIG] Access check result for modules/csh/CSH3110/csh_payment_requisition_finance_query.screen => success
2018-10-17 01:48:53.850 [uncertain.proc] [CONFIG] [action] AccessCheck
2018-10-17 01:48:53.856 [uncertain.proc] [CONFIG] [action] InitService
2018-10-17 01:48:53.856 [uncertain.proc] [CONFIG] [action] ParseParameter
2018-10-17 01:48:53.856 [uncertain.proc] [CONFIG] [action] CreateModel
2018-10-17 01:48:53.856 [aurora.database] [CONFIG] ===================================== prepare to run model-query csh.csh_payment_methods_vl==============================
2018-10-17 01:48:53.861 [uncertain.proc] [CONFIG] [action] DecideSqlGenerationMode
2018-10-17 01:48:53.861 [uncertain.proc] [FINE] aurora.database.service.BusinessModelService.onDecideSqlGenerationMode
2018-10-17 01:48:53.861 [uncertain.proc] [CONFIG] [action] CreatequeryStatement
2018-10-17 01:48:53.861 [uncertain.proc] [FINE] aurora.bm.QuerySqlCreator.onCreateQueryStatement
2018-10-17 01:48:53.861 [uncertain.proc] [CONFIG] [action] PopulatequeryStatement
2018-10-17 01:48:53.861 [uncertain.proc] [FINE] aurora.database.features.OrderByClauseCreator.onPopulateQueryStatement
2018-10-17 01:48:53.861 [uncertain.proc] [FINE] aurora.database.features.WhereClauseCreator.onPopulateQueryStatement
2018-10-17 01:48:53.861 [uncertain.proc] [CONFIG] [action] CreatequerySql
2018-10-17 01:48:53.861 [uncertain.proc] [FINE] aurora.bm.QuerySqlCreator.onCreateQuerySql
2018-10-17 01:48:53.861 [uncertain.proc] [CONFIG] [action] ExecuteQuery
2018-10-17 01:48:53.861 [uncertain.proc] [FINE] aurora.bm.QuerySqlCreator.onExecuteQuery
2018-10-17 01:48:53.869 [uncertain.proc] [CONFIG] [action] QueryFinish
2018-10-17 01:48:53.869 [uncertain.proc] [FINE] aurora.database.features.AutoQueryCounter.onQueryFinish
2018-10-17 01:48:53.869 [uncertain.proc] [CONFIG] [action] FetchResultSet
2018-10-17 01:48:53.869 [uncertain.proc] [FINE] aurora.database.features.CacheBasedLookUpField.postFetchResultSet
2018-10-17 01:48:53.869 [aurora.database] [CONFIG] 
============= BEGIN [query] SQL Statement execution dump ============
SELECT t1.payment_method_id,t1.payment_method_code,t1.description,t1.enabled_flag,t1.ebanking_flag,t1.using_csh_flag
FROM CSH_PAYMENT_METHODS_VL t1
WHERE t1.enabled_flag = 'Y' AND exists(select 1 from csh_pay_meth_ref_com cpr where  cpr.payment_method_id = t1.payment_method_id and cpr.company_id=? and cpr.enabled_flag='Y')
ORDER BY payment_method_code
---------------------Binding info---------------------
No.1	Access path:/session/@company_id	Data type of passed value :java.lang.Integer	Value:835	Output:false	Database Type:null	

=============== END [query] SQL Statement execution dump ============

2018-10-17 01:48:53.869 [aurora.database] [CONFIG] ===================================== prepare to run model-query csh.csh_payment_requisition_init_pay_obj_list==============================
2018-10-17 01:48:53.878 [uncertain.proc] [CONFIG] [action] DecideSqlGenerationMode
2018-10-17 01:48:53.878 [uncertain.proc] [FINE] aurora.database.service.BusinessModelService.onDecideSqlGenerationMode
2018-10-17 01:48:53.880 [uncertain.proc] [CONFIG] [action] CreatequeryStatement
2018-10-17 01:48:53.880 [uncertain.proc] [FINE] aurora.bm.QuerySqlCreator.onCreateQueryStatement
2018-10-17 01:48:53.884 [uncertain.proc] [CONFIG] [action] PopulatequeryStatement
2018-10-17 01:48:53.884 [uncertain.proc] [FINE] aurora.database.features.OrderByClauseCreator.onPopulateQueryStatement
2018-10-17 01:48:53.884 [uncertain.proc] [FINE] aurora.database.features.WhereClauseCreator.onPopulateQueryStatement
2018-10-17 01:48:53.884 [uncertain.proc] [CONFIG] [action] CreatequerySql
2018-10-17 01:48:53.884 [uncertain.proc] [FINE] aurora.bm.QuerySqlCreator.onCreateQuerySql
2018-10-17 01:48:53.884 [uncertain.proc] [CONFIG] [action] ExecuteQuery
2018-10-17 01:48:53.884 [uncertain.proc] [FINE] aurora.bm.QuerySqlCreator.onExecuteQuery
2018-10-17 01:48:53.895 [uncertain.proc] [CONFIG] [action] QueryFinish
2018-10-17 01:48:53.895 [uncertain.proc] [FINE] aurora.database.features.AutoQueryCounter.onQueryFinish
2018-10-17 01:48:53.895 [uncertain.proc] [CONFIG] [action] FetchResultSet
2018-10-17 01:48:53.895 [uncertain.proc] [FINE] aurora.database.features.CacheBasedLookUpField.postFetchResultSet
2018-10-17 01:48:53.897 [aurora.database] [CONFIG] 
============= BEGIN [query] SQL Statement execution dump ============
SELECT t1.code,t1.code_id,t1.SYS_FLAG,t1.ENABLED_FLAG,t1.CODE_NAME,t1.CODE_PROMPT,t1.CODE_NAME_PROMPT,r1.CODE_VALUE,r1.CODE_VALUE_NAME,r1.CODE_VALUE_ID
FROM SYS_CODES_VL t1
	INNER JOIN SYS_CODE_VALUES_VL r1 ON t1.code_id = r1.code_id
WHERE t1.code = 'PAYMENT_OBJECT'
---------------------Binding info---------------------
null
=============== END [query] SQL Statement execution dump ============

2018-10-17 01:48:53.897 [aurora.database] [CONFIG] ===================================== prepare to run model-query csh.csh_payment_requisition_init_user==============================
2018-10-17 01:48:53.903 [uncertain.proc] [CONFIG] [action] DecideSqlGenerationMode
2018-10-17 01:48:53.903 [uncertain.proc] [FINE] aurora.database.service.BusinessModelService.onDecideSqlGenerationMode
2018-10-17 01:48:53.903 [uncertain.proc] [CONFIG] [action] CreatequeryStatement
2018-10-17 01:48:53.903 [uncertain.proc] [FINE] aurora.bm.QuerySqlCreator.onCreateQueryStatement
2018-10-17 01:48:53.904 [uncertain.proc] [CONFIG] [action] PopulatequeryStatement
2018-10-17 01:48:53.904 [uncertain.proc] [FINE] aurora.database.features.OrderByClauseCreator.onPopulateQueryStatement
2018-10-17 01:48:53.904 [uncertain.proc] [FINE] aurora.database.features.WhereClauseCreator.onPopulateQueryStatement
2018-10-17 01:48:53.904 [uncertain.proc] [CONFIG] [action] CreatequerySql
2018-10-17 01:48:53.904 [uncertain.proc] [FINE] aurora.bm.QuerySqlCreator.onCreateQuerySql
2018-10-17 01:48:53.904 [uncertain.proc] [CONFIG] [action] ExecuteQuery
2018-10-17 01:48:53.904 [uncertain.proc] [FINE] aurora.bm.QuerySqlCreator.onExecuteQuery
2018-10-17 01:48:53.906 [uncertain.proc] [CONFIG] [action] QueryFinish
2018-10-17 01:48:53.906 [uncertain.proc] [FINE] aurora.database.features.AutoQueryCounter.onQueryFinish
2018-10-17 01:48:53.906 [uncertain.proc] [CONFIG] [action] FetchResultSet
2018-10-17 01:48:53.906 [uncertain.proc] [FINE] aurora.database.features.CacheBasedLookUpField.postFetchResultSet
2018-10-17 01:48:53.906 [aurora.database] [CONFIG] 
============= BEGIN [query] SQL Statement execution dump ============
SELECT ee.EMPLOYEE_ID,ee.EMPLOYEE_CODE,ee.NAME,r1.DESCRIPTION
FROM EXP_EMPLOYEES ee
	INNER JOIN EXP_EMPLOYEE_TYPES_VL r1 ON ee.EMPLOYEE_TYPE_ID = r1.EMPLOYEE_TYPE_ID
WHERE exists (select 1 from sys_user su where su.employee_id=ee.employee_id and su.user_id= ?) 
---------------------Binding info---------------------
No.1	Access path:/session/@user_id	Data type of passed value :java.lang.Long	Value:1	Output:false	Database Type:null	

=============== END [query] SQL Statement execution dump ============

2018-10-17 01:48:53.906 [aurora.database] [CONFIG] ===================================== prepare to run model-query gld.gld_currency_vl==============================
2018-10-17 01:48:53.909 [uncertain.proc] [CONFIG] [action] DecideSqlGenerationMode
2018-10-17 01:48:53.909 [uncertain.proc] [FINE] aurora.database.service.BusinessModelService.onDecideSqlGenerationMode
2018-10-17 01:48:53.909 [uncertain.proc] [CONFIG] [action] CreatequeryStatement
2018-10-17 01:48:53.909 [uncertain.proc] [FINE] aurora.bm.QuerySqlCreator.onCreateQueryStatement
2018-10-17 01:48:53.909 [uncertain.proc] [CONFIG] [action] PopulatequeryStatement
2018-10-17 01:48:53.909 [uncertain.proc] [FINE] aurora.database.features.OrderByClauseCreator.onPopulateQueryStatement
2018-10-17 01:48:53.909 [uncertain.proc] [FINE] aurora.database.features.WhereClauseCreator.onPopulateQueryStatement
2018-10-17 01:48:53.909 [uncertain.proc] [CONFIG] [action] CreatequerySql
2018-10-17 01:48:53.909 [uncertain.proc] [FINE] aurora.bm.QuerySqlCreator.onCreateQuerySql
2018-10-17 01:48:53.909 [uncertain.proc] [CONFIG] [action] ExecuteQuery
2018-10-17 01:48:53.909 [uncertain.proc] [FINE] aurora.bm.QuerySqlCreator.onExecuteQuery
2018-10-17 01:48:53.910 [uncertain.proc] [CONFIG] [action] QueryFinish
2018-10-17 01:48:53.910 [uncertain.proc] [FINE] aurora.database.features.AutoQueryCounter.onQueryFinish
2018-10-17 01:48:53.910 [uncertain.proc] [CONFIG] [action] FetchResultSet
2018-10-17 01:48:53.910 [uncertain.proc] [FINE] aurora.database.features.CacheBasedLookUpField.postFetchResultSet
2018-10-17 01:48:53.910 [aurora.database] [CONFIG] 
============= BEGIN [query] SQL Statement execution dump ============
SELECT t1.ROW_ID,t1.CURRENCY_CODE,t1.ENABLED_FLAG,t1.CURRENCY_NAME,t1.COUNTRY_CODE,t1.PRECISION,t1.TRANSACTION_PRECISION,t1.CURRENCY_SYMBOL
FROM GLD_CURRENCY_VL t1
WHERE  t1.ENABLED_FLAG ='Y' AND enabled_flag = 'Y'
ORDER BY currency_code
---------------------Binding info---------------------
null
=============== END [query] SQL Statement execution dump ============

2018-10-17 01:48:53.910 [aurora.database] [CONFIG] ===================================== prepare to run model-query csh.CSH3110.csh_payment_requisition_finance_status_init==============================
2018-10-17 01:48:53.912 [uncertain.proc] [CONFIG] [action] DecideSqlGenerationMode
2018-10-17 01:48:53.912 [uncertain.proc] [FINE] aurora.database.service.BusinessModelService.onDecideSqlGenerationMode
2018-10-17 01:48:53.912 [uncertain.proc] [CONFIG] [action] CreateOperationSql
2018-10-17 01:48:53.912 [uncertain.proc] [CONFIG] [action] PopulateOperationSql
2018-10-17 01:48:53.912 [uncertain.proc] [FINE] aurora.database.features.OrderByClauseCreator.onPopulateOperationSql
2018-10-17 01:48:53.912 [uncertain.proc] [FINE] aurora.database.features.WhereClauseCreator.onPopulateOperationSql
2018-10-17 01:48:53.912 [uncertain.proc] [CONFIG] [action] ExecuteQuery
2018-10-17 01:48:53.912 [uncertain.proc] [FINE] aurora.bm.QuerySqlCreator.onExecuteQuery
2018-10-17 01:48:53.918 [uncertain.proc] [CONFIG] [action] QueryFinish
2018-10-17 01:48:53.918 [uncertain.proc] [FINE] aurora.database.features.AutoQueryCounter.onQueryFinish
2018-10-17 01:48:53.918 [uncertain.proc] [CONFIG] [action] FetchResultSet
2018-10-17 01:48:53.918 [uncertain.proc] [FINE] aurora.database.features.CacheBasedLookUpField.postFetchResultSet
2018-10-17 01:48:53.918 [aurora.database] [CONFIG] 
============= BEGIN [query] SQL Statement execution dump ============

            select b.code_value p_status, b.code_value_name status_name, b.code_value_id
			  from sys_codes_vl a, sys_code_values_vl b
			 where a.code_id = b.code_id
			   and a.code = 'PAYMENT_REQUISITION_STATUS'
			 order by b.code_value
			 
---------------------Binding info---------------------
null
=============== END [query] SQL Statement execution dump ============

2018-10-17 01:48:53.918 [uncertain.proc] [CONFIG] [action] CreateView
2018-10-17 01:48:53.918 [uncertain.proc] [CONFIG] [action] BuildOutputContent
2018-10-17 01:48:53.918 [aurora.presentation.buildsession] [CONFIG] Start build session
2018-10-17 01:48:53.918 [aurora.presentation.buildsession] [CONFIG] building view: <html-page> -> aurora.presentation.component.HtmlPage@4f9ee2ce
2018-10-17 01:48:53.919 [aurora.presentation.buildsession] [CONFIG] building view: <link> -> aurora.presentation.TemplateBasedView@3dda489e
2018-10-17 01:48:53.919 [aurora.presentation.buildsession] [CONFIG] building view: <link> -> aurora.presentation.TemplateBasedView@3dda489e
2018-10-17 01:48:53.919 [aurora.presentation.buildsession] [CONFIG] building view: <link> -> aurora.presentation.TemplateBasedView@3dda489e
2018-10-17 01:48:53.919 [aurora.presentation.buildsession] [CONFIG] building view: <link> -> aurora.presentation.TemplateBasedView@3dda489e
2018-10-17 01:48:53.919 [aurora.presentation.buildsession] [CONFIG] building view: <link> -> aurora.presentation.TemplateBasedView@3dda489e
2018-10-17 01:48:53.919 [aurora.presentation.buildsession] [CONFIG] building view: <script> -> aurora.presentation.DefaultViewBuilder@35f5c5a3
2018-10-17 01:48:53.919 [aurora.presentation.buildsession] [CONFIG] building view: <dataSets> -> aurora.application.features.DataSetInit@94b97a0
2018-10-17 01:48:53.919 [aurora.presentation.buildsession] [CONFIG] building view: <dataSet> -> aurora.presentation.TemplateBasedView@3dda489e
2018-10-17 01:48:53.920 [aurora.presentation.buildsession] [CONFIG] building view: <dataSet> -> aurora.presentation.TemplateBasedView@3dda489e
2018-10-17 01:48:53.920 [aurora.presentation.buildsession] [CONFIG] building view: <dataSet> -> aurora.presentation.TemplateBasedView@3dda489e
2018-10-17 01:48:53.920 [aurora.presentation.buildsession] [CONFIG] building view: <dataSet> -> aurora.presentation.TemplateBasedView@3dda489e
2018-10-17 01:48:53.920 [aurora.presentation.buildsession] [CONFIG] building view: <dataSet> -> aurora.presentation.TemplateBasedView@3dda489e
2018-10-17 01:48:53.920 [aurora.presentation.buildsession] [CONFIG] building view: <dataSet> -> aurora.presentation.TemplateBasedView@3dda489e
2018-10-17 01:48:53.920 [aurora.presentation.buildsession] [CONFIG] building view: <dataSet> -> aurora.presentation.TemplateBasedView@3dda489e
2018-10-17 01:48:53.923 [aurora.presentation.buildsession] [CONFIG] building view: <dataSet> -> aurora.presentation.TemplateBasedView@3dda489e
2018-10-17 01:48:53.925 [aurora.presentation.buildsession] [CONFIG] building view: <dataSet> -> aurora.presentation.TemplateBasedView@3dda489e
2018-10-17 01:48:53.925 [aurora.presentation.buildsession] [CONFIG] building view: <screenBody> -> aurora.presentation.component.std.ScreenBody@62d97e09
2018-10-17 01:48:53.925 [aurora.presentation.buildsession] [CONFIG] building view: <screenTopToolbar> -> aurora.presentation.component.std.ScreenTopToolbar@30ddbe71
2018-10-17 01:48:53.925 [aurora.presentation.buildsession] [CONFIG] building view: <screenTitle> -> aurora.presentation.component.std.ScreenTitle@8edb236
2018-10-17 01:48:53.929 [uncertain.proc] [CONFIG] [action] DecideSqlGenerationMode
2018-10-17 01:48:53.929 [uncertain.proc] [FINE] aurora.database.service.BusinessModelService.onDecideSqlGenerationMode
2018-10-17 01:48:53.929 [uncertain.proc] [CONFIG] [action] CreatequeryStatement
2018-10-17 01:48:53.929 [uncertain.proc] [FINE] aurora.bm.QuerySqlCreator.onCreateQueryStatement
2018-10-17 01:48:53.929 [uncertain.proc] [CONFIG] [action] PopulatequeryStatement
2018-10-17 01:48:53.929 [uncertain.proc] [FINE] aurora.database.features.OrderByClauseCreator.onPopulateQueryStatement
2018-10-17 01:48:53.929 [uncertain.proc] [FINE] aurora.database.features.WhereClauseCreator.onPopulateQueryStatement
2018-10-17 01:48:53.929 [uncertain.proc] [CONFIG] [action] CreatequerySql
2018-10-17 01:48:53.929 [uncertain.proc] [FINE] aurora.bm.QuerySqlCreator.onCreateQuerySql
2018-10-17 01:48:53.929 [uncertain.proc] [CONFIG] [action] ExecuteQuery
2018-10-17 01:48:53.929 [uncertain.proc] [FINE] aurora.bm.QuerySqlCreator.onExecuteQuery
2018-10-17 01:48:53.930 [uncertain.proc] [CONFIG] [action] QueryFinish
2018-10-17 01:48:53.930 [uncertain.proc] [FINE] aurora.database.features.AutoQueryCounter.onQueryFinish
2018-10-17 01:48:53.930 [uncertain.proc] [CONFIG] [action] FetchResultSet
2018-10-17 01:48:53.930 [uncertain.proc] [FINE] aurora.database.features.CacheBasedLookUpField.postFetchResultSet
2018-10-17 01:48:53.930 [aurora.database] [CONFIG] 
============= BEGIN [query] SQL Statement execution dump ============
SELECT f.service_id,f.service_name,f.is_entry_page,f.is_access_checked,f.is_login_required,f.is_system_access,? AS language,(select d.description_text from fnd_descriptions d where d.description_id = f.title_id and d.language = ?) AS title,f.title_id,f.weixin_flag
FROM sys_service f
WHERE f.service_name = ?
ORDER BY service_name
---------------------Binding info---------------------
No.1	Access path:/session/@lang	Data type of passed value :java.lang.String	Value:ZHS	Output:false	Database Type:null	
No.2	Access path:/session/@lang	Data type of passed value :java.lang.String	Value:ZHS	Output:false	Database Type:null	
No.3	Access path:@service_name	Data type of passed value :java.lang.String	Value:modules/csh/CSH3110/csh_payment_requisition_finance_query.screen	Output:false	Database Type:null	

=============== END [query] SQL Statement execution dump ============

2018-10-17 01:48:53.930 [aurora.presentation.buildsession] [CONFIG] building view: <toolbarButton> -> aurora.presentation.TemplateBasedView@3dda489e
2018-10-17 01:48:53.930 [aurora.presentation.buildsession] [CONFIG] building view: <toolbarButton> -> aurora.presentation.TemplateBasedView@3dda489e
2018-10-17 01:48:53.930 [aurora.presentation.buildsession] [CONFIG] building view: <gridButton> -> aurora.presentation.TemplateBasedView@3dda489e
2018-10-17 01:48:53.930 [aurora.presentation.buildsession] [CONFIG] building view: <toolbarButton> -> aurora.presentation.TemplateBasedView@3dda489e
2018-10-17 01:48:53.930 [aurora.presentation.buildsession] [CONFIG] building view: <toolbarButton> -> aurora.presentation.TemplateBasedView@3dda489e
2018-10-17 01:48:53.931 [aurora.presentation.buildsession] [CONFIG] building view: <queryForm> -> aurora.presentation.component.std.QueryForm@7caebc61
2018-10-17 01:48:53.931 [aurora.presentation.buildsession] [CONFIG] building view: <hBox> -> aurora.presentation.component.std.HBox@4cae0745
2018-10-17 01:48:53.931 [aurora.presentation.buildsession] [CONFIG] building view: <textField> -> aurora.presentation.TemplateBasedView@3dda489e
2018-10-17 01:48:53.931 [aurora.presentation.buildsession] [CONFIG] building view: <lov> -> aurora.presentation.TemplateBasedView@3dda489e
2018-10-17 01:48:53.931 [aurora.presentation.buildsession] [CONFIG] building view: <lov> -> aurora.presentation.TemplateBasedView@3dda489e
2018-10-17 01:48:53.931 [aurora.presentation.buildsession] [CONFIG] building view: <comboBox> -> aurora.presentation.TemplateBasedView@3dda489e
2018-10-17 01:48:53.931 [aurora.presentation.buildsession] [CONFIG] building view: <toolbarButton> -> aurora.presentation.TemplateBasedView@3dda489e
2018-10-17 01:48:53.931 [aurora.presentation.buildsession] [CONFIG] building view: <toolbarButton> -> aurora.presentation.TemplateBasedView@3dda489e
2018-10-17 01:48:53.932 [aurora.presentation.buildsession] [CONFIG] building view: <box> -> aurora.presentation.component.std.Box@3ad5530c
2018-10-17 01:48:53.932 [aurora.presentation.buildsession] [CONFIG] building view: <datePicker> -> aurora.presentation.TemplateBasedView@3dda489e
2018-10-17 01:48:53.932 [aurora.presentation.buildsession] [CONFIG] building view: <datePicker> -> aurora.presentation.TemplateBasedView@3dda489e
2018-10-17 01:48:53.932 [aurora.presentation.buildsession] [CONFIG] building view: <comboBox> -> aurora.presentation.TemplateBasedView@3dda489e
2018-10-17 01:48:53.932 [aurora.presentation.buildsession] [CONFIG] building view: <comboBox> -> aurora.presentation.TemplateBasedView@3dda489e
2018-10-17 01:48:53.932 [aurora.presentation.buildsession] [CONFIG] building view: <textField> -> aurora.presentation.TemplateBasedView@3dda489e
2018-10-17 01:48:53.932 [aurora.presentation.buildsession] [CONFIG] building view: <textField> -> aurora.presentation.TemplateBasedView@3dda489e
2018-10-17 01:48:53.932 [aurora.presentation.buildsession] [CONFIG] building view: <textField> -> aurora.presentation.TemplateBasedView@3dda489e
2018-10-17 01:48:53.933 [aurora.presentation.buildsession] [CONFIG] building view: <checkBox> -> aurora.presentation.TemplateBasedView@3dda489e
2018-10-17 01:48:53.933 [aurora.presentation.buildsession] [CONFIG] building view: <comboBox> -> aurora.presentation.TemplateBasedView@3dda489e
2018-10-17 01:48:53.933 [aurora.presentation.buildsession] [CONFIG] building view: <grid> -> aurora.presentation.TemplateBasedView@3dda489e
2018-10-17 01:48:53.933 [aurora.presentation.buildsession] [CONFIG] building view: <navBar> -> aurora.presentation.TemplateBasedView@3dda489e
2018-10-17 01:48:53.934 [aurora.presentation.buildsession] [CONFIG] building view: <button> -> aurora.presentation.TemplateBasedView@3dda489e
2018-10-17 01:48:53.934 [aurora.presentation.buildsession] [CONFIG] building view: <button> -> aurora.presentation.TemplateBasedView@3dda489e
2018-10-17 01:48:53.934 [aurora.presentation.buildsession] [CONFIG] building view: <separator> -> aurora.presentation.TemplateBasedView@3dda489e
2018-10-17 01:48:53.935 [aurora.presentation.buildsession] [CONFIG] building view: <div> -> aurora.presentation.DefaultViewBuilder@35f5c5a3
2018-10-17 01:48:53.935 [aurora.presentation.buildsession] [CONFIG] building view: <numberField> -> aurora.presentation.TemplateBasedView@3dda489e
2018-10-17 01:48:53.935 [aurora.presentation.buildsession] [CONFIG] building view: <div> -> aurora.presentation.DefaultViewBuilder@35f5c5a3
2018-10-17 01:48:53.935 [aurora.presentation.buildsession] [CONFIG] building view: <separator> -> aurora.presentation.TemplateBasedView@3dda489e
2018-10-17 01:48:53.935 [aurora.presentation.buildsession] [CONFIG] building view: <button> -> aurora.presentation.TemplateBasedView@3dda489e
2018-10-17 01:48:53.935 [aurora.presentation.buildsession] [CONFIG] building view: <button> -> aurora.presentation.TemplateBasedView@3dda489e
2018-10-17 01:48:53.935 [aurora.presentation.buildsession] [CONFIG] building view: <button> -> aurora.presentation.TemplateBasedView@3dda489e
2018-10-17 01:48:53.935 [aurora.presentation.buildsession] [CONFIG] building view: <separator> -> aurora.presentation.TemplateBasedView@3dda489e
2018-10-17 01:48:53.936 [aurora.presentation.buildsession] [CONFIG] building view: <div> -> aurora.presentation.DefaultViewBuilder@35f5c5a3
2018-10-17 01:48:53.936 [aurora.presentation.buildsession] [CONFIG] building view: <comboBox> -> aurora.presentation.TemplateBasedView@3dda489e
2018-10-17 01:48:53.936 [aurora.presentation.buildsession] [CONFIG] building view: <div> -> aurora.presentation.DefaultViewBuilder@35f5c5a3
2018-10-17 01:48:53.936 [aurora.presentation.buildsession] [CONFIG] building view: <separator> -> aurora.presentation.TemplateBasedView@3dda489e
2018-10-17 01:48:53.936 [aurora.presentation.buildsession] [CONFIG] building view: <div> -> aurora.presentation.DefaultViewBuilder@35f5c5a3
2018-10-17 01:48:53.937 [aurora.presentation.buildsession] [CONFIG] building view: <grid> -> aurora.presentation.TemplateBasedView@3dda489e
2018-10-17 01:48:53.937 [aurora.presentation.buildsession] [CONFIG] building view: <navBar> -> aurora.presentation.TemplateBasedView@3dda489e
2018-10-17 01:48:53.938 [aurora.presentation.buildsession] [CONFIG] building view: <button> -> aurora.presentation.TemplateBasedView@3dda489e
2018-10-17 01:48:53.938 [aurora.presentation.buildsession] [CONFIG] building view: <button> -> aurora.presentation.TemplateBasedView@3dda489e
2018-10-17 01:48:53.938 [aurora.presentation.buildsession] [CONFIG] building view: <separator> -> aurora.presentation.TemplateBasedView@3dda489e
2018-10-17 01:48:53.938 [aurora.presentation.buildsession] [CONFIG] building view: <div> -> aurora.presentation.DefaultViewBuilder@35f5c5a3
2018-10-17 01:48:53.938 [aurora.presentation.buildsession] [CONFIG] building view: <numberField> -> aurora.presentation.TemplateBasedView@3dda489e
2018-10-17 01:48:53.938 [aurora.presentation.buildsession] [CONFIG] building view: <div> -> aurora.presentation.DefaultViewBuilder@35f5c5a3
2018-10-17 01:48:53.938 [aurora.presentation.buildsession] [CONFIG] building view: <separator> -> aurora.presentation.TemplateBasedView@3dda489e
2018-10-17 01:48:53.938 [aurora.presentation.buildsession] [CONFIG] building view: <button> -> aurora.presentation.TemplateBasedView@3dda489e
2018-10-17 01:48:53.939 [aurora.presentation.buildsession] [CONFIG] building view: <button> -> aurora.presentation.TemplateBasedView@3dda489e
2018-10-17 01:48:53.939 [aurora.presentation.buildsession] [CONFIG] building view: <button> -> aurora.presentation.TemplateBasedView@3dda489e
2018-10-17 01:48:53.939 [aurora.presentation.buildsession] [CONFIG] building view: <separator> -> aurora.presentation.TemplateBasedView@3dda489e
2018-10-17 01:48:53.939 [aurora.presentation.buildsession] [CONFIG] building view: <div> -> aurora.presentation.DefaultViewBuilder@35f5c5a3
2018-10-17 01:48:53.939 [aurora.presentation.buildsession] [CONFIG] building view: <comboBox> -> aurora.presentation.TemplateBasedView@3dda489e
2018-10-17 01:48:53.939 [aurora.presentation.buildsession] [CONFIG] building view: <div> -> aurora.presentation.DefaultViewBuilder@35f5c5a3
2018-10-17 01:48:53.939 [aurora.presentation.buildsession] [CONFIG] building view: <separator> -> aurora.presentation.TemplateBasedView@3dda489e
2018-10-17 01:48:53.939 [aurora.presentation.buildsession] [CONFIG] building view: <div> -> aurora.presentation.DefaultViewBuilder@35f5c5a3
2018-10-17 01:48:53.940 [aurora.presentation.buildsession] [CONFIG] building view: <script> -> aurora.presentation.DefaultViewBuilder@35f5c5a3
2018-10-17 01:48:53.940 [aurora.presentation.buildsession] [CONFIG] End build session
