2018-10-15 03:25:50.742 [aurora.application.session_check] [CONFIG] Session data copied to context
2018-10-15 03:25:50.743 [aurora.application.session_check] [CONFIG] Access check result for modules/cont/public/con_contract_headers_addfirst_save.svc => success
2018-10-15 03:25:50.743 [uncertain.proc] [CONFIG] [action] AccessCheck
2018-10-15 03:25:50.745 [uncertain.proc] [CONFIG] [action] CheckServiceLock
2018-10-15 03:25:50.745 [uncertain.proc] [CONFIG] [action] ParseParameter
2018-10-15 03:25:50.745 [uncertain.proc] [CONFIG] [action] ValidateInput
2018-10-15 03:25:50.745 [uncertain.proc] [CONFIG] [action] InvokeService
2018-10-15 03:25:50.745 [aurora.database] [CONFIG] Running batch-apply with data from path /parameter, total 1 records
2018-10-15 03:25:50.745 [aurora.database] [CONFIG] Executing batch-apply on parameter No.0
2018-10-15 03:25:50.747 [uncertain.proc] [CONFIG] [action] DecideStatement
2018-10-15 03:25:50.748 [uncertain.proc] [CONFIG] [action] DecideSqlGenerationMode
2018-10-15 03:25:50.748 [uncertain.proc] [FINE] aurora.database.service.BusinessModelService.onDecideSqlGenerationMode
2018-10-15 03:25:50.748 [uncertain.proc] [CONFIG] [action] CreateOperationSql
2018-10-15 03:25:50.748 [uncertain.proc] [CONFIG] [action] PopulateOperationSql
2018-10-15 03:25:50.748 [uncertain.proc] [FINE] aurora.database.features.OrderByClauseCreator.onPopulateOperationSql
2018-10-15 03:25:50.748 [uncertain.proc] [FINE] aurora.database.features.WhereClauseCreator.onPopulateOperationSql
2018-10-15 03:25:50.748 [uncertain.proc] [CONFIG] [action] CreateSqlRunner
2018-10-15 03:25:50.748 [uncertain.proc] [FINE] aurora.database.service.BusinessModelService.onCreateSqlRunner
2018-10-15 03:25:50.749 [uncertain.proc] [CONFIG] [action] ExecuteDmlStatement
2018-10-15 03:25:50.749 [uncertain.proc] [FINE] aurora.database.service.BusinessModelService.onExecuteDmlStatement
2018-10-15 03:25:50.794 [aurora.database] [CONFIG] 
============= BEGIN [Insert] SQL Statement execution dump ============

            begin
				con_contract_maintenance_pkg.insert_con_contract_headers
			(
	            p_contract_header_id=> ?,  
				p_company_id        => ?,  
				p_contract_type_id  => ?,  
				p_document_number   => ?,  
				p_document_desc     => ?,  
				p_document_date     => to_date(?,'yyyy-mm-dd'),
				p_start_date        => to_date(?,'yyyy-mm-dd'),
				p_end_date          => to_date(?,'yyyy-mm-dd'),  
				p_currency_code     => ?,  
				p_amount            => ?,  
				p_unit_id           => ?,  
				p_employee_id       => ?,  
				p_payment_method    => ?,  
				p_payment_term_id   => ?,  
				p_partner_category  => ?,  
				p_partner_id        => ?,  
				p_version_number    => ?,  
				p_version_desc      => ?,  
				p_note              => ?,  
				p_project_id        => ?,  
				p_user_id           => ?,
				p_ass_contract      => ?,
				p_contract_id       => ?
			   );	
			end;               
			
---------------------Binding info---------------------
No.1	Access path:@contract_header_id	Data type of passed value :[null]	Value:null	Output:true	Database Type:null	
No.2	Access path:/session/@company_id	Data type of passed value :java.lang.String	Value:2240	Output:false	Database Type:null	
No.3	Access path:@contract_type_id	Data type of passed value :java.lang.String	Value:31	Output:false	Database Type:null	
No.4	Access path:@document_number	Data type of passed value :[null]	Value:null	Output:false	Database Type:null	
No.5	Access path:@document_desc	Data type of passed value :java.lang.String	Value:1	Output:false	Database Type:null	
No.6	Access path:@document_date	Data type of passed value :java.lang.String	Value:2018-10-15	Output:false	Database Type:null	
No.7	Access path:@start_date	Data type of passed value :java.lang.String	Value:2018-10-15	Output:false	Database Type:null	
No.8	Access path:@end_date	Data type of passed value :[null]	Value:null	Output:false	Database Type:null	
No.9	Access path:@currency_code	Data type of passed value :java.lang.String	Value:CNY	Output:false	Database Type:null	
No.10	Access path:@amount	Data type of passed value :java.lang.String	Value:1	Output:false	Database Type:null	
No.11	Access path:@unit_id	Data type of passed value :java.lang.String	Value:108	Output:false	Database Type:null	
No.12	Access path:@employee_id	Data type of passed value :java.lang.String	Value:910	Output:false	Database Type:null	
No.13	Access path:@payment_method	Data type of passed value :[null]	Value:null	Output:false	Database Type:null	
No.14	Access path:@payment_term_id	Data type of passed value :[null]	Value:null	Output:false	Database Type:null	
No.15	Access path:@partner_category	Data type of passed value :java.lang.String	Value:EMPLOYEE	Output:false	Database Type:null	
No.16	Access path:@partner_id	Data type of passed value :java.lang.String	Value:896	Output:false	Database Type:null	
No.17	Access path:@version_number	Data type of passed value :java.lang.String	Value:1	Output:false	Database Type:null	
No.18	Access path:@version_desc	Data type of passed value :[null]	Value:null	Output:false	Database Type:null	
No.19	Access path:@note	Data type of passed value :[null]	Value:null	Output:false	Database Type:null	
No.20	Access path:@project_id	Data type of passed value :[null]	Value:null	Output:false	Database Type:null	
No.21	Access path:/session/@user_id	Data type of passed value :java.lang.Long	Value:891	Output:false	Database Type:null	
No.22	Access path:@ass_contract	Data type of passed value :[null]	Value:null	Output:false	Database Type:null	
No.23	Access path:@contract_id	Data type of passed value :java.lang.Integer	Value:1	Output:false	Database Type:null	

=============== END [Insert] SQL Statement execution dump ============

2018-10-15 03:25:50.794 [uncertain.proc] [CONFIG] [action] CreateSuccessResponse
