2018-10-15 03:25:51.431 [aurora.application.session_check] [CONFIG] Session data copied to context
2018-10-15 03:25:51.432 [aurora.application.session_check] [CONFIG] Access check result for modules/cont/public/con_contract_headers_add_partner_tab.screen => success
2018-10-15 03:25:51.432 [uncertain.proc] [CONFIG] [action] AccessCheck
2018-10-15 03:25:51.435 [uncertain.proc] [CONFIG] [action] InitService
2018-10-15 03:25:51.435 [uncertain.proc] [CONFIG] [action] ParseParameter
2018-10-15 03:25:51.435 [uncertain.proc] [CONFIG] [action] CreateModel
2018-10-15 03:25:51.435 [aurora.database] [CONFIG] ===================================== prepare to run model-query expm.exp_employee_accounts==============================
2018-10-15 03:25:51.438 [uncertain.proc] [CONFIG] [action] DecideSqlGenerationMode
2018-10-15 03:25:51.439 [uncertain.proc] [FINE] aurora.database.service.BusinessModelService.onDecideSqlGenerationMode
2018-10-15 03:25:51.439 [uncertain.proc] [CONFIG] [action] CreatequeryStatement
2018-10-15 03:25:51.439 [uncertain.proc] [FINE] aurora.bm.QuerySqlCreator.onCreateQueryStatement
2018-10-15 03:25:51.439 [uncertain.proc] [CONFIG] [action] PopulatequeryStatement
2018-10-15 03:25:51.439 [uncertain.proc] [FINE] aurora.database.features.OrderByClauseCreator.onPopulateQueryStatement
2018-10-15 03:25:51.439 [uncertain.proc] [FINE] aurora.database.features.WhereClauseCreator.onPopulateQueryStatement
2018-10-15 03:25:51.439 [uncertain.proc] [CONFIG] [action] CreatequerySql
2018-10-15 03:25:51.439 [uncertain.proc] [FINE] aurora.bm.QuerySqlCreator.onCreateQuerySql
2018-10-15 03:25:51.439 [uncertain.proc] [CONFIG] [action] ExecuteQuery
2018-10-15 03:25:51.439 [uncertain.proc] [FINE] aurora.bm.QuerySqlCreator.onExecuteQuery
2018-10-15 03:25:51.439 [uncertain.proc] [CONFIG] [action] QueryFinish
2018-10-15 03:25:51.439 [uncertain.proc] [FINE] aurora.database.features.AutoQueryCounter.onQueryFinish
2018-10-15 03:25:51.439 [uncertain.proc] [CONFIG] [action] FetchResultSet
2018-10-15 03:25:51.439 [uncertain.proc] [FINE] aurora.database.features.CacheBasedLookUpField.postFetchResultSet
2018-10-15 03:25:51.439 [aurora.database] [CONFIG] 
============= BEGIN [query] SQL Statement execution dump ============
SELECT t1.EMPLOYEE_ID,t1.LINE_NUMBER,t1.BANK_CODE,t1.BANK_LOCATION_CODE,t1.PROVINCE_CODE,t1.PROVINCE_NAME,t1.CITY_CODE,t1.CITY_NAME,t1.ACCOUNT_NUMBER,t1.ACCOUNT_NAME,t1.NOTES,t1.PRIMARY_FLAG,t1.ENABLED_FLAG,t1.BANK_NAME,t1.BANK_LOCATION,t1.sparticipantbankno,(substr(t1.account_number, 0, 4) || '***' || substr(t1.account_number,-4,4) ) AS account_number_ext
FROM EXP_EMPLOYEE_ACCOUNTS t1
WHERE t1.enabled_flag='Y' AND t1.employee_id = nvl(?,?) AND primary_flag = 'Y'
---------------------Binding info---------------------
No.1	Access path:@employee_id	Data type of passed value :[null]	Value:null	Output:false	Database Type:null	
No.2	Access path:/parameter/@partner_id	Data type of passed value :java.lang.String	Value:896	Output:false	Database Type:null	

=============== END [query] SQL Statement execution dump ============

2018-10-15 03:25:51.439 [aurora.database] [CONFIG] ===================================== prepare to run model-query expm.pur_vender_accounts==============================
2018-10-15 03:25:51.442 [uncertain.proc] [CONFIG] [action] DecideSqlGenerationMode
2018-10-15 03:25:51.443 [uncertain.proc] [FINE] aurora.database.service.BusinessModelService.onDecideSqlGenerationMode
2018-10-15 03:25:51.443 [uncertain.proc] [CONFIG] [action] CreatequeryStatement
2018-10-15 03:25:51.443 [uncertain.proc] [FINE] aurora.bm.QuerySqlCreator.onCreateQueryStatement
2018-10-15 03:25:51.443 [uncertain.proc] [CONFIG] [action] PopulatequeryStatement
2018-10-15 03:25:51.443 [uncertain.proc] [FINE] aurora.database.features.OrderByClauseCreator.onPopulateQueryStatement
2018-10-15 03:25:51.443 [uncertain.proc] [FINE] aurora.database.features.WhereClauseCreator.onPopulateQueryStatement
2018-10-15 03:25:51.443 [uncertain.proc] [CONFIG] [action] CreatequerySql
2018-10-15 03:25:51.443 [uncertain.proc] [FINE] aurora.bm.QuerySqlCreator.onCreateQuerySql
2018-10-15 03:25:51.443 [uncertain.proc] [CONFIG] [action] ExecuteQuery
2018-10-15 03:25:51.443 [uncertain.proc] [FINE] aurora.bm.QuerySqlCreator.onExecuteQuery
2018-10-15 03:25:51.443 [uncertain.proc] [CONFIG] [action] QueryFinish
2018-10-15 03:25:51.443 [uncertain.proc] [FINE] aurora.database.features.AutoQueryCounter.onQueryFinish
2018-10-15 03:25:51.443 [uncertain.proc] [CONFIG] [action] FetchResultSet
2018-10-15 03:25:51.443 [uncertain.proc] [FINE] aurora.database.features.CacheBasedLookUpField.postFetchResultSet
2018-10-15 03:25:51.443 [aurora.database] [CONFIG] 
============= BEGIN [query] SQL Statement execution dump ============
SELECT t1.VENDER_ID,t1.LINE_NUMBER,t1.BANK_CODE,t1.BANK_LOCATION_CODE,t1.PROVINCE_CODE,t1.PROVINCE_NAME,t1.CITY_CODE,t1.CITY_NAME,t1.ACCOUNT_NAME,t1.ACCOUNT_NUMBER,t1.NOTES,t1.PRIMARY_FLAG,t1.ENABLED_FLAG,t1.BANK_LOCATION,t1.BANK_NAME,t1.sparticipantbankno,t1.account_number AS account_number_ext,t1.account_number AS s_bank_account_num
FROM PUR_VENDER_ACCOUNTS t1
WHERE t1.enabled_flag='Y' AND t1.vender_id = nvl(?,?) AND primary_flag = 'Y'
---------------------Binding info---------------------
No.1	Access path:@vender_id	Data type of passed value :[null]	Value:null	Output:false	Database Type:null	
No.2	Access path:/parameter/@partner_id	Data type of passed value :java.lang.String	Value:896	Output:false	Database Type:null	

=============== END [query] SQL Statement execution dump ============

2018-10-15 03:25:51.443 [uncertain.proc] [CONFIG] [action] CreateView
2018-10-15 03:25:51.443 [uncertain.proc] [CONFIG] [action] BuildOutputContent
2018-10-15 03:25:51.444 [aurora.presentation.buildsession] [CONFIG] Start build session
2018-10-15 03:25:51.444 [aurora.presentation.buildsession] [CONFIG] building view: <html-page> -> aurora.presentation.component.HtmlPage@6f050fa7
2018-10-15 03:25:51.444 [aurora.presentation.buildsession] [CONFIG] building view: <link> -> aurora.presentation.TemplateBasedView@3dda489e
2018-10-15 03:25:51.444 [aurora.presentation.buildsession] [CONFIG] building view: <script> -> aurora.presentation.DefaultViewBuilder@35f5c5a3
2018-10-15 03:25:51.445 [aurora.presentation.buildsession] [CONFIG] building view: <dataSets> -> aurora.application.features.DataSetInit@6c8c8923
2018-10-15 03:25:51.445 [aurora.presentation.buildsession] [CONFIG] building view: <dataSet> -> aurora.presentation.TemplateBasedView@3dda489e
2018-10-15 03:25:51.446 [aurora.presentation.buildsession] [CONFIG] building view: <grid> -> aurora.presentation.TemplateBasedView@3dda489e
2018-10-15 03:25:51.446 [aurora.presentation.buildsession] [CONFIG] building view: <toolBar> -> aurora.presentation.TemplateBasedView@3dda489e
2018-10-15 03:25:51.446 [aurora.presentation.buildsession] [CONFIG] building view: <button> -> aurora.presentation.TemplateBasedView@3dda489e
2018-10-15 03:25:51.446 [aurora.presentation.buildsession] [CONFIG] building view: <button> -> aurora.presentation.TemplateBasedView@3dda489e
2018-10-15 03:25:51.446 [aurora.presentation.buildsession] [CONFIG] building view: <button> -> aurora.presentation.TemplateBasedView@3dda489e
2018-10-15 03:25:51.447 [aurora.presentation.buildsession] [CONFIG] building view: <button> -> aurora.presentation.TemplateBasedView@3dda489e
2018-10-15 03:25:51.447 [aurora.presentation.buildsession] [CONFIG] building view: <comboBox> -> aurora.presentation.TemplateBasedView@3dda489e
2018-10-15 03:25:51.447 [aurora.presentation.buildsession] [CONFIG] building view: <lov> -> aurora.presentation.TemplateBasedView@3dda489e
2018-10-15 03:25:51.447 [aurora.presentation.buildsession] [CONFIG] building view: <textField> -> aurora.presentation.TemplateBasedView@3dda489e
2018-10-15 03:25:51.448 [aurora.presentation.buildsession] [CONFIG] building view: <textField> -> aurora.presentation.TemplateBasedView@3dda489e
2018-10-15 03:25:51.448 [aurora.presentation.buildsession] [CONFIG] building view: <textField> -> aurora.presentation.TemplateBasedView@3dda489e
2018-10-15 03:25:51.448 [aurora.presentation.buildsession] [CONFIG] building view: <lov> -> aurora.presentation.TemplateBasedView@3dda489e
2018-10-15 03:25:51.448 [aurora.presentation.buildsession] [CONFIG] End build session
