2018-10-11 01:11:18.997 [aurora.application.session_check] [CONFIG] Session data copied to context
2018-10-11 01:11:18.997 [aurora.application.session_check] [CONFIG] Access check result for modules/sys/SYS8210/sys_user_edit.screen => success
2018-10-11 01:11:18.997 [uncertain.proc] [CONFIG] [action] AccessCheck
2018-10-11 01:11:19.4 [uncertain.proc] [CONFIG] [action] InitService
2018-10-11 01:11:19.4 [uncertain.proc] [CONFIG] [action] ParseParameter
2018-10-11 01:11:19.4 [uncertain.proc] [CONFIG] [action] CreateModel
2018-10-11 01:11:19.4 [aurora.database] [CONFIG] ===================================== prepare to run model-query sys.sys_user==============================
2018-10-11 01:11:19.12 [uncertain.proc] [CONFIG] [action] DecideSqlGenerationMode
2018-10-11 01:11:19.12 [uncertain.proc] [FINE] aurora.database.service.BusinessModelService.onDecideSqlGenerationMode
2018-10-11 01:11:19.12 [uncertain.proc] [CONFIG] [action] CreatequeryStatement
2018-10-11 01:11:19.12 [uncertain.proc] [FINE] aurora.bm.QuerySqlCreator.onCreateQueryStatement
2018-10-11 01:11:19.20 [uncertain.proc] [CONFIG] [action] PopulatequeryStatement
2018-10-11 01:11:19.20 [uncertain.proc] [FINE] aurora.database.features.OrderByClauseCreator.onPopulateQueryStatement
2018-10-11 01:11:19.20 [uncertain.proc] [FINE] aurora.database.features.WhereClauseCreator.onPopulateQueryStatement
2018-10-11 01:11:19.20 [uncertain.proc] [CONFIG] [action] CreatequerySql
2018-10-11 01:11:19.20 [uncertain.proc] [FINE] aurora.bm.QuerySqlCreator.onCreateQuerySql
2018-10-11 01:11:19.20 [uncertain.proc] [CONFIG] [action] ExecuteQuery
2018-10-11 01:11:19.20 [uncertain.proc] [FINE] aurora.bm.QuerySqlCreator.onExecuteQuery
2018-10-11 01:11:19.28 [uncertain.proc] [CONFIG] [action] QueryFinish
2018-10-11 01:11:19.28 [uncertain.proc] [FINE] aurora.database.features.AutoQueryCounter.onQueryFinish
2018-10-11 01:11:19.28 [uncertain.proc] [CONFIG] [action] FetchResultSet
2018-10-11 01:11:19.28 [uncertain.proc] [FINE] aurora.database.features.CacheBasedLookUpField.postFetchResultSet
2018-10-11 01:11:19.32 [aurora.database] [CONFIG] 
============= BEGIN [query] SQL Statement execution dump ============
SELECT fc.user_id,fc.user_name,fc.encrypted_foundation_password,fc.encrypted_user_password,fc.start_date,fc.end_date,fc.last_logon_date,fc.description,fc.password_lifespan_days,fc.password_lifespan_access,fc.employee_id,fc.frozen_flag,decode(fc.frozen_flag,'Y','已冻结','N','未冻结') AS frozen_flag_display,fc.frozen_date,fc.password_start_date,fc.menu_type,emp.EMPLOYEE_CODE,emp.NAME AS emp_name
FROM sys_user fc
	LEFT OUTER JOIN EXP_EMPLOYEES emp ON fc.employee_id = emp.EMPLOYEE_ID
WHERE fc.user_id = ?
---------------------Binding info---------------------
No.1	Access path:@user_id	Data type of passed value :java.lang.Long	Value:290	Output:false	Database Type:null	

=============== END [query] SQL Statement execution dump ============

2018-10-11 01:11:19.32 [uncertain.proc] [CONFIG] [action] CreateView
2018-10-11 01:11:19.32 [uncertain.proc] [CONFIG] [action] BuildOutputContent
2018-10-11 01:11:19.32 [aurora.presentation.buildsession] [CONFIG] Start build session
2018-10-11 01:11:19.32 [aurora.presentation.buildsession] [CONFIG] building view: <html-page> -> aurora.presentation.component.HtmlPage@420dd613
2018-10-11 01:11:19.33 [aurora.presentation.buildsession] [CONFIG] building view: <script> -> aurora.presentation.DefaultViewBuilder@35f5c5a3
2018-10-11 01:11:19.33 [aurora.presentation.buildsession] [CONFIG] building view: <dataSets> -> aurora.application.features.DataSetInit@24b14b46
2018-10-11 01:11:19.34 [aurora.presentation.buildsession] [CONFIG] building view: <dataSet> -> aurora.presentation.TemplateBasedView@3dda489e
2018-10-11 01:11:19.54 [aurora.presentation.buildsession] [CONFIG] building view: <screenBody> -> aurora.presentation.component.std.ScreenBody@2adad0b0
2018-10-11 01:11:19.54 [aurora.presentation.buildsession] [CONFIG] building view: <screenTopToolbar> -> aurora.presentation.component.std.ScreenTopToolbar@1758f6f6
2018-10-11 01:11:19.54 [aurora.presentation.buildsession] [CONFIG] building view: <screenTitle> -> aurora.presentation.component.std.ScreenTitle@3b490740
2018-10-11 01:11:19.59 [uncertain.proc] [CONFIG] [action] DecideSqlGenerationMode
2018-10-11 01:11:19.59 [uncertain.proc] [FINE] aurora.database.service.BusinessModelService.onDecideSqlGenerationMode
2018-10-11 01:11:19.59 [uncertain.proc] [CONFIG] [action] CreatequeryStatement
2018-10-11 01:11:19.59 [uncertain.proc] [FINE] aurora.bm.QuerySqlCreator.onCreateQueryStatement
2018-10-11 01:11:19.59 [uncertain.proc] [CONFIG] [action] PopulatequeryStatement
2018-10-11 01:11:19.59 [uncertain.proc] [FINE] aurora.database.features.OrderByClauseCreator.onPopulateQueryStatement
2018-10-11 01:11:19.59 [uncertain.proc] [FINE] aurora.database.features.WhereClauseCreator.onPopulateQueryStatement
2018-10-11 01:11:19.59 [uncertain.proc] [CONFIG] [action] CreatequerySql
2018-10-11 01:11:19.59 [uncertain.proc] [FINE] aurora.bm.QuerySqlCreator.onCreateQuerySql
2018-10-11 01:11:19.59 [uncertain.proc] [CONFIG] [action] ExecuteQuery
2018-10-11 01:11:19.59 [uncertain.proc] [FINE] aurora.bm.QuerySqlCreator.onExecuteQuery
2018-10-11 01:11:19.60 [uncertain.proc] [CONFIG] [action] QueryFinish
2018-10-11 01:11:19.60 [uncertain.proc] [FINE] aurora.database.features.AutoQueryCounter.onQueryFinish
2018-10-11 01:11:19.61 [uncertain.proc] [CONFIG] [action] FetchResultSet
2018-10-11 01:11:19.61 [uncertain.proc] [FINE] aurora.database.features.CacheBasedLookUpField.postFetchResultSet
2018-10-11 01:11:19.61 [aurora.database] [CONFIG] 
============= BEGIN [query] SQL Statement execution dump ============
SELECT f.service_id,f.service_name,f.is_entry_page,f.is_access_checked,f.is_login_required,f.is_system_access,? AS language,(select d.description_text from fnd_descriptions d where d.description_id = f.title_id and d.language = ?) AS title,f.title_id,f.weixin_flag
FROM sys_service f
WHERE f.service_name = ?
ORDER BY service_name
---------------------Binding info---------------------
No.1	Access path:/session/@lang	Data type of passed value :java.lang.String	Value:ZHS	Output:false	Database Type:null	
No.2	Access path:/session/@lang	Data type of passed value :java.lang.String	Value:ZHS	Output:false	Database Type:null	
No.3	Access path:@service_name	Data type of passed value :java.lang.String	Value:modules/sys/SYS8210/sys_user_edit.screen	Output:false	Database Type:null	

=============== END [query] SQL Statement execution dump ============

2018-10-11 01:11:19.61 [aurora.presentation.buildsession] [CONFIG] building view: <toolbarButton> -> aurora.presentation.TemplateBasedView@3dda489e
2018-10-11 01:11:19.61 [aurora.presentation.buildsession] [CONFIG] building view: <toolbarButton> -> aurora.presentation.TemplateBasedView@3dda489e
2018-10-11 01:11:19.61 [aurora.presentation.buildsession] [CONFIG] building view: <fieldSet> -> aurora.presentation.component.std.FieldSet@55be95d0
2018-10-11 01:11:19.62 [aurora.presentation.buildsession] [CONFIG] building view: <vBox> -> aurora.presentation.component.std.VBox@7d69b2de
2018-10-11 01:11:19.62 [aurora.presentation.buildsession] [CONFIG] building view: <textField> -> aurora.presentation.TemplateBasedView@3dda489e
2018-10-11 01:11:19.62 [aurora.presentation.buildsession] [CONFIG] building view: <datePicker> -> aurora.presentation.TemplateBasedView@3dda489e
2018-10-11 01:11:19.62 [aurora.presentation.buildsession] [CONFIG] building view: <lov> -> aurora.presentation.TemplateBasedView@3dda489e
2018-10-11 01:11:19.62 [aurora.presentation.buildsession] [CONFIG] building view: <hBox> -> aurora.presentation.component.std.HBox@4454f569
2018-10-11 01:11:19.62 [aurora.presentation.buildsession] [CONFIG] building view: <radio> -> aurora.presentation.TemplateBasedView@3dda489e
2018-10-11 01:11:19.113 [aurora.presentation.buildsession] [CONFIG] building view: <vBox> -> aurora.presentation.component.std.VBox@29ac923f
2018-10-11 01:11:19.113 [aurora.presentation.buildsession] [CONFIG] building view: <numberField> -> aurora.presentation.TemplateBasedView@3dda489e
2018-10-11 01:11:19.113 [aurora.presentation.buildsession] [CONFIG] building view: <numberField> -> aurora.presentation.TemplateBasedView@3dda489e
2018-10-11 01:11:19.113 [aurora.presentation.buildsession] [CONFIG] building view: <vBox> -> aurora.presentation.component.std.VBox@4a30d5de
2018-10-11 01:11:19.113 [aurora.presentation.buildsession] [CONFIG] building view: <textField> -> aurora.presentation.TemplateBasedView@3dda489e
2018-10-11 01:11:19.114 [aurora.presentation.buildsession] [CONFIG] building view: <datePicker> -> aurora.presentation.TemplateBasedView@3dda489e
2018-10-11 01:11:19.114 [aurora.presentation.buildsession] [CONFIG] building view: <textField> -> aurora.presentation.TemplateBasedView@3dda489e
2018-10-11 01:11:19.114 [aurora.presentation.buildsession] [CONFIG] building view: <checkBox> -> aurora.presentation.TemplateBasedView@3dda489e
2018-10-11 01:11:19.114 [aurora.presentation.buildsession] [CONFIG] building view: <datePicker> -> aurora.presentation.TemplateBasedView@3dda489e
2018-10-11 01:11:19.115 [aurora.presentation.buildsession] [CONFIG] building view: <script> -> aurora.presentation.DefaultViewBuilder@35f5c5a3
2018-10-11 01:11:19.115 [aurora.presentation.buildsession] [CONFIG] End build session
