2018-10-12 07:10:42.341 [aurora.application.session_check] [CONFIG] Session data copied to context
2018-10-12 07:10:42.342 [aurora.application.session_check] [CONFIG] Access check result for modules/sys/SYS8210/sys_user.screen => success
2018-10-12 07:10:42.342 [uncertain.proc] [CONFIG] [action] AccessCheck
2018-10-12 07:10:42.349 [uncertain.proc] [CONFIG] [action] InitService
2018-10-12 07:10:42.350 [uncertain.proc] [CONFIG] [action] ParseParameter
2018-10-12 07:10:42.350 [uncertain.proc] [CONFIG] [action] CreateModel
2018-10-12 07:10:42.350 [uncertain.proc] [CONFIG] [action] CreateView
2018-10-12 07:10:42.350 [uncertain.proc] [CONFIG] [action] BuildOutputContent
2018-10-12 07:10:42.350 [aurora.presentation.buildsession] [CONFIG] Start build session
2018-10-12 07:10:42.350 [aurora.presentation.buildsession] [CONFIG] building view: <html-page> -> aurora.presentation.component.HtmlPage@17ce7fbe
2018-10-12 07:10:42.357 [aurora.presentation.buildsession] [CONFIG] building view: <link> -> aurora.presentation.TemplateBasedView@3dda489e
2018-10-12 07:10:42.358 [aurora.presentation.buildsession] [CONFIG] building view: <link> -> aurora.presentation.TemplateBasedView@3dda489e
2018-10-12 07:10:42.359 [aurora.presentation.buildsession] [CONFIG] building view: <link> -> aurora.presentation.TemplateBasedView@3dda489e
2018-10-12 07:10:42.359 [aurora.presentation.buildsession] [CONFIG] building view: <link> -> aurora.presentation.TemplateBasedView@3dda489e
2018-10-12 07:10:42.359 [aurora.presentation.buildsession] [CONFIG] building view: <script> -> aurora.presentation.DefaultViewBuilder@35f5c5a3
2018-10-12 07:10:42.359 [aurora.presentation.buildsession] [CONFIG] building view: <dataSets> -> aurora.application.features.DataSetInit@17620c88
2018-10-12 07:10:42.359 [aurora.presentation.buildsession] [CONFIG] building view: <dataSet> -> aurora.presentation.TemplateBasedView@3dda489e
2018-10-12 07:10:42.359 [aurora.presentation.buildsession] [CONFIG] building view: <dataSet> -> aurora.presentation.TemplateBasedView@3dda489e
2018-10-12 07:10:42.361 [aurora.presentation.buildsession] [CONFIG] building view: <dataSet> -> aurora.presentation.TemplateBasedView@3dda489e
2018-10-12 07:10:42.363 [aurora.presentation.buildsession] [CONFIG] building view: <screenBody> -> aurora.presentation.component.std.ScreenBody@2ea35aa2
2018-10-12 07:10:42.363 [aurora.presentation.buildsession] [CONFIG] building view: <screenTopToolbar> -> aurora.presentation.component.std.ScreenTopToolbar@4d87df3c
2018-10-12 07:10:42.363 [aurora.presentation.buildsession] [CONFIG] building view: <screenTitle> -> aurora.presentation.component.std.ScreenTitle@29d06abd
2018-10-12 07:10:42.386 [uncertain.proc] [CONFIG] [action] DecideSqlGenerationMode
2018-10-12 07:10:42.386 [uncertain.proc] [FINE] aurora.database.service.BusinessModelService.onDecideSqlGenerationMode
2018-10-12 07:10:42.386 [uncertain.proc] [CONFIG] [action] CreatequeryStatement
2018-10-12 07:10:42.386 [uncertain.proc] [FINE] aurora.bm.QuerySqlCreator.onCreateQueryStatement
2018-10-12 07:10:42.386 [uncertain.proc] [CONFIG] [action] PopulatequeryStatement
2018-10-12 07:10:42.386 [uncertain.proc] [FINE] aurora.database.features.OrderByClauseCreator.onPopulateQueryStatement
2018-10-12 07:10:42.386 [uncertain.proc] [FINE] aurora.database.features.WhereClauseCreator.onPopulateQueryStatement
2018-10-12 07:10:42.386 [uncertain.proc] [CONFIG] [action] CreatequerySql
2018-10-12 07:10:42.386 [uncertain.proc] [FINE] aurora.bm.QuerySqlCreator.onCreateQuerySql
2018-10-12 07:10:42.386 [uncertain.proc] [CONFIG] [action] ExecuteQuery
2018-10-12 07:10:42.386 [uncertain.proc] [FINE] aurora.bm.QuerySqlCreator.onExecuteQuery
2018-10-12 07:10:42.387 [uncertain.proc] [CONFIG] [action] QueryFinish
2018-10-12 07:10:42.387 [uncertain.proc] [FINE] aurora.database.features.AutoQueryCounter.onQueryFinish
2018-10-12 07:10:42.387 [uncertain.proc] [CONFIG] [action] FetchResultSet
2018-10-12 07:10:42.387 [uncertain.proc] [FINE] aurora.database.features.CacheBasedLookUpField.postFetchResultSet
2018-10-12 07:10:42.387 [aurora.database] [CONFIG] 
============= BEGIN [query] SQL Statement execution dump ============
SELECT f.service_id,f.service_name,f.is_entry_page,f.is_access_checked,f.is_login_required,f.is_system_access,? AS language,(select d.description_text from fnd_descriptions d where d.description_id = f.title_id and d.language = ?) AS title,f.title_id,f.weixin_flag
FROM sys_service f
WHERE f.service_name = ?
ORDER BY service_name
---------------------Binding info---------------------
No.1	Access path:/session/@lang	Data type of passed value :java.lang.String	Value:ZHS	Output:false	Database Type:null	
No.2	Access path:/session/@lang	Data type of passed value :java.lang.String	Value:ZHS	Output:false	Database Type:null	
No.3	Access path:@service_name	Data type of passed value :java.lang.String	Value:modules/sys/SYS8210/sys_user.screen	Output:false	Database Type:null	

=============== END [query] SQL Statement execution dump ============

2018-10-12 07:10:42.387 [aurora.presentation.buildsession] [CONFIG] building view: <toolbarButton> -> aurora.presentation.TemplateBasedView@3dda489e
2018-10-12 07:10:42.387 [aurora.presentation.buildsession] [CONFIG] building view: <toolbarButton> -> aurora.presentation.TemplateBasedView@3dda489e
2018-10-12 07:10:42.388 [aurora.presentation.buildsession] [CONFIG] building view: <gridButton> -> aurora.presentation.TemplateBasedView@3dda489e
2018-10-12 07:10:42.388 [aurora.presentation.buildsession] [CONFIG] building view: <queryForm> -> aurora.presentation.component.std.QueryForm@1ef3f5ff
2018-10-12 07:10:42.388 [aurora.presentation.buildsession] [CONFIG] building view: <hBox> -> aurora.presentation.component.std.HBox@1e60e00e
2018-10-12 07:10:42.389 [aurora.presentation.buildsession] [CONFIG] building view: <textField> -> aurora.presentation.TemplateBasedView@3dda489e
2018-10-12 07:10:42.389 [aurora.presentation.buildsession] [CONFIG] building view: <textField> -> aurora.presentation.TemplateBasedView@3dda489e
2018-10-12 07:10:42.389 [aurora.presentation.buildsession] [CONFIG] building view: <textField> -> aurora.presentation.TemplateBasedView@3dda489e
2018-10-12 07:10:42.389 [aurora.presentation.buildsession] [CONFIG] building view: <toolbarButton> -> aurora.presentation.TemplateBasedView@3dda489e
2018-10-12 07:10:42.389 [aurora.presentation.buildsession] [CONFIG] building view: <toolbarButton> -> aurora.presentation.TemplateBasedView@3dda489e
2018-10-12 07:10:42.389 [aurora.presentation.buildsession] [CONFIG] building view: <box> -> aurora.presentation.component.std.Box@689ff910
2018-10-12 07:10:42.389 [aurora.presentation.buildsession] [CONFIG] building view: <comboBox> -> aurora.presentation.TemplateBasedView@3dda489e
2018-10-12 07:10:42.390 [aurora.presentation.buildsession] [CONFIG] building view: <grid> -> aurora.presentation.TemplateBasedView@3dda489e
2018-10-12 07:10:42.390 [aurora.presentation.buildsession] [CONFIG] building view: <navBar> -> aurora.presentation.TemplateBasedView@3dda489e
2018-10-12 07:10:42.391 [aurora.presentation.buildsession] [CONFIG] building view: <button> -> aurora.presentation.TemplateBasedView@3dda489e
2018-10-12 07:10:42.391 [aurora.presentation.buildsession] [CONFIG] building view: <button> -> aurora.presentation.TemplateBasedView@3dda489e
2018-10-12 07:10:42.391 [aurora.presentation.buildsession] [CONFIG] building view: <separator> -> aurora.presentation.TemplateBasedView@3dda489e
2018-10-12 07:10:42.392 [aurora.presentation.buildsession] [CONFIG] building view: <div> -> aurora.presentation.DefaultViewBuilder@35f5c5a3
2018-10-12 07:10:42.392 [aurora.presentation.buildsession] [CONFIG] building view: <numberField> -> aurora.presentation.TemplateBasedView@3dda489e
2018-10-12 07:10:42.392 [aurora.presentation.buildsession] [CONFIG] building view: <div> -> aurora.presentation.DefaultViewBuilder@35f5c5a3
2018-10-12 07:10:42.392 [aurora.presentation.buildsession] [CONFIG] building view: <separator> -> aurora.presentation.TemplateBasedView@3dda489e
2018-10-12 07:10:42.392 [aurora.presentation.buildsession] [CONFIG] building view: <button> -> aurora.presentation.TemplateBasedView@3dda489e
2018-10-12 07:10:42.393 [aurora.presentation.buildsession] [CONFIG] building view: <button> -> aurora.presentation.TemplateBasedView@3dda489e
2018-10-12 07:10:42.393 [aurora.presentation.buildsession] [CONFIG] building view: <button> -> aurora.presentation.TemplateBasedView@3dda489e
2018-10-12 07:10:42.393 [aurora.presentation.buildsession] [CONFIG] building view: <separator> -> aurora.presentation.TemplateBasedView@3dda489e
2018-10-12 07:10:42.393 [aurora.presentation.buildsession] [CONFIG] building view: <div> -> aurora.presentation.DefaultViewBuilder@35f5c5a3
2018-10-12 07:10:42.393 [aurora.presentation.buildsession] [CONFIG] building view: <comboBox> -> aurora.presentation.TemplateBasedView@3dda489e
2018-10-12 07:10:42.393 [aurora.presentation.buildsession] [CONFIG] building view: <div> -> aurora.presentation.DefaultViewBuilder@35f5c5a3
2018-10-12 07:10:42.393 [aurora.presentation.buildsession] [CONFIG] building view: <separator> -> aurora.presentation.TemplateBasedView@3dda489e
2018-10-12 07:10:42.393 [aurora.presentation.buildsession] [CONFIG] building view: <div> -> aurora.presentation.DefaultViewBuilder@35f5c5a3
2018-10-12 07:10:42.394 [aurora.presentation.buildsession] [CONFIG] End build session
