2018-10-15 01:43:01.96 [aurora.application.session_check] [CONFIG] Session data copied to context
2018-10-15 01:43:01.96 [aurora.application.session_check] [CONFIG] Access check result for modules/sys/SYS8210/sys_user_role_assign.screen => success
2018-10-15 01:43:01.96 [uncertain.proc] [CONFIG] [action] AccessCheck
2018-10-15 01:43:01.125 [uncertain.proc] [CONFIG] [action] InitService
2018-10-15 01:43:01.126 [uncertain.proc] [CONFIG] [action] ParseParameter
2018-10-15 01:43:01.126 [uncertain.proc] [CONFIG] [action] CreateModel
2018-10-15 01:43:01.126 [aurora.database] [CONFIG] ===================================== prepare to run model-query sys.sys_user==============================
2018-10-15 01:43:01.138 [uncertain.proc] [CONFIG] [action] DecideSqlGenerationMode
2018-10-15 01:43:01.138 [uncertain.proc] [FINE] aurora.database.service.BusinessModelService.onDecideSqlGenerationMode
2018-10-15 01:43:01.138 [uncertain.proc] [CONFIG] [action] CreatequeryStatement
2018-10-15 01:43:01.138 [uncertain.proc] [FINE] aurora.bm.QuerySqlCreator.onCreateQueryStatement
2018-10-15 01:43:01.146 [uncertain.proc] [CONFIG] [action] PopulatequeryStatement
2018-10-15 01:43:01.146 [uncertain.proc] [FINE] aurora.database.features.OrderByClauseCreator.onPopulateQueryStatement
2018-10-15 01:43:01.146 [uncertain.proc] [FINE] aurora.database.features.WhereClauseCreator.onPopulateQueryStatement
2018-10-15 01:43:01.147 [uncertain.proc] [CONFIG] [action] CreatequerySql
2018-10-15 01:43:01.147 [uncertain.proc] [FINE] aurora.bm.QuerySqlCreator.onCreateQuerySql
2018-10-15 01:43:01.147 [uncertain.proc] [CONFIG] [action] ExecuteQuery
2018-10-15 01:43:01.147 [uncertain.proc] [FINE] aurora.bm.QuerySqlCreator.onExecuteQuery
2018-10-15 01:43:01.155 [uncertain.proc] [CONFIG] [action] QueryFinish
2018-10-15 01:43:01.155 [uncertain.proc] [FINE] aurora.database.features.AutoQueryCounter.onQueryFinish
2018-10-15 01:43:01.155 [uncertain.proc] [CONFIG] [action] FetchResultSet
2018-10-15 01:43:01.155 [uncertain.proc] [FINE] aurora.database.features.CacheBasedLookUpField.postFetchResultSet
2018-10-15 01:43:01.157 [aurora.database] [CONFIG] 
============= BEGIN [query] SQL Statement execution dump ============
SELECT fc.user_id,fc.user_name,fc.encrypted_foundation_password,fc.encrypted_user_password,fc.start_date,fc.end_date,fc.last_logon_date,fc.description,fc.password_lifespan_days,fc.password_lifespan_access,fc.employee_id,fc.frozen_flag,decode(fc.frozen_flag,'Y','已冻结','N','未冻结') AS frozen_flag_display,fc.frozen_date,fc.password_start_date,fc.menu_type,emp.EMPLOYEE_CODE,emp.NAME AS emp_name
FROM sys_user fc
	LEFT OUTER JOIN EXP_EMPLOYEES emp ON fc.employee_id = emp.EMPLOYEE_ID
WHERE fc.user_id = ?
---------------------Binding info---------------------
No.1	Access path:@user_id	Data type of passed value :java.lang.Long	Value:2242	Output:false	Database Type:null	

=============== END [query] SQL Statement execution dump ============

2018-10-15 01:43:01.157 [uncertain.proc] [CONFIG] [action] CreateView
2018-10-15 01:43:01.157 [uncertain.proc] [CONFIG] [action] BuildOutputContent
2018-10-15 01:43:01.157 [aurora.presentation.buildsession] [CONFIG] Start build session
2018-10-15 01:43:01.157 [aurora.presentation.buildsession] [CONFIG] building view: <html-page> -> aurora.presentation.component.HtmlPage@22531e19
2018-10-15 01:43:01.158 [aurora.presentation.buildsession] [CONFIG] building view: <script> -> aurora.presentation.DefaultViewBuilder@35f5c5a3
2018-10-15 01:43:01.158 [aurora.presentation.buildsession] [CONFIG] building view: <dataSets> -> aurora.application.features.DataSetInit@16a57a4b
2018-10-15 01:43:01.158 [aurora.presentation.buildsession] [CONFIG] building view: <dataSet> -> aurora.presentation.TemplateBasedView@3dda489e
2018-10-15 01:43:01.160 [aurora.presentation.buildsession] [CONFIG] building view: <dataSet> -> aurora.presentation.TemplateBasedView@3dda489e
2018-10-15 01:43:01.163 [aurora.presentation.buildsession] [CONFIG] building view: <screenBody> -> aurora.presentation.component.std.ScreenBody@2571b8fc
2018-10-15 01:43:01.164 [aurora.presentation.buildsession] [CONFIG] building view: <screenTopToolbar> -> aurora.presentation.component.std.ScreenTopToolbar@5baf7a3
2018-10-15 01:43:01.164 [aurora.presentation.buildsession] [CONFIG] building view: <screenTitle> -> aurora.presentation.component.std.ScreenTitle@3fa382db
2018-10-15 01:43:01.168 [uncertain.proc] [CONFIG] [action] DecideSqlGenerationMode
2018-10-15 01:43:01.168 [uncertain.proc] [FINE] aurora.database.service.BusinessModelService.onDecideSqlGenerationMode
2018-10-15 01:43:01.168 [uncertain.proc] [CONFIG] [action] CreatequeryStatement
2018-10-15 01:43:01.168 [uncertain.proc] [FINE] aurora.bm.QuerySqlCreator.onCreateQueryStatement
2018-10-15 01:43:01.168 [uncertain.proc] [CONFIG] [action] PopulatequeryStatement
2018-10-15 01:43:01.168 [uncertain.proc] [FINE] aurora.database.features.OrderByClauseCreator.onPopulateQueryStatement
2018-10-15 01:43:01.168 [uncertain.proc] [FINE] aurora.database.features.WhereClauseCreator.onPopulateQueryStatement
2018-10-15 01:43:01.168 [uncertain.proc] [CONFIG] [action] CreatequerySql
2018-10-15 01:43:01.168 [uncertain.proc] [FINE] aurora.bm.QuerySqlCreator.onCreateQuerySql
2018-10-15 01:43:01.168 [uncertain.proc] [CONFIG] [action] ExecuteQuery
2018-10-15 01:43:01.168 [uncertain.proc] [FINE] aurora.bm.QuerySqlCreator.onExecuteQuery
2018-10-15 01:43:01.169 [uncertain.proc] [CONFIG] [action] QueryFinish
2018-10-15 01:43:01.169 [uncertain.proc] [FINE] aurora.database.features.AutoQueryCounter.onQueryFinish
2018-10-15 01:43:01.169 [uncertain.proc] [CONFIG] [action] FetchResultSet
2018-10-15 01:43:01.169 [uncertain.proc] [FINE] aurora.database.features.CacheBasedLookUpField.postFetchResultSet
2018-10-15 01:43:01.169 [aurora.database] [CONFIG] 
============= BEGIN [query] SQL Statement execution dump ============
SELECT f.service_id,f.service_name,f.is_entry_page,f.is_access_checked,f.is_login_required,f.is_system_access,? AS language,(select d.description_text from fnd_descriptions d where d.description_id = f.title_id and d.language = ?) AS title,f.title_id,f.weixin_flag
FROM sys_service f
WHERE f.service_name = ?
ORDER BY service_name
---------------------Binding info---------------------
No.1	Access path:/session/@lang	Data type of passed value :java.lang.String	Value:ZHS	Output:false	Database Type:null	
No.2	Access path:/session/@lang	Data type of passed value :java.lang.String	Value:ZHS	Output:false	Database Type:null	
No.3	Access path:@service_name	Data type of passed value :java.lang.String	Value:modules/sys/SYS8210/sys_user_role_assign.screen	Output:false	Database Type:null	

=============== END [query] SQL Statement execution dump ============

2018-10-15 01:43:01.169 [aurora.presentation.buildsession] [CONFIG] building view: <gridButton> -> aurora.presentation.TemplateBasedView@3dda489e
2018-10-15 01:43:01.169 [aurora.presentation.buildsession] [CONFIG] building view: <gridButton> -> aurora.presentation.TemplateBasedView@3dda489e
2018-10-15 01:43:01.169 [aurora.presentation.buildsession] [CONFIG] building view: <gridButton> -> aurora.presentation.TemplateBasedView@3dda489e
2018-10-15 01:43:01.169 [aurora.presentation.buildsession] [CONFIG] building view: <toolbarButton> -> aurora.presentation.TemplateBasedView@3dda489e
2018-10-15 01:43:01.170 [aurora.presentation.buildsession] [CONFIG] building view: <form> -> aurora.presentation.component.std.Form@4523f978
2018-10-15 01:43:01.170 [aurora.presentation.buildsession] [CONFIG] building view: <textField> -> aurora.presentation.TemplateBasedView@3dda489e
2018-10-15 01:43:01.170 [aurora.presentation.buildsession] [CONFIG] building view: <textField> -> aurora.presentation.TemplateBasedView@3dda489e
2018-10-15 01:43:01.170 [aurora.presentation.buildsession] [CONFIG] building view: <grid> -> aurora.presentation.TemplateBasedView@3dda489e
2018-10-15 01:43:01.170 [aurora.presentation.buildsession] [CONFIG] building view: <navBar> -> aurora.presentation.TemplateBasedView@3dda489e
2018-10-15 01:43:01.172 [aurora.presentation.buildsession] [CONFIG] building view: <button> -> aurora.presentation.TemplateBasedView@3dda489e
2018-10-15 01:43:01.172 [aurora.presentation.buildsession] [CONFIG] building view: <button> -> aurora.presentation.TemplateBasedView@3dda489e
2018-10-15 01:43:01.172 [aurora.presentation.buildsession] [CONFIG] building view: <separator> -> aurora.presentation.TemplateBasedView@3dda489e
2018-10-15 01:43:01.172 [aurora.presentation.buildsession] [CONFIG] building view: <div> -> aurora.presentation.DefaultViewBuilder@35f5c5a3
2018-10-15 01:43:01.172 [aurora.presentation.buildsession] [CONFIG] building view: <numberField> -> aurora.presentation.TemplateBasedView@3dda489e
2018-10-15 01:43:01.172 [aurora.presentation.buildsession] [CONFIG] building view: <div> -> aurora.presentation.DefaultViewBuilder@35f5c5a3
2018-10-15 01:43:01.172 [aurora.presentation.buildsession] [CONFIG] building view: <separator> -> aurora.presentation.TemplateBasedView@3dda489e
2018-10-15 01:43:01.173 [aurora.presentation.buildsession] [CONFIG] building view: <button> -> aurora.presentation.TemplateBasedView@3dda489e
2018-10-15 01:43:01.173 [aurora.presentation.buildsession] [CONFIG] building view: <button> -> aurora.presentation.TemplateBasedView@3dda489e
2018-10-15 01:43:01.173 [aurora.presentation.buildsession] [CONFIG] building view: <button> -> aurora.presentation.TemplateBasedView@3dda489e
2018-10-15 01:43:01.173 [aurora.presentation.buildsession] [CONFIG] building view: <separator> -> aurora.presentation.TemplateBasedView@3dda489e
2018-10-15 01:43:01.173 [aurora.presentation.buildsession] [CONFIG] building view: <div> -> aurora.presentation.DefaultViewBuilder@35f5c5a3
2018-10-15 01:43:01.173 [aurora.presentation.buildsession] [CONFIG] building view: <comboBox> -> aurora.presentation.TemplateBasedView@3dda489e
2018-10-15 01:43:01.173 [aurora.presentation.buildsession] [CONFIG] building view: <div> -> aurora.presentation.DefaultViewBuilder@35f5c5a3
2018-10-15 01:43:01.173 [aurora.presentation.buildsession] [CONFIG] building view: <separator> -> aurora.presentation.TemplateBasedView@3dda489e
2018-10-15 01:43:01.173 [aurora.presentation.buildsession] [CONFIG] building view: <div> -> aurora.presentation.DefaultViewBuilder@35f5c5a3
2018-10-15 01:43:01.174 [aurora.presentation.buildsession] [CONFIG] building view: <lov> -> aurora.presentation.TemplateBasedView@3dda489e
2018-10-15 01:43:01.174 [aurora.presentation.buildsession] [CONFIG] building view: <datePicker> -> aurora.presentation.TemplateBasedView@3dda489e
2018-10-15 01:43:01.174 [aurora.presentation.buildsession] [CONFIG] building view: <datePicker> -> aurora.presentation.TemplateBasedView@3dda489e
2018-10-15 01:43:01.175 [aurora.presentation.buildsession] [CONFIG] building view: <script> -> aurora.presentation.DefaultViewBuilder@35f5c5a3
2018-10-15 01:43:01.175 [aurora.presentation.buildsession] [CONFIG] End build session
