2018-10-10 06:09:11.406 [aurora.application.session_check] [CONFIG] Session data copied to context
2018-10-10 06:09:11.406 [aurora.application.session_check] [CONFIG] Access check result for modules/csh/CSH1075/csh_payment_usedes.screen => success
2018-10-10 06:09:11.407 [uncertain.proc] [CONFIG] [action] AccessCheck
2018-10-10 06:09:11.433 [uncertain.proc] [CONFIG] [action] InitService
2018-10-10 06:09:11.433 [uncertain.proc] [CONFIG] [action] ParseParameter
2018-10-10 06:09:11.433 [uncertain.proc] [CONFIG] [action] CreateModel
2018-10-10 06:09:11.433 [aurora.database] [CONFIG] ===================================== prepare to run model-query gld.gld_set_of_books_of_sessioncompany==============================
2018-10-10 06:09:11.438 [uncertain.proc] [CONFIG] [action] DecideSqlGenerationMode
2018-10-10 06:09:11.439 [uncertain.proc] [FINE] aurora.database.service.BusinessModelService.onDecideSqlGenerationMode
2018-10-10 06:09:11.439 [uncertain.proc] [CONFIG] [action] CreatequeryStatement
2018-10-10 06:09:11.439 [uncertain.proc] [FINE] aurora.bm.QuerySqlCreator.onCreateQueryStatement
2018-10-10 06:09:11.439 [uncertain.proc] [CONFIG] [action] PopulatequeryStatement
2018-10-10 06:09:11.439 [uncertain.proc] [FINE] aurora.database.features.OrderByClauseCreator.onPopulateQueryStatement
2018-10-10 06:09:11.439 [uncertain.proc] [FINE] aurora.database.features.WhereClauseCreator.onPopulateQueryStatement
2018-10-10 06:09:11.439 [uncertain.proc] [CONFIG] [action] CreatequerySql
2018-10-10 06:09:11.439 [uncertain.proc] [FINE] aurora.bm.QuerySqlCreator.onCreateQuerySql
2018-10-10 06:09:11.439 [uncertain.proc] [CONFIG] [action] ExecuteQuery
2018-10-10 06:09:11.439 [uncertain.proc] [FINE] aurora.bm.QuerySqlCreator.onExecuteQuery
2018-10-10 06:09:11.440 [uncertain.proc] [CONFIG] [action] QueryFinish
2018-10-10 06:09:11.440 [uncertain.proc] [FINE] aurora.database.features.AutoQueryCounter.onQueryFinish
2018-10-10 06:09:11.440 [uncertain.proc] [CONFIG] [action] FetchResultSet
2018-10-10 06:09:11.440 [uncertain.proc] [FINE] aurora.database.features.CacheBasedLookUpField.postFetchResultSet
2018-10-10 06:09:11.440 [aurora.database] [CONFIG] 
============= BEGIN [query] SQL Statement execution dump ============
SELECT t1.SET_OF_BOOKS_ID,t1.SET_OF_BOOKS_CODE,t1.SET_OF_BOOKS_NAME,t1.PERIOD_SET_CODE,t1.FUNCTIONAL_CURRENCY_CODE,t1.ACCOUNT_SET_ID,t1.ENABLED_FLAG,t1.MAIN_SET_FLAG,set_of_books_code||'-'||set_of_books_name AS set_of_books_combox_display,t1.ROW_ID
FROM GLD_SET_OF_BOOKS_VL t1
WHERE  t1.set_of_books_id = (select set_of_books_id from fnd_companies f where f.company_id = ?)
---------------------Binding info---------------------
No.1	Access path:/session/@company_id	Data type of passed value :java.lang.String	Value:2295	Output:false	Database Type:null	

=============== END [query] SQL Statement execution dump ============

2018-10-10 06:09:11.440 [uncertain.proc] [CONFIG] [action] CreateView
2018-10-10 06:09:11.440 [uncertain.proc] [CONFIG] [action] BuildOutputContent
2018-10-10 06:09:11.440 [aurora.presentation.buildsession] [CONFIG] Start build session
2018-10-10 06:09:11.440 [aurora.presentation.buildsession] [CONFIG] building view: <html-page> -> aurora.presentation.component.HtmlPage@3b320d18
2018-10-10 06:09:11.440 [aurora.presentation.buildsession] [CONFIG] building view: <script> -> aurora.presentation.DefaultViewBuilder@35f5c5a3
2018-10-10 06:09:11.441 [aurora.presentation.buildsession] [CONFIG] building view: <dataSets> -> aurora.application.features.DataSetInit@413b4c03
2018-10-10 06:09:11.441 [aurora.presentation.buildsession] [CONFIG] building view: <dataSet> -> aurora.presentation.TemplateBasedView@3dda489e
2018-10-10 06:09:11.441 [aurora.presentation.buildsession] [CONFIG] building view: <dataSet> -> aurora.presentation.TemplateBasedView@3dda489e
2018-10-10 06:09:11.442 [aurora.presentation.buildsession] [CONFIG] building view: <dataSet> -> aurora.presentation.TemplateBasedView@3dda489e
2018-10-10 06:09:11.444 [aurora.presentation.buildsession] [CONFIG] building view: <screenBody> -> aurora.presentation.component.std.ScreenBody@7b365ef4
2018-10-10 06:09:11.444 [aurora.presentation.buildsession] [CONFIG] building view: <screenTopToolbar> -> aurora.presentation.component.std.ScreenTopToolbar@75fc12a1
2018-10-10 06:09:11.444 [aurora.presentation.buildsession] [CONFIG] building view: <screenTitle> -> aurora.presentation.component.std.ScreenTitle@5e0d8bcb
2018-10-10 06:09:11.448 [uncertain.proc] [CONFIG] [action] DecideSqlGenerationMode
2018-10-10 06:09:11.448 [uncertain.proc] [FINE] aurora.database.service.BusinessModelService.onDecideSqlGenerationMode
2018-10-10 06:09:11.448 [uncertain.proc] [CONFIG] [action] CreatequeryStatement
2018-10-10 06:09:11.448 [uncertain.proc] [FINE] aurora.bm.QuerySqlCreator.onCreateQueryStatement
2018-10-10 06:09:11.448 [uncertain.proc] [CONFIG] [action] PopulatequeryStatement
2018-10-10 06:09:11.448 [uncertain.proc] [FINE] aurora.database.features.OrderByClauseCreator.onPopulateQueryStatement
2018-10-10 06:09:11.448 [uncertain.proc] [FINE] aurora.database.features.WhereClauseCreator.onPopulateQueryStatement
2018-10-10 06:09:11.448 [uncertain.proc] [CONFIG] [action] CreatequerySql
2018-10-10 06:09:11.448 [uncertain.proc] [FINE] aurora.bm.QuerySqlCreator.onCreateQuerySql
2018-10-10 06:09:11.448 [uncertain.proc] [CONFIG] [action] ExecuteQuery
2018-10-10 06:09:11.448 [uncertain.proc] [FINE] aurora.bm.QuerySqlCreator.onExecuteQuery
2018-10-10 06:09:11.449 [uncertain.proc] [CONFIG] [action] QueryFinish
2018-10-10 06:09:11.449 [uncertain.proc] [FINE] aurora.database.features.AutoQueryCounter.onQueryFinish
2018-10-10 06:09:11.449 [uncertain.proc] [CONFIG] [action] FetchResultSet
2018-10-10 06:09:11.449 [uncertain.proc] [FINE] aurora.database.features.CacheBasedLookUpField.postFetchResultSet
2018-10-10 06:09:11.449 [aurora.database] [CONFIG] 
============= BEGIN [query] SQL Statement execution dump ============
SELECT f.service_id,f.service_name,f.is_entry_page,f.is_access_checked,f.is_login_required,f.is_system_access,? AS language,(select d.description_text from fnd_descriptions d where d.description_id = f.title_id and d.language = ?) AS title,f.title_id,f.weixin_flag
FROM sys_service f
WHERE f.service_name = ?
ORDER BY service_name
---------------------Binding info---------------------
No.1	Access path:/session/@lang	Data type of passed value :java.lang.String	Value:ZHS	Output:false	Database Type:null	
No.2	Access path:/session/@lang	Data type of passed value :java.lang.String	Value:ZHS	Output:false	Database Type:null	
No.3	Access path:@service_name	Data type of passed value :java.lang.String	Value:modules/csh/CSH1075/csh_payment_usedes.screen	Output:false	Database Type:null	

=============== END [query] SQL Statement execution dump ============

2018-10-10 06:09:11.449 [aurora.presentation.buildsession] [CONFIG] building view: <toolbarButton> -> aurora.presentation.TemplateBasedView@3dda489e
2018-10-10 06:09:11.449 [aurora.presentation.buildsession] [CONFIG] building view: <queryForm> -> aurora.presentation.component.std.QueryForm@3f59621b
2018-10-10 06:09:11.449 [aurora.presentation.buildsession] [CONFIG] building view: <hBox> -> aurora.presentation.component.std.HBox@7aa12232
2018-10-10 06:09:11.449 [aurora.presentation.buildsession] [CONFIG] building view: <textField> -> aurora.presentation.TemplateBasedView@3dda489e
2018-10-10 06:09:11.450 [aurora.presentation.buildsession] [CONFIG] building view: <textField> -> aurora.presentation.TemplateBasedView@3dda489e
2018-10-10 06:09:11.450 [aurora.presentation.buildsession] [CONFIG] building view: <toolbarButton> -> aurora.presentation.TemplateBasedView@3dda489e
2018-10-10 06:09:11.450 [aurora.presentation.buildsession] [CONFIG] building view: <grid> -> aurora.presentation.TemplateBasedView@3dda489e
2018-10-10 06:09:11.450 [aurora.presentation.buildsession] [CONFIG] building view: <toolBar> -> aurora.presentation.TemplateBasedView@3dda489e
2018-10-10 06:09:11.450 [aurora.presentation.buildsession] [CONFIG] building view: <button> -> aurora.presentation.TemplateBasedView@3dda489e
2018-10-10 06:09:11.450 [aurora.presentation.buildsession] [CONFIG] building view: <button> -> aurora.presentation.TemplateBasedView@3dda489e
2018-10-10 06:09:11.450 [aurora.presentation.buildsession] [CONFIG] building view: <button> -> aurora.presentation.TemplateBasedView@3dda489e
2018-10-10 06:09:11.451 [aurora.presentation.buildsession] [CONFIG] building view: <navBar> -> aurora.presentation.TemplateBasedView@3dda489e
2018-10-10 06:09:11.452 [aurora.presentation.buildsession] [CONFIG] building view: <button> -> aurora.presentation.TemplateBasedView@3dda489e
2018-10-10 06:09:11.452 [aurora.presentation.buildsession] [CONFIG] building view: <button> -> aurora.presentation.TemplateBasedView@3dda489e
2018-10-10 06:09:11.452 [aurora.presentation.buildsession] [CONFIG] building view: <separator> -> aurora.presentation.TemplateBasedView@3dda489e
2018-10-10 06:09:11.452 [aurora.presentation.buildsession] [CONFIG] building view: <div> -> aurora.presentation.DefaultViewBuilder@35f5c5a3
2018-10-10 06:09:11.452 [aurora.presentation.buildsession] [CONFIG] building view: <numberField> -> aurora.presentation.TemplateBasedView@3dda489e
2018-10-10 06:09:11.453 [aurora.presentation.buildsession] [CONFIG] building view: <div> -> aurora.presentation.DefaultViewBuilder@35f5c5a3
2018-10-10 06:09:11.453 [aurora.presentation.buildsession] [CONFIG] building view: <separator> -> aurora.presentation.TemplateBasedView@3dda489e
2018-10-10 06:09:11.453 [aurora.presentation.buildsession] [CONFIG] building view: <button> -> aurora.presentation.TemplateBasedView@3dda489e
2018-10-10 06:09:11.453 [aurora.presentation.buildsession] [CONFIG] building view: <button> -> aurora.presentation.TemplateBasedView@3dda489e
2018-10-10 06:09:11.453 [aurora.presentation.buildsession] [CONFIG] building view: <button> -> aurora.presentation.TemplateBasedView@3dda489e
2018-10-10 06:09:11.454 [aurora.presentation.buildsession] [CONFIG] building view: <separator> -> aurora.presentation.TemplateBasedView@3dda489e
2018-10-10 06:09:11.454 [aurora.presentation.buildsession] [CONFIG] building view: <div> -> aurora.presentation.DefaultViewBuilder@35f5c5a3
2018-10-10 06:09:11.454 [aurora.presentation.buildsession] [CONFIG] building view: <comboBox> -> aurora.presentation.TemplateBasedView@3dda489e
2018-10-10 06:09:11.454 [aurora.presentation.buildsession] [CONFIG] building view: <div> -> aurora.presentation.DefaultViewBuilder@35f5c5a3
2018-10-10 06:09:11.454 [aurora.presentation.buildsession] [CONFIG] building view: <separator> -> aurora.presentation.TemplateBasedView@3dda489e
2018-10-10 06:09:11.454 [aurora.presentation.buildsession] [CONFIG] building view: <div> -> aurora.presentation.DefaultViewBuilder@35f5c5a3
2018-10-10 06:09:11.455 [aurora.presentation.buildsession] [CONFIG] building view: <textField> -> aurora.presentation.TemplateBasedView@3dda489e
2018-10-10 06:09:11.455 [aurora.presentation.buildsession] [CONFIG] building view: <checkBox> -> aurora.presentation.TemplateBasedView@3dda489e
2018-10-10 06:09:11.455 [aurora.presentation.buildsession] [CONFIG] building view: <grid> -> aurora.presentation.TemplateBasedView@3dda489e
2018-10-10 06:09:11.456 [aurora.presentation.buildsession] [CONFIG] building view: <toolBar> -> aurora.presentation.TemplateBasedView@3dda489e
2018-10-10 06:09:11.456 [aurora.presentation.buildsession] [CONFIG] building view: <button> -> aurora.presentation.TemplateBasedView@3dda489e
2018-10-10 06:09:11.456 [aurora.presentation.buildsession] [CONFIG] building view: <button> -> aurora.presentation.TemplateBasedView@3dda489e
2018-10-10 06:09:11.456 [aurora.presentation.buildsession] [CONFIG] building view: <button> -> aurora.presentation.TemplateBasedView@3dda489e
2018-10-10 06:09:11.457 [aurora.presentation.buildsession] [CONFIG] building view: <navBar> -> aurora.presentation.TemplateBasedView@3dda489e
2018-10-10 06:09:11.459 [aurora.presentation.buildsession] [CONFIG] building view: <button> -> aurora.presentation.TemplateBasedView@3dda489e
2018-10-10 06:09:11.459 [aurora.presentation.buildsession] [CONFIG] building view: <button> -> aurora.presentation.TemplateBasedView@3dda489e
2018-10-10 06:09:11.459 [aurora.presentation.buildsession] [CONFIG] building view: <separator> -> aurora.presentation.TemplateBasedView@3dda489e
2018-10-10 06:09:11.460 [aurora.presentation.buildsession] [CONFIG] building view: <div> -> aurora.presentation.DefaultViewBuilder@35f5c5a3
2018-10-10 06:09:11.460 [aurora.presentation.buildsession] [CONFIG] building view: <numberField> -> aurora.presentation.TemplateBasedView@3dda489e
2018-10-10 06:09:11.460 [aurora.presentation.buildsession] [CONFIG] building view: <div> -> aurora.presentation.DefaultViewBuilder@35f5c5a3
2018-10-10 06:09:11.460 [aurora.presentation.buildsession] [CONFIG] building view: <separator> -> aurora.presentation.TemplateBasedView@3dda489e
2018-10-10 06:09:11.460 [aurora.presentation.buildsession] [CONFIG] building view: <button> -> aurora.presentation.TemplateBasedView@3dda489e
2018-10-10 06:09:11.460 [aurora.presentation.buildsession] [CONFIG] building view: <button> -> aurora.presentation.TemplateBasedView@3dda489e
2018-10-10 06:09:11.461 [aurora.presentation.buildsession] [CONFIG] building view: <button> -> aurora.presentation.TemplateBasedView@3dda489e
2018-10-10 06:09:11.461 [aurora.presentation.buildsession] [CONFIG] building view: <separator> -> aurora.presentation.TemplateBasedView@3dda489e
2018-10-10 06:09:11.461 [aurora.presentation.buildsession] [CONFIG] building view: <div> -> aurora.presentation.DefaultViewBuilder@35f5c5a3
2018-10-10 06:09:11.461 [aurora.presentation.buildsession] [CONFIG] building view: <comboBox> -> aurora.presentation.TemplateBasedView@3dda489e
2018-10-10 06:09:11.461 [aurora.presentation.buildsession] [CONFIG] building view: <div> -> aurora.presentation.DefaultViewBuilder@35f5c5a3
2018-10-10 06:09:11.461 [aurora.presentation.buildsession] [CONFIG] building view: <separator> -> aurora.presentation.TemplateBasedView@3dda489e
2018-10-10 06:09:11.461 [aurora.presentation.buildsession] [CONFIG] building view: <div> -> aurora.presentation.DefaultViewBuilder@35f5c5a3
2018-10-10 06:09:11.462 [aurora.presentation.buildsession] [CONFIG] building view: <numberField> -> aurora.presentation.TemplateBasedView@3dda489e
2018-10-10 06:09:11.462 [aurora.presentation.buildsession] [CONFIG] building view: <checkBox> -> aurora.presentation.TemplateBasedView@3dda489e
2018-10-10 06:09:11.463 [aurora.presentation.buildsession] [CONFIG] building view: <lov> -> aurora.presentation.TemplateBasedView@3dda489e
2018-10-10 06:09:11.463 [aurora.presentation.buildsession] [CONFIG] building view: <script> -> aurora.presentation.DefaultViewBuilder@35f5c5a3
2018-10-10 06:09:11.463 [aurora.presentation.buildsession] [CONFIG] End build session
