2018-10-15 06:58:34.554 [uncertain.proc] [CONFIG] [action] CreateModel
2018-10-15 06:58:34.554 [aurora.database] [CONFIG] ===================================== prepare to run model-query expm.get_batch_id==============================
2018-10-15 06:58:34.557 [uncertain.proc] [CONFIG] [action] DecideSqlGenerationMode
2018-10-15 06:58:34.557 [uncertain.proc] [FINE] aurora.database.service.BusinessModelService.onDecideSqlGenerationMode
2018-10-15 06:58:34.557 [uncertain.proc] [CONFIG] [action] CreateOperationSql
2018-10-15 06:58:34.557 [uncertain.proc] [CONFIG] [action] PopulateOperationSql
2018-10-15 06:58:34.557 [uncertain.proc] [FINE] aurora.database.features.OrderByClauseCreator.onPopulateOperationSql
2018-10-15 06:58:34.557 [uncertain.proc] [FINE] aurora.database.features.WhereClauseCreator.onPopulateOperationSql
2018-10-15 06:58:34.557 [uncertain.proc] [CONFIG] [action] ExecuteQuery
2018-10-15 06:58:34.557 [uncertain.proc] [FINE] aurora.bm.QuerySqlCreator.onExecuteQuery
2018-10-15 06:58:34.558 [uncertain.proc] [CONFIG] [action] QueryFinish
2018-10-15 06:58:34.558 [uncertain.proc] [FINE] aurora.database.features.AutoQueryCounter.onQueryFinish
2018-10-15 06:58:34.558 [uncertain.proc] [CONFIG] [action] FetchResultSet
2018-10-15 06:58:34.558 [uncertain.proc] [FINE] aurora.database.features.CacheBasedLookUpField.postFetchResultSet
2018-10-15 06:58:34.558 [aurora.database] [CONFIG] 
============= BEGIN [query] SQL Statement execution dump ============
select exp_report_pkg.get_batch_id batch_id from dual
---------------------Binding info---------------------
null
=============== END [query] SQL Statement execution dump ============

2018-10-15 06:58:34.558 [aurora.database] [CONFIG] ===================================== prepare to run model-query cont.sys_date==============================
2018-10-15 06:58:34.560 [uncertain.proc] [CONFIG] [action] DecideSqlGenerationMode
2018-10-15 06:58:34.560 [uncertain.proc] [FINE] aurora.database.service.BusinessModelService.onDecideSqlGenerationMode
2018-10-15 06:58:34.560 [uncertain.proc] [CONFIG] [action] CreateOperationSql
2018-10-15 06:58:34.560 [uncertain.proc] [CONFIG] [action] PopulateOperationSql
2018-10-15 06:58:34.560 [uncertain.proc] [FINE] aurora.database.features.OrderByClauseCreator.onPopulateOperationSql
2018-10-15 06:58:34.560 [uncertain.proc] [FINE] aurora.database.features.WhereClauseCreator.onPopulateOperationSql
2018-10-15 06:58:34.560 [uncertain.proc] [CONFIG] [action] ExecuteQuery
2018-10-15 06:58:34.560 [uncertain.proc] [FINE] aurora.bm.QuerySqlCreator.onExecuteQuery
2018-10-15 06:58:34.561 [uncertain.proc] [CONFIG] [action] QueryFinish
2018-10-15 06:58:34.561 [uncertain.proc] [FINE] aurora.database.features.AutoQueryCounter.onQueryFinish
2018-10-15 06:58:34.561 [uncertain.proc] [CONFIG] [action] FetchResultSet
2018-10-15 06:58:34.561 [uncertain.proc] [FINE] aurora.database.features.CacheBasedLookUpField.postFetchResultSet
2018-10-15 06:58:34.561 [aurora.database] [CONFIG] 
============= BEGIN [query] SQL Statement execution dump ============

            	select to_char(sysdate,'yyyy-mm-dd') as now from dual
            
---------------------Binding info---------------------
null
=============== END [query] SQL Statement execution dump ============

2018-10-15 06:58:34.561 [aurora.database] [CONFIG] ===================================== prepare to run model-query expm.get_company_currency_code==============================
2018-10-15 06:58:34.563 [uncertain.proc] [CONFIG] [action] DecideSqlGenerationMode
2018-10-15 06:58:34.563 [uncertain.proc] [FINE] aurora.database.service.BusinessModelService.onDecideSqlGenerationMode
2018-10-15 06:58:34.563 [uncertain.proc] [CONFIG] [action] CreateOperationSql
2018-10-15 06:58:34.563 [uncertain.proc] [CONFIG] [action] PopulateOperationSql
2018-10-15 06:58:34.563 [uncertain.proc] [FINE] aurora.database.features.OrderByClauseCreator.onPopulateOperationSql
2018-10-15 06:58:34.563 [uncertain.proc] [FINE] aurora.database.features.WhereClauseCreator.onPopulateOperationSql
2018-10-15 06:58:34.563 [uncertain.proc] [CONFIG] [action] ExecuteQuery
2018-10-15 06:58:34.563 [uncertain.proc] [FINE] aurora.bm.QuerySqlCreator.onExecuteQuery
2018-10-15 06:58:34.564 [uncertain.proc] [CONFIG] [action] QueryFinish
2018-10-15 06:58:34.564 [uncertain.proc] [FINE] aurora.database.features.AutoQueryCounter.onQueryFinish
2018-10-15 06:58:34.564 [uncertain.proc] [CONFIG] [action] FetchResultSet
2018-10-15 06:58:34.564 [uncertain.proc] [FINE] aurora.database.features.CacheBasedLookUpField.postFetchResultSet
2018-10-15 06:58:34.564 [aurora.database] [CONFIG] 
============= BEGIN [query] SQL Statement execution dump ============
select gld_common_pkg.get_company_currency_code(?) company_currency_code from dual
---------------------Binding info---------------------
No.1	Access path:/session/@company_id	Data type of passed value :java.lang.String	Value:835	Output:false	Database Type:null	

=============== END [query] SQL Statement execution dump ============

2018-10-15 06:58:34.564 [aurora.database] [CONFIG] ===================================== prepare to run model-query expm.gld_get_default_period_name==============================
2018-10-15 06:58:34.566 [uncertain.proc] [CONFIG] [action] DecideSqlGenerationMode
2018-10-15 06:58:34.566 [uncertain.proc] [FINE] aurora.database.service.BusinessModelService.onDecideSqlGenerationMode
2018-10-15 06:58:34.566 [uncertain.proc] [CONFIG] [action] CreateOperationSql
2018-10-15 06:58:34.566 [uncertain.proc] [CONFIG] [action] PopulateOperationSql
2018-10-15 06:58:34.566 [uncertain.proc] [FINE] aurora.database.features.OrderByClauseCreator.onPopulateOperationSql
2018-10-15 06:58:34.566 [uncertain.proc] [FINE] aurora.database.features.WhereClauseCreator.onPopulateOperationSql
2018-10-15 06:58:34.566 [uncertain.proc] [CONFIG] [action] ExecuteQuery
2018-10-15 06:58:34.566 [uncertain.proc] [FINE] aurora.bm.QuerySqlCreator.onExecuteQuery
2018-10-15 06:58:34.567 [uncertain.proc] [CONFIG] [action] QueryFinish
2018-10-15 06:58:34.567 [uncertain.proc] [FINE] aurora.database.features.AutoQueryCounter.onQueryFinish
2018-10-15 06:58:34.567 [uncertain.proc] [CONFIG] [action] FetchResultSet
2018-10-15 06:58:34.567 [uncertain.proc] [FINE] aurora.database.features.CacheBasedLookUpField.postFetchResultSet
2018-10-15 06:58:34.567 [aurora.database] [CONFIG] 
============= BEGIN [query] SQL Statement execution dump ============
select * from (select gld_common_pkg.get_gld_period_name(?,sysdate) period_name from dual)
---------------------Binding info---------------------
No.1	Access path:/session/@company_id	Data type of passed value :java.lang.String	Value:835	Output:false	Database Type:null	

=============== END [query] SQL Statement execution dump ============

2018-10-15 06:58:34.567 [aurora.database] [CONFIG] ===================================== prepare to run model-query gl.gl_segment_description==============================
2018-10-15 06:58:34.570 [uncertain.proc] [CONFIG] [action] DecideSqlGenerationMode
2018-10-15 06:58:34.570 [uncertain.proc] [FINE] aurora.database.service.BusinessModelService.onDecideSqlGenerationMode
2018-10-15 06:58:34.570 [uncertain.proc] [CONFIG] [action] CreateOperationSql
2018-10-15 06:58:34.570 [uncertain.proc] [CONFIG] [action] PopulateOperationSql
2018-10-15 06:58:34.570 [uncertain.proc] [FINE] aurora.database.features.OrderByClauseCreator.onPopulateOperationSql
2018-10-15 06:58:34.570 [uncertain.proc] [FINE] aurora.database.features.WhereClauseCreator.onPopulateOperationSql
2018-10-15 06:58:34.570 [uncertain.proc] [CONFIG] [action] ExecuteQuery
2018-10-15 06:58:34.570 [uncertain.proc] [FINE] aurora.bm.QuerySqlCreator.onExecuteQuery
2018-10-15 06:58:34.572 [uncertain.proc] [CONFIG] [action] QueryFinish
2018-10-15 06:58:34.572 [uncertain.proc] [FINE] aurora.database.features.AutoQueryCounter.onQueryFinish
2018-10-15 06:58:34.572 [uncertain.proc] [CONFIG] [action] FetchResultSet
2018-10-15 06:58:34.572 [uncertain.proc] [FINE] aurora.database.features.CacheBasedLookUpField.postFetchResultSet
2018-10-15 06:58:34.572 [aurora.database] [CONFIG] 
============= BEGIN [query] SQL Statement execution dump ============

            	select * from (select (select segment_name as segment1_desc from gld_segments_vl g where rownum = 1 and g.SEGMENT_FIELD = 'SEGMENT1' and g.set_of_books_id = (select f.set_of_books_id from fnd_companies f where f.company_id = ?)) segment1_desc,
				(select segment_name as segment2_desc from gld_segments_vl g where rownum = 1 and g.SEGMENT_FIELD = 'SEGMENT2' and g.set_of_books_id = (select f.set_of_books_id from fnd_companies f where f.company_id = ?)) segment2_desc,
				(select segment_name as segment3_desc from gld_segments_vl g where rownum = 1 and g.SEGMENT_FIELD = 'SEGMENT3' and g.set_of_books_id = (select f.set_of_books_id from fnd_companies f where f.company_id = ?)) segment3_desc,
				(select segment_name as segment4_desc from gld_segments_vl g where rownum = 1 and g.SEGMENT_FIELD = 'SEGMENT4' and g.set_of_books_id = (select f.set_of_books_id from fnd_companies f where f.company_id = ?)) segment4_desc,
				(select segment_name as segment5_desc from gld_segments_vl g where rownum = 1 and g.SEGMENT_FIELD = 'SEGMENT5' and g.set_of_books_id = (select f.set_of_books_id from fnd_companies f where f.company_id = ?)) segment5_desc,
				(select segment_name as segment6_desc from gld_segments_vl g where rownum = 1 and g.SEGMENT_FIELD = 'SEGMENT6' and g.set_of_books_id = (select f.set_of_books_id from fnd_companies f where f.company_id = ?)) segment6_desc,
				(select segment_name as segment7_desc from gld_segments_vl g where rownum = 1 and g.SEGMENT_FIELD = 'SEGMENT7' and g.set_of_books_id = (select f.set_of_books_id from fnd_companies f where f.company_id = ?)) segment7_desc,
				(select segment_name as segment8_desc from gld_segments_vl g where rownum = 1 and g.SEGMENT_FIELD = 'SEGMENT8' and g.set_of_books_id = (select f.set_of_books_id from fnd_companies f where f.company_id = ?)) segment8_desc,
				(select segment_name as segment9_desc from gld_segments_vl g where rownum = 1 and g.SEGMENT_FIELD = 'SEGMENT9' and g.set_of_books_id = (select f.set_of_books_id from fnd_companies f where f.company_id = ?)) segment9_desc,
				(select segment_name as segment10_desc from gld_segments_vl g where rownum = 1 and g.SEGMENT_FIELD = 'SEGMENT10' and g.set_of_books_id = (select f.set_of_books_id from fnd_companies f where f.company_id = ?)) segment10_desc,
				(select segment_name as segment11_desc from gld_segments_vl g where rownum = 1 and g.SEGMENT_FIELD = 'SEGMENT11' and g.set_of_books_id = (select f.set_of_books_id from fnd_companies f where f.company_id = ?)) segment11_desc,
				(select segment_name as segment12_desc from gld_segments_vl g where rownum = 1 and g.SEGMENT_FIELD = 'SEGMENT12' and g.set_of_books_id = (select f.set_of_books_id from fnd_companies f where f.company_id = ?)) segment12_desc,
				(select segment_name as segment13_desc from gld_segments_vl g where rownum = 1 and g.SEGMENT_FIELD = 'SEGMENT13' and g.set_of_books_id = (select f.set_of_books_id from fnd_companies f where f.company_id = ?)) segment13_desc,
				(select segment_name as segment14_desc from gld_segments_vl g where rownum = 1 and g.SEGMENT_FIELD = 'SEGMENT14' and g.set_of_books_id = (select f.set_of_books_id from fnd_companies f where f.company_id = ?)) segment14_desc,
				(select segment_name as segment15_desc from gld_segments_vl g where rownum = 1 and g.SEGMENT_FIELD = 'SEGMENT15' and g.set_of_books_id = (select f.set_of_books_id from fnd_companies f where f.company_id = ?)) segment15_desc,
				(select segment_name as segment16_desc from gld_segments_vl g where rownum = 1 and g.SEGMENT_FIELD = 'SEGMENT16' and g.set_of_books_id = (select f.set_of_books_id from fnd_companies f where f.company_id = ?)) segment16_desc,
				(select segment_name as segment17_desc from gld_segments_vl g where rownum = 1 and g.SEGMENT_FIELD = 'SEGMENT17' and g.set_of_books_id = (select f.set_of_books_id from fnd_companies f where f.company_id = ?)) segment17_desc,
				(select segment_name as segment18_desc from gld_segments_vl g where rownum = 1 and g.SEGMENT_FIELD = 'SEGMENT18' and g.set_of_books_id = (select f.set_of_books_id from fnd_companies f where f.company_id = ?)) segment18_desc,
				(select segment_name as segment19_desc from gld_segments_vl g where rownum = 1 and g.SEGMENT_FIELD = 'SEGMENT19' and g.set_of_books_id = (select f.set_of_books_id from fnd_companies f where f.company_id = ?)) segment19_desc,
				(select segment_name as segment20_desc from gld_segments_vl g where rownum = 1 and g.SEGMENT_FIELD = 'SEGMENT20' and g.set_of_books_id = (select f.set_of_books_id from fnd_companies f where f.company_id = ?)) segment20_desc,
				(select segment_name as segment_je_desc from gld_segments_vl g where rownum = 1 and g.SEGMENT_FIELD = 'JOURNAL_CATEGORY' and g.set_of_books_id = (select f.set_of_books_id from fnd_companies f where f.company_id = ?)) segment_je_desc
				 from dual)
            
---------------------Binding info---------------------
No.1	Access path:/session/@company_id	Data type of passed value :java.lang.String	Value:835	Output:false	Database Type:null	
No.2	Access path:/session/@company_id	Data type of passed value :java.lang.String	Value:835	Output:false	Database Type:null	
No.3	Access path:/session/@company_id	Data type of passed value :java.lang.String	Value:835	Output:false	Database Type:null	
No.4	Access path:/session/@company_id	Data type of passed value :java.lang.String	Value:835	Output:false	Database Type:null	
No.5	Access path:/session/@company_id	Data type of passed value :java.lang.String	Value:835	Output:false	Database Type:null	
No.6	Access path:/session/@company_id	Data type of passed value :java.lang.String	Value:835	Output:false	Database Type:null	
No.7	Access path:/session/@company_id	Data type of passed value :java.lang.String	Value:835	Output:false	Database Type:null	
No.8	Access path:/session/@company_id	Data type of passed value :java.lang.String	Value:835	Output:false	Database Type:null	
No.9	Access path:/session/@company_id	Data type of passed value :java.lang.String	Value:835	Output:false	Database Type:null	
No.10	Access path:/session/@company_id	Data type of passed value :java.lang.String	Value:835	Output:false	Database Type:null	
No.11	Access path:/session/@company_id	Data type of passed value :java.lang.String	Value:835	Output:false	Database Type:null	
No.12	Access path:/session/@company_id	Data type of passed value :java.lang.String	Value:835	Output:false	Database Type:null	
No.13	Access path:/session/@company_id	Data type of passed value :java.lang.String	Value:835	Output:false	Database Type:null	
No.14	Access path:/session/@company_id	Data type of passed value :java.lang.String	Value:835	Output:false	Database Type:null	
No.15	Access path:/session/@company_id	Data type of passed value :java.lang.String	Value:835	Output:false	Database Type:null	
No.16	Access path:/session/@company_id	Data type of passed value :java.lang.String	Value:835	Output:false	Database Type:null	
No.17	Access path:/session/@company_id	Data type of passed value :java.lang.String	Value:835	Output:false	Database Type:null	
No.18	Access path:/session/@company_id	Data type of passed value :java.lang.String	Value:835	Output:false	Database Type:null	
No.19	Access path:/session/@company_id	Data type of passed value :java.lang.String	Value:835	Output:false	Database Type:null	
No.20	Access path:/session/@company_id	Data type of passed value :java.lang.String	Value:835	Output:false	Database Type:null	
No.21	Access path:/session/@company_id	Data type of passed value :java.lang.String	Value:835	Output:false	Database Type:null	

=============== END [query] SQL Statement execution dump ============

2018-10-15 06:58:34.572 [aurora.database] [CONFIG] ===================================== prepare to run model-query expm.exp_report_get_check_log_count==============================
2018-10-15 06:58:34.575 [uncertain.proc] [CONFIG] [action] DecideSqlGenerationMode
2018-10-15 06:58:34.575 [uncertain.proc] [FINE] aurora.database.service.BusinessModelService.onDecideSqlGenerationMode
2018-10-15 06:58:34.575 [uncertain.proc] [CONFIG] [action] CreateOperationSql
2018-10-15 06:58:34.575 [uncertain.proc] [CONFIG] [action] PopulateOperationSql
2018-10-15 06:58:34.575 [uncertain.proc] [FINE] aurora.database.features.OrderByClauseCreator.onPopulateOperationSql
2018-10-15 06:58:34.575 [uncertain.proc] [FINE] aurora.database.features.WhereClauseCreator.onPopulateOperationSql
2018-10-15 06:58:34.575 [uncertain.proc] [CONFIG] [action] ExecuteQuery
2018-10-15 06:58:34.575 [uncertain.proc] [FINE] aurora.bm.QuerySqlCreator.onExecuteQuery
2018-10-15 06:58:34.671 [uncertain.proc] [CONFIG] [action] QueryFinish
2018-10-15 06:58:34.671 [uncertain.proc] [FINE] aurora.database.features.AutoQueryCounter.onQueryFinish
2018-10-15 06:58:34.672 [uncertain.proc] [CONFIG] [action] FetchResultSet
2018-10-15 06:58:34.672 [uncertain.proc] [FINE] aurora.database.features.CacheBasedLookUpField.postFetchResultSet
2018-10-15 06:58:34.672 [aurora.database] [CONFIG] 
============= BEGIN [query] SQL Statement execution dump ============

                SELECT
                    (SELECT
                        COUNT(1)
                    FROM
                        bgt_check_logs l
                    WHERE
                        l.document_type = 'EXP_REPORT' AND
                        l.document_id   = NVL(?,?)
                    ) +
                    (SELECT
                        COUNT(1)
                    FROM
                        (SELECT
                            *
                        FROM
                            (SELECT
                                a.record_id,
                                a.event_name,
                                b.event_desc,
                                a.event_type,
                                a.event_param AS doc_header_id,
                                to_number(a.param1) AS doc_line_id,
                                a.event_source AS source_from,
                                a.param1,
                                a.param2,
                                a.param3,
                                a.param4,
                                a.param5,
                                a.param6,
                                a.param7,
                                a.param8,
                                a.created_by,
                                a.creation_date,
                                a.last_updated_by,
                                a.last_update_date
                            FROM
                                evt_event_record a,
                                evt_event b
                            WHERE
                                a.event_source   IN ('EXP_REQUISITION', 'EXP_REPORT', 'EXP_TRAVEL_PLAN') AND
                                a.event_name NOT IN ('EXP_REQUISITION', 'EXP_REPORT', 'EXP_TRAVEL_PLAN', 'EXP_REPORT_LINES_POST_MODIFY', 'EXP_REPORT_SUBMIT', 'EXP_REQUISITION_SUBMIT', 'EXP_REPORT_POST_AUDIT', 'EXP_REPORT_REJECT_AUDIT', 'EXP_REPORT_CREATE_ACCOUNTS', 'EXP_REPORT_DISTS_POST_MODIFY' ) AND
                                a.event_name      = b.event_name(+)
                            ) v
                        WHERE
                            v.record_id IN
                            (SELECT
                                MAX(r.record_id)
                            FROM
                                evt_event_record r
                            WHERE
                                r.event_param  = NVL(?,?) AND
                                r.event_source = 'EXP_REPORT'
                            GROUP BY
                                r.event_param,
                                r.param1,
                                r.event_source
                            )
                        ) bv,
                        exp_document_all_v eda
                    WHERE
                        bv.doc_header_id = eda.header_id AND
                        bv.source_from   = eda.source_from AND
                        bv.doc_line_id   = eda.doc_line_id
                    ) AS check_count
                FROM
                    dual
            
---------------------Binding info---------------------
No.1	Access path:/parameter/@exp_report_header_id	Data type of passed value :[null]	Value:null	Output:false	Database Type:null	
No.2	Access path:/parameter/@head_id	Data type of passed value :java.lang.String	Value:1637	Output:false	Database Type:null	
No.3	Access path:/parameter/@exp_report_header_id	Data type of passed value :[null]	Value:null	Output:false	Database Type:null	
No.4	Access path:/parameter/@head_id	Data type of passed value :java.lang.String	Value:1637	Output:false	Database Type:null	

=============== END [query] SQL Statement execution dump ============

2018-10-15 06:58:34.672 [aurora.database] [CONFIG] ===================================== prepare to run model-query expm.exp_rep_att_exist==============================
2018-10-15 06:58:34.675 [uncertain.proc] [CONFIG] [action] DecideSqlGenerationMode
2018-10-15 06:58:34.675 [uncertain.proc] [FINE] aurora.database.service.BusinessModelService.onDecideSqlGenerationMode
2018-10-15 06:58:34.675 [uncertain.proc] [CONFIG] [action] CreateOperationSql
2018-10-15 06:58:34.675 [uncertain.proc] [CONFIG] [action] PopulateOperationSql
2018-10-15 06:58:34.675 [uncertain.proc] [FINE] aurora.database.features.OrderByClauseCreator.onPopulateOperationSql
2018-10-15 06:58:34.675 [uncertain.proc] [FINE] aurora.database.features.WhereClauseCreator.onPopulateOperationSql
2018-10-15 06:58:34.675 [uncertain.proc] [CONFIG] [action] ExecuteQuery
2018-10-15 06:58:34.675 [uncertain.proc] [FINE] aurora.bm.QuerySqlCreator.onExecuteQuery
2018-10-15 06:58:34.675 [uncertain.proc] [CONFIG] [action] QueryFinish
2018-10-15 06:58:34.676 [uncertain.proc] [FINE] aurora.database.features.AutoQueryCounter.onQueryFinish
2018-10-15 06:58:34.676 [uncertain.proc] [CONFIG] [action] FetchResultSet
2018-10-15 06:58:34.676 [uncertain.proc] [FINE] aurora.database.features.CacheBasedLookUpField.postFetchResultSet
2018-10-15 06:58:34.676 [aurora.database] [CONFIG] 
============= BEGIN [query] SQL Statement execution dump ============

			select decode(count(1), 0, 0, 1) as exists_flag, count(1) as attachments
              from fnd_atm_attachment_multi m
             where m.table_name = 'EXP_REPORT_HEADERS'
               and m.table_pk_value = nvl(?,?)
			
---------------------Binding info---------------------
No.1	Access path:@exp_report_header_id	Data type of passed value :[null]	Value:null	Output:false	Database Type:null	
No.2	Access path:@head_id	Data type of passed value :java.lang.String	Value:1637	Output:false	Database Type:null	

=============== END [query] SQL Statement execution dump ============

2018-10-15 06:58:34.676 [aurora.database] [CONFIG] ===================================== prepare to run model-query expm.exp_expense_report_header_query_for_wbc==============================
2018-10-15 06:58:34.678 [uncertain.proc] [CONFIG] [action] DecideSqlGenerationMode
2018-10-15 06:58:34.678 [uncertain.proc] [FINE] aurora.database.service.BusinessModelService.onDecideSqlGenerationMode
2018-10-15 06:58:34.678 [uncertain.proc] [CONFIG] [action] CreateOperationSql
2018-10-15 06:58:34.678 [uncertain.proc] [CONFIG] [action] PopulateOperationSql
2018-10-15 06:58:34.678 [uncertain.proc] [FINE] aurora.database.features.OrderByClauseCreator.onPopulateOperationSql
2018-10-15 06:58:34.678 [uncertain.proc] [FINE] aurora.database.features.WhereClauseCreator.onPopulateOperationSql
2018-10-15 06:58:34.678 [uncertain.proc] [CONFIG] [action] ExecuteQuery
2018-10-15 06:58:34.678 [uncertain.proc] [FINE] aurora.bm.QuerySqlCreator.onExecuteQuery
2018-10-15 06:58:34.679 [uncertain.proc] [CONFIG] [action] QueryFinish
2018-10-15 06:58:34.679 [uncertain.proc] [FINE] aurora.database.features.AutoQueryCounter.onQueryFinish
2018-10-15 06:58:34.679 [uncertain.proc] [CONFIG] [action] FetchResultSet
2018-10-15 06:58:34.679 [uncertain.proc] [FINE] aurora.database.features.CacheBasedLookUpField.postFetchResultSet
2018-10-15 06:58:34.679 [aurora.database] [CONFIG] 
============= BEGIN [query] SQL Statement execution dump ============

                SELECT t.*
                FROM (
                      SELECT t.exp_report_header_id,t.company_id,(
                          SELECT fc.company_short_name
                          FROM fnd_companies_vl fc
                          WHERE fc.company_id = t.company_id
                        ) company_name,t.amortization_flag,t.operation_unit_id,t.exp_report_number,t.exp_report_barcode,t.employee_id,ee.name employee_name,t.position_id,t.unit_id,t.payee_category,t.payee_id,t.exp_report_type_id,eet.description exp_report_type_desc,t.expense_user_group_id,t.currency_code,(
                          SELECT currency_name
                          FROM gld_currency_vl gcv
                          WHERE gcv.currency_code = t.currency_code
                        ) currency_name,t.exchange_rate_type,t.exchange_rate_quotation,t.exchange_rate,TO_CHAR (t.report_date, 'yyyy-mm-dd') report_date,t.period_name,t.report_status,aa.code_value_name report_status_desc,t.audit_flag,t.audit_date,t.gld_interface_flag,t.attachment_num,t.description,t.write_off_status,t.write_off_completed_date,t.reversed_flag,t.source_exp_rep_header_id,(
                          SELECT SUM (erl.report_amount)
                          FROM exp_report_lines erl
                          WHERE erl.exp_report_header_id = t.exp_report_header_id
                        ) report_amount,
                        DECODE (t.je_creation_status,'SUCCESS', 'Y','N'
                        ) je_creation_status
                      FROM exp_report_headers t,exp_expense_report_types_vl eet,exp_employees ee,(
                          SELECT scv.code_value,scv.code_value_name
                          FROM sys_codes sc,sys_code_values_vl scv
                          WHERE sc.code_id = scv.code_id
                            AND sc.code = 'EXP_EXPENSE_REPORT_STATUS'
                            AND sc.enabled_flag = 'Y'
                            AND scv.enabled_flag = 'Y'
                        ) aa
                      WHERE  t.report_status in ('COMPLETELY_APPROVED','REJECTED')
                        AND t.exp_report_type_id = eet.expense_report_type_id(+)
                        AND t.employee_id = ee.employee_id(+)
                        AND t.report_status = aa.code_value(+)
                    ) t  WHERE t.exp_report_header_id=?
                ORDER BY EXP_REPORT_NUMBER DESC
            
---------------------Binding info---------------------
No.1	Access path:/parameter/@head_id	Data type of passed value :java.lang.String	Value:1637	Output:false	Database Type:null	

=============== END [query] SQL Statement execution dump ============

2018-10-15 06:58:34.679 [aurora.database] [CONFIG] ===================================== prepare to run model-query expm.cux_exp_report_get_image_url==============================
2018-10-15 06:58:34.682 [uncertain.proc] [CONFIG] [action] DecideSqlGenerationMode
2018-10-15 06:58:34.682 [uncertain.proc] [FINE] aurora.database.service.BusinessModelService.onDecideSqlGenerationMode
2018-10-15 06:58:34.682 [uncertain.proc] [CONFIG] [action] CreateOperationSql
2018-10-15 06:58:34.682 [uncertain.proc] [CONFIG] [action] PopulateOperationSql
2018-10-15 06:58:34.682 [uncertain.proc] [FINE] aurora.database.features.OrderByClauseCreator.onPopulateOperationSql
2018-10-15 06:58:34.682 [uncertain.proc] [FINE] aurora.database.features.WhereClauseCreator.onPopulateOperationSql
2018-10-15 06:58:34.682 [uncertain.proc] [CONFIG] [action] ExecuteQuery
2018-10-15 06:58:34.682 [uncertain.proc] [FINE] aurora.bm.QuerySqlCreator.onExecuteQuery
2018-10-15 06:58:34.683 [uncertain.proc] [CONFIG] [action] QueryFinish
2018-10-15 06:58:34.683 [uncertain.proc] [FINE] aurora.database.features.AutoQueryCounter.onQueryFinish
2018-10-15 06:58:34.683 [uncertain.proc] [CONFIG] [action] FetchResultSet
2018-10-15 06:58:34.683 [uncertain.proc] [FINE] aurora.database.features.CacheBasedLookUpField.postFetchResultSet
2018-10-15 06:58:34.684 [aurora.database] [CONFIG] 
============= BEGIN [query] SQL Statement execution dump ============

                SELECT
                    h.exp_report_header_id,
                    h.exp_report_number,
                    (SELECT sys_parameter_pkg.value('CUX_SYS_IMAGE_URL') FROM dual
                    )AS cux_sys_image_url,
                    (SELECT sys_parameter_pkg.value('CUX_SYS_IMAGE_QUERY_URL') FROM dual
                    )AS cux_sys_image_query_url,
                    (SELECT sys_parameter_pkg.value('CUX_SYS_IMAGE_BUSTYPE') FROM dual
                    )AS cux_sys_image_bustype,
                    (SELECT sys_parameter_pkg.value('CUX_SYS_IMAGE_BUSNO') FROM dual
                    )AS cux_sys_image_busno,
                    (SELECT sys_parameter_pkg.value('CUX_SYS_IMAGE_WINDOW_WIDTH') FROM dual
                    )as cux_img_window_width,
                    (SELECT
                        ee.employee_code
                    FROM
                        exp_employees ee
                    WHERE
                        ee.employee_id=h.employee_id
                    ) employee_code,
                    (SELECT u.unit_code FROM exp_org_unit_vl u WHERE u.unit_id=h.unit_id
                    )unit_code,
                    (SELECT
                        sys_parameter_pkg.value('CUX_SYS_IMAGE_QUERY_URL')
                        || '?token_type=bearer'
                        ||chr(38)
                        ||'amp;scope=read write'
                        ||chr(38)
                        ||'amp;busibyte='
                        || sys_parameter_pkg.value('CUX_SYS_IMAGE_BUSNO')
                        || chr(38)
                        ||'amp;barno='
                        || h.exp_report_number
                    FROM
                       dual
                    ) AS cux_wbc_doc_img_query_url,
                    (SELECT
                        sys_parameter_pkg.value('CUX_SYS_IMAGE_QUERY_URL')
                        || '?token_type=bearer'
                        ||chr(38)
                        ||'scope=read write'
                        ||chr(38)
                        ||'busibyte='
                        || sys_parameter_pkg.value('CUX_SYS_IMAGE_BUSNO')
                        || chr(38)
                        ||'barno='
                        || h.exp_report_number
                    FROM
                       dual
                    ) AS cux_wbc_doc_img_query_str_url
                FROM
                    exp_report_headers h  WHERE h.exp_report_header_id=?
            
---------------------Binding info---------------------
No.1	Access path:/parameter/@head_id	Data type of passed value :java.lang.String	Value:1637	Output:false	Database Type:null	

=============== END [query] SQL Statement execution dump ============

2018-10-15 06:58:34.684 [uncertain.proc] [CONFIG] [action] CreateView
2018-10-15 06:58:34.684 [uncertain.proc] [CONFIG] [action] BuildOutputContent
                   FROM
                                evt_event_record a,
                                evt_event b
                            WHERE
                                a.event_source   IN ('EXP_REQUISITION', 'EXP_REPORT', 'EXP_TRAVEL_PLAN') AND
                                a.event_name NOT IN ('EXP_REQUISITION', 'EXP_REPORT', 'EXP_TRAVEL_PLAN', 'EXP_REPORT_LINES_POST_MODIFY', 'EXP_REPORT_SUBMIT', 'EXP_REQUISITION_SUBMIT', 'EXP_REPORT_POST_AUDIT', 'EXP_REPORT_REJECT_AUDIT', 'EXP_REPORT_CREATE_ACCOUNTS', 'EXP_REPORT_DISTS_POST_MODIFY' ) AND
                                a.event_name      = b.event_name(+)
                            ) v
                        WHERE
                            v.record_id IN
                            (SELECT
                                MAX(r.record_id)
                            FROM
                                evt_event_record r
                            WHERE
                                r.event_param  = NVL(?,?) AND
                                r.event_source = 'EXP_REPORT'
                            GROUP BY
                                r.event_param,
                                r.param1,
                                r.event_source
                            )
                        ) bv,
                        exp_document_all_v eda
                    WHERE
                        bv.doc_header_id = eda.header_id AND
                        bv.source_from   = eda.source_from AND
                        bv.doc_line_id   = eda.doc_line_id
                    ) AS check_count
                FROM
                    dual
            
---------------------Binding info---------------------
No.1	Access path:/parameter/@exp_report_header_id	Data type of passed value :[null]	Value:null	Output:false	Database Type:null	
No.2	Access path:/parameter/@head_id	Data type of passed value :java.lang.String	Value:1637	Output:false	Database Type:null	
No.3	Access path:/parameter/@exp_report_header_id	Data type of passed value :[null]	Value:null	Output:false	Database Type:null	
No.4	Access path:/parameter/@head_id	Data type of passed value :java.lang.String	Value:1637	Output:false	Database Type:null	

=============== END [query] SQL Statement execution dump ============

2018-10-15 06:58:34.672 [aurora.database] [CONFIG] ===================================== prepare to run model-query expm.exp_rep_att_exist==============================
2018-10-15 06:58:34.675 [uncertain.proc] [CONFIG] [action] DecideSqlGenerationMode
2018-10-15 06:58:34.675 [uncertain.proc] [FINE] aurora.database.service.BusinessModelService.onDecideSqlGenerationMode
2018-10-15 06:58:34.675 [uncertain.proc] [CONFIG] [action] CreateOperationSql
2018-10-15 06:58:34.675 [uncertain.proc] [CONFIG] [action] PopulateOperationSql
2018-10-15 06:58:34.675 [uncertain.proc] [FINE] aurora.database.features.OrderByClauseCreator.onPopulateOperationSql
2018-10-15 06:58:34.675 [uncertain.proc] [FINE] aurora.database.features.WhereClauseCreator.onPopulateOperationSql
2018-10-15 06:58:34.675 [uncertain.proc] [CONFIG] [action] ExecuteQuery
2018-10-15 06:58:34.675 [uncertain.proc] [FINE] aurora.bm.QuerySqlCreator.onExecuteQuery
2018-10-15 06:58:34.676 [uncertain.proc] [CONFIG] [action] QueryFinish
2018-10-15 06:58:34.676 [uncertain.proc] [FINE] aurora.database.features.AutoQueryCounter.onQueryFinish
2018-10-15 06:58:34.676 [uncertain.proc] [CONFIG] [action] FetchResultSet
2018-10-15 06:58:34.676 [uncertain.proc] [FINE] aurora.database.features.CacheBasedLookUpField.postFetchResultSet
2018-10-15 06:58:34.676 [aurora.database] [CONFIG] 
============= BEGIN [query] SQL Statement execution dump ============

			select decode(count(1), 0, 0, 1) as exists_flag, count(1) as attachments
              from fnd_atm_attachment_multi m
             where m.table_name = 'EXP_REPORT_HEADERS'
               and m.table_pk_value = nvl(?,?)
			
---------------------Binding info---------------------
No.1	Access path:@exp_report_header_id	Data type of passed value :[null]	Value:null	Output:false	Database Type:null	
No.2	Access path:@head_id	Data type of passed value :java.lang.String	Value:1637	Output:false	Database Type:null	

=============== END [query] SQL Statement execution dump ============

2018-10-15 06:58:34.676 [aurora.database] [CONFIG] ===================================== prepare to run model-query expm.exp_expense_report_header_query_for_wbc==============================
2018-10-15 06:58:34.678 [uncertain.proc] [CONFIG] [action] DecideSqlGenerationMode
2018-10-15 06:58:34.678 [uncertain.proc] [FINE] aurora.database.service.BusinessModelService.onDecideSqlGenerationMode
2018-10-15 06:58:34.678 [uncertain.proc] [CONFIG] [action] CreateOperationSql
2018-10-15 06:58:34.678 [uncertain.proc] [CONFIG] [action] PopulateOperationSql
2018-10-15 06:58:34.678 [uncertain.proc] [FINE] aurora.database.features.OrderByClauseCreator.onPopulateOperationSql
2018-10-15 06:58:34.678 [uncertain.proc] [FINE] aurora.database.features.WhereClauseCreator.onPopulateOperationSql
2018-10-15 06:58:34.678 [uncertain.proc] [CONFIG] [action] ExecuteQuery
2018-10-15 06:58:34.678 [uncertain.proc] [FINE] aurora.bm.QuerySqlCreator.onExecuteQuery
2018-10-15 06:58:34.679 [uncertain.proc] [CONFIG] [action] QueryFinish
2018-10-15 06:58:34.679 [uncertain.proc] [FINE] aurora.database.features.AutoQueryCounter.onQueryFinish
2018-10-15 06:58:34.679 [uncertain.proc] [CONFIG] [action] FetchResultSet
2018-10-15 06:58:34.679 [uncertain.proc] [FINE] aurora.database.features.CacheBasedLookUpField.postFetchResultSet
2018-10-15 06:58:34.679 [aurora.database] [CONFIG] 
============= BEGIN [query] SQL Statement execution dump ============

                SELECT t.*
                FROM (
                      SELECT t.exp_report_header_id,t.company_id,(
                          SELECT fc.company_short_name
                          FROM fnd_companies_vl fc
                          WHERE fc.company_id = t.company_id
                        ) company_name,t.amortization_flag,t.operation_unit_id,t.exp_report_number,t.exp_report_barcode,t.employee_id,ee.name employee_name,t.position_id,t.unit_id,t.payee_category,t.payee_id,t.exp_report_type_id,eet.description exp_report_type_desc,t.expense_user_group_id,t.currency_code,(
                          SELECT currency_name
                          FROM gld_currency_vl gcv
                          WHERE gcv.currency_code = t.currency_code
                        ) currency_name,t.exchange_rate_type,t.exchange_rate_quotation,t.exchange_rate,TO_CHAR (t.report_date, 'yyyy-mm-dd') report_date,t.period_name,t.report_status,aa.code_value_name report_status_desc,t.audit_flag,t.audit_date,t.gld_interface_flag,t.attachment_num,t.description,t.write_off_status,t.write_off_completed_date,t.reversed_flag,t.source_exp_rep_header_id,(
                          SELECT SUM (erl.report_amount)
                          FROM exp_report_lines erl
                          WHERE erl.exp_report_header_id = t.exp_report_header_id
                        ) report_amount,
                        DECODE (t.je_creation_status,'SUCCESS', 'Y','N'
                        ) je_creation_status
                      FROM exp_report_headers t,exp_expense_report_types_vl eet,exp_employees ee,(
                          SELECT scv.code_value,scv.code_value_name
                          FROM sys_codes sc,sys_code_values_vl scv
                          WHERE sc.code_id = scv.code_id
                            AND sc.code = 'EXP_EXPENSE_REPORT_STATUS'
                            AND sc.enabled_flag = 'Y'
                            AND scv.enabled_flag = 'Y'
                        ) aa
                      WHERE  t.report_status in ('COMPLETELY_APPROVED','REJECTED')
                        AND t.exp_report_type_id = eet.expense_report_type_id(+)
                        AND t.employee_id = ee.employee_id(+)
                        AND t.report_status = aa.code_value(+)
                    ) t  WHERE t.exp_report_header_id=?
                ORDER BY EXP_REPORT_NUMBER DESC
            
---------------------Binding info---------------------
No.1	Access path:/parameter/@head_id	Data type of passed value :java.lang.String	Value:1637	Output:false	Database Type:null	

=============== END [query] SQL Statement execution dump ============

2018-10-15 06:58:34.679 [aurora.database] [CONFIG] ===================================== prepare to run model-query expm.cux_exp_report_get_image_url==============================
2018-10-15 06:58:34.682 [uncertain.proc] [CONFIG] [action] DecideSqlGenerationMode
2018-10-15 06:58:34.682 [uncertain.proc] [FINE] aurora.database.service.BusinessModelService.onDecideSqlGenerationMode
2018-10-15 06:58:34.682 [uncertain.proc] [CONFIG] [action] CreateOperationSql
2018-10-15 06:58:34.682 [uncertain.proc] [CONFIG] [action] PopulateOperationSql
2018-10-15 06:58:34.682 [uncertain.proc] [FINE] aurora.database.features.OrderByClauseCreator.onPopulateOperationSql
2018-10-15 06:58:34.682 [uncertain.proc] [FINE] aurora.database.features.WhereClauseCreator.onPopulateOperationSql
2018-10-15 06:58:34.682 [uncertain.proc] [CONFIG] [action] ExecuteQuery
2018-10-15 06:58:34.682 [uncertain.proc] [FINE] aurora.bm.QuerySqlCreator.onExecuteQuery
2018-10-15 06:58:34.683 [uncertain.proc] [CONFIG] [action] QueryFinish
2018-10-15 06:58:34.683 [uncertain.proc] [FINE] aurora.database.features.AutoQueryCounter.onQueryFinish
2018-10-15 06:58:34.683 [uncertain.proc] [CONFIG] [action] FetchResultSet
2018-10-15 06:58:34.683 [uncertain.proc] [FINE] aurora.database.features.CacheBasedLookUpField.postFetchResultSet
2018-10-15 06:58:34.684 [aurora.database] [CONFIG] 
============= BEGIN [query] SQL Statement execution dump ============

                SELECT
                    h.exp_report_header_id,
                    h.exp_report_number,
                    (SELECT sys_parameter_pkg.value('CUX_SYS_IMAGE_URL') FROM dual
                    )AS cux_sys_image_url,
                    (SELECT sys_parameter_pkg.value('CUX_SYS_IMAGE_QUERY_URL') FROM dual
                    )AS cux_sys_image_query_url,
                    (SELECT sys_parameter_pkg.value('CUX_SYS_IMAGE_BUSTYPE') FROM dual
                    )AS cux_sys_image_bustype,
                    (SELECT sys_parameter_pkg.value('CUX_SYS_IMAGE_BUSNO') FROM dual
                    )AS cux_sys_image_busno,
                    (SELECT sys_parameter_pkg.value('CUX_SYS_IMAGE_WINDOW_WIDTH') FROM dual
                    )as cux_img_window_width,
                    (SELECT
                        ee.employee_code
                    FROM
                        exp_employees ee
                    WHERE
                        ee.employee_id=h.employee_id
                    ) employee_code,
                    (SELECT u.unit_code FROM exp_org_unit_vl u WHERE u.unit_id=h.unit_id
                    )unit_code,
                    (SELECT
                        sys_parameter_pkg.value('CUX_SYS_IMAGE_QUERY_URL')
                        || '?token_type=bearer'
                        ||chr(38)
                        ||'amp;scope=read write'
                        ||chr(38)
                        ||'amp;busibyte='
                        || sys_parameter_pkg.value('CUX_SYS_IMAGE_BUSNO')
                        || chr(38)
                        ||'amp;barno='
                        || h.exp_report_number
                    FROM
                       dual
                    ) AS cux_wbc_doc_img_query_url,
                    (SELECT
                        sys_parameter_pkg.value('CUX_SYS_IMAGE_QUERY_URL')
                        || '?token_type=bearer'
                        ||chr(38)
                        ||'scope=read write'
                        ||chr(38)
                        ||'busibyte='
                        || sys_parameter_pkg.value('CUX_SYS_IMAGE_BUSNO')
                        || chr(38)
                        ||'barno='
                        || h.exp_report_number
                    FROM
                       dual
                    ) AS cux_wbc_doc_img_query_str_url
                FROM
                    exp_report_headers h  WHERE h.exp_report_header_id=?
            
---------------------Binding info---------------------
No.1	Access path:/parameter/@head_id	Data type of passed value :java.lang.String	Value:1637	Output:false	Database Type:null	

=============== END [query] SQL Statement execution dump ============

2018-10-15 06:58:34.684 [uncertain.proc] [CONFIG] [action] CreateView
2018-10-15 06:58:34.684 [uncertain.proc] [CONFIG] [action] BuildOutputContent
2018-10-15 06:58:34.684 [aurora.presentation.buildsession] [CONFIG] Start build session
2018-10-15 06:58:34.684 [aurora.presentation.buildsession] [CONFIG] building view: <html-page> -> aurora.presentation.component.HtmlPage@2bcfb79e
2018-10-15 06:58:34.684 [aurora.presentation.buildsession] [CONFIG] building view: <link> -> aurora.presentation.TemplateBasedView@3dda489e
2018-10-15 06:58:34.684 [aurora.presentation.buildsession] [CONFIG] building view: <link> -> aurora.presentation.TemplateBasedView@3dda489e
2018-10-15 06:58:34.684 [aurora.presentation.buildsession] [CONFIG] building view: <link> -> aurora.presentation.TemplateBasedView@3dda489e
2018-10-15 06:58:34.684 [aurora.presentation.buildsession] [CONFIG] building view: <link> -> aurora.presentation.TemplateBasedView@3dda489e
2018-10-15 06:58:34.684 [aurora.presentation.buildsession] [CONFIG] building view: <link> -> aurora.presentation.TemplateBasedView@3dda489e
2018-10-15 06:58:34.684 [aurora.presentation.buildsession] [CONFIG] building view: <link> -> aurora.presentation.TemplateBasedView@3dda489e
2018-10-15 06:58:34.685 [aurora.presentation.buildsession] [CONFIG] building view: <link> -> aurora.presentation.TemplateBasedView@3dda489e
2018-10-15 06:58:34.685 [aurora.presentation.buildsession] [CONFIG] building view: <link> -> aurora.presentation.TemplateBasedView@3dda489e
2018-10-15 06:58:34.685 [aurora.presentation.buildsession] [CONFIG] building view: <link> -> aurora.presentation.TemplateBasedView@3dda489e
2018-10-15 06:58:34.685 [aurora.presentation.buildsession] [CONFIG] building view: <link> -> aurora.presentation.TemplateBasedView@3dda489e
2018-10-15 06:58:34.685 [aurora.presentation.buildsession] [CONFIG] building view: <link> -> aurora.presentation.TemplateBasedView@3dda489e
2018-10-15 06:58:34.685 [aurora.presentation.buildsession] [CONFIG] building view: <link> -> aurora.presentation.TemplateBasedView@3dda489e
2018-10-15 06:58:34.685 [aurora.presentation.buildsession] [CONFIG] building view: <link> -> aurora.presentation.TemplateBasedView@3dda489e
2018-10-15 06:58:34.685 [aurora.presentation.buildsession] [CONFIG] building view: <link> -> aurora.presentation.TemplateBasedView@3dda489e
2018-10-15 06:58:34.685 [aurora.presentation.buildsession] [CONFIG] building view: <link> -> aurora.presentation.TemplateBasedView@3dda489e
2018-10-15 06:58:34.685 [aurora.presentation.buildsession] [CONFIG] building view: <link> -> aurora.presentation.TemplateBasedView@3dda489e
2018-10-15 06:58:34.685 [aurora.presentation.buildsession] [CONFIG] building view: <link> -> aurora.presentation.TemplateBasedView@3dda489e
2018-10-15 06:58:34.685 [aurora.presentation.buildsession] [CONFIG] building view: <script> -> aurora.presentation.DefaultViewBuilder@35f5c5a3
2018-10-15 06:58:34.687 [aurora.presentation.buildsession] [CONFIG] building view: <style> -> aurora.presentation.DefaultViewBuilder@35f5c5a3
2018-10-15 06:58:34.687 [aurora.presentation.buildsession] [CONFIG] building view: <dataSets> -> aurora.application.features.DataSetInit@8b4ba0e
2018-10-15 06:58:34.687 [aurora.presentation.buildsession] [CONFIG] building view: <dataSet> -> aurora.presentation.TemplateBasedView@3dda489e
2018-10-15 06:58:34.687 [aurora.presentation.buildsession] [CONFIG] building view: <dataSet> -> aurora.presentation.TemplateBasedView@3dda489e
2018-10-15 06:58:34.688 [aurora.presentation.buildsession] [CONFIG] building view: <dataSet> -> aurora.presentation.TemplateBasedView@3dda489e
2018-10-15 06:58:34.693 [aurora.presentation.buildsession] [CONFIG] building view: <screenBody> -> aurora.presentation.component.std.ScreenBody@3c86522
2018-10-15 06:58:34.693 [aurora.presentation.buildsession] [CONFIG] building view: <form> -> aurora.presentation.component.std.Form@531b99b4
2018-10-15 06:58:34.693 [aurora.presentation.buildsession] [CONFIG] building view: <box> -> aurora.presentation.component.std.Box@53ea70e
2018-10-15 06:58:34.693 [aurora.presentation.buildsession] [CONFIG] building view: <label> -> aurora.presentation.TemplateBasedView@3dda489e
2018-10-15 06:58:34.693 [aurora.presentation.buildsession] [CONFIG] building view: <label> -> aurora.presentation.TemplateBasedView@3dda489e
2018-10-15 06:58:34.693 [aurora.presentation.buildsession] [CONFIG] building view: <label> -> aurora.presentation.TemplateBasedView@3dda489e
2018-10-15 06:58:34.705 [aurora.presentation.buildsession] [CONFIG] building view: <label> -> aurora.presentation.TemplateBasedView@3dda489e
2018-10-15 06:58:34.706 [aurora.presentation.buildsession] [CONFIG] building view: <label> -> aurora.presentation.TemplateBasedView@3dda489e
2018-10-15 06:58:34.706 [aurora.presentation.buildsession] [CONFIG] building view: <label> -> aurora.presentation.TemplateBasedView@3dda489e
2018-10-15 06:58:34.706 [aurora.presentation.buildsession] [CONFIG] building view: <label> -> aurora.presentation.TemplateBasedView@3dda489e
2018-10-15 06:58:34.706 [aurora.presentation.buildsession] [CONFIG] building view: <label> -> aurora.presentation.TemplateBasedView@3dda489e
2018-10-15 06:58:34.706 [aurora.presentation.buildsession] [CONFIG] building view: <label> -> aurora.presentation.TemplateBasedView@3dda489e
2018-10-15 06:58:34.706 [aurora.presentation.buildsession] [CONFIG] building view: <label> -> aurora.presentation.TemplateBasedView@3dda489e
2018-10-15 06:58:34.706 [aurora.presentation.buildsession] [CONFIG] building view: <hBox> -> aurora.presentation.component.std.HBox@68d68824
2018-10-15 06:58:34.707 [aurora.presentation.buildsession] [CONFIG] building view: <datePicker> -> aurora.presentation.TemplateBasedView@3dda489e
2018-10-15 06:58:34.707 [aurora.presentation.buildsession] [CONFIG] building view: <button> -> aurora.presentation.TemplateBasedView@3dda489e
2018-10-15 06:58:34.707 [aurora.presentation.buildsession] [CONFIG] building view: <button> -> aurora.presentation.TemplateBasedView@3dda489e
2018-10-15 06:58:34.707 [aurora.presentation.buildsession] [CONFIG] building view: <button> -> aurora.presentation.TemplateBasedView@3dda489e
2018-10-15 06:58:34.708 [aurora.presentation.buildsession] [CONFIG] building view: <button> -> aurora.presentation.TemplateBasedView@3dda489e
2018-10-15 06:58:34.708 [aurora.presentation.buildsession] [CONFIG] building view: <button> -> aurora.presentation.TemplateBasedView@3dda489e
2018-10-15 06:58:34.708 [aurora.presentation.buildsession] [CONFIG] building view: <grid> -> aurora.presentation.TemplateBasedView@3dda489e
2018-10-15 06:58:34.708 [aurora.presentation.buildsession] [CONFIG] building view: <toolBar> -> aurora.presentation.TemplateBasedView@3dda489e
2018-10-15 06:58:34.708 [aurora.presentation.buildsession] [CONFIG] building view: <button> -> aurora.presentation.TemplateBasedView@3dda489e
2018-10-15 06:58:34.709 [aurora.presentation.buildsession] [CONFIG] building view: <navBar> -> aurora.presentation.TemplateBasedView@3dda489e
2018-10-15 06:58:34.710 [aurora.presentation.buildsession] [CONFIG] building view: <button> -> aurora.presentation.TemplateBasedView@3dda489e
2018-10-15 06:58:34.711 [aurora.presentation.buildsession] [CONFIG] building view: <button> -> aurora.presentation.TemplateBasedView@3dda489e
2018-10-15 06:58:34.711 [aurora.presentation.buildsession] [CONFIG] building view: <separator> -> aurora.presentation.TemplateBasedView@3dda489e
2018-10-15 06:58:34.711 [aurora.presentation.buildsession] [CONFIG] building view: <div> -> aurora.presentation.DefaultViewBuilder@35f5c5a3
2018-10-15 06:58:34.711 [aurora.presentation.buildsession] [CONFIG] building view: <numberField> -> aurora.presentation.TemplateBasedView@3dda489e
2018-10-15 06:58:34.711 [aurora.presentation.buildsession] [CONFIG] building view: <div> -> aurora.presentation.DefaultViewBuilder@35f5c5a3
2018-10-15 06:58:34.711 [aurora.presentation.buildsession] [CONFIG] building view: <separator> -> aurora.presentation.TemplateBasedView@3dda489e
2018-10-15 06:58:34.711 [aurora.presentation.buildsession] [CONFIG] building view: <button> -> aurora.presentation.TemplateBasedView@3dda489e
2018-10-15 06:58:34.712 [aurora.presentation.buildsession] [CONFIG] building view: <button> -> aurora.presentation.TemplateBasedView@3dda489e
2018-10-15 06:58:34.712 [aurora.presentation.buildsession] [CONFIG] building view: <button> -> aurora.presentation.TemplateBasedView@3dda489e
2018-10-15 06:58:34.712 [aurora.presentation.buildsession] [CONFIG] building view: <separator> -> aurora.presentation.TemplateBasedView@3dda489e
2018-10-15 06:58:34.712 [aurora.presentation.buildsession] [CONFIG] building view: <div> -> aurora.presentation.DefaultViewBuilder@35f5c5a3
2018-10-15 06:58:34.712 [aurora.presentation.buildsession] [CONFIG] building view: <comboBox> -> aurora.presentation.TemplateBasedView@3dda489e
2018-10-15 06:58:34.712 [aurora.presentation.buildsession] [CONFIG] building view: <div> -> aurora.presentation.DefaultViewBuilder@35f5c5a3
2018-10-15 06:58:34.712 [aurora.presentation.buildsession] [CONFIG] building view: <separator> -> aurora.presentation.TemplateBasedView@3dda489e
2018-10-15 06:58:34.713 [aurora.presentation.buildsession] [CONFIG] building view: <div> -> aurora.presentation.DefaultViewBuilder@35f5c5a3
2018-10-15 06:58:34.714 [aurora.presentation.buildsession] [CONFIG] building view: <textField> -> aurora.presentation.TemplateBasedView@3dda489e
2018-10-15 06:58:34.714 [aurora.presentation.buildsession] [CONFIG] building view: <lov> -> aurora.presentation.TemplateBasedView@3dda489e
2018-10-15 06:58:34.715 [aurora.presentation.buildsession] [CONFIG] building view: <script> -> aurora.presentation.DefaultViewBuilder@35f5c5a3
2018-10-15 06:58:34.715 [aurora.presentation.buildsession] [CONFIG] building view: <script> -> aurora.presentation.DefaultViewBuilder@35f5c5a3
2018-10-15 06:58:34.715 [aurora.presentation.buildsession] [CONFIG] building view: <script> -> aurora.presentation.DefaultViewBuilder@35f5c5a3
2018-10-15 06:58:34.715 [aurora.presentation.buildsession] [CONFIG] End build session
2018-10-15 06:58:34.715 [aurora.presentation.buildsession] [CONFIG] building view: <form> -> aurora.presentation.component.std.Form@3f786e70
2018-10-15 06:58:34.715 [aurora.presentation.buildsession] [CONFIG] building view: <table> -> aurora.presentation.TemplateBasedView@3dda489e
2018-10-15 06:58:34.716 [aurora.presentation.buildsession] [CONFIG] building view: <script> -> aurora.presentation.DefaultViewBuilder@35f5c5a3
2018-10-15 06:58:34.716 [aurora.presentation.buildsession] [CONFIG] End build session
