2018-10-12 08:56:28.785 [aurora.application.session_check] [CONFIG] Session data copied to context
2018-10-12 08:56:28.785 [aurora.application.session_check] [CONFIG] Access check result for modules/sys/SYS1120/sys_parameter_value_lov.screen => success
2018-10-12 08:56:28.785 [uncertain.proc] [CONFIG] [action] AccessCheck
2018-10-12 08:56:28.808 [uncertain.proc] [CONFIG] [action] InitService
2018-10-12 08:56:28.808 [uncertain.proc] [CONFIG] [action] ParseParameter
2018-10-12 08:56:28.808 [uncertain.proc] [CONFIG] [action] CreateModel
2018-10-12 08:56:28.808 [aurora.database] [CONFIG] ===================================== prepare to run model-query sys.sys_parameters==============================
2018-10-12 08:56:28.816 [uncertain.proc] [CONFIG] [action] DecideSqlGenerationMode
2018-10-12 08:56:28.816 [uncertain.proc] [FINE] aurora.database.service.BusinessModelService.onDecideSqlGenerationMode
2018-10-12 08:56:28.816 [uncertain.proc] [CONFIG] [action] CreatequeryStatement
2018-10-12 08:56:28.816 [uncertain.proc] [FINE] aurora.bm.QuerySqlCreator.onCreateQueryStatement
2018-10-12 08:56:28.818 [uncertain.proc] [CONFIG] [action] PopulatequeryStatement
2018-10-12 08:56:28.818 [uncertain.proc] [FINE] aurora.database.features.OrderByClauseCreator.onPopulateQueryStatement
2018-10-12 08:56:28.818 [uncertain.proc] [FINE] aurora.database.features.WhereClauseCreator.onPopulateQueryStatement
2018-10-12 08:56:28.818 [uncertain.proc] [CONFIG] [action] CreatequerySql
2018-10-12 08:56:28.818 [uncertain.proc] [FINE] aurora.bm.QuerySqlCreator.onCreateQuerySql
2018-10-12 08:56:28.818 [uncertain.proc] [CONFIG] [action] ExecuteQuery
2018-10-12 08:56:28.818 [uncertain.proc] [FINE] aurora.bm.QuerySqlCreator.onExecuteQuery
2018-10-12 08:56:28.853 [uncertain.proc] [CONFIG] [action] QueryFinish
2018-10-12 08:56:28.853 [uncertain.proc] [FINE] aurora.database.features.AutoQueryCounter.onQueryFinish
2018-10-12 08:56:28.853 [uncertain.proc] [CONFIG] [action] FetchResultSet
2018-10-12 08:56:28.853 [uncertain.proc] [FINE] aurora.database.features.CacheBasedLookUpField.postFetchResultSet
2018-10-12 08:56:28.854 [aurora.database] [CONFIG] 
============= BEGIN [query] SQL Statement execution dump ============
SELECT p.parameter_id,p.module_id,p.parameter_code,p.validation_type,p.validation_type AS validation_type_display,p.description,p.user_changeable_flag,p.user_visible_flag,p.system_enabled_flag,p.role_enabled_flag,p.user_enabled_flag,p.sql_validation,p.start_date_active,p.end_date_active,p.parameter_name_id,(select DESCRIPTION_TEXT from fnd_descriptions where DESCRIPTION_ID=p.parameter_name_id and Language=?) AS parameter_name,p.encrypt_value_flag,p.app_enabled_flag,p.company_enabled_flag,(select DESCRIPTION_TEXT from fnd_descriptions where DESCRIPTION_ID=sm.module_name_id and Language=?) AS module_name,sm.module_name_id
FROM sys_parameters p
	LEFT OUTER JOIN sys_module sm ON p.module_id = sm.module_id
WHERE parameter_id=? AND p.parameter_id = ?
ORDER BY parameter_code
---------------------Binding info---------------------
No.1	Access path:/session/@lang	Data type of passed value :java.lang.String	Value:ZHS	Output:false	Database Type:null	
No.2	Access path:/session/@lang	Data type of passed value :java.lang.String	Value:ZHS	Output:false	Database Type:null	
No.3	Access path:/parameter/@parameter_id	Data type of passed value :java.lang.Long	Value:9	Output:false	Database Type:null	
No.4	Access path:@parameter_id	Data type of passed value :java.lang.Long	Value:9	Output:false	Database Type:null	

=============== END [query] SQL Statement execution dump ============

2018-10-12 08:56:28.854 [uncertain.proc] [CONFIG] [action] CreateView
2018-10-12 08:56:28.854 [uncertain.proc] [CONFIG] [action] BuildOutputContent
2018-10-12 08:56:28.854 [aurora.presentation.buildsession] [CONFIG] Start build session
2018-10-12 08:56:28.854 [aurora.presentation.buildsession] [CONFIG] building view: <html-page> -> aurora.presentation.component.HtmlPage@4383b18d
2018-10-12 08:56:28.855 [aurora.presentation.buildsession] [CONFIG] building view: <script> -> aurora.presentation.DefaultViewBuilder@35f5c5a3
2018-10-12 08:56:28.855 [aurora.presentation.buildsession] [CONFIG] building view: <dataSets> -> aurora.application.features.DataSetInit@609e95b0
2018-10-12 08:56:28.855 [aurora.presentation.buildsession] [CONFIG] building view: <dataSet> -> aurora.presentation.TemplateBasedView@3dda489e
2018-10-12 08:56:28.855 [aurora.presentation.buildsession] [CONFIG] building view: <dataSet> -> aurora.presentation.TemplateBasedView@3dda489e
2018-10-12 08:56:28.855 [aurora.presentation.buildsession] [CONFIG] building view: <dataSet> -> aurora.presentation.TemplateBasedView@3dda489e
2018-10-12 08:56:28.856 [aurora.presentation.buildsession] [CONFIG] building view: <screenBody> -> aurora.presentation.component.std.ScreenBody@2aad6d22
2018-10-12 08:56:28.856 [aurora.presentation.buildsession] [CONFIG] building view: <form> -> aurora.presentation.component.std.Form@14ec1d44
2018-10-12 08:56:28.856 [aurora.presentation.buildsession] [CONFIG] building view: <textField> -> aurora.presentation.TemplateBasedView@3dda489e
2018-10-12 08:56:28.856 [aurora.presentation.buildsession] [CONFIG] building view: <textField> -> aurora.presentation.TemplateBasedView@3dda489e
2018-10-12 08:56:28.856 [aurora.presentation.buildsession] [CONFIG] building view: <hBox> -> aurora.presentation.component.std.HBox@4a3dc98d
2018-10-12 08:56:28.857 [aurora.presentation.buildsession] [CONFIG] building view: <button> -> aurora.presentation.TemplateBasedView@3dda489e
2018-10-12 08:56:28.857 [aurora.presentation.buildsession] [CONFIG] building view: <button> -> aurora.presentation.TemplateBasedView@3dda489e
2018-10-12 08:56:28.857 [aurora.presentation.buildsession] [CONFIG] building view: <grid> -> aurora.presentation.TemplateBasedView@3dda489e
2018-10-12 08:56:28.857 [aurora.presentation.buildsession] [CONFIG] building view: <navBar> -> aurora.presentation.TemplateBasedView@3dda489e
2018-10-12 08:56:28.858 [aurora.presentation.buildsession] [CONFIG] building view: <button> -> aurora.presentation.TemplateBasedView@3dda489e
2018-10-12 08:56:28.858 [aurora.presentation.buildsession] [CONFIG] building view: <button> -> aurora.presentation.TemplateBasedView@3dda489e
2018-10-12 08:56:28.858 [aurora.presentation.buildsession] [CONFIG] building view: <separator> -> aurora.presentation.TemplateBasedView@3dda489e
2018-10-12 08:56:28.859 [aurora.presentation.buildsession] [CONFIG] building view: <div> -> aurora.presentation.DefaultViewBuilder@35f5c5a3
2018-10-12 08:56:28.859 [aurora.presentation.buildsession] [CONFIG] building view: <numberField> -> aurora.presentation.TemplateBasedView@3dda489e
2018-10-12 08:56:28.859 [aurora.presentation.buildsession] [CONFIG] building view: <div> -> aurora.presentation.DefaultViewBuilder@35f5c5a3
2018-10-12 08:56:28.859 [aurora.presentation.buildsession] [CONFIG] building view: <separator> -> aurora.presentation.TemplateBasedView@3dda489e
2018-10-12 08:56:28.859 [aurora.presentation.buildsession] [CONFIG] building view: <button> -> aurora.presentation.TemplateBasedView@3dda489e
2018-10-12 08:56:28.859 [aurora.presentation.buildsession] [CONFIG] building view: <button> -> aurora.presentation.TemplateBasedView@3dda489e
2018-10-12 08:56:28.860 [aurora.presentation.buildsession] [CONFIG] building view: <button> -> aurora.presentation.TemplateBasedView@3dda489e
2018-10-12 08:56:28.860 [aurora.presentation.buildsession] [CONFIG] building view: <separator> -> aurora.presentation.TemplateBasedView@3dda489e
2018-10-12 08:56:28.860 [aurora.presentation.buildsession] [CONFIG] building view: <div> -> aurora.presentation.DefaultViewBuilder@35f5c5a3
2018-10-12 08:56:28.860 [aurora.presentation.buildsession] [CONFIG] building view: <comboBox> -> aurora.presentation.TemplateBasedView@3dda489e
2018-10-12 08:56:28.860 [aurora.presentation.buildsession] [CONFIG] building view: <div> -> aurora.presentation.DefaultViewBuilder@35f5c5a3
2018-10-12 08:56:28.860 [aurora.presentation.buildsession] [CONFIG] building view: <separator> -> aurora.presentation.TemplateBasedView@3dda489e
2018-10-12 08:56:28.860 [aurora.presentation.buildsession] [CONFIG] building view: <div> -> aurora.presentation.DefaultViewBuilder@35f5c5a3
2018-10-12 08:56:28.861 [aurora.presentation.buildsession] [CONFIG] End build session
