2018-10-15 09:55:41.62 [aurora.application.session_check] [CONFIG] Session data copied to context
2018-10-15 09:55:41.86 [aurora.application.session_check] [CONFIG] Access check result for modules/sys/SYS1120/sys_parameter_values.screen => success
2018-10-15 09:55:41.86 [uncertain.proc] [CONFIG] [action] AccessCheck
2018-10-15 09:55:41.115 [uncertain.proc] [CONFIG] [action] InitService
2018-10-15 09:55:41.115 [uncertain.proc] [CONFIG] [action] ParseParameter
2018-10-15 09:55:41.115 [uncertain.proc] [CONFIG] [action] CreateModel
2018-10-15 09:55:41.115 [aurora.database] [CONFIG] ===================================== prepare to run model-query sys.sys_parameters==============================
2018-10-15 09:55:41.123 [uncertain.proc] [CONFIG] [action] DecideSqlGenerationMode
2018-10-15 09:55:41.123 [uncertain.proc] [FINE] aurora.database.service.BusinessModelService.onDecideSqlGenerationMode
2018-10-15 09:55:41.123 [uncertain.proc] [CONFIG] [action] CreatequeryStatement
2018-10-15 09:55:41.123 [uncertain.proc] [FINE] aurora.bm.QuerySqlCreator.onCreateQueryStatement
2018-10-15 09:55:41.125 [uncertain.proc] [CONFIG] [action] PopulatequeryStatement
2018-10-15 09:55:41.125 [uncertain.proc] [FINE] aurora.database.features.OrderByClauseCreator.onPopulateQueryStatement
2018-10-15 09:55:41.125 [uncertain.proc] [FINE] aurora.database.features.WhereClauseCreator.onPopulateQueryStatement
2018-10-15 09:55:41.125 [uncertain.proc] [CONFIG] [action] CreatequerySql
2018-10-15 09:55:41.125 [uncertain.proc] [FINE] aurora.bm.QuerySqlCreator.onCreateQuerySql
2018-10-15 09:55:41.125 [uncertain.proc] [CONFIG] [action] ExecuteQuery
2018-10-15 09:55:41.125 [uncertain.proc] [FINE] aurora.bm.QuerySqlCreator.onExecuteQuery
2018-10-15 09:55:41.153 [uncertain.proc] [CONFIG] [action] QueryFinish
2018-10-15 09:55:41.153 [uncertain.proc] [FINE] aurora.database.features.AutoQueryCounter.onQueryFinish
2018-10-15 09:55:41.153 [uncertain.proc] [CONFIG] [action] FetchResultSet
2018-10-15 09:55:41.153 [uncertain.proc] [FINE] aurora.database.features.CacheBasedLookUpField.postFetchResultSet
2018-10-15 09:55:41.156 [aurora.database] [CONFIG] 
============= BEGIN [query] SQL Statement execution dump ============
SELECT p.parameter_id,p.module_id,p.parameter_code,p.validation_type,p.validation_type AS validation_type_display,p.description,p.user_changeable_flag,p.user_visible_flag,p.system_enabled_flag,p.role_enabled_flag,p.user_enabled_flag,p.sql_validation,p.start_date_active,p.end_date_active,p.parameter_name_id,(select DESCRIPTION_TEXT from fnd_descriptions where DESCRIPTION_ID=p.parameter_name_id and Language=?) AS parameter_name,p.encrypt_value_flag,p.app_enabled_flag,p.company_enabled_flag,(select DESCRIPTION_TEXT from fnd_descriptions where DESCRIPTION_ID=sm.module_name_id and Language=?) AS module_name,sm.module_name_id
FROM sys_parameters p
	LEFT OUTER JOIN sys_module sm ON p.module_id = sm.module_id
WHERE parameter_id=?
ORDER BY parameter_code
---------------------Binding info---------------------
No.1	Access path:/session/@lang	Data type of passed value :java.lang.String	Value:ZHS	Output:false	Database Type:null	
No.2	Access path:/session/@lang	Data type of passed value :java.lang.String	Value:ZHS	Output:false	Database Type:null	
No.3	Access path:/parameter/@parameter_id	Data type of passed value :[null]	Value:null	Output:false	Database Type:null	

=============== END [query] SQL Statement execution dump ============

2018-10-15 09:55:41.156 [aurora.database] [CONFIG] ===================================== prepare to run model-query sys.sys_module_select==============================
2018-10-15 09:55:41.164 [uncertain.proc] [CONFIG] [action] DecideSqlGenerationMode
2018-10-15 09:55:41.164 [uncertain.proc] [FINE] aurora.database.service.BusinessModelService.onDecideSqlGenerationMode
2018-10-15 09:55:41.164 [uncertain.proc] [CONFIG] [action] CreatequeryStatement
2018-10-15 09:55:41.164 [uncertain.proc] [FINE] aurora.bm.QuerySqlCreator.onCreateQueryStatement
2018-10-15 09:55:41.164 [uncertain.proc] [CONFIG] [action] PopulatequeryStatement
2018-10-15 09:55:41.164 [uncertain.proc] [FINE] aurora.database.features.OrderByClauseCreator.onPopulateQueryStatement
2018-10-15 09:55:41.164 [uncertain.proc] [FINE] aurora.database.features.WhereClauseCreator.onPopulateQueryStatement
2018-10-15 09:55:41.164 [uncertain.proc] [CONFIG] [action] CreatequerySql
2018-10-15 09:55:41.164 [uncertain.proc] [FINE] aurora.bm.QuerySqlCreator.onCreateQuerySql
2018-10-15 09:55:41.164 [uncertain.proc] [CONFIG] [action] ExecuteQuery
2018-10-15 09:55:41.164 [uncertain.proc] [FINE] aurora.bm.QuerySqlCreator.onExecuteQuery
2018-10-15 09:55:41.171 [uncertain.proc] [CONFIG] [action] QueryFinish
2018-10-15 09:55:41.171 [uncertain.proc] [FINE] aurora.database.features.AutoQueryCounter.onQueryFinish
2018-10-15 09:55:41.171 [uncertain.proc] [CONFIG] [action] FetchResultSet
2018-10-15 09:55:41.171 [uncertain.proc] [FINE] aurora.database.features.CacheBasedLookUpField.postFetchResultSet
2018-10-15 09:55:41.171 [aurora.database] [CONFIG] 
============= BEGIN [query] SQL Statement execution dump ============
SELECT (fc.module_code || '-' || (select fd.description_text from fnd_descriptions fd where fc.module_name_id=fd.description_id and fd.language=?)) AS module_name_display,fc.module_id,fc.module_code,fc.module_name_id,(select DESCRIPTION_TEXT from fnd_descriptions where DESCRIPTION_ID=fc.module_name_id and Language=?) AS module_name,fc.installed_flag
FROM sys_module fc

ORDER BY module_code
---------------------Binding info---------------------
No.1	Access path:/session/@lang	Data type of passed value :java.lang.String	Value:ZHS	Output:false	Database Type:null	
No.2	Access path:/session/@lang	Data type of passed value :java.lang.String	Value:ZHS	Output:false	Database Type:null	

=============== END [query] SQL Statement execution dump ============

2018-10-15 09:55:41.171 [uncertain.proc] [CONFIG] [action] CreateView
2018-10-15 09:55:41.171 [uncertain.proc] [CONFIG] [action] BuildOutputContent
2018-10-15 09:55:41.171 [aurora.presentation.buildsession] [CONFIG] Start build session
2018-10-15 09:55:41.171 [aurora.presentation.buildsession] [CONFIG] building view: <html-page> -> aurora.presentation.component.HtmlPage@dff7058
2018-10-15 09:55:41.174 [aurora.presentation.buildsession] [CONFIG] building view: <link> -> aurora.presentation.TemplateBasedView@3dda489e
2018-10-15 09:55:41.175 [aurora.presentation.buildsession] [CONFIG] building view: <script> -> aurora.presentation.DefaultViewBuilder@35f5c5a3
2018-10-15 09:55:41.175 [aurora.presentation.buildsession] [CONFIG] building view: <dataSets> -> aurora.application.features.DataSetInit@6608d30
2018-10-15 09:55:41.177 [aurora.presentation.buildsession] [CONFIG] building view: <dataSet> -> aurora.presentation.TemplateBasedView@3dda489e
2018-10-15 09:55:41.180 [aurora.presentation.buildsession] [CONFIG] building view: <dataSet> -> aurora.presentation.TemplateBasedView@3dda489e
2018-10-15 09:55:41.180 [aurora.presentation.buildsession] [CONFIG] building view: <dataSet> -> aurora.presentation.TemplateBasedView@3dda489e
2018-10-15 09:55:41.206 [aurora.presentation.buildsession] [CONFIG] building view: <dataSet> -> aurora.presentation.TemplateBasedView@3dda489e
2018-10-15 09:55:41.208 [aurora.presentation.buildsession] [CONFIG] building view: <screenBody> -> aurora.presentation.component.std.ScreenBody@58801a40
2018-10-15 09:55:41.208 [aurora.presentation.buildsession] [CONFIG] building view: <screenTopToolbar> -> aurora.presentation.component.std.ScreenTopToolbar@187a21d
2018-10-15 09:55:41.208 [aurora.presentation.buildsession] [CONFIG] building view: <screenTitle> -> aurora.presentation.component.std.ScreenTitle@778c6fc5
2018-10-15 09:55:41.213 [uncertain.proc] [CONFIG] [action] DecideSqlGenerationMode
2018-10-15 09:55:41.213 [uncertain.proc] [FINE] aurora.database.service.BusinessModelService.onDecideSqlGenerationMode
2018-10-15 09:55:41.213 [uncertain.proc] [CONFIG] [action] CreatequeryStatement
2018-10-15 09:55:41.213 [uncertain.proc] [FINE] aurora.bm.QuerySqlCreator.onCreateQueryStatement
2018-10-15 09:55:41.213 [uncertain.proc] [CONFIG] [action] PopulatequeryStatement
2018-10-15 09:55:41.213 [uncertain.proc] [FINE] aurora.database.features.OrderByClauseCreator.onPopulateQueryStatement
2018-10-15 09:55:41.213 [uncertain.proc] [FINE] aurora.database.features.WhereClauseCreator.onPopulateQueryStatement
2018-10-15 09:55:41.213 [uncertain.proc] [CONFIG] [action] CreatequerySql
2018-10-15 09:55:41.213 [uncertain.proc] [FINE] aurora.bm.QuerySqlCreator.onCreateQuerySql
2018-10-15 09:55:41.213 [uncertain.proc] [CONFIG] [action] ExecuteQuery
2018-10-15 09:55:41.213 [uncertain.proc] [FINE] aurora.bm.QuerySqlCreator.onExecuteQuery
2018-10-15 09:55:41.214 [uncertain.proc] [CONFIG] [action] QueryFinish
2018-10-15 09:55:41.214 [uncertain.proc] [FINE] aurora.database.features.AutoQueryCounter.onQueryFinish
2018-10-15 09:55:41.214 [uncertain.proc] [CONFIG] [action] FetchResultSet
2018-10-15 09:55:41.214 [uncertain.proc] [FINE] aurora.database.features.CacheBasedLookUpField.postFetchResultSet
2018-10-15 09:55:41.214 [aurora.database] [CONFIG] 
============= BEGIN [query] SQL Statement execution dump ============
SELECT f.service_id,f.service_name,f.is_entry_page,f.is_access_checked,f.is_login_required,f.is_system_access,? AS language,(select d.description_text from fnd_descriptions d where d.description_id = f.title_id and d.language = ?) AS title,f.title_id,f.weixin_flag
FROM sys_service f
WHERE f.service_name = ?
ORDER BY service_name
---------------------Binding info---------------------
No.1	Access path:/session/@lang	Data type of passed value :java.lang.String	Value:ZHS	Output:false	Database Type:null	
No.2	Access path:/session/@lang	Data type of passed value :java.lang.String	Value:ZHS	Output:false	Database Type:null	
No.3	Access path:@service_name	Data type of passed value :java.lang.String	Value:modules/sys/SYS1120/sys_parameter_values.screen	Output:false	Database Type:null	

=============== END [query] SQL Statement execution dump ============

2018-10-15 09:55:41.214 [aurora.presentation.buildsession] [CONFIG] building view: <toolbarButton> -> aurora.presentation.TemplateBasedView@3dda489e
2018-10-15 09:55:41.216 [aurora.presentation.buildsession] [CONFIG] building view: <gridButton> -> aurora.presentation.TemplateBasedView@3dda489e
2018-10-15 09:55:41.216 [aurora.presentation.buildsession] [CONFIG] building view: <queryForm> -> aurora.presentation.component.std.QueryForm@1f3dd6f8
2018-10-15 09:55:41.217 [aurora.presentation.buildsession] [CONFIG] building view: <hBox> -> aurora.presentation.component.std.HBox@3b7aa3be
2018-10-15 09:55:41.217 [aurora.presentation.buildsession] [CONFIG] building view: <comboBox> -> aurora.presentation.TemplateBasedView@3dda489e
2018-10-15 09:55:41.217 [aurora.presentation.buildsession] [CONFIG] building view: <textField> -> aurora.presentation.TemplateBasedView@3dda489e
2018-10-15 09:55:41.218 [aurora.presentation.buildsession] [CONFIG] building view: <textField> -> aurora.presentation.TemplateBasedView@3dda489e
2018-10-15 09:55:41.218 [aurora.presentation.buildsession] [CONFIG] building view: <toolbarButton> -> aurora.presentation.TemplateBasedView@3dda489e
2018-10-15 09:55:41.218 [aurora.presentation.buildsession] [CONFIG] building view: <toolbarButton> -> aurora.presentation.TemplateBasedView@3dda489e
2018-10-15 09:55:41.218 [aurora.presentation.buildsession] [CONFIG] building view: <box> -> aurora.presentation.component.std.Box@2fcf0241
2018-10-15 09:55:41.218 [aurora.presentation.buildsession] [CONFIG] building view: <comboBox> -> aurora.presentation.TemplateBasedView@3dda489e
2018-10-15 09:55:41.218 [aurora.presentation.buildsession] [CONFIG] building view: <lov> -> aurora.presentation.TemplateBasedView@3dda489e
2018-10-15 09:55:41.218 [aurora.presentation.buildsession] [CONFIG] building view: <lov> -> aurora.presentation.TemplateBasedView@3dda489e
2018-10-15 09:55:41.219 [aurora.presentation.buildsession] [CONFIG] building view: <lov> -> aurora.presentation.TemplateBasedView@3dda489e
2018-10-15 09:55:41.219 [aurora.presentation.buildsession] [CONFIG] building view: <grid> -> aurora.presentation.TemplateBasedView@3dda489e
2018-10-15 09:55:41.219 [aurora.presentation.buildsession] [CONFIG] building view: <navBar> -> aurora.presentation.TemplateBasedView@3dda489e
2018-10-15 09:55:41.220 [aurora.presentation.buildsession] [CONFIG] building view: <button> -> aurora.presentation.TemplateBasedView@3dda489e
2018-10-15 09:55:41.221 [aurora.presentation.buildsession] [CONFIG] building view: <button> -> aurora.presentation.TemplateBasedView@3dda489e
2018-10-15 09:55:41.221 [aurora.presentation.buildsession] [CONFIG] building view: <separator> -> aurora.presentation.TemplateBasedView@3dda489e
2018-10-15 09:55:41.221 [aurora.presentation.buildsession] [CONFIG] building view: <div> -> aurora.presentation.DefaultViewBuilder@35f5c5a3
2018-10-15 09:55:41.221 [aurora.presentation.buildsession] [CONFIG] building view: <numberField> -> aurora.presentation.TemplateBasedView@3dda489e
2018-10-15 09:55:41.221 [aurora.presentation.buildsession] [CONFIG] building view: <div> -> aurora.presentation.DefaultViewBuilder@35f5c5a3
2018-10-15 09:55:41.221 [aurora.presentation.buildsession] [CONFIG] building view: <separator> -> aurora.presentation.TemplateBasedView@3dda489e
2018-10-15 09:55:41.221 [aurora.presentation.buildsession] [CONFIG] building view: <button> -> aurora.presentation.TemplateBasedView@3dda489e
2018-10-15 09:55:41.222 [aurora.presentation.buildsession] [CONFIG] building view: <button> -> aurora.presentation.TemplateBasedView@3dda489e
2018-10-15 09:55:41.222 [aurora.presentation.buildsession] [CONFIG] building view: <button> -> aurora.presentation.TemplateBasedView@3dda489e
2018-10-15 09:55:41.222 [aurora.presentation.buildsession] [CONFIG] building view: <separator> -> aurora.presentation.TemplateBasedView@3dda489e
2018-10-15 09:55:41.222 [aurora.presentation.buildsession] [CONFIG] building view: <div> -> aurora.presentation.DefaultViewBuilder@35f5c5a3
2018-10-15 09:55:41.222 [aurora.presentation.buildsession] [CONFIG] building view: <comboBox> -> aurora.presentation.TemplateBasedView@3dda489e
2018-10-15 09:55:41.222 [aurora.presentation.buildsession] [CONFIG] building view: <div> -> aurora.presentation.DefaultViewBuilder@35f5c5a3
2018-10-15 09:55:41.222 [aurora.presentation.buildsession] [CONFIG] building view: <separator> -> aurora.presentation.TemplateBasedView@3dda489e
2018-10-15 09:55:41.222 [aurora.presentation.buildsession] [CONFIG] building view: <div> -> aurora.presentation.DefaultViewBuilder@35f5c5a3
2018-10-15 09:55:41.223 [aurora.presentation.buildsession] [CONFIG] building view: <textField> -> aurora.presentation.TemplateBasedView@3dda489e
2018-10-15 09:55:41.223 [aurora.presentation.buildsession] [CONFIG] building view: <lov> -> aurora.presentation.TemplateBasedView@3dda489e
2018-10-15 09:55:41.223 [aurora.presentation.buildsession] [CONFIG] building view: <script> -> aurora.presentation.DefaultViewBuilder@35f5c5a3
2018-10-15 09:55:41.223 [aurora.presentation.buildsession] [CONFIG] building view: <script> -> aurora.presentation.DefaultViewBuilder@35f5c5a3
2018-10-15 09:55:41.224 [aurora.presentation.buildsession] [CONFIG] End build session
