2018-10-11 02:00:20.788 [aurora.application.session_check] [CONFIG] Session data copied to context
2018-10-11 02:00:20.789 [aurora.application.session_check] [CONFIG] Access check result for modules/bgt/BGT2310/bgt_solution_assigns_control.svc => success
2018-10-11 02:00:20.789 [uncertain.proc] [CONFIG] [action] AccessCheck
2018-10-11 02:00:20.797 [uncertain.proc] [CONFIG] [action] CheckServiceLock
2018-10-11 02:00:20.797 [uncertain.proc] [CONFIG] [action] ParseParameter
2018-10-11 02:00:20.797 [uncertain.proc] [CONFIG] [action] ValidateInput
2018-10-11 02:00:20.797 [uncertain.proc] [CONFIG] [action] InvokeService
2018-10-11 02:00:20.797 [aurora.database] [CONFIG] Running batch-apply with data from path /parameter, total 1 records
2018-10-11 02:00:20.797 [aurora.database] [CONFIG] Executing batch-apply on parameter No.0
2018-10-11 02:00:20.809 [uncertain.proc] [CONFIG] [action] DecideStatement
2018-10-11 02:00:20.811 [uncertain.proc] [CONFIG] [action] DecideSqlGenerationMode
2018-10-11 02:00:20.812 [uncertain.proc] [FINE] aurora.database.service.BusinessModelService.onDecideSqlGenerationMode
2018-10-11 02:00:20.812 [uncertain.proc] [CONFIG] [action] CreateOperationSql
2018-10-11 02:00:20.812 [uncertain.proc] [CONFIG] [action] PopulateOperationSql
2018-10-11 02:00:20.812 [uncertain.proc] [FINE] aurora.database.features.OrderByClauseCreator.onPopulateOperationSql
2018-10-11 02:00:20.812 [uncertain.proc] [FINE] aurora.database.features.WhereClauseCreator.onPopulateOperationSql
2018-10-11 02:00:20.812 [uncertain.proc] [CONFIG] [action] CreateSqlRunner
2018-10-11 02:00:20.812 [uncertain.proc] [FINE] aurora.database.service.BusinessModelService.onCreateSqlRunner
2018-10-11 02:00:20.812 [uncertain.proc] [CONFIG] [action] ExecuteDmlStatement
2018-10-11 02:00:20.812 [uncertain.proc] [FINE] aurora.database.service.BusinessModelService.onExecuteDmlStatement
2018-10-11 02:00:20.833 [aurora.database] [CONFIG] 
============= BEGIN [Insert] SQL Statement execution dump ============
	    begin
			bgt_solution_pkg.insert_bgt_solution_assigns(?,
														  ?,
														  ?,
														  ?);																				   
		end;
---------------------Binding info---------------------
No.1	Access path:@bgt_solution_assign_id	Data type of passed value :[null]	Value:null	Output:true	Database Type:null	
No.2	Access path:@bgt_solution_header_id	Data type of passed value :java.lang.String	Value:21	Output:false	Database Type:null	
No.3	Access path:@user_id	Data type of passed value :java.lang.Integer	Value:290	Output:false	Database Type:null	
No.4	Access path:/session/@user_id	Data type of passed value :java.lang.Long	Value:1	Output:false	Database Type:null	

=============== END [Insert] SQL Statement execution dump ============

2018-10-11 02:00:20.833 [uncertain.proc] [CONFIG] [action] CreateSuccessResponse
