2018-09-30 02:21:34.260 [aurora.application.session_check] [CONFIG] Session data copied to context
2018-09-30 02:21:34.260 [aurora.application.session_check] [CONFIG] Access check result for modules/exp/EXP4020/exp_sob_report_ref_types.screen => success
2018-09-30 02:21:34.260 [uncertain.proc] [CONFIG] [action] AccessCheck
2018-09-30 02:21:34.262 [uncertain.proc] [CONFIG] [action] InitService
2018-09-30 02:21:34.262 [uncertain.proc] [CONFIG] [action] ParseParameter
2018-09-30 02:21:34.262 [uncertain.proc] [CONFIG] [action] CreateModel
2018-09-30 02:21:34.262 [aurora.database] [CONFIG] ===================================== prepare to run model-query exp.EXP4020.exp_sob_expense_report_type==============================
2018-09-30 02:21:34.265 [uncertain.proc] [CONFIG] [action] DecideSqlGenerationMode
2018-09-30 02:21:34.265 [uncertain.proc] [FINE] aurora.database.service.BusinessModelService.onDecideSqlGenerationMode
2018-09-30 02:21:34.265 [uncertain.proc] [CONFIG] [action] CreateOperationSql
2018-09-30 02:21:34.265 [uncertain.proc] [CONFIG] [action] PopulateOperationSql
2018-09-30 02:21:34.265 [uncertain.proc] [FINE] aurora.database.features.OrderByClauseCreator.onPopulateOperationSql
2018-09-30 02:21:34.265 [uncertain.proc] [FINE] aurora.database.features.WhereClauseCreator.onPopulateOperationSql
2018-09-30 02:21:34.265 [uncertain.proc] [CONFIG] [action] ExecuteQuery
2018-09-30 02:21:34.265 [uncertain.proc] [FINE] aurora.bm.QuerySqlCreator.onExecuteQuery
2018-09-30 02:21:34.266 [uncertain.proc] [CONFIG] [action] QueryFinish
2018-09-30 02:21:34.266 [uncertain.proc] [FINE] aurora.database.features.AutoQueryCounter.onQueryFinish
2018-09-30 02:21:34.266 [uncertain.proc] [CONFIG] [action] FetchResultSet
2018-09-30 02:21:34.266 [uncertain.proc] [FINE] aurora.database.features.CacheBasedLookUpField.postFetchResultSet
2018-09-30 02:21:34.266 [aurora.database] [CONFIG] 
============= BEGIN [query] SQL Statement execution dump ============

            select t.set_of_books_id,
			       t.expense_report_type_code,
			       t.description,
			       t.expense_report_type_id，
			       t.document_page_type
			  from exp_sob_report_types_vl t
			   WHERE set_of_books_id LIKE ? AND expense_report_type_id = ? AND t.expense_report_type_id = ?
             
---------------------Binding info---------------------
No.1	Access path:@set_of_books_id	Data type of passed value :java.lang.Long	Value:122	Output:false	Database Type:null	
No.2	Access path:@expense_report_type_id	Data type of passed value :java.lang.String	Value:1	Output:false	Database Type:null	
No.3	Access path:/parameter/@expense_report_type_id	Data type of passed value :java.lang.String	Value:1	Output:false	Database Type:null	

=============== END [query] SQL Statement execution dump ============

2018-09-30 02:21:34.266 [uncertain.proc] [CONFIG] [action] CreateView
2018-09-30 02:21:34.266 [uncertain.proc] [CONFIG] [action] BuildOutputContent
2018-09-30 02:21:34.266 [aurora.presentation.buildsession] [CONFIG] Start build session
2018-09-30 02:21:34.266 [aurora.presentation.buildsession] [CONFIG] building view: <html-page> -> aurora.presentation.component.HtmlPage@4eb74da8
2018-09-30 02:21:34.267 [aurora.presentation.buildsession] [CONFIG] building view: <link> -> aurora.presentation.TemplateBasedView@314dc5c8
2018-09-30 02:21:34.267 [aurora.presentation.buildsession] [CONFIG] building view: <script> -> aurora.presentation.DefaultViewBuilder@59d097e
2018-09-30 02:21:34.267 [aurora.presentation.buildsession] [CONFIG] building view: <dataSets> -> aurora.application.features.DataSetInit@68f04c17
2018-09-30 02:21:34.267 [aurora.presentation.buildsession] [CONFIG] building view: <dataSet> -> aurora.presentation.TemplateBasedView@314dc5c8
2018-09-30 02:21:34.268 [aurora.presentation.buildsession] [CONFIG] building view: <screenBody> -> aurora.presentation.component.std.ScreenBody@71ff6303
2018-09-30 02:21:34.268 [aurora.presentation.buildsession] [CONFIG] building view: <screenTopToolbar> -> aurora.presentation.component.std.ScreenTopToolbar@3881155c
2018-09-30 02:21:34.268 [aurora.presentation.buildsession] [CONFIG] building view: <screenTitle> -> aurora.presentation.component.std.ScreenTitle@4c2fc5e9
2018-09-30 02:21:34.272 [uncertain.proc] [CONFIG] [action] DecideSqlGenerationMode
2018-09-30 02:21:34.272 [uncertain.proc] [FINE] aurora.database.service.BusinessModelService.onDecideSqlGenerationMode
2018-09-30 02:21:34.272 [uncertain.proc] [CONFIG] [action] CreatequeryStatement
2018-09-30 02:21:34.272 [uncertain.proc] [FINE] aurora.bm.QuerySqlCreator.onCreateQueryStatement
2018-09-30 02:21:34.272 [uncertain.proc] [CONFIG] [action] PopulatequeryStatement
2018-09-30 02:21:34.272 [uncertain.proc] [FINE] aurora.database.features.OrderByClauseCreator.onPopulateQueryStatement
2018-09-30 02:21:34.272 [uncertain.proc] [FINE] aurora.database.features.WhereClauseCreator.onPopulateQueryStatement
2018-09-30 02:21:34.272 [uncertain.proc] [CONFIG] [action] CreatequerySql
2018-09-30 02:21:34.272 [uncertain.proc] [FINE] aurora.bm.QuerySqlCreator.onCreateQuerySql
2018-09-30 02:21:34.272 [uncertain.proc] [CONFIG] [action] ExecuteQuery
2018-09-30 02:21:34.272 [uncertain.proc] [FINE] aurora.bm.QuerySqlCreator.onExecuteQuery
2018-09-30 02:21:34.272 [uncertain.proc] [CONFIG] [action] QueryFinish
2018-09-30 02:21:34.272 [uncertain.proc] [FINE] aurora.database.features.AutoQueryCounter.onQueryFinish
2018-09-30 02:21:34.272 [uncertain.proc] [CONFIG] [action] FetchResultSet
2018-09-30 02:21:34.272 [uncertain.proc] [FINE] aurora.database.features.CacheBasedLookUpField.postFetchResultSet
2018-09-30 02:21:34.272 [aurora.database] [CONFIG] 
============= BEGIN [query] SQL Statement execution dump ============
SELECT f.service_id,f.service_name,f.is_entry_page,f.is_access_checked,f.is_login_required,f.is_system_access,? AS language,(select d.description_text from fnd_descriptions d where d.description_id = f.title_id and d.language = ?) AS title,f.title_id,f.weixin_flag
FROM sys_service f
WHERE f.service_name = ?
ORDER BY service_name
---------------------Binding info---------------------
No.1	Access path:/session/@lang	Data type of passed value :java.lang.String	Value:ZHS	Output:false	Database Type:null	
No.2	Access path:/session/@lang	Data type of passed value :java.lang.String	Value:ZHS	Output:false	Database Type:null	
No.3	Access path:@service_name	Data type of passed value :java.lang.String	Value:modules/exp/EXP4020/exp_sob_report_ref_types.screen	Output:false	Database Type:null	

=============== END [query] SQL Statement execution dump ============

2018-09-30 02:21:34.272 [aurora.presentation.buildsession] [CONFIG] building view: <gridButton> -> aurora.presentation.TemplateBasedView@314dc5c8
2018-09-30 02:21:34.273 [aurora.presentation.buildsession] [CONFIG] building view: <gridButton> -> aurora.presentation.TemplateBasedView@314dc5c8
2018-09-30 02:21:34.273 [aurora.presentation.buildsession] [CONFIG] building view: <gridButton> -> aurora.presentation.TemplateBasedView@314dc5c8
2018-09-30 02:21:34.273 [aurora.presentation.buildsession] [CONFIG] building view: <gridButton> -> aurora.presentation.TemplateBasedView@314dc5c8
2018-09-30 02:21:34.273 [aurora.presentation.buildsession] [CONFIG] building view: <form> -> aurora.presentation.component.std.Form@61d763d6
2018-09-30 02:21:34.273 [aurora.presentation.buildsession] [CONFIG] building view: <textField> -> aurora.presentation.TemplateBasedView@314dc5c8
2018-09-30 02:21:34.273 [aurora.presentation.buildsession] [CONFIG] building view: <textField> -> aurora.presentation.TemplateBasedView@314dc5c8
2018-09-30 02:21:34.273 [aurora.presentation.buildsession] [CONFIG] building view: <grid> -> aurora.presentation.TemplateBasedView@314dc5c8
2018-09-30 02:21:34.274 [aurora.presentation.buildsession] [CONFIG] building view: <navBar> -> aurora.presentation.TemplateBasedView@314dc5c8
2018-09-30 02:21:34.275 [aurora.presentation.buildsession] [CONFIG] building view: <button> -> aurora.presentation.TemplateBasedView@314dc5c8
2018-09-30 02:21:34.275 [aurora.presentation.buildsession] [CONFIG] building view: <button> -> aurora.presentation.TemplateBasedView@314dc5c8
2018-09-30 02:21:34.275 [aurora.presentation.buildsession] [CONFIG] building view: <separator> -> aurora.presentation.TemplateBasedView@314dc5c8
2018-09-30 02:21:34.275 [aurora.presentation.buildsession] [CONFIG] building view: <div> -> aurora.presentation.DefaultViewBuilder@59d097e
2018-09-30 02:21:34.275 [aurora.presentation.buildsession] [CONFIG] building view: <numberField> -> aurora.presentation.TemplateBasedView@314dc5c8
2018-09-30 02:21:34.276 [aurora.presentation.buildsession] [CONFIG] building view: <div> -> aurora.presentation.DefaultViewBuilder@59d097e
2018-09-30 02:21:34.276 [aurora.presentation.buildsession] [CONFIG] building view: <separator> -> aurora.presentation.TemplateBasedView@314dc5c8
2018-09-30 02:21:34.276 [aurora.presentation.buildsession] [CONFIG] building view: <button> -> aurora.presentation.TemplateBasedView@314dc5c8
2018-09-30 02:21:34.276 [aurora.presentation.buildsession] [CONFIG] building view: <button> -> aurora.presentation.TemplateBasedView@314dc5c8
2018-09-30 02:21:34.276 [aurora.presentation.buildsession] [CONFIG] building view: <button> -> aurora.presentation.TemplateBasedView@314dc5c8
2018-09-30 02:21:34.276 [aurora.presentation.buildsession] [CONFIG] building view: <separator> -> aurora.presentation.TemplateBasedView@314dc5c8
2018-09-30 02:21:34.276 [aurora.presentation.buildsession] [CONFIG] building view: <div> -> aurora.presentation.DefaultViewBuilder@59d097e
2018-09-30 02:21:34.276 [aurora.presentation.buildsession] [CONFIG] building view: <comboBox> -> aurora.presentation.TemplateBasedView@314dc5c8
2018-09-30 02:21:34.276 [aurora.presentation.buildsession] [CONFIG] building view: <div> -> aurora.presentation.DefaultViewBuilder@59d097e
2018-09-30 02:21:34.276 [aurora.presentation.buildsession] [CONFIG] building view: <separator> -> aurora.presentation.TemplateBasedView@314dc5c8
2018-09-30 02:21:34.276 [aurora.presentation.buildsession] [CONFIG] building view: <div> -> aurora.presentation.DefaultViewBuilder@59d097e
2018-09-30 02:21:34.277 [aurora.presentation.buildsession] [CONFIG] building view: <lov> -> aurora.presentation.TemplateBasedView@314dc5c8
2018-09-30 02:21:34.277 [aurora.presentation.buildsession] [CONFIG] building view: <checkBox> -> aurora.presentation.TemplateBasedView@314dc5c8
2018-09-30 02:21:34.277 [aurora.presentation.buildsession] [CONFIG] building view: <script> -> aurora.presentation.DefaultViewBuilder@59d097e
2018-09-30 02:21:34.278 [aurora.presentation.buildsession] [CONFIG] End build session
