2018-10-16 07:55:10.548 [aurora.application.session_check] [CONFIG] Session data copied to context
2018-10-16 07:55:10.548 [aurora.application.session_check] [CONFIG] Access check result for modules/eam/EAM0311/eam_asset_management_update.screen => success
2018-10-16 07:55:10.548 [uncertain.proc] [CONFIG] [action] AccessCheck
2018-10-16 07:55:10.564 [uncertain.proc] [CONFIG] [action] InitService
2018-10-16 07:55:10.564 [uncertain.proc] [CONFIG] [action] ParseParameter
2018-10-16 07:55:10.564 [uncertain.proc] [CONFIG] [action] CreateModel
2018-10-16 07:55:10.564 [aurora.database] [CONFIG] ===================================== prepare to run model-query eam.eam0311.eam0311_asset_headers_query==============================
2018-10-16 07:55:10.568 [uncertain.proc] [CONFIG] [action] DecideSqlGenerationMode
2018-10-16 07:55:10.568 [uncertain.proc] [FINE] aurora.database.service.BusinessModelService.onDecideSqlGenerationMode
2018-10-16 07:55:10.568 [uncertain.proc] [CONFIG] [action] CreateOperationSql
2018-10-16 07:55:10.568 [uncertain.proc] [CONFIG] [action] PopulateOperationSql
2018-10-16 07:55:10.568 [uncertain.proc] [FINE] aurora.database.features.OrderByClauseCreator.onPopulateOperationSql
2018-10-16 07:55:10.568 [uncertain.proc] [FINE] aurora.database.features.WhereClauseCreator.onPopulateOperationSql
2018-10-16 07:55:10.569 [uncertain.proc] [CONFIG] [action] ExecuteQuery
2018-10-16 07:55:10.569 [uncertain.proc] [FINE] aurora.bm.QuerySqlCreator.onExecuteQuery
2018-10-16 07:55:10.740 [uncertain.proc] [CONFIG] [action] QueryFinish
2018-10-16 07:55:10.740 [uncertain.proc] [FINE] aurora.database.features.AutoQueryCounter.onQueryFinish
2018-10-16 07:55:10.740 [uncertain.proc] [CONFIG] [action] FetchResultSet
2018-10-16 07:55:10.740 [uncertain.proc] [FINE] aurora.database.features.CacheBasedLookUpField.postFetchResultSet
2018-10-16 07:55:10.740 [aurora.database] [CONFIG] 
============= BEGIN [query] SQL Statement execution dump ============

	    		SELECT v.asset_id,
				       v.asset_code,
				       v.asset_name description,
				       v.entity_class_id,
				       v.entity_class_code,
				       v.entity_class_desc,
				       v.asset_category_id,
				       v.category_id,
				       v.category_code,
				       v.category_desc,
				       v.category_sec_id,
				       v.category_sec_code,
				       v.category_sec_desc,
				       v.asset_book_id,
				       v.description_id,
				       decode((select afi.asset_finance_info_id
				                from eam_asset_finance_info afi
				               where afi.asset_id = v.asset_id),
				              null,
				              0,
				              1) exists_fi,
				       v.tag_number,
				       v.brand brand,
				       v.model_number,
				       v.supplier,
				       v.serial_number,
				       v.status,
				       v.status_desc,
				       v.post_status,
				       v.post_status_desc,
				       v.retirement_type,
				       v.retirement_type_desc,
				       v.location_id,
				       v.current_location_desc,
				       v.value_man_company_id,
				       v.value_man_company_desc,
				       v.value_man_unit_id,
				       v.value_man_unit_desc,
				       v.value_man_position_id,
				       v.value_man_position_desc,
				       v.entity_company_id,
				       v.entity_man_company_desc,
				       v.entity_unit_id,
				       v.entity_unit_desc,
				       v.entity_position_id,
				       v.entity_man_position_desc,
				       v.responsibility_company_id,
				       v.responsibility_company_desc,
				       v.responsibility_center_id,
				       v.responsibility_center_desc,
				       v.location_resp_center_name,
				       v.location_company_name,
				       v.location_resp_center_id,
				       v.location_company_id,
				       v.price,
				       v.cost,
				       v.quantity,
				       v.asset_unit,
				       v.asset_unit_desc,
				       to_char(v.date_of_purchase, 'yyyy-mm-dd') AS date_of_purchase,
				       to_char(v.start_use_date, 'yyyy-mm-dd') AS start_use_date,
				       v.lock_flag,
				       v.location_type_desc,
				       to_char(v.gain_date, 'yyyy-mm-dd') AS gain_date,
				       v.asset_source_type,
				       v.asset_source_type_desc,
				       v.allocate_element_type,
				       v.allocate_element_type_desc,
				       v.allocate_element_name,
				       v.fin_class_id,
				       v.fin_class_code,
				       v.fin_class_desc,
				       v.depreciate_flag,
				       v.currency_code,
				       v.currency_desc,
				       v.address,
				       v.to_employee_id,
				       v.req_employee_name,
				       v.using_unit_id,
				       v.using_unit_desc,
				       v.invoice_number,
				       v.reference_number,
				       v.install_position,
				       v.using_unit_old_desc,
				       v.tag_number_old,
				       v.category_old_id,
				       v.category_old_desc,
				       v.category_sec_old_id,
				       v.category_sec_old_desc,
				       v.fin_class_old_id,
				       v.fin_class_old_desc,
				       v.entity_class_old_id,
				       v.entity_class_old_desc,
				       v.copy_flag,
				       v.bgt_ctrl_flag,
				       v.value_type,
				       v.requisition_header_id,
				       v.account_manual_flag,
				       v.requisition_line_id,
				       v.req_desc,
				       v.contract_name,
				       v.contract_header_id,
				       v.transaction_type,
				       v.transaction_type_id,
				       v.entity_sub_class_desc,
				       v.entity_sub_classes_id,
				       v.contract_num,
					   v.price_tax,
					   v.price_no_tax,
					   v.tax,
					   v.transfer_rate,
					   v.transfer_amount,
					   v.functional_unit_id,
					   v.functional_unit_desc
          FROM (SELECT t1.asset_id,
		               t1.asset_code,
		               t1.fin_class_id,
		               t1.entity_class_id, 
		               t1.price,
		               (SELECT v.description
		                  FROM eam_asset_entity_classes_vl v
		                 WHERE v.class_id = t1.entity_class_id) AS entity_class_desc,
		               (SELECT v.class_code
		                  FROM eam_asset_entity_classes v
		                 WHERE v.class_id = t1.entity_class_id) AS entity_class_code,  
		               (SELECT v.description
		                  FROM eam_asset_fin_classes_vl v
		                 WHERE v.class_id = t1.fin_class_id) AS fin_class_desc,
		                   (SELECT v.depreciate_flag
		                  FROM eam_asset_fin_classes_vl v
		                 WHERE v.class_id = t1.fin_class_id) AS depreciate_flag,
		               (SELECT v.class_code
		                  FROM eam_asset_fin_classes v
		                 WHERE v.class_id = t1.fin_class_id) AS fin_class_code,  
		               (SELECT v.asset_category_id
		                  FROM eam_asset_entity_classes_vl v
		                 WHERE v.class_id = t1.entity_class_id) AS asset_category_id,
		               t1.category_id,
		               (SELECT max(v.category_code)
		                  FROM eam_asset_categories_vl v
		                 WHERE v.category_id = t1.category_id) AS category_code,
		               (SELECT max(v.description)
		                  FROM eam_asset_categories_vl v
		                 WHERE v.category_id = t1.category_id) AS category_desc,
		               t1.category_sec_id,
		               (SELECT max(v.category_sec_code)
		                  FROM eam_asset_categories_vl v
		                 WHERE v.category_sec_id = t1.category_sec_id) AS category_sec_code,
		               (SELECT max(v.description_sec)
		                  FROM eam_asset_categories_vl v
		                 WHERE v.category_sec_id = t1.category_sec_id) AS category_sec_desc,
		               t1.asset_book_id,
		               t1.description_id,
		               (SELECT v.code_value_name
		                  FROM eam_locations_vl vl, sys_code_values_v v
		                 WHERE vl.location_type = v.code_value
		                   AND v.code = 'EAM_LOCATION_TYPE'
		                   AND vl.LOCATION_ID = t1.location_id) location_type_desc,
		               t1.tag_number,
		               t1.brand,
		               t1.model_number,
		               t1.supplier,
		               t1.user_people,
		               t1.serial_number,
		               t1.status,
		               (SELECT v.code_value_name
		                  FROM sys_service_lookup_v v
		                 WHERE v.enabled_flag = 'Y'
		                   AND v.code_value = t1.status
		                   AND code = 'EAM_ASSET_STATUS'
		                   AND LANGUAGE = ?) AS status_desc,
		               t1.post_status,
		               (SELECT v.code_value_name
		                  FROM sys_service_lookup_v v
		                 WHERE v.enabled_flag = 'Y'
		                   AND v.code_value = t1.post_status
		                   AND code = 'EAM_POST_STATUS'
		                   AND LANGUAGE = ?) AS post_status_desc,
		               t1.retirement_type,
		               (SELECT v.code_value_name
		                  FROM sys_service_lookup_v v
		                 WHERE v.enabled_flag = 'Y'
		                   AND v.code_value = t1.retirement_type
		                   AND code = 'RETIREMENT_TYPE'
		                   AND LANGUAGE = ?) AS retirement_type_desc,
		               t1.location_id,
		               (select e.responsibility_center_id
		                  from eam_locations e
		                 where e.location_id = t1.location_id) location_resp_center_id,
		               (SELECT v.company_short_name
		                  FROM eam_locations e, fnd_companies_vl v
		                 WHERE v.company_id = e.responsibility_company_id
		                   AND e.location_id = t1.location_id) location_company_name,
		               (SELECT v.responsibility_center_name
		                  FROM eam_locations e, fnd_responsibility_centers_vl v
		                 WHERE v.responsibility_center_id =
		                       e.responsibility_center_id
		                   AND e.location_id = t1.location_id) location_resp_center_name,
		               (select e.responsibility_company_id
		                  from eam_locations e
		                 where e.location_id = t1.location_id) location_company_id,
		               (SELECT l.description
		                  FROM eam_locations_vl l
		                 WHERE l.location_id = t1.location_id) AS current_location_desc,
		               t1.value_man_company_id,
		               (SELECT v.company_short_name
		                  FROM fnd_companies_vl v
		                 WHERE v.company_id = t1.value_man_company_id) AS value_man_company_desc,
		               t1.value_man_unit_id,
		               (SELECT v.description
		                  FROM exp_org_unit_vl v
		                 WHERE v.unit_id = t1.value_man_unit_id) AS value_man_unit_desc,
		               t1.value_man_position_id,
		               (SELECT v.description
		                  FROM exp_org_position_vl v
		                 WHERE v.position_id = t1.value_man_position_id) AS value_man_position_desc,
		               t1.entity_company_id,
		               (SELECT v.company_short_name
		                  FROM fnd_companies_vl v
		                 WHERE v.company_id = t1.entity_company_id) AS entity_man_company_desc,
		               t1.entity_unit_id,
		               (SELECT v.description
		                  FROM exp_org_unit_vl v
		                 WHERE v.unit_id = t1.entity_unit_id) AS entity_unit_desc,
		               t1.entity_position_id,
		               (SELECT v.description
		                  FROM exp_org_position_vl v
		                 WHERE v.position_id = t1.entity_position_id) AS entity_man_position_desc,
		               t1.responsibility_company_id,
		               (SELECT v.company_short_name
		                  FROM fnd_companies_vl v
		                 WHERE v.company_id = t1.responsibility_company_id) AS responsibility_company_desc,
		               t1.responsibility_center_id,
		               (SELECT v.responsibility_center_name
		                  FROM fnd_responsibility_centers_vl v
		                 WHERE v.responsibility_center_id =
		                       t1.responsibility_center_id) AS responsibility_center_desc,
		               t1.cost,
		               t1.quantity,
		               t1.asset_unit,
		               (select v.code_value_name
		                  from sys_code_values_v v
		                 where v.code = 'UNITS_OF_MEASUREMENT'
		                   and v.code_value = t1.asset_unit) AS asset_unit_desc,
		               t1.date_of_purchase,
		               t1.start_use_date,
		               t1.lock_flag,
		               t1.gain_date,
		               (select v.code_value_name
		                  from sys_code_values_v v
		                 where v.code = 'EAM_AST_SOURCE_TYPE'
		                   and v.code_value = t1.asset_source_type) asset_source_type_desc,
		               t1.asset_source_type,
		               (SELECT description_text
		                  FROM fnd_descriptions
		                 WHERE description_id = t1.description_id
		                   AND LANGUAGE = ?) AS asset_name,
		               t1.allocate_element_type,
		               t1.currency_code,
		               (SELECT v.code_value_name
		                  FROM sys_service_lookup_v v
		                 WHERE v.enabled_flag = 'Y'
		                   AND v.code_value = t1.allocate_element_type
		                   AND code = 'EAM_ALLOCATE_ELEMENT_TYPE'
		                   AND LANGUAGE = ?) AS allocate_element_type_desc,
		               t1.allocate_element_name,
		               --(SELECT finance_class_id FROM eam_asset_finance_info i WHERE i.asset_id = t1.asset_id) AS fin_class_id,
		               t1.address,
		               t1.user_people to_employee_id,
		               (select e.name
		                  from exp_employees e
		                 where e.employee_id = t1.user_people) req_employee_name,
		               t1.using_unit_id,
		               (SELECT v.description
		                  FROM exp_org_unit_vl v
		                 WHERE v.unit_id = t1.using_unit_id) AS using_unit_desc,
		               (SELECT v.description
		                  FROM exp_org_unit_vl v
		                 WHERE v.unit_id = t1.using_unit_old_id) AS using_unit_old_desc,
		               t1.invoice_number,
		               t1.reference_number,
		               t1.install_position,
		               t1.tag_number_old,
		               t1.category_old_id,
		               (SELECT max(v.description)
		                  FROM eam_asset_categories_vl v
		                 WHERE v.category_id = t1.category_old_id) AS category_old_desc,
		               t1.category_sec_old_id,
		               (SELECT max(v.description_sec)
		                  FROM eam_asset_categories_vl v
		                 WHERE v.category_sec_id = t1.category_sec_old_id) AS category_sec_old_desc,
		               t1.fin_class_old_id,
		               (SELECT max(v.description)
		                  FROM eam_asset_fin_classes_vl v
		                 WHERE v.class_id = t1.fin_class_old_id) AS fin_class_old_desc,
		               t1.entity_class_old_id,
		               (SELECT ecvl.description
		                  FROM eam_asset_entity_classes_vl ecvl
		                 where ecvl.class_id = t1.entity_class_old_id) as entity_class_old_desc,
		               t1.copy_flag,
		               (select nvl(t.bgt_ctrl_flag,'N') from eam_requisition_types t where t.ast_requisition_type_id = (select h.ast_requisition_type_id  from eam_requisition_headers h where h.requisition_header_id = (select l.requisition_header_id from eam_requisition_lines l where l.requisition_line_id = ?))) bgt_ctrl_flag,
                       (select vl.currency_name from gld_currency_vl vl where vl.currency_code=t1.currency_code) currency_desc,
                       (select h.value_type from eam_requisition_headers h where h.requisition_header_id=(select l.requisition_header_id from eam_requisition_lines l where l.requisition_line_id=?)) value_type,
                       (select l.requisition_header_id from eam_requisition_lines l where l.requisition_line_id=?) requisition_header_id,
                       (select t.account_manual_flag from eam_requisition_types t where t.ast_requisition_type_id = (select h.ast_requisition_type_id  from eam_requisition_headers h where h.requisition_header_id = (select l.requisition_header_id from eam_requisition_lines l where l.requisition_line_id = ?))) account_manual_flag,
                       (?) requisition_line_id,
                       (select l.description from eam_requisition_lines l where l.requisition_line_id=?) req_desc,
                       (select h.contract_number from con_contract_headers h, eam_requisition_lines l where h.contract_header_id = l.contract_id and l.requisition_line_id=?) contract_name,
                       (select l.contract_id from eam_requisition_lines l where l.requisition_line_id = ?) contract_header_id,
                       (SELECT f.description_text FROM eam_transaction_types t, fnd_descriptions f WHERE t.description_id = f.description_id AND f.language = ? AND t.transaction_type_id = (select l.transaction_type_id from eam_requisition_lines l where l.requisition_line_id=?)) transaction_type,
                       (select l.transaction_type_id from eam_requisition_lines l where l.requisition_line_id=?) transaction_type_id,
                       (select t.description from EAM_ASSET_ENTITY_CLASSES_SUB t where t.enabled_flag='Y' and  t.entity_sub_class_id=t1.entity_sub_classes_id) entity_sub_class_desc,
                       t1.entity_sub_classes_id,
                       t1.contract_num,
					   t1.price_tax,
					   t1.price_no_tax,
					   t1.tax,
					   t1.transfer_rate,
					   t1.transfer_amount,
					   t1.functional_unit_id,
		               (SELECT v.description
		                  FROM exp_org_unit_vl v
		                 WHERE v.unit_id = t1.functional_unit_id) AS functional_unit_desc
		          FROM eam_asset_headers t1) v
					     WHERE v.asset_id = ? AND v.asset_book_id = ?
	    	
---------------------Binding info---------------------
No.1	Access path:/session/@lang	Data type of passed value :java.lang.String	Value:ZHS	Output:false	Database Type:null	
No.2	Access path:/session/@lang	Data type of passed value :java.lang.String	Value:ZHS	Output:false	Database Type:null	
No.3	Access path:/session/@lang	Data type of passed value :java.lang.String	Value:ZHS	Output:false	Database Type:null	
No.4	Access path:/session/@lang	Data type of passed value :java.lang.String	Value:ZHS	Output:false	Database Type:null	
No.5	Access path:/session/@lang	Data type of passed value :java.lang.String	Value:ZHS	Output:false	Database Type:null	
No.6	Access path:@requisition_line_id	Data type of passed value :java.lang.String	Value:616	Output:false	Database Type:null	
No.7	Access path:@requisition_line_id	Data type of passed value :java.lang.String	Value:616	Output:false	Database Type:null	
No.8	Access path:@requisition_line_id	Data type of passed value :java.lang.String	Value:616	Output:false	Database Type:null	
No.9	Access path:@requisition_line_id	Data type of passed value :java.lang.String	Value:616	Output:false	Database Type:null	
No.10	Access path:@requisition_line_id	Data type of passed value :java.lang.String	Value:616	Output:false	Database Type:null	
No.11	Access path:@requisition_line_id	Data type of passed value :java.lang.String	Value:616	Output:false	Database Type:null	
No.12	Access path:@requisition_line_id	Data type of passed value :java.lang.String	Value:616	Output:false	Database Type:null	
No.13	Access path:@requisition_line_id	Data type of passed value :java.lang.String	Value:616	Output:false	Database Type:null	
No.14	Access path:/session/@lang	Data type of passed value :java.lang.String	Value:ZHS	Output:false	Database Type:null	
No.15	Access path:@requisition_line_id	Data type of passed value :java.lang.String	Value:616	Output:false	Database Type:null	
No.16	Access path:@requisition_line_id	Data type of passed value :java.lang.String	Value:616	Output:false	Database Type:null	
No.17	Access path:@asset_id	Data type of passed value :java.lang.String	Value:704	Output:false	Database Type:null	
No.18	Access path:@asset_book_id	Data type of passed value :java.lang.String	Value:1	Output:false	Database Type:null	

=============== END [query] SQL Statement execution dump ============

2018-10-16 07:55:10.740 [aurora.database] [CONFIG] ===================================== prepare to run model-query eam.eam0311.eam0311_requisition_lines_edit==============================
2018-10-16 07:55:10.747 [uncertain.proc] [CONFIG] [action] DecideSqlGenerationMode
2018-10-16 07:55:10.747 [uncertain.proc] [FINE] aurora.database.service.BusinessModelService.onDecideSqlGenerationMode
2018-10-16 07:55:10.747 [uncertain.proc] [CONFIG] [action] CreatequeryStatement
2018-10-16 07:55:10.747 [uncertain.proc] [FINE] aurora.bm.QuerySqlCreator.onCreateQueryStatement
2018-10-16 07:55:10.747 [uncertain.proc] [CONFIG] [action] PopulatequeryStatement
2018-10-16 07:55:10.747 [uncertain.proc] [FINE] aurora.database.features.OrderByClauseCreator.onPopulateQueryStatement
2018-10-16 07:55:10.747 [uncertain.proc] [FINE] aurora.database.features.WhereClauseCreator.onPopulateQueryStatement
2018-10-16 07:55:10.747 [uncertain.proc] [CONFIG] [action] CreatequerySql
2018-10-16 07:55:10.747 [uncertain.proc] [FINE] aurora.bm.QuerySqlCreator.onCreateQuerySql
2018-10-16 07:55:10.747 [uncertain.proc] [CONFIG] [action] ExecuteQuery
2018-10-16 07:55:10.747 [uncertain.proc] [FINE] aurora.bm.QuerySqlCreator.onExecuteQuery
2018-10-16 07:55:10.758 [uncertain.proc] [CONFIG] [action] QueryFinish
2018-10-16 07:55:10.758 [uncertain.proc] [FINE] aurora.database.features.AutoQueryCounter.onQueryFinish
2018-10-16 07:55:10.758 [uncertain.proc] [CONFIG] [action] FetchResultSet
2018-10-16 07:55:10.758 [uncertain.proc] [FINE] aurora.database.features.CacheBasedLookUpField.postFetchResultSet
2018-10-16 07:55:10.758 [aurora.database] [CONFIG] 
============= BEGIN [query] SQL Statement execution dump ============
SELECT t1.REQUISITION_LINE_ID,t1.REQUISITION_HEADER_ID,(select h.value_type from eam_requisition_headers h where h.requisition_header_id=t1.requisition_header_id) AS value_type,t1.LINE_NUMBER,t1.TRANSACTION_TYPE_ID,(SELECT t.accounting_flag FROM eam_transaction_types t WHERE t1.transaction_type_id = t.transaction_type_id) AS accounting_flag,(SELECT f.description_text FROM eam_transaction_types t, fnd_descriptions f WHERE t.description_id = f.description_id AND f.language = ? AND t.transaction_type_id = t1.transaction_type_id) AS trans_type_desc,t1.ASSET_ID,(select f.asset_code from eam_asset_headers f where f.asset_id = t1.asset_id) AS asset_code,(select  eac.category_code from eam_asset_categories eac,eam_asset_headers eah where eac.category_id=eah.category_id and eah.asset_id=t1.asset_id) AS category_code,(select f.description_text from eam_asset_headers h, fnd_descriptions f where f.description_id = h.description_id and h.asset_id = t1.asset_id and f.language=?) AS asset_name,t1.QUANTITY,t1.CURRENCY_CODE,t1.PRICE,t1.AMOUNT,t1.tag_number_old,t1.FROM_LOCATION_ID,t1.TO_LOCATION_ID,t1.FROM_FIN_CALSS_ID,t1.TO_FIN_CLASS_ID,t1.FROM_ENTITY_CLASS_ID,t1.TO_ENTITY_CLASS_ID,t1.DESCRIPTION,t1.EXPENSE_AMOUNT,t1.REVENUE_AMOUNT,t1.PL_AMOUNT,t1.FROM_COST,t1.TO_COST,t1.COMPANY_ID,t1.RESPONSIBILITY_CENTER_ID,t1.OPERATION_UNIT_ID,t1.UNIT_ID,t1.to_unit_id,(SELECT v.description FROM exp_org_unit_vl v WHERE v.unit_id = t1.to_unit_id) AS using_unit_desc,t1.EMPLOYEE_ID,t1.POSITION_ID,nvl(to_char(t1.accptn_check_date, 'yyyy-mm-dd'), to_char(SYSDATE, 'yyyy-mm-dd')) AS default_journal_date,t1.CONTRACT_ID,(select h.contract_number from con_contract_headers h where h.contract_header_id=t1.contract_id) AS contract_name,t1.ACCEPTANCE_DATE,t1.ACCPTN_CHECK_DATE,t1.contract_num,t1.price_tax,t1.price_no_tax,t1.tax,to_char(t1.transfer_rate,'fm90.09') AS transfer_rate,t1.transfer_amount
FROM EAM_REQUISITION_LINES t1
WHERE REQUISITION_LINE_ID = ? AND REQUISITION_HEADER_ID = ?
ORDER BY t1.line_number
---------------------Binding info---------------------
No.1	Access path:/session/@lang	Data type of passed value :java.lang.String	Value:ZHS	Output:false	Database Type:null	
No.2	Access path:/session/@lang	Data type of passed value :java.lang.String	Value:ZHS	Output:false	Database Type:null	
No.3	Access path:@requisition_line_id	Data type of passed value :java.lang.String	Value:616	Output:false	Database Type:null	
No.4	Access path:@requisition_header_id	Data type of passed value :java.lang.String	Value:554	Output:false	Database Type:null	

=============== END [query] SQL Statement execution dump ============

2018-10-16 07:55:10.758 [aurora.database] [CONFIG] ===================================== prepare to run model-query eam.eam0020.eam0020_asset_books_lov==============================
2018-10-16 07:55:10.762 [uncertain.proc] [CONFIG] [action] DecideSqlGenerationMode
2018-10-16 07:55:10.762 [uncertain.proc] [FINE] aurora.database.service.BusinessModelService.onDecideSqlGenerationMode
2018-10-16 07:55:10.762 [uncertain.proc] [CONFIG] [action] CreateOperationSql
2018-10-16 07:55:10.762 [uncertain.proc] [CONFIG] [action] PopulateOperationSql
2018-10-16 07:55:10.762 [uncertain.proc] [FINE] aurora.database.features.OrderByClauseCreator.onPopulateOperationSql
2018-10-16 07:55:10.762 [uncertain.proc] [FINE] aurora.database.features.WhereClauseCreator.onPopulateOperationSql
2018-10-16 07:55:10.762 [uncertain.proc] [CONFIG] [action] ExecuteQuery
2018-10-16 07:55:10.762 [uncertain.proc] [FINE] aurora.bm.QuerySqlCreator.onExecuteQuery
2018-10-16 07:55:10.763 [uncertain.proc] [CONFIG] [action] QueryFinish
2018-10-16 07:55:10.763 [uncertain.proc] [FINE] aurora.database.features.AutoQueryCounter.onQueryFinish
2018-10-16 07:55:10.763 [uncertain.proc] [CONFIG] [action] FetchResultSet
2018-10-16 07:55:10.763 [uncertain.proc] [FINE] aurora.database.features.CacheBasedLookUpField.postFetchResultSet
2018-10-16 07:55:10.763 [aurora.database] [CONFIG] 
============= BEGIN [query] SQL Statement execution dump ============

                SELECT
                    A.ASSET_BOOK_ID,
                    A.ASSET_BOOK_CODE,
                    A.DESCRIPTION ASSET_BOOK_DESC
                FROM
                    EAM_ASSET_BOOKS_VL A                
            
---------------------Binding info---------------------
null
=============== END [query] SQL Statement execution dump ============

2018-10-16 07:55:10.763 [aurora.database] [CONFIG] ===================================== prepare to run model-query eam.eam0120.eam_transaction_types_lv==============================
2018-10-16 07:55:10.766 [uncertain.proc] [CONFIG] [action] DecideSqlGenerationMode
2018-10-16 07:55:10.766 [uncertain.proc] [FINE] aurora.database.service.BusinessModelService.onDecideSqlGenerationMode
2018-10-16 07:55:10.766 [uncertain.proc] [CONFIG] [action] CreatequeryStatement
2018-10-16 07:55:10.766 [uncertain.proc] [FINE] aurora.bm.QuerySqlCreator.onCreateQueryStatement
2018-10-16 07:55:10.766 [uncertain.proc] [CONFIG] [action] PopulatequeryStatement
2018-10-16 07:55:10.766 [uncertain.proc] [FINE] aurora.database.features.OrderByClauseCreator.onPopulateQueryStatement
2018-10-16 07:55:10.766 [uncertain.proc] [FINE] aurora.database.features.WhereClauseCreator.onPopulateQueryStatement
2018-10-16 07:55:10.766 [uncertain.proc] [CONFIG] [action] CreatequerySql
2018-10-16 07:55:10.766 [uncertain.proc] [FINE] aurora.bm.QuerySqlCreator.onCreateQuerySql
2018-10-16 07:55:10.766 [uncertain.proc] [CONFIG] [action] ExecuteQuery
2018-10-16 07:55:10.766 [uncertain.proc] [FINE] aurora.bm.QuerySqlCreator.onExecuteQuery
2018-10-16 07:55:10.767 [uncertain.proc] [CONFIG] [action] QueryFinish
2018-10-16 07:55:10.767 [uncertain.proc] [FINE] aurora.database.features.AutoQueryCounter.onQueryFinish
2018-10-16 07:55:10.767 [uncertain.proc] [CONFIG] [action] FetchResultSet
2018-10-16 07:55:10.767 [uncertain.proc] [FINE] aurora.database.features.CacheBasedLookUpField.postFetchResultSet
2018-10-16 07:55:10.767 [aurora.database] [CONFIG] 
============= BEGIN [query] SQL Statement execution dump ============
SELECT t1.transaction_type_id,t1.asset_book_id,(select v.description from eam_asset_books_vl v where v.asset_book_id = t1.asset_book_id) AS asset_book_desc,t1.transaction_type_code,t1.base_trx_category,(SELECT v.code_value_name   FROM sys_service_lookup_v v  WHERE v.enabled_flag = 'Y'    AND V.code_value = t1.base_trx_category    AND code = 'EAM_BASE_TRX_CATEGORY'    and language = ?) AS base_trx_category_desc,t1.enabled_flag,(select fd.description_text from fnd_descriptions fd where t1.description_id=fd.description_id and fd.language = ?) AS description,decode(debit_acc_usage,'MANUAL_ACC','Y','N') AS dr_manual_flag,decode(credit_acc_usage,'MANUAL_ACC','Y','N') AS cr_manual_flag
FROM EAM_TRANSACTION_TYPES t1
WHERE t1.enabled_flag = 'Y' AND exists (SELECT 1   FROM eam_asset_books_vl bv,        fnd_companies      fc  WHERE bv.set_of_book_id = fc.set_of_books_id        AND bv.asset_book_id = t1.asset_book_id        AND fc.company_id = ?) AND t1.base_trx_category = 'ADD' AND exists (select 1 from eam_requisition_types t where t.ast_requisition_type_id = ? and t.default_trx_type_id = t1.transaction_type_id) AND t1.asset_book_id = ?
---------------------Binding info---------------------
No.1	Access path:/session/@lang	Data type of passed value :java.lang.String	Value:ZHS	Output:false	Database Type:null	
No.2	Access path:/session/@lang	Data type of passed value :java.lang.String	Value:ZHS	Output:false	Database Type:null	
No.3	Access path:/session/@company_id	Data type of passed value :java.lang.String	Value:835	Output:false	Database Type:null	
No.4	Access path:@ast_requisition_type_id	Data type of passed value :java.lang.String	Value:61	Output:false	Database Type:null	
No.5	Access path:@asset_book_id	Data type of passed value :java.lang.String	Value:1	Output:false	Database Type:null	

=============== END [query] SQL Statement execution dump ============

2018-10-16 07:55:10.767 [aurora.database] [CONFIG] ===================================== prepare to run model-query eam.eam0310.eam0310_asset_init_status==============================
2018-10-16 07:55:10.771 [uncertain.proc] [CONFIG] [action] DecideSqlGenerationMode
2018-10-16 07:55:10.771 [uncertain.proc] [FINE] aurora.database.service.BusinessModelService.onDecideSqlGenerationMode
2018-10-16 07:55:10.771 [uncertain.proc] [CONFIG] [action] CreateOperationSql
2018-10-16 07:55:10.771 [uncertain.proc] [CONFIG] [action] PopulateOperationSql
2018-10-16 07:55:10.771 [uncertain.proc] [FINE] aurora.database.features.OrderByClauseCreator.onPopulateOperationSql
2018-10-16 07:55:10.771 [uncertain.proc] [FINE] aurora.database.features.WhereClauseCreator.onPopulateOperationSql
2018-10-16 07:55:10.771 [uncertain.proc] [CONFIG] [action] ExecuteQuery
2018-10-16 07:55:10.771 [uncertain.proc] [FINE] aurora.bm.QuerySqlCreator.onExecuteQuery
2018-10-16 07:55:10.772 [uncertain.proc] [CONFIG] [action] QueryFinish
2018-10-16 07:55:10.772 [uncertain.proc] [FINE] aurora.database.features.AutoQueryCounter.onQueryFinish
2018-10-16 07:55:10.772 [uncertain.proc] [CONFIG] [action] FetchResultSet
2018-10-16 07:55:10.772 [uncertain.proc] [FINE] aurora.database.features.CacheBasedLookUpField.postFetchResultSet
2018-10-16 07:55:10.772 [aurora.database] [CONFIG] 
============= BEGIN [query] SQL Statement execution dump ============

            
                SELECT
                    v.code_value_name status_desc
                FROM
                    sys_code_values_v v
                WHERE
                    v.code       = 'EAM_ASSET_STATUS' AND
                    v.code_value = 'NEW'
                    
            
---------------------Binding info---------------------
null
=============== END [query] SQL Statement execution dump ============

2018-10-16 07:55:10.772 [aurora.database] [CONFIG] ===================================== prepare to run model-query eam.eam0310.eam0310_employee_primary_position==============================
2018-10-16 07:55:10.775 [uncertain.proc] [CONFIG] [action] DecideSqlGenerationMode
2018-10-16 07:55:10.775 [uncertain.proc] [FINE] aurora.database.service.BusinessModelService.onDecideSqlGenerationMode
2018-10-16 07:55:10.775 [uncertain.proc] [CONFIG] [action] CreateOperationSql
2018-10-16 07:55:10.775 [uncertain.proc] [CONFIG] [action] PopulateOperationSql
2018-10-16 07:55:10.775 [uncertain.proc] [FINE] aurora.database.features.OrderByClauseCreator.onPopulateOperationSql
2018-10-16 07:55:10.776 [uncertain.proc] [FINE] aurora.database.features.WhereClauseCreator.onPopulateOperationSql
2018-10-16 07:55:10.776 [uncertain.proc] [CONFIG] [action] ExecuteQuery
2018-10-16 07:55:10.776 [uncertain.proc] [FINE] aurora.bm.QuerySqlCreator.onExecuteQuery
2018-10-16 07:55:10.776 [uncertain.proc] [CONFIG] [action] QueryFinish
2018-10-16 07:55:10.776 [uncertain.proc] [FINE] aurora.database.features.AutoQueryCounter.onQueryFinish
2018-10-16 07:55:10.776 [uncertain.proc] [CONFIG] [action] FetchResultSet
2018-10-16 07:55:10.776 [uncertain.proc] [FINE] aurora.database.features.CacheBasedLookUpField.postFetchResultSet
2018-10-16 07:55:10.776 [aurora.database] [CONFIG] 
============= BEGIN [query] SQL Statement execution dump ============

            
            select * from (
            SELECT p.position_id,
			       p.unit_id,
			       e.employee_id,
			       e.employee_code || '-' || e.name employee_name, 
			       p.description position_desc
			  FROM exp_employee_assigns_v v,
			       exp_org_position_vl    p,
			       exp_employees          e,
			       sys_user               su
			 WHERE v.position_id = p.position_id
			       AND v.company_id = p.company_id
			       AND e.employee_id = v.employee_id
			       AND e.employee_id = su.employee_id
			       AND su.user_id = ?
			       AND p.company_id = ?
			       AND v.primary_position_flag = 'Y'
			       AND p.enabled_flag = 'Y')
			       
       
       
---------------------Binding info---------------------
No.1	Access path:/session/@user_id	Data type of passed value :java.lang.Long	Value:213	Output:false	Database Type:null	
No.2	Access path:/session/@company_id	Data type of passed value :java.lang.String	Value:835	Output:false	Database Type:null	

=============== END [query] SQL Statement execution dump ============

2018-10-16 07:55:10.776 [aurora.database] [CONFIG] ===================================== prepare to run model-query eam.common.eam_currency_query==============================
2018-10-16 07:55:10.780 [uncertain.proc] [CONFIG] [action] DecideSqlGenerationMode
2018-10-16 07:55:10.780 [uncertain.proc] [FINE] aurora.database.service.BusinessModelService.onDecideSqlGenerationMode
2018-10-16 07:55:10.780 [uncertain.proc] [CONFIG] [action] CreateOperationSql
2018-10-16 07:55:10.780 [uncertain.proc] [CONFIG] [action] PopulateOperationSql
2018-10-16 07:55:10.780 [uncertain.proc] [FINE] aurora.database.features.OrderByClauseCreator.onPopulateOperationSql
2018-10-16 07:55:10.780 [uncertain.proc] [FINE] aurora.database.features.WhereClauseCreator.onPopulateOperationSql
2018-10-16 07:55:10.780 [uncertain.proc] [CONFIG] [action] ExecuteQuery
2018-10-16 07:55:10.780 [uncertain.proc] [FINE] aurora.bm.QuerySqlCreator.onExecuteQuery
2018-10-16 07:55:10.781 [uncertain.proc] [CONFIG] [action] QueryFinish
2018-10-16 07:55:10.781 [uncertain.proc] [FINE] aurora.database.features.AutoQueryCounter.onQueryFinish
2018-10-16 07:55:10.781 [uncertain.proc] [CONFIG] [action] FetchResultSet
2018-10-16 07:55:10.781 [uncertain.proc] [FINE] aurora.database.features.CacheBasedLookUpField.postFetchResultSet
2018-10-16 07:55:10.781 [aurora.database] [CONFIG] 
============= BEGIN [query] SQL Statement execution dump ============

                SELECT
                    v.currency_code,
                    v.currency_name,
                    v.country_code,
                    v.precision,
                    v.transaction_precision
                FROM
                    gld_currency_vl v
                WHERE
                    v.enabled_flag = 'Y'
            
---------------------Binding info---------------------
null
=============== END [query] SQL Statement execution dump ============

2018-10-16 07:55:10.781 [aurora.database] [CONFIG] ===================================== prepare to run model-query /eam/eam0030/eam0030_default_responsibility_company==============================
2018-10-16 07:55:10.790 [uncertain.proc] [CONFIG] [action] DecideSqlGenerationMode
2018-10-16 07:55:10.790 [uncertain.proc] [FINE] aurora.database.service.BusinessModelService.onDecideSqlGenerationMode
2018-10-16 07:55:10.790 [uncertain.proc] [CONFIG] [action] CreatequeryStatement
2018-10-16 07:55:10.790 [uncertain.proc] [FINE] aurora.bm.QuerySqlCreator.onCreateQueryStatement
2018-10-16 07:55:10.790 [uncertain.proc] [CONFIG] [action] PopulatequeryStatement
2018-10-16 07:55:10.790 [uncertain.proc] [FINE] aurora.database.features.OrderByClauseCreator.onPopulateQueryStatement
2018-10-16 07:55:10.790 [uncertain.proc] [FINE] aurora.database.features.WhereClauseCreator.onPopulateQueryStatement
2018-10-16 07:55:10.790 [uncertain.proc] [CONFIG] [action] CreatequerySql
2018-10-16 07:55:10.790 [uncertain.proc] [FINE] aurora.bm.QuerySqlCreator.onCreateQuerySql
2018-10-16 07:55:10.790 [uncertain.proc] [CONFIG] [action] ExecuteQuery
2018-10-16 07:55:10.790 [uncertain.proc] [FINE] aurora.bm.QuerySqlCreator.onExecuteQuery
2018-10-16 07:55:10.799 [uncertain.proc] [CONFIG] [action] QueryFinish
2018-10-16 07:55:10.799 [uncertain.proc] [FINE] aurora.database.features.AutoQueryCounter.onQueryFinish
2018-10-16 07:55:10.799 [uncertain.proc] [CONFIG] [action] FetchResultSet
2018-10-16 07:55:10.799 [uncertain.proc] [FINE] aurora.database.features.CacheBasedLookUpField.postFetchResultSet
2018-10-16 07:55:10.799 [aurora.database] [CONFIG] 
============= BEGIN [query] SQL Statement execution dump ============
SELECT t1.company_id,t1.company_code,t1.company_short_name_id,(select DESCRIPTION_TEXT from fnd_descriptions where DESCRIPTION_ID=t1.company_short_name_id and Language=?) AS company_short_name,t1.company_full_name_id,(select DESCRIPTION_TEXT from fnd_descriptions where DESCRIPTION_ID=t1.company_full_name_id and Language=?) AS company_full_name,t1.set_of_books_id,t1.address,t1.start_date_active,t1.end_date_active,(select set_of_books_name from gld_set_of_books_vl gl where gl.set_of_books_id=t1.set_of_books_id) AS set_of_books_name
FROM fnd_companies t1
WHERE t1.set_of_books_id=(select a.set_of_book_id from eam_asset_books a where a.asset_book_id = ? )
ORDER BY company_code
---------------------Binding info---------------------
No.1	Access path:/session/@lang	Data type of passed value :java.lang.String	Value:ZHS	Output:false	Database Type:null	
No.2	Access path:/session/@lang	Data type of passed value :java.lang.String	Value:ZHS	Output:false	Database Type:null	
No.3	Access path:@asset_book_id	Data type of passed value :java.lang.String	Value:1	Output:false	Database Type:null	

=============== END [query] SQL Statement execution dump ============

2018-10-16 07:55:10.799 [aurora.database] [CONFIG] ===================================== prepare to run model-query /eam/eam0030/eam0030_default_responsibility_center==============================
2018-10-16 07:55:10.806 [uncertain.proc] [CONFIG] [action] DecideSqlGenerationMode
2018-10-16 07:55:10.806 [uncertain.proc] [FINE] aurora.database.service.BusinessModelService.onDecideSqlGenerationMode
2018-10-16 07:55:10.806 [uncertain.proc] [CONFIG] [action] CreateOperationSql
2018-10-16 07:55:10.806 [uncertain.proc] [CONFIG] [action] PopulateOperationSql
2018-10-16 07:55:10.806 [uncertain.proc] [FINE] aurora.database.features.OrderByClauseCreator.onPopulateOperationSql
2018-10-16 07:55:10.806 [uncertain.proc] [FINE] aurora.database.features.WhereClauseCreator.onPopulateOperationSql
2018-10-16 07:55:10.806 [uncertain.proc] [CONFIG] [action] ExecuteQuery
2018-10-16 07:55:10.806 [uncertain.proc] [FINE] aurora.bm.QuerySqlCreator.onExecuteQuery
2018-10-16 07:55:10.807 [uncertain.proc] [CONFIG] [action] QueryFinish
2018-10-16 07:55:10.807 [uncertain.proc] [FINE] aurora.database.features.AutoQueryCounter.onQueryFinish
2018-10-16 07:55:10.807 [uncertain.proc] [CONFIG] [action] FetchResultSet
2018-10-16 07:55:10.807 [uncertain.proc] [FINE] aurora.database.features.CacheBasedLookUpField.postFetchResultSet
2018-10-16 07:55:10.808 [aurora.database] [CONFIG] 
============= BEGIN [query] SQL Statement execution dump ============

            select * from(
            select t.responsibility_center_id,t.responsibility_center_code||'-'||t.responsibility_center_name responsibility_center_code1,
	         responsibility_center_code,t.responsibility_center_name
					from fnd_responsibility_centers_vl t
	        where t.company_id = nvl(?,?)
			        and  nvl(t.summary_flag,'N') ='N'
			        and t.responsibility_center_code = '10204'
					and sysdate between nvl(t.start_date_active,sysdate) and nvl(t.end_date_active,sysdate))
					 
		
---------------------Binding info---------------------
No.1	Access path:/parameter/@company_id	Data type of passed value :[null]	Value:null	Output:false	Database Type:null	
No.2	Access path:/session/@company_id	Data type of passed value :java.lang.String	Value:835	Output:false	Database Type:null	

=============== END [query] SQL Statement execution dump ============

2018-10-16 07:55:10.808 [aurora.database] [CONFIG] ===================================== prepare to run model-query eam.eam0120.eam_req_type_source_type==============================
2018-10-16 07:55:10.815 [uncertain.proc] [CONFIG] [action] DecideSqlGenerationMode
2018-10-16 07:55:10.815 [uncertain.proc] [FINE] aurora.database.service.BusinessModelService.onDecideSqlGenerationMode
2018-10-16 07:55:10.815 [uncertain.proc] [CONFIG] [action] CreatequeryStatement
2018-10-16 07:55:10.815 [uncertain.proc] [FINE] aurora.bm.QuerySqlCreator.onCreateQueryStatement
2018-10-16 07:55:10.815 [uncertain.proc] [CONFIG] [action] PopulatequeryStatement
2018-10-16 07:55:10.815 [uncertain.proc] [FINE] aurora.database.features.OrderByClauseCreator.onPopulateQueryStatement
2018-10-16 07:55:10.815 [uncertain.proc] [FINE] aurora.database.features.WhereClauseCreator.onPopulateQueryStatement
2018-10-16 07:55:10.815 [uncertain.proc] [CONFIG] [action] CreatequerySql
2018-10-16 07:55:10.815 [uncertain.proc] [FINE] aurora.bm.QuerySqlCreator.onCreateQuerySql
2018-10-16 07:55:10.815 [uncertain.proc] [CONFIG] [action] ExecuteQuery
2018-10-16 07:55:10.815 [uncertain.proc] [FINE] aurora.bm.QuerySqlCreator.onExecuteQuery
2018-10-16 07:55:10.816 [uncertain.proc] [CONFIG] [action] QueryFinish
2018-10-16 07:55:10.816 [uncertain.proc] [FINE] aurora.database.features.AutoQueryCounter.onQueryFinish
2018-10-16 07:55:10.816 [uncertain.proc] [CONFIG] [action] FetchResultSet
2018-10-16 07:55:10.816 [uncertain.proc] [FINE] aurora.database.features.CacheBasedLookUpField.postFetchResultSet
2018-10-16 07:55:10.816 [aurora.database] [CONFIG] 
============= BEGIN [query] SQL Statement execution dump ============
SELECT t1.SOURCE_TYPE_ID,t1.AST_REQUISITION_TYPE_ID,t1.SOURCE_CODE_VALUE_ID,t1.SOURCE_CODE_VALUE,(SELECT v.code_value_name   FROM sys_service_lookup_v v  WHERE v.enabled_flag = 'Y'   AND V.code_value = t1.source_code_value    AND code = 'EAM_AST_SOURCE_TYPE'    and language = ?) AS source_code_value_name
FROM EAM_REQ_TYPE_SOURCE_TYPE t1
WHERE (? is not null and t1.ast_requisition_type_id = ?)
---------------------Binding info---------------------
No.1	Access path:/session/@lang	Data type of passed value :java.lang.String	Value:ZHS	Output:false	Database Type:null	
No.2	Access path:@ast_requisition_type_id	Data type of passed value :java.lang.String	Value:61	Output:false	Database Type:null	
No.3	Access path:@ast_requisition_type_id	Data type of passed value :java.lang.String	Value:61	Output:false	Database Type:null	

=============== END [query] SQL Statement execution dump ============

2018-10-16 07:55:10.816 [aurora.database] [CONFIG] ===================================== prepare to run model-query eam.eam0310.eam0310_employee_assigns_lov==============================
2018-10-16 07:55:10.824 [uncertain.proc] [CONFIG] [action] DecideSqlGenerationMode
2018-10-16 07:55:10.824 [uncertain.proc] [FINE] aurora.database.service.BusinessModelService.onDecideSqlGenerationMode
2018-10-16 07:55:10.824 [uncertain.proc] [CONFIG] [action] CreateOperationSql
2018-10-16 07:55:10.824 [uncertain.proc] [CONFIG] [action] PopulateOperationSql
2018-10-16 07:55:10.824 [uncertain.proc] [FINE] aurora.database.features.OrderByClauseCreator.onPopulateOperationSql
2018-10-16 07:55:10.824 [uncertain.proc] [FINE] aurora.database.features.WhereClauseCreator.onPopulateOperationSql
2018-10-16 07:55:10.824 [uncertain.proc] [CONFIG] [action] ExecuteQuery
2018-10-16 07:55:10.824 [uncertain.proc] [FINE] aurora.bm.QuerySqlCreator.onExecuteQuery
2018-10-16 07:55:10.872 [uncertain.proc] [CONFIG] [action] QueryFinish
2018-10-16 07:55:10.872 [uncertain.proc] [FINE] aurora.database.features.AutoQueryCounter.onQueryFinish
2018-10-16 07:55:10.872 [uncertain.proc] [CONFIG] [action] FetchResultSet
2018-10-16 07:55:10.872 [uncertain.proc] [FINE] aurora.database.features.CacheBasedLookUpField.postFetchResultSet
2018-10-16 07:55:10.872 [aurora.database] [CONFIG] 
============= BEGIN [query] SQL Statement execution dump ============

select distinct v.employee_id employee_id,
                    emp.name,
                    emp.employee_code,
                    emp.employee_code||'-'||emp.name employee_name                
             from exp_employee_assigns v , exp_employees  emp
             where v.employee_id = emp.employee_id 
             and v.enabled_flag = 'Y'
             and v.company_id = ?
             and exp_document_authorities_pkg.exist_exp_doc_authorities('01',
                                             (select employee_id from sys_user where user_id=?),
                                             v.employee_id,
                                             'MAINTENANCE',
				                                     ?)='Y'
    			
    		
---------------------Binding info---------------------
No.1	Access path:/session/@company_id	Data type of passed value :java.lang.String	Value:835	Output:false	Database Type:null	
No.2	Access path:/session/@user_id	Data type of passed value :java.lang.Long	Value:213	Output:false	Database Type:null	
No.3	Access path:/session/@user_id	Data type of passed value :java.lang.Long	Value:213	Output:false	Database Type:null	

=============== END [query] SQL Statement execution dump ============

2018-10-16 07:55:10.872 [aurora.database] [CONFIG] ===================================== prepare to run model-query cont.con_contract_header_company_lov==============================
2018-10-16 07:55:10.877 [uncertain.proc] [CONFIG] [action] DecideSqlGenerationMode
2018-10-16 07:55:10.877 [uncertain.proc] [FINE] aurora.database.service.BusinessModelService.onDecideSqlGenerationMode
2018-10-16 07:55:10.877 [uncertain.proc] [CONFIG] [action] CreatequeryStatement
2018-10-16 07:55:10.877 [uncertain.proc] [FINE] aurora.bm.QuerySqlCreator.onCreateQueryStatement
2018-10-16 07:55:10.877 [uncertain.proc] [CONFIG] [action] PopulatequeryStatement
2018-10-16 07:55:10.877 [uncertain.proc] [FINE] aurora.database.features.OrderByClauseCreator.onPopulateQueryStatement
2018-10-16 07:55:10.877 [uncertain.proc] [FINE] aurora.database.features.WhereClauseCreator.onPopulateQueryStatement
2018-10-16 07:55:10.877 [uncertain.proc] [CONFIG] [action] CreatequerySql
2018-10-16 07:55:10.877 [uncertain.proc] [FINE] aurora.bm.QuerySqlCreator.onCreateQuerySql
2018-10-16 07:55:10.877 [uncertain.proc] [CONFIG] [action] ExecuteQuery
2018-10-16 07:55:10.877 [uncertain.proc] [FINE] aurora.bm.QuerySqlCreator.onExecuteQuery
2018-10-16 07:55:10.878 [uncertain.proc] [CONFIG] [action] QueryFinish
2018-10-16 07:55:10.878 [uncertain.proc] [FINE] aurora.database.features.AutoQueryCounter.onQueryFinish
2018-10-16 07:55:10.878 [uncertain.proc] [CONFIG] [action] FetchResultSet
2018-10-16 07:55:10.878 [uncertain.proc] [FINE] aurora.database.features.CacheBasedLookUpField.postFetchResultSet
2018-10-16 07:55:10.878 [aurora.database] [CONFIG] 
============= BEGIN [query] SQL Statement execution dump ============
SELECT cpy.company_id,cpy.company_code,cpy.company_short_name_id,(select DESCRIPTION_TEXT from fnd_descriptions where DESCRIPTION_ID=cpy.company_short_name_id and Language=?) AS company_short_name,(select cpy.company_code||'-'|| fd.description_text from fnd_descriptions fd where fd.description_id=cpy.company_short_name_id and language=?) AS company_code_display
FROM fnd_companies cpy
WHERE (cpy.end_date_active is null or sysdate between cpy.start_date_active and cpy.end_date_active)                          and (cpy.set_of_books_id = nvl(?,cpy.set_of_books_id)) AND cpy.company_id=?
ORDER BY company_code
---------------------Binding info---------------------
No.1	Access path:/session/@lang	Data type of passed value :java.lang.String	Value:ZHS	Output:false	Database Type:null	
No.2	Access path:/session/@lang	Data type of passed value :java.lang.String	Value:ZHS	Output:false	Database Type:null	
No.3	Access path:/parameter/@set_of_books_id	Data type of passed value :[null]	Value:null	Output:false	Database Type:null	
No.4	Access path:/session/@company_id	Data type of passed value :java.lang.String	Value:835	Output:false	Database Type:null	

=============== END [query] SQL Statement execution dump ============

2018-10-16 07:55:10.878 [aurora.database] [CONFIG] ===================================== prepare to run model-query eam.eam0311.eam0311_certificate_type_cmb==============================
2018-10-16 07:55:10.881 [uncertain.proc] [CONFIG] [action] DecideSqlGenerationMode
2018-10-16 07:55:10.881 [uncertain.proc] [FINE] aurora.database.service.BusinessModelService.onDecideSqlGenerationMode
2018-10-16 07:55:10.881 [uncertain.proc] [CONFIG] [action] CreateOperationSql
2018-10-16 07:55:10.881 [uncertain.proc] [CONFIG] [action] PopulateOperationSql
2018-10-16 07:55:10.881 [uncertain.proc] [FINE] aurora.database.features.OrderByClauseCreator.onPopulateOperationSql
2018-10-16 07:55:10.881 [uncertain.proc] [FINE] aurora.database.features.WhereClauseCreator.onPopulateOperationSql
2018-10-16 07:55:10.881 [uncertain.proc] [CONFIG] [action] ExecuteQuery
2018-10-16 07:55:10.881 [uncertain.proc] [FINE] aurora.bm.QuerySqlCreator.onExecuteQuery
2018-10-16 07:55:10.882 [uncertain.proc] [CONFIG] [action] QueryFinish
2018-10-16 07:55:10.882 [uncertain.proc] [FINE] aurora.database.features.AutoQueryCounter.onQueryFinish
2018-10-16 07:55:10.882 [uncertain.proc] [CONFIG] [action] FetchResultSet
2018-10-16 07:55:10.882 [uncertain.proc] [FINE] aurora.database.features.CacheBasedLookUpField.postFetchResultSet
2018-10-16 07:55:10.882 [aurora.database] [CONFIG] 
============= BEGIN [query] SQL Statement execution dump ============

            SELECT *
            FROM(SELECT v.code_id,
            			v.code_value_id,
            			v.code_value,
            			v.code_value_name,
            			v.code_value_name certificate_type
					 FROM sys_code_values_v v 
					where v.code = 'CERTIFICATE_TYPE'
				       and v.code_enabled_flag='Y'
				       and v.code_value_enabled_flag='Y')t
               
               order by t.code_value_id asc
               
---------------------Binding info---------------------
null
=============== END [query] SQL Statement execution dump ============

2018-10-16 07:55:10.882 [aurora.database] [CONFIG] ===================================== prepare to run model-query eam.eam0311.eam0311_eam_asset_value_parameter==============================
2018-10-16 07:55:10.885 [uncertain.proc] [CONFIG] [action] DecideSqlGenerationMode
2018-10-16 07:55:10.885 [uncertain.proc] [FINE] aurora.database.service.BusinessModelService.onDecideSqlGenerationMode
2018-10-16 07:55:10.885 [uncertain.proc] [CONFIG] [action] CreateOperationSql
2018-10-16 07:55:10.885 [uncertain.proc] [CONFIG] [action] PopulateOperationSql
2018-10-16 07:55:10.885 [uncertain.proc] [FINE] aurora.database.features.OrderByClauseCreator.onPopulateOperationSql
2018-10-16 07:55:10.885 [uncertain.proc] [FINE] aurora.database.features.WhereClauseCreator.onPopulateOperationSql
2018-10-16 07:55:10.885 [uncertain.proc] [CONFIG] [action] ExecuteQuery
2018-10-16 07:55:10.885 [uncertain.proc] [FINE] aurora.bm.QuerySqlCreator.onExecuteQuery
2018-10-16 07:55:10.886 [uncertain.proc] [CONFIG] [action] QueryFinish
2018-10-16 07:55:10.886 [uncertain.proc] [FINE] aurora.database.features.AutoQueryCounter.onQueryFinish
2018-10-16 07:55:10.886 [uncertain.proc] [CONFIG] [action] FetchResultSet
2018-10-16 07:55:10.886 [uncertain.proc] [FINE] aurora.database.features.CacheBasedLookUpField.postFetchResultSet
2018-10-16 07:55:10.886 [aurora.database] [CONFIG] 
============= BEGIN [query] SQL Statement execution dump ============

            select to_number(sys_parameter_pkg.value(p_parameter_code => 'EAM_ASSET_FIXED_MIN_VALUE',
				                                     p_user_id        => null,
				                                     p_role_id        => null,
				                                     p_company_id     => null)) fixed_min_value,
			       to_number(sys_parameter_pkg.value(p_parameter_code => 'EAM_ASSET_DZYH_MAX_VALUE',
						                               p_user_id        => null,
						                               p_role_id        => null,
						                               p_company_id     => null)) dzyh_max_value,
			       to_number(sys_parameter_pkg.value(p_parameter_code => 'EAM_ASSET_DZYH_MIN_VALUE',
						                               p_user_id        => null,
						                               p_role_id        => null,
						                               p_company_id     => null)) dzyh_min_value
			  from dual
               
---------------------Binding info---------------------
null
=============== END [query] SQL Statement execution dump ============

2018-10-16 07:55:10.886 [aurora.database] [CONFIG] ===================================== prepare to run model-query cont.sys_date==============================
2018-10-16 07:55:10.889 [uncertain.proc] [CONFIG] [action] DecideSqlGenerationMode
2018-10-16 07:55:10.889 [uncertain.proc] [FINE] aurora.database.service.BusinessModelService.onDecideSqlGenerationMode
2018-10-16 07:55:10.889 [uncertain.proc] [CONFIG] [action] CreateOperationSql
2018-10-16 07:55:10.889 [uncertain.proc] [CONFIG] [action] PopulateOperationSql
2018-10-16 07:55:10.889 [uncertain.proc] [FINE] aurora.database.features.OrderByClauseCreator.onPopulateOperationSql
2018-10-16 07:55:10.889 [uncertain.proc] [FINE] aurora.database.features.WhereClauseCreator.onPopulateOperationSql
2018-10-16 07:55:10.889 [uncertain.proc] [CONFIG] [action] ExecuteQuery
2018-10-16 07:55:10.889 [uncertain.proc] [FINE] aurora.bm.QuerySqlCreator.onExecuteQuery
2018-10-16 07:55:10.890 [uncertain.proc] [CONFIG] [action] QueryFinish
2018-10-16 07:55:10.890 [uncertain.proc] [FINE] aurora.database.features.AutoQueryCounter.onQueryFinish
2018-10-16 07:55:10.890 [uncertain.proc] [CONFIG] [action] FetchResultSet
2018-10-16 07:55:10.890 [uncertain.proc] [FINE] aurora.database.features.CacheBasedLookUpField.postFetchResultSet
2018-10-16 07:55:10.890 [aurora.database] [CONFIG] 
============= BEGIN [query] SQL Statement execution dump ============

            	select to_char(sysdate,'yyyy-mm-dd') as now from dual
            
---------------------Binding info---------------------
null
=============== END [query] SQL Statement execution dump ============

2018-10-16 07:55:10.890 [uncertain.proc] [CONFIG] [action] CreateView
2018-10-16 07:55:10.890 [uncertain.proc] [CONFIG] [action] BuildOutputContent
2018-10-16 07:55:10.890 [aurora.presentation.buildsession] [CONFIG] Start build session
2018-10-16 07:55:10.890 [aurora.presentation.buildsession] [CONFIG] building view: <html-page> -> aurora.presentation.component.HtmlPage@c67dea2
2018-10-16 07:55:10.891 [aurora.presentation.buildsession] [CONFIG] building view: <script> -> aurora.presentation.DefaultViewBuilder@35f5c5a3
2018-10-16 07:55:10.894 [aurora.presentation.buildsession] [CONFIG] building view: <dataSets> -> aurora.application.features.DataSetInit@3d35a833
2018-10-16 07:55:10.894 [aurora.presentation.buildsession] [CONFIG] building view: <dataSet> -> aurora.presentation.TemplateBasedView@3dda489e
2018-10-16 07:55:10.896 [aurora.presentation.buildsession] [CONFIG] building view: <dataSet> -> aurora.presentation.TemplateBasedView@3dda489e
2018-10-16 07:55:10.896 [aurora.presentation.buildsession] [CONFIG] building view: <dataSet> -> aurora.presentation.TemplateBasedView@3dda489e
2018-10-16 07:55:10.896 [aurora.presentation.buildsession] [CONFIG] building view: <dataSet> -> aurora.presentation.TemplateBasedView@3dda489e
2018-10-16 07:55:10.897 [aurora.presentation.buildsession] [CONFIG] building view: <dataSet> -> aurora.presentation.TemplateBasedView@3dda489e
2018-10-16 07:55:10.898 [aurora.presentation.buildsession] [CONFIG] building view: <dataSet> -> aurora.presentation.TemplateBasedView@3dda489e
2018-10-16 07:55:10.899 [aurora.presentation.buildsession] [CONFIG] building view: <dataSet> -> aurora.presentation.TemplateBasedView@3dda489e
2018-10-16 07:55:10.900 [aurora.presentation.buildsession] [CONFIG] building view: <dataSet> -> aurora.presentation.TemplateBasedView@3dda489e
2018-10-16 07:55:10.900 [aurora.presentation.buildsession] [CONFIG] building view: <dataSet> -> aurora.presentation.TemplateBasedView@3dda489e
2018-10-16 07:55:10.900 [aurora.presentation.buildsession] [CONFIG] building view: <dataSet> -> aurora.presentation.TemplateBasedView@3dda489e
2018-10-16 07:55:10.900 [aurora.presentation.buildsession] [CONFIG] building view: <dataSet> -> aurora.presentation.TemplateBasedView@3dda489e
2018-10-16 07:55:10.900 [aurora.presentation.buildsession] [CONFIG] building view: <dataSet> -> aurora.presentation.TemplateBasedView@3dda489e
2018-10-16 07:55:10.900 [aurora.presentation.buildsession] [CONFIG] building view: <dataSet> -> aurora.presentation.TemplateBasedView@3dda489e
2018-10-16 07:55:10.900 [aurora.presentation.buildsession] [CONFIG] building view: <dataSet> -> aurora.presentation.TemplateBasedView@3dda489e
2018-10-16 07:55:10.900 [aurora.presentation.buildsession] [CONFIG] building view: <dataSet> -> aurora.presentation.TemplateBasedView@3dda489e
2018-10-16 07:55:10.901 [aurora.presentation.buildsession] [CONFIG] building view: <dataSet> -> aurora.presentation.TemplateBasedView@3dda489e
2018-10-16 07:55:10.902 [aurora.presentation.buildsession] [CONFIG] building view: <dataSet> -> aurora.presentation.TemplateBasedView@3dda489e
2018-10-16 07:55:10.902 [aurora.presentation.buildsession] [CONFIG] building view: <dataSet> -> aurora.presentation.TemplateBasedView@3dda489e
2018-10-16 07:55:10.921 [aurora.presentation.buildsession] [CONFIG] building view: <dataSet> -> aurora.presentation.TemplateBasedView@3dda489e
2018-10-16 07:55:10.923 [aurora.presentation.buildsession] [CONFIG] building view: <dataSet> -> aurora.presentation.TemplateBasedView@3dda489e
2018-10-16 07:55:10.926 [aurora.presentation.buildsession] [CONFIG] building view: <dataSet> -> aurora.presentation.TemplateBasedView@3dda489e
2018-10-16 07:55:10.931 [aurora.presentation.buildsession] [CONFIG] building view: <dataSet> -> aurora.presentation.TemplateBasedView@3dda489e
2018-10-16 07:55:10.931 [aurora.presentation.buildsession] [CONFIG] building view: <dataSet> -> aurora.presentation.TemplateBasedView@3dda489e
2018-10-16 07:55:11.15 [aurora.presentation.buildsession] [CONFIG] building view: <screenBody> -> aurora.presentation.component.std.ScreenBody@1434be9a
2018-10-16 07:55:11.15 [aurora.presentation.buildsession] [CONFIG] building view: <form> -> aurora.presentation.component.std.Form@2614f070
2018-10-16 07:55:11.15 [aurora.presentation.buildsession] [CONFIG] building view: <hBox> -> aurora.presentation.component.std.HBox@36f0b0b1
2018-10-16 07:55:11.15 [aurora.presentation.buildsession] [CONFIG] building view: <textField> -> aurora.presentation.TemplateBasedView@3dda489e
2018-10-16 07:55:11.15 [aurora.presentation.buildsession] [CONFIG] building view: <comboBox> -> aurora.presentation.TemplateBasedView@3dda489e
2018-10-16 07:55:11.16 [aurora.presentation.buildsession] [CONFIG] building view: <textField> -> aurora.presentation.TemplateBasedView@3dda489e
2018-10-16 07:55:11.16 [aurora.presentation.buildsession] [CONFIG] building view: <lov> -> aurora.presentation.TemplateBasedView@3dda489e
2018-10-16 07:55:11.16 [aurora.presentation.buildsession] [CONFIG] building view: <hBox> -> aurora.presentation.component.std.HBox@213dd5b3
2018-10-16 07:55:11.16 [aurora.presentation.buildsession] [CONFIG] building view: <lov> -> aurora.presentation.TemplateBasedView@3dda489e
2018-10-16 07:55:11.16 [aurora.presentation.buildsession] [CONFIG] building view: <lov> -> aurora.presentation.TemplateBasedView@3dda489e
2018-10-16 07:55:11.16 [aurora.presentation.buildsession] [CONFIG] building view: <lov> -> aurora.presentation.TemplateBasedView@3dda489e
2018-10-16 07:55:11.16 [aurora.presentation.buildsession] [CONFIG] building view: <hBox> -> aurora.presentation.component.std.HBox@10cc7f60
2018-10-16 07:55:11.17 [aurora.presentation.buildsession] [CONFIG] building view: <textArea> -> aurora.presentation.TemplateBasedView@3dda489e
2018-10-16 07:55:11.17 [aurora.presentation.buildsession] [CONFIG] building view: <hBox> -> aurora.presentation.component.std.HBox@11da9a79
2018-10-16 07:55:11.17 [aurora.presentation.buildsession] [CONFIG] building view: <button> -> aurora.presentation.TemplateBasedView@3dda489e
2018-10-16 07:55:11.17 [aurora.presentation.buildsession] [CONFIG] building view: <button> -> aurora.presentation.TemplateBasedView@3dda489e
2018-10-16 07:55:11.17 [aurora.presentation.buildsession] [CONFIG] building view: <tabPanel> -> aurora.presentation.TemplateBasedView@3dda489e
2018-10-16 07:55:11.18 [aurora.presentation.buildsession] [CONFIG] building view: <form> -> aurora.presentation.component.std.Form@229cc5cb
2018-10-16 07:55:11.18 [aurora.presentation.buildsession] [CONFIG] building view: <box> -> aurora.presentation.component.std.Box@6dc30c66
2018-10-16 07:55:11.18 [aurora.presentation.buildsession] [CONFIG] building view: <textField> -> aurora.presentation.TemplateBasedView@3dda489e
2018-10-16 07:55:11.18 [aurora.presentation.buildsession] [CONFIG] building view: <comboBox> -> aurora.presentation.TemplateBasedView@3dda489e
2018-10-16 07:55:11.19 [aurora.presentation.buildsession] [CONFIG] building view: <comboBox> -> aurora.presentation.TemplateBasedView@3dda489e
2018-10-16 07:55:11.19 [aurora.presentation.buildsession] [CONFIG] building view: <box> -> aurora.presentation.component.std.Box@1e8749c1
2018-10-16 07:55:11.19 [aurora.presentation.buildsession] [CONFIG] building view: <datePicker> -> aurora.presentation.TemplateBasedView@3dda489e
2018-10-16 07:55:11.19 [aurora.presentation.buildsession] [CONFIG] building view: <comboBox> -> aurora.presentation.TemplateBasedView@3dda489e
2018-10-16 07:55:11.19 [aurora.presentation.buildsession] [CONFIG] building view: <numberField> -> aurora.presentation.TemplateBasedView@3dda489e
2018-10-16 07:55:11.20 [aurora.presentation.buildsession] [CONFIG] building view: <box> -> aurora.presentation.component.std.Box@5bcb113a
2018-10-16 07:55:11.20 [aurora.presentation.buildsession] [CONFIG] building view: <numberField> -> aurora.presentation.TemplateBasedView@3dda489e
2018-10-16 07:55:11.20 [aurora.presentation.buildsession] [CONFIG] building view: <numberField> -> aurora.presentation.TemplateBasedView@3dda489e
2018-10-16 07:55:11.20 [aurora.presentation.buildsession] [CONFIG] building view: <numberField> -> aurora.presentation.TemplateBasedView@3dda489e
2018-10-16 07:55:11.21 [aurora.presentation.buildsession] [CONFIG] building view: <box> -> aurora.presentation.component.std.Box@1f3d3515
2018-10-16 07:55:11.21 [aurora.presentation.buildsession] [CONFIG] building view: <numberField> -> aurora.presentation.TemplateBasedView@3dda489e
2018-10-16 07:55:11.21 [aurora.presentation.buildsession] [CONFIG] building view: <numberField> -> aurora.presentation.TemplateBasedView@3dda489e
2018-10-16 07:55:11.21 [aurora.presentation.buildsession] [CONFIG] building view: <numberField> -> aurora.presentation.TemplateBasedView@3dda489e
2018-10-16 07:55:11.21 [aurora.presentation.buildsession] [CONFIG] building view: <box> -> aurora.presentation.component.std.Box@6ae8aaa8
2018-10-16 07:55:11.21 [aurora.presentation.buildsession] [CONFIG] building view: <numberField> -> aurora.presentation.TemplateBasedView@3dda489e
2018-10-16 07:55:11.21 [aurora.presentation.buildsession] [CONFIG] building view: <comboBox> -> aurora.presentation.TemplateBasedView@3dda489e
2018-10-16 07:55:11.22 [aurora.presentation.buildsession] [CONFIG] building view: <comboBox> -> aurora.presentation.TemplateBasedView@3dda489e
2018-10-16 07:55:11.22 [aurora.presentation.buildsession] [CONFIG] building view: <box> -> aurora.presentation.component.std.Box@4e052f75
2018-10-16 07:55:11.22 [aurora.presentation.buildsession] [CONFIG] building view: <comboBox> -> aurora.presentation.TemplateBasedView@3dda489e
2018-10-16 07:55:11.22 [aurora.presentation.buildsession] [CONFIG] building view: <comboBox> -> aurora.presentation.TemplateBasedView@3dda489e
2018-10-16 07:55:11.22 [aurora.presentation.buildsession] [CONFIG] building view: <lov> -> aurora.presentation.TemplateBasedView@3dda489e
2018-10-16 07:55:11.22 [aurora.presentation.buildsession] [CONFIG] building view: <box> -> aurora.presentation.component.std.Box@4d44a54e
2018-10-16 07:55:11.23 [aurora.presentation.buildsession] [CONFIG] building view: <textField> -> aurora.presentation.TemplateBasedView@3dda489e
2018-10-16 07:55:11.23 [aurora.presentation.buildsession] [CONFIG] building view: <textField> -> aurora.presentation.TemplateBasedView@3dda489e
2018-10-16 07:55:11.23 [aurora.presentation.buildsession] [CONFIG] building view: <grid> -> aurora.presentation.TemplateBasedView@3dda489e
2018-10-16 07:55:11.23 [aurora.presentation.buildsession] [CONFIG] building view: <toolBar> -> aurora.presentation.TemplateBasedView@3dda489e
2018-10-16 07:55:11.23 [aurora.presentation.buildsession] [CONFIG] building view: <button> -> aurora.presentation.TemplateBasedView@3dda489e
2018-10-16 07:55:11.25 [aurora.presentation.buildsession] [CONFIG] building view: <button> -> aurora.presentation.TemplateBasedView@3dda489e
2018-10-16 07:55:11.25 [aurora.presentation.buildsession] [CONFIG] building view: <navBar> -> aurora.presentation.TemplateBasedView@3dda489e
2018-10-16 07:55:11.27 [aurora.presentation.buildsession] [CONFIG] building view: <button> -> aurora.presentation.TemplateBasedView@3dda489e
2018-10-16 07:55:11.27 [aurora.presentation.buildsession] [CONFIG] building view: <button> -> aurora.presentation.TemplateBasedView@3dda489e
2018-10-16 07:55:11.27 [aurora.presentation.buildsession] [CONFIG] building view: <separator> -> aurora.presentation.TemplateBasedView@3dda489e
2018-10-16 07:55:11.27 [aurora.presentation.buildsession] [CONFIG] building view: <div> -> aurora.presentation.DefaultViewBuilder@35f5c5a3
2018-10-16 07:55:11.27 [aurora.presentation.buildsession] [CONFIG] building view: <numberField> -> aurora.presentation.TemplateBasedView@3dda489e
2018-10-16 07:55:11.27 [aurora.presentation.buildsession] [CONFIG] building view: <div> -> aurora.presentation.DefaultViewBuilder@35f5c5a3
2018-10-16 07:55:11.27 [aurora.presentation.buildsession] [CONFIG] building view: <separator> -> aurora.presentation.TemplateBasedView@3dda489e
2018-10-16 07:55:11.27 [aurora.presentation.buildsession] [CONFIG] building view: <button> -> aurora.presentation.TemplateBasedView@3dda489e
2018-10-16 07:55:11.28 [aurora.presentation.buildsession] [CONFIG] building view: <button> -> aurora.presentation.TemplateBasedView@3dda489e
2018-10-16 07:55:11.28 [aurora.presentation.buildsession] [CONFIG] building view: <button> -> aurora.presentation.TemplateBasedView@3dda489e
2018-10-16 07:55:11.28 [aurora.presentation.buildsession] [CONFIG] building view: <separator> -> aurora.presentation.TemplateBasedView@3dda489e
2018-10-16 07:55:11.28 [aurora.presentation.buildsession] [CONFIG] building view: <div> -> aurora.presentation.DefaultViewBuilder@35f5c5a3
2018-10-16 07:55:11.28 [aurora.presentation.buildsession] [CONFIG] building view: <comboBox> -> aurora.presentation.TemplateBasedView@3dda489e
2018-10-16 07:55:11.28 [aurora.presentation.buildsession] [CONFIG] building view: <div> -> aurora.presentation.DefaultViewBuilder@35f5c5a3
2018-10-16 07:55:11.28 [aurora.presentation.buildsession] [CONFIG] building view: <separator> -> aurora.presentation.TemplateBasedView@3dda489e
2018-10-16 07:55:11.28 [aurora.presentation.buildsession] [CONFIG] building view: <div> -> aurora.presentation.DefaultViewBuilder@35f5c5a3
2018-10-16 07:55:11.29 [aurora.presentation.buildsession] [CONFIG] building view: <lov> -> aurora.presentation.TemplateBasedView@3dda489e
2018-10-16 07:55:11.29 [aurora.presentation.buildsession] [CONFIG] building view: <numberField> -> aurora.presentation.TemplateBasedView@3dda489e
2018-10-16 07:55:11.29 [aurora.presentation.buildsession] [CONFIG] building view: <comboBox> -> aurora.presentation.TemplateBasedView@3dda489e
2018-10-16 07:55:11.30 [aurora.presentation.buildsession] [CONFIG] End build session
