2018-10-21 07:59:25.812 [aurora.application.session_check] [CONFIG] Session data copied to context
2018-10-21 07:59:25.812 [aurora.application.session_check] [CONFIG] Access check result for modules/bgt/public/bgt_journal_update_control.svc => success
2018-10-21 07:59:25.812 [uncertain.proc] [CONFIG] [action] AccessCheck
2018-10-21 07:59:25.815 [uncertain.proc] [CONFIG] [action] CheckServiceLock
2018-10-21 07:59:25.815 [uncertain.proc] [CONFIG] [action] ParseParameter
2018-10-21 07:59:25.815 [uncertain.proc] [CONFIG] [action] ValidateInput
2018-10-21 07:59:25.815 [uncertain.proc] [CONFIG] [action] InvokeService
2018-10-21 07:59:25.815 [aurora.database] [CONFIG] Running batch-apply with data from path /parameter, total 1 records
2018-10-21 07:59:25.815 [aurora.database] [CONFIG] Executing batch-apply on parameter No.0
2018-10-21 07:59:25.819 [uncertain.proc] [CONFIG] [action] DecideStatement
2018-10-21 07:59:25.820 [uncertain.proc] [CONFIG] [action] DecideSqlGenerationMode
2018-10-21 07:59:25.820 [uncertain.proc] [FINE] aurora.database.service.BusinessModelService.onDecideSqlGenerationMode
2018-10-21 07:59:25.820 [uncertain.proc] [CONFIG] [action] CreateOperationSql
2018-10-21 07:59:25.820 [uncertain.proc] [CONFIG] [action] PopulateOperationSql
2018-10-21 07:59:25.820 [uncertain.proc] [FINE] aurora.database.features.OrderByClauseCreator.onPopulateOperationSql
2018-10-21 07:59:25.820 [uncertain.proc] [FINE] aurora.database.features.WhereClauseCreator.onPopulateOperationSql
2018-10-21 07:59:25.820 [uncertain.proc] [CONFIG] [action] CreateSqlRunner
2018-10-21 07:59:25.820 [uncertain.proc] [FINE] aurora.database.service.BusinessModelService.onCreateSqlRunner
2018-10-21 07:59:25.820 [uncertain.proc] [CONFIG] [action] ExecuteDmlStatement
2018-10-21 07:59:25.820 [uncertain.proc] [FINE] aurora.database.service.BusinessModelService.onExecuteDmlStatement
2018-10-21 07:59:25.823 [aurora.database] [CONFIG] 
============= BEGIN [Update] SQL Statement execution dump ============
 
            begin
				sys_user_doc_access_verify_pkg.bgt_journal_modify_verify(
				    ?,
				    ?,
				    null,
			       ?
				);
			end;
---------------------Binding info---------------------
No.1	Access path:/session/@session_id	Data type of passed value :java.lang.Long	Value:55554	Output:false	Database Type:null	
No.2	Access path:@journal_header_id	Data type of passed value :java.lang.String	Value:662	Output:false	Database Type:null	
No.3	Access path:/session/@user_id	Data type of passed value :java.lang.Long	Value:2252	Output:false	Database Type:null	

=============== END [Update] SQL Statement execution dump ============

2018-10-21 07:59:25.826 [uncertain.proc] [CONFIG] [action] DecideStatement
2018-10-21 07:59:25.827 [uncertain.proc] [CONFIG] [action] DecideSqlGenerationMode
2018-10-21 07:59:25.827 [uncertain.proc] [FINE] aurora.database.service.BusinessModelService.onDecideSqlGenerationMode
2018-10-21 07:59:25.827 [uncertain.proc] [CONFIG] [action] CreateOperationSql
2018-10-21 07:59:25.827 [uncertain.proc] [CONFIG] [action] PopulateOperationSql
2018-10-21 07:59:25.827 [uncertain.proc] [FINE] aurora.database.features.OrderByClauseCreator.onPopulateOperationSql
2018-10-21 07:59:25.827 [uncertain.proc] [FINE] aurora.database.features.WhereClauseCreator.onPopulateOperationSql
2018-10-21 07:59:25.827 [uncertain.proc] [CONFIG] [action] CreateSqlRunner
2018-10-21 07:59:25.827 [uncertain.proc] [FINE] aurora.database.service.BusinessModelService.onCreateSqlRunner
2018-10-21 07:59:25.827 [uncertain.proc] [CONFIG] [action] ExecuteDmlStatement
2018-10-21 07:59:25.827 [uncertain.proc] [FINE] aurora.database.service.BusinessModelService.onExecuteDmlStatement
2018-10-21 07:59:25.830 [aurora.database] [CONFIG] 
============= BEGIN [Update] SQL Statement execution dump ============

            begin
				bgt_journal_pkg.update_bgt_journal_headers(?,
														   ?,
														   ?,
														   ?,
														   ?,
														   ?);
			end;
---------------------Binding info---------------------
No.1	Access path:@journal_header_id	Data type of passed value :java.lang.String	Value:662	Output:false	Database Type:null	
No.2	Access path:@journal_header_notes	Data type of passed value :java.lang.String	Value:测试	Output:false	Database Type:null	
No.3	Access path:@scenario_id	Data type of passed value :java.lang.String	Value:32	Output:false	Database Type:null	
No.4	Access path:@version_id	Data type of passed value :java.lang.String	Value:31	Output:false	Database Type:null	
No.5	Access path:/session/@user_id	Data type of passed value :java.lang.Long	Value:2252	Output:false	Database Type:null	
No.6	Access path:@position_id	Data type of passed value :[null]	Value:null	Output:false	Database Type:null	

=============== END [Update] SQL Statement execution dump ============

2018-10-21 07:59:25.832 [aurora.database] [INFO] [model-batch-update] Data from '@current_parameter/objlines' is null
2018-10-21 07:59:25.832 [aurora.database] [CONFIG] Running batch-apply with data from path @current_parameter/lines, total 1 records
2018-10-21 07:59:25.832 [aurora.database] [CONFIG] Executing batch-apply on parameter No.0
2018-10-21 07:59:25.834 [uncertain.proc] [CONFIG] [action] DecideStatement
2018-10-21 07:59:25.836 [uncertain.proc] [CONFIG] [action] DecideSqlGenerationMode
2018-10-21 07:59:25.836 [uncertain.proc] [FINE] aurora.database.service.BusinessModelService.onDecideSqlGenerationMode
2018-10-21 07:59:25.836 [uncertain.proc] [CONFIG] [action] CreateOperationSql
2018-10-21 07:59:25.836 [uncertain.proc] [CONFIG] [action] PopulateOperationSql
2018-10-21 07:59:25.836 [uncertain.proc] [FINE] aurora.database.features.OrderByClauseCreator.onPopulateOperationSql
2018-10-21 07:59:25.836 [uncertain.proc] [FINE] aurora.database.features.WhereClauseCreator.onPopulateOperationSql
2018-10-21 07:59:25.836 [uncertain.proc] [CONFIG] [action] CreateSqlRunner
2018-10-21 07:59:25.836 [uncertain.proc] [FINE] aurora.database.service.BusinessModelService.onCreateSqlRunner
2018-10-21 07:59:25.836 [uncertain.proc] [CONFIG] [action] ExecuteDmlStatement
2018-10-21 07:59:25.836 [uncertain.proc] [FINE] aurora.database.service.BusinessModelService.onExecuteDmlStatement
2018-10-21 07:59:25.842 [aurora.database] [CONFIG] 
============= BEGIN [Update] SQL Statement execution dump ============

        		
        			begin
						bgt_journal_pkg.update_bgt_journal_lines(?,
															     ?,
																 ?,
																 ?,
																 ?,
																 ?,
																 ?,
																 ?,
																 ?,
			                                                     ?,
																 ?,
															     ?,
																 ?,
			                                                     ?,
																 ?,
			                                                     ?,
			                                                     ?,
																 ?,
																 ?,
			                                                     ?,
			                                                     ?,
			                                                     ?,
															     ?,
															     ?,
																 ?,
																 ?,
																 ?,
																 ?,
																 ?,
																 ?,
																 ?,
																 ?,
																 ?,
																 ?,
																 ?);
						  	
					end;
        		
        	
---------------------Binding info---------------------
No.1	Access path:@journal_header_id	Data type of passed value :java.lang.Integer	Value:662	Output:false	Database Type:null	
No.2	Access path:@journal_line_id	Data type of passed value :java.lang.Integer	Value:612	Output:false	Database Type:null	
No.3	Access path:@center_id	Data type of passed value :java.lang.Integer	Value:54262	Output:false	Database Type:null	
No.4	Access path:@budget_item_id	Data type of passed value :java.lang.Integer	Value:271	Output:false	Database Type:null	
No.5	Access path:@budget_structure_id	Data type of passed value :java.lang.String	Value:31	Output:false	Database Type:null	
No.6	Access path:@line_period_name	Data type of passed value :java.lang.String	Value:2018-10	Output:false	Database Type:null	
No.7	Access path:@line_period_quarter	Data type of passed value :java.lang.Integer	Value:4	Output:false	Database Type:null	
No.8	Access path:@line_period_year	Data type of passed value :java.lang.Integer	Value:2018	Output:false	Database Type:null	
No.9	Access path:@line_bgt_period_num	Data type of passed value :java.lang.Integer	Value:10	Output:false	Database Type:null	
No.10	Access path:@currency_code	Data type of passed value :java.lang.String	Value:CNY	Output:false	Database Type:null	
No.11	Access path:@exchange_rate_type_code	Data type of passed value :[null]	Value:null	Output:false	Database Type:null	
No.12	Access path:@exchange_rate_quotation_code	Data type of passed value :[null]	Value:null	Output:false	Database Type:null	
No.13	Access path:@exchange_rate	Data type of passed value :java.lang.Integer	Value:1	Output:false	Database Type:null	
No.14	Access path:@amount	Data type of passed value :java.lang.Integer	Value:100	Output:false	Database Type:null	
No.15	Access path:@functional_amount	Data type of passed value :java.lang.Integer	Value:100	Output:false	Database Type:null	
No.16	Access path:@quantity	Data type of passed value :[null]	Value:null	Output:false	Database Type:null	
No.17	Access path:@uom	Data type of passed value :[null]	Value:null	Output:false	Database Type:null	
No.18	Access path:@company_id	Data type of passed value :java.lang.Integer	Value:2575	Output:false	Database Type:null	
No.19	Access path:@e12	Data type of passed value :[null]	Value:null	Output:false	Database Type:null	
No.20	Access path:@e13	Data type of passed value :java.lang.Integer	Value:54262	Output:false	Database Type:null	
No.21	Access path:@e14	Data type of passed value :[null]	Value:null	Output:false	Database Type:null	
No.22	Access path:@e15	Data type of passed value :[null]	Value:null	Output:false	Database Type:null	
No.23	Access path:@journal_lines_notes	Data type of passed value :[null]	Value:null	Output:false	Database Type:null	
No.24	Access path:/session/@user_id	Data type of passed value :java.lang.Long	Value:2252	Output:false	Database Type:null	
No.25	Access path:@e1	Data type of passed value :[null]	Value:null	Output:false	Database Type:null	
No.26	Access path:@e2	Data type of passed value :[null]	Value:null	Output:false	Database Type:null	
No.27	Access path:@e3	Data type of passed value :[null]	Value:null	Output:false	Database Type:null	
No.28	Access path:@e4	Data type of passed value :[null]	Value:null	Output:false	Database Type:null	
No.29	Access path:@e5	Data type of passed value :[null]	Value:null	Output:false	Database Type:null	
No.30	Access path:@e6	Data type of passed value :[null]	Value:null	Output:false	Database Type:null	
No.31	Access path:@e7	Data type of passed value :[null]	Value:null	Output:false	Database Type:null	
No.32	Access path:@e8	Data type of passed value :[null]	Value:null	Output:false	Database Type:null	
No.33	Access path:@e9	Data type of passed value :[null]	Value:null	Output:false	Database Type:null	
No.34	Access path:@e10	Data type of passed value :[null]	Value:null	Output:false	Database Type:null	
No.35	Access path:/session/@company_id	Data type of passed value :java.lang.Integer	Value:2575	Output:false	Database Type:null	

=============== END [Update] SQL Statement execution dump ============

2018-10-21 07:59:25.844 [aurora.database] [INFO] [model-batch-update] Data from '@current_parameter/details' is null
2018-10-21 07:59:25.844 [uncertain.proc] [CONFIG] [action] CreateSuccessResponse
