2018-10-11 01:22:29.137 [aurora.application.session_check] [CONFIG] Session data copied to context
2018-10-11 01:22:29.137 [aurora.application.session_check] [CONFIG] Access check result for modules/bgt/public/bgt_journal_create_standard.screen => success
2018-10-11 01:22:29.137 [uncertain.proc] [CONFIG] [action] AccessCheck
2018-10-11 01:22:29.151 [uncertain.proc] [CONFIG] [action] InitService
2018-10-11 01:22:29.151 [uncertain.proc] [CONFIG] [action] ParseParameter
2018-10-11 01:22:29.151 [uncertain.proc] [CONFIG] [action] CreateModel
2018-10-11 01:22:29.151 [aurora.database] [CONFIG] ===================================== prepare to run model-query bgt.bgt_journal_create_init_sid==============================
2018-10-11 01:22:29.156 [uncertain.proc] [CONFIG] [action] DecideSqlGenerationMode
2018-10-11 01:22:29.156 [uncertain.proc] [FINE] aurora.database.service.BusinessModelService.onDecideSqlGenerationMode
2018-10-11 01:22:29.156 [uncertain.proc] [CONFIG] [action] CreateOperationSql
2018-10-11 01:22:29.156 [uncertain.proc] [CONFIG] [action] PopulateOperationSql
2018-10-11 01:22:29.156 [uncertain.proc] [FINE] aurora.database.features.OrderByClauseCreator.onPopulateOperationSql
2018-10-11 01:22:29.156 [uncertain.proc] [FINE] aurora.database.features.WhereClauseCreator.onPopulateOperationSql
2018-10-11 01:22:29.156 [uncertain.proc] [CONFIG] [action] ExecuteQuery
2018-10-11 01:22:29.156 [uncertain.proc] [FINE] aurora.bm.QuerySqlCreator.onExecuteQuery
2018-10-11 01:22:29.157 [uncertain.proc] [CONFIG] [action] QueryFinish
2018-10-11 01:22:29.157 [uncertain.proc] [FINE] aurora.database.features.AutoQueryCounter.onQueryFinish
2018-10-11 01:22:29.157 [uncertain.proc] [CONFIG] [action] FetchResultSet
2018-10-11 01:22:29.157 [uncertain.proc] [FINE] aurora.database.features.CacheBasedLookUpField.postFetchResultSet
2018-10-11 01:22:29.157 [aurora.database] [CONFIG] 
============= BEGIN [query] SQL Statement execution dump ============
select bgt_journal_headers_s.nextval head_id from dual
---------------------Binding info---------------------
null
=============== END [query] SQL Statement execution dump ============

2018-10-11 01:22:29.157 [aurora.database] [CONFIG] ===================================== prepare to run model-query bgt.bgt_org==============================
2018-10-11 01:22:29.160 [uncertain.proc] [CONFIG] [action] DecideSqlGenerationMode
2018-10-11 01:22:29.160 [uncertain.proc] [FINE] aurora.database.service.BusinessModelService.onDecideSqlGenerationMode
2018-10-11 01:22:29.160 [uncertain.proc] [CONFIG] [action] CreateOperationSql
2018-10-11 01:22:29.160 [uncertain.proc] [CONFIG] [action] PopulateOperationSql
2018-10-11 01:22:29.160 [uncertain.proc] [FINE] aurora.database.features.OrderByClauseCreator.onPopulateOperationSql
2018-10-11 01:22:29.160 [uncertain.proc] [FINE] aurora.database.features.WhereClauseCreator.onPopulateOperationSql
2018-10-11 01:22:29.160 [uncertain.proc] [CONFIG] [action] ExecuteQuery
2018-10-11 01:22:29.160 [uncertain.proc] [FINE] aurora.bm.QuerySqlCreator.onExecuteQuery
2018-10-11 01:22:29.161 [uncertain.proc] [CONFIG] [action] QueryFinish
2018-10-11 01:22:29.161 [uncertain.proc] [FINE] aurora.database.features.AutoQueryCounter.onQueryFinish
2018-10-11 01:22:29.161 [uncertain.proc] [CONFIG] [action] FetchResultSet
2018-10-11 01:22:29.161 [uncertain.proc] [FINE] aurora.database.features.CacheBasedLookUpField.postFetchResultSet
2018-10-11 01:22:29.161 [aurora.database] [CONFIG] 
============= BEGIN [query] SQL Statement execution dump ============

            select 
            bo.bgt_org_id, 
            bo.bgt_org_code, 
            bo.description,
            fc.company_short_name
			from fnd_companies_vl fc, bgt_organizations_vl bo
			where 
			fc.set_of_books_id = bo.set_of_books_id
			and fc.company_id = ?
			
			
---------------------Binding info---------------------
No.1	Access path:/session/@company_id	Data type of passed value :java.lang.String	Value:835	Output:false	Database Type:null	

=============== END [query] SQL Statement execution dump ============

2018-10-11 01:22:29.161 [aurora.database] [CONFIG] ===================================== prepare to run model-query bgt.bgt_journal_create_init_record==============================
2018-10-11 01:22:29.164 [uncertain.proc] [CONFIG] [action] DecideSqlGenerationMode
2018-10-11 01:22:29.164 [uncertain.proc] [FINE] aurora.database.service.BusinessModelService.onDecideSqlGenerationMode
2018-10-11 01:22:29.164 [uncertain.proc] [CONFIG] [action] CreateOperationSql
2018-10-11 01:22:29.164 [uncertain.proc] [CONFIG] [action] PopulateOperationSql
2018-10-11 01:22:29.164 [uncertain.proc] [FINE] aurora.database.features.OrderByClauseCreator.onPopulateOperationSql
2018-10-11 01:22:29.164 [uncertain.proc] [FINE] aurora.database.features.WhereClauseCreator.onPopulateOperationSql
2018-10-11 01:22:29.164 [uncertain.proc] [CONFIG] [action] ExecuteQuery
2018-10-11 01:22:29.164 [uncertain.proc] [FINE] aurora.bm.QuerySqlCreator.onExecuteQuery
2018-10-11 01:22:29.165 [uncertain.proc] [CONFIG] [action] QueryFinish
2018-10-11 01:22:29.165 [uncertain.proc] [FINE] aurora.database.features.AutoQueryCounter.onQueryFinish
2018-10-11 01:22:29.165 [uncertain.proc] [CONFIG] [action] FetchResultSet
2018-10-11 01:22:29.165 [uncertain.proc] [FINE] aurora.database.features.CacheBasedLookUpField.postFetchResultSet
2018-10-11 01:22:29.165 [aurora.database] [CONFIG] 
============= BEGIN [query] SQL Statement execution dump ============

            select t.budget_structure_id,                                           
            t.budget_strc_code,                                          
            t.description,                                          
            t.period_set_code,                                          
            (select st.description                                              
            from bgt_period_sets_vl st                                            
            where st.bgt_period_set_code = t.period_set_code                                               
            and  st.bgt_org_id  = t.bgt_org_id )  period_set_desc,                                          
            t.period_strategy,                                          
            (select                                    
            l.code_value_name                                             
            from sys_codes h, sys_code_values_vl l                                            
            where h.code = 'BUDGET_PERIOD'                                              
            and h.code_id = l.code_id                                              
            and h.enabled_flag = 'Y'                                              
            and l.enabled_flag = 'Y'                                              
            and l.code_value = t.period_strategy )  period_strategy_desc,                                           
            'NEW' 
            status,
            '新增' status_display,
			(select to_char(sysdate,'YYYY-MM-DD') from dual) create_date_display
			from bgt_budget_structures_vl 
            t where 
            t.budget_structure_id =  ?
            
---------------------Binding info---------------------
No.1	Access path:/parameter/@budget_structure_id	Data type of passed value :java.lang.String	Value:2	Output:false	Database Type:null	

=============== END [query] SQL Statement execution dump ============

2018-10-11 01:22:29.165 [aurora.database] [CONFIG] ===================================== prepare to run model-query bgt.bgt_journal_create_init_operate_unit==============================
2018-10-11 01:22:29.168 [uncertain.proc] [CONFIG] [action] DecideSqlGenerationMode
2018-10-11 01:22:29.169 [uncertain.proc] [FINE] aurora.database.service.BusinessModelService.onDecideSqlGenerationMode
2018-10-11 01:22:29.169 [uncertain.proc] [CONFIG] [action] CreateOperationSql
2018-10-11 01:22:29.169 [uncertain.proc] [CONFIG] [action] PopulateOperationSql
2018-10-11 01:22:29.169 [uncertain.proc] [FINE] aurora.database.features.OrderByClauseCreator.onPopulateOperationSql
2018-10-11 01:22:29.169 [uncertain.proc] [FINE] aurora.database.features.WhereClauseCreator.onPopulateOperationSql
2018-10-11 01:22:29.169 [uncertain.proc] [CONFIG] [action] ExecuteQuery
2018-10-11 01:22:29.169 [uncertain.proc] [FINE] aurora.bm.QuerySqlCreator.onExecuteQuery
2018-10-11 01:22:29.170 [uncertain.proc] [CONFIG] [action] QueryFinish
2018-10-11 01:22:29.170 [uncertain.proc] [FINE] aurora.database.features.AutoQueryCounter.onQueryFinish
2018-10-11 01:22:29.170 [uncertain.proc] [CONFIG] [action] FetchResultSet
2018-10-11 01:22:29.170 [uncertain.proc] [FINE] aurora.database.features.CacheBasedLookUpField.postFetchResultSet
2018-10-11 01:22:29.170 [aurora.database] [CONFIG] 
============= BEGIN [query] SQL Statement execution dump ============
  
            select fou.operation_unit_id,
            fou.description     
            from  sys_user t,       
            exp_employee_assigns_v ee,       
            exp_org_position eop,       
            exp_org_unit eou,       
            fnd_operation_units_vl fou       
            where t.employee_id = ee.employee_id       
            and ee.position_id =eop.position_id       
            and ee.company_id = ?       
            and eop.unit_id = eou.unit_id       
            and eou.operate_unit_id =fou.operation_unit_id       
            and t.user_id = ?     
            group by fou.operation_unit_id,fou.description  
            
---------------------Binding info---------------------
No.1	Access path:/session/@company_id	Data type of passed value :java.lang.String	Value:835	Output:false	Database Type:null	
No.2	Access path:/session/@user_id	Data type of passed value :java.lang.Long	Value:1	Output:false	Database Type:null	

=============== END [query] SQL Statement execution dump ============

2018-10-11 01:22:29.170 [aurora.database] [CONFIG] ===================================== prepare to run model-query bgt.bgt_period_detail==============================
2018-10-11 01:22:29.173 [uncertain.proc] [CONFIG] [action] DecideSqlGenerationMode
2018-10-11 01:22:29.173 [uncertain.proc] [FINE] aurora.database.service.BusinessModelService.onDecideSqlGenerationMode
2018-10-11 01:22:29.173 [uncertain.proc] [CONFIG] [action] CreateOperationSql
2018-10-11 01:22:29.173 [uncertain.proc] [CONFIG] [action] PopulateOperationSql
2018-10-11 01:22:29.173 [uncertain.proc] [FINE] aurora.database.features.OrderByClauseCreator.onPopulateOperationSql
2018-10-11 01:22:29.173 [uncertain.proc] [FINE] aurora.database.features.WhereClauseCreator.onPopulateOperationSql
2018-10-11 01:22:29.173 [uncertain.proc] [CONFIG] [action] ExecuteQuery
2018-10-11 01:22:29.173 [uncertain.proc] [FINE] aurora.bm.QuerySqlCreator.onExecuteQuery
2018-10-11 01:22:29.226 [uncertain.proc] [CONFIG] [action] QueryFinish
2018-10-11 01:22:29.226 [uncertain.proc] [FINE] aurora.database.features.AutoQueryCounter.onQueryFinish
2018-10-11 01:22:29.226 [uncertain.proc] [CONFIG] [action] FetchResultSet
2018-10-11 01:22:29.226 [uncertain.proc] [FINE] aurora.database.features.CacheBasedLookUpField.postFetchResultSet
2018-10-11 01:22:29.226 [aurora.database] [CONFIG] 
============= BEGIN [query] SQL Statement execution dump ============

            select t.period_name from bgt_periods t
	         WHERE exists (select 1  from bgt_organizations bg where bg.bgt_org_id = t.bgt_org_id  and exists (select 1 from fnd_companies fc where fc.set_of_books_id = bg.set_of_books_id and fc.company_id =  ?)) and  t.bgt_period_set_code= (   select     t.PERIOD_SET_CODE  from bgt_budget_structures_vl t where t.Budget_Structure_Id =  ?) and t.bgt_period_set_code in  (SELECT bcps.bgt_period_set_code     FROM bgt_company_period_sets bcps  where bcps.company_id = ?)  and t.period_name not in  (select bps.period_name from bgt_period_status bps  where bps.company_id = ? and bps.bgt_period_set_code = t.bgt_period_set_code  and bps.bgt_period_status_code = 'C')
	        order by t.bgt_period_year desc, t.bgt_quarter_num desc, t.bgt_period_num desc
        
---------------------Binding info---------------------
No.1	Access path:/session/@company_id	Data type of passed value :java.lang.String	Value:835	Output:false	Database Type:null	
No.2	Access path:/parameter/@budget_structure_id	Data type of passed value :java.lang.String	Value:2	Output:false	Database Type:null	
No.3	Access path:/parameter/@p_company_id	Data type of passed value :[null]	Value:null	Output:false	Database Type:null	
No.4	Access path:/parameter/@p_company_id	Data type of passed value :[null]	Value:null	Output:false	Database Type:null	

=============== END [query] SQL Statement execution dump ============

2018-10-11 01:22:29.226 [aurora.database] [CONFIG] ===================================== prepare to run model-query bgt.bgt_version_name==============================
2018-10-11 01:22:29.229 [uncertain.proc] [CONFIG] [action] DecideSqlGenerationMode
2018-10-11 01:22:29.230 [uncertain.proc] [FINE] aurora.database.service.BusinessModelService.onDecideSqlGenerationMode
2018-10-11 01:22:29.230 [uncertain.proc] [CONFIG] [action] CreateOperationSql
2018-10-11 01:22:29.230 [uncertain.proc] [CONFIG] [action] PopulateOperationSql
2018-10-11 01:22:29.230 [uncertain.proc] [FINE] aurora.database.features.OrderByClauseCreator.onPopulateOperationSql
2018-10-11 01:22:29.230 [uncertain.proc] [FINE] aurora.database.features.WhereClauseCreator.onPopulateOperationSql
2018-10-11 01:22:29.230 [uncertain.proc] [CONFIG] [action] ExecuteQuery
2018-10-11 01:22:29.230 [uncertain.proc] [FINE] aurora.bm.QuerySqlCreator.onExecuteQuery
2018-10-11 01:22:29.231 [uncertain.proc] [CONFIG] [action] QueryFinish
2018-10-11 01:22:29.231 [uncertain.proc] [FINE] aurora.database.features.AutoQueryCounter.onQueryFinish
2018-10-11 01:22:29.231 [uncertain.proc] [CONFIG] [action] FetchResultSet
2018-10-11 01:22:29.231 [uncertain.proc] [FINE] aurora.database.features.CacheBasedLookUpField.postFetchResultSet
2018-10-11 01:22:29.231 [aurora.database] [CONFIG] 
============= BEGIN [query] SQL Statement execution dump ============

				select t.*
				  from (select bv.version_id,
							   (select description_text
								  from fnd_descriptions
								 where description_id = bv.description_id
								   and language = ?) version_name
						  from bgt_versions bv
						 where version_id = (select version_id
											   from bgt_company_versions
											  where company_id = ?
												and enabled_flag = 'Y'
												and status = 'CURRENT'))t
						 WHERE exists (select 1           from bgt_jour_t_ref_ver brv          where brv.version_id = t.version_id            and brv.bgt_journal_type_id = ?) 
			
---------------------Binding info---------------------
No.1	Access path:/session/@lang	Data type of passed value :java.lang.String	Value:ZHS	Output:false	Database Type:null	
No.2	Access path:/session/@company_id	Data type of passed value :java.lang.String	Value:835	Output:false	Database Type:null	
No.3	Access path:/parameter/@bgt_journal_type_id	Data type of passed value :java.lang.String	Value:11	Output:false	Database Type:null	

=============== END [query] SQL Statement execution dump ============

2018-10-11 01:22:29.231 [aurora.database] [CONFIG] ===================================== prepare to run model-query bgt.bgt_scenarios_name==============================
2018-10-11 01:22:29.234 [uncertain.proc] [CONFIG] [action] DecideSqlGenerationMode
2018-10-11 01:22:29.234 [uncertain.proc] [FINE] aurora.database.service.BusinessModelService.onDecideSqlGenerationMode
2018-10-11 01:22:29.234 [uncertain.proc] [CONFIG] [action] CreateOperationSql
2018-10-11 01:22:29.234 [uncertain.proc] [CONFIG] [action] PopulateOperationSql
2018-10-11 01:22:29.234 [uncertain.proc] [FINE] aurora.database.features.OrderByClauseCreator.onPopulateOperationSql
2018-10-11 01:22:29.234 [uncertain.proc] [FINE] aurora.database.features.WhereClauseCreator.onPopulateOperationSql
2018-10-11 01:22:29.234 [uncertain.proc] [CONFIG] [action] ExecuteQuery
2018-10-11 01:22:29.234 [uncertain.proc] [FINE] aurora.bm.QuerySqlCreator.onExecuteQuery
2018-10-11 01:22:29.259 [uncertain.proc] [CONFIG] [action] QueryFinish
2018-10-11 01:22:29.259 [uncertain.proc] [FINE] aurora.database.features.AutoQueryCounter.onQueryFinish
2018-10-11 01:22:29.259 [uncertain.proc] [CONFIG] [action] FetchResultSet
2018-10-11 01:22:29.259 [uncertain.proc] [FINE] aurora.database.features.CacheBasedLookUpField.postFetchResultSet
2018-10-11 01:22:29.259 [aurora.database] [CONFIG] 
============= BEGIN [query] SQL Statement execution dump ============

				select t.*
				  from (select (select fn.description_text
								  from fnd_descriptions fn
								 where fn.description_id = bg.description_id
								   and fn.language = ?) scenarios_name,
							   bg.scenario_id
						  from bgt_scenarios bg
						 where default_flag = 'Y'
						   and exists
						 (select 1
								  from fnd_companies fc
								 where fc.company_id = ?
								   and exists
								 (select 1
										  from gld_set_of_books g, bgt_organizations bo
										 where g.set_of_books_id = bo.set_of_books_id
										   and fc.set_of_books_id = g.set_of_books_id
										   and bo.bgt_org_id = bg.budget_org_id))) t
				 WHERE exists (select 1           from bgt_jour_t_ref_scen brs          where brs.scenario_id = t.scenario_id            and brs.bgt_journal_type_id = ?) 
            
---------------------Binding info---------------------
No.1	Access path:/session/@lang	Data type of passed value :java.lang.String	Value:ZHS	Output:false	Database Type:null	
No.2	Access path:/session/@company_id	Data type of passed value :java.lang.String	Value:835	Output:false	Database Type:null	
No.3	Access path:/parameter/@bgt_journal_type_id	Data type of passed value :java.lang.String	Value:11	Output:false	Database Type:null	

=============== END [query] SQL Statement execution dump ============

2018-10-11 01:22:29.259 [aurora.database] [CONFIG] ===================================== prepare to run model-query fnd.fnd_responsibility_centers==============================
2018-10-11 01:22:29.264 [uncertain.proc] [CONFIG] [action] DecideSqlGenerationMode
2018-10-11 01:22:29.264 [uncertain.proc] [FINE] aurora.database.service.BusinessModelService.onDecideSqlGenerationMode
2018-10-11 01:22:29.264 [uncertain.proc] [CONFIG] [action] CreatequeryStatement
2018-10-11 01:22:29.264 [uncertain.proc] [FINE] aurora.bm.QuerySqlCreator.onCreateQueryStatement
2018-10-11 01:22:29.264 [uncertain.proc] [CONFIG] [action] PopulatequeryStatement
2018-10-11 01:22:29.264 [uncertain.proc] [FINE] aurora.database.features.OrderByClauseCreator.onPopulateQueryStatement
2018-10-11 01:22:29.264 [uncertain.proc] [FINE] aurora.database.features.WhereClauseCreator.onPopulateQueryStatement
2018-10-11 01:22:29.264 [uncertain.proc] [CONFIG] [action] CreatequerySql
2018-10-11 01:22:29.264 [uncertain.proc] [FINE] aurora.bm.QuerySqlCreator.onCreateQuerySql
2018-10-11 01:22:29.264 [uncertain.proc] [CONFIG] [action] ExecuteQuery
2018-10-11 01:22:29.264 [uncertain.proc] [FINE] aurora.bm.QuerySqlCreator.onExecuteQuery
2018-10-11 01:22:29.271 [uncertain.proc] [CONFIG] [action] QueryFinish
2018-10-11 01:22:29.271 [uncertain.proc] [FINE] aurora.database.features.AutoQueryCounter.onQueryFinish
2018-10-11 01:22:29.271 [uncertain.proc] [CONFIG] [action] FetchResultSet
2018-10-11 01:22:29.271 [uncertain.proc] [FINE] aurora.database.features.CacheBasedLookUpField.postFetchResultSet
2018-10-11 01:22:29.272 [aurora.database] [CONFIG] 
============= BEGIN [query] SQL Statement execution dump ============
SELECT rc.company_id,rc.responsibility_center_id,rc.responsibility_center_code,rc.responsibility_center_name_id,(select DESCRIPTION_TEXT from fnd_descriptions where DESCRIPTION_ID=rc.responsibility_center_name_id and Language=?) AS responsibility_center_name,(select rc.responsibility_center_code || '-' || fd.description_text from fnd_descriptions fd where rc.responsibility_center_name_id = fd.description_id             and fd.language = ?) AS center_name_code_display,rc.address_id,rc.resp_center_type_code,rc.summary_flag,rc.start_date_active,rc.end_date_active,responsibility_center_code || ' - '  || (select description_text from fnd_descriptions fd where fd.description_id = rc.responsibility_center_name_id and fd.language = ?) AS res_cen_code_name
FROM fnd_responsibility_centers rc
WHERE company_id=? AND  nvl(rc.summary_flag,'N') ='N' and (sysdate between rc.start_date_active and rc.end_date_active or rc.end_date_active is null) and rc.company_id = ?
ORDER BY responsibility_center_code
---------------------Binding info---------------------
No.1	Access path:/session/@lang	Data type of passed value :java.lang.String	Value:ZHS	Output:false	Database Type:null	
No.2	Access path:/session/@lang	Data type of passed value :java.lang.String	Value:ZHS	Output:false	Database Type:null	
No.3	Access path:/session/@lang	Data type of passed value :java.lang.String	Value:ZHS	Output:false	Database Type:null	
No.4	Access path:/session/@company_id	Data type of passed value :java.lang.String	Value:835	Output:false	Database Type:null	
No.5	Access path:/session/@company_id	Data type of passed value :java.lang.String	Value:835	Output:false	Database Type:null	

=============== END [query] SQL Statement execution dump ============

2018-10-11 01:22:29.272 [aurora.database] [CONFIG] ===================================== prepare to run model-query bgt.budget_items_vl==============================
2018-10-11 01:22:29.280 [uncertain.proc] [CONFIG] [action] DecideSqlGenerationMode
2018-10-11 01:22:29.280 [uncertain.proc] [FINE] aurora.database.service.BusinessModelService.onDecideSqlGenerationMode
2018-10-11 01:22:29.280 [uncertain.proc] [CONFIG] [action] CreatequeryStatement
2018-10-11 01:22:29.280 [uncertain.proc] [FINE] aurora.bm.QuerySqlCreator.onCreateQueryStatement
2018-10-11 01:22:29.283 [uncertain.proc] [CONFIG] [action] PopulatequeryStatement
2018-10-11 01:22:29.283 [uncertain.proc] [FINE] aurora.database.features.OrderByClauseCreator.onPopulateQueryStatement
2018-10-11 01:22:29.283 [uncertain.proc] [FINE] aurora.database.features.WhereClauseCreator.onPopulateQueryStatement
2018-10-11 01:22:29.283 [uncertain.proc] [CONFIG] [action] CreatequerySql
2018-10-11 01:22:29.283 [uncertain.proc] [FINE] aurora.bm.QuerySqlCreator.onCreateQuerySql
2018-10-11 01:22:29.283 [uncertain.proc] [CONFIG] [action] ExecuteQuery
2018-10-11 01:22:29.283 [uncertain.proc] [FINE] aurora.bm.QuerySqlCreator.onExecuteQuery
2018-10-11 01:22:29.460 [uncertain.proc] [CONFIG] [action] QueryFinish
2018-10-11 01:22:29.460 [uncertain.proc] [FINE] aurora.database.features.AutoQueryCounter.onQueryFinish
2018-10-11 01:22:29.460 [uncertain.proc] [CONFIG] [action] FetchResultSet
2018-10-11 01:22:29.460 [uncertain.proc] [FINE] aurora.database.features.CacheBasedLookUpField.postFetchResultSet
2018-10-11 01:22:29.462 [aurora.database] [CONFIG] 
============= BEGIN [query] SQL Statement execution dump ============
SELECT t1.BUDGET_ITEM_ID,t1.BUDGET_ITEM_CODE,t1.DESCRIPTION,r.budget_item_id AS budget_item_id_r
FROM BGT_BUDGET_ITEMS_VL t1
	INNER JOIN BGT_COMPANY_BUDGET_ITEMS r ON t1.BUDGET_ITEM_ID = r.budget_item_id
WHERE  t1.summary_flag='N' and t1.enabled_flag='Y' and r.enabled_flag='Y' and r.budget_item_id = t1.budget_item_id and r.company_id  = ?  order by t1.budget_item_code
---------------------Binding info---------------------
No.1	Access path:/session/@company_id	Data type of passed value :java.lang.String	Value:835	Output:false	Database Type:null	

=============== END [query] SQL Statement execution dump ============

2018-10-11 01:22:29.462 [aurora.database] [CONFIG] ===================================== prepare to run model-query gld.gld_exchangerate_types==============================
2018-10-11 01:22:29.467 [uncertain.proc] [CONFIG] [action] DecideSqlGenerationMode
2018-10-11 01:22:29.467 [uncertain.proc] [FINE] aurora.database.service.BusinessModelService.onDecideSqlGenerationMode
2018-10-11 01:22:29.467 [uncertain.proc] [CONFIG] [action] CreatequeryStatement
2018-10-11 01:22:29.467 [uncertain.proc] [FINE] aurora.bm.QuerySqlCreator.onCreateQueryStatement
2018-10-11 01:22:29.467 [uncertain.proc] [CONFIG] [action] PopulatequeryStatement
2018-10-11 01:22:29.467 [uncertain.proc] [FINE] aurora.database.features.OrderByClauseCreator.onPopulateQueryStatement
2018-10-11 01:22:29.467 [uncertain.proc] [FINE] aurora.database.features.WhereClauseCreator.onPopulateQueryStatement
2018-10-11 01:22:29.467 [uncertain.proc] [CONFIG] [action] CreatequerySql
2018-10-11 01:22:29.467 [uncertain.proc] [FINE] aurora.bm.QuerySqlCreator.onCreateQuerySql
2018-10-11 01:22:29.467 [uncertain.proc] [CONFIG] [action] ExecuteQuery
2018-10-11 01:22:29.467 [uncertain.proc] [FINE] aurora.bm.QuerySqlCreator.onExecuteQuery
2018-10-11 01:22:29.468 [uncertain.proc] [CONFIG] [action] QueryFinish
2018-10-11 01:22:29.468 [uncertain.proc] [FINE] aurora.database.features.AutoQueryCounter.onQueryFinish
2018-10-11 01:22:29.468 [uncertain.proc] [CONFIG] [action] FetchResultSet
2018-10-11 01:22:29.468 [uncertain.proc] [FINE] aurora.database.features.CacheBasedLookUpField.postFetchResultSet
2018-10-11 01:22:29.468 [aurora.database] [CONFIG] 
============= BEGIN [query] SQL Statement execution dump ============
SELECT ge.type_code,ge.rate_method_code,ge.rate_method_code AS rate_method_code_display,ge.enabled_flag,ge.type_name_id,(select DESCRIPTION_TEXT from fnd_descriptions where DESCRIPTION_ID=ge.type_name_id and Language=?) AS type_name
FROM GLD_EXCHANGERATE_TYPES ge
WHERE  ge.ENABLED_FLAG ='Y' 
---------------------Binding info---------------------
No.1	Access path:/session/@lang	Data type of passed value :java.lang.String	Value:ZHS	Output:false	Database Type:null	

=============== END [query] SQL Statement execution dump ============

2018-10-11 01:22:29.468 [aurora.database] [CONFIG] ===================================== prepare to run model-query sys.sys_code_values_v==============================
2018-10-11 01:22:29.471 [uncertain.proc] [CONFIG] [action] DecideSqlGenerationMode
2018-10-11 01:22:29.471 [uncertain.proc] [FINE] aurora.database.service.BusinessModelService.onDecideSqlGenerationMode
2018-10-11 01:22:29.471 [uncertain.proc] [CONFIG] [action] CreatequeryStatement
2018-10-11 01:22:29.471 [uncertain.proc] [FINE] aurora.bm.QuerySqlCreator.onCreateQueryStatement
2018-10-11 01:22:29.471 [uncertain.proc] [CONFIG] [action] PopulatequeryStatement
2018-10-11 01:22:29.471 [uncertain.proc] [FINE] aurora.database.features.OrderByClauseCreator.onPopulateQueryStatement
2018-10-11 01:22:29.471 [uncertain.proc] [FINE] aurora.database.features.WhereClauseCreator.onPopulateQueryStatement
2018-10-11 01:22:29.471 [uncertain.proc] [CONFIG] [action] CreatequerySql
2018-10-11 01:22:29.471 [uncertain.proc] [FINE] aurora.bm.QuerySqlCreator.onCreateQuerySql
2018-10-11 01:22:29.471 [uncertain.proc] [CONFIG] [action] ExecuteQuery
2018-10-11 01:22:29.471 [uncertain.proc] [FINE] aurora.bm.QuerySqlCreator.onExecuteQuery
2018-10-11 01:22:29.472 [uncertain.proc] [CONFIG] [action] QueryFinish
2018-10-11 01:22:29.472 [uncertain.proc] [FINE] aurora.database.features.AutoQueryCounter.onQueryFinish
2018-10-11 01:22:29.472 [uncertain.proc] [CONFIG] [action] FetchResultSet
2018-10-11 01:22:29.472 [uncertain.proc] [FINE] aurora.database.features.CacheBasedLookUpField.postFetchResultSet
2018-10-11 01:22:29.472 [aurora.database] [CONFIG] 
============= BEGIN [query] SQL Statement execution dump ============
SELECT t.code,t.code_value,t.code_value_name,t.code_value_id
FROM sys_code_values_v t
WHERE t.code ='EXCHANGE_RATE_QUOTATION' 
---------------------Binding info---------------------
null
=============== END [query] SQL Statement execution dump ============

2018-10-11 01:22:29.472 [aurora.database] [CONFIG] ===================================== prepare to run model-query gld.gld_set_of_books==============================
2018-10-11 01:22:29.476 [uncertain.proc] [CONFIG] [action] DecideSqlGenerationMode
2018-10-11 01:22:29.476 [uncertain.proc] [FINE] aurora.database.service.BusinessModelService.onDecideSqlGenerationMode
2018-10-11 01:22:29.476 [uncertain.proc] [CONFIG] [action] CreatequeryStatement
2018-10-11 01:22:29.476 [uncertain.proc] [FINE] aurora.bm.QuerySqlCreator.onCreateQueryStatement
2018-10-11 01:22:29.476 [uncertain.proc] [CONFIG] [action] PopulatequeryStatement
2018-10-11 01:22:29.476 [uncertain.proc] [FINE] aurora.database.features.OrderByClauseCreator.onPopulateQueryStatement
2018-10-11 01:22:29.476 [uncertain.proc] [FINE] aurora.database.features.WhereClauseCreator.onPopulateQueryStatement
2018-10-11 01:22:29.476 [uncertain.proc] [CONFIG] [action] CreatequerySql
2018-10-11 01:22:29.476 [uncertain.proc] [FINE] aurora.bm.QuerySqlCreator.onCreateQuerySql
2018-10-11 01:22:29.476 [uncertain.proc] [CONFIG] [action] ExecuteQuery
2018-10-11 01:22:29.476 [uncertain.proc] [FINE] aurora.bm.QuerySqlCreator.onExecuteQuery
2018-10-11 01:22:29.490 [uncertain.proc] [CONFIG] [action] QueryFinish
2018-10-11 01:22:29.490 [uncertain.proc] [FINE] aurora.database.features.AutoQueryCounter.onQueryFinish
2018-10-11 01:22:29.490 [uncertain.proc] [CONFIG] [action] FetchResultSet
2018-10-11 01:22:29.490 [uncertain.proc] [FINE] aurora.database.features.CacheBasedLookUpField.postFetchResultSet
2018-10-11 01:22:29.490 [aurora.database] [CONFIG] 
============= BEGIN [query] SQL Statement execution dump ============
SELECT sob.set_of_books_id,sob.set_of_books_name_id,(select DESCRIPTION_TEXT from fnd_descriptions where DESCRIPTION_ID=sob.set_of_books_name_id and Language=?) AS set_of_books_name,sob.set_of_books_code,sob.period_set_code,(select description_text from fnd_descriptions fn,gld_period_sets gps where fn.description_id=gps.period_set_name_id and gps.period_set_code = sob.period_set_code and language=?) AS period_set_name,sob.functional_currency_code,(select description_text from fnd_descriptions fn,gld_currency gc where fn.description_id=gc.currency_name_id and gc.currency_code = sob.functional_currency_code and language=?) AS currency_name,sob.account_set_id,(select description_text from fnd_descriptions fn,gld_account_sets gas where fn.description_id=gas.account_set_name_id and gas.account_set_id = sob.account_set_id and language=?) AS account_set_name,sob.enabled_flag,sob.main_set_flag,(sob.set_of_books_code || '-' || (select fd.description_text from fnd_descriptions fd where sob.set_of_books_name_id=fd.description_id and fd.language=?)) AS set_of_books_name_display
FROM gld_set_of_books sob
WHERE sob.SET_OF_BOOKS_ID = (select fnd.set_of_books_id  from fnd_companies fnd where fnd.company_id = ? )
ORDER BY set_of_books_code
---------------------Binding info---------------------
No.1	Access path:/session/@lang	Data type of passed value :java.lang.String	Value:ZHS	Output:false	Database Type:null	
No.2	Access path:/session/@lang	Data type of passed value :java.lang.String	Value:ZHS	Output:false	Database Type:null	
No.3	Access path:/session/@lang	Data type of passed value :java.lang.String	Value:ZHS	Output:false	Database Type:null	
No.4	Access path:/session/@lang	Data type of passed value :java.lang.String	Value:ZHS	Output:false	Database Type:null	
No.5	Access path:/session/@lang	Data type of passed value :java.lang.String	Value:ZHS	Output:false	Database Type:null	
No.6	Access path:/session/@company_id	Data type of passed value :java.lang.String	Value:835	Output:false	Database Type:null	

=============== END [query] SQL Statement execution dump ============

2018-10-11 01:22:29.490 [aurora.database] [CONFIG] ===================================== prepare to run model-query bgt.bgt_budget_structure_query==============================
2018-10-11 01:22:29.493 [uncertain.proc] [CONFIG] [action] DecideSqlGenerationMode
2018-10-11 01:22:29.493 [uncertain.proc] [FINE] aurora.database.service.BusinessModelService.onDecideSqlGenerationMode
2018-10-11 01:22:29.493 [uncertain.proc] [CONFIG] [action] CreateOperationSql
2018-10-11 01:22:29.493 [uncertain.proc] [CONFIG] [action] PopulateOperationSql
2018-10-11 01:22:29.493 [uncertain.proc] [FINE] aurora.database.features.OrderByClauseCreator.onPopulateOperationSql
2018-10-11 01:22:29.493 [uncertain.proc] [FINE] aurora.database.features.WhereClauseCreator.onPopulateOperationSql
2018-10-11 01:22:29.493 [uncertain.proc] [CONFIG] [action] ExecuteQuery
2018-10-11 01:22:29.493 [uncertain.proc] [FINE] aurora.bm.QuerySqlCreator.onExecuteQuery
2018-10-11 01:22:29.526 [uncertain.proc] [CONFIG] [action] QueryFinish
2018-10-11 01:22:29.526 [uncertain.proc] [FINE] aurora.database.features.AutoQueryCounter.onQueryFinish
2018-10-11 01:22:29.526 [uncertain.proc] [CONFIG] [action] FetchResultSet
2018-10-11 01:22:29.526 [uncertain.proc] [FINE] aurora.database.features.CacheBasedLookUpField.postFetchResultSet
2018-10-11 01:22:29.526 [aurora.database] [CONFIG] 
============= BEGIN [query] SQL Statement execution dump ============

            select * from (select t.budget_structure_id,
			               t.bgt_org_id,
			               bo.bgt_org_code,
			               bo.description     as bgt_org_desc,
			               t.budget_strc_code,
			               t.description,
			               t.period_set_code,
			               bpsv.description   as period_set_desc,
			               t.period_strategy,
			               t.enabled_flag,
			               t.note
			          from bgt_budget_structures_vl t,
			               bgt_organizations_vl     bo,
			               bgt_period_sets_vl       bpsv
			         where t.period_set_code = bpsv.bgt_period_set_code(+)
			           and t.bgt_org_id = bpsv.bgt_org_id
			           and t.bgt_org_id = bo.bgt_org_id
			           and exists
			         (select fc.set_of_books_id
			                  from fnd_companies_vl fc
			                 where fc.set_of_books_id = bo.set_of_books_id
			                   and fc.company_id = ?)) t
			                     WHERE budget_structure_id = ? AND  t.budget_structure_id = ?
 					 order by budget_strc_code
				
---------------------Binding info---------------------
No.1	Access path:/session/@company_id	Data type of passed value :java.lang.String	Value:835	Output:false	Database Type:null	
No.2	Access path:/parameter/@budget_structure_id	Data type of passed value :java.lang.String	Value:2	Output:false	Database Type:null	
No.3	Access path:/parameter/@budget_structure_id	Data type of passed value :java.lang.String	Value:2	Output:false	Database Type:null	

=============== END [query] SQL Statement execution dump ============

2018-10-11 01:22:29.526 [aurora.database] [CONFIG] ===================================== prepare to run model-query bgt.bgt_scenarios==============================
2018-10-11 01:22:29.533 [uncertain.proc] [CONFIG] [action] DecideSqlGenerationMode
2018-10-11 01:22:29.533 [uncertain.proc] [FINE] aurora.database.service.BusinessModelService.onDecideSqlGenerationMode
2018-10-11 01:22:29.533 [uncertain.proc] [CONFIG] [action] CreatequeryStatement
2018-10-11 01:22:29.533 [uncertain.proc] [FINE] aurora.bm.QuerySqlCreator.onCreateQueryStatement
2018-10-11 01:22:29.536 [uncertain.proc] [CONFIG] [action] PopulatequeryStatement
2018-10-11 01:22:29.536 [uncertain.proc] [FINE] aurora.database.features.OrderByClauseCreator.onPopulateQueryStatement
2018-10-11 01:22:29.536 [uncertain.proc] [FINE] aurora.database.features.WhereClauseCreator.onPopulateQueryStatement
2018-10-11 01:22:29.536 [uncertain.proc] [CONFIG] [action] CreatequerySql
2018-10-11 01:22:29.536 [uncertain.proc] [FINE] aurora.bm.QuerySqlCreator.onCreateQuerySql
2018-10-11 01:22:29.536 [uncertain.proc] [CONFIG] [action] ExecuteQuery
2018-10-11 01:22:29.536 [uncertain.proc] [FINE] aurora.bm.QuerySqlCreator.onExecuteQuery
2018-10-11 01:22:29.609 [uncertain.proc] [CONFIG] [action] QueryFinish
2018-10-11 01:22:29.609 [uncertain.proc] [FINE] aurora.database.features.AutoQueryCounter.onQueryFinish
2018-10-11 01:22:29.609 [uncertain.proc] [CONFIG] [action] FetchResultSet
2018-10-11 01:22:29.609 [uncertain.proc] [FINE] aurora.database.features.CacheBasedLookUpField.postFetchResultSet
2018-10-11 01:22:29.611 [aurora.database] [CONFIG] 
============= BEGIN [query] SQL Statement execution dump ============
SELECT t1.budget_org_id,t1.scenario_id,t1.scenario_code,t1.description_id,(select description_text from fnd_descriptions fd where fd.description_id  = t1.description_id and fd.language = ?) AS description,t1.notes,t1.enabled_flag,t1.default_flag,(select description from bgt_organizations_vl where bgt_org_id = t1.budget_org_id) AS bgt_org_description,r1.bgt_org_code
FROM BGT_SCENARIOS t1
	INNER JOIN BGT_ORGANIZATIONS r1 ON t1.budget_org_id = r1.bgt_org_id
WHERE  exists  (select 1           from fnd_companies fc          where fc.company_id = ?            and exists (select 1                   from gld_set_of_books g, bgt_organizations bo                  where g.set_of_books_id = bo.set_of_books_id      and fc.set_of_books_id=g.set_of_books_id               and bo.bgt_org_id = t1.budget_org_id)) AND r1.set_of_books_id=(select set_of_books_id from fnd_companies fc where fc.company_id=?) and exists (select 1           from bgt_jour_t_ref_scen brs          where brs.scenario_id = t1.scenario_id            and brs.bgt_journal_type_id = ?)
---------------------Binding info---------------------
No.1	Access path:/session/@lang	Data type of passed value :java.lang.String	Value:ZHS	Output:false	Database Type:null	
No.2	Access path:/session/@company_id	Data type of passed value :java.lang.String	Value:835	Output:false	Database Type:null	
No.3	Access path:/session/@company_id	Data type of passed value :java.lang.String	Value:835	Output:false	Database Type:null	
No.4	Access path:/parameter/@bgt_journal_type_id	Data type of passed value :java.lang.String	Value:11	Output:false	Database Type:null	

=============== END [query] SQL Statement execution dump ============

2018-10-11 01:22:29.611 [aurora.database] [CONFIG] ===================================== prepare to run model-query bgt.bgt_versions_for_company==============================
2018-10-11 01:22:29.623 [uncertain.proc] [CONFIG] [action] DecideSqlGenerationMode
2018-10-11 01:22:29.623 [uncertain.proc] [FINE] aurora.database.service.BusinessModelService.onDecideSqlGenerationMode
2018-10-11 01:22:29.623 [uncertain.proc] [CONFIG] [action] CreatequeryStatement
2018-10-11 01:22:29.623 [uncertain.proc] [FINE] aurora.bm.QuerySqlCreator.onCreateQueryStatement
2018-10-11 01:22:29.628 [uncertain.proc] [CONFIG] [action] PopulatequeryStatement
2018-10-11 01:22:29.628 [uncertain.proc] [FINE] aurora.database.features.OrderByClauseCreator.onPopulateQueryStatement
2018-10-11 01:22:29.628 [uncertain.proc] [FINE] aurora.database.features.WhereClauseCreator.onPopulateQueryStatement
2018-10-11 01:22:29.628 [uncertain.proc] [CONFIG] [action] CreatequerySql
2018-10-11 01:22:29.628 [uncertain.proc] [FINE] aurora.bm.QuerySqlCreator.onCreateQuerySql
2018-10-11 01:22:29.628 [uncertain.proc] [CONFIG] [action] ExecuteQuery
2018-10-11 01:22:29.628 [uncertain.proc] [FINE] aurora.bm.QuerySqlCreator.onExecuteQuery
2018-10-11 01:22:29.641 [uncertain.proc] [CONFIG] [action] QueryFinish
2018-10-11 01:22:29.641 [uncertain.proc] [FINE] aurora.database.features.AutoQueryCounter.onQueryFinish
2018-10-11 01:22:29.641 [uncertain.proc] [CONFIG] [action] FetchResultSet
2018-10-11 01:22:29.641 [uncertain.proc] [FINE] aurora.database.features.CacheBasedLookUpField.postFetchResultSet
2018-10-11 01:22:29.643 [aurora.database] [CONFIG] 
============= BEGIN [query] SQL Statement execution dump ============
SELECT t1.BUDGET_ORG_ID,t1.VERSION_ID,t1.VERSION_CODE,t1.DESCRIPTION_ID,(select DESCRIPTION_TEXT from fnd_descriptions where DESCRIPTION_ID=t1.description_id and Language=?) AS description,t1.VERSION_DATE,t1.NOTES,t1.ENABLED_FLAG,t1.STATUS,bc.COMPANY_ID,bc.ENABLED_FLAG AS bc_enabled_flag
FROM BGT_VERSIONS t1
	INNER JOIN BGT_COMPANY_VERSIONS bc ON t1.VERSION_ID = bc.VERSION_ID
WHERE bc.company_id=?         and bc.enabled_flag ='Y'         and t1.status <>'HISTORY'          AND exists (select 1           from bgt_jour_t_ref_ver brv          where brv.version_id = t1.version_id            and brv.bgt_journal_type_id = ?)
---------------------Binding info---------------------
No.1	Access path:/session/@lang	Data type of passed value :java.lang.String	Value:ZHS	Output:false	Database Type:null	
No.2	Access path:/session/@company_id	Data type of passed value :java.lang.String	Value:835	Output:false	Database Type:null	
No.3	Access path:/parameter/@bgt_journal_type_id	Data type of passed value :java.lang.String	Value:11	Output:false	Database Type:null	

=============== END [query] SQL Statement execution dump ============

2018-10-11 01:22:29.644 [aurora.database] [CONFIG] ===================================== prepare to run model-query bgt.bgt_journal_dimension==============================
2018-10-11 01:22:29.646 [uncertain.proc] [CONFIG] [action] DecideSqlGenerationMode
2018-10-11 01:22:29.646 [uncertain.proc] [FINE] aurora.database.service.BusinessModelService.onDecideSqlGenerationMode
2018-10-11 01:22:29.646 [uncertain.proc] [CONFIG] [action] CreateOperationSql
2018-10-11 01:22:29.646 [uncertain.proc] [CONFIG] [action] PopulateOperationSql
2018-10-11 01:22:29.646 [uncertain.proc] [FINE] aurora.database.features.OrderByClauseCreator.onPopulateOperationSql
2018-10-11 01:22:29.646 [uncertain.proc] [FINE] aurora.database.features.WhereClauseCreator.onPopulateOperationSql
2018-10-11 01:22:29.647 [uncertain.proc] [CONFIG] [action] ExecuteQuery
2018-10-11 01:22:29.647 [uncertain.proc] [FINE] aurora.bm.QuerySqlCreator.onExecuteQuery
2018-10-11 01:22:29.648 [uncertain.proc] [CONFIG] [action] QueryFinish
2018-10-11 01:22:29.648 [uncertain.proc] [FINE] aurora.database.features.AutoQueryCounter.onQueryFinish
2018-10-11 01:22:29.648 [uncertain.proc] [CONFIG] [action] FetchResultSet
2018-10-11 01:22:29.648 [uncertain.proc] [FINE] aurora.database.features.CacheBasedLookUpField.postFetchResultSet
2018-10-11 01:22:29.648 [aurora.database] [CONFIG] 
============= BEGIN [query] SQL Statement execution dump ============

            SELECT *
			  FROM (select bbs.budget_structure_id,
			  				fv.dimension_sequence,
							fv.description,
							fv.dimension_id,
							'd' || fv.dimension_sequence dimension_code,
							'e' || fv.dimension_sequence dimension_codee,
							fdv.dimension_value_code,
							fdv.description value_description,
							bbs.default_dim_value_id,
							bbs.layout_priority
					  from bgt_budget_strc_layouts bbs,
							(select fdv.dimension_id,
									fdv.dimension_value_id,
									fdv.dimension_value_code,
									fdv.description
							   from fnd_dimension_values_v fdv
							  group by fdv.dimension_id,
									   fdv.dimension_value_id,
									   fdv.dimension_value_code,
									   fdv.description) fdv,
							fnd_dimensions_vl fv
					 where bbs.dimension_id = fv.dimension_id(+)
					   and bbs.default_dim_value_id = fdv.dimension_value_id(+)
					   and bbs.dimension_id = fdv.dimension_id(+)
					   and bbs.layout_position = 'DOCUMENTS_HEAD') v 
				   WHERE BUDGET_STRUCTURE_ID = ?
			 ORDER BY layout_priority desc
		 
---------------------Binding info---------------------
No.1	Access path:@budget_structure_id	Data type of passed value :java.lang.String	Value:2	Output:false	Database Type:null	

=============== END [query] SQL Statement execution dump ============

2018-10-11 01:22:29.648 [aurora.database] [CONFIG] ===================================== prepare to run model-query bgt.bgt_journal_dimension_line==============================
2018-10-11 01:22:29.650 [uncertain.proc] [CONFIG] [action] DecideSqlGenerationMode
2018-10-11 01:22:29.651 [uncertain.proc] [FINE] aurora.database.service.BusinessModelService.onDecideSqlGenerationMode
2018-10-11 01:22:29.651 [uncertain.proc] [CONFIG] [action] CreateOperationSql
2018-10-11 01:22:29.651 [uncertain.proc] [CONFIG] [action] PopulateOperationSql
2018-10-11 01:22:29.651 [uncertain.proc] [FINE] aurora.database.features.OrderByClauseCreator.onPopulateOperationSql
2018-10-11 01:22:29.651 [uncertain.proc] [FINE] aurora.database.features.WhereClauseCreator.onPopulateOperationSql
2018-10-11 01:22:29.651 [uncertain.proc] [CONFIG] [action] ExecuteQuery
2018-10-11 01:22:29.651 [uncertain.proc] [FINE] aurora.bm.QuerySqlCreator.onExecuteQuery
2018-10-11 01:22:29.659 [uncertain.proc] [CONFIG] [action] QueryFinish
2018-10-11 01:22:29.659 [uncertain.proc] [FINE] aurora.database.features.AutoQueryCounter.onQueryFinish
2018-10-11 01:22:29.659 [uncertain.proc] [CONFIG] [action] FetchResultSet
2018-10-11 01:22:29.659 [uncertain.proc] [FINE] aurora.database.features.CacheBasedLookUpField.postFetchResultSet
2018-10-11 01:22:29.659 [aurora.database] [CONFIG] 
============= BEGIN [query] SQL Statement execution dump ============

            SELECT *
		  FROM (select er.budget_structure_id,
					   fv.description,
					   fv.dimension_id,
					   'd' || fv.dimension_sequence dimension_code,
					   'e' || fv.dimension_sequence dimension_codee,
					   fdv.dimension_value_code,
					   fdv.description value_description,
					   er.default_dim_value_id,
					   er.layout_priority
				  from bgt_budget_strc_layouts er,
					   (select fdv.dimension_id,
							   fdv.dimension_value_id,
							   fdv.dimension_value_code,
							   fdv.description
						  from fnd_dimension_values_v fdv
						 group by fdv.dimension_id,
								  fdv.dimension_value_id,
								  fdv.dimension_value_code,
								  fdv.description) fdv,
					   fnd_dimensions_vl fv
				 where er.dimension_id = fv.dimension_id(+)
				   and er.default_dim_value_id = fdv.dimension_value_id(+)
				   and er.dimension_id = fdv.dimension_id(+)
				   and er.layout_position = 'DOCUMENTS_LINE') v 
			   WHERE BUDGET_STRUCTURE_ID = ?
		 ORDER BY layout_priority
		 
---------------------Binding info---------------------
No.1	Access path:@budget_structure_id	Data type of passed value :java.lang.String	Value:2	Output:false	Database Type:null	

=============== END [query] SQL Statement execution dump ============

2018-10-11 01:22:29.659 [aurora.database] [CONFIG] ===================================== prepare to run model-query fnd.bgt_company_short_name==============================
2018-10-11 01:22:29.664 [uncertain.proc] [CONFIG] [action] DecideSqlGenerationMode
2018-10-11 01:22:29.664 [uncertain.proc] [FINE] aurora.database.service.BusinessModelService.onDecideSqlGenerationMode
2018-10-11 01:22:29.664 [uncertain.proc] [CONFIG] [action] CreatequeryStatement
2018-10-11 01:22:29.664 [uncertain.proc] [FINE] aurora.bm.QuerySqlCreator.onCreateQueryStatement
2018-10-11 01:22:29.664 [uncertain.proc] [CONFIG] [action] PopulatequeryStatement
2018-10-11 01:22:29.664 [uncertain.proc] [FINE] aurora.database.features.OrderByClauseCreator.onPopulateQueryStatement
2018-10-11 01:22:29.664 [uncertain.proc] [FINE] aurora.database.features.WhereClauseCreator.onPopulateQueryStatement
2018-10-11 01:22:29.664 [uncertain.proc] [CONFIG] [action] CreatequerySql
2018-10-11 01:22:29.664 [uncertain.proc] [FINE] aurora.bm.QuerySqlCreator.onCreateQuerySql
2018-10-11 01:22:29.664 [uncertain.proc] [CONFIG] [action] ExecuteQuery
2018-10-11 01:22:29.664 [uncertain.proc] [FINE] aurora.bm.QuerySqlCreator.onExecuteQuery
2018-10-11 01:22:29.665 [uncertain.proc] [CONFIG] [action] QueryFinish
2018-10-11 01:22:29.665 [uncertain.proc] [FINE] aurora.database.features.AutoQueryCounter.onQueryFinish
2018-10-11 01:22:29.665 [uncertain.proc] [CONFIG] [action] FetchResultSet
2018-10-11 01:22:29.665 [uncertain.proc] [FINE] aurora.database.features.CacheBasedLookUpField.postFetchResultSet
2018-10-11 01:22:29.665 [aurora.database] [CONFIG] 
============= BEGIN [query] SQL Statement execution dump ============
SELECT t1.company_short_name_id,(select DESCRIPTION_TEXT from fnd_descriptions where DESCRIPTION_ID=t1.company_short_name_id and Language=?) AS company_short_name
FROM fnd_companies t1
WHERE  t1.company_id= ?
ORDER BY company_code
---------------------Binding info---------------------
No.1	Access path:/session/@lang	Data type of passed value :java.lang.String	Value:ZHS	Output:false	Database Type:null	
No.2	Access path:/session/@company_id	Data type of passed value :java.lang.String	Value:835	Output:false	Database Type:null	

=============== END [query] SQL Statement execution dump ============

2018-10-11 01:22:29.665 [aurora.database] [CONFIG] ===================================== prepare to run model-query exp.exp_employees==============================
2018-10-11 01:22:29.670 [uncertain.proc] [CONFIG] [action] DecideSqlGenerationMode
2018-10-11 01:22:29.670 [uncertain.proc] [FINE] aurora.database.service.BusinessModelService.onDecideSqlGenerationMode
2018-10-11 01:22:29.670 [uncertain.proc] [CONFIG] [action] CreatequeryStatement
2018-10-11 01:22:29.670 [uncertain.proc] [FINE] aurora.bm.QuerySqlCreator.onCreateQueryStatement
2018-10-11 01:22:29.671 [uncertain.proc] [CONFIG] [action] PopulatequeryStatement
2018-10-11 01:22:29.671 [uncertain.proc] [FINE] aurora.database.features.OrderByClauseCreator.onPopulateQueryStatement
2018-10-11 01:22:29.671 [uncertain.proc] [FINE] aurora.database.features.WhereClauseCreator.onPopulateQueryStatement
2018-10-11 01:22:29.672 [uncertain.proc] [CONFIG] [action] CreatequerySql
2018-10-11 01:22:29.672 [uncertain.proc] [FINE] aurora.bm.QuerySqlCreator.onCreateQuerySql
2018-10-11 01:22:29.672 [uncertain.proc] [CONFIG] [action] ExecuteQuery
2018-10-11 01:22:29.672 [uncertain.proc] [FINE] aurora.bm.QuerySqlCreator.onExecuteQuery
2018-10-11 01:22:29.673 [uncertain.proc] [CONFIG] [action] QueryFinish
2018-10-11 01:22:29.673 [uncertain.proc] [FINE] aurora.database.features.AutoQueryCounter.onQueryFinish
2018-10-11 01:22:29.673 [uncertain.proc] [CONFIG] [action] FetchResultSet
2018-10-11 01:22:29.673 [uncertain.proc] [FINE] aurora.database.features.CacheBasedLookUpField.postFetchResultSet
2018-10-11 01:22:29.674 [aurora.database] [CONFIG] 
============= BEGIN [query] SQL Statement execution dump ============
SELECT t1.EMPLOYEE_ID,t1.EMPLOYEE_CODE,t1.NAME,t1.EMAIL,t1.MOBIL,t1.PHONE,t1.BANK_OF_DEPOSIT,t1.BANK_ACCOUNT,t1.ENABLED_FLAG,t1.EMPLOYEE_TYPE_ID,t1.ID_TYPE,t1.ID_CODE,t1.NOTES,t1.NATIONAL_IDENTIFIER,(employee_code||' - '||name) AS namecode,t1.CITY_NAME,t1.APPROVE_CODE,t1.APPROVE_NAME,t1.EDIT_FLAG,t1.sex,r1.DESCRIPTION
FROM EXP_EMPLOYEES t1
	INNER JOIN EXP_EMPLOYEE_TYPES_VL r1 ON t1.EMPLOYEE_TYPE_ID = r1.EMPLOYEE_TYPE_ID
WHERE employee_id=? AND EMPLOYEE_ID = ?
---------------------Binding info---------------------
No.1	Access path:/parameter/@employee_id	Data type of passed value :java.lang.String	Value:289	Output:false	Database Type:null	
No.2	Access path:@employee_id	Data type of passed value :java.lang.String	Value:289	Output:false	Database Type:null	

=============== END [query] SQL Statement execution dump ============

2018-10-11 01:22:29.674 [aurora.database] [CONFIG] ===================================== prepare to run model-query expm.exp_requisition_employee_positionlist_init==============================
2018-10-11 01:22:29.677 [uncertain.proc] [CONFIG] [action] DecideSqlGenerationMode
2018-10-11 01:22:29.677 [uncertain.proc] [FINE] aurora.database.service.BusinessModelService.onDecideSqlGenerationMode
2018-10-11 01:22:29.677 [uncertain.proc] [CONFIG] [action] CreateOperationSql
2018-10-11 01:22:29.677 [uncertain.proc] [CONFIG] [action] PopulateOperationSql
2018-10-11 01:22:29.677 [uncertain.proc] [FINE] aurora.database.features.OrderByClauseCreator.onPopulateOperationSql
2018-10-11 01:22:29.677 [uncertain.proc] [FINE] aurora.database.features.WhereClauseCreator.onPopulateOperationSql
2018-10-11 01:22:29.677 [uncertain.proc] [CONFIG] [action] ExecuteQuery
2018-10-11 01:22:29.677 [uncertain.proc] [FINE] aurora.bm.QuerySqlCreator.onExecuteQuery
2018-10-11 01:22:29.685 [uncertain.proc] [CONFIG] [action] QueryFinish
2018-10-11 01:22:29.685 [uncertain.proc] [FINE] aurora.database.features.AutoQueryCounter.onQueryFinish
2018-10-11 01:22:29.685 [uncertain.proc] [CONFIG] [action] FetchResultSet
2018-10-11 01:22:29.685 [uncertain.proc] [FINE] aurora.database.features.CacheBasedLookUpField.postFetchResultSet
2018-10-11 01:22:29.685 [aurora.database] [CONFIG] 
============= BEGIN [query] SQL Statement execution dump ============

                SELECT
                    eo.position_id,
                    em.employee_code
                    ||'-'
                    ||eo.description position_code
                FROM
                    exp_employee_assigns s,
                    exp_employees em ,
                    exp_org_position_vl eo
                WHERE
                    s.employee_id=NVL((NVL(?,
                    (SELECT
                        t.employee_id
                    FROM
                        exp_travel_plan_headers t
                    WHERE
                        t.travel_plan_header_id=?
                    ))),
                    ( SELECT u.employee_id FROM sys_user u WHERE u.user_id =?
                    ) ) AND
                    s.company_id   =NVL(?,?) AND
                    s.enabled_flag ='Y' AND
                    s.position_id  =eo.position_id AND
                    eo.enabled_flag='Y' AND
                    s.employee_id  =em.employee_id
                ORDER BY
                    s.primary_position_flag DESC
            
---------------------Binding info---------------------
No.1	Access path:@employee_id	Data type of passed value :java.lang.String	Value:289	Output:false	Database Type:null	
No.2	Access path:@travel_plan_header_id	Data type of passed value :[null]	Value:null	Output:false	Database Type:null	
No.3	Access path:/session/@user_id	Data type of passed value :java.lang.Long	Value:1	Output:false	Database Type:null	
No.4	Access path:@company_id	Data type of passed value :[null]	Value:null	Output:false	Database Type:null	
No.5	Access path:/session/@company_id	Data type of passed value :java.lang.String	Value:835	Output:false	Database Type:null	

=============== END [query] SQL Statement execution dump ============

2018-10-11 01:22:29.685 [aurora.database] [CONFIG] ===================================== prepare to run model-query bgt.BGT5120.bgt_jour_head_object==============================
2018-10-11 01:22:29.689 [uncertain.proc] [CONFIG] [action] DecideSqlGenerationMode
2018-10-11 01:22:29.689 [uncertain.proc] [FINE] aurora.database.service.BusinessModelService.onDecideSqlGenerationMode
2018-10-11 01:22:29.689 [uncertain.proc] [CONFIG] [action] CreateOperationSql
2018-10-11 01:22:29.689 [uncertain.proc] [CONFIG] [action] PopulateOperationSql
2018-10-11 01:22:29.689 [uncertain.proc] [FINE] aurora.database.features.OrderByClauseCreator.onPopulateOperationSql
2018-10-11 01:22:29.689 [uncertain.proc] [FINE] aurora.database.features.WhereClauseCreator.onPopulateOperationSql
2018-10-11 01:22:29.689 [uncertain.proc] [CONFIG] [action] ExecuteQuery
2018-10-11 01:22:29.689 [uncertain.proc] [FINE] aurora.bm.QuerySqlCreator.onExecuteQuery
2018-10-11 01:22:29.690 [uncertain.proc] [CONFIG] [action] QueryFinish
2018-10-11 01:22:29.690 [uncertain.proc] [FINE] aurora.database.features.AutoQueryCounter.onQueryFinish
2018-10-11 01:22:29.690 [uncertain.proc] [CONFIG] [action] FetchResultSet
2018-10-11 01:22:29.690 [uncertain.proc] [FINE] aurora.database.features.CacheBasedLookUpField.postFetchResultSet
2018-10-11 01:22:29.690 [aurora.database] [CONFIG] 
============= BEGIN [query] SQL Statement execution dump ============
   
				select *
				  from (select t.expense_object_type_id,
							   t.layout_position,
							   t.layout_priority,
							   t.default_object_id,							   
							   exp_sob_report_types_pkg.get_sob_object_code(t.expense_object_type_id,
																			t.default_object_id) default_object_code,
							   exp_sob_report_types_pkg.get_sob_object_description(t.expense_object_type_id,
																				   t.default_object_id) default_object_desc,							   
							   '^#' || v.expense_object_type_id as expense_object_type_code,
							   v.description,
							   v.expense_object_method,
							   '#' || t.expense_object_type_id forname,
							   decode(t.required_flag,
									  'Y',
									  'true',
									  null) required_flag,
							   decode(v.expense_object_method,
									  'DESC_TEXT',
									  'textfield',
									  'lov') eom
						  from bgt_jour_ref_object_types t,
							   exp_sob_expense_object_vl v
						 where t.expense_object_type_id = v.expense_object_type_id
						   and t.bgt_journal_type_id = ?
						   and v.enabled_flag = 'Y'
						   and t.layout_position = 'DOCUMENTS_HEAD'
						union all
						select bol.expense_object_type_id,
							   bol.layout_position,
							   bol.layout_priority,
							   bro.expense_object_id default_object_id,
							   exp_sob_report_types_pkg.get_sob_object_code(bol.expense_object_type_id,
																			bro.expense_object_id) default_object_code,
							   nvl(exp_sob_report_types_pkg.get_sob_object_description(bol.expense_object_type_id,
																					   bro.expense_object_id),
								   bro.expense_object_desc) default_object_desc,
							   
							   '^#' || v.expense_object_type_id as expense_object_type_code,
							   v.description,
							   v.expense_object_method,
							   '#' || bol.expense_object_type_id forname,
							   decode(brot.required_flag,
									  'Y',
									  'true',
									  null) required_flag,
							   '' eom
						  from bgt_jour_object_layouts   bol,
							   bgt_journal_objects       bro,
							   exp_sob_expense_object_vl v,
							   bgt_jour_ref_object_types brot,
							   bgt_journal_headers       bjh
						 where bol.journal_header_id = ?
						   and bol.journal_header_id = bjh.journal_header_id
						   and bol.layout_position = 'DOCUMENTS_HEAD'
						   and bol.journal_header_id = bro.journal_header_id
						   and brot.expense_object_type_id = bro.expense_object_type_id
						   and brot.bgt_journal_type_id = bjh.bgt_journal_type_id
						   and bol.expense_object_type_id = bro.expense_object_type_id
						   and bro.journal_line_id is null
						   and bol.expense_object_type_id = v.expense_object_type_id) t
				 order by t.layout_priority
			
---------------------Binding info---------------------
No.1	Access path:/parameter/@bgt_journal_type_id	Data type of passed value :java.lang.String	Value:11	Output:false	Database Type:null	
No.2	Access path:/parameter/@journal_header_id	Data type of passed value :[null]	Value:null	Output:false	Database Type:null	

=============== END [query] SQL Statement execution dump ============

2018-10-11 01:22:29.690 [aurora.database] [CONFIG] ===================================== prepare to run model-query bgt.BGT5120.bgt_jour_line_object==============================
2018-10-11 01:22:29.693 [uncertain.proc] [CONFIG] [action] DecideSqlGenerationMode
2018-10-11 01:22:29.693 [uncertain.proc] [FINE] aurora.database.service.BusinessModelService.onDecideSqlGenerationMode
2018-10-11 01:22:29.693 [uncertain.proc] [CONFIG] [action] CreateOperationSql
2018-10-11 01:22:29.693 [uncertain.proc] [CONFIG] [action] PopulateOperationSql
2018-10-11 01:22:29.693 [uncertain.proc] [FINE] aurora.database.features.OrderByClauseCreator.onPopulateOperationSql
2018-10-11 01:22:29.693 [uncertain.proc] [FINE] aurora.database.features.WhereClauseCreator.onPopulateOperationSql
2018-10-11 01:22:29.693 [uncertain.proc] [CONFIG] [action] ExecuteQuery
2018-10-11 01:22:29.693 [uncertain.proc] [FINE] aurora.bm.QuerySqlCreator.onExecuteQuery
2018-10-11 01:22:29.694 [uncertain.proc] [CONFIG] [action] QueryFinish
2018-10-11 01:22:29.694 [uncertain.proc] [FINE] aurora.database.features.AutoQueryCounter.onQueryFinish
2018-10-11 01:22:29.694 [uncertain.proc] [CONFIG] [action] FetchResultSet
2018-10-11 01:22:29.694 [uncertain.proc] [FINE] aurora.database.features.CacheBasedLookUpField.postFetchResultSet
2018-10-11 01:22:29.694 [aurora.database] [CONFIG] 
============= BEGIN [query] SQL Statement execution dump ============
		
				select *
				  from (select t.expense_object_type_id,
							   t.default_object_id,
							   '#' || t.expense_object_type_id forname,
							   exp_sob_report_types_pkg.get_sob_object_code(t.expense_object_type_id,
																			t.default_object_id) default_object_code,
							   exp_sob_report_types_pkg.get_sob_object_description(t.expense_object_type_id,
																				   t.default_object_id) default_object_desc,
							   '^#' || v.expense_object_type_id as expense_object_type_code,
							   v.description,
							   v.expense_object_method,
							   decode(v.expense_object_method,
									  'DESC_TEXT',
									  'textfield',
									  'lov') eom,
							   decode(t.required_flag,
									  'Y',
									  'true',
									  null) required_flag,
							   t.layout_priority
						  from bgt_jour_ref_object_types t,
							   exp_sob_expense_object_vl v
						 where t.expense_object_type_id = v.expense_object_type_id
						   and t.bgt_journal_type_id = ?
						   and v.enabled_flag = 'Y'
						   and t.layout_position = 'DOCUMENTS_LINE'
						union all
						select bol.expense_object_type_id,
							   bol.default_object_id,
							   '#' || bol.expense_object_type_id forname,
							   exp_sob_report_types_pkg.get_sob_object_code(bol.expense_object_type_id,
																			bol.default_object_id) default_object_code,
							   exp_sob_report_types_pkg.get_sob_object_description(bol.expense_object_type_id,
																				   bol.default_object_id) default_object_desc,
							   '^#' || eot.expense_object_type_id as expense_object_type_code,
							   eot.description,
							   eot.expense_object_method,
							   decode(eot.expense_object_method,
									  'DESC_TEXT',
									  'textfield',
									  'lov') eom,
							   decode(brot.required_flag,
									  'Y',
									  'true',
									  null) required_flag,
							   bol.layout_priority
						  from bgt_jour_object_layouts   bol,
							   bgt_jour_ref_object_types brot,
							   exp_sob_expense_object_vl eot,
							   bgt_journal_headers       bjh
						 where bol.journal_header_id = ?
						   and bol.journal_header_id = bjh.journal_header_id
						   and bol.layout_position = 'DOCUMENTS_LINE'
						   and bol.expense_object_type_id = eot.expense_object_type_id
						   and brot.expense_object_type_id = bol.expense_object_type_id
						   and brot.bgt_journal_type_id = bjh.bgt_journal_type_id) v
				 order by v.layout_priority		             
		
---------------------Binding info---------------------
No.1	Access path:@bgt_journal_type_id	Data type of passed value :java.lang.String	Value:11	Output:false	Database Type:null	
No.2	Access path:/parameter/@journal_header_id	Data type of passed value :[null]	Value:null	Output:false	Database Type:null	

=============== END [query] SQL Statement execution dump ============

2018-10-11 01:22:29.694 [aurora.database] [CONFIG] ===================================== prepare to run model-query bgt.BGT2200.bgt_journal_types_query==============================
2018-10-11 01:22:29.697 [uncertain.proc] [CONFIG] [action] DecideSqlGenerationMode
2018-10-11 01:22:29.697 [uncertain.proc] [FINE] aurora.database.service.BusinessModelService.onDecideSqlGenerationMode
2018-10-11 01:22:29.697 [uncertain.proc] [CONFIG] [action] CreateOperationSql
2018-10-11 01:22:29.697 [uncertain.proc] [CONFIG] [action] PopulateOperationSql
2018-10-11 01:22:29.697 [uncertain.proc] [FINE] aurora.database.features.OrderByClauseCreator.onPopulateOperationSql
2018-10-11 01:22:29.697 [uncertain.proc] [FINE] aurora.database.features.WhereClauseCreator.onPopulateOperationSql
2018-10-11 01:22:29.697 [uncertain.proc] [CONFIG] [action] ExecuteQuery
2018-10-11 01:22:29.697 [uncertain.proc] [FINE] aurora.bm.QuerySqlCreator.onExecuteQuery
2018-10-11 01:22:29.778 [uncertain.proc] [CONFIG] [action] QueryFinish
2018-10-11 01:22:29.778 [uncertain.proc] [FINE] aurora.database.features.AutoQueryCounter.onQueryFinish
2018-10-11 01:22:29.778 [uncertain.proc] [CONFIG] [action] FetchResultSet
2018-10-11 01:22:29.778 [uncertain.proc] [FINE] aurora.database.features.CacheBasedLookUpField.postFetchResultSet
2018-10-11 01:22:29.778 [aurora.database] [CONFIG] 
============= BEGIN [query] SQL Statement execution dump ============

				select v.* from (
					select t.bgt_journal_type_id,
						   t.bgt_org_id,
						   (select o.set_of_books_id from bgt_organizations o where o.bgt_org_id = t.bgt_org_id) set_of_books_id,
						   t.bgt_journal_type_code,
						   t.description_id,
						   f.description_text description,
						   t.bgt_business_type,
						   t.authority_type,
						   t.auto_approve_flag,
						   t.import_flag,
						   t.enabled_flag,
						   t.document_page_type,
						   (select v.code_value_name
							  from sys_code_values_vl v
							 where v.code_id =
								   (select c.code_id
									  from sys_codes c
									 where c.code = 'BGT_DOCUMENT_PAGE_TYPES')
							   and v.code_value = t.document_page_type) as document_page_type_display,
						   (select v.code_value_name
							  from sys_code_values_vl v
							 where v.code_id =
								   (select c.code_id
									  from sys_codes c
									 where c.code = 'BGT_BUSINESS_TYPES')
							   and v.code_value = t.bgt_business_type) as bgt_business_type_display,
						   (select v.code_value_name
							  from sys_code_values_vl v
							 where v.code_id =
								   (select c.code_id
									  from sys_codes c
									 where c.code = 'BGT_AUTHORITY_TYPES')
							   and v.code_value = t.authority_type) as authority_type_display
					  from bgt_journal_types t,
						   fnd_descriptions  f
					 where t.description_id = f.description_id					
					   and f.language=?
					   and exists
							(select 1
							  from fnd_companies fc
							 where fc.company_id = ?
							   and exists (select 1
									  from gld_set_of_books  g,
										   bgt_organizations bo
									 where g.set_of_books_id = bo.set_of_books_id
									   and fc.set_of_books_id = g.set_of_books_id
									   and bo.bgt_org_id = t.bgt_org_id))					   
					   )v
			 WHERE v.bgt_journal_type_id = ? order by v.bgt_journal_type_code
---------------------Binding info---------------------
No.1	Access path:/session/@lang	Data type of passed value :java.lang.String	Value:ZHS	Output:false	Database Type:null	
No.2	Access path:/session/@company_id	Data type of passed value :java.lang.String	Value:835	Output:false	Database Type:null	
No.3	Access path:/parameter/@bgt_journal_type_id	Data type of passed value :java.lang.String	Value:11	Output:false	Database Type:null	

=============== END [query] SQL Statement execution dump ============

2018-10-11 01:22:29.779 [aurora.database] [CONFIG] ===================================== prepare to run model-query bgt.bgt_journal_responsibility_centers_init==============================
2018-10-11 01:22:29.783 [uncertain.proc] [CONFIG] [action] DecideSqlGenerationMode
2018-10-11 01:22:29.783 [uncertain.proc] [FINE] aurora.database.service.BusinessModelService.onDecideSqlGenerationMode
2018-10-11 01:22:29.783 [uncertain.proc] [CONFIG] [action] CreateOperationSql
2018-10-11 01:22:29.783 [uncertain.proc] [CONFIG] [action] PopulateOperationSql
2018-10-11 01:22:29.783 [uncertain.proc] [FINE] aurora.database.features.OrderByClauseCreator.onPopulateOperationSql
2018-10-11 01:22:29.783 [uncertain.proc] [FINE] aurora.database.features.WhereClauseCreator.onPopulateOperationSql
2018-10-11 01:22:29.783 [uncertain.proc] [CONFIG] [action] ExecuteQuery
2018-10-11 01:22:29.783 [uncertain.proc] [FINE] aurora.bm.QuerySqlCreator.onExecuteQuery
2018-10-11 01:22:29.789 [uncertain.proc] [CONFIG] [action] QueryFinish
2018-10-11 01:22:29.789 [uncertain.proc] [FINE] aurora.database.features.AutoQueryCounter.onQueryFinish
2018-10-11 01:22:29.789 [uncertain.proc] [CONFIG] [action] FetchResultSet
2018-10-11 01:22:29.789 [uncertain.proc] [FINE] aurora.database.features.CacheBasedLookUpField.postFetchResultSet
2018-10-11 01:22:29.789 [aurora.database] [CONFIG] 
============= BEGIN [query] SQL Statement execution dump ============

            select * from (
				select frc.responsibility_center_id,
					   frc.responsibility_center_code,
					   frc.responsibility_center_name
				  from fnd_responsibility_centers_vl frc
				 where nvl(frc.summary_flag,'N') = 'N'
				   and (trunc(sysdate) between frc.start_date_active and frc.end_date_active or
					   frc.end_date_active is null)
				   and frc.company_id = nvl(?,?)
				   and frc.responsibility_center_code = '0'
				)t
		
		order by t.responsibility_center_code
		
---------------------Binding info---------------------
No.1	Access path:@p_company_id	Data type of passed value :[null]	Value:null	Output:false	Database Type:null	
No.2	Access path:/session/@company_id	Data type of passed value :java.lang.String	Value:835	Output:false	Database Type:null	

=============== END [query] SQL Statement execution dump ============

2018-10-11 01:22:29.789 [aurora.database] [CONFIG] ===================================== prepare to run model-query fnd.fnd_uom_codes==============================
2018-10-11 01:22:29.797 [uncertain.proc] [CONFIG] [action] DecideSqlGenerationMode
2018-10-11 01:22:29.797 [uncertain.proc] [FINE] aurora.database.service.BusinessModelService.onDecideSqlGenerationMode
2018-10-11 01:22:29.797 [uncertain.proc] [CONFIG] [action] CreatequeryStatement
2018-10-11 01:22:29.797 [uncertain.proc] [FINE] aurora.bm.QuerySqlCreator.onCreateQueryStatement
2018-10-11 01:22:29.797 [uncertain.proc] [CONFIG] [action] PopulatequeryStatement
2018-10-11 01:22:29.797 [uncertain.proc] [FINE] aurora.database.features.OrderByClauseCreator.onPopulateQueryStatement
2018-10-11 01:22:29.797 [uncertain.proc] [FINE] aurora.database.features.WhereClauseCreator.onPopulateQueryStatement
2018-10-11 01:22:29.797 [uncertain.proc] [CONFIG] [action] CreatequerySql
2018-10-11 01:22:29.797 [uncertain.proc] [FINE] aurora.bm.QuerySqlCreator.onCreateQuerySql
2018-10-11 01:22:29.797 [uncertain.proc] [CONFIG] [action] ExecuteQuery
2018-10-11 01:22:29.797 [uncertain.proc] [FINE] aurora.bm.QuerySqlCreator.onExecuteQuery
2018-10-11 01:22:29.799 [uncertain.proc] [CONFIG] [action] QueryFinish
2018-10-11 01:22:29.799 [uncertain.proc] [FINE] aurora.database.features.AutoQueryCounter.onQueryFinish
2018-10-11 01:22:29.799 [uncertain.proc] [CONFIG] [action] FetchResultSet
2018-10-11 01:22:29.799 [uncertain.proc] [FINE] aurora.database.features.CacheBasedLookUpField.postFetchResultSet
2018-10-11 01:22:29.799 [aurora.database] [CONFIG] 
============= BEGIN [query] SQL Statement execution dump ============
SELECT fc.uom_code,fc.uom_type_code,fc.description_id,(select DESCRIPTION_TEXT from fnd_descriptions where DESCRIPTION_ID=fc.description_id and Language=?) AS uom_name
FROM fnd_uom_codes fc

ORDER BY uom_code
---------------------Binding info---------------------
No.1	Access path:/session/@lang	Data type of passed value :java.lang.String	Value:ZHS	Output:false	Database Type:null	

=============== END [query] SQL Statement execution dump ============

2018-10-11 01:22:29.799 [aurora.database] [CONFIG] ===================================== prepare to run model-query gld.gld_currency_vl==============================
2018-10-11 01:22:29.805 [uncertain.proc] [CONFIG] [action] DecideSqlGenerationMode
2018-10-11 01:22:29.805 [uncertain.proc] [FINE] aurora.database.service.BusinessModelService.onDecideSqlGenerationMode
2018-10-11 01:22:29.805 [uncertain.proc] [CONFIG] [action] CreatequeryStatement
2018-10-11 01:22:29.805 [uncertain.proc] [FINE] aurora.bm.QuerySqlCreator.onCreateQueryStatement
2018-10-11 01:22:29.805 [uncertain.proc] [CONFIG] [action] PopulatequeryStatement
2018-10-11 01:22:29.805 [uncertain.proc] [FINE] aurora.database.features.OrderByClauseCreator.onPopulateQueryStatement
2018-10-11 01:22:29.805 [uncertain.proc] [FINE] aurora.database.features.WhereClauseCreator.onPopulateQueryStatement
2018-10-11 01:22:29.805 [uncertain.proc] [CONFIG] [action] CreatequerySql
2018-10-11 01:22:29.805 [uncertain.proc] [FINE] aurora.bm.QuerySqlCreator.onCreateQuerySql
2018-10-11 01:22:29.805 [uncertain.proc] [CONFIG] [action] ExecuteQuery
2018-10-11 01:22:29.805 [uncertain.proc] [FINE] aurora.bm.QuerySqlCreator.onExecuteQuery
2018-10-11 01:22:29.806 [uncertain.proc] [CONFIG] [action] QueryFinish
2018-10-11 01:22:29.806 [uncertain.proc] [FINE] aurora.database.features.AutoQueryCounter.onQueryFinish
2018-10-11 01:22:29.806 [uncertain.proc] [CONFIG] [action] FetchResultSet
2018-10-11 01:22:29.806 [uncertain.proc] [FINE] aurora.database.features.CacheBasedLookUpField.postFetchResultSet
2018-10-11 01:22:29.807 [aurora.database] [CONFIG] 
============= BEGIN [query] SQL Statement execution dump ============
SELECT t1.ROW_ID,t1.CURRENCY_CODE,t1.ENABLED_FLAG,t1.CURRENCY_NAME,t1.COUNTRY_CODE,t1.PRECISION,t1.TRANSACTION_PRECISION,t1.CURRENCY_SYMBOL
FROM GLD_CURRENCY_VL t1
WHERE  t1.ENABLED_FLAG ='Y'
ORDER BY currency_code
---------------------Binding info---------------------
null
=============== END [query] SQL Statement execution dump ============

2018-10-11 01:22:29.807 [aurora.database] [CONFIG] ===================================== prepare to run model-query bgt.period_set_code_for_company==============================
2018-10-11 01:22:29.811 [uncertain.proc] [CONFIG] [action] DecideSqlGenerationMode
2018-10-11 01:22:29.811 [uncertain.proc] [FINE] aurora.database.service.BusinessModelService.onDecideSqlGenerationMode
2018-10-11 01:22:29.811 [uncertain.proc] [CONFIG] [action] CreateOperationSql
2018-10-11 01:22:29.811 [uncertain.proc] [CONFIG] [action] PopulateOperationSql
2018-10-11 01:22:29.811 [uncertain.proc] [FINE] aurora.database.features.OrderByClauseCreator.onPopulateOperationSql
2018-10-11 01:22:29.811 [uncertain.proc] [FINE] aurora.database.features.WhereClauseCreator.onPopulateOperationSql
2018-10-11 01:22:29.811 [uncertain.proc] [CONFIG] [action] ExecuteQuery
2018-10-11 01:22:29.811 [uncertain.proc] [FINE] aurora.bm.QuerySqlCreator.onExecuteQuery
2018-10-11 01:22:29.812 [uncertain.proc] [CONFIG] [action] QueryFinish
2018-10-11 01:22:29.812 [uncertain.proc] [FINE] aurora.database.features.AutoQueryCounter.onQueryFinish
2018-10-11 01:22:29.812 [uncertain.proc] [CONFIG] [action] FetchResultSet
2018-10-11 01:22:29.812 [uncertain.proc] [FINE] aurora.database.features.CacheBasedLookUpField.postFetchResultSet
2018-10-11 01:22:29.812 [aurora.database] [CONFIG] 
============= BEGIN [query] SQL Statement execution dump ============
select * from (select bps.BGT_PERIOD_SET_CODE,bps.DESCRIPTION 
			from bgt_company_period_sets t,
				 bgt_period_sets_vl bps,
				 fnd_companies fc,
				 bgt_organizations bo
			where t.bgt_period_set_code = bps.bgt_period_set_code    
			and t.enabled_flag='Y'
			and bps.enabled_flag='Y' 
			and fc.set_of_books_id = bo.set_of_books_id
			and bo.bgt_org_id = bps.BGT_ORG_ID
			and fc.company_id = ?
			and t.company_id = ?
			union 
			select bps.BGT_PERIOD_SET_CODE,bps.DESCRIPTION 
			from bgt_period_sets_vl bps,
				 fnd_companies fc,
				 bgt_organizations bo
			where not exists(select 1 from bgt_company_period_sets bc
			where bc.bgt_period_set_code = bps.bgt_period_set_code)
			and bo.bgt_org_id = bps.BGT_ORG_ID
			and fc.set_of_books_id = bo.set_of_books_id
			and fc.company_id = ?) t 
			order by BGT_PERIOD_SET_CODE
---------------------Binding info---------------------
No.1	Access path:/session/@company_id	Data type of passed value :java.lang.String	Value:835	Output:false	Database Type:null	
No.2	Access path:/session/@company_id	Data type of passed value :java.lang.String	Value:835	Output:false	Database Type:null	
No.3	Access path:/session/@company_id	Data type of passed value :java.lang.String	Value:835	Output:false	Database Type:null	

=============== END [query] SQL Statement execution dump ============

2018-10-11 01:22:29.812 [aurora.database] [CONFIG] ===================================== prepare to run model-query bgt.bgt_journal_line_update==============================
2018-10-11 01:22:29.815 [uncertain.proc] [CONFIG] [action] DecideSqlGenerationMode
2018-10-11 01:22:29.815 [uncertain.proc] [FINE] aurora.database.service.BusinessModelService.onDecideSqlGenerationMode
2018-10-11 01:22:29.815 [uncertain.proc] [CONFIG] [action] CreateOperationSql
2018-10-11 01:22:29.815 [uncertain.proc] [CONFIG] [action] PopulateOperationSql
2018-10-11 01:22:29.815 [uncertain.proc] [FINE] aurora.database.features.OrderByClauseCreator.onPopulateOperationSql
2018-10-11 01:22:29.815 [uncertain.proc] [FINE] aurora.database.features.WhereClauseCreator.onPopulateOperationSql
2018-10-11 01:22:29.815 [uncertain.proc] [CONFIG] [action] ExecuteQuery
2018-10-11 01:22:29.815 [uncertain.proc] [FINE] aurora.bm.QuerySqlCreator.onExecuteQuery
2018-10-11 01:22:29.948 [uncertain.proc] [CONFIG] [action] QueryFinish
2018-10-11 01:22:29.948 [uncertain.proc] [FINE] aurora.database.features.AutoQueryCounter.onQueryFinish
2018-10-11 01:22:29.948 [uncertain.proc] [CONFIG] [action] FetchResultSet
2018-10-11 01:22:29.948 [uncertain.proc] [FINE] aurora.database.features.CacheBasedLookUpField.postFetchResultSet
2018-10-11 01:22:29.948 [aurora.database] [CONFIG] 
============= BEGIN [query] SQL Statement execution dump ============

                SELECT
                    t.journal_header_id,
                    t.journal_line_id,
                    t.responsibility_center_id center_id,
                    (SELECT
                        responsibility_center_name
                    FROM
                        fnd_responsibility_centers_vl
                    WHERE
                        responsibility_center_id = t.responsibility_center_id
                    ) AS responsibility_center_name,
                    t.budget_item_id,
                    (SELECT
                        description
                    FROM
                        bgt_budget_items_company_vl
                    WHERE
                        budget_item_id = t.budget_item_id AND
                        company_id     = ?
                    ) AS description,
                    t.currency AS currency_code,
                    (SELECT
                        currency_name
                    FROM
                        gld_currency_vl gb
                    WHERE
                        gb.CURRENCY_CODE=t.currency
                    ) AS currency_name,
                    t.exchange_rate_type AS exchange_rate_type_code,
                    (SELECT
                        type_name
                    FROM
                        gld_exchangerate_types_vl
                    WHERE
                        type_code = t.exchange_rate_type
                    ) AS exchange_rate_type,
                    t.exchange_rate_quotation AS exchange_rate_quotation_code,
                    (SELECT
                        code_value_name
                    FROM
                        sys_code_values_vl
                    WHERE
                        code_value = t.exchange_rate_quotation
                    ) AS exchange_rate_quotation,
                    t.line_period_year,
                    t.line_period_quarter,
                    t.line_period_name,
                    t.line_bgt_period_num,
                    t.exchange_rate,
                    t.amount,
                    t.functional_amount,
                    t.quantity,
                    t.uom,
                    t.company_id,
                    (SELECT
                        c.company_short_name
                    FROM
                        fnd_companies_vl c
                    WHERE
                        c.company_id = t.company_id
                    ) AS company_name,
                    t.operation_unit_id AS e12,
                    (SELECT
                        description
                    FROM
                        fnd_operation_units_vl
                    WHERE
                        operation_unit_id = t.operation_unit_id
                    ) AS d12,
                    t.unit_id AS e13,
                    (SELECT description FROM exp_org_unit_vl WHERE unit_id = t.unit_id
                    ) AS d13,
                    t.position_id AS e14,
                    (SELECT
                        description
                    FROM
                        exp_org_position_vl
                    WHERE
                        position_id = t.position_id
                    ) AS d14,
                    t.employee_id AS e15,
                    (SELECT name FROM exp_employees WHERE employee_id = t.employee_id
                    ) AS d15,
                    t.journal_lines_notes,
                    t.dimension1_id AS e1,
                    (SELECT
                        description
                    FROM
                        fnd_dimension_values_vl
                    WHERE
                        dimension_value_id = t.dimension1_id
                    ) AS d1,
                    t.dimension2_id AS e2,
                    (SELECT
                        description
                    FROM
                        fnd_dimension_values_vl
                    WHERE
                        dimension_value_id = t.dimension2_id
                    ) AS d2,
                    t.dimension3_id AS e3,
                    (SELECT
                        description
                    FROM
                        fnd_dimension_values_vl
                    WHERE
                        dimension_value_id = t.dimension3_id
                    ) AS d3,
                    t.dimension4_id AS e4,
                    (SELECT
                        description
                    FROM
                        fnd_dimension_values_vl
                    WHERE
                        dimension_value_id = t.dimension4_id
                    ) AS d4,
                    t.dimension5_id AS e5,
                    (SELECT
                        description
                    FROM
                        fnd_dimension_values_vl
                    WHERE
                        dimension_value_id = t.dimension5_id
                    ) AS d5,
                    t.dimension6_id AS e6,
                    (SELECT
                        description
                    FROM
                        fnd_dimension_values_vl
                    WHERE
                        dimension_value_id = t.dimension6_id
                    ) AS d6,
                    t.dimension7_id AS e7,
                    (SELECT
                        description
                    FROM
                        fnd_dimension_values_vl
                    WHERE
                        dimension_value_id = t.dimension7_id
                    ) AS d7,
                    t.dimension8_id AS e8,
                    (SELECT
                        description
                    FROM
                        fnd_dimension_values_vl
                    WHERE
                        dimension_value_id = t.dimension8_id
                    ) AS d8,
                    t.dimension9_id AS e9,
                    (SELECT
                        description
                    FROM
                        fnd_dimension_values_vl
                    WHERE
                        dimension_value_id = t.dimension9_id
                    ) AS d9,
                    t.dimension10_id AS e10,
                    (SELECT
                        description
                    FROM
                        fnd_dimension_values_vl
                    WHERE
                        dimension_value_id = t.dimension10_id
                    ) AS d10,
                    gso.functional_currency_code,
                    fr.responsibility_center_name center_id_display,
                    bb.description budget_item_id_display
                FROM
                    bgt_journal_lines t,
                    gld_set_of_books_vl gso,
                    fnd_companies fc,
                    fnd_responsibility_centers_vl fr,
                    bgt_budget_items_company_vl bb
                WHERE
                    gso.set_of_books_id        = fc.set_of_books_id AND
                    bb.company_id              = ? AND
                    t.responsibility_center_id = fr.responsibility_center_id(+) AND
                    t.budget_item_id           = bb.budget_item_id (+) AND
                    fc.company_id              = ? AND
                    t.journal_header_id        =?
                ORDER BY
                    t.journal_line_id
            
---------------------Binding info---------------------
No.1	Access path:/session/@company_id	Data type of passed value :java.lang.String	Value:835	Output:false	Database Type:null	
No.2	Access path:/session/@company_id	Data type of passed value :java.lang.String	Value:835	Output:false	Database Type:null	
No.3	Access path:/session/@company_id	Data type of passed value :java.lang.String	Value:835	Output:false	Database Type:null	
No.4	Access path:@journal_header_id	Data type of passed value :[null]	Value:null	Output:false	Database Type:null	

=============== END [query] SQL Statement execution dump ============

2018-10-11 01:22:29.948 [uncertain.proc] [CONFIG] [action] CreateView
2018-10-11 01:22:29.949 [uncertain.proc] [CONFIG] [action] BuildOutputContent
2018-10-11 01:22:29.949 [aurora.presentation.buildsession] [CONFIG] Start build session
2018-10-11 01:22:29.949 [aurora.presentation.buildsession] [CONFIG] building view: <html-page> -> aurora.presentation.component.HtmlPage@3de1237f
2018-10-11 01:22:29.951 [aurora.presentation.buildsession] [CONFIG] building view: <link> -> aurora.presentation.TemplateBasedView@3dda489e
2018-10-11 01:22:29.951 [aurora.presentation.buildsession] [CONFIG] building view: <link> -> aurora.presentation.TemplateBasedView@3dda489e
2018-10-11 01:22:29.952 [aurora.presentation.buildsession] [CONFIG] building view: <link> -> aurora.presentation.TemplateBasedView@3dda489e
2018-10-11 01:22:29.952 [aurora.presentation.buildsession] [CONFIG] building view: <link> -> aurora.presentation.TemplateBasedView@3dda489e
2018-10-11 01:22:29.952 [aurora.presentation.buildsession] [CONFIG] building view: <link> -> aurora.presentation.TemplateBasedView@3dda489e
2018-10-11 01:22:29.952 [aurora.presentation.buildsession] [CONFIG] building view: <link> -> aurora.presentation.TemplateBasedView@3dda489e
2018-10-11 01:22:29.952 [aurora.presentation.buildsession] [CONFIG] building view: <script> -> aurora.presentation.DefaultViewBuilder@35f5c5a3
2018-10-11 01:22:29.954 [aurora.presentation.buildsession] [CONFIG] building view: <dataSets> -> aurora.application.features.DataSetInit@179112a0
2018-10-11 01:22:29.954 [aurora.presentation.buildsession] [CONFIG] building view: <dataSet> -> aurora.presentation.TemplateBasedView@3dda489e
2018-10-11 01:22:29.955 [aurora.presentation.buildsession] [CONFIG] building view: <dataSet> -> aurora.presentation.TemplateBasedView@3dda489e
2018-10-11 01:22:29.955 [aurora.presentation.buildsession] [CONFIG] building view: <dataSet> -> aurora.presentation.TemplateBasedView@3dda489e
2018-10-11 01:22:29.955 [aurora.presentation.buildsession] [CONFIG] building view: <dataSet> -> aurora.presentation.TemplateBasedView@3dda489e
2018-10-11 01:22:29.956 [aurora.presentation.buildsession] [CONFIG] building view: <dataSet> -> aurora.presentation.TemplateBasedView@3dda489e
2018-10-11 01:22:29.958 [aurora.presentation.buildsession] [CONFIG] building view: <dataSet> -> aurora.presentation.TemplateBasedView@3dda489e
2018-10-11 01:22:29.959 [aurora.presentation.buildsession] [CONFIG] building view: <dataSet> -> aurora.presentation.TemplateBasedView@3dda489e
2018-10-11 01:22:29.960 [aurora.presentation.buildsession] [CONFIG] building view: <dataSet> -> aurora.presentation.TemplateBasedView@3dda489e
2018-10-11 01:22:29.960 [aurora.presentation.buildsession] [CONFIG] building view: <dataSet> -> aurora.presentation.TemplateBasedView@3dda489e
2018-10-11 01:22:29.960 [aurora.presentation.buildsession] [CONFIG] building view: <dataSet> -> aurora.presentation.TemplateBasedView@3dda489e
2018-10-11 01:22:29.960 [aurora.presentation.buildsession] [CONFIG] building view: <dataSet> -> aurora.presentation.TemplateBasedView@3dda489e
2018-10-11 01:22:29.960 [aurora.presentation.buildsession] [CONFIG] building view: <dataSet> -> aurora.presentation.TemplateBasedView@3dda489e
2018-10-11 01:22:29.960 [aurora.presentation.buildsession] [CONFIG] building view: <dataSet> -> aurora.presentation.TemplateBasedView@3dda489e
2018-10-11 01:22:29.960 [aurora.presentation.buildsession] [CONFIG] building view: <dataSet> -> aurora.presentation.TemplateBasedView@3dda489e
2018-10-11 01:22:29.961 [aurora.presentation.buildsession] [CONFIG] building view: <dataSet> -> aurora.presentation.TemplateBasedView@3dda489e
2018-10-11 01:22:29.963 [aurora.presentation.buildsession] [CONFIG] building view: <dataSet> -> aurora.presentation.TemplateBasedView@3dda489e
2018-10-11 01:22:29.969 [aurora.presentation.buildsession] [CONFIG] building view: <dataSet> -> aurora.presentation.TemplateBasedView@3dda489e
2018-10-11 01:22:29.969 [aurora.presentation.buildsession] [CONFIG] building view: <dataSet> -> aurora.presentation.TemplateBasedView@3dda489e
2018-10-11 01:22:29.969 [aurora.presentation.buildsession] [CONFIG] building view: <dataSet> -> aurora.presentation.TemplateBasedView@3dda489e
2018-10-11 01:22:29.969 [aurora.presentation.buildsession] [CONFIG] building view: <dataSet> -> aurora.presentation.TemplateBasedView@3dda489e
2018-10-11 01:22:29.969 [aurora.presentation.buildsession] [CONFIG] building view: <dataSet> -> aurora.presentation.TemplateBasedView@3dda489e
2018-10-11 01:22:29.970 [aurora.presentation.buildsession] [CONFIG] building view: <screenBody> -> aurora.presentation.component.std.ScreenBody@20f9dc66
2018-10-11 01:22:29.970 [aurora.presentation.buildsession] [CONFIG] building view: <screenTopToolbar> -> aurora.presentation.component.std.ScreenTopToolbar@699234bf
2018-10-11 01:22:29.970 [aurora.presentation.buildsession] [CONFIG] building view: <screenTitle> -> aurora.presentation.component.std.ScreenTitle@5ddc0829
2018-10-11 01:22:29.974 [uncertain.proc] [CONFIG] [action] DecideSqlGenerationMode
2018-10-11 01:22:29.974 [uncertain.proc] [FINE] aurora.database.service.BusinessModelService.onDecideSqlGenerationMode
2018-10-11 01:22:29.974 [uncertain.proc] [CONFIG] [action] CreatequeryStatement
2018-10-11 01:22:29.974 [uncertain.proc] [FINE] aurora.bm.QuerySqlCreator.onCreateQueryStatement
2018-10-11 01:22:29.974 [uncertain.proc] [CONFIG] [action] PopulatequeryStatement
2018-10-11 01:22:29.974 [uncertain.proc] [FINE] aurora.database.features.OrderByClauseCreator.onPopulateQueryStatement
2018-10-11 01:22:29.974 [uncertain.proc] [FINE] aurora.database.features.WhereClauseCreator.onPopulateQueryStatement
2018-10-11 01:22:29.974 [uncertain.proc] [CONFIG] [action] CreatequerySql
2018-10-11 01:22:29.974 [uncertain.proc] [FINE] aurora.bm.QuerySqlCreator.onCreateQuerySql
2018-10-11 01:22:29.974 [uncertain.proc] [CONFIG] [action] ExecuteQuery
2018-10-11 01:22:29.974 [uncertain.proc] [FINE] aurora.bm.QuerySqlCreator.onExecuteQuery
2018-10-11 01:22:29.975 [uncertain.proc] [CONFIG] [action] QueryFinish
2018-10-11 01:22:29.975 [uncertain.proc] [FINE] aurora.database.features.AutoQueryCounter.onQueryFinish
2018-10-11 01:22:29.975 [uncertain.proc] [CONFIG] [action] FetchResultSet
2018-10-11 01:22:29.975 [uncertain.proc] [FINE] aurora.database.features.CacheBasedLookUpField.postFetchResultSet
2018-10-11 01:22:29.975 [aurora.database] [CONFIG] 
============= BEGIN [query] SQL Statement execution dump ============
SELECT f.service_id,f.service_name,f.is_entry_page,f.is_access_checked,f.is_login_required,f.is_system_access,? AS language,(select d.description_text from fnd_descriptions d where d.description_id = f.title_id and d.language = ?) AS title,f.title_id,f.weixin_flag
FROM sys_service f
WHERE f.service_name = ?
ORDER BY service_name
---------------------Binding info---------------------
No.1	Access path:/session/@lang	Data type of passed value :java.lang.String	Value:ZHS	Output:false	Database Type:null	
No.2	Access path:/session/@lang	Data type of passed value :java.lang.String	Value:ZHS	Output:false	Database Type:null	
No.3	Access path:@service_name	Data type of passed value :java.lang.String	Value:modules/bgt/public/bgt_journal_create_standard.screen	Output:false	Database Type:null	

=============== END [query] SQL Statement execution dump ============

2018-10-11 01:22:29.975 [aurora.presentation.buildsession] [CONFIG] building view: <toolbarButton> -> aurora.presentation.TemplateBasedView@3dda489e
2018-10-11 01:22:29.975 [aurora.presentation.buildsession] [CONFIG] building view: <toolbarButton> -> aurora.presentation.TemplateBasedView@3dda489e
2018-10-11 01:22:29.975 [aurora.presentation.buildsession] [CONFIG] building view: <form> -> aurora.presentation.component.std.Form@71a6286c
2018-10-11 01:22:29.975 [aurora.presentation.buildsession] [CONFIG] building view: <box> -> aurora.presentation.component.std.Box@28e65504
2018-10-11 01:22:29.975 [aurora.presentation.buildsession] [CONFIG] building view: <textField> -> aurora.presentation.TemplateBasedView@3dda489e
2018-10-11 01:22:29.975 [aurora.presentation.buildsession] [CONFIG] building view: <textField> -> aurora.presentation.TemplateBasedView@3dda489e
2018-10-11 01:22:29.976 [aurora.presentation.buildsession] [CONFIG] building view: <textField> -> aurora.presentation.TemplateBasedView@3dda489e
2018-10-11 01:22:29.976 [aurora.presentation.buildsession] [CONFIG] building view: <numberField> -> aurora.presentation.TemplateBasedView@3dda489e
2018-10-11 01:22:29.976 [aurora.presentation.buildsession] [CONFIG] building view: <textField> -> aurora.presentation.TemplateBasedView@3dda489e
2018-10-11 01:22:29.976 [aurora.presentation.buildsession] [CONFIG] building view: <comboBox> -> aurora.presentation.TemplateBasedView@3dda489e
2018-10-11 01:22:29.976 [aurora.presentation.buildsession] [CONFIG] building view: <comboBox> -> aurora.presentation.TemplateBasedView@3dda489e
2018-10-11 01:22:29.976 [aurora.presentation.buildsession] [CONFIG] building view: <numberField> -> aurora.presentation.TemplateBasedView@3dda489e
2018-10-11 01:22:29.976 [aurora.presentation.buildsession] [CONFIG] building view: <textField> -> aurora.presentation.TemplateBasedView@3dda489e
2018-10-11 01:22:29.977 [aurora.presentation.buildsession] [CONFIG] building view: <textField> -> aurora.presentation.TemplateBasedView@3dda489e
2018-10-11 01:22:29.977 [aurora.presentation.buildsession] [CONFIG] building view: <comboBox> -> aurora.presentation.TemplateBasedView@3dda489e
2018-10-11 01:22:29.977 [aurora.presentation.buildsession] [CONFIG] building view: <textField> -> aurora.presentation.TemplateBasedView@3dda489e
2018-10-11 01:22:29.977 [aurora.presentation.buildsession] [CONFIG] building view: <box> -> aurora.presentation.component.std.Box@67f6b28d
2018-10-11 01:22:29.977 [aurora.presentation.buildsession] [CONFIG] building view: <textArea> -> aurora.presentation.TemplateBasedView@3dda489e
2018-10-11 01:22:29.977 [aurora.presentation.buildsession] [CONFIG] building view: <grid> -> aurora.presentation.TemplateBasedView@3dda489e
2018-10-11 01:22:29.977 [aurora.presentation.buildsession] [CONFIG] building view: <toolBar> -> aurora.presentation.TemplateBasedView@3dda489e
2018-10-11 01:22:29.978 [aurora.presentation.buildsession] [CONFIG] building view: <button> -> aurora.presentation.TemplateBasedView@3dda489e
2018-10-11 01:22:29.978 [aurora.presentation.buildsession] [CONFIG] building view: <button> -> aurora.presentation.TemplateBasedView@3dda489e
2018-10-11 01:22:29.979 [aurora.presentation.buildsession] [CONFIG] building view: <comboBox> -> aurora.presentation.TemplateBasedView@3dda489e
2018-10-11 01:22:29.979 [aurora.presentation.buildsession] [CONFIG] building view: <textField> -> aurora.presentation.TemplateBasedView@3dda489e
2018-10-11 01:22:29.979 [aurora.presentation.buildsession] [CONFIG] building view: <numberField> -> aurora.presentation.TemplateBasedView@3dda489e
2018-10-11 01:22:29.979 [aurora.presentation.buildsession] [CONFIG] building view: <numberField> -> aurora.presentation.TemplateBasedView@3dda489e
2018-10-11 01:22:29.979 [aurora.presentation.buildsession] [CONFIG] building view: <lov> -> aurora.presentation.TemplateBasedView@3dda489e
2018-10-11 01:22:29.979 [aurora.presentation.buildsession] [CONFIG] building view: <lov> -> aurora.presentation.TemplateBasedView@3dda489e
2018-10-11 01:22:29.980 [aurora.presentation.buildsession] [CONFIG] building view: <script> -> aurora.presentation.DefaultViewBuilder@35f5c5a3
2018-10-11 01:22:29.980 [aurora.presentation.buildsession] [CONFIG] building view: <script> -> aurora.presentation.DefaultViewBuilder@35f5c5a3
2018-10-11 01:22:29.980 [aurora.presentation.buildsession] [CONFIG] End build session
