2018-10-11 01:29:12.897 [aurora.application.session_check] [CONFIG] Session data copied to context
2018-10-11 01:29:12.897 [aurora.application.session_check] [CONFIG] Access check result for modules/bgt/public/bgt_journal_readonly_standard_detail.screen => success
2018-10-11 01:29:12.897 [uncertain.proc] [CONFIG] [action] AccessCheck
2018-10-11 01:29:12.903 [uncertain.proc] [CONFIG] [action] InitService
2018-10-11 01:29:12.903 [uncertain.proc] [CONFIG] [action] ParseParameter
2018-10-11 01:29:12.904 [uncertain.proc] [CONFIG] [action] CreateModel
2018-10-11 01:29:12.904 [aurora.database] [CONFIG] ===================================== prepare to run model-query bgt.BGT3100.bgt_journal_query_budget_structure==============================
2018-10-11 01:29:12.908 [uncertain.proc] [CONFIG] [action] DecideSqlGenerationMode
2018-10-11 01:29:12.908 [uncertain.proc] [FINE] aurora.database.service.BusinessModelService.onDecideSqlGenerationMode
2018-10-11 01:29:12.908 [uncertain.proc] [CONFIG] [action] CreateOperationSql
2018-10-11 01:29:12.908 [uncertain.proc] [CONFIG] [action] PopulateOperationSql
2018-10-11 01:29:12.908 [uncertain.proc] [FINE] aurora.database.features.OrderByClauseCreator.onPopulateOperationSql
2018-10-11 01:29:12.908 [uncertain.proc] [FINE] aurora.database.features.WhereClauseCreator.onPopulateOperationSql
2018-10-11 01:29:12.908 [uncertain.proc] [CONFIG] [action] ExecuteQuery
2018-10-11 01:29:12.908 [uncertain.proc] [FINE] aurora.bm.QuerySqlCreator.onExecuteQuery
2018-10-11 01:29:12.910 [uncertain.proc] [CONFIG] [action] QueryFinish
2018-10-11 01:29:12.910 [uncertain.proc] [FINE] aurora.database.features.AutoQueryCounter.onQueryFinish
2018-10-11 01:29:12.910 [uncertain.proc] [CONFIG] [action] FetchResultSet
2018-10-11 01:29:12.910 [uncertain.proc] [FINE] aurora.database.features.CacheBasedLookUpField.postFetchResultSet
2018-10-11 01:29:12.910 [aurora.database] [CONFIG] 
============= BEGIN [query] SQL Statement execution dump ============

				SELECT T.BUDGET_STRUCTURE_ID,T.BUDGET_STRC_CODE,T.DESCRIPTION 
			FROM BGT_BUDGET_STRUCTURES_VL T
			WHERE  exists (select bo.BGT_ORG_ID from  bgt_organizations_vl bo  
                         where bo.BGT_ORG_ID = T.BGT_ORG_ID
                           and   exists (select fc.SET_OF_BOOKS_ID 
                                           from fnd_companies_vl fc
                                          where fc.SET_OF_BOOKS_ID = bo.SET_OF_BOOKS_ID 
                                            and   fc.COMPANY_ID = ?))
            and exists (select bbsa.budget_structure_id
                        from  bgt_budget_structures_assigns  bbsa
                        where bbsa.budget_structure_id = T.BUDGET_STRUCTURE_ID
                          and bbsa.company_id = ?)                                
			order by    BUDGET_STRC_CODE
---------------------Binding info---------------------
No.1	Access path:/session/@company_id	Data type of passed value :java.lang.String	Value:835	Output:false	Database Type:null	
No.2	Access path:/session/@company_id	Data type of passed value :java.lang.String	Value:835	Output:false	Database Type:null	

=============== END [query] SQL Statement execution dump ============

2018-10-11 01:29:12.910 [aurora.database] [CONFIG] ===================================== prepare to run model-query bgt.BGT3100.bgt_journal_query_bgt_versions==============================
2018-10-11 01:29:12.913 [uncertain.proc] [CONFIG] [action] DecideSqlGenerationMode
2018-10-11 01:29:12.913 [uncertain.proc] [FINE] aurora.database.service.BusinessModelService.onDecideSqlGenerationMode
2018-10-11 01:29:12.913 [uncertain.proc] [CONFIG] [action] CreateOperationSql
2018-10-11 01:29:12.913 [uncertain.proc] [CONFIG] [action] PopulateOperationSql
2018-10-11 01:29:12.913 [uncertain.proc] [FINE] aurora.database.features.OrderByClauseCreator.onPopulateOperationSql
2018-10-11 01:29:12.913 [uncertain.proc] [FINE] aurora.database.features.WhereClauseCreator.onPopulateOperationSql
2018-10-11 01:29:12.913 [uncertain.proc] [CONFIG] [action] ExecuteQuery
2018-10-11 01:29:12.913 [uncertain.proc] [FINE] aurora.bm.QuerySqlCreator.onExecuteQuery
2018-10-11 01:29:12.914 [uncertain.proc] [CONFIG] [action] QueryFinish
2018-10-11 01:29:12.914 [uncertain.proc] [FINE] aurora.database.features.AutoQueryCounter.onQueryFinish
2018-10-11 01:29:12.914 [uncertain.proc] [CONFIG] [action] FetchResultSet
2018-10-11 01:29:12.914 [uncertain.proc] [FINE] aurora.database.features.CacheBasedLookUpField.postFetchResultSet
2018-10-11 01:29:12.914 [aurora.database] [CONFIG] 
============= BEGIN [query] SQL Statement execution dump ============

		   select t.version_id,t.version_code,t.description 
			from bgt_versions_vl t,
				 bgt_company_versions bcv
			where t.enabled_flag ='Y'
			and t.version_id = bcv.version_id
			and bcv.enabled_flag ='Y'
			and bcv.company_id = ?
---------------------Binding info---------------------
No.1	Access path:/session/@company_id	Data type of passed value :java.lang.String	Value:835	Output:false	Database Type:null	

=============== END [query] SQL Statement execution dump ============

2018-10-11 01:29:12.914 [aurora.database] [CONFIG] ===================================== prepare to run model-query bgt.BGT3100.bgt_journal_query_status==============================
2018-10-11 01:29:12.917 [uncertain.proc] [CONFIG] [action] DecideSqlGenerationMode
2018-10-11 01:29:12.917 [uncertain.proc] [FINE] aurora.database.service.BusinessModelService.onDecideSqlGenerationMode
2018-10-11 01:29:12.917 [uncertain.proc] [CONFIG] [action] CreateOperationSql
2018-10-11 01:29:12.917 [uncertain.proc] [CONFIG] [action] PopulateOperationSql
2018-10-11 01:29:12.917 [uncertain.proc] [FINE] aurora.database.features.OrderByClauseCreator.onPopulateOperationSql
2018-10-11 01:29:12.917 [uncertain.proc] [FINE] aurora.database.features.WhereClauseCreator.onPopulateOperationSql
2018-10-11 01:29:12.917 [uncertain.proc] [CONFIG] [action] ExecuteQuery
2018-10-11 01:29:12.917 [uncertain.proc] [FINE] aurora.bm.QuerySqlCreator.onExecuteQuery
2018-10-11 01:29:12.918 [uncertain.proc] [CONFIG] [action] QueryFinish
2018-10-11 01:29:12.918 [uncertain.proc] [FINE] aurora.database.features.AutoQueryCounter.onQueryFinish
2018-10-11 01:29:12.918 [uncertain.proc] [CONFIG] [action] FetchResultSet
2018-10-11 01:29:12.918 [uncertain.proc] [FINE] aurora.database.features.CacheBasedLookUpField.postFetchResultSet
2018-10-11 01:29:12.918 [aurora.database] [CONFIG] 
============= BEGIN [query] SQL Statement execution dump ============

                SELECT
                    SCV.CODE_VALUE,
                    SCV.CODE_VALUE_NAME
                FROM
                    SYS_CODES SC,
                    SYS_CODE_VALUES_VL SCV
                WHERE
                    SC.CODE_ID       = SCV.CODE_ID AND
                    SC.CODE          ='BGT_BUDGET_STATUS' AND
                    SC.ENABLED_FLAG  ='Y' AND
                    SCV.ENABLED_FLAG ='Y'
                ORDER BY
                    SCV.CODE_VALUE
            
---------------------Binding info---------------------
null
=============== END [query] SQL Statement execution dump ============

2018-10-11 01:29:12.918 [uncertain.proc] [CONFIG] [action] CreateView
2018-10-11 01:29:12.918 [uncertain.proc] [CONFIG] [action] BuildOutputContent
2018-10-11 01:29:12.918 [aurora.presentation.buildsession] [CONFIG] Start build session
2018-10-11 01:29:12.918 [aurora.presentation.buildsession] [CONFIG] building view: <html-page> -> aurora.presentation.component.HtmlPage@55015bac
2018-10-11 01:29:12.919 [aurora.presentation.buildsession] [CONFIG] building view: <script> -> aurora.presentation.DefaultViewBuilder@35f5c5a3
2018-10-11 01:29:12.919 [aurora.presentation.buildsession] [CONFIG] building view: <dataSets> -> aurora.application.features.DataSetInit@65c1868b
2018-10-11 01:29:12.919 [aurora.presentation.buildsession] [CONFIG] building view: <dataSet> -> aurora.presentation.TemplateBasedView@3dda489e
2018-10-11 01:29:12.920 [aurora.presentation.buildsession] [CONFIG] building view: <dataSet> -> aurora.presentation.TemplateBasedView@3dda489e
2018-10-11 01:29:12.921 [aurora.presentation.buildsession] [CONFIG] building view: <dataSet> -> aurora.presentation.TemplateBasedView@3dda489e
2018-10-11 01:29:12.921 [aurora.presentation.buildsession] [CONFIG] building view: <dataSet> -> aurora.presentation.TemplateBasedView@3dda489e
2018-10-11 01:29:12.925 [aurora.presentation.buildsession] [CONFIG] building view: <dataSet> -> aurora.presentation.TemplateBasedView@3dda489e
2018-10-11 01:29:12.926 [aurora.presentation.buildsession] [CONFIG] building view: <screenBody> -> aurora.presentation.component.std.ScreenBody@17f66fe3
2018-10-11 01:29:12.926 [aurora.presentation.buildsession] [CONFIG] building view: <screenTopToolbar> -> aurora.presentation.component.std.ScreenTopToolbar@48758a8a
2018-10-11 01:29:12.928 [aurora.presentation.buildsession] [CONFIG] building view: <toolbarButton> -> aurora.presentation.TemplateBasedView@3dda489e
2018-10-11 01:29:12.929 [aurora.presentation.buildsession] [CONFIG] building view: <gridButton> -> aurora.presentation.TemplateBasedView@3dda489e
2018-10-11 01:29:12.930 [aurora.presentation.buildsession] [CONFIG] building view: <queryForm> -> aurora.presentation.component.std.QueryForm@697806ea
2018-10-11 01:29:12.932 [aurora.presentation.buildsession] [CONFIG] building view: <hBox> -> aurora.presentation.component.std.HBox@e43090
2018-10-11 01:29:12.933 [aurora.presentation.buildsession] [CONFIG] building view: <textField> -> aurora.presentation.TemplateBasedView@3dda489e
2018-10-11 01:29:12.933 [aurora.presentation.buildsession] [CONFIG] building view: <lov> -> aurora.presentation.TemplateBasedView@3dda489e
2018-10-11 01:29:12.933 [aurora.presentation.buildsession] [CONFIG] building view: <numberField> -> aurora.presentation.TemplateBasedView@3dda489e
2018-10-11 01:29:12.933 [aurora.presentation.buildsession] [CONFIG] building view: <comboBox> -> aurora.presentation.TemplateBasedView@3dda489e
2018-10-11 01:29:12.933 [aurora.presentation.buildsession] [CONFIG] building view: <toolbarButton> -> aurora.presentation.TemplateBasedView@3dda489e
2018-10-11 01:29:12.934 [aurora.presentation.buildsession] [CONFIG] building view: <toolbarButton> -> aurora.presentation.TemplateBasedView@3dda489e
2018-10-11 01:29:12.934 [aurora.presentation.buildsession] [CONFIG] building view: <box> -> aurora.presentation.component.std.Box@22f8c372
2018-10-11 01:29:12.934 [aurora.presentation.buildsession] [CONFIG] building view: <comboBox> -> aurora.presentation.TemplateBasedView@3dda489e
2018-10-11 01:29:12.934 [aurora.presentation.buildsession] [CONFIG] building view: <textField> -> aurora.presentation.TemplateBasedView@3dda489e
2018-10-11 01:29:12.934 [aurora.presentation.buildsession] [CONFIG] building view: <textField> -> aurora.presentation.TemplateBasedView@3dda489e
2018-10-11 01:29:12.934 [aurora.presentation.buildsession] [CONFIG] building view: <comboBox> -> aurora.presentation.TemplateBasedView@3dda489e
2018-10-11 01:29:12.935 [aurora.presentation.buildsession] [CONFIG] building view: <lov> -> aurora.presentation.TemplateBasedView@3dda489e
2018-10-11 01:29:12.935 [aurora.presentation.buildsession] [CONFIG] building view: <lov> -> aurora.presentation.TemplateBasedView@3dda489e
2018-10-11 01:29:12.935 [aurora.presentation.buildsession] [CONFIG] building view: <lov> -> aurora.presentation.TemplateBasedView@3dda489e
2018-10-11 01:29:12.935 [aurora.presentation.buildsession] [CONFIG] building view: <textField> -> aurora.presentation.TemplateBasedView@3dda489e
2018-10-11 01:29:12.935 [aurora.presentation.buildsession] [CONFIG] building view: <grid> -> aurora.presentation.TemplateBasedView@3dda489e
2018-10-11 01:29:12.935 [aurora.presentation.buildsession] [CONFIG] building view: <navBar> -> aurora.presentation.TemplateBasedView@3dda489e
2018-10-11 01:29:12.936 [aurora.presentation.buildsession] [CONFIG] building view: <button> -> aurora.presentation.TemplateBasedView@3dda489e
2018-10-11 01:29:12.937 [aurora.presentation.buildsession] [CONFIG] building view: <button> -> aurora.presentation.TemplateBasedView@3dda489e
2018-10-11 01:29:12.937 [aurora.presentation.buildsession] [CONFIG] building view: <separator> -> aurora.presentation.TemplateBasedView@3dda489e
2018-10-11 01:29:12.937 [aurora.presentation.buildsession] [CONFIG] building view: <div> -> aurora.presentation.DefaultViewBuilder@35f5c5a3
2018-10-11 01:29:12.937 [aurora.presentation.buildsession] [CONFIG] building view: <numberField> -> aurora.presentation.TemplateBasedView@3dda489e
2018-10-11 01:29:12.937 [aurora.presentation.buildsession] [CONFIG] building view: <div> -> aurora.presentation.DefaultViewBuilder@35f5c5a3
2018-10-11 01:29:12.937 [aurora.presentation.buildsession] [CONFIG] building view: <separator> -> aurora.presentation.TemplateBasedView@3dda489e
2018-10-11 01:29:12.937 [aurora.presentation.buildsession] [CONFIG] building view: <button> -> aurora.presentation.TemplateBasedView@3dda489e
2018-10-11 01:29:12.937 [aurora.presentation.buildsession] [CONFIG] building view: <button> -> aurora.presentation.TemplateBasedView@3dda489e
2018-10-11 01:29:12.938 [aurora.presentation.buildsession] [CONFIG] building view: <button> -> aurora.presentation.TemplateBasedView@3dda489e
2018-10-11 01:29:12.938 [aurora.presentation.buildsession] [CONFIG] building view: <separator> -> aurora.presentation.TemplateBasedView@3dda489e
2018-10-11 01:29:12.938 [aurora.presentation.buildsession] [CONFIG] building view: <div> -> aurora.presentation.DefaultViewBuilder@35f5c5a3
2018-10-11 01:29:12.938 [aurora.presentation.buildsession] [CONFIG] building view: <comboBox> -> aurora.presentation.TemplateBasedView@3dda489e
2018-10-11 01:29:12.938 [aurora.presentation.buildsession] [CONFIG] building view: <div> -> aurora.presentation.DefaultViewBuilder@35f5c5a3
2018-10-11 01:29:12.938 [aurora.presentation.buildsession] [CONFIG] building view: <separator> -> aurora.presentation.TemplateBasedView@3dda489e
2018-10-11 01:29:12.938 [aurora.presentation.buildsession] [CONFIG] building view: <div> -> aurora.presentation.DefaultViewBuilder@35f5c5a3
2018-10-11 01:29:12.955 [aurora.presentation.buildsession] [CONFIG] End build session
