2018-10-11 01:26:11.460 [aurora.application.session_check] [CONFIG] Session data copied to context
2018-10-11 01:26:11.460 [aurora.application.session_check] [CONFIG] Access check result for modules/bgt/public/bgt_journal_readonly_standard.screen => success
2018-10-11 01:26:11.460 [uncertain.proc] [CONFIG] [action] AccessCheck
2018-10-11 01:26:11.467 [uncertain.proc] [CONFIG] [action] InitService
2018-10-11 01:26:11.468 [uncertain.proc] [CONFIG] [action] ParseParameter
2018-10-11 01:26:11.468 [uncertain.proc] [CONFIG] [action] CreateModel
2018-10-11 01:26:11.468 [aurora.database] [CONFIG] ===================================== prepare to run model-query bgt.BGT3100.bgt_journal_query_headers==============================
2018-10-11 01:26:11.501 [uncertain.proc] [CONFIG] [action] DecideSqlGenerationMode
2018-10-11 01:26:11.501 [uncertain.proc] [FINE] aurora.database.service.BusinessModelService.onDecideSqlGenerationMode
2018-10-11 01:26:11.501 [uncertain.proc] [CONFIG] [action] CreatequeryStatement
2018-10-11 01:26:11.501 [uncertain.proc] [FINE] aurora.bm.QuerySqlCreator.onCreateQueryStatement
2018-10-11 01:26:11.509 [uncertain.proc] [CONFIG] [action] PopulatequeryStatement
2018-10-11 01:26:11.509 [uncertain.proc] [FINE] aurora.database.features.OrderByClauseCreator.onPopulateQueryStatement
2018-10-11 01:26:11.509 [uncertain.proc] [FINE] aurora.database.features.WhereClauseCreator.onPopulateQueryStatement
2018-10-11 01:26:11.509 [uncertain.proc] [CONFIG] [action] CreatequerySql
2018-10-11 01:26:11.509 [uncertain.proc] [FINE] aurora.bm.QuerySqlCreator.onCreateQuerySql
2018-10-11 01:26:11.509 [uncertain.proc] [CONFIG] [action] ExecuteQuery
2018-10-11 01:26:11.509 [uncertain.proc] [FINE] aurora.bm.QuerySqlCreator.onExecuteQuery
2018-10-11 01:26:11.555 [uncertain.proc] [CONFIG] [action] QueryFinish
2018-10-11 01:26:11.555 [uncertain.proc] [FINE] aurora.database.features.AutoQueryCounter.onQueryFinish
2018-10-11 01:26:11.556 [uncertain.proc] [CONFIG] [action] FetchResultSet
2018-10-11 01:26:11.556 [uncertain.proc] [FINE] aurora.database.features.CacheBasedLookUpField.postFetchResultSet
2018-10-11 01:26:11.560 [aurora.database] [CONFIG] 
============= BEGIN [query] SQL Statement execution dump ============
SELECT t1.JOURNAL_HEADER_ID,t1.COMPANY_ID,t1.OPERATION_UNIT_ID,t1.BGT_ORG_ID,t1.BUDGET_STRUCTURE_ID,t1.BUDGET_JOURNAL_NUMBER,t1.PERIOD_YEAR,t1.PERIOD_QUARTER,t1.PERIOD_NAME,t1.BGT_PERIOD_NUM,t1.JOURNAL_HEADER_NOTES,t1.SCENARIO_ID,t1.VERSION_ID,t1.STATUS,t1.REVERSED_FLAG,t1.SOURCE_BUDGET_HEADER_ID,t1.APPROVED_DATE,t1.APPROVED_BY,t1.POSTED_DATE,t1.POSTED_BY,t1.SOURCE_TYPE,(select description_text from  fnd_descriptions fd where fd.description_id=fo.description_id and fd.language=?) AS operation_unit_name,(select description_text from  fnd_descriptions fd where fd.description_id=bv.description_id and fd.language=?) AS version_name,(select description_text from  fnd_descriptions fd where fd.description_id=bs.description_id and fd.language=?) AS scenario_name,(SELECT SCV.CODE_VALUE_NAME          FROM SYS_CODES SC,                 SYS_CODE_VALUES_VL SCV              WHERE SC.CODE_ID = SCV.CODE_ID              AND SC.CODE ='BUDGET_PERIOD'              AND SC.ENABLED_FLAG='Y'              AND SCV.ENABLED_FLAG ='Y'               and bbs.PERIOD_STRATEGY = SCV.CODE_VALUE ) AS period_strategy_name,(SELECT SCV.CODE_VALUE_NAME          FROM SYS_CODES SC,                 SYS_CODE_VALUES_VL SCV              WHERE SC.CODE_ID = SCV.CODE_ID              AND SC.CODE ='CSH_REVERSE_SELECT'              AND SC.ENABLED_FLAG='Y'              AND SCV.ENABLED_FLAG ='Y'               and nvl(t1.REVERSED_FLAG,'N') = SCV.CODE_VALUE) AS reversed_status,(select description from BGT_PERIOD_SETS_VL vv where vv.bgt_period_set_code=bbs.period_set_code         and vv.bgt_org_id=bbs.bgt_org_id) AS period_set_name,t1.BGT_JOURNAL_TYPE_ID,(select bjt.description from bgt_journal_types_vl bjt where bjt.bgt_journal_type_id = t1.bgt_journal_type_id) AS bgt_jour_type_desc,(select ee.employee_code || ' - ' ||name from exp_employees ee where ee.employee_id=t1.employee_id) AS employee_name,(select eop.description from exp_org_position_vl eop where eop.position_id=t1.position_id) AS position_display,t1.CREATION_DATE AS create_date_display,(select sum(bjl.amount)                          from bgt_journal_lines bjl                         where bjl.journal_header_id = t1.journal_header_id) AS sum_amount,bbs.DESCRIPTION AS budget_structures_desc,bbs.PERIOD_SET_CODE,bbs.BGT_ORG_ID AS bbs_bgt_org_id,bbs.PERIOD_STRATEGY,fo.description_id AS fo_description_id,bv.description_id AS bv_description_id,bs.description_id
FROM BGT_JOURNAL_HEADERS t1
	LEFT OUTER JOIN BGT_BUDGET_STRUCTURES_VL bbs ON t1.BUDGET_STRUCTURE_ID = bbs.BUDGET_STRUCTURE_ID
	LEFT OUTER JOIN fnd_operation_units fo ON t1.OPERATION_UNIT_ID = fo.operation_unit_id
	LEFT OUTER JOIN BGT_VERSIONS bv ON t1.VERSION_ID = bv.VERSION_ID
	LEFT OUTER JOIN BGT_SCENARIOS bs ON t1.SCENARIO_ID = bs.scenario_id
WHERE t1.journal_header_id=? AND t1.journal_header_id=?
---------------------Binding info---------------------
No.1	Access path:/session/@lang	Data type of passed value :java.lang.String	Value:ZHS	Output:false	Database Type:null	
No.2	Access path:/session/@lang	Data type of passed value :java.lang.String	Value:ZHS	Output:false	Database Type:null	
No.3	Access path:/session/@lang	Data type of passed value :java.lang.String	Value:ZHS	Output:false	Database Type:null	
No.4	Access path:/parameter/@journal_header_id	Data type of passed value :java.lang.String	Value:624	Output:false	Database Type:null	
No.5	Access path:@journal_header_id	Data type of passed value :java.lang.String	Value:624	Output:false	Database Type:null	

=============== END [query] SQL Statement execution dump ============

2018-10-11 01:26:11.560 [aurora.database] [CONFIG] ===================================== prepare to run model-query fnd.fnd_companies_vl==============================
2018-10-11 01:26:11.563 [uncertain.proc] [CONFIG] [action] DecideSqlGenerationMode
2018-10-11 01:26:11.563 [uncertain.proc] [FINE] aurora.database.service.BusinessModelService.onDecideSqlGenerationMode
2018-10-11 01:26:11.563 [uncertain.proc] [CONFIG] [action] CreatequeryStatement
2018-10-11 01:26:11.563 [uncertain.proc] [FINE] aurora.bm.QuerySqlCreator.onCreateQueryStatement
2018-10-11 01:26:11.563 [uncertain.proc] [CONFIG] [action] PopulatequeryStatement
2018-10-11 01:26:11.563 [uncertain.proc] [FINE] aurora.database.features.OrderByClauseCreator.onPopulateQueryStatement
2018-10-11 01:26:11.563 [uncertain.proc] [FINE] aurora.database.features.WhereClauseCreator.onPopulateQueryStatement
2018-10-11 01:26:11.563 [uncertain.proc] [CONFIG] [action] CreatequerySql
2018-10-11 01:26:11.563 [uncertain.proc] [FINE] aurora.bm.QuerySqlCreator.onCreateQuerySql
2018-10-11 01:26:11.563 [uncertain.proc] [CONFIG] [action] ExecuteQuery
2018-10-11 01:26:11.563 [uncertain.proc] [FINE] aurora.bm.QuerySqlCreator.onExecuteQuery
2018-10-11 01:26:11.568 [uncertain.proc] [CONFIG] [action] QueryFinish
2018-10-11 01:26:11.568 [uncertain.proc] [FINE] aurora.database.features.AutoQueryCounter.onQueryFinish
2018-10-11 01:26:11.568 [uncertain.proc] [CONFIG] [action] FetchResultSet
2018-10-11 01:26:11.568 [uncertain.proc] [FINE] aurora.database.features.CacheBasedLookUpField.postFetchResultSet
2018-10-11 01:26:11.568 [aurora.database] [CONFIG] 
============= BEGIN [query] SQL Statement execution dump ============
SELECT t1.COMPANY_ID,t1.COMPANY_CODE,t1.COMPANY_SHORT_NAME,t1.COMPANY_FULL_NAME,t1.COMPANY_TYPE,t1.SET_OF_BOOKS_ID,t1.COMPANY_LEVEL_ID,t1.CHIEF_POSITION_ID,t1.PARENT_COMPANY_ID,t1.ADDRESS,t1.START_DATE_ACTIVE,t1.END_DATE_ACTIVE,company_code||'-'||company_short_name AS code_name
FROM FND_COMPANIES_VL t1
WHERE ((sysdate between t1.start_date_active and t1.end_date_active ) or t1.end_date_active is null) and t1.company_type =1  and   exists (select com.set_of_books_id  from fnd_companies_vl com  where com.set_of_books_id =t1.set_of_books_id  and  com.company_id = ?)
ORDER BY company_code
---------------------Binding info---------------------
No.1	Access path:/session/@company_id	Data type of passed value :java.lang.String	Value:835	Output:false	Database Type:null	

=============== END [query] SQL Statement execution dump ============

2018-10-11 01:26:11.568 [aurora.database] [CONFIG] ===================================== prepare to run model-query gld.gld_exchangerate_types==============================
2018-10-11 01:26:11.572 [uncertain.proc] [CONFIG] [action] DecideSqlGenerationMode
2018-10-11 01:26:11.572 [uncertain.proc] [FINE] aurora.database.service.BusinessModelService.onDecideSqlGenerationMode
2018-10-11 01:26:11.572 [uncertain.proc] [CONFIG] [action] CreatequeryStatement
2018-10-11 01:26:11.572 [uncertain.proc] [FINE] aurora.bm.QuerySqlCreator.onCreateQueryStatement
2018-10-11 01:26:11.572 [uncertain.proc] [CONFIG] [action] PopulatequeryStatement
2018-10-11 01:26:11.572 [uncertain.proc] [FINE] aurora.database.features.OrderByClauseCreator.onPopulateQueryStatement
2018-10-11 01:26:11.572 [uncertain.proc] [FINE] aurora.database.features.WhereClauseCreator.onPopulateQueryStatement
2018-10-11 01:26:11.572 [uncertain.proc] [CONFIG] [action] CreatequerySql
2018-10-11 01:26:11.572 [uncertain.proc] [FINE] aurora.bm.QuerySqlCreator.onCreateQuerySql
2018-10-11 01:26:11.572 [uncertain.proc] [CONFIG] [action] ExecuteQuery
2018-10-11 01:26:11.572 [uncertain.proc] [FINE] aurora.bm.QuerySqlCreator.onExecuteQuery
2018-10-11 01:26:11.572 [uncertain.proc] [CONFIG] [action] QueryFinish
2018-10-11 01:26:11.572 [uncertain.proc] [FINE] aurora.database.features.AutoQueryCounter.onQueryFinish
2018-10-11 01:26:11.572 [uncertain.proc] [CONFIG] [action] FetchResultSet
2018-10-11 01:26:11.573 [uncertain.proc] [FINE] aurora.database.features.CacheBasedLookUpField.postFetchResultSet
2018-10-11 01:26:11.573 [aurora.database] [CONFIG] 
============= BEGIN [query] SQL Statement execution dump ============
SELECT ge.type_code,ge.rate_method_code,ge.rate_method_code AS rate_method_code_display,ge.enabled_flag,ge.type_name_id,(select DESCRIPTION_TEXT from fnd_descriptions where DESCRIPTION_ID=ge.type_name_id and Language=?) AS type_name
FROM GLD_EXCHANGERATE_TYPES ge
WHERE  ge.ENABLED_FLAG ='Y' 
---------------------Binding info---------------------
No.1	Access path:/session/@lang	Data type of passed value :java.lang.String	Value:ZHS	Output:false	Database Type:null	

=============== END [query] SQL Statement execution dump ============

2018-10-11 01:26:11.573 [aurora.database] [CONFIG] ===================================== prepare to run model-query sys.sys_code_values_v==============================
2018-10-11 01:26:11.575 [uncertain.proc] [CONFIG] [action] DecideSqlGenerationMode
2018-10-11 01:26:11.575 [uncertain.proc] [FINE] aurora.database.service.BusinessModelService.onDecideSqlGenerationMode
2018-10-11 01:26:11.575 [uncertain.proc] [CONFIG] [action] CreatequeryStatement
2018-10-11 01:26:11.575 [uncertain.proc] [FINE] aurora.bm.QuerySqlCreator.onCreateQueryStatement
2018-10-11 01:26:11.575 [uncertain.proc] [CONFIG] [action] PopulatequeryStatement
2018-10-11 01:26:11.575 [uncertain.proc] [FINE] aurora.database.features.OrderByClauseCreator.onPopulateQueryStatement
2018-10-11 01:26:11.575 [uncertain.proc] [FINE] aurora.database.features.WhereClauseCreator.onPopulateQueryStatement
2018-10-11 01:26:11.575 [uncertain.proc] [CONFIG] [action] CreatequerySql
2018-10-11 01:26:11.575 [uncertain.proc] [FINE] aurora.bm.QuerySqlCreator.onCreateQuerySql
2018-10-11 01:26:11.575 [uncertain.proc] [CONFIG] [action] ExecuteQuery
2018-10-11 01:26:11.575 [uncertain.proc] [FINE] aurora.bm.QuerySqlCreator.onExecuteQuery
2018-10-11 01:26:11.576 [uncertain.proc] [CONFIG] [action] QueryFinish
2018-10-11 01:26:11.576 [uncertain.proc] [FINE] aurora.database.features.AutoQueryCounter.onQueryFinish
2018-10-11 01:26:11.576 [uncertain.proc] [CONFIG] [action] FetchResultSet
2018-10-11 01:26:11.576 [uncertain.proc] [FINE] aurora.database.features.CacheBasedLookUpField.postFetchResultSet
2018-10-11 01:26:11.576 [aurora.database] [CONFIG] 
============= BEGIN [query] SQL Statement execution dump ============
SELECT t.code,t.code_value,t.code_value_name,t.code_value_id
FROM sys_code_values_v t
WHERE t.code ='EXCHANGE_RATE_QUOTATION' 
---------------------Binding info---------------------
null
=============== END [query] SQL Statement execution dump ============

2018-10-11 01:26:11.576 [aurora.database] [CONFIG] ===================================== prepare to run model-query gld.gld_set_of_books==============================
2018-10-11 01:26:11.579 [uncertain.proc] [CONFIG] [action] DecideSqlGenerationMode
2018-10-11 01:26:11.579 [uncertain.proc] [FINE] aurora.database.service.BusinessModelService.onDecideSqlGenerationMode
2018-10-11 01:26:11.579 [uncertain.proc] [CONFIG] [action] CreatequeryStatement
2018-10-11 01:26:11.579 [uncertain.proc] [FINE] aurora.bm.QuerySqlCreator.onCreateQueryStatement
2018-10-11 01:26:11.579 [uncertain.proc] [CONFIG] [action] PopulatequeryStatement
2018-10-11 01:26:11.579 [uncertain.proc] [FINE] aurora.database.features.OrderByClauseCreator.onPopulateQueryStatement
2018-10-11 01:26:11.579 [uncertain.proc] [FINE] aurora.database.features.WhereClauseCreator.onPopulateQueryStatement
2018-10-11 01:26:11.579 [uncertain.proc] [CONFIG] [action] CreatequerySql
2018-10-11 01:26:11.579 [uncertain.proc] [FINE] aurora.bm.QuerySqlCreator.onCreateQuerySql
2018-10-11 01:26:11.579 [uncertain.proc] [CONFIG] [action] ExecuteQuery
2018-10-11 01:26:11.579 [uncertain.proc] [FINE] aurora.bm.QuerySqlCreator.onExecuteQuery
2018-10-11 01:26:11.580 [uncertain.proc] [CONFIG] [action] QueryFinish
2018-10-11 01:26:11.580 [uncertain.proc] [FINE] aurora.database.features.AutoQueryCounter.onQueryFinish
2018-10-11 01:26:11.580 [uncertain.proc] [CONFIG] [action] FetchResultSet
2018-10-11 01:26:11.580 [uncertain.proc] [FINE] aurora.database.features.CacheBasedLookUpField.postFetchResultSet
2018-10-11 01:26:11.580 [aurora.database] [CONFIG] 
============= BEGIN [query] SQL Statement execution dump ============
SELECT sob.set_of_books_id,sob.set_of_books_name_id,(select DESCRIPTION_TEXT from fnd_descriptions where DESCRIPTION_ID=sob.set_of_books_name_id and Language=?) AS set_of_books_name,sob.set_of_books_code,sob.period_set_code,(select description_text from fnd_descriptions fn,gld_period_sets gps where fn.description_id=gps.period_set_name_id and gps.period_set_code = sob.period_set_code and language=?) AS period_set_name,sob.functional_currency_code,(select description_text from fnd_descriptions fn,gld_currency gc where fn.description_id=gc.currency_name_id and gc.currency_code = sob.functional_currency_code and language=?) AS currency_name,sob.account_set_id,(select description_text from fnd_descriptions fn,gld_account_sets gas where fn.description_id=gas.account_set_name_id and gas.account_set_id = sob.account_set_id and language=?) AS account_set_name,sob.enabled_flag,sob.main_set_flag,(sob.set_of_books_code || '-' || (select fd.description_text from fnd_descriptions fd where sob.set_of_books_name_id=fd.description_id and fd.language=?)) AS set_of_books_name_display
FROM gld_set_of_books sob
WHERE sob.SET_OF_BOOKS_ID = (select fnd.set_of_books_id  from fnd_companies fnd where fnd.company_id = ? )
ORDER BY set_of_books_code
---------------------Binding info---------------------
No.1	Access path:/session/@lang	Data type of passed value :java.lang.String	Value:ZHS	Output:false	Database Type:null	
No.2	Access path:/session/@lang	Data type of passed value :java.lang.String	Value:ZHS	Output:false	Database Type:null	
No.3	Access path:/session/@lang	Data type of passed value :java.lang.String	Value:ZHS	Output:false	Database Type:null	
No.4	Access path:/session/@lang	Data type of passed value :java.lang.String	Value:ZHS	Output:false	Database Type:null	
No.5	Access path:/session/@lang	Data type of passed value :java.lang.String	Value:ZHS	Output:false	Database Type:null	
No.6	Access path:/session/@company_id	Data type of passed value :java.lang.String	Value:835	Output:false	Database Type:null	

=============== END [query] SQL Statement execution dump ============

2018-10-11 01:26:11.580 [aurora.database] [CONFIG] ===================================== prepare to run model-query bgt.bgt_journal_update_dimension==============================
2018-10-11 01:26:11.582 [uncertain.proc] [CONFIG] [action] DecideSqlGenerationMode
2018-10-11 01:26:11.582 [uncertain.proc] [FINE] aurora.database.service.BusinessModelService.onDecideSqlGenerationMode
2018-10-11 01:26:11.582 [uncertain.proc] [CONFIG] [action] CreateOperationSql
2018-10-11 01:26:11.582 [uncertain.proc] [CONFIG] [action] PopulateOperationSql
2018-10-11 01:26:11.582 [uncertain.proc] [FINE] aurora.database.features.OrderByClauseCreator.onPopulateOperationSql
2018-10-11 01:26:11.582 [uncertain.proc] [FINE] aurora.database.features.WhereClauseCreator.onPopulateOperationSql
2018-10-11 01:26:11.582 [uncertain.proc] [CONFIG] [action] ExecuteQuery
2018-10-11 01:26:11.582 [uncertain.proc] [FINE] aurora.bm.QuerySqlCreator.onExecuteQuery
2018-10-11 01:26:11.583 [uncertain.proc] [CONFIG] [action] QueryFinish
2018-10-11 01:26:11.583 [uncertain.proc] [FINE] aurora.database.features.AutoQueryCounter.onQueryFinish
2018-10-11 01:26:11.583 [uncertain.proc] [CONFIG] [action] FetchResultSet
2018-10-11 01:26:11.583 [uncertain.proc] [FINE] aurora.database.features.CacheBasedLookUpField.postFetchResultSet
2018-10-11 01:26:11.583 [aurora.database] [CONFIG] 
============= BEGIN [query] SQL Statement execution dump ============

            select v.*,
       (select fdv.description
          from fnd_dimension_values_vl fdv where fdv.dimension_value_id = v.default_dim_value_id) as value_description
  from (select fv.description,
               fv.dimension_id,
               fv.dimension_sequence,
               'd' || fv.dimension_sequence dimension_code,
               'e' || fv.dimension_sequence dimension_codee,
               bgt_journal_dimension_pkg.get_dimension_value((select journal_line_id
                                                               from bgt_journal_lines
                                                              where journal_header_id = ?
                                                                and rownum = 1),
                                                             fv.dimension_sequence) default_dim_value_id
          from fnd_dimensions_vl fv
         where fv.dimension_id in
               (select layout.dimension_id
                  from bgt_budget_strc_layouts layout
                 where layout.layout_position = 'DOCUMENTS_HEAD'
                   and layout.budget_structure_id =
                       (select budget_structure_id
                          from bgt_journal_headers
                         where journal_header_id = ?))) v
			  
		 ORDER BY dimension_code
		 
---------------------Binding info---------------------
No.1	Access path:@journal_header_id	Data type of passed value :java.lang.String	Value:624	Output:false	Database Type:null	
No.2	Access path:@journal_header_id	Data type of passed value :java.lang.String	Value:624	Output:false	Database Type:null	

=============== END [query] SQL Statement execution dump ============

2018-10-11 01:26:11.583 [aurora.database] [CONFIG] ===================================== prepare to run model-query bgt.bgt_journal_update_dimension_line==============================
2018-10-11 01:26:11.586 [uncertain.proc] [CONFIG] [action] DecideSqlGenerationMode
2018-10-11 01:26:11.586 [uncertain.proc] [FINE] aurora.database.service.BusinessModelService.onDecideSqlGenerationMode
2018-10-11 01:26:11.586 [uncertain.proc] [CONFIG] [action] CreateOperationSql
2018-10-11 01:26:11.586 [uncertain.proc] [CONFIG] [action] PopulateOperationSql
2018-10-11 01:26:11.586 [uncertain.proc] [FINE] aurora.database.features.OrderByClauseCreator.onPopulateOperationSql
2018-10-11 01:26:11.586 [uncertain.proc] [FINE] aurora.database.features.WhereClauseCreator.onPopulateOperationSql
2018-10-11 01:26:11.586 [uncertain.proc] [CONFIG] [action] ExecuteQuery
2018-10-11 01:26:11.586 [uncertain.proc] [FINE] aurora.bm.QuerySqlCreator.onExecuteQuery
2018-10-11 01:26:11.627 [uncertain.proc] [CONFIG] [action] QueryFinish
2018-10-11 01:26:11.627 [uncertain.proc] [FINE] aurora.database.features.AutoQueryCounter.onQueryFinish
2018-10-11 01:26:11.627 [uncertain.proc] [CONFIG] [action] FetchResultSet
2018-10-11 01:26:11.627 [uncertain.proc] [FINE] aurora.database.features.CacheBasedLookUpField.postFetchResultSet
2018-10-11 01:26:11.627 [aurora.database] [CONFIG] 
============= BEGIN [query] SQL Statement execution dump ============

            select *
		  from (select er.budget_structure_id,
					   fv.description,
					   fv.dimension_id,
					   'd' || fv.dimension_sequence dimension_code,
					   'e' || fv.dimension_sequence dimension_codeE,
					   fdv.dimension_value_code,
					   fdv.description value_description,
					   er.default_dim_value_id,
					   er.layout_priority
				  from bgt_budget_strc_layouts er,
					   (select fdv.dimension_id,
							   fdv.dimension_value_id,
							   fdv.dimension_value_code,
							   fdv.description
						  from fnd_dimension_values_v fdv
						 group by fdv.dimension_id,
								  fdv.dimension_value_id,
								  fdv.dimension_value_code,
								  fdv.description) fdv,
					   fnd_dimensions_vl fv,
					   bgt_journal_headers bjh
				 where er.dimension_id = fv.dimension_id(+)
				   and er.default_dim_value_id = fdv.dimension_value_id(+)
				   and er.dimension_id = fdv.dimension_id(+)
				   and er.layout_position = 'DOCUMENTS_LINE'
				   and bjh.budget_structure_id = er.budget_structure_id
				   and bjh.journal_header_id = ?) v 
			  
		 ORDER BY layout_priority
		 
---------------------Binding info---------------------
No.1	Access path:@journal_header_id	Data type of passed value :java.lang.String	Value:624	Output:false	Database Type:null	

=============== END [query] SQL Statement execution dump ============

2018-10-11 01:26:11.627 [aurora.database] [CONFIG] ===================================== prepare to run model-query bgt.BGT5120.bgt_jour_head_object==============================
2018-10-11 01:26:11.630 [uncertain.proc] [CONFIG] [action] DecideSqlGenerationMode
2018-10-11 01:26:11.630 [uncertain.proc] [FINE] aurora.database.service.BusinessModelService.onDecideSqlGenerationMode
2018-10-11 01:26:11.630 [uncertain.proc] [CONFIG] [action] CreateOperationSql
2018-10-11 01:26:11.630 [uncertain.proc] [CONFIG] [action] PopulateOperationSql
2018-10-11 01:26:11.630 [uncertain.proc] [FINE] aurora.database.features.OrderByClauseCreator.onPopulateOperationSql
2018-10-11 01:26:11.630 [uncertain.proc] [FINE] aurora.database.features.WhereClauseCreator.onPopulateOperationSql
2018-10-11 01:26:11.630 [uncertain.proc] [CONFIG] [action] ExecuteQuery
2018-10-11 01:26:11.630 [uncertain.proc] [FINE] aurora.bm.QuerySqlCreator.onExecuteQuery
2018-10-11 01:26:11.631 [uncertain.proc] [CONFIG] [action] QueryFinish
2018-10-11 01:26:11.631 [uncertain.proc] [FINE] aurora.database.features.AutoQueryCounter.onQueryFinish
2018-10-11 01:26:11.631 [uncertain.proc] [CONFIG] [action] FetchResultSet
2018-10-11 01:26:11.631 [uncertain.proc] [FINE] aurora.database.features.CacheBasedLookUpField.postFetchResultSet
2018-10-11 01:26:11.631 [aurora.database] [CONFIG] 
============= BEGIN [query] SQL Statement execution dump ============
   
				select *
				  from (select t.expense_object_type_id,
							   t.layout_position,
							   t.layout_priority,
							   t.default_object_id,							   
							   exp_sob_report_types_pkg.get_sob_object_code(t.expense_object_type_id,
																			t.default_object_id) default_object_code,
							   exp_sob_report_types_pkg.get_sob_object_description(t.expense_object_type_id,
																				   t.default_object_id) default_object_desc,							   
							   '^#' || v.expense_object_type_id as expense_object_type_code,
							   v.description,
							   v.expense_object_method,
							   '#' || t.expense_object_type_id forname,
							   decode(t.required_flag,
									  'Y',
									  'true',
									  null) required_flag,
							   decode(v.expense_object_method,
									  'DESC_TEXT',
									  'textfield',
									  'lov') eom
						  from bgt_jour_ref_object_types t,
							   exp_sob_expense_object_vl v
						 where t.expense_object_type_id = v.expense_object_type_id
						   and t.bgt_journal_type_id = ?
						   and v.enabled_flag = 'Y'
						   and t.layout_position = 'DOCUMENTS_HEAD'
						union all
						select bol.expense_object_type_id,
							   bol.layout_position,
							   bol.layout_priority,
							   bro.expense_object_id default_object_id,
							   exp_sob_report_types_pkg.get_sob_object_code(bol.expense_object_type_id,
																			bro.expense_object_id) default_object_code,
							   nvl(exp_sob_report_types_pkg.get_sob_object_description(bol.expense_object_type_id,
																					   bro.expense_object_id),
								   bro.expense_object_desc) default_object_desc,
							   
							   '^#' || v.expense_object_type_id as expense_object_type_code,
							   v.description,
							   v.expense_object_method,
							   '#' || bol.expense_object_type_id forname,
							   decode(brot.required_flag,
									  'Y',
									  'true',
									  null) required_flag,
							   '' eom
						  from bgt_jour_object_layouts   bol,
							   bgt_journal_objects       bro,
							   exp_sob_expense_object_vl v,
							   bgt_jour_ref_object_types brot,
							   bgt_journal_headers       bjh
						 where bol.journal_header_id = ?
						   and bol.journal_header_id = bjh.journal_header_id
						   and bol.layout_position = 'DOCUMENTS_HEAD'
						   and bol.journal_header_id = bro.journal_header_id
						   and brot.expense_object_type_id = bro.expense_object_type_id
						   and brot.bgt_journal_type_id = bjh.bgt_journal_type_id
						   and bol.expense_object_type_id = bro.expense_object_type_id
						   and bro.journal_line_id is null
						   and bol.expense_object_type_id = v.expense_object_type_id) t
				 order by t.layout_priority
			
---------------------Binding info---------------------
No.1	Access path:/parameter/@bgt_journal_type_id	Data type of passed value :[null]	Value:null	Output:false	Database Type:null	
No.2	Access path:/parameter/@journal_header_id	Data type of passed value :java.lang.String	Value:624	Output:false	Database Type:null	

=============== END [query] SQL Statement execution dump ============

2018-10-11 01:26:11.631 [aurora.database] [CONFIG] ===================================== prepare to run model-query bgt.BGT5120.bgt_jour_line_object==============================
2018-10-11 01:26:11.633 [uncertain.proc] [CONFIG] [action] DecideSqlGenerationMode
2018-10-11 01:26:11.633 [uncertain.proc] [FINE] aurora.database.service.BusinessModelService.onDecideSqlGenerationMode
2018-10-11 01:26:11.633 [uncertain.proc] [CONFIG] [action] CreateOperationSql
2018-10-11 01:26:11.633 [uncertain.proc] [CONFIG] [action] PopulateOperationSql
2018-10-11 01:26:11.633 [uncertain.proc] [FINE] aurora.database.features.OrderByClauseCreator.onPopulateOperationSql
2018-10-11 01:26:11.633 [uncertain.proc] [FINE] aurora.database.features.WhereClauseCreator.onPopulateOperationSql
2018-10-11 01:26:11.633 [uncertain.proc] [CONFIG] [action] ExecuteQuery
2018-10-11 01:26:11.633 [uncertain.proc] [FINE] aurora.bm.QuerySqlCreator.onExecuteQuery
2018-10-11 01:26:11.634 [uncertain.proc] [CONFIG] [action] QueryFinish
2018-10-11 01:26:11.634 [uncertain.proc] [FINE] aurora.database.features.AutoQueryCounter.onQueryFinish
2018-10-11 01:26:11.634 [uncertain.proc] [CONFIG] [action] FetchResultSet
2018-10-11 01:26:11.634 [uncertain.proc] [FINE] aurora.database.features.CacheBasedLookUpField.postFetchResultSet
2018-10-11 01:26:11.634 [aurora.database] [CONFIG] 
============= BEGIN [query] SQL Statement execution dump ============
		
				select *
				  from (select t.expense_object_type_id,
							   t.default_object_id,
							   '#' || t.expense_object_type_id forname,
							   exp_sob_report_types_pkg.get_sob_object_code(t.expense_object_type_id,
																			t.default_object_id) default_object_code,
							   exp_sob_report_types_pkg.get_sob_object_description(t.expense_object_type_id,
																				   t.default_object_id) default_object_desc,
							   '^#' || v.expense_object_type_id as expense_object_type_code,
							   v.description,
							   v.expense_object_method,
							   decode(v.expense_object_method,
									  'DESC_TEXT',
									  'textfield',
									  'lov') eom,
							   decode(t.required_flag,
									  'Y',
									  'true',
									  null) required_flag,
							   t.layout_priority
						  from bgt_jour_ref_object_types t,
							   exp_sob_expense_object_vl v
						 where t.expense_object_type_id = v.expense_object_type_id
						   and t.bgt_journal_type_id = ?
						   and v.enabled_flag = 'Y'
						   and t.layout_position = 'DOCUMENTS_LINE'
						union all
						select bol.expense_object_type_id,
							   bol.default_object_id,
							   '#' || bol.expense_object_type_id forname,
							   exp_sob_report_types_pkg.get_sob_object_code(bol.expense_object_type_id,
																			bol.default_object_id) default_object_code,
							   exp_sob_report_types_pkg.get_sob_object_description(bol.expense_object_type_id,
																				   bol.default_object_id) default_object_desc,
							   '^#' || eot.expense_object_type_id as expense_object_type_code,
							   eot.description,
							   eot.expense_object_method,
							   decode(eot.expense_object_method,
									  'DESC_TEXT',
									  'textfield',
									  'lov') eom,
							   decode(brot.required_flag,
									  'Y',
									  'true',
									  null) required_flag,
							   bol.layout_priority
						  from bgt_jour_object_layouts   bol,
							   bgt_jour_ref_object_types brot,
							   exp_sob_expense_object_vl eot,
							   bgt_journal_headers       bjh
						 where bol.journal_header_id = ?
						   and bol.journal_header_id = bjh.journal_header_id
						   and bol.layout_position = 'DOCUMENTS_LINE'
						   and bol.expense_object_type_id = eot.expense_object_type_id
						   and brot.expense_object_type_id = bol.expense_object_type_id
						   and brot.bgt_journal_type_id = bjh.bgt_journal_type_id) v
				 order by v.layout_priority		             
		
---------------------Binding info---------------------
No.1	Access path:@bgt_journal_type_id	Data type of passed value :[null]	Value:null	Output:false	Database Type:null	
No.2	Access path:/parameter/@journal_header_id	Data type of passed value :java.lang.String	Value:624	Output:false	Database Type:null	

=============== END [query] SQL Statement execution dump ============

2018-10-11 01:26:11.634 [aurora.database] [CONFIG] ===================================== prepare to run model-query fnd.fnd_uom_codes==============================
2018-10-11 01:26:11.637 [uncertain.proc] [CONFIG] [action] DecideSqlGenerationMode
2018-10-11 01:26:11.637 [uncertain.proc] [FINE] aurora.database.service.BusinessModelService.onDecideSqlGenerationMode
2018-10-11 01:26:11.637 [uncertain.proc] [CONFIG] [action] CreatequeryStatement
2018-10-11 01:26:11.637 [uncertain.proc] [FINE] aurora.bm.QuerySqlCreator.onCreateQueryStatement
2018-10-11 01:26:11.637 [uncertain.proc] [CONFIG] [action] PopulatequeryStatement
2018-10-11 01:26:11.637 [uncertain.proc] [FINE] aurora.database.features.OrderByClauseCreator.onPopulateQueryStatement
2018-10-11 01:26:11.637 [uncertain.proc] [FINE] aurora.database.features.WhereClauseCreator.onPopulateQueryStatement
2018-10-11 01:26:11.637 [uncertain.proc] [CONFIG] [action] CreatequerySql
2018-10-11 01:26:11.637 [uncertain.proc] [FINE] aurora.bm.QuerySqlCreator.onCreateQuerySql
2018-10-11 01:26:11.637 [uncertain.proc] [CONFIG] [action] ExecuteQuery
2018-10-11 01:26:11.637 [uncertain.proc] [FINE] aurora.bm.QuerySqlCreator.onExecuteQuery
2018-10-11 01:26:11.638 [uncertain.proc] [CONFIG] [action] QueryFinish
2018-10-11 01:26:11.638 [uncertain.proc] [FINE] aurora.database.features.AutoQueryCounter.onQueryFinish
2018-10-11 01:26:11.638 [uncertain.proc] [CONFIG] [action] FetchResultSet
2018-10-11 01:26:11.638 [uncertain.proc] [FINE] aurora.database.features.CacheBasedLookUpField.postFetchResultSet
2018-10-11 01:26:11.638 [aurora.database] [CONFIG] 
============= BEGIN [query] SQL Statement execution dump ============
SELECT fc.uom_code,fc.uom_type_code,fc.description_id,(select DESCRIPTION_TEXT from fnd_descriptions where DESCRIPTION_ID=fc.description_id and Language=?) AS uom_name
FROM fnd_uom_codes fc

ORDER BY uom_code
---------------------Binding info---------------------
No.1	Access path:/session/@lang	Data type of passed value :java.lang.String	Value:ZHS	Output:false	Database Type:null	

=============== END [query] SQL Statement execution dump ============

2018-10-11 01:26:11.638 [aurora.database] [CONFIG] ===================================== prepare to run model-query gld.gld_currency_vl==============================
2018-10-11 01:26:11.641 [uncertain.proc] [CONFIG] [action] DecideSqlGenerationMode
2018-10-11 01:26:11.641 [uncertain.proc] [FINE] aurora.database.service.BusinessModelService.onDecideSqlGenerationMode
2018-10-11 01:26:11.641 [uncertain.proc] [CONFIG] [action] CreatequeryStatement
2018-10-11 01:26:11.641 [uncertain.proc] [FINE] aurora.bm.QuerySqlCreator.onCreateQueryStatement
2018-10-11 01:26:11.641 [uncertain.proc] [CONFIG] [action] PopulatequeryStatement
2018-10-11 01:26:11.641 [uncertain.proc] [FINE] aurora.database.features.OrderByClauseCreator.onPopulateQueryStatement
2018-10-11 01:26:11.641 [uncertain.proc] [FINE] aurora.database.features.WhereClauseCreator.onPopulateQueryStatement
2018-10-11 01:26:11.641 [uncertain.proc] [CONFIG] [action] CreatequerySql
2018-10-11 01:26:11.641 [uncertain.proc] [FINE] aurora.bm.QuerySqlCreator.onCreateQuerySql
2018-10-11 01:26:11.641 [uncertain.proc] [CONFIG] [action] ExecuteQuery
2018-10-11 01:26:11.641 [uncertain.proc] [FINE] aurora.bm.QuerySqlCreator.onExecuteQuery
2018-10-11 01:26:11.642 [uncertain.proc] [CONFIG] [action] QueryFinish
2018-10-11 01:26:11.642 [uncertain.proc] [FINE] aurora.database.features.AutoQueryCounter.onQueryFinish
2018-10-11 01:26:11.642 [uncertain.proc] [CONFIG] [action] FetchResultSet
2018-10-11 01:26:11.642 [uncertain.proc] [FINE] aurora.database.features.CacheBasedLookUpField.postFetchResultSet
2018-10-11 01:26:11.642 [aurora.database] [CONFIG] 
============= BEGIN [query] SQL Statement execution dump ============
SELECT t1.ROW_ID,t1.CURRENCY_CODE,t1.ENABLED_FLAG,t1.CURRENCY_NAME,t1.COUNTRY_CODE,t1.PRECISION,t1.TRANSACTION_PRECISION,t1.CURRENCY_SYMBOL
FROM GLD_CURRENCY_VL t1
WHERE  t1.ENABLED_FLAG ='Y'
ORDER BY currency_code
---------------------Binding info---------------------
null
=============== END [query] SQL Statement execution dump ============

2018-10-11 01:26:11.642 [uncertain.proc] [CONFIG] [action] CreateView
2018-10-11 01:26:11.642 [uncertain.proc] [CONFIG] [action] BuildOutputContent
2018-10-11 01:26:11.642 [aurora.presentation.buildsession] [CONFIG] Start build session
2018-10-11 01:26:11.643 [aurora.presentation.buildsession] [CONFIG] building view: <html-page> -> aurora.presentation.component.HtmlPage@73ee618d
2018-10-11 01:26:11.643 [aurora.presentation.buildsession] [CONFIG] building view: <link> -> aurora.presentation.TemplateBasedView@3dda489e
2018-10-11 01:26:11.643 [aurora.presentation.buildsession] [CONFIG] building view: <link> -> aurora.presentation.TemplateBasedView@3dda489e
2018-10-11 01:26:11.643 [aurora.presentation.buildsession] [CONFIG] building view: <script> -> aurora.presentation.DefaultViewBuilder@35f5c5a3
2018-10-11 01:26:11.643 [aurora.presentation.buildsession] [CONFIG] building view: <dataSets> -> aurora.application.features.DataSetInit@1da0f31f
2018-10-11 01:26:11.644 [aurora.presentation.buildsession] [CONFIG] building view: <dataSet> -> aurora.presentation.TemplateBasedView@3dda489e
2018-10-11 01:26:11.644 [aurora.presentation.buildsession] [CONFIG] building view: <dataSet> -> aurora.presentation.TemplateBasedView@3dda489e
2018-10-11 01:26:11.644 [aurora.presentation.buildsession] [CONFIG] building view: <dataSet> -> aurora.presentation.TemplateBasedView@3dda489e
2018-10-11 01:26:11.644 [aurora.presentation.buildsession] [CONFIG] building view: <dataSet> -> aurora.presentation.TemplateBasedView@3dda489e
2018-10-11 01:26:11.645 [aurora.presentation.buildsession] [CONFIG] building view: <dataSet> -> aurora.presentation.TemplateBasedView@3dda489e
2018-10-11 01:26:11.646 [aurora.presentation.buildsession] [CONFIG] building view: <dataSet> -> aurora.presentation.TemplateBasedView@3dda489e
2018-10-11 01:26:11.646 [aurora.presentation.buildsession] [CONFIG] building view: <dataSet> -> aurora.presentation.TemplateBasedView@3dda489e
2018-10-11 01:26:11.647 [aurora.presentation.buildsession] [CONFIG] building view: <dataSet> -> aurora.presentation.TemplateBasedView@3dda489e
2018-10-11 01:26:11.648 [aurora.presentation.buildsession] [CONFIG] building view: <dataSet> -> aurora.presentation.TemplateBasedView@3dda489e
2018-10-11 01:26:11.649 [aurora.presentation.buildsession] [CONFIG] building view: <dataSet> -> aurora.presentation.TemplateBasedView@3dda489e
2018-10-11 01:26:11.649 [aurora.presentation.buildsession] [CONFIG] building view: <screenBody> -> aurora.presentation.component.std.ScreenBody@5e104263
2018-10-11 01:26:11.649 [aurora.presentation.buildsession] [CONFIG] building view: <screenTopToolbar> -> aurora.presentation.component.std.ScreenTopToolbar@80fe7f4
2018-10-11 01:26:11.649 [aurora.presentation.buildsession] [CONFIG] building view: <screenTitle> -> aurora.presentation.component.std.ScreenTitle@86d0d71
2018-10-11 01:26:11.652 [uncertain.proc] [CONFIG] [action] DecideSqlGenerationMode
2018-10-11 01:26:11.652 [uncertain.proc] [FINE] aurora.database.service.BusinessModelService.onDecideSqlGenerationMode
2018-10-11 01:26:11.652 [uncertain.proc] [CONFIG] [action] CreatequeryStatement
2018-10-11 01:26:11.652 [uncertain.proc] [FINE] aurora.bm.QuerySqlCreator.onCreateQueryStatement
2018-10-11 01:26:11.652 [uncertain.proc] [CONFIG] [action] PopulatequeryStatement
2018-10-11 01:26:11.652 [uncertain.proc] [FINE] aurora.database.features.OrderByClauseCreator.onPopulateQueryStatement
2018-10-11 01:26:11.652 [uncertain.proc] [FINE] aurora.database.features.WhereClauseCreator.onPopulateQueryStatement
2018-10-11 01:26:11.652 [uncertain.proc] [CONFIG] [action] CreatequerySql
2018-10-11 01:26:11.652 [uncertain.proc] [FINE] aurora.bm.QuerySqlCreator.onCreateQuerySql
2018-10-11 01:26:11.652 [uncertain.proc] [CONFIG] [action] ExecuteQuery
2018-10-11 01:26:11.652 [uncertain.proc] [FINE] aurora.bm.QuerySqlCreator.onExecuteQuery
2018-10-11 01:26:11.653 [uncertain.proc] [CONFIG] [action] QueryFinish
2018-10-11 01:26:11.653 [uncertain.proc] [FINE] aurora.database.features.AutoQueryCounter.onQueryFinish
2018-10-11 01:26:11.653 [uncertain.proc] [CONFIG] [action] FetchResultSet
2018-10-11 01:26:11.653 [uncertain.proc] [FINE] aurora.database.features.CacheBasedLookUpField.postFetchResultSet
2018-10-11 01:26:11.653 [aurora.database] [CONFIG] 
============= BEGIN [query] SQL Statement execution dump ============
SELECT f.service_id,f.service_name,f.is_entry_page,f.is_access_checked,f.is_login_required,f.is_system_access,? AS language,(select d.description_text from fnd_descriptions d where d.description_id = f.title_id and d.language = ?) AS title,f.title_id,f.weixin_flag
FROM sys_service f
WHERE f.service_name = ?
ORDER BY service_name
---------------------Binding info---------------------
No.1	Access path:/session/@lang	Data type of passed value :java.lang.String	Value:ZHS	Output:false	Database Type:null	
No.2	Access path:/session/@lang	Data type of passed value :java.lang.String	Value:ZHS	Output:false	Database Type:null	
No.3	Access path:@service_name	Data type of passed value :java.lang.String	Value:modules/bgt/public/bgt_journal_readonly_standard.screen	Output:false	Database Type:null	

=============== END [query] SQL Statement execution dump ============

2018-10-11 01:26:11.653 [aurora.presentation.buildsession] [CONFIG] building view: <toolbarButton> -> aurora.presentation.TemplateBasedView@3dda489e
2018-10-11 01:26:11.653 [aurora.presentation.buildsession] [CONFIG] building view: <toolbarButton> -> aurora.presentation.TemplateBasedView@3dda489e
2018-10-11 01:26:11.653 [aurora.presentation.buildsession] [CONFIG] building view: <toolbarButton> -> aurora.presentation.TemplateBasedView@3dda489e
2018-10-11 01:26:11.653 [aurora.presentation.buildsession] [CONFIG] building view: <form> -> aurora.presentation.component.std.Form@9878b84
2018-10-11 01:26:11.654 [aurora.presentation.buildsession] [CONFIG] building view: <box> -> aurora.presentation.component.std.Box@1dbb806d
2018-10-11 01:26:11.654 [aurora.presentation.buildsession] [CONFIG] building view: <textField> -> aurora.presentation.TemplateBasedView@3dda489e
2018-10-11 01:26:11.654 [aurora.presentation.buildsession] [CONFIG] building view: <textField> -> aurora.presentation.TemplateBasedView@3dda489e
2018-10-11 01:26:11.654 [aurora.presentation.buildsession] [CONFIG] building view: <textField> -> aurora.presentation.TemplateBasedView@3dda489e
2018-10-11 01:26:11.654 [aurora.presentation.buildsession] [CONFIG] building view: <numberField> -> aurora.presentation.TemplateBasedView@3dda489e
2018-10-11 01:26:11.654 [aurora.presentation.buildsession] [CONFIG] building view: <textField> -> aurora.presentation.TemplateBasedView@3dda489e
2018-10-11 01:26:11.654 [aurora.presentation.buildsession] [CONFIG] building view: <textField> -> aurora.presentation.TemplateBasedView@3dda489e
2018-10-11 01:26:11.654 [aurora.presentation.buildsession] [CONFIG] building view: <textField> -> aurora.presentation.TemplateBasedView@3dda489e
2018-10-11 01:26:11.654 [aurora.presentation.buildsession] [CONFIG] building view: <numberField> -> aurora.presentation.TemplateBasedView@3dda489e
2018-10-11 01:26:11.654 [aurora.presentation.buildsession] [CONFIG] building view: <textField> -> aurora.presentation.TemplateBasedView@3dda489e
2018-10-11 01:26:11.655 [aurora.presentation.buildsession] [CONFIG] building view: <textField> -> aurora.presentation.TemplateBasedView@3dda489e
2018-10-11 01:26:11.655 [aurora.presentation.buildsession] [CONFIG] building view: <textField> -> aurora.presentation.TemplateBasedView@3dda489e
2018-10-11 01:26:11.655 [aurora.presentation.buildsession] [CONFIG] building view: <textField> -> aurora.presentation.TemplateBasedView@3dda489e
2018-10-11 01:26:11.655 [aurora.presentation.buildsession] [CONFIG] building view: <box> -> aurora.presentation.component.std.Box@60408f32
2018-10-11 01:26:11.655 [aurora.presentation.buildsession] [CONFIG] building view: <textArea> -> aurora.presentation.TemplateBasedView@3dda489e
2018-10-11 01:26:11.655 [aurora.presentation.buildsession] [CONFIG] building view: <grid> -> aurora.presentation.TemplateBasedView@3dda489e
2018-10-11 01:26:11.655 [aurora.presentation.buildsession] [CONFIG] building view: <comboBox> -> aurora.presentation.TemplateBasedView@3dda489e
2018-10-11 01:26:11.656 [aurora.presentation.buildsession] [CONFIG] building view: <textField> -> aurora.presentation.TemplateBasedView@3dda489e
2018-10-11 01:26:11.656 [aurora.presentation.buildsession] [CONFIG] building view: <numberField> -> aurora.presentation.TemplateBasedView@3dda489e
2018-10-11 01:26:11.656 [aurora.presentation.buildsession] [CONFIG] building view: <lov> -> aurora.presentation.TemplateBasedView@3dda489e
2018-10-11 01:26:11.656 [aurora.presentation.buildsession] [CONFIG] building view: <lov> -> aurora.presentation.TemplateBasedView@3dda489e
2018-10-11 01:26:11.656 [aurora.presentation.buildsession] [CONFIG] building view: <script> -> aurora.presentation.DefaultViewBuilder@35f5c5a3
2018-10-11 01:26:11.656 [aurora.presentation.buildsession] [CONFIG] building view: <script> -> aurora.presentation.DefaultViewBuilder@35f5c5a3
2018-10-11 01:26:11.656 [aurora.presentation.buildsession] [CONFIG] End build session
