2018-10-10 06:13:43.218 [aurora.application.session_check] [CONFIG] Session data copied to context
2018-10-10 06:13:43.218 [aurora.application.session_check] [CONFIG] Access check result for modules/expm/EXP1150/exp_dimension_matching.screen => success
2018-10-10 06:13:43.218 [uncertain.proc] [CONFIG] [action] AccessCheck
2018-10-10 06:13:43.245 [uncertain.proc] [CONFIG] [action] InitService
2018-10-10 06:13:43.245 [uncertain.proc] [CONFIG] [action] ParseParameter
2018-10-10 06:13:43.245 [uncertain.proc] [CONFIG] [action] CreateModel
2018-10-10 06:13:43.245 [aurora.database] [CONFIG] ===================================== prepare to run model-query expm.EXP1150.exp_fnd_dimensions==============================
2018-10-10 06:13:43.251 [uncertain.proc] [CONFIG] [action] DecideSqlGenerationMode
2018-10-10 06:13:43.251 [uncertain.proc] [FINE] aurora.database.service.BusinessModelService.onDecideSqlGenerationMode
2018-10-10 06:13:43.251 [uncertain.proc] [CONFIG] [action] CreateOperationSql
2018-10-10 06:13:43.251 [uncertain.proc] [CONFIG] [action] PopulateOperationSql
2018-10-10 06:13:43.251 [uncertain.proc] [FINE] aurora.database.features.OrderByClauseCreator.onPopulateOperationSql
2018-10-10 06:13:43.251 [uncertain.proc] [FINE] aurora.database.features.WhereClauseCreator.onPopulateOperationSql
2018-10-10 06:13:43.251 [uncertain.proc] [CONFIG] [action] ExecuteQuery
2018-10-10 06:13:43.251 [uncertain.proc] [FINE] aurora.bm.QuerySqlCreator.onExecuteQuery
2018-10-10 06:13:43.258 [uncertain.proc] [CONFIG] [action] QueryFinish
2018-10-10 06:13:43.258 [uncertain.proc] [FINE] aurora.database.features.AutoQueryCounter.onQueryFinish
2018-10-10 06:13:43.258 [uncertain.proc] [CONFIG] [action] FetchResultSet
2018-10-10 06:13:43.258 [uncertain.proc] [FINE] aurora.database.features.CacheBasedLookUpField.postFetchResultSet
2018-10-10 06:13:43.258 [aurora.database] [CONFIG] 
============= BEGIN [query] SQL Statement execution dump ============

            select fd.dimension_id,
			       fd.dimension_sequence,
			       fd.dimension_code || decode(fd.description,null,null,'-'||fd.description) dimension_code,
			       fd.system_flag,
			       fd.system_level,
			       fd.company_level
			  from fnd_dimensions_vl fd
			 where fd.enabled_flag = 'Y'
			  
	
---------------------Binding info---------------------
null
=============== END [query] SQL Statement execution dump ============

2018-10-10 06:13:43.258 [aurora.database] [CONFIG] ===================================== prepare to run model-query expm.EXP1150.exp_gld_set_of_books==============================
2018-10-10 06:13:43.284 [uncertain.proc] [CONFIG] [action] DecideSqlGenerationMode
2018-10-10 06:13:43.285 [uncertain.proc] [FINE] aurora.database.service.BusinessModelService.onDecideSqlGenerationMode
2018-10-10 06:13:43.285 [uncertain.proc] [CONFIG] [action] CreateOperationSql
2018-10-10 06:13:43.285 [uncertain.proc] [CONFIG] [action] PopulateOperationSql
2018-10-10 06:13:43.285 [uncertain.proc] [FINE] aurora.database.features.OrderByClauseCreator.onPopulateOperationSql
2018-10-10 06:13:43.285 [uncertain.proc] [FINE] aurora.database.features.WhereClauseCreator.onPopulateOperationSql
2018-10-10 06:13:43.285 [uncertain.proc] [CONFIG] [action] ExecuteQuery
2018-10-10 06:13:43.285 [uncertain.proc] [FINE] aurora.bm.QuerySqlCreator.onExecuteQuery
2018-10-10 06:13:43.290 [uncertain.proc] [CONFIG] [action] QueryFinish
2018-10-10 06:13:43.290 [uncertain.proc] [FINE] aurora.database.features.AutoQueryCounter.onQueryFinish
2018-10-10 06:13:43.290 [uncertain.proc] [CONFIG] [action] FetchResultSet
2018-10-10 06:13:43.290 [uncertain.proc] [FINE] aurora.database.features.CacheBasedLookUpField.postFetchResultSet
2018-10-10 06:13:43.290 [aurora.database] [CONFIG] 
============= BEGIN [query] SQL Statement execution dump ============
 select f.set_of_books_id,
                                                 sob.set_of_books_code,
                                                 sob.set_of_books_name
                                            from fnd_companies f, gld_set_of_books_vl sob
                                           where sob.set_of_books_id = f.set_of_books_id
										     and f.company_id =?
---------------------Binding info---------------------
No.1	Access path:/session/@company_id	Data type of passed value :java.lang.Integer	Value:835	Output:false	Database Type:null	

=============== END [query] SQL Statement execution dump ============

2018-10-10 06:13:43.290 [uncertain.proc] [CONFIG] [action] CreateView
2018-10-10 06:13:43.290 [uncertain.proc] [CONFIG] [action] BuildOutputContent
2018-10-10 06:13:43.290 [aurora.presentation.buildsession] [CONFIG] Start build session
2018-10-10 06:13:43.290 [aurora.presentation.buildsession] [CONFIG] building view: <html-page> -> aurora.presentation.component.HtmlPage@79f6445b
2018-10-10 06:13:43.291 [aurora.presentation.buildsession] [CONFIG] building view: <div> -> aurora.presentation.DefaultViewBuilder@35f5c5a3
2018-10-10 06:13:43.291 [aurora.presentation.buildsession] [CONFIG] building view: <script> -> aurora.presentation.DefaultViewBuilder@35f5c5a3
2018-10-10 06:13:43.291 [aurora.presentation.buildsession] [CONFIG] building view: <dataSets> -> aurora.application.features.DataSetInit@4341cde2
2018-10-10 06:13:43.291 [aurora.presentation.buildsession] [CONFIG] building view: <dataSet> -> aurora.presentation.TemplateBasedView@3dda489e
2018-10-10 06:13:43.291 [aurora.presentation.buildsession] [CONFIG] building view: <dataSet> -> aurora.presentation.TemplateBasedView@3dda489e
2018-10-10 06:13:43.292 [aurora.presentation.buildsession] [CONFIG] building view: <dataSet> -> aurora.presentation.TemplateBasedView@3dda489e
2018-10-10 06:13:43.296 [aurora.presentation.buildsession] [CONFIG] building view: <dataSet> -> aurora.presentation.TemplateBasedView@3dda489e
2018-10-10 06:13:43.300 [aurora.presentation.buildsession] [CONFIG] building view: <screenBody> -> aurora.presentation.component.std.ScreenBody@4518014c
2018-10-10 06:13:43.300 [aurora.presentation.buildsession] [CONFIG] building view: <screenTopToolbar> -> aurora.presentation.component.std.ScreenTopToolbar@5b35e604
2018-10-10 06:13:43.300 [aurora.presentation.buildsession] [CONFIG] building view: <screenTitle> -> aurora.presentation.component.std.ScreenTitle@102ab5a5
2018-10-10 06:13:43.305 [uncertain.proc] [CONFIG] [action] DecideSqlGenerationMode
2018-10-10 06:13:43.305 [uncertain.proc] [FINE] aurora.database.service.BusinessModelService.onDecideSqlGenerationMode
2018-10-10 06:13:43.305 [uncertain.proc] [CONFIG] [action] CreatequeryStatement
2018-10-10 06:13:43.305 [uncertain.proc] [FINE] aurora.bm.QuerySqlCreator.onCreateQueryStatement
2018-10-10 06:13:43.305 [uncertain.proc] [CONFIG] [action] PopulatequeryStatement
2018-10-10 06:13:43.305 [uncertain.proc] [FINE] aurora.database.features.OrderByClauseCreator.onPopulateQueryStatement
2018-10-10 06:13:43.305 [uncertain.proc] [FINE] aurora.database.features.WhereClauseCreator.onPopulateQueryStatement
2018-10-10 06:13:43.305 [uncertain.proc] [CONFIG] [action] CreatequerySql
2018-10-10 06:13:43.305 [uncertain.proc] [FINE] aurora.bm.QuerySqlCreator.onCreateQuerySql
2018-10-10 06:13:43.305 [uncertain.proc] [CONFIG] [action] ExecuteQuery
2018-10-10 06:13:43.305 [uncertain.proc] [FINE] aurora.bm.QuerySqlCreator.onExecuteQuery
2018-10-10 06:13:43.306 [uncertain.proc] [CONFIG] [action] QueryFinish
2018-10-10 06:13:43.307 [uncertain.proc] [FINE] aurora.database.features.AutoQueryCounter.onQueryFinish
2018-10-10 06:13:43.307 [uncertain.proc] [CONFIG] [action] FetchResultSet
2018-10-10 06:13:43.307 [uncertain.proc] [FINE] aurora.database.features.CacheBasedLookUpField.postFetchResultSet
2018-10-10 06:13:43.307 [aurora.database] [CONFIG] 
============= BEGIN [query] SQL Statement execution dump ============
SELECT f.service_id,f.service_name,f.is_entry_page,f.is_access_checked,f.is_login_required,f.is_system_access,? AS language,(select d.description_text from fnd_descriptions d where d.description_id = f.title_id and d.language = ?) AS title,f.title_id,f.weixin_flag
FROM sys_service f
WHERE f.service_name = ?
ORDER BY service_name
---------------------Binding info---------------------
No.1	Access path:/session/@lang	Data type of passed value :java.lang.String	Value:ZHS	Output:false	Database Type:null	
No.2	Access path:/session/@lang	Data type of passed value :java.lang.String	Value:ZHS	Output:false	Database Type:null	
No.3	Access path:@service_name	Data type of passed value :java.lang.String	Value:modules/expm/EXP1150/exp_dimension_matching.screen	Output:false	Database Type:null	

=============== END [query] SQL Statement execution dump ============

2018-10-10 06:13:43.307 [aurora.presentation.buildsession] [CONFIG] building view: <toolbarButton> -> aurora.presentation.TemplateBasedView@3dda489e
2018-10-10 06:13:43.307 [aurora.presentation.buildsession] [CONFIG] building view: <gridButton> -> aurora.presentation.TemplateBasedView@3dda489e
2018-10-10 06:13:43.307 [aurora.presentation.buildsession] [CONFIG] building view: <gridButton> -> aurora.presentation.TemplateBasedView@3dda489e
2018-10-10 06:13:43.308 [aurora.presentation.buildsession] [CONFIG] building view: <gridButton> -> aurora.presentation.TemplateBasedView@3dda489e
2018-10-10 06:13:43.308 [aurora.presentation.buildsession] [CONFIG] building view: <gridButton> -> aurora.presentation.TemplateBasedView@3dda489e
2018-10-10 06:13:43.309 [aurora.presentation.buildsession] [CONFIG] building view: <queryForm> -> aurora.presentation.component.std.QueryForm@1b0848e5
2018-10-10 06:13:43.309 [aurora.presentation.buildsession] [CONFIG] building view: <hBox> -> aurora.presentation.component.std.HBox@21029ea8
2018-10-10 06:13:43.309 [aurora.presentation.buildsession] [CONFIG] building view: <comboBox> -> aurora.presentation.TemplateBasedView@3dda489e
2018-10-10 06:13:43.309 [aurora.presentation.buildsession] [CONFIG] building view: <toolbarButton> -> aurora.presentation.TemplateBasedView@3dda489e
2018-10-10 06:13:43.309 [aurora.presentation.buildsession] [CONFIG] building view: <grid> -> aurora.presentation.TemplateBasedView@3dda489e
2018-10-10 06:13:43.309 [aurora.presentation.buildsession] [CONFIG] building view: <navBar> -> aurora.presentation.TemplateBasedView@3dda489e
2018-10-10 06:13:43.311 [aurora.presentation.buildsession] [CONFIG] building view: <button> -> aurora.presentation.TemplateBasedView@3dda489e
2018-10-10 06:13:43.312 [aurora.presentation.buildsession] [CONFIG] building view: <button> -> aurora.presentation.TemplateBasedView@3dda489e
2018-10-10 06:13:43.312 [aurora.presentation.buildsession] [CONFIG] building view: <separator> -> aurora.presentation.TemplateBasedView@3dda489e
2018-10-10 06:13:43.312 [aurora.presentation.buildsession] [CONFIG] building view: <div> -> aurora.presentation.DefaultViewBuilder@35f5c5a3
2018-10-10 06:13:43.313 [aurora.presentation.buildsession] [CONFIG] building view: <numberField> -> aurora.presentation.TemplateBasedView@3dda489e
2018-10-10 06:13:43.313 [aurora.presentation.buildsession] [CONFIG] building view: <div> -> aurora.presentation.DefaultViewBuilder@35f5c5a3
2018-10-10 06:13:43.313 [aurora.presentation.buildsession] [CONFIG] building view: <separator> -> aurora.presentation.TemplateBasedView@3dda489e
2018-10-10 06:13:43.313 [aurora.presentation.buildsession] [CONFIG] building view: <button> -> aurora.presentation.TemplateBasedView@3dda489e
2018-10-10 06:13:43.313 [aurora.presentation.buildsession] [CONFIG] building view: <button> -> aurora.presentation.TemplateBasedView@3dda489e
2018-10-10 06:13:43.313 [aurora.presentation.buildsession] [CONFIG] building view: <button> -> aurora.presentation.TemplateBasedView@3dda489e
2018-10-10 06:13:43.314 [aurora.presentation.buildsession] [CONFIG] building view: <separator> -> aurora.presentation.TemplateBasedView@3dda489e
2018-10-10 06:13:43.314 [aurora.presentation.buildsession] [CONFIG] building view: <div> -> aurora.presentation.DefaultViewBuilder@35f5c5a3
2018-10-10 06:13:43.314 [aurora.presentation.buildsession] [CONFIG] building view: <comboBox> -> aurora.presentation.TemplateBasedView@3dda489e
2018-10-10 06:13:43.314 [aurora.presentation.buildsession] [CONFIG] building view: <div> -> aurora.presentation.DefaultViewBuilder@35f5c5a3
2018-10-10 06:13:43.314 [aurora.presentation.buildsession] [CONFIG] building view: <separator> -> aurora.presentation.TemplateBasedView@3dda489e
2018-10-10 06:13:43.314 [aurora.presentation.buildsession] [CONFIG] building view: <div> -> aurora.presentation.DefaultViewBuilder@35f5c5a3
2018-10-10 06:13:43.315 [aurora.presentation.buildsession] [CONFIG] building view: <comboBox> -> aurora.presentation.TemplateBasedView@3dda489e
2018-10-10 06:13:43.315 [aurora.presentation.buildsession] [CONFIG] building view: <checkBox> -> aurora.presentation.TemplateBasedView@3dda489e
2018-10-10 06:13:43.316 [aurora.presentation.buildsession] [CONFIG] building view: <script> -> aurora.presentation.DefaultViewBuilder@35f5c5a3
2018-10-10 06:13:43.316 [aurora.presentation.buildsession] [CONFIG] End build session
