2018-10-18 02:15:59.539 [aurora.application.session_check] [CONFIG] Session data copied to context
2018-10-18 02:15:59.539 [aurora.application.session_check] [CONFIG] Access check result for modules/tax/TAX0002/exp_report_invoice_authentic_query.screen => success
2018-10-18 02:15:59.539 [uncertain.proc] [CONFIG] [action] AccessCheck
2018-10-18 02:15:59.549 [uncertain.proc] [CONFIG] [action] InitService
2018-10-18 02:15:59.549 [uncertain.proc] [CONFIG] [action] ParseParameter
2018-10-18 02:15:59.549 [uncertain.proc] [CONFIG] [action] CreateModel
2018-10-18 02:15:59.549 [aurora.database] [CONFIG] ===================================== prepare to run model-query exp.EXP1330.exp_ygz_usage_types_lov==============================
2018-10-18 02:15:59.556 [uncertain.proc] [CONFIG] [action] DecideSqlGenerationMode
2018-10-18 02:15:59.556 [uncertain.proc] [FINE] aurora.database.service.BusinessModelService.onDecideSqlGenerationMode
2018-10-18 02:15:59.556 [uncertain.proc] [CONFIG] [action] CreatequeryStatement
2018-10-18 02:15:59.556 [uncertain.proc] [FINE] aurora.bm.QuerySqlCreator.onCreateQueryStatement
2018-10-18 02:15:59.556 [uncertain.proc] [CONFIG] [action] PopulatequeryStatement
2018-10-18 02:15:59.556 [uncertain.proc] [FINE] aurora.database.features.OrderByClauseCreator.onPopulateQueryStatement
2018-10-18 02:15:59.556 [uncertain.proc] [FINE] aurora.database.features.WhereClauseCreator.onPopulateQueryStatement
2018-10-18 02:15:59.556 [uncertain.proc] [CONFIG] [action] CreatequerySql
2018-10-18 02:15:59.556 [uncertain.proc] [FINE] aurora.bm.QuerySqlCreator.onCreateQuerySql
2018-10-18 02:15:59.556 [uncertain.proc] [CONFIG] [action] ExecuteQuery
2018-10-18 02:15:59.557 [uncertain.proc] [FINE] aurora.bm.QuerySqlCreator.onExecuteQuery
2018-10-18 02:15:59.558 [uncertain.proc] [CONFIG] [action] QueryFinish
2018-10-18 02:15:59.558 [uncertain.proc] [FINE] aurora.database.features.AutoQueryCounter.onQueryFinish
2018-10-18 02:15:59.558 [uncertain.proc] [CONFIG] [action] FetchResultSet
2018-10-18 02:15:59.558 [uncertain.proc] [FINE] aurora.database.features.CacheBasedLookUpField.postFetchResultSet
2018-10-18 02:15:59.558 [aurora.database] [CONFIG] 
============= BEGIN [query] SQL Statement execution dump ============
SELECT t1.TYPE_ID,t1.TYPE_CODE,t1.TYPE_NAME,t1.DESCRIPTION,t1.ROLL_OUT_PER,t1.ORDER_NUM,t1.VMS_VALUE,t1.ENABLED_FLAG
FROM EXP_YGZ_USAGE_TYPES t1
WHERE enabled_flag='Y'
ORDER BY order_num,type_code,type_name
---------------------Binding info---------------------
null
=============== END [query] SQL Statement execution dump ============

2018-10-18 02:15:59.558 [aurora.database] [CONFIG] ===================================== prepare to run model-query exp.EXP1340.exp_ygz_invoice_types_lov==============================
2018-10-18 02:15:59.563 [uncertain.proc] [CONFIG] [action] DecideSqlGenerationMode
2018-10-18 02:15:59.564 [uncertain.proc] [FINE] aurora.database.service.BusinessModelService.onDecideSqlGenerationMode
2018-10-18 02:15:59.564 [uncertain.proc] [CONFIG] [action] CreatequeryStatement
2018-10-18 02:15:59.564 [uncertain.proc] [FINE] aurora.bm.QuerySqlCreator.onCreateQueryStatement
2018-10-18 02:15:59.564 [uncertain.proc] [CONFIG] [action] PopulatequeryStatement
2018-10-18 02:15:59.564 [uncertain.proc] [FINE] aurora.database.features.OrderByClauseCreator.onPopulateQueryStatement
2018-10-18 02:15:59.564 [uncertain.proc] [FINE] aurora.database.features.WhereClauseCreator.onPopulateQueryStatement
2018-10-18 02:15:59.564 [uncertain.proc] [CONFIG] [action] CreatequerySql
2018-10-18 02:15:59.564 [uncertain.proc] [FINE] aurora.bm.QuerySqlCreator.onCreateQuerySql
2018-10-18 02:15:59.564 [uncertain.proc] [CONFIG] [action] ExecuteQuery
2018-10-18 02:15:59.564 [uncertain.proc] [FINE] aurora.bm.QuerySqlCreator.onExecuteQuery
2018-10-18 02:15:59.565 [uncertain.proc] [CONFIG] [action] QueryFinish
2018-10-18 02:15:59.565 [uncertain.proc] [FINE] aurora.database.features.AutoQueryCounter.onQueryFinish
2018-10-18 02:15:59.565 [uncertain.proc] [CONFIG] [action] FetchResultSet
2018-10-18 02:15:59.565 [uncertain.proc] [FINE] aurora.database.features.CacheBasedLookUpField.postFetchResultSet
2018-10-18 02:15:59.565 [aurora.database] [CONFIG] 
============= BEGIN [query] SQL Statement execution dump ============
SELECT t1.TYPE_ID,t1.TYPE_CODE,t1.TYPE_NAME,t1.INVOICE_NUMBER_DIGIT,t1.INVOICE_CODE_DIGIT,t1.SPECIAL_INVOICE,t1.DEFAULT_INVOICE_STATUS,t1.POST_VAT_PLATFORM,t1.VMS_VALUE,t1.EINVOICE_FLAG,t1.ENABLED_FLAG
FROM EXP_YGZ_INVOICE_TYPES t1
WHERE enabled_flag = 'Y'
ORDER BY type_code
---------------------Binding info---------------------
null
=============== END [query] SQL Statement execution dump ============

2018-10-18 02:15:59.565 [aurora.database] [CONFIG] ===================================== prepare to run model-query tax.TAX2000.exp_report_invoice_status_50==============================
2018-10-18 02:15:59.569 [uncertain.proc] [CONFIG] [action] DecideSqlGenerationMode
2018-10-18 02:15:59.569 [uncertain.proc] [FINE] aurora.database.service.BusinessModelService.onDecideSqlGenerationMode
2018-10-18 02:15:59.569 [uncertain.proc] [CONFIG] [action] CreateOperationSql
2018-10-18 02:15:59.569 [uncertain.proc] [CONFIG] [action] PopulateOperationSql
2018-10-18 02:15:59.569 [uncertain.proc] [FINE] aurora.database.features.OrderByClauseCreator.onPopulateOperationSql
2018-10-18 02:15:59.569 [uncertain.proc] [FINE] aurora.database.features.WhereClauseCreator.onPopulateOperationSql
2018-10-18 02:15:59.569 [uncertain.proc] [CONFIG] [action] ExecuteQuery
2018-10-18 02:15:59.569 [uncertain.proc] [FINE] aurora.bm.QuerySqlCreator.onExecuteQuery
2018-10-18 02:15:59.577 [uncertain.proc] [CONFIG] [action] QueryFinish
2018-10-18 02:15:59.577 [uncertain.proc] [FINE] aurora.database.features.AutoQueryCounter.onQueryFinish
2018-10-18 02:15:59.577 [uncertain.proc] [CONFIG] [action] FetchResultSet
2018-10-18 02:15:59.577 [uncertain.proc] [FINE] aurora.database.features.CacheBasedLookUpField.postFetchResultSet
2018-10-18 02:15:59.577 [aurora.database] [CONFIG] 
============= BEGIN [query] SQL Statement execution dump ============

           select l.exp_report_line_id
                from exp_report_lines l,exp_report_headers h
               WHERE
                    l.invoice_status = '50'
                    and l.exp_report_header_id = h.exp_report_header_id
                    and h.company_id = ?
            
---------------------Binding info---------------------
No.1	Access path:/session/@company_id	Data type of passed value :java.lang.String	Value:835	Output:false	Database Type:null	

=============== END [query] SQL Statement execution dump ============

2018-10-18 02:15:59.577 [aurora.database] [CONFIG] ===================================== prepare to run model-query tax.TAX2000.exp_report_invoice_warning==============================
2018-10-18 02:15:59.583 [uncertain.proc] [CONFIG] [action] DecideSqlGenerationMode
2018-10-18 02:15:59.583 [uncertain.proc] [FINE] aurora.database.service.BusinessModelService.onDecideSqlGenerationMode
2018-10-18 02:15:59.584 [uncertain.proc] [CONFIG] [action] CreateOperationSql
2018-10-18 02:15:59.584 [uncertain.proc] [CONFIG] [action] PopulateOperationSql
2018-10-18 02:15:59.584 [uncertain.proc] [FINE] aurora.database.features.OrderByClauseCreator.onPopulateOperationSql
2018-10-18 02:15:59.584 [uncertain.proc] [FINE] aurora.database.features.WhereClauseCreator.onPopulateOperationSql
2018-10-18 02:15:59.584 [uncertain.proc] [CONFIG] [action] ExecuteQuery
2018-10-18 02:15:59.584 [uncertain.proc] [FINE] aurora.bm.QuerySqlCreator.onExecuteQuery
2018-10-18 02:15:59.592 [uncertain.proc] [CONFIG] [action] QueryFinish
2018-10-18 02:15:59.592 [uncertain.proc] [FINE] aurora.database.features.AutoQueryCounter.onQueryFinish
2018-10-18 02:15:59.592 [uncertain.proc] [CONFIG] [action] FetchResultSet
2018-10-18 02:15:59.592 [uncertain.proc] [FINE] aurora.database.features.CacheBasedLookUpField.postFetchResultSet
2018-10-18 02:15:59.592 [aurora.database] [CONFIG] 
============= BEGIN [query] SQL Statement execution dump ============

                SELECT
                    *
                FROM
                    (SELECT
                        l.exp_report_line_id ,
                        TRUNC(sysdate - l.invoice_date) day_apart
                    FROM
                        exp_report_lines l,
                        exp_report_headers h
                    WHERE
                        l.exp_report_header_id = h.exp_report_header_id AND
                        h.company_id           = ? AND
                        l.invoice_status      IN (20,50)
                    ) V1  WHERE v1.day_apart >= 60
            
---------------------Binding info---------------------
No.1	Access path:/session/@company_id	Data type of passed value :java.lang.String	Value:835	Output:false	Database Type:null	

=============== END [query] SQL Statement execution dump ============

2018-10-18 02:15:59.592 [aurora.database] [CONFIG] ===================================== prepare to run model-query exp.EXP1350.exp_ygz_input_tax_struc_dtl_lov==============================
2018-10-18 02:15:59.598 [uncertain.proc] [CONFIG] [action] DecideSqlGenerationMode
2018-10-18 02:15:59.598 [uncertain.proc] [FINE] aurora.database.service.BusinessModelService.onDecideSqlGenerationMode
2018-10-18 02:15:59.598 [uncertain.proc] [CONFIG] [action] CreatequeryStatement
2018-10-18 02:15:59.599 [uncertain.proc] [FINE] aurora.bm.QuerySqlCreator.onCreateQueryStatement
2018-10-18 02:15:59.599 [uncertain.proc] [CONFIG] [action] PopulatequeryStatement
2018-10-18 02:15:59.599 [uncertain.proc] [FINE] aurora.database.features.OrderByClauseCreator.onPopulateQueryStatement
2018-10-18 02:15:59.599 [uncertain.proc] [FINE] aurora.database.features.WhereClauseCreator.onPopulateQueryStatement
2018-10-18 02:15:59.599 [uncertain.proc] [CONFIG] [action] CreatequerySql
2018-10-18 02:15:59.599 [uncertain.proc] [FINE] aurora.bm.QuerySqlCreator.onCreateQuerySql
2018-10-18 02:15:59.599 [uncertain.proc] [CONFIG] [action] ExecuteQuery
2018-10-18 02:15:59.599 [uncertain.proc] [FINE] aurora.bm.QuerySqlCreator.onExecuteQuery
2018-10-18 02:15:59.601 [uncertain.proc] [CONFIG] [action] QueryFinish
2018-10-18 02:15:59.601 [uncertain.proc] [FINE] aurora.database.features.AutoQueryCounter.onQueryFinish
2018-10-18 02:15:59.601 [uncertain.proc] [CONFIG] [action] FetchResultSet
2018-10-18 02:15:59.601 [uncertain.proc] [FINE] aurora.database.features.CacheBasedLookUpField.postFetchResultSet
2018-10-18 02:15:59.601 [aurora.database] [CONFIG] 
============= BEGIN [query] SQL Statement execution dump ============
SELECT t1.TYPE_ID,t1.TYPE_CODE,t1.TYPE_NAME,t1.TAX_RATE,tax_rate * 100 AS tax_rate_display,t1.ORDER_NUM,t1.VMS_VALUE,t1.ENABLED_FLAG
FROM EXP_YGZ_INPUT_TAX_STRUC_DTL t1
WHERE enabled_flag = 'Y'
ORDER BY order_num,type_code
---------------------Binding info---------------------
null
=============== END [query] SQL Statement execution dump ============

2018-10-18 02:15:59.601 [uncertain.proc] [CONFIG] [action] CreateView
2018-10-18 02:15:59.601 [uncertain.proc] [CONFIG] [action] BuildOutputContent
2018-10-18 02:15:59.601 [aurora.presentation.buildsession] [CONFIG] Start build session
2018-10-18 02:15:59.601 [aurora.presentation.buildsession] [CONFIG] building view: <html-page> -> aurora.presentation.component.HtmlPage@425dca7e
2018-10-18 02:15:59.603 [aurora.presentation.buildsession] [CONFIG] building view: <link> -> aurora.presentation.TemplateBasedView@3dda489e
2018-10-18 02:15:59.604 [aurora.presentation.buildsession] [CONFIG] building view: <link> -> aurora.presentation.TemplateBasedView@3dda489e
2018-10-18 02:15:59.604 [aurora.presentation.buildsession] [CONFIG] building view: <link> -> aurora.presentation.TemplateBasedView@3dda489e
2018-10-18 02:15:59.604 [aurora.presentation.buildsession] [CONFIG] building view: <link> -> aurora.presentation.TemplateBasedView@3dda489e
2018-10-18 02:15:59.604 [aurora.presentation.buildsession] [CONFIG] building view: <link> -> aurora.presentation.TemplateBasedView@3dda489e
2018-10-18 02:15:59.604 [aurora.presentation.buildsession] [CONFIG] building view: <link> -> aurora.presentation.TemplateBasedView@3dda489e
2018-10-18 02:15:59.604 [aurora.presentation.buildsession] [CONFIG] building view: <link> -> aurora.presentation.TemplateBasedView@3dda489e
2018-10-18 02:15:59.604 [aurora.presentation.buildsession] [CONFIG] building view: <link> -> aurora.presentation.TemplateBasedView@3dda489e
2018-10-18 02:15:59.604 [aurora.presentation.buildsession] [CONFIG] building view: <link> -> aurora.presentation.TemplateBasedView@3dda489e
2018-10-18 02:15:59.605 [aurora.presentation.buildsession] [CONFIG] building view: <script> -> aurora.presentation.DefaultViewBuilder@35f5c5a3
2018-10-18 02:15:59.607 [aurora.presentation.buildsession] [CONFIG] building view: <dataSets> -> aurora.application.features.DataSetInit@51a98dd3
2018-10-18 02:15:59.607 [aurora.presentation.buildsession] [CONFIG] building view: <dataSet> -> aurora.presentation.TemplateBasedView@3dda489e
2018-10-18 02:15:59.607 [aurora.presentation.buildsession] [CONFIG] building view: <dataSet> -> aurora.presentation.TemplateBasedView@3dda489e
2018-10-18 02:15:59.607 [aurora.presentation.buildsession] [CONFIG] building view: <dataSet> -> aurora.presentation.TemplateBasedView@3dda489e
2018-10-18 02:15:59.608 [aurora.presentation.buildsession] [CONFIG] building view: <dataSet> -> aurora.presentation.TemplateBasedView@3dda489e
2018-10-18 02:15:59.608 [aurora.presentation.buildsession] [CONFIG] building view: <dataSet> -> aurora.presentation.TemplateBasedView@3dda489e
2018-10-18 02:15:59.608 [aurora.presentation.buildsession] [CONFIG] building view: <dataSet> -> aurora.presentation.TemplateBasedView@3dda489e
2018-10-18 02:15:59.608 [aurora.presentation.buildsession] [CONFIG] building view: <dataSet> -> aurora.presentation.TemplateBasedView@3dda489e
2018-10-18 02:15:59.612 [aurora.presentation.buildsession] [CONFIG] building view: <dataSet> -> aurora.presentation.TemplateBasedView@3dda489e
2018-10-18 02:15:59.613 [aurora.presentation.buildsession] [CONFIG] building view: <dataSet> -> aurora.presentation.TemplateBasedView@3dda489e
2018-10-18 02:15:59.615 [aurora.presentation.buildsession] [CONFIG] building view: <screenBody> -> aurora.presentation.component.std.ScreenBody@1a0b7b7e
2018-10-18 02:15:59.615 [aurora.presentation.buildsession] [CONFIG] building view: <screenTopToolbar> -> aurora.presentation.component.std.ScreenTopToolbar@36295c7b
2018-10-18 02:15:59.615 [aurora.presentation.buildsession] [CONFIG] building view: <toolbarButton> -> aurora.presentation.TemplateBasedView@3dda489e
2018-10-18 02:15:59.616 [aurora.presentation.buildsession] [CONFIG] building view: <toolbarButton> -> aurora.presentation.TemplateBasedView@3dda489e
2018-10-18 02:15:59.616 [aurora.presentation.buildsession] [CONFIG] building view: <toolbarButton> -> aurora.presentation.TemplateBasedView@3dda489e
2018-10-18 02:15:59.616 [aurora.presentation.buildsession] [CONFIG] building view: <toolbarButton> -> aurora.presentation.TemplateBasedView@3dda489e
2018-10-18 02:15:59.616 [aurora.presentation.buildsession] [CONFIG] building view: <toolbarButton> -> aurora.presentation.TemplateBasedView@3dda489e
2018-10-18 02:15:59.616 [aurora.presentation.buildsession] [CONFIG] building view: <toolbarButton> -> aurora.presentation.TemplateBasedView@3dda489e
2018-10-18 02:15:59.617 [aurora.presentation.buildsession] [CONFIG] building view: <queryForm> -> aurora.presentation.component.std.QueryForm@7f261e8
2018-10-18 02:15:59.618 [aurora.presentation.buildsession] [CONFIG] building view: <hBox> -> aurora.presentation.component.std.HBox@1aa8b3d0
2018-10-18 02:15:59.618 [aurora.presentation.buildsession] [CONFIG] building view: <textField> -> aurora.presentation.TemplateBasedView@3dda489e
2018-10-18 02:15:59.618 [aurora.presentation.buildsession] [CONFIG] building view: <datePicker> -> aurora.presentation.TemplateBasedView@3dda489e
2018-10-18 02:15:59.618 [aurora.presentation.buildsession] [CONFIG] building view: <datePicker> -> aurora.presentation.TemplateBasedView@3dda489e
2018-10-18 02:15:59.618 [aurora.presentation.buildsession] [CONFIG] building view: <comboBox> -> aurora.presentation.TemplateBasedView@3dda489e
2018-10-18 02:15:59.619 [aurora.presentation.buildsession] [CONFIG] building view: <toolbarButton> -> aurora.presentation.TemplateBasedView@3dda489e
2018-10-18 02:15:59.619 [aurora.presentation.buildsession] [CONFIG] building view: <toolbarButton> -> aurora.presentation.TemplateBasedView@3dda489e
2018-10-18 02:15:59.619 [aurora.presentation.buildsession] [CONFIG] building view: <box> -> aurora.presentation.component.std.Box@78f971d5
2018-10-18 02:15:59.619 [aurora.presentation.buildsession] [CONFIG] building view: <textField> -> aurora.presentation.TemplateBasedView@3dda489e
2018-10-18 02:15:59.619 [aurora.presentation.buildsession] [CONFIG] building view: <textField> -> aurora.presentation.TemplateBasedView@3dda489e
2018-10-18 02:15:59.620 [aurora.presentation.buildsession] [CONFIG] building view: <datePicker> -> aurora.presentation.TemplateBasedView@3dda489e
2018-10-18 02:15:59.620 [aurora.presentation.buildsession] [CONFIG] building view: <datePicker> -> aurora.presentation.TemplateBasedView@3dda489e
2018-10-18 02:15:59.620 [aurora.presentation.buildsession] [CONFIG] building view: <numberField> -> aurora.presentation.TemplateBasedView@3dda489e
2018-10-18 02:15:59.621 [aurora.presentation.buildsession] [CONFIG] building view: <numberField> -> aurora.presentation.TemplateBasedView@3dda489e
2018-10-18 02:15:59.621 [aurora.presentation.buildsession] [CONFIG] building view: <numberField> -> aurora.presentation.TemplateBasedView@3dda489e
2018-10-18 02:15:59.621 [aurora.presentation.buildsession] [CONFIG] building view: <numberField> -> aurora.presentation.TemplateBasedView@3dda489e
2018-10-18 02:15:59.622 [aurora.presentation.buildsession] [CONFIG] building view: <textField> -> aurora.presentation.TemplateBasedView@3dda489e
2018-10-18 02:15:59.622 [aurora.presentation.buildsession] [CONFIG] building view: <numberField> -> aurora.presentation.TemplateBasedView@3dda489e
2018-10-18 02:15:59.622 [aurora.presentation.buildsession] [CONFIG] building view: <numberField> -> aurora.presentation.TemplateBasedView@3dda489e
2018-10-18 02:15:59.622 [aurora.presentation.buildsession] [CONFIG] building view: <numberField> -> aurora.presentation.TemplateBasedView@3dda489e
2018-10-18 02:15:59.622 [aurora.presentation.buildsession] [CONFIG] building view: <numberField> -> aurora.presentation.TemplateBasedView@3dda489e
2018-10-18 02:15:59.623 [aurora.presentation.buildsession] [CONFIG] building view: <numberField> -> aurora.presentation.TemplateBasedView@3dda489e
2018-10-18 02:15:59.623 [aurora.presentation.buildsession] [CONFIG] building view: <numberField> -> aurora.presentation.TemplateBasedView@3dda489e
2018-10-18 02:15:59.623 [aurora.presentation.buildsession] [CONFIG] building view: <numberField> -> aurora.presentation.TemplateBasedView@3dda489e
2018-10-18 02:15:59.623 [aurora.presentation.buildsession] [CONFIG] building view: <comboBox> -> aurora.presentation.TemplateBasedView@3dda489e
2018-10-18 02:15:59.623 [aurora.presentation.buildsession] [CONFIG] building view: <comboBox> -> aurora.presentation.TemplateBasedView@3dda489e
2018-10-18 02:15:59.634 [aurora.presentation.buildsession] [CONFIG] building view: <comboBox> -> aurora.presentation.TemplateBasedView@3dda489e
2018-10-18 02:15:59.634 [aurora.presentation.buildsession] [CONFIG] building view: <comboBox> -> aurora.presentation.TemplateBasedView@3dda489e
2018-10-18 02:15:59.634 [aurora.presentation.buildsession] [CONFIG] building view: <numberField> -> aurora.presentation.TemplateBasedView@3dda489e
2018-10-18 02:15:59.634 [aurora.presentation.buildsession] [CONFIG] building view: <numberField> -> aurora.presentation.TemplateBasedView@3dda489e
2018-10-18 02:15:59.635 [aurora.presentation.buildsession] [CONFIG] building view: <comboBox> -> aurora.presentation.TemplateBasedView@3dda489e
2018-10-18 02:15:59.635 [aurora.presentation.buildsession] [CONFIG] building view: <datePicker> -> aurora.presentation.TemplateBasedView@3dda489e
2018-10-18 02:15:59.635 [aurora.presentation.buildsession] [CONFIG] building view: <datePicker> -> aurora.presentation.TemplateBasedView@3dda489e
2018-10-18 02:15:59.635 [aurora.presentation.buildsession] [CONFIG] building view: <comboBox> -> aurora.presentation.TemplateBasedView@3dda489e
2018-10-18 02:15:59.636 [aurora.presentation.buildsession] [CONFIG] building view: <datePicker> -> aurora.presentation.TemplateBasedView@3dda489e
2018-10-18 02:15:59.636 [aurora.presentation.buildsession] [CONFIG] building view: <datePicker> -> aurora.presentation.TemplateBasedView@3dda489e
2018-10-18 02:15:59.636 [aurora.presentation.buildsession] [CONFIG] building view: <textField> -> aurora.presentation.TemplateBasedView@3dda489e
2018-10-18 02:15:59.636 [aurora.presentation.buildsession] [CONFIG] building view: <comboBox> -> aurora.presentation.TemplateBasedView@3dda489e
2018-10-18 02:15:59.636 [aurora.presentation.buildsession] [CONFIG] building view: <dateTimePicker> -> aurora.presentation.TemplateBasedView@3dda489e
2018-10-18 02:15:59.637 [aurora.presentation.buildsession] [CONFIG] building view: <dateTimePicker> -> aurora.presentation.TemplateBasedView@3dda489e
2018-10-18 02:15:59.637 [aurora.presentation.buildsession] [CONFIG] building view: <grid> -> aurora.presentation.TemplateBasedView@3dda489e
2018-10-18 02:15:59.637 [aurora.presentation.buildsession] [CONFIG] building view: <toolBar> -> aurora.presentation.TemplateBasedView@3dda489e
2018-10-18 02:15:59.637 [aurora.presentation.buildsession] [CONFIG] building view: <button> -> aurora.presentation.TemplateBasedView@3dda489e
2018-10-18 02:15:59.638 [aurora.presentation.buildsession] [CONFIG] building view: <navBar> -> aurora.presentation.TemplateBasedView@3dda489e
2018-10-18 02:15:59.640 [aurora.presentation.buildsession] [CONFIG] building view: <button> -> aurora.presentation.TemplateBasedView@3dda489e
2018-10-18 02:15:59.640 [aurora.presentation.buildsession] [CONFIG] building view: <button> -> aurora.presentation.TemplateBasedView@3dda489e
2018-10-18 02:15:59.640 [aurora.presentation.buildsession] [CONFIG] building view: <separator> -> aurora.presentation.TemplateBasedView@3dda489e
2018-10-18 02:15:59.640 [aurora.presentation.buildsession] [CONFIG] building view: <div> -> aurora.presentation.DefaultViewBuilder@35f5c5a3
2018-10-18 02:15:59.641 [aurora.presentation.buildsession] [CONFIG] building view: <numberField> -> aurora.presentation.TemplateBasedView@3dda489e
2018-10-18 02:15:59.641 [aurora.presentation.buildsession] [CONFIG] building view: <div> -> aurora.presentation.DefaultViewBuilder@35f5c5a3
2018-10-18 02:15:59.641 [aurora.presentation.buildsession] [CONFIG] building view: <separator> -> aurora.presentation.TemplateBasedView@3dda489e
2018-10-18 02:15:59.641 [aurora.presentation.buildsession] [CONFIG] building view: <button> -> aurora.presentation.TemplateBasedView@3dda489e
2018-10-18 02:15:59.642 [aurora.presentation.buildsession] [CONFIG] building view: <button> -> aurora.presentation.TemplateBasedView@3dda489e
2018-10-18 02:15:59.642 [aurora.presentation.buildsession] [CONFIG] building view: <button> -> aurora.presentation.TemplateBasedView@3dda489e
2018-10-18 02:15:59.642 [aurora.presentation.buildsession] [CONFIG] building view: <separator> -> aurora.presentation.TemplateBasedView@3dda489e
2018-10-18 02:15:59.642 [aurora.presentation.buildsession] [CONFIG] building view: <div> -> aurora.presentation.DefaultViewBuilder@35f5c5a3
2018-10-18 02:15:59.642 [aurora.presentation.buildsession] [CONFIG] building view: <comboBox> -> aurora.presentation.TemplateBasedView@3dda489e
2018-10-18 02:15:59.643 [aurora.presentation.buildsession] [CONFIG] building view: <div> -> aurora.presentation.DefaultViewBuilder@35f5c5a3
2018-10-18 02:15:59.643 [aurora.presentation.buildsession] [CONFIG] building view: <separator> -> aurora.presentation.TemplateBasedView@3dda489e
2018-10-18 02:15:59.643 [aurora.presentation.buildsession] [CONFIG] building view: <div> -> aurora.presentation.DefaultViewBuilder@35f5c5a3
2018-10-18 02:15:59.645 [aurora.presentation.buildsession] [CONFIG] building view: <comboBox> -> aurora.presentation.TemplateBasedView@3dda489e
2018-10-18 02:15:59.645 [aurora.presentation.buildsession] [CONFIG] building view: <textField> -> aurora.presentation.TemplateBasedView@3dda489e
2018-10-18 02:15:59.645 [aurora.presentation.buildsession] [CONFIG] building view: <numberField> -> aurora.presentation.TemplateBasedView@3dda489e
2018-10-18 02:15:59.657 [aurora.presentation.buildsession] [CONFIG] building view: <script> -> aurora.presentation.DefaultViewBuilder@35f5c5a3
2018-10-18 02:15:59.672 [aurora.presentation.buildsession] [CONFIG] End build session
