2018-10-10 07:11:07.229 [aurora.application.session_check] [CONFIG] Session data copied to context
2018-10-10 07:11:07.229 [aurora.application.session_check] [CONFIG] Access check result for modules/tax/TAX0002/exp_report_invoice_authentic_query.screen => success
2018-10-10 07:11:07.229 [uncertain.proc] [CONFIG] [action] AccessCheck
2018-10-10 07:11:07.235 [uncertain.proc] [CONFIG] [action] InitService
2018-10-10 07:11:07.235 [uncertain.proc] [CONFIG] [action] ParseParameter
2018-10-10 07:11:07.235 [uncertain.proc] [CONFIG] [action] CreateModel
2018-10-10 07:11:07.235 [aurora.database] [CONFIG] ===================================== prepare to run model-query exp.EXP1330.exp_ygz_usage_types_lov==============================
2018-10-10 07:11:07.240 [uncertain.proc] [CONFIG] [action] DecideSqlGenerationMode
2018-10-10 07:11:07.240 [uncertain.proc] [FINE] aurora.database.service.BusinessModelService.onDecideSqlGenerationMode
2018-10-10 07:11:07.240 [uncertain.proc] [CONFIG] [action] CreatequeryStatement
2018-10-10 07:11:07.240 [uncertain.proc] [FINE] aurora.bm.QuerySqlCreator.onCreateQueryStatement
2018-10-10 07:11:07.240 [uncertain.proc] [CONFIG] [action] PopulatequeryStatement
2018-10-10 07:11:07.240 [uncertain.proc] [FINE] aurora.database.features.OrderByClauseCreator.onPopulateQueryStatement
2018-10-10 07:11:07.240 [uncertain.proc] [FINE] aurora.database.features.WhereClauseCreator.onPopulateQueryStatement
2018-10-10 07:11:07.240 [uncertain.proc] [CONFIG] [action] CreatequerySql
2018-10-10 07:11:07.240 [uncertain.proc] [FINE] aurora.bm.QuerySqlCreator.onCreateQuerySql
2018-10-10 07:11:07.240 [uncertain.proc] [CONFIG] [action] ExecuteQuery
2018-10-10 07:11:07.240 [uncertain.proc] [FINE] aurora.bm.QuerySqlCreator.onExecuteQuery
2018-10-10 07:11:07.241 [uncertain.proc] [CONFIG] [action] QueryFinish
2018-10-10 07:11:07.241 [uncertain.proc] [FINE] aurora.database.features.AutoQueryCounter.onQueryFinish
2018-10-10 07:11:07.241 [uncertain.proc] [CONFIG] [action] FetchResultSet
2018-10-10 07:11:07.241 [uncertain.proc] [FINE] aurora.database.features.CacheBasedLookUpField.postFetchResultSet
2018-10-10 07:11:07.241 [aurora.database] [CONFIG] 
============= BEGIN [query] SQL Statement execution dump ============
SELECT t1.TYPE_ID,t1.TYPE_CODE,t1.TYPE_NAME,t1.DESCRIPTION,t1.ROLL_OUT_PER,t1.ORDER_NUM,t1.VMS_VALUE,t1.ENABLED_FLAG
FROM EXP_YGZ_USAGE_TYPES t1
WHERE enabled_flag='Y'
ORDER BY order_num,type_code,type_name
---------------------Binding info---------------------
null
=============== END [query] SQL Statement execution dump ============

2018-10-10 07:11:07.241 [aurora.database] [CONFIG] ===================================== prepare to run model-query exp.EXP1340.exp_ygz_invoice_types_lov==============================
2018-10-10 07:11:07.244 [uncertain.proc] [CONFIG] [action] DecideSqlGenerationMode
2018-10-10 07:11:07.244 [uncertain.proc] [FINE] aurora.database.service.BusinessModelService.onDecideSqlGenerationMode
2018-10-10 07:11:07.244 [uncertain.proc] [CONFIG] [action] CreatequeryStatement
2018-10-10 07:11:07.244 [uncertain.proc] [FINE] aurora.bm.QuerySqlCreator.onCreateQueryStatement
2018-10-10 07:11:07.244 [uncertain.proc] [CONFIG] [action] PopulatequeryStatement
2018-10-10 07:11:07.244 [uncertain.proc] [FINE] aurora.database.features.OrderByClauseCreator.onPopulateQueryStatement
2018-10-10 07:11:07.244 [uncertain.proc] [FINE] aurora.database.features.WhereClauseCreator.onPopulateQueryStatement
2018-10-10 07:11:07.244 [uncertain.proc] [CONFIG] [action] CreatequerySql
2018-10-10 07:11:07.244 [uncertain.proc] [FINE] aurora.bm.QuerySqlCreator.onCreateQuerySql
2018-10-10 07:11:07.244 [uncertain.proc] [CONFIG] [action] ExecuteQuery
2018-10-10 07:11:07.244 [uncertain.proc] [FINE] aurora.bm.QuerySqlCreator.onExecuteQuery
2018-10-10 07:11:07.244 [uncertain.proc] [CONFIG] [action] QueryFinish
2018-10-10 07:11:07.244 [uncertain.proc] [FINE] aurora.database.features.AutoQueryCounter.onQueryFinish
2018-10-10 07:11:07.244 [uncertain.proc] [CONFIG] [action] FetchResultSet
2018-10-10 07:11:07.244 [uncertain.proc] [FINE] aurora.database.features.CacheBasedLookUpField.postFetchResultSet
2018-10-10 07:11:07.245 [aurora.database] [CONFIG] 
============= BEGIN [query] SQL Statement execution dump ============
SELECT t1.TYPE_ID,t1.TYPE_CODE,t1.TYPE_NAME,t1.INVOICE_NUMBER_DIGIT,t1.INVOICE_CODE_DIGIT,t1.SPECIAL_INVOICE,t1.DEFAULT_INVOICE_STATUS,t1.POST_VAT_PLATFORM,t1.VMS_VALUE,t1.EINVOICE_FLAG,t1.ENABLED_FLAG
FROM EXP_YGZ_INVOICE_TYPES t1
WHERE enabled_flag = 'Y'
ORDER BY type_code
---------------------Binding info---------------------
null
=============== END [query] SQL Statement execution dump ============

2018-10-10 07:11:07.245 [aurora.database] [CONFIG] ===================================== prepare to run model-query tax.TAX2000.exp_report_invoice_status_50==============================
2018-10-10 07:11:07.247 [uncertain.proc] [CONFIG] [action] DecideSqlGenerationMode
2018-10-10 07:11:07.247 [uncertain.proc] [FINE] aurora.database.service.BusinessModelService.onDecideSqlGenerationMode
2018-10-10 07:11:07.247 [uncertain.proc] [CONFIG] [action] CreateOperationSql
2018-10-10 07:11:07.247 [uncertain.proc] [CONFIG] [action] PopulateOperationSql
2018-10-10 07:11:07.247 [uncertain.proc] [FINE] aurora.database.features.OrderByClauseCreator.onPopulateOperationSql
2018-10-10 07:11:07.247 [uncertain.proc] [FINE] aurora.database.features.WhereClauseCreator.onPopulateOperationSql
2018-10-10 07:11:07.247 [uncertain.proc] [CONFIG] [action] ExecuteQuery
2018-10-10 07:11:07.247 [uncertain.proc] [FINE] aurora.bm.QuerySqlCreator.onExecuteQuery
2018-10-10 07:11:07.252 [uncertain.proc] [CONFIG] [action] QueryFinish
2018-10-10 07:11:07.252 [uncertain.proc] [FINE] aurora.database.features.AutoQueryCounter.onQueryFinish
2018-10-10 07:11:07.252 [uncertain.proc] [CONFIG] [action] FetchResultSet
2018-10-10 07:11:07.252 [uncertain.proc] [FINE] aurora.database.features.CacheBasedLookUpField.postFetchResultSet
2018-10-10 07:11:07.252 [aurora.database] [CONFIG] 
============= BEGIN [query] SQL Statement execution dump ============

           select l.exp_report_line_id
                from exp_report_lines l,exp_report_headers h
               WHERE
                    l.invoice_status = '50'
                    and l.exp_report_header_id = h.exp_report_header_id
                    and h.company_id = ?
            
---------------------Binding info---------------------
No.1	Access path:/session/@company_id	Data type of passed value :java.lang.Integer	Value:835	Output:false	Database Type:null	

=============== END [query] SQL Statement execution dump ============

2018-10-10 07:11:07.252 [aurora.database] [CONFIG] ===================================== prepare to run model-query tax.TAX2000.exp_report_invoice_warning==============================
2018-10-10 07:11:07.255 [uncertain.proc] [CONFIG] [action] DecideSqlGenerationMode
2018-10-10 07:11:07.255 [uncertain.proc] [FINE] aurora.database.service.BusinessModelService.onDecideSqlGenerationMode
2018-10-10 07:11:07.255 [uncertain.proc] [CONFIG] [action] CreateOperationSql
2018-10-10 07:11:07.255 [uncertain.proc] [CONFIG] [action] PopulateOperationSql
2018-10-10 07:11:07.255 [uncertain.proc] [FINE] aurora.database.features.OrderByClauseCreator.onPopulateOperationSql
2018-10-10 07:11:07.255 [uncertain.proc] [FINE] aurora.database.features.WhereClauseCreator.onPopulateOperationSql
2018-10-10 07:11:07.255 [uncertain.proc] [CONFIG] [action] ExecuteQuery
2018-10-10 07:11:07.255 [uncertain.proc] [FINE] aurora.bm.QuerySqlCreator.onExecuteQuery
2018-10-10 07:11:07.261 [uncertain.proc] [CONFIG] [action] QueryFinish
2018-10-10 07:11:07.261 [uncertain.proc] [FINE] aurora.database.features.AutoQueryCounter.onQueryFinish
2018-10-10 07:11:07.261 [uncertain.proc] [CONFIG] [action] FetchResultSet
2018-10-10 07:11:07.261 [uncertain.proc] [FINE] aurora.database.features.CacheBasedLookUpField.postFetchResultSet
2018-10-10 07:11:07.261 [aurora.database] [CONFIG] 
============= BEGIN [query] SQL Statement execution dump ============

                SELECT
                    *
                FROM
                    (SELECT
                        l.exp_report_line_id ,
                        TRUNC(sysdate - l.invoice_date) day_apart
                    FROM
                        exp_report_lines l,
                        exp_report_headers h
                    WHERE
                        l.exp_report_header_id = h.exp_report_header_id AND
                        h.company_id           = ? AND
                        l.invoice_status      IN (20,50)
                    ) V1  WHERE v1.day_apart >= 60
            
---------------------Binding info---------------------
No.1	Access path:/session/@company_id	Data type of passed value :java.lang.Integer	Value:835	Output:false	Database Type:null	

=============== END [query] SQL Statement execution dump ============

2018-10-10 07:11:07.261 [aurora.database] [CONFIG] ===================================== prepare to run model-query exp.EXP1350.exp_ygz_input_tax_struc_dtl_lov==============================
2018-10-10 07:11:07.265 [uncertain.proc] [CONFIG] [action] DecideSqlGenerationMode
2018-10-10 07:11:07.265 [uncertain.proc] [FINE] aurora.database.service.BusinessModelService.onDecideSqlGenerationMode
2018-10-10 07:11:07.265 [uncertain.proc] [CONFIG] [action] CreatequeryStatement
2018-10-10 07:11:07.265 [uncertain.proc] [FINE] aurora.bm.QuerySqlCreator.onCreateQueryStatement
2018-10-10 07:11:07.265 [uncertain.proc] [CONFIG] [action] PopulatequeryStatement
2018-10-10 07:11:07.265 [uncertain.proc] [FINE] aurora.database.features.OrderByClauseCreator.onPopulateQueryStatement
2018-10-10 07:11:07.265 [uncertain.proc] [FINE] aurora.database.features.WhereClauseCreator.onPopulateQueryStatement
2018-10-10 07:11:07.265 [uncertain.proc] [CONFIG] [action] CreatequerySql
2018-10-10 07:11:07.265 [uncertain.proc] [FINE] aurora.bm.QuerySqlCreator.onCreateQuerySql
2018-10-10 07:11:07.265 [uncertain.proc] [CONFIG] [action] ExecuteQuery
2018-10-10 07:11:07.265 [uncertain.proc] [FINE] aurora.bm.QuerySqlCreator.onExecuteQuery
2018-10-10 07:11:07.266 [uncertain.proc] [CONFIG] [action] QueryFinish
2018-10-10 07:11:07.266 [uncertain.proc] [FINE] aurora.database.features.AutoQueryCounter.onQueryFinish
2018-10-10 07:11:07.266 [uncertain.proc] [CONFIG] [action] FetchResultSet
2018-10-10 07:11:07.266 [uncertain.proc] [FINE] aurora.database.features.CacheBasedLookUpField.postFetchResultSet
2018-10-10 07:11:07.266 [aurora.database] [CONFIG] 
============= BEGIN [query] SQL Statement execution dump ============
SELECT t1.TYPE_ID,t1.TYPE_CODE,t1.TYPE_NAME,t1.TAX_RATE,tax_rate * 100 AS tax_rate_display,t1.ORDER_NUM,t1.VMS_VALUE,t1.ENABLED_FLAG
FROM EXP_YGZ_INPUT_TAX_STRUC_DTL t1
WHERE enabled_flag = 'Y'
ORDER BY order_num,type_code
---------------------Binding info---------------------
null
=============== END [query] SQL Statement execution dump ============

2018-10-10 07:11:07.266 [uncertain.proc] [CONFIG] [action] CreateView
2018-10-10 07:11:07.266 [uncertain.proc] [CONFIG] [action] BuildOutputContent
2018-10-10 07:11:07.267 [aurora.presentation.buildsession] [CONFIG] Start build session
2018-10-10 07:11:07.267 [aurora.presentation.buildsession] [CONFIG] building view: <html-page> -> aurora.presentation.component.HtmlPage@29772094
2018-10-10 07:11:07.267 [aurora.presentation.buildsession] [CONFIG] building view: <link> -> aurora.presentation.TemplateBasedView@3dda489e
2018-10-10 07:11:07.267 [aurora.presentation.buildsession] [CONFIG] building view: <link> -> aurora.presentation.TemplateBasedView@3dda489e
2018-10-10 07:11:07.267 [aurora.presentation.buildsession] [CONFIG] building view: <link> -> aurora.presentation.TemplateBasedView@3dda489e
2018-10-10 07:11:07.267 [aurora.presentation.buildsession] [CONFIG] building view: <link> -> aurora.presentation.TemplateBasedView@3dda489e
2018-10-10 07:11:07.267 [aurora.presentation.buildsession] [CONFIG] building view: <link> -> aurora.presentation.TemplateBasedView@3dda489e
2018-10-10 07:11:07.268 [aurora.presentation.buildsession] [CONFIG] building view: <link> -> aurora.presentation.TemplateBasedView@3dda489e
2018-10-10 07:11:07.268 [aurora.presentation.buildsession] [CONFIG] building view: <link> -> aurora.presentation.TemplateBasedView@3dda489e
2018-10-10 07:11:07.268 [aurora.presentation.buildsession] [CONFIG] building view: <link> -> aurora.presentation.TemplateBasedView@3dda489e
2018-10-10 07:11:07.268 [aurora.presentation.buildsession] [CONFIG] building view: <link> -> aurora.presentation.TemplateBasedView@3dda489e
2018-10-10 07:11:07.268 [aurora.presentation.buildsession] [CONFIG] building view: <script> -> aurora.presentation.DefaultViewBuilder@35f5c5a3
2018-10-10 07:11:07.269 [aurora.presentation.buildsession] [CONFIG] building view: <dataSets> -> aurora.application.features.DataSetInit@442195ec
2018-10-10 07:11:07.269 [aurora.presentation.buildsession] [CONFIG] building view: <dataSet> -> aurora.presentation.TemplateBasedView@3dda489e
2018-10-10 07:11:07.269 [aurora.presentation.buildsession] [CONFIG] building view: <dataSet> -> aurora.presentation.TemplateBasedView@3dda489e
2018-10-10 07:11:07.269 [aurora.presentation.buildsession] [CONFIG] building view: <dataSet> -> aurora.presentation.TemplateBasedView@3dda489e
2018-10-10 07:11:07.269 [aurora.presentation.buildsession] [CONFIG] building view: <dataSet> -> aurora.presentation.TemplateBasedView@3dda489e
2018-10-10 07:11:07.269 [aurora.presentation.buildsession] [CONFIG] building view: <dataSet> -> aurora.presentation.TemplateBasedView@3dda489e
2018-10-10 07:11:07.269 [aurora.presentation.buildsession] [CONFIG] building view: <dataSet> -> aurora.presentation.TemplateBasedView@3dda489e
2018-10-10 07:11:07.269 [aurora.presentation.buildsession] [CONFIG] building view: <dataSet> -> aurora.presentation.TemplateBasedView@3dda489e
2018-10-10 07:11:07.272 [aurora.presentation.buildsession] [CONFIG] building view: <dataSet> -> aurora.presentation.TemplateBasedView@3dda489e
2018-10-10 07:11:07.272 [aurora.presentation.buildsession] [CONFIG] building view: <dataSet> -> aurora.presentation.TemplateBasedView@3dda489e
2018-10-10 07:11:07.276 [aurora.presentation.buildsession] [CONFIG] building view: <screenBody> -> aurora.presentation.component.std.ScreenBody@4a4ea84
2018-10-10 07:11:07.277 [aurora.presentation.buildsession] [CONFIG] building view: <screenTopToolbar> -> aurora.presentation.component.std.ScreenTopToolbar@250dfa61
2018-10-10 07:11:07.277 [aurora.presentation.buildsession] [CONFIG] building view: <toolbarButton> -> aurora.presentation.TemplateBasedView@3dda489e
2018-10-10 07:11:07.277 [aurora.presentation.buildsession] [CONFIG] building view: <toolbarButton> -> aurora.presentation.TemplateBasedView@3dda489e
2018-10-10 07:11:07.277 [aurora.presentation.buildsession] [CONFIG] building view: <toolbarButton> -> aurora.presentation.TemplateBasedView@3dda489e
2018-10-10 07:11:07.277 [aurora.presentation.buildsession] [CONFIG] building view: <toolbarButton> -> aurora.presentation.TemplateBasedView@3dda489e
2018-10-10 07:11:07.277 [aurora.presentation.buildsession] [CONFIG] building view: <toolbarButton> -> aurora.presentation.TemplateBasedView@3dda489e
2018-10-10 07:11:07.277 [aurora.presentation.buildsession] [CONFIG] building view: <toolbarButton> -> aurora.presentation.TemplateBasedView@3dda489e
2018-10-10 07:11:07.278 [aurora.presentation.buildsession] [CONFIG] building view: <queryForm> -> aurora.presentation.component.std.QueryForm@6dcb85d9
2018-10-10 07:11:07.278 [aurora.presentation.buildsession] [CONFIG] building view: <hBox> -> aurora.presentation.component.std.HBox@41f85c23
2018-10-10 07:11:07.278 [aurora.presentation.buildsession] [CONFIG] building view: <textField> -> aurora.presentation.TemplateBasedView@3dda489e
2018-10-10 07:11:07.278 [aurora.presentation.buildsession] [CONFIG] building view: <datePicker> -> aurora.presentation.TemplateBasedView@3dda489e
2018-10-10 07:11:07.278 [aurora.presentation.buildsession] [CONFIG] building view: <datePicker> -> aurora.presentation.TemplateBasedView@3dda489e
2018-10-10 07:11:07.279 [aurora.presentation.buildsession] [CONFIG] building view: <comboBox> -> aurora.presentation.TemplateBasedView@3dda489e
2018-10-10 07:11:07.279 [aurora.presentation.buildsession] [CONFIG] building view: <toolbarButton> -> aurora.presentation.TemplateBasedView@3dda489e
2018-10-10 07:11:07.279 [aurora.presentation.buildsession] [CONFIG] building view: <toolbarButton> -> aurora.presentation.TemplateBasedView@3dda489e
2018-10-10 07:11:07.279 [aurora.presentation.buildsession] [CONFIG] building view: <box> -> aurora.presentation.component.std.Box@239119bf
2018-10-10 07:11:07.279 [aurora.presentation.buildsession] [CONFIG] building view: <textField> -> aurora.presentation.TemplateBasedView@3dda489e
2018-10-10 07:11:07.279 [aurora.presentation.buildsession] [CONFIG] building view: <textField> -> aurora.presentation.TemplateBasedView@3dda489e
2018-10-10 07:11:07.279 [aurora.presentation.buildsession] [CONFIG] building view: <datePicker> -> aurora.presentation.TemplateBasedView@3dda489e
2018-10-10 07:11:07.279 [aurora.presentation.buildsession] [CONFIG] building view: <datePicker> -> aurora.presentation.TemplateBasedView@3dda489e
2018-10-10 07:11:07.280 [aurora.presentation.buildsession] [CONFIG] building view: <numberField> -> aurora.presentation.TemplateBasedView@3dda489e
2018-10-10 07:11:07.280 [aurora.presentation.buildsession] [CONFIG] building view: <numberField> -> aurora.presentation.TemplateBasedView@3dda489e
2018-10-10 07:11:07.280 [aurora.presentation.buildsession] [CONFIG] building view: <numberField> -> aurora.presentation.TemplateBasedView@3dda489e
2018-10-10 07:11:07.280 [aurora.presentation.buildsession] [CONFIG] building view: <numberField> -> aurora.presentation.TemplateBasedView@3dda489e
2018-10-10 07:11:07.280 [aurora.presentation.buildsession] [CONFIG] building view: <textField> -> aurora.presentation.TemplateBasedView@3dda489e
2018-10-10 07:11:07.280 [aurora.presentation.buildsession] [CONFIG] building view: <numberField> -> aurora.presentation.TemplateBasedView@3dda489e
2018-10-10 07:11:07.280 [aurora.presentation.buildsession] [CONFIG] building view: <numberField> -> aurora.presentation.TemplateBasedView@3dda489e
2018-10-10 07:11:07.280 [aurora.presentation.buildsession] [CONFIG] building view: <numberField> -> aurora.presentation.TemplateBasedView@3dda489e
2018-10-10 07:11:07.281 [aurora.presentation.buildsession] [CONFIG] building view: <numberField> -> aurora.presentation.TemplateBasedView@3dda489e
2018-10-10 07:11:07.281 [aurora.presentation.buildsession] [CONFIG] building view: <numberField> -> aurora.presentation.TemplateBasedView@3dda489e
2018-10-10 07:11:07.281 [aurora.presentation.buildsession] [CONFIG] building view: <numberField> -> aurora.presentation.TemplateBasedView@3dda489e
2018-10-10 07:11:07.281 [aurora.presentation.buildsession] [CONFIG] building view: <numberField> -> aurora.presentation.TemplateBasedView@3dda489e
2018-10-10 07:11:07.281 [aurora.presentation.buildsession] [CONFIG] building view: <comboBox> -> aurora.presentation.TemplateBasedView@3dda489e
2018-10-10 07:11:07.282 [aurora.presentation.buildsession] [CONFIG] building view: <comboBox> -> aurora.presentation.TemplateBasedView@3dda489e
2018-10-10 07:11:07.282 [aurora.presentation.buildsession] [CONFIG] building view: <comboBox> -> aurora.presentation.TemplateBasedView@3dda489e
2018-10-10 07:11:07.282 [aurora.presentation.buildsession] [CONFIG] building view: <comboBox> -> aurora.presentation.TemplateBasedView@3dda489e
2018-10-10 07:11:07.282 [aurora.presentation.buildsession] [CONFIG] building view: <numberField> -> aurora.presentation.TemplateBasedView@3dda489e
2018-10-10 07:11:07.282 [aurora.presentation.buildsession] [CONFIG] building view: <numberField> -> aurora.presentation.TemplateBasedView@3dda489e
2018-10-10 07:11:07.282 [aurora.presentation.buildsession] [CONFIG] building view: <comboBox> -> aurora.presentation.TemplateBasedView@3dda489e
2018-10-10 07:11:07.283 [aurora.presentation.buildsession] [CONFIG] building view: <datePicker> -> aurora.presentation.TemplateBasedView@3dda489e
2018-10-10 07:11:07.283 [aurora.presentation.buildsession] [CONFIG] building view: <datePicker> -> aurora.presentation.TemplateBasedView@3dda489e
2018-10-10 07:11:07.283 [aurora.presentation.buildsession] [CONFIG] building view: <comboBox> -> aurora.presentation.TemplateBasedView@3dda489e
2018-10-10 07:11:07.283 [aurora.presentation.buildsession] [CONFIG] building view: <datePicker> -> aurora.presentation.TemplateBasedView@3dda489e
2018-10-10 07:11:07.284 [aurora.presentation.buildsession] [CONFIG] building view: <datePicker> -> aurora.presentation.TemplateBasedView@3dda489e
2018-10-10 07:11:07.284 [aurora.presentation.buildsession] [CONFIG] building view: <textField> -> aurora.presentation.TemplateBasedView@3dda489e
2018-10-10 07:11:07.284 [aurora.presentation.buildsession] [CONFIG] building view: <comboBox> -> aurora.presentation.TemplateBasedView@3dda489e
2018-10-10 07:11:07.284 [aurora.presentation.buildsession] [CONFIG] building view: <dateTimePicker> -> aurora.presentation.TemplateBasedView@3dda489e
2018-10-10 07:11:07.284 [aurora.presentation.buildsession] [CONFIG] building view: <dateTimePicker> -> aurora.presentation.TemplateBasedView@3dda489e
2018-10-10 07:11:07.285 [aurora.presentation.buildsession] [CONFIG] building view: <grid> -> aurora.presentation.TemplateBasedView@3dda489e
2018-10-10 07:11:07.285 [aurora.presentation.buildsession] [CONFIG] building view: <toolBar> -> aurora.presentation.TemplateBasedView@3dda489e
2018-10-10 07:11:07.285 [aurora.presentation.buildsession] [CONFIG] building view: <button> -> aurora.presentation.TemplateBasedView@3dda489e
2018-10-10 07:11:07.285 [aurora.presentation.buildsession] [CONFIG] building view: <navBar> -> aurora.presentation.TemplateBasedView@3dda489e
2018-10-10 07:11:07.286 [aurora.presentation.buildsession] [CONFIG] building view: <button> -> aurora.presentation.TemplateBasedView@3dda489e
2018-10-10 07:11:07.287 [aurora.presentation.buildsession] [CONFIG] building view: <button> -> aurora.presentation.TemplateBasedView@3dda489e
2018-10-10 07:11:07.287 [aurora.presentation.buildsession] [CONFIG] building view: <separator> -> aurora.presentation.TemplateBasedView@3dda489e
2018-10-10 07:11:07.287 [aurora.presentation.buildsession] [CONFIG] building view: <div> -> aurora.presentation.DefaultViewBuilder@35f5c5a3
2018-10-10 07:11:07.287 [aurora.presentation.buildsession] [CONFIG] building view: <numberField> -> aurora.presentation.TemplateBasedView@3dda489e
2018-10-10 07:11:07.287 [aurora.presentation.buildsession] [CONFIG] building view: <div> -> aurora.presentation.DefaultViewBuilder@35f5c5a3
2018-10-10 07:11:07.287 [aurora.presentation.buildsession] [CONFIG] building view: <separator> -> aurora.presentation.TemplateBasedView@3dda489e
2018-10-10 07:11:07.287 [aurora.presentation.buildsession] [CONFIG] building view: <button> -> aurora.presentation.TemplateBasedView@3dda489e
2018-10-10 07:11:07.287 [aurora.presentation.buildsession] [CONFIG] building view: <button> -> aurora.presentation.TemplateBasedView@3dda489e
2018-10-10 07:11:07.287 [aurora.presentation.buildsession] [CONFIG] building view: <button> -> aurora.presentation.TemplateBasedView@3dda489e
2018-10-10 07:11:07.287 [aurora.presentation.buildsession] [CONFIG] building view: <separator> -> aurora.presentation.TemplateBasedView@3dda489e
2018-10-10 07:11:07.288 [aurora.presentation.buildsession] [CONFIG] building view: <div> -> aurora.presentation.DefaultViewBuilder@35f5c5a3
2018-10-10 07:11:07.288 [aurora.presentation.buildsession] [CONFIG] building view: <comboBox> -> aurora.presentation.TemplateBasedView@3dda489e
2018-10-10 07:11:07.288 [aurora.presentation.buildsession] [CONFIG] building view: <div> -> aurora.presentation.DefaultViewBuilder@35f5c5a3
2018-10-10 07:11:07.288 [aurora.presentation.buildsession] [CONFIG] building view: <separator> -> aurora.presentation.TemplateBasedView@3dda489e
2018-10-10 07:11:07.288 [aurora.presentation.buildsession] [CONFIG] building view: <div> -> aurora.presentation.DefaultViewBuilder@35f5c5a3
2018-10-10 07:11:07.289 [aurora.presentation.buildsession] [CONFIG] building view: <comboBox> -> aurora.presentation.TemplateBasedView@3dda489e
2018-10-10 07:11:07.289 [aurora.presentation.buildsession] [CONFIG] building view: <textField> -> aurora.presentation.TemplateBasedView@3dda489e
2018-10-10 07:11:07.289 [aurora.presentation.buildsession] [CONFIG] building view: <numberField> -> aurora.presentation.TemplateBasedView@3dda489e
2018-10-10 07:11:07.290 [aurora.presentation.buildsession] [CONFIG] building view: <script> -> aurora.presentation.DefaultViewBuilder@35f5c5a3
2018-10-10 07:11:07.290 [aurora.presentation.buildsession] [CONFIG] End build session
